[I 2023-10-19 09:57:27,837] Trial 1733 finished with value: 0.5088570595519456 and parameters: {'w0': 0.224, 'w1': 0.86, 'w2': 0.101, 'w3': 0.306, 'w4': 0.751, 'w5': 0.875, 'w6': 0.59, 'w7': 0.199, 'w8': 0.8310000000000001, 'max_depth': 9, 'min_child_weight': 20, 'subsample': 0.9000000000000001, 'colsample_bytree': 0.6000000000000001, 'gamma': 0.6000000000000001}. Best is trial 1334 with value: 0.5442704750798081.
[I 2023-10-19 10:01:46,666] Trial 1735 finished with value: 0.5027103447711352 and parameters: {'w0': 0.685, 'w1': 0.853, 'w2': 0.099, 'w3': 0.359, 'w4': 0.7010000000000001, 'w5': 0.883, 'w6': 0.5760000000000001, 'w7': 0.158, 'w8': 0.895, 'max_depth': 9, 'min_child_weight': 20, 'subsample': 0.8, 'colsample_bytree': 0.6000000000000001, 'gamma': 0.6000000000000001}. Best is trial 1334 with value: 0.5442704750798081.
[I 2023-10-19 10:01:48,419] Trial 1736 finished with value: 0.522261818240977 and parameters: {'w0': 0.179, 'w1': 0.848, 'w2': 0.10500000000000001, 'w3': 0.369, 'w4': 0.7030000000000001, 'w5': 0.881, 'w6': 0.5700000000000001, 'w7': 0.16, 'w8': 0.8300000000000001, 'max_depth': 9, 'min_child_weight': 20, 'subsample': 0.8, 'colsample_bytree': 0.6000000000000001, 'gamma': 0.6000000000000001}. Best is trial 1334 with value: 0.5442704750798081.
[I 2023-10-19 10:01:50,700] Trial 1737 finished with value: 0.5238132781510387 and parameters: {'w0': 0.218, 'w1': 0.858, 'w2': 0.10200000000000001, 'w3': 0.307, 'w4': 0.706, 'w5': 0.867, 'w6': 0.583, 'w7': 0.149, 'w8': 0.897, 'max_depth': 9, 'min_child_weight': 20, 'subsample': 0.8, 'colsample_bytree': 0.6000000000000001, 'gamma': 0.6000000000000001}. Best is trial 1334 with value: 0.5442704750798081.
[I 2023-10-19 10:02:05,985] Trial 1734 finished with value: 0.5214354515528371 and parameters: {'w0': 0.223, 'w1': 0.852, 'w2': 0.10300000000000001, 'w3': 0.312, 'w4': 0.7020000000000001, 'w5': 0.885, 'w6': 0.6, 'w7': 0.194, 'w8': 0.9, 'max_depth': 9, 'min_child_weight': 20, 'subsample': 0.8, 'colsample_bytree': 0.6000000000000001, 'gamma': 0.0}. Best is trial 1334 with value: 0.5442704750798081.
[I 2023-10-19 10:02:40,264] Trial 1738 finished with value: 0.5130829738829102 and parameters: {'w0': 0.225, 'w1': 0.86, 'w2': 0.099, 'w3': 0.302, 'w4': 0.756, 'w5': 0.88, 'w6': 0.655, 'w7': 0.194, 'w8': 0.706, 'max_depth': 9, 'min_child_weight': 20, 'subsample': 0.8, 'colsample_bytree': 0.6000000000000001, 'gamma': 0.6000000000000001}. Best is trial 1334 with value: 0.5442704750798081.
[I 2023-10-19 10:03:06,160] Trial 1739 finished with value: 0.5165761566986391 and parameters: {'w0': 0.23, 'w1': 0.855, 'w2': 0.101, 'w3': 0.33, 'w4': 0.75, 'w5': 0.871, 'w6': 0.5720000000000001, 'w7': 0.196, 'w8': 0.834, 'max_depth': 9, 'min_child_weight': 20, 'subsample': 0.8, 'colsample_bytree': 0.6000000000000001, 'gamma': 0.6000000000000001}. Best is trial 1334 with value: 0.5442704750798081.
[I 2023-10-19 10:04:37,307] Trial 1740 finished with value: 0.5221384489333546 and parameters: {'w0': 0.179, 'w1': 0.855, 'w2': 0.10400000000000001, 'w3': 0.317, 'w4': 0.754, 'w5': 0.87, 'w6': 0.589, 'w7': 0.156, 'w8': 0.8320000000000001, 'max_depth': 9, 'min_child_weight': 20, 'subsample': 0.8, 'colsample_bytree': 0.6000000000000001, 'gamma': 0.6000000000000001}. Best is trial 1334 with value: 0.5442704750798081.
[I 2023-10-19 10:04:52,195] Trial 1742 finished with value: 0.5109793314832248 and parameters: {'w0': 0.223, 'w1': 0.853, 'w2': 0.099, 'w3': 0.297, 'w4': 0.753, 'w5': 0.873, 'w6': 0.5730000000000001, 'w7': 0.192, 'w8': 0.834, 'max_depth': 9, 'min_child_weight': 20, 'subsample': 0.9000000000000001, 'colsample_bytree': 0.6000000000000001, 'gamma': 0.6000000000000001}. Best is trial 1334 with value: 0.5442704750798081.
[I 2023-10-19 10:05:56,497] Trial 1741 finished with value: 0.519331137104779 and parameters: {'w0': 0.23, 'w1': 0.857, 'w2': 0.098, 'w3': 0.35100000000000003, 'w4': 0.752, 'w5': 0.87, 'w6': 0.5730000000000001, 'w7': 0.154, 'w8': 0.8280000000000001, 'max_depth': 9, 'min_child_weight': 20, 'subsample': 0.8, 'colsample_bytree': 0.6000000000000001, 'gamma': 0.6000000000000001}. Best is trial 1334 with value: 0.5442704750798081.
[I 2023-10-19 10:07:08,817] Trial 1743 finished with value: 0.5091300855285955 and parameters: {'w0': 0.23, 'w1': 0.851, 'w2': 0.097, 'w3': 0.31, 'w4': 0.752, 'w5': 0.87, 'w6': 0.534, 'w7': 0.19, 'w8': 0.8310000000000001, 'max_depth': 9, 'min_child_weight': 20, 'subsample': 0.8, 'colsample_bytree': 0.6000000000000001, 'gamma': 0.6000000000000001}. Best is trial 1334 with value: 0.5442704750798081.
[I 2023-10-19 10:08:02,707] Trial 1745 finished with value: 0.5095045622146687 and parameters: {'w0': 0.222, 'w1': 0.849, 'w2': 0.098, 'w3': 0.313, 'w4': 0.747, 'w5': 0.886, 'w6': 0.8190000000000001, 'w7': 0.195, 'w8': 0.834, 'max_depth': 6, 'min_child_weight': 18, 'subsample': 0.8, 'colsample_bytree': 0.6000000000000001, 'gamma': 0.6000000000000001}. Best is trial 1334 with value: 0.5442704750798081.
[I 2023-10-19 10:09:07,565] Trial 1744 finished with value: 0.5223232994019489 and parameters: {'w0': 0.227, 'w1': 0.852, 'w2': 0.10300000000000001, 'w3': 0.306, 'w4': 0.752, 'w5': 0.872, 'w6': 0.534, 'w7': 0.153, 'w8': 0.8310000000000001, 'max_depth': 9, 'min_child_weight': 20, 'subsample': 0.8, 'colsample_bytree': 0.6000000000000001, 'gamma': 0.6000000000000001}. Best is trial 1334 with value: 0.5442704750798081.
[I 2023-10-19 10:10:05,674] Trial 1746 finished with value: 0.5219317211846685 and parameters: {'w0': 0.223, 'w1': 0.856, 'w2': 0.10300000000000001, 'w3': 0.307, 'w4': 0.765, 'w5': 0.873, 'w6': 0.5760000000000001, 'w7': 0.153, 'w8': 0.8260000000000001, 'max_depth': 9, 'min_child_weight': 18, 'subsample': 0.8, 'colsample_bytree': 0.6000000000000001, 'gamma': 0.6000000000000001}. Best is trial 1334 with value: 0.5442704750798081.
[I 2023-10-19 10:11:39,366] Trial 1748 finished with value: 0.5251894012449374 and parameters: {'w0': 0.23, 'w1': 0.85, 'w2': 0.111, 'w3': 0.37, 'w4': 0.75, 'w5': 0.919, 'w6': 0.8210000000000001, 'w7': 0.156, 'w8': 0.907, 'max_depth': 9, 'min_child_weight': 20, 'subsample': 0.8, 'colsample_bytree': 0.6000000000000001, 'gamma': 0.6000000000000001}. Best is trial 1334 with value: 0.5442704750798081.
[I 2023-10-19 10:12:18,773] Trial 1747 finished with value: 0.5277299871255885 and parameters: {'w0': 0.23600000000000002, 'w1': 0.849, 'w2': 0.10300000000000001, 'w3': 0.406, 'w4': 0.867, 'w5': 0.527, 'w6': 0.47300000000000003, 'w7': 0.152, 'w8': 0.711, 'max_depth': 9, 'min_child_weight': 20, 'subsample': 0.8, 'colsample_bytree': 0.6000000000000001, 'gamma': 0.0}. Best is trial 1334 with value: 0.5442704750798081.
[I 2023-10-19 10:14:36,082] Trial 1749 finished with value: 0.5218992030108428 and parameters: {'w0': 0.253, 'w1': 0.848, 'w2': 0.485, 'w3': 0.354, 'w4': 0.751, 'w5': 0.924, 'w6': 0.481, 'w7': 0.152, 'w8': 0.881, 'max_depth': 9, 'min_child_weight': 20, 'subsample': 0.8, 'colsample_bytree': 0.6000000000000001, 'gamma': 0.0}. Best is trial 1334 with value: 0.5442704750798081.
[I 2023-10-19 10:18:53,514] Trial 1751 finished with value: 0.5408959690800046 and parameters: {'w0': 0.215, 'w1': 0.854, 'w2': 0.117, 'w3': 0.309, 'w4': 0.86, 'w5': 0.922, 'w6': 0.47400000000000003, 'w7': 0.121, 'w8': 0.914, 'max_depth': 9, 'min_child_weight': 20, 'subsample': 0.9000000000000001, 'colsample_bytree': 0.6000000000000001, 'gamma': 0.0}. Best is trial 1334 with value: 0.5442704750798081.
[I 2023-10-19 10:18:58,215] Trial 1752 finished with value: 0.5331825150670433 and parameters: {'w0': 0.253, 'w1': 0.865, 'w2': 0.11800000000000001, 'w3': 0.301, 'w4': 0.863, 'w5': 0.976, 'w6': 0.47300000000000003, 'w7': 0.147, 'w8': 0.916, 'max_depth': 9, 'min_child_weight': 20, 'subsample': 0.9000000000000001, 'colsample_bytree': 0.6000000000000001, 'gamma': 0.0}. Best is trial 1334 with value: 0.5442704750798081.
[I 2023-10-19 10:18:59,037] Trial 1750 finished with value: 0.53706319234279 and parameters: {'w0': 0.211, 'w1': 0.861, 'w2': 0.11800000000000001, 'w3': 0.338, 'w4': 0.885, 'w5': 0.92, 'w6': 0.47200000000000003, 'w7': 0.149, 'w8': 0.879, 'max_depth': 9, 'min_child_weight': 20, 'subsample': 0.9000000000000001, 'colsample_bytree': 0.6000000000000001, 'gamma': 0.0}. Best is trial 1334 with value: 0.5442704750798081.
[I 2023-10-19 10:19:00,983] Trial 1753 finished with value: 0.5299451962393346 and parameters: {'w0': 0.25, 'w1': 0.868, 'w2': 0.11900000000000001, 'w3': 0.338, 'w4': 0.767, 'w5': 0.921, 'w6': 0.47700000000000004, 'w7': 0.067, 'w8': 0.643, 'max_depth': 9, 'min_child_weight': 20, 'subsample': 0.9000000000000001, 'colsample_bytree': 0.6000000000000001, 'gamma': 0.0}. Best is trial 1334 with value: 0.5442704750798081.
[I 2023-10-19 10:19:28,549] Trial 1758 finished with value: 0.5266090201367813 and parameters: {'w0': 0.199, 'w1': 0.87, 'w2': 0.12000000000000001, 'w3': 0.343, 'w4': 0.861, 'w5': 0.922, 'w6': 0.47600000000000003, 'w7': 0.063, 'w8': 0.641, 'max_depth': 6, 'min_child_weight': 20, 'subsample': 0.9000000000000001, 'colsample_bytree': 0.6000000000000001, 'gamma': 0.0}. Best is trial 1334 with value: 0.5442704750798081.
[I 2023-10-19 10:19:38,662] Trial 1754 finished with value: 0.5345800515489242 and parameters: {'w0': 0.201, 'w1': 0.835, 'w2': 0.12000000000000001, 'w3': 0.34800000000000003, 'w4': 0.869, 'w5': 0.919, 'w6': 0.47800000000000004, 'w7': 0.15, 'w8': 0.914, 'max_depth': 9, 'min_child_weight': 20, 'subsample': 0.9000000000000001, 'colsample_bytree': 0.6000000000000001, 'gamma': 0.0}. Best is trial 1334 with value: 0.5442704750798081.
[I 2023-10-19 10:20:32,684] Trial 1755 finished with value: 0.5235086227749515 and parameters: {'w0': 0.638, 'w1': 0.834, 'w2': 0.124, 'w3': 0.333, 'w4': 0.852, 'w5': 0.928, 'w6': 0.46900000000000003, 'w7': 0.147, 'w8': 0.876, 'max_depth': 9, 'min_child_weight': 20, 'subsample': 0.9000000000000001, 'colsample_bytree': 0.6000000000000001, 'gamma': 0.0}. Best is trial 1334 with value: 0.5442704750798081.
[I 2023-10-19 10:21:06,152] Trial 1756 finished with value: 0.5280772945707449 and parameters: {'w0': 0.253, 'w1': 0.835, 'w2': 0.127, 'w3': 0.34400000000000003, 'w4': 0.855, 'w5': 0.921, 'w6': 0.466, 'w7': 0.061, 'w8': 0.876, 'max_depth': 9, 'min_child_weight': 20, 'subsample': 0.9000000000000001, 'colsample_bytree': 0.6000000000000001, 'gamma': 0.0}. Best is trial 1334 with value: 0.5442704750798081.
[I 2023-10-19 10:21:35,799] Trial 1757 finished with value: 0.5344896315407438 and parameters: {'w0': 0.203, 'w1': 0.91, 'w2': 0.114, 'w3': 0.339, 'w4': 0.882, 'w5': 0.923, 'w6': 0.47400000000000003, 'w7': 0.066, 'w8': 0.916, 'max_depth': 9, 'min_child_weight': 20, 'subsample': 0.9000000000000001, 'colsample_bytree': 0.6000000000000001, 'gamma': 0.0}. Best is trial 1334 with value: 0.5442704750798081.
[I 2023-10-19 10:23:38,986] Trial 1759 finished with value: 0.528086205764486 and parameters: {'w0': 0.2, 'w1': 0.902, 'w2': 0.121, 'w3': 0.293, 'w4': 0.855, 'w5': 0.925, 'w6': 0.467, 'w7': 0.065, 'w8': 0.875, 'max_depth': 9, 'min_child_weight': 20, 'subsample': 0.9000000000000001, 'colsample_bytree': 0.6000000000000001, 'gamma': 0.0}. Best is trial 1334 with value: 0.5442704750798081.
[I 2023-10-19 10:24:51,231] Trial 1760 finished with value: 0.5294460710068444 and parameters: {'w0': 0.201, 'w1': 0.873, 'w2': 0.077, 'w3': 0.333, 'w4': 0.849, 'w5': 0.922, 'w6': 0.47400000000000003, 'w7': 0.12000000000000001, 'w8': 0.912, 'max_depth': 9, 'min_child_weight': 20, 'subsample': 0.9000000000000001, 'colsample_bytree': 0.6000000000000001, 'gamma': 0.0}. Best is trial 1334 with value: 0.5442704750798081.
[I 2023-10-19 10:25:32,313] Trial 1771 finished with value: 0.43750199528472944 and parameters: {'w0': 0.203, 'w1': 0.901, 'w2': 0.038, 'w3': 0.327, 'w4': 0.903, 'w5': 0.23700000000000002, 'w6': 0.48000000000000004, 'w7': 0.12000000000000001, 'w8': 0.883, 'max_depth': 9, 'min_child_weight': 20, 'subsample': 0.9000000000000001, 'colsample_bytree': 0.6000000000000001, 'gamma': 4.2}. Best is trial 1334 with value: 0.5442704750798081.
[I 2023-10-19 10:26:12,691] Trial 1761 finished with value: 0.5307702482411943 and parameters: {'w0': 0.197, 'w1': 0.9, 'w2': 0.122, 'w3': 0.34800000000000003, 'w4': 0.9, 'w5': 0.92, 'w6': 0.47500000000000003, 'w7': 0.065, 'w8': 0.872, 'max_depth': 9, 'min_child_weight': 20, 'subsample': 0.9000000000000001, 'colsample_bytree': 0.9000000000000001, 'gamma': 0.0}. Best is trial 1334 with value: 0.5442704750798081.
[I 2023-10-19 10:26:40,060] Trial 1762 finished with value: 0.5338107578694429 and parameters: {'w0': 0.199, 'w1': 0.898, 'w2': 0.121, 'w3': 0.28600000000000003, 'w4': 0.874, 'w5': 0.921, 'w6': 0.47300000000000003, 'w7': 0.069, 'w8': 0.909, 'max_depth': 9, 'min_child_weight': 20, 'subsample': 0.9000000000000001, 'colsample_bytree': 0.6000000000000001, 'gamma': 0.0}. Best is trial 1334 with value: 0.5442704750798081.
[I 2023-10-19 10:28:07,893] Trial 1763 finished with value: 0.5330222809544839 and parameters: {'w0': 0.201, 'w1': 0.904, 'w2': 0.11800000000000001, 'w3': 0.336, 'w4': 0.86, 'w5': 0.977, 'w6': 0.47300000000000003, 'w7': 0.064, 'w8': 0.877, 'max_depth': 9, 'min_child_weight': 20, 'subsample': 0.9000000000000001, 'colsample_bytree': 0.6000000000000001, 'gamma': 0.0}. Best is trial 1334 with value: 0.5442704750798081.
[I 2023-10-19 10:29:49,397] Trial 1764 finished with value: 0.5285824796357556 and parameters: {'w0': 0.203, 'w1': 0.903, 'w2': 0.13, 'w3': 0.342, 'w4': 0.774, 'w5': 0.978, 'w6': 0.47800000000000004, 'w7': 0.062, 'w8': 0.875, 'max_depth': 9, 'min_child_weight': 18, 'subsample': 0.9000000000000001, 'colsample_bytree': 0.9000000000000001, 'gamma': 0.0}. Best is trial 1334 with value: 0.5442704750798081.
[I 2023-10-19 10:31:22,416] Trial 1765 finished with value: 0.5087986506288024 and parameters: {'w0': 0.199, 'w1': 0.906, 'w2': 0.723, 'w3': 0.302, 'w4': 0.862, 'w5': 0.975, 'w6': 0.47900000000000004, 'w7': 0.07, 'w8': 0.878, 'max_depth': 9, 'min_child_weight': 20, 'subsample': 0.9000000000000001, 'colsample_bytree': 0.6000000000000001, 'gamma': 0.0}. Best is trial 1334 with value: 0.5442704750798081.
[I 2023-10-19 10:34:58,447] Trial 1766 finished with value: 0.5353630320590553 and parameters: {'w0': 0.245, 'w1': 0.901, 'w2': 0.074, 'w3': 0.34800000000000003, 'w4': 0.869, 'w5': 0.916, 'w6': 0.47700000000000004, 'w7': 0.066, 'w8': 0.912, 'max_depth': 9, 'min_child_weight': 20, 'subsample': 0.9000000000000001, 'colsample_bytree': 0.6000000000000001, 'gamma': 0.0}. Best is trial 1334 with value: 0.5442704750798081.
[I 2023-10-19 10:35:02,991] Trial 1768 finished with value: 0.5363396479677786 and parameters: {'w0': 0.198, 'w1': 0.898, 'w2': 0.077, 'w3': 0.353, 'w4': 0.869, 'w5': 0.93, 'w6': 0.47500000000000003, 'w7': 0.061, 'w8': 0.913, 'max_depth': 9, 'min_child_weight': 20, 'subsample': 0.9000000000000001, 'colsample_bytree': 0.6000000000000001, 'gamma': 0.0}. Best is trial 1334 with value: 0.5442704750798081.
[I 2023-10-19 10:35:20,405] Trial 1767 finished with value: 0.5220631214478705 and parameters: {'w0': 0.194, 'w1': 0.901, 'w2': 0.042, 'w3': 0.326, 'w4': 0.85, 'w5': 0.924, 'w6': 0.464, 'w7': 0.067, 'w8': 0.915, 'max_depth': 9, 'min_child_weight': 20, 'subsample': 0.9000000000000001, 'colsample_bytree': 0.9000000000000001, 'gamma': 0.0}. Best is trial 1334 with value: 0.5442704750798081.
[I 2023-10-19 10:36:01,562] Trial 1770 finished with value: 0.5003450541040073 and parameters: {'w0': 0.262, 'w1': 0.897, 'w2': 0.075, 'w3': 0.334, 'w4': 0.876, 'w5': 0.9410000000000001, 'w6': 0.464, 'w7': 0.33, 'w8': 0.91, 'max_depth': 9, 'min_child_weight': 20, 'subsample': 0.9000000000000001, 'colsample_bytree': 0.6000000000000001, 'gamma': 0.0}. Best is trial 1334 with value: 0.5442704750798081.
[I 2023-10-19 10:36:08,721] Trial 1769 finished with value: 0.5154553561460704 and parameters: {'w0': 0.2, 'w1': 0.898, 'w2': 0.725, 'w3': 0.34700000000000003, 'w4': 0.87, 'w5': 0.932, 'w6': 0.467, 'w7': 0.11800000000000001, 'w8': 0.907, 'max_depth': 9, 'min_child_weight': 20, 'subsample': 0.9000000000000001, 'colsample_bytree': 0.6000000000000001, 'gamma': 0.0}. Best is trial 1334 with value: 0.5442704750798081.
[I 2023-10-19 10:36:30,113] Trial 1772 finished with value: 0.508733953868338 and parameters: {'w0': 0.265, 'w1': 0.904, 'w2': 0.046, 'w3': 0.329, 'w4': 0.877, 'w5': 0.934, 'w6': 0.461, 'w7': 0.123, 'w8': 0.909, 'max_depth': 9, 'min_child_weight': 20, 'subsample': 0.9000000000000001, 'colsample_bytree': 0.6000000000000001, 'gamma': 0.2}. Best is trial 1334 with value: 0.5442704750798081.
[I 2023-10-19 10:36:54,798] Trial 1773 finished with value: 0.5300210146658089 and parameters: {'w0': 0.271, 'w1': 0.898, 'w2': 0.079, 'w3': 0.328, 'w4': 0.874, 'w5': 0.975, 'w6': 0.47000000000000003, 'w7': 0.116, 'w8': 0.915, 'max_depth': 9, 'min_child_weight': 20, 'subsample': 0.9000000000000001, 'colsample_bytree': 0.6000000000000001, 'gamma': 0.2}. Best is trial 1334 with value: 0.5442704750798081.
[I 2023-10-19 10:37:44,633] Trial 1774 finished with value: 0.5314061612110714 and parameters: {'w0': 0.262, 'w1': 0.897, 'w2': 0.083, 'w3': 0.297, 'w4': 0.866, 'w5': 0.9390000000000001, 'w6': 0.483, 'w7': 0.114, 'w8': 0.914, 'max_depth': 9, 'min_child_weight': 20, 'subsample': 0.9000000000000001, 'colsample_bytree': 0.6000000000000001, 'gamma': 0.2}. Best is trial 1334 with value: 0.5442704750798081.
[I 2023-10-19 10:40:26,769] Trial 1775 finished with value: 0.5255179408117618 and parameters: {'w0': 0.256, 'w1': 0.896, 'w2': 0.07200000000000001, 'w3': 0.297, 'w4': 0.865, 'w5': 0.9390000000000001, 'w6': 0.488, 'w7': 0.11900000000000001, 'w8': 0.909, 'max_depth': 9, 'min_child_weight': 20, 'subsample': 0.9000000000000001, 'colsample_bytree': 0.9000000000000001, 'gamma': 0.2}. Best is trial 1334 with value: 0.5442704750798081.
[I 2023-10-19 10:40:46,904] Trial 1776 finished with value: 0.5016849057430798 and parameters: {'w0': 0.267, 'w1': 0.898, 'w2': 0.034, 'w3': 0.318, 'w4': 0.889, 'w5': 0.9430000000000001, 'w6': 0.491, 'w7': 0.11800000000000001, 'w8': 0.891, 'max_depth': 9, 'min_child_weight': 20, 'subsample': 0.9000000000000001, 'colsample_bytree': 0.6000000000000001, 'gamma': 0.2}. Best is trial 1334 with value: 0.5442704750798081.
[I 2023-10-19 10:41:43,559] Trial 1777 finished with value: 0.5278287703996728 and parameters: {'w0': 0.276, 'w1': 0.917, 'w2': 0.078, 'w3': 0.294, 'w4': 0.867, 'w5': 0.965, 'w6': 0.429, 'w7': 0.11800000000000001, 'w8': 0.915, 'max_depth': 9, 'min_child_weight': 20, 'subsample': 0.9000000000000001, 'colsample_bytree': 0.6000000000000001, 'gamma': 0.2}. Best is trial 1334 with value: 0.5442704750798081.
[I 2023-10-19 10:42:27,588] Trial 1778 finished with value: 0.5316702672347637 and parameters: {'w0': 0.256, 'w1': 0.919, 'w2': 0.085, 'w3': 0.321, 'w4': 0.884, 'w5': 0.9410000000000001, 'w6': 0.43, 'w7': 0.12000000000000001, 'w8': 0.922, 'max_depth': 9, 'min_child_weight': 20, 'subsample': 0.9000000000000001, 'colsample_bytree': 0.6000000000000001, 'gamma': 0.2}. Best is trial 1334 with value: 0.5442704750798081.
[I 2023-10-19 10:42:46,657] Trial 1779 finished with value: 0.528301316944471 and parameters: {'w0': 0.268, 'w1': 0.918, 'w2': 0.083, 'w3': 0.303, 'w4': 0.732, 'w5': 0.975, 'w6': 0.488, 'w7': 0.10500000000000001, 'w8': 0.918, 'max_depth': 9, 'min_child_weight': 20, 'subsample': 0.9000000000000001, 'colsample_bytree': 0.6000000000000001, 'gamma': 0.2}. Best is trial 1334 with value: 0.5442704750798081.
[I 2023-10-19 10:43:45,347] Trial 1790 finished with value: 0.4762571010133426 and parameters: {'w0': 0.179, 'w1': 0.877, 'w2': 0.078, 'w3': 0.28300000000000003, 'w4': 0.552, 'w5': 0.9470000000000001, 'w6': 0.44, 'w7': 0.106, 'w8': 0.895, 'max_depth': 8, 'min_child_weight': 20, 'subsample': 0.9000000000000001, 'colsample_bytree': 0.6000000000000001, 'gamma': 3.8000000000000003}. Best is trial 1334 with value: 0.5442704750798081.
[I 2023-10-19 10:43:52,652] Trial 1780 finished with value: 0.5277456356633959 and parameters: {'w0': 0.179, 'w1': 0.917, 'w2': 0.07300000000000001, 'w3': 0.301, 'w4': 0.863, 'w5': 0.9410000000000001, 'w6': 0.493, 'w7': 0.116, 'w8': 0.915, 'max_depth': 9, 'min_child_weight': 20, 'subsample': 0.9000000000000001, 'colsample_bytree': 0.6000000000000001, 'gamma': 0.2}. Best is trial 1334 with value: 0.5442704750798081.
[I 2023-10-19 10:44:21,902] Trial 1781 finished with value: 0.5204878036798681 and parameters: {'w0': 0.275, 'w1': 0.921, 'w2': 0.078, 'w3': 0.301, 'w4': 0.89, 'w5': 0.9440000000000001, 'w6': 0.432, 'w7': 0.11900000000000001, 'w8': 0.919, 'max_depth': 9, 'min_child_weight': 20, 'subsample': 0.9000000000000001, 'colsample_bytree': 0.6000000000000001, 'gamma': 0.4}. Best is trial 1334 with value: 0.5442704750798081.
[I 2023-10-19 10:46:47,560] Trial 1792 finished with value: 0.47596457251915436 and parameters: {'w0': 0.178, 'w1': 0.9540000000000001, 'w2': 0.078, 'w3': 0.39, 'w4': 0.848, 'w5': 0.483, 'w6': 0.5, 'w7': 0.107, 'w8': 0.889, 'max_depth': 8, 'min_child_weight': 20, 'subsample': 0.9000000000000001, 'colsample_bytree': 0.6000000000000001, 'gamma': 3.8000000000000003}. Best is trial 1334 with value: 0.5442704750798081.
[I 2023-10-19 10:46:53,024] Trial 1782 finished with value: 0.4962932690082428 and parameters: {'w0': 0.18, 'w1': 0.884, 'w2': 0.068, 'w3': 0.28500000000000003, 'w4': 0.869, 'w5': 0.9410000000000001, 'w6': 0.441, 'w7': 0.332, 'w8': 0.92, 'max_depth': 9, 'min_child_weight': 20, 'subsample': 0.9000000000000001, 'colsample_bytree': 0.6000000000000001, 'gamma': 0.4}. Best is trial 1334 with value: 0.5442704750798081.
[I 2023-10-19 10:48:12,201] Trial 1785 finished with value: 0.5225181342277997 and parameters: {'w0': 0.179, 'w1': 0.921, 'w2': 0.076, 'w3': 0.299, 'w4': 0.903, 'w5': 0.9390000000000001, 'w6': 0.432, 'w7': 0.11900000000000001, 'w8': 0.895, 'max_depth': 8, 'min_child_weight': 20, 'subsample': 0.9000000000000001, 'colsample_bytree': 0.3, 'gamma': 0.4}. Best is trial 1334 with value: 0.5442704750798081.
