[I 2023-10-18 20:05:55,123] Trial 822 finished with value: 0.5113683957168514 and parameters: {'w0': 0.081, 'w1': 0.45, 'w2': 0.074, 'w3': 0.273, 'w4': 0.757, 'w5': 0.765, 'w6': 0.462, 'w7': 0.026000000000000002, 'w8': 0.972, 'max_depth': 10, 'min_child_weight': 20, 'subsample': 0.9000000000000001, 'colsample_bytree': 0.6000000000000001, 'gamma': 0.0}. Best is trial 796 with value: 0.5427258797393881.
[I 2023-10-18 20:06:03,581] Trial 820 finished with value: 0.5319157692137635 and parameters: {'w0': 0.078, 'w1': 0.426, 'w2': 0.075, 'w3': 0.126, 'w4': 0.756, 'w5': 0.771, 'w6': 0.554, 'w7': 0.064, 'w8': 0.973, 'max_depth': 10, 'min_child_weight': 20, 'subsample': 0.9000000000000001, 'colsample_bytree': 0.6000000000000001, 'gamma': 0.0}. Best is trial 796 with value: 0.5427258797393881.
[I 2023-10-18 20:06:17,579] Trial 821 finished with value: 0.5369705253634266 and parameters: {'w0': 0.10500000000000001, 'w1': 0.495, 'w2': 0.081, 'w3': 0.269, 'w4': 0.761, 'w5': 0.759, 'w6': 0.5750000000000001, 'w7': 0.063, 'w8': 1.0, 'max_depth': 10, 'min_child_weight': 20, 'subsample': 0.9000000000000001, 'colsample_bytree': 0.6000000000000001, 'gamma': 0.0}. Best is trial 796 with value: 0.5427258797393881.
[I 2023-10-18 20:06:41,044] Trial 824 finished with value: 0.5160907574850362 and parameters: {'w0': 0.061, 'w1': 0.492, 'w2': 0.079, 'w3': 0.184, 'w4': 0.793, 'w5': 0.762, 'w6': 0.516, 'w7': 0.035, 'w8': 0.9380000000000001, 'max_depth': 10, 'min_child_weight': 20, 'subsample': 0.9000000000000001, 'colsample_bytree': 0.6000000000000001, 'gamma': 0.0}. Best is trial 796 with value: 0.5427258797393881.
[I 2023-10-18 20:06:42,250] Trial 823 finished with value: 0.5181231098329669 and parameters: {'w0': 0.082, 'w1': 0.9430000000000001, 'w2': 0.075, 'w3': 0.193, 'w4': 0.758, 'w5': 0.76, 'w6': 0.556, 'w7': 0.031, 'w8': 0.978, 'max_depth': 10, 'min_child_weight': 20, 'subsample': 0.9000000000000001, 'colsample_bytree': 0.6000000000000001, 'gamma': 0.0}. Best is trial 796 with value: 0.5427258797393881.
[I 2023-10-18 20:07:21,089] Trial 825 finished with value: 0.5166582091427786 and parameters: {'w0': 0.07300000000000001, 'w1': 0.452, 'w2': 0.076, 'w3': 0.198, 'w4': 0.791, 'w5': 0.762, 'w6': 0.543, 'w7': 0.033, 'w8': 0.972, 'max_depth': 10, 'min_child_weight': 20, 'subsample': 0.9000000000000001, 'colsample_bytree': 0.6000000000000001, 'gamma': 0.0}. Best is trial 796 with value: 0.5427258797393881.
[I 2023-10-18 20:08:15,611] Trial 826 finished with value: 0.5139974292287711 and parameters: {'w0': 0.07200000000000001, 'w1': 0.9450000000000001, 'w2': 0.037000000000000005, 'w3': 0.198, 'w4': 0.791, 'w5': 0.761, 'w6': 0.5750000000000001, 'w7': 0.063, 'w8': 0.971, 'max_depth': 10, 'min_child_weight': 20, 'subsample': 0.9000000000000001, 'colsample_bytree': 0.6000000000000001, 'gamma': 0.0}. Best is trial 796 with value: 0.5427258797393881.
[I 2023-10-18 20:08:24,852] Trial 827 finished with value: 0.5339925892988141 and parameters: {'w0': 0.075, 'w1': 0.485, 'w2': 0.07300000000000001, 'w3': 0.184, 'w4': 0.786, 'w5': 0.767, 'w6': 0.53, 'w7': 0.062, 'w8': 0.966, 'max_depth': 10, 'min_child_weight': 20, 'subsample': 0.9000000000000001, 'colsample_bytree': 0.6000000000000001, 'gamma': 0.0}. Best is trial 796 with value: 0.5427258797393881.
[I 2023-10-18 20:08:57,109] Trial 828 finished with value: 0.5330551995171915 and parameters: {'w0': 0.082, 'w1': 0.446, 'w2': 0.077, 'w3': 0.18, 'w4': 0.792, 'w5': 0.761, 'w6': 0.531, 'w7': 0.065, 'w8': 0.969, 'max_depth': 10, 'min_child_weight': 20, 'subsample': 0.9000000000000001, 'colsample_bytree': 0.6000000000000001, 'gamma': 0.0}. Best is trial 796 with value: 0.5427258797393881.
[I 2023-10-18 20:09:37,881] Trial 830 finished with value: 0.5031332346161358 and parameters: {'w0': 0.09, 'w1': 0.445, 'w2': 0.078, 'w3': 0.195, 'w4': 0.741, 'w5': 0.77, 'w6': 0.555, 'w7': 0.021, 'w8': 0.967, 'max_depth': 10, 'min_child_weight': 20, 'subsample': 0.9000000000000001, 'colsample_bytree': 0.6000000000000001, 'gamma': 0.2}. Best is trial 796 with value: 0.5427258797393881.
[I 2023-10-18 20:10:40,076] Trial 829 finished with value: 0.532643034006766 and parameters: {'w0': 0.081, 'w1': 0.47700000000000004, 'w2': 0.074, 'w3': 0.183, 'w4': 0.785, 'w5': 0.741, 'w6': 0.655, 'w7': 0.074, 'w8': 0.937, 'max_depth': 10, 'min_child_weight': 20, 'subsample': 0.9000000000000001, 'colsample_bytree': 0.6000000000000001, 'gamma': 0.0}. Best is trial 796 with value: 0.5427258797393881.
[I 2023-10-18 20:11:35,259] Trial 831 finished with value: 0.5088800634182575 and parameters: {'w0': 0.079, 'w1': 0.912, 'w2': 0.031, 'w3': 0.186, 'w4': 0.787, 'w5': 0.9550000000000001, 'w6': 0.561, 'w7': 0.074, 'w8': 0.9380000000000001, 'max_depth': 10, 'min_child_weight': 20, 'subsample': 0.9000000000000001, 'colsample_bytree': 0.6000000000000001, 'gamma': 0.0}. Best is trial 796 with value: 0.5427258797393881.
[I 2023-10-18 20:12:32,275] Trial 832 finished with value: 0.5070751709550634 and parameters: {'w0': 0.093, 'w1': 0.451, 'w2': 0.074, 'w3': 0.185, 'w4': 0.788, 'w5': 0.967, 'w6': 0.464, 'w7': 0.026000000000000002, 'w8': 0.936, 'max_depth': 10, 'min_child_weight': 20, 'subsample': 0.9000000000000001, 'colsample_bytree': 0.6000000000000001, 'gamma': 0.0}. Best is trial 796 with value: 0.5427258797393881.
[I 2023-10-18 20:14:06,285] Trial 833 finished with value: 0.5193634004968015 and parameters: {'w0': 0.092, 'w1': 0.443, 'w2': 0.09, 'w3': 0.195, 'w4': 0.789, 'w5': 0.964, 'w6': 0.483, 'w7': 0.037000000000000005, 'w8': 0.965, 'max_depth': 10, 'min_child_weight': 20, 'subsample': 0.9000000000000001, 'colsample_bytree': 0.6000000000000001, 'gamma': 0.0}. Best is trial 796 with value: 0.5427258797393881.
[I 2023-10-18 20:16:06,261] Trial 834 finished with value: 0.5260735258274888 and parameters: {'w0': 0.08700000000000001, 'w1': 0.47800000000000004, 'w2': 0.07100000000000001, 'w3': 0.186, 'w4': 0.785, 'w5': 0.734, 'w6': 0.509, 'w7': 0.041, 'w8': 0.936, 'max_depth': 10, 'min_child_weight': 20, 'subsample': 0.9000000000000001, 'colsample_bytree': 0.6000000000000001, 'gamma': 0.0}. Best is trial 796 with value: 0.5427258797393881.
[I 2023-10-18 20:21:23,471] Trial 835 finished with value: 0.5033890661394909 and parameters: {'w0': 0.024, 'w1': 0.912, 'w2': 0.074, 'w3': 0.192, 'w4': 0.748, 'w5': 0.768, 'w6': 0.551, 'w7': 0.053000000000000005, 'w8': 0.936, 'max_depth': 10, 'min_child_weight': 20, 'subsample': 0.9000000000000001, 'colsample_bytree': 0.6000000000000001, 'gamma': 0.0}. Best is trial 796 with value: 0.5427258797393881.
[I 2023-10-18 20:22:51,417] Trial 836 finished with value: 0.521944412764505 and parameters: {'w0': 0.099, 'w1': 0.915, 'w2': 0.076, 'w3': 0.182, 'w4': 0.788, 'w5': 0.863, 'w6': 0.56, 'w7': 0.034, 'w8': 0.9390000000000001, 'max_depth': 10, 'min_child_weight': 20, 'subsample': 0.9000000000000001, 'colsample_bytree': 0.6000000000000001, 'gamma': 0.0}. Best is trial 796 with value: 0.5427258797393881.
[I 2023-10-18 20:23:25,680] Trial 839 finished with value: 0.5229646749716501 and parameters: {'w0': 0.11, 'w1': 0.912, 'w2': 0.07300000000000001, 'w3': 0.181, 'w4': 0.786, 'w5': 0.861, 'w6': 0.642, 'w7': 0.041, 'w8': 0.936, 'max_depth': 10, 'min_child_weight': 20, 'subsample': 0.9000000000000001, 'colsample_bytree': 0.6000000000000001, 'gamma': 0.2}. Best is trial 796 with value: 0.5427258797393881.
[I 2023-10-18 20:23:39,572] Trial 838 finished with value: 0.5390119310221886 and parameters: {'w0': 0.111, 'w1': 0.917, 'w2': 0.084, 'w3': 0.197, 'w4': 0.786, 'w5': 0.864, 'w6': 0.54, 'w7': 0.089, 'w8': 0.9410000000000001, 'max_depth': 10, 'min_child_weight': 20, 'subsample': 0.9000000000000001, 'colsample_bytree': 0.6000000000000001, 'gamma': 0.2}. Best is trial 796 with value: 0.5427258797393881.
[I 2023-10-18 20:24:02,921] Trial 847 finished with value: 0.5070471149497433 and parameters: {'w0': 0.109, 'w1': 0.905, 'w2': 0.132, 'w3': 0.139, 'w4': 0.167, 'w5': 0.862, 'w6': 0.496, 'w7': 0.096, 'w8': 0.936, 'max_depth': 10, 'min_child_weight': 20, 'subsample': 1.0, 'colsample_bytree': 0.7, 'gamma': 0.2}. Best is trial 796 with value: 0.5427258797393881.
[I 2023-10-18 20:24:08,671] Trial 837 finished with value: 0.4647064417590419 and parameters: {'w0': 0.111, 'w1': 0.919, 'w2': 0.04, 'w3': 0.17600000000000002, 'w4': 0.787, 'w5': 0.965, 'w6': 0.171, 'w7': 0.5640000000000001, 'w8': 0.964, 'max_depth': 10, 'min_child_weight': 20, 'subsample': 0.9000000000000001, 'colsample_bytree': 0.6000000000000001, 'gamma': 0.0}. Best is trial 796 with value: 0.5427258797393881.
[I 2023-10-18 20:24:09,071] Trial 840 finished with value: 0.5394504676076166 and parameters: {'w0': 0.10400000000000001, 'w1': 0.92, 'w2': 0.123, 'w3': 0.183, 'w4': 0.784, 'w5': 0.937, 'w6': 0.538, 'w7': 0.094, 'w8': 0.9410000000000001, 'max_depth': 10, 'min_child_weight': 20, 'subsample': 0.9000000000000001, 'colsample_bytree': 0.6000000000000001, 'gamma': 0.2}. Best is trial 796 with value: 0.5427258797393881.
[I 2023-10-18 20:24:57,931] Trial 841 finished with value: 0.5371044127916089 and parameters: {'w0': 0.107, 'w1': 0.909, 'w2': 0.124, 'w3': 0.181, 'w4': 0.738, 'w5': 0.964, 'w6': 0.527, 'w7': 0.085, 'w8': 0.937, 'max_depth': 10, 'min_child_weight': 20, 'subsample': 0.9000000000000001, 'colsample_bytree': 0.6000000000000001, 'gamma': 0.2}. Best is trial 796 with value: 0.5427258797393881.
[I 2023-10-18 20:25:15,214] Trial 848 finished with value: 0.5320148835694692 and parameters: {'w0': 0.112, 'w1': 0.908, 'w2': 0.126, 'w3': 0.139, 'w4': 0.729, 'w5': 0.837, 'w6': 0.491, 'w7': 0.094, 'w8': 0.9400000000000001, 'max_depth': 10, 'min_child_weight': 20, 'subsample': 1.0, 'colsample_bytree': 0.7, 'gamma': 0.2}. Best is trial 796 with value: 0.5427258797393881.
[I 2023-10-18 20:25:25,066] Trial 846 finished with value: 0.47187007601218717 and parameters: {'w0': 0.108, 'w1': 0.912, 'w2': 0.125, 'w3': 0.169, 'w4': 0.745, 'w5': 0.8330000000000001, 'w6': 0.17500000000000002, 'w7': 0.5680000000000001, 'w8': 0.9410000000000001, 'max_depth': 10, 'min_child_weight': 20, 'subsample': 1.0, 'colsample_bytree': 0.7, 'gamma': 0.2}. Best is trial 796 with value: 0.5427258797393881.
[I 2023-10-18 20:25:33,988] Trial 842 finished with value: 0.5105527456389616 and parameters: {'w0': 0.109, 'w1': 0.908, 'w2': 0.041, 'w3': 0.179, 'w4': 0.74, 'w5': 0.841, 'w6': 0.657, 'w7': 0.098, 'w8': 0.9380000000000001, 'max_depth': 10, 'min_child_weight': 20, 'subsample': 0.9000000000000001, 'colsample_bytree': 0.7, 'gamma': 0.2}. Best is trial 796 with value: 0.5427258797393881.
[I 2023-10-18 20:25:36,635] Trial 843 finished with value: 0.5349643291620008 and parameters: {'w0': 0.106, 'w1': 0.917, 'w2': 0.125, 'w3': 0.171, 'w4': 0.736, 'w5': 0.9460000000000001, 'w6': 0.179, 'w7': 0.093, 'w8': 0.9380000000000001, 'max_depth': 10, 'min_child_weight': 20, 'subsample': 0.9000000000000001, 'colsample_bytree': 0.7, 'gamma': 0.2}. Best is trial 796 with value: 0.5427258797393881.
[I 2023-10-18 20:26:05,767] Trial 844 finished with value: 0.5362561182390502 and parameters: {'w0': 0.106, 'w1': 0.916, 'w2': 0.124, 'w3': 0.177, 'w4': 0.737, 'w5': 0.839, 'w6': 0.51, 'w7': 0.093, 'w8': 0.935, 'max_depth': 10, 'min_child_weight': 20, 'subsample': 0.9000000000000001, 'colsample_bytree': 0.5, 'gamma': 0.2}. Best is trial 796 with value: 0.5427258797393881.
[I 2023-10-18 20:26:16,216] Trial 849 finished with value: 0.5050122222898327 and parameters: {'w0': 0.031, 'w1': 0.914, 'w2': 0.128, 'w3': 0.137, 'w4': 0.737, 'w5': 0.848, 'w6': 0.5, 'w7': 0.093, 'w8': 0.381, 'max_depth': 10, 'min_child_weight': 20, 'subsample': 1.0, 'colsample_bytree': 0.7, 'gamma': 0.2}. Best is trial 796 with value: 0.5427258797393881.
[I 2023-10-18 20:26:49,406] Trial 845 finished with value: 0.5354306610385364 and parameters: {'w0': 0.112, 'w1': 0.917, 'w2': 0.124, 'w3': 0.17600000000000002, 'w4': 0.736, 'w5': 0.84, 'w6': 0.17600000000000002, 'w7': 0.08800000000000001, 'w8': 0.931, 'max_depth': 10, 'min_child_weight': 20, 'subsample': 0.9000000000000001, 'colsample_bytree': 0.7, 'gamma': 0.2}. Best is trial 796 with value: 0.5427258797393881.
[I 2023-10-18 20:28:09,402] Trial 850 finished with value: 0.5355828333110633 and parameters: {'w0': 0.116, 'w1': 0.902, 'w2': 0.124, 'w3': 0.14200000000000002, 'w4': 0.735, 'w5': 0.841, 'w6': 0.497, 'w7': 0.097, 'w8': 0.379, 'max_depth': 10, 'min_child_weight': 14, 'subsample': 1.0, 'colsample_bytree': 0.7, 'gamma': 0.2}. Best is trial 796 with value: 0.5427258797393881.
[I 2023-10-18 20:33:11,807] Trial 863 finished with value: 0.4892387007577018 and parameters: {'w0': 0.138, 'w1': 0.883, 'w2': 0.139, 'w3': 0.227, 'w4': 0.304, 'w5': 0.915, 'w6': 0.549, 'w7': 0.11, 'w8': 0.912, 'max_depth': 10, 'min_child_weight': 20, 'subsample': 0.9000000000000001, 'colsample_bytree': 0.6000000000000001, 'gamma': 3.4000000000000004}. Best is trial 796 with value: 0.5427258797393881.
[I 2023-10-18 20:35:29,021] Trial 864 finished with value: 0.4697172385059882 and parameters: {'w0': 0.133, 'w1': 0.886, 'w2': 0.14, 'w3': 0.212, 'w4': 0.8200000000000001, 'w5': 0.931, 'w6': 0.546, 'w7': 0.42, 'w8': 0.917, 'max_depth': 10, 'min_child_weight': 20, 'subsample': 0.6000000000000001, 'colsample_bytree': 0.6000000000000001, 'gamma': 3.2}. Best is trial 796 with value: 0.5427258797393881.
[I 2023-10-18 20:37:11,763] Trial 854 finished with value: 0.5337330524771975 and parameters: {'w0': 0.109, 'w1': 0.9480000000000001, 'w2': 0.123, 'w3': 0.218, 'w4': 0.73, 'w5': 0.935, 'w6': 0.532, 'w7': 0.091, 'w8': 0.903, 'max_depth': 10, 'min_child_weight': 20, 'subsample': 1.0, 'colsample_bytree': 0.5, 'gamma': 0.2}. Best is trial 796 with value: 0.5427258797393881.
[I 2023-10-18 20:37:27,647] Trial 852 finished with value: 0.5211261317034279 and parameters: {'w0': 0.562, 'w1': 0.914, 'w2': 0.127, 'w3': 0.219, 'w4': 0.735, 'w5': 0.844, 'w6': 0.501, 'w7': 0.094, 'w8': 0.912, 'max_depth': 10, 'min_child_weight': 14, 'subsample': 1.0, 'colsample_bytree': 0.7, 'gamma': 0.2}. Best is trial 796 with value: 0.5427258797393881.
[I 2023-10-18 20:38:05,328] Trial 858 finished with value: 0.5321572445231495 and parameters: {'w0': 0.107, 'w1': 0.892, 'w2': 0.131, 'w3': 0.213, 'w4': 0.738, 'w5': 0.905, 'w6': 0.516, 'w7': 0.101, 'w8': 0.911, 'max_depth': 10, 'min_child_weight': 20, 'subsample': 0.9000000000000001, 'colsample_bytree': 0.5, 'gamma': 0.6000000000000001}. Best is trial 796 with value: 0.5427258797393881.
[I 2023-10-18 20:38:43,063] Trial 862 finished with value: 0.5143572348778156 and parameters: {'w0': 0.044000000000000004, 'w1': 0.892, 'w2': 0.138, 'w3': 0.214, 'w4': 0.8170000000000001, 'w5': 0.902, 'w6': 0.508, 'w7': 0.108, 'w8': 0.897, 'max_depth': 10, 'min_child_weight': 20, 'subsample': 0.9000000000000001, 'colsample_bytree': 0.6000000000000001, 'gamma': 0.6000000000000001}. Best is trial 796 with value: 0.5427258797393881.
[I 2023-10-18 20:39:47,444] Trial 860 finished with value: 0.5206407720118201 and parameters: {'w0': 0.121, 'w1': 0.894, 'w2': 0.122, 'w3': 0.214, 'w4': 0.776, 'w5': 0.20700000000000002, 'w6': 0.6, 'w7': 0.10400000000000001, 'w8': 0.912, 'max_depth': 10, 'min_child_weight': 20, 'subsample': 0.9000000000000001, 'colsample_bytree': 0.5, 'gamma': 0.4}. Best is trial 796 with value: 0.5427258797393881.
[I 2023-10-18 20:40:08,208] Trial 851 finished with value: 0.5322309395906881 and parameters: {'w0': 0.11900000000000001, 'w1': 0.914, 'w2': 0.131, 'w3': 0.135, 'w4': 0.733, 'w5': 0.839, 'w6': 0.495, 'w7': 0.098, 'w8': 0.443, 'max_depth': 10, 'min_child_weight': 14, 'subsample': 0.6000000000000001, 'colsample_bytree': 0.7, 'gamma': 0.2}. Best is trial 796 with value: 0.5427258797393881.
[I 2023-10-18 20:40:12,326] Trial 866 finished with value: 0.498394089681177 and parameters: {'w0': 0.054, 'w1': 0.155, 'w2': 0.14200000000000002, 'w3': 0.21, 'w4': 0.8190000000000001, 'w5': 0.895, 'w6': 0.605, 'w7': 0.112, 'w8': 0.897, 'max_depth': 10, 'min_child_weight': 20, 'subsample': 0.9000000000000001, 'colsample_bytree': 0.6000000000000001, 'gamma': 0.6000000000000001}. Best is trial 796 with value: 0.5427258797393881.
[I 2023-10-18 20:41:02,735] Trial 857 finished with value: 0.5257894028221756 and parameters: {'w0': 0.11800000000000001, 'w1': 0.887, 'w2': 0.122, 'w3': 0.213, 'w4': 0.741, 'w5': 0.865, 'w6': 0.519, 'w7': 0.1, 'w8': 0.909, 'max_depth': 10, 'min_child_weight': 20, 'subsample': 0.6000000000000001, 'colsample_bytree': 0.6000000000000001, 'gamma': 0.2}. Best is trial 796 with value: 0.5427258797393881.
[I 2023-10-18 20:42:24,890] Trial 856 finished with value: 0.5379039811479436 and parameters: {'w0': 0.113, 'w1': 0.925, 'w2': 0.126, 'w3': 0.219, 'w4': 0.742, 'w5': 0.9410000000000001, 'w6': 0.523, 'w7': 0.096, 'w8': 0.913, 'max_depth': 10, 'min_child_weight': 20, 'subsample': 0.9000000000000001, 'colsample_bytree': 0.6000000000000001, 'gamma': 0.2}. Best is trial 796 with value: 0.5427258797393881.
[I 2023-10-18 20:42:29,404] Trial 865 finished with value: 0.4840781174177972 and parameters: {'w0': 0.047, 'w1': 0.9540000000000001, 'w2': 0.706, 'w3': 0.213, 'w4': 0.8160000000000001, 'w5': 0.905, 'w6': 0.489, 'w7': 0.11, 'w8': 0.9580000000000001, 'max_depth': 10, 'min_child_weight': 20, 'subsample': 0.9000000000000001, 'colsample_bytree': 0.6000000000000001, 'gamma': 0.6000000000000001}. Best is trial 796 with value: 0.5427258797393881.
[I 2023-10-18 20:42:53,782] Trial 859 finished with value: 0.5082573318407917 and parameters: {'w0': 0.741, 'w1': 0.892, 'w2': 0.126, 'w3': 0.21, 'w4': 0.8150000000000001, 'w5': 0.926, 'w6': 0.519, 'w7': 0.10300000000000001, 'w8': 0.894, 'max_depth': 10, 'min_child_weight': 20, 'subsample': 0.6000000000000001, 'colsample_bytree': 0.6000000000000001, 'gamma': 0.6000000000000001}. Best is trial 796 with value: 0.5427258797393881.
[I 2023-10-18 20:42:59,373] Trial 855 finished with value: 0.47539655635901035 and parameters: {'w0': 0.753, 'w1': 0.92, 'w2': 0.783, 'w3': 0.22, 'w4': 0.74, 'w5': 0.899, 'w6': 0.17, 'w7': 0.095, 'w8': 0.908, 'max_depth': 10, 'min_child_weight': 20, 'subsample': 0.9000000000000001, 'colsample_bytree': 0.5, 'gamma': 0.2}. Best is trial 796 with value: 0.5427258797393881.
[I 2023-10-18 20:43:05,407] Trial 853 finished with value: 0.5339140177048284 and parameters: {'w0': 0.107, 'w1': 0.919, 'w2': 0.124, 'w3': 0.127, 'w4': 0.737, 'w5': 0.934, 'w6': 0.603, 'w7': 0.091, 'w8': 0.91, 'max_depth': 10, 'min_child_weight': 14, 'subsample': 0.9000000000000001, 'colsample_bytree': 0.7, 'gamma': 0.2}. Best is trial 796 with value: 0.5427258797393881.
[I 2023-10-18 20:43:19,053] Trial 861 finished with value: 0.5096475445742749 and parameters: {'w0': 0.612, 'w1': 0.886, 'w2': 0.133, 'w3': 0.211, 'w4': 0.8270000000000001, 'w5': 0.927, 'w6': 0.539, 'w7': 0.11, 'w8': 0.306, 'max_depth': 10, 'min_child_weight': 20, 'subsample': 0.6000000000000001, 'colsample_bytree': 0.6000000000000001, 'gamma': 0.4}. Best is trial 796 with value: 0.5427258797393881.
[I 2023-10-18 20:46:27,527] Trial 867 finished with value: 0.5137346644776145 and parameters: {'w0': 0.047, 'w1': 0.891, 'w2': 0.14, 'w3': 0.213, 'w4': 0.758, 'w5': 0.919, 'w6': 0.552, 'w7': 0.111, 'w8': 0.908, 'max_depth': 10, 'min_child_weight': 20, 'subsample': 0.9000000000000001, 'colsample_bytree': 0.6000000000000001, 'gamma': 0.6000000000000001}. Best is trial 796 with value: 0.5427258797393881.
[I 2023-10-18 20:48:54,234] Trial 881 finished with value: 0.4258575621439377 and parameters: {'w0': 0.133, 'w1': 0.52, 'w2': 0.095, 'w3': 0.167, 'w4': 0.772, 'w5': 0.985, 'w6': 0.6990000000000001, 'w7': 0.006, 'w8': 1.0, 'max_depth': 10, 'min_child_weight': 18, 'subsample': 0.9000000000000001, 'colsample_bytree': 0.6000000000000001, 'gamma': 7.2}. Best is trial 796 with value: 0.5427258797393881.
[I 2023-10-18 20:49:04,506] Trial 882 finished with value: 0.36695718400727834 and parameters: {'w0': 0.14, 'w1': 0.853, 'w2': 0.097, 'w3': 0.019000000000000003, 'w4': 0.773, 'w5': 0.9480000000000001, 'w6': 0.25, 'w7': 0.07300000000000001, 'w8': 0.963, 'max_depth': 10, 'min_child_weight': 18, 'subsample': 0.9000000000000001, 'colsample_bytree': 0.6000000000000001, 'gamma': 9.600000000000001}. Best is trial 796 with value: 0.5427258797393881.
[I 2023-10-18 20:50:16,815] Trial 869 finished with value: 0.5332843579644254 and parameters: {'w0': 0.137, 'w1': 0.9520000000000001, 'w2': 0.096, 'w3': 0.158, 'w4': 0.8240000000000001, 'w5': 0.9420000000000001, 'w6': 0.587, 'w7': 0.10300000000000001, 'w8': 0.904, 'max_depth': 10, 'min_child_weight': 20, 'subsample': 0.9000000000000001, 'colsample_bytree': 0.6000000000000001, 'gamma': 0.6000000000000001}. Best is trial 796 with value: 0.5427258797393881.
[I 2023-10-18 20:51:02,105] Trial 868 finished with value: 0.5091285812473597 and parameters: {'w0': 0.139, 'w1': 0.9560000000000001, 'w2': 0.581, 'w3': 0.21, 'w4': 0.8290000000000001, 'w5': 0.9440000000000001, 'w6': 0.601, 'w7': 0.114, 'w8': 0.905, 'max_depth': 10, 'min_child_weight': 20, 'subsample': 0.9000000000000001, 'colsample_bytree': 0.6000000000000001, 'gamma': 0.6000000000000001}. Best is trial 796 with value: 0.5427258797393881.
[I 2023-10-18 20:51:28,222] Trial 871 finished with value: 0.5337020697885758 and parameters: {'w0': 0.137, 'w1': 0.893, 'w2': 0.17200000000000001, 'w3': 0.20500000000000002, 'w4': 0.8240000000000001, 'w5': 0.933, 'w6': 0.462, 'w7': 0.116, 'w8': 0.901, 'max_depth': 10, 'min_child_weight': 20, 'subsample': 0.9000000000000001, 'colsample_bytree': 0.6000000000000001, 'gamma': 0.6000000000000001}. Best is trial 796 with value: 0.5427258797393881.
[I 2023-10-18 20:52:22,908] Trial 870 finished with value: 0.5153615988745552 and parameters: {'w0': 0.139, 'w1': 0.888, 'w2': 0.488, 'w3': 0.20900000000000002, 'w4': 0.777, 'w5': 0.899, 'w6': 0.601, 'w7': 0.116, 'w8': 0.901, 'max_depth': 10, 'min_child_weight': 20, 'subsample': 0.9000000000000001, 'colsample_bytree': 0.6000000000000001, 'gamma': 0.6000000000000001}. Best is trial 796 with value: 0.5427258797393881.
