[I 2023-10-21 03:35:20,912] Trial 640 finished with value: 0.41215771277254004 and parameters: {'w0': 0.20800000000000002, 'w1': 0.983, 'w2': 0.369, 'w3': 0.686, 'w4': 0.975, 'w5': 0.41200000000000003, 'w6': 0.937, 'w7': 0.202, 'w8': 0.909, 'max_depth': 10, 'min_child_weight': 2, 'subsample': 0.4, 'colsample_bytree': 0.8, 'gamma': 0.0}. Best is trial 620 with value: 0.41707743528659197.
[I 2023-10-21 03:35:49,847] Trial 641 finished with value: 0.410853695199461 and parameters: {'w0': 0.215, 'w1': 1.0, 'w2': 0.361, 'w3': 0.651, 'w4': 0.971, 'w5': 0.491, 'w6': 0.965, 'w7': 0.193, 'w8': 0.91, 'max_depth': 10, 'min_child_weight': 2, 'subsample': 0.4, 'colsample_bytree': 0.8, 'gamma': 0.0}. Best is trial 620 with value: 0.41707743528659197.
[I 2023-10-21 03:36:21,439] Trial 643 finished with value: 0.40655257709918835 and parameters: {'w0': 0.20800000000000002, 'w1': 0.998, 'w2': 0.375, 'w3': 0.64, 'w4': 0.972, 'w5': 0.41500000000000004, 'w6': 0.978, 'w7': 0.14400000000000002, 'w8': 0.9600000000000001, 'max_depth': 10, 'min_child_weight': 2, 'subsample': 0.4, 'colsample_bytree': 0.8, 'gamma': 0.4}. Best is trial 620 with value: 0.41707743528659197.
[I 2023-10-21 03:36:34,882] Trial 642 finished with value: 0.4104086622278532 and parameters: {'w0': 0.202, 'w1': 0.991, 'w2': 0.418, 'w3': 0.6890000000000001, 'w4': 0.972, 'w5': 0.41200000000000003, 'w6': 0.982, 'w7': 0.146, 'w8': 0.9580000000000001, 'max_depth': 10, 'min_child_weight': 2, 'subsample': 0.4, 'colsample_bytree': 0.8, 'gamma': 0.0}. Best is trial 620 with value: 0.41707743528659197.
[I 2023-10-21 03:38:06,978] Trial 644 finished with value: 0.40883411807696596 and parameters: {'w0': 0.216, 'w1': 0.9470000000000001, 'w2': 0.34900000000000003, 'w3': 0.651, 'w4': 0.968, 'w5': 0.395, 'w6': 0.975, 'w7': 0.211, 'w8': 0.91, 'max_depth': 10, 'min_child_weight': 2, 'subsample': 0.4, 'colsample_bytree': 0.8, 'gamma': 0.4}. Best is trial 620 with value: 0.41707743528659197.
[I 2023-10-21 03:42:05,783] Trial 645 finished with value: 0.4146868133341049 and parameters: {'w0': 0.2, 'w1': 0.992, 'w2': 0.363, 'w3': 0.656, 'w4': 0.975, 'w5': 0.41100000000000003, 'w6': 0.9590000000000001, 'w7': 0.187, 'w8': 0.906, 'max_depth': 10, 'min_child_weight': 2, 'subsample': 0.4, 'colsample_bytree': 0.8, 'gamma': 0.4}. Best is trial 620 with value: 0.41707743528659197.
[I 2023-10-21 03:43:46,097] Trial 646 finished with value: 0.4069444394887773 and parameters: {'w0': 0.196, 'w1': 0.968, 'w2': 0.362, 'w3': 0.713, 'w4': 0.971, 'w5': 0.405, 'w6': 0.99, 'w7': 0.14300000000000002, 'w8': 0.9540000000000001, 'max_depth': 10, 'min_child_weight': 2, 'subsample': 0.4, 'colsample_bytree': 0.8, 'gamma': 0.0}. Best is trial 620 with value: 0.41707743528659197.
[I 2023-10-21 03:44:59,879] Trial 647 finished with value: 0.4113531085233323 and parameters: {'w0': 0.194, 'w1': 1.0, 'w2': 0.366, 'w3': 0.656, 'w4': 0.971, 'w5': 0.41400000000000003, 'w6': 0.977, 'w7': 0.149, 'w8': 0.9590000000000001, 'max_depth': 10, 'min_child_weight': 2, 'subsample': 0.4, 'colsample_bytree': 0.8, 'gamma': 0.0}. Best is trial 620 with value: 0.41707743528659197.
[I 2023-10-21 03:49:13,779] Trial 648 finished with value: 0.41055741250117644 and parameters: {'w0': 0.179, 'w1': 0.996, 'w2': 0.372, 'w3': 0.657, 'w4': 0.97, 'w5': 0.467, 'w6': 0.992, 'w7': 0.20600000000000002, 'w8': 0.9540000000000001, 'max_depth': 10, 'min_child_weight': 2, 'subsample': 0.4, 'colsample_bytree': 0.8, 'gamma': 0.0}. Best is trial 620 with value: 0.41707743528659197.
[I 2023-10-21 03:50:09,946] Trial 650 finished with value: 0.4122303053211841 and parameters: {'w0': 0.211, 'w1': 0.998, 'w2': 0.355, 'w3': 0.6990000000000001, 'w4': 0.973, 'w5': 0.459, 'w6': 0.973, 'w7': 0.162, 'w8': 0.9580000000000001, 'max_depth': 10, 'min_child_weight': 4, 'subsample': 0.4, 'colsample_bytree': 0.8, 'gamma': 0.4}. Best is trial 620 with value: 0.41707743528659197.
[I 2023-10-21 03:50:11,347] Trial 649 finished with value: 0.41241849247583795 and parameters: {'w0': 0.185, 'w1': 0.999, 'w2': 0.366, 'w3': 0.651, 'w4': 0.969, 'w5': 0.393, 'w6': 0.975, 'w7': 0.14100000000000001, 'w8': 0.9470000000000001, 'max_depth': 10, 'min_child_weight': 2, 'subsample': 0.4, 'colsample_bytree': 0.8, 'gamma': 0.4}. Best is trial 620 with value: 0.41707743528659197.
[I 2023-10-21 03:55:46,049] Trial 653 finished with value: 0.40940453804313554 and parameters: {'w0': 0.226, 'w1': 0.997, 'w2': 0.34900000000000003, 'w3': 0.652, 'w4': 0.972, 'w5': 0.394, 'w6': 0.998, 'w7': 0.136, 'w8': 0.9600000000000001, 'max_depth': 10, 'min_child_weight': 4, 'subsample': 0.4, 'colsample_bytree': 0.8, 'gamma': 0.0}. Best is trial 620 with value: 0.41707743528659197.
[I 2023-10-21 03:57:43,574] Trial 655 finished with value: 0.4078144761810818 and parameters: {'w0': 0.18, 'w1': 1.0, 'w2': 0.372, 'w3': 0.718, 'w4': 0.974, 'w5': 0.464, 'w6': 0.963, 'w7': 0.098, 'w8': 0.9580000000000001, 'max_depth': 10, 'min_child_weight': 2, 'subsample': 0.4, 'colsample_bytree': 0.8, 'gamma': 0.4}. Best is trial 620 with value: 0.41707743528659197.
[I 2023-10-21 03:58:14,391] Trial 654 finished with value: 0.41430379169209275 and parameters: {'w0': 0.22, 'w1': 0.982, 'w2': 0.362, 'w3': 0.718, 'w4': 0.972, 'w5': 0.41300000000000003, 'w6': 0.965, 'w7': 0.20600000000000002, 'w8': 0.9590000000000001, 'max_depth': 10, 'min_child_weight': 2, 'subsample': 0.4, 'colsample_bytree': 0.8, 'gamma': 0.4}. Best is trial 620 with value: 0.41707743528659197.
[I 2023-10-21 03:59:18,868] Trial 657 finished with value: 0.4114178973014548 and parameters: {'w0': 0.222, 'w1': 0.973, 'w2': 0.361, 'w3': 0.708, 'w4': 0.974, 'w5': 0.406, 'w6': 0.996, 'w7': 0.126, 'w8': 0.9580000000000001, 'max_depth': 10, 'min_child_weight': 2, 'subsample': 0.4, 'colsample_bytree': 0.8, 'gamma': 0.4}. Best is trial 620 with value: 0.41707743528659197.
[I 2023-10-21 04:02:02,445] Trial 658 finished with value: 0.4082521721815377 and parameters: {'w0': 0.218, 'w1': 0.972, 'w2': 0.34400000000000003, 'w3': 0.719, 'w4': 0.976, 'w5': 0.399, 'w6': 0.965, 'w7': 0.217, 'w8': 0.9530000000000001, 'max_depth': 10, 'min_child_weight': 2, 'subsample': 0.4, 'colsample_bytree': 0.8, 'gamma': 0.0}. Best is trial 620 with value: 0.41707743528659197.
[I 2023-10-21 04:09:13,378] Trial 656 finished with value: 0.4076320015476065 and parameters: {'w0': 0.227, 'w1': 0.978, 'w2': 0.41300000000000003, 'w3': 0.647, 'w4': 0.974, 'w5': 0.465, 'w6': 1.0, 'w7': 0.133, 'w8': 0.9470000000000001, 'max_depth': 10, 'min_child_weight': 0, 'subsample': 0.4, 'colsample_bytree': 0.8, 'gamma': 0.4}. Best is trial 620 with value: 0.41707743528659197.
[I 2023-10-21 04:16:48,568] Trial 665 finished with value: 0.40704515284288223 and parameters: {'w0': 0.226, 'w1': 0.999, 'w2': 0.335, 'w3': 0.713, 'w4': 0.979, 'w5': 0.423, 'w6': 0.996, 'w7': 0.17300000000000001, 'w8': 0.9510000000000001, 'max_depth': 10, 'min_child_weight': 2, 'subsample': 0.4, 'colsample_bytree': 0.8, 'gamma': 0.2}. Best is trial 620 with value: 0.41707743528659197.
[I 2023-10-21 04:16:50,300] Trial 666 finished with value: 0.4109922338956079 and parameters: {'w0': 0.221, 'w1': 0.996, 'w2': 0.328, 'w3': 0.719, 'w4': 0.976, 'w5': 0.399, 'w6': 0.993, 'w7': 0.167, 'w8': 0.962, 'max_depth': 10, 'min_child_weight': 2, 'subsample': 0.4, 'colsample_bytree': 0.8, 'gamma': 0.2}. Best is trial 620 with value: 0.41707743528659197.
[I 2023-10-21 04:28:10,642] Trial 663 finished with value: 0.4044403758030761 and parameters: {'w0': 0.228, 'w1': 0.999, 'w2': 0.34700000000000003, 'w3': 0.712, 'w4': 0.981, 'w5': 0.425, 'w6': 0.964, 'w7': 0.17, 'w8': 0.9580000000000001, 'max_depth': 10, 'min_child_weight': 0, 'subsample': 0.4, 'colsample_bytree': 0.8, 'gamma': 0.2}. Best is trial 620 with value: 0.41707743528659197.
[I 2023-10-21 04:32:00,262] Trial 651 finished with value: 0.39592915656733724 and parameters: {'w0': 0.218, 'w1': 0.977, 'w2': 0.341, 'w3': 0.66, 'w4': 0.974, 'w5': 0.465, 'w6': 0.966, 'w7': 0.151, 'w8': 0.9580000000000001, 'max_depth': 10, 'min_child_weight': 0, 'subsample': 0.4, 'colsample_bytree': 0.8, 'gamma': 0.0}. Best is trial 620 with value: 0.41707743528659197.
[I 2023-10-21 04:36:04,894] Trial 652 finished with value: 0.3945134067994609 and parameters: {'w0': 0.171, 'w1': 1.0, 'w2': 0.361, 'w3': 0.7000000000000001, 'w4': 0.971, 'w5': 0.49, 'w6': 0.994, 'w7': 0.156, 'w8': 0.9580000000000001, 'max_depth': 10, 'min_child_weight': 0, 'subsample': 0.4, 'colsample_bytree': 0.8, 'gamma': 0.0}. Best is trial 620 with value: 0.41707743528659197.
[I 2023-10-21 04:38:29,894] Trial 667 finished with value: 0.40348603113063153 and parameters: {'w0': 0.229, 'w1': 0.98, 'w2': 0.332, 'w3': 0.713, 'w4': 0.977, 'w5': 0.375, 'w6': 0.965, 'w7': 0.081, 'w8': 0.963, 'max_depth': 10, 'min_child_weight': 0, 'subsample': 0.4, 'colsample_bytree': 0.8, 'gamma': 0.2}. Best is trial 620 with value: 0.41707743528659197.
[I 2023-10-21 04:40:52,866] Trial 659 finished with value: 0.3945051154269392 and parameters: {'w0': 0.218, 'w1': 0.977, 'w2': 0.368, 'w3': 0.6940000000000001, 'w4': 0.975, 'w5': 0.389, 'w6': 0.999, 'w7': 0.117, 'w8': 0.9590000000000001, 'max_depth': 10, 'min_child_weight': 0, 'subsample': 0.4, 'colsample_bytree': 0.8, 'gamma': 0.0}. Best is trial 620 with value: 0.41707743528659197.
[I 2023-10-21 04:42:06,201] Trial 660 finished with value: 0.39556816506519493 and parameters: {'w0': 0.222, 'w1': 0.997, 'w2': 0.368, 'w3': 0.7020000000000001, 'w4': 0.977, 'w5': 0.40800000000000003, 'w6': 0.991, 'w7': 0.132, 'w8': 0.9580000000000001, 'max_depth': 10, 'min_child_weight': 0, 'subsample': 0.4, 'colsample_bytree': 0.8, 'gamma': 0.0}. Best is trial 620 with value: 0.41707743528659197.
[I 2023-10-21 04:42:51,678] Trial 669 finished with value: 0.4020966931935369 and parameters: {'w0': 0.23, 'w1': 1.0, 'w2': 0.35000000000000003, 'w3': 0.684, 'w4': 0.963, 'w5': 0.37, 'w6': 0.998, 'w7': 0.123, 'w8': 0.965, 'max_depth': 10, 'min_child_weight': 0, 'subsample': 0.4, 'colsample_bytree': 0.8, 'gamma': 0.2}. Best is trial 620 with value: 0.41707743528659197.
[I 2023-10-21 04:42:58,072] Trial 668 finished with value: 0.406274976934032 and parameters: {'w0': 0.229, 'w1': 0.973, 'w2': 0.341, 'w3': 0.677, 'w4': 0.976, 'w5': 0.382, 'w6': 0.965, 'w7': 0.178, 'w8': 0.963, 'max_depth': 10, 'min_child_weight': 0, 'subsample': 0.4, 'colsample_bytree': 0.8, 'gamma': 0.2}. Best is trial 620 with value: 0.41707743528659197.
[I 2023-10-21 04:44:51,753] Trial 670 finished with value: 0.40410573066509 and parameters: {'w0': 0.23, 'w1': 0.979, 'w2': 0.331, 'w3': 0.721, 'w4': 0.9590000000000001, 'w5': 0.42, 'w6': 0.97, 'w7': 0.169, 'w8': 0.964, 'max_depth': 10, 'min_child_weight': 0, 'subsample': 0.4, 'colsample_bytree': 0.8, 'gamma': 0.2}. Best is trial 620 with value: 0.41707743528659197.
[I 2023-10-21 04:47:07,627] Trial 661 finished with value: 0.39676792239682457 and parameters: {'w0': 0.229, 'w1': 0.999, 'w2': 0.34, 'w3': 0.71, 'w4': 0.973, 'w5': 0.374, 'w6': 0.998, 'w7': 0.185, 'w8': 0.9590000000000001, 'max_depth': 10, 'min_child_weight': 0, 'subsample': 0.4, 'colsample_bytree': 0.8, 'gamma': 0.0}. Best is trial 620 with value: 0.41707743528659197.
[I 2023-10-21 04:47:16,034] Trial 671 finished with value: 0.40401965282455327 and parameters: {'w0': 0.227, 'w1': 0.985, 'w2': 0.328, 'w3': 0.6980000000000001, 'w4': 0.966, 'w5': 0.377, 'w6': 0.991, 'w7': 0.17, 'w8': 0.9560000000000001, 'max_depth': 10, 'min_child_weight': 0, 'subsample': 0.4, 'colsample_bytree': 0.8, 'gamma': 0.2}. Best is trial 620 with value: 0.41707743528659197.
[I 2023-10-21 04:48:24,762] Trial 662 finished with value: 0.39643575511820167 and parameters: {'w0': 0.169, 'w1': 0.979, 'w2': 0.332, 'w3': 0.716, 'w4': 0.978, 'w5': 0.379, 'w6': 0.988, 'w7': 0.16, 'w8': 0.9490000000000001, 'max_depth': 10, 'min_child_weight': 0, 'subsample': 0.4, 'colsample_bytree': 0.8, 'gamma': 0.0}. Best is trial 620 with value: 0.41707743528659197.
[I 2023-10-21 04:53:42,442] Trial 672 finished with value: 0.40383441475181314 and parameters: {'w0': 0.242, 'w1': 0.999, 'w2': 0.331, 'w3': 0.7000000000000001, 'w4': 0.9600000000000001, 'w5': 0.381, 'w6': 0.963, 'w7': 0.115, 'w8': 0.966, 'max_depth': 10, 'min_child_weight': 0, 'subsample': 0.4, 'colsample_bytree': 0.8, 'gamma': 0.2}. Best is trial 620 with value: 0.41707743528659197.
[I 2023-10-21 04:54:54,999] Trial 664 finished with value: 0.3926181778404335 and parameters: {'w0': 0.23500000000000001, 'w1': 0.996, 'w2': 0.337, 'w3': 0.723, 'w4': 0.977, 'w5': 0.397, 'w6': 0.999, 'w7': 0.17200000000000001, 'w8': 0.9600000000000001, 'max_depth': 10, 'min_child_weight': 0, 'subsample': 0.4, 'colsample_bytree': 0.8, 'gamma': 0.0}. Best is trial 620 with value: 0.41707743528659197.
[I 2023-10-21 04:55:29,060] Trial 675 finished with value: 0.40853976520667457 and parameters: {'w0': 0.25, 'w1': 0.977, 'w2': 0.327, 'w3': 0.6950000000000001, 'w4': 0.9580000000000001, 'w5': 0.383, 'w6': 0.999, 'w7': 0.107, 'w8': 0.9600000000000001, 'max_depth': 10, 'min_child_weight': 2, 'subsample': 0.4, 'colsample_bytree': 0.8, 'gamma': 0.4}. Best is trial 620 with value: 0.41707743528659197.
[I 2023-10-21 04:58:40,829] Trial 676 finished with value: 0.41307111029937493 and parameters: {'w0': 0.247, 'w1': 0.971, 'w2': 0.332, 'w3': 0.734, 'w4': 0.93, 'w5': 0.381, 'w6': 0.991, 'w7': 0.115, 'w8': 0.968, 'max_depth': 10, 'min_child_weight': 2, 'subsample': 0.4, 'colsample_bytree': 0.8, 'gamma': 0.4}. Best is trial 620 with value: 0.41707743528659197.
[I 2023-10-21 05:00:19,722] Trial 673 finished with value: 0.4082575688255562 and parameters: {'w0': 0.163, 'w1': 0.977, 'w2': 0.326, 'w3': 0.6950000000000001, 'w4': 0.925, 'w5': 0.375, 'w6': 0.965, 'w7': 0.116, 'w8': 0.9600000000000001, 'max_depth': 10, 'min_child_weight': 0, 'subsample': 0.4, 'colsample_bytree': 0.8, 'gamma': 0.2}. Best is trial 620 with value: 0.41707743528659197.
[I 2023-10-21 05:01:01,761] Trial 674 finished with value: 0.40638544374021174 and parameters: {'w0': 0.245, 'w1': 1.0, 'w2': 0.326, 'w3': 0.75, 'w4': 0.926, 'w5': 0.366, 'w6': 0.997, 'w7': 0.10300000000000001, 'w8': 0.967, 'max_depth': 10, 'min_child_weight': 0, 'subsample': 0.4, 'colsample_bytree': 0.8, 'gamma': 0.2}. Best is trial 620 with value: 0.41707743528659197.
[I 2023-10-21 05:02:00,786] Trial 677 finished with value: 0.4095605907005894 and parameters: {'w0': 0.259, 'w1': 0.975, 'w2': 0.325, 'w3': 0.75, 'w4': 0.922, 'w5': 0.392, 'w6': 0.996, 'w7': 0.108, 'w8': 0.975, 'max_depth': 10, 'min_child_weight': 2, 'subsample': 0.4, 'colsample_bytree': 0.8, 'gamma': 0.4}. Best is trial 620 with value: 0.41707743528659197.
[I 2023-10-21 05:03:56,238] Trial 678 finished with value: 0.4080392608142824 and parameters: {'w0': 0.251, 'w1': 0.979, 'w2': 0.315, 'w3': 0.6920000000000001, 'w4': 0.927, 'w5': 0.361, 'w6': 0.992, 'w7': 0.116, 'w8': 0.966, 'max_depth': 10, 'min_child_weight': 2, 'subsample': 0.4, 'colsample_bytree': 0.8, 'gamma': 0.4}. Best is trial 620 with value: 0.41707743528659197.
[I 2023-10-21 05:06:19,090] Trial 679 finished with value: 0.41343119368635683 and parameters: {'w0': 0.16, 'w1': 0.968, 'w2': 0.319, 'w3': 0.742, 'w4': 0.9570000000000001, 'w5': 0.375, 'w6': 0.999, 'w7': 0.126, 'w8': 0.97, 'max_depth': 10, 'min_child_weight': 2, 'subsample': 0.4, 'colsample_bytree': 0.8, 'gamma': 0.4}. Best is trial 620 with value: 0.41707743528659197.
[I 2023-10-21 05:07:12,945] Trial 680 finished with value: 0.41431994526942717 and parameters: {'w0': 0.166, 'w1': 0.966, 'w2': 0.326, 'w3': 0.76, 'w4': 0.929, 'w5': 0.41700000000000004, 'w6': 0.962, 'w7': 0.188, 'w8': 0.968, 'max_depth': 10, 'min_child_weight': 2, 'subsample': 0.4, 'colsample_bytree': 0.8, 'gamma': 0.4}. Best is trial 620 with value: 0.41707743528659197.
[I 2023-10-21 05:08:18,293] Trial 682 finished with value: 0.41349596104679803 and parameters: {'w0': 0.254, 'w1': 0.967, 'w2': 0.319, 'w3': 0.6910000000000001, 'w4': 0.925, 'w5': 0.41700000000000004, 'w6': 0.974, 'w7': 0.184, 'w8': 0.974, 'max_depth': 10, 'min_child_weight': 2, 'subsample': 0.4, 'colsample_bytree': 0.8, 'gamma': 0.4}. Best is trial 620 with value: 0.41707743528659197.
[I 2023-10-21 05:08:29,567] Trial 681 finished with value: 0.41231836637646446 and parameters: {'w0': 0.259, 'w1': 0.965, 'w2': 0.355, 'w3': 0.6910000000000001, 'w4': 0.928, 'w5': 0.371, 'w6': 0.966, 'w7': 0.179, 'w8': 0.976, 'max_depth': 10, 'min_child_weight': 2, 'subsample': 0.4, 'colsample_bytree': 0.8, 'gamma': 0.4}. Best is trial 620 with value: 0.41707743528659197.
[I 2023-10-21 05:09:11,850] Trial 683 finished with value: 0.4116712874516462 and parameters: {'w0': 0.162, 'w1': 0.9590000000000001, 'w2': 0.335, 'w3': 0.733, 'w4': 0.926, 'w5': 0.377, 'w6': 0.978, 'w7': 0.193, 'w8': 0.974, 'max_depth': 10, 'min_child_weight': 2, 'subsample': 0.30000000000000004, 'colsample_bytree': 0.8, 'gamma': 0.4}. Best is trial 620 with value: 0.41707743528659197.
[I 2023-10-21 05:11:32,499] Trial 684 finished with value: 0.4116544507990219 and parameters: {'w0': 0.256, 'w1': 0.961, 'w2': 0.311, 'w3': 0.757, 'w4': 0.922, 'w5': 0.357, 'w6': 0.976, 'w7': 0.19, 'w8': 0.932, 'max_depth': 10, 'min_child_weight': 2, 'subsample': 0.30000000000000004, 'colsample_bytree': 0.8, 'gamma': 0.4}. Best is trial 620 with value: 0.41707743528659197.
[I 2023-10-21 05:11:39,974] Trial 685 finished with value: 0.41109598472003084 and parameters: {'w0': 0.251, 'w1': 0.961, 'w2': 0.359, 'w3': 0.742, 'w4': 0.925, 'w5': 0.419, 'w6': 0.9540000000000001, 'w7': 0.195, 'w8': 0.969, 'max_depth': 10, 'min_child_weight': 2, 'subsample': 0.30000000000000004, 'colsample_bytree': 0.8, 'gamma': 0.4}. Best is trial 620 with value: 0.41707743528659197.
[I 2023-10-21 05:11:59,072] Trial 686 finished with value: 0.37915505376646197 and parameters: {'w0': 0.251, 'w1': 0.9590000000000001, 'w2': 0.356, 'w3': 0.67, 'w4': 0.926, 'w5': 0.418, 'w6': 0.9560000000000001, 'w7': 0.2, 'w8': 0.058, 'max_depth': 10, 'min_child_weight': 2, 'subsample': 0.4, 'colsample_bytree': 0.8, 'gamma': 0.4}. Best is trial 620 with value: 0.41707743528659197.
[I 2023-10-21 05:18:04,224] Trial 687 finished with value: 0.41226866140310603 and parameters: {'w0': 0.166, 'w1': 0.9600000000000001, 'w2': 0.359, 'w3': 0.687, 'w4': 0.935, 'w5': 0.421, 'w6': 0.9530000000000001, 'w7': 0.195, 'w8': 0.974, 'max_depth': 10, 'min_child_weight': 2, 'subsample': 0.4, 'colsample_bytree': 0.8, 'gamma': 0.4}. Best is trial 620 with value: 0.41707743528659197.
[I 2023-10-21 05:19:06,411] Trial 689 finished with value: 0.41311998237772973 and parameters: {'w0': 0.171, 'w1': 0.9570000000000001, 'w2': 0.271, 'w3': 0.743, 'w4': 0.926, 'w5': 0.428, 'w6': 0.9580000000000001, 'w7': 0.2, 'w8': 0.9420000000000001, 'max_depth': 10, 'min_child_weight': 2, 'subsample': 0.30000000000000004, 'colsample_bytree': 0.8, 'gamma': 0.4}. Best is trial 620 with value: 0.41707743528659197.
[I 2023-10-21 05:19:18,506] Trial 688 finished with value: 0.4128183210992745 and parameters: {'w0': 0.163, 'w1': 0.9580000000000001, 'w2': 0.357, 'w3': 0.748, 'w4': 0.922, 'w5': 0.424, 'w6': 0.9540000000000001, 'w7': 0.195, 'w8': 0.973, 'max_depth': 10, 'min_child_weight': 2, 'subsample': 0.4, 'colsample_bytree': 0.8, 'gamma': 0.4}. Best is trial 620 with value: 0.41707743528659197.
[I 2023-10-21 05:22:13,224] Trial 690 finished with value: 0.40454536123967616 and parameters: {'w0': 0.159, 'w1': 0.9590000000000001, 'w2': 0.35200000000000004, 'w3': 0.74, 'w4': 0.929, 'w5': 0.34700000000000003, 'w6': 0.972, 'w7': 0.091, 'w8': 0.973, 'max_depth': 10, 'min_child_weight': 2, 'subsample': 0.4, 'colsample_bytree': 0.8, 'gamma': 0.4}. Best is trial 620 with value: 0.41707743528659197.
[I 2023-10-21 05:22:33,233] Trial 699 finished with value: 0.39621406094199596 and parameters: {'w0': 0.147, 'w1': 0.9560000000000001, 'w2': 0.27, 'w3': 0.739, 'w4': 0.907, 'w5': 0.34400000000000003, 'w6': 0.975, 'w7': 0.078, 'w8': 0.983, 'max_depth': 5, 'min_child_weight': 2, 'subsample': 0.30000000000000004, 'colsample_bytree': 0.8, 'gamma': 0.4}. Best is trial 620 with value: 0.41707743528659197.
[I 2023-10-21 05:23:26,420] Trial 691 finished with value: 0.3952913828838262 and parameters: {'w0': 0.261, 'w1': 0.9570000000000001, 'w2': 0.367, 'w3': 0.769, 'w4': 0.928, 'w5': 0.343, 'w6': 0.976, 'w7': 0.07200000000000001, 'w8': 0.976, 'max_depth': 10, 'min_child_weight': 2, 'subsample': 0.30000000000000004, 'colsample_bytree': 0.8, 'gamma': 0.4}. Best is trial 620 with value: 0.41707743528659197.
[I 2023-10-21 05:23:29,591] Trial 692 finished with value: 0.40538956813007515 and parameters: {'w0': 0.194, 'w1': 0.9580000000000001, 'w2': 0.29, 'w3': 0.67, 'w4': 0.928, 'w5': 0.41700000000000004, 'w6': 0.9540000000000001, 'w7': 0.07100000000000001, 'w8': 0.935, 'max_depth': 10, 'min_child_weight': 2, 'subsample': 0.30000000000000004, 'colsample_bytree': 0.8, 'gamma': 0.4}. Best is trial 620 with value: 0.41707743528659197.
[I 2023-10-21 05:24:59,699] Trial 701 finished with value: 0.3746370662383756 and parameters: {'w0': 0.151, 'w1': 0.9560000000000001, 'w2': 0.274, 'w3': 0.764, 'w4': 0.904, 'w5': 0.343, 'w6': 0.974, 'w7': 0.036000000000000004, 'w8': 0.99, 'max_depth': 5, 'min_child_weight': 2, 'subsample': 0.30000000000000004, 'colsample_bytree': 0.8, 'gamma': 0.6000000000000001}. Best is trial 620 with value: 0.41707743528659197.
[I 2023-10-21 05:25:40,013] Trial 694 finished with value: 0.3994649959792732 and parameters: {'w0': 0.196, 'w1': 0.9580000000000001, 'w2': 0.361, 'w3': 0.737, 'w4': 0.906, 'w5': 0.419, 'w6': 0.9540000000000001, 'w7': 0.07, 'w8': 0.647, 'max_depth': 10, 'min_child_weight': 2, 'subsample': 0.30000000000000004, 'colsample_bytree': 0.8, 'gamma': 0.6000000000000001}. Best is trial 620 with value: 0.41707743528659197.
