[I 2023-10-18 23:19:53,619] Trial 1035 finished with value: 0.5231401166953278 and parameters: {'w0': 0.10300000000000001, 'w1': 0.9540000000000001, 'w2': 0.139, 'w3': 0.182, 'w4': 0.844, 'w5': 0.8250000000000001, 'w6': 0.295, 'w7': 0.079, 'w8': 0.967, 'max_depth': 10, 'min_child_weight': 14, 'subsample': 1.0, 'colsample_bytree': 0.6000000000000001, 'gamma': 0.4}. Best is trial 796 with value: 0.5427258797393881.
[I 2023-10-18 23:20:15,182] Trial 1036 finished with value: 0.5240199648693236 and parameters: {'w0': 0.10500000000000001, 'w1': 0.888, 'w2': 0.139, 'w3': 0.17500000000000002, 'w4': 0.85, 'w5': 0.8220000000000001, 'w6': 0.28900000000000003, 'w7': 0.076, 'w8': 0.967, 'max_depth': 10, 'min_child_weight': 14, 'subsample': 1.0, 'colsample_bytree': 0.6000000000000001, 'gamma': 0.4}. Best is trial 796 with value: 0.5427258797393881.
[I 2023-10-18 23:20:42,627] Trial 1038 finished with value: 0.5145787879859994 and parameters: {'w0': 0.106, 'w1': 0.884, 'w2': 0.14, 'w3': 0.155, 'w4': 0.834, 'w5': 0.8220000000000001, 'w6': 0.293, 'w7': 0.07, 'w8': 0.967, 'max_depth': 10, 'min_child_weight': 14, 'subsample': 1.0, 'colsample_bytree': 0.6000000000000001, 'gamma': 0.4}. Best is trial 796 with value: 0.5427258797393881.
[I 2023-10-18 23:21:01,602] Trial 1040 finished with value: 0.4421282854586863 and parameters: {'w0': 0.07100000000000001, 'w1': 0.887, 'w2': 0.135, 'w3': 0.153, 'w4': 0.808, 'w5': 0.8240000000000001, 'w6': 0.28700000000000003, 'w7': 0.363, 'w8': 0.966, 'max_depth': 10, 'min_child_weight': 14, 'subsample': 1.0, 'colsample_bytree': 0.6000000000000001, 'gamma': 2.6}. Best is trial 796 with value: 0.5427258797393881.
[I 2023-10-18 23:22:32,196] Trial 1032 finished with value: 0.5268986076167747 and parameters: {'w0': 0.107, 'w1': 0.893, 'w2': 0.135, 'w3': 0.178, 'w4': 0.8330000000000001, 'w5': 0.894, 'w6': 0.29, 'w7': 0.077, 'w8': 0.256, 'max_depth': 10, 'min_child_weight': 14, 'subsample': 0.9000000000000001, 'colsample_bytree': 0.6000000000000001, 'gamma': 0.4}. Best is trial 796 with value: 0.5427258797393881.
[I 2023-10-18 23:23:32,843] Trial 1039 finished with value: 0.5282503186731197 and parameters: {'w0': 0.084, 'w1': 0.894, 'w2': 0.10200000000000001, 'w3': 0.167, 'w4': 0.47800000000000004, 'w5': 0.8240000000000001, 'w6': 0.746, 'w7': 0.081, 'w8': 0.331, 'max_depth': 10, 'min_child_weight': 14, 'subsample': 1.0, 'colsample_bytree': 0.6000000000000001, 'gamma': 0.2}. Best is trial 796 with value: 0.5427258797393881.
[I 2023-10-18 23:26:43,423] Trial 1041 finished with value: 0.529309705396401 and parameters: {'w0': 0.08, 'w1': 0.891, 'w2': 0.1, 'w3': 0.152, 'w4': 0.801, 'w5': 0.8170000000000001, 'w6': 0.29, 'w7': 0.074, 'w8': 0.961, 'max_depth': 10, 'min_child_weight': 14, 'subsample': 1.0, 'colsample_bytree': 0.6000000000000001, 'gamma': 0.2}. Best is trial 796 with value: 0.5427258797393881.
[I 2023-10-18 23:28:14,320] Trial 1043 finished with value: 0.5220345865079444 and parameters: {'w0': 0.10400000000000001, 'w1': 0.887, 'w2': 0.137, 'w3': 0.153, 'w4': 0.868, 'w5': 0.8290000000000001, 'w6': 0.291, 'w7': 0.07200000000000001, 'w8': 0.965, 'max_depth': 10, 'min_child_weight': 20, 'subsample': 1.0, 'colsample_bytree': 0.6000000000000001, 'gamma': 0.2}. Best is trial 796 with value: 0.5427258797393881.
[I 2023-10-18 23:29:47,763] Trial 1045 finished with value: 0.5284044429901171 and parameters: {'w0': 0.26, 'w1': 0.871, 'w2': 0.10200000000000001, 'w3': 0.151, 'w4': 0.865, 'w5': 0.8250000000000001, 'w6': 0.47700000000000004, 'w7': 0.077, 'w8': 0.966, 'max_depth': 10, 'min_child_weight': 20, 'subsample': 1.0, 'colsample_bytree': 0.6000000000000001, 'gamma': 0.2}. Best is trial 796 with value: 0.5427258797393881.
[I 2023-10-18 23:31:04,344] Trial 1042 finished with value: 0.5253466875947735 and parameters: {'w0': 0.046, 'w1': 0.89, 'w2': 0.135, 'w3': 0.156, 'w4': 0.842, 'w5': 0.8250000000000001, 'w6': 0.299, 'w7': 0.076, 'w8': 0.41500000000000004, 'max_depth': 10, 'min_child_weight': 20, 'subsample': 0.9000000000000001, 'colsample_bytree': 0.6000000000000001, 'gamma': 0.2}. Best is trial 796 with value: 0.5427258797393881.
[I 2023-10-18 23:33:11,500] Trial 1044 finished with value: 0.5399688097839728 and parameters: {'w0': 0.107, 'w1': 0.891, 'w2': 0.101, 'w3': 0.155, 'w4': 0.798, 'w5': 0.8300000000000001, 'w6': 0.47700000000000004, 'w7': 0.077, 'w8': 0.806, 'max_depth': 10, 'min_child_weight': 20, 'subsample': 0.9000000000000001, 'colsample_bytree': 0.6000000000000001, 'gamma': 0.2}. Best is trial 796 with value: 0.5427258797393881.
[I 2023-10-18 23:35:01,830] Trial 1047 finished with value: 0.5303459476705177 and parameters: {'w0': 0.281, 'w1': 0.871, 'w2': 0.101, 'w3': 0.149, 'w4': 0.741, 'w5': 0.8170000000000001, 'w6': 0.291, 'w7': 0.08, 'w8': 0.795, 'max_depth': 10, 'min_child_weight': 20, 'subsample': 0.9000000000000001, 'colsample_bytree': 0.6000000000000001, 'gamma': 0.2}. Best is trial 796 with value: 0.5427258797393881.
[I 2023-10-18 23:35:07,857] Trial 1048 finished with value: 0.5357906828148675 and parameters: {'w0': 0.168, 'w1': 0.865, 'w2': 0.074, 'w3': 0.153, 'w4': 0.809, 'w5': 0.8210000000000001, 'w6': 0.31, 'w7': 0.08, 'w8': 0.963, 'max_depth': 10, 'min_child_weight': 20, 'subsample': 0.9000000000000001, 'colsample_bytree': 0.6000000000000001, 'gamma': 0.2}. Best is trial 796 with value: 0.5427258797393881.
[I 2023-10-18 23:35:34,056] Trial 1046 finished with value: 0.536031414183588 and parameters: {'w0': 0.221, 'w1': 0.864, 'w2': 0.10300000000000001, 'w3': 0.583, 'w4': 0.803, 'w5': 0.8260000000000001, 'w6': 0.47400000000000003, 'w7': 0.082, 'w8': 0.93, 'max_depth': 10, 'min_child_weight': 20, 'subsample': 0.9000000000000001, 'colsample_bytree': 0.6000000000000001, 'gamma': 0.2}. Best is trial 796 with value: 0.5427258797393881.
[I 2023-10-18 23:36:19,585] Trial 1049 finished with value: 0.5245660607731485 and parameters: {'w0': 0.169, 'w1': 0.866, 'w2': 0.077, 'w3': 0.154, 'w4': 0.803, 'w5': 0.8230000000000001, 'w6': 0.47500000000000003, 'w7': 0.135, 'w8': 0.93, 'max_depth': 10, 'min_child_weight': 20, 'subsample': 0.9000000000000001, 'colsample_bytree': 0.6000000000000001, 'gamma': 0.2}. Best is trial 796 with value: 0.5427258797393881.
[I 2023-10-18 23:36:42,612] Trial 1050 finished with value: 0.5292595447694413 and parameters: {'w0': 0.17, 'w1': 0.904, 'w2': 0.10200000000000001, 'w3': 0.14500000000000002, 'w4': 0.802, 'w5': 0.8200000000000001, 'w6': 0.304, 'w7': 0.133, 'w8': 0.93, 'max_depth': 10, 'min_child_weight': 20, 'subsample': 0.9000000000000001, 'colsample_bytree': 0.6000000000000001, 'gamma': 0.2}. Best is trial 796 with value: 0.5427258797393881.
[I 2023-10-18 23:37:12,803] Trial 1051 finished with value: 0.5278408398508324 and parameters: {'w0': 0.17200000000000001, 'w1': 0.871, 'w2': 0.082, 'w3': 0.14400000000000002, 'w4': 0.804, 'w5': 0.8260000000000001, 'w6': 0.47800000000000004, 'w7': 0.131, 'w8': 0.803, 'max_depth': 10, 'min_child_weight': 20, 'subsample': 0.9000000000000001, 'colsample_bytree': 0.6000000000000001, 'gamma': 0.2}. Best is trial 796 with value: 0.5427258797393881.
[I 2023-10-18 23:37:37,699] Trial 1052 finished with value: 0.5314963828164743 and parameters: {'w0': 0.17200000000000001, 'w1': 0.867, 'w2': 0.099, 'w3': 0.149, 'w4': 0.747, 'w5': 0.8220000000000001, 'w6': 0.746, 'w7': 0.125, 'w8': 0.809, 'max_depth': 10, 'min_child_weight': 20, 'subsample': 0.9000000000000001, 'colsample_bytree': 0.6000000000000001, 'gamma': 0.2}. Best is trial 796 with value: 0.5427258797393881.
[I 2023-10-18 23:37:52,243] Trial 1053 finished with value: 0.5310205118885702 and parameters: {'w0': 0.17300000000000001, 'w1': 0.866, 'w2': 0.10400000000000001, 'w3': 0.134, 'w4': 0.812, 'w5': 0.8300000000000001, 'w6': 0.461, 'w7': 0.134, 'w8': 0.934, 'max_depth': 10, 'min_child_weight': 20, 'subsample': 0.9000000000000001, 'colsample_bytree': 0.6000000000000001, 'gamma': 0.2}. Best is trial 796 with value: 0.5427258797393881.
[I 2023-10-18 23:38:18,201] Trial 1054 finished with value: 0.5321311101892408 and parameters: {'w0': 0.219, 'w1': 0.861, 'w2': 0.10200000000000001, 'w3': 0.136, 'w4': 0.799, 'w5': 0.8170000000000001, 'w6': 0.465, 'w7': 0.129, 'w8': 0.929, 'max_depth': 10, 'min_child_weight': 20, 'subsample': 0.9000000000000001, 'colsample_bytree': 0.6000000000000001, 'gamma': 0.2}. Best is trial 796 with value: 0.5427258797393881.
[I 2023-10-18 23:39:11,675] Trial 1057 finished with value: 0.529642241066234 and parameters: {'w0': 0.264, 'w1': 0.866, 'w2': 0.099, 'w3': 0.28700000000000003, 'w4': 0.741, 'w5': 0.8270000000000001, 'w6': 0.466, 'w7': 0.135, 'w8': 0.929, 'max_depth': 5, 'min_child_weight': 20, 'subsample': 0.9000000000000001, 'colsample_bytree': 0.6000000000000001, 'gamma': 0.2}. Best is trial 796 with value: 0.5427258797393881.
[I 2023-10-18 23:39:51,580] Trial 1055 finished with value: 0.5326338734490502 and parameters: {'w0': 0.22, 'w1': 0.866, 'w2': 0.101, 'w3': 0.136, 'w4': 0.811, 'w5': 0.8260000000000001, 'w6': 0.31, 'w7': 0.127, 'w8': 0.928, 'max_depth': 10, 'min_child_weight': 20, 'subsample': 0.9000000000000001, 'colsample_bytree': 0.6000000000000001, 'gamma': 0.2}. Best is trial 796 with value: 0.5427258797393881.
[I 2023-10-18 23:40:23,509] Trial 1056 finished with value: 0.5241182794428235 and parameters: {'w0': 0.17500000000000002, 'w1': 0.867, 'w2': 0.076, 'w3': 0.14, 'w4': 0.8, 'w5': 0.8250000000000001, 'w6': 0.198, 'w7': 0.11900000000000001, 'w8': 0.93, 'max_depth': 10, 'min_child_weight': 20, 'subsample': 0.9000000000000001, 'colsample_bytree': 0.6000000000000001, 'gamma': 0.2}. Best is trial 796 with value: 0.5427258797393881.
[I 2023-10-18 23:42:11,730] Trial 1063 finished with value: 0.49083315903708413 and parameters: {'w0': 0.219, 'w1': 0.911, 'w2': 0.082, 'w3': 0.5720000000000001, 'w4': 0.811, 'w5': 0.867, 'w6': 0.454, 'w7': 0.127, 'w8': 0.921, 'max_depth': 10, 'min_child_weight': 18, 'subsample': 0.9000000000000001, 'colsample_bytree': 0.6000000000000001, 'gamma': 3.0}. Best is trial 796 with value: 0.5427258797393881.
[I 2023-10-18 23:45:25,257] Trial 1058 finished with value: 0.5229982179966421 and parameters: {'w0': 0.224, 'w1': 0.859, 'w2': 0.081, 'w3': 0.278, 'w4': 0.74, 'w5': 0.8140000000000001, 'w6': 0.211, 'w7': 0.134, 'w8': 0.928, 'max_depth': 10, 'min_child_weight': 20, 'subsample': 0.9000000000000001, 'colsample_bytree': 0.6000000000000001, 'gamma': 0.0}. Best is trial 796 with value: 0.5427258797393881.
[I 2023-10-18 23:47:59,261] Trial 1059 finished with value: 0.5253724249763997 and parameters: {'w0': 0.223, 'w1': 0.87, 'w2': 0.076, 'w3': 0.234, 'w4': 0.74, 'w5': 0.86, 'w6': 0.483, 'w7': 0.124, 'w8': 0.935, 'max_depth': 10, 'min_child_weight': 20, 'subsample': 0.9000000000000001, 'colsample_bytree': 0.6000000000000001, 'gamma': 0.0}. Best is trial 796 with value: 0.5427258797393881.
[I 2023-10-18 23:48:56,667] Trial 1060 finished with value: 0.5226982798866325 and parameters: {'w0': 0.169, 'w1': 0.869, 'w2': 0.07300000000000001, 'w3': 0.279, 'w4': 0.74, 'w5': 0.8130000000000001, 'w6': 0.20600000000000002, 'w7': 0.135, 'w8': 0.928, 'max_depth': 10, 'min_child_weight': 18, 'subsample': 0.9000000000000001, 'colsample_bytree': 0.6000000000000001, 'gamma': 0.0}. Best is trial 796 with value: 0.5427258797393881.
[I 2023-10-18 23:51:11,565] Trial 1061 finished with value: 0.5251712020588685 and parameters: {'w0': 0.168, 'w1': 0.867, 'w2': 0.07300000000000001, 'w3': 0.122, 'w4': 0.8, 'w5': 0.859, 'w6': 0.461, 'w7': 0.126, 'w8': 0.857, 'max_depth': 10, 'min_child_weight': 18, 'subsample': 0.9000000000000001, 'colsample_bytree': 0.6000000000000001, 'gamma': 0.0}. Best is trial 796 with value: 0.5427258797393881.
[I 2023-10-18 23:53:14,648] Trial 1062 finished with value: 0.5230870887720724 and parameters: {'w0': 0.221, 'w1': 0.909, 'w2': 0.075, 'w3': 0.139, 'w4': 0.803, 'w5': 0.866, 'w6': 0.453, 'w7': 0.132, 'w8': 0.852, 'max_depth': 10, 'min_child_weight': 18, 'subsample': 0.9000000000000001, 'colsample_bytree': 0.6000000000000001, 'gamma': 0.0}. Best is trial 796 with value: 0.5427258797393881.
[I 2023-10-18 23:53:16,509] Trial 1064 finished with value: 0.5005078610993599 and parameters: {'w0': 0.165, 'w1': 0.907, 'w2': 0.07300000000000001, 'w3': 0.13, 'w4': 0.159, 'w5': 0.868, 'w6': 0.46900000000000003, 'w7': 0.126, 'w8': 0.767, 'max_depth': 10, 'min_child_weight': 18, 'subsample': 0.9000000000000001, 'colsample_bytree': 0.6000000000000001, 'gamma': 0.0}. Best is trial 796 with value: 0.5427258797393881.
[I 2023-10-18 23:54:33,057] Trial 1065 finished with value: 0.5274060465960958 and parameters: {'w0': 0.14, 'w1': 0.864, 'w2': 0.075, 'w3': 0.11800000000000001, 'w4': 0.8130000000000001, 'w5': 0.863, 'w6': 0.446, 'w7': 0.131, 'w8': 0.8250000000000001, 'max_depth': 10, 'min_child_weight': 18, 'subsample': 0.9000000000000001, 'colsample_bytree': 0.6000000000000001, 'gamma': 0.0}. Best is trial 796 with value: 0.5427258797393881.
[I 2023-10-18 23:54:38,808] Trial 1066 finished with value: 0.5302323997188191 and parameters: {'w0': 0.139, 'w1': 0.904, 'w2': 0.077, 'w3': 0.124, 'w4': 0.795, 'w5': 0.851, 'w6': 0.454, 'w7': 0.126, 'w8': 0.764, 'max_depth': 10, 'min_child_weight': 18, 'subsample': 0.9000000000000001, 'colsample_bytree': 0.6000000000000001, 'gamma': 0.0}. Best is trial 796 with value: 0.5427258797393881.
[I 2023-10-18 23:54:48,390] Trial 1068 finished with value: 0.527640844703543 and parameters: {'w0': 0.14, 'w1': 0.901, 'w2': 0.077, 'w3': 0.139, 'w4': 0.8150000000000001, 'w5': 0.866, 'w6': 0.133, 'w7': 0.11, 'w8': 0.844, 'max_depth': 10, 'min_child_weight': 18, 'subsample': 0.9000000000000001, 'colsample_bytree': 0.6000000000000001, 'gamma': 0.0}. Best is trial 796 with value: 0.5427258797393881.
[I 2023-10-18 23:55:14,892] Trial 1070 finished with value: 0.5290859565891198 and parameters: {'w0': 0.053000000000000005, 'w1': 0.913, 'w2': 0.074, 'w3': 0.10200000000000001, 'w4': 0.756, 'w5': 0.864, 'w6': 0.213, 'w7': 0.101, 'w8': 0.75, 'max_depth': 10, 'min_child_weight': 18, 'subsample': 0.9000000000000001, 'colsample_bytree': 0.6000000000000001, 'gamma': 0.0}. Best is trial 796 with value: 0.5427258797393881.
[I 2023-10-18 23:55:27,415] Trial 1067 finished with value: 0.5340395976288732 and parameters: {'w0': 0.14, 'w1': 0.903, 'w2': 0.078, 'w3': 0.122, 'w4': 0.8180000000000001, 'w5': 0.962, 'w6': 0.449, 'w7': 0.111, 'w8': 0.926, 'max_depth': 10, 'min_child_weight': 18, 'subsample': 0.9000000000000001, 'colsample_bytree': 0.6000000000000001, 'gamma': 0.0}. Best is trial 796 with value: 0.5427258797393881.
[I 2023-10-18 23:55:29,316] Trial 1069 finished with value: 0.5245876664506386 and parameters: {'w0': 0.218, 'w1': 0.909, 'w2': 0.07300000000000001, 'w3': 0.123, 'w4': 0.762, 'w5': 0.862, 'w6': 0.20800000000000002, 'w7': 0.109, 'w8': 0.861, 'max_depth': 10, 'min_child_weight': 18, 'subsample': 0.9000000000000001, 'colsample_bytree': 0.6000000000000001, 'gamma': 0.0}. Best is trial 796 with value: 0.5427258797393881.
[I 2023-10-18 23:57:13,270] Trial 1071 finished with value: 0.5307880806145768 and parameters: {'w0': 0.138, 'w1': 0.902, 'w2': 0.066, 'w3': 0.127, 'w4': 0.764, 'w5': 0.859, 'w6': 0.444, 'w7': 0.107, 'w8': 0.849, 'max_depth': 10, 'min_child_weight': 18, 'subsample': 0.9000000000000001, 'colsample_bytree': 0.6000000000000001, 'gamma': 0.0}. Best is trial 796 with value: 0.5427258797393881.
[I 2023-10-18 23:57:24,741] Trial 1073 finished with value: 0.49074680517534 and parameters: {'w0': 0.139, 'w1': 0.91, 'w2': 0.07300000000000001, 'w3': 0.11800000000000001, 'w4': 0.14, 'w5': 0.861, 'w6': 0.211, 'w7': 0.159, 'w8': 0.8280000000000001, 'max_depth': 10, 'min_child_weight': 18, 'subsample': 0.9000000000000001, 'colsample_bytree': 0.6000000000000001, 'gamma': 0.0}. Best is trial 796 with value: 0.5427258797393881.
[I 2023-10-18 23:58:48,082] Trial 1072 finished with value: 0.4396822482633431 and parameters: {'w0': 0.14, 'w1': 0.915, 'w2': 0.068, 'w3': 0.135, 'w4': 0.16, 'w5': 0.86, 'w6': 0.52, 'w7': 0.868, 'w8': 0.835, 'max_depth': 10, 'min_child_weight': 18, 'subsample': 0.9000000000000001, 'colsample_bytree': 0.6000000000000001, 'gamma': 0.0}. Best is trial 796 with value: 0.5427258797393881.
[I 2023-10-18 23:59:18,454] Trial 1074 finished with value: 0.502369195410129 and parameters: {'w0': 0.138, 'w1': 0.906, 'w2': 0.067, 'w3': 0.132, 'w4': 0.177, 'w5': 0.862, 'w6': 0.445, 'w7': 0.10400000000000001, 'w8': 0.858, 'max_depth': 10, 'min_child_weight': 18, 'subsample': 0.9000000000000001, 'colsample_bytree': 0.6000000000000001, 'gamma': 0.0}. Best is trial 796 with value: 0.5427258797393881.
[I 2023-10-19 00:01:31,710] Trial 1085 finished with value: 0.46671031382441264 and parameters: {'w0': 0.117, 'w1': 0.8300000000000001, 'w2': 0.117, 'w3': 0.219, 'w4': 0.767, 'w5': 0.917, 'w6': 0.397, 'w7': 0.047, 'w8': 0.9, 'max_depth': 10, 'min_child_weight': 12, 'subsample': 0.9000000000000001, 'colsample_bytree': 0.6000000000000001, 'gamma': 7.2}. Best is trial 796 with value: 0.5427258797393881.
[I 2023-10-19 00:03:20,378] Trial 1075 finished with value: 0.5274674964393049 and parameters: {'w0': 0.14, 'w1': 0.918, 'w2': 0.07200000000000001, 'w3': 0.122, 'w4': 0.758, 'w5': 0.853, 'w6': 0.455, 'w7': 0.10500000000000001, 'w8': 0.86, 'max_depth': 10, 'min_child_weight': 18, 'subsample': 0.9000000000000001, 'colsample_bytree': 0.6000000000000001, 'gamma': 0.0}. Best is trial 796 with value: 0.5427258797393881.
[I 2023-10-19 00:05:54,061] Trial 1077 finished with value: 0.5097572366548802 and parameters: {'w0': 0.139, 'w1': 0.907, 'w2': 0.187, 'w3': 0.106, 'w4': 0.766, 'w5': 0.082, 'w6': 0.45, 'w7': 0.106, 'w8': 0.904, 'max_depth': 10, 'min_child_weight': 18, 'subsample': 0.9000000000000001, 'colsample_bytree': 0.6000000000000001, 'gamma': 0.0}. Best is trial 796 with value: 0.5427258797393881.
[I 2023-10-19 00:06:21,174] Trial 1078 finished with value: 0.5091340764527421 and parameters: {'w0': 0.14100000000000001, 'w1': 0.912, 'w2': 0.196, 'w3': 0.126, 'w4': 0.305, 'w5': 0.861, 'w6': 0.521, 'w7': 0.10200000000000001, 'w8': 0.859, 'max_depth': 10, 'min_child_weight': 18, 'subsample': 0.9000000000000001, 'colsample_bytree': 0.6000000000000001, 'gamma': 0.4}. Best is trial 796 with value: 0.5427258797393881.
[I 2023-10-19 00:06:31,284] Trial 1076 finished with value: 0.5318951226846185 and parameters: {'w0': 0.14200000000000002, 'w1': 0.912, 'w2': 0.192, 'w3': 0.129, 'w4': 0.759, 'w5': 0.863, 'w6': 0.445, 'w7': 0.108, 'w8': 0.866, 'max_depth': 10, 'min_child_weight': 18, 'subsample': 0.9000000000000001, 'colsample_bytree': 0.6000000000000001, 'gamma': 0.0}. Best is trial 796 with value: 0.5427258797393881.
[I 2023-10-19 00:08:04,238] Trial 1080 finished with value: 0.5201878229120407 and parameters: {'w0': 0.048, 'w1': 0.908, 'w2': 0.187, 'w3': 0.219, 'w4': 0.76, 'w5': 0.854, 'w6': 0.398, 'w7': 0.10500000000000001, 'w8': 0.841, 'max_depth': 10, 'min_child_weight': 18, 'subsample': 0.9000000000000001, 'colsample_bytree': 0.6000000000000001, 'gamma': 0.4}. Best is trial 796 with value: 0.5427258797393881.
[I 2023-10-19 00:09:01,619] Trial 1083 finished with value: 0.5086810907314369 and parameters: {'w0': 0.053000000000000005, 'w1': 0.837, 'w2': 0.177, 'w3': 0.219, 'w4': 0.762, 'w5': 0.966, 'w6': 0.398, 'w7': 0.054, 'w8': 0.89, 'max_depth': 10, 'min_child_weight': 18, 'subsample': 0.9000000000000001, 'colsample_bytree': 0.6000000000000001, 'gamma': 0.4}. Best is trial 796 with value: 0.5427258797393881.
[I 2023-10-19 00:09:12,576] Trial 1086 finished with value: 0.5147846457416907 and parameters: {'w0': 0.117, 'w1': 0.835, 'w2': 0.11, 'w3': 0.216, 'w4': 0.302, 'w5': 0.785, 'w6': 0.35000000000000003, 'w7': 0.048, 'w8': 0.894, 'max_depth': 10, 'min_child_weight': 12, 'subsample': 0.9000000000000001, 'colsample_bytree': 0.6000000000000001, 'gamma': 0.4}. Best is trial 796 with value: 0.5427258797393881.
[I 2023-10-19 00:09:28,533] Trial 1084 finished with value: 0.47879751191054065 and parameters: {'w0': 0.121, 'w1': 0.838, 'w2': 0.184, 'w3': 0.222, 'w4': 0.762, 'w5': 0.848, 'w6': 0.401, 'w7': 0.163, 'w8': 0.032, 'max_depth': 10, 'min_child_weight': 18, 'subsample': 0.9000000000000001, 'colsample_bytree': 0.6000000000000001, 'gamma': 0.4}. Best is trial 796 with value: 0.5427258797393881.
[I 2023-10-19 00:10:06,656] Trial 1079 finished with value: 0.4985791015252398 and parameters: {'w0': 0.14200000000000002, 'w1': 0.908, 'w2': 0.626, 'w3': 0.217, 'w4': 0.759, 'w5': 0.857, 'w6': 0.399, 'w7': 0.10500000000000001, 'w8': 0.898, 'max_depth': 10, 'min_child_weight': 18, 'subsample': 0.5, 'colsample_bytree': 0.6000000000000001, 'gamma': 0.4}. Best is trial 796 with value: 0.5427258797393881.
[I 2023-10-19 00:10:21,490] Trial 1082 finished with value: 0.5067601238182117 and parameters: {'w0': 0.041, 'w1': 0.909, 'w2': 0.185, 'w3': 0.215, 'w4': 0.764, 'w5': 0.968, 'w6': 0.587, 'w7': 0.161, 'w8': 0.858, 'max_depth': 10, 'min_child_weight': 18, 'subsample': 0.9000000000000001, 'colsample_bytree': 0.6000000000000001, 'gamma': 0.4}. Best is trial 796 with value: 0.5427258797393881.
[I 2023-10-19 00:10:39,179] Trial 1087 finished with value: 0.5247480953914949 and parameters: {'w0': 0.113, 'w1': 0.834, 'w2': 0.111, 'w3': 0.219, 'w4': 0.7000000000000001, 'w5': 0.786, 'w6': 0.334, 'w7': 0.051000000000000004, 'w8': 0.499, 'max_depth': 10, 'min_child_weight': 12, 'subsample': 0.9000000000000001, 'colsample_bytree': 0.6000000000000001, 'gamma': 0.4}. Best is trial 796 with value: 0.5427258797393881.
[I 2023-10-19 00:11:47,745] Trial 1089 finished with value: 0.4947918498427721 and parameters: {'w0': 0.112, 'w1': 0.8330000000000001, 'w2': 0.115, 'w3': 0.219, 'w4': 0.766, 'w5': 0.063, 'w6': 0.619, 'w7': 0.049, 'w8': 0.9540000000000001, 'max_depth': 10, 'min_child_weight': 12, 'subsample': 0.9000000000000001, 'colsample_bytree': 0.6000000000000001, 'gamma': 0.4}. Best is trial 796 with value: 0.5427258797393881.
