[I 2023-10-21 05:25:45,695] Trial 693 finished with value: 0.40846519837197043 and parameters: {'w0': 0.195, 'w1': 0.9580000000000001, 'w2': 0.365, 'w3': 0.765, 'w4': 0.931, 'w5': 0.34600000000000003, 'w6': 0.976, 'w7': 0.20600000000000002, 'w8': 0.977, 'max_depth': 10, 'min_child_weight': 2, 'subsample': 0.30000000000000004, 'colsample_bytree': 0.8, 'gamma': 0.4}. Best is trial 620 with value: 0.41707743528659197.
[I 2023-10-21 05:29:10,466] Trial 695 finished with value: 0.4125188839159122 and parameters: {'w0': 0.196, 'w1': 0.9570000000000001, 'w2': 0.279, 'w3': 0.748, 'w4': 0.935, 'w5': 0.343, 'w6': 0.972, 'w7': 0.194, 'w8': 0.973, 'max_depth': 10, 'min_child_weight': 2, 'subsample': 0.30000000000000004, 'colsample_bytree': 0.8, 'gamma': 0.6000000000000001}. Best is trial 620 with value: 0.41707743528659197.
[I 2023-10-21 05:29:44,674] Trial 696 finished with value: 0.3983189202298668 and parameters: {'w0': 0.166, 'w1': 0.9550000000000001, 'w2': 0.295, 'w3': 0.775, 'w4': 0.914, 'w5': 0.34700000000000003, 'w6': 0.973, 'w7': 0.066, 'w8': 0.2, 'max_depth': 10, 'min_child_weight': 2, 'subsample': 0.4, 'colsample_bytree': 0.8, 'gamma': 0.4}. Best is trial 620 with value: 0.41707743528659197.
[I 2023-10-21 05:31:32,554] Trial 698 finished with value: 0.4076579947353277 and parameters: {'w0': 0.166, 'w1': 0.9570000000000001, 'w2': 0.27, 'w3': 0.776, 'w4': 0.907, 'w5': 0.34700000000000003, 'w6': 0.969, 'w7': 0.188, 'w8': 0.975, 'max_depth': 10, 'min_child_weight': 2, 'subsample': 0.30000000000000004, 'colsample_bytree': 0.8, 'gamma': 0.6000000000000001}. Best is trial 620 with value: 0.41707743528659197.
[I 2023-10-21 05:31:33,717] Trial 697 finished with value: 0.41036132300768174 and parameters: {'w0': 0.163, 'w1': 0.9560000000000001, 'w2': 0.266, 'w3': 0.795, 'w4': 0.905, 'w5': 0.41600000000000004, 'w6': 0.974, 'w7': 0.21, 'w8': 0.976, 'max_depth': 10, 'min_child_weight': 2, 'subsample': 0.4, 'colsample_bytree': 0.8, 'gamma': 0.6000000000000001}. Best is trial 620 with value: 0.41707743528659197.
[I 2023-10-21 05:33:20,056] Trial 705 finished with value: 0.3824559505065582 and parameters: {'w0': 0.152, 'w1': 0.9590000000000001, 'w2': 0.308, 'w3': 0.781, 'w4': 0.912, 'w5': 0.357, 'w6': 0.977, 'w7': 0.045, 'w8': 0.982, 'max_depth': 5, 'min_child_weight': 2, 'subsample': 0.4, 'colsample_bytree': 0.8, 'gamma': 0.6000000000000001}. Best is trial 620 with value: 0.41707743528659197.
[I 2023-10-21 05:33:53,702] Trial 702 finished with value: 0.40604696431890286 and parameters: {'w0': 0.146, 'w1': 0.965, 'w2': 0.272, 'w3': 0.782, 'w4': 0.902, 'w5': 0.34600000000000003, 'w6': 0.974, 'w7': 0.077, 'w8': 0.98, 'max_depth': 10, 'min_child_weight': 2, 'subsample': 0.30000000000000004, 'colsample_bytree': 0.8, 'gamma': 0.6000000000000001}. Best is trial 620 with value: 0.41707743528659197.
[I 2023-10-21 05:34:44,748] Trial 700 finished with value: 0.411904265413826 and parameters: {'w0': 0.147, 'w1': 0.9550000000000001, 'w2': 0.28400000000000003, 'w3': 0.783, 'w4': 0.906, 'w5': 0.335, 'w6': 0.972, 'w7': 0.191, 'w8': 0.981, 'max_depth': 10, 'min_child_weight': 2, 'subsample': 0.30000000000000004, 'colsample_bytree': 0.8, 'gamma': 0.6000000000000001}. Best is trial 620 with value: 0.41707743528659197.
[I 2023-10-21 05:39:33,652] Trial 703 finished with value: 0.3985484188942751 and parameters: {'w0': 0.14400000000000002, 'w1': 0.9550000000000001, 'w2': 0.275, 'w3': 0.785, 'w4': 0.905, 'w5': 0.334, 'w6': 0.974, 'w7': 0.058, 'w8': 0.983, 'max_depth': 10, 'min_child_weight': 2, 'subsample': 0.30000000000000004, 'colsample_bytree': 0.8, 'gamma': 0.6000000000000001}. Best is trial 620 with value: 0.41707743528659197.
[I 2023-10-21 05:42:25,330] Trial 704 finished with value: 0.40527404105752 and parameters: {'w0': 0.152, 'w1': 0.9530000000000001, 'w2': 0.272, 'w3': 0.788, 'w4': 0.906, 'w5': 0.358, 'w6': 0.979, 'w7': 0.227, 'w8': 0.981, 'max_depth': 10, 'min_child_weight': 2, 'subsample': 0.30000000000000004, 'colsample_bytree': 0.8, 'gamma': 0.6000000000000001}. Best is trial 620 with value: 0.41707743528659197.
[I 2023-10-21 05:43:51,038] Trial 706 finished with value: 0.39518151506842303 and parameters: {'w0': 0.138, 'w1': 0.9530000000000001, 'w2': 0.257, 'w3': 0.791, 'w4': 0.898, 'w5': 0.361, 'w6': 0.979, 'w7': 0.048, 'w8': 0.975, 'max_depth': 10, 'min_child_weight': 2, 'subsample': 0.30000000000000004, 'colsample_bytree': 0.8, 'gamma': 0.6000000000000001}. Best is trial 620 with value: 0.41707743528659197.
[I 2023-10-21 05:45:34,770] Trial 707 finished with value: 0.4073286231654917 and parameters: {'w0': 0.131, 'w1': 0.9520000000000001, 'w2': 0.241, 'w3': 0.765, 'w4': 0.901, 'w5': 0.40900000000000003, 'w6': 0.977, 'w7': 0.218, 'w8': 0.982, 'max_depth': 10, 'min_child_weight': 2, 'subsample': 0.30000000000000004, 'colsample_bytree': 0.8, 'gamma': 0.6000000000000001}. Best is trial 620 with value: 0.41707743528659197.
[I 2023-10-21 05:46:35,493] Trial 708 finished with value: 0.4111735571217027 and parameters: {'w0': 0.139, 'w1': 0.9480000000000001, 'w2': 0.296, 'w3': 0.785, 'w4': 0.897, 'w5': 0.329, 'w6': 0.97, 'w7': 0.219, 'w8': 0.986, 'max_depth': 10, 'min_child_weight': 2, 'subsample': 0.30000000000000004, 'colsample_bytree': 0.8, 'gamma': 0.6000000000000001}. Best is trial 620 with value: 0.41707743528659197.
[I 2023-10-21 05:46:39,771] Trial 709 finished with value: 0.4084649986985893 and parameters: {'w0': 0.112, 'w1': 0.9510000000000001, 'w2': 0.277, 'w3': 0.787, 'w4': 0.9, 'w5': 0.358, 'w6': 0.975, 'w7': 0.216, 'w8': 0.979, 'max_depth': 10, 'min_child_weight': 2, 'subsample': 0.30000000000000004, 'colsample_bytree': 0.8, 'gamma': 0.6000000000000001}. Best is trial 620 with value: 0.41707743528659197.
[I 2023-10-21 05:48:44,789] Trial 710 finished with value: 0.41199872942975957 and parameters: {'w0': 0.162, 'w1': 0.9480000000000001, 'w2': 0.28300000000000003, 'w3': 0.796, 'w4': 0.901, 'w5': 0.361, 'w6': 0.978, 'w7': 0.214, 'w8': 0.976, 'max_depth': 10, 'min_child_weight': 2, 'subsample': 0.30000000000000004, 'colsample_bytree': 0.8, 'gamma': 0.6000000000000001}. Best is trial 620 with value: 0.41707743528659197.
[I 2023-10-21 05:48:46,124] Trial 711 finished with value: 0.40861129429498294 and parameters: {'w0': 0.111, 'w1': 0.9450000000000001, 'w2': 0.297, 'w3': 0.765, 'w4': 0.892, 'w5': 0.404, 'w6': 0.977, 'w7': 0.22, 'w8': 0.981, 'max_depth': 10, 'min_child_weight': 2, 'subsample': 0.30000000000000004, 'colsample_bytree': 0.8, 'gamma': 0.6000000000000001}. Best is trial 620 with value: 0.41707743528659197.
[I 2023-10-21 05:49:15,851] Trial 712 finished with value: 0.4078792863075593 and parameters: {'w0': 0.117, 'w1': 0.9400000000000001, 'w2': 0.297, 'w3': 0.789, 'w4': 0.888, 'w5': 0.324, 'w6': 0.977, 'w7': 0.223, 'w8': 0.983, 'max_depth': 10, 'min_child_weight': 2, 'subsample': 0.30000000000000004, 'colsample_bytree': 0.8, 'gamma': 0.6000000000000001}. Best is trial 620 with value: 0.41707743528659197.
[I 2023-10-21 05:52:19,058] Trial 713 finished with value: 0.40849457345745505 and parameters: {'w0': 0.128, 'w1': 0.9410000000000001, 'w2': 0.251, 'w3': 0.806, 'w4': 0.904, 'w5': 0.322, 'w6': 0.972, 'w7': 0.219, 'w8': 0.982, 'max_depth': 10, 'min_child_weight': 2, 'subsample': 0.30000000000000004, 'colsample_bytree': 0.8, 'gamma': 0.6000000000000001}. Best is trial 620 with value: 0.41707743528659197.
[I 2023-10-21 05:52:36,001] Trial 714 finished with value: 0.4084037465947386 and parameters: {'w0': 0.133, 'w1': 0.9450000000000001, 'w2': 0.303, 'w3': 0.763, 'w4': 0.898, 'w5': 0.325, 'w6': 0.9580000000000001, 'w7': 0.219, 'w8': 0.981, 'max_depth': 10, 'min_child_weight': 2, 'subsample': 0.30000000000000004, 'colsample_bytree': 0.8, 'gamma': 0.6000000000000001}. Best is trial 620 with value: 0.41707743528659197.
[I 2023-10-21 05:54:09,193] Trial 716 finished with value: 0.4074944291685961 and parameters: {'w0': 0.129, 'w1': 0.9380000000000001, 'w2': 0.23, 'w3': 0.796, 'w4': 0.895, 'w5': 0.361, 'w6': 0.9540000000000001, 'w7': 0.222, 'w8': 0.999, 'max_depth': 10, 'min_child_weight': 2, 'subsample': 0.30000000000000004, 'colsample_bytree': 0.8, 'gamma': 0.6000000000000001}. Best is trial 620 with value: 0.41707743528659197.
[I 2023-10-21 05:54:31,946] Trial 715 finished with value: 0.4082495443686554 and parameters: {'w0': 0.128, 'w1': 0.9460000000000001, 'w2': 0.23, 'w3': 0.758, 'w4': 0.903, 'w5': 0.39, 'w6': 0.9530000000000001, 'w7': 0.219, 'w8': 0.982, 'max_depth': 10, 'min_child_weight': 2, 'subsample': 0.30000000000000004, 'colsample_bytree': 0.8, 'gamma': 0.6000000000000001}. Best is trial 620 with value: 0.41707743528659197.
[I 2023-10-21 05:56:24,126] Trial 718 finished with value: 0.4126943409869436 and parameters: {'w0': 0.121, 'w1': 0.9430000000000001, 'w2': 0.25, 'w3': 0.733, 'w4': 0.888, 'w5': 0.398, 'w6': 0.9560000000000001, 'w7': 0.221, 'w8': 0.989, 'max_depth': 10, 'min_child_weight': 2, 'subsample': 0.30000000000000004, 'colsample_bytree': 0.8, 'gamma': 0.6000000000000001}. Best is trial 620 with value: 0.41707743528659197.
[I 2023-10-21 05:56:30,059] Trial 717 finished with value: 0.4085179682435298 and parameters: {'w0': 0.14, 'w1': 0.937, 'w2': 0.297, 'w3': 0.755, 'w4': 0.935, 'w5': 0.324, 'w6': 0.9540000000000001, 'w7': 0.211, 'w8': 0.985, 'max_depth': 10, 'min_child_weight': 2, 'subsample': 0.30000000000000004, 'colsample_bytree': 0.8, 'gamma': 0.6000000000000001}. Best is trial 620 with value: 0.41707743528659197.
[I 2023-10-21 05:57:35,834] Trial 719 finished with value: 0.4071352862941074 and parameters: {'w0': 0.139, 'w1': 0.9380000000000001, 'w2': 0.3, 'w3': 0.807, 'w4': 0.898, 'w5': 0.312, 'w6': 0.9540000000000001, 'w7': 0.222, 'w8': 0.993, 'max_depth': 10, 'min_child_weight': 2, 'subsample': 0.30000000000000004, 'colsample_bytree': 0.8, 'gamma': 0.6000000000000001}. Best is trial 620 with value: 0.41707743528659197.
[I 2023-10-21 06:01:04,677] Trial 720 finished with value: 0.41452596878824927 and parameters: {'w0': 0.117, 'w1': 0.9390000000000001, 'w2': 0.224, 'w3': 0.753, 'w4': 0.93, 'w5': 0.323, 'w6': 0.9500000000000001, 'w7': 0.187, 'w8': 0.994, 'max_depth': 10, 'min_child_weight': 2, 'subsample': 0.30000000000000004, 'colsample_bytree': 0.8, 'gamma': 0.6000000000000001}. Best is trial 620 with value: 0.41707743528659197.
[I 2023-10-21 06:04:20,224] Trial 721 finished with value: 0.40972434435128846 and parameters: {'w0': 0.13, 'w1': 0.936, 'w2': 0.23500000000000001, 'w3': 0.758, 'w4': 0.889, 'w5': 0.326, 'w6': 0.9530000000000001, 'w7': 0.187, 'w8': 0.99, 'max_depth': 10, 'min_child_weight': 2, 'subsample': 0.30000000000000004, 'colsample_bytree': 0.8, 'gamma': 0.6000000000000001}. Best is trial 620 with value: 0.41707743528659197.
[I 2023-10-21 06:07:08,697] Trial 722 finished with value: 0.4103990275036489 and parameters: {'w0': 0.10300000000000001, 'w1': 0.937, 'w2': 0.295, 'w3': 0.753, 'w4': 0.89, 'w5': 0.386, 'w6': 0.9590000000000001, 'w7': 0.223, 'w8': 0.998, 'max_depth': 10, 'min_child_weight': 2, 'subsample': 0.30000000000000004, 'colsample_bytree': 0.8, 'gamma': 0.4}. Best is trial 620 with value: 0.41707743528659197.
[I 2023-10-21 06:08:16,377] Trial 725 finished with value: 0.403842826107029 and parameters: {'w0': 0.112, 'w1': 0.928, 'w2': 0.311, 'w3': 0.739, 'w4': 0.9410000000000001, 'w5': 0.39, 'w6': 0.9540000000000001, 'w7': 0.189, 'w8': 0.992, 'max_depth': 10, 'min_child_weight': 2, 'subsample': 0.2, 'colsample_bytree': 0.8, 'gamma': 0.4}. Best is trial 620 with value: 0.41707743528659197.
[I 2023-10-21 06:08:25,768] Trial 723 finished with value: 0.4029606170995021 and parameters: {'w0': 0.124, 'w1': 0.9410000000000001, 'w2': 0.317, 'w3': 0.735, 'w4': 0.929, 'w5': 0.385, 'w6': 0.9550000000000001, 'w7': 0.187, 'w8': 0.998, 'max_depth': 10, 'min_child_weight': 2, 'subsample': 0.30000000000000004, 'colsample_bytree': 0.8, 'gamma': 0.4}. Best is trial 620 with value: 0.41707743528659197.
[I 2023-10-21 06:09:11,216] Trial 724 finished with value: 0.40946325297313474 and parameters: {'w0': 0.123, 'w1': 0.937, 'w2': 0.307, 'w3': 0.809, 'w4': 0.936, 'w5': 0.326, 'w6': 0.9460000000000001, 'w7': 0.187, 'w8': 0.992, 'max_depth': 10, 'min_child_weight': 2, 'subsample': 0.30000000000000004, 'colsample_bytree': 0.8, 'gamma': 0.4}. Best is trial 620 with value: 0.41707743528659197.
[I 2023-10-21 06:10:41,321] Trial 728 finished with value: 0.40654646086016444 and parameters: {'w0': 0.17200000000000001, 'w1': 0.933, 'w2': 0.227, 'w3': 0.75, 'w4': 0.933, 'w5': 0.32, 'w6': 0.9530000000000001, 'w7': 0.189, 'w8': 0.997, 'max_depth': 10, 'min_child_weight': 2, 'subsample': 0.2, 'colsample_bytree': 0.8, 'gamma': 0.4}. Best is trial 620 with value: 0.41707743528659197.
[I 2023-10-21 06:11:43,447] Trial 727 finished with value: 0.4109451134501899 and parameters: {'w0': 0.17200000000000001, 'w1': 0.927, 'w2': 0.293, 'w3': 0.75, 'w4': 0.884, 'w5': 0.391, 'w6': 0.9570000000000001, 'w7': 0.196, 'w8': 0.993, 'max_depth': 10, 'min_child_weight': 2, 'subsample': 0.30000000000000004, 'colsample_bytree': 0.8, 'gamma': 0.4}. Best is trial 620 with value: 0.41707743528659197.
[I 2023-10-21 06:11:45,538] Trial 726 finished with value: 0.4097063971381213 and parameters: {'w0': 0.17500000000000002, 'w1': 0.935, 'w2': 0.226, 'w3': 0.752, 'w4': 0.934, 'w5': 0.388, 'w6': 0.9590000000000001, 'w7': 0.187, 'w8': 0.998, 'max_depth': 10, 'min_child_weight': 2, 'subsample': 0.30000000000000004, 'colsample_bytree': 0.8, 'gamma': 0.4}. Best is trial 620 with value: 0.41707743528659197.
[I 2023-10-21 06:14:22,150] Trial 730 finished with value: 0.40940400223633755 and parameters: {'w0': 0.17500000000000002, 'w1': 0.9390000000000001, 'w2': 0.20700000000000002, 'w3': 0.739, 'w4': 0.914, 'w5': 0.388, 'w6': 0.9530000000000001, 'w7': 0.188, 'w8': 0.994, 'max_depth': 10, 'min_child_weight': 2, 'subsample': 0.2, 'colsample_bytree': 0.8, 'gamma': 0.4}. Best is trial 620 with value: 0.41707743528659197.
[I 2023-10-21 06:16:00,011] Trial 729 finished with value: 0.41347051237705057 and parameters: {'w0': 0.17400000000000002, 'w1': 0.935, 'w2': 0.306, 'w3': 0.75, 'w4': 0.933, 'w5': 0.384, 'w6': 0.9560000000000001, 'w7': 0.188, 'w8': 0.997, 'max_depth': 10, 'min_child_weight': 2, 'subsample': 0.30000000000000004, 'colsample_bytree': 0.8, 'gamma': 0.4}. Best is trial 620 with value: 0.41707743528659197.
[I 2023-10-21 06:16:32,380] Trial 732 finished with value: 0.41030890870439407 and parameters: {'w0': 0.17500000000000002, 'w1': 0.971, 'w2': 0.318, 'w3': 0.735, 'w4': 0.93, 'w5': 0.385, 'w6': 0.9490000000000001, 'w7': 0.184, 'w8': 1.0, 'max_depth': 10, 'min_child_weight': 2, 'subsample': 0.2, 'colsample_bytree': 0.8, 'gamma': 0.4}. Best is trial 620 with value: 0.41707743528659197.
[I 2023-10-21 06:17:20,382] Trial 731 finished with value: 0.4106731366727189 and parameters: {'w0': 0.165, 'w1': 0.974, 'w2': 0.317, 'w3': 0.748, 'w4': 0.936, 'w5': 0.39, 'w6': 0.9510000000000001, 'w7': 0.187, 'w8': 1.0, 'max_depth': 10, 'min_child_weight': 2, 'subsample': 0.30000000000000004, 'colsample_bytree': 0.8, 'gamma': 0.4}. Best is trial 620 with value: 0.41707743528659197.
[I 2023-10-21 06:18:12,733] Trial 733 finished with value: 0.406836614924231 and parameters: {'w0': 0.171, 'w1': 0.926, 'w2': 0.244, 'w3': 0.738, 'w4': 0.932, 'w5': 0.384, 'w6': 0.9460000000000001, 'w7': 0.194, 'w8': 0.989, 'max_depth': 10, 'min_child_weight': 2, 'subsample': 0.2, 'colsample_bytree': 0.8, 'gamma': 0.4}. Best is trial 620 with value: 0.41707743528659197.
[I 2023-10-21 06:18:52,819] Trial 735 finished with value: 0.4131860988541335 and parameters: {'w0': 0.171, 'w1': 0.968, 'w2': 0.258, 'w3': 0.836, 'w4': 0.933, 'w5': 0.393, 'w6': 0.9480000000000001, 'w7': 0.187, 'w8': 0.5690000000000001, 'max_depth': 10, 'min_child_weight': 2, 'subsample': 0.30000000000000004, 'colsample_bytree': 0.8, 'gamma': 0.8}. Best is trial 620 with value: 0.41707743528659197.
[I 2023-10-21 06:19:02,009] Trial 734 finished with value: 0.4107398711972805 and parameters: {'w0': 0.171, 'w1': 0.97, 'w2': 0.247, 'w3': 0.736, 'w4': 0.936, 'w5': 0.375, 'w6': 0.9490000000000001, 'w7': 0.186, 'w8': 0.994, 'max_depth': 10, 'min_child_weight': 2, 'subsample': 0.2, 'colsample_bytree': 0.8, 'gamma': 0.4}. Best is trial 620 with value: 0.41707743528659197.
[I 2023-10-21 06:22:10,433] Trial 736 finished with value: 0.40972147863858954 and parameters: {'w0': 0.171, 'w1': 0.975, 'w2': 0.305, 'w3': 0.723, 'w4': 0.878, 'w5': 0.393, 'w6': 0.9520000000000001, 'w7': 0.185, 'w8': 1.0, 'max_depth': 10, 'min_child_weight': 2, 'subsample': 0.2, 'colsample_bytree': 0.8, 'gamma': 0.8}. Best is trial 620 with value: 0.41707743528659197.
[I 2023-10-21 06:24:38,852] Trial 737 finished with value: 0.4041272169517601 and parameters: {'w0': 0.101, 'w1': 0.975, 'w2': 0.262, 'w3': 0.736, 'w4': 0.931, 'w5': 0.391, 'w6': 0.9510000000000001, 'w7': 0.182, 'w8': 0.999, 'max_depth': 10, 'min_child_weight': 2, 'subsample': 0.30000000000000004, 'colsample_bytree': 0.7, 'gamma': 0.8}. Best is trial 620 with value: 0.41707743528659197.
[I 2023-10-21 06:27:57,281] Trial 738 finished with value: 0.40868798714208737 and parameters: {'w0': 0.17500000000000002, 'w1': 0.972, 'w2': 0.314, 'w3': 0.729, 'w4': 0.931, 'w5': 0.427, 'w6': 0.9470000000000001, 'w7': 0.181, 'w8': 1.0, 'max_depth': 10, 'min_child_weight': 2, 'subsample': 0.2, 'colsample_bytree': 0.7, 'gamma': 0.8}. Best is trial 620 with value: 0.41707743528659197.
[I 2023-10-21 06:28:00,636] Trial 739 finished with value: 0.38648004533415337 and parameters: {'w0': 0.054, 'w1': 0.976, 'w2': 0.248, 'w3': 0.736, 'w4': 0.9390000000000001, 'w5': 0.433, 'w6': 0.9460000000000001, 'w7': 0.177, 'w8': 0.999, 'max_depth': 10, 'min_child_weight': 2, 'subsample': 0.30000000000000004, 'colsample_bytree': 0.7, 'gamma': 0.8}. Best is trial 620 with value: 0.41707743528659197.
[I 2023-10-21 06:29:20,384] Trial 740 finished with value: 0.4086291335908402 and parameters: {'w0': 0.171, 'w1': 0.975, 'w2': 0.245, 'w3': 0.73, 'w4': 0.93, 'w5': 0.434, 'w6': 0.9450000000000001, 'w7': 0.165, 'w8': 1.0, 'max_depth': 10, 'min_child_weight': 2, 'subsample': 0.2, 'colsample_bytree': 0.8, 'gamma': 0.8}. Best is trial 620 with value: 0.41707743528659197.
[I 2023-10-21 06:29:29,253] Trial 741 finished with value: 0.4129699039337547 and parameters: {'w0': 0.17500000000000002, 'w1': 0.976, 'w2': 0.195, 'w3': 0.733, 'w4': 0.9420000000000001, 'w5': 0.429, 'w6': 0.9490000000000001, 'w7': 0.167, 'w8': 0.97, 'max_depth': 10, 'min_child_weight': 2, 'subsample': 0.30000000000000004, 'colsample_bytree': 0.7, 'gamma': 0.8}. Best is trial 620 with value: 0.41707743528659197.
[I 2023-10-21 06:31:03,463] Trial 742 finished with value: 0.40878195542056484 and parameters: {'w0': 0.17500000000000002, 'w1': 0.975, 'w2': 0.258, 'w3': 0.729, 'w4': 0.9400000000000001, 'w5': 0.4, 'w6': 0.9450000000000001, 'w7': 0.17300000000000001, 'w8': 0.998, 'max_depth': 10, 'min_child_weight': 2, 'subsample': 0.2, 'colsample_bytree': 0.7, 'gamma': 0.8}. Best is trial 620 with value: 0.41707743528659197.
[I 2023-10-21 06:32:07,715] Trial 744 finished with value: 0.40879708076913646 and parameters: {'w0': 0.20500000000000002, 'w1': 0.975, 'w2': 0.251, 'w3': 0.851, 'w4': 0.9430000000000001, 'w5': 0.427, 'w6': 0.9450000000000001, 'w7': 0.161, 'w8': 0.97, 'max_depth': 10, 'min_child_weight': 2, 'subsample': 0.2, 'colsample_bytree': 0.7, 'gamma': 0.8}. Best is trial 620 with value: 0.41707743528659197.
[I 2023-10-21 06:32:49,954] Trial 743 finished with value: 0.4115717651231358 and parameters: {'w0': 0.17300000000000001, 'w1': 0.974, 'w2': 0.213, 'w3': 0.729, 'w4': 0.9430000000000001, 'w5': 0.428, 'w6': 0.999, 'w7': 0.153, 'w8': 0.968, 'max_depth': 10, 'min_child_weight': 2, 'subsample': 0.30000000000000004, 'colsample_bytree': 0.8, 'gamma': 0.8}. Best is trial 620 with value: 0.41707743528659197.
[I 2023-10-21 06:34:29,473] Trial 745 finished with value: 0.4121541979281526 and parameters: {'w0': 0.203, 'w1': 0.977, 'w2': 0.187, 'w3': 0.723, 'w4': 0.9450000000000001, 'w5': 0.42, 'w6': 0.9430000000000001, 'w7': 0.163, 'w8': 0.972, 'max_depth': 10, 'min_child_weight': 2, 'subsample': 0.30000000000000004, 'colsample_bytree': 0.7, 'gamma': 0.8}. Best is trial 620 with value: 0.41707743528659197.
[I 2023-10-21 06:35:54,578] Trial 747 finished with value: 0.37155989458210914 and parameters: {'w0': 0.035, 'w1': 0.97, 'w2': 0.264, 'w3': 0.72, 'w4': 0.873, 'w5': 0.425, 'w6': 0.998, 'w7': 0.163, 'w8': 0.969, 'max_depth': 10, 'min_child_weight': 2, 'subsample': 0.30000000000000004, 'colsample_bytree': 0.7, 'gamma': 0.8}. Best is trial 620 with value: 0.41707743528659197.
[I 2023-10-21 06:36:58,478] Trial 746 finished with value: 0.40938371982660726 and parameters: {'w0': 0.197, 'w1': 0.976, 'w2': 0.25, 'w3': 0.717, 'w4': 0.874, 'w5': 0.435, 'w6': 0.998, 'w7': 0.16, 'w8': 0.971, 'max_depth': 10, 'min_child_weight': 2, 'subsample': 0.30000000000000004, 'colsample_bytree': 0.7, 'gamma': 0.8}. Best is trial 620 with value: 0.41707743528659197.
[I 2023-10-21 06:38:36,940] Trial 748 finished with value: 0.41488230574195284 and parameters: {'w0': 0.202, 'w1': 0.975, 'w2': 0.26, 'w3': 0.731, 'w4': 0.88, 'w5': 0.429, 'w6': 0.997, 'w7': 0.162, 'w8': 0.968, 'max_depth': 10, 'min_child_weight': 2, 'subsample': 0.30000000000000004, 'colsample_bytree': 0.8, 'gamma': 0.8}. Best is trial 620 with value: 0.41707743528659197.
[I 2023-10-21 06:38:44,044] Trial 749 finished with value: 0.4137369922935405 and parameters: {'w0': 0.20500000000000002, 'w1': 0.98, 'w2': 0.20900000000000002, 'w3': 0.723, 'w4': 0.9460000000000001, 'w5': 0.43, 'w6': 0.989, 'w7': 0.163, 'w8': 0.972, 'max_depth': 10, 'min_child_weight': 2, 'subsample': 0.30000000000000004, 'colsample_bytree': 0.7, 'gamma': 0.8}. Best is trial 620 with value: 0.41707743528659197.
