[I 2023-10-20 00:02:48,319] Trial 716 finished with value: 0.4990275782654673 and parameters: {'w0': 0.20400000000000001, 'w1': 0.984, 'w2': 0.09, 'w3': 0.168, 'w4': 0.914, 'w5': 0.973, 'w6': 0.254, 'w7': 0.115, 'w8': 0.8, 'max_depth': 9, 'min_child_weight': 16, 'subsample': 0.8, 'colsample_bytree': 0.9000000000000001, 'gamma': 0.4}. Best is trial 556 with value: 0.5099189407344089.
[I 2023-10-20 00:03:20,843] Trial 718 finished with value: 0.4919581820435661 and parameters: {'w0': 0.151, 'w1': 0.92, 'w2': 0.095, 'w3': 0.17500000000000002, 'w4': 0.9580000000000001, 'w5': 0.97, 'w6': 0.246, 'w7': 0.17500000000000002, 'w8': 0.667, 'max_depth': 9, 'min_child_weight': 16, 'subsample': 0.8, 'colsample_bytree': 0.9000000000000001, 'gamma': 0.4}. Best is trial 556 with value: 0.5099189407344089.
[I 2023-10-20 00:04:17,775] Trial 717 finished with value: 0.48545569394308974 and parameters: {'w0': 0.10400000000000001, 'w1': 0.926, 'w2': 0.079, 'w3': 0.5730000000000001, 'w4': 0.9560000000000001, 'w5': 0.97, 'w6': 0.932, 'w7': 0.17300000000000001, 'w8': 0.671, 'max_depth': 9, 'min_child_weight': 16, 'subsample': 0.8, 'colsample_bytree': 0.9000000000000001, 'gamma': 0.4}. Best is trial 556 with value: 0.5099189407344089.
[I 2023-10-20 00:04:38,688] Trial 719 finished with value: 0.487407925336021 and parameters: {'w0': 0.099, 'w1': 0.906, 'w2': 0.091, 'w3': 0.5720000000000001, 'w4': 0.9590000000000001, 'w5': 0.969, 'w6': 0.246, 'w7': 0.17400000000000002, 'w8': 0.663, 'max_depth': 9, 'min_child_weight': 16, 'subsample': 0.8, 'colsample_bytree': 0.9000000000000001, 'gamma': 0.4}. Best is trial 556 with value: 0.5099189407344089.
[I 2023-10-20 00:05:23,152] Trial 723 finished with value: 0.4939104709310443 and parameters: {'w0': 0.156, 'w1': 0.91, 'w2': 0.14, 'w3': 0.168, 'w4': 0.9580000000000001, 'w5': 0.968, 'w6': 0.231, 'w7': 0.17600000000000002, 'w8': 0.734, 'max_depth': 4, 'min_child_weight': 16, 'subsample': 0.8, 'colsample_bytree': 0.9000000000000001, 'gamma': 0.4}. Best is trial 556 with value: 0.5099189407344089.
[I 2023-10-20 00:06:34,285] Trial 724 finished with value: 0.4977796738511071 and parameters: {'w0': 0.155, 'w1': 0.923, 'w2': 0.14, 'w3': 0.607, 'w4': 0.9530000000000001, 'w5': 0.966, 'w6': 0.234, 'w7': 0.112, 'w8': 0.685, 'max_depth': 4, 'min_child_weight': 16, 'subsample': 0.8, 'colsample_bytree': 0.9000000000000001, 'gamma': 0.4}. Best is trial 556 with value: 0.5099189407344089.
[I 2023-10-20 00:06:52,660] Trial 731 finished with value: 0.4585664138994574 and parameters: {'w0': 0.157, 'w1': 0.911, 'w2': 0.139, 'w3': 0.579, 'w4': 0.9580000000000001, 'w5': 0.9440000000000001, 'w6': 0.232, 'w7': 0.17, 'w8': 0.66, 'max_depth': 9, 'min_child_weight': 14, 'subsample': 0.8, 'colsample_bytree': 0.5, 'gamma': 4.6000000000000005}. Best is trial 556 with value: 0.5099189407344089.
[I 2023-10-20 00:07:05,138] Trial 720 finished with value: 0.4937381735480936 and parameters: {'w0': 0.10300000000000001, 'w1': 0.911, 'w2': 0.146, 'w3': 0.467, 'w4': 0.9560000000000001, 'w5': 0.969, 'w6': 0.228, 'w7': 0.17500000000000002, 'w8': 0.684, 'max_depth': 9, 'min_child_weight': 16, 'subsample': 0.8, 'colsample_bytree': 0.9000000000000001, 'gamma': 0.4}. Best is trial 556 with value: 0.5099189407344089.
[I 2023-10-20 00:07:52,267] Trial 722 finished with value: 0.4995275430388738 and parameters: {'w0': 0.155, 'w1': 0.928, 'w2': 0.14200000000000002, 'w3': 0.11, 'w4': 0.9560000000000001, 'w5': 0.965, 'w6': 0.222, 'w7': 0.113, 'w8': 0.731, 'max_depth': 9, 'min_child_weight': 16, 'subsample': 0.8, 'colsample_bytree': 0.9000000000000001, 'gamma': 0.4}. Best is trial 556 with value: 0.5099189407344089.
[I 2023-10-20 00:08:43,048] Trial 721 finished with value: 0.469908105662342 and parameters: {'w0': 0.155, 'w1': 0.911, 'w2': 0.146, 'w3': 0.5710000000000001, 'w4': 0.9430000000000001, 'w5': 0.967, 'w6': 0.249, 'w7': 0.366, 'w8': 0.676, 'max_depth': 9, 'min_child_weight': 16, 'subsample': 0.8, 'colsample_bytree': 0.9000000000000001, 'gamma': 0.4}. Best is trial 556 with value: 0.5099189407344089.
[I 2023-10-20 00:13:48,934] Trial 726 finished with value: 0.5011001801181821 and parameters: {'w0': 0.16, 'w1': 0.911, 'w2': 0.139, 'w3': 0.166, 'w4': 0.9600000000000001, 'w5': 0.9500000000000001, 'w6': 0.241, 'w7': 0.17600000000000002, 'w8': 0.669, 'max_depth': 9, 'min_child_weight': 16, 'subsample': 0.8, 'colsample_bytree': 0.9000000000000001, 'gamma': 0.4}. Best is trial 556 with value: 0.5099189407344089.
[I 2023-10-20 00:14:03,176] Trial 734 finished with value: 0.49675538832098426 and parameters: {'w0': 0.157, 'w1': 0.899, 'w2': 0.137, 'w3': 0.442, 'w4': 0.9460000000000001, 'w5': 0.876, 'w6': 0.23600000000000002, 'w7': 0.109, 'w8': 0.736, 'max_depth': 4, 'min_child_weight': 14, 'subsample': 0.8, 'colsample_bytree': 0.9000000000000001, 'gamma': 0.6000000000000001}. Best is trial 556 with value: 0.5099189407344089.
[I 2023-10-20 00:14:04,056] Trial 725 finished with value: 0.49741310144323986 and parameters: {'w0': 0.158, 'w1': 0.915, 'w2': 0.148, 'w3': 0.5710000000000001, 'w4': 0.9520000000000001, 'w5': 0.9490000000000001, 'w6': 0.189, 'w7': 0.17400000000000002, 'w8': 0.676, 'max_depth': 9, 'min_child_weight': 16, 'subsample': 0.8, 'colsample_bytree': 0.9000000000000001, 'gamma': 0.4}. Best is trial 556 with value: 0.5099189407344089.
[I 2023-10-20 00:15:02,506] Trial 727 finished with value: 0.5044542440865869 and parameters: {'w0': 0.154, 'w1': 0.913, 'w2': 0.138, 'w3': 0.579, 'w4': 0.9570000000000001, 'w5': 0.9530000000000001, 'w6': 0.248, 'w7': 0.109, 'w8': 0.676, 'max_depth': 9, 'min_child_weight': 14, 'subsample': 0.8, 'colsample_bytree': 0.9000000000000001, 'gamma': 0.4}. Best is trial 556 with value: 0.5099189407344089.
[I 2023-10-20 00:15:05,818] Trial 733 finished with value: 0.49656192213806105 and parameters: {'w0': 0.157, 'w1': 0.905, 'w2': 0.138, 'w3': 0.5730000000000001, 'w4': 0.9550000000000001, 'w5': 0.882, 'w6': 0.227, 'w7': 0.17400000000000002, 'w8': 0.672, 'max_depth': 9, 'min_child_weight': 14, 'subsample': 0.8, 'colsample_bytree': 0.3, 'gamma': 0.6000000000000001}. Best is trial 556 with value: 0.5099189407344089.
[I 2023-10-20 00:15:46,546] Trial 728 finished with value: 0.49726933675765583 and parameters: {'w0': 0.155, 'w1': 0.91, 'w2': 0.14, 'w3': 0.437, 'w4': 0.9600000000000001, 'w5': 0.9500000000000001, 'w6': 0.193, 'w7': 0.177, 'w8': 0.673, 'max_depth': 9, 'min_child_weight': 14, 'subsample': 0.8, 'colsample_bytree': 0.9000000000000001, 'gamma': 0.4}. Best is trial 556 with value: 0.5099189407344089.
[I 2023-10-20 00:17:17,501] Trial 729 finished with value: 0.4996261530028537 and parameters: {'w0': 0.159, 'w1': 0.914, 'w2': 0.14100000000000001, 'w3': 0.47100000000000003, 'w4': 0.9570000000000001, 'w5': 0.9450000000000001, 'w6': 0.247, 'w7': 0.17500000000000002, 'w8': 0.739, 'max_depth': 9, 'min_child_weight': 14, 'subsample': 0.8, 'colsample_bytree': 0.9000000000000001, 'gamma': 0.4}. Best is trial 556 with value: 0.5099189407344089.
[I 2023-10-20 00:17:25,306] Trial 730 finished with value: 0.4976367722527388 and parameters: {'w0': 0.156, 'w1': 0.902, 'w2': 0.14400000000000002, 'w3': 0.5700000000000001, 'w4': 0.9580000000000001, 'w5': 0.9500000000000001, 'w6': 0.244, 'w7': 0.17400000000000002, 'w8': 0.667, 'max_depth': 9, 'min_child_weight': 14, 'subsample': 0.8, 'colsample_bytree': 0.9000000000000001, 'gamma': 0.4}. Best is trial 556 with value: 0.5099189407344089.
[I 2023-10-20 00:17:35,327] Trial 735 finished with value: 0.5002862207369962 and parameters: {'w0': 0.157, 'w1': 0.908, 'w2': 0.136, 'w3': 0.445, 'w4': 0.9460000000000001, 'w5': 0.9540000000000001, 'w6': 0.222, 'w7': 0.098, 'w8': 0.734, 'max_depth': 9, 'min_child_weight': 14, 'subsample': 0.8, 'colsample_bytree': 0.9000000000000001, 'gamma': 0.6000000000000001}. Best is trial 556 with value: 0.5099189407344089.
[I 2023-10-20 00:18:42,229] Trial 732 finished with value: 0.4980631894978404 and parameters: {'w0': 0.161, 'w1': 0.908, 'w2': 0.14300000000000002, 'w3': 0.5740000000000001, 'w4': 0.9560000000000001, 'w5': 0.88, 'w6': 0.245, 'w7': 0.17500000000000002, 'w8': 0.678, 'max_depth': 9, 'min_child_weight': 14, 'subsample': 0.8, 'colsample_bytree': 0.9000000000000001, 'gamma': 0.4}. Best is trial 556 with value: 0.5099189407344089.
[I 2023-10-20 00:18:44,994] Trial 742 finished with value: 0.40275318717527153 and parameters: {'w0': 0.489, 'w1': 0.8170000000000001, 'w2': 0.158, 'w3': 0.513, 'w4': 0.936, 'w5': 0.049, 'w6': 0.36, 'w7': 0.10300000000000001, 'w8': 0.8240000000000001, 'max_depth': 9, 'min_child_weight': 14, 'subsample': 0.8, 'colsample_bytree': 0.3, 'gamma': 9.600000000000001}. Best is trial 556 with value: 0.5099189407344089.
[I 2023-10-20 00:19:17,306] Trial 738 finished with value: 0.49476897196582503 and parameters: {'w0': 0.121, 'w1': 0.902, 'w2': 0.157, 'w3': 0.513, 'w4': 0.9420000000000001, 'w5': 0.9500000000000001, 'w6': 0.186, 'w7': 0.1, 'w8': 0.736, 'max_depth': 9, 'min_child_weight': 14, 'subsample': 0.8, 'colsample_bytree': 0.9000000000000001, 'gamma': 0.6000000000000001}. Best is trial 556 with value: 0.5099189407344089.
[I 2023-10-20 00:19:56,428] Trial 740 finished with value: 0.47243997070849575 and parameters: {'w0': 0.124, 'w1': 0.8180000000000001, 'w2': 0.158, 'w3': 0.425, 'w4': 0.146, 'w5': 0.9460000000000001, 'w6': 0.187, 'w7': 0.097, 'w8': 0.77, 'max_depth': 9, 'min_child_weight': 14, 'subsample': 0.8, 'colsample_bytree': 0.9000000000000001, 'gamma': 0.6000000000000001}. Best is trial 556 with value: 0.5099189407344089.
[I 2023-10-20 00:20:21,918] Trial 736 finished with value: 0.4863706230768824 and parameters: {'w0': 0.585, 'w1': 0.91, 'w2': 0.139, 'w3': 0.514, 'w4': 0.9410000000000001, 'w5': 0.9440000000000001, 'w6': 0.306, 'w7': 0.10500000000000001, 'w8': 0.732, 'max_depth': 9, 'min_child_weight': 14, 'subsample': 0.8, 'colsample_bytree': 0.9000000000000001, 'gamma': 0.6000000000000001}. Best is trial 556 with value: 0.5099189407344089.
[I 2023-10-20 00:22:36,483] Trial 737 finished with value: 0.504591040151155 and parameters: {'w0': 0.122, 'w1': 0.871, 'w2': 0.154, 'w3': 0.43, 'w4': 0.937, 'w5': 0.9460000000000001, 'w6': 0.361, 'w7': 0.10300000000000001, 'w8': 0.739, 'max_depth': 9, 'min_child_weight': 14, 'subsample': 0.8, 'colsample_bytree': 0.9000000000000001, 'gamma': 0.2}. Best is trial 556 with value: 0.5099189407344089.
[I 2023-10-20 00:23:14,384] Trial 739 finished with value: 0.5014745796789968 and parameters: {'w0': 0.123, 'w1': 0.872, 'w2': 0.155, 'w3': 0.515, 'w4': 0.9390000000000001, 'w5': 0.9470000000000001, 'w6': 0.195, 'w7': 0.099, 'w8': 0.728, 'max_depth': 9, 'min_child_weight': 14, 'subsample': 0.8, 'colsample_bytree': 0.9000000000000001, 'gamma': 0.2}. Best is trial 556 with value: 0.5099189407344089.
[I 2023-10-20 00:24:51,341] Trial 741 finished with value: 0.5046134044514183 and parameters: {'w0': 0.121, 'w1': 0.87, 'w2': 0.159, 'w3': 0.437, 'w4': 0.932, 'w5': 0.9450000000000001, 'w6': 0.197, 'w7': 0.108, 'w8': 0.736, 'max_depth': 9, 'min_child_weight': 14, 'subsample': 0.8, 'colsample_bytree': 0.9000000000000001, 'gamma': 0.2}. Best is trial 556 with value: 0.5099189407344089.
[I 2023-10-20 00:25:56,436] Trial 749 finished with value: 0.4931997427604531 and parameters: {'w0': 0.124, 'w1': 0.9410000000000001, 'w2': 0.10500000000000001, 'w3': 0.339, 'w4': 0.931, 'w5': 0.987, 'w6': 0.296, 'w7': 0.115, 'w8': 0.771, 'max_depth': 3, 'min_child_weight': 16, 'subsample': 0.8, 'colsample_bytree': 0.9000000000000001, 'gamma': 0.2}. Best is trial 556 with value: 0.5099189407344089.
[I 2023-10-20 00:25:57,581] Trial 750 finished with value: 0.4133166461604172 and parameters: {'w0': 0.6950000000000001, 'w1': 0.736, 'w2': 0.10500000000000001, 'w3': 0.513, 'w4': 0.931, 'w5': 0.41300000000000003, 'w6': 0.361, 'w7': 0.743, 'w8': 0.766, 'max_depth': 3, 'min_child_weight': 16, 'subsample': 0.7, 'colsample_bytree': 0.9000000000000001, 'gamma': 0.2}. Best is trial 556 with value: 0.5099189407344089.
[I 2023-10-20 00:26:41,750] Trial 754 finished with value: 0.4732910155464235 and parameters: {'w0': 0.132, 'w1': 0.878, 'w2': 0.112, 'w3': 0.515, 'w4': 0.89, 'w5': 0.986, 'w6': 0.297, 'w7': 0.124, 'w8': 0.768, 'max_depth': 3, 'min_child_weight': 16, 'subsample': 0.7, 'colsample_bytree': 0.8, 'gamma': 2.0}. Best is trial 556 with value: 0.5099189407344089.
[I 2023-10-20 00:28:11,923] Trial 755 finished with value: 0.42901739145461276 and parameters: {'w0': 0.021, 'w1': 0.876, 'w2': 0.107, 'w3': 0.518, 'w4': 0.888, 'w5': 0.999, 'w6': 0.298, 'w7': 0.125, 'w8': 0.773, 'max_depth': 9, 'min_child_weight': 16, 'subsample': 0.7, 'colsample_bytree': 0.9000000000000001, 'gamma': 2.0}. Best is trial 556 with value: 0.5099189407344089.
[I 2023-10-20 00:30:09,885] Trial 744 finished with value: 0.5002165140059499 and parameters: {'w0': 0.126, 'w1': 0.874, 'w2': 0.161, 'w3': 0.517, 'w4': 0.932, 'w5': 0.984, 'w6': 0.297, 'w7': 0.096, 'w8': 0.8230000000000001, 'max_depth': 9, 'min_child_weight': 14, 'subsample': 0.7, 'colsample_bytree': 0.9000000000000001, 'gamma': 0.2}. Best is trial 556 with value: 0.5099189407344089.
[I 2023-10-20 00:30:34,941] Trial 743 finished with value: 0.5030451908665401 and parameters: {'w0': 0.127, 'w1': 0.9430000000000001, 'w2': 0.158, 'w3': 0.515, 'w4': 0.933, 'w5': 0.9450000000000001, 'w6': 0.302, 'w7': 0.098, 'w8': 0.772, 'max_depth': 9, 'min_child_weight': 14, 'subsample': 0.8, 'colsample_bytree': 0.9000000000000001, 'gamma': 0.2}. Best is trial 556 with value: 0.5099189407344089.
[I 2023-10-20 00:30:50,250] Trial 756 finished with value: 0.4919900381177506 and parameters: {'w0': 0.13, 'w1': 0.87, 'w2': 0.107, 'w3': 0.516, 'w4': 0.775, 'w5': 1.0, 'w6': 0.294, 'w7': 0.12000000000000001, 'w8': 0.767, 'max_depth': 3, 'min_child_weight': 16, 'subsample': 0.7, 'colsample_bytree': 0.8, 'gamma': 0.2}. Best is trial 556 with value: 0.5099189407344089.
[I 2023-10-20 00:31:02,495] Trial 746 finished with value: 0.48751403535426846 and parameters: {'w0': 0.489, 'w1': 0.872, 'w2': 0.158, 'w3': 0.512, 'w4': 0.936, 'w5': 0.983, 'w6': 0.299, 'w7': 0.094, 'w8': 0.77, 'max_depth': 9, 'min_child_weight': 16, 'subsample': 0.7, 'colsample_bytree': 0.9000000000000001, 'gamma': 0.2}. Best is trial 556 with value: 0.5099189407344089.
[I 2023-10-20 00:31:38,825] Trial 747 finished with value: 0.48108106128590183 and parameters: {'w0': 0.122, 'w1': 0.872, 'w2': 0.457, 'w3': 0.518, 'w4': 0.936, 'w5': 0.984, 'w6': 0.292, 'w7': 0.092, 'w8': 0.8220000000000001, 'max_depth': 9, 'min_child_weight': 16, 'subsample': 0.7, 'colsample_bytree': 0.9000000000000001, 'gamma': 0.2}. Best is trial 556 with value: 0.5099189407344089.
[I 2023-10-20 00:32:11,437] Trial 745 finished with value: 0.43739970397937455 and parameters: {'w0': 0.122, 'w1': 0.869, 'w2': 0.162, 'w3': 0.513, 'w4': 0.9420000000000001, 'w5': 0.986, 'w6': 0.356, 'w7': 0.907, 'w8': 0.774, 'max_depth': 9, 'min_child_weight': 16, 'subsample': 0.7, 'colsample_bytree': 0.9000000000000001, 'gamma': 0.2}. Best is trial 556 with value: 0.5099189407344089.
[I 2023-10-20 00:33:15,297] Trial 758 finished with value: 0.4899195195599979 and parameters: {'w0': 0.132, 'w1': 0.739, 'w2': 0.108, 'w3': 0.47100000000000003, 'w4': 0.882, 'w5': 1.0, 'w6': 0.298, 'w7': 0.125, 'w8': 0.768, 'max_depth': 3, 'min_child_weight': 16, 'subsample': 0.7, 'colsample_bytree': 0.8, 'gamma': 0.2}. Best is trial 556 with value: 0.5099189407344089.
[I 2023-10-20 00:33:20,656] Trial 748 finished with value: 0.4467151578524306 and parameters: {'w0': 0.124, 'w1': 0.9400000000000001, 'w2': 0.106, 'w3': 0.513, 'w4': 0.9390000000000001, 'w5': 0.986, 'w6': 0.3, 'w7': 0.611, 'w8': 0.77, 'max_depth': 9, 'min_child_weight': 16, 'subsample': 0.7, 'colsample_bytree': 0.8, 'gamma': 0.2}. Best is trial 556 with value: 0.5099189407344089.
[I 2023-10-20 00:34:45,047] Trial 752 finished with value: 0.44178757786658135 and parameters: {'w0': 0.126, 'w1': 0.876, 'w2': 0.162, 'w3': 0.512, 'w4': 0.888, 'w5': 0.399, 'w6': 0.298, 'w7': 0.604, 'w8': 0.771, 'max_depth': 9, 'min_child_weight': 16, 'subsample': 0.7, 'colsample_bytree': 0.9000000000000001, 'gamma': 0.2}. Best is trial 556 with value: 0.5099189407344089.
[I 2023-10-20 00:35:21,673] Trial 751 finished with value: 0.4378284414596205 and parameters: {'w0': 0.124, 'w1': 0.87, 'w2': 0.16, 'w3': 0.511, 'w4': 0.931, 'w5': 1.0, 'w6': 0.364, 'w7': 0.739, 'w8': 0.335, 'max_depth': 9, 'min_child_weight': 16, 'subsample': 0.7, 'colsample_bytree': 0.9000000000000001, 'gamma': 0.2}. Best is trial 556 with value: 0.5099189407344089.
[I 2023-10-20 00:35:27,268] Trial 753 finished with value: 0.4305741942610981 and parameters: {'w0': 0.135, 'w1': 0.737, 'w2': 0.107, 'w3': 0.515, 'w4': 0.891, 'w5': 0.985, 'w6': 0.298, 'w7': 0.923, 'w8': 0.771, 'max_depth': 9, 'min_child_weight': 16, 'subsample': 0.7, 'colsample_bytree': 0.9000000000000001, 'gamma': 0.2}. Best is trial 556 with value: 0.5099189407344089.
[I 2023-10-20 00:37:37,732] Trial 767 finished with value: 0.48639117862845627 and parameters: {'w0': 0.188, 'w1': 0.966, 'w2': 0.186, 'w3': 0.47400000000000003, 'w4': 0.891, 'w5': 0.999, 'w6': 0.35000000000000003, 'w7': 0.156, 'w8': 0.722, 'max_depth': 9, 'min_child_weight': 18, 'subsample': 0.8, 'colsample_bytree': 0.9000000000000001, 'gamma': 4.0}. Best is trial 556 with value: 0.5099189407344089.
[I 2023-10-20 00:38:35,513] Trial 757 finished with value: 0.5003300834287828 and parameters: {'w0': 0.126, 'w1': 0.9460000000000001, 'w2': 0.10300000000000001, 'w3': 0.336, 'w4': 0.889, 'w5': 0.998, 'w6': 0.304, 'w7': 0.11900000000000001, 'w8': 0.77, 'max_depth': 9, 'min_child_weight': 16, 'subsample': 0.7, 'colsample_bytree': 0.8, 'gamma': 0.2}. Best is trial 556 with value: 0.5099189407344089.
[I 2023-10-20 00:41:18,328] Trial 765 finished with value: 0.5005936089384796 and parameters: {'w0': 0.191, 'w1': 0.9420000000000001, 'w2': 0.188, 'w3': 0.602, 'w4': 0.893, 'w5': 0.999, 'w6': 0.31, 'w7': 0.15, 'w8': 0.72, 'max_depth': 7, 'min_child_weight': 18, 'subsample': 0.8, 'colsample_bytree': 0.9000000000000001, 'gamma': 1.0}. Best is trial 556 with value: 0.5099189407344089.
[I 2023-10-20 00:41:27,677] Trial 759 finished with value: 0.5045489175465452 and parameters: {'w0': 0.132, 'w1': 0.873, 'w2': 0.11, 'w3': 0.522, 'w4': 0.892, 'w5': 1.0, 'w6': 0.294, 'w7': 0.122, 'w8': 0.77, 'max_depth': 9, 'min_child_weight': 16, 'subsample': 0.7, 'colsample_bytree': 0.8, 'gamma': 0.2}. Best is trial 556 with value: 0.5099189407344089.
[I 2023-10-20 00:41:37,345] Trial 766 finished with value: 0.4993921955759484 and parameters: {'w0': 0.14300000000000002, 'w1': 0.965, 'w2': 0.189, 'w3': 0.47300000000000003, 'w4': 0.895, 'w5': 1.0, 'w6': 0.313, 'w7': 0.151, 'w8': 0.722, 'max_depth': 9, 'min_child_weight': 18, 'subsample': 0.8, 'colsample_bytree': 0.9000000000000001, 'gamma': 1.0}. Best is trial 556 with value: 0.5099189407344089.
[I 2023-10-20 00:42:01,342] Trial 760 finished with value: 0.432942622058857 and parameters: {'w0': 0.128, 'w1': 0.9430000000000001, 'w2': 0.187, 'w3': 0.47400000000000003, 'w4': 0.884, 'w5': 0.999, 'w6': 0.299, 'w7': 0.902, 'w8': 0.775, 'max_depth': 9, 'min_child_weight': 18, 'subsample': 0.7, 'colsample_bytree': 0.8, 'gamma': 0.0}. Best is trial 556 with value: 0.5099189407344089.
[I 2023-10-20 00:42:22,776] Trial 762 finished with value: 0.42674640760017873 and parameters: {'w0': 0.135, 'w1': 0.9510000000000001, 'w2': 0.191, 'w3': 0.6, 'w4': 0.766, 'w5': 1.0, 'w6': 0.304, 'w7': 0.87, 'w8': 0.8200000000000001, 'max_depth': 7, 'min_child_weight': 18, 'subsample': 0.8, 'colsample_bytree': 0.9000000000000001, 'gamma': 0.0}. Best is trial 556 with value: 0.5099189407344089.
[I 2023-10-20 00:43:14,020] Trial 761 finished with value: 0.4856341718082688 and parameters: {'w0': 1.0, 'w1': 0.9430000000000001, 'w2': 0.188, 'w3': 0.47800000000000004, 'w4': 0.884, 'w5': 1.0, 'w6': 0.3, 'w7': 0.151, 'w8': 0.772, 'max_depth': 9, 'min_child_weight': 18, 'subsample': 0.8, 'colsample_bytree': 0.9000000000000001, 'gamma': 0.0}. Best is trial 556 with value: 0.5099189407344089.
[I 2023-10-20 00:44:17,534] Trial 769 finished with value: 0.49927367371668757 and parameters: {'w0': 0.189, 'w1': 0.964, 'w2': 0.2, 'w3': 0.47700000000000004, 'w4': 0.896, 'w5': 0.999, 'w6': 0.314, 'w7': 0.147, 'w8': 0.72, 'max_depth': 9, 'min_child_weight': 18, 'subsample': 0.8, 'colsample_bytree': 0.9000000000000001, 'gamma': 1.0}. Best is trial 556 with value: 0.5099189407344089.
[I 2023-10-20 00:44:28,234] Trial 770 finished with value: 0.505493552971263 and parameters: {'w0': 0.193, 'w1': 0.964, 'w2': 0.191, 'w3': 0.48000000000000004, 'w4': 0.897, 'w5': 1.0, 'w6': 0.371, 'w7': 0.151, 'w8': 0.716, 'max_depth': 9, 'min_child_weight': 18, 'subsample': 0.8, 'colsample_bytree': 0.9000000000000001, 'gamma': 1.0}. Best is trial 556 with value: 0.5099189407344089.
[I 2023-10-20 00:44:52,236] Trial 763 finished with value: 0.44871285647138465 and parameters: {'w0': 0.812, 'w1': 0.9430000000000001, 'w2': 0.191, 'w3': 0.8260000000000001, 'w4': 0.892, 'w5': 1.0, 'w6': 0.307, 'w7': 0.589, 'w8': 0.772, 'max_depth': 7, 'min_child_weight': 18, 'subsample': 0.8, 'colsample_bytree': 0.9000000000000001, 'gamma': 0.0}. Best is trial 556 with value: 0.5099189407344089.
[I 2023-10-20 00:45:07,968] Trial 771 finished with value: 0.4988753618687056 and parameters: {'w0': 0.17200000000000001, 'w1': 0.9590000000000001, 'w2': 0.193, 'w3': 0.598, 'w4': 0.897, 'w5': 0.984, 'w6': 0.32, 'w7': 0.153, 'w8': 0.721, 'max_depth': 7, 'min_child_weight': 18, 'subsample': 0.8, 'colsample_bytree': 0.9000000000000001, 'gamma': 1.0}. Best is trial 556 with value: 0.5099189407344089.
[I 2023-10-20 00:46:17,745] Trial 772 finished with value: 0.49668706500003956 and parameters: {'w0': 0.19, 'w1': 0.967, 'w2': 0.183, 'w3': 0.601, 'w4': 0.892, 'w5': 1.0, 'w6': 0.317, 'w7': 0.123, 'w8': 0.722, 'max_depth': 9, 'min_child_weight': 18, 'subsample': 0.8, 'colsample_bytree': 0.9000000000000001, 'gamma': 1.0}. Best is trial 556 with value: 0.5099189407344089.
