[I 2023-10-21 01:20:12,844] Trial 527 finished with value: 0.4033164417505921 and parameters: {'w0': 0.35000000000000003, 'w1': 0.6940000000000001, 'w2': 0.63, 'w3': 0.511, 'w4': 0.905, 'w5': 0.755, 'w6': 0.893, 'w7': 0.369, 'w8': 0.526, 'max_depth': 10, 'min_child_weight': 6, 'subsample': 0.4, 'colsample_bytree': 0.9000000000000001, 'gamma': 1.6}. Best is trial 428 with value: 0.4125878578078418.
[I 2023-10-21 01:22:29,967] Trial 531 finished with value: 0.40875615525999703 and parameters: {'w0': 0.438, 'w1': 0.6940000000000001, 'w2': 0.596, 'w3': 0.507, 'w4': 0.8220000000000001, 'w5': 0.582, 'w6': 0.896, 'w7': 0.366, 'w8': 0.879, 'max_depth': 10, 'min_child_weight': 6, 'subsample': 0.4, 'colsample_bytree': 0.8, 'gamma': 2.0}. Best is trial 428 with value: 0.4125878578078418.
[I 2023-10-21 01:22:37,269] Trial 530 finished with value: 0.40871727715890616 and parameters: {'w0': 0.44, 'w1': 0.866, 'w2': 0.538, 'w3': 0.509, 'w4': 0.8310000000000001, 'w5': 0.586, 'w6': 0.895, 'w7': 0.34700000000000003, 'w8': 0.884, 'max_depth': 10, 'min_child_weight': 6, 'subsample': 0.4, 'colsample_bytree': 0.8, 'gamma': 1.4000000000000001}. Best is trial 428 with value: 0.4125878578078418.
[I 2023-10-21 01:25:56,749] Trial 533 finished with value: 0.4107327547589299 and parameters: {'w0': 0.47300000000000003, 'w1': 0.878, 'w2': 0.492, 'w3': 0.543, 'w4': 0.9510000000000001, 'w5': 0.585, 'w6': 0.895, 'w7': 0.356, 'w8': 0.884, 'max_depth': 10, 'min_child_weight': 6, 'subsample': 0.4, 'colsample_bytree': 0.9000000000000001, 'gamma': 1.4000000000000001}. Best is trial 428 with value: 0.4125878578078418.
[I 2023-10-21 01:26:20,900] Trial 534 finished with value: 0.4103154542301664 and parameters: {'w0': 0.431, 'w1': 0.874, 'w2': 0.647, 'w3': 0.541, 'w4': 0.9500000000000001, 'w5': 0.587, 'w6': 0.899, 'w7': 0.365, 'w8': 0.881, 'max_depth': 10, 'min_child_weight': 6, 'subsample': 0.4, 'colsample_bytree': 0.9000000000000001, 'gamma': 1.4000000000000001}. Best is trial 428 with value: 0.4125878578078418.
[I 2023-10-21 01:27:15,816] Trial 535 finished with value: 0.40766227189902904 and parameters: {'w0': 0.435, 'w1': 0.867, 'w2': 0.529, 'w3': 0.543, 'w4': 0.84, 'w5': 0.584, 'w6': 0.894, 'w7': 0.431, 'w8': 0.889, 'max_depth': 10, 'min_child_weight': 8, 'subsample': 0.4, 'colsample_bytree': 0.9000000000000001, 'gamma': 1.4000000000000001}. Best is trial 428 with value: 0.4125878578078418.
[I 2023-10-21 01:29:20,254] Trial 536 finished with value: 0.4076145110572096 and parameters: {'w0': 0.432, 'w1': 0.869, 'w2': 0.644, 'w3': 0.494, 'w4': 0.9490000000000001, 'w5': 0.584, 'w6': 0.898, 'w7': 0.359, 'w8': 0.881, 'max_depth': 10, 'min_child_weight': 8, 'subsample': 0.4, 'colsample_bytree': 0.9000000000000001, 'gamma': 2.0}. Best is trial 428 with value: 0.4125878578078418.
[I 2023-10-21 01:32:18,911] Trial 538 finished with value: 0.39723645464268253 and parameters: {'w0': 0.433, 'w1': 0.137, 'w2': 0.47200000000000003, 'w3': 0.542, 'w4': 0.917, 'w5': 0.553, 'w6': 0.897, 'w7': 0.359, 'w8': 0.896, 'max_depth': 10, 'min_child_weight': 8, 'subsample': 0.4, 'colsample_bytree': 0.9000000000000001, 'gamma': 1.4000000000000001}. Best is trial 428 with value: 0.4125878578078418.
[I 2023-10-21 01:33:33,359] Trial 539 finished with value: 0.4101679289337956 and parameters: {'w0': 0.34900000000000003, 'w1': 0.877, 'w2': 0.47100000000000003, 'w3': 0.493, 'w4': 0.9410000000000001, 'w5': 0.624, 'w6': 0.865, 'w7': 0.35200000000000004, 'w8': 0.898, 'max_depth': 10, 'min_child_weight': 8, 'subsample': 0.4, 'colsample_bytree': 0.9000000000000001, 'gamma': 1.4000000000000001}. Best is trial 428 with value: 0.4125878578078418.
[I 2023-10-21 01:33:35,680] Trial 537 finished with value: 0.4076415232387933 and parameters: {'w0': 0.436, 'w1': 0.879, 'w2': 0.658, 'w3': 0.505, 'w4': 0.972, 'w5': 0.546, 'w6': 0.9, 'w7': 0.362, 'w8': 0.881, 'max_depth': 10, 'min_child_weight': 8, 'subsample': 0.4, 'colsample_bytree': 0.9000000000000001, 'gamma': 1.4000000000000001}. Best is trial 428 with value: 0.4125878578078418.
[I 2023-10-21 01:33:45,508] Trial 540 finished with value: 0.40548644380510945 and parameters: {'w0': 0.34700000000000003, 'w1': 0.592, 'w2': 0.48000000000000004, 'w3': 0.545, 'w4': 0.934, 'w5': 0.58, 'w6': 0.637, 'w7': 0.366, 'w8': 0.898, 'max_depth': 10, 'min_child_weight': 8, 'subsample': 0.4, 'colsample_bytree': 0.9000000000000001, 'gamma': 1.4000000000000001}. Best is trial 428 with value: 0.4125878578078418.
[I 2023-10-21 01:34:36,578] Trial 541 finished with value: 0.3978247400669541 and parameters: {'w0': 0.468, 'w1': 0.879, 'w2': 0.643, 'w3': 0.543, 'w4': 0.978, 'w5': 0.538, 'w6': 0.896, 'w7': 0.373, 'w8': 0.357, 'max_depth': 10, 'min_child_weight': 8, 'subsample': 0.4, 'colsample_bytree': 0.9000000000000001, 'gamma': 1.4000000000000001}. Best is trial 428 with value: 0.4125878578078418.
[I 2023-10-21 01:35:37,622] Trial 542 finished with value: 0.40488585379367176 and parameters: {'w0': 0.442, 'w1': 0.883, 'w2': 0.654, 'w3': 0.542, 'w4': 0.98, 'w5': 0.582, 'w6': 0.86, 'w7': 0.368, 'w8': 0.9, 'max_depth': 10, 'min_child_weight': 8, 'subsample': 0.4, 'colsample_bytree': 0.9000000000000001, 'gamma': 1.4000000000000001}. Best is trial 428 with value: 0.4125878578078418.
[I 2023-10-21 01:36:24,303] Trial 543 finished with value: 0.40617494889021366 and parameters: {'w0': 0.47000000000000003, 'w1': 0.642, 'w2': 0.649, 'w3': 0.543, 'w4': 0.9600000000000001, 'w5': 0.5720000000000001, 'w6': 0.898, 'w7': 0.34900000000000003, 'w8': 0.903, 'max_depth': 10, 'min_child_weight': 6, 'subsample': 0.4, 'colsample_bytree': 0.9000000000000001, 'gamma': 1.4000000000000001}. Best is trial 428 with value: 0.4125878578078418.
[I 2023-10-21 01:37:16,222] Trial 544 finished with value: 0.4066768027792613 and parameters: {'w0': 0.47700000000000004, 'w1': 0.678, 'w2': 0.47100000000000003, 'w3': 0.541, 'w4': 0.9410000000000001, 'w5': 0.5750000000000001, 'w6': 0.864, 'w7': 0.358, 'w8': 0.902, 'max_depth': 10, 'min_child_weight': 6, 'subsample': 0.4, 'colsample_bytree': 0.9000000000000001, 'gamma': 1.4000000000000001}. Best is trial 428 with value: 0.4125878578078418.
[I 2023-10-21 01:37:39,516] Trial 547 finished with value: 0.40631646004491373 and parameters: {'w0': 0.47000000000000003, 'w1': 0.645, 'w2': 0.652, 'w3': 0.547, 'w4': 0.985, 'w5': 0.5710000000000001, 'w6': 0.932, 'w7': 0.342, 'w8': 0.895, 'max_depth': 10, 'min_child_weight': 6, 'subsample': 0.4, 'colsample_bytree': 0.9000000000000001, 'gamma': 2.0}. Best is trial 428 with value: 0.4125878578078418.
[I 2023-10-21 01:37:40,281] Trial 545 finished with value: 0.4079769422459066 and parameters: {'w0': 0.47500000000000003, 'w1': 0.642, 'w2': 0.47700000000000004, 'w3': 0.525, 'w4': 0.925, 'w5': 0.538, 'w6': 0.866, 'w7': 0.353, 'w8': 0.897, 'max_depth': 10, 'min_child_weight': 6, 'subsample': 0.4, 'colsample_bytree': 0.9000000000000001, 'gamma': 1.4000000000000001}. Best is trial 428 with value: 0.4125878578078418.
[I 2023-10-21 01:38:19,029] Trial 553 finished with value: 0.36271980584908137 and parameters: {'w0': 0.47200000000000003, 'w1': 0.889, 'w2': 0.47900000000000004, 'w3': 0.544, 'w4': 0.984, 'w5': 0.544, 'w6': 0.86, 'w7': 0.258, 'w8': 0.47900000000000004, 'max_depth': 10, 'min_child_weight': 6, 'subsample': 0.4, 'colsample_bytree': 0.8, 'gamma': 6.0}. Best is trial 428 with value: 0.4125878578078418.
[I 2023-10-21 01:38:22,173] Trial 546 finished with value: 0.4076710506003682 and parameters: {'w0': 0.464, 'w1': 0.881, 'w2': 0.659, 'w3': 0.544, 'w4': 0.7030000000000001, 'w5': 0.546, 'w6': 0.866, 'w7': 0.375, 'w8': 0.901, 'max_depth': 10, 'min_child_weight': 6, 'subsample': 0.4, 'colsample_bytree': 0.9000000000000001, 'gamma': 1.4000000000000001}. Best is trial 428 with value: 0.4125878578078418.
[I 2023-10-21 01:40:04,997] Trial 548 finished with value: 0.40451194974100313 and parameters: {'w0': 0.462, 'w1': 0.637, 'w2': 0.603, 'w3': 0.545, 'w4': 0.9380000000000001, 'w5': 0.541, 'w6': 0.863, 'w7': 0.34900000000000003, 'w8': 0.895, 'max_depth': 10, 'min_child_weight': 6, 'subsample': 0.4, 'colsample_bytree': 0.8, 'gamma': 1.4000000000000001}. Best is trial 428 with value: 0.4125878578078418.
[I 2023-10-21 01:43:31,529] Trial 549 finished with value: 0.4085933155265776 and parameters: {'w0': 0.47400000000000003, 'w1': 0.593, 'w2': 0.465, 'w3': 0.544, 'w4': 0.964, 'w5': 0.549, 'w6': 0.862, 'w7': 0.28, 'w8': 0.896, 'max_depth': 10, 'min_child_weight': 6, 'subsample': 0.4, 'colsample_bytree': 0.8, 'gamma': 1.2000000000000002}. Best is trial 428 with value: 0.4125878578078418.
[I 2023-10-21 01:44:18,617] Trial 550 finished with value: 0.4038595545021071 and parameters: {'w0': 0.468, 'w1': 0.878, 'w2': 0.663, 'w3': 0.545, 'w4': 0.9410000000000001, 'w5': 0.547, 'w6': 0.868, 'w7': 0.272, 'w8': 0.903, 'max_depth': 10, 'min_child_weight': 6, 'subsample': 0.4, 'colsample_bytree': 0.8, 'gamma': 1.2000000000000002}. Best is trial 428 with value: 0.4125878578078418.
[I 2023-10-21 01:44:58,532] Trial 551 finished with value: 0.40713667986344926 and parameters: {'w0': 0.489, 'w1': 0.882, 'w2': 0.463, 'w3': 0.55, 'w4': 0.971, 'w5': 0.549, 'w6': 0.862, 'w7': 0.33, 'w8': 0.894, 'max_depth': 10, 'min_child_weight': 6, 'subsample': 0.4, 'colsample_bytree': 0.8, 'gamma': 1.2000000000000002}. Best is trial 428 with value: 0.4125878578078418.
[I 2023-10-21 01:47:11,257] Trial 552 finished with value: 0.4081412134697171 and parameters: {'w0': 0.449, 'w1': 0.876, 'w2': 0.481, 'w3': 0.541, 'w4': 0.968, 'w5': 0.5720000000000001, 'w6': 0.863, 'w7': 0.267, 'w8': 0.902, 'max_depth': 10, 'min_child_weight': 6, 'subsample': 0.4, 'colsample_bytree': 0.8, 'gamma': 1.2000000000000002}. Best is trial 428 with value: 0.4125878578078418.
[I 2023-10-21 01:52:09,339] Trial 555 finished with value: 0.40759154624404487 and parameters: {'w0': 0.47200000000000003, 'w1': 0.883, 'w2': 0.66, 'w3': 0.539, 'w4': 0.924, 'w5': 0.5760000000000001, 'w6': 0.872, 'w7': 0.343, 'w8': 0.908, 'max_depth': 10, 'min_child_weight': 6, 'subsample': 0.4, 'colsample_bytree': 0.9000000000000001, 'gamma': 1.2000000000000002}. Best is trial 428 with value: 0.4125878578078418.
[I 2023-10-21 01:52:15,301] Trial 554 finished with value: 0.410628185314419 and parameters: {'w0': 0.47500000000000003, 'w1': 0.877, 'w2': 0.665, 'w3': 0.545, 'w4': 0.993, 'w5': 0.559, 'w6': 0.87, 'w7': 0.292, 'w8': 0.905, 'max_depth': 10, 'min_child_weight': 6, 'subsample': 0.4, 'colsample_bytree': 0.9000000000000001, 'gamma': 1.2000000000000002}. Best is trial 428 with value: 0.4125878578078418.
[I 2023-10-21 01:52:20,388] Trial 556 finished with value: 0.41092584525006526 and parameters: {'w0': 0.458, 'w1': 0.888, 'w2': 0.657, 'w3': 0.533, 'w4': 0.995, 'w5': 0.5680000000000001, 'w6': 0.866, 'w7': 0.28900000000000003, 'w8': 0.904, 'max_depth': 10, 'min_child_weight': 6, 'subsample': 0.4, 'colsample_bytree': 0.9000000000000001, 'gamma': 1.2000000000000002}. Best is trial 428 with value: 0.4125878578078418.
[I 2023-10-21 01:53:14,182] Trial 557 finished with value: 0.4027212673007185 and parameters: {'w0': 0.47600000000000003, 'w1': 0.858, 'w2': 0.664, 'w3': 0.554, 'w4': 0.93, 'w5': 0.5670000000000001, 'w6': 0.865, 'w7': 0.357, 'w8': 0.907, 'max_depth': 10, 'min_child_weight': 6, 'subsample': 0.4, 'colsample_bytree': 0.9000000000000001, 'gamma': 1.2000000000000002}. Best is trial 428 with value: 0.4125878578078418.
[I 2023-10-21 01:53:57,298] Trial 558 finished with value: 0.40967370704631084 and parameters: {'w0': 0.481, 'w1': 0.895, 'w2': 0.465, 'w3': 0.537, 'w4': 0.9440000000000001, 'w5': 0.5730000000000001, 'w6': 0.866, 'w7': 0.331, 'w8': 0.932, 'max_depth': 10, 'min_child_weight': 6, 'subsample': 0.4, 'colsample_bytree': 0.9000000000000001, 'gamma': 1.2000000000000002}. Best is trial 428 with value: 0.4125878578078418.
[I 2023-10-21 01:54:38,334] Trial 559 finished with value: 0.40898880121275083 and parameters: {'w0': 0.47600000000000003, 'w1': 0.855, 'w2': 0.596, 'w3': 0.529, 'w4': 0.903, 'w5': 0.525, 'w6': 0.865, 'w7': 0.327, 'w8': 0.931, 'max_depth': 10, 'min_child_weight': 6, 'subsample': 0.4, 'colsample_bytree': 0.9000000000000001, 'gamma': 1.2000000000000002}. Best is trial 428 with value: 0.4125878578078418.
[I 2023-10-21 01:55:33,483] Trial 560 finished with value: 0.40989100233391956 and parameters: {'w0': 0.463, 'w1': 0.885, 'w2': 0.465, 'w3': 0.524, 'w4': 0.921, 'w5': 0.561, 'w6': 0.855, 'w7': 0.28200000000000003, 'w8': 0.93, 'max_depth': 10, 'min_child_weight': 6, 'subsample': 0.4, 'colsample_bytree': 0.9000000000000001, 'gamma': 1.2000000000000002}. Best is trial 428 with value: 0.4125878578078418.
[I 2023-10-21 01:55:38,020] Trial 562 finished with value: 0.4091694092887323 and parameters: {'w0': 0.448, 'w1': 0.856, 'w2': 0.467, 'w3': 0.535, 'w4': 0.918, 'w5': 0.531, 'w6': 0.864, 'w7': 0.331, 'w8': 0.929, 'max_depth': 10, 'min_child_weight': 6, 'subsample': 0.4, 'colsample_bytree': 0.9000000000000001, 'gamma': 1.4000000000000001}. Best is trial 428 with value: 0.4125878578078418.
[I 2023-10-21 01:55:50,565] Trial 561 finished with value: 0.4029751848678851 and parameters: {'w0': 0.508, 'w1': 0.852, 'w2': 0.66, 'w3': 0.535, 'w4': 0.6930000000000001, 'w5': 0.52, 'w6': 0.864, 'w7': 0.315, 'w8': 0.928, 'max_depth': 10, 'min_child_weight': 6, 'subsample': 0.4, 'colsample_bytree': 0.9000000000000001, 'gamma': 1.2000000000000002}. Best is trial 428 with value: 0.4125878578078418.
[I 2023-10-21 01:56:05,762] Trial 564 finished with value: 0.39725115045442994 and parameters: {'w0': 0.502, 'w1': 0.859, 'w2': 0.501, 'w3': 0.526, 'w4': 0.937, 'w5': 0.51, 'w6': 0.867, 'w7': 0.279, 'w8': 0.28800000000000003, 'max_depth': 10, 'min_child_weight': 6, 'subsample': 0.4, 'colsample_bytree': 0.9000000000000001, 'gamma': 1.2000000000000002}. Best is trial 428 with value: 0.4125878578078418.
[I 2023-10-21 01:56:06,558] Trial 563 finished with value: 0.40619263162931035 and parameters: {'w0': 0.492, 'w1': 0.859, 'w2': 0.458, 'w3': 0.271, 'w4': 0.915, 'w5': 0.516, 'w6': 0.869, 'w7': 0.32, 'w8': 0.932, 'max_depth': 10, 'min_child_weight': 6, 'subsample': 0.4, 'colsample_bytree': 0.9000000000000001, 'gamma': 1.2000000000000002}. Best is trial 428 with value: 0.4125878578078418.
[I 2023-10-21 01:58:06,812] Trial 565 finished with value: 0.409904204323689 and parameters: {'w0': 0.47600000000000003, 'w1': 0.852, 'w2': 0.452, 'w3': 0.488, 'w4': 0.922, 'w5': 0.521, 'w6': 0.865, 'w7': 0.328, 'w8': 0.931, 'max_depth': 10, 'min_child_weight': 6, 'subsample': 0.4, 'colsample_bytree': 0.9000000000000001, 'gamma': 1.2000000000000002}. Best is trial 428 with value: 0.4125878578078418.
[I 2023-10-21 02:01:32,282] Trial 566 finished with value: 0.4085858954585108 and parameters: {'w0': 0.486, 'w1': 0.856, 'w2': 0.459, 'w3': 0.526, 'w4': 0.965, 'w5': 0.551, 'w6': 0.868, 'w7': 0.293, 'w8': 0.932, 'max_depth': 10, 'min_child_weight': 6, 'subsample': 0.4, 'colsample_bytree': 0.8, 'gamma': 1.2000000000000002}. Best is trial 428 with value: 0.4125878578078418.
[I 2023-10-21 02:02:08,512] Trial 567 finished with value: 0.40889839290318186 and parameters: {'w0': 0.486, 'w1': 0.852, 'w2': 0.448, 'w3': 0.489, 'w4': 0.965, 'w5': 0.526, 'w6': 0.869, 'w7': 0.22, 'w8': 0.932, 'max_depth': 10, 'min_child_weight': 6, 'subsample': 0.4, 'colsample_bytree': 0.9000000000000001, 'gamma': 1.2000000000000002}. Best is trial 428 with value: 0.4125878578078418.
[I 2023-10-21 02:03:20,036] Trial 568 finished with value: 0.40963840536259877 and parameters: {'w0': 0.509, 'w1': 0.853, 'w2': 0.459, 'w3': 0.52, 'w4': 0.997, 'w5': 0.508, 'w6': 0.875, 'w7': 0.28800000000000003, 'w8': 0.914, 'max_depth': 10, 'min_child_weight': 6, 'subsample': 0.4, 'colsample_bytree': 0.9000000000000001, 'gamma': 1.2000000000000002}. Best is trial 428 with value: 0.4125878578078418.
[I 2023-10-21 02:05:11,512] Trial 569 finished with value: 0.40727200607992525 and parameters: {'w0': 0.513, 'w1': 0.848, 'w2': 0.453, 'w3': 0.526, 'w4': 0.993, 'w5': 0.513, 'w6': 0.875, 'w7': 0.273, 'w8': 0.933, 'max_depth': 10, 'min_child_weight': 6, 'subsample': 0.4, 'colsample_bytree': 0.8, 'gamma': 1.2000000000000002}. Best is trial 428 with value: 0.4125878578078418.
[I 2023-10-21 02:10:25,437] Trial 570 finished with value: 0.4064571477694875 and parameters: {'w0': 0.428, 'w1': 0.501, 'w2': 0.468, 'w3': 0.526, 'w4': 0.667, 'w5': 0.561, 'w6': 0.88, 'w7': 0.262, 'w8': 0.931, 'max_depth': 10, 'min_child_weight': 6, 'subsample': 0.4, 'colsample_bytree': 0.8, 'gamma': 0.8}. Best is trial 428 with value: 0.4125878578078418.
[I 2023-10-21 02:10:37,510] Trial 571 finished with value: 0.4128633390258784 and parameters: {'w0': 0.152, 'w1': 0.854, 'w2': 0.461, 'w3': 0.528, 'w4': 0.967, 'w5': 0.591, 'w6': 0.873, 'w7': 0.259, 'w8': 0.935, 'max_depth': 10, 'min_child_weight': 6, 'subsample': 0.4, 'colsample_bytree': 0.8, 'gamma': 0.8}. Best is trial 571 with value: 0.4128633390258784.
[I 2023-10-21 02:11:22,971] Trial 572 finished with value: 0.4118703561462975 and parameters: {'w0': 0.486, 'w1': 0.854, 'w2': 0.457, 'w3': 0.527, 'w4': 0.965, 'w5': 0.5700000000000001, 'w6': 0.878, 'w7': 0.279, 'w8': 0.933, 'max_depth': 10, 'min_child_weight': 6, 'subsample': 0.4, 'colsample_bytree': 0.8, 'gamma': 0.8}. Best is trial 571 with value: 0.4128633390258784.
[I 2023-10-21 02:12:17,119] Trial 573 finished with value: 0.4018758795873271 and parameters: {'w0': 0.515, 'w1': 0.904, 'w2': 0.6900000000000001, 'w3': 0.527, 'w4': 0.968, 'w5': 0.529, 'w6': 0.877, 'w7': 0.219, 'w8': 0.935, 'max_depth': 10, 'min_child_weight': 6, 'subsample': 0.4, 'colsample_bytree': 0.8, 'gamma': 0.8}. Best is trial 571 with value: 0.4128633390258784.
[I 2023-10-21 02:12:48,525] Trial 574 finished with value: 0.4088444461401816 and parameters: {'w0': 0.503, 'w1': 0.915, 'w2': 0.496, 'w3': 0.526, 'w4': 0.987, 'w5': 0.553, 'w6': 0.88, 'w7': 0.29, 'w8': 0.935, 'max_depth': 10, 'min_child_weight': 6, 'subsample': 0.4, 'colsample_bytree': 0.8, 'gamma': 0.8}. Best is trial 571 with value: 0.4128633390258784.
[I 2023-10-21 02:13:12,610] Trial 575 finished with value: 0.40903442662461187 and parameters: {'w0': 0.499, 'w1': 0.849, 'w2': 0.448, 'w3': 0.562, 'w4': 0.998, 'w5': 0.513, 'w6': 0.877, 'w7': 0.267, 'w8': 0.936, 'max_depth': 10, 'min_child_weight': 6, 'subsample': 0.4, 'colsample_bytree': 0.8, 'gamma': 0.8}. Best is trial 571 with value: 0.4128633390258784.
[I 2023-10-21 02:14:34,834] Trial 577 finished with value: 0.40877792985117517 and parameters: {'w0': 0.509, 'w1': 0.906, 'w2': 0.448, 'w3': 0.562, 'w4': 0.997, 'w5': 0.515, 'w6': 0.878, 'w7': 0.293, 'w8': 0.931, 'max_depth': 10, 'min_child_weight': 6, 'subsample': 0.4, 'colsample_bytree': 0.9000000000000001, 'gamma': 1.0}. Best is trial 571 with value: 0.4128633390258784.
[I 2023-10-21 02:14:38,534] Trial 576 finished with value: 0.4093554632014517 and parameters: {'w0': 0.513, 'w1': 0.906, 'w2': 0.451, 'w3': 0.522, 'w4': 0.967, 'w5': 0.521, 'w6': 0.877, 'w7': 0.278, 'w8': 0.932, 'max_depth': 10, 'min_child_weight': 6, 'subsample': 0.4, 'colsample_bytree': 0.9000000000000001, 'gamma': 0.6000000000000001}. Best is trial 571 with value: 0.4128633390258784.
[I 2023-10-21 02:14:57,822] Trial 580 finished with value: 0.4106086994533973 and parameters: {'w0': 0.514, 'w1': 0.906, 'w2': 0.46, 'w3': 0.527, 'w4': 0.995, 'w5': 0.491, 'w6': 0.881, 'w7': 0.28900000000000003, 'w8': 0.937, 'max_depth': 10, 'min_child_weight': 6, 'subsample': 0.4, 'colsample_bytree': 0.9000000000000001, 'gamma': 0.8}. Best is trial 571 with value: 0.4128633390258784.
[I 2023-10-21 02:15:10,863] Trial 578 finished with value: 0.4077323249793417 and parameters: {'w0': 0.49, 'w1': 0.913, 'w2': 0.43, 'w3': 0.527, 'w4': 0.997, 'w5': 0.526, 'w6': 0.881, 'w7': 0.291, 'w8': 0.937, 'max_depth': 10, 'min_child_weight': 6, 'subsample': 0.4, 'colsample_bytree': 0.9000000000000001, 'gamma': 0.6000000000000001}. Best is trial 571 with value: 0.4128633390258784.
[I 2023-10-21 02:15:27,684] Trial 579 finished with value: 0.40994806211004087 and parameters: {'w0': 0.495, 'w1': 0.932, 'w2': 0.451, 'w3': 0.561, 'w4': 1.0, 'w5': 0.519, 'w6': 0.882, 'w7': 0.294, 'w8': 0.936, 'max_depth': 10, 'min_child_weight': 6, 'subsample': 0.4, 'colsample_bytree': 0.9000000000000001, 'gamma': 0.8}. Best is trial 571 with value: 0.4128633390258784.
[I 2023-10-21 02:16:45,838] Trial 581 finished with value: 0.4095759229270526 and parameters: {'w0': 0.483, 'w1': 0.904, 'w2': 0.421, 'w3': 0.5740000000000001, 'w4': 0.996, 'w5': 0.489, 'w6': 0.879, 'w7': 0.293, 'w8': 0.931, 'max_depth': 10, 'min_child_weight': 6, 'subsample': 0.4, 'colsample_bytree': 0.9000000000000001, 'gamma': 1.0}. Best is trial 571 with value: 0.4128633390258784.
[I 2023-10-21 02:20:21,626] Trial 582 finished with value: 0.41075881109755763 and parameters: {'w0': 0.517, 'w1': 0.905, 'w2': 0.419, 'w3': 0.5670000000000001, 'w4': 0.987, 'w5': 0.502, 'w6': 0.881, 'w7': 0.28900000000000003, 'w8': 0.937, 'max_depth': 10, 'min_child_weight': 6, 'subsample': 0.4, 'colsample_bytree': 0.8, 'gamma': 0.8}. Best is trial 571 with value: 0.4128633390258784.
[I 2023-10-21 02:21:05,074] Trial 583 finished with value: 0.41042667628887414 and parameters: {'w0': 0.506, 'w1': 0.908, 'w2': 0.453, 'w3': 0.5670000000000001, 'w4': 0.991, 'w5': 0.499, 'w6': 0.881, 'w7': 0.297, 'w8': 0.933, 'max_depth': 10, 'min_child_weight': 6, 'subsample': 0.4, 'colsample_bytree': 0.8, 'gamma': 0.8}. Best is trial 571 with value: 0.4128633390258784.
[I 2023-10-21 02:21:59,494] Trial 584 finished with value: 0.4073256772744881 and parameters: {'w0': 0.511, 'w1': 0.909, 'w2': 0.424, 'w3': 0.529, 'w4': 0.993, 'w5': 0.507, 'w6': 0.879, 'w7': 0.2, 'w8': 0.928, 'max_depth': 10, 'min_child_weight': 6, 'subsample': 0.4, 'colsample_bytree': 0.9000000000000001, 'gamma': 0.8}. Best is trial 571 with value: 0.4128633390258784.
