[I 2023-10-18 11:46:39,471] Trial 274 finished with value: 0.48228525629584434 and parameters: {'w0': 0.261, 'w1': 0.9530000000000001, 'w2': 0.22, 'w3': 0.323, 'w4': 0.845, 'w5': 0.6890000000000001, 'w6': 0.926, 'w7': 0.882, 'w8': 0.849, 'max_depth': 9, 'min_child_weight': 14, 'subsample': 0.8, 'colsample_bytree': 0.8, 'gamma': 1.4000000000000001}. Best is trial 265 with value: 0.5325571671639483.
[I 2023-10-18 11:46:53,108] Trial 280 finished with value: 0.5113895028605513 and parameters: {'w0': 0.183, 'w1': 0.9560000000000001, 'w2': 0.199, 'w3': 0.322, 'w4': 0.798, 'w5': 0.686, 'w6': 0.972, 'w7': 0.295, 'w8': 0.854, 'max_depth': 9, 'min_child_weight': 16, 'subsample': 0.8, 'colsample_bytree': 0.8, 'gamma': 1.4000000000000001}. Best is trial 265 with value: 0.5325571671639483.
[I 2023-10-18 11:46:55,675] Trial 282 finished with value: 0.519546705259083 and parameters: {'w0': 0.182, 'w1': 0.84, 'w2': 0.252, 'w3': 0.34400000000000003, 'w4': 0.807, 'w5': 0.594, 'w6': 0.812, 'w7': 0.134, 'w8': 0.967, 'max_depth': 9, 'min_child_weight': 16, 'subsample': 0.8, 'colsample_bytree': 0.8, 'gamma': 1.4000000000000001}. Best is trial 265 with value: 0.5325571671639483.
[I 2023-10-18 11:46:56,817] Trial 283 finished with value: 0.49759068243862803 and parameters: {'w0': 0.177, 'w1': 0.063, 'w2': 0.19, 'w3': 0.341, 'w4': 0.782, 'w5': 0.6940000000000001, 'w6': 0.895, 'w7': 0.132, 'w8': 0.974, 'max_depth': 9, 'min_child_weight': 16, 'subsample': 0.8, 'colsample_bytree': 0.8, 'gamma': 1.4000000000000001}. Best is trial 265 with value: 0.5325571671639483.
[I 2023-10-18 11:47:40,808] Trial 281 finished with value: 0.5277435196389185 and parameters: {'w0': 0.185, 'w1': 0.9580000000000001, 'w2': 0.259, 'w3': 0.35000000000000003, 'w4': 0.847, 'w5': 0.687, 'w6': 0.963, 'w7': 0.296, 'w8': 0.972, 'max_depth': 9, 'min_child_weight': 16, 'subsample': 0.8, 'colsample_bytree': 0.8, 'gamma': 1.4000000000000001}. Best is trial 265 with value: 0.5325571671639483.
[I 2023-10-18 11:48:06,594] Trial 273 finished with value: 0.5169044114934153 and parameters: {'w0': 0.261, 'w1': 0.9520000000000001, 'w2': 0.253, 'w3': 0.44, 'w4': 0.841, 'w5': 0.678, 'w6': 0.8190000000000001, 'w7': 0.251, 'w8': 0.855, 'max_depth': 9, 'min_child_weight': 16, 'subsample': 0.4, 'colsample_bytree': 0.8, 'gamma': 1.4000000000000001}. Best is trial 265 with value: 0.5325571671639483.
[I 2023-10-18 11:49:11,946] Trial 284 finished with value: 0.5269369863926073 and parameters: {'w0': 0.10500000000000001, 'w1': 0.911, 'w2': 0.186, 'w3': 0.331, 'w4': 0.797, 'w5': 0.6890000000000001, 'w6': 0.888, 'w7': 0.181, 'w8': 0.976, 'max_depth': 9, 'min_child_weight': 16, 'subsample': 0.8, 'colsample_bytree': 0.8, 'gamma': 1.4000000000000001}. Best is trial 265 with value: 0.5325571671639483.
[I 2023-10-18 11:49:35,245] Trial 285 finished with value: 0.5376793807206653 and parameters: {'w0': 0.187, 'w1': 0.914, 'w2': 0.161, 'w3': 0.327, 'w4': 0.848, 'w5': 0.6960000000000001, 'w6': 0.809, 'w7': 0.147, 'w8': 0.869, 'max_depth': 9, 'min_child_weight': 16, 'subsample': 0.8, 'colsample_bytree': 0.8, 'gamma': 1.4000000000000001}. Best is trial 285 with value: 0.5376793807206653.
[I 2023-10-18 11:49:57,557] Trial 288 finished with value: 0.5151413103866156 and parameters: {'w0': 0.094, 'w1': 0.91, 'w2': 0.188, 'w3': 0.38, 'w4': 0.797, 'w5': 0.59, 'w6': 0.809, 'w7': 0.14, 'w8': 0.977, 'max_depth': 9, 'min_child_weight': 16, 'subsample': 0.8, 'colsample_bytree': 0.8, 'gamma': 1.8}. Best is trial 285 with value: 0.5376793807206653.
[I 2023-10-18 11:50:14,743] Trial 286 finished with value: 0.5277826774235442 and parameters: {'w0': 0.185, 'w1': 0.916, 'w2': 0.22, 'w3': 0.316, 'w4': 0.873, 'w5': 0.687, 'w6': 0.963, 'w7': 0.126, 'w8': 0.976, 'max_depth': 8, 'min_child_weight': 16, 'subsample': 0.8, 'colsample_bytree': 0.8, 'gamma': 1.4000000000000001}. Best is trial 285 with value: 0.5376793807206653.
[I 2023-10-18 11:51:07,302] Trial 290 finished with value: 0.4851129438139253 and parameters: {'w0': 0.091, 'w1': 0.025, 'w2': 0.179, 'w3': 0.382, 'w4': 0.797, 'w5': 0.684, 'w6': 0.969, 'w7': 0.137, 'w8': 0.86, 'max_depth': 8, 'min_child_weight': 18, 'subsample': 0.8, 'colsample_bytree': 0.8, 'gamma': 1.4000000000000001}. Best is trial 285 with value: 0.5376793807206653.
[I 2023-10-18 11:51:16,977] Trial 287 finished with value: 0.5280825037952702 and parameters: {'w0': 0.17600000000000002, 'w1': 0.921, 'w2': 0.22, 'w3': 0.306, 'w4': 0.844, 'w5': 0.6, 'w6': 0.965, 'w7': 0.186, 'w8': 0.968, 'max_depth': 9, 'min_child_weight': 18, 'subsample': 0.8, 'colsample_bytree': 0.8, 'gamma': 1.4000000000000001}. Best is trial 285 with value: 0.5376793807206653.
[I 2023-10-18 11:51:29,600] Trial 289 finished with value: 0.5232251454473682 and parameters: {'w0': 0.091, 'w1': 0.907, 'w2': 0.187, 'w3': 0.334, 'w4': 0.848, 'w5': 0.684, 'w6': 0.9600000000000001, 'w7': 0.133, 'w8': 0.862, 'max_depth': 8, 'min_child_weight': 16, 'subsample': 0.8, 'colsample_bytree': 0.8, 'gamma': 1.4000000000000001}. Best is trial 285 with value: 0.5376793807206653.
[I 2023-10-18 11:54:20,283] Trial 293 finished with value: 0.5090729068376166 and parameters: {'w0': 0.064, 'w1': 0.905, 'w2': 0.166, 'w3': 0.329, 'w4': 0.79, 'w5': 0.707, 'w6': 0.963, 'w7': 0.14200000000000002, 'w8': 0.868, 'max_depth': 8, 'min_child_weight': 18, 'subsample': 0.8, 'colsample_bytree': 0.8, 'gamma': 1.8}. Best is trial 285 with value: 0.5376793807206653.
[I 2023-10-18 11:54:33,890] Trial 292 finished with value: 0.5212803084722194 and parameters: {'w0': 0.193, 'w1': 0.906, 'w2': 0.17400000000000002, 'w3': 0.318, 'w4': 0.792, 'w5': 0.589, 'w6': 0.961, 'w7': 0.117, 'w8': 0.863, 'max_depth': 9, 'min_child_weight': 18, 'subsample': 0.8, 'colsample_bytree': 0.8, 'gamma': 1.8}. Best is trial 285 with value: 0.5376793807206653.
[I 2023-10-18 11:55:12,830] Trial 295 finished with value: 0.44543386541069957 and parameters: {'w0': 0.077, 'w1': 0.905, 'w2': 0.167, 'w3': 0.311, 'w4': 0.787, 'w5': 0.595, 'w6': 0.9590000000000001, 'w7': 0.116, 'w8': 0.012, 'max_depth': 8, 'min_child_weight': 16, 'subsample': 0.8, 'colsample_bytree': 0.8, 'gamma': 1.8}. Best is trial 285 with value: 0.5376793807206653.
[I 2023-10-18 11:55:24,740] Trial 291 finished with value: 0.522679191840743 and parameters: {'w0': 0.101, 'w1': 0.911, 'w2': 0.17400000000000002, 'w3': 0.319, 'w4': 0.784, 'w5': 0.68, 'w6': 0.963, 'w7': 0.183, 'w8': 0.859, 'max_depth': 8, 'min_child_weight': 18, 'subsample': 0.8, 'colsample_bytree': 0.8, 'gamma': 1.4000000000000001}. Best is trial 285 with value: 0.5376793807206653.
[I 2023-10-18 11:55:56,588] Trial 294 finished with value: 0.516671796842451 and parameters: {'w0': 0.092, 'w1': 0.905, 'w2': 0.197, 'w3': 0.319, 'w4': 0.793, 'w5': 0.6, 'w6': 0.9590000000000001, 'w7': 0.117, 'w8': 0.868, 'max_depth': 9, 'min_child_weight': 16, 'subsample': 0.8, 'colsample_bytree': 0.8, 'gamma': 1.8}. Best is trial 285 with value: 0.5376793807206653.
[I 2023-10-18 11:56:54,841] Trial 296 finished with value: 0.5311839963837692 and parameters: {'w0': 0.226, 'w1': 0.9, 'w2': 0.199, 'w3': 0.383, 'w4': 0.853, 'w5': 0.718, 'w6': 0.9570000000000001, 'w7': 0.186, 'w8': 0.87, 'max_depth': 8, 'min_child_weight': 16, 'subsample': 0.8, 'colsample_bytree': 0.8, 'gamma': 1.8}. Best is trial 285 with value: 0.5376793807206653.
[I 2023-10-18 11:57:01,623] Trial 297 finished with value: 0.5339497814139582 and parameters: {'w0': 0.224, 'w1': 0.905, 'w2': 0.20900000000000002, 'w3': 0.304, 'w4': 0.86, 'w5': 0.71, 'w6': 0.963, 'w7': 0.187, 'w8': 0.869, 'max_depth': 9, 'min_child_weight': 16, 'subsample': 0.8, 'colsample_bytree': 0.8, 'gamma': 1.8}. Best is trial 285 with value: 0.5376793807206653.
[I 2023-10-18 11:57:36,213] Trial 298 finished with value: 0.5257925988068163 and parameters: {'w0': 0.11, 'w1': 0.984, 'w2': 0.225, 'w3': 0.303, 'w4': 0.851, 'w5': 0.714, 'w6': 0.962, 'w7': 0.187, 'w8': 0.871, 'max_depth': 8, 'min_child_weight': 16, 'subsample': 0.8, 'colsample_bytree': 0.8, 'gamma': 1.8}. Best is trial 285 with value: 0.5376793807206653.
[I 2023-10-18 11:58:21,317] Trial 300 finished with value: 0.43466044930106434 and parameters: {'w0': 0.066, 'w1': 0.988, 'w2': 0.281, 'w3': 0.299, 'w4': 0.793, 'w5': 0.711, 'w6': 0.9560000000000001, 'w7': 0.182, 'w8': 0.001, 'max_depth': 9, 'min_child_weight': 18, 'subsample': 0.8, 'colsample_bytree': 0.8, 'gamma': 1.8}. Best is trial 285 with value: 0.5376793807206653.
[I 2023-10-18 11:58:40,007] Trial 301 finished with value: 0.45433398305526596 and parameters: {'w0': 0.094, 'w1': 1.0, 'w2': 0.14300000000000002, 'w3': 0.387, 'w4': 0.856, 'w5': 0.71, 'w6': 0.05, 'w7': 0.23, 'w8': 0.8180000000000001, 'max_depth': 8, 'min_child_weight': 18, 'subsample': 0.8, 'colsample_bytree': 0.8, 'gamma': 1.8}. Best is trial 285 with value: 0.5376793807206653.
[I 2023-10-18 12:00:09,187] Trial 303 finished with value: 0.5267995279930833 and parameters: {'w0': 0.20900000000000002, 'w1': 0.999, 'w2': 0.166, 'w3': 0.303, 'w4': 0.8150000000000001, 'w5': 0.718, 'w6': 0.9540000000000001, 'w7': 0.12000000000000001, 'w8': 0.996, 'max_depth': 8, 'min_child_weight': 18, 'subsample': 0.8, 'colsample_bytree': 0.8, 'gamma': 1.8}. Best is trial 285 with value: 0.5376793807206653.
[I 2023-10-18 12:00:09,516] Trial 302 finished with value: 0.5062612397936627 and parameters: {'w0': 0.28700000000000003, 'w1': 0.978, 'w2': 0.117, 'w3': 0.327, 'w4': 0.853, 'w5': 0.7020000000000001, 'w6': 0.961, 'w7': 0.186, 'w8': 0.8260000000000001, 'max_depth': 9, 'min_child_weight': 18, 'subsample': 0.8, 'colsample_bytree': 0.8, 'gamma': 1.8}. Best is trial 285 with value: 0.5376793807206653.
[I 2023-10-18 12:00:54,333] Trial 299 finished with value: 0.5307242329486724 and parameters: {'w0': 0.227, 'w1': 0.984, 'w2': 0.168, 'w3': 0.295, 'w4': 0.857, 'w5': 0.706, 'w6': 0.9590000000000001, 'w7': 0.179, 'w8': 0.879, 'max_depth': 9, 'min_child_weight': 18, 'subsample': 0.8, 'colsample_bytree': 0.8, 'gamma': 1.2000000000000002}. Best is trial 285 with value: 0.5376793807206653.
[I 2023-10-18 12:01:17,841] Trial 304 finished with value: 0.49872394289915506 and parameters: {'w0': 0.20600000000000002, 'w1': 0.983, 'w2': 0.096, 'w3': 0.3, 'w4': 0.853, 'w5': 0.712, 'w6': 0.961, 'w7': 0.19, 'w8': 0.978, 'max_depth': 8, 'min_child_weight': 18, 'subsample': 0.8, 'colsample_bytree': 0.8, 'gamma': 1.8}. Best is trial 285 with value: 0.5376793807206653.
[I 2023-10-18 12:01:52,072] Trial 306 finished with value: 0.5307812441159945 and parameters: {'w0': 0.20400000000000001, 'w1': 0.915, 'w2': 0.163, 'w3': 0.312, 'w4': 0.811, 'w5': 0.723, 'w6': 0.9570000000000001, 'w7': 0.181, 'w8': 0.996, 'max_depth': 10, 'min_child_weight': 16, 'subsample': 0.8, 'colsample_bytree': 0.8, 'gamma': 1.8}. Best is trial 285 with value: 0.5376793807206653.
[I 2023-10-18 12:02:15,130] Trial 305 finished with value: 0.49304759364125494 and parameters: {'w0': 0.20500000000000002, 'w1': 0.918, 'w2': 0.115, 'w3': 0.304, 'w4': 0.777, 'w5': 0.72, 'w6': 0.07300000000000001, 'w7': 0.182, 'w8': 0.971, 'max_depth': 8, 'min_child_weight': 16, 'subsample': 0.8, 'colsample_bytree': 0.8, 'gamma': 1.2000000000000002}. Best is trial 285 with value: 0.5376793807206653.
[I 2023-10-18 12:06:43,997] Trial 308 finished with value: 0.5202912619487422 and parameters: {'w0': 0.117, 'w1': 0.92, 'w2': 0.133, 'w3': 0.363, 'w4': 0.8190000000000001, 'w5': 0.71, 'w6': 0.9550000000000001, 'w7': 0.181, 'w8': 0.982, 'max_depth': 8, 'min_child_weight': 20, 'subsample': 0.8, 'colsample_bytree': 0.8, 'gamma': 1.2000000000000002}. Best is trial 285 with value: 0.5376793807206653.
[I 2023-10-18 12:06:51,815] Trial 307 finished with value: 0.530956979574547 and parameters: {'w0': 0.21, 'w1': 0.916, 'w2': 0.148, 'w3': 0.296, 'w4': 0.8160000000000001, 'w5': 0.715, 'w6': 0.9540000000000001, 'w7': 0.108, 'w8': 1.0, 'max_depth': 10, 'min_child_weight': 18, 'subsample': 0.8, 'colsample_bytree': 0.8, 'gamma': 1.2000000000000002}. Best is trial 285 with value: 0.5376793807206653.
[I 2023-10-18 12:07:16,634] Trial 310 finished with value: 0.5189149251099089 and parameters: {'w0': 0.21, 'w1': 0.212, 'w2': 0.212, 'w3': 0.293, 'w4': 0.851, 'w5': 0.718, 'w6': 0.984, 'w7': 0.184, 'w8': 0.994, 'max_depth': 10, 'min_child_weight': 16, 'subsample': 0.8, 'colsample_bytree': 0.8, 'gamma': 1.2000000000000002}. Best is trial 285 with value: 0.5376793807206653.
[I 2023-10-18 12:07:18,452] Trial 314 finished with value: 0.5292449563173744 and parameters: {'w0': 0.215, 'w1': 0.985, 'w2': 0.20900000000000002, 'w3': 0.292, 'w4': 0.8200000000000001, 'w5': 0.731, 'w6': 0.982, 'w7': 0.185, 'w8': 0.967, 'max_depth': 8, 'min_child_weight': 20, 'subsample': 0.8, 'colsample_bytree': 0.8, 'gamma': 2.0}. Best is trial 285 with value: 0.5376793807206653.
[I 2023-10-18 12:07:47,394] Trial 315 finished with value: 0.46744431509200646 and parameters: {'w0': 0.029, 'w1': 0.98, 'w2': 0.211, 'w3': 0.3, 'w4': 0.8160000000000001, 'w5': 0.748, 'w6': 0.984, 'w7': 0.17600000000000002, 'w8': 0.8160000000000001, 'max_depth': 8, 'min_child_weight': 20, 'subsample': 0.8, 'colsample_bytree': 0.8, 'gamma': 2.0}. Best is trial 285 with value: 0.5376793807206653.
[I 2023-10-18 12:07:51,304] Trial 309 finished with value: 0.5244908899158117 and parameters: {'w0': 0.20900000000000002, 'w1': 0.913, 'w2': 0.149, 'w3': 0.28300000000000003, 'w4': 0.8190000000000001, 'w5': 0.706, 'w6': 0.981, 'w7': 0.183, 'w8': 0.985, 'max_depth': 10, 'min_child_weight': 18, 'subsample': 0.8, 'colsample_bytree': 0.8, 'gamma': 1.2000000000000002}. Best is trial 285 with value: 0.5376793807206653.
[I 2023-10-18 12:08:22,186] Trial 312 finished with value: 0.5107147863291716 and parameters: {'w0': 0.20700000000000002, 'w1': 0.20600000000000002, 'w2': 0.149, 'w3': 0.294, 'w4': 0.8190000000000001, 'w5': 0.726, 'w6': 0.983, 'w7': 0.186, 'w8': 0.979, 'max_depth': 10, 'min_child_weight': 16, 'subsample': 0.8, 'colsample_bytree': 0.8, 'gamma': 1.2000000000000002}. Best is trial 285 with value: 0.5376793807206653.
[I 2023-10-18 12:08:43,974] Trial 311 finished with value: 0.5335619028826869 and parameters: {'w0': 0.212, 'w1': 0.926, 'w2': 0.216, 'w3': 0.316, 'w4': 0.8230000000000001, 'w5': 0.713, 'w6': 0.979, 'w7': 0.178, 'w8': 0.986, 'max_depth': 10, 'min_child_weight': 16, 'subsample': 0.8, 'colsample_bytree': 0.8, 'gamma': 1.2000000000000002}. Best is trial 285 with value: 0.5376793807206653.
[I 2023-10-18 12:09:40,149] Trial 313 finished with value: 0.5246855292155304 and parameters: {'w0': 0.222, 'w1': 0.98, 'w2': 0.148, 'w3': 0.295, 'w4': 0.8210000000000001, 'w5': 0.742, 'w6': 0.982, 'w7': 0.188, 'w8': 1.0, 'max_depth': 10, 'min_child_weight': 16, 'subsample': 0.8, 'colsample_bytree': 0.8, 'gamma': 1.2000000000000002}. Best is trial 285 with value: 0.5376793807206653.
[I 2023-10-18 12:09:49,464] Trial 318 finished with value: 0.5252566596587265 and parameters: {'w0': 0.20700000000000002, 'w1': 0.967, 'w2': 0.21, 'w3': 0.295, 'w4': 0.8240000000000001, 'w5': 0.714, 'w6': 0.978, 'w7': 0.181, 'w8': 0.993, 'max_depth': 8, 'min_child_weight': 20, 'subsample': 0.8, 'colsample_bytree': 0.8, 'gamma': 2.0}. Best is trial 285 with value: 0.5376793807206653.
[I 2023-10-18 12:10:43,592] Trial 316 finished with value: 0.48239634788275687 and parameters: {'w0': 0.036000000000000004, 'w1': 0.976, 'w2': 0.20600000000000002, 'w3': 0.34800000000000003, 'w4': 0.8190000000000001, 'w5': 0.732, 'w6': 0.984, 'w7': 0.184, 'w8': 0.998, 'max_depth': 8, 'min_child_weight': 20, 'subsample': 0.8, 'colsample_bytree': 0.8, 'gamma': 1.2000000000000002}. Best is trial 285 with value: 0.5376793807206653.
[I 2023-10-18 12:12:25,065] Trial 317 finished with value: 0.5076792557680823 and parameters: {'w0': 0.216, 'w1': 0.978, 'w2': 0.10200000000000001, 'w3': 0.298, 'w4': 0.8200000000000001, 'w5': 0.723, 'w6': 0.988, 'w7': 0.183, 'w8': 0.984, 'max_depth': 8, 'min_child_weight': 20, 'subsample': 0.8, 'colsample_bytree': 0.8, 'gamma': 1.2000000000000002}. Best is trial 285 with value: 0.5376793807206653.
[I 2023-10-18 12:12:48,540] Trial 322 finished with value: 0.519321734200468 and parameters: {'w0': 0.233, 'w1': 0.973, 'w2': 0.14, 'w3': 0.28900000000000003, 'w4': 0.8140000000000001, 'w5': 0.744, 'w6': 0.983, 'w7': 0.166, 'w8': 0.996, 'max_depth': 10, 'min_child_weight': 20, 'subsample': 0.7, 'colsample_bytree': 0.8, 'gamma': 2.0}. Best is trial 285 with value: 0.5376793807206653.
[I 2023-10-18 12:12:49,693] Trial 319 finished with value: 0.5190921567872637 and parameters: {'w0': 0.224, 'w1': 0.965, 'w2': 0.126, 'w3': 0.294, 'w4': 0.8260000000000001, 'w5': 0.716, 'w6': 0.986, 'w7': 0.075, 'w8': 0.999, 'max_depth': 8, 'min_child_weight': 20, 'subsample': 0.8, 'colsample_bytree': 0.8, 'gamma': 1.2000000000000002}. Best is trial 285 with value: 0.5376793807206653.
[I 2023-10-18 12:14:24,641] Trial 321 finished with value: 0.49473228440414196 and parameters: {'w0': 0.04, 'w1': 0.97, 'w2': 0.138, 'w3': 0.276, 'w4': 0.8150000000000001, 'w5': 0.748, 'w6': 0.988, 'w7': 0.10300000000000001, 'w8': 0.993, 'max_depth': 10, 'min_child_weight': 20, 'subsample': 0.7, 'colsample_bytree': 0.8, 'gamma': 1.2000000000000002}. Best is trial 285 with value: 0.5376793807206653.
[I 2023-10-18 12:14:38,906] Trial 320 finished with value: 0.5252593868059443 and parameters: {'w0': 0.223, 'w1': 0.965, 'w2': 0.153, 'w3': 0.28300000000000003, 'w4': 0.8220000000000001, 'w5': 0.743, 'w6': 0.984, 'w7': 0.106, 'w8': 0.997, 'max_depth': 9, 'min_child_weight': 18, 'subsample': 0.7, 'colsample_bytree': 0.8, 'gamma': 1.2000000000000002}. Best is trial 285 with value: 0.5376793807206653.
[I 2023-10-18 12:16:01,027] Trial 326 finished with value: 0.46629601282304406 and parameters: {'w0': 0.034, 'w1': 0.97, 'w2': 0.13, 'w3': 0.278, 'w4': 0.8160000000000001, 'w5': 0.744, 'w6': 0.98, 'w7': 0.078, 'w8': 1.0, 'max_depth': 10, 'min_child_weight': 20, 'subsample': 0.8, 'colsample_bytree': 0.9000000000000001, 'gamma': 2.0}. Best is trial 285 with value: 0.5376793807206653.
[I 2023-10-18 12:16:05,084] Trial 330 finished with value: 0.5053680306379484 and parameters: {'w0': 0.228, 'w1': 0.962, 'w2': 0.161, 'w3': 0.23600000000000002, 'w4': 0.771, 'w5': 0.752, 'w6': 0.981, 'w7': 0.11, 'w8': 0.998, 'max_depth': 10, 'min_child_weight': 20, 'subsample': 0.7, 'colsample_bytree': 0.9000000000000001, 'gamma': 3.8000000000000003}. Best is trial 285 with value: 0.5376793807206653.
[I 2023-10-18 12:16:30,577] Trial 325 finished with value: 0.5122087892644112 and parameters: {'w0': 0.231, 'w1': 0.964, 'w2': 0.129, 'w3': 0.28700000000000003, 'w4': 0.8140000000000001, 'w5': 0.726, 'w6': 0.982, 'w7': 0.075, 'w8': 0.997, 'max_depth': 10, 'min_child_weight': 18, 'subsample': 0.8, 'colsample_bytree': 0.9000000000000001, 'gamma': 2.0}. Best is trial 285 with value: 0.5376793807206653.
[I 2023-10-18 12:17:10,785] Trial 323 finished with value: 0.5294417706105885 and parameters: {'w0': 0.212, 'w1': 0.9580000000000001, 'w2': 0.20700000000000002, 'w3': 0.28900000000000003, 'w4': 0.8130000000000001, 'w5': 0.744, 'w6': 0.982, 'w7': 0.152, 'w8': 0.999, 'max_depth': 10, 'min_child_weight': 16, 'subsample': 0.7, 'colsample_bytree': 0.8, 'gamma': 2.0}. Best is trial 285 with value: 0.5376793807206653.
[I 2023-10-18 12:17:17,536] Trial 327 finished with value: 0.525091550376851 and parameters: {'w0': 0.222, 'w1': 0.968, 'w2': 0.148, 'w3': 0.273, 'w4': 0.8220000000000001, 'w5': 0.74, 'w6': 0.974, 'w7': 0.112, 'w8': 0.991, 'max_depth': 10, 'min_child_weight': 18, 'subsample': 0.8, 'colsample_bytree': 0.9000000000000001, 'gamma': 2.0}. Best is trial 285 with value: 0.5376793807206653.
[I 2023-10-18 12:18:05,057] Trial 328 finished with value: 0.5038376704035192 and parameters: {'w0': 0.226, 'w1': 0.961, 'w2': 0.148, 'w3': 0.257, 'w4': 0.8230000000000001, 'w5': 0.74, 'w6': 0.978, 'w7': 0.067, 'w8': 0.986, 'max_depth': 10, 'min_child_weight': 18, 'subsample': 0.7, 'colsample_bytree': 0.9000000000000001, 'gamma': 2.0}. Best is trial 285 with value: 0.5376793807206653.
[I 2023-10-18 12:18:45,174] Trial 329 finished with value: 0.5116406633584618 and parameters: {'w0': 0.227, 'w1': 0.9600000000000001, 'w2': 0.158, 'w3': 0.233, 'w4': 0.767, 'w5': 0.748, 'w6': 0.927, 'w7': 0.099, 'w8': 1.0, 'max_depth': 10, 'min_child_weight': 20, 'subsample': 0.7, 'colsample_bytree': 0.9000000000000001, 'gamma': 2.0}. Best is trial 285 with value: 0.5376793807206653.
[I 2023-10-18 12:19:36,995] Trial 334 finished with value: 0.4986479191342596 and parameters: {'w0': 0.227, 'w1': 0.9530000000000001, 'w2': 0.171, 'w3': 0.248, 'w4': 0.759, 'w5': 0.749, 'w6': 0.925, 'w7': 0.07300000000000001, 'w8': 0.966, 'max_depth': 10, 'min_child_weight': 18, 'subsample': 0.8, 'colsample_bytree': 0.9000000000000001, 'gamma': 3.6}. Best is trial 285 with value: 0.5376793807206653.
[I 2023-10-18 12:19:57,722] Trial 324 finished with value: 0.5174467778255922 and parameters: {'w0': 0.221, 'w1': 0.961, 'w2': 0.151, 'w3': 0.276, 'w4': 0.808, 'w5': 0.759, 'w6': 0.981, 'w7': 0.079, 'w8': 0.995, 'max_depth': 10, 'min_child_weight': 18, 'subsample': 0.7, 'colsample_bytree': 0.8, 'gamma': 1.2000000000000002}. Best is trial 285 with value: 0.5376793807206653.
[I 2023-10-18 12:20:00,579] Trial 331 finished with value: 0.5105475604674176 and parameters: {'w0': 0.227, 'w1': 0.9570000000000001, 'w2': 0.2, 'w3': 0.265, 'w4': 0.773, 'w5': 0.739, 'w6': 1.0, 'w7': 0.10400000000000001, 'w8': 0.994, 'max_depth': 10, 'min_child_weight': 20, 'subsample': 0.7, 'colsample_bytree': 0.8, 'gamma': 2.0}. Best is trial 285 with value: 0.5376793807206653.
[I 2023-10-18 12:20:03,064] Trial 332 finished with value: 0.5076344253502998 and parameters: {'w0': 0.23, 'w1': 0.9500000000000001, 'w2': 0.168, 'w3': 0.247, 'w4': 0.835, 'w5': 0.733, 'w6': 0.999, 'w7': 0.077, 'w8': 1.0, 'max_depth': 10, 'min_child_weight': 18, 'subsample': 0.7, 'colsample_bytree': 0.8, 'gamma': 2.0}. Best is trial 285 with value: 0.5376793807206653.
