[I 2023-10-19 08:33:39,478] Trial 1628 finished with value: 0.5368266971287137 and parameters: {'w0': 0.264, 'w1': 0.877, 'w2': 0.14100000000000001, 'w3': 0.226, 'w4': 0.852, 'w5': 0.9550000000000001, 'w6': 0.58, 'w7': 0.131, 'w8': 0.795, 'max_depth': 9, 'min_child_weight': 18, 'subsample': 0.9000000000000001, 'colsample_bytree': 0.6000000000000001, 'gamma': 0.4}. Best is trial 1334 with value: 0.5442704750798081.
[I 2023-10-19 08:33:39,758] Trial 1629 finished with value: 0.5389708818463066 and parameters: {'w0': 0.12000000000000001, 'w1': 0.9570000000000001, 'w2': 0.14300000000000002, 'w3': 0.319, 'w4': 0.843, 'w5': 0.9600000000000001, 'w6': 0.5690000000000001, 'w7': 0.127, 'w8': 0.794, 'max_depth': 9, 'min_child_weight': 18, 'subsample': 0.9000000000000001, 'colsample_bytree': 0.6000000000000001, 'gamma': 0.4}. Best is trial 1334 with value: 0.5442704750798081.
[I 2023-10-19 08:33:58,475] Trial 1627 finished with value: 0.5366867856087496 and parameters: {'w0': 0.276, 'w1': 0.963, 'w2': 0.14, 'w3': 0.53, 'w4': 0.751, 'w5': 0.965, 'w6': 0.585, 'w7': 0.13, 'w8': 0.794, 'max_depth': 9, 'min_child_weight': 18, 'subsample': 0.9000000000000001, 'colsample_bytree': 0.6000000000000001, 'gamma': 0.4}. Best is trial 1334 with value: 0.5442704750798081.
[I 2023-10-19 08:34:37,194] Trial 1630 finished with value: 0.538433434308485 and parameters: {'w0': 0.127, 'w1': 0.874, 'w2': 0.136, 'w3': 0.224, 'w4': 0.843, 'w5': 0.964, 'w6': 0.588, 'w7': 0.134, 'w8': 0.799, 'max_depth': 9, 'min_child_weight': 18, 'subsample': 0.9000000000000001, 'colsample_bytree': 0.6000000000000001, 'gamma': 0.4}. Best is trial 1334 with value: 0.5442704750798081.
[I 2023-10-19 08:35:16,071] Trial 1631 finished with value: 0.5374713107410775 and parameters: {'w0': 0.12000000000000001, 'w1': 0.909, 'w2': 0.133, 'w3': 0.325, 'w4': 0.755, 'w5': 0.966, 'w6': 0.5670000000000001, 'w7': 0.133, 'w8': 0.803, 'max_depth': 9, 'min_child_weight': 18, 'subsample': 0.9000000000000001, 'colsample_bytree': 0.6000000000000001, 'gamma': 0.4}. Best is trial 1334 with value: 0.5442704750798081.
[I 2023-10-19 08:35:41,485] Trial 1633 finished with value: 0.4996315360942799 and parameters: {'w0': 0.127, 'w1': 0.907, 'w2': 0.136, 'w3': 0.218, 'w4': 0.844, 'w5': 0.961, 'w6': 0.124, 'w7': 0.036000000000000004, 'w8': 0.788, 'max_depth': 7, 'min_child_weight': 18, 'subsample': 0.9000000000000001, 'colsample_bytree': 0.6000000000000001, 'gamma': 0.4}. Best is trial 1334 with value: 0.5442704750798081.
[I 2023-10-19 08:36:04,154] Trial 1636 finished with value: 0.5302917230176888 and parameters: {'w0': 0.136, 'w1': 0.88, 'w2': 0.132, 'w3': 0.353, 'w4': 0.709, 'w5': 0.878, 'w6': 0.512, 'w7': 0.132, 'w8': 0.89, 'max_depth': 6, 'min_child_weight': 18, 'subsample': 0.9000000000000001, 'colsample_bytree': 0.4, 'gamma': 0.8}. Best is trial 1334 with value: 0.5442704750798081.
[I 2023-10-19 08:36:23,845] Trial 1637 finished with value: 0.5134690073471397 and parameters: {'w0': 0.154, 'w1': 0.876, 'w2': 0.138, 'w3': 0.318, 'w4': 0.723, 'w5': 0.872, 'w6': 0.519, 'w7': 0.22, 'w8': 0.883, 'max_depth': 9, 'min_child_weight': 18, 'subsample': 0.9000000000000001, 'colsample_bytree': 0.6000000000000001, 'gamma': 1.0}. Best is trial 1334 with value: 0.5442704750798081.
[I 2023-10-19 08:37:37,980] Trial 1639 finished with value: 0.5218884452639175 and parameters: {'w0': 0.123, 'w1': 0.88, 'w2': 0.138, 'w3': 0.21, 'w4': 0.759, 'w5': 0.88, 'w6': 0.578, 'w7': 0.171, 'w8': 0.895, 'max_depth': 7, 'min_child_weight': 18, 'subsample': 0.9000000000000001, 'colsample_bytree': 0.6000000000000001, 'gamma': 1.2000000000000002}. Best is trial 1334 with value: 0.5442704750798081.
[I 2023-10-19 08:37:59,454] Trial 1632 finished with value: 0.5368275948633838 and parameters: {'w0': 0.124, 'w1': 0.878, 'w2': 0.136, 'w3': 0.31, 'w4': 0.711, 'w5': 0.969, 'w6': 0.5740000000000001, 'w7': 0.138, 'w8': 0.79, 'max_depth': 9, 'min_child_weight': 18, 'subsample': 0.9000000000000001, 'colsample_bytree': 0.6000000000000001, 'gamma': 0.4}. Best is trial 1334 with value: 0.5442704750798081.
[I 2023-10-19 08:38:23,985] Trial 1640 finished with value: 0.5008321785410177 and parameters: {'w0': 0.122, 'w1': 0.911, 'w2': 0.135, 'w3': 0.332, 'w4': 0.715, 'w5': 0.937, 'w6': 0.591, 'w7': 0.2, 'w8': 0.217, 'max_depth': 9, 'min_child_weight': 18, 'subsample': 0.9000000000000001, 'colsample_bytree': 0.6000000000000001, 'gamma': 1.0}. Best is trial 1334 with value: 0.5442704750798081.
[I 2023-10-19 08:38:56,391] Trial 1638 finished with value: 0.48328333957293995 and parameters: {'w0': 0.11800000000000001, 'w1': 0.878, 'w2': 0.026000000000000002, 'w3': 0.313, 'w4': 0.722, 'w5': 0.882, 'w6': 0.51, 'w7': 0.133, 'w8': 0.9, 'max_depth': 9, 'min_child_weight': 18, 'subsample': 0.9000000000000001, 'colsample_bytree': 0.6000000000000001, 'gamma': 0.8}. Best is trial 1334 with value: 0.5442704750798081.
[I 2023-10-19 08:40:17,827] Trial 1641 finished with value: 0.5139132082792113 and parameters: {'w0': 0.117, 'w1': 0.88, 'w2': 0.112, 'w3': 0.335, 'w4': 0.71, 'w5': 0.876, 'w6': 0.5700000000000001, 'w7': 0.16, 'w8': 0.887, 'max_depth': 6, 'min_child_weight': 18, 'subsample': 0.9000000000000001, 'colsample_bytree': 0.6000000000000001, 'gamma': 0.8}. Best is trial 1334 with value: 0.5442704750798081.
[I 2023-10-19 08:41:09,487] Trial 1642 finished with value: 0.5106059755695885 and parameters: {'w0': 0.124, 'w1': 0.879, 'w2': 0.11, 'w3': 0.331, 'w4': 0.717, 'w5': 0.879, 'w6': 0.5750000000000001, 'w7': 0.17400000000000002, 'w8': 0.89, 'max_depth': 5, 'min_child_weight': 18, 'subsample': 0.9000000000000001, 'colsample_bytree': 0.6000000000000001, 'gamma': 0.8}. Best is trial 1334 with value: 0.5442704750798081.
[I 2023-10-19 08:42:46,985] Trial 1635 finished with value: 0.5379371542642579 and parameters: {'w0': 0.11900000000000001, 'w1': 0.881, 'w2': 0.135, 'w3': 0.321, 'w4': 0.76, 'w5': 0.999, 'w6': 0.5640000000000001, 'w7': 0.13, 'w8': 0.799, 'max_depth': 9, 'min_child_weight': 18, 'subsample': 0.9000000000000001, 'colsample_bytree': 0.6000000000000001, 'gamma': 0.2}. Best is trial 1334 with value: 0.5442704750798081.
[I 2023-10-19 08:42:47,681] Trial 1634 finished with value: 0.4733466528290005 and parameters: {'w0': 0.116, 'w1': 0.88, 'w2': 0.137, 'w3': 0.327, 'w4': 0.847, 'w5': 0.967, 'w6': 0.5640000000000001, 'w7': 0.6920000000000001, 'w8': 0.795, 'max_depth': 9, 'min_child_weight': 18, 'subsample': 0.9000000000000001, 'colsample_bytree': 0.6000000000000001, 'gamma': 0.2}. Best is trial 1334 with value: 0.5442704750798081.
[I 2023-10-19 08:43:15,008] Trial 1645 finished with value: 0.5097217851055206 and parameters: {'w0': 0.121, 'w1': 0.907, 'w2': 0.11, 'w3': 0.34, 'w4': 0.717, 'w5': 0.877, 'w6': 0.596, 'w7': 0.162, 'w8': 0.89, 'max_depth': 7, 'min_child_weight': 18, 'subsample': 0.9000000000000001, 'colsample_bytree': 0.6000000000000001, 'gamma': 1.2000000000000002}. Best is trial 1334 with value: 0.5442704750798081.
[I 2023-10-19 08:44:53,839] Trial 1646 finished with value: 0.5053342127354381 and parameters: {'w0': 0.124, 'w1': 0.903, 'w2': 0.11, 'w3': 0.34700000000000003, 'w4': 0.717, 'w5': 0.883, 'w6': 0.588, 'w7': 0.20600000000000002, 'w8': 0.882, 'max_depth': 9, 'min_child_weight': 18, 'subsample': 0.9000000000000001, 'colsample_bytree': 0.4, 'gamma': 1.0}. Best is trial 1334 with value: 0.5442704750798081.
[I 2023-10-19 08:45:08,176] Trial 1648 finished with value: 0.48095015694269144 and parameters: {'w0': 0.129, 'w1': 0.91, 'w2': 0.034, 'w3': 0.35200000000000004, 'w4': 0.765, 'w5': 0.897, 'w6': 0.558, 'w7': 0.17600000000000002, 'w8': 0.889, 'max_depth': 9, 'min_child_weight': 18, 'subsample': 0.9000000000000001, 'colsample_bytree': 0.6000000000000001, 'gamma': 1.2000000000000002}. Best is trial 1334 with value: 0.5442704750798081.
[I 2023-10-19 08:45:38,649] Trial 1644 finished with value: 0.5313125634169459 and parameters: {'w0': 0.129, 'w1': 0.912, 'w2': 0.203, 'w3': 0.343, 'w4': 0.708, 'w5': 0.877, 'w6': 0.59, 'w7': 0.151, 'w8': 0.887, 'max_depth': 9, 'min_child_weight': 18, 'subsample': 0.9000000000000001, 'colsample_bytree': 0.6000000000000001, 'gamma': 0.8}. Best is trial 1334 with value: 0.5442704750798081.
[I 2023-10-19 08:45:48,936] Trial 1650 finished with value: 0.4931695989840104 and parameters: {'w0': 0.122, 'w1': 0.902, 'w2': 0.055, 'w3': 0.20700000000000002, 'w4': 0.708, 'w5': 0.879, 'w6': 0.617, 'w7': 0.17600000000000002, 'w8': 0.894, 'max_depth': 9, 'min_child_weight': 18, 'subsample': 0.9000000000000001, 'colsample_bytree': 0.6000000000000001, 'gamma': 1.2000000000000002}. Best is trial 1334 with value: 0.5442704750798081.
[I 2023-10-19 08:46:34,324] Trial 1643 finished with value: 0.5034568940345463 and parameters: {'w0': 0.114, 'w1': 0.916, 'w2': 0.11800000000000001, 'w3': 0.337, 'w4': 0.714, 'w5': 0.877, 'w6': 0.587, 'w7': 0.168, 'w8': 0.883, 'max_depth': 9, 'min_child_weight': 18, 'subsample': 0.5, 'colsample_bytree': 0.6000000000000001, 'gamma': 1.2000000000000002}. Best is trial 1334 with value: 0.5442704750798081.
[I 2023-10-19 08:46:42,124] Trial 1647 finished with value: 0.5058169206502742 and parameters: {'w0': 0.13, 'w1': 0.903, 'w2': 0.108, 'w3': 0.392, 'w4': 0.709, 'w5': 0.888, 'w6': 0.553, 'w7': 0.2, 'w8': 0.897, 'max_depth': 7, 'min_child_weight': 18, 'subsample': 0.9000000000000001, 'colsample_bytree': 0.6000000000000001, 'gamma': 0.8}. Best is trial 1334 with value: 0.5442704750798081.
[I 2023-10-19 08:46:48,329] Trial 1649 finished with value: 0.5275472566392303 and parameters: {'w0': 0.122, 'w1': 0.908, 'w2': 0.202, 'w3': 0.202, 'w4': 0.707, 'w5': 0.877, 'w6': 0.622, 'w7': 0.215, 'w8': 0.885, 'max_depth': 9, 'min_child_weight': 18, 'subsample': 0.9000000000000001, 'colsample_bytree': 0.6000000000000001, 'gamma': 1.0}. Best is trial 1334 with value: 0.5442704750798081.
[I 2023-10-19 08:47:24,164] Trial 1651 finished with value: 0.5030646471392795 and parameters: {'w0': 0.132, 'w1': 0.91, 'w2': 0.518, 'w3': 0.20500000000000002, 'w4': 0.713, 'w5': 0.882, 'w6': 0.616, 'w7': 0.177, 'w8': 0.885, 'max_depth': 5, 'min_child_weight': 18, 'subsample': 0.9000000000000001, 'colsample_bytree': 0.6000000000000001, 'gamma': 1.2000000000000002}. Best is trial 1334 with value: 0.5442704750798081.
[I 2023-10-19 08:48:19,120] Trial 1653 finished with value: 0.53364085481247 and parameters: {'w0': 0.14, 'w1': 0.91, 'w2': 0.203, 'w3': 0.21, 'w4': 0.713, 'w5': 0.878, 'w6': 0.557, 'w7': 0.18, 'w8': 0.88, 'max_depth': 9, 'min_child_weight': 18, 'subsample': 0.9000000000000001, 'colsample_bytree': 0.6000000000000001, 'gamma': 1.2000000000000002}. Best is trial 1334 with value: 0.5442704750798081.
[I 2023-10-19 08:49:35,994] Trial 1652 finished with value: 0.4844573182005565 and parameters: {'w0': 0.135, 'w1': 0.905, 'w2': 0.031, 'w3': 0.212, 'w4': 0.72, 'w5': 0.876, 'w6': 0.628, 'w7': 0.17, 'w8': 0.897, 'max_depth': 9, 'min_child_weight': 18, 'subsample': 0.9000000000000001, 'colsample_bytree': 0.6000000000000001, 'gamma': 0.8}. Best is trial 1334 with value: 0.5442704750798081.
[I 2023-10-19 08:49:42,597] Trial 1654 finished with value: 0.5147511941162703 and parameters: {'w0': 0.136, 'w1': 0.901, 'w2': 0.108, 'w3': 0.20800000000000002, 'w4': 0.762, 'w5': 0.901, 'w6': 0.615, 'w7': 0.179, 'w8': 0.886, 'max_depth': 9, 'min_child_weight': 18, 'subsample': 0.9000000000000001, 'colsample_bytree': 0.6000000000000001, 'gamma': 1.0}. Best is trial 1334 with value: 0.5442704750798081.
[I 2023-10-19 08:51:28,948] Trial 1656 finished with value: 0.4293030651846035 and parameters: {'w0': 0.001, 'w1': 0.91, 'w2': 0.1, 'w3': 0.215, 'w4': 0.763, 'w5': 0.898, 'w6': 0.56, 'w7': 0.167, 'w8': 0.888, 'max_depth': 9, 'min_child_weight': 18, 'subsample': 0.9000000000000001, 'colsample_bytree': 0.6000000000000001, 'gamma': 1.0}. Best is trial 1334 with value: 0.5442704750798081.
[I 2023-10-19 08:52:12,732] Trial 1655 finished with value: 0.5054626181095485 and parameters: {'w0': 0.147, 'w1': 0.907, 'w2': 0.6950000000000001, 'w3': 0.20400000000000001, 'w4': 0.76, 'w5': 0.924, 'w6': 0.561, 'w7': 0.163, 'w8': 0.889, 'max_depth': 5, 'min_child_weight': 18, 'subsample': 0.9000000000000001, 'colsample_bytree': 0.6000000000000001, 'gamma': 0.8}. Best is trial 1334 with value: 0.5442704750798081.
[I 2023-10-19 08:52:36,626] Trial 1657 finished with value: 0.4943599254845716 and parameters: {'w0': 0.14100000000000001, 'w1': 0.906, 'w2': 0.058, 'w3': 0.20400000000000001, 'w4': 0.763, 'w5': 0.924, 'w6': 0.612, 'w7': 0.166, 'w8': 0.893, 'max_depth': 9, 'min_child_weight': 18, 'subsample': 0.9000000000000001, 'colsample_bytree': 0.6000000000000001, 'gamma': 1.2000000000000002}. Best is trial 1334 with value: 0.5442704750798081.
[I 2023-10-19 08:53:34,605] Trial 1658 finished with value: 0.4975489356072904 and parameters: {'w0': 0.14200000000000002, 'w1': 0.918, 'w2': 0.059000000000000004, 'w3': 0.20500000000000002, 'w4': 0.761, 'w5': 0.926, 'w6': 0.624, 'w7': 0.162, 'w8': 0.842, 'max_depth': 9, 'min_child_weight': 18, 'subsample': 0.9000000000000001, 'colsample_bytree': 0.6000000000000001, 'gamma': 1.0}. Best is trial 1334 with value: 0.5442704750798081.
[I 2023-10-19 08:55:28,269] Trial 1662 finished with value: 0.4705515415323424 and parameters: {'w0': 0.147, 'w1': 0.905, 'w2': 0.057, 'w3': 0.20400000000000001, 'w4': 0.042, 'w5': 0.927, 'w6': 0.55, 'w7': 0.168, 'w8': 0.851, 'max_depth': 8, 'min_child_weight': 18, 'subsample': 0.9000000000000001, 'colsample_bytree': 0.6000000000000001, 'gamma': 1.0}. Best is trial 1334 with value: 0.5442704750798081.
[I 2023-10-19 08:55:52,829] Trial 1661 finished with value: 0.5327904850619847 and parameters: {'w0': 0.148, 'w1': 0.913, 'w2': 0.2, 'w3': 0.20500000000000002, 'w4': 0.761, 'w5': 0.929, 'w6': 0.621, 'w7': 0.162, 'w8': 0.846, 'max_depth': 8, 'min_child_weight': 18, 'subsample': 0.9000000000000001, 'colsample_bytree': 0.6000000000000001, 'gamma': 1.0}. Best is trial 1334 with value: 0.5442704750798081.
[I 2023-10-19 08:55:56,014] Trial 1659 finished with value: 0.5026007915188702 and parameters: {'w0': 0.384, 'w1': 0.91, 'w2': 0.095, 'w3': 0.20600000000000002, 'w4': 0.765, 'w5': 0.903, 'w6': 0.612, 'w7': 0.171, 'w8': 0.848, 'max_depth': 9, 'min_child_weight': 18, 'subsample': 0.9000000000000001, 'colsample_bytree': 0.6000000000000001, 'gamma': 0.8}. Best is trial 1334 with value: 0.5442704750798081.
[I 2023-10-19 08:56:09,319] Trial 1666 finished with value: 0.407277784774062 and parameters: {'w0': 0.004, 'w1': 1.0, 'w2': 0.061, 'w3': 0.20500000000000002, 'w4': 0.763, 'w5': 0.93, 'w6': 0.524, 'w7': 0.037000000000000005, 'w8': 0.85, 'max_depth': 8, 'min_child_weight': 18, 'subsample': 0.9000000000000001, 'colsample_bytree': 0.6000000000000001, 'gamma': 1.0}. Best is trial 1334 with value: 0.5442704750798081.
[I 2023-10-19 08:56:35,049] Trial 1664 finished with value: 0.5047943936760185 and parameters: {'w0': 0.155, 'w1': 0.912, 'w2': 0.093, 'w3': 0.203, 'w4': 0.756, 'w5': 0.926, 'w6': 0.55, 'w7': 0.039, 'w8': 0.846, 'max_depth': 8, 'min_child_weight': 18, 'subsample': 0.9000000000000001, 'colsample_bytree': 0.6000000000000001, 'gamma': 1.0}. Best is trial 1334 with value: 0.5442704750798081.
[I 2023-10-19 08:56:59,017] Trial 1660 finished with value: 0.49792146822469846 and parameters: {'w0': 0.14400000000000002, 'w1': 0.912, 'w2': 0.066, 'w3': 0.492, 'w4': 0.761, 'w5': 0.922, 'w6': 0.55, 'w7': 0.189, 'w8': 0.887, 'max_depth': 9, 'min_child_weight': 18, 'subsample': 0.9000000000000001, 'colsample_bytree': 0.6000000000000001, 'gamma': 0.8}. Best is trial 1334 with value: 0.5442704750798081.
[I 2023-10-19 08:57:18,147] Trial 1663 finished with value: 0.5145849959659087 and parameters: {'w0': 0.149, 'w1': 0.916, 'w2': 0.098, 'w3': 0.20600000000000002, 'w4': 0.76, 'w5': 0.922, 'w6': 0.623, 'w7': 0.152, 'w8': 0.85, 'max_depth': 9, 'min_child_weight': 18, 'subsample': 0.9000000000000001, 'colsample_bytree': 0.6000000000000001, 'gamma': 0.8}. Best is trial 1334 with value: 0.5442704750798081.
[I 2023-10-19 08:58:01,556] Trial 1665 finished with value: 0.5010572089296901 and parameters: {'w0': 0.153, 'w1': 0.926, 'w2': 0.064, 'w3': 0.23500000000000001, 'w4': 0.76, 'w5': 0.924, 'w6': 0.528, 'w7': 0.153, 'w8': 0.843, 'max_depth': 8, 'min_child_weight': 18, 'subsample': 0.9000000000000001, 'colsample_bytree': 0.6000000000000001, 'gamma': 0.8}. Best is trial 1334 with value: 0.5442704750798081.
[I 2023-10-19 08:58:31,791] Trial 1668 finished with value: 0.4967909867081492 and parameters: {'w0': 0.15, 'w1': 0.929, 'w2': 0.061, 'w3': 0.20700000000000002, 'w4': 0.763, 'w5': 0.918, 'w6': 0.529, 'w7': 0.157, 'w8': 0.845, 'max_depth': 8, 'min_child_weight': 18, 'subsample': 0.9000000000000001, 'colsample_bytree': 0.6000000000000001, 'gamma': 1.0}. Best is trial 1334 with value: 0.5442704750798081.
[I 2023-10-19 08:58:37,923] Trial 1667 finished with value: 0.5033767567620895 and parameters: {'w0': 0.151, 'w1': 0.925, 'w2': 0.063, 'w3': 0.203, 'w4': 0.761, 'w5': 0.924, 'w6': 0.521, 'w7': 0.159, 'w8': 0.841, 'max_depth': 9, 'min_child_weight': 18, 'subsample': 0.9000000000000001, 'colsample_bytree': 0.6000000000000001, 'gamma': 0.8}. Best is trial 1334 with value: 0.5442704750798081.
[I 2023-10-19 08:59:25,510] Trial 1674 finished with value: 0.45702491571869786 and parameters: {'w0': 0.158, 'w1': 0.932, 'w2': 0.089, 'w3': 0.23900000000000002, 'w4': 0.801, 'w5': 0.9380000000000001, 'w6': 0.661, 'w7': 0.115, 'w8': 0.849, 'max_depth': 8, 'min_child_weight': 6, 'subsample': 0.9000000000000001, 'colsample_bytree': 0.6000000000000001, 'gamma': 9.8}. Best is trial 1334 with value: 0.5442704750798081.
[I 2023-10-19 09:00:26,295] Trial 1669 finished with value: 0.5121762054687643 and parameters: {'w0': 0.155, 'w1': 0.935, 'w2': 0.062, 'w3': 0.20600000000000002, 'w4': 0.803, 'w5': 0.925, 'w6': 0.521, 'w7': 0.042, 'w8': 0.857, 'max_depth': 9, 'min_child_weight': 18, 'subsample': 0.9000000000000001, 'colsample_bytree': 0.6000000000000001, 'gamma': 0.8}. Best is trial 1334 with value: 0.5442704750798081.
[I 2023-10-19 09:00:59,248] Trial 1670 finished with value: 0.5096824998459393 and parameters: {'w0': 0.154, 'w1': 0.931, 'w2': 0.08800000000000001, 'w3': 0.23900000000000002, 'w4': 0.766, 'w5': 0.926, 'w6': 0.523, 'w7': 0.156, 'w8': 0.849, 'max_depth': 8, 'min_child_weight': 18, 'subsample': 0.9000000000000001, 'colsample_bytree': 0.6000000000000001, 'gamma': 0.8}. Best is trial 1334 with value: 0.5442704750798081.
[I 2023-10-19 09:01:43,821] Trial 1672 finished with value: 0.5088538610707042 and parameters: {'w0': 0.155, 'w1': 0.931, 'w2': 0.064, 'w3': 0.25, 'w4': 0.806, 'w5': 0.929, 'w6': 0.518, 'w7': 0.042, 'w8': 0.842, 'max_depth': 8, 'min_child_weight': 18, 'subsample': 0.9000000000000001, 'colsample_bytree': 0.6000000000000001, 'gamma': 1.0}. Best is trial 1334 with value: 0.5442704750798081.
[I 2023-10-19 09:01:56,646] Trial 1671 finished with value: 0.48931719741524404 and parameters: {'w0': 0.156, 'w1': 0.931, 'w2': 0.061, 'w3': 0.26, 'w4': 0.188, 'w5': 0.926, 'w6': 0.521, 'w7': 0.045, 'w8': 0.847, 'max_depth': 9, 'min_child_weight': 18, 'subsample': 0.9000000000000001, 'colsample_bytree': 0.6000000000000001, 'gamma': 0.8}. Best is trial 1334 with value: 0.5442704750798081.
[I 2023-10-19 09:02:24,021] Trial 1673 finished with value: 0.5082888224369785 and parameters: {'w0': 0.155, 'w1': 0.93, 'w2': 0.089, 'w3': 0.245, 'w4': 0.808, 'w5': 0.9420000000000001, 'w6': 0.523, 'w7': 0.044000000000000004, 'w8': 0.843, 'max_depth': 9, 'min_child_weight': 18, 'subsample': 0.9000000000000001, 'colsample_bytree': 0.6000000000000001, 'gamma': 1.0}. Best is trial 1334 with value: 0.5442704750798081.
[I 2023-10-19 09:02:56,484] Trial 1681 finished with value: 0.4736850391564045 and parameters: {'w0': 0.16, 'w1': 0.936, 'w2': 0.115, 'w3': 0.23600000000000002, 'w4': 0.803, 'w5': 0.936, 'w6': 0.519, 'w7': 0.112, 'w8': 0.8130000000000001, 'max_depth': 9, 'min_child_weight': 18, 'subsample': 0.9000000000000001, 'colsample_bytree': 0.5, 'gamma': 9.600000000000001}. Best is trial 1334 with value: 0.5442704750798081.
[I 2023-10-19 09:03:15,298] Trial 1680 finished with value: 0.4237014406491917 and parameters: {'w0': 0.16, 'w1': 0.9390000000000001, 'w2': 0.083, 'w3': 0.242, 'w4': 0.809, 'w5': 0.9440000000000001, 'w6': 0.52, 'w7': 0.493, 'w8': 0.8160000000000001, 'max_depth': 9, 'min_child_weight': 18, 'subsample': 0.9000000000000001, 'colsample_bytree': 0.5, 'gamma': 5.6000000000000005}. Best is trial 1334 with value: 0.5442704750798081.
[I 2023-10-19 09:04:37,360] Trial 1683 finished with value: 0.3944811229982215 and parameters: {'w0': 0.162, 'w1': 0.937, 'w2': 0.244, 'w3': 0.23800000000000002, 'w4': 0.801, 'w5': 0.578, 'w6': 0.518, 'w7': 0.486, 'w8': 0.806, 'max_depth': 9, 'min_child_weight': 18, 'subsample': 0.30000000000000004, 'colsample_bytree': 0.5, 'gamma': 7.0}. Best is trial 1334 with value: 0.5442704750798081.
[I 2023-10-19 09:06:48,628] Trial 1678 finished with value: 0.5213814195568893 and parameters: {'w0': 0.157, 'w1': 0.934, 'w2': 0.243, 'w3': 0.232, 'w4': 0.8160000000000001, 'w5': 0.9410000000000001, 'w6': 0.519, 'w7': 0.108, 'w8': 0.843, 'max_depth': 9, 'min_child_weight': 6, 'subsample': 0.9000000000000001, 'colsample_bytree': 0.6000000000000001, 'gamma': 0.8}. Best is trial 1334 with value: 0.5442704750798081.
[I 2023-10-19 09:07:08,246] Trial 1676 finished with value: 0.5226862194170407 and parameters: {'w0': 0.159, 'w1': 0.935, 'w2': 0.083, 'w3': 0.23800000000000002, 'w4': 0.804, 'w5': 0.9420000000000001, 'w6': 0.525, 'w7': 0.109, 'w8': 0.847, 'max_depth': 9, 'min_child_weight': 18, 'subsample': 0.9000000000000001, 'colsample_bytree': 0.6000000000000001, 'gamma': 0.8}. Best is trial 1334 with value: 0.5442704750798081.
