[I 2023-10-19 13:05:36,811] Trial 1937 finished with value: 0.5059104540031214 and parameters: {'w0': 0.968, 'w1': 0.917, 'w2': 0.115, 'w3': 0.262, 'w4': 0.6920000000000001, 'w5': 0.9400000000000001, 'w6': 0.542, 'w7': 0.097, 'w8': 0.796, 'max_depth': 8, 'min_child_weight': 20, 'subsample': 0.9000000000000001, 'colsample_bytree': 0.6000000000000001, 'gamma': 0.4}. Best is trial 1334 with value: 0.5442704750798081.
[I 2023-10-19 13:05:50,736] Trial 1943 finished with value: 0.4922554366661662 and parameters: {'w0': 0.177, 'w1': 0.917, 'w2': 0.031, 'w3': 0.3, 'w4': 0.6890000000000001, 'w5': 0.9390000000000001, 'w6': 0.539, 'w7': 0.113, 'w8': 0.854, 'max_depth': 9, 'min_child_weight': 18, 'subsample': 0.9000000000000001, 'colsample_bytree': 0.6000000000000001, 'gamma': 0.4}. Best is trial 1334 with value: 0.5442704750798081.
[I 2023-10-19 13:06:39,761] Trial 1944 finished with value: 0.49819161999429057 and parameters: {'w0': 0.177, 'w1': 0.919, 'w2': 0.036000000000000004, 'w3': 0.301, 'w4': 0.769, 'w5': 0.9390000000000001, 'w6': 0.492, 'w7': 0.114, 'w8': 0.854, 'max_depth': 9, 'min_child_weight': 18, 'subsample': 0.9000000000000001, 'colsample_bytree': 0.4, 'gamma': 0.4}. Best is trial 1334 with value: 0.5442704750798081.
[I 2023-10-19 13:06:47,154] Trial 1949 finished with value: 0.4613159410422648 and parameters: {'w0': 0.17400000000000002, 'w1': 0.918, 'w2': 0.094, 'w3': 0.336, 'w4': 0.787, 'w5': 0.995, 'w6': 0.49, 'w7': 0.707, 'w8': 0.853, 'max_depth': 9, 'min_child_weight': 18, 'subsample': 1.0, 'colsample_bytree': 0.6000000000000001, 'gamma': 0.4}. Best is trial 1334 with value: 0.5442704750798081.
[I 2023-10-19 13:09:42,325] Trial 1951 finished with value: 0.5312564845623974 and parameters: {'w0': 0.177, 'w1': 0.916, 'w2': 0.098, 'w3': 0.302, 'w4': 0.787, 'w5': 0.9510000000000001, 'w6': 0.489, 'w7': 0.115, 'w8': 0.895, 'max_depth': 9, 'min_child_weight': 18, 'subsample': 1.0, 'colsample_bytree': 0.6000000000000001, 'gamma': 0.4}. Best is trial 1334 with value: 0.5442704750798081.
[I 2023-10-19 13:10:44,335] Trial 1952 finished with value: 0.5325641203359758 and parameters: {'w0': 0.17, 'w1': 0.915, 'w2': 0.095, 'w3': 0.23800000000000002, 'w4': 0.788, 'w5': 0.964, 'w6': 0.484, 'w7': 0.113, 'w8': 0.893, 'max_depth': 9, 'min_child_weight': 18, 'subsample': 1.0, 'colsample_bytree': 0.6000000000000001, 'gamma': 0.4}. Best is trial 1334 with value: 0.5442704750798081.
[I 2023-10-19 13:11:30,146] Trial 1950 finished with value: 0.48031161507123443 and parameters: {'w0': 0.179, 'w1': 0.917, 'w2': 0.096, 'w3': 0.243, 'w4': 0.47000000000000003, 'w5': 0.995, 'w6': 0.494, 'w7': 0.11, 'w8': 0.902, 'max_depth': 9, 'min_child_weight': 18, 'subsample': 0.2, 'colsample_bytree': 0.6000000000000001, 'gamma': 0.4}. Best is trial 1334 with value: 0.5442704750798081.
[I 2023-10-19 13:11:46,627] Trial 1946 finished with value: 0.47245643679831223 and parameters: {'w0': 0.171, 'w1': 0.918, 'w2': 0.099, 'w3': 0.299, 'w4': 0.766, 'w5': 0.9400000000000001, 'w6': 0.482, 'w7': 0.892, 'w8': 0.853, 'max_depth': 9, 'min_child_weight': 18, 'subsample': 0.9000000000000001, 'colsample_bytree': 0.6000000000000001, 'gamma': 0.4}. Best is trial 1334 with value: 0.5442704750798081.
[I 2023-10-19 13:12:16,291] Trial 1954 finished with value: 0.5273554573045369 and parameters: {'w0': 0.18, 'w1': 0.918, 'w2': 0.095, 'w3': 0.232, 'w4': 0.781, 'w5': 0.9600000000000001, 'w6': 0.487, 'w7': 0.117, 'w8': 0.885, 'max_depth': 9, 'min_child_weight': 18, 'subsample': 1.0, 'colsample_bytree': 0.6000000000000001, 'gamma': 0.4}. Best is trial 1334 with value: 0.5442704750798081.
[I 2023-10-19 13:13:11,993] Trial 1953 finished with value: 0.4625927176906438 and parameters: {'w0': 0.183, 'w1': 0.913, 'w2': 0.093, 'w3': 0.23800000000000002, 'w4': 0.79, 'w5': 0.9520000000000001, 'w6': 0.488, 'w7': 0.718, 'w8': 0.897, 'max_depth': 9, 'min_child_weight': 18, 'subsample': 1.0, 'colsample_bytree': 0.6000000000000001, 'gamma': 0.4}. Best is trial 1334 with value: 0.5442704750798081.
[I 2023-10-19 13:16:27,585] Trial 1956 finished with value: 0.5269203057988665 and parameters: {'w0': 0.18, 'w1': 0.915, 'w2': 0.091, 'w3': 0.335, 'w4': 0.787, 'w5': 0.962, 'w6': 0.484, 'w7': 0.122, 'w8': 0.897, 'max_depth': 9, 'min_child_weight': 18, 'subsample': 0.9000000000000001, 'colsample_bytree': 0.6000000000000001, 'gamma': 0.6000000000000001}. Best is trial 1334 with value: 0.5442704750798081.
[I 2023-10-19 13:16:44,904] Trial 1955 finished with value: 0.46267038579419123 and parameters: {'w0': 0.18, 'w1': 1.0, 'w2': 0.598, 'w3': 0.23600000000000002, 'w4': 0.793, 'w5': 0.094, 'w6': 0.487, 'w7': 0.115, 'w8': 0.893, 'max_depth': 9, 'min_child_weight': 18, 'subsample': 0.30000000000000004, 'colsample_bytree': 0.6000000000000001, 'gamma': 0.6000000000000001}. Best is trial 1334 with value: 0.5442704750798081.
[I 2023-10-19 13:17:24,957] Trial 1962 finished with value: 0.4984185864707063 and parameters: {'w0': 0.137, 'w1': 0.961, 'w2': 0.08700000000000001, 'w3': 0.23900000000000002, 'w4': 0.792, 'w5': 0.883, 'w6': 0.481, 'w7': 0.019000000000000003, 'w8': 0.897, 'max_depth': 9, 'min_child_weight': 18, 'subsample': 1.0, 'colsample_bytree': 0.4, 'gamma': 0.2}. Best is trial 1334 with value: 0.5442704750798081.
[I 2023-10-19 13:17:58,114] Trial 1968 finished with value: 0.4942005273642166 and parameters: {'w0': 0.137, 'w1': 0.9600000000000001, 'w2': 0.14400000000000002, 'w3': 0.22, 'w4': 0.545, 'w5': 0.878, 'w6': 0.47200000000000003, 'w7': 0.068, 'w8': 0.885, 'max_depth': 9, 'min_child_weight': 18, 'subsample': 0.9000000000000001, 'colsample_bytree': 0.5, 'gamma': 2.8000000000000003}. Best is trial 1334 with value: 0.5442704750798081.
[I 2023-10-19 13:17:59,228] Trial 1963 finished with value: 0.5303386010003012 and parameters: {'w0': 0.134, 'w1': 0.9590000000000001, 'w2': 0.092, 'w3': 0.23700000000000002, 'w4': 0.792, 'w5': 0.885, 'w6': 0.47900000000000004, 'w7': 0.067, 'w8': 0.9, 'max_depth': 9, 'min_child_weight': 18, 'subsample': 1.0, 'colsample_bytree': 0.6000000000000001, 'gamma': 0.2}. Best is trial 1334 with value: 0.5442704750798081.
[I 2023-10-19 13:19:38,632] Trial 1965 finished with value: 0.516838726792978 and parameters: {'w0': 0.137, 'w1': 0.966, 'w2': 0.146, 'w3': 0.23600000000000002, 'w4': 0.79, 'w5': 0.503, 'w6': 0.47200000000000003, 'w7': 0.069, 'w8': 0.901, 'max_depth': 9, 'min_child_weight': 18, 'subsample': 0.9000000000000001, 'colsample_bytree': 0.6000000000000001, 'gamma': 0.8}. Best is trial 1334 with value: 0.5442704750798081.
[I 2023-10-19 13:19:43,831] Trial 1966 finished with value: 0.5194751712144487 and parameters: {'w0': 0.138, 'w1': 0.9540000000000001, 'w2': 0.147, 'w3': 0.221, 'w4': 0.542, 'w5': 0.885, 'w6': 0.562, 'w7': 0.063, 'w8': 0.901, 'max_depth': 9, 'min_child_weight': 4, 'subsample': 0.9000000000000001, 'colsample_bytree': 0.6000000000000001, 'gamma': 0.8}. Best is trial 1334 with value: 0.5442704750798081.
[I 2023-10-19 13:20:06,745] Trial 1958 finished with value: 0.5085285286952109 and parameters: {'w0': 0.179, 'w1': 0.963, 'w2': 0.091, 'w3': 0.341, 'w4': 0.789, 'w5': 0.075, 'w6': 0.49, 'w7': 0.11900000000000001, 'w8': 0.9, 'max_depth': 9, 'min_child_weight': 18, 'subsample': 0.9000000000000001, 'colsample_bytree': 0.6000000000000001, 'gamma': 0.2}. Best is trial 1334 with value: 0.5442704750798081.
[I 2023-10-19 13:21:24,471] Trial 1969 finished with value: 0.5371485883839388 and parameters: {'w0': 0.135, 'w1': 0.964, 'w2': 0.14300000000000002, 'w3': 0.228, 'w4': 0.81, 'w5': 0.889, 'w6': 0.441, 'w7': 0.14300000000000002, 'w8': 0.884, 'max_depth': 9, 'min_child_weight': 4, 'subsample': 0.9000000000000001, 'colsample_bytree': 0.6000000000000001, 'gamma': 0.8}. Best is trial 1334 with value: 0.5442704750798081.
[I 2023-10-19 13:21:29,523] Trial 1957 finished with value: 0.5040573430688005 and parameters: {'w0': 0.929, 'w1': 0.961, 'w2': 0.094, 'w3': 0.333, 'w4': 0.468, 'w5': 0.9570000000000001, 'w6': 0.49, 'w7': 0.11800000000000001, 'w8': 0.888, 'max_depth': 9, 'min_child_weight': 18, 'subsample': 0.9000000000000001, 'colsample_bytree': 0.6000000000000001, 'gamma': 0.2}. Best is trial 1334 with value: 0.5442704750798081.
[I 2023-10-19 13:21:42,427] Trial 1967 finished with value: 0.5134647773727349 and parameters: {'w0': 0.134, 'w1': 0.961, 'w2': 0.14400000000000002, 'w3': 0.222, 'w4': 0.529, 'w5': 0.883, 'w6': 0.465, 'w7': 0.07, 'w8': 0.886, 'max_depth': 9, 'min_child_weight': 18, 'subsample': 0.9000000000000001, 'colsample_bytree': 0.6000000000000001, 'gamma': 0.8}. Best is trial 1334 with value: 0.5442704750798081.
[I 2023-10-19 13:21:44,701] Trial 1960 finished with value: 0.5350406081202105 and parameters: {'w0': 0.185, 'w1': 0.965, 'w2': 0.092, 'w3': 0.23800000000000002, 'w4': 0.785, 'w5': 0.9600000000000001, 'w6': 0.488, 'w7': 0.122, 'w8': 0.9, 'max_depth': 9, 'min_child_weight': 18, 'subsample': 0.9000000000000001, 'colsample_bytree': 0.6000000000000001, 'gamma': 0.2}. Best is trial 1334 with value: 0.5442704750798081.
[I 2023-10-19 13:21:47,560] Trial 1961 finished with value: 0.5346101673316267 and parameters: {'w0': 0.188, 'w1': 1.0, 'w2': 0.08800000000000001, 'w3': 0.24000000000000002, 'w4': 0.783, 'w5': 0.885, 'w6': 0.47300000000000003, 'w7': 0.116, 'w8': 0.897, 'max_depth': 9, 'min_child_weight': 18, 'subsample': 0.9000000000000001, 'colsample_bytree': 0.6000000000000001, 'gamma': 0.2}. Best is trial 1334 with value: 0.5442704750798081.
[I 2023-10-19 13:21:51,817] Trial 1959 finished with value: 0.5306649843030807 and parameters: {'w0': 0.368, 'w1': 0.961, 'w2': 0.094, 'w3': 0.327, 'w4': 0.788, 'w5': 0.962, 'w6': 0.498, 'w7': 0.116, 'w8': 0.899, 'max_depth': 9, 'min_child_weight': 18, 'subsample': 0.9000000000000001, 'colsample_bytree': 0.6000000000000001, 'gamma': 0.2}. Best is trial 1334 with value: 0.5442704750798081.
[I 2023-10-19 13:23:45,155] Trial 1973 finished with value: 0.49131055404695695 and parameters: {'w0': 0.37, 'w1': 0.962, 'w2': 0.14300000000000002, 'w3': 0.223, 'w4': 0.8200000000000001, 'w5': 0.883, 'w6': 0.446, 'w7': 0.066, 'w8': 0.885, 'max_depth': 9, 'min_child_weight': 4, 'subsample': 0.9000000000000001, 'colsample_bytree': 0.5, 'gamma': 3.4000000000000004}. Best is trial 1334 with value: 0.5442704750798081.
[I 2023-10-19 13:24:03,046] Trial 1970 finished with value: 0.5144833748261952 and parameters: {'w0': 0.365, 'w1': 0.962, 'w2': 0.14400000000000002, 'w3': 0.215, 'w4': 0.8160000000000001, 'w5': 0.883, 'w6': 0.448, 'w7': 0.07200000000000001, 'w8': 0.908, 'max_depth': 9, 'min_child_weight': 18, 'subsample': 0.9000000000000001, 'colsample_bytree': 0.5, 'gamma': 0.8}. Best is trial 1334 with value: 0.5442704750798081.
[I 2023-10-19 13:24:16,911] Trial 1964 finished with value: 0.47099675476418645 and parameters: {'w0': 0.138, 'w1': 1.0, 'w2': 0.14500000000000002, 'w3': 0.234, 'w4': 0.808, 'w5': 0.885, 'w6': 0.47300000000000003, 'w7': 0.898, 'w8': 0.9, 'max_depth': 9, 'min_child_weight': 18, 'subsample': 0.9000000000000001, 'colsample_bytree': 0.6000000000000001, 'gamma': 0.2}. Best is trial 1334 with value: 0.5442704750798081.
[I 2023-10-19 13:26:32,981] Trial 1971 finished with value: 0.5186181042040077 and parameters: {'w0': 0.138, 'w1': 0.9600000000000001, 'w2': 0.14100000000000001, 'w3': 0.224, 'w4': 0.807, 'w5': 0.887, 'w6': 0.44, 'w7': 0.07, 'w8': 0.902, 'max_depth': 9, 'min_child_weight': 18, 'subsample': 0.9000000000000001, 'colsample_bytree': 0.5, 'gamma': 0.8}. Best is trial 1334 with value: 0.5442704750798081.
[I 2023-10-19 13:26:55,620] Trial 1972 finished with value: 0.49291162759855733 and parameters: {'w0': 0.139, 'w1': 0.961, 'w2': 0.14300000000000002, 'w3': 0.222, 'w4': 0.8130000000000001, 'w5': 0.884, 'w6': 0.46900000000000003, 'w7': 0.021, 'w8': 0.839, 'max_depth': 9, 'min_child_weight': 18, 'subsample': 0.9000000000000001, 'colsample_bytree': 0.6000000000000001, 'gamma': 0.8}. Best is trial 1334 with value: 0.5442704750798081.
[I 2023-10-19 13:28:30,065] Trial 1975 finished with value: 0.5298930654900855 and parameters: {'w0': 0.2, 'w1': 0.961, 'w2': 0.14400000000000002, 'w3': 0.219, 'w4': 0.8130000000000001, 'w5': 0.861, 'w6': 0.561, 'w7': 0.098, 'w8': 0.837, 'max_depth': 9, 'min_child_weight': 18, 'subsample': 0.9000000000000001, 'colsample_bytree': 0.6000000000000001, 'gamma': 0.8}. Best is trial 1334 with value: 0.5442704750798081.
[I 2023-10-19 13:33:54,831] Trial 1974 finished with value: 0.5348113829616202 and parameters: {'w0': 0.138, 'w1': 0.9600000000000001, 'w2': 0.14100000000000001, 'w3': 0.217, 'w4': 0.801, 'w5': 0.852, 'w6': 0.439, 'w7': 0.069, 'w8': 0.838, 'max_depth': 9, 'min_child_weight': 18, 'subsample': 0.9000000000000001, 'colsample_bytree': 0.6000000000000001, 'gamma': 0.2}. Best is trial 1334 with value: 0.5442704750798081.
[I 2023-10-19 13:34:24,586] Trial 1980 finished with value: 0.5354019710787974 and parameters: {'w0': 0.20800000000000002, 'w1': 0.9380000000000001, 'w2': 0.161, 'w3': 0.281, 'w4': 0.755, 'w5': 0.888, 'w6': 0.562, 'w7': 0.146, 'w8': 0.838, 'max_depth': 6, 'min_child_weight': 18, 'subsample': 0.9000000000000001, 'colsample_bytree': 0.5, 'gamma': 0.2}. Best is trial 1334 with value: 0.5442704750798081.
[I 2023-10-19 13:36:10,612] Trial 1976 finished with value: 0.5390361695831166 and parameters: {'w0': 0.201, 'w1': 0.892, 'w2': 0.167, 'w3': 0.218, 'w4': 0.806, 'w5': 0.862, 'w6': 0.441, 'w7': 0.14300000000000002, 'w8': 0.841, 'max_depth': 9, 'min_child_weight': 18, 'subsample': 0.9000000000000001, 'colsample_bytree': 0.6000000000000001, 'gamma': 0.2}. Best is trial 1334 with value: 0.5442704750798081.
[I 2023-10-19 13:36:11,389] Trial 1977 finished with value: 0.5371297469510005 and parameters: {'w0': 0.201, 'w1': 0.889, 'w2': 0.161, 'w3': 0.219, 'w4': 0.8130000000000001, 'w5': 0.859, 'w6': 0.445, 'w7': 0.146, 'w8': 0.839, 'max_depth': 9, 'min_child_weight': 18, 'subsample': 0.9000000000000001, 'colsample_bytree': 0.6000000000000001, 'gamma': 0.2}. Best is trial 1334 with value: 0.5442704750798081.
[I 2023-10-19 13:37:01,335] Trial 1978 finished with value: 0.5204164982195738 and parameters: {'w0': 0.514, 'w1': 0.937, 'w2': 0.167, 'w3': 0.216, 'w4': 0.8200000000000001, 'w5': 0.857, 'w6': 0.44, 'w7': 0.101, 'w8': 0.838, 'max_depth': 9, 'min_child_weight': 18, 'subsample': 0.9000000000000001, 'colsample_bytree': 0.6000000000000001, 'gamma': 0.2}. Best is trial 1334 with value: 0.5442704750798081.
[I 2023-10-19 13:37:30,179] Trial 1979 finished with value: 0.535838308064887 and parameters: {'w0': 0.202, 'w1': 0.894, 'w2': 0.163, 'w3': 0.281, 'w4': 0.754, 'w5': 0.849, 'w6': 0.517, 'w7': 0.15, 'w8': 0.838, 'max_depth': 9, 'min_child_weight': 18, 'subsample': 0.9000000000000001, 'colsample_bytree': 0.5, 'gamma': 0.2}. Best is trial 1334 with value: 0.5442704750798081.
[I 2023-10-19 13:37:52,948] Trial 1984 finished with value: 0.5308108983651849 and parameters: {'w0': 0.20600000000000002, 'w1': 0.893, 'w2': 0.166, 'w3': 0.278, 'w4': 0.8150000000000001, 'w5': 0.85, 'w6': 0.525, 'w7': 0.096, 'w8': 0.842, 'max_depth': 9, 'min_child_weight': 18, 'subsample': 0.9000000000000001, 'colsample_bytree': 0.5, 'gamma': 0.2}. Best is trial 1334 with value: 0.5442704750798081.
[I 2023-10-19 13:37:53,517] Trial 1982 finished with value: 0.5364886274567977 and parameters: {'w0': 0.196, 'w1': 0.9400000000000001, 'w2': 0.164, 'w3': 0.28, 'w4': 0.8170000000000001, 'w5': 0.849, 'w6': 0.522, 'w7': 0.151, 'w8': 0.837, 'max_depth': 9, 'min_child_weight': 18, 'subsample': 0.9000000000000001, 'colsample_bytree': 0.5, 'gamma': 0.2}. Best is trial 1334 with value: 0.5442704750798081.
[I 2023-10-19 13:37:58,817] Trial 1981 finished with value: 0.5349079118116751 and parameters: {'w0': 0.231, 'w1': 0.9380000000000001, 'w2': 0.166, 'w3': 0.278, 'w4': 0.812, 'w5': 0.976, 'w6': 0.523, 'w7': 0.1, 'w8': 0.835, 'max_depth': 9, 'min_child_weight': 18, 'subsample': 0.9000000000000001, 'colsample_bytree': 0.5, 'gamma': 0.2}. Best is trial 1334 with value: 0.5442704750798081.
[I 2023-10-19 13:38:23,742] Trial 1983 finished with value: 0.511490536297287 and parameters: {'w0': 0.193, 'w1': 0.893, 'w2': 0.17200000000000001, 'w3': 0.28, 'w4': 0.8140000000000001, 'w5': 0.855, 'w6': 0.5650000000000001, 'w7': 0.402, 'w8': 0.838, 'max_depth': 9, 'min_child_weight': 18, 'subsample': 0.9000000000000001, 'colsample_bytree': 0.5, 'gamma': 0.2}. Best is trial 1334 with value: 0.5442704750798081.
[I 2023-10-19 13:39:26,643] Trial 1985 finished with value: 0.49684450238635924 and parameters: {'w0': 0.195, 'w1': 0.889, 'w2': 0.17, 'w3': 0.601, 'w4': 0.8200000000000001, 'w5': 0.867, 'w6': 0.5650000000000001, 'w7': 0.148, 'w8': 0.078, 'max_depth': 9, 'min_child_weight': 18, 'subsample': 0.9000000000000001, 'colsample_bytree': 0.6000000000000001, 'gamma': 0.2}. Best is trial 1334 with value: 0.5442704750798081.
[I 2023-10-19 13:40:26,215] Trial 1986 finished with value: 0.5314596150029919 and parameters: {'w0': 0.139, 'w1': 0.892, 'w2': 0.163, 'w3': 0.28, 'w4': 1.0, 'w5': 0.979, 'w6': 0.5640000000000001, 'w7': 0.093, 'w8': 0.838, 'max_depth': 9, 'min_child_weight': 18, 'subsample': 0.9000000000000001, 'colsample_bytree': 0.6000000000000001, 'gamma': 0.2}. Best is trial 1334 with value: 0.5442704750798081.
[I 2023-10-19 13:40:37,517] Trial 1987 finished with value: 0.532320368555028 and parameters: {'w0': 0.203, 'w1': 0.894, 'w2': 0.17, 'w3': 0.522, 'w4': 0.756, 'w5': 0.859, 'w6': 0.512, 'w7': 0.098, 'w8': 0.838, 'max_depth': 9, 'min_child_weight': 18, 'subsample': 0.9000000000000001, 'colsample_bytree': 0.6000000000000001, 'gamma': 0.2}. Best is trial 1334 with value: 0.5442704750798081.
[I 2023-10-19 13:42:24,566] Trial 1988 finished with value: 0.5362338978196023 and parameters: {'w0': 0.214, 'w1': 0.894, 'w2': 0.17300000000000001, 'w3': 0.277, 'w4': 0.713, 'w5': 0.851, 'w6': 0.56, 'w7': 0.14500000000000002, 'w8': 0.8310000000000001, 'max_depth': 9, 'min_child_weight': 18, 'subsample': 0.9000000000000001, 'colsample_bytree': 0.6000000000000001, 'gamma': 0.2}. Best is trial 1334 with value: 0.5442704750798081.
[I 2023-10-19 13:42:34,923] Trial 1989 finished with value: 0.535723231458495 and parameters: {'w0': 0.198, 'w1': 0.895, 'w2': 0.166, 'w3': 0.281, 'w4': 0.757, 'w5': 0.85, 'w6': 0.561, 'w7': 0.097, 'w8': 0.852, 'max_depth': 9, 'min_child_weight': 18, 'subsample': 0.9000000000000001, 'colsample_bytree': 0.6000000000000001, 'gamma': 0.2}. Best is trial 1334 with value: 0.5442704750798081.
[I 2023-10-19 13:43:39,960] Trial 1990 finished with value: 0.5365674904059211 and parameters: {'w0': 0.20500000000000002, 'w1': 0.897, 'w2': 0.165, 'w3': 0.278, 'w4': 0.747, 'w5': 0.855, 'w6': 0.521, 'w7': 0.148, 'w8': 0.844, 'max_depth': 9, 'min_child_weight': 18, 'subsample': 0.9000000000000001, 'colsample_bytree': 0.6000000000000001, 'gamma': 0.2}. Best is trial 1334 with value: 0.5442704750798081.
[I 2023-10-19 13:46:35,575] Trial 1996 finished with value: 0.5254229439217303 and parameters: {'w0': 0.152, 'w1': 0.935, 'w2': 0.186, 'w3': 0.256, 'w4': 0.717, 'w5': 0.921, 'w6': 0.513, 'w7': 0.094, 'w8': 0.754, 'max_depth': 9, 'min_child_weight': 18, 'subsample': 0.9000000000000001, 'colsample_bytree': 0.6000000000000001, 'gamma': 0.6000000000000001}. Best is trial 1334 with value: 0.5442704750798081.
[I 2023-10-19 13:46:56,226] Trial 1998 finished with value: 0.5278701216422679 and parameters: {'w0': 0.153, 'w1': 0.9380000000000001, 'w2': 0.185, 'w3': 0.255, 'w4': 0.749, 'w5': 0.984, 'w6': 0.516, 'w7': 0.098, 'w8': 0.867, 'max_depth': 9, 'min_child_weight': 18, 'subsample': 0.9000000000000001, 'colsample_bytree': 0.6000000000000001, 'gamma': 0.6000000000000001}. Best is trial 1334 with value: 0.5442704750798081.
[I 2023-10-19 13:47:00,518] Trial 1999 finished with value: 0.5262221993374663 and parameters: {'w0': 0.154, 'w1': 0.9380000000000001, 'w2': 0.188, 'w3': 0.259, 'w4': 0.719, 'w5': 0.925, 'w6': 0.516, 'w7': 0.096, 'w8': 0.865, 'max_depth': 9, 'min_child_weight': 18, 'subsample': 0.9000000000000001, 'colsample_bytree': 0.6000000000000001, 'gamma': 0.6000000000000001}. Best is trial 1334 with value: 0.5442704750798081.
[I 2023-10-19 13:47:08,348] Trial 1991 finished with value: 0.536719341246674 and parameters: {'w0': 0.20800000000000002, 'w1': 0.894, 'w2': 0.17300000000000001, 'w3': 0.273, 'w4': 0.712, 'w5': 0.855, 'w6': 0.52, 'w7': 0.15, 'w8': 0.858, 'max_depth': 9, 'min_child_weight': 18, 'subsample': 0.9000000000000001, 'colsample_bytree': 0.6000000000000001, 'gamma': 0.2}. Best is trial 1334 with value: 0.5442704750798081.
[I 2023-10-19 13:47:38,730] Trial 1992 finished with value: 0.5109746555864009 and parameters: {'w0': 0.20400000000000001, 'w1': 0.897, 'w2': 1.0, 'w3': 0.253, 'w4': 0.751, 'w5': 0.86, 'w6': 0.525, 'w7': 0.148, 'w8': 0.864, 'max_depth': 9, 'min_child_weight': 18, 'subsample': 0.9000000000000001, 'colsample_bytree': 0.6000000000000001, 'gamma': 0.2}. Best is trial 1334 with value: 0.5442704750798081.
[I 2023-10-19 13:48:10,875] Trial 1994 finished with value: 0.5350830587377866 and parameters: {'w0': 0.292, 'w1': 0.9380000000000001, 'w2': 0.164, 'w3': 0.28400000000000003, 'w4': 0.714, 'w5': 0.978, 'w6': 0.523, 'w7': 0.099, 'w8': 0.862, 'max_depth': 9, 'min_child_weight': 18, 'subsample': 0.9000000000000001, 'colsample_bytree': 0.6000000000000001, 'gamma': 0.0}. Best is trial 1334 with value: 0.5442704750798081.
[I 2023-10-19 13:48:17,156] Trial 1993 finished with value: 0.5213823780586249 and parameters: {'w0': 0.513, 'w1': 0.933, 'w2': 0.17600000000000002, 'w3': 0.272, 'w4': 0.751, 'w5': 0.981, 'w6': 0.52, 'w7': 0.095, 'w8': 0.764, 'max_depth': 9, 'min_child_weight': 18, 'subsample': 0.9000000000000001, 'colsample_bytree': 0.6000000000000001, 'gamma': 0.0}. Best is trial 1334 with value: 0.5442704750798081.
