[I 2023-10-19 02:45:46,149] Trial 1252 finished with value: 0.5355496569356113 and parameters: {'w0': 0.135, 'w1': 0.986, 'w2': 0.132, 'w3': 0.281, 'w4': 0.756, 'w5': 0.736, 'w6': 0.494, 'w7': 0.126, 'w8': 0.906, 'max_depth': 10, 'min_child_weight': 18, 'subsample': 0.8, 'colsample_bytree': 0.6000000000000001, 'gamma': 0.4}. Best is trial 796 with value: 0.5427258797393881.
[I 2023-10-19 02:46:23,999] Trial 1253 finished with value: 0.535783187386222 and parameters: {'w0': 0.135, 'w1': 0.981, 'w2': 0.131, 'w3': 0.272, 'w4': 0.755, 'w5': 0.709, 'w6': 0.502, 'w7': 0.124, 'w8': 0.913, 'max_depth': 10, 'min_child_weight': 18, 'subsample': 0.8, 'colsample_bytree': 0.6000000000000001, 'gamma': 0.4}. Best is trial 796 with value: 0.5427258797393881.
[I 2023-10-19 02:47:31,154] Trial 1247 finished with value: 0.4747441930586387 and parameters: {'w0': 0.848, 'w1': 0.991, 'w2': 0.13, 'w3': 0.28300000000000003, 'w4': 0.785, 'w5': 0.746, 'w6': 0.498, 'w7': 0.646, 'w8': 0.873, 'max_depth': 10, 'min_child_weight': 18, 'subsample': 0.8, 'colsample_bytree': 0.6000000000000001, 'gamma': 0.4}. Best is trial 796 with value: 0.5427258797393881.
[I 2023-10-19 02:47:34,800] Trial 1251 finished with value: 0.4842235672478779 and parameters: {'w0': 0.13, 'w1': 0.804, 'w2': 0.131, 'w3': 0.275, 'w4': 0.753, 'w5': 0.719, 'w6': 0.539, 'w7': 0.64, 'w8': 0.9, 'max_depth': 10, 'min_child_weight': 18, 'subsample': 0.8, 'colsample_bytree': 0.6000000000000001, 'gamma': 0.4}. Best is trial 796 with value: 0.5427258797393881.
[I 2023-10-19 02:47:52,695] Trial 1254 finished with value: 0.5341316083901771 and parameters: {'w0': 0.13, 'w1': 0.809, 'w2': 0.134, 'w3': 0.298, 'w4': 0.753, 'w5': 0.746, 'w6': 0.486, 'w7': 0.124, 'w8': 0.915, 'max_depth': 10, 'min_child_weight': 18, 'subsample': 0.8, 'colsample_bytree': 0.6000000000000001, 'gamma': 0.4}. Best is trial 796 with value: 0.5427258797393881.
[I 2023-10-19 02:48:03,097] Trial 1255 finished with value: 0.5112372422570932 and parameters: {'w0': 0.136, 'w1': 0.967, 'w2': 0.132, 'w3': 0.293, 'w4': 0.752, 'w5': 0.751, 'w6': 0.493, 'w7': 0.038, 'w8': 0.914, 'max_depth': 10, 'min_child_weight': 18, 'subsample': 0.8, 'colsample_bytree': 0.6000000000000001, 'gamma': 0.4}. Best is trial 796 with value: 0.5427258797393881.
[I 2023-10-19 02:49:11,015] Trial 1256 finished with value: 0.5386792365830085 and parameters: {'w0': 0.127, 'w1': 0.809, 'w2': 0.131, 'w3': 0.28300000000000003, 'w4': 0.75, 'w5': 0.766, 'w6': 0.485, 'w7': 0.127, 'w8': 0.899, 'max_depth': 10, 'min_child_weight': 18, 'subsample': 0.9000000000000001, 'colsample_bytree': 0.6000000000000001, 'gamma': 0.4}. Best is trial 796 with value: 0.5427258797393881.
[I 2023-10-19 02:51:26,496] Trial 1257 finished with value: 0.5138503060497455 and parameters: {'w0': 0.137, 'w1': 0.798, 'w2': 0.133, 'w3': 0.28200000000000003, 'w4': 0.752, 'w5': 0.132, 'w6': 0.495, 'w7': 0.127, 'w8': 0.906, 'max_depth': 10, 'min_child_weight': 18, 'subsample': 0.8, 'colsample_bytree': 0.6000000000000001, 'gamma': 0.4}. Best is trial 796 with value: 0.5427258797393881.
[I 2023-10-19 02:52:46,750] Trial 1258 finished with value: 0.5169389804551769 and parameters: {'w0': 0.127, 'w1': 0.806, 'w2': 0.134, 'w3': 0.28400000000000003, 'w4': 0.755, 'w5': 0.75, 'w6': 0.464, 'w7': 0.041, 'w8': 0.907, 'max_depth': 10, 'min_child_weight': 18, 'subsample': 0.9000000000000001, 'colsample_bytree': 0.6000000000000001, 'gamma': 0.4}. Best is trial 796 with value: 0.5427258797393881.
[I 2023-10-19 02:53:51,615] Trial 1264 finished with value: 0.5239237544797289 and parameters: {'w0': 0.191, 'w1': 0.9430000000000001, 'w2': 0.133, 'w3': 0.28600000000000003, 'w4': 0.756, 'w5': 0.745, 'w6': 0.486, 'w7': 0.125, 'w8': 0.901, 'max_depth': 3, 'min_child_weight': 18, 'subsample': 0.8, 'colsample_bytree': 0.6000000000000001, 'gamma': 0.4}. Best is trial 796 with value: 0.5427258797393881.
[I 2023-10-19 02:54:18,066] Trial 1260 finished with value: 0.5134753899280633 and parameters: {'w0': 0.14100000000000001, 'w1': 0.842, 'w2': 0.132, 'w3': 0.298, 'w4': 0.75, 'w5': 0.755, 'w6': 0.484, 'w7': 0.038, 'w8': 0.5720000000000001, 'max_depth': 10, 'min_child_weight': 18, 'subsample': 0.8, 'colsample_bytree': 0.6000000000000001, 'gamma': 0.4}. Best is trial 796 with value: 0.5427258797393881.
[I 2023-10-19 02:54:28,596] Trial 1259 finished with value: 0.5130491386478927 and parameters: {'w0': 0.136, 'w1': 0.796, 'w2': 0.131, 'w3': 0.28800000000000003, 'w4': 0.748, 'w5': 0.752, 'w6': 0.492, 'w7': 0.038, 'w8': 0.908, 'max_depth': 10, 'min_child_weight': 18, 'subsample': 0.8, 'colsample_bytree': 0.6000000000000001, 'gamma': 0.4}. Best is trial 796 with value: 0.5427258797393881.
[I 2023-10-19 02:58:21,485] Trial 1261 finished with value: 0.5102602056571374 and parameters: {'w0': 0.137, 'w1': 0.806, 'w2': 0.131, 'w3': 0.28300000000000003, 'w4': 0.746, 'w5': 0.75, 'w6': 0.481, 'w7': 0.035, 'w8': 0.896, 'max_depth': 10, 'min_child_weight': 18, 'subsample': 0.8, 'colsample_bytree': 0.6000000000000001, 'gamma': 0.4}. Best is trial 796 with value: 0.5427258797393881.
[I 2023-10-19 03:00:58,859] Trial 1263 finished with value: 0.5163265645274163 and parameters: {'w0': 0.195, 'w1': 0.992, 'w2': 0.132, 'w3': 0.303, 'w4': 0.759, 'w5': 0.757, 'w6': 0.492, 'w7': 0.042, 'w8': 0.904, 'max_depth': 10, 'min_child_weight': 18, 'subsample': 0.8, 'colsample_bytree': 0.6000000000000001, 'gamma': 0.4}. Best is trial 796 with value: 0.5427258797393881.
[I 2023-10-19 03:01:16,290] Trial 1265 finished with value: 0.5141474168496563 and parameters: {'w0': 0.189, 'w1': 0.969, 'w2': 0.134, 'w3': 0.275, 'w4': 0.332, 'w5': 0.746, 'w6': 0.5, 'w7': 0.082, 'w8': 0.907, 'max_depth': 10, 'min_child_weight': 18, 'subsample': 0.8, 'colsample_bytree': 0.6000000000000001, 'gamma': 0.4}. Best is trial 796 with value: 0.5427258797393881.
[I 2023-10-19 03:01:44,593] Trial 1262 finished with value: 0.536253028389008 and parameters: {'w0': 0.192, 'w1': 0.9600000000000001, 'w2': 0.128, 'w3': 0.291, 'w4': 0.755, 'w5': 0.747, 'w6': 0.48000000000000004, 'w7': 0.129, 'w8': 0.84, 'max_depth': 10, 'min_child_weight': 18, 'subsample': 0.8, 'colsample_bytree': 0.6000000000000001, 'gamma': 0.4}. Best is trial 796 with value: 0.5427258797393881.
[I 2023-10-19 03:01:51,747] Trial 1267 finished with value: 0.5300371235793598 and parameters: {'w0': 0.195, 'w1': 0.9590000000000001, 'w2': 0.138, 'w3': 0.307, 'w4': 0.755, 'w5': 0.756, 'w6': 0.482, 'w7': 0.083, 'w8': 0.839, 'max_depth': 7, 'min_child_weight': 18, 'subsample': 0.8, 'colsample_bytree': 0.6000000000000001, 'gamma': 0.4}. Best is trial 796 with value: 0.5427258797393881.
[I 2023-10-19 03:01:55,468] Trial 1270 finished with value: 0.5311777176669659 and parameters: {'w0': 0.198, 'w1': 0.9460000000000001, 'w2': 0.08800000000000001, 'w3': 0.28900000000000003, 'w4': 0.757, 'w5': 0.76, 'w6': 0.487, 'w7': 0.081, 'w8': 0.835, 'max_depth': 7, 'min_child_weight': 18, 'subsample': 0.8, 'colsample_bytree': 0.6000000000000001, 'gamma': 0.6000000000000001}. Best is trial 796 with value: 0.5427258797393881.
[I 2023-10-19 03:02:24,443] Trial 1268 finished with value: 0.5353157162621591 and parameters: {'w0': 0.188, 'w1': 0.9490000000000001, 'w2': 0.084, 'w3': 0.28600000000000003, 'w4': 0.755, 'w5': 0.754, 'w6': 0.483, 'w7': 0.081, 'w8': 0.8230000000000001, 'max_depth': 10, 'min_child_weight': 18, 'subsample': 0.8, 'colsample_bytree': 0.6000000000000001, 'gamma': 0.6000000000000001}. Best is trial 796 with value: 0.5427258797393881.
[I 2023-10-19 03:02:29,259] Trial 1269 finished with value: 0.5316174788574279 and parameters: {'w0': 0.193, 'w1': 0.966, 'w2': 0.085, 'w3': 0.28400000000000003, 'w4': 0.756, 'w5': 0.748, 'w6': 0.481, 'w7': 0.083, 'w8': 0.904, 'max_depth': 10, 'min_child_weight': 18, 'subsample': 0.8, 'colsample_bytree': 0.6000000000000001, 'gamma': 0.6000000000000001}. Best is trial 796 with value: 0.5427258797393881.
[I 2023-10-19 03:03:00,992] Trial 1266 finished with value: 0.53336367748637 and parameters: {'w0': 0.195, 'w1': 0.843, 'w2': 0.134, 'w3': 0.242, 'w4': 0.755, 'w5': 0.747, 'w6': 0.547, 'w7': 0.081, 'w8': 0.846, 'max_depth': 10, 'min_child_weight': 18, 'subsample': 0.8, 'colsample_bytree': 0.6000000000000001, 'gamma': 0.4}. Best is trial 796 with value: 0.5427258797393881.
[I 2023-10-19 03:05:47,911] Trial 1271 finished with value: 0.5349310968560309 and parameters: {'w0': 0.199, 'w1': 0.9410000000000001, 'w2': 0.085, 'w3': 0.244, 'w4': 0.752, 'w5': 0.746, 'w6': 0.47600000000000003, 'w7': 0.083, 'w8': 0.856, 'max_depth': 10, 'min_child_weight': 18, 'subsample': 0.7, 'colsample_bytree': 0.6000000000000001, 'gamma': 0.2}. Best is trial 796 with value: 0.5427258797393881.
[I 2023-10-19 03:06:06,097] Trial 1272 finished with value: 0.48810724320389526 and parameters: {'w0': 0.191, 'w1': 0.9530000000000001, 'w2': 0.081, 'w3': 0.28900000000000003, 'w4': 0.796, 'w5': 0.749, 'w6': 0.545, 'w7': 0.013000000000000001, 'w8': 0.903, 'max_depth': 9, 'min_child_weight': 18, 'subsample': 0.8, 'colsample_bytree': 0.6000000000000001, 'gamma': 0.2}. Best is trial 796 with value: 0.5427258797393881.
[I 2023-10-19 03:07:50,153] Trial 1273 finished with value: 0.5185895662617076 and parameters: {'w0': 0.191, 'w1': 0.9580000000000001, 'w2': 0.085, 'w3': 0.241, 'w4': 0.76, 'w5': 0.928, 'w6': 0.549, 'w7': 0.083, 'w8': 0.859, 'max_depth': 10, 'min_child_weight': 18, 'subsample': 0.5, 'colsample_bytree': 0.6000000000000001, 'gamma': 0.2}. Best is trial 796 with value: 0.5427258797393881.
[I 2023-10-19 03:09:44,150] Trial 1274 finished with value: 0.5320202511955698 and parameters: {'w0': 0.191, 'w1': 1.0, 'w2': 0.08600000000000001, 'w3': 0.23800000000000002, 'w4': 0.794, 'w5': 0.751, 'w6': 0.547, 'w7': 0.078, 'w8': 0.8130000000000001, 'max_depth': 9, 'min_child_weight': 18, 'subsample': 0.7, 'colsample_bytree': 0.6000000000000001, 'gamma': 0.2}. Best is trial 796 with value: 0.5427258797393881.
[I 2023-10-19 03:11:10,580] Trial 1275 finished with value: 0.5388678232815108 and parameters: {'w0': 0.188, 'w1': 0.962, 'w2': 0.092, 'w3': 0.23700000000000002, 'w4': 0.797, 'w5': 0.758, 'w6': 0.545, 'w7': 0.083, 'w8': 0.866, 'max_depth': 9, 'min_child_weight': 18, 'subsample': 0.9000000000000001, 'colsample_bytree': 0.6000000000000001, 'gamma': 0.2}. Best is trial 796 with value: 0.5427258797393881.
[I 2023-10-19 03:11:15,496] Trial 1276 finished with value: 0.5326673200650017 and parameters: {'w0': 0.192, 'w1': 0.9540000000000001, 'w2': 0.101, 'w3': 0.24000000000000002, 'w4': 0.8, 'w5': 0.764, 'w6': 0.54, 'w7': 0.081, 'w8': 0.9, 'max_depth': 9, 'min_child_weight': 18, 'subsample': 0.7, 'colsample_bytree': 0.6000000000000001, 'gamma': 0.2}. Best is trial 796 with value: 0.5427258797393881.
[I 2023-10-19 03:11:55,298] Trial 1277 finished with value: 0.5408499547261909 and parameters: {'w0': 0.195, 'w1': 0.998, 'w2': 0.08700000000000001, 'w3': 0.241, 'w4': 0.802, 'w5': 0.93, 'w6': 0.46900000000000003, 'w7': 0.08, 'w8': 0.843, 'max_depth': 9, 'min_child_weight': 18, 'subsample': 0.9000000000000001, 'colsample_bytree': 0.6000000000000001, 'gamma': 0.2}. Best is trial 796 with value: 0.5427258797393881.
[I 2023-10-19 03:15:43,635] Trial 1278 finished with value: 0.47662107557652916 and parameters: {'w0': 0.189, 'w1': 0.97, 'w2': 0.082, 'w3': 0.24000000000000002, 'w4': 0.796, 'w5': 0.768, 'w6': 0.535, 'w7': 0.506, 'w8': 0.84, 'max_depth': 10, 'min_child_weight': 18, 'subsample': 0.5, 'colsample_bytree': 0.6000000000000001, 'gamma': 0.2}. Best is trial 796 with value: 0.5427258797393881.
[I 2023-10-19 03:18:05,336] Trial 1280 finished with value: 0.5380626449154365 and parameters: {'w0': 0.188, 'w1': 0.842, 'w2': 0.08700000000000001, 'w3': 0.242, 'w4': 0.794, 'w5': 0.933, 'w6': 0.534, 'w7': 0.081, 'w8': 0.861, 'max_depth': 9, 'min_child_weight': 18, 'subsample': 0.9000000000000001, 'colsample_bytree': 0.6000000000000001, 'gamma': 0.2}. Best is trial 796 with value: 0.5427258797393881.
[I 2023-10-19 03:18:17,354] Trial 1285 finished with value: 0.48930119717949494 and parameters: {'w0': 0.154, 'w1': 0.9590000000000001, 'w2': 0.10500000000000001, 'w3': 0.242, 'w4': 0.795, 'w5': 0.928, 'w6': 0.541, 'w7': 0.082, 'w8': 0.066, 'max_depth': 9, 'min_child_weight': 18, 'subsample': 0.7, 'colsample_bytree': 0.6000000000000001, 'gamma': 0.2}. Best is trial 796 with value: 0.5427258797393881.
[I 2023-10-19 03:18:31,688] Trial 1281 finished with value: 0.5386480392523759 and parameters: {'w0': 0.151, 'w1': 0.9530000000000001, 'w2': 0.084, 'w3': 0.241, 'w4': 0.802, 'w5': 0.934, 'w6': 0.524, 'w7': 0.081, 'w8': 0.835, 'max_depth': 9, 'min_child_weight': 18, 'subsample': 0.9000000000000001, 'colsample_bytree': 0.6000000000000001, 'gamma': 0.2}. Best is trial 796 with value: 0.5427258797393881.
[I 2023-10-19 03:18:33,532] Trial 1279 finished with value: 0.5068178534799032 and parameters: {'w0': 0.19, 'w1': 0.962, 'w2': 0.717, 'w3': 0.23500000000000001, 'w4': 0.794, 'w5': 0.932, 'w6': 0.539, 'w7': 0.078, 'w8': 0.918, 'max_depth': 9, 'min_child_weight': 18, 'subsample': 0.7, 'colsample_bytree': 0.6000000000000001, 'gamma': 0.2}. Best is trial 796 with value: 0.5427258797393881.
[I 2023-10-19 03:19:04,387] Trial 1284 finished with value: 0.529767630340991 and parameters: {'w0': 0.151, 'w1': 0.97, 'w2': 0.089, 'w3': 0.23600000000000002, 'w4': 0.798, 'w5': 0.788, 'w6': 0.542, 'w7': 0.079, 'w8': 0.847, 'max_depth': 9, 'min_child_weight': 18, 'subsample': 0.7, 'colsample_bytree': 0.6000000000000001, 'gamma': 0.2}. Best is trial 796 with value: 0.5427258797393881.
[I 2023-10-19 03:19:08,600] Trial 1283 finished with value: 0.5286237077364706 and parameters: {'w0': 0.157, 'w1': 0.9600000000000001, 'w2': 0.184, 'w3': 0.23600000000000002, 'w4': 0.804, 'w5': 0.924, 'w6': 0.585, 'w7': 0.08, 'w8': 0.8140000000000001, 'max_depth': 9, 'min_child_weight': 18, 'subsample': 0.7, 'colsample_bytree': 0.6000000000000001, 'gamma': 0.2}. Best is trial 796 with value: 0.5427258797393881.
[I 2023-10-19 03:19:18,235] Trial 1282 finished with value: 0.53337620844809 and parameters: {'w0': 0.158, 'w1': 0.9440000000000001, 'w2': 0.089, 'w3': 0.23800000000000002, 'w4': 0.793, 'w5': 0.929, 'w6': 0.551, 'w7': 0.081, 'w8': 0.8200000000000001, 'max_depth': 10, 'min_child_weight': 18, 'subsample': 0.7, 'colsample_bytree': 0.6000000000000001, 'gamma': 0.2}. Best is trial 796 with value: 0.5427258797393881.
[I 2023-10-19 03:20:11,168] Trial 1286 finished with value: 0.5403879259728626 and parameters: {'w0': 0.16, 'w1': 0.969, 'w2': 0.10300000000000001, 'w3': 0.23500000000000001, 'w4': 0.795, 'w5': 0.922, 'w6': 0.533, 'w7': 0.08700000000000001, 'w8': 0.847, 'max_depth': 9, 'min_child_weight': 18, 'subsample': 0.9000000000000001, 'colsample_bytree': 0.6000000000000001, 'gamma': 0.2}. Best is trial 796 with value: 0.5427258797393881.
[I 2023-10-19 03:22:36,825] Trial 1287 finished with value: 0.5270399328562553 and parameters: {'w0': 0.156, 'w1': 0.9540000000000001, 'w2': 0.183, 'w3': 0.243, 'w4': 0.803, 'w5': 0.933, 'w6': 0.53, 'w7': 0.112, 'w8': 0.92, 'max_depth': 10, 'min_child_weight': 18, 'subsample': 0.5, 'colsample_bytree': 0.6000000000000001, 'gamma': 0.0}. Best is trial 796 with value: 0.5427258797393881.
[I 2023-10-19 03:24:43,850] Trial 1293 finished with value: 0.519714064681245 and parameters: {'w0': 0.233, 'w1': 0.978, 'w2': 0.069, 'w3': 0.245, 'w4': 0.8320000000000001, 'w5': 0.971, 'w6': 0.523, 'w7': 0.054, 'w8': 0.8220000000000001, 'max_depth': 8, 'min_child_weight': 18, 'subsample': 0.9000000000000001, 'colsample_bytree': 0.6000000000000001, 'gamma': 0.6000000000000001}. Best is trial 796 with value: 0.5427258797393881.
[I 2023-10-19 03:25:07,531] Trial 1288 finished with value: 0.5404693472743113 and parameters: {'w0': 0.168, 'w1': 0.844, 'w2': 0.185, 'w3': 0.242, 'w4': 0.794, 'w5': 0.798, 'w6': 0.5690000000000001, 'w7': 0.162, 'w8': 0.802, 'max_depth': 10, 'min_child_weight': 18, 'subsample': 0.9000000000000001, 'colsample_bytree': 0.6000000000000001, 'gamma': 0.0}. Best is trial 796 with value: 0.5427258797393881.
[I 2023-10-19 03:25:36,140] Trial 1289 finished with value: 0.5336972380292953 and parameters: {'w0': 0.148, 'w1': 0.842, 'w2': 0.192, 'w3': 0.242, 'w4': 0.791, 'w5': 0.795, 'w6': 0.526, 'w7': 0.111, 'w8': 0.799, 'max_depth': 9, 'min_child_weight': 18, 'subsample': 0.9000000000000001, 'colsample_bytree': 0.6000000000000001, 'gamma': 0.0}. Best is trial 796 with value: 0.5427258797393881.
[I 2023-10-19 03:26:02,910] Trial 1299 finished with value: 0.4648366219159782 and parameters: {'w0': 0.219, 'w1': 0.996, 'w2': 0.066, 'w3': 0.269, 'w4': 0.8250000000000001, 'w5': 0.9500000000000001, 'w6': 0.465, 'w7': 0.016, 'w8': 0.805, 'max_depth': 7, 'min_child_weight': 18, 'subsample': 0.9000000000000001, 'colsample_bytree': 0.6000000000000001, 'gamma': 3.0}. Best is trial 796 with value: 0.5427258797393881.
[I 2023-10-19 03:28:48,161] Trial 1290 finished with value: 0.5374693858970678 and parameters: {'w0': 0.154, 'w1': 0.846, 'w2': 0.151, 'w3': 0.23700000000000002, 'w4': 0.795, 'w5': 0.783, 'w6': 0.527, 'w7': 0.135, 'w8': 0.85, 'max_depth': 10, 'min_child_weight': 18, 'subsample': 0.9000000000000001, 'colsample_bytree': 0.6000000000000001, 'gamma': 0.0}. Best is trial 796 with value: 0.5427258797393881.
[I 2023-10-19 03:28:48,768] Trial 1294 finished with value: 0.5156459426350287 and parameters: {'w0': 0.228, 'w1': 0.995, 'w2': 0.109, 'w3': 0.317, 'w4': 0.836, 'w5': 0.934, 'w6': 0.46, 'w7': 0.051000000000000004, 'w8': 0.869, 'max_depth': 8, 'min_child_weight': 18, 'subsample': 0.9000000000000001, 'colsample_bytree': 0.6000000000000001, 'gamma': 0.6000000000000001}. Best is trial 796 with value: 0.5427258797393881.
[I 2023-10-19 03:30:24,218] Trial 1291 finished with value: 0.5306810934831828 and parameters: {'w0': 0.154, 'w1': 0.845, 'w2': 0.107, 'w3': 0.247, 'w4': 0.792, 'w5': 0.791, 'w6': 0.524, 'w7': 0.161, 'w8': 0.92, 'max_depth': 10, 'min_child_weight': 18, 'subsample': 0.9000000000000001, 'colsample_bytree': 0.6000000000000001, 'gamma': 0.0}. Best is trial 796 with value: 0.5427258797393881.
[I 2023-10-19 03:30:29,284] Trial 1292 finished with value: 0.5381962579432658 and parameters: {'w0': 0.152, 'w1': 0.841, 'w2': 0.188, 'w3': 0.244, 'w4': 0.788, 'w5': 0.794, 'w6': 0.517, 'w7': 0.116, 'w8': 0.926, 'max_depth': 10, 'min_child_weight': 18, 'subsample': 0.9000000000000001, 'colsample_bytree': 0.6000000000000001, 'gamma': 0.0}. Best is trial 796 with value: 0.5427258797393881.
[I 2023-10-19 03:30:53,860] Trial 1295 finished with value: 0.5197173887442631 and parameters: {'w0': 0.214, 'w1': 0.971, 'w2': 0.106, 'w3': 0.254, 'w4': 0.796, 'w5': 0.903, 'w6': 0.461, 'w7': 0.057, 'w8': 0.805, 'max_depth': 8, 'min_child_weight': 18, 'subsample': 0.9000000000000001, 'colsample_bytree': 0.6000000000000001, 'gamma': 0.6000000000000001}. Best is trial 796 with value: 0.5427258797393881.
[I 2023-10-19 03:31:35,377] Trial 1296 finished with value: 0.5233584150716029 and parameters: {'w0': 0.218, 'w1': 0.984, 'w2': 0.064, 'w3': 0.269, 'w4': 0.8270000000000001, 'w5': 0.93, 'w6': 0.465, 'w7': 0.056, 'w8': 0.851, 'max_depth': 9, 'min_child_weight': 18, 'subsample': 0.9000000000000001, 'colsample_bytree': 0.6000000000000001, 'gamma': 0.6000000000000001}. Best is trial 796 with value: 0.5427258797393881.
[I 2023-10-19 03:32:04,240] Trial 1297 finished with value: 0.48587468926464833 and parameters: {'w0': 0.231, 'w1': 0.985, 'w2': 0.066, 'w3': 0.265, 'w4': 0.8330000000000001, 'w5': 0.9600000000000001, 'w6': 0.524, 'w7': 0.016, 'w8': 0.855, 'max_depth': 9, 'min_child_weight': 18, 'subsample': 0.9000000000000001, 'colsample_bytree': 0.6000000000000001, 'gamma': 0.6000000000000001}. Best is trial 796 with value: 0.5427258797393881.
[I 2023-10-19 03:32:16,982] Trial 1298 finished with value: 0.5222119742433197 and parameters: {'w0': 0.213, 'w1': 0.994, 'w2': 0.069, 'w3': 0.27, 'w4': 0.8280000000000001, 'w5': 0.962, 'w6': 0.46900000000000003, 'w7': 0.056, 'w8': 0.799, 'max_depth': 10, 'min_child_weight': 18, 'subsample': 0.9000000000000001, 'colsample_bytree': 0.6000000000000001, 'gamma': 0.6000000000000001}. Best is trial 796 with value: 0.5427258797393881.
[I 2023-10-19 03:32:31,661] Trial 1301 finished with value: 0.5217032683305104 and parameters: {'w0': 0.221, 'w1': 1.0, 'w2': 0.063, 'w3': 0.267, 'w4': 0.8170000000000001, 'w5': 0.919, 'w6': 0.46900000000000003, 'w7': 0.053000000000000005, 'w8': 0.849, 'max_depth': 8, 'min_child_weight': 18, 'subsample': 0.9000000000000001, 'colsample_bytree': 0.6000000000000001, 'gamma': 0.6000000000000001}. Best is trial 796 with value: 0.5427258797393881.
[I 2023-10-19 03:32:42,622] Trial 1300 finished with value: 0.5222422870162834 and parameters: {'w0': 0.242, 'w1': 0.93, 'w2': 0.065, 'w3': 0.269, 'w4': 0.8170000000000001, 'w5': 0.9560000000000001, 'w6': 0.5720000000000001, 'w7': 0.055, 'w8': 0.836, 'max_depth': 8, 'min_child_weight': 18, 'subsample': 0.9000000000000001, 'colsample_bytree': 0.6000000000000001, 'gamma': 0.6000000000000001}. Best is trial 796 with value: 0.5427258797393881.
[I 2023-10-19 03:33:51,679] Trial 1302 finished with value: 0.5183008856190323 and parameters: {'w0': 0.23, 'w1': 0.994, 'w2': 0.11, 'w3': 0.268, 'w4': 0.8320000000000001, 'w5': 0.9550000000000001, 'w6': 0.459, 'w7': 0.053000000000000005, 'w8': 0.8270000000000001, 'max_depth': 9, 'min_child_weight': 18, 'subsample': 0.9000000000000001, 'colsample_bytree': 0.6000000000000001, 'gamma': 0.6000000000000001}. Best is trial 796 with value: 0.5427258797393881.
[I 2023-10-19 03:35:02,011] Trial 1309 finished with value: 0.4695672802256658 and parameters: {'w0': 0.217, 'w1': 0.98, 'w2': 0.108, 'w3': 0.263, 'w4': 0.838, 'w5': 0.915, 'w6': 0.582, 'w7': 0.051000000000000004, 'w8': 0.803, 'max_depth': 9, 'min_child_weight': 18, 'subsample': 1.0, 'colsample_bytree': 0.6000000000000001, 'gamma': 6.2}. Best is trial 796 with value: 0.5427258797393881.
