[I 2023-10-19 20:10:41,273] Trial 443 finished with value: 0.46928894058862825 and parameters: {'w0': 0.198, 'w1': 0.9400000000000001, 'w2': 0.07, 'w3': 0.28600000000000003, 'w4': 0.9390000000000001, 'w5': 0.982, 'w6': 0.23600000000000002, 'w7': 0.184, 'w8': 0.6960000000000001, 'max_depth': 5, 'min_child_weight': 16, 'subsample': 0.8, 'colsample_bytree': 0.9000000000000001, 'gamma': 0.8}. Best is trial 401 with value: 0.509487480687081.
[I 2023-10-19 20:13:13,231] Trial 444 finished with value: 0.4833903924152209 and parameters: {'w0': 0.199, 'w1': 0.937, 'w2': 0.112, 'w3': 0.245, 'w4': 0.9490000000000001, 'w5': 0.981, 'w6': 0.275, 'w7': 0.185, 'w8': 0.6960000000000001, 'max_depth': 5, 'min_child_weight': 16, 'subsample': 0.8, 'colsample_bytree': 0.9000000000000001, 'gamma': 0.8}. Best is trial 401 with value: 0.509487480687081.
[I 2023-10-19 20:13:30,738] Trial 446 finished with value: 0.45328105818669184 and parameters: {'w0': 0.161, 'w1': 0.9400000000000001, 'w2': 0.030000000000000002, 'w3': 0.47000000000000003, 'w4': 0.9540000000000001, 'w5': 0.978, 'w6': 0.228, 'w7': 0.134, 'w8': 0.6880000000000001, 'max_depth': 5, 'min_child_weight': 16, 'subsample': 0.8, 'colsample_bytree': 0.9000000000000001, 'gamma': 0.8}. Best is trial 401 with value: 0.509487480687081.
[I 2023-10-19 20:13:59,923] Trial 445 finished with value: 0.4792727834407595 and parameters: {'w0': 0.16, 'w1': 0.9460000000000001, 'w2': 0.10200000000000001, 'w3': 0.47000000000000003, 'w4': 0.9550000000000001, 'w5': 0.981, 'w6': 0.269, 'w7': 0.185, 'w8': 0.6940000000000001, 'max_depth': 5, 'min_child_weight': 16, 'subsample': 0.8, 'colsample_bytree': 0.9000000000000001, 'gamma': 0.8}. Best is trial 401 with value: 0.509487480687081.
[I 2023-10-19 20:15:30,741] Trial 448 finished with value: 0.47554266039704135 and parameters: {'w0': 0.157, 'w1': 0.9400000000000001, 'w2': 0.07100000000000001, 'w3': 0.5, 'w4': 0.9560000000000001, 'w5': 0.973, 'w6': 0.23900000000000002, 'w7': 0.128, 'w8': 0.6970000000000001, 'max_depth': 9, 'min_child_weight': 16, 'subsample': 0.8, 'colsample_bytree': 0.9000000000000001, 'gamma': 0.8}. Best is trial 401 with value: 0.509487480687081.
[I 2023-10-19 20:17:44,075] Trial 447 finished with value: 0.47481448649731073 and parameters: {'w0': 0.156, 'w1': 0.9470000000000001, 'w2': 0.558, 'w3': 0.504, 'w4': 0.899, 'w5': 0.979, 'w6': 0.221, 'w7': 0.128, 'w8': 0.6900000000000001, 'max_depth': 9, 'min_child_weight': 16, 'subsample': 0.8, 'colsample_bytree': 0.9000000000000001, 'gamma': 0.8}. Best is trial 401 with value: 0.509487480687081.
[I 2023-10-19 20:18:23,619] Trial 449 finished with value: 0.5023684312153969 and parameters: {'w0': 0.16, 'w1': 0.9490000000000001, 'w2': 0.165, 'w3': 0.496, 'w4': 0.901, 'w5': 0.98, 'w6': 0.228, 'w7': 0.131, 'w8': 0.6930000000000001, 'max_depth': 9, 'min_child_weight': 16, 'subsample': 0.8, 'colsample_bytree': 0.9000000000000001, 'gamma': 0.6000000000000001}. Best is trial 401 with value: 0.509487480687081.
[I 2023-10-19 20:18:25,947] Trial 460 finished with value: 0.448608386642898 and parameters: {'w0': 0.157, 'w1': 0.9580000000000001, 'w2': 0.162, 'w3': 0.125, 'w4': 0.9, 'w5': 0.97, 'w6': 0.322, 'w7': 0.131, 'w8': 0.737, 'max_depth': 9, 'min_child_weight': 16, 'subsample': 0.8, 'colsample_bytree': 0.9000000000000001, 'gamma': 7.800000000000001}. Best is trial 401 with value: 0.509487480687081.
[I 2023-10-19 20:18:44,713] Trial 450 finished with value: 0.5082713609550005 and parameters: {'w0': 0.162, 'w1': 0.9400000000000001, 'w2': 0.157, 'w3': 0.501, 'w4': 0.902, 'w5': 0.978, 'w6': 0.323, 'w7': 0.129, 'w8': 0.686, 'max_depth': 9, 'min_child_weight': 16, 'subsample': 0.8, 'colsample_bytree': 0.9000000000000001, 'gamma': 0.6000000000000001}. Best is trial 401 with value: 0.509487480687081.
[I 2023-10-19 20:19:14,444] Trial 453 finished with value: 0.42225116926146294 and parameters: {'w0': 0.157, 'w1': 0.9400000000000001, 'w2': 0.02, 'w3': 0.114, 'w4': 0.129, 'w5': 0.978, 'w6': 0.23800000000000002, 'w7': 0.184, 'w8': 0.737, 'max_depth': 9, 'min_child_weight': 16, 'subsample': 0.8, 'colsample_bytree': 0.9000000000000001, 'gamma': 0.6000000000000001}. Best is trial 401 with value: 0.509487480687081.
[I 2023-10-19 20:19:29,105] Trial 451 finished with value: 0.49827738579135583 and parameters: {'w0': 0.158, 'w1': 0.9500000000000001, 'w2': 0.157, 'w3': 0.498, 'w4': 0.897, 'w5': 0.976, 'w6': 0.231, 'w7': 0.183, 'w8': 0.736, 'max_depth': 9, 'min_child_weight': 16, 'subsample': 0.8, 'colsample_bytree': 0.9000000000000001, 'gamma': 0.6000000000000001}. Best is trial 401 with value: 0.509487480687081.
[I 2023-10-19 20:20:16,411] Trial 452 finished with value: 0.4756399775986989 and parameters: {'w0': 0.16, 'w1': 0.9410000000000001, 'w2': 0.08, 'w3': 0.501, 'w4': 0.9, 'w5': 0.98, 'w6': 0.233, 'w7': 0.186, 'w8': 0.683, 'max_depth': 9, 'min_child_weight': 16, 'subsample': 0.8, 'colsample_bytree': 0.9000000000000001, 'gamma': 0.6000000000000001}. Best is trial 401 with value: 0.509487480687081.
[I 2023-10-19 20:21:06,321] Trial 455 finished with value: 0.47652414998378845 and parameters: {'w0': 0.151, 'w1': 0.9490000000000001, 'w2': 0.053000000000000005, 'w3': 0.134, 'w4': 0.899, 'w5': 0.973, 'w6': 0.323, 'w7': 0.129, 'w8': 0.685, 'max_depth': 9, 'min_child_weight': 16, 'subsample': 0.8, 'colsample_bytree': 0.9000000000000001, 'gamma': 0.6000000000000001}. Best is trial 401 with value: 0.509487480687081.
[I 2023-10-19 20:21:26,095] Trial 454 finished with value: 0.4990534176489197 and parameters: {'w0': 0.159, 'w1': 0.9420000000000001, 'w2': 0.162, 'w3': 0.503, 'w4': 0.9, 'w5': 0.978, 'w6': 0.229, 'w7': 0.187, 'w8': 0.737, 'max_depth': 9, 'min_child_weight': 16, 'subsample': 0.8, 'colsample_bytree': 0.9000000000000001, 'gamma': 0.6000000000000001}. Best is trial 401 with value: 0.509487480687081.
[I 2023-10-19 20:22:06,195] Trial 457 finished with value: 0.48726159902507316 and parameters: {'w0': 0.154, 'w1': 0.9500000000000001, 'w2': 0.161, 'w3': 0.115, 'w4': 0.898, 'w5': 0.07100000000000001, 'w6': 0.317, 'w7': 0.126, 'w8': 0.738, 'max_depth': 9, 'min_child_weight': 16, 'subsample': 0.8, 'colsample_bytree': 0.9000000000000001, 'gamma': 0.6000000000000001}. Best is trial 401 with value: 0.509487480687081.
[I 2023-10-19 20:23:06,533] Trial 459 finished with value: 0.4806551670225343 and parameters: {'w0': 0.157, 'w1': 0.9560000000000001, 'w2': 0.162, 'w3': 0.101, 'w4': 0.899, 'w5': 0.978, 'w6': 0.322, 'w7': 0.051000000000000004, 'w8': 0.737, 'max_depth': 9, 'min_child_weight': 16, 'subsample': 0.8, 'colsample_bytree': 0.9000000000000001, 'gamma': 0.6000000000000001}. Best is trial 401 with value: 0.509487480687081.
[I 2023-10-19 20:24:12,185] Trial 458 finished with value: 0.5006482232262682 and parameters: {'w0': 0.159, 'w1': 0.9560000000000001, 'w2': 0.164, 'w3': 0.496, 'w4': 0.898, 'w5': 0.974, 'w6': 0.32, 'w7': 0.12000000000000001, 'w8': 0.742, 'max_depth': 9, 'min_child_weight': 16, 'subsample': 0.8, 'colsample_bytree': 0.9000000000000001, 'gamma': 0.6000000000000001}. Best is trial 401 with value: 0.509487480687081.
[I 2023-10-19 20:25:27,181] Trial 456 finished with value: 0.45122983708179554 and parameters: {'w0': 0.156, 'w1': 0.9480000000000001, 'w2': 0.166, 'w3': 0.147, 'w4': 0.9, 'w5': 0.967, 'w6': 0.321, 'w7': 0.556, 'w8': 0.737, 'max_depth': 9, 'min_child_weight': 16, 'subsample': 0.8, 'colsample_bytree': 0.9000000000000001, 'gamma': 0.6000000000000001}. Best is trial 401 with value: 0.509487480687081.
[I 2023-10-19 20:26:42,445] Trial 461 finished with value: 0.49699975757175413 and parameters: {'w0': 0.157, 'w1': 0.999, 'w2': 0.161, 'w3': 0.108, 'w4': 0.901, 'w5': 0.969, 'w6': 0.325, 'w7': 0.12000000000000001, 'w8': 0.737, 'max_depth': 9, 'min_child_weight': 16, 'subsample': 0.8, 'colsample_bytree': 0.9000000000000001, 'gamma': 0.6000000000000001}. Best is trial 401 with value: 0.509487480687081.
[I 2023-10-19 20:26:44,663] Trial 462 finished with value: 0.47679507879847105 and parameters: {'w0': 0.153, 'w1': 0.9600000000000001, 'w2': 0.159, 'w3': 0.097, 'w4': 0.898, 'w5': 0.962, 'w6': 0.323, 'w7': 0.046, 'w8': 0.74, 'max_depth': 9, 'min_child_weight': 16, 'subsample': 0.8, 'colsample_bytree': 0.9000000000000001, 'gamma': 0.6000000000000001}. Best is trial 401 with value: 0.509487480687081.
[I 2023-10-19 20:28:54,742] Trial 463 finished with value: 0.5029132403885517 and parameters: {'w0': 0.155, 'w1': 0.9580000000000001, 'w2': 0.166, 'w3': 0.494, 'w4': 0.899, 'w5': 0.964, 'w6': 0.318, 'w7': 0.122, 'w8': 0.737, 'max_depth': 9, 'min_child_weight': 16, 'subsample': 0.8, 'colsample_bytree': 0.9000000000000001, 'gamma': 0.6000000000000001}. Best is trial 401 with value: 0.509487480687081.
[I 2023-10-19 20:29:58,043] Trial 475 finished with value: 0.4787266029047412 and parameters: {'w0': 0.133, 'w1': 0.971, 'w2': 0.135, 'w3': 0.525, 'w4': 0.918, 'w5': 0.918, 'w6': 0.307, 'w7': 0.14, 'w8': 0.753, 'max_depth': 9, 'min_child_weight': 14, 'subsample': 0.8, 'colsample_bytree': 0.9000000000000001, 'gamma': 4.800000000000001}. Best is trial 401 with value: 0.509487480687081.
[I 2023-10-19 20:30:38,554] Trial 464 finished with value: 0.5018052866062117 and parameters: {'w0': 0.153, 'w1': 1.0, 'w2': 0.159, 'w3': 0.08800000000000001, 'w4': 0.901, 'w5': 0.9570000000000001, 'w6': 0.322, 'w7': 0.121, 'w8': 0.738, 'max_depth': 9, 'min_child_weight': 16, 'subsample': 0.8, 'colsample_bytree': 0.9000000000000001, 'gamma': 0.6000000000000001}. Best is trial 401 with value: 0.509487480687081.
[I 2023-10-19 20:30:47,593] Trial 465 finished with value: 0.4764856687920317 and parameters: {'w0': 0.14, 'w1': 0.9590000000000001, 'w2': 0.165, 'w3': 0.123, 'w4': 0.115, 'w5': 0.9600000000000001, 'w6': 0.322, 'w7': 0.12000000000000001, 'w8': 0.741, 'max_depth': 9, 'min_child_weight': 16, 'subsample': 0.8, 'colsample_bytree': 0.9000000000000001, 'gamma': 0.6000000000000001}. Best is trial 401 with value: 0.509487480687081.
[I 2023-10-19 20:31:04,351] Trial 467 finished with value: 0.45192317916134594 and parameters: {'w0': 0.146, 'w1': 0.9570000000000001, 'w2': 0.163, 'w3': 0.484, 'w4': 0.184, 'w5': 0.9580000000000001, 'w6': 0.311, 'w7': 0.043000000000000003, 'w8': 0.743, 'max_depth': 9, 'min_child_weight': 16, 'subsample': 0.8, 'colsample_bytree': 0.9000000000000001, 'gamma': 0.6000000000000001}. Best is trial 401 with value: 0.509487480687081.
[I 2023-10-19 20:32:26,844] Trial 466 finished with value: 0.4830351934183932 and parameters: {'w0': 0.139, 'w1': 0.998, 'w2': 0.153, 'w3': 0.10400000000000001, 'w4': 0.898, 'w5': 0.923, 'w6': 0.322, 'w7': 0.044000000000000004, 'w8': 0.736, 'max_depth': 9, 'min_child_weight': 16, 'subsample': 0.8, 'colsample_bytree': 0.9000000000000001, 'gamma': 0.4}. Best is trial 401 with value: 0.509487480687081.
[I 2023-10-19 20:33:56,475] Trial 469 finished with value: 0.4836672249235602 and parameters: {'w0': 0.139, 'w1': 1.0, 'w2': 0.161, 'w3': 0.332, 'w4': 0.918, 'w5': 0.92, 'w6': 0.312, 'w7': 0.045, 'w8': 0.741, 'max_depth': 9, 'min_child_weight': 16, 'subsample': 0.8, 'colsample_bytree': 0.9000000000000001, 'gamma': 0.4}. Best is trial 401 with value: 0.509487480687081.
[I 2023-10-19 20:34:32,684] Trial 468 finished with value: 0.5021543029170388 and parameters: {'w0': 0.14200000000000002, 'w1': 0.9580000000000001, 'w2': 0.165, 'w3': 0.124, 'w4': 0.896, 'w5': 0.92, 'w6': 0.31, 'w7': 0.121, 'w8': 0.74, 'max_depth': 9, 'min_child_weight': 16, 'subsample': 0.8, 'colsample_bytree': 0.9000000000000001, 'gamma': 0.4}. Best is trial 401 with value: 0.509487480687081.
[I 2023-10-19 20:35:26,357] Trial 471 finished with value: 0.48496206858764157 and parameters: {'w0': 0.138, 'w1': 0.998, 'w2': 0.158, 'w3': 0.075, 'w4': 0.924, 'w5': 0.923, 'w6': 0.318, 'w7': 0.05, 'w8': 0.743, 'max_depth': 9, 'min_child_weight': 14, 'subsample': 0.8, 'colsample_bytree': 0.9000000000000001, 'gamma': 0.4}. Best is trial 401 with value: 0.509487480687081.
[I 2023-10-19 20:35:55,930] Trial 470 finished with value: 0.5025567014438007 and parameters: {'w0': 0.15, 'w1': 0.966, 'w2': 0.159, 'w3': 0.962, 'w4': 0.919, 'w5': 0.924, 'w6': 0.319, 'w7': 0.115, 'w8': 0.737, 'max_depth': 9, 'min_child_weight': 16, 'subsample': 0.8, 'colsample_bytree': 0.9000000000000001, 'gamma': 0.4}. Best is trial 401 with value: 0.509487480687081.
[I 2023-10-19 20:36:29,285] Trial 472 finished with value: 0.4999444440678908 and parameters: {'w0': 0.14100000000000001, 'w1': 0.998, 'w2': 0.163, 'w3': 0.07, 'w4': 0.922, 'w5': 0.924, 'w6': 0.321, 'w7': 0.114, 'w8': 0.739, 'max_depth': 9, 'min_child_weight': 14, 'subsample': 0.8, 'colsample_bytree': 0.9000000000000001, 'gamma': 0.4}. Best is trial 401 with value: 0.509487480687081.
[I 2023-10-19 20:37:11,795] Trial 473 finished with value: 0.49900569135658407 and parameters: {'w0': 0.136, 'w1': 0.996, 'w2': 0.163, 'w3': 0.085, 'w4': 0.915, 'w5': 0.9600000000000001, 'w6': 0.316, 'w7': 0.114, 'w8': 0.744, 'max_depth': 9, 'min_child_weight': 14, 'subsample': 0.8, 'colsample_bytree': 0.9000000000000001, 'gamma': 0.4}. Best is trial 401 with value: 0.509487480687081.
[I 2023-10-19 20:38:16,177] Trial 474 finished with value: 0.5022677534727662 and parameters: {'w0': 0.136, 'w1': 0.998, 'w2': 0.16, 'w3': 0.158, 'w4': 0.919, 'w5': 0.9530000000000001, 'w6': 0.309, 'w7': 0.115, 'w8': 0.748, 'max_depth': 9, 'min_child_weight': 14, 'subsample': 0.8, 'colsample_bytree': 0.9000000000000001, 'gamma': 0.4}. Best is trial 401 with value: 0.509487480687081.
[I 2023-10-19 20:40:27,446] Trial 476 finished with value: 0.4960881135853772 and parameters: {'w0': 0.14, 'w1': 0.967, 'w2': 0.138, 'w3': 0.069, 'w4': 0.922, 'w5': 0.932, 'w6': 0.305, 'w7': 0.14400000000000002, 'w8': 0.755, 'max_depth': 9, 'min_child_weight': 14, 'subsample': 0.8, 'colsample_bytree': 0.9000000000000001, 'gamma': 0.4}. Best is trial 401 with value: 0.509487480687081.
[I 2023-10-19 20:40:49,659] Trial 487 finished with value: 0.3982776846158919 and parameters: {'w0': 0.841, 'w1': 0.924, 'w2': 0.129, 'w3': 0.157, 'w4': 0.917, 'w5': 1.0, 'w6': 0.29, 'w7': 0.14100000000000001, 'w8': 0.758, 'max_depth': 9, 'min_child_weight': 16, 'subsample': 0.8, 'colsample_bytree': 0.9000000000000001, 'gamma': 9.0}. Best is trial 401 with value: 0.509487480687081.
[I 2023-10-19 20:42:18,898] Trial 478 finished with value: 0.49733626795581126 and parameters: {'w0': 0.136, 'w1': 0.999, 'w2': 0.133, 'w3': 0.075, 'w4': 0.919, 'w5': 0.919, 'w6': 0.305, 'w7': 0.14400000000000002, 'w8': 0.755, 'max_depth': 9, 'min_child_weight': 14, 'subsample': 0.8, 'colsample_bytree': 0.9000000000000001, 'gamma': 0.4}. Best is trial 401 with value: 0.509487480687081.
[I 2023-10-19 20:42:28,828] Trial 477 finished with value: 0.501611824350365 and parameters: {'w0': 0.14, 'w1': 0.967, 'w2': 0.139, 'w3': 0.47800000000000004, 'w4': 0.921, 'w5': 0.919, 'w6': 0.306, 'w7': 0.14200000000000002, 'w8': 0.753, 'max_depth': 9, 'min_child_weight': 14, 'subsample': 0.8, 'colsample_bytree': 0.9000000000000001, 'gamma': 0.4}. Best is trial 401 with value: 0.509487480687081.
[I 2023-10-19 20:43:44,892] Trial 479 finished with value: 0.4975543947447817 and parameters: {'w0': 0.14, 'w1': 0.999, 'w2': 0.135, 'w3': 0.083, 'w4': 0.917, 'w5': 0.931, 'w6': 0.3, 'w7': 0.14300000000000002, 'w8': 0.763, 'max_depth': 9, 'min_child_weight': 14, 'subsample': 0.8, 'colsample_bytree': 0.9000000000000001, 'gamma': 0.4}. Best is trial 401 with value: 0.509487480687081.
[I 2023-10-19 20:45:13,735] Trial 484 finished with value: 0.5012830158386035 and parameters: {'w0': 0.136, 'w1': 0.926, 'w2': 0.134, 'w3': 0.526, 'w4': 0.923, 'w5': 0.355, 'w6': 0.295, 'w7': 0.14500000000000002, 'w8': 0.766, 'max_depth': 6, 'min_child_weight': 14, 'subsample': 0.8, 'colsample_bytree': 0.9000000000000001, 'gamma': 0.4}. Best is trial 401 with value: 0.509487480687081.
[I 2023-10-19 20:45:40,646] Trial 483 finished with value: 0.49504908459613073 and parameters: {'w0': 0.134, 'w1': 0.163, 'w2': 0.139, 'w3': 0.525, 'w4': 0.917, 'w5': 0.921, 'w6': 0.28500000000000003, 'w7': 0.14200000000000002, 'w8': 0.765, 'max_depth': 9, 'min_child_weight': 14, 'subsample': 0.8, 'colsample_bytree': 0.9000000000000001, 'gamma': 0.4}. Best is trial 401 with value: 0.509487480687081.
[I 2023-10-19 20:45:40,917] Trial 481 finished with value: 0.49457567604443464 and parameters: {'w0': 0.137, 'w1': 1.0, 'w2': 0.094, 'w3': 0.34900000000000003, 'w4': 0.924, 'w5': 0.9440000000000001, 'w6': 0.28800000000000003, 'w7': 0.14400000000000002, 'w8': 0.76, 'max_depth': 9, 'min_child_weight': 14, 'subsample': 0.8, 'colsample_bytree': 0.9000000000000001, 'gamma': 0.4}. Best is trial 401 with value: 0.509487480687081.
[I 2023-10-19 20:45:49,383] Trial 480 finished with value: 0.5033649203628153 and parameters: {'w0': 0.139, 'w1': 0.994, 'w2': 0.136, 'w3': 0.53, 'w4': 0.922, 'w5': 0.925, 'w6': 0.28900000000000003, 'w7': 0.139, 'w8': 0.761, 'max_depth': 9, 'min_child_weight': 14, 'subsample': 0.8, 'colsample_bytree': 0.9000000000000001, 'gamma': 0.4}. Best is trial 401 with value: 0.509487480687081.
[I 2023-10-19 20:46:35,361] Trial 482 finished with value: 0.5035342372664371 and parameters: {'w0': 0.135, 'w1': 0.999, 'w2': 0.133, 'w3': 0.527, 'w4': 0.918, 'w5': 0.937, 'w6': 0.28200000000000003, 'w7': 0.14500000000000002, 'w8': 0.761, 'max_depth': 9, 'min_child_weight': 14, 'subsample': 0.8, 'colsample_bytree': 0.9000000000000001, 'gamma': 0.4}. Best is trial 401 with value: 0.509487480687081.
[I 2023-10-19 20:49:33,704] Trial 485 finished with value: 0.5004822384191373 and parameters: {'w0': 0.13, 'w1': 0.925, 'w2': 0.135, 'w3': 0.528, 'w4': 0.924, 'w5': 0.9380000000000001, 'w6': 0.28800000000000003, 'w7': 0.14400000000000002, 'w8': 0.769, 'max_depth': 9, 'min_child_weight': 14, 'subsample': 0.8, 'colsample_bytree': 0.9000000000000001, 'gamma': 0.4}. Best is trial 401 with value: 0.509487480687081.
[I 2023-10-19 20:49:55,106] Trial 490 finished with value: 0.5016609382968826 and parameters: {'w0': 0.215, 'w1': 0.918, 'w2': 0.135, 'w3': 0.53, 'w4': 0.922, 'w5': 0.999, 'w6': 0.28, 'w7': 0.139, 'w8': 0.765, 'max_depth': 6, 'min_child_weight': 16, 'subsample': 0.8, 'colsample_bytree': 0.9000000000000001, 'gamma': 0.2}. Best is trial 401 with value: 0.509487480687081.
[I 2023-10-19 20:50:30,620] Trial 486 finished with value: 0.5051725390446044 and parameters: {'w0': 0.135, 'w1': 0.979, 'w2': 0.132, 'w3': 0.523, 'w4': 0.926, 'w5': 0.9380000000000001, 'w6': 0.28900000000000003, 'w7': 0.139, 'w8': 0.77, 'max_depth': 9, 'min_child_weight': 14, 'subsample': 0.8, 'colsample_bytree': 0.9000000000000001, 'gamma': 0.4}. Best is trial 401 with value: 0.509487480687081.
[I 2023-10-19 20:51:06,634] Trial 498 finished with value: 0.4604506051980625 and parameters: {'w0': 0.20900000000000002, 'w1': 0.922, 'w2': 0.10300000000000001, 'w3': 0.549, 'w4': 0.88, 'w5': 1.0, 'w6': 0.281, 'w7': 0.109, 'w8': 0.723, 'max_depth': 9, 'min_child_weight': 16, 'subsample': 0.8, 'colsample_bytree': 0.9000000000000001, 'gamma': 6.0}. Best is trial 401 with value: 0.509487480687081.
[I 2023-10-19 20:51:53,146] Trial 491 finished with value: 0.43073215003518894 and parameters: {'w0': 0.20700000000000002, 'w1': 0.925, 'w2': 0.135, 'w3': 0.531, 'w4': 0.927, 'w5': 0.26, 'w6': 0.297, 'w7': 0.862, 'w8': 0.765, 'max_depth': 9, 'min_child_weight': 16, 'subsample': 0.8, 'colsample_bytree': 0.9000000000000001, 'gamma': 1.0}. Best is trial 401 with value: 0.509487480687081.
[I 2023-10-19 20:52:04,795] Trial 489 finished with value: 0.4967850583112751 and parameters: {'w0': 0.214, 'w1': 0.925, 'w2': 0.132, 'w3': 0.549, 'w4': 0.916, 'w5': 0.253, 'w6': 0.28800000000000003, 'w7': 0.14200000000000002, 'w8': 0.764, 'max_depth': 9, 'min_child_weight': 16, 'subsample': 0.8, 'colsample_bytree': 0.9000000000000001, 'gamma': 0.2}. Best is trial 401 with value: 0.509487480687081.
[I 2023-10-19 20:52:07,000] Trial 488 finished with value: 0.5001367757376319 and parameters: {'w0': 0.20800000000000002, 'w1': 0.921, 'w2': 0.136, 'w3': 0.154, 'w4': 0.921, 'w5': 0.9410000000000001, 'w6': 0.333, 'w7': 0.14100000000000001, 'w8': 0.768, 'max_depth': 9, 'min_child_weight': 14, 'subsample': 0.8, 'colsample_bytree': 0.9000000000000001, 'gamma': 0.2}. Best is trial 401 with value: 0.509487480687081.
[I 2023-10-19 20:52:17,010] Trial 496 finished with value: 0.4772086334021083 and parameters: {'w0': 0.179, 'w1': 0.919, 'w2': 0.098, 'w3': 0.525, 'w4': 0.883, 'w5': 0.34400000000000003, 'w6': 0.34, 'w7': 0.14200000000000002, 'w8': 0.718, 'max_depth': 6, 'min_child_weight': 16, 'subsample': 0.8, 'colsample_bytree': 0.6000000000000001, 'gamma': 1.0}. Best is trial 401 with value: 0.509487480687081.
[I 2023-10-19 20:52:49,865] Trial 495 finished with value: 0.463867986132772 and parameters: {'w0': 0.20900000000000002, 'w1': 0.922, 'w2': 0.099, 'w3': 0.529, 'w4': 0.243, 'w5': 0.9460000000000001, 'w6': 0.295, 'w7': 0.14500000000000002, 'w8': 0.771, 'max_depth': 9, 'min_child_weight': 16, 'subsample': 0.8, 'colsample_bytree': 0.9000000000000001, 'gamma': 1.0}. Best is trial 401 with value: 0.509487480687081.
[I 2023-10-19 20:53:16,426] Trial 492 finished with value: 0.49271208601081373 and parameters: {'w0': 0.17400000000000002, 'w1': 0.923, 'w2': 0.099, 'w3': 0.527, 'w4': 0.88, 'w5': 0.9410000000000001, 'w6': 0.28900000000000003, 'w7': 0.147, 'w8': 0.78, 'max_depth': 6, 'min_child_weight': 16, 'subsample': 0.8, 'colsample_bytree': 0.9000000000000001, 'gamma': 0.2}. Best is trial 401 with value: 0.509487480687081.
[I 2023-10-19 20:55:39,546] Trial 497 finished with value: 0.49716001463405657 and parameters: {'w0': 0.217, 'w1': 0.973, 'w2': 0.091, 'w3': 0.55, 'w4': 0.885, 'w5': 1.0, 'w6': 0.28700000000000003, 'w7': 0.1, 'w8': 0.77, 'max_depth': 9, 'min_child_weight': 16, 'subsample': 0.8, 'colsample_bytree': 0.9000000000000001, 'gamma': 1.0}. Best is trial 401 with value: 0.509487480687081.
