[I 2023-10-19 16:02:17,128] Trial 164 finished with value: 0.4718253225956497 and parameters: {'w0': 0.505, 'w1': 0.73, 'w2': 0.268, 'w3': 0.6880000000000001, 'w4': 0.523, 'w5': 0.712, 'w6': 0.605, 'w7': 0.163, 'w8': 0.9470000000000001, 'max_depth': 8, 'min_child_weight': 2, 'subsample': 0.2, 'colsample_bytree': 1.0, 'gamma': 3.0}. Best is trial 155 with value: 0.48862214434043444.
[I 2023-10-19 16:02:59,473] Trial 165 finished with value: 0.4746189349256086 and parameters: {'w0': 0.381, 'w1': 0.531, 'w2': 0.161, 'w3': 0.7010000000000001, 'w4': 0.52, 'w5': 0.711, 'w6': 0.61, 'w7': 0.11800000000000001, 'w8': 0.908, 'max_depth': 8, 'min_child_weight': 2, 'subsample': 0.2, 'colsample_bytree': 1.0, 'gamma': 3.0}. Best is trial 155 with value: 0.48862214434043444.
[I 2023-10-19 16:03:25,006] Trial 166 finished with value: 0.45545278802893424 and parameters: {'w0': 0.19, 'w1': 0.536, 'w2': 0.165, 'w3': 0.6950000000000001, 'w4': 0.524, 'w5': 0.838, 'w6': 0.604, 'w7': 0.309, 'w8': 0.903, 'max_depth': 8, 'min_child_weight': 2, 'subsample': 0.2, 'colsample_bytree': 1.0, 'gamma': 3.0}. Best is trial 155 with value: 0.48862214434043444.
[I 2023-10-19 16:05:46,379] Trial 172 finished with value: 0.4711589897758852 and parameters: {'w0': 0.188, 'w1': 0.5660000000000001, 'w2': 0.262, 'w3': 0.683, 'w4': 0.708, 'w5': 0.927, 'w6': 0.808, 'w7': 0.302, 'w8': 0.9440000000000001, 'max_depth': 8, 'min_child_weight': 2, 'subsample': 0.30000000000000004, 'colsample_bytree': 1.0, 'gamma': 6.0}. Best is trial 155 with value: 0.48862214434043444.
[I 2023-10-19 16:11:48,714] Trial 179 finished with value: 0.4803930481113066 and parameters: {'w0': 0.402, 'w1': 0.5640000000000001, 'w2': 0.35200000000000004, 'w3': 0.617, 'w4': 0.71, 'w5': 0.68, 'w6': 0.787, 'w7': 0.227, 'w8': 0.9470000000000001, 'max_depth': 8, 'min_child_weight': 0, 'subsample': 0.30000000000000004, 'colsample_bytree': 0.4, 'gamma': 2.6}. Best is trial 155 with value: 0.48862214434043444.
[I 2023-10-19 16:12:34,605] Trial 167 finished with value: 0.4683335289434696 and parameters: {'w0': 0.378, 'w1': 0.543, 'w2': 0.163, 'w3': 0.683, 'w4': 0.522, 'w5': 0.8170000000000001, 'w6': 0.376, 'w7': 0.304, 'w8': 0.9460000000000001, 'max_depth': 8, 'min_child_weight': 2, 'subsample': 0.30000000000000004, 'colsample_bytree': 1.0, 'gamma': 1.2000000000000002}. Best is trial 155 with value: 0.48862214434043444.
[I 2023-10-19 16:12:55,851] Trial 171 finished with value: 0.481845579567507 and parameters: {'w0': 0.189, 'w1': 0.522, 'w2': 0.278, 'w3': 0.621, 'w4': 0.5650000000000001, 'w5': 0.715, 'w6': 0.38, 'w7': 0.129, 'w8': 0.40700000000000003, 'max_depth': 8, 'min_child_weight': 2, 'subsample': 0.30000000000000004, 'colsample_bytree': 1.0, 'gamma': 1.2000000000000002}. Best is trial 155 with value: 0.48862214434043444.
[I 2023-10-19 16:13:30,144] Trial 168 finished with value: 0.48075288567077895 and parameters: {'w0': 0.372, 'w1': 0.533, 'w2': 0.265, 'w3': 0.68, 'w4': 0.706, 'w5': 0.708, 'w6': 0.798, 'w7': 0.305, 'w8': 0.911, 'max_depth': 8, 'min_child_weight': 2, 'subsample': 0.30000000000000004, 'colsample_bytree': 1.0, 'gamma': 1.2000000000000002}. Best is trial 155 with value: 0.48862214434043444.
[I 2023-10-19 16:14:06,120] Trial 170 finished with value: 0.4845195323047727 and parameters: {'w0': 0.188, 'w1': 0.537, 'w2': 0.273, 'w3': 0.623, 'w4': 0.5690000000000001, 'w5': 0.711, 'w6': 0.371, 'w7': 0.309, 'w8': 0.908, 'max_depth': 8, 'min_child_weight': 2, 'subsample': 0.30000000000000004, 'colsample_bytree': 1.0, 'gamma': 1.2000000000000002}. Best is trial 155 with value: 0.48862214434043444.
[I 2023-10-19 16:14:58,126] Trial 175 finished with value: 0.4803693745135777 and parameters: {'w0': 0.18, 'w1': 0.5690000000000001, 'w2': 0.34600000000000003, 'w3': 0.614, 'w4': 0.706, 'w5': 0.92, 'w6': 0.797, 'w7': 0.306, 'w8': 0.9480000000000001, 'max_depth': 8, 'min_child_weight': 0, 'subsample': 0.30000000000000004, 'colsample_bytree': 1.0, 'gamma': 2.2}. Best is trial 155 with value: 0.48862214434043444.
[I 2023-10-19 16:15:03,542] Trial 177 finished with value: 0.4837753095754308 and parameters: {'w0': 0.201, 'w1': 0.5660000000000001, 'w2': 0.278, 'w3': 0.5730000000000001, 'w4': 0.5680000000000001, 'w5': 0.837, 'w6': 0.791, 'w7': 0.131, 'w8': 0.9430000000000001, 'max_depth': 8, 'min_child_weight': 2, 'subsample': 0.30000000000000004, 'colsample_bytree': 0.4, 'gamma': 1.2000000000000002}. Best is trial 155 with value: 0.48862214434043444.
[I 2023-10-19 16:15:17,409] Trial 173 finished with value: 0.4603121034137712 and parameters: {'w0': 0.40800000000000003, 'w1': 0.561, 'w2': 0.276, 'w3': 0.645, 'w4': 0.707, 'w5': 0.638, 'w6': 0.556, 'w7': 0.048, 'w8': 0.405, 'max_depth': 8, 'min_child_weight': 2, 'subsample': 0.30000000000000004, 'colsample_bytree': 1.0, 'gamma': 1.2000000000000002}. Best is trial 155 with value: 0.48862214434043444.
[I 2023-10-19 16:18:13,314] Trial 176 finished with value: 0.4797497999268082 and parameters: {'w0': 0.185, 'w1': 0.56, 'w2': 0.265, 'w3': 0.686, 'w4': 0.556, 'w5': 0.901, 'w6': 0.558, 'w7': 0.312, 'w8': 0.9490000000000001, 'max_depth': 8, 'min_child_weight': 2, 'subsample': 0.30000000000000004, 'colsample_bytree': 1.0, 'gamma': 1.2000000000000002}. Best is trial 155 with value: 0.48862214434043444.
[I 2023-10-19 16:19:32,022] Trial 174 finished with value: 0.48570674919250945 and parameters: {'w0': 0.20600000000000002, 'w1': 0.562, 'w2': 0.272, 'w3': 0.705, 'w4': 0.5700000000000001, 'w5': 0.913, 'w6': 0.801, 'w7': 0.125, 'w8': 0.654, 'max_depth': 8, 'min_child_weight': 2, 'subsample': 0.30000000000000004, 'colsample_bytree': 1.0, 'gamma': 0.2}. Best is trial 155 with value: 0.48862214434043444.
[I 2023-10-19 16:24:01,249] Trial 178 finished with value: 0.47994931768960647 and parameters: {'w0': 0.41400000000000003, 'w1': 0.5650000000000001, 'w2': 0.34900000000000003, 'w3': 0.619, 'w4': 0.5660000000000001, 'w5': 0.912, 'w6': 0.363, 'w7': 0.229, 'w8': 0.9420000000000001, 'max_depth': 8, 'min_child_weight': 0, 'subsample': 0.30000000000000004, 'colsample_bytree': 1.0, 'gamma': 1.2000000000000002}. Best is trial 155 with value: 0.48862214434043444.
[I 2023-10-19 16:25:14,981] Trial 182 finished with value: 0.4838227909136136 and parameters: {'w0': 0.41000000000000003, 'w1': 0.5680000000000001, 'w2': 0.308, 'w3': 0.619, 'w4': 0.717, 'w5': 0.9, 'w6': 0.547, 'w7': 0.226, 'w8': 0.9440000000000001, 'max_depth': 8, 'min_child_weight': 0, 'subsample': 0.30000000000000004, 'colsample_bytree': 1.0, 'gamma': 1.2000000000000002}. Best is trial 155 with value: 0.48862214434043444.
[I 2023-10-19 16:28:36,256] Trial 187 finished with value: 0.4680721394239001 and parameters: {'w0': 0.40700000000000003, 'w1': 0.494, 'w2': 0.305, 'w3': 0.445, 'w4': 0.592, 'w5': 0.903, 'w6': 0.5700000000000001, 'w7': 0.218, 'w8': 0.983, 'max_depth': 9, 'min_child_weight': 14, 'subsample': 0.30000000000000004, 'colsample_bytree': 1.0, 'gamma': 0.2}. Best is trial 155 with value: 0.48862214434043444.
[I 2023-10-19 16:28:49,381] Trial 188 finished with value: 0.48358988548981713 and parameters: {'w0': 0.418, 'w1': 0.505, 'w2': 0.3, 'w3': 0.578, 'w4': 0.593, 'w5': 0.897, 'w6': 0.5690000000000001, 'w7': 0.213, 'w8': 0.994, 'max_depth': 9, 'min_child_weight': 0, 'subsample': 0.30000000000000004, 'colsample_bytree': 1.0, 'gamma': 2.2}. Best is trial 155 with value: 0.48862214434043444.
[I 2023-10-19 16:32:04,255] Trial 194 finished with value: 0.4653543155433979 and parameters: {'w0': 0.226, 'w1': 0.499, 'w2': 0.313, 'w3': 0.5760000000000001, 'w4': 0.591, 'w5': 0.9470000000000001, 'w6': 0.35100000000000003, 'w7': 0.214, 'w8': 0.984, 'max_depth': 9, 'min_child_weight': 0, 'subsample': 1.0, 'colsample_bytree': 0.3, 'gamma': 0.2}. Best is trial 155 with value: 0.48862214434043444.
[I 2023-10-19 16:33:18,909] Trial 185 finished with value: 0.48048830049718155 and parameters: {'w0': 0.41000000000000003, 'w1': 0.489, 'w2': 0.318, 'w3': 0.5680000000000001, 'w4': 0.999, 'w5': 0.964, 'w6': 0.5650000000000001, 'w7': 0.134, 'w8': 0.999, 'max_depth': 8, 'min_child_weight': 0, 'subsample': 0.30000000000000004, 'colsample_bytree': 1.0, 'gamma': 1.2000000000000002}. Best is trial 155 with value: 0.48862214434043444.
[I 2023-10-19 16:33:41,941] Trial 181 finished with value: 0.45997803009190946 and parameters: {'w0': 0.4, 'w1': 0.492, 'w2': 0.34800000000000003, 'w3': 0.5750000000000001, 'w4': 0.5630000000000001, 'w5': 0.903, 'w6': 0.792, 'w7': 0.032, 'w8': 0.9470000000000001, 'max_depth': 8, 'min_child_weight': 0, 'subsample': 0.30000000000000004, 'colsample_bytree': 1.0, 'gamma': 0.2}. Best is trial 155 with value: 0.48862214434043444.
[I 2023-10-19 16:34:06,401] Trial 180 finished with value: 0.47386169399402744 and parameters: {'w0': 0.40800000000000003, 'w1': 0.557, 'w2': 0.34600000000000003, 'w3': 0.684, 'w4': 0.71, 'w5': 0.897, 'w6': 0.8, 'w7': 0.114, 'w8': 0.9470000000000001, 'max_depth': 8, 'min_child_weight': 0, 'subsample': 0.30000000000000004, 'colsample_bytree': 1.0, 'gamma': 0.2}. Best is trial 155 with value: 0.48862214434043444.
[I 2023-10-19 16:34:41,419] Trial 183 finished with value: 0.4585823328081905 and parameters: {'w0': 0.40900000000000003, 'w1': 0.5650000000000001, 'w2': 0.291, 'w3': 0.622, 'w4': 0.6990000000000001, 'w5': 0.926, 'w6': 0.5720000000000001, 'w7': 0.038, 'w8': 0.9460000000000001, 'max_depth': 8, 'min_child_weight': 0, 'subsample': 0.30000000000000004, 'colsample_bytree': 1.0, 'gamma': 0.2}. Best is trial 155 with value: 0.48862214434043444.
[I 2023-10-19 16:35:25,470] Trial 192 finished with value: 0.48160126702142336 and parameters: {'w0': 0.20700000000000002, 'w1': 0.498, 'w2': 0.312, 'w3': 0.438, 'w4': 0.595, 'w5': 0.748, 'w6': 0.355, 'w7': 0.222, 'w8': 0.659, 'max_depth': 8, 'min_child_weight': 0, 'subsample': 0.30000000000000004, 'colsample_bytree': 0.6000000000000001, 'gamma': 0.8}. Best is trial 155 with value: 0.48862214434043444.
[I 2023-10-19 16:36:38,108] Trial 195 finished with value: 0.49225454641239585 and parameters: {'w0': 0.159, 'w1': 0.492, 'w2': 0.308, 'w3': 0.5770000000000001, 'w4': 0.607, 'w5': 0.882, 'w6': 0.5750000000000001, 'w7': 0.214, 'w8': 0.593, 'max_depth': 9, 'min_child_weight': 12, 'subsample': 1.0, 'colsample_bytree': 1.0, 'gamma': 0.2}. Best is trial 195 with value: 0.49225454641239585.
[I 2023-10-19 16:37:01,476] Trial 186 finished with value: 0.4767479974559423 and parameters: {'w0': 0.41200000000000003, 'w1': 0.47300000000000003, 'w2': 0.301, 'w3': 0.5730000000000001, 'w4': 0.5740000000000001, 'w5': 0.906, 'w6': 0.5700000000000001, 'w7': 0.133, 'w8': 0.845, 'max_depth': 9, 'min_child_weight': 0, 'subsample': 0.30000000000000004, 'colsample_bytree': 1.0, 'gamma': 1.0}. Best is trial 195 with value: 0.49225454641239585.
[I 2023-10-19 16:37:13,691] Trial 184 finished with value: 0.46176004219239025 and parameters: {'w0': 0.405, 'w1': 0.47500000000000003, 'w2': 0.35100000000000003, 'w3': 0.616, 'w4': 0.5710000000000001, 'w5': 0.634, 'w6': 0.552, 'w7': 0.037000000000000005, 'w8': 0.846, 'max_depth': 8, 'min_child_weight': 0, 'subsample': 0.30000000000000004, 'colsample_bytree': 1.0, 'gamma': 0.2}. Best is trial 195 with value: 0.49225454641239585.
[I 2023-10-19 16:38:13,286] Trial 189 finished with value: 0.47797006073951803 and parameters: {'w0': 0.166, 'w1': 0.494, 'w2': 0.309, 'w3': 0.619, 'w4': 0.614, 'w5': 0.627, 'w6': 0.342, 'w7': 0.21, 'w8': 0.851, 'max_depth': 8, 'min_child_weight': 0, 'subsample': 0.30000000000000004, 'colsample_bytree': 1.0, 'gamma': 0.8}. Best is trial 195 with value: 0.49225454641239585.
[I 2023-10-19 16:38:50,245] Trial 190 finished with value: 0.47997237507341456 and parameters: {'w0': 0.41600000000000004, 'w1': 0.503, 'w2': 0.302, 'w3': 0.718, 'w4': 0.604, 'w5': 0.632, 'w6': 0.321, 'w7': 0.228, 'w8': 0.985, 'max_depth': 8, 'min_child_weight': 0, 'subsample': 0.30000000000000004, 'colsample_bytree': 1.0, 'gamma': 1.0}. Best is trial 195 with value: 0.49225454641239585.
[I 2023-10-19 16:38:57,991] Trial 191 finished with value: 0.46790014178653055 and parameters: {'w0': 0.133, 'w1': 0.496, 'w2': 0.308, 'w3': 0.5710000000000001, 'w4': 0.583, 'w5': 0.632, 'w6': 0.259, 'w7': 0.213, 'w8': 0.841, 'max_depth': 8, 'min_child_weight': 0, 'subsample': 0.30000000000000004, 'colsample_bytree': 0.4, 'gamma': 0.2}. Best is trial 195 with value: 0.49225454641239585.
[I 2023-10-19 16:44:33,242] Trial 202 finished with value: 0.4478547614489074 and parameters: {'w0': 0.216, 'w1': 0.686, 'w2': 0.295, 'w3': 0.603, 'w4': 0.621, 'w5': 0.871, 'w6': 0.507, 'w7': 0.28300000000000003, 'w8': 0.068, 'max_depth': 9, 'min_child_weight': 0, 'subsample': 0.8, 'colsample_bytree': 0.5, 'gamma': 1.0}. Best is trial 195 with value: 0.49225454641239585.
[I 2023-10-19 16:45:22,194] Trial 203 finished with value: 0.4601859957350051 and parameters: {'w0': 0.153, 'w1': 0.093, 'w2': 0.296, 'w3': 0.747, 'w4': 0.626, 'w5': 0.866, 'w6': 0.543, 'w7': 0.201, 'w8': 0.85, 'max_depth': 9, 'min_child_weight': 0, 'subsample': 0.8, 'colsample_bytree': 0.4, 'gamma': 0.8}. Best is trial 195 with value: 0.49225454641239585.
[I 2023-10-19 16:48:01,527] Trial 201 finished with value: 0.4812109957499906 and parameters: {'w0': 0.154, 'w1': 0.511, 'w2': 0.293, 'w3': 0.747, 'w4': 0.551, 'w5': 0.886, 'w6': 0.503, 'w7': 0.215, 'w8': 0.638, 'max_depth': 9, 'min_child_weight': 0, 'subsample': 0.8, 'colsample_bytree': 1.0, 'gamma': 0.8}. Best is trial 195 with value: 0.49225454641239585.
[I 2023-10-19 16:48:24,553] Trial 209 finished with value: 0.48455117511179335 and parameters: {'w0': 0.137, 'w1': 0.6950000000000001, 'w2': 0.28700000000000003, 'w3': 0.598, 'w4': 0.549, 'w5': 0.879, 'w6': 0.5, 'w7': 0.20600000000000002, 'w8': 0.636, 'max_depth': 9, 'min_child_weight': 0, 'subsample': 0.4, 'colsample_bytree': 1.0, 'gamma': 2.8000000000000003}. Best is trial 195 with value: 0.49225454641239585.
[I 2023-10-19 16:48:47,960] Trial 196 finished with value: 0.4684520333457584 and parameters: {'w0': 0.124, 'w1': 0.481, 'w2': 0.301, 'w3': 0.5750000000000001, 'w4': 0.593, 'w5': 0.9530000000000001, 'w6': 0.34400000000000003, 'w7': 0.20900000000000002, 'w8': 1.0, 'max_depth': 8, 'min_child_weight': 0, 'subsample': 0.30000000000000004, 'colsample_bytree': 0.4, 'gamma': 0.2}. Best is trial 195 with value: 0.49225454641239585.
[I 2023-10-19 16:49:53,529] Trial 210 finished with value: 0.4556687818903253 and parameters: {'w0': 0.162, 'w1': 0.598, 'w2': 0.252, 'w3': 0.601, 'w4': 0.662, 'w5': 0.861, 'w6': 0.499, 'w7': 0.28200000000000003, 'w8': 0.615, 'max_depth': 9, 'min_child_weight': 16, 'subsample': 0.30000000000000004, 'colsample_bytree': 0.5, 'gamma': 1.6}. Best is trial 195 with value: 0.49225454641239585.
[I 2023-10-19 16:50:14,571] Trial 205 finished with value: 0.48795458111270235 and parameters: {'w0': 0.156, 'w1': 0.465, 'w2': 0.28800000000000003, 'w3': 0.746, 'w4': 0.62, 'w5': 0.834, 'w6': 0.28400000000000003, 'w7': 0.20600000000000002, 'w8': 0.5630000000000001, 'max_depth': 9, 'min_child_weight': 14, 'subsample': 0.8, 'colsample_bytree': 1.0, 'gamma': 0.8}. Best is trial 195 with value: 0.49225454641239585.
[I 2023-10-19 16:50:18,441] Trial 208 finished with value: 0.4323636331964491 and parameters: {'w0': 0.08600000000000001, 'w1': 0.015, 'w2': 0.28900000000000003, 'w3': 0.595, 'w4': 0.633, 'w5': 0.87, 'w6': 0.626, 'w7': 0.28200000000000003, 'w8': 0.645, 'max_depth': 9, 'min_child_weight': 12, 'subsample': 0.30000000000000004, 'colsample_bytree': 0.3, 'gamma': 0.8}. Best is trial 195 with value: 0.49225454641239585.
[I 2023-10-19 16:50:30,192] Trial 197 finished with value: 0.46934835680778453 and parameters: {'w0': 0.14300000000000002, 'w1': 0.505, 'w2': 0.31, 'w3': 0.5750000000000001, 'w4': 0.618, 'w5': 0.88, 'w6': 0.544, 'w7': 0.20800000000000002, 'w8': 1.0, 'max_depth': 8, 'min_child_weight': 0, 'subsample': 0.30000000000000004, 'colsample_bytree': 0.3, 'gamma': 0.2}. Best is trial 195 with value: 0.49225454641239585.
[I 2023-10-19 16:50:59,229] Trial 207 finished with value: 0.4771097353272728 and parameters: {'w0': 0.117, 'w1': 0.513, 'w2': 0.29, 'w3': 0.712, 'w4': 0.629, 'w5': 0.885, 'w6': 0.318, 'w7': 0.227, 'w8': 0.591, 'max_depth': 9, 'min_child_weight': 0, 'subsample': 0.8, 'colsample_bytree': 1.0, 'gamma': 0.8}. Best is trial 195 with value: 0.49225454641239585.
[I 2023-10-19 16:51:39,867] Trial 200 finished with value: 0.4689195575586625 and parameters: {'w0': 0.16, 'w1': 0.47200000000000003, 'w2': 0.294, 'w3': 0.715, 'w4': 0.55, 'w5': 0.881, 'w6': 0.317, 'w7': 0.213, 'w8': 0.667, 'max_depth': 9, 'min_child_weight': 0, 'subsample': 0.30000000000000004, 'colsample_bytree': 0.4, 'gamma': 0.8}. Best is trial 195 with value: 0.49225454641239585.
[I 2023-10-19 16:52:12,023] Trial 193 finished with value: 0.43930481530357834 and parameters: {'w0': 0.161, 'w1': 0.49, 'w2': 0.291, 'w3': 0.5730000000000001, 'w4': 0.6, 'w5': 0.967, 'w6': 0.312, 'w7': 0.20600000000000002, 'w8': 0.024, 'max_depth': 9, 'min_child_weight': 0, 'subsample': 0.30000000000000004, 'colsample_bytree': 1.0, 'gamma': 0.2}. Best is trial 195 with value: 0.49225454641239585.
[I 2023-10-19 16:52:22,411] Trial 198 finished with value: 0.48852338955582386 and parameters: {'w0': 0.137, 'w1': 0.501, 'w2': 0.298, 'w3': 0.5760000000000001, 'w4': 0.59, 'w5': 0.748, 'w6': 0.334, 'w7': 0.133, 'w8': 0.664, 'max_depth': 9, 'min_child_weight': 0, 'subsample': 0.30000000000000004, 'colsample_bytree': 1.0, 'gamma': 0.8}. Best is trial 195 with value: 0.49225454641239585.
[I 2023-10-19 16:52:28,635] Trial 211 finished with value: 0.49467134708985594 and parameters: {'w0': 0.327, 'w1': 0.512, 'w2': 0.249, 'w3': 0.597, 'w4': 0.669, 'w5': 0.875, 'w6': 0.635, 'w7': 0.23600000000000002, 'w8': 0.589, 'max_depth': 9, 'min_child_weight': 12, 'subsample': 0.9000000000000001, 'colsample_bytree': 1.0, 'gamma': 1.6}. Best is trial 211 with value: 0.49467134708985594.
[I 2023-10-19 16:53:05,216] Trial 204 finished with value: 0.4745949039272751 and parameters: {'w0': 0.137, 'w1': 0.6900000000000001, 'w2': 0.29, 'w3': 0.746, 'w4': 0.546, 'w5': 0.878, 'w6': 0.318, 'w7': 0.20400000000000001, 'w8': 0.601, 'max_depth': 9, 'min_child_weight': 0, 'subsample': 0.30000000000000004, 'colsample_bytree': 0.4, 'gamma': 0.8}. Best is trial 211 with value: 0.49467134708985594.
[I 2023-10-19 16:53:35,710] Trial 206 finished with value: 0.4815321739238941 and parameters: {'w0': 0.169, 'w1': 0.6890000000000001, 'w2': 0.295, 'w3': 0.603, 'w4': 0.545, 'w5': 0.873, 'w6': 0.508, 'w7': 0.20600000000000002, 'w8': 0.625, 'max_depth': 9, 'min_child_weight': 0, 'subsample': 0.30000000000000004, 'colsample_bytree': 1.0, 'gamma': 1.6}. Best is trial 211 with value: 0.49467134708985594.
[I 2023-10-19 16:55:19,390] Trial 199 finished with value: 0.4896702584701 and parameters: {'w0': 0.157, 'w1': 0.47200000000000003, 'w2': 0.303, 'w3': 0.5750000000000001, 'w4': 0.616, 'w5': 0.878, 'w6': 0.341, 'w7': 0.138, 'w8': 0.66, 'max_depth': 9, 'min_child_weight': 0, 'subsample': 0.30000000000000004, 'colsample_bytree': 1.0, 'gamma': 0.8}. Best is trial 211 with value: 0.49467134708985594.
[I 2023-10-19 16:55:21,278] Trial 215 finished with value: 0.4755191395527791 and parameters: {'w0': 0.093, 'w1': 0.706, 'w2': 0.252, 'w3': 0.657, 'w4': 0.47700000000000004, 'w5': 0.8260000000000001, 'w6': 0.636, 'w7': 0.23700000000000002, 'w8': 0.592, 'max_depth': 9, 'min_child_weight': 4, 'subsample': 0.9000000000000001, 'colsample_bytree': 1.0, 'gamma': 2.6}. Best is trial 211 with value: 0.49467134708985594.
[I 2023-10-19 16:56:08,975] Trial 219 finished with value: 0.46265438182027235 and parameters: {'w0': 0.10500000000000001, 'w1': 0.446, 'w2': 0.258, 'w3': 0.716, 'w4': 0.544, 'w5': 0.835, 'w6': 0.397, 'w7': 0.23700000000000002, 'w8': 0.581, 'max_depth': 9, 'min_child_weight': 12, 'subsample': 1.0, 'colsample_bytree': 1.0, 'gamma': 2.6}. Best is trial 211 with value: 0.49467134708985594.
[I 2023-10-19 16:57:55,263] Trial 222 finished with value: 0.4753008279215282 and parameters: {'w0': 0.20500000000000002, 'w1': 0.7010000000000001, 'w2': 0.258, 'w3': 0.651, 'w4': 0.484, 'w5': 0.835, 'w6': 0.4, 'w7': 0.244, 'w8': 0.5680000000000001, 'max_depth': 9, 'min_child_weight': 12, 'subsample': 1.0, 'colsample_bytree': 1.0, 'gamma': 2.8000000000000003}. Best is trial 211 with value: 0.49467134708985594.
[I 2023-10-19 16:58:32,243] Trial 217 finished with value: 0.4818078029685464 and parameters: {'w0': 0.10400000000000001, 'w1': 0.7040000000000001, 'w2': 0.252, 'w3': 0.72, 'w4': 0.47700000000000004, 'w5': 0.835, 'w6': 0.23600000000000002, 'w7': 0.23900000000000002, 'w8': 0.591, 'max_depth': 9, 'min_child_weight': 12, 'subsample': 1.0, 'colsample_bytree': 1.0, 'gamma': 0.4}. Best is trial 211 with value: 0.49467134708985594.
[I 2023-10-19 16:58:44,147] Trial 218 finished with value: 0.47515321483819367 and parameters: {'w0': 0.09, 'w1': 0.6980000000000001, 'w2': 0.20900000000000002, 'w3': 0.722, 'w4': 0.494, 'w5': 0.8310000000000001, 'w6': 0.634, 'w7': 0.23700000000000002, 'w8': 0.583, 'max_depth': 9, 'min_child_weight': 14, 'subsample': 1.0, 'colsample_bytree': 1.0, 'gamma': 0.4}. Best is trial 211 with value: 0.49467134708985594.
[I 2023-10-19 16:58:45,760] Trial 224 finished with value: 0.46493246226900703 and parameters: {'w0': 0.327, 'w1': 0.452, 'w2': 0.254, 'w3': 0.646, 'w4': 0.487, 'w5': 0.674, 'w6': 0.203, 'w7': 0.23600000000000002, 'w8': 0.5740000000000001, 'max_depth': 9, 'min_child_weight': 12, 'subsample': 0.9000000000000001, 'colsample_bytree': 1.0, 'gamma': 2.6}. Best is trial 211 with value: 0.49467134708985594.
[I 2023-10-19 17:00:05,412] Trial 226 finished with value: 0.47942322965235673 and parameters: {'w0': 0.324, 'w1': 0.623, 'w2': 0.255, 'w3': 0.657, 'w4': 0.675, 'w5': 0.678, 'w6': 0.28600000000000003, 'w7': 0.254, 'w8': 0.5750000000000001, 'max_depth': 9, 'min_child_weight': 12, 'subsample': 0.9000000000000001, 'colsample_bytree': 1.0, 'gamma': 2.6}. Best is trial 211 with value: 0.49467134708985594.
