[I 2023-10-19 01:06:25,750] Trial 1143 finished with value: 0.5396379592011151 and parameters: {'w0': 0.14300000000000002, 'w1': 0.6970000000000001, 'w2': 0.117, 'w3': 0.213, 'w4': 0.8270000000000001, 'w5': 0.89, 'w6': 0.76, 'w7': 0.11800000000000001, 'w8': 0.983, 'max_depth': 9, 'min_child_weight': 16, 'subsample': 0.8, 'colsample_bytree': 0.6000000000000001, 'gamma': 0.2}. Best is trial 796 with value: 0.5427258797393881.
[I 2023-10-19 01:06:32,951] Trial 1141 finished with value: 0.5351812886721984 and parameters: {'w0': 0.251, 'w1': 0.8, 'w2': 0.10400000000000001, 'w3': 0.211, 'w4': 0.8280000000000001, 'w5': 0.914, 'w6': 0.549, 'w7': 0.115, 'w8': 0.979, 'max_depth': 10, 'min_child_weight': 16, 'subsample': 0.8, 'colsample_bytree': 0.6000000000000001, 'gamma': 0.2}. Best is trial 796 with value: 0.5427258797393881.
[I 2023-10-19 01:06:35,375] Trial 1147 finished with value: 0.5019757877647544 and parameters: {'w0': 0.13, 'w1': 0.003, 'w2': 0.11900000000000001, 'w3': 0.607, 'w4': 0.746, 'w5': 0.884, 'w6': 0.422, 'w7': 0.14300000000000002, 'w8': 0.973, 'max_depth': 8, 'min_child_weight': 16, 'subsample': 0.8, 'colsample_bytree': 0.6000000000000001, 'gamma': 0.0}. Best is trial 796 with value: 0.5427258797393881.
[I 2023-10-19 01:07:35,941] Trial 1144 finished with value: 0.5245271854638056 and parameters: {'w0': 0.134, 'w1': 0.528, 'w2': 0.109, 'w3': 0.21, 'w4': 0.8230000000000001, 'w5': 0.8310000000000001, 'w6': 0.152, 'w7': 0.14500000000000002, 'w8': 0.978, 'max_depth': 10, 'min_child_weight': 16, 'subsample': 0.8, 'colsample_bytree': 0.6000000000000001, 'gamma': 0.0}. Best is trial 796 with value: 0.5427258797393881.
[I 2023-10-19 01:08:18,682] Trial 1156 finished with value: 0.5290848462281054 and parameters: {'w0': 0.13, 'w1': 0.846, 'w2': 0.123, 'w3': 0.157, 'w4': 0.748, 'w5': 0.759, 'w6': 0.5630000000000001, 'w7': 0.066, 'w8': 0.933, 'max_depth': 5, 'min_child_weight': 18, 'subsample': 0.9000000000000001, 'colsample_bytree': 0.6000000000000001, 'gamma': 0.0}. Best is trial 796 with value: 0.5427258797393881.
[I 2023-10-19 01:09:11,305] Trial 1145 finished with value: 0.5387326433240005 and parameters: {'w0': 0.132, 'w1': 0.854, 'w2': 0.12000000000000001, 'w3': 0.20900000000000002, 'w4': 0.8270000000000001, 'w5': 0.882, 'w6': 0.423, 'w7': 0.137, 'w8': 0.979, 'max_depth': 10, 'min_child_weight': 16, 'subsample': 0.8, 'colsample_bytree': 0.6000000000000001, 'gamma': 0.0}. Best is trial 796 with value: 0.5427258797393881.
[I 2023-10-19 01:09:19,584] Trial 1146 finished with value: 0.5351124413346904 and parameters: {'w0': 0.133, 'w1': 0.804, 'w2': 0.116, 'w3': 0.20600000000000002, 'w4': 0.8250000000000001, 'w5': 0.834, 'w6': 0.425, 'w7': 0.14300000000000002, 'w8': 0.977, 'max_depth': 10, 'min_child_weight': 16, 'subsample': 0.8, 'colsample_bytree': 0.6000000000000001, 'gamma': 0.0}. Best is trial 796 with value: 0.5427258797393881.
[I 2023-10-19 01:10:06,516] Trial 1148 finished with value: 0.530259818768212 and parameters: {'w0': 0.132, 'w1': 0.855, 'w2': 0.11900000000000001, 'w3': 0.079, 'w4': 0.858, 'w5': 0.765, 'w6': 0.562, 'w7': 0.14400000000000002, 'w8': 0.982, 'max_depth': 10, 'min_child_weight': 16, 'subsample': 0.9000000000000001, 'colsample_bytree': 0.6000000000000001, 'gamma': 0.0}. Best is trial 796 with value: 0.5427258797393881.
[I 2023-10-19 01:10:07,779] Trial 1149 finished with value: 0.5353002368310826 and parameters: {'w0': 0.132, 'w1': 0.86, 'w2': 0.12000000000000001, 'w3': 0.20600000000000002, 'w4': 0.748, 'w5': 0.76, 'w6': 0.5710000000000001, 'w7': 0.136, 'w8': 0.9380000000000001, 'max_depth': 10, 'min_child_weight': 18, 'subsample': 0.9000000000000001, 'colsample_bytree': 0.6000000000000001, 'gamma': 0.0}. Best is trial 796 with value: 0.5427258797393881.
[I 2023-10-19 01:10:23,618] Trial 1150 finished with value: 0.5361559354706381 and parameters: {'w0': 0.13, 'w1': 0.854, 'w2': 0.125, 'w3': 0.20400000000000001, 'w4': 0.753, 'w5': 0.882, 'w6': 0.256, 'w7': 0.14500000000000002, 'w8': 0.934, 'max_depth': 10, 'min_child_weight': 18, 'subsample': 0.8, 'colsample_bytree': 0.6000000000000001, 'gamma': 0.0}. Best is trial 796 with value: 0.5427258797393881.
[I 2023-10-19 01:11:16,103] Trial 1151 finished with value: 0.5408965171410341 and parameters: {'w0': 0.132, 'w1': 0.852, 'w2': 0.115, 'w3': 0.21, 'w4': 0.86, 'w5': 0.876, 'w6': 0.6940000000000001, 'w7': 0.14200000000000002, 'w8': 0.9380000000000001, 'max_depth': 10, 'min_child_weight': 18, 'subsample': 0.9000000000000001, 'colsample_bytree': 0.6000000000000001, 'gamma': 0.0}. Best is trial 796 with value: 0.5427258797393881.
[I 2023-10-19 01:12:57,686] Trial 1157 finished with value: 0.4839526969248868 and parameters: {'w0': 0.131, 'w1': 0.8130000000000001, 'w2': 0.058, 'w3': 0.065, 'w4': 0.749, 'w5': 0.759, 'w6': 0.738, 'w7': 0.14, 'w8': 0.433, 'max_depth': 10, 'min_child_weight': 18, 'subsample': 0.4, 'colsample_bytree': 0.6000000000000001, 'gamma': 0.0}. Best is trial 796 with value: 0.5427258797393881.
[I 2023-10-19 01:13:00,118] Trial 1152 finished with value: 0.536248904931168 and parameters: {'w0': 0.131, 'w1': 0.854, 'w2': 0.125, 'w3': 0.21, 'w4': 0.853, 'w5': 0.763, 'w6': 0.5700000000000001, 'w7': 0.14100000000000001, 'w8': 0.934, 'max_depth': 10, 'min_child_weight': 18, 'subsample': 0.9000000000000001, 'colsample_bytree': 0.6000000000000001, 'gamma': 0.0}. Best is trial 796 with value: 0.5427258797393881.
[I 2023-10-19 01:13:18,135] Trial 1154 finished with value: 0.5336562009684281 and parameters: {'w0': 0.127, 'w1': 0.8130000000000001, 'w2': 0.125, 'w3': 0.153, 'w4': 0.747, 'w5': 0.761, 'w6': 0.559, 'w7': 0.147, 'w8': 0.402, 'max_depth': 10, 'min_child_weight': 18, 'subsample': 0.9000000000000001, 'colsample_bytree': 0.6000000000000001, 'gamma': 0.0}. Best is trial 796 with value: 0.5427258797393881.
[I 2023-10-19 01:13:20,944] Trial 1153 finished with value: 0.5250075387798998 and parameters: {'w0': 0.129, 'w1': 0.8, 'w2': 0.124, 'w3': 0.07300000000000001, 'w4': 0.676, 'w5': 0.76, 'w6': 0.562, 'w7': 0.139, 'w8': 0.965, 'max_depth': 10, 'min_child_weight': 18, 'subsample': 0.9000000000000001, 'colsample_bytree': 0.6000000000000001, 'gamma': 0.0}. Best is trial 796 with value: 0.5427258797393881.
[I 2023-10-19 01:13:27,057] Trial 1161 finished with value: 0.4320096199147373 and parameters: {'w0': 0.063, 'w1': 0.731, 'w2': 0.124, 'w3': 0.276, 'w4': 0.857, 'w5': 0.762, 'w6': 0.761, 'w7': 0.146, 'w8': 0.996, 'max_depth': 8, 'min_child_weight': 16, 'subsample': 1.0, 'colsample_bytree': 0.6000000000000001, 'gamma': 7.6000000000000005}. Best is trial 796 with value: 0.5427258797393881.
[I 2023-10-19 01:13:54,522] Trial 1155 finished with value: 0.5359344189888751 and parameters: {'w0': 0.129, 'w1': 0.85, 'w2': 0.11900000000000001, 'w3': 0.156, 'w4': 0.752, 'w5': 0.759, 'w6': 0.5660000000000001, 'w7': 0.14200000000000002, 'w8': 0.812, 'max_depth': 10, 'min_child_weight': 18, 'subsample': 0.9000000000000001, 'colsample_bytree': 0.6000000000000001, 'gamma': 0.0}. Best is trial 796 with value: 0.5427258797393881.
[I 2023-10-19 01:18:51,867] Trial 1165 finished with value: 0.4936938180619326 and parameters: {'w0': 0.061, 'w1': 0.928, 'w2': 0.17500000000000002, 'w3': 0.28400000000000003, 'w4': 0.801, 'w5': 0.001, 'w6': 0.228, 'w7': 0.153, 'w8': 0.437, 'max_depth': 10, 'min_child_weight': 16, 'subsample': 1.0, 'colsample_bytree': 0.6000000000000001, 'gamma': 0.4}. Best is trial 796 with value: 0.5427258797393881.
[I 2023-10-19 01:19:35,112] Trial 1172 finished with value: 0.4966708278959202 and parameters: {'w0': 0.068, 'w1': 0.686, 'w2': 0.167, 'w3': 0.277, 'w4': 0.865, 'w5': 0.808, 'w6': 0.6940000000000001, 'w7': 0.162, 'w8': 1.0, 'max_depth': 10, 'min_child_weight': 16, 'subsample': 1.0, 'colsample_bytree': 0.7, 'gamma': 3.4000000000000004}. Best is trial 796 with value: 0.5427258797393881.
[I 2023-10-19 01:19:49,321] Trial 1166 finished with value: 0.5311501012947322 and parameters: {'w0': 0.148, 'w1': 0.6920000000000001, 'w2': 0.131, 'w3': 0.156, 'w4': 0.878, 'w5': 0.807, 'w6': 0.736, 'w7': 0.15, 'w8': 0.995, 'max_depth': 10, 'min_child_weight': 16, 'subsample': 1.0, 'colsample_bytree': 0.6000000000000001, 'gamma': 0.4}. Best is trial 796 with value: 0.5427258797393881.
[I 2023-10-19 01:21:03,148] Trial 1168 finished with value: 0.5361567135742284 and parameters: {'w0': 0.153, 'w1': 0.72, 'w2': 0.171, 'w3': 0.28200000000000003, 'w4': 0.876, 'w5': 0.9460000000000001, 'w6': 0.73, 'w7': 0.162, 'w8': 0.9590000000000001, 'max_depth': 8, 'min_child_weight': 16, 'subsample': 1.0, 'colsample_bytree': 0.6000000000000001, 'gamma': 0.4}. Best is trial 796 with value: 0.5427258797393881.
[I 2023-10-19 01:22:26,599] Trial 1173 finished with value: 0.5229462129424732 and parameters: {'w0': 0.184, 'w1': 0.592, 'w2': 0.168, 'w3': 0.148, 'w4': 0.879, 'w5': 0.9480000000000001, 'w6': 0.675, 'w7': 0.156, 'w8': 0.166, 'max_depth': 8, 'min_child_weight': 16, 'subsample': 1.0, 'colsample_bytree': 0.7, 'gamma': 0.4}. Best is trial 796 with value: 0.5427258797393881.
[I 2023-10-19 01:22:42,423] Trial 1158 finished with value: 0.525170978380047 and parameters: {'w0': 0.125, 'w1': 0.658, 'w2': 0.123, 'w3': 0.07300000000000001, 'w4': 0.842, 'w5': 0.877, 'w6': 0.752, 'w7': 0.147, 'w8': 0.992, 'max_depth': 8, 'min_child_weight': 16, 'subsample': 0.7, 'colsample_bytree': 0.6000000000000001, 'gamma': 0.0}. Best is trial 796 with value: 0.5427258797393881.
[I 2023-10-19 01:22:43,277] Trial 1159 finished with value: 0.5295301158840421 and parameters: {'w0': 0.126, 'w1': 0.928, 'w2': 0.132, 'w3': 0.064, 'w4': 0.849, 'w5': 0.887, 'w6': 0.78, 'w7': 0.14400000000000002, 'w8': 0.438, 'max_depth': 8, 'min_child_weight': 16, 'subsample': 1.0, 'colsample_bytree': 0.6000000000000001, 'gamma': 0.0}. Best is trial 796 with value: 0.5427258797393881.
[I 2023-10-19 01:22:50,907] Trial 1169 finished with value: 0.5356636068882457 and parameters: {'w0': 0.15, 'w1': 0.737, 'w2': 0.17300000000000001, 'w3': 0.268, 'w4': 0.853, 'w5': 0.884, 'w6': 0.741, 'w7': 0.13, 'w8': 0.998, 'max_depth': 10, 'min_child_weight': 16, 'subsample': 1.0, 'colsample_bytree': 0.7, 'gamma': 0.4}. Best is trial 796 with value: 0.5427258797393881.
[I 2023-10-19 01:23:03,684] Trial 1160 finished with value: 0.530162238407695 and parameters: {'w0': 0.125, 'w1': 0.656, 'w2': 0.127, 'w3': 0.07300000000000001, 'w4': 0.85, 'w5': 0.76, 'w6': 0.736, 'w7': 0.146, 'w8': 0.99, 'max_depth': 8, 'min_child_weight': 16, 'subsample': 1.0, 'colsample_bytree': 0.6000000000000001, 'gamma': 0.0}. Best is trial 796 with value: 0.5427258797393881.
[I 2023-10-19 01:23:12,378] Trial 1171 finished with value: 0.5345100670153857 and parameters: {'w0': 0.151, 'w1': 0.554, 'w2': 0.17500000000000002, 'w3': 0.146, 'w4': 0.88, 'w5': 0.9600000000000001, 'w6': 0.733, 'w7': 0.166, 'w8': 0.997, 'max_depth': 10, 'min_child_weight': 16, 'subsample': 1.0, 'colsample_bytree': 0.7, 'gamma': 0.4}. Best is trial 796 with value: 0.5427258797393881.
[I 2023-10-19 01:24:13,059] Trial 1170 finished with value: 0.5303710497538279 and parameters: {'w0': 0.147, 'w1': 0.8240000000000001, 'w2': 0.165, 'w3': 0.276, 'w4': 0.855, 'w5': 0.891, 'w6': 0.6920000000000001, 'w7': 0.163, 'w8': 0.998, 'max_depth': 4, 'min_child_weight': 16, 'subsample': 0.7, 'colsample_bytree': 0.7, 'gamma': 0.4}. Best is trial 796 with value: 0.5427258797393881.
[I 2023-10-19 01:25:32,108] Trial 1163 finished with value: 0.5325487970083741 and parameters: {'w0': 0.14300000000000002, 'w1': 0.921, 'w2': 0.124, 'w3': 0.154, 'w4': 0.853, 'w5': 0.763, 'w6': 0.73, 'w7': 0.14500000000000002, 'w8': 0.995, 'max_depth': 8, 'min_child_weight': 16, 'subsample': 1.0, 'colsample_bytree': 0.6000000000000001, 'gamma': 0.0}. Best is trial 796 with value: 0.5427258797393881.
[I 2023-10-19 01:26:33,816] Trial 1162 finished with value: 0.524819720114877 and parameters: {'w0': 0.146, 'w1': 0.687, 'w2': 0.126, 'w3': 0.274, 'w4': 0.84, 'w5': 0.768, 'w6': 0.741, 'w7': 0.14300000000000002, 'w8': 0.17500000000000002, 'max_depth': 10, 'min_child_weight': 16, 'subsample': 1.0, 'colsample_bytree': 0.6000000000000001, 'gamma': 0.0}. Best is trial 796 with value: 0.5427258797393881.
[I 2023-10-19 01:26:44,584] Trial 1167 finished with value: 0.5349851824983332 and parameters: {'w0': 0.152, 'w1': 0.931, 'w2': 0.17500000000000002, 'w3': 0.28600000000000003, 'w4': 0.771, 'w5': 0.808, 'w6': 0.788, 'w7': 0.136, 'w8': 0.998, 'max_depth': 10, 'min_child_weight': 16, 'subsample': 0.9000000000000001, 'colsample_bytree': 0.6000000000000001, 'gamma': 0.4}. Best is trial 796 with value: 0.5427258797393881.
[I 2023-10-19 01:27:29,845] Trial 1164 finished with value: 0.525683636206764 and parameters: {'w0': 0.063, 'w1': 0.922, 'w2': 0.17400000000000002, 'w3': 0.148, 'w4': 0.858, 'w5': 0.402, 'w6': 0.781, 'w7': 0.14400000000000002, 'w8': 1.0, 'max_depth': 10, 'min_child_weight': 16, 'subsample': 1.0, 'colsample_bytree': 0.6000000000000001, 'gamma': 0.0}. Best is trial 796 with value: 0.5427258797393881.
[I 2023-10-19 01:28:27,253] Trial 1174 finished with value: 0.5130497670775453 and parameters: {'w0': 0.181, 'w1': 0.583, 'w2': 0.435, 'w3': 0.9490000000000001, 'w4': 0.837, 'w5': 0.879, 'w6': 0.726, 'w7': 0.13, 'w8': 0.9590000000000001, 'max_depth': 6, 'min_child_weight': 16, 'subsample': 0.7, 'colsample_bytree': 0.7, 'gamma': 0.4}. Best is trial 796 with value: 0.5427258797393881.
[I 2023-10-19 01:32:46,527] Trial 1188 finished with value: 0.44098098664778046 and parameters: {'w0': 0.18, 'w1': 0.8190000000000001, 'w2': 0.019000000000000003, 'w3': 0.101, 'w4': 0.839, 'w5': 0.8150000000000001, 'w6': 0.714, 'w7': 0.121, 'w8': 0.963, 'max_depth': 9, 'min_child_weight': 20, 'subsample': 0.9000000000000001, 'colsample_bytree': 0.7, 'gamma': 5.800000000000001}. Best is trial 796 with value: 0.5427258797393881.
[I 2023-10-19 01:34:24,602] Trial 1176 finished with value: 0.4898543774122979 and parameters: {'w0': 0.153, 'w1': 0.609, 'w2': 0.032, 'w3': 0.191, 'w4': 0.905, 'w5': 0.936, 'w6': 0.733, 'w7': 0.162, 'w8': 0.9580000000000001, 'max_depth': 8, 'min_child_weight': 16, 'subsample': 0.9000000000000001, 'colsample_bytree': 0.7, 'gamma': 0.4}. Best is trial 796 with value: 0.5427258797393881.
[I 2023-10-19 01:34:53,332] Trial 1175 finished with value: 0.4704388958729412 and parameters: {'w0': 0.182, 'w1': 0.6940000000000001, 'w2': 0.002, 'w3': 0.146, 'w4': 0.882, 'w5': 0.885, 'w6': 0.7000000000000001, 'w7': 0.17500000000000002, 'w8': 0.996, 'max_depth': 10, 'min_child_weight': 16, 'subsample': 0.9000000000000001, 'colsample_bytree': 0.7, 'gamma': 0.4}. Best is trial 796 with value: 0.5427258797393881.
[I 2023-10-19 01:35:26,770] Trial 1185 finished with value: 0.5082707778206272 and parameters: {'w0': 0.179, 'w1': 0.8280000000000001, 'w2': 0.060000000000000005, 'w3': 0.229, 'w4': 0.868, 'w5': 0.804, 'w6': 0.683, 'w7': 0.11, 'w8': 0.9590000000000001, 'max_depth': 9, 'min_child_weight': 18, 'subsample': 0.9000000000000001, 'colsample_bytree': 0.7, 'gamma': 0.8}. Best is trial 796 with value: 0.5427258797393881.
[I 2023-10-19 01:36:12,921] Trial 1178 finished with value: 0.49239753640027556 and parameters: {'w0': 0.10200000000000001, 'w1': 0.8280000000000001, 'w2': 0.044000000000000004, 'w3': 0.9580000000000001, 'w4': 0.906, 'w5': 0.9590000000000001, 'w6': 0.75, 'w7': 0.194, 'w8': 0.9600000000000001, 'max_depth': 10, 'min_child_weight': 16, 'subsample': 0.9000000000000001, 'colsample_bytree': 0.3, 'gamma': 0.4}. Best is trial 796 with value: 0.5427258797393881.
[I 2023-10-19 01:36:16,379] Trial 1177 finished with value: 0.49856873360160175 and parameters: {'w0': 0.18, 'w1': 0.8300000000000001, 'w2': 0.056, 'w3': 0.097, 'w4': 0.857, 'w5': 0.9520000000000001, 'w6': 0.6910000000000001, 'w7': 0.193, 'w8': 0.9600000000000001, 'max_depth': 10, 'min_child_weight': 16, 'subsample': 0.7, 'colsample_bytree': 0.3, 'gamma': 0.4}. Best is trial 796 with value: 0.5427258797393881.
[I 2023-10-19 01:37:12,313] Trial 1183 finished with value: 0.4978419113276358 and parameters: {'w0': 0.187, 'w1': 0.8270000000000001, 'w2': 0.039, 'w3': 0.191, 'w4': 0.895, 'w5': 0.895, 'w6': 0.748, 'w7': 0.129, 'w8': 0.9570000000000001, 'max_depth': 9, 'min_child_weight': 18, 'subsample': 0.9000000000000001, 'colsample_bytree': 0.3, 'gamma': 0.4}. Best is trial 796 with value: 0.5427258797393881.
[I 2023-10-19 01:37:27,776] Trial 1181 finished with value: 0.4952204067434632 and parameters: {'w0': 0.10500000000000001, 'w1': 0.713, 'w2': 0.052000000000000005, 'w3': 0.967, 'w4': 0.852, 'w5': 0.399, 'w6': 0.713, 'w7': 0.125, 'w8': 0.961, 'max_depth': 7, 'min_child_weight': 20, 'subsample': 0.7, 'colsample_bytree': 0.7, 'gamma': 0.4}. Best is trial 796 with value: 0.5427258797393881.
[I 2023-10-19 01:37:59,100] Trial 1187 finished with value: 0.5101231151942422 and parameters: {'w0': 0.10500000000000001, 'w1': 0.674, 'w2': 0.075, 'w3': 0.098, 'w4': 0.889, 'w5': 0.806, 'w6': 0.7000000000000001, 'w7': 0.122, 'w8': 0.962, 'max_depth': 10, 'min_child_weight': 20, 'subsample': 0.9000000000000001, 'colsample_bytree': 0.7, 'gamma': 0.8}. Best is trial 796 with value: 0.5427258797393881.
[I 2023-10-19 01:38:50,206] Trial 1190 finished with value: 0.4993891213086694 and parameters: {'w0': 0.101, 'w1': 0.8290000000000001, 'w2': 0.05, 'w3': 0.914, 'w4': 0.904, 'w5': 0.811, 'w6': 0.67, 'w7': 0.116, 'w8': 0.961, 'max_depth': 9, 'min_child_weight': 6, 'subsample': 0.9000000000000001, 'colsample_bytree': 0.7, 'gamma': 0.8}. Best is trial 796 with value: 0.5427258797393881.
[I 2023-10-19 01:39:21,590] Trial 1182 finished with value: 0.4992756542187168 and parameters: {'w0': 0.10500000000000001, 'w1': 0.708, 'w2': 0.038, 'w3': 0.186, 'w4': 0.866, 'w5': 0.808, 'w6': 0.756, 'w7': 0.123, 'w8': 0.962, 'max_depth': 10, 'min_child_weight': 18, 'subsample': 0.7, 'colsample_bytree': 0.7, 'gamma': 0.4}. Best is trial 796 with value: 0.5427258797393881.
[I 2023-10-19 01:39:51,856] Trial 1180 finished with value: 0.48122654012045496 and parameters: {'w0': 0.181, 'w1': 0.559, 'w2': 0.023, 'w3': 0.101, 'w4': 0.885, 'w5': 0.559, 'w6': 0.801, 'w7': 0.194, 'w8': 0.962, 'max_depth': 10, 'min_child_weight': 16, 'subsample': 0.7, 'colsample_bytree': 0.7, 'gamma': 0.4}. Best is trial 796 with value: 0.5427258797393881.
[I 2023-10-19 01:40:25,174] Trial 1186 finished with value: 0.5021928263232243 and parameters: {'w0': 0.179, 'w1': 0.8290000000000001, 'w2': 0.055, 'w3': 0.967, 'w4': 0.8250000000000001, 'w5': 0.807, 'w6': 0.663, 'w7': 0.19, 'w8': 0.962, 'max_depth': 9, 'min_child_weight': 6, 'subsample': 0.7, 'colsample_bytree': 0.7, 'gamma': 0.8}. Best is trial 796 with value: 0.5427258797393881.
[I 2023-10-19 01:41:10,448] Trial 1184 finished with value: 0.4979116864836195 and parameters: {'w0': 0.188, 'w1': 0.8270000000000001, 'w2': 0.052000000000000005, 'w3': 0.916, 'w4': 0.867, 'w5': 0.809, 'w6': 0.757, 'w7': 0.191, 'w8': 0.9580000000000001, 'max_depth': 10, 'min_child_weight': 20, 'subsample': 0.7, 'colsample_bytree': 0.7, 'gamma': 0.4}. Best is trial 796 with value: 0.5427258797393881.
[I 2023-10-19 01:42:21,029] Trial 1179 finished with value: 0.5165418401100871 and parameters: {'w0': 0.185, 'w1': 0.674, 'w2': 0.998, 'w3': 0.184, 'w4': 0.889, 'w5': 0.887, 'w6': 0.746, 'w7': 0.195, 'w8': 1.0, 'max_depth': 10, 'min_child_weight': 16, 'subsample': 0.9000000000000001, 'colsample_bytree': 0.7, 'gamma': 0.4}. Best is trial 796 with value: 0.5427258797393881.
[I 2023-10-19 01:43:26,805] Trial 1189 finished with value: 0.48229514390001704 and parameters: {'w0': 0.725, 'w1': 0.709, 'w2': 0.065, 'w3': 0.186, 'w4': 0.8320000000000001, 'w5': 0.8130000000000001, 'w6': 0.709, 'w7': 0.193, 'w8': 0.9510000000000001, 'max_depth': 9, 'min_child_weight': 20, 'subsample': 0.9000000000000001, 'colsample_bytree': 0.7, 'gamma': 0.6000000000000001}. Best is trial 796 with value: 0.5427258797393881.
[I 2023-10-19 01:43:45,122] Trial 1191 finished with value: 0.4965530436948595 and parameters: {'w0': 0.10300000000000001, 'w1': 0.839, 'w2': 0.047, 'w3': 0.184, 'w4': 0.917, 'w5': 0.936, 'w6': 0.6910000000000001, 'w7': 0.11900000000000001, 'w8': 0.962, 'max_depth': 10, 'min_child_weight': 18, 'subsample': 0.9000000000000001, 'colsample_bytree': 0.3, 'gamma': 0.8}. Best is trial 796 with value: 0.5427258797393881.
[I 2023-10-19 01:45:04,022] Trial 1192 finished with value: 0.5074128582522178 and parameters: {'w0': 0.101, 'w1': 0.706, 'w2': 0.061, 'w3': 0.185, 'w4': 0.89, 'w5': 0.8160000000000001, 'w6': 0.676, 'w7': 0.117, 'w8': 0.961, 'max_depth': 10, 'min_child_weight': 6, 'subsample': 0.9000000000000001, 'colsample_bytree': 0.7, 'gamma': 0.8}. Best is trial 796 with value: 0.5427258797393881.
[I 2023-10-19 01:48:22,073] Trial 1193 finished with value: 0.4756360521887332 and parameters: {'w0': 0.713, 'w1': 0.8290000000000001, 'w2': 0.060000000000000005, 'w3': 0.187, 'w4': 0.885, 'w5': 0.803, 'w6': 0.715, 'w7': 0.11800000000000001, 'w8': 0.962, 'max_depth': 10, 'min_child_weight': 18, 'subsample': 0.9000000000000001, 'colsample_bytree': 0.3, 'gamma': 0.8}. Best is trial 796 with value: 0.5427258797393881.
[I 2023-10-19 01:48:43,460] Trial 1196 finished with value: 0.523479094730693 and parameters: {'w0': 0.10200000000000001, 'w1': 0.5680000000000001, 'w2': 0.20400000000000001, 'w3': 0.185, 'w4': 0.811, 'w5': 0.794, 'w6': 0.464, 'w7': 0.121, 'w8': 0.9400000000000001, 'max_depth': 10, 'min_child_weight': 20, 'subsample': 0.9000000000000001, 'colsample_bytree': 0.7, 'gamma': 0.8}. Best is trial 796 with value: 0.5427258797393881.
[I 2023-10-19 01:49:08,392] Trial 1194 finished with value: 0.5266677516769985 and parameters: {'w0': 0.10400000000000001, 'w1': 0.84, 'w2': 0.211, 'w3': 0.186, 'w4': 0.905, 'w5': 0.797, 'w6': 0.706, 'w7': 0.199, 'w8': 0.9450000000000001, 'max_depth': 10, 'min_child_weight': 20, 'subsample': 0.9000000000000001, 'colsample_bytree': 0.7, 'gamma': 0.8}. Best is trial 796 with value: 0.5427258797393881.
