[I 2023-10-19 15:17:24,621] Trial 109 finished with value: 0.46123671417100603 and parameters: {'w0': 0.38, 'w1': 0.642, 'w2': 0.20800000000000002, 'w3': 0.524, 'w4': 0.644, 'w5': 0.653, 'w6': 0.5680000000000001, 'w7': 0.402, 'w8': 0.869, 'max_depth': 9, 'min_child_weight': 0, 'subsample': 0.2, 'colsample_bytree': 1.0, 'gamma': 2.8000000000000003}. Best is trial 96 with value: 0.4882893533145511.
[I 2023-10-19 15:17:25,657] Trial 110 finished with value: 0.4733959091009764 and parameters: {'w0': 0.34800000000000003, 'w1': 0.642, 'w2': 0.331, 'w3': 0.521, 'w4': 0.489, 'w5': 0.654, 'w6': 0.549, 'w7': 0.41400000000000003, 'w8': 0.865, 'max_depth': 9, 'min_child_weight': 0, 'subsample': 0.30000000000000004, 'colsample_bytree': 1.0, 'gamma': 3.2}. Best is trial 96 with value: 0.4882893533145511.
[I 2023-10-19 15:18:23,840] Trial 115 finished with value: 0.4743504249310635 and parameters: {'w0': 0.34500000000000003, 'w1': 0.403, 'w2': 0.155, 'w3': 0.602, 'w4': 0.468, 'w5': 0.65, 'w6': 0.5640000000000001, 'w7': 0.171, 'w8': 0.968, 'max_depth': 9, 'min_child_weight': 0, 'subsample': 0.2, 'colsample_bytree': 1.0, 'gamma': 3.2}. Best is trial 96 with value: 0.4882893533145511.
[I 2023-10-19 15:18:44,439] Trial 113 finished with value: 0.48779608610344916 and parameters: {'w0': 0.35100000000000003, 'w1': 0.637, 'w2': 0.23, 'w3': 0.518, 'w4': 0.494, 'w5': 0.653, 'w6': 0.56, 'w7': 0.188, 'w8': 0.968, 'max_depth': 9, 'min_child_weight': 0, 'subsample': 0.2, 'colsample_bytree': 1.0, 'gamma': 3.2}. Best is trial 96 with value: 0.4882893533145511.
[I 2023-10-19 15:19:33,871] Trial 112 finished with value: 0.45814140360522726 and parameters: {'w0': 0.32, 'w1': 0.639, 'w2': 0.21, 'w3': 0.601, 'w4': 0.491, 'w5': 0.632, 'w6': 0.552, 'w7': 0.41400000000000003, 'w8': 0.965, 'max_depth': 9, 'min_child_weight': 0, 'subsample': 0.2, 'colsample_bytree': 1.0, 'gamma': 3.2}. Best is trial 96 with value: 0.4882893533145511.
[I 2023-10-19 15:19:39,697] Trial 117 finished with value: 0.48537864384687135 and parameters: {'w0': 0.326, 'w1': 0.644, 'w2': 0.234, 'w3': 0.607, 'w4': 0.497, 'w5': 0.652, 'w6': 0.5670000000000001, 'w7': 0.185, 'w8': 0.961, 'max_depth': 9, 'min_child_weight': 0, 'subsample': 0.2, 'colsample_bytree': 1.0, 'gamma': 3.2}. Best is trial 96 with value: 0.4882893533145511.
[I 2023-10-19 15:19:43,627] Trial 116 finished with value: 0.4856018164175056 and parameters: {'w0': 0.335, 'w1': 0.645, 'w2': 0.215, 'w3': 0.599, 'w4': 0.503, 'w5': 0.807, 'w6': 0.5700000000000001, 'w7': 0.242, 'w8': 0.968, 'max_depth': 9, 'min_child_weight': 0, 'subsample': 0.2, 'colsample_bytree': 1.0, 'gamma': 3.2}. Best is trial 96 with value: 0.4882893533145511.
[I 2023-10-19 15:19:47,584] Trial 118 finished with value: 0.4821424705467645 and parameters: {'w0': 0.354, 'w1': 0.653, 'w2': 0.217, 'w3': 0.522, 'w4': 0.5, 'w5': 0.76, 'w6': 0.584, 'w7': 0.192, 'w8': 0.8140000000000001, 'max_depth': 9, 'min_child_weight': 0, 'subsample': 0.2, 'colsample_bytree': 1.0, 'gamma': 3.4000000000000004}. Best is trial 96 with value: 0.4882893533145511.
[I 2023-10-19 15:20:29,819] Trial 114 finished with value: 0.4701423184869313 and parameters: {'w0': 0.34900000000000003, 'w1': 0.638, 'w2': 0.291, 'w3': 0.596, 'w4': 0.498, 'w5': 0.797, 'w6': 0.5660000000000001, 'w7': 0.422, 'w8': 0.972, 'max_depth': 9, 'min_child_weight': 0, 'subsample': 0.2, 'colsample_bytree': 1.0, 'gamma': 3.4000000000000004}. Best is trial 96 with value: 0.4882893533145511.
[I 2023-10-19 15:21:18,268] Trial 120 finished with value: 0.48223987019319037 and parameters: {'w0': 0.335, 'w1': 0.641, 'w2': 0.185, 'w3': 0.514, 'w4': 0.48000000000000004, 'w5': 0.778, 'w6': 0.535, 'w7': 0.18, 'w8': 0.962, 'max_depth': 9, 'min_child_weight': 0, 'subsample': 0.2, 'colsample_bytree': 1.0, 'gamma': 3.0}. Best is trial 96 with value: 0.4882893533145511.
[I 2023-10-19 15:21:44,690] Trial 119 finished with value: 0.4815951205967159 and parameters: {'w0': 0.356, 'w1': 0.643, 'w2': 0.217, 'w3': 0.591, 'w4': 0.489, 'w5': 0.763, 'w6': 0.531, 'w7': 0.246, 'w8': 0.861, 'max_depth': 9, 'min_child_weight': 0, 'subsample': 0.2, 'colsample_bytree': 1.0, 'gamma': 3.0}. Best is trial 96 with value: 0.4882893533145511.
[I 2023-10-19 15:22:04,733] Trial 111 finished with value: 0.47574813050092146 and parameters: {'w0': 0.34800000000000003, 'w1': 0.647, 'w2': 0.331, 'w3': 0.514, 'w4': 0.645, 'w5': 0.663, 'w6': 0.5760000000000001, 'w7': 0.465, 'w8': 0.865, 'max_depth': 9, 'min_child_weight': 0, 'subsample': 0.2, 'colsample_bytree': 1.0, 'gamma': 3.0}. Best is trial 96 with value: 0.4882893533145511.
[I 2023-10-19 15:24:03,715] Trial 125 finished with value: 0.46480610879889284 and parameters: {'w0': 0.341, 'w1': 0.627, 'w2': 0.243, 'w3': 0.587, 'w4': 0.967, 'w5': 0.797, 'w6': 0.523, 'w7': 0.187, 'w8': 0.361, 'max_depth': 9, 'min_child_weight': 0, 'subsample': 0.30000000000000004, 'colsample_bytree': 1.0, 'gamma': 5.2}. Best is trial 96 with value: 0.4882893533145511.
[I 2023-10-19 15:24:27,100] Trial 121 finished with value: 0.48779797246058576 and parameters: {'w0': 0.358, 'w1': 0.632, 'w2': 0.234, 'w3': 0.517, 'w4': 0.972, 'w5': 0.768, 'w6': 0.556, 'w7': 0.241, 'w8': 0.9550000000000001, 'max_depth': 9, 'min_child_weight': 0, 'subsample': 0.2, 'colsample_bytree': 1.0, 'gamma': 2.8000000000000003}. Best is trial 96 with value: 0.4882893533145511.
[I 2023-10-19 15:28:07,152] Trial 130 finished with value: 0.46465175176838314 and parameters: {'w0': 0.445, 'w1': 0.602, 'w2': 0.24000000000000002, 'w3': 0.768, 'w4': 0.961, 'w5': 0.766, 'w6': 0.498, 'w7': 0.187, 'w8': 0.28800000000000003, 'max_depth': 10, 'min_child_weight': 0, 'subsample': 0.2, 'colsample_bytree': 1.0, 'gamma': 3.8000000000000003}. Best is trial 96 with value: 0.4882893533145511.
[I 2023-10-19 15:28:21,981] Trial 135 finished with value: 0.46469733735593644 and parameters: {'w0': 0.279, 'w1': 0.616, 'w2': 0.23800000000000002, 'w3': 0.488, 'w4': 0.422, 'w5': 0.727, 'w6': 0.484, 'w7': 0.177, 'w8': 0.442, 'max_depth': 10, 'min_child_weight': 0, 'subsample': 0.2, 'colsample_bytree': 0.5, 'gamma': 3.8000000000000003}. Best is trial 96 with value: 0.4882893533145511.
[I 2023-10-19 15:28:26,571] Trial 133 finished with value: 0.4706778611993914 and parameters: {'w0': 0.291, 'w1': 0.607, 'w2': 0.23600000000000002, 'w3': 0.587, 'w4': 0.433, 'w5': 0.756, 'w6': 0.523, 'w7': 0.195, 'w8': 0.265, 'max_depth': 10, 'min_child_weight': 0, 'subsample': 0.2, 'colsample_bytree': 1.0, 'gamma': 3.6}. Best is trial 96 with value: 0.4882893533145511.
[I 2023-10-19 15:28:47,080] Trial 131 finished with value: 0.47299662441634266 and parameters: {'w0': 0.443, 'w1': 0.607, 'w2': 0.23700000000000002, 'w3': 0.777, 'w4': 0.991, 'w5': 0.789, 'w6': 0.493, 'w7': 0.178, 'w8': 0.34800000000000003, 'max_depth': 10, 'min_child_weight': 0, 'subsample': 0.2, 'colsample_bytree': 1.0, 'gamma': 3.6}. Best is trial 96 with value: 0.4882893533145511.
[I 2023-10-19 15:28:47,093] Trial 134 finished with value: 0.44032329082301286 and parameters: {'w0': 0.291, 'w1': 0.614, 'w2': 0.23500000000000001, 'w3': 0.587, 'w4': 0.432, 'w5': 0.871, 'w6': 0.518, 'w7': 0.069, 'w8': 0.278, 'max_depth': 10, 'min_child_weight': 0, 'subsample': 0.2, 'colsample_bytree': 1.0, 'gamma': 3.8000000000000003}. Best is trial 96 with value: 0.4882893533145511.
[I 2023-10-19 15:30:10,060] Trial 136 finished with value: 0.4709683559248007 and parameters: {'w0': 0.28300000000000003, 'w1': 0.616, 'w2': 0.23800000000000002, 'w3': 0.751, 'w4': 0.42, 'w5': 0.732, 'w6': 0.47900000000000004, 'w7': 0.186, 'w8': 0.329, 'max_depth': 10, 'min_child_weight': 0, 'subsample': 0.2, 'colsample_bytree': 1.0, 'gamma': 3.6}. Best is trial 96 with value: 0.4882893533145511.
[I 2023-10-19 15:32:54,760] Trial 137 finished with value: 0.4516245233091943 and parameters: {'w0': 0.28900000000000003, 'w1': 0.603, 'w2': 0.184, 'w3': 0.764, 'w4': 0.449, 'w5': 0.892, 'w6': 0.465, 'w7': 0.082, 'w8': 0.9560000000000001, 'max_depth': 10, 'min_child_weight': 0, 'subsample': 0.2, 'colsample_bytree': 1.0, 'gamma': 3.6}. Best is trial 96 with value: 0.4882893533145511.
[I 2023-10-19 15:33:05,285] Trial 138 finished with value: 0.4500385724596094 and parameters: {'w0': 0.28200000000000003, 'w1': 0.605, 'w2': 0.233, 'w3': 0.787, 'w4': 0.433, 'w5': 0.729, 'w6': 0.46900000000000003, 'w7': 0.094, 'w8': 0.9550000000000001, 'max_depth': 10, 'min_child_weight': 0, 'subsample': 0.2, 'colsample_bytree': 1.0, 'gamma': 3.8000000000000003}. Best is trial 96 with value: 0.4882893533145511.
[I 2023-10-19 15:35:37,773] Trial 139 finished with value: 0.43756155585029777 and parameters: {'w0': 0.276, 'w1': 0.5760000000000001, 'w2': 0.069, 'w3': 0.47700000000000004, 'w4': 0.424, 'w5': 0.729, 'w6': 0.47000000000000003, 'w7': 0.083, 'w8': 0.443, 'max_depth': 10, 'min_child_weight': 0, 'subsample': 0.2, 'colsample_bytree': 1.0, 'gamma': 3.6}. Best is trial 96 with value: 0.4882893533145511.
[I 2023-10-19 15:36:07,167] Trial 144 finished with value: 0.4107472917208792 and parameters: {'w0': 0.257, 'w1': 0.673, 'w2': 0.044000000000000004, 'w3': 0.798, 'w4': 0.935, 'w5': 0.8270000000000001, 'w6': 0.642, 'w7': 0.246, 'w8': 0.9600000000000001, 'max_depth': 9, 'min_child_weight': 2, 'subsample': 0.30000000000000004, 'colsample_bytree': 1.0, 'gamma': 8.0}. Best is trial 96 with value: 0.4882893533145511.
[I 2023-10-19 15:40:26,341] Trial 146 finished with value: 0.44050863217708486 and parameters: {'w0': 0.251, 'w1': 0.679, 'w2': 0.122, 'w3': 0.423, 'w4': 0.369, 'w5': 0.595, 'w6': 0.648, 'w7': 0.245, 'w8': 0.978, 'max_depth': 9, 'min_child_weight': 2, 'subsample': 0.30000000000000004, 'colsample_bytree': 1.0, 'gamma': 4.4}. Best is trial 96 with value: 0.4882893533145511.
[I 2023-10-19 15:41:04,518] Trial 122 finished with value: 0.48545565235317206 and parameters: {'w0': 0.319, 'w1': 0.651, 'w2': 0.224, 'w3': 0.517, 'w4': 0.49, 'w5': 0.774, 'w6': 0.58, 'w7': 0.17500000000000002, 'w8': 0.973, 'max_depth': 9, 'min_child_weight': 0, 'subsample': 0.30000000000000004, 'colsample_bytree': 1.0, 'gamma': 0.6000000000000001}. Best is trial 96 with value: 0.4882893533145511.
[I 2023-10-19 15:42:27,827] Trial 123 finished with value: 0.47456231705991025 and parameters: {'w0': 0.34600000000000003, 'w1': 0.648, 'w2': 0.225, 'w3': 0.59, 'w4': 0.973, 'w5': 0.782, 'w6': 0.543, 'w7': 0.184, 'w8': 0.322, 'max_depth': 9, 'min_child_weight': 0, 'subsample': 0.2, 'colsample_bytree': 1.0, 'gamma': 0.6000000000000001}. Best is trial 96 with value: 0.4882893533145511.
[I 2023-10-19 15:42:46,553] Trial 145 finished with value: 0.45725892303305943 and parameters: {'w0': 0.322, 'w1': 0.585, 'w2': 0.278, 'w3': 0.802, 'w4': 0.5740000000000001, 'w5': 0.592, 'w6': 0.422, 'w7': 0.246, 'w8': 0.976, 'max_depth': 9, 'min_child_weight': 16, 'subsample': 0.30000000000000004, 'colsample_bytree': 1.0, 'gamma': 2.6}. Best is trial 96 with value: 0.4882893533145511.
[I 2023-10-19 15:42:48,025] Trial 148 finished with value: 0.44732563907362105 and parameters: {'w0': 0.319, 'w1': 0.58, 'w2': 0.12000000000000001, 'w3': 0.637, 'w4': 0.5750000000000001, 'w5': 0.603, 'w6': 0.435, 'w7': 0.2, 'w8': 0.978, 'max_depth': 9, 'min_child_weight': 2, 'subsample': 0.30000000000000004, 'colsample_bytree': 0.6000000000000001, 'gamma': 4.4}. Best is trial 96 with value: 0.4882893533145511.
[I 2023-10-19 15:43:04,749] Trial 124 finished with value: 0.474036375510188 and parameters: {'w0': 0.338, 'w1': 0.633, 'w2': 0.224, 'w3': 0.779, 'w4': 0.963, 'w5': 0.764, 'w6': 0.532, 'w7': 0.243, 'w8': 0.263, 'max_depth': 9, 'min_child_weight': 0, 'subsample': 0.30000000000000004, 'colsample_bytree': 1.0, 'gamma': 0.6000000000000001}. Best is trial 96 with value: 0.4882893533145511.
[I 2023-10-19 15:44:11,596] Trial 126 finished with value: 0.4780160448503083 and parameters: {'w0': 0.445, 'w1': 0.58, 'w2': 0.23800000000000002, 'w3': 0.589, 'w4': 0.981, 'w5': 0.775, 'w6': 0.655, 'w7': 0.243, 'w8': 0.304, 'max_depth': 8, 'min_child_weight': 0, 'subsample': 0.30000000000000004, 'colsample_bytree': 1.0, 'gamma': 0.6000000000000001}. Best is trial 96 with value: 0.4882893533145511.
[I 2023-10-19 15:44:50,803] Trial 127 finished with value: 0.480915996927401 and parameters: {'w0': 0.28300000000000003, 'w1': 0.579, 'w2': 0.23, 'w3': 0.783, 'w4': 0.99, 'w5': 0.605, 'w6': 0.655, 'w7': 0.188, 'w8': 0.465, 'max_depth': 8, 'min_child_weight': 0, 'subsample': 0.30000000000000004, 'colsample_bytree': 1.0, 'gamma': 0.6000000000000001}. Best is trial 96 with value: 0.4882893533145511.
[I 2023-10-19 15:45:55,499] Trial 147 finished with value: 0.47161487187387263 and parameters: {'w0': 0.243, 'w1': 0.668, 'w2': 0.146, 'w3': 0.637, 'w4': 0.922, 'w5': 0.614, 'w6': 0.655, 'w7': 0.256, 'w8': 0.975, 'max_depth': 9, 'min_child_weight': 2, 'subsample': 0.30000000000000004, 'colsample_bytree': 1.0, 'gamma': 2.8000000000000003}. Best is trial 96 with value: 0.4882893533145511.
[I 2023-10-19 15:47:58,722] Trial 143 finished with value: 0.4759597189788324 and parameters: {'w0': 0.22, 'w1': 0.589, 'w2': 0.053000000000000005, 'w3': 0.483, 'w4': 0.464, 'w5': 0.596, 'w6': 0.649, 'w7': 0.09, 'w8': 0.977, 'max_depth': 9, 'min_child_weight': 2, 'subsample': 0.30000000000000004, 'colsample_bytree': 1.0, 'gamma': 0.6000000000000001}. Best is trial 96 with value: 0.4882893533145511.
[I 2023-10-19 15:49:24,492] Trial 128 finished with value: 0.47998702608966937 and parameters: {'w0': 0.292, 'w1': 0.622, 'w2': 0.229, 'w3': 0.493, 'w4': 0.968, 'w5': 0.735, 'w6': 0.53, 'w7': 0.244, 'w8': 0.311, 'max_depth': 10, 'min_child_weight': 0, 'subsample': 0.30000000000000004, 'colsample_bytree': 1.0, 'gamma': 0.6000000000000001}. Best is trial 96 with value: 0.4882893533145511.
[I 2023-10-19 15:50:52,614] Trial 141 finished with value: 0.4242860481001165 and parameters: {'w0': 0.257, 'w1': 0.579, 'w2': 0.002, 'w3': 0.779, 'w4': 0.937, 'w5': 0.861, 'w6': 0.467, 'w7': 0.094, 'w8': 0.171, 'max_depth': 9, 'min_child_weight': 0, 'subsample': 0.2, 'colsample_bytree': 1.0, 'gamma': 0.6000000000000001}. Best is trial 96 with value: 0.4882893533145511.
[I 2023-10-19 15:51:03,706] Trial 129 finished with value: 0.48056574537420094 and parameters: {'w0': 0.444, 'w1': 0.665, 'w2': 0.223, 'w3': 0.492, 'w4': 0.9470000000000001, 'w5': 0.771, 'w6': 0.524, 'w7': 0.193, 'w8': 0.8130000000000001, 'max_depth': 10, 'min_child_weight': 0, 'subsample': 0.30000000000000004, 'colsample_bytree': 1.0, 'gamma': 0.6000000000000001}. Best is trial 96 with value: 0.4882893533145511.
[I 2023-10-19 15:51:19,448] Trial 132 finished with value: 0.47231593665623084 and parameters: {'w0': 0.3, 'w1': 0.61, 'w2': 0.233, 'w3': 0.762, 'w4': 0.443, 'w5': 0.787, 'w6': 0.47100000000000003, 'w7': 0.193, 'w8': 0.44, 'max_depth': 10, 'min_child_weight': 0, 'subsample': 0.2, 'colsample_bytree': 1.0, 'gamma': 0.6000000000000001}. Best is trial 96 with value: 0.4882893533145511.
[I 2023-10-19 15:51:23,008] Trial 150 finished with value: 0.4777363291553788 and parameters: {'w0': 0.31, 'w1': 0.583, 'w2': 0.189, 'w3': 0.491, 'w4': 0.514, 'w5': 0.615, 'w6': 0.6, 'w7': 0.265, 'w8': 0.906, 'max_depth': 9, 'min_child_weight': 2, 'subsample': 0.30000000000000004, 'colsample_bytree': 1.0, 'gamma': 2.6}. Best is trial 96 with value: 0.4882893533145511.
[I 2023-10-19 15:51:37,685] Trial 149 finished with value: 0.4865067252430655 and parameters: {'w0': 0.319, 'w1': 0.529, 'w2': 0.18, 'w3': 0.638, 'w4': 0.5730000000000001, 'w5': 0.857, 'w6': 0.597, 'w7': 0.16, 'w8': 0.908, 'max_depth': 9, 'min_child_weight': 0, 'subsample': 0.2, 'colsample_bytree': 1.0, 'gamma': 2.8000000000000003}. Best is trial 96 with value: 0.4882893533145511.
[I 2023-10-19 15:53:44,863] Trial 157 finished with value: 0.4595846429387619 and parameters: {'w0': 0.368, 'w1': 0.726, 'w2': 0.201, 'w3': 0.491, 'w4': 0.508, 'w5': 0.853, 'w6': 0.591, 'w7': 0.166, 'w8': 0.185, 'max_depth': 9, 'min_child_weight': 2, 'subsample': 0.2, 'colsample_bytree': 1.0, 'gamma': 3.4000000000000004}. Best is trial 96 with value: 0.4882893533145511.
[I 2023-10-19 15:54:05,078] Trial 155 finished with value: 0.48862214434043444 and parameters: {'w0': 0.22, 'w1': 0.53, 'w2': 0.273, 'w3': 0.64, 'w4': 0.516, 'w5': 0.8140000000000001, 'w6': 0.597, 'w7': 0.269, 'w8': 0.9500000000000001, 'max_depth': 8, 'min_child_weight': 2, 'subsample': 0.30000000000000004, 'colsample_bytree': 1.0, 'gamma': 2.8000000000000003}. Best is trial 155 with value: 0.48862214434043444.
[I 2023-10-19 15:55:03,211] Trial 142 finished with value: 0.48546282272914304 and parameters: {'w0': 0.261, 'w1': 0.5700000000000001, 'w2': 0.183, 'w3': 0.47900000000000004, 'w4': 0.932, 'w5': 0.856, 'w6': 0.446, 'w7': 0.08600000000000001, 'w8': 0.974, 'max_depth': 9, 'min_child_weight': 0, 'subsample': 0.30000000000000004, 'colsample_bytree': 1.0, 'gamma': 0.6000000000000001}. Best is trial 155 with value: 0.48862214434043444.
[I 2023-10-19 15:55:09,270] Trial 156 finished with value: 0.4745612276006551 and parameters: {'w0': 0.229, 'w1': 0.727, 'w2': 0.186, 'w3': 0.528, 'w4': 0.515, 'w5': 0.742, 'w6': 0.6, 'w7': 0.269, 'w8': 0.811, 'max_depth': 9, 'min_child_weight': 2, 'subsample': 0.2, 'colsample_bytree': 1.0, 'gamma': 2.8000000000000003}. Best is trial 155 with value: 0.48862214434043444.
[I 2023-10-19 15:55:51,607] Trial 158 finished with value: 0.45412646645277405 and parameters: {'w0': 0.367, 'w1': 0.527, 'w2': 0.188, 'w3': 0.54, 'w4': 0.522, 'w5': 0.8140000000000001, 'w6': 0.594, 'w7': 0.16, 'w8': 0.158, 'max_depth': 9, 'min_child_weight': 0, 'subsample': 0.2, 'colsample_bytree': 1.0, 'gamma': 3.4000000000000004}. Best is trial 155 with value: 0.48862214434043444.
[I 2023-10-19 15:56:52,555] Trial 140 finished with value: 0.48203175136594306 and parameters: {'w0': 0.29, 'w1': 0.589, 'w2': 0.17300000000000001, 'w3': 0.801, 'w4': 0.439, 'w5': 0.886, 'w6': 0.458, 'w7': 0.08800000000000001, 'w8': 0.9570000000000001, 'max_depth': 10, 'min_child_weight': 0, 'subsample': 0.2, 'colsample_bytree': 1.0, 'gamma': 0.6000000000000001}. Best is trial 155 with value: 0.48862214434043444.
[I 2023-10-19 15:57:55,712] Trial 159 finished with value: 0.48238868562690246 and parameters: {'w0': 0.369, 'w1': 0.539, 'w2': 0.181, 'w3': 0.535, 'w4': 0.514, 'w5': 0.849, 'w6': 0.591, 'w7': 0.16, 'w8': 0.903, 'max_depth': 9, 'min_child_weight': 2, 'subsample': 0.2, 'colsample_bytree': 1.0, 'gamma': 3.4000000000000004}. Best is trial 155 with value: 0.48862214434043444.
[I 2023-10-19 15:59:21,697] Trial 160 finished with value: 0.4792973286966653 and parameters: {'w0': 0.368, 'w1': 0.532, 'w2': 0.194, 'w3': 0.6950000000000001, 'w4': 0.508, 'w5': 0.7040000000000001, 'w6': 0.603, 'w7': 0.20800000000000002, 'w8': 0.811, 'max_depth': 8, 'min_child_weight': 2, 'subsample': 0.2, 'colsample_bytree': 1.0, 'gamma': 3.4000000000000004}. Best is trial 155 with value: 0.48862214434043444.
[I 2023-10-19 15:59:46,822] Trial 163 finished with value: 0.4679286788029956 and parameters: {'w0': 0.371, 'w1': 0.536, 'w2': 0.268, 'w3': 0.532, 'w4': 0.522, 'w5': 0.706, 'w6': 0.587, 'w7': 0.164, 'w8': 0.901, 'max_depth': 8, 'min_child_weight': 2, 'subsample': 0.2, 'colsample_bytree': 1.0, 'gamma': 3.4000000000000004}. Best is trial 155 with value: 0.48862214434043444.
[I 2023-10-19 15:59:49,243] Trial 152 finished with value: 0.4442634256443555 and parameters: {'w0': 0.505, 'w1': 0.528, 'w2': 0.16, 'w3': 0.642, 'w4': 0.004, 'w5': 0.843, 'w6': 0.602, 'w7': 0.265, 'w8': 0.131, 'max_depth': 8, 'min_child_weight': 2, 'subsample': 0.30000000000000004, 'colsample_bytree': 1.0, 'gamma': 0.8}. Best is trial 155 with value: 0.48862214434043444.
[I 2023-10-19 16:00:08,026] Trial 162 finished with value: 0.4691436580411281 and parameters: {'w0': 0.499, 'w1': 0.532, 'w2': 0.18, 'w3': 0.533, 'w4': 0.517, 'w5': 0.713, 'w6': 0.611, 'w7': 0.152, 'w8': 0.906, 'max_depth': 8, 'min_child_weight': 2, 'subsample': 0.2, 'colsample_bytree': 1.0, 'gamma': 3.4000000000000004}. Best is trial 155 with value: 0.48862214434043444.
[I 2023-10-19 16:00:25,307] Trial 151 finished with value: 0.47013655053520864 and parameters: {'w0': 0.318, 'w1': 0.534, 'w2': 0.189, 'w3': 0.638, 'w4': 0.519, 'w5': 0.602, 'w6': 0.602, 'w7': 0.263, 'w8': 0.157, 'max_depth': 9, 'min_child_weight': 2, 'subsample': 0.30000000000000004, 'colsample_bytree': 0.6000000000000001, 'gamma': 0.6000000000000001}. Best is trial 155 with value: 0.48862214434043444.
[I 2023-10-19 16:01:16,455] Trial 161 finished with value: 0.46385831112724624 and parameters: {'w0': 0.371, 'w1': 0.535, 'w2': 0.19, 'w3': 0.537, 'w4': 0.516, 'w5': 0.8130000000000001, 'w6': 0.6, 'w7': 0.308, 'w8': 0.9490000000000001, 'max_depth': 8, 'min_child_weight': 2, 'subsample': 0.2, 'colsample_bytree': 1.0, 'gamma': 3.0}. Best is trial 155 with value: 0.48862214434043444.
[I 2023-10-19 16:01:44,555] Trial 169 finished with value: 0.44421639856009715 and parameters: {'w0': 0.187, 'w1': 0.536, 'w2': 0.27, 'w3': 0.65, 'w4': 0.083, 'w5': 0.844, 'w6': 0.561, 'w7': 0.307, 'w8': 0.911, 'max_depth': 8, 'min_child_weight': 2, 'subsample': 0.30000000000000004, 'colsample_bytree': 1.0, 'gamma': 6.2}. Best is trial 155 with value: 0.48862214434043444.
[I 2023-10-19 16:01:45,579] Trial 153 finished with value: 0.4834005904081926 and parameters: {'w0': 0.374, 'w1': 0.528, 'w2': 0.187, 'w3': 0.543, 'w4': 0.47200000000000003, 'w5': 0.714, 'w6': 0.602, 'w7': 0.165, 'w8': 0.905, 'max_depth': 8, 'min_child_weight': 2, 'subsample': 0.30000000000000004, 'colsample_bytree': 1.0, 'gamma': 0.6000000000000001}. Best is trial 155 with value: 0.48862214434043444.
[I 2023-10-19 16:01:46,072] Trial 154 finished with value: 0.47856081852539334 and parameters: {'w0': 0.439, 'w1': 0.5740000000000001, 'w2': 0.178, 'w3': 0.498, 'w4': 0.462, 'w5': 0.807, 'w6': 0.602, 'w7': 0.168, 'w8': 0.904, 'max_depth': 8, 'min_child_weight': 2, 'subsample': 0.30000000000000004, 'colsample_bytree': 1.0, 'gamma': 0.6000000000000001}. Best is trial 155 with value: 0.48862214434043444.
