[I 2023-10-20 07:46:24,207] Trial 1260 finished with value: 0.5026030167293872 and parameters: {'w0': 0.182, 'w1': 0.763, 'w2': 0.101, 'w3': 0.454, 'w4': 0.913, 'w5': 0.98, 'w6': 0.361, 'w7': 0.08600000000000001, 'w8': 0.747, 'max_depth': 9, 'min_child_weight': 16, 'subsample': 0.8, 'colsample_bytree': 0.6000000000000001, 'gamma': 0.0}. Best is trial 556 with value: 0.5099189407344089.
[I 2023-10-20 07:47:31,470] Trial 1262 finished with value: 0.47091845253880277 and parameters: {'w0': 0.194, 'w1': 0.9510000000000001, 'w2': 0.752, 'w3': 0.438, 'w4': 0.911, 'w5': 0.982, 'w6': 0.357, 'w7': 0.08600000000000001, 'w8': 0.753, 'max_depth': 9, 'min_child_weight': 16, 'subsample': 0.8, 'colsample_bytree': 0.6000000000000001, 'gamma': 0.0}. Best is trial 556 with value: 0.5099189407344089.
[I 2023-10-20 07:48:33,128] Trial 1263 finished with value: 0.4714251622526951 and parameters: {'w0': 0.196, 'w1': 0.9570000000000001, 'w2': 0.793, 'w3': 0.454, 'w4': 0.908, 'w5': 0.978, 'w6': 0.354, 'w7': 0.082, 'w8': 0.753, 'max_depth': 9, 'min_child_weight': 16, 'subsample': 0.8, 'colsample_bytree': 0.6000000000000001, 'gamma': 0.0}. Best is trial 556 with value: 0.5099189407344089.
[I 2023-10-20 07:48:58,704] Trial 1265 finished with value: 0.4968714467789894 and parameters: {'w0': 0.196, 'w1': 0.9570000000000001, 'w2': 0.101, 'w3': 0.063, 'w4': 0.962, 'w5': 0.977, 'w6': 0.355, 'w7': 0.082, 'w8': 0.753, 'max_depth': 9, 'min_child_weight': 16, 'subsample': 0.8, 'colsample_bytree': 0.6000000000000001, 'gamma': 0.0}. Best is trial 556 with value: 0.5099189407344089.
[I 2023-10-20 07:48:59,515] Trial 1266 finished with value: 0.4977730416788618 and parameters: {'w0': 0.07300000000000001, 'w1': 0.9500000000000001, 'w2': 0.098, 'w3': 0.053000000000000005, 'w4': 0.898, 'w5': 0.972, 'w6': 0.362, 'w7': 0.08600000000000001, 'w8': 0.748, 'max_depth': 9, 'min_child_weight': 16, 'subsample': 0.8, 'colsample_bytree': 0.6000000000000001, 'gamma': 0.0}. Best is trial 556 with value: 0.5099189407344089.
[I 2023-10-20 07:49:09,704] Trial 1264 finished with value: 0.5037006243334169 and parameters: {'w0': 0.194, 'w1': 0.9480000000000001, 'w2': 0.1, 'w3': 0.455, 'w4': 0.897, 'w5': 0.584, 'w6': 0.356, 'w7': 0.081, 'w8': 0.756, 'max_depth': 9, 'min_child_weight': 16, 'subsample': 0.8, 'colsample_bytree': 0.6000000000000001, 'gamma': 0.0}. Best is trial 556 with value: 0.5099189407344089.
[I 2023-10-20 07:50:32,338] Trial 1267 finished with value: 0.5099314743075365 and parameters: {'w0': 0.075, 'w1': 0.872, 'w2': 0.10300000000000001, 'w3': 0.138, 'w4': 0.9580000000000001, 'w5': 0.974, 'w6': 0.355, 'w7': 0.084, 'w8': 0.761, 'max_depth': 9, 'min_child_weight': 16, 'subsample': 0.8, 'colsample_bytree': 0.6000000000000001, 'gamma': 0.0}. Best is trial 1267 with value: 0.5099314743075365.
[I 2023-10-20 07:50:48,214] Trial 1275 finished with value: 0.4422790443358867 and parameters: {'w0': 0.099, 'w1': 0.865, 'w2': 0.14200000000000002, 'w3': 0.326, 'w4': 0.896, 'w5': 0.356, 'w6': 0.334, 'w7': 0.10200000000000001, 'w8': 0.627, 'max_depth': 9, 'min_child_weight': 14, 'subsample': 0.8, 'colsample_bytree': 0.6000000000000001, 'gamma': 5.800000000000001}. Best is trial 1267 with value: 0.5099314743075365.
[I 2023-10-20 07:51:13,958] Trial 1269 finished with value: 0.49705663161807806 and parameters: {'w0': 0.1, 'w1': 0.9470000000000001, 'w2': 0.10300000000000001, 'w3': 0.133, 'w4': 0.713, 'w5': 0.971, 'w6': 0.34800000000000003, 'w7': 0.077, 'w8': 0.6930000000000001, 'max_depth': 9, 'min_child_weight': 16, 'subsample': 0.8, 'colsample_bytree': 0.6000000000000001, 'gamma': 0.6000000000000001}. Best is trial 1267 with value: 0.5099314743075365.
[I 2023-10-20 07:51:46,947] Trial 1271 finished with value: 0.4897236525054256 and parameters: {'w0': 0.1, 'w1': 0.9470000000000001, 'w2': 0.10300000000000001, 'w3': 0.164, 'w4': 0.894, 'w5': 0.148, 'w6': 0.34600000000000003, 'w7': 0.085, 'w8': 0.744, 'max_depth': 9, 'min_child_weight': 16, 'subsample': 0.8, 'colsample_bytree': 0.6000000000000001, 'gamma': 0.6000000000000001}. Best is trial 1267 with value: 0.5099314743075365.
[I 2023-10-20 07:52:06,807] Trial 1268 finished with value: 0.4903150494925136 and parameters: {'w0': 0.181, 'w1': 0.9430000000000001, 'w2': 0.10200000000000001, 'w3': 0.132, 'w4': 0.895, 'w5': 0.136, 'w6': 0.35100000000000003, 'w7': 0.082, 'w8': 0.75, 'max_depth': 9, 'min_child_weight': 16, 'subsample': 0.8, 'colsample_bytree': 0.6000000000000001, 'gamma': 0.0}. Best is trial 1267 with value: 0.5099314743075365.
[I 2023-10-20 07:52:59,525] Trial 1272 finished with value: 0.4984718282217282 and parameters: {'w0': 0.097, 'w1': 0.9510000000000001, 'w2': 0.139, 'w3': 0.127, 'w4': 0.961, 'w5': 0.965, 'w6': 0.34400000000000003, 'w7': 0.083, 'w8': 0.744, 'max_depth': 9, 'min_child_weight': 16, 'subsample': 0.8, 'colsample_bytree': 0.6000000000000001, 'gamma': 0.6000000000000001}. Best is trial 1267 with value: 0.5099314743075365.
[I 2023-10-20 07:54:04,814] Trial 1279 finished with value: 0.4480928002107044 and parameters: {'w0': 0.101, 'w1': 0.875, 'w2': 0.14, 'w3': 0.136, 'w4': 0.9530000000000001, 'w5': 0.134, 'w6': 0.418, 'w7': 0.054, 'w8': 0.6930000000000001, 'max_depth': 9, 'min_child_weight': 14, 'subsample': 0.8, 'colsample_bytree': 0.7, 'gamma': 3.6}. Best is trial 1267 with value: 0.5099314743075365.
[I 2023-10-20 07:54:29,873] Trial 1270 finished with value: 0.46117210143224757 and parameters: {'w0': 0.1, 'w1': 0.9500000000000001, 'w2': 0.879, 'w3': 0.133, 'w4': 0.892, 'w5': 0.973, 'w6': 0.34500000000000003, 'w7': 0.084, 'w8': 0.763, 'max_depth': 9, 'min_child_weight': 16, 'subsample': 0.8, 'colsample_bytree': 0.6000000000000001, 'gamma': 0.6000000000000001}. Best is trial 1267 with value: 0.5099314743075365.
[I 2023-10-20 07:54:48,019] Trial 1274 finished with value: 0.4905941163540032 and parameters: {'w0': 0.07100000000000001, 'w1': 0.868, 'w2': 0.139, 'w3': 0.14300000000000002, 'w4': 0.859, 'w5': 0.973, 'w6': 0.42, 'w7': 0.08800000000000001, 'w8': 0.6960000000000001, 'max_depth': 9, 'min_child_weight': 14, 'subsample': 0.8, 'colsample_bytree': 0.6000000000000001, 'gamma': 1.0}. Best is trial 1267 with value: 0.5099314743075365.
[I 2023-10-20 07:58:16,767] Trial 1276 finished with value: 0.49255469289555226 and parameters: {'w0': 0.091, 'w1': 0.9480000000000001, 'w2': 0.14100000000000001, 'w3': 0.531, 'w4': 0.9560000000000001, 'w5': 0.969, 'w6': 0.759, 'w7': 0.10200000000000001, 'w8': 0.6930000000000001, 'max_depth': 7, 'min_child_weight': 14, 'subsample': 0.8, 'colsample_bytree': 0.6000000000000001, 'gamma': 0.6000000000000001}. Best is trial 1267 with value: 0.5099314743075365.
[I 2023-10-20 07:58:38,186] Trial 1273 finished with value: 0.4613874506311131 and parameters: {'w0': 0.099, 'w1': 0.9420000000000001, 'w2': 0.789, 'w3': 0.132, 'w4': 0.9570000000000001, 'w5': 0.969, 'w6': 0.335, 'w7': 0.08, 'w8': 0.6940000000000001, 'max_depth': 9, 'min_child_weight': 16, 'subsample': 0.8, 'colsample_bytree': 0.6000000000000001, 'gamma': 0.6000000000000001}. Best is trial 1267 with value: 0.5099314743075365.
[I 2023-10-20 07:58:41,780] Trial 1278 finished with value: 0.49803584747538876 and parameters: {'w0': 0.099, 'w1': 0.253, 'w2': 0.136, 'w3': 0.521, 'w4': 0.9590000000000001, 'w5': 0.967, 'w6': 0.327, 'w7': 0.10400000000000001, 'w8': 0.6940000000000001, 'max_depth': 7, 'min_child_weight': 14, 'subsample': 0.8, 'colsample_bytree': 0.7, 'gamma': 0.6000000000000001}. Best is trial 1267 with value: 0.5099314743075365.
[I 2023-10-20 07:59:12,410] Trial 1277 finished with value: 0.47537398745648424 and parameters: {'w0': 0.076, 'w1': 0.867, 'w2': 0.40900000000000003, 'w3': 0.165, 'w4': 0.893, 'w5': 0.967, 'w6': 0.47700000000000004, 'w7': 0.096, 'w8': 0.6940000000000001, 'max_depth': 7, 'min_child_weight': 14, 'subsample': 0.8, 'colsample_bytree': 0.7, 'gamma': 0.6000000000000001}. Best is trial 1267 with value: 0.5099314743075365.
[I 2023-10-20 07:59:59,994] Trial 1280 finished with value: 0.5039998041335629 and parameters: {'w0': 0.10200000000000001, 'w1': 0.866, 'w2': 0.138, 'w3': 0.14, 'w4': 0.857, 'w5': 0.968, 'w6': 0.41600000000000004, 'w7': 0.101, 'w8': 0.6910000000000001, 'max_depth': 7, 'min_child_weight': 14, 'subsample': 0.8, 'colsample_bytree': 0.4, 'gamma': 0.6000000000000001}. Best is trial 1267 with value: 0.5099314743075365.
[I 2023-10-20 08:00:18,403] Trial 1284 finished with value: 0.46897238952873227 and parameters: {'w0': 0.046, 'w1': 0.858, 'w2': 0.062, 'w3': 0.131, 'w4': 0.9560000000000001, 'w5': 0.08600000000000001, 'w6': 0.333, 'w7': 0.053000000000000005, 'w8': 0.783, 'max_depth': 7, 'min_child_weight': 16, 'subsample': 0.8, 'colsample_bytree': 0.7, 'gamma': 0.6000000000000001}. Best is trial 1267 with value: 0.5099314743075365.
[I 2023-10-20 08:00:55,866] Trial 1281 finished with value: 0.5018385305018294 and parameters: {'w0': 0.11, 'w1': 0.805, 'w2': 0.14400000000000002, 'w3': 0.532, 'w4': 0.857, 'w5': 0.918, 'w6': 0.332, 'w7': 0.10400000000000001, 'w8': 0.6910000000000001, 'max_depth': 7, 'min_child_weight': 14, 'subsample': 0.8, 'colsample_bytree': 0.7, 'gamma': 0.6000000000000001}. Best is trial 1267 with value: 0.5099314743075365.
[I 2023-10-20 08:01:08,847] Trial 1283 finished with value: 0.4763916707266475 and parameters: {'w0': 0.049, 'w1': 0.864, 'w2': 0.069, 'w3': 0.134, 'w4': 0.9570000000000001, 'w5': 0.913, 'w6': 0.335, 'w7': 0.038, 'w8': 0.733, 'max_depth': 7, 'min_child_weight': 14, 'subsample': 0.8, 'colsample_bytree': 0.7, 'gamma': 0.6000000000000001}. Best is trial 1267 with value: 0.5099314743075365.
[I 2023-10-20 08:01:12,981] Trial 1287 finished with value: 0.4659958700561697 and parameters: {'w0': 0.060000000000000005, 'w1': 0.864, 'w2': 0.137, 'w3': 0.536, 'w4': 0.976, 'w5': 0.919, 'w6': 0.332, 'w7': 0.054, 'w8': 0.777, 'max_depth': 7, 'min_child_weight': 14, 'subsample': 0.8, 'colsample_bytree': 0.6000000000000001, 'gamma': 1.0}. Best is trial 1267 with value: 0.5099314743075365.
[I 2023-10-20 08:01:59,680] Trial 1282 finished with value: 0.5038447568478817 and parameters: {'w0': 0.097, 'w1': 0.871, 'w2': 0.14, 'w3': 0.533, 'w4': 0.9570000000000001, 'w5': 0.915, 'w6': 0.339, 'w7': 0.113, 'w8': 0.6940000000000001, 'max_depth': 9, 'min_child_weight': 14, 'subsample': 0.8, 'colsample_bytree': 0.7, 'gamma': 0.6000000000000001}. Best is trial 1267 with value: 0.5099314743075365.
[I 2023-10-20 08:02:58,945] Trial 1290 finished with value: 0.46550573020440683 and parameters: {'w0': 0.047, 'w1': 0.871, 'w2': 0.069, 'w3': 0.155, 'w4': 0.964, 'w5': 0.918, 'w6': 0.322, 'w7': 0.04, 'w8': 0.778, 'max_depth': 7, 'min_child_weight': 14, 'subsample': 0.8, 'colsample_bytree': 0.6000000000000001, 'gamma': 1.0}. Best is trial 1267 with value: 0.5099314743075365.
[I 2023-10-20 08:03:06,715] Trial 1286 finished with value: 0.477190506756469 and parameters: {'w0': 0.056, 'w1': 0.841, 'w2': 0.061, 'w3': 0.155, 'w4': 0.965, 'w5': 0.919, 'w6': 0.335, 'w7': 0.031, 'w8': 0.778, 'max_depth': 7, 'min_child_weight': 14, 'subsample': 0.8, 'colsample_bytree': 0.4, 'gamma': 0.4}. Best is trial 1267 with value: 0.5099314743075365.
[I 2023-10-20 08:03:30,024] Trial 1285 finished with value: 0.49829053528826145 and parameters: {'w0': 0.047, 'w1': 0.868, 'w2': 0.064, 'w3': 0.155, 'w4': 0.961, 'w5': 0.509, 'w6': 0.331, 'w7': 0.052000000000000005, 'w8': 0.782, 'max_depth': 9, 'min_child_weight': 14, 'subsample': 0.8, 'colsample_bytree': 0.7, 'gamma': 0.4}. Best is trial 1267 with value: 0.5099314743075365.
[I 2023-10-20 08:03:39,231] Trial 1289 finished with value: 0.4582610559792529 and parameters: {'w0': 0.064, 'w1': 0.859, 'w2': 0.139, 'w3': 0.16, 'w4': 0.9580000000000001, 'w5': 0.916, 'w6': 0.756, 'w7': 0.023, 'w8': 0.781, 'max_depth': 9, 'min_child_weight': 14, 'subsample': 0.8, 'colsample_bytree': 0.7, 'gamma': 1.0}. Best is trial 1267 with value: 0.5099314743075365.
[I 2023-10-20 08:06:40,322] Trial 1300 finished with value: 0.313178986828719 and parameters: {'w0': 0.075, 'w1': 0.8160000000000001, 'w2': 0.064, 'w3': 0.548, 'w4': 0.9560000000000001, 'w5': 0.9470000000000001, 'w6': 0.312, 'w7': 0.8300000000000001, 'w8': 0.785, 'max_depth': 9, 'min_child_weight': 16, 'subsample': 0.8, 'colsample_bytree': 0.6000000000000001, 'gamma': 8.0}. Best is trial 1267 with value: 0.5099314743075365.
[I 2023-10-20 08:06:40,578] Trial 1288 finished with value: 0.43190267003015415 and parameters: {'w0': 0.069, 'w1': 0.864, 'w2': 0.059000000000000004, 'w3': 0.153, 'w4': 0.858, 'w5': 0.918, 'w6': 0.333, 'w7': 0.442, 'w8': 0.779, 'max_depth': 7, 'min_child_weight': 14, 'subsample': 0.8, 'colsample_bytree': 0.7, 'gamma': 0.4}. Best is trial 1267 with value: 0.5099314743075365.
[I 2023-10-20 08:07:15,091] Trial 1291 finished with value: 0.48386915213383475 and parameters: {'w0': 0.054, 'w1': 0.868, 'w2': 0.07300000000000001, 'w3': 0.091, 'w4': 0.9600000000000001, 'w5': 0.9500000000000001, 'w6': 0.919, 'w7': 0.048, 'w8': 0.778, 'max_depth': 7, 'min_child_weight': 16, 'subsample': 0.8, 'colsample_bytree': 0.7, 'gamma': 0.4}. Best is trial 1267 with value: 0.5099314743075365.
[I 2023-10-20 08:08:27,158] Trial 1305 finished with value: 0.3517259134277047 and parameters: {'w0': 0.012, 'w1': 0.8320000000000001, 'w2': 0.069, 'w3': 0.094, 'w4': 0.86, 'w5': 0.9500000000000001, 'w6': 0.377, 'w7': 0.10500000000000001, 'w8': 0.74, 'max_depth': 9, 'min_child_weight': 16, 'subsample': 0.8, 'colsample_bytree': 0.5, 'gamma': 9.8}. Best is trial 1267 with value: 0.5099314743075365.
[I 2023-10-20 08:10:44,868] Trial 1293 finished with value: 0.49698272550496475 and parameters: {'w0': 0.062, 'w1': 0.864, 'w2': 0.078, 'w3': 0.156, 'w4': 0.9540000000000001, 'w5': 0.922, 'w6': 0.327, 'w7': 0.059000000000000004, 'w8': 0.777, 'max_depth': 7, 'min_child_weight': 16, 'subsample': 0.8, 'colsample_bytree': 0.7, 'gamma': 0.4}. Best is trial 1267 with value: 0.5099314743075365.
[I 2023-10-20 08:10:52,240] Trial 1292 finished with value: 0.47804739182308276 and parameters: {'w0': 0.037000000000000005, 'w1': 0.87, 'w2': 0.076, 'w3': 0.169, 'w4': 0.967, 'w5': 0.926, 'w6': 0.33, 'w7': 0.109, 'w8': 0.783, 'max_depth': 9, 'min_child_weight': 16, 'subsample': 0.8, 'colsample_bytree': 0.6000000000000001, 'gamma': 0.4}. Best is trial 1267 with value: 0.5099314743075365.
[I 2023-10-20 08:10:54,767] Trial 1294 finished with value: 0.49252233570358833 and parameters: {'w0': 0.044000000000000004, 'w1': 0.804, 'w2': 0.060000000000000005, 'w3': 0.15, 'w4': 0.9580000000000001, 'w5': 0.918, 'w6': 0.33, 'w7': 0.056, 'w8': 0.783, 'max_depth': 9, 'min_child_weight': 16, 'subsample': 0.8, 'colsample_bytree': 0.6000000000000001, 'gamma': 0.4}. Best is trial 1267 with value: 0.5099314743075365.
[I 2023-10-20 08:11:47,447] Trial 1295 finished with value: 0.4986538579650282 and parameters: {'w0': 0.055, 'w1': 0.835, 'w2': 0.065, 'w3': 0.153, 'w4': 0.964, 'w5': 0.9480000000000001, 'w6': 0.332, 'w7': 0.054, 'w8': 0.779, 'max_depth': 9, 'min_child_weight': 16, 'subsample': 0.8, 'colsample_bytree': 0.6000000000000001, 'gamma': 0.4}. Best is trial 1267 with value: 0.5099314743075365.
[I 2023-10-20 08:12:44,563] Trial 1296 finished with value: 0.5007985409261037 and parameters: {'w0': 0.07, 'w1': 0.835, 'w2': 0.07100000000000001, 'w3': 0.163, 'w4': 0.963, 'w5': 0.921, 'w6': 0.311, 'w7': 0.059000000000000004, 'w8': 0.78, 'max_depth': 9, 'min_child_weight': 16, 'subsample': 0.8, 'colsample_bytree': 0.6000000000000001, 'gamma': 0.4}. Best is trial 1267 with value: 0.5099314743075365.
[I 2023-10-20 08:12:56,868] Trial 1297 finished with value: 0.4947234086544107 and parameters: {'w0': 0.049, 'w1': 0.809, 'w2': 0.08, 'w3': 0.222, 'w4': 0.969, 'w5': 0.93, 'w6': 0.327, 'w7': 0.059000000000000004, 'w8': 0.78, 'max_depth': 9, 'min_child_weight': 16, 'subsample': 0.8, 'colsample_bytree': 0.6000000000000001, 'gamma': 0.4}. Best is trial 1267 with value: 0.5099314743075365.
[I 2023-10-20 08:13:27,398] Trial 1298 finished with value: 0.48779390577872367 and parameters: {'w0': 0.07200000000000001, 'w1': 0.835, 'w2': 0.074, 'w3': 0.17300000000000001, 'w4': 0.969, 'w5': 0.9500000000000001, 'w6': 0.325, 'w7': 0.037000000000000005, 'w8': 0.778, 'max_depth': 9, 'min_child_weight': 16, 'subsample': 0.8, 'colsample_bytree': 0.5, 'gamma': 0.4}. Best is trial 1267 with value: 0.5099314743075365.
[I 2023-10-20 08:14:26,773] Trial 1301 finished with value: 0.47917020758264084 and parameters: {'w0': 0.065, 'w1': 0.8320000000000001, 'w2': 0.067, 'w3': 0.17200000000000001, 'w4': 0.864, 'w5': 0.9470000000000001, 'w6': 0.307, 'w7': 0.026000000000000002, 'w8': 0.775, 'max_depth': 9, 'min_child_weight': 16, 'subsample': 0.8, 'colsample_bytree': 0.6000000000000001, 'gamma': 0.4}. Best is trial 1267 with value: 0.5099314743075365.
[I 2023-10-20 08:14:29,269] Trial 1299 finished with value: 0.4941223589549816 and parameters: {'w0': 0.074, 'w1': 0.838, 'w2': 0.13, 'w3': 0.097, 'w4': 0.975, 'w5': 0.926, 'w6': 0.305, 'w7': 0.058, 'w8': 0.77, 'max_depth': 9, 'min_child_weight': 16, 'subsample': 0.8, 'colsample_bytree': 0.6000000000000001, 'gamma': 0.4}. Best is trial 1267 with value: 0.5099314743075365.
[I 2023-10-20 08:15:42,842] Trial 1303 finished with value: 0.499484806741771 and parameters: {'w0': 0.074, 'w1': 0.8330000000000001, 'w2': 0.07, 'w3': 0.099, 'w4': 0.996, 'w5': 0.9460000000000001, 'w6': 0.376, 'w7': 0.054, 'w8': 0.729, 'max_depth': 9, 'min_child_weight': 16, 'subsample': 0.8, 'colsample_bytree': 0.6000000000000001, 'gamma': 0.4}. Best is trial 1267 with value: 0.5099314743075365.
[I 2023-10-20 08:15:58,011] Trial 1304 finished with value: 0.490982129948551 and parameters: {'w0': 0.068, 'w1': 0.8330000000000001, 'w2': 0.074, 'w3': 0.089, 'w4': 0.861, 'w5': 0.9480000000000001, 'w6': 0.371, 'w7': 0.10300000000000001, 'w8': 0.728, 'max_depth': 9, 'min_child_weight': 16, 'subsample': 0.8, 'colsample_bytree': 0.5, 'gamma': 0.4}. Best is trial 1267 with value: 0.5099314743075365.
[I 2023-10-20 08:17:30,097] Trial 1309 finished with value: 0.4661578732444511 and parameters: {'w0': 0.643, 'w1': 0.834, 'w2': 0.114, 'w3': 0.08600000000000001, 'w4': 0.935, 'w5': 0.9480000000000001, 'w6': 0.301, 'w7': 0.113, 'w8': 0.728, 'max_depth': 9, 'min_child_weight': 16, 'subsample': 0.8, 'colsample_bytree': 0.6000000000000001, 'gamma': 1.4000000000000001}. Best is trial 1267 with value: 0.5099314743075365.
[I 2023-10-20 08:17:48,005] Trial 1302 finished with value: 0.43864223932875207 and parameters: {'w0': 0.076, 'w1': 0.8200000000000001, 'w2': 0.079, 'w3': 0.09, 'w4': 0.9430000000000001, 'w5': 0.9440000000000001, 'w6': 0.266, 'w7': 0.447, 'w8': 0.781, 'max_depth': 9, 'min_child_weight': 16, 'subsample': 0.8, 'colsample_bytree': 0.6000000000000001, 'gamma': 0.4}. Best is trial 1267 with value: 0.5099314743075365.
[I 2023-10-20 08:18:32,506] Trial 1315 finished with value: 0.4642332774473553 and parameters: {'w0': 0.13, 'w1': 0.8320000000000001, 'w2': 0.114, 'w3': 0.587, 'w4': 0.931, 'w5': 0.9540000000000001, 'w6': 0.369, 'w7': 0.137, 'w8': 0.729, 'max_depth': 9, 'min_child_weight': 16, 'subsample': 0.8, 'colsample_bytree': 0.6000000000000001, 'gamma': 4.6000000000000005}. Best is trial 1267 with value: 0.5099314743075365.
[I 2023-10-20 08:19:31,081] Trial 1307 finished with value: 0.48890327713477255 and parameters: {'w0': 0.129, 'w1': 0.8260000000000001, 'w2': 0.07100000000000001, 'w3': 0.08600000000000001, 'w4': 0.997, 'w5': 0.9490000000000001, 'w6': 0.38, 'w7': 0.108, 'w8': 0.313, 'max_depth': 9, 'min_child_weight': 16, 'subsample': 0.8, 'colsample_bytree': 0.5, 'gamma': 0.4}. Best is trial 1267 with value: 0.5099314743075365.
[I 2023-10-20 08:19:31,210] Trial 1306 finished with value: 0.49312356440546434 and parameters: {'w0': 0.078, 'w1': 0.836, 'w2': 0.08, 'w3': 0.09, 'w4': 0.86, 'w5': 0.9470000000000001, 'w6': 0.378, 'w7': 0.112, 'w8': 0.732, 'max_depth': 9, 'min_child_weight': 16, 'subsample': 0.8, 'colsample_bytree': 0.5, 'gamma': 0.4}. Best is trial 1267 with value: 0.5099314743075365.
[I 2023-10-20 08:22:34,708] Trial 1308 finished with value: 0.5003211406156312 and parameters: {'w0': 0.076, 'w1': 0.8320000000000001, 'w2': 0.082, 'w3': 0.677, 'w4': 0.932, 'w5': 0.9490000000000001, 'w6': 0.377, 'w7': 0.10500000000000001, 'w8': 0.73, 'max_depth': 9, 'min_child_weight': 16, 'subsample': 0.8, 'colsample_bytree': 0.5, 'gamma': 0.2}. Best is trial 1267 with value: 0.5099314743075365.
[I 2023-10-20 08:24:36,508] Trial 1325 finished with value: 0.4124694959086149 and parameters: {'w0': 0.126, 'w1': 0.891, 'w2': 0.224, 'w3': 0.121, 'w4': 0.894, 'w5': 0.979, 'w6': 0.274, 'w7': 0.151, 'w8': 0.735, 'max_depth': 9, 'min_child_weight': 16, 'subsample': 0.5, 'colsample_bytree': 0.6000000000000001, 'gamma': 9.0}. Best is trial 1267 with value: 0.5099314743075365.
[I 2023-10-20 08:24:49,006] Trial 1324 finished with value: 0.4109526707216219 and parameters: {'w0': 0.129, 'w1': 0.892, 'w2': 0.114, 'w3': 0.11800000000000001, 'w4': 0.403, 'w5': 0.983, 'w6': 0.266, 'w7': 0.158, 'w8': 0.729, 'max_depth': 9, 'min_child_weight': 16, 'subsample': 0.8, 'colsample_bytree': 0.6000000000000001, 'gamma': 6.800000000000001}. Best is trial 1267 with value: 0.5099314743075365.
[I 2023-10-20 08:25:37,908] Trial 1311 finished with value: 0.4949707019810641 and parameters: {'w0': 0.131, 'w1': 0.8330000000000001, 'w2': 0.114, 'w3': 0.077, 'w4': 0.9380000000000001, 'w5': 0.9450000000000001, 'w6': 0.263, 'w7': 0.137, 'w8': 0.723, 'max_depth': 9, 'min_child_weight': 16, 'subsample': 0.8, 'colsample_bytree': 0.6000000000000001, 'gamma': 0.2}. Best is trial 1267 with value: 0.5099314743075365.
[I 2023-10-20 08:26:03,037] Trial 1312 finished with value: 0.49496654145489505 and parameters: {'w0': 0.079, 'w1': 0.842, 'w2': 0.114, 'w3': 0.091, 'w4': 0.891, 'w5': 0.9470000000000001, 'w6': 0.375, 'w7': 0.147, 'w8': 0.741, 'max_depth': 9, 'min_child_weight': 16, 'subsample': 0.8, 'colsample_bytree': 0.6000000000000001, 'gamma': 0.2}. Best is trial 1267 with value: 0.5099314743075365.
