[I 2023-10-20 02:18:07,297] Trial 879 finished with value: 0.5065915982688958 and parameters: {'w0': 0.168, 'w1': 0.891, 'w2': 0.111, 'w3': 0.461, 'w4': 0.879, 'w5': 0.9520000000000001, 'w6': 0.28800000000000003, 'w7': 0.095, 'w8': 0.78, 'max_depth': 8, 'min_child_weight': 14, 'subsample': 0.8, 'colsample_bytree': 0.6000000000000001, 'gamma': 0.0}. Best is trial 556 with value: 0.5099189407344089.
[I 2023-10-20 02:19:10,184] Trial 878 finished with value: 0.4845161472092041 and parameters: {'w0': 0.97, 'w1': 0.886, 'w2': 0.095, 'w3': 0.459, 'w4': 0.88, 'w5': 0.9490000000000001, 'w6': 0.29, 'w7': 0.093, 'w8': 0.782, 'max_depth': 8, 'min_child_weight': 14, 'subsample': 0.8, 'colsample_bytree': 0.9000000000000001, 'gamma': 0.0}. Best is trial 556 with value: 0.5099189407344089.
[I 2023-10-20 02:20:57,254] Trial 880 finished with value: 0.4535468599472907 and parameters: {'w0': 0.162, 'w1': 0.806, 'w2': 0.111, 'w3': 0.466, 'w4': 0.9, 'w5': 0.9500000000000001, 'w6': 0.29, 'w7': 0.51, 'w8': 0.777, 'max_depth': 8, 'min_child_weight': 14, 'subsample': 0.8, 'colsample_bytree': 0.6000000000000001, 'gamma': 0.0}. Best is trial 556 with value: 0.5099189407344089.
[I 2023-10-20 02:22:00,309] Trial 882 finished with value: 0.5060031273715591 and parameters: {'w0': 0.164, 'w1': 0.799, 'w2': 0.106, 'w3': 0.452, 'w4': 0.897, 'w5': 0.9510000000000001, 'w6': 0.291, 'w7': 0.107, 'w8': 0.78, 'max_depth': 8, 'min_child_weight': 14, 'subsample': 0.8, 'colsample_bytree': 0.9000000000000001, 'gamma': 0.0}. Best is trial 556 with value: 0.5099189407344089.
[I 2023-10-20 02:22:48,433] Trial 884 finished with value: 0.37718254967910353 and parameters: {'w0': 0.001, 'w1': 0.802, 'w2': 0.11, 'w3': 0.47500000000000003, 'w4': 0.898, 'w5': 0.11800000000000001, 'w6': 0.291, 'w7': 0.498, 'w8': 0.779, 'max_depth': 8, 'min_child_weight': 14, 'subsample': 0.8, 'colsample_bytree': 0.9000000000000001, 'gamma': 0.0}. Best is trial 556 with value: 0.5099189407344089.
[I 2023-10-20 02:23:15,095] Trial 883 finished with value: 0.5054806629814764 and parameters: {'w0': 0.165, 'w1': 0.894, 'w2': 0.114, 'w3': 0.46900000000000003, 'w4': 0.888, 'w5': 0.9480000000000001, 'w6': 0.291, 'w7': 0.108, 'w8': 0.782, 'max_depth': 8, 'min_child_weight': 14, 'subsample': 0.8, 'colsample_bytree': 0.9000000000000001, 'gamma': 0.0}. Best is trial 556 with value: 0.5099189407344089.
[I 2023-10-20 02:25:25,307] Trial 885 finished with value: 0.5081231848000815 and parameters: {'w0': 0.161, 'w1': 0.804, 'w2': 0.111, 'w3': 0.465, 'w4': 0.899, 'w5': 0.9480000000000001, 'w6': 0.28600000000000003, 'w7': 0.117, 'w8': 0.774, 'max_depth': 8, 'min_child_weight': 14, 'subsample': 0.8, 'colsample_bytree': 0.6000000000000001, 'gamma': 0.0}. Best is trial 556 with value: 0.5099189407344089.
[I 2023-10-20 02:26:23,103] Trial 886 finished with value: 0.4775463408426012 and parameters: {'w0': 0.203, 'w1': 0.896, 'w2': 0.112, 'w3': 0.449, 'w4': 0.868, 'w5': 0.9520000000000001, 'w6': 0.28600000000000003, 'w7': 0.035, 'w8': 0.882, 'max_depth': 8, 'min_child_weight': 14, 'subsample': 0.8, 'colsample_bytree': 0.6000000000000001, 'gamma': 0.0}. Best is trial 556 with value: 0.5099189407344089.
[I 2023-10-20 02:27:51,117] Trial 888 finished with value: 0.5028231180310391 and parameters: {'w0': 0.163, 'w1': 0.9, 'w2': 0.108, 'w3': 0.364, 'w4': 0.757, 'w5': 0.9490000000000001, 'w6': 0.28700000000000003, 'w7': 0.107, 'w8': 0.881, 'max_depth': 8, 'min_child_weight': 14, 'subsample': 0.8, 'colsample_bytree': 0.8, 'gamma': 0.0}. Best is trial 556 with value: 0.5099189407344089.
[I 2023-10-20 02:28:11,066] Trial 889 finished with value: 0.4818611845729 and parameters: {'w0': 0.163, 'w1': 0.808, 'w2': 0.11, 'w3': 0.391, 'w4': 0.903, 'w5': 0.9460000000000001, 'w6': 0.28, 'w7': 0.035, 'w8': 0.89, 'max_depth': 8, 'min_child_weight': 14, 'subsample': 0.8, 'colsample_bytree': 0.8, 'gamma': 0.0}. Best is trial 556 with value: 0.5099189407344089.
[I 2023-10-20 02:28:31,924] Trial 887 finished with value: 0.44704924682575936 and parameters: {'w0': 0.728, 'w1': 0.902, 'w2': 0.117, 'w3': 0.392, 'w4': 0.9, 'w5': 0.9520000000000001, 'w6': 0.28600000000000003, 'w7': 0.509, 'w8': 0.808, 'max_depth': 8, 'min_child_weight': 16, 'subsample': 0.8, 'colsample_bytree': 0.9000000000000001, 'gamma': 0.0}. Best is trial 556 with value: 0.5099189407344089.
[I 2023-10-20 02:28:39,958] Trial 890 finished with value: 0.4867184321737778 and parameters: {'w0': 0.163, 'w1': 0.803, 'w2': 0.112, 'w3': 0.341, 'w4': 0.901, 'w5': 0.9500000000000001, 'w6': 0.292, 'w7': 0.04, 'w8': 0.81, 'max_depth': 8, 'min_child_weight': 12, 'subsample': 0.8, 'colsample_bytree': 0.8, 'gamma': 0.0}. Best is trial 556 with value: 0.5099189407344089.
[I 2023-10-20 02:29:40,270] Trial 891 finished with value: 0.49368600439840243 and parameters: {'w0': 0.166, 'w1': 0.9, 'w2': 0.096, 'w3': 0.384, 'w4': 0.861, 'w5': 0.9470000000000001, 'w6': 0.28300000000000003, 'w7': 0.047, 'w8': 0.81, 'max_depth': 8, 'min_child_weight': 12, 'subsample': 0.8, 'colsample_bytree': 0.8, 'gamma': 0.0}. Best is trial 556 with value: 0.5099189407344089.
[I 2023-10-20 02:30:06,031] Trial 892 finished with value: 0.4889498764824406 and parameters: {'w0': 0.20400000000000001, 'w1': 0.902, 'w2': 0.084, 'w3': 0.374, 'w4': 0.86, 'w5': 0.9550000000000001, 'w6': 0.8330000000000001, 'w7': 0.043000000000000003, 'w8': 0.807, 'max_depth': 8, 'min_child_weight': 14, 'subsample': 0.8, 'colsample_bytree': 0.7, 'gamma': 0.0}. Best is trial 556 with value: 0.5099189407344089.
[I 2023-10-20 02:30:23,172] Trial 893 finished with value: 0.4686064097464802 and parameters: {'w0': 0.201, 'w1': 0.915, 'w2': 0.056, 'w3': 0.377, 'w4': 0.901, 'w5': 0.9500000000000001, 'w6': 0.8320000000000001, 'w7': 0.022000000000000002, 'w8': 0.812, 'max_depth': 8, 'min_child_weight': 12, 'subsample': 0.8, 'colsample_bytree': 0.6000000000000001, 'gamma': 0.2}. Best is trial 556 with value: 0.5099189407344089.
[I 2023-10-20 02:31:16,649] Trial 894 finished with value: 0.4868077164061131 and parameters: {'w0': 0.203, 'w1': 0.922, 'w2': 0.052000000000000005, 'w3': 0.391, 'w4': 0.904, 'w5': 0.921, 'w6': 0.846, 'w7': 0.037000000000000005, 'w8': 0.811, 'max_depth': 8, 'min_child_weight': 14, 'subsample': 0.8, 'colsample_bytree': 0.7, 'gamma': 0.0}. Best is trial 556 with value: 0.5099189407344089.
[I 2023-10-20 02:33:01,946] Trial 895 finished with value: 0.4848676760486686 and parameters: {'w0': 0.201, 'w1': 0.92, 'w2': 0.057, 'w3': 0.356, 'w4': 0.864, 'w5': 0.909, 'w6': 0.713, 'w7': 0.033, 'w8': 0.902, 'max_depth': 8, 'min_child_weight': 14, 'subsample': 0.8, 'colsample_bytree': 0.7, 'gamma': 0.0}. Best is trial 556 with value: 0.5099189407344089.
[I 2023-10-20 02:34:17,143] Trial 896 finished with value: 0.48696534153323434 and parameters: {'w0': 0.199, 'w1': 0.923, 'w2': 0.08800000000000001, 'w3': 0.362, 'w4': 0.903, 'w5': 0.902, 'w6': 0.714, 'w7': 0.039, 'w8': 0.8180000000000001, 'max_depth': 8, 'min_child_weight': 14, 'subsample': 0.8, 'colsample_bytree': 0.7, 'gamma': 0.0}. Best is trial 556 with value: 0.5099189407344089.
[I 2023-10-20 02:35:56,218] Trial 897 finished with value: 0.4873651484533148 and parameters: {'w0': 0.2, 'w1': 0.919, 'w2': 0.052000000000000005, 'w3': 0.353, 'w4': 0.857, 'w5': 0.912, 'w6': 0.686, 'w7': 0.036000000000000004, 'w8': 0.812, 'max_depth': 8, 'min_child_weight': 14, 'subsample': 0.8, 'colsample_bytree': 0.7, 'gamma': 0.0}. Best is trial 556 with value: 0.5099189407344089.
[I 2023-10-20 02:36:39,105] Trial 898 finished with value: 0.49794167806895295 and parameters: {'w0': 0.20700000000000002, 'w1': 0.917, 'w2': 0.052000000000000005, 'w3': 0.368, 'w4': 0.854, 'w5': 0.909, 'w6': 0.276, 'w7': 0.049, 'w8': 0.812, 'max_depth': 8, 'min_child_weight': 14, 'subsample': 0.8, 'colsample_bytree': 0.7, 'gamma': 0.0}. Best is trial 556 with value: 0.5099189407344089.
[I 2023-10-20 02:37:32,571] Trial 900 finished with value: 0.49500595386795276 and parameters: {'w0': 0.194, 'w1': 0.928, 'w2': 0.052000000000000005, 'w3': 0.34900000000000003, 'w4': 0.853, 'w5': 0.91, 'w6': 0.276, 'w7': 0.046, 'w8': 0.884, 'max_depth': 8, 'min_child_weight': 16, 'subsample': 0.8, 'colsample_bytree': 0.7, 'gamma': 0.0}. Best is trial 556 with value: 0.5099189407344089.
[I 2023-10-20 02:38:05,732] Trial 899 finished with value: 0.4881002784939116 and parameters: {'w0': 0.197, 'w1': 0.912, 'w2': 0.060000000000000005, 'w3': 0.34900000000000003, 'w4': 0.858, 'w5': 0.913, 'w6': 0.278, 'w7': 0.112, 'w8': 0.896, 'max_depth': 8, 'min_child_weight': 12, 'subsample': 0.8, 'colsample_bytree': 0.8, 'gamma': 0.0}. Best is trial 556 with value: 0.5099189407344089.
[I 2023-10-20 02:38:31,610] Trial 911 finished with value: 0.4750859721644193 and parameters: {'w0': 0.14100000000000001, 'w1': 0.794, 'w2': 0.13, 'w3': 0.468, 'w4': 0.922, 'w5': 0.924, 'w6': 0.23900000000000002, 'w7': 0.115, 'w8': 0.8, 'max_depth': 8, 'min_child_weight': 14, 'subsample': 0.8, 'colsample_bytree': 0.6000000000000001, 'gamma': 4.6000000000000005}. Best is trial 556 with value: 0.5099189407344089.
[I 2023-10-20 02:39:13,100] Trial 901 finished with value: 0.47134840171853143 and parameters: {'w0': 0.146, 'w1': 0.793, 'w2': 0.083, 'w3': 0.362, 'w4': 0.908, 'w5': 0.378, 'w6': 0.223, 'w7': 0.021, 'w8': 0.809, 'max_depth': 8, 'min_child_weight': 12, 'subsample': 0.8, 'colsample_bytree': 0.6000000000000001, 'gamma': 0.0}. Best is trial 556 with value: 0.5099189407344089.
[I 2023-10-20 02:41:14,952] Trial 902 finished with value: 0.49891072252541896 and parameters: {'w0': 0.148, 'w1': 0.805, 'w2': 0.084, 'w3': 0.4, 'w4': 0.91, 'w5': 0.91, 'w6': 0.6970000000000001, 'w7': 0.116, 'w8': 0.809, 'max_depth': 8, 'min_child_weight': 14, 'subsample': 0.8, 'colsample_bytree': 0.7, 'gamma': 0.0}. Best is trial 556 with value: 0.5099189407344089.
[I 2023-10-20 02:42:24,372] Trial 903 finished with value: 0.4969378096085145 and parameters: {'w0': 0.148, 'w1': 0.796, 'w2': 0.058, 'w3': 0.934, 'w4': 0.91, 'w5': 0.913, 'w6': 0.245, 'w7': 0.048, 'w8': 0.807, 'max_depth': 8, 'min_child_weight': 12, 'subsample': 0.8, 'colsample_bytree': 0.6000000000000001, 'gamma': 0.0}. Best is trial 556 with value: 0.5099189407344089.
[I 2023-10-20 02:43:07,275] Trial 904 finished with value: 0.4950512932572071 and parameters: {'w0': 0.199, 'w1': 0.793, 'w2': 0.052000000000000005, 'w3': 0.195, 'w4': 0.919, 'w5': 0.915, 'w6': 0.886, 'w7': 0.046, 'w8': 0.802, 'max_depth': 8, 'min_child_weight': 12, 'subsample': 0.8, 'colsample_bytree': 0.6000000000000001, 'gamma': 0.0}. Best is trial 556 with value: 0.5099189407344089.
[I 2023-10-20 02:43:37,088] Trial 905 finished with value: 0.495779626079899 and parameters: {'w0': 0.14400000000000002, 'w1': 0.76, 'w2': 0.085, 'w3': 0.444, 'w4': 0.917, 'w5': 0.91, 'w6': 0.242, 'w7': 0.122, 'w8': 0.8140000000000001, 'max_depth': 8, 'min_child_weight': 12, 'subsample': 0.8, 'colsample_bytree': 0.6000000000000001, 'gamma': 0.0}. Best is trial 556 with value: 0.5099189407344089.
[I 2023-10-20 02:43:42,950] Trial 906 finished with value: 0.4833748270896218 and parameters: {'w0': 0.14400000000000002, 'w1': 0.925, 'w2': 0.053000000000000005, 'w3': 0.444, 'w4': 0.923, 'w5': 0.917, 'w6': 0.511, 'w7': 0.11800000000000001, 'w8': 0.806, 'max_depth': 8, 'min_child_weight': 12, 'subsample': 0.8, 'colsample_bytree': 0.6000000000000001, 'gamma': 0.0}. Best is trial 556 with value: 0.5099189407344089.
[I 2023-10-20 02:44:15,595] Trial 907 finished with value: 0.4854085608731746 and parameters: {'w0': 0.146, 'w1': 0.922, 'w2': 0.055, 'w3': 0.423, 'w4': 0.92, 'w5': 0.914, 'w6': 0.232, 'w7': 0.122, 'w8': 0.803, 'max_depth': 8, 'min_child_weight': 14, 'subsample': 0.8, 'colsample_bytree': 0.8, 'gamma': 0.0}. Best is trial 556 with value: 0.5099189407344089.
[I 2023-10-20 02:45:19,809] Trial 909 finished with value: 0.48005589903843954 and parameters: {'w0': 0.14500000000000002, 'w1': 0.922, 'w2': 0.555, 'w3': 0.418, 'w4': 0.924, 'w5': 0.922, 'w6': 0.23800000000000002, 'w7': 0.113, 'w8': 0.806, 'max_depth': 8, 'min_child_weight': 14, 'subsample': 0.8, 'colsample_bytree': 0.6000000000000001, 'gamma': 0.0}. Best is trial 556 with value: 0.5099189407344089.
[I 2023-10-20 02:45:32,678] Trial 908 finished with value: 0.4850466980840697 and parameters: {'w0': 0.146, 'w1': 0.925, 'w2': 0.057, 'w3': 0.42, 'w4': 0.923, 'w5': 0.912, 'w6': 0.962, 'w7': 0.117, 'w8': 0.81, 'max_depth': 8, 'min_child_weight': 12, 'subsample': 0.8, 'colsample_bytree': 0.6000000000000001, 'gamma': 0.0}. Best is trial 556 with value: 0.5099189407344089.
[I 2023-10-20 02:46:14,473] Trial 910 finished with value: 0.5009717275604484 and parameters: {'w0': 0.14100000000000001, 'w1': 0.926, 'w2': 0.129, 'w3': 0.436, 'w4': 0.928, 'w5': 0.907, 'w6': 0.906, 'w7': 0.117, 'w8': 0.797, 'max_depth': 8, 'min_child_weight': 14, 'subsample': 0.8, 'colsample_bytree': 0.6000000000000001, 'gamma': 0.0}. Best is trial 556 with value: 0.5099189407344089.
[I 2023-10-20 02:50:46,598] Trial 913 finished with value: 0.5081422905369406 and parameters: {'w0': 0.146, 'w1': 0.8180000000000001, 'w2': 0.129, 'w3': 0.419, 'w4': 0.929, 'w5': 0.923, 'w6': 0.243, 'w7': 0.11800000000000001, 'w8': 0.803, 'max_depth': 8, 'min_child_weight': 14, 'subsample': 0.8, 'colsample_bytree': 0.6000000000000001, 'gamma': 0.2}. Best is trial 556 with value: 0.5099189407344089.
[I 2023-10-20 02:50:54,606] Trial 912 finished with value: 0.5019350980892755 and parameters: {'w0': 0.139, 'w1': 0.808, 'w2': 0.134, 'w3': 0.41400000000000003, 'w4': 0.924, 'w5': 0.925, 'w6': 0.262, 'w7': 0.108, 'w8': 0.8, 'max_depth': 8, 'min_child_weight': 6, 'subsample': 0.8, 'colsample_bytree': 0.7, 'gamma': 0.0}. Best is trial 556 with value: 0.5099189407344089.
[I 2023-10-20 02:51:34,774] Trial 914 finished with value: 0.5056290097626823 and parameters: {'w0': 0.14, 'w1': 0.8230000000000001, 'w2': 0.131, 'w3': 0.427, 'w4': 0.928, 'w5': 0.978, 'w6': 0.243, 'w7': 0.11800000000000001, 'w8': 0.792, 'max_depth': 8, 'min_child_weight': 12, 'subsample': 0.8, 'colsample_bytree': 0.6000000000000001, 'gamma': 0.2}. Best is trial 556 with value: 0.5099189407344089.
[I 2023-10-20 02:51:52,569] Trial 916 finished with value: 0.500247015856121 and parameters: {'w0': 0.136, 'w1': 0.8140000000000001, 'w2': 0.128, 'w3': 0.438, 'w4': 0.923, 'w5': 0.979, 'w6': 0.22, 'w7': 0.11900000000000001, 'w8': 0.796, 'max_depth': 8, 'min_child_weight': 12, 'subsample': 0.8, 'colsample_bytree': 0.6000000000000001, 'gamma': 0.4}. Best is trial 556 with value: 0.5099189407344089.
[I 2023-10-20 02:52:50,991] Trial 918 finished with value: 0.5004263563431801 and parameters: {'w0': 0.069, 'w1': 0.8200000000000001, 'w2': 0.129, 'w3': 0.423, 'w4': 0.921, 'w5': 0.977, 'w6': 0.495, 'w7': 0.124, 'w8': 0.793, 'max_depth': 8, 'min_child_weight': 12, 'subsample': 0.8, 'colsample_bytree': 0.6000000000000001, 'gamma': 0.4}. Best is trial 556 with value: 0.5099189407344089.
[I 2023-10-20 02:52:59,939] Trial 915 finished with value: 0.473423749389248 and parameters: {'w0': 0.14300000000000002, 'w1': 0.763, 'w2': 0.998, 'w3': 0.42, 'w4': 0.927, 'w5': 0.979, 'w6': 0.485, 'w7': 0.122, 'w8': 0.793, 'max_depth': 8, 'min_child_weight': 14, 'subsample': 0.8, 'colsample_bytree': 0.6000000000000001, 'gamma': 0.2}. Best is trial 556 with value: 0.5099189407344089.
[I 2023-10-20 02:53:13,181] Trial 917 finished with value: 0.494164790206615 and parameters: {'w0': 0.067, 'w1': 0.81, 'w2': 0.131, 'w3': 0.421, 'w4': 0.924, 'w5': 0.28900000000000003, 'w6': 0.251, 'w7': 0.127, 'w8': 0.8, 'max_depth': 8, 'min_child_weight': 12, 'subsample': 0.8, 'colsample_bytree': 0.6000000000000001, 'gamma': 0.2}. Best is trial 556 with value: 0.5099189407344089.
[I 2023-10-20 02:55:47,406] Trial 919 finished with value: 0.5018166074022113 and parameters: {'w0': 0.069, 'w1': 0.8170000000000001, 'w2': 0.125, 'w3': 0.439, 'w4': 0.971, 'w5': 0.978, 'w6': 0.234, 'w7': 0.12000000000000001, 'w8': 0.769, 'max_depth': 8, 'min_child_weight': 12, 'subsample': 0.8, 'colsample_bytree': 0.6000000000000001, 'gamma': 0.2}. Best is trial 556 with value: 0.5099189407344089.
[I 2023-10-20 02:56:20,393] Trial 924 finished with value: 0.5024107524590979 and parameters: {'w0': 0.085, 'w1': 0.8210000000000001, 'w2': 0.129, 'w3': 0.423, 'w4': 0.977, 'w5': 0.981, 'w6': 0.26, 'w7': 0.133, 'w8': 0.767, 'max_depth': 6, 'min_child_weight': 6, 'subsample': 0.8, 'colsample_bytree': 0.6000000000000001, 'gamma': 0.4}. Best is trial 556 with value: 0.5099189407344089.
[I 2023-10-20 02:57:18,758] Trial 920 finished with value: 0.5011289293827867 and parameters: {'w0': 0.138, 'w1': 0.853, 'w2': 0.133, 'w3': 0.427, 'w4': 0.927, 'w5': 0.517, 'w6': 0.745, 'w7': 0.127, 'w8': 0.767, 'max_depth': 8, 'min_child_weight': 12, 'subsample': 0.8, 'colsample_bytree': 0.8, 'gamma': 0.4}. Best is trial 556 with value: 0.5099189407344089.
[I 2023-10-20 02:57:35,281] Trial 921 finished with value: 0.5046667374530845 and parameters: {'w0': 0.138, 'w1': 0.853, 'w2': 0.131, 'w3': 0.423, 'w4': 0.977, 'w5': 0.979, 'w6': 0.253, 'w7': 0.128, 'w8': 0.768, 'max_depth': 8, 'min_child_weight': 14, 'subsample': 0.8, 'colsample_bytree': 0.8, 'gamma': 0.4}. Best is trial 556 with value: 0.5099189407344089.
[I 2023-10-20 02:58:22,348] Trial 923 finished with value: 0.500149809576611 and parameters: {'w0': 0.07200000000000001, 'w1': 0.8170000000000001, 'w2': 0.124, 'w3': 0.41000000000000003, 'w4': 0.967, 'w5': 0.981, 'w6': 0.908, 'w7': 0.12000000000000001, 'w8': 0.768, 'max_depth': 8, 'min_child_weight': 14, 'subsample': 0.8, 'colsample_bytree': 0.8, 'gamma': 0.4}. Best is trial 556 with value: 0.5099189407344089.
[I 2023-10-20 02:58:35,402] Trial 922 finished with value: 0.47344866392815554 and parameters: {'w0': 0.929, 'w1': 0.8170000000000001, 'w2': 0.128, 'w3': 0.419, 'w4': 0.927, 'w5': 0.982, 'w6': 0.257, 'w7': 0.122, 'w8': 0.773, 'max_depth': 8, 'min_child_weight': 14, 'subsample': 0.8, 'colsample_bytree': 0.6000000000000001, 'gamma': 0.4}. Best is trial 556 with value: 0.5099189407344089.
[I 2023-10-20 02:58:38,319] Trial 925 finished with value: 0.36311740729620534 and parameters: {'w0': 0.074, 'w1': 0.855, 'w2': 0.918, 'w3': 0.001, 'w4': 0.933, 'w5': 0.978, 'w6': 0.259, 'w7': 0.132, 'w8': 0.767, 'max_depth': 7, 'min_child_weight': 6, 'subsample': 0.8, 'colsample_bytree': 0.6000000000000001, 'gamma': 0.4}. Best is trial 556 with value: 0.5099189407344089.
[I 2023-10-20 02:58:43,219] Trial 926 finished with value: 0.5023820886727067 and parameters: {'w0': 0.13, 'w1': 0.854, 'w2': 0.126, 'w3': 0.436, 'w4': 0.969, 'w5': 0.981, 'w6': 0.254, 'w7': 0.137, 'w8': 0.766, 'max_depth': 7, 'min_child_weight': 16, 'subsample': 0.8, 'colsample_bytree': 0.6000000000000001, 'gamma': 0.4}. Best is trial 556 with value: 0.5099189407344089.
[I 2023-10-20 03:00:16,944] Trial 927 finished with value: 0.5039253729569467 and parameters: {'w0': 0.095, 'w1': 0.856, 'w2': 0.13, 'w3': 0.419, 'w4': 0.967, 'w5': 0.979, 'w6': 0.768, 'w7': 0.134, 'w8': 0.736, 'max_depth': 8, 'min_child_weight': 16, 'subsample': 0.8, 'colsample_bytree': 0.6000000000000001, 'gamma': 0.4}. Best is trial 556 with value: 0.5099189407344089.
[I 2023-10-20 03:02:29,097] Trial 937 finished with value: 0.3487929928671241 and parameters: {'w0': 0.10200000000000001, 'w1': 0.772, 'w2': 0.08700000000000001, 'w3': 0.47000000000000003, 'w4': 0.9420000000000001, 'w5': 0.978, 'w6': 0.218, 'w7': 0.47000000000000003, 'w8': 0.741, 'max_depth': 8, 'min_child_weight': 14, 'subsample': 0.7, 'colsample_bytree': 0.9000000000000001, 'gamma': 10.0}. Best is trial 556 with value: 0.5099189407344089.
[I 2023-10-20 03:05:03,466] Trial 929 finished with value: 0.4753946003764676 and parameters: {'w0': 0.079, 'w1': 0.8210000000000001, 'w2': 0.393, 'w3': 0.09, 'w4': 0.9460000000000001, 'w5': 0.981, 'w6': 0.224, 'w7': 0.134, 'w8': 0.766, 'max_depth': 8, 'min_child_weight': 14, 'subsample': 0.8, 'colsample_bytree': 0.6000000000000001, 'gamma': 0.4}. Best is trial 556 with value: 0.5099189407344089.
[I 2023-10-20 03:05:05,541] Trial 930 finished with value: 0.4958698461617526 and parameters: {'w0': 0.067, 'w1': 0.77, 'w2': 0.126, 'w3': 0.41600000000000004, 'w4': 0.9410000000000001, 'w5': 0.979, 'w6': 0.254, 'w7': 0.134, 'w8': 0.767, 'max_depth': 8, 'min_child_weight': 14, 'subsample': 0.8, 'colsample_bytree': 0.6000000000000001, 'gamma': 0.4}. Best is trial 556 with value: 0.5099189407344089.
[I 2023-10-20 03:05:19,397] Trial 931 finished with value: 0.4938863694145653 and parameters: {'w0': 0.069, 'w1': 0.8230000000000001, 'w2': 0.125, 'w3': 0.125, 'w4': 0.966, 'w5': 0.981, 'w6': 0.47500000000000003, 'w7': 0.135, 'w8': 0.768, 'max_depth': 8, 'min_child_weight': 14, 'subsample': 0.8, 'colsample_bytree': 0.6000000000000001, 'gamma': 0.4}. Best is trial 556 with value: 0.5099189407344089.
[I 2023-10-20 03:05:48,697] Trial 932 finished with value: 0.4885889543350567 and parameters: {'w0': 0.08, 'w1': 0.841, 'w2': 0.093, 'w3': 0.123, 'w4': 0.98, 'w5': 0.858, 'w6': 0.34700000000000003, 'w7': 0.137, 'w8': 0.77, 'max_depth': 8, 'min_child_weight': 14, 'subsample': 0.8, 'colsample_bytree': 0.6000000000000001, 'gamma': 0.4}. Best is trial 556 with value: 0.5099189407344089.
[I 2023-10-20 03:05:51,496] Trial 928 finished with value: 0.48250327821376804 and parameters: {'w0': 0.918, 'w1': 0.809, 'w2': 0.128, 'w3': 0.427, 'w4': 0.9460000000000001, 'w5': 0.976, 'w6': 0.248, 'w7': 0.135, 'w8': 0.768, 'max_depth': 8, 'min_child_weight': 14, 'subsample': 0.8, 'colsample_bytree': 0.6000000000000001, 'gamma': 0.4}. Best is trial 556 with value: 0.5099189407344089.
[I 2023-10-20 03:06:14,445] Trial 939 finished with value: 0.4807541968617115 and parameters: {'w0': 0.108, 'w1': 0.774, 'w2': 0.09, 'w3': 0.091, 'w4': 0.9400000000000001, 'w5': 0.029, 'w6': 0.362, 'w7': 0.10400000000000001, 'w8': 0.732, 'max_depth': 8, 'min_child_weight': 14, 'subsample': 0.9000000000000001, 'colsample_bytree': 0.6000000000000001, 'gamma': 0.8}. Best is trial 556 with value: 0.5099189407344089.
