[I 2023-10-20 10:01:05,361] Trial 1426 finished with value: 0.49819407451178094 and parameters: {'w0': 0.166, 'w1': 0.8180000000000001, 'w2': 0.17, 'w3': 0.435, 'w4': 0.883, 'w5': 0.787, 'w6': 0.456, 'w7': 0.113, 'w8': 0.787, 'max_depth': 8, 'min_child_weight': 20, 'subsample': 0.7, 'colsample_bytree': 0.6000000000000001, 'gamma': 0.0}. Best is trial 1267 with value: 0.5099314743075365.
[I 2023-10-20 10:01:07,881] Trial 1424 finished with value: 0.49991931843978255 and parameters: {'w0': 0.16, 'w1': 0.81, 'w2': 0.17500000000000002, 'w3': 0.44, 'w4': 0.879, 'w5': 0.9500000000000001, 'w6': 0.405, 'w7': 0.114, 'w8': 0.74, 'max_depth': 8, 'min_child_weight': 16, 'subsample': 0.7, 'colsample_bytree': 0.6000000000000001, 'gamma': 0.0}. Best is trial 1267 with value: 0.5099314743075365.
[I 2023-10-20 10:02:23,051] Trial 1420 finished with value: 0.4901327025528031 and parameters: {'w0': 0.482, 'w1': 0.811, 'w2': 0.169, 'w3': 0.462, 'w4': 0.876, 'w5': 0.904, 'w6': 0.41000000000000003, 'w7': 0.136, 'w8': 0.504, 'max_depth': 10, 'min_child_weight': 14, 'subsample': 1.0, 'colsample_bytree': 0.6000000000000001, 'gamma': 0.0}. Best is trial 1267 with value: 0.5099314743075365.
[I 2023-10-20 10:02:52,757] Trial 1427 finished with value: 0.5041576255186399 and parameters: {'w0': 0.167, 'w1': 0.8200000000000001, 'w2': 0.171, 'w3': 0.463, 'w4': 0.846, 'w5': 0.9480000000000001, 'w6': 0.547, 'w7': 0.132, 'w8': 0.74, 'max_depth': 8, 'min_child_weight': 16, 'subsample': 1.0, 'colsample_bytree': 0.6000000000000001, 'gamma': 0.0}. Best is trial 1267 with value: 0.5099314743075365.
[I 2023-10-20 10:04:16,640] Trial 1435 finished with value: 0.3991746754908493 and parameters: {'w0': 0.47500000000000003, 'w1': 0.869, 'w2': 0.077, 'w3': 0.534, 'w4': 0.851, 'w5': 0.965, 'w6': 0.355, 'w7': 0.11, 'w8': 0.733, 'max_depth': 8, 'min_child_weight': 16, 'subsample': 0.8, 'colsample_bytree': 0.6000000000000001, 'gamma': 8.6}. Best is trial 1267 with value: 0.5099314743075365.
[I 2023-10-20 10:05:27,098] Trial 1428 finished with value: 0.5023740219614699 and parameters: {'w0': 0.165, 'w1': 0.875, 'w2': 0.17200000000000001, 'w3': 0.462, 'w4': 0.874, 'w5': 0.787, 'w6': 0.549, 'w7': 0.134, 'w8': 0.738, 'max_depth': 8, 'min_child_weight': 20, 'subsample': 0.7, 'colsample_bytree': 0.6000000000000001, 'gamma': 0.0}. Best is trial 1267 with value: 0.5099314743075365.
[I 2023-10-20 10:06:00,212] Trial 1429 finished with value: 0.4989625529923468 and parameters: {'w0': 0.159, 'w1': 0.868, 'w2': 0.171, 'w3': 0.792, 'w4': 0.887, 'w5': 0.9500000000000001, 'w6': 0.361, 'w7': 0.117, 'w8': 0.502, 'max_depth': 8, 'min_child_weight': 16, 'subsample': 0.7, 'colsample_bytree': 0.6000000000000001, 'gamma': 0.0}. Best is trial 1267 with value: 0.5099314743075365.
[I 2023-10-20 10:06:47,492] Trial 1440 finished with value: 0.4776281874649808 and parameters: {'w0': 0.129, 'w1': 0.872, 'w2': 0.108, 'w3': 0.20400000000000001, 'w4': 0.852, 'w5': 0.967, 'w6': 0.34400000000000003, 'w7': 0.09, 'w8': 0.741, 'max_depth': 8, 'min_child_weight': 16, 'subsample': 0.8, 'colsample_bytree': 0.9000000000000001, 'gamma': 4.2}. Best is trial 1267 with value: 0.5099314743075365.
[I 2023-10-20 10:10:45,304] Trial 1433 finished with value: 0.4918799556962176 and parameters: {'w0': 0.17, 'w1': 0.869, 'w2': 0.083, 'w3': 0.195, 'w4': 0.879, 'w5': 0.775, 'w6': 0.361, 'w7': 0.11, 'w8': 0.739, 'max_depth': 8, 'min_child_weight': 20, 'subsample': 0.6000000000000001, 'colsample_bytree': 0.6000000000000001, 'gamma': 0.0}. Best is trial 1267 with value: 0.5099314743075365.
[I 2023-10-20 10:11:15,842] Trial 1431 finished with value: 0.4974476388729777 and parameters: {'w0': 0.167, 'w1': 0.8230000000000001, 'w2': 0.165, 'w3': 0.46, 'w4': 0.88, 'w5': 0.9510000000000001, 'w6': 0.366, 'w7': 0.11900000000000001, 'w8': 0.744, 'max_depth': 8, 'min_child_weight': 20, 'subsample': 0.7, 'colsample_bytree': 0.6000000000000001, 'gamma': 0.0}. Best is trial 1267 with value: 0.5099314743075365.
[I 2023-10-20 10:11:48,680] Trial 1432 finished with value: 0.4989349040399618 and parameters: {'w0': 0.167, 'w1': 0.868, 'w2': 0.085, 'w3': 0.459, 'w4': 0.845, 'w5': 0.758, 'w6': 0.368, 'w7': 0.113, 'w8': 0.741, 'max_depth': 8, 'min_child_weight': 16, 'subsample': 1.0, 'colsample_bytree': 0.6000000000000001, 'gamma': 0.0}. Best is trial 1267 with value: 0.5099314743075365.
[I 2023-10-20 10:12:22,006] Trial 1430 finished with value: 0.44228046839372115 and parameters: {'w0': 0.166, 'w1': 0.403, 'w2': 0.161, 'w3': 0.446, 'w4': 0.878, 'w5': 0.9560000000000001, 'w6': 0.885, 'w7': 0.722, 'w8': 0.737, 'max_depth': 8, 'min_child_weight': 16, 'subsample': 0.6000000000000001, 'colsample_bytree': 0.6000000000000001, 'gamma': 0.0}. Best is trial 1267 with value: 0.5099314743075365.
[I 2023-10-20 10:12:44,489] Trial 1434 finished with value: 0.4979230586540014 and parameters: {'w0': 0.134, 'w1': 0.865, 'w2': 0.082, 'w3': 0.539, 'w4': 0.84, 'w5': 0.9530000000000001, 'w6': 0.554, 'w7': 0.11, 'w8': 0.741, 'max_depth': 8, 'min_child_weight': 16, 'subsample': 0.6000000000000001, 'colsample_bytree': 0.6000000000000001, 'gamma': 0.0}. Best is trial 1267 with value: 0.5099314743075365.
[I 2023-10-20 10:12:46,900] Trial 1438 finished with value: 0.502654584093334 and parameters: {'w0': 0.138, 'w1': 0.863, 'w2': 0.099, 'w3': 0.538, 'w4': 0.841, 'w5': 0.966, 'w6': 0.357, 'w7': 0.092, 'w8': 0.743, 'max_depth': 6, 'min_child_weight': 18, 'subsample': 0.8, 'colsample_bytree': 0.6000000000000001, 'gamma': 0.4}. Best is trial 1267 with value: 0.5099314743075365.
[I 2023-10-20 10:13:42,930] Trial 1439 finished with value: 0.505900061701699 and parameters: {'w0': 0.134, 'w1': 0.873, 'w2': 0.1, 'w3': 0.534, 'w4': 0.843, 'w5': 0.972, 'w6': 0.34700000000000003, 'w7': 0.093, 'w8': 0.741, 'max_depth': 6, 'min_child_weight': 16, 'subsample': 0.8, 'colsample_bytree': 0.9000000000000001, 'gamma': 0.4}. Best is trial 1267 with value: 0.5099314743075365.
[I 2023-10-20 10:14:04,626] Trial 1437 finished with value: 0.5000373536679747 and parameters: {'w0': 0.164, 'w1': 0.875, 'w2': 0.111, 'w3': 0.544, 'w4': 0.841, 'w5': 0.8140000000000001, 'w6': 0.364, 'w7': 0.112, 'w8': 0.746, 'max_depth': 8, 'min_child_weight': 20, 'subsample': 0.8, 'colsample_bytree': 0.5, 'gamma': 0.4}. Best is trial 1267 with value: 0.5099314743075365.
[I 2023-10-20 10:14:44,894] Trial 1436 finished with value: 0.49861158596510413 and parameters: {'w0': 0.165, 'w1': 0.87, 'w2': 0.10500000000000001, 'w3': 0.644, 'w4': 0.84, 'w5': 0.9580000000000001, 'w6': 0.34700000000000003, 'w7': 0.112, 'w8': 0.739, 'max_depth': 8, 'min_child_weight': 18, 'subsample': 0.8, 'colsample_bytree': 0.5, 'gamma': 0.0}. Best is trial 1267 with value: 0.5099314743075365.
[I 2023-10-20 10:14:48,597] Trial 1441 finished with value: 0.4958408000698158 and parameters: {'w0': 0.131, 'w1': 0.877, 'w2': 0.109, 'w3': 0.537, 'w4': 0.844, 'w5': 0.965, 'w6': 0.343, 'w7': 0.091, 'w8': 0.74, 'max_depth': 9, 'min_child_weight': 18, 'subsample': 0.6000000000000001, 'colsample_bytree': 0.5, 'gamma': 0.4}. Best is trial 1267 with value: 0.5099314743075365.
[I 2023-10-20 10:15:18,808] Trial 1443 finished with value: 0.5048865820654211 and parameters: {'w0': 0.132, 'w1': 0.872, 'w2': 0.107, 'w3': 0.538, 'w4': 0.98, 'w5': 0.964, 'w6': 0.34700000000000003, 'w7': 0.092, 'w8': 0.745, 'max_depth': 6, 'min_child_weight': 18, 'subsample': 0.8, 'colsample_bytree': 0.9000000000000001, 'gamma': 0.4}. Best is trial 1267 with value: 0.5099314743075365.
[I 2023-10-20 10:16:22,007] Trial 1444 finished with value: 0.5025141890261543 and parameters: {'w0': 0.139, 'w1': 0.875, 'w2': 0.109, 'w3': 0.201, 'w4': 0.98, 'w5': 0.97, 'w6': 0.318, 'w7': 0.09, 'w8': 0.746, 'max_depth': 6, 'min_child_weight': 18, 'subsample': 0.8, 'colsample_bytree': 0.9000000000000001, 'gamma': 0.4}. Best is trial 1267 with value: 0.5099314743075365.
[I 2023-10-20 10:17:50,838] Trial 1442 finished with value: 0.45556840929304965 and parameters: {'w0': 0.14200000000000002, 'w1': 0.873, 'w2': 0.108, 'w3': 0.538, 'w4': 0.857, 'w5': 0.809, 'w6': 0.888, 'w7': 0.484, 'w8': 0.743, 'max_depth': 9, 'min_child_weight': 18, 'subsample': 0.8, 'colsample_bytree': 0.5, 'gamma': 0.4}. Best is trial 1267 with value: 0.5099314743075365.
[I 2023-10-20 10:18:17,592] Trial 1445 finished with value: 0.447140158472357 and parameters: {'w0': 0.137, 'w1': 0.84, 'w2': 0.10500000000000001, 'w3': 0.202, 'w4': 0.844, 'w5': 0.971, 'w6': 0.343, 'w7': 0.487, 'w8': 0.752, 'max_depth': 6, 'min_child_weight': 18, 'subsample': 0.8, 'colsample_bytree': 0.9000000000000001, 'gamma': 0.4}. Best is trial 1267 with value: 0.5099314743075365.
[I 2023-10-20 10:18:24,066] Trial 1446 finished with value: 0.5052539383304417 and parameters: {'w0': 0.133, 'w1': 0.843, 'w2': 0.10500000000000001, 'w3': 0.5760000000000001, 'w4': 0.978, 'w5': 0.98, 'w6': 0.34, 'w7': 0.091, 'w8': 0.645, 'max_depth': 6, 'min_child_weight': 18, 'subsample': 0.8, 'colsample_bytree': 0.9000000000000001, 'gamma': 0.4}. Best is trial 1267 with value: 0.5099314743075365.
[I 2023-10-20 10:18:45,162] Trial 1447 finished with value: 0.46449767610045356 and parameters: {'w0': 0.134, 'w1': 0.903, 'w2': 0.107, 'w3': 0.537, 'w4': 0.23500000000000001, 'w5': 0.98, 'w6': 0.28500000000000003, 'w7': 0.053000000000000005, 'w8': 0.743, 'max_depth': 6, 'min_child_weight': 18, 'subsample': 0.6000000000000001, 'colsample_bytree': 0.9000000000000001, 'gamma': 0.4}. Best is trial 1267 with value: 0.5099314743075365.
[I 2023-10-20 10:21:22,320] Trial 1456 finished with value: 0.46579849670008955 and parameters: {'w0': 0.135, 'w1': 0.907, 'w2': 0.117, 'w3': 0.5690000000000001, 'w4': 0.983, 'w5': 0.982, 'w6': 0.32, 'w7': 0.056, 'w8': 0.644, 'max_depth': 9, 'min_child_weight': 18, 'subsample': 0.8, 'colsample_bytree': 0.9000000000000001, 'gamma': 2.6}. Best is trial 1267 with value: 0.5099314743075365.
[I 2023-10-20 10:23:16,920] Trial 1449 finished with value: 0.5032079817289082 and parameters: {'w0': 0.131, 'w1': 0.843, 'w2': 0.112, 'w3': 0.17, 'w4': 0.731, 'w5': 0.983, 'w6': 0.28500000000000003, 'w7': 0.091, 'w8': 0.78, 'max_depth': 6, 'min_child_weight': 18, 'subsample': 0.8, 'colsample_bytree': 0.9000000000000001, 'gamma': 0.4}. Best is trial 1267 with value: 0.5099314743075365.
[I 2023-10-20 10:25:03,802] Trial 1448 finished with value: 0.5041189380583726 and parameters: {'w0': 0.133, 'w1': 0.841, 'w2': 0.10500000000000001, 'w3': 0.54, 'w4': 0.978, 'w5': 0.979, 'w6': 0.28600000000000003, 'w7': 0.092, 'w8': 0.64, 'max_depth': 9, 'min_child_weight': 18, 'subsample': 0.8, 'colsample_bytree': 0.9000000000000001, 'gamma': 0.4}. Best is trial 1267 with value: 0.5099314743075365.
[I 2023-10-20 10:25:23,317] Trial 1452 finished with value: 0.5079103746161946 and parameters: {'w0': 0.14, 'w1': 0.901, 'w2': 0.112, 'w3': 0.579, 'w4': 0.926, 'w5': 0.8210000000000001, 'w6': 0.34600000000000003, 'w7': 0.1, 'w8': 0.765, 'max_depth': 6, 'min_child_weight': 18, 'subsample': 0.8, 'colsample_bytree': 0.9000000000000001, 'gamma': 0.4}. Best is trial 1267 with value: 0.5099314743075365.
[I 2023-10-20 10:25:53,271] Trial 1454 finished with value: 0.4863118812129474 and parameters: {'w0': 0.134, 'w1': 0.902, 'w2': 0.116, 'w3': 0.64, 'w4': 0.923, 'w5': 0.728, 'w6': 0.279, 'w7': 0.057, 'w8': 0.642, 'max_depth': 9, 'min_child_weight': 18, 'subsample': 0.8, 'colsample_bytree': 0.9000000000000001, 'gamma': 0.6000000000000001}. Best is trial 1267 with value: 0.5099314743075365.
[I 2023-10-20 10:26:13,645] Trial 1450 finished with value: 0.493266989930361 and parameters: {'w0': 0.135, 'w1': 0.901, 'w2': 0.107, 'w3': 0.5770000000000001, 'w4': 0.927, 'w5': 0.98, 'w6': 0.343, 'w7': 0.057, 'w8': 0.776, 'max_depth': 9, 'min_child_weight': 18, 'subsample': 0.8, 'colsample_bytree': 0.9000000000000001, 'gamma': 0.4}. Best is trial 1267 with value: 0.5099314743075365.
[I 2023-10-20 10:26:41,194] Trial 1459 finished with value: 0.48075510872670396 and parameters: {'w0': 0.107, 'w1': 0.904, 'w2': 0.113, 'w3': 0.5740000000000001, 'w4': 0.904, 'w5': 0.983, 'w6': 0.85, 'w7': 0.063, 'w8': 0.639, 'max_depth': 9, 'min_child_weight': 16, 'subsample': 0.8, 'colsample_bytree': 0.8, 'gamma': 1.0}. Best is trial 1267 with value: 0.5099314743075365.
[I 2023-10-20 10:26:43,618] Trial 1451 finished with value: 0.4882520729164527 and parameters: {'w0': 0.133, 'w1': 0.902, 'w2': 0.111, 'w3': 0.644, 'w4': 0.901, 'w5': 0.981, 'w6': 0.28300000000000003, 'w7': 0.052000000000000005, 'w8': 0.781, 'max_depth': 9, 'min_child_weight': 18, 'subsample': 0.8, 'colsample_bytree': 0.9000000000000001, 'gamma': 0.4}. Best is trial 1267 with value: 0.5099314743075365.
[I 2023-10-20 10:26:51,687] Trial 1455 finished with value: 0.4862996337831673 and parameters: {'w0': 0.131, 'w1': 0.9, 'w2': 0.109, 'w3': 0.5690000000000001, 'w4': 0.979, 'w5': 0.983, 'w6': 0.28600000000000003, 'w7': 0.058, 'w8': 0.841, 'max_depth': 9, 'min_child_weight': 18, 'subsample': 0.8, 'colsample_bytree': 0.9000000000000001, 'gamma': 0.6000000000000001}. Best is trial 1267 with value: 0.5099314743075365.
[I 2023-10-20 10:27:09,508] Trial 1453 finished with value: 0.46798362633719226 and parameters: {'w0': 0.505, 'w1': 0.903, 'w2': 0.111, 'w3': 0.5680000000000001, 'w4': 0.9, 'w5': 0.984, 'w6': 0.28500000000000003, 'w7': 0.05, 'w8': 0.835, 'max_depth': 9, 'min_child_weight': 18, 'subsample': 0.8, 'colsample_bytree': 0.9000000000000001, 'gamma': 0.6000000000000001}. Best is trial 1267 with value: 0.5099314743075365.
[I 2023-10-20 10:27:33,560] Trial 1458 finished with value: 0.4898898610274905 and parameters: {'w0': 0.11, 'w1': 0.895, 'w2': 0.116, 'w3': 0.5740000000000001, 'w4': 0.93, 'w5': 0.987, 'w6': 0.28400000000000003, 'w7': 0.056, 'w8': 0.8330000000000001, 'max_depth': 9, 'min_child_weight': 16, 'subsample': 0.8, 'colsample_bytree': 0.8, 'gamma': 0.6000000000000001}. Best is trial 1267 with value: 0.5099314743075365.
[I 2023-10-20 10:29:01,786] Trial 1457 finished with value: 0.494505081443413 and parameters: {'w0': 0.136, 'w1': 0.904, 'w2': 0.113, 'w3': 0.514, 'w4': 0.928, 'w5': 0.981, 'w6': 0.281, 'w7': 0.062, 'w8': 0.645, 'max_depth': 9, 'min_child_weight': 18, 'subsample': 0.8, 'colsample_bytree': 0.9000000000000001, 'gamma': 0.4}. Best is trial 1267 with value: 0.5099314743075365.
[I 2023-10-20 10:30:04,785] Trial 1462 finished with value: 0.48526575306017744 and parameters: {'w0': 0.113, 'w1': 0.905, 'w2': 0.147, 'w3': 0.579, 'w4': 0.926, 'w5': 0.985, 'w6': 0.293, 'w7': 0.196, 'w8': 0.778, 'max_depth': 9, 'min_child_weight': 16, 'subsample': 0.9000000000000001, 'colsample_bytree': 0.9000000000000001, 'gamma': 0.6000000000000001}. Best is trial 1267 with value: 0.5099314743075365.
[I 2023-10-20 10:30:43,178] Trial 1460 finished with value: 0.4976213593633126 and parameters: {'w0': 0.113, 'w1': 0.842, 'w2': 0.154, 'w3': 0.5730000000000001, 'w4': 0.925, 'w5': 0.387, 'w6': 0.28800000000000003, 'w7': 0.131, 'w8': 0.838, 'max_depth': 9, 'min_child_weight': 16, 'subsample': 0.8, 'colsample_bytree': 0.9000000000000001, 'gamma': 0.6000000000000001}. Best is trial 1267 with value: 0.5099314743075365.
[I 2023-10-20 10:31:13,781] Trial 1461 finished with value: 0.4843296893404705 and parameters: {'w0': 0.114, 'w1': 0.9, 'w2': 0.148, 'w3': 0.509, 'w4': 0.93, 'w5': 0.983, 'w6': 0.28300000000000003, 'w7': 0.056, 'w8': 0.781, 'max_depth': 9, 'min_child_weight': 16, 'subsample': 0.8, 'colsample_bytree': 0.9000000000000001, 'gamma': 0.6000000000000001}. Best is trial 1267 with value: 0.5099314743075365.
[I 2023-10-20 10:31:16,289] Trial 1463 finished with value: 0.48293609241363344 and parameters: {'w0': 0.183, 'w1': 0.903, 'w2': 0.14100000000000001, 'w3': 0.171, 'w4': 0.904, 'w5': 0.982, 'w6': 0.28600000000000003, 'w7': 0.055, 'w8': 0.834, 'max_depth': 9, 'min_child_weight': 16, 'subsample': 0.8, 'colsample_bytree': 0.8, 'gamma': 0.6000000000000001}. Best is trial 1267 with value: 0.5099314743075365.
[I 2023-10-20 10:32:46,721] Trial 1465 finished with value: 0.4588578405969384 and parameters: {'w0': 0.107, 'w1': 0.903, 'w2': 0.14500000000000002, 'w3': 0.51, 'w4': 0.926, 'w5': 1.0, 'w6': 0.455, 'w7': 0.132, 'w8': 0.085, 'max_depth': 9, 'min_child_weight': 16, 'subsample': 0.8, 'colsample_bytree': 0.9000000000000001, 'gamma': 1.0}. Best is trial 1267 with value: 0.5099314743075365.
[I 2023-10-20 10:33:06,440] Trial 1464 finished with value: 0.48524617197024156 and parameters: {'w0': 0.107, 'w1': 0.842, 'w2': 0.14100000000000001, 'w3': 0.511, 'w4': 0.928, 'w5': 0.999, 'w6': 0.28300000000000003, 'w7': 0.197, 'w8': 0.836, 'max_depth': 9, 'min_child_weight': 16, 'subsample': 0.9000000000000001, 'colsample_bytree': 0.8, 'gamma': 0.6000000000000001}. Best is trial 1267 with value: 0.5099314743075365.
[I 2023-10-20 10:33:39,519] Trial 1467 finished with value: 0.4735943488368382 and parameters: {'w0': 0.18, 'w1': 0.917, 'w2': 0.14400000000000002, 'w3': 0.616, 'w4': 0.927, 'w5': 0.385, 'w6': 0.32, 'w7': 0.058, 'w8': 0.8300000000000001, 'max_depth': 6, 'min_child_weight': 18, 'subsample': 0.9000000000000001, 'colsample_bytree': 0.9000000000000001, 'gamma': 1.0}. Best is trial 1267 with value: 0.5099314743075365.
[I 2023-10-20 10:34:14,105] Trial 1468 finished with value: 0.4771186608839123 and parameters: {'w0': 0.18, 'w1': 0.9, 'w2': 0.15, 'w3': 0.602, 'w4': 0.916, 'w5': 0.84, 'w6': 0.32, 'w7': 0.059000000000000004, 'w8': 0.787, 'max_depth': 6, 'min_child_weight': 18, 'subsample': 0.9000000000000001, 'colsample_bytree': 0.9000000000000001, 'gamma': 1.0}. Best is trial 1267 with value: 0.5099314743075365.
[I 2023-10-20 10:34:29,299] Trial 1471 finished with value: 0.4458665621528741 and parameters: {'w0': 0.182, 'w1': 0.915, 'w2': 0.152, 'w3': 0.6, 'w4': 0.929, 'w5': 0.379, 'w6': 0.314, 'w7': 0.129, 'w8': 0.056, 'max_depth': 7, 'min_child_weight': 18, 'subsample': 0.9000000000000001, 'colsample_bytree': 0.9000000000000001, 'gamma': 1.0}. Best is trial 1267 with value: 0.5099314743075365.
[I 2023-10-20 10:35:53,913] Trial 1466 finished with value: 0.48346647639669693 and parameters: {'w0': 0.11, 'w1': 0.9, 'w2': 0.14400000000000002, 'w3': 0.5650000000000001, 'w4': 0.927, 'w5': 0.934, 'w6': 0.312, 'w7': 0.193, 'w8': 0.78, 'max_depth': 9, 'min_child_weight': 16, 'subsample': 0.8, 'colsample_bytree': 1.0, 'gamma': 1.0}. Best is trial 1267 with value: 0.5099314743075365.
[I 2023-10-20 10:35:58,962] Trial 1473 finished with value: 0.48835384268929694 and parameters: {'w0': 0.188, 'w1': 0.937, 'w2': 0.14500000000000002, 'w3': 0.613, 'w4': 0.935, 'w5': 0.858, 'w6': 0.313, 'w7': 0.189, 'w8': 0.784, 'max_depth': 6, 'min_child_weight': 18, 'subsample': 0.9000000000000001, 'colsample_bytree': 0.9000000000000001, 'gamma': 1.0}. Best is trial 1267 with value: 0.5099314743075365.
[I 2023-10-20 10:36:29,114] Trial 1474 finished with value: 0.5033541348621654 and parameters: {'w0': 0.188, 'w1': 0.934, 'w2': 0.14500000000000002, 'w3': 0.609, 'w4': 0.927, 'w5': 0.861, 'w6': 0.315, 'w7': 0.136, 'w8': 0.784, 'max_depth': 7, 'min_child_weight': 18, 'subsample': 0.9000000000000001, 'colsample_bytree': 0.9000000000000001, 'gamma': 1.0}. Best is trial 1267 with value: 0.5099314743075365.
[I 2023-10-20 10:37:02,615] Trial 1470 finished with value: 0.4766504756829114 and parameters: {'w0': 0.183, 'w1': 0.904, 'w2': 0.149, 'w3': 0.613, 'w4': 0.931, 'w5': 0.926, 'w6': 0.315, 'w7': 0.041, 'w8': 0.838, 'max_depth': 6, 'min_child_weight': 18, 'subsample': 0.9000000000000001, 'colsample_bytree': 0.9000000000000001, 'gamma': 0.6000000000000001}. Best is trial 1267 with value: 0.5099314743075365.
[I 2023-10-20 10:37:11,515] Trial 1469 finished with value: 0.48109137556600445 and parameters: {'w0': 0.185, 'w1': 0.904, 'w2': 0.148, 'w3': 0.607, 'w4': 0.923, 'w5': 0.886, 'w6': 0.317, 'w7': 0.062, 'w8': 0.784, 'max_depth': 7, 'min_child_weight': 18, 'subsample': 0.9000000000000001, 'colsample_bytree': 0.9000000000000001, 'gamma': 0.6000000000000001}. Best is trial 1267 with value: 0.5099314743075365.
[I 2023-10-20 10:37:48,040] Trial 1475 finished with value: 0.4874091636770574 and parameters: {'w0': 0.181, 'w1': 0.931, 'w2': 0.148, 'w3': 0.595, 'w4': 0.935, 'w5': 0.8270000000000001, 'w6': 0.311, 'w7': 0.193, 'w8': 0.777, 'max_depth': 6, 'min_child_weight': 18, 'subsample': 0.9000000000000001, 'colsample_bytree': 0.9000000000000001, 'gamma': 1.0}. Best is trial 1267 with value: 0.5099314743075365.
[I 2023-10-20 10:38:23,325] Trial 1472 finished with value: 0.4771012126703043 and parameters: {'w0': 0.508, 'w1': 0.933, 'w2': 0.147, 'w3': 0.599, 'w4': 0.928, 'w5': 0.853, 'w6': 0.314, 'w7': 0.08700000000000001, 'w8': 0.8280000000000001, 'max_depth': 6, 'min_child_weight': 18, 'subsample': 0.9000000000000001, 'colsample_bytree': 0.9000000000000001, 'gamma': 0.6000000000000001}. Best is trial 1267 with value: 0.5099314743075365.
[I 2023-10-20 10:38:37,195] Trial 1476 finished with value: 0.5032457104008875 and parameters: {'w0': 0.181, 'w1': 0.936, 'w2': 0.149, 'w3': 0.629, 'w4': 0.936, 'w5': 0.928, 'w6': 0.314, 'w7': 0.132, 'w8': 0.768, 'max_depth': 6, 'min_child_weight': 18, 'subsample': 0.9000000000000001, 'colsample_bytree': 0.9000000000000001, 'gamma': 1.0}. Best is trial 1267 with value: 0.5099314743075365.
[I 2023-10-20 10:39:44,697] Trial 1479 finished with value: 0.48555841305762004 and parameters: {'w0': 0.193, 'w1': 0.927, 'w2': 0.074, 'w3': 0.606, 'w4': 0.904, 'w5': 0.842, 'w6': 0.318, 'w7': 0.089, 'w8': 0.787, 'max_depth': 6, 'min_child_weight': 18, 'subsample': 0.9000000000000001, 'colsample_bytree': 0.9000000000000001, 'gamma': 1.0}. Best is trial 1267 with value: 0.5099314743075365.
[I 2023-10-20 10:39:59,192] Trial 1478 finished with value: 0.48800578290805624 and parameters: {'w0': 0.179, 'w1': 0.935, 'w2': 0.07300000000000001, 'w3': 0.613, 'w4': 0.902, 'w5': 0.853, 'w6': 0.318, 'w7': 0.089, 'w8': 0.788, 'max_depth': 7, 'min_child_weight': 18, 'subsample': 0.9000000000000001, 'colsample_bytree': 0.9000000000000001, 'gamma': 1.0}. Best is trial 1267 with value: 0.5099314743075365.
