[I 2023-10-20 00:47:07,812] Trial 764 finished with value: 0.500049314095237 and parameters: {'w0': 0.257, 'w1': 0.9440000000000001, 'w2': 0.19, 'w3': 0.84, 'w4': 0.894, 'w5': 0.986, 'w6': 0.309, 'w7': 0.157, 'w8': 0.719, 'max_depth': 9, 'min_child_weight': 18, 'subsample': 0.8, 'colsample_bytree': 0.9000000000000001, 'gamma': 0.0}. Best is trial 556 with value: 0.5099189407344089.
[I 2023-10-20 00:48:12,751] Trial 768 finished with value: 0.5037609995839086 and parameters: {'w0': 0.194, 'w1': 0.963, 'w2': 0.182, 'w3': 0.47500000000000003, 'w4': 0.887, 'w5': 0.984, 'w6': 0.314, 'w7': 0.153, 'w8': 0.72, 'max_depth': 9, 'min_child_weight': 18, 'subsample': 0.8, 'colsample_bytree': 0.9000000000000001, 'gamma': 0.0}. Best is trial 556 with value: 0.5099189407344089.
[I 2023-10-20 00:48:22,297] Trial 773 finished with value: 0.4717266453215887 and parameters: {'w0': 0.19, 'w1': 0.964, 'w2': 0.804, 'w3': 0.47800000000000004, 'w4': 0.898, 'w5': 0.983, 'w6': 0.264, 'w7': 0.155, 'w8': 0.725, 'max_depth': 9, 'min_child_weight': 18, 'subsample': 0.8, 'colsample_bytree': 0.9000000000000001, 'gamma': 1.0}. Best is trial 556 with value: 0.5099189407344089.
[I 2023-10-20 00:48:44,258] Trial 774 finished with value: 0.5012936609278849 and parameters: {'w0': 0.191, 'w1': 0.963, 'w2': 0.194, 'w3': 0.538, 'w4': 0.908, 'w5': 0.907, 'w6': 0.314, 'w7': 0.149, 'w8': 0.744, 'max_depth': 9, 'min_child_weight': 18, 'subsample': 0.8, 'colsample_bytree': 0.9000000000000001, 'gamma': 1.0}. Best is trial 556 with value: 0.5099189407344089.
[I 2023-10-20 00:50:34,804] Trial 775 finished with value: 0.4632639038007422 and parameters: {'w0': 0.171, 'w1': 0.964, 'w2': 0.218, 'w3': 0.594, 'w4': 0.904, 'w5': 0.91, 'w6': 0.262, 'w7': 0.428, 'w8': 0.723, 'max_depth': 7, 'min_child_weight': 18, 'subsample': 0.8, 'colsample_bytree': 0.9000000000000001, 'gamma': 1.0}. Best is trial 556 with value: 0.5099189407344089.
[I 2023-10-20 00:55:19,093] Trial 778 finished with value: 0.4959870300413537 and parameters: {'w0': 0.17200000000000001, 'w1': 0.8310000000000001, 'w2': 0.185, 'w3': 0.541, 'w4': 0.907, 'w5': 0.916, 'w6': 0.27, 'w7': 0.154, 'w8': 0.744, 'max_depth': 9, 'min_child_weight': 18, 'subsample': 0.8, 'colsample_bytree': 0.9000000000000001, 'gamma': 0.6000000000000001}. Best is trial 556 with value: 0.5099189407344089.
[I 2023-10-20 00:55:24,407] Trial 779 finished with value: 0.5015130181862709 and parameters: {'w0': 0.17, 'w1': 0.8260000000000001, 'w2': 0.129, 'w3': 0.543, 'w4': 0.998, 'w5': 0.911, 'w6': 0.259, 'w7': 0.15, 'w8': 0.744, 'max_depth': 9, 'min_child_weight': 16, 'subsample': 0.8, 'colsample_bytree': 0.9000000000000001, 'gamma': 0.6000000000000001}. Best is trial 556 with value: 0.5099189407344089.
[I 2023-10-20 00:55:54,411] Trial 777 finished with value: 0.4988495921825862 and parameters: {'w0': 0.184, 'w1': 0.966, 'w2': 0.189, 'w3': 0.994, 'w4': 1.0, 'w5': 0.911, 'w6': 0.262, 'w7': 0.155, 'w8': 0.72, 'max_depth': 9, 'min_child_weight': 18, 'subsample': 0.8, 'colsample_bytree': 0.9000000000000001, 'gamma': 0.6000000000000001}. Best is trial 556 with value: 0.5099189407344089.
[I 2023-10-20 00:56:58,087] Trial 776 finished with value: 0.5048556272963336 and parameters: {'w0': 0.171, 'w1': 0.968, 'w2': 0.19, 'w3': 0.541, 'w4': 0.907, 'w5': 0.98, 'w6': 0.265, 'w7': 0.156, 'w8': 0.744, 'max_depth': 9, 'min_child_weight': 18, 'subsample': 0.8, 'colsample_bytree': 0.9000000000000001, 'gamma': 0.0}. Best is trial 556 with value: 0.5099189407344089.
[I 2023-10-20 00:57:23,158] Trial 781 finished with value: 0.4968567128172386 and parameters: {'w0': 0.259, 'w1': 0.969, 'w2': 0.126, 'w3': 0.551, 'w4': 0.907, 'w5': 0.909, 'w6': 0.268, 'w7': 0.15, 'w8': 0.746, 'max_depth': 9, 'min_child_weight': 16, 'subsample': 0.8, 'colsample_bytree': 0.9000000000000001, 'gamma': 0.6000000000000001}. Best is trial 556 with value: 0.5099189407344089.
[I 2023-10-20 00:57:49,216] Trial 782 finished with value: 0.5023661378931256 and parameters: {'w0': 0.17300000000000001, 'w1': 0.8250000000000001, 'w2': 0.127, 'w3': 0.541, 'w4': 0.915, 'w5': 0.918, 'w6': 0.262, 'w7': 0.125, 'w8': 0.6930000000000001, 'max_depth': 9, 'min_child_weight': 16, 'subsample': 0.8, 'colsample_bytree': 0.9000000000000001, 'gamma': 0.6000000000000001}. Best is trial 556 with value: 0.5099189407344089.
[I 2023-10-20 00:58:07,654] Trial 785 finished with value: 0.5004159285947787 and parameters: {'w0': 0.167, 'w1': 0.8230000000000001, 'w2': 0.128, 'w3': 0.552, 'w4': 0.915, 'w5': 0.91, 'w6': 0.265, 'w7': 0.122, 'w8': 0.745, 'max_depth': 9, 'min_child_weight': 16, 'subsample': 0.8, 'colsample_bytree': 0.9000000000000001, 'gamma': 0.6000000000000001}. Best is trial 556 with value: 0.5099189407344089.
[I 2023-10-20 00:58:11,138] Trial 783 finished with value: 0.4942838226172752 and parameters: {'w0': 0.246, 'w1': 0.8250000000000001, 'w2': 0.11900000000000001, 'w3': 0.837, 'w4': 0.91, 'w5': 0.906, 'w6': 0.26, 'w7': 0.123, 'w8': 0.743, 'max_depth': 9, 'min_child_weight': 16, 'subsample': 0.8, 'colsample_bytree': 0.9000000000000001, 'gamma': 0.6000000000000001}. Best is trial 556 with value: 0.5099189407344089.
[I 2023-10-20 00:58:31,788] Trial 780 finished with value: 0.47962098885046417 and parameters: {'w0': 0.246, 'w1': 0.8270000000000001, 'w2': 0.213, 'w3': 0.541, 'w4': 0.999, 'w5': 0.906, 'w6': 0.328, 'w7': 0.425, 'w8': 0.743, 'max_depth': 9, 'min_child_weight': 16, 'subsample': 0.8, 'colsample_bytree': 0.9000000000000001, 'gamma': 0.6000000000000001}. Best is trial 556 with value: 0.5099189407344089.
[I 2023-10-20 00:59:11,961] Trial 784 finished with value: 0.43867651260329216 and parameters: {'w0': 0.263, 'w1': 0.8230000000000001, 'w2': 0.17300000000000001, 'w3': 0.547, 'w4': 0.997, 'w5': 0.977, 'w6': 0.264, 'w7': 0.002, 'w8': 0.6940000000000001, 'max_depth': 9, 'min_child_weight': 16, 'subsample': 0.8, 'colsample_bytree': 0.9000000000000001, 'gamma': 0.6000000000000001}. Best is trial 556 with value: 0.5099189407344089.
[I 2023-10-20 00:59:55,690] Trial 786 finished with value: 0.496452197499643 and parameters: {'w0': 0.165, 'w1': 0.8310000000000001, 'w2': 0.128, 'w3': 0.543, 'w4': 0.912, 'w5': 0.911, 'w6': 0.264, 'w7': 0.16, 'w8': 0.745, 'max_depth': 9, 'min_child_weight': 16, 'subsample': 0.8, 'colsample_bytree': 0.9000000000000001, 'gamma': 0.6000000000000001}. Best is trial 556 with value: 0.5099189407344089.
[I 2023-10-20 01:00:14,629] Trial 787 finished with value: 0.4996617560281893 and parameters: {'w0': 0.17400000000000002, 'w1': 0.8210000000000001, 'w2': 0.126, 'w3': 0.23700000000000002, 'w4': 0.998, 'w5': 0.909, 'w6': 0.262, 'w7': 0.123, 'w8': 0.744, 'max_depth': 9, 'min_child_weight': 16, 'subsample': 0.8, 'colsample_bytree': 0.9000000000000001, 'gamma': 0.6000000000000001}. Best is trial 556 with value: 0.5099189407344089.
[I 2023-10-20 01:01:27,832] Trial 789 finished with value: 0.5042026694331397 and parameters: {'w0': 0.166, 'w1': 0.8220000000000001, 'w2': 0.126, 'w3': 0.543, 'w4': 0.916, 'w5': 0.898, 'w6': 0.26, 'w7': 0.125, 'w8': 0.752, 'max_depth': 9, 'min_child_weight': 16, 'subsample': 0.8, 'colsample_bytree': 0.9000000000000001, 'gamma': 0.6000000000000001}. Best is trial 556 with value: 0.5099189407344089.
[I 2023-10-20 01:01:30,242] Trial 788 finished with value: 0.5018108622526615 and parameters: {'w0': 0.169, 'w1': 0.8260000000000001, 'w2': 0.123, 'w3': 0.553, 'w4': 0.911, 'w5': 0.907, 'w6': 0.261, 'w7': 0.116, 'w8': 0.746, 'max_depth': 9, 'min_child_weight': 16, 'subsample': 0.8, 'colsample_bytree': 0.9000000000000001, 'gamma': 0.6000000000000001}. Best is trial 556 with value: 0.5099189407344089.
[I 2023-10-20 01:01:46,799] Trial 790 finished with value: 0.5024812328553803 and parameters: {'w0': 0.167, 'w1': 0.8160000000000001, 'w2': 0.124, 'w3': 0.551, 'w4': 0.914, 'w5': 0.967, 'w6': 0.263, 'w7': 0.121, 'w8': 0.6940000000000001, 'max_depth': 9, 'min_child_weight': 16, 'subsample': 0.8, 'colsample_bytree': 0.9000000000000001, 'gamma': 0.6000000000000001}. Best is trial 556 with value: 0.5099189407344089.
[I 2023-10-20 01:03:21,204] Trial 800 finished with value: 0.43420394505789095 and parameters: {'w0': 0.15, 'w1': 0.933, 'w2': 0.161, 'w3': 0.374, 'w4': 0.923, 'w5': 0.965, 'w6': 0.34700000000000003, 'w7': 0.08600000000000001, 'w8': 0.6980000000000001, 'max_depth': 9, 'min_child_weight': 16, 'subsample': 1.0, 'colsample_bytree': 0.9000000000000001, 'gamma': 8.8}. Best is trial 556 with value: 0.5099189407344089.
[I 2023-10-20 01:04:03,057] Trial 791 finished with value: 0.5071922039759325 and parameters: {'w0': 0.146, 'w1': 0.835, 'w2': 0.13, 'w3': 0.555, 'w4': 0.851, 'w5': 0.968, 'w6': 0.35000000000000003, 'w7': 0.123, 'w8': 0.746, 'max_depth': 9, 'min_child_weight': 16, 'subsample': 0.8, 'colsample_bytree': 0.9000000000000001, 'gamma': 0.6000000000000001}. Best is trial 556 with value: 0.5099189407344089.
[I 2023-10-20 01:04:57,306] Trial 792 finished with value: 0.4522954613774159 and parameters: {'w0': 0.146, 'w1': 0.8280000000000001, 'w2': 0.122, 'w3': 0.556, 'w4': 0.847, 'w5': 0.969, 'w6': 0.024, 'w7': 0.122, 'w8': 0.6920000000000001, 'max_depth': 9, 'min_child_weight': 16, 'subsample': 0.9000000000000001, 'colsample_bytree': 0.4, 'gamma': 0.6000000000000001}. Best is trial 556 with value: 0.5099189407344089.
[I 2023-10-20 01:05:06,319] Trial 793 finished with value: 0.4321150248414421 and parameters: {'w0': 0.106, 'w1': 0.811, 'w2': 0.004, 'w3': 0.553, 'w4': 0.395, 'w5': 0.974, 'w6': 0.378, 'w7': 0.125, 'w8': 0.6930000000000001, 'max_depth': 9, 'min_child_weight': 16, 'subsample': 0.9000000000000001, 'colsample_bytree': 0.4, 'gamma': 0.6000000000000001}. Best is trial 556 with value: 0.5099189407344089.
[I 2023-10-20 01:05:19,811] Trial 799 finished with value: 0.48190793427469303 and parameters: {'w0': 0.10500000000000001, 'w1': 0.766, 'w2': 0.163, 'w3': 0.561, 'w4': 0.853, 'w5': 0.962, 'w6': 0.37, 'w7': 0.20600000000000002, 'w8': 0.6970000000000001, 'max_depth': 9, 'min_child_weight': 16, 'subsample': 1.0, 'colsample_bytree': 0.9000000000000001, 'gamma': 0.6000000000000001}. Best is trial 556 with value: 0.5099189407344089.
[I 2023-10-20 01:05:45,748] Trial 803 finished with value: 0.4098641589572874 and parameters: {'w0': 0.146, 'w1': 0.784, 'w2': 0.161, 'w3': 0.5650000000000001, 'w4': 0.859, 'w5': 0.966, 'w6': 0.031, 'w7': 0.08600000000000001, 'w8': 0.79, 'max_depth': 10, 'min_child_weight': 16, 'subsample': 0.9000000000000001, 'colsample_bytree': 0.9000000000000001, 'gamma': 5.0}. Best is trial 556 with value: 0.5099189407344089.
[I 2023-10-20 01:06:44,526] Trial 805 finished with value: 0.43331156196264964 and parameters: {'w0': 0.10300000000000001, 'w1': 0.928, 'w2': 0.162, 'w3': 0.134, 'w4': 0.08, 'w5': 0.964, 'w6': 0.372, 'w7': 0.083, 'w8': 0.6930000000000001, 'max_depth': 10, 'min_child_weight': 16, 'subsample': 0.9000000000000001, 'colsample_bytree': 0.9000000000000001, 'gamma': 5.6000000000000005}. Best is trial 556 with value: 0.5099189407344089.
[I 2023-10-20 01:07:07,336] Trial 794 finished with value: 0.4983411978082267 and parameters: {'w0': 0.107, 'w1': 0.784, 'w2': 0.122, 'w3': 0.546, 'w4': 0.922, 'w5': 0.965, 'w6': 0.35000000000000003, 'w7': 0.12000000000000001, 'w8': 0.6920000000000001, 'max_depth': 9, 'min_child_weight': 16, 'subsample': 0.9000000000000001, 'colsample_bytree': 0.9000000000000001, 'gamma': 0.6000000000000001}. Best is trial 556 with value: 0.5099189407344089.
[I 2023-10-20 01:07:57,423] Trial 795 finished with value: 0.4417870684540374 and parameters: {'w0': 0.152, 'w1': 0.8150000000000001, 'w2': 0.004, 'w3': 0.558, 'w4': 0.854, 'w5': 0.963, 'w6': 0.35200000000000004, 'w7': 0.125, 'w8': 0.6950000000000001, 'max_depth': 9, 'min_child_weight': 16, 'subsample': 0.9000000000000001, 'colsample_bytree': 0.9000000000000001, 'gamma': 0.6000000000000001}. Best is trial 556 with value: 0.5099189407344089.
[I 2023-10-20 01:07:58,547] Trial 796 finished with value: 0.4804597333984325 and parameters: {'w0': 0.148, 'w1': 0.8200000000000001, 'w2': 0.13, 'w3': 0.56, 'w4': 0.081, 'w5': 0.963, 'w6': 0.35100000000000003, 'w7': 0.124, 'w8': 0.519, 'max_depth': 9, 'min_child_weight': 16, 'subsample': 0.9000000000000001, 'colsample_bytree': 0.9000000000000001, 'gamma': 0.6000000000000001}. Best is trial 556 with value: 0.5099189407344089.
[I 2023-10-20 01:08:35,178] Trial 798 finished with value: 0.49354699894299375 and parameters: {'w0': 0.10400000000000001, 'w1': 0.929, 'w2': 0.127, 'w3': 0.557, 'w4': 0.858, 'w5': 0.97, 'w6': 0.35000000000000003, 'w7': 0.091, 'w8': 0.295, 'max_depth': 10, 'min_child_weight': 16, 'subsample': 0.9000000000000001, 'colsample_bytree': 0.9000000000000001, 'gamma': 0.6000000000000001}. Best is trial 556 with value: 0.5099189407344089.
[I 2023-10-20 01:09:12,502] Trial 797 finished with value: 0.4627849622582099 and parameters: {'w0': 0.10400000000000001, 'w1': 0.8150000000000001, 'w2': 0.127, 'w3': 0.378, 'w4': 0.213, 'w5': 0.965, 'w6': 0.353, 'w7': 0.20700000000000002, 'w8': 0.6910000000000001, 'max_depth': 10, 'min_child_weight': 16, 'subsample': 0.9000000000000001, 'colsample_bytree': 0.9000000000000001, 'gamma': 0.6000000000000001}. Best is trial 556 with value: 0.5099189407344089.
[I 2023-10-20 01:09:43,785] Trial 801 finished with value: 0.4843924349675256 and parameters: {'w0': 0.146, 'w1': 0.928, 'w2': 0.127, 'w3': 0.452, 'w4': 0.854, 'w5': 0.965, 'w6': 0.35100000000000003, 'w7': 0.213, 'w8': 0.79, 'max_depth': 10, 'min_child_weight': 16, 'subsample': 0.9000000000000001, 'colsample_bytree': 0.9000000000000001, 'gamma': 0.8}. Best is trial 556 with value: 0.5099189407344089.
[I 2023-10-20 01:13:06,977] Trial 808 finished with value: 0.3870792446088927 and parameters: {'w0': 0.14500000000000002, 'w1': 0.802, 'w2': 0.010000000000000002, 'w3': 0.5770000000000001, 'w4': 0.858, 'w5': 0.965, 'w6': 0.026000000000000002, 'w7': 0.08800000000000001, 'w8': 0.8, 'max_depth': 10, 'min_child_weight': 16, 'subsample': 0.9000000000000001, 'colsample_bytree': 0.9000000000000001, 'gamma': 0.8}. Best is trial 556 with value: 0.5099189407344089.
[I 2023-10-20 01:13:44,337] Trial 817 finished with value: 0.4367914365667628 and parameters: {'w0': 0.14300000000000002, 'w1': 0.861, 'w2': 0.1, 'w3': 0.626, 'w4': 0.874, 'w5': 0.9400000000000001, 'w6': 0.321, 'w7': 0.057, 'w8': 0.789, 'max_depth': 9, 'min_child_weight': 16, 'subsample': 0.8, 'colsample_bytree': 0.9000000000000001, 'gamma': 7.2}. Best is trial 556 with value: 0.5099189407344089.
[I 2023-10-20 01:15:52,545] Trial 809 finished with value: 0.47923857007330284 and parameters: {'w0': 0.10400000000000001, 'w1': 0.781, 'w2': 0.057, 'w3': 0.5670000000000001, 'w4': 0.867, 'w5': 0.978, 'w6': 0.34800000000000003, 'w7': 0.08700000000000001, 'w8': 0.793, 'max_depth': 9, 'min_child_weight': 16, 'subsample': 0.8, 'colsample_bytree': 0.9000000000000001, 'gamma': 0.8}. Best is trial 556 with value: 0.5099189407344089.
[I 2023-10-20 01:16:14,600] Trial 810 finished with value: 0.5034602852272625 and parameters: {'w0': 0.108, 'w1': 0.781, 'w2': 0.098, 'w3': 0.624, 'w4': 0.85, 'w5': 0.9590000000000001, 'w6': 0.34900000000000003, 'w7': 0.084, 'w8': 0.792, 'max_depth': 10, 'min_child_weight': 16, 'subsample': 0.8, 'colsample_bytree': 0.9000000000000001, 'gamma': 0.8}. Best is trial 556 with value: 0.5099189407344089.
[I 2023-10-20 01:16:41,883] Trial 802 finished with value: 0.48707536817781827 and parameters: {'w0': 0.14500000000000002, 'w1': 0.772, 'w2': 0.166, 'w3': 0.056, 'w4': 0.854, 'w5': 0.962, 'w6': 0.353, 'w7': 0.20700000000000002, 'w8': 0.6940000000000001, 'max_depth': 10, 'min_child_weight': 16, 'subsample': 0.9000000000000001, 'colsample_bytree': 0.9000000000000001, 'gamma': 0.0}. Best is trial 556 with value: 0.5099189407344089.
[I 2023-10-20 01:16:44,396] Trial 811 finished with value: 0.49729487790540156 and parameters: {'w0': 0.14300000000000002, 'w1': 0.853, 'w2': 0.10200000000000001, 'w3': 0.618, 'w4': 0.859, 'w5': 0.979, 'w6': 0.359, 'w7': 0.082, 'w8': 0.795, 'max_depth': 10, 'min_child_weight': 16, 'subsample': 0.8, 'colsample_bytree': 0.9000000000000001, 'gamma': 0.8}. Best is trial 556 with value: 0.5099189407344089.
[I 2023-10-20 01:16:45,228] Trial 812 finished with value: 0.49993892212137897 and parameters: {'w0': 0.10400000000000001, 'w1': 0.85, 'w2': 0.093, 'w3': 0.447, 'w4': 0.87, 'w5': 0.979, 'w6': 0.34900000000000003, 'w7': 0.089, 'w8': 0.794, 'max_depth': 8, 'min_child_weight': 16, 'subsample': 0.8, 'colsample_bytree': 0.9000000000000001, 'gamma': 0.8}. Best is trial 556 with value: 0.5099189407344089.
[I 2023-10-20 01:17:37,078] Trial 804 finished with value: 0.4745283791872028 and parameters: {'w0': 0.665, 'w1': 0.892, 'w2': 0.155, 'w3': 0.136, 'w4': 0.849, 'w5': 0.9580000000000001, 'w6': 0.465, 'w7': 0.215, 'w8': 0.788, 'max_depth': 9, 'min_child_weight': 16, 'subsample': 1.0, 'colsample_bytree': 0.9000000000000001, 'gamma': 0.0}. Best is trial 556 with value: 0.5099189407344089.
[I 2023-10-20 01:17:59,207] Trial 813 finished with value: 0.4784172953028932 and parameters: {'w0': 0.147, 'w1': 0.783, 'w2': 0.059000000000000004, 'w3': 0.614, 'w4': 0.869, 'w5': 0.979, 'w6': 0.35100000000000003, 'w7': 0.093, 'w8': 0.791, 'max_depth': 8, 'min_child_weight': 16, 'subsample': 0.8, 'colsample_bytree': 0.9000000000000001, 'gamma': 0.8}. Best is trial 556 with value: 0.5099189407344089.
[I 2023-10-20 01:18:06,914] Trial 806 finished with value: 0.48950760444112956 and parameters: {'w0': 0.146, 'w1': 0.184, 'w2': 0.165, 'w3': 0.5640000000000001, 'w4': 0.869, 'w5': 0.961, 'w6': 0.356, 'w7': 0.20800000000000002, 'w8': 0.791, 'max_depth': 10, 'min_child_weight': 16, 'subsample': 0.8, 'colsample_bytree': 0.9000000000000001, 'gamma': 0.0}. Best is trial 556 with value: 0.5099189407344089.
[I 2023-10-20 01:19:44,340] Trial 807 finished with value: 0.47860018389979997 and parameters: {'w0': 0.10500000000000001, 'w1': 0.899, 'w2': 0.059000000000000004, 'w3': 0.263, 'w4': 0.848, 'w5': 0.9550000000000001, 'w6': 0.373, 'w7': 0.213, 'w8': 0.793, 'max_depth': 10, 'min_child_weight': 16, 'subsample': 0.8, 'colsample_bytree': 0.9000000000000001, 'gamma': 0.0}. Best is trial 556 with value: 0.5099189407344089.
[I 2023-10-20 01:22:32,043] Trial 814 finished with value: 0.47176623393830525 and parameters: {'w0': 0.14400000000000002, 'w1': 0.85, 'w2': 0.65, 'w3': 0.631, 'w4': 0.872, 'w5': 0.9400000000000001, 'w6': 0.35000000000000003, 'w7': 0.061, 'w8': 0.792, 'max_depth': 8, 'min_child_weight': 16, 'subsample': 0.8, 'colsample_bytree': 0.9000000000000001, 'gamma': 0.0}. Best is trial 556 with value: 0.5099189407344089.
[I 2023-10-20 01:22:41,507] Trial 815 finished with value: 0.5068313108953354 and parameters: {'w0': 0.14100000000000001, 'w1': 0.855, 'w2': 0.089, 'w3': 0.452, 'w4': 0.866, 'w5': 0.9410000000000001, 'w6': 0.331, 'w7': 0.094, 'w8': 0.789, 'max_depth': 8, 'min_child_weight': 16, 'subsample': 0.8, 'colsample_bytree': 0.9000000000000001, 'gamma': 0.0}. Best is trial 556 with value: 0.5099189407344089.
[I 2023-10-20 01:23:01,684] Trial 816 finished with value: 0.5077994634305086 and parameters: {'w0': 0.14500000000000002, 'w1': 0.854, 'w2': 0.10500000000000001, 'w3': 0.448, 'w4': 0.872, 'w5': 0.9390000000000001, 'w6': 0.326, 'w7': 0.101, 'w8': 0.786, 'max_depth': 8, 'min_child_weight': 16, 'subsample': 0.8, 'colsample_bytree': 0.9000000000000001, 'gamma': 0.0}. Best is trial 556 with value: 0.5099189407344089.
[I 2023-10-20 01:23:42,585] Trial 818 finished with value: 0.49735318750604157 and parameters: {'w0': 0.14400000000000002, 'w1': 0.888, 'w2': 0.099, 'w3': 0.054, 'w4': 0.873, 'w5': 0.9420000000000001, 'w6': 0.323, 'w7': 0.098, 'w8': 0.8170000000000001, 'max_depth': 8, 'min_child_weight': 16, 'subsample': 0.8, 'colsample_bytree': 0.9000000000000001, 'gamma': 0.0}. Best is trial 556 with value: 0.5099189407344089.
[I 2023-10-20 01:24:48,432] Trial 819 finished with value: 0.4896459068638521 and parameters: {'w0': 0.20600000000000002, 'w1': 0.862, 'w2': 0.098, 'w3': 0.627, 'w4': 0.869, 'w5': 0.936, 'w6': 0.329, 'w7': 0.049, 'w8': 0.8130000000000001, 'max_depth': 8, 'min_child_weight': 16, 'subsample': 0.8, 'colsample_bytree': 0.9000000000000001, 'gamma': 0.0}. Best is trial 556 with value: 0.5099189407344089.
[I 2023-10-20 01:28:28,087] Trial 821 finished with value: 0.5075167822944001 and parameters: {'w0': 0.14300000000000002, 'w1': 0.848, 'w2': 0.101, 'w3': 0.41500000000000004, 'w4': 0.874, 'w5': 0.982, 'w6': 0.33, 'w7': 0.10400000000000001, 'w8': 0.8130000000000001, 'max_depth': 8, 'min_child_weight': 16, 'subsample': 0.8, 'colsample_bytree': 0.9000000000000001, 'gamma': 0.0}. Best is trial 556 with value: 0.5099189407344089.
[I 2023-10-20 01:28:48,299] Trial 820 finished with value: 0.5024882993591544 and parameters: {'w0': 0.14300000000000002, 'w1': 0.86, 'w2': 0.092, 'w3': 0.494, 'w4': 0.871, 'w5': 0.9420000000000001, 'w6': 0.323, 'w7': 0.061, 'w8': 0.8160000000000001, 'max_depth': 9, 'min_child_weight': 16, 'subsample': 0.8, 'colsample_bytree': 0.9000000000000001, 'gamma': 0.0}. Best is trial 556 with value: 0.5099189407344089.
[I 2023-10-20 01:30:27,071] Trial 824 finished with value: 0.500610463403218 and parameters: {'w0': 0.20800000000000002, 'w1': 0.317, 'w2': 0.098, 'w3': 0.299, 'w4': 0.976, 'w5': 0.937, 'w6': 0.28300000000000003, 'w7': 0.10200000000000001, 'w8': 0.8150000000000001, 'max_depth': 8, 'min_child_weight': 16, 'subsample': 0.8, 'colsample_bytree': 0.5, 'gamma': 0.2}. Best is trial 556 with value: 0.5099189407344089.
[I 2023-10-20 01:30:44,152] Trial 823 finished with value: 0.48529174713891066 and parameters: {'w0': 0.21, 'w1': 0.855, 'w2': 0.099, 'w3': 0.452, 'w4': 0.875, 'w5': 0.935, 'w6': 0.329, 'w7': 0.043000000000000003, 'w8': 0.758, 'max_depth': 8, 'min_child_weight': 16, 'subsample': 0.8, 'colsample_bytree': 0.9000000000000001, 'gamma': 0.0}. Best is trial 556 with value: 0.5099189407344089.
