[I 2023-10-18 10:25:40,645] Trial 160 finished with value: 0.5218990927159562 and parameters: {'w0': 0.644, 'w1': 0.913, 'w2': 0.343, 'w3': 0.541, 'w4': 0.961, 'w5': 0.355, 'w6': 0.9600000000000001, 'w7': 0.272, 'w8': 0.787, 'max_depth': 9, 'min_child_weight': 12, 'subsample': 0.8, 'colsample_bytree': 0.8, 'gamma': 1.0}. Best is trial 150 with value: 0.5237240426275865.
[I 2023-10-18 10:26:12,423] Trial 162 finished with value: 0.5073714148410957 and parameters: {'w0': 0.5730000000000001, 'w1': 0.967, 'w2': 0.34, 'w3': 0.549, 'w4': 0.965, 'w5': 0.585, 'w6': 0.965, 'w7': 0.33, 'w8': 0.872, 'max_depth': 9, 'min_child_weight': 2, 'subsample': 0.8, 'colsample_bytree': 0.8, 'gamma': 1.0}. Best is trial 150 with value: 0.5237240426275865.
[I 2023-10-18 10:27:12,316] Trial 166 finished with value: 0.5243350380237728 and parameters: {'w0': 0.399, 'w1': 0.915, 'w2': 0.34, 'w3': 0.553, 'w4': 0.9480000000000001, 'w5': 0.638, 'w6': 0.9590000000000001, 'w7': 0.266, 'w8': 0.658, 'max_depth': 9, 'min_child_weight': 4, 'subsample': 0.8, 'colsample_bytree': 0.8, 'gamma': 1.2000000000000002}. Best is trial 166 with value: 0.5243350380237728.
[I 2023-10-18 10:29:20,435] Trial 168 finished with value: 0.5180164749655168 and parameters: {'w0': 0.398, 'w1': 0.894, 'w2': 0.328, 'w3': 0.543, 'w4': 0.9570000000000001, 'w5': 0.636, 'w6': 0.964, 'w7': 0.327, 'w8': 0.649, 'max_depth': 9, 'min_child_weight': 2, 'subsample': 0.8, 'colsample_bytree': 0.8, 'gamma': 1.0}. Best is trial 166 with value: 0.5243350380237728.
[I 2023-10-18 10:29:42,239] Trial 170 finished with value: 0.5236750880691889 and parameters: {'w0': 0.406, 'w1': 0.902, 'w2': 0.324, 'w3': 0.6890000000000001, 'w4': 0.9540000000000001, 'w5': 0.637, 'w6': 0.972, 'w7': 0.266, 'w8': 0.886, 'max_depth': 9, 'min_child_weight': 4, 'subsample': 0.8, 'colsample_bytree': 0.8, 'gamma': 1.2000000000000002}. Best is trial 166 with value: 0.5243350380237728.
[I 2023-10-18 10:30:08,712] Trial 167 finished with value: 0.5158720006730149 and parameters: {'w0': 0.393, 'w1': 0.9550000000000001, 'w2': 0.34700000000000003, 'w3': 0.614, 'w4': 0.9540000000000001, 'w5': 0.64, 'w6': 0.9600000000000001, 'w7': 0.38, 'w8': 0.66, 'max_depth': 9, 'min_child_weight': 4, 'subsample': 0.8, 'colsample_bytree': 0.8, 'gamma': 1.0}. Best is trial 166 with value: 0.5243350380237728.
[I 2023-10-18 10:30:16,949] Trial 169 finished with value: 0.5232444304661988 and parameters: {'w0': 0.397, 'w1': 0.782, 'w2': 0.219, 'w3': 0.538, 'w4': 0.875, 'w5': 0.637, 'w6': 0.868, 'w7': 0.27, 'w8': 0.872, 'max_depth': 9, 'min_child_weight': 4, 'subsample': 0.8, 'colsample_bytree': 0.8, 'gamma': 1.0}. Best is trial 166 with value: 0.5243350380237728.
[I 2023-10-18 10:32:08,948] Trial 171 finished with value: 0.5176527659805706 and parameters: {'w0': 0.425, 'w1': 0.899, 'w2': 0.442, 'w3': 0.508, 'w4': 0.749, 'w5': 0.763, 'w6': 0.968, 'w7': 0.326, 'w8': 0.652, 'max_depth': 9, 'min_child_weight': 4, 'subsample': 0.8, 'colsample_bytree': 0.8, 'gamma': 1.0}. Best is trial 166 with value: 0.5243350380237728.
[I 2023-10-18 10:33:23,245] Trial 174 finished with value: 0.500877203601862 and parameters: {'w0': 0.4, 'w1': 0.774, 'w2': 0.184, 'w3': 0.507, 'w4': 0.9560000000000001, 'w5': 0.771, 'w6': 0.971, 'w7': 0.38, 'w8': 0.657, 'max_depth': 9, 'min_child_weight': 14, 'subsample': 0.8, 'colsample_bytree': 0.8, 'gamma': 1.2000000000000002}. Best is trial 166 with value: 0.5243350380237728.
[I 2023-10-18 10:33:27,545] Trial 173 finished with value: 0.5072406595835555 and parameters: {'w0': 0.403, 'w1': 0.934, 'w2': 0.217, 'w3': 0.514, 'w4': 0.883, 'w5': 0.3, 'w6': 0.964, 'w7': 0.383, 'w8': 0.866, 'max_depth': 9, 'min_child_weight': 4, 'subsample': 0.8, 'colsample_bytree': 0.8, 'gamma': 1.0}. Best is trial 166 with value: 0.5243350380237728.
[I 2023-10-18 10:33:37,584] Trial 172 finished with value: 0.5039793905069706 and parameters: {'w0': 0.401, 'w1': 0.971, 'w2': 0.20900000000000002, 'w3': 0.6970000000000001, 'w4': 0.9490000000000001, 'w5': 0.303, 'w6': 0.977, 'w7': 0.373, 'w8': 0.652, 'max_depth': 9, 'min_child_weight': 14, 'subsample': 0.8, 'colsample_bytree': 0.8, 'gamma': 1.0}. Best is trial 166 with value: 0.5243350380237728.
[I 2023-10-18 10:37:28,176] Trial 181 finished with value: 0.4809877908905497 and parameters: {'w0': 0.362, 'w1': 0.963, 'w2': 0.21, 'w3': 0.511, 'w4': 0.9390000000000001, 'w5': 0.27, 'w6': 0.975, 'w7': 0.266, 'w8': 0.156, 'max_depth': 9, 'min_child_weight': 12, 'subsample': 0.8, 'colsample_bytree': 0.8, 'gamma': 1.4000000000000001}. Best is trial 166 with value: 0.5243350380237728.
[I 2023-10-18 10:38:36,668] Trial 179 finished with value: 0.5128705534225426 and parameters: {'w0': 0.35200000000000004, 'w1': 0.973, 'w2': 0.20800000000000002, 'w3': 0.511, 'w4': 0.874, 'w5': 0.294, 'w6': 0.973, 'w7': 0.266, 'w8': 0.655, 'max_depth': 9, 'min_child_weight': 4, 'subsample': 0.8, 'colsample_bytree': 0.8, 'gamma': 1.0}. Best is trial 166 with value: 0.5243350380237728.
[I 2023-10-18 10:38:45,108] Trial 176 finished with value: 0.5199977404205793 and parameters: {'w0': 0.389, 'w1': 0.775, 'w2': 0.322, 'w3': 0.501, 'w4': 0.964, 'w5': 0.296, 'w6': 0.974, 'w7': 0.328, 'w8': 0.876, 'max_depth': 9, 'min_child_weight': 12, 'subsample': 0.8, 'colsample_bytree': 0.8, 'gamma': 1.2000000000000002}. Best is trial 166 with value: 0.5243350380237728.
[I 2023-10-18 10:39:24,572] Trial 182 finished with value: 0.5158874482364794 and parameters: {'w0': 0.34800000000000003, 'w1': 0.9550000000000001, 'w2': 0.321, 'w3': 0.497, 'w4': 0.88, 'w5': 0.31, 'w6': 0.977, 'w7': 0.262, 'w8': 0.651, 'max_depth': 9, 'min_child_weight': 12, 'subsample': 0.8, 'colsample_bytree': 0.8, 'gamma': 1.4000000000000001}. Best is trial 166 with value: 0.5243350380237728.
[I 2023-10-18 10:39:46,847] Trial 175 finished with value: 0.517038315330753 and parameters: {'w0': 0.405, 'w1': 0.963, 'w2': 0.328, 'w3': 0.512, 'w4': 0.969, 'w5': 0.767, 'w6': 0.975, 'w7': 0.427, 'w8': 0.8300000000000001, 'max_depth': 9, 'min_child_weight': 12, 'subsample': 0.8, 'colsample_bytree': 0.8, 'gamma': 1.2000000000000002}. Best is trial 166 with value: 0.5243350380237728.
[I 2023-10-18 10:40:14,918] Trial 177 finished with value: 0.5190780050151191 and parameters: {'w0': 0.399, 'w1': 0.963, 'w2': 0.321, 'w3': 0.506, 'w4': 0.9460000000000001, 'w5': 0.328, 'w6': 0.976, 'w7': 0.259, 'w8': 0.651, 'max_depth': 9, 'min_child_weight': 12, 'subsample': 0.8, 'colsample_bytree': 0.8, 'gamma': 1.0}. Best is trial 166 with value: 0.5243350380237728.
[I 2023-10-18 10:40:31,971] Trial 178 finished with value: 0.5158433977427896 and parameters: {'w0': 0.399, 'w1': 0.9570000000000001, 'w2': 0.325, 'w3': 0.506, 'w4': 0.9430000000000001, 'w5': 0.296, 'w6': 0.975, 'w7': 0.323, 'w8': 0.485, 'max_depth': 9, 'min_child_weight': 12, 'subsample': 0.8, 'colsample_bytree': 0.8, 'gamma': 1.0}. Best is trial 166 with value: 0.5243350380237728.
[I 2023-10-18 10:40:40,336] Trial 180 finished with value: 0.5232685647836907 and parameters: {'w0': 0.359, 'w1': 0.9500000000000001, 'w2': 0.324, 'w3': 0.513, 'w4': 0.9490000000000001, 'w5': 0.311, 'w6': 0.972, 'w7': 0.263, 'w8': 0.654, 'max_depth': 9, 'min_child_weight': 12, 'subsample': 0.8, 'colsample_bytree': 0.8, 'gamma': 1.0}. Best is trial 166 with value: 0.5243350380237728.
[I 2023-10-18 10:41:48,724] Trial 183 finished with value: 0.5144986401563629 and parameters: {'w0': 0.361, 'w1': 0.936, 'w2': 0.329, 'w3': 0.512, 'w4': 0.9480000000000001, 'w5': 0.28400000000000003, 'w6': 1.0, 'w7': 0.32, 'w8': 0.646, 'max_depth': 9, 'min_child_weight': 12, 'subsample': 0.8, 'colsample_bytree': 0.8, 'gamma': 1.4000000000000001}. Best is trial 166 with value: 0.5243350380237728.
[I 2023-10-18 10:42:07,947] Trial 184 finished with value: 0.5227133306005125 and parameters: {'w0': 0.35200000000000004, 'w1': 0.935, 'w2': 0.336, 'w3': 0.514, 'w4': 0.88, 'w5': 0.322, 'w6': 0.981, 'w7': 0.263, 'w8': 0.89, 'max_depth': 9, 'min_child_weight': 12, 'subsample': 0.8, 'colsample_bytree': 0.8, 'gamma': 1.4000000000000001}. Best is trial 166 with value: 0.5243350380237728.
[I 2023-10-18 10:42:37,822] Trial 186 finished with value: 0.5210946106765807 and parameters: {'w0': 0.34, 'w1': 0.974, 'w2': 0.323, 'w3': 0.51, 'w4': 0.932, 'w5': 0.312, 'w6': 0.981, 'w7': 0.267, 'w8': 0.887, 'max_depth': 9, 'min_child_weight': 12, 'subsample': 0.8, 'colsample_bytree': 0.8, 'gamma': 1.4000000000000001}. Best is trial 166 with value: 0.5243350380237728.
[I 2023-10-18 10:43:35,831] Trial 187 finished with value: 0.5233546723357971 and parameters: {'w0': 0.34500000000000003, 'w1': 0.9530000000000001, 'w2': 0.32, 'w3': 0.513, 'w4': 0.885, 'w5': 0.293, 'w6': 0.999, 'w7': 0.265, 'w8': 0.888, 'max_depth': 9, 'min_child_weight': 4, 'subsample': 0.8, 'colsample_bytree': 0.8, 'gamma': 1.4000000000000001}. Best is trial 166 with value: 0.5243350380237728.
[I 2023-10-18 10:45:23,499] Trial 189 finished with value: 0.5109573776353777 and parameters: {'w0': 0.339, 'w1': 0.964, 'w2': 0.323, 'w3': 0.5, 'w4': 0.935, 'w5': 0.281, 'w6': 0.995, 'w7': 0.274, 'w8': 0.596, 'max_depth': 9, 'min_child_weight': 14, 'subsample': 0.8, 'colsample_bytree': 0.8, 'gamma': 1.4000000000000001}. Best is trial 166 with value: 0.5243350380237728.
[I 2023-10-18 10:45:51,336] Trial 185 finished with value: 0.515577298253121 and parameters: {'w0': 0.333, 'w1': 0.967, 'w2': 0.319, 'w3': 0.515, 'w4': 0.87, 'w5': 0.306, 'w6': 0.981, 'w7': 0.311, 'w8': 0.89, 'max_depth': 9, 'min_child_weight': 12, 'subsample': 0.8, 'colsample_bytree': 0.8, 'gamma': 1.0}. Best is trial 166 with value: 0.5243350380237728.
[I 2023-10-18 10:46:07,464] Trial 190 finished with value: 0.5259859448937678 and parameters: {'w0': 0.34800000000000003, 'w1': 0.902, 'w2': 0.317, 'w3': 0.511, 'w4': 0.874, 'w5': 0.651, 'w6': 1.0, 'w7': 0.27, 'w8': 0.891, 'max_depth': 9, 'min_child_weight': 12, 'subsample': 0.8, 'colsample_bytree': 0.8, 'gamma': 1.4000000000000001}. Best is trial 190 with value: 0.5259859448937678.
[I 2023-10-18 10:48:31,700] Trial 188 finished with value: 0.519076316302583 and parameters: {'w0': 0.34800000000000003, 'w1': 0.966, 'w2': 0.326, 'w3': 0.511, 'w4': 0.9400000000000001, 'w5': 0.302, 'w6': 0.994, 'w7': 0.27, 'w8': 0.593, 'max_depth': 9, 'min_child_weight': 12, 'subsample': 0.8, 'colsample_bytree': 0.8, 'gamma': 1.0}. Best is trial 190 with value: 0.5259859448937678.
[I 2023-10-18 10:49:06,764] Trial 194 finished with value: 0.516763719402348 and parameters: {'w0': 0.31, 'w1': 0.9, 'w2': 0.313, 'w3': 0.49, 'w4': 0.936, 'w5': 0.23600000000000002, 'w6': 0.994, 'w7': 0.316, 'w8': 0.887, 'max_depth': 9, 'min_child_weight': 12, 'subsample': 0.8, 'colsample_bytree': 0.8, 'gamma': 2.0}. Best is trial 190 with value: 0.5259859448937678.
[I 2023-10-18 10:49:48,992] Trial 191 finished with value: 0.5273374900158231 and parameters: {'w0': 0.324, 'w1': 0.902, 'w2': 0.324, 'w3': 0.47100000000000003, 'w4': 0.887, 'w5': 0.651, 'w6': 0.992, 'w7': 0.273, 'w8': 0.889, 'max_depth': 9, 'min_child_weight': 12, 'subsample': 0.8, 'colsample_bytree': 0.8, 'gamma': 1.4000000000000001}. Best is trial 191 with value: 0.5273374900158231.
[I 2023-10-18 10:50:36,843] Trial 192 finished with value: 0.5317621031331247 and parameters: {'w0': 0.313, 'w1': 0.905, 'w2': 0.316, 'w3': 0.483, 'w4': 0.923, 'w5': 0.641, 'w6': 0.992, 'w7': 0.28, 'w8': 0.883, 'max_depth': 9, 'min_child_weight': 10, 'subsample': 0.8, 'colsample_bytree': 0.8, 'gamma': 1.4000000000000001}. Best is trial 192 with value: 0.5317621031331247.
[I 2023-10-18 10:50:38,823] Trial 193 finished with value: 0.5128214268370056 and parameters: {'w0': 0.28300000000000003, 'w1': 0.91, 'w2': 0.321, 'w3': 0.482, 'w4': 0.929, 'w5': 0.191, 'w6': 0.994, 'w7': 0.327, 'w8': 0.594, 'max_depth': 9, 'min_child_weight': 12, 'subsample': 0.8, 'colsample_bytree': 0.8, 'gamma': 1.4000000000000001}. Best is trial 192 with value: 0.5317621031331247.
[I 2023-10-18 10:51:26,587] Trial 199 finished with value: 0.5097591793355204 and parameters: {'w0': 0.293, 'w1': 0.997, 'w2': 0.316, 'w3': 0.47800000000000004, 'w4': 0.922, 'w5': 0.186, 'w6': 0.997, 'w7': 0.273, 'w8': 0.892, 'max_depth': 9, 'min_child_weight': 12, 'subsample': 0.8, 'colsample_bytree': 0.8, 'gamma': 2.0}. Best is trial 192 with value: 0.5317621031331247.
[I 2023-10-18 10:51:37,244] Trial 200 finished with value: 0.5198478339834829 and parameters: {'w0': 0.279, 'w1': 0.897, 'w2': 0.271, 'w3': 0.452, 'w4': 0.925, 'w5': 0.316, 'w6': 0.914, 'w7': 0.28500000000000003, 'w8': 0.89, 'max_depth': 9, 'min_child_weight': 12, 'subsample': 0.8, 'colsample_bytree': 0.8, 'gamma': 2.0}. Best is trial 192 with value: 0.5317621031331247.
[I 2023-10-18 10:51:58,015] Trial 195 finished with value: 0.5187342732216799 and parameters: {'w0': 0.334, 'w1': 0.903, 'w2': 0.32, 'w3': 0.47200000000000003, 'w4': 0.937, 'w5': 0.321, 'w6': 1.0, 'w7': 0.321, 'w8': 0.579, 'max_depth': 9, 'min_child_weight': 12, 'subsample': 0.8, 'colsample_bytree': 0.8, 'gamma': 1.4000000000000001}. Best is trial 192 with value: 0.5317621031331247.
[I 2023-10-18 10:52:15,406] Trial 196 finished with value: 0.5176622075172111 and parameters: {'w0': 0.303, 'w1': 0.904, 'w2': 0.323, 'w3': 0.454, 'w4': 0.929, 'w5': 0.244, 'w6': 0.991, 'w7': 0.317, 'w8': 0.882, 'max_depth': 9, 'min_child_weight': 12, 'subsample': 0.8, 'colsample_bytree': 0.8, 'gamma': 1.4000000000000001}. Best is trial 192 with value: 0.5317621031331247.
[I 2023-10-18 10:52:27,059] Trial 201 finished with value: 0.5191193440573875 and parameters: {'w0': 0.295, 'w1': 0.999, 'w2': 0.309, 'w3': 0.46900000000000003, 'w4': 0.925, 'w5': 0.252, 'w6': 0.998, 'w7': 0.28400000000000003, 'w8': 0.894, 'max_depth': 9, 'min_child_weight': 14, 'subsample': 0.8, 'colsample_bytree': 0.8, 'gamma': 2.0}. Best is trial 192 with value: 0.5317621031331247.
[I 2023-10-18 10:52:43,515] Trial 198 finished with value: 0.5113550458890144 and parameters: {'w0': 0.304, 'w1': 0.905, 'w2': 0.318, 'w3': 0.47500000000000003, 'w4': 0.914, 'w5': 0.2, 'w6': 0.995, 'w7': 0.318, 'w8': 0.895, 'max_depth': 9, 'min_child_weight': 12, 'subsample': 0.8, 'colsample_bytree': 0.8, 'gamma': 1.4000000000000001}. Best is trial 192 with value: 0.5317621031331247.
[I 2023-10-18 10:53:12,807] Trial 202 finished with value: 0.5164316607246935 and parameters: {'w0': 0.296, 'w1': 0.9, 'w2': 0.27, 'w3': 0.46, 'w4': 0.924, 'w5': 0.258, 'w6': 0.998, 'w7': 0.281, 'w8': 0.894, 'max_depth': 9, 'min_child_weight': 12, 'subsample': 0.8, 'colsample_bytree': 0.8, 'gamma': 2.0}. Best is trial 192 with value: 0.5317621031331247.
[I 2023-10-18 10:53:14,804] Trial 197 finished with value: 0.5280419607036766 and parameters: {'w0': 0.303, 'w1': 0.895, 'w2': 0.318, 'w3': 0.458, 'w4': 0.929, 'w5': 0.653, 'w6': 0.994, 'w7': 0.317, 'w8': 0.901, 'max_depth': 9, 'min_child_weight': 12, 'subsample': 0.8, 'colsample_bytree': 0.8, 'gamma': 1.4000000000000001}. Best is trial 192 with value: 0.5317621031331247.
[I 2023-10-18 10:54:42,454] Trial 203 finished with value: 0.5166697166634197 and parameters: {'w0': 0.304, 'w1': 0.914, 'w2': 0.274, 'w3': 0.48000000000000004, 'w4': 0.921, 'w5': 0.248, 'w6': 0.911, 'w7': 0.249, 'w8': 0.884, 'max_depth': 9, 'min_child_weight': 12, 'subsample': 0.8, 'colsample_bytree': 0.8, 'gamma': 2.0}. Best is trial 192 with value: 0.5317621031331247.
[I 2023-10-18 10:55:20,069] Trial 204 finished with value: 0.515643477622183 and parameters: {'w0': 0.271, 'w1': 0.91, 'w2': 0.268, 'w3': 0.461, 'w4': 0.903, 'w5': 0.225, 'w6': 0.912, 'w7': 0.28400000000000003, 'w8': 0.887, 'max_depth': 9, 'min_child_weight': 12, 'subsample': 0.8, 'colsample_bytree': 0.8, 'gamma': 2.0}. Best is trial 192 with value: 0.5317621031331247.
[I 2023-10-18 10:56:18,740] Trial 205 finished with value: 0.5165334531013411 and parameters: {'w0': 0.307, 'w1': 0.912, 'w2': 0.31, 'w3': 0.466, 'w4': 0.903, 'w5': 0.255, 'w6': 0.912, 'w7': 0.253, 'w8': 0.914, 'max_depth': 9, 'min_child_weight': 12, 'subsample': 0.8, 'colsample_bytree': 0.8, 'gamma': 1.8}. Best is trial 192 with value: 0.5317621031331247.
[I 2023-10-18 10:58:07,917] Trial 206 finished with value: 0.518547148260653 and parameters: {'w0': 0.31, 'w1': 0.997, 'w2': 0.275, 'w3': 0.459, 'w4': 0.913, 'w5': 0.243, 'w6': 0.91, 'w7': 0.247, 'w8': 0.892, 'max_depth': 9, 'min_child_weight': 12, 'subsample': 0.8, 'colsample_bytree': 0.8, 'gamma': 2.0}. Best is trial 192 with value: 0.5317621031331247.
[I 2023-10-18 10:59:33,759] Trial 207 finished with value: 0.5241137008475758 and parameters: {'w0': 0.313, 'w1': 0.999, 'w2': 0.268, 'w3': 0.462, 'w4': 0.908, 'w5': 0.322, 'w6': 0.91, 'w7': 0.28200000000000003, 'w8': 0.905, 'max_depth': 9, 'min_child_weight': 12, 'subsample': 0.8, 'colsample_bytree': 0.8, 'gamma': 1.8}. Best is trial 192 with value: 0.5317621031331247.
[I 2023-10-18 11:00:16,169] Trial 208 finished with value: 0.5201926877765598 and parameters: {'w0': 0.27, 'w1': 0.917, 'w2': 0.264, 'w3': 0.47100000000000003, 'w4': 0.904, 'w5': 0.328, 'w6': 0.913, 'w7': 0.28300000000000003, 'w8': 0.966, 'max_depth': 9, 'min_child_weight': 12, 'subsample': 0.8, 'colsample_bytree': 0.8, 'gamma': 1.8}. Best is trial 192 with value: 0.5317621031331247.
[I 2023-10-18 11:00:48,638] Trial 209 finished with value: 0.5159776645524684 and parameters: {'w0': 0.298, 'w1': 0.911, 'w2': 0.274, 'w3': 0.449, 'w4': 0.908, 'w5': 0.255, 'w6': 0.91, 'w7': 0.278, 'w8': 0.899, 'max_depth': 9, 'min_child_weight': 12, 'subsample': 0.8, 'colsample_bytree': 0.8, 'gamma': 1.8}. Best is trial 192 with value: 0.5317621031331247.
[I 2023-10-18 11:01:10,095] Trial 210 finished with value: 0.5164690743730357 and parameters: {'w0': 0.375, 'w1': 0.998, 'w2': 0.28300000000000003, 'w3': 0.44, 'w4': 0.912, 'w5': 0.253, 'w6': 0.909, 'w7': 0.244, 'w8': 0.964, 'max_depth': 9, 'min_child_weight': 12, 'subsample': 0.8, 'colsample_bytree': 0.8, 'gamma': 1.8}. Best is trial 192 with value: 0.5317621031331247.
[I 2023-10-18 11:01:11,156] Trial 213 finished with value: 0.5171876761509938 and parameters: {'w0': 0.371, 'w1': 0.922, 'w2': 0.267, 'w3': 0.451, 'w4': 0.895, 'w5': 0.261, 'w6': 0.907, 'w7': 0.25, 'w8': 0.899, 'max_depth': 9, 'min_child_weight': 14, 'subsample': 0.8, 'colsample_bytree': 0.8, 'gamma': 2.4000000000000004}. Best is trial 192 with value: 0.5317621031331247.
[I 2023-10-18 11:01:47,778] Trial 212 finished with value: 0.5193298808478498 and parameters: {'w0': 0.258, 'w1': 0.931, 'w2': 0.273, 'w3': 0.451, 'w4': 0.9, 'w5': 0.258, 'w6': 0.909, 'w7': 0.253, 'w8': 0.915, 'max_depth': 9, 'min_child_weight': 12, 'subsample': 0.8, 'colsample_bytree': 0.8, 'gamma': 1.8}. Best is trial 192 with value: 0.5317621031331247.
[I 2023-10-18 11:02:01,023] Trial 215 finished with value: 0.5131256746441628 and parameters: {'w0': 0.245, 'w1': 0.925, 'w2': 0.275, 'w3': 0.43, 'w4': 0.896, 'w5': 0.254, 'w6': 0.904, 'w7': 0.28400000000000003, 'w8': 0.9600000000000001, 'max_depth': 9, 'min_child_weight': 14, 'subsample': 0.8, 'colsample_bytree': 0.8, 'gamma': 2.2}. Best is trial 192 with value: 0.5317621031331247.
[I 2023-10-18 11:02:06,924] Trial 216 finished with value: 0.5228413897448906 and parameters: {'w0': 0.255, 'w1': 0.929, 'w2': 0.271, 'w3': 0.435, 'w4': 0.897, 'w5': 0.366, 'w6': 0.915, 'w7': 0.247, 'w8': 0.917, 'max_depth': 9, 'min_child_weight': 14, 'subsample': 0.8, 'colsample_bytree': 0.8, 'gamma': 2.2}. Best is trial 192 with value: 0.5317621031331247.
[I 2023-10-18 11:02:12,021] Trial 217 finished with value: 0.5230931557495725 and parameters: {'w0': 0.261, 'w1': 0.925, 'w2': 0.276, 'w3': 0.458, 'w4': 0.892, 'w5': 0.37, 'w6': 0.908, 'w7': 0.247, 'w8': 0.912, 'max_depth': 9, 'min_child_weight': 14, 'subsample': 0.8, 'colsample_bytree': 0.8, 'gamma': 2.4000000000000004}. Best is trial 192 with value: 0.5317621031331247.
[I 2023-10-18 11:02:20,646] Trial 211 finished with value: 0.5248843196510646 and parameters: {'w0': 0.374, 'w1': 0.923, 'w2': 0.271, 'w3': 0.463, 'w4': 0.896, 'w5': 0.321, 'w6': 0.912, 'w7': 0.23600000000000002, 'w8': 0.92, 'max_depth': 9, 'min_child_weight': 10, 'subsample': 0.8, 'colsample_bytree': 0.8, 'gamma': 1.6}. Best is trial 192 with value: 0.5317621031331247.
[I 2023-10-18 11:02:24,656] Trial 218 finished with value: 0.5187229582302681 and parameters: {'w0': 0.378, 'w1': 0.929, 'w2': 0.271, 'w3': 0.458, 'w4': 0.898, 'w5': 0.321, 'w6': 0.9530000000000001, 'w7': 0.231, 'w8': 0.962, 'max_depth': 9, 'min_child_weight': 14, 'subsample': 0.8, 'colsample_bytree': 0.8, 'gamma': 2.4000000000000004}. Best is trial 192 with value: 0.5317621031331247.
[I 2023-10-18 11:05:31,135] Trial 219 finished with value: 0.52332598848553 and parameters: {'w0': 0.261, 'w1': 0.931, 'w2': 0.362, 'w3': 0.45, 'w4': 0.892, 'w5': 0.365, 'w6': 0.9520000000000001, 'w7': 0.28700000000000003, 'w8': 0.923, 'max_depth': 9, 'min_child_weight': 14, 'subsample': 0.8, 'colsample_bytree': 0.8, 'gamma': 1.8}. Best is trial 192 with value: 0.5317621031331247.
[I 2023-10-18 11:05:40,924] Trial 221 finished with value: 0.518218035142816 and parameters: {'w0': 0.373, 'w1': 0.937, 'w2': 0.291, 'w3': 0.426, 'w4': 0.891, 'w5': 0.366, 'w6': 0.9520000000000001, 'w7': 0.233, 'w8': 0.918, 'max_depth': 9, 'min_child_weight': 14, 'subsample': 0.8, 'colsample_bytree': 0.8, 'gamma': 2.4000000000000004}. Best is trial 192 with value: 0.5317621031331247.
[I 2023-10-18 11:06:03,742] Trial 220 finished with value: 0.5206762731382667 and parameters: {'w0': 0.376, 'w1': 0.9380000000000001, 'w2': 0.28700000000000003, 'w3': 0.443, 'w4': 0.903, 'w5': 0.327, 'w6': 0.9510000000000001, 'w7': 0.227, 'w8': 0.91, 'max_depth': 9, 'min_child_weight': 14, 'subsample': 0.8, 'colsample_bytree': 0.8, 'gamma': 1.8}. Best is trial 192 with value: 0.5317621031331247.
[I 2023-10-18 11:07:53,392] Trial 214 finished with value: 0.5079988171942703 and parameters: {'w0': 0.229, 'w1': 0.935, 'w2': 0.265, 'w3': 0.43, 'w4': 0.905, 'w5': 0.363, 'w6': 0.91, 'w7': 0.246, 'w8': 0.912, 'max_depth': 9, 'min_child_weight': 12, 'subsample': 0.30000000000000004, 'colsample_bytree': 0.8, 'gamma': 1.6}. Best is trial 192 with value: 0.5317621031331247.
