[I 2023-10-19 21:46:27,844] Trial 550 finished with value: 0.501499246798412 and parameters: {'w0': 0.154, 'w1': 0.9420000000000001, 'w2': 0.146, 'w3': 0.5740000000000001, 'w4': 0.936, 'w5': 0.997, 'w6': 0.299, 'w7': 0.11900000000000001, 'w8': 0.779, 'max_depth': 9, 'min_child_weight': 16, 'subsample': 0.8, 'colsample_bytree': 0.9000000000000001, 'gamma': 0.0}. Best is trial 401 with value: 0.509487480687081.
[I 2023-10-19 21:47:04,959] Trial 549 finished with value: 0.4413056015498821 and parameters: {'w0': 0.156, 'w1': 0.854, 'w2': 0.14500000000000002, 'w3': 0.58, 'w4': 0.933, 'w5': 0.999, 'w6': 0.277, 'w7': 0.984, 'w8': 0.788, 'max_depth': 9, 'min_child_weight': 16, 'subsample': 0.8, 'colsample_bytree': 0.9000000000000001, 'gamma': 0.0}. Best is trial 401 with value: 0.509487480687081.
[I 2023-10-19 21:47:35,220] Trial 554 finished with value: 0.5034589056200812 and parameters: {'w0': 0.155, 'w1': 0.9410000000000001, 'w2': 0.146, 'w3': 0.5740000000000001, 'w4': 0.9390000000000001, 'w5': 0.999, 'w6': 0.275, 'w7': 0.125, 'w8': 0.79, 'max_depth': 9, 'min_child_weight': 16, 'subsample': 0.8, 'colsample_bytree': 0.9000000000000001, 'gamma': 0.0}. Best is trial 401 with value: 0.509487480687081.
[I 2023-10-19 21:47:47,248] Trial 553 finished with value: 0.5029143883076875 and parameters: {'w0': 0.156, 'w1': 0.9430000000000001, 'w2': 0.147, 'w3': 0.5730000000000001, 'w4': 0.9410000000000001, 'w5': 0.997, 'w6': 0.275, 'w7': 0.122, 'w8': 0.789, 'max_depth': 9, 'min_child_weight': 16, 'subsample': 0.8, 'colsample_bytree': 0.9000000000000001, 'gamma': 0.0}. Best is trial 401 with value: 0.509487480687081.
[I 2023-10-19 21:48:40,935] Trial 552 finished with value: 0.43782968129654826 and parameters: {'w0': 0.152, 'w1': 0.9450000000000001, 'w2': 0.157, 'w3': 0.5740000000000001, 'w4': 0.9410000000000001, 'w5': 0.997, 'w6': 0.272, 'w7': 0.968, 'w8': 0.788, 'max_depth': 9, 'min_child_weight': 16, 'subsample': 0.8, 'colsample_bytree': 0.9000000000000001, 'gamma': 0.0}. Best is trial 401 with value: 0.509487480687081.
[I 2023-10-19 21:49:14,654] Trial 555 finished with value: 0.5052295791448919 and parameters: {'w0': 0.156, 'w1': 0.859, 'w2': 0.15, 'w3': 0.396, 'w4': 0.903, 'w5': 1.0, 'w6': 0.28200000000000003, 'w7': 0.122, 'w8': 0.789, 'max_depth': 9, 'min_child_weight': 16, 'subsample': 0.8, 'colsample_bytree': 0.7, 'gamma': 0.0}. Best is trial 401 with value: 0.509487480687081.
[I 2023-10-19 21:51:04,524] Trial 557 finished with value: 0.5029002064538683 and parameters: {'w0': 0.154, 'w1': 0.859, 'w2': 0.155, 'w3': 0.536, 'w4': 0.892, 'w5': 0.999, 'w6': 0.275, 'w7': 0.121, 'w8': 0.791, 'max_depth': 9, 'min_child_weight': 16, 'subsample': 0.8, 'colsample_bytree': 0.7, 'gamma': 0.0}. Best is trial 401 with value: 0.509487480687081.
[I 2023-10-19 21:51:52,042] Trial 556 finished with value: 0.5099189407344089 and parameters: {'w0': 0.157, 'w1': 0.9380000000000001, 'w2': 0.148, 'w3': 0.5730000000000001, 'w4': 0.904, 'w5': 1.0, 'w6': 0.28600000000000003, 'w7': 0.122, 'w8': 0.788, 'max_depth': 9, 'min_child_weight': 16, 'subsample': 0.8, 'colsample_bytree': 0.9000000000000001, 'gamma': 0.0}. Best is trial 556 with value: 0.5099189407344089.
[I 2023-10-19 21:52:59,917] Trial 558 finished with value: 0.5067060689349117 and parameters: {'w0': 0.199, 'w1': 0.857, 'w2': 0.147, 'w3': 0.435, 'w4': 0.898, 'w5': 0.9390000000000001, 'w6': 0.28300000000000003, 'w7': 0.126, 'w8': 0.787, 'max_depth': 9, 'min_child_weight': 16, 'subsample': 0.8, 'colsample_bytree': 0.9000000000000001, 'gamma': 0.0}. Best is trial 556 with value: 0.5099189407344089.
[I 2023-10-19 21:53:41,530] Trial 560 finished with value: 0.47624062892145014 and parameters: {'w0': 0.193, 'w1': 0.224, 'w2': 0.152, 'w3': 0.542, 'w4': 0.279, 'w5': 1.0, 'w6': 0.28, 'w7': 0.15, 'w8': 0.79, 'max_depth': 9, 'min_child_weight': 16, 'subsample': 0.8, 'colsample_bytree': 0.9000000000000001, 'gamma': 0.0}. Best is trial 556 with value: 0.5099189407344089.
[I 2023-10-19 21:54:01,786] Trial 559 finished with value: 0.49836551242509963 and parameters: {'w0': 0.196, 'w1': 0.863, 'w2': 0.148, 'w3': 0.454, 'w4': 0.899, 'w5': 0.933, 'w6': 0.28600000000000003, 'w7': 0.199, 'w8': 0.781, 'max_depth': 9, 'min_child_weight': 16, 'subsample': 0.8, 'colsample_bytree': 0.9000000000000001, 'gamma': 0.0}. Best is trial 556 with value: 0.5099189407344089.
[I 2023-10-19 21:54:37,446] Trial 561 finished with value: 0.48079736717742705 and parameters: {'w0': 0.192, 'w1': 0.86, 'w2': 0.167, 'w3': 0.188, 'w4': 0.28400000000000003, 'w5': 0.936, 'w6': 0.296, 'w7': 0.153, 'w8': 0.773, 'max_depth': 9, 'min_child_weight': 16, 'subsample': 0.8, 'colsample_bytree': 0.5, 'gamma': 0.0}. Best is trial 556 with value: 0.5099189407344089.
[I 2023-10-19 21:56:32,094] Trial 568 finished with value: 0.49511763991346947 and parameters: {'w0': 0.195, 'w1': 0.859, 'w2': 0.169, 'w3': 0.54, 'w4': 0.897, 'w5': 0.9400000000000001, 'w6': 0.294, 'w7': 0.147, 'w8': 0.732, 'max_depth': 9, 'min_child_weight': 14, 'subsample': 0.8, 'colsample_bytree': 0.5, 'gamma': 1.2000000000000002}. Best is trial 556 with value: 0.5099189407344089.
[I 2023-10-19 21:57:07,575] Trial 562 finished with value: 0.5024951250735754 and parameters: {'w0': 0.187, 'w1': 0.859, 'w2': 0.162, 'w3': 0.439, 'w4': 0.903, 'w5': 0.9380000000000001, 'w6': 0.28, 'w7': 0.152, 'w8': 0.792, 'max_depth': 9, 'min_child_weight': 16, 'subsample': 0.8, 'colsample_bytree': 0.9000000000000001, 'gamma': 0.0}. Best is trial 556 with value: 0.5099189407344089.
[I 2023-10-19 21:57:15,122] Trial 566 finished with value: 0.48699628676140083 and parameters: {'w0': 0.197, 'w1': 0.842, 'w2': 0.168, 'w3': 0.541, 'w4': 0.29, 'w5': 0.9380000000000001, 'w6': 0.276, 'w7': 0.15, 'w8': 0.79, 'max_depth': 9, 'min_child_weight': 14, 'subsample': 0.8, 'colsample_bytree': 0.5, 'gamma': 0.8}. Best is trial 556 with value: 0.5099189407344089.
[I 2023-10-19 21:57:37,013] Trial 563 finished with value: 0.45341299169790616 and parameters: {'w0': 0.191, 'w1': 0.854, 'w2': 0.157, 'w3': 0.537, 'w4': 0.901, 'w5': 0.9390000000000001, 'w6': 0.28, 'w7': 0.48000000000000004, 'w8': 0.20900000000000002, 'max_depth': 9, 'min_child_weight': 16, 'subsample': 0.8, 'colsample_bytree': 0.9000000000000001, 'gamma': 0.0}. Best is trial 556 with value: 0.5099189407344089.
[I 2023-10-19 21:58:05,609] Trial 570 finished with value: 0.48602677477478406 and parameters: {'w0': 0.194, 'w1': 0.261, 'w2': 0.166, 'w3': 0.543, 'w4': 0.898, 'w5': 0.9400000000000001, 'w6': 0.319, 'w7': 0.199, 'w8': 0.727, 'max_depth': 9, 'min_child_weight': 14, 'subsample': 0.8, 'colsample_bytree': 0.9000000000000001, 'gamma': 1.2000000000000002}. Best is trial 556 with value: 0.5099189407344089.
[I 2023-10-19 21:59:22,542] Trial 567 finished with value: 0.5014720525090075 and parameters: {'w0': 0.194, 'w1': 0.854, 'w2': 0.17, 'w3': 0.538, 'w4': 0.898, 'w5': 0.9390000000000001, 'w6': 0.28500000000000003, 'w7': 0.14500000000000002, 'w8': 0.782, 'max_depth': 9, 'min_child_weight': 14, 'subsample': 0.8, 'colsample_bytree': 0.9000000000000001, 'gamma': 0.8}. Best is trial 556 with value: 0.5099189407344089.
[I 2023-10-19 21:59:52,264] Trial 569 finished with value: 0.4966614501920607 and parameters: {'w0': 0.196, 'w1': 0.8270000000000001, 'w2': 0.168, 'w3': 0.446, 'w4': 0.898, 'w5': 0.934, 'w6': 0.212, 'w7': 0.15, 'w8': 0.73, 'max_depth': 9, 'min_child_weight': 14, 'subsample': 0.8, 'colsample_bytree': 0.9000000000000001, 'gamma': 0.8}. Best is trial 556 with value: 0.5099189407344089.
[I 2023-10-19 22:01:10,414] Trial 564 finished with value: 0.5030670468153512 and parameters: {'w0': 0.186, 'w1': 0.855, 'w2': 0.169, 'w3': 0.216, 'w4': 0.894, 'w5': 0.9400000000000001, 'w6': 0.277, 'w7': 0.14500000000000002, 'w8': 0.775, 'max_depth': 9, 'min_child_weight': 16, 'subsample': 0.8, 'colsample_bytree': 0.9000000000000001, 'gamma': 0.0}. Best is trial 556 with value: 0.5099189407344089.
[I 2023-10-19 22:01:35,129] Trial 572 finished with value: 0.3951076304463356 and parameters: {'w0': 0.197, 'w1': 0.8330000000000001, 'w2': 0.076, 'w3': 0.04, 'w4': 0.272, 'w5': 0.9390000000000001, 'w6': 0.293, 'w7': 0.637, 'w8': 0.728, 'max_depth': 9, 'min_child_weight': 14, 'subsample': 0.8, 'colsample_bytree': 0.9000000000000001, 'gamma': 1.2000000000000002}. Best is trial 556 with value: 0.5099189407344089.
[I 2023-10-19 22:02:30,270] Trial 571 finished with value: 0.5006175102338619 and parameters: {'w0': 0.194, 'w1': 0.844, 'w2': 0.075, 'w3': 0.31, 'w4': 0.901, 'w5': 0.9430000000000001, 'w6': 0.295, 'w7': 0.083, 'w8': 0.78, 'max_depth': 9, 'min_child_weight': 14, 'subsample': 0.8, 'colsample_bytree': 0.5, 'gamma': 0.4}. Best is trial 556 with value: 0.5099189407344089.
[I 2023-10-19 22:02:36,009] Trial 565 finished with value: 0.5045671110539981 and parameters: {'w0': 0.19, 'w1': 0.856, 'w2': 0.169, 'w3': 0.541, 'w4': 0.9, 'w5': 0.9430000000000001, 'w6': 0.20900000000000002, 'w7': 0.149, 'w8': 0.787, 'max_depth': 9, 'min_child_weight': 16, 'subsample': 0.8, 'colsample_bytree': 0.9000000000000001, 'gamma': 0.0}. Best is trial 556 with value: 0.5099189407344089.
[I 2023-10-19 22:03:14,205] Trial 581 finished with value: 0.44754239129566875 and parameters: {'w0': 0.196, 'w1': 0.8270000000000001, 'w2': 0.07100000000000001, 'w3': 0.379, 'w4': 0.91, 'w5': 0.9550000000000001, 'w6': 0.225, 'w7': 0.093, 'w8': 0.802, 'max_depth': 9, 'min_child_weight': 14, 'subsample': 0.8, 'colsample_bytree': 0.8, 'gamma': 4.2}. Best is trial 556 with value: 0.5099189407344089.
[I 2023-10-19 22:07:46,469] Trial 573 finished with value: 0.49853773775709975 and parameters: {'w0': 0.194, 'w1': 0.8280000000000001, 'w2': 0.17400000000000002, 'w3': 0.366, 'w4': 0.904, 'w5': 0.9440000000000001, 'w6': 0.28800000000000003, 'w7': 0.081, 'w8': 0.771, 'max_depth': 9, 'min_child_weight': 14, 'subsample': 0.8, 'colsample_bytree': 0.8, 'gamma': 0.0}. Best is trial 556 with value: 0.5099189407344089.
[I 2023-10-19 22:08:46,378] Trial 574 finished with value: 0.4992969386367477 and parameters: {'w0': 0.196, 'w1': 0.8270000000000001, 'w2': 0.163, 'w3': 0.453, 'w4': 0.899, 'w5': 0.936, 'w6': 0.20700000000000002, 'w7': 0.08800000000000001, 'w8': 0.806, 'max_depth': 9, 'min_child_weight': 14, 'subsample': 0.8, 'colsample_bytree': 0.9000000000000001, 'gamma': 0.0}. Best is trial 556 with value: 0.5099189407344089.
[I 2023-10-19 22:09:04,993] Trial 576 finished with value: 0.483473052883235 and parameters: {'w0': 0.198, 'w1': 0.842, 'w2': 0.07300000000000001, 'w3': 0.034, 'w4': 0.907, 'w5': 0.9490000000000001, 'w6': 0.213, 'w7': 0.08800000000000001, 'w8': 0.798, 'max_depth': 9, 'min_child_weight': 14, 'subsample': 0.8, 'colsample_bytree': 0.8, 'gamma': 0.0}. Best is trial 556 with value: 0.5099189407344089.
[I 2023-10-19 22:09:17,617] Trial 575 finished with value: 0.49493181332489883 and parameters: {'w0': 0.197, 'w1': 0.837, 'w2': 0.168, 'w3': 0.41500000000000004, 'w4': 0.898, 'w5': 0.9440000000000001, 'w6': 0.212, 'w7': 0.08700000000000001, 'w8': 0.774, 'max_depth': 9, 'min_child_weight': 14, 'subsample': 0.8, 'colsample_bytree': 0.6000000000000001, 'gamma': 0.0}. Best is trial 556 with value: 0.5099189407344089.
[I 2023-10-19 22:11:07,711] Trial 577 finished with value: 0.4987595721042168 and parameters: {'w0': 0.193, 'w1': 0.8300000000000001, 'w2': 0.169, 'w3': 0.422, 'w4': 0.904, 'w5': 0.9520000000000001, 'w6': 0.20700000000000002, 'w7': 0.096, 'w8': 0.803, 'max_depth': 9, 'min_child_weight': 14, 'subsample': 0.8, 'colsample_bytree': 0.9000000000000001, 'gamma': 0.0}. Best is trial 556 with value: 0.5099189407344089.
[I 2023-10-19 22:12:32,456] Trial 578 finished with value: 0.49254344944825135 and parameters: {'w0': 0.192, 'w1': 0.8290000000000001, 'w2': 0.169, 'w3': 0.355, 'w4': 0.902, 'w5': 0.9560000000000001, 'w6': 0.213, 'w7': 0.082, 'w8': 0.805, 'max_depth': 9, 'min_child_weight': 14, 'subsample': 0.8, 'colsample_bytree': 0.9000000000000001, 'gamma': 0.0}. Best is trial 556 with value: 0.5099189407344089.
[I 2023-10-19 22:12:36,227] Trial 582 finished with value: 0.5025234901589175 and parameters: {'w0': 0.179, 'w1': 0.8230000000000001, 'w2': 0.131, 'w3': 0.23600000000000002, 'w4': 0.912, 'w5': 0.962, 'w6': 0.214, 'w7': 0.085, 'w8': 0.807, 'max_depth': 9, 'min_child_weight': 16, 'subsample': 0.8, 'colsample_bytree': 0.8, 'gamma': 0.4}. Best is trial 556 with value: 0.5099189407344089.
[I 2023-10-19 22:12:59,499] Trial 579 finished with value: 0.4981655705797014 and parameters: {'w0': 0.198, 'w1': 0.8330000000000001, 'w2': 0.08, 'w3': 0.387, 'w4': 0.909, 'w5': 0.9590000000000001, 'w6': 0.202, 'w7': 0.083, 'w8': 0.81, 'max_depth': 9, 'min_child_weight': 14, 'subsample': 0.8, 'colsample_bytree': 0.9000000000000001, 'gamma': 0.0}. Best is trial 556 with value: 0.5099189407344089.
[I 2023-10-19 22:13:41,199] Trial 580 finished with value: 0.474825292572272 and parameters: {'w0': 0.193, 'w1': 0.8220000000000001, 'w2': 0.777, 'w3': 0.357, 'w4': 0.908, 'w5': 0.9580000000000001, 'w6': 0.316, 'w7': 0.092, 'w8': 0.77, 'max_depth': 9, 'min_child_weight': 14, 'subsample': 0.8, 'colsample_bytree': 0.8, 'gamma': 0.0}. Best is trial 556 with value: 0.5099189407344089.
[I 2023-10-19 22:13:59,066] Trial 583 finished with value: 0.4982461317640479 and parameters: {'w0': 0.168, 'w1': 0.8310000000000001, 'w2': 0.067, 'w3': 0.457, 'w4': 0.913, 'w5': 0.963, 'w6': 0.299, 'w7': 0.08800000000000001, 'w8': 0.809, 'max_depth': 9, 'min_child_weight': 16, 'subsample': 0.8, 'colsample_bytree': 0.9000000000000001, 'gamma': 0.4}. Best is trial 556 with value: 0.5099189407344089.
[I 2023-10-19 22:15:31,639] Trial 585 finished with value: 0.5008861114401868 and parameters: {'w0': 0.17, 'w1': 0.8210000000000001, 'w2': 0.07100000000000001, 'w3': 0.41400000000000003, 'w4': 0.916, 'w5': 0.962, 'w6': 0.302, 'w7': 0.085, 'w8': 0.805, 'max_depth': 9, 'min_child_weight': 16, 'subsample': 0.8, 'colsample_bytree': 0.8, 'gamma': 0.4}. Best is trial 556 with value: 0.5099189407344089.
[I 2023-10-19 22:15:54,244] Trial 584 finished with value: 0.4822928427325096 and parameters: {'w0': 0.169, 'w1': 0.801, 'w2': 0.47500000000000003, 'w3': 0.17600000000000002, 'w4': 0.92, 'w5': 0.9590000000000001, 'w6': 0.302, 'w7': 0.084, 'w8': 0.764, 'max_depth': 9, 'min_child_weight': 16, 'subsample': 0.8, 'colsample_bytree': 0.9000000000000001, 'gamma': 0.4}. Best is trial 556 with value: 0.5099189407344089.
[I 2023-10-19 22:16:21,368] Trial 587 finished with value: 0.48053580800301643 and parameters: {'w0': 0.168, 'w1': 0.8150000000000001, 'w2': 0.107, 'w3': 0.386, 'w4': 0.214, 'w5': 0.963, 'w6': 0.319, 'w7': 0.085, 'w8': 0.805, 'max_depth': 9, 'min_child_weight': 16, 'subsample': 0.8, 'colsample_bytree': 0.8, 'gamma': 0.4}. Best is trial 556 with value: 0.5099189407344089.
[I 2023-10-19 22:17:04,038] Trial 588 finished with value: 0.5052058037951118 and parameters: {'w0': 0.166, 'w1': 0.906, 'w2': 0.111, 'w3': 0.45, 'w4': 0.916, 'w5': 0.9590000000000001, 'w6': 0.319, 'w7': 0.085, 'w8': 0.808, 'max_depth': 9, 'min_child_weight': 16, 'subsample': 0.8, 'colsample_bytree': 0.8, 'gamma': 0.4}. Best is trial 556 with value: 0.5099189407344089.
[I 2023-10-19 22:17:17,943] Trial 586 finished with value: 0.4835184725011176 and parameters: {'w0': 0.169, 'w1': 0.905, 'w2': 0.485, 'w3': 0.421, 'w4': 0.914, 'w5': 0.961, 'w6': 0.308, 'w7': 0.08700000000000001, 'w8': 0.806, 'max_depth': 9, 'min_child_weight': 16, 'subsample': 0.8, 'colsample_bytree': 0.8, 'gamma': 0.4}. Best is trial 556 with value: 0.5099189407344089.
[I 2023-10-19 22:18:21,504] Trial 589 finished with value: 0.5023217679811243 and parameters: {'w0': 0.164, 'w1': 0.906, 'w2': 0.13, 'w3': 0.44, 'w4': 0.919, 'w5': 0.963, 'w6': 0.319, 'w7': 0.085, 'w8': 0.807, 'max_depth': 9, 'min_child_weight': 16, 'subsample': 0.8, 'colsample_bytree': 0.9000000000000001, 'gamma': 0.4}. Best is trial 556 with value: 0.5099189407344089.
[I 2023-10-19 22:20:40,277] Trial 600 finished with value: 0.44366374932838437 and parameters: {'w0': 0.10400000000000001, 'w1': 0.915, 'w2': 0.10400000000000001, 'w3': 0.561, 'w4': 0.877, 'w5': 0.907, 'w6': 0.323, 'w7': 0.113, 'w8': 0.7040000000000001, 'max_depth': 9, 'min_child_weight': 18, 'subsample': 0.8, 'colsample_bytree': 0.9000000000000001, 'gamma': 7.6000000000000005}. Best is trial 556 with value: 0.5099189407344089.
[I 2023-10-19 22:22:27,096] Trial 590 finished with value: 0.5024786770703166 and parameters: {'w0': 0.171, 'w1': 0.81, 'w2': 0.126, 'w3': 0.455, 'w4': 0.917, 'w5': 0.966, 'w6': 0.319, 'w7': 0.093, 'w8': 0.802, 'max_depth': 9, 'min_child_weight': 16, 'subsample': 0.8, 'colsample_bytree': 0.9000000000000001, 'gamma': 0.4}. Best is trial 556 with value: 0.5099189407344089.
[I 2023-10-19 22:23:37,572] Trial 593 finished with value: 0.491485431072338 and parameters: {'w0': 0.167, 'w1': 0.911, 'w2': 0.13, 'w3': 0.312, 'w4': 0.922, 'w5': 0.20800000000000002, 'w6': 0.319, 'w7': 0.11, 'w8': 0.759, 'max_depth': 9, 'min_child_weight': 16, 'subsample': 0.8, 'colsample_bytree': 0.9000000000000001, 'gamma': 0.4}. Best is trial 556 with value: 0.5099189407344089.
[I 2023-10-19 22:23:38,805] Trial 591 finished with value: 0.5076290666526276 and parameters: {'w0': 0.167, 'w1': 0.906, 'w2': 0.131, 'w3': 0.56, 'w4': 0.92, 'w5': 0.965, 'w6': 0.311, 'w7': 0.10300000000000001, 'w8': 0.765, 'max_depth': 9, 'min_child_weight': 16, 'subsample': 0.8, 'colsample_bytree': 0.9000000000000001, 'gamma': 0.4}. Best is trial 556 with value: 0.5099189407344089.
[I 2023-10-19 22:24:07,854] Trial 592 finished with value: 0.5050234715248542 and parameters: {'w0': 0.167, 'w1': 0.913, 'w2': 0.132, 'w3': 0.39, 'w4': 0.922, 'w5': 0.966, 'w6': 0.312, 'w7': 0.107, 'w8': 0.807, 'max_depth': 9, 'min_child_weight': 16, 'subsample': 0.8, 'colsample_bytree': 0.9000000000000001, 'gamma': 0.4}. Best is trial 556 with value: 0.5099189407344089.
[I 2023-10-19 22:26:22,787] Trial 594 finished with value: 0.5049888398337371 and parameters: {'w0': 0.165, 'w1': 0.905, 'w2': 0.106, 'w3': 0.485, 'w4': 0.919, 'w5': 0.967, 'w6': 0.32, 'w7': 0.107, 'w8': 0.849, 'max_depth': 9, 'min_child_weight': 16, 'subsample': 0.8, 'colsample_bytree': 0.9000000000000001, 'gamma': 0.4}. Best is trial 556 with value: 0.5099189407344089.
[I 2023-10-19 22:27:04,918] Trial 595 finished with value: 0.4957265442729011 and parameters: {'w0': 0.165, 'w1': 0.81, 'w2': 0.109, 'w3': 0.485, 'w4': 0.987, 'w5': 0.967, 'w6': 0.32, 'w7': 0.061, 'w8': 0.765, 'max_depth': 9, 'min_child_weight': 16, 'subsample': 0.8, 'colsample_bytree': 0.9000000000000001, 'gamma': 0.4}. Best is trial 556 with value: 0.5099189407344089.
[I 2023-10-19 22:27:33,173] Trial 596 finished with value: 0.5056638895797237 and parameters: {'w0': 0.164, 'w1': 0.907, 'w2': 0.107, 'w3': 0.398, 'w4': 0.927, 'w5': 0.969, 'w6': 0.165, 'w7': 0.109, 'w8': 0.762, 'max_depth': 9, 'min_child_weight': 16, 'subsample': 0.8, 'colsample_bytree': 0.9000000000000001, 'gamma': 0.4}. Best is trial 556 with value: 0.5099189407344089.
[I 2023-10-19 22:27:48,030] Trial 598 finished with value: 0.49827836033793427 and parameters: {'w0': 0.166, 'w1': 0.913, 'w2': 0.108, 'w3': 0.269, 'w4': 0.99, 'w5': 0.228, 'w6': 0.321, 'w7': 0.106, 'w8': 0.848, 'max_depth': 9, 'min_child_weight': 18, 'subsample': 0.8, 'colsample_bytree': 0.9000000000000001, 'gamma': 0.4}. Best is trial 556 with value: 0.5099189407344089.
[I 2023-10-19 22:28:04,386] Trial 597 finished with value: 0.5074400848809986 and parameters: {'w0': 0.166, 'w1': 0.806, 'w2': 0.107, 'w3': 0.489, 'w4': 0.878, 'w5': 0.909, 'w6': 0.321, 'w7': 0.111, 'w8': 0.767, 'max_depth': 9, 'min_child_weight': 16, 'subsample': 0.8, 'colsample_bytree': 0.9000000000000001, 'gamma': 0.4}. Best is trial 556 with value: 0.5099189407344089.
[I 2023-10-19 22:28:35,329] Trial 601 finished with value: 0.4511841375147154 and parameters: {'w0': 0.10400000000000001, 'w1': 0.914, 'w2': 0.129, 'w3': 0.491, 'w4': 0.877, 'w5': 0.975, 'w6': 0.008, 'w7': 0.11, 'w8': 0.853, 'max_depth': 7, 'min_child_weight': 18, 'subsample': 0.8, 'colsample_bytree': 0.9000000000000001, 'gamma': 0.4}. Best is trial 556 with value: 0.5099189407344089.
[I 2023-10-19 22:28:59,392] Trial 599 finished with value: 0.5045451050604123 and parameters: {'w0': 0.166, 'w1': 0.902, 'w2': 0.112, 'w3': 0.316, 'w4': 0.884, 'w5': 0.973, 'w6': 0.319, 'w7': 0.109, 'w8': 0.848, 'max_depth': 9, 'min_child_weight': 18, 'subsample': 0.8, 'colsample_bytree': 0.9000000000000001, 'gamma': 0.4}. Best is trial 556 with value: 0.5099189407344089.
[I 2023-10-19 22:29:56,711] Trial 604 finished with value: 0.4723671609115041 and parameters: {'w0': 0.10300000000000001, 'w1': 0.915, 'w2': 0.106, 'w3': 0.436, 'w4': 0.035, 'w5': 0.909, 'w6': 0.322, 'w7': 0.063, 'w8': 0.854, 'max_depth': 7, 'min_child_weight': 18, 'subsample': 0.8, 'colsample_bytree': 0.7, 'gamma': 0.2}. Best is trial 556 with value: 0.5099189407344089.
[I 2023-10-19 22:31:30,869] Trial 611 finished with value: 0.43190535741229763 and parameters: {'w0': 0.14200000000000002, 'w1': 0.874, 'w2': 0.115, 'w3': 0.43, 'w4': 0.879, 'w5': 0.982, 'w6': 0.248, 'w7': 0.054, 'w8': 0.762, 'max_depth': 7, 'min_child_weight': 18, 'subsample': 0.8, 'colsample_bytree': 0.9000000000000001, 'gamma': 8.200000000000001}. Best is trial 556 with value: 0.5099189407344089.
[I 2023-10-19 22:31:36,925] Trial 603 finished with value: 0.5015179882500372 and parameters: {'w0': 0.1, 'w1': 0.904, 'w2': 0.10400000000000001, 'w3': 0.491, 'w4': 0.9530000000000001, 'w5': 0.907, 'w6': 0.319, 'w7': 0.055, 'w8': 0.761, 'max_depth': 9, 'min_child_weight': 18, 'subsample': 0.8, 'colsample_bytree': 0.7, 'gamma': 0.2}. Best is trial 556 with value: 0.5099189407344089.
[I 2023-10-19 22:32:07,326] Trial 602 finished with value: 0.4701123836212453 and parameters: {'w0': 0.14100000000000001, 'w1': 0.908, 'w2': 0.856, 'w3': 0.489, 'w4': 0.883, 'w5': 0.974, 'w6': 0.244, 'w7': 0.11, 'w8': 0.846, 'max_depth': 9, 'min_child_weight': 18, 'subsample': 0.8, 'colsample_bytree': 0.9000000000000001, 'gamma': 0.4}. Best is trial 556 with value: 0.5099189407344089.
