[I 2023-10-20 15:27:57,218] Trial 1806 finished with value: 0.46471584836040886 and parameters: {'w0': 0.162, 'w1': 0.908, 'w2': 0.373, 'w3': 0.446, 'w4': 0.928, 'w5': 1.0, 'w6': 0.736, 'w7': 0.598, 'w8': 0.776, 'max_depth': 8, 'min_child_weight': 14, 'subsample': 0.8, 'colsample_bytree': 0.4, 'gamma': 0.0}. Best is trial 1267 with value: 0.5099314743075365.
[I 2023-10-20 15:29:57,718] Trial 1808 finished with value: 0.4935430775616169 and parameters: {'w0': 0.163, 'w1': 0.9, 'w2': 0.168, 'w3': 0.406, 'w4': 0.929, 'w5': 0.766, 'w6': 0.799, 'w7': 0.066, 'w8': 0.779, 'max_depth': 7, 'min_child_weight': 14, 'subsample': 0.8, 'colsample_bytree': 0.8, 'gamma': 0.0}. Best is trial 1267 with value: 0.5099314743075365.
[I 2023-10-20 15:30:03,996] Trial 1807 finished with value: 0.47064688930549536 and parameters: {'w0': 0.164, 'w1': 0.908, 'w2': 0.888, 'w3': 0.453, 'w4': 0.918, 'w5': 0.787, 'w6': 0.707, 'w7': 0.5660000000000001, 'w8': 0.774, 'max_depth': 8, 'min_child_weight': 14, 'subsample': 0.8, 'colsample_bytree': 0.8, 'gamma': 0.0}. Best is trial 1267 with value: 0.5099314743075365.
[I 2023-10-20 15:32:56,819] Trial 1809 finished with value: 0.4716611115262466 and parameters: {'w0': 0.157, 'w1': 0.901, 'w2': 0.164, 'w3': 0.445, 'w4': 0.922, 'w5': 0.8260000000000001, 'w6': 0.811, 'w7': 0.432, 'w8': 0.774, 'max_depth': 8, 'min_child_weight': 14, 'subsample': 0.8, 'colsample_bytree': 0.8, 'gamma': 0.0}. Best is trial 1267 with value: 0.5099314743075365.
[I 2023-10-20 15:33:07,532] Trial 1811 finished with value: 0.49278441697751924 and parameters: {'w0': 0.163, 'w1': 0.903, 'w2': 0.164, 'w3': 0.41100000000000003, 'w4': 0.927, 'w5': 0.789, 'w6': 0.855, 'w7': 0.065, 'w8': 0.888, 'max_depth': 8, 'min_child_weight': 16, 'subsample': 0.8, 'colsample_bytree': 0.8, 'gamma': 0.0}. Best is trial 1267 with value: 0.5099314743075365.
[I 2023-10-20 15:34:41,739] Trial 1816 finished with value: 0.47287763091564106 and parameters: {'w0': 0.163, 'w1': 0.905, 'w2': 0.673, 'w3': 0.392, 'w4': 0.924, 'w5': 0.771, 'w6': 0.808, 'w7': 0.064, 'w8': 0.76, 'max_depth': 7, 'min_child_weight': 16, 'subsample': 0.8, 'colsample_bytree': 0.8, 'gamma': 0.8}. Best is trial 1267 with value: 0.5099314743075365.
[I 2023-10-20 15:35:02,404] Trial 1812 finished with value: 0.4610409143192411 and parameters: {'w0': 0.164, 'w1': 0.904, 'w2': 0.11900000000000001, 'w3': 0.41700000000000004, 'w4': 0.93, 'w5': 0.759, 'w6': 0.798, 'w7': 0.46, 'w8': 0.777, 'max_depth': 7, 'min_child_weight': 16, 'subsample': 0.8, 'colsample_bytree': 0.8, 'gamma': 0.0}. Best is trial 1267 with value: 0.5099314743075365.
[I 2023-10-20 15:35:13,426] Trial 1813 finished with value: 0.4924572983954506 and parameters: {'w0': 0.158, 'w1': 0.905, 'w2': 0.16, 'w3': 0.41000000000000003, 'w4': 0.925, 'w5': 0.772, 'w6': 0.776, 'w7': 0.065, 'w8': 0.777, 'max_depth': 7, 'min_child_weight': 16, 'subsample': 0.8, 'colsample_bytree': 0.8, 'gamma': 0.0}. Best is trial 1267 with value: 0.5099314743075365.
[I 2023-10-20 15:35:13,481] Trial 1814 finished with value: 0.48865817582432225 and parameters: {'w0': 0.161, 'w1': 0.904, 'w2': 0.166, 'w3': 0.41400000000000003, 'w4': 0.922, 'w5': 0.793, 'w6': 0.883, 'w7': 0.063, 'w8': 0.372, 'max_depth': 7, 'min_child_weight': 16, 'subsample': 0.8, 'colsample_bytree': 0.8, 'gamma': 0.0}. Best is trial 1267 with value: 0.5099314743075365.
[I 2023-10-20 15:37:30,560] Trial 1819 finished with value: 0.4960252612113142 and parameters: {'w0': 0.18, 'w1': 0.903, 'w2': 0.125, 'w3': 0.362, 'w4': 0.921, 'w5': 0.775, 'w6': 0.801, 'w7': 0.151, 'w8': 0.798, 'max_depth': 7, 'min_child_weight': 16, 'subsample': 0.8, 'colsample_bytree': 0.9000000000000001, 'gamma': 0.8}. Best is trial 1267 with value: 0.5099314743075365.
[I 2023-10-20 15:38:04,863] Trial 1818 finished with value: 0.48192278655750964 and parameters: {'w0': 0.162, 'w1': 0.906, 'w2': 0.8210000000000001, 'w3': 0.457, 'w4': 0.923, 'w5': 0.8150000000000001, 'w6': 0.805, 'w7': 0.154, 'w8': 0.762, 'max_depth': 7, 'min_child_weight': 16, 'subsample': 0.8, 'colsample_bytree': 0.9000000000000001, 'gamma': 0.6000000000000001}. Best is trial 1267 with value: 0.5099314743075365.
[I 2023-10-20 15:39:08,460] Trial 1817 finished with value: 0.466839900352215 and parameters: {'w0': 0.655, 'w1': 0.901, 'w2': 0.062, 'w3': 0.396, 'w4': 0.926, 'w5': 0.728, 'w6': 0.806, 'w7': 0.15, 'w8': 0.762, 'max_depth': 8, 'min_child_weight': 16, 'subsample': 0.8, 'colsample_bytree': 0.8, 'gamma': 0.0}. Best is trial 1267 with value: 0.5099314743075365.
[I 2023-10-20 15:39:31,126] Trial 1820 finished with value: 0.4976158593125576 and parameters: {'w0': 0.183, 'w1': 0.909, 'w2': 0.11900000000000001, 'w3': 0.392, 'w4': 0.901, 'w5': 0.762, 'w6': 0.735, 'w7': 0.152, 'w8': 0.8, 'max_depth': 8, 'min_child_weight': 16, 'subsample': 0.8, 'colsample_bytree': 0.9000000000000001, 'gamma': 0.6000000000000001}. Best is trial 1267 with value: 0.5099314743075365.
[I 2023-10-20 15:39:40,552] Trial 1824 finished with value: 0.46710591123568623 and parameters: {'w0': 0.182, 'w1': 0.93, 'w2': 0.062, 'w3': 0.397, 'w4': 0.899, 'w5': 0.967, 'w6': 0.8140000000000001, 'w7': 0.155, 'w8': 0.806, 'max_depth': 7, 'min_child_weight': 16, 'subsample': 0.8, 'colsample_bytree': 0.9000000000000001, 'gamma': 0.8}. Best is trial 1267 with value: 0.5099314743075365.
[I 2023-10-20 15:40:51,005] Trial 1821 finished with value: 0.490917861489861 and parameters: {'w0': 0.181, 'w1': 0.904, 'w2': 0.451, 'w3': 0.454, 'w4': 0.921, 'w5': 0.761, 'w6': 0.787, 'w7': 0.14, 'w8': 0.757, 'max_depth': 7, 'min_child_weight': 16, 'subsample': 0.8, 'colsample_bytree': 0.9000000000000001, 'gamma': 0.6000000000000001}. Best is trial 1267 with value: 0.5099314743075365.
[I 2023-10-20 15:41:05,870] Trial 1822 finished with value: 0.476183162432676 and parameters: {'w0': 0.659, 'w1': 0.9410000000000001, 'w2': 0.673, 'w3': 0.455, 'w4': 0.905, 'w5': 0.787, 'w6': 0.334, 'w7': 0.374, 'w8': 0.798, 'max_depth': 8, 'min_child_weight': 16, 'subsample': 0.8, 'colsample_bytree': 0.9000000000000001, 'gamma': 1.2000000000000002}. Best is trial 1267 with value: 0.5099314743075365.
[I 2023-10-20 15:41:14,472] Trial 1823 finished with value: 0.4891647801932681 and parameters: {'w0': 0.181, 'w1': 0.935, 'w2': 0.452, 'w3': 0.45, 'w4': 0.904, 'w5': 0.785, 'w6': 0.811, 'w7': 0.152, 'w8': 0.799, 'max_depth': 7, 'min_child_weight': 16, 'subsample': 0.8, 'colsample_bytree': 0.9000000000000001, 'gamma': 0.8}. Best is trial 1267 with value: 0.5099314743075365.
[I 2023-10-20 15:42:53,063] Trial 1826 finished with value: 0.4700868574889172 and parameters: {'w0': 0.187, 'w1': 0.9390000000000001, 'w2': 0.062, 'w3': 0.391, 'w4': 0.558, 'w5': 0.72, 'w6': 0.7000000000000001, 'w7': 0.149, 'w8': 0.759, 'max_depth': 7, 'min_child_weight': 16, 'subsample': 0.8, 'colsample_bytree': 0.9000000000000001, 'gamma': 0.6000000000000001}. Best is trial 1267 with value: 0.5099314743075365.
[I 2023-10-20 15:43:29,470] Trial 1825 finished with value: 0.5007346442508531 and parameters: {'w0': 0.17, 'w1': 0.933, 'w2': 0.12000000000000001, 'w3': 0.459, 'w4': 0.903, 'w5': 0.964, 'w6': 0.34500000000000003, 'w7': 0.149, 'w8': 0.757, 'max_depth': 8, 'min_child_weight': 16, 'subsample': 0.8, 'colsample_bytree': 0.9000000000000001, 'gamma': 0.6000000000000001}. Best is trial 1267 with value: 0.5099314743075365.
[I 2023-10-20 15:45:09,097] Trial 1828 finished with value: 0.4971396678167138 and parameters: {'w0': 0.184, 'w1': 0.917, 'w2': 0.122, 'w3': 0.402, 'w4': 0.9, 'w5': 0.964, 'w6': 0.81, 'w7': 0.15, 'w8': 0.804, 'max_depth': 7, 'min_child_weight': 16, 'subsample': 0.8, 'colsample_bytree': 0.9000000000000001, 'gamma': 0.8}. Best is trial 1267 with value: 0.5099314743075365.
[I 2023-10-20 15:45:35,622] Trial 1837 finished with value: 0.3976193704318883 and parameters: {'w0': 0.182, 'w1': 0.9440000000000001, 'w2': 0.139, 'w3': 0.465, 'w4': 0.965, 'w5': 0.709, 'w6': 0.645, 'w7': 0.81, 'w8': 0.792, 'max_depth': 8, 'min_child_weight': 16, 'subsample': 0.8, 'colsample_bytree': 0.9000000000000001, 'gamma': 5.6000000000000005}. Best is trial 1267 with value: 0.5099314743075365.
[I 2023-10-20 15:46:35,954] Trial 1827 finished with value: 0.47231373741417026 and parameters: {'w0': 0.185, 'w1': 0.933, 'w2': 0.058, 'w3': 0.388, 'w4': 0.896, 'w5': 0.773, 'w6': 0.803, 'w7': 0.149, 'w8': 0.802, 'max_depth': 8, 'min_child_weight': 16, 'subsample': 0.8, 'colsample_bytree': 0.9000000000000001, 'gamma': 0.6000000000000001}. Best is trial 1267 with value: 0.5099314743075365.
[I 2023-10-20 15:47:13,470] Trial 1829 finished with value: 0.4962921134837519 and parameters: {'w0': 0.186, 'w1': 0.933, 'w2': 0.11800000000000001, 'w3': 0.559, 'w4': 0.901, 'w5': 0.6960000000000001, 'w6': 0.342, 'w7': 0.153, 'w8': 0.798, 'max_depth': 7, 'min_child_weight': 16, 'subsample': 0.8, 'colsample_bytree': 0.9000000000000001, 'gamma': 0.6000000000000001}. Best is trial 1267 with value: 0.5099314743075365.
[I 2023-10-20 15:47:47,707] Trial 1834 finished with value: 0.4697266205174018 and parameters: {'w0': 0.197, 'w1': 0.935, 'w2': 0.061, 'w3': 0.466, 'w4': 0.898, 'w5': 0.6990000000000001, 'w6': 0.722, 'w7': 0.148, 'w8': 0.799, 'max_depth': 8, 'min_child_weight': 16, 'subsample': 0.8, 'colsample_bytree': 0.9000000000000001, 'gamma': 1.2000000000000002}. Best is trial 1267 with value: 0.5099314743075365.
[I 2023-10-20 15:49:15,639] Trial 1830 finished with value: 0.49257212111170784 and parameters: {'w0': 0.186, 'w1': 0.9390000000000001, 'w2': 0.12000000000000001, 'w3': 0.556, 'w4': 0.968, 'w5': 0.777, 'w6': 0.868, 'w7': 0.152, 'w8': 0.798, 'max_depth': 8, 'min_child_weight': 16, 'subsample': 0.8, 'colsample_bytree': 0.9000000000000001, 'gamma': 0.6000000000000001}. Best is trial 1267 with value: 0.5099314743075365.
[I 2023-10-20 15:49:16,086] Trial 1831 finished with value: 0.4723401194551288 and parameters: {'w0': 0.185, 'w1': 0.9390000000000001, 'w2': 0.063, 'w3': 0.5670000000000001, 'w4': 0.897, 'w5': 0.963, 'w6': 0.6890000000000001, 'w7': 0.153, 'w8': 0.802, 'max_depth': 8, 'min_child_weight': 16, 'subsample': 0.8, 'colsample_bytree': 0.9000000000000001, 'gamma': 0.6000000000000001}. Best is trial 1267 with value: 0.5099314743075365.
[I 2023-10-20 15:50:32,951] Trial 1835 finished with value: 0.47820431456429524 and parameters: {'w0': 0.709, 'w1': 0.9480000000000001, 'w2': 0.124, 'w3': 0.546, 'w4': 0.899, 'w5': 0.966, 'w6': 0.343, 'w7': 0.152, 'w8': 0.8, 'max_depth': 8, 'min_child_weight': 16, 'subsample': 0.8, 'colsample_bytree': 0.9000000000000001, 'gamma': 1.2000000000000002}. Best is trial 1267 with value: 0.5099314743075365.
[I 2023-10-20 15:51:12,458] Trial 1833 finished with value: 0.4760039217488419 and parameters: {'w0': 0.187, 'w1': 0.936, 'w2': 0.063, 'w3': 0.5700000000000001, 'w4': 0.894, 'w5': 0.715, 'w6': 0.6950000000000001, 'w7': 0.15, 'w8': 0.752, 'max_depth': 8, 'min_child_weight': 16, 'subsample': 0.8, 'colsample_bytree': 0.9000000000000001, 'gamma': 0.6000000000000001}. Best is trial 1267 with value: 0.5099314743075365.
[I 2023-10-20 15:51:23,845] Trial 1832 finished with value: 0.44276010838328195 and parameters: {'w0': 0.192, 'w1': 0.936, 'w2': 0.121, 'w3': 0.465, 'w4': 0.902, 'w5': 0.714, 'w6': 0.676, 'w7': 0.8160000000000001, 'w8': 0.803, 'max_depth': 8, 'min_child_weight': 16, 'subsample': 0.8, 'colsample_bytree': 0.9000000000000001, 'gamma': 0.6000000000000001}. Best is trial 1267 with value: 0.5099314743075365.
[I 2023-10-20 15:55:20,235] Trial 1836 finished with value: 0.4852391078579063 and parameters: {'w0': 0.874, 'w1': 0.9400000000000001, 'w2': 0.139, 'w3': 0.465, 'w4': 0.898, 'w5': 0.965, 'w6': 0.343, 'w7': 0.14, 'w8': 0.798, 'max_depth': 8, 'min_child_weight': 16, 'subsample': 0.8, 'colsample_bytree': 0.9000000000000001, 'gamma': 0.2}. Best is trial 1267 with value: 0.5099314743075365.
[I 2023-10-20 15:55:56,100] Trial 1838 finished with value: 0.5046741413320338 and parameters: {'w0': 0.195, 'w1': 0.9400000000000001, 'w2': 0.137, 'w3': 0.556, 'w4': 0.968, 'w5': 0.965, 'w6': 0.34400000000000003, 'w7': 0.128, 'w8': 0.797, 'max_depth': 8, 'min_child_weight': 16, 'subsample': 0.8, 'colsample_bytree': 0.9000000000000001, 'gamma': 0.2}. Best is trial 1267 with value: 0.5099314743075365.
[I 2023-10-20 15:56:25,161] Trial 1839 finished with value: 0.503819974563572 and parameters: {'w0': 0.192, 'w1': 0.9380000000000001, 'w2': 0.139, 'w3': 0.557, 'w4': 0.97, 'w5': 0.7040000000000001, 'w6': 0.6930000000000001, 'w7': 0.13, 'w8': 0.799, 'max_depth': 8, 'min_child_weight': 16, 'subsample': 0.8, 'colsample_bytree': 0.9000000000000001, 'gamma': 0.2}. Best is trial 1267 with value: 0.5099314743075365.
[I 2023-10-20 15:56:50,357] Trial 1840 finished with value: 0.5029618414913434 and parameters: {'w0': 0.124, 'w1': 0.9470000000000001, 'w2': 0.14200000000000002, 'w3': 0.55, 'w4': 0.967, 'w5': 0.964, 'w6': 0.706, 'w7': 0.128, 'w8': 0.752, 'max_depth': 8, 'min_child_weight': 16, 'subsample': 0.8, 'colsample_bytree': 0.9000000000000001, 'gamma': 0.2}. Best is trial 1267 with value: 0.5099314743075365.
[I 2023-10-20 15:58:07,134] Trial 1841 finished with value: 0.4814973460283774 and parameters: {'w0': 0.123, 'w1': 0.9380000000000001, 'w2': 0.139, 'w3': 0.55, 'w4': 0.009000000000000001, 'w5': 0.968, 'w6': 0.8310000000000001, 'w7': 0.128, 'w8': 0.756, 'max_depth': 8, 'min_child_weight': 16, 'subsample': 0.8, 'colsample_bytree': 0.9000000000000001, 'gamma': 0.2}. Best is trial 1267 with value: 0.5099314743075365.
[I 2023-10-20 15:59:28,981] Trial 1842 finished with value: 0.4878158969507685 and parameters: {'w0': 0.884, 'w1': 0.935, 'w2': 0.14, 'w3': 0.549, 'w4': 0.969, 'w5': 0.966, 'w6': 0.862, 'w7': 0.128, 'w8': 0.799, 'max_depth': 8, 'min_child_weight': 16, 'subsample': 0.8, 'colsample_bytree': 0.9000000000000001, 'gamma': 0.2}. Best is trial 1267 with value: 0.5099314743075365.
[I 2023-10-20 16:00:02,288] Trial 1845 finished with value: 0.4718167430929692 and parameters: {'w0': 0.126, 'w1': 0.9440000000000001, 'w2': 0.14100000000000001, 'w3': 0.5660000000000001, 'w4': 0.965, 'w5': 0.968, 'w6': 0.319, 'w7': 0.126, 'w8': 0.112, 'max_depth': 8, 'min_child_weight': 16, 'subsample': 0.8, 'colsample_bytree': 0.3, 'gamma': 0.2}. Best is trial 1267 with value: 0.5099314743075365.
[I 2023-10-20 16:00:20,087] Trial 1843 finished with value: 0.49993876031593626 and parameters: {'w0': 0.123, 'w1': 0.426, 'w2': 0.146, 'w3': 0.5660000000000001, 'w4': 0.869, 'w5': 1.0, 'w6': 0.644, 'w7': 0.126, 'w8': 0.79, 'max_depth': 8, 'min_child_weight': 16, 'subsample': 0.8, 'colsample_bytree': 0.9000000000000001, 'gamma': 0.2}. Best is trial 1267 with value: 0.5099314743075365.
[I 2023-10-20 16:00:52,413] Trial 1844 finished with value: 0.5018212639797681 and parameters: {'w0': 0.128, 'w1': 0.936, 'w2': 0.133, 'w3': 0.553, 'w4': 0.867, 'w5': 0.969, 'w6': 0.961, 'w7': 0.127, 'w8': 0.755, 'max_depth': 8, 'min_child_weight': 16, 'subsample': 0.8, 'colsample_bytree': 0.9000000000000001, 'gamma': 0.2}. Best is trial 1267 with value: 0.5099314743075365.
[I 2023-10-20 16:00:55,184] Trial 1853 finished with value: 0.4688528736875763 and parameters: {'w0': 0.122, 'w1': 0.686, 'w2': 0.14300000000000002, 'w3': 0.5650000000000001, 'w4': 0.965, 'w5': 0.984, 'w6': 0.322, 'w7': 0.127, 'w8': 0.746, 'max_depth': 8, 'min_child_weight': 16, 'subsample': 0.8, 'colsample_bytree': 0.9000000000000001, 'gamma': 6.0}. Best is trial 1267 with value: 0.5099314743075365.
[I 2023-10-20 16:02:14,227] Trial 1847 finished with value: 0.4563713472821531 and parameters: {'w0': 0.14300000000000002, 'w1': 0.9580000000000001, 'w2': 0.14300000000000002, 'w3': 0.562, 'w4': 0.965, 'w5': 0.968, 'w6': 0.5690000000000001, 'w7': 0.515, 'w8': 0.754, 'max_depth': 8, 'min_child_weight': 16, 'subsample': 0.8, 'colsample_bytree': 0.3, 'gamma': 0.2}. Best is trial 1267 with value: 0.5099314743075365.
[I 2023-10-20 16:03:42,350] Trial 1846 finished with value: 0.5016265983998129 and parameters: {'w0': 0.125, 'w1': 0.965, 'w2': 0.14200000000000002, 'w3': 0.5750000000000001, 'w4': 0.965, 'w5': 0.967, 'w6': 0.681, 'w7': 0.128, 'w8': 0.746, 'max_depth': 8, 'min_child_weight': 8, 'subsample': 0.8, 'colsample_bytree': 0.9000000000000001, 'gamma': 0.2}. Best is trial 1267 with value: 0.5099314743075365.
[I 2023-10-20 16:04:35,938] Trial 1848 finished with value: 0.5069372334864385 and parameters: {'w0': 0.11900000000000001, 'w1': 0.84, 'w2': 0.14, 'w3': 0.562, 'w4': 0.864, 'w5': 1.0, 'w6': 0.353, 'w7': 0.128, 'w8': 0.754, 'max_depth': 8, 'min_child_weight': 16, 'subsample': 0.8, 'colsample_bytree': 0.9000000000000001, 'gamma': 0.2}. Best is trial 1267 with value: 0.5099314743075365.
[I 2023-10-20 16:05:12,060] Trial 1849 finished with value: 0.5050883112476297 and parameters: {'w0': 0.125, 'w1': 0.843, 'w2': 0.14100000000000001, 'w3': 0.56, 'w4': 0.864, 'w5': 0.983, 'w6': 0.835, 'w7': 0.124, 'w8': 0.747, 'max_depth': 8, 'min_child_weight': 16, 'subsample': 0.8, 'colsample_bytree': 0.9000000000000001, 'gamma': 0.2}. Best is trial 1267 with value: 0.5099314743075365.
[I 2023-10-20 16:05:58,227] Trial 1850 finished with value: 0.499485327257196 and parameters: {'w0': 0.126, 'w1': 0.842, 'w2': 0.20600000000000002, 'w3': 0.5670000000000001, 'w4': 0.865, 'w5': 1.0, 'w6': 0.309, 'w7': 0.134, 'w8': 0.753, 'max_depth': 8, 'min_child_weight': 16, 'subsample': 0.8, 'colsample_bytree': 0.9000000000000001, 'gamma': 0.2}. Best is trial 1267 with value: 0.5099314743075365.
[I 2023-10-20 16:06:20,964] Trial 1852 finished with value: 0.4858064278764873 and parameters: {'w0': 0.126, 'w1': 0.446, 'w2': 0.146, 'w3': 0.5710000000000001, 'w4': 0.863, 'w5': 0.983, 'w6': 0.303, 'w7': 0.23600000000000002, 'w8': 0.751, 'max_depth': 8, 'min_child_weight': 8, 'subsample': 0.8, 'colsample_bytree': 0.3, 'gamma': 0.2}. Best is trial 1267 with value: 0.5099314743075365.
[I 2023-10-20 16:08:01,841] Trial 1851 finished with value: 0.498452738226944 and parameters: {'w0': 0.131, 'w1': 0.842, 'w2': 0.20500000000000002, 'w3': 0.557, 'w4': 0.966, 'w5': 0.982, 'w6': 0.873, 'w7': 0.127, 'w8': 0.744, 'max_depth': 8, 'min_child_weight': 8, 'subsample': 0.8, 'colsample_bytree': 0.9000000000000001, 'gamma': 0.2}. Best is trial 1267 with value: 0.5099314743075365.
[I 2023-10-20 16:09:54,288] Trial 1864 finished with value: 0.460312470827864 and parameters: {'w0': 0.10200000000000001, 'w1': 0.848, 'w2': 0.313, 'w3': 0.167, 'w4': 0.852, 'w5': 0.984, 'w6': 0.299, 'w7': 0.181, 'w8': 0.781, 'max_depth': 8, 'min_child_weight': 16, 'subsample': 0.8, 'colsample_bytree': 0.7, 'gamma': 2.8000000000000003}. Best is trial 1267 with value: 0.5099314743075365.
[I 2023-10-20 16:10:40,750] Trial 1854 finished with value: 0.5046440138772843 and parameters: {'w0': 0.127, 'w1': 0.842, 'w2': 0.14400000000000002, 'w3': 0.5680000000000001, 'w4': 0.738, 'w5': 1.0, 'w6': 0.312, 'w7': 0.125, 'w8': 0.745, 'max_depth': 8, 'min_child_weight': 16, 'subsample': 0.8, 'colsample_bytree': 0.9000000000000001, 'gamma': 0.2}. Best is trial 1267 with value: 0.5099314743075365.
[I 2023-10-20 16:11:49,752] Trial 1855 finished with value: 0.5051057331509987 and parameters: {'w0': 0.131, 'w1': 0.843, 'w2': 0.14100000000000001, 'w3': 0.86, 'w4': 0.867, 'w5': 0.984, 'w6': 0.844, 'w7': 0.11800000000000001, 'w8': 0.75, 'max_depth': 8, 'min_child_weight': 16, 'subsample': 0.8, 'colsample_bytree': 0.9000000000000001, 'gamma': 0.2}. Best is trial 1267 with value: 0.5099314743075365.
[I 2023-10-20 16:11:54,325] Trial 1856 finished with value: 0.5039179704749475 and parameters: {'w0': 0.11900000000000001, 'w1': 0.846, 'w2': 0.14500000000000002, 'w3': 0.35200000000000004, 'w4': 0.871, 'w5': 0.982, 'w6': 0.839, 'w7': 0.116, 'w8': 0.753, 'max_depth': 8, 'min_child_weight': 16, 'subsample': 0.8, 'colsample_bytree': 0.7, 'gamma': 0.2}. Best is trial 1267 with value: 0.5099314743075365.
[I 2023-10-20 16:13:28,719] Trial 1857 finished with value: 0.486013436281358 and parameters: {'w0': 0.138, 'w1': 0.843, 'w2': 0.079, 'w3': 0.585, 'w4': 0.86, 'w5': 0.982, 'w6': 0.309, 'w7': 0.188, 'w8': 0.746, 'max_depth': 8, 'min_child_weight': 16, 'subsample': 0.8, 'colsample_bytree': 0.9000000000000001, 'gamma': 0.2}. Best is trial 1267 with value: 0.5099314743075365.
[I 2023-10-20 16:14:36,800] Trial 1860 finished with value: 0.49466184632828253 and parameters: {'w0': 0.14500000000000002, 'w1': 0.838, 'w2': 0.20900000000000002, 'w3': 0.467, 'w4': 0.741, 'w5': 0.981, 'w6': 0.16, 'w7': 0.182, 'w8': 0.75, 'max_depth': 8, 'min_child_weight': 16, 'subsample': 0.8, 'colsample_bytree': 0.7, 'gamma': 0.2}. Best is trial 1267 with value: 0.5099314743075365.
[I 2023-10-20 16:14:49,518] Trial 1863 finished with value: 0.4996069063071781 and parameters: {'w0': 0.215, 'w1': 0.843, 'w2': 0.20500000000000002, 'w3': 0.593, 'w4': 0.864, 'w5': 0.985, 'w6': 0.306, 'w7': 0.192, 'w8': 0.747, 'max_depth': 6, 'min_child_weight': 16, 'subsample': 0.8, 'colsample_bytree': 0.7, 'gamma': 0.2}. Best is trial 1267 with value: 0.5099314743075365.
[I 2023-10-20 16:14:50,706] Trial 1858 finished with value: 0.5012528950279661 and parameters: {'w0': 0.139, 'w1': 1.0, 'w2': 0.20600000000000002, 'w3': 0.582, 'w4': 0.735, 'w5': 0.999, 'w6': 0.311, 'w7': 0.177, 'w8': 0.747, 'max_depth': 8, 'min_child_weight': 16, 'subsample': 0.8, 'colsample_bytree': 0.9000000000000001, 'gamma': 0.2}. Best is trial 1267 with value: 0.5099314743075365.
[I 2023-10-20 16:15:01,196] Trial 1859 finished with value: 0.48584754472641517 and parameters: {'w0': 0.146, 'w1': 0.848, 'w2': 0.08, 'w3': 0.167, 'w4': 0.864, 'w5': 0.985, 'w6': 0.309, 'w7': 0.179, 'w8': 0.75, 'max_depth': 8, 'min_child_weight': 16, 'subsample': 0.8, 'colsample_bytree': 0.9000000000000001, 'gamma': 0.2}. Best is trial 1267 with value: 0.5099314743075365.
