[I 2023-10-19 13:48:24,095] Trial 1995 finished with value: 0.5327818420388315 and parameters: {'w0': 0.202, 'w1': 0.893, 'w2': 0.185, 'w3': 0.28200000000000003, 'w4': 0.756, 'w5': 0.927, 'w6': 0.521, 'w7': 0.095, 'w8': 0.867, 'max_depth': 9, 'min_child_weight': 18, 'subsample': 0.9000000000000001, 'colsample_bytree': 0.6000000000000001, 'gamma': 0.0}. Best is trial 1334 with value: 0.5442704750798081.
[I 2023-10-19 13:48:27,391] Trial 1997 finished with value: 0.5342281920299505 and parameters: {'w0': 0.233, 'w1': 0.889, 'w2': 0.183, 'w3': 0.255, 'w4': 0.746, 'w5': 0.973, 'w6': 0.521, 'w7': 0.095, 'w8': 0.935, 'max_depth': 9, 'min_child_weight': 18, 'subsample': 0.9000000000000001, 'colsample_bytree': 0.6000000000000001, 'gamma': 0.0}. Best is trial 1334 with value: 0.5442704750798081.
[I 2023-10-19 13:49:13,861] A new study created in memory with name: no-name-dae08523-bcfd-4edd-b9ed-45b8560c37e3
[I 2023-10-19 13:54:41,381] Trial 4 finished with value: 0.3156706163768894 and parameters: {'w0': 0.457, 'w1': 0.712, 'w2': 0.09, 'w3': 0.34800000000000003, 'w4': 0.065, 'w5': 0.744, 'w6': 0.454, 'w7': 0.138, 'w8': 0.243, 'max_depth': 5, 'min_child_weight': 20, 'subsample': 0.2, 'colsample_bytree': 0.3, 'gamma': 9.4}. Best is trial 4 with value: 0.3156706163768894.
[I 2023-10-19 13:55:06,800] Trial 1 finished with value: 0.43095225329865183 and parameters: {'w0': 0.231, 'w1': 0.976, 'w2': 0.095, 'w3': 0.543, 'w4': 0.7030000000000001, 'w5': 0.766, 'w6': 0.788, 'w7': 0.084, 'w8': 0.713, 'max_depth': 3, 'min_child_weight': 0, 'subsample': 0.6000000000000001, 'colsample_bytree': 0.3, 'gamma': 6.2}. Best is trial 1 with value: 0.43095225329865183.
[I 2023-10-19 13:55:25,633] Trial 2 finished with value: 0.3640721678367934 and parameters: {'w0': 0.897, 'w1': 0.133, 'w2': 0.134, 'w3': 0.602, 'w4': 0.056, 'w5': 0.769, 'w6': 0.561, 'w7': 0.338, 'w8': 0.637, 'max_depth': 3, 'min_child_weight': 12, 'subsample': 0.9000000000000001, 'colsample_bytree': 0.4, 'gamma': 4.0}. Best is trial 1 with value: 0.43095225329865183.
[I 2023-10-19 13:55:43,399] Trial 12 finished with value: 0.3932496904501849 and parameters: {'w0': 0.848, 'w1': 0.855, 'w2': 0.276, 'w3': 0.768, 'w4': 0.444, 'w5': 0.8250000000000001, 'w6': 0.622, 'w7': 0.645, 'w8': 0.599, 'max_depth': 7, 'min_child_weight': 20, 'subsample': 0.9000000000000001, 'colsample_bytree': 0.5, 'gamma': 6.2}. Best is trial 1 with value: 0.43095225329865183.
[I 2023-10-19 13:55:48,681] Trial 14 finished with value: 0.41362544173635235 and parameters: {'w0': 0.372, 'w1': 0.904, 'w2': 0.379, 'w3': 0.685, 'w4': 0.506, 'w5': 0.922, 'w6': 0.489, 'w7': 0.195, 'w8': 0.764, 'max_depth': 8, 'min_child_weight': 16, 'subsample': 0.2, 'colsample_bytree': 0.4, 'gamma': 5.6000000000000005}. Best is trial 1 with value: 0.43095225329865183.
[I 2023-10-19 13:55:55,717] Trial 15 finished with value: 0.3451436264778416 and parameters: {'w0': 0.593, 'w1': 0.768, 'w2': 0.587, 'w3': 0.58, 'w4': 0.247, 'w5': 0.629, 'w6': 0.013000000000000001, 'w7': 0.779, 'w8': 0.212, 'max_depth': 9, 'min_child_weight': 0, 'subsample': 0.2, 'colsample_bytree': 0.6000000000000001, 'gamma': 7.800000000000001}. Best is trial 1 with value: 0.43095225329865183.
[I 2023-10-19 13:55:56,985] Trial 3 finished with value: 0.32491881992436245 and parameters: {'w0': 0.037000000000000005, 'w1': 0.49, 'w2': 0.909, 'w3': 0.802, 'w4': 0.713, 'w5': 0.5650000000000001, 'w6': 0.032, 'w7': 0.222, 'w8': 0.7030000000000001, 'max_depth': 7, 'min_child_weight': 12, 'subsample': 0.4, 'colsample_bytree': 0.6000000000000001, 'gamma': 5.4}. Best is trial 1 with value: 0.43095225329865183.
[I 2023-10-19 13:56:16,599] Trial 5 finished with value: 0.3516892567436859 and parameters: {'w0': 0.806, 'w1': 0.11900000000000001, 'w2': 0.438, 'w3': 0.247, 'w4': 0.664, 'w5': 0.013000000000000001, 'w6': 0.258, 'w7': 0.983, 'w8': 0.402, 'max_depth': 8, 'min_child_weight': 18, 'subsample': 0.5, 'colsample_bytree': 0.5, 'gamma': 5.6000000000000005}. Best is trial 1 with value: 0.43095225329865183.
[I 2023-10-19 13:56:27,510] Trial 13 finished with value: 0.3873053752413719 and parameters: {'w0': 0.268, 'w1': 0.393, 'w2': 0.996, 'w3': 0.139, 'w4': 0.638, 'w5': 0.41200000000000003, 'w6': 0.365, 'w7': 0.889, 'w8': 0.9480000000000001, 'max_depth': 3, 'min_child_weight': 14, 'subsample': 0.9000000000000001, 'colsample_bytree': 1.0, 'gamma': 3.2}. Best is trial 1 with value: 0.43095225329865183.
[I 2023-10-19 13:56:46,429] Trial 8 finished with value: 0.3775372916251447 and parameters: {'w0': 0.314, 'w1': 0.431, 'w2': 0.067, 'w3': 0.765, 'w4': 0.589, 'w5': 0.218, 'w6': 0.254, 'w7': 0.718, 'w8': 0.436, 'max_depth': 10, 'min_child_weight': 16, 'subsample': 0.8, 'colsample_bytree': 0.4, 'gamma': 2.4000000000000004}. Best is trial 1 with value: 0.43095225329865183.
[I 2023-10-19 13:56:56,385] Trial 6 finished with value: 0.43754153277977703 and parameters: {'w0': 0.809, 'w1': 0.8230000000000001, 'w2': 0.839, 'w3': 0.397, 'w4': 0.903, 'w5': 0.422, 'w6': 0.729, 'w7': 0.187, 'w8': 0.811, 'max_depth': 5, 'min_child_weight': 2, 'subsample': 0.8, 'colsample_bytree': 0.9000000000000001, 'gamma': 3.8000000000000003}. Best is trial 6 with value: 0.43754153277977703.
[I 2023-10-19 13:57:10,479] Trial 0 finished with value: 0.35886744328476 and parameters: {'w0': 0.778, 'w1': 0.673, 'w2': 0.993, 'w3': 0.1, 'w4': 0.9390000000000001, 'w5': 0.8300000000000001, 'w6': 0.091, 'w7': 0.666, 'w8': 0.713, 'max_depth': 8, 'min_child_weight': 18, 'subsample': 0.4, 'colsample_bytree': 1.0, 'gamma': 6.6000000000000005}. Best is trial 6 with value: 0.43754153277977703.
[I 2023-10-19 13:57:50,679] Trial 7 finished with value: 0.4017520923524585 and parameters: {'w0': 0.614, 'w1': 0.155, 'w2': 0.132, 'w3': 0.617, 'w4': 0.673, 'w5': 0.555, 'w6': 0.794, 'w7': 0.329, 'w8': 0.913, 'max_depth': 8, 'min_child_weight': 12, 'subsample': 0.30000000000000004, 'colsample_bytree': 1.0, 'gamma': 4.0}. Best is trial 6 with value: 0.43754153277977703.
[I 2023-10-19 13:58:34,218] Trial 10 finished with value: 0.4359045186814313 and parameters: {'w0': 0.593, 'w1': 0.185, 'w2': 0.643, 'w3': 0.17300000000000001, 'w4': 0.255, 'w5': 0.436, 'w6': 0.4, 'w7': 0.437, 'w8': 0.812, 'max_depth': 4, 'min_child_weight': 8, 'subsample': 0.8, 'colsample_bytree': 0.5, 'gamma': 1.2000000000000002}. Best is trial 6 with value: 0.43754153277977703.
[I 2023-10-19 13:58:35,948] Trial 9 finished with value: 0.3986254359855382 and parameters: {'w0': 0.649, 'w1': 0.009000000000000001, 'w2': 0.11, 'w3': 0.465, 'w4': 0.9450000000000001, 'w5': 0.213, 'w6': 0.462, 'w7': 0.43, 'w8': 0.228, 'max_depth': 5, 'min_child_weight': 12, 'subsample': 0.6000000000000001, 'colsample_bytree': 0.5, 'gamma': 1.6}. Best is trial 6 with value: 0.43754153277977703.
[I 2023-10-19 13:59:36,747] Trial 16 finished with value: 0.3450294555965805 and parameters: {'w0': 0.458, 'w1': 0.211, 'w2': 0.275, 'w3': 0.212, 'w4': 0.915, 'w5': 0.721, 'w6': 0.054, 'w7': 0.554, 'w8': 0.628, 'max_depth': 8, 'min_child_weight': 14, 'subsample': 1.0, 'colsample_bytree': 0.3, 'gamma': 7.4}. Best is trial 6 with value: 0.43754153277977703.
[I 2023-10-19 14:01:05,167] Trial 22 finished with value: 0.36478870363439375 and parameters: {'w0': 0.432, 'w1': 0.45, 'w2': 0.7010000000000001, 'w3': 0.987, 'w4': 0.9520000000000001, 'w5': 0.361, 'w6': 0.422, 'w7': 0.059000000000000004, 'w8': 0.65, 'max_depth': 4, 'min_child_weight': 2, 'subsample': 0.8, 'colsample_bytree': 0.3, 'gamma': 9.4}. Best is trial 6 with value: 0.43754153277977703.
[I 2023-10-19 14:01:08,488] Trial 18 finished with value: 0.34826766399173603 and parameters: {'w0': 0.887, 'w1': 0.279, 'w2': 0.108, 'w3': 0.7030000000000001, 'w4': 0.394, 'w5': 0.931, 'w6': 0.708, 'w7': 0.581, 'w8': 0.218, 'max_depth': 7, 'min_child_weight': 10, 'subsample': 0.9000000000000001, 'colsample_bytree': 1.0, 'gamma': 6.6000000000000005}. Best is trial 6 with value: 0.43754153277977703.
[I 2023-10-19 14:01:17,692] Trial 23 finished with value: 0.3099398429198657 and parameters: {'w0': 0.036000000000000004, 'w1': 0.793, 'w2': 0.718, 'w3': 0.295, 'w4': 0.423, 'w5': 0.055, 'w6': 0.657, 'w7': 0.59, 'w8': 0.001, 'max_depth': 9, 'min_child_weight': 20, 'subsample': 1.0, 'colsample_bytree': 1.0, 'gamma': 9.0}. Best is trial 6 with value: 0.43754153277977703.
[I 2023-10-19 14:01:47,867] Trial 19 finished with value: 0.3810103886633629 and parameters: {'w0': 0.722, 'w1': 0.063, 'w2': 0.9410000000000001, 'w3': 0.461, 'w4': 0.727, 'w5': 0.435, 'w6': 0.661, 'w7': 0.027000000000000003, 'w8': 0.5670000000000001, 'max_depth': 9, 'min_child_weight': 2, 'subsample': 0.9000000000000001, 'colsample_bytree': 0.3, 'gamma': 3.4000000000000004}. Best is trial 6 with value: 0.43754153277977703.
[I 2023-10-19 14:02:19,836] Trial 20 finished with value: 0.37227644676483906 and parameters: {'w0': 0.85, 'w1': 0.9400000000000001, 'w2': 0.588, 'w3': 0.256, 'w4': 0.388, 'w5': 0.231, 'w6': 0.054, 'w7': 0.8270000000000001, 'w8': 0.628, 'max_depth': 5, 'min_child_weight': 18, 'subsample': 0.7, 'colsample_bytree': 0.8, 'gamma': 4.6000000000000005}. Best is trial 6 with value: 0.43754153277977703.
[I 2023-10-19 14:03:12,439] Trial 17 finished with value: 0.34359183985728814 and parameters: {'w0': 0.246, 'w1': 0.787, 'w2': 0.322, 'w3': 0.044000000000000004, 'w4': 0.46, 'w5': 0.435, 'w6': 0.05, 'w7': 0.93, 'w8': 0.446, 'max_depth': 9, 'min_child_weight': 12, 'subsample': 0.7, 'colsample_bytree': 0.4, 'gamma': 2.2}. Best is trial 6 with value: 0.43754153277977703.
[I 2023-10-19 14:03:47,403] Trial 21 finished with value: 0.3945009731334802 and parameters: {'w0': 0.855, 'w1': 0.5750000000000001, 'w2': 0.62, 'w3': 0.766, 'w4': 0.183, 'w5': 0.9440000000000001, 'w6': 0.016, 'w7': 0.667, 'w8': 0.882, 'max_depth': 3, 'min_child_weight': 14, 'subsample': 0.30000000000000004, 'colsample_bytree': 1.0, 'gamma': 2.0}. Best is trial 6 with value: 0.43754153277977703.
[I 2023-10-19 14:04:35,779] Trial 24 finished with value: 0.38288713515430944 and parameters: {'w0': 0.308, 'w1': 0.20500000000000002, 'w2': 0.974, 'w3': 0.509, 'w4': 0.332, 'w5': 0.195, 'w6': 0.512, 'w7': 0.14, 'w8': 0.10300000000000001, 'max_depth': 8, 'min_child_weight': 18, 'subsample': 0.5, 'colsample_bytree': 0.6000000000000001, 'gamma': 2.2}. Best is trial 6 with value: 0.43754153277977703.
[I 2023-10-19 14:04:56,281] Trial 11 finished with value: 0.4679892148896244 and parameters: {'w0': 0.123, 'w1': 0.423, 'w2': 0.679, 'w3': 0.597, 'w4': 0.933, 'w5': 0.988, 'w6': 0.561, 'w7': 0.112, 'w8': 0.9540000000000001, 'max_depth': 8, 'min_child_weight': 6, 'subsample': 0.30000000000000004, 'colsample_bytree': 0.7, 'gamma': 1.2000000000000002}. Best is trial 11 with value: 0.4679892148896244.
[I 2023-10-19 14:08:15,586] Trial 26 finished with value: 0.4743462385067351 and parameters: {'w0': 0.631, 'w1': 0.972, 'w2': 0.7030000000000001, 'w3': 0.41100000000000003, 'w4': 0.997, 'w5': 0.423, 'w6': 0.887, 'w7': 0.398, 'w8': 0.933, 'max_depth': 5, 'min_child_weight': 0, 'subsample': 0.7, 'colsample_bytree': 0.9000000000000001, 'gamma': 2.0}. Best is trial 26 with value: 0.4743462385067351.
[I 2023-10-19 14:09:06,960] Trial 25 finished with value: 0.35596434397600374 and parameters: {'w0': 0.002, 'w1': 0.995, 'w2': 0.752, 'w3': 0.398, 'w4': 0.973, 'w5': 0.361, 'w6': 0.923, 'w7': 0.014000000000000002, 'w8': 0.962, 'max_depth': 5, 'min_child_weight': 0, 'subsample': 0.7, 'colsample_bytree': 0.9000000000000001, 'gamma': 0.8}. Best is trial 26 with value: 0.4743462385067351.
[I 2023-10-19 14:10:44,754] Trial 30 finished with value: 0.45649251385683876 and parameters: {'w0': 0.993, 'w1': 0.278, 'w2': 0.7010000000000001, 'w3': 0.322, 'w4': 0.28600000000000003, 'w5': 0.374, 'w6': 0.973, 'w7': 0.463, 'w8': 0.853, 'max_depth': 5, 'min_child_weight': 6, 'subsample': 0.7, 'colsample_bytree': 0.8, 'gamma': 0.0}. Best is trial 26 with value: 0.4743462385067351.
[I 2023-10-19 14:11:00,834] Trial 29 finished with value: 0.4677367013522662 and parameters: {'w0': 0.708, 'w1': 0.28800000000000003, 'w2': 0.7030000000000001, 'w3': 0.977, 'w4': 0.9520000000000001, 'w5': 0.371, 'w6': 0.9510000000000001, 'w7': 0.487, 'w8': 0.897, 'max_depth': 5, 'min_child_weight': 6, 'subsample': 0.7, 'colsample_bytree': 0.8, 'gamma': 0.4}. Best is trial 26 with value: 0.4743462385067351.
[I 2023-10-19 14:11:28,868] Trial 28 finished with value: 0.4295517273180812 and parameters: {'w0': 0.116, 'w1': 0.977, 'w2': 0.6930000000000001, 'w3': 0.988, 'w4': 0.937, 'w5': 0.326, 'w6': 0.9520000000000001, 'w7': 0.004, 'w8': 0.885, 'max_depth': 5, 'min_child_weight': 0, 'subsample': 0.7, 'colsample_bytree': 0.8, 'gamma': 0.6000000000000001}. Best is trial 26 with value: 0.4743462385067351.
[I 2023-10-19 14:11:55,253] Trial 31 finished with value: 0.42720573644349213 and parameters: {'w0': 0.977, 'w1': 0.583, 'w2': 0.73, 'w3': 0.9530000000000001, 'w4': 0.187, 'w5': 0.385, 'w6': 0.964, 'w7': 0.042, 'w8': 0.8240000000000001, 'max_depth': 5, 'min_child_weight': 4, 'subsample': 0.7, 'colsample_bytree': 0.8, 'gamma': 0.0}. Best is trial 26 with value: 0.4743462385067351.
[I 2023-10-19 14:12:17,120] Trial 36 finished with value: 0.4181918554180256 and parameters: {'w0': 0.20700000000000002, 'w1': 0.609, 'w2': 0.835, 'w3': 0.019000000000000003, 'w4': 0.795, 'w5': 0.5, 'w6': 0.9480000000000001, 'w7': 0.441, 'w8': 0.835, 'max_depth': 4, 'min_child_weight': 6, 'subsample': 0.7, 'colsample_bytree': 0.8, 'gamma': 0.8}. Best is trial 26 with value: 0.4743462385067351.
[I 2023-10-19 14:12:27,303] Trial 27 finished with value: 0.4310744987517009 and parameters: {'w0': 0.091, 'w1': 0.931, 'w2': 0.679, 'w3': 0.997, 'w4': 0.986, 'w5': 0.392, 'w6': 0.889, 'w7': 0.004, 'w8': 0.9590000000000001, 'max_depth': 5, 'min_child_weight': 0, 'subsample': 0.7, 'colsample_bytree': 0.8, 'gamma': 0.0}. Best is trial 26 with value: 0.4743462385067351.
[I 2023-10-19 14:13:20,573] Trial 32 finished with value: 0.4271845972109356 and parameters: {'w0': 0.961, 'w1': 0.611, 'w2': 0.773, 'w3': 0.02, 'w4': 0.35000000000000003, 'w5': 0.41500000000000004, 'w6': 0.961, 'w7': 0.47800000000000004, 'w8': 0.854, 'max_depth': 5, 'min_child_weight': 6, 'subsample': 0.7, 'colsample_bytree': 0.8, 'gamma': 0.2}. Best is trial 26 with value: 0.4743462385067351.
[I 2023-10-19 14:13:30,070] Trial 37 finished with value: 0.4624658028326539 and parameters: {'w0': 0.98, 'w1': 0.995, 'w2': 0.838, 'w3': 0.373, 'w4': 0.802, 'w5': 0.323, 'w6': 0.9460000000000001, 'w7': 0.404, 'w8': 0.8330000000000001, 'max_depth': 4, 'min_child_weight': 6, 'subsample': 0.6000000000000001, 'colsample_bytree': 0.8, 'gamma': 0.2}. Best is trial 26 with value: 0.4743462385067351.
[I 2023-10-19 14:13:32,846] Trial 33 finished with value: 0.45893676698100916 and parameters: {'w0': 0.98, 'w1': 0.587, 'w2': 0.782, 'w3': 0.402, 'w4': 0.266, 'w5': 0.41300000000000003, 'w6': 0.916, 'w7': 0.372, 'w8': 0.849, 'max_depth': 5, 'min_child_weight': 4, 'subsample': 0.7, 'colsample_bytree': 0.8, 'gamma': 0.0}. Best is trial 26 with value: 0.4743462385067351.
[I 2023-10-19 14:13:40,199] Trial 35 finished with value: 0.45980872346807505 and parameters: {'w0': 0.9580000000000001, 'w1': 0.593, 'w2': 0.803, 'w3': 0.377, 'w4': 0.264, 'w5': 0.248, 'w6': 0.933, 'w7': 0.429, 'w8': 0.845, 'max_depth': 5, 'min_child_weight': 6, 'subsample': 0.7, 'colsample_bytree': 0.8, 'gamma': 0.4}. Best is trial 26 with value: 0.4743462385067351.
[I 2023-10-19 14:13:41,986] Trial 34 finished with value: 0.4620232034782772 and parameters: {'w0': 0.982, 'w1': 0.611, 'w2': 0.799, 'w3': 0.39, 'w4': 0.232, 'w5': 0.41500000000000004, 'w6': 0.995, 'w7': 0.424, 'w8': 0.8260000000000001, 'max_depth': 5, 'min_child_weight': 6, 'subsample': 0.7, 'colsample_bytree': 0.8, 'gamma': 0.0}. Best is trial 26 with value: 0.4743462385067351.
[I 2023-10-19 14:14:17,188] Trial 38 finished with value: 0.4634144183125919 and parameters: {'w0': 0.993, 'w1': 0.973, 'w2': 0.801, 'w3': 0.362, 'w4': 0.8250000000000001, 'w5': 0.299, 'w6': 0.9600000000000001, 'w7': 0.441, 'w8': 0.811, 'max_depth': 4, 'min_child_weight': 6, 'subsample': 0.6000000000000001, 'colsample_bytree': 0.8, 'gamma': 0.8}. Best is trial 26 with value: 0.4743462385067351.
[I 2023-10-19 14:14:50,948] Trial 39 finished with value: 0.4607461740456179 and parameters: {'w0': 0.165, 'w1': 0.996, 'w2': 0.8310000000000001, 'w3': 0.376, 'w4': 0.8280000000000001, 'w5': 0.325, 'w6': 0.904, 'w7': 0.441, 'w8': 0.781, 'max_depth': 4, 'min_child_weight': 6, 'subsample': 0.7, 'colsample_bytree': 0.8, 'gamma': 0.4}. Best is trial 26 with value: 0.4743462385067351.
[I 2023-10-19 14:19:14,859] Trial 40 finished with value: 0.4686619786149301 and parameters: {'w0': 0.557, 'w1': 0.357, 'w2': 0.8300000000000001, 'w3': 0.381, 'w4': 0.801, 'w5': 0.299, 'w6': 0.986, 'w7': 0.306, 'w8': 0.8310000000000001, 'max_depth': 6, 'min_child_weight': 6, 'subsample': 0.7, 'colsample_bytree': 0.8, 'gamma': 0.4}. Best is trial 26 with value: 0.4743462385067351.
[I 2023-10-19 14:21:43,081] Trial 48 finished with value: 0.45982025159731715 and parameters: {'w0': 0.68, 'w1': 0.322, 'w2': 0.533, 'w3': 0.327, 'w4': 0.802, 'w5': 0.272, 'w6': 0.85, 'w7': 0.28400000000000003, 'w8': 0.997, 'max_depth': 6, 'min_child_weight': 6, 'subsample': 0.5, 'colsample_bytree': 0.7, 'gamma': 2.8000000000000003}. Best is trial 26 with value: 0.4743462385067351.
[I 2023-10-19 14:22:33,113] Trial 41 finished with value: 0.4624801140225321 and parameters: {'w0': 0.97, 'w1': 0.626, 'w2': 0.8320000000000001, 'w3': 0.386, 'w4': 0.843, 'w5': 0.33, 'w6': 0.976, 'w7': 0.256, 'w8': 0.841, 'max_depth': 6, 'min_child_weight': 6, 'subsample': 0.7, 'colsample_bytree': 0.8, 'gamma': 0.4}. Best is trial 26 with value: 0.4743462385067351.
[I 2023-10-19 14:23:30,613] Trial 54 finished with value: 0.45454165293395904 and parameters: {'w0': 0.748, 'w1': 0.329, 'w2': 0.559, 'w3': 0.85, 'w4': 0.855, 'w5': 0.122, 'w6': 0.8240000000000001, 'w7': 0.28800000000000003, 'w8': 0.741, 'max_depth': 6, 'min_child_weight': 8, 'subsample': 0.5, 'colsample_bytree': 0.7, 'gamma': 2.8000000000000003}. Best is trial 26 with value: 0.4743462385067351.
[I 2023-10-19 14:23:35,481] Trial 42 finished with value: 0.46443674698553095 and parameters: {'w0': 0.984, 'w1': 0.598, 'w2': 0.835, 'w3': 0.395, 'w4': 0.8250000000000001, 'w5': 0.62, 'w6': 0.9600000000000001, 'w7': 0.273, 'w8': 0.841, 'max_depth': 6, 'min_child_weight': 6, 'subsample': 0.5, 'colsample_bytree': 0.8, 'gamma': 0.0}. Best is trial 26 with value: 0.4743462385067351.
[I 2023-10-19 14:23:47,638] Trial 55 finished with value: 0.45785364065380374 and parameters: {'w0': 0.712, 'w1': 0.34400000000000003, 'w2': 0.51, 'w3': 0.889, 'w4': 0.864, 'w5': 0.10300000000000001, 'w6': 0.8300000000000001, 'w7': 0.28700000000000003, 'w8': 0.993, 'max_depth': 6, 'min_child_weight': 8, 'subsample': 0.5, 'colsample_bytree': 0.7, 'gamma': 3.0}. Best is trial 26 with value: 0.4743462385067351.
[I 2023-10-19 14:24:52,260] Trial 43 finished with value: 0.45995864351420757 and parameters: {'w0': 0.992, 'w1': 0.339, 'w2': 0.8190000000000001, 'w3': 0.339, 'w4': 0.8320000000000001, 'w5': 0.615, 'w6': 0.98, 'w7': 0.296, 'w8': 0.999, 'max_depth': 6, 'min_child_weight': 6, 'subsample': 0.5, 'colsample_bytree': 0.8, 'gamma': 0.0}. Best is trial 26 with value: 0.4743462385067351.
[I 2023-10-19 14:25:08,351] Trial 44 finished with value: 0.47086367213406966 and parameters: {'w0': 0.128, 'w1': 0.35100000000000003, 'w2': 0.505, 'w3': 0.996, 'w4': 0.797, 'w5': 0.28800000000000003, 'w6': 0.882, 'w7': 0.358, 'w8': 0.995, 'max_depth': 6, 'min_child_weight': 6, 'subsample': 0.5, 'colsample_bytree': 0.8, 'gamma': 0.2}. Best is trial 26 with value: 0.4743462385067351.
[I 2023-10-19 14:25:32,898] Trial 46 finished with value: 0.46708477505680107 and parameters: {'w0': 0.714, 'w1': 0.34400000000000003, 'w2': 0.801, 'w3': 0.897, 'w4': 0.8190000000000001, 'w5': 0.29, 'w6': 0.86, 'w7': 0.457, 'w8': 0.996, 'max_depth': 6, 'min_child_weight': 6, 'subsample': 0.5, 'colsample_bytree': 0.7, 'gamma': 0.4}. Best is trial 26 with value: 0.4743462385067351.
[I 2023-10-19 14:25:39,105] Trial 45 finished with value: 0.47982710423578623 and parameters: {'w0': 0.545, 'w1': 0.58, 'w2': 0.498, 'w3': 0.888, 'w4': 0.873, 'w5': 0.502, 'w6': 0.857, 'w7': 0.331, 'w8': 0.969, 'max_depth': 6, 'min_child_weight': 6, 'subsample': 0.5, 'colsample_bytree': 0.7, 'gamma': 0.0}. Best is trial 45 with value: 0.47982710423578623.
[I 2023-10-19 14:26:00,365] Trial 47 finished with value: 0.47378456517083656 and parameters: {'w0': 0.6920000000000001, 'w1': 0.329, 'w2': 0.501, 'w3': 0.888, 'w4': 0.8140000000000001, 'w5': 0.507, 'w6': 0.869, 'w7': 0.34600000000000003, 'w8': 0.997, 'max_depth': 6, 'min_child_weight': 6, 'subsample': 0.5, 'colsample_bytree': 0.7, 'gamma': 0.0}. Best is trial 45 with value: 0.47982710423578623.
[I 2023-10-19 14:26:06,295] Trial 50 finished with value: 0.46171500023823003 and parameters: {'w0': 0.735, 'w1': 0.353, 'w2': 0.521, 'w3': 0.891, 'w4': 0.837, 'w5': 0.291, 'w6': 0.849, 'w7': 0.316, 'w8': 0.751, 'max_depth': 6, 'min_child_weight': 8, 'subsample': 0.5, 'colsample_bytree': 0.7, 'gamma': 1.4000000000000001}. Best is trial 45 with value: 0.47982710423578623.
[I 2023-10-19 14:26:09,000] Trial 51 finished with value: 0.46558923358494286 and parameters: {'w0': 0.707, 'w1': 0.36, 'w2': 0.524, 'w3': 0.897, 'w4': 0.837, 'w5': 0.28300000000000003, 'w6': 0.85, 'w7': 0.269, 'w8': 0.728, 'max_depth': 6, 'min_child_weight': 8, 'subsample': 0.5, 'colsample_bytree': 0.7, 'gamma': 1.4000000000000001}. Best is trial 45 with value: 0.47982710423578623.
[I 2023-10-19 14:26:10,318] Trial 49 finished with value: 0.4649497162411691 and parameters: {'w0': 0.6960000000000001, 'w1': 0.311, 'w2': 0.487, 'w3': 0.34, 'w4': 0.843, 'w5': 0.291, 'w6': 0.853, 'w7': 0.339, 'w8': 0.999, 'max_depth': 6, 'min_child_weight': 6, 'subsample': 0.5, 'colsample_bytree': 0.7, 'gamma': 1.4000000000000001}. Best is trial 45 with value: 0.47982710423578623.
