[I 2023-10-18 15:02:05,516] Trial 496 finished with value: 0.5305495354968993 and parameters: {'w0': 0.183, 'w1': 0.867, 'w2': 0.148, 'w3': 0.164, 'w4': 0.5630000000000001, 'w5': 0.793, 'w6': 0.841, 'w7': 0.1, 'w8': 0.918, 'max_depth': 10, 'min_child_weight': 16, 'subsample': 0.9000000000000001, 'colsample_bytree': 0.7, 'gamma': 0.4}. Best is trial 434 with value: 0.5392152241798003.
[I 2023-10-18 15:02:12,100] Trial 500 finished with value: 0.4028976720577901 and parameters: {'w0': 0.182, 'w1': 0.8180000000000001, 'w2': 0.05, 'w3': 0.002, 'w4': 0.673, 'w5': 0.853, 'w6': 0.14400000000000002, 'w7': 0.128, 'w8': 0.916, 'max_depth': 10, 'min_child_weight': 18, 'subsample': 0.9000000000000001, 'colsample_bytree': 0.7, 'gamma': 0.4}. Best is trial 434 with value: 0.5392152241798003.
[I 2023-10-18 15:02:57,508] Trial 498 finished with value: 0.5118993183728868 and parameters: {'w0': 0.183, 'w1': 0.8200000000000001, 'w2': 0.064, 'w3': 0.162, 'w4': 0.68, 'w5': 0.798, 'w6': 0.845, 'w7': 0.129, 'w8': 0.918, 'max_depth': 10, 'min_child_weight': 18, 'subsample': 0.9000000000000001, 'colsample_bytree': 0.7, 'gamma': 0.4}. Best is trial 434 with value: 0.5392152241798003.
[I 2023-10-18 15:03:29,104] Trial 497 finished with value: 0.5347912428354766 and parameters: {'w0': 0.183, 'w1': 0.872, 'w2': 0.155, 'w3': 0.153, 'w4': 0.677, 'w5': 0.854, 'w6': 0.8260000000000001, 'w7': 0.131, 'w8': 0.913, 'max_depth': 10, 'min_child_weight': 18, 'subsample': 0.9000000000000001, 'colsample_bytree': 0.7, 'gamma': 0.4}. Best is trial 434 with value: 0.5392152241798003.
[I 2023-10-18 15:03:48,818] Trial 510 finished with value: 0.48293106429927424 and parameters: {'w0': 0.126, 'w1': 0.871, 'w2': 0.162, 'w3': 0.163, 'w4': 0.759, 'w5': 0.803, 'w6': 0.838, 'w7': 0.129, 'w8': 0.936, 'max_depth': 10, 'min_child_weight': 16, 'subsample': 0.9000000000000001, 'colsample_bytree': 0.6000000000000001, 'gamma': 7.800000000000001}. Best is trial 434 with value: 0.5392152241798003.
[I 2023-10-18 15:04:01,451] Trial 499 finished with value: 0.5344836031659881 and parameters: {'w0': 0.178, 'w1': 0.8190000000000001, 'w2': 0.151, 'w3': 0.155, 'w4': 0.68, 'w5': 0.798, 'w6': 0.73, 'w7': 0.132, 'w8': 0.921, 'max_depth': 10, 'min_child_weight': 16, 'subsample': 0.9000000000000001, 'colsample_bytree': 0.7, 'gamma': 0.4}. Best is trial 434 with value: 0.5392152241798003.
[I 2023-10-18 15:05:09,862] Trial 501 finished with value: 0.5377013882601677 and parameters: {'w0': 0.183, 'w1': 0.8180000000000001, 'w2': 0.153, 'w3': 0.272, 'w4': 0.68, 'w5': 0.846, 'w6': 0.842, 'w7': 0.13, 'w8': 0.915, 'max_depth': 10, 'min_child_weight': 18, 'subsample': 0.9000000000000001, 'colsample_bytree': 0.7, 'gamma': 0.4}. Best is trial 434 with value: 0.5392152241798003.
[I 2023-10-18 15:06:27,114] Trial 512 finished with value: 0.4315858358902204 and parameters: {'w0': 0.123, 'w1': 0.8200000000000001, 'w2': 0.066, 'w3': 0.147, 'w4': 0.655, 'w5': 0.803, 'w6': 0.871, 'w7': 0.127, 'w8': 0.9380000000000001, 'max_depth': 10, 'min_child_weight': 16, 'subsample': 0.9000000000000001, 'colsample_bytree': 0.6000000000000001, 'gamma': 8.6}. Best is trial 434 with value: 0.5392152241798003.
[I 2023-10-18 15:06:55,013] Trial 502 finished with value: 0.5133979959586712 and parameters: {'w0': 0.185, 'w1': 0.8180000000000001, 'w2': 0.058, 'w3': 0.807, 'w4': 0.758, 'w5': 0.848, 'w6': 0.445, 'w7': 0.127, 'w8': 0.92, 'max_depth': 10, 'min_child_weight': 16, 'subsample': 0.9000000000000001, 'colsample_bytree': 0.6000000000000001, 'gamma': 0.4}. Best is trial 434 with value: 0.5392152241798003.
[I 2023-10-18 15:06:56,806] Trial 503 finished with value: 0.5091683280411988 and parameters: {'w0': 0.185, 'w1': 0.8190000000000001, 'w2': 0.066, 'w3': 0.157, 'w4': 0.683, 'w5': 0.843, 'w6': 0.844, 'w7': 0.131, 'w8': 0.921, 'max_depth': 10, 'min_child_weight': 18, 'subsample': 0.9000000000000001, 'colsample_bytree': 0.6000000000000001, 'gamma': 0.4}. Best is trial 434 with value: 0.5392152241798003.
[I 2023-10-18 15:09:04,293] Trial 504 finished with value: 0.53933603521174 and parameters: {'w0': 0.187, 'w1': 0.8230000000000001, 'w2': 0.154, 'w3': 0.16, 'w4': 0.763, 'w5': 0.851, 'w6': 0.75, 'w7': 0.131, 'w8': 0.931, 'max_depth': 10, 'min_child_weight': 18, 'subsample': 0.9000000000000001, 'colsample_bytree': 0.6000000000000001, 'gamma': 0.4}. Best is trial 504 with value: 0.53933603521174.
[I 2023-10-18 15:09:40,557] Trial 508 finished with value: 0.5354368983521801 and parameters: {'w0': 0.17500000000000002, 'w1': 0.8140000000000001, 'w2': 0.158, 'w3': 0.164, 'w4': 0.752, 'w5': 0.802, 'w6': 0.722, 'w7': 0.134, 'w8': 0.922, 'max_depth': 10, 'min_child_weight': 16, 'subsample': 0.9000000000000001, 'colsample_bytree': 0.6000000000000001, 'gamma': 0.6000000000000001}. Best is trial 504 with value: 0.53933603521174.
[I 2023-10-18 15:10:06,155] Trial 509 finished with value: 0.5405493914783132 and parameters: {'w0': 0.17500000000000002, 'w1': 0.8150000000000001, 'w2': 0.156, 'w3': 0.163, 'w4': 0.759, 'w5': 0.8, 'w6': 0.839, 'w7': 0.13, 'w8': 0.934, 'max_depth': 10, 'min_child_weight': 16, 'subsample': 0.9000000000000001, 'colsample_bytree': 0.6000000000000001, 'gamma': 0.6000000000000001}. Best is trial 509 with value: 0.5405493914783132.
[I 2023-10-18 15:10:43,425] Trial 507 finished with value: 0.539490164459762 and parameters: {'w0': 0.179, 'w1': 0.8210000000000001, 'w2': 0.157, 'w3': 0.164, 'w4': 0.764, 'w5': 0.801, 'w6': 0.44, 'w7': 0.124, 'w8': 0.916, 'max_depth': 10, 'min_child_weight': 16, 'subsample': 0.9000000000000001, 'colsample_bytree': 0.6000000000000001, 'gamma': 0.4}. Best is trial 509 with value: 0.5405493914783132.
[I 2023-10-18 15:11:39,901] Trial 505 finished with value: 0.5149412434221966 and parameters: {'w0': 0.181, 'w1': 0.8180000000000001, 'w2': 0.795, 'w3': 0.16, 'w4': 0.685, 'w5': 0.849, 'w6': 0.842, 'w7': 0.128, 'w8': 0.927, 'max_depth': 10, 'min_child_weight': 16, 'subsample': 0.9000000000000001, 'colsample_bytree': 0.6000000000000001, 'gamma': 0.4}. Best is trial 509 with value: 0.5405493914783132.
[I 2023-10-18 15:11:56,094] Trial 511 finished with value: 0.5080363915372994 and parameters: {'w0': 0.17, 'w1': 0.811, 'w2': 0.067, 'w3': 0.272, 'w4': 0.735, 'w5': 0.797, 'w6': 0.844, 'w7': 0.134, 'w8': 0.9460000000000001, 'max_depth': 10, 'min_child_weight': 16, 'subsample': 0.9000000000000001, 'colsample_bytree': 0.6000000000000001, 'gamma': 0.6000000000000001}. Best is trial 509 with value: 0.5405493914783132.
[I 2023-10-18 15:14:06,249] Trial 514 finished with value: 0.5122411522999868 and parameters: {'w0': 0.123, 'w1': 0.8270000000000001, 'w2': 0.07, 'w3': 0.269, 'w4': 0.745, 'w5': 0.804, 'w6': 0.443, 'w7': 0.123, 'w8': 0.355, 'max_depth': 10, 'min_child_weight': 16, 'subsample': 0.9000000000000001, 'colsample_bytree': 0.6000000000000001, 'gamma': 0.6000000000000001}. Best is trial 509 with value: 0.5405493914783132.
[I 2023-10-18 15:15:07,454] Trial 518 finished with value: 0.5121874352933344 and parameters: {'w0': 0.14100000000000001, 'w1': 0.8280000000000001, 'w2': 0.23, 'w3': 0.195, 'w4': 0.38, 'w5': 0.747, 'w6': 0.872, 'w7': 0.11, 'w8': 0.396, 'max_depth': 10, 'min_child_weight': 16, 'subsample': 0.9000000000000001, 'colsample_bytree': 0.6000000000000001, 'gamma': 0.8}. Best is trial 509 with value: 0.5405493914783132.
[I 2023-10-18 15:15:29,113] Trial 513 finished with value: 0.508925930223119 and parameters: {'w0': 0.123, 'w1': 0.8150000000000001, 'w2': 0.07, 'w3': 0.271, 'w4': 0.74, 'w5': 0.804, 'w6': 0.873, 'w7': 0.13, 'w8': 0.9400000000000001, 'max_depth': 10, 'min_child_weight': 16, 'subsample': 0.9000000000000001, 'colsample_bytree': 0.6000000000000001, 'gamma': 0.6000000000000001}. Best is trial 509 with value: 0.5405493914783132.
[I 2023-10-18 15:15:47,489] Trial 517 finished with value: 0.5223721883054885 and parameters: {'w0': 0.139, 'w1': 0.8210000000000001, 'w2': 0.228, 'w3': 0.232, 'w4': 0.729, 'w5': 0.805, 'w6': 0.868, 'w7': 0.116, 'w8': 0.984, 'max_depth': 10, 'min_child_weight': 16, 'subsample': 0.9000000000000001, 'colsample_bytree': 0.6000000000000001, 'gamma': 0.8}. Best is trial 509 with value: 0.5405493914783132.
[I 2023-10-18 15:16:36,395] Trial 515 finished with value: 0.5348934899296565 and parameters: {'w0': 0.14100000000000001, 'w1': 0.8200000000000001, 'w2': 0.16, 'w3': 0.194, 'w4': 0.748, 'w5': 0.8, 'w6': 0.876, 'w7': 0.131, 'w8': 0.9410000000000001, 'max_depth': 10, 'min_child_weight': 16, 'subsample': 0.9000000000000001, 'colsample_bytree': 0.6000000000000001, 'gamma': 0.6000000000000001}. Best is trial 509 with value: 0.5405493914783132.
[I 2023-10-18 15:17:13,021] Trial 516 finished with value: 0.5349622229423909 and parameters: {'w0': 0.14300000000000002, 'w1': 0.834, 'w2': 0.16, 'w3': 0.226, 'w4': 0.73, 'w5': 0.752, 'w6': 0.875, 'w7': 0.135, 'w8': 0.9460000000000001, 'max_depth': 10, 'min_child_weight': 16, 'subsample': 0.9000000000000001, 'colsample_bytree': 0.6000000000000001, 'gamma': 0.6000000000000001}. Best is trial 509 with value: 0.5405493914783132.
[I 2023-10-18 15:17:17,115] Trial 519 finished with value: 0.46991734837063337 and parameters: {'w0': 0.146, 'w1': 0.834, 'w2': 0.221, 'w3': 0.23800000000000002, 'w4': 0.733, 'w5': 0.748, 'w6': 0.872, 'w7': 0.001, 'w8': 0.984, 'max_depth': 10, 'min_child_weight': 14, 'subsample': 0.9000000000000001, 'colsample_bytree': 0.6000000000000001, 'gamma': 0.8}. Best is trial 509 with value: 0.5405493914783132.
[I 2023-10-18 15:18:53,090] Trial 521 finished with value: 0.5206701485345074 and parameters: {'w0': 0.139, 'w1': 0.851, 'w2': 0.224, 'w3': 0.266, 'w4': 0.40700000000000003, 'w5': 0.8310000000000001, 'w6': 0.873, 'w7': 0.111, 'w8': 0.987, 'max_depth': 10, 'min_child_weight': 14, 'subsample': 0.9000000000000001, 'colsample_bytree': 0.7, 'gamma': 0.8}. Best is trial 509 with value: 0.5405493914783132.
[I 2023-10-18 15:19:10,302] Trial 522 finished with value: 0.5231361277391878 and parameters: {'w0': 0.14400000000000002, 'w1': 0.847, 'w2': 0.226, 'w3': 0.263, 'w4': 0.736, 'w5': 0.8300000000000001, 'w6': 0.883, 'w7': 0.106, 'w8': 0.982, 'max_depth': 10, 'min_child_weight': 14, 'subsample': 0.9000000000000001, 'colsample_bytree': 0.7, 'gamma': 0.8}. Best is trial 509 with value: 0.5405493914783132.
[I 2023-10-18 15:19:21,625] Trial 520 finished with value: 0.5303809979218629 and parameters: {'w0': 0.14500000000000002, 'w1': 0.8300000000000001, 'w2': 0.225, 'w3': 0.869, 'w4': 0.735, 'w5': 0.8310000000000001, 'w6': 0.876, 'w7': 0.14100000000000001, 'w8': 0.981, 'max_depth': 10, 'min_child_weight': 14, 'subsample': 0.9000000000000001, 'colsample_bytree': 0.7, 'gamma': 0.8}. Best is trial 509 with value: 0.5405493914783132.
[I 2023-10-18 15:20:42,629] Trial 523 finished with value: 0.5315379439120962 and parameters: {'w0': 0.148, 'w1': 0.834, 'w2': 0.11800000000000001, 'w3': 0.262, 'w4': 0.742, 'w5': 0.907, 'w6': 0.8190000000000001, 'w7': 0.10200000000000001, 'w8': 0.983, 'max_depth': 10, 'min_child_weight': 18, 'subsample': 0.9000000000000001, 'colsample_bytree': 0.6000000000000001, 'gamma': 0.8}. Best is trial 509 with value: 0.5405493914783132.
[I 2023-10-18 15:22:21,129] Trial 527 finished with value: 0.5303500868745001 and parameters: {'w0': 0.148, 'w1': 0.836, 'w2': 0.164, 'w3': 0.267, 'w4': 0.775, 'w5': 0.899, 'w6': 0.319, 'w7': 0.106, 'w8': 0.9430000000000001, 'max_depth': 10, 'min_child_weight': 14, 'subsample': 0.9000000000000001, 'colsample_bytree': 0.6000000000000001, 'gamma': 0.8}. Best is trial 509 with value: 0.5405493914783132.
[I 2023-10-18 15:23:00,090] Trial 528 finished with value: 0.5225324179194265 and parameters: {'w0': 0.199, 'w1': 0.838, 'w2': 0.164, 'w3': 0.189, 'w4': 0.40800000000000003, 'w5': 0.904, 'w6': 0.361, 'w7': 0.10400000000000001, 'w8': 0.9440000000000001, 'max_depth': 10, 'min_child_weight': 18, 'subsample': 0.9000000000000001, 'colsample_bytree': 0.6000000000000001, 'gamma': 0.8}. Best is trial 509 with value: 0.5405493914783132.
[I 2023-10-18 15:23:00,487] Trial 524 finished with value: 0.5404963696635949 and parameters: {'w0': 0.14300000000000002, 'w1': 0.8330000000000001, 'w2': 0.125, 'w3': 0.258, 'w4': 0.741, 'w5': 0.904, 'w6': 0.7000000000000001, 'w7': 0.109, 'w8': 0.984, 'max_depth': 10, 'min_child_weight': 18, 'subsample': 0.9000000000000001, 'colsample_bytree': 0.6000000000000001, 'gamma': 0.6000000000000001}. Best is trial 509 with value: 0.5405493914783132.
[I 2023-10-18 15:25:32,321] Trial 526 finished with value: 0.4605711399749842 and parameters: {'w0': 0.201, 'w1': 0.306, 'w2': 0.979, 'w3': 0.23, 'w4': 0.734, 'w5': 0.899, 'w6': 0.872, 'w7': 0.106, 'w8': 0.9450000000000001, 'max_depth': 10, 'min_child_weight': 18, 'subsample': 0.30000000000000004, 'colsample_bytree': 0.6000000000000001, 'gamma': 0.8}. Best is trial 509 with value: 0.5405493914783132.
[I 2023-10-18 15:25:48,447] Trial 529 finished with value: 0.5336539417361046 and parameters: {'w0': 0.146, 'w1': 0.85, 'w2': 0.164, 'w3': 0.231, 'w4': 0.769, 'w5': 0.8210000000000001, 'w6': 0.869, 'w7': 0.108, 'w8': 0.9450000000000001, 'max_depth': 10, 'min_child_weight': 18, 'subsample': 0.9000000000000001, 'colsample_bytree': 0.6000000000000001, 'gamma': 0.8}. Best is trial 509 with value: 0.5405493914783132.
[I 2023-10-18 15:25:57,247] Trial 525 finished with value: 0.4882817338676748 and parameters: {'w0': 0.147, 'w1': 0.8300000000000001, 'w2': 0.6890000000000001, 'w3': 0.252, 'w4': 0.734, 'w5': 0.908, 'w6': 0.8240000000000001, 'w7': 0.108, 'w8': 0.552, 'max_depth': 10, 'min_child_weight': 14, 'subsample': 0.30000000000000004, 'colsample_bytree': 0.6000000000000001, 'gamma': 0.8}. Best is trial 509 with value: 0.5405493914783132.
[I 2023-10-18 15:26:12,222] Trial 530 finished with value: 0.5357046748310148 and parameters: {'w0': 0.14300000000000002, 'w1': 0.838, 'w2': 0.162, 'w3': 0.228, 'w4': 0.777, 'w5': 0.8330000000000001, 'w6': 0.31, 'w7': 0.14400000000000002, 'w8': 0.9470000000000001, 'max_depth': 10, 'min_child_weight': 18, 'subsample': 0.9000000000000001, 'colsample_bytree': 0.6000000000000001, 'gamma': 0.8}. Best is trial 509 with value: 0.5405493914783132.
[I 2023-10-18 15:27:18,854] Trial 538 finished with value: 0.48386119004177647 and parameters: {'w0': 0.203, 'w1': 0.40700000000000003, 'w2': 0.121, 'w3': 0.188, 'w4': 0.767, 'w5': 0.8270000000000001, 'w6': 0.40800000000000003, 'w7': 0.101, 'w8': 0.054, 'max_depth': 5, 'min_child_weight': 18, 'subsample': 0.9000000000000001, 'colsample_bytree': 0.6000000000000001, 'gamma': 1.0}. Best is trial 509 with value: 0.5405493914783132.
[I 2023-10-18 15:27:35,470] Trial 533 finished with value: 0.5259252061200298 and parameters: {'w0': 0.203, 'w1': 0.849, 'w2': 0.169, 'w3': 0.232, 'w4': 0.769, 'w5': 0.8310000000000001, 'w6': 0.336, 'w7': 0.10200000000000001, 'w8': 0.9550000000000001, 'max_depth': 10, 'min_child_weight': 14, 'subsample': 0.9000000000000001, 'colsample_bytree': 0.6000000000000001, 'gamma': 0.8}. Best is trial 509 with value: 0.5405493914783132.
[I 2023-10-18 15:27:35,883] Trial 532 finished with value: 0.5327535639892362 and parameters: {'w0': 0.146, 'w1': 0.846, 'w2': 0.163, 'w3': 0.189, 'w4': 0.771, 'w5': 0.8320000000000001, 'w6': 0.81, 'w7': 0.146, 'w8': 0.9570000000000001, 'max_depth': 10, 'min_child_weight': 18, 'subsample': 0.9000000000000001, 'colsample_bytree': 0.6000000000000001, 'gamma': 0.8}. Best is trial 509 with value: 0.5405493914783132.
[I 2023-10-18 15:27:37,812] Trial 531 finished with value: 0.5268190551356859 and parameters: {'w0': 0.203, 'w1': 0.848, 'w2': 0.167, 'w3': 0.231, 'w4': 0.78, 'w5': 0.899, 'w6': 0.812, 'w7': 0.10200000000000001, 'w8': 0.9530000000000001, 'max_depth': 10, 'min_child_weight': 18, 'subsample': 0.9000000000000001, 'colsample_bytree': 0.6000000000000001, 'gamma': 0.8}. Best is trial 509 with value: 0.5405493914783132.
[I 2023-10-18 15:27:43,275] Trial 535 finished with value: 0.5315119494176835 and parameters: {'w0': 0.2, 'w1': 0.836, 'w2': 0.123, 'w3': 0.197, 'w4': 0.748, 'w5': 0.8330000000000001, 'w6': 0.8290000000000001, 'w7': 0.10500000000000001, 'w8': 0.9570000000000001, 'max_depth': 10, 'min_child_weight': 18, 'subsample': 0.9000000000000001, 'colsample_bytree': 0.6000000000000001, 'gamma': 1.0}. Best is trial 509 with value: 0.5405493914783132.
[I 2023-10-18 15:28:10,288] Trial 534 finished with value: 0.5325196559591354 and parameters: {'w0': 0.197, 'w1': 0.848, 'w2': 0.11900000000000001, 'w3': 0.248, 'w4': 0.779, 'w5': 0.894, 'w6': 0.33, 'w7': 0.101, 'w8': 0.9580000000000001, 'max_depth': 10, 'min_child_weight': 18, 'subsample': 0.9000000000000001, 'colsample_bytree': 0.6000000000000001, 'gamma': 0.8}. Best is trial 509 with value: 0.5405493914783132.
[I 2023-10-18 15:31:16,937] Trial 536 finished with value: 0.5036440123500594 and parameters: {'w0': 0.20400000000000001, 'w1': 0.855, 'w2': 0.97, 'w3': 0.189, 'w4': 0.778, 'w5': 0.888, 'w6': 0.8330000000000001, 'w7': 0.101, 'w8': 0.9570000000000001, 'max_depth': 10, 'min_child_weight': 18, 'subsample': 0.9000000000000001, 'colsample_bytree': 0.6000000000000001, 'gamma': 1.0}. Best is trial 509 with value: 0.5405493914783132.
[I 2023-10-18 15:33:46,025] Trial 548 finished with value: 0.4855863618151829 and parameters: {'w0': 0.116, 'w1': 0.88, 'w2': 0.13, 'w3': 0.197, 'w4': 0.782, 'w5': 0.874, 'w6': 0.744, 'w7': 0.149, 'w8': 0.964, 'max_depth': 10, 'min_child_weight': 18, 'subsample': 0.9000000000000001, 'colsample_bytree': 0.6000000000000001, 'gamma': 6.0}. Best is trial 509 with value: 0.5405493914783132.
[I 2023-10-18 15:33:55,405] Trial 551 finished with value: 0.47804028180431113 and parameters: {'w0': 0.169, 'w1': 0.873, 'w2': 0.124, 'w3': 0.136, 'w4': 0.709, 'w5': 0.881, 'w6': 0.838, 'w7': 0.149, 'w8': 0.962, 'max_depth': 10, 'min_child_weight': 18, 'subsample': 0.9000000000000001, 'colsample_bytree': 0.6000000000000001, 'gamma': 6.0}. Best is trial 509 with value: 0.5405493914783132.
[I 2023-10-18 15:34:19,627] Trial 540 finished with value: 0.5352698322943745 and parameters: {'w0': 0.169, 'w1': 0.856, 'w2': 0.125, 'w3': 0.192, 'w4': 0.779, 'w5': 0.879, 'w6': 0.808, 'w7': 0.1, 'w8': 0.9560000000000001, 'max_depth': 5, 'min_child_weight': 18, 'subsample': 0.9000000000000001, 'colsample_bytree': 0.6000000000000001, 'gamma': 0.4}. Best is trial 509 with value: 0.5405493914783132.
[I 2023-10-18 15:34:20,859] Trial 537 finished with value: 0.5384019387331191 and parameters: {'w0': 0.202, 'w1': 0.852, 'w2': 0.11800000000000001, 'w3': 0.189, 'w4': 0.774, 'w5': 0.897, 'w6': 0.419, 'w7': 0.1, 'w8': 0.9510000000000001, 'max_depth': 10, 'min_child_weight': 18, 'subsample': 0.9000000000000001, 'colsample_bytree': 0.6000000000000001, 'gamma': 0.4}. Best is trial 509 with value: 0.5405493914783132.
[I 2023-10-18 15:34:28,617] Trial 539 finished with value: 0.5306683797678552 and parameters: {'w0': 0.20400000000000001, 'w1': 0.855, 'w2': 0.17, 'w3': 0.229, 'w4': 0.773, 'w5': 0.891, 'w6': 0.8330000000000001, 'w7': 0.101, 'w8': 0.9570000000000001, 'max_depth': 6, 'min_child_weight': 18, 'subsample': 0.9000000000000001, 'colsample_bytree': 0.6000000000000001, 'gamma': 0.4}. Best is trial 509 with value: 0.5405493914783132.
[I 2023-10-18 15:36:20,027] Trial 541 finished with value: 0.5253128982309347 and parameters: {'w0': 0.201, 'w1': 0.312, 'w2': 0.126, 'w3': 0.137, 'w4': 0.781, 'w5': 0.88, 'w6': 0.8240000000000001, 'w7': 0.148, 'w8': 0.9570000000000001, 'max_depth': 6, 'min_child_weight': 18, 'subsample': 0.9000000000000001, 'colsample_bytree': 0.6000000000000001, 'gamma': 0.4}. Best is trial 509 with value: 0.5405493914783132.
[I 2023-10-18 15:38:22,292] Trial 543 finished with value: 0.4842066267616414 and parameters: {'w0': 0.2, 'w1': 0.856, 'w2': 0.124, 'w3': 0.246, 'w4': 0.77, 'w5': 0.8180000000000001, 'w6': 0.8130000000000001, 'w7': 0.14500000000000002, 'w8': 0.049, 'max_depth': 6, 'min_child_weight': 18, 'subsample': 0.9000000000000001, 'colsample_bytree': 0.6000000000000001, 'gamma': 0.4}. Best is trial 509 with value: 0.5405493914783132.
[I 2023-10-18 15:38:58,250] Trial 542 finished with value: 0.5364229690051651 and parameters: {'w0': 0.165, 'w1': 0.877, 'w2': 0.126, 'w3': 0.224, 'w4': 0.765, 'w5': 0.885, 'w6': 0.759, 'w7': 0.093, 'w8': 0.962, 'max_depth': 10, 'min_child_weight': 18, 'subsample': 0.9000000000000001, 'colsample_bytree': 0.6000000000000001, 'gamma': 0.4}. Best is trial 509 with value: 0.5405493914783132.
[I 2023-10-18 15:39:32,416] Trial 545 finished with value: 0.5357072532642105 and parameters: {'w0': 0.168, 'w1': 0.853, 'w2': 0.127, 'w3': 0.198, 'w4': 0.77, 'w5': 0.881, 'w6': 0.807, 'w7': 0.148, 'w8': 0.961, 'max_depth': 6, 'min_child_weight': 18, 'subsample': 0.9000000000000001, 'colsample_bytree': 0.6000000000000001, 'gamma': 0.4}. Best is trial 509 with value: 0.5405493914783132.
[I 2023-10-18 15:41:47,434] Trial 546 finished with value: 0.5397184258122484 and parameters: {'w0': 0.168, 'w1': 0.856, 'w2': 0.121, 'w3': 0.195, 'w4': 0.774, 'w5': 0.865, 'w6': 0.759, 'w7': 0.091, 'w8': 0.869, 'max_depth': 10, 'min_child_weight': 18, 'subsample': 0.9000000000000001, 'colsample_bytree': 0.6000000000000001, 'gamma': 0.4}. Best is trial 509 with value: 0.5405493914783132.
[I 2023-10-18 15:42:19,938] Trial 544 finished with value: 0.5337919465872746 and parameters: {'w0': 0.169, 'w1': 0.857, 'w2': 0.12000000000000001, 'w3': 0.249, 'w4': 0.777, 'w5': 0.86, 'w6': 0.8180000000000001, 'w7': 0.149, 'w8': 0.961, 'max_depth': 10, 'min_child_weight': 18, 'subsample': 0.9000000000000001, 'colsample_bytree': 0.6000000000000001, 'gamma': 0.4}. Best is trial 509 with value: 0.5405493914783132.
[I 2023-10-18 15:43:05,921] Trial 547 finished with value: 0.532775358588649 and parameters: {'w0': 0.167, 'w1': 0.86, 'w2': 0.125, 'w3': 0.136, 'w4': 0.776, 'w5': 0.88, 'w6': 0.497, 'w7': 0.147, 'w8': 0.9590000000000001, 'max_depth': 10, 'min_child_weight': 18, 'subsample': 0.9000000000000001, 'colsample_bytree': 0.6000000000000001, 'gamma': 0.4}. Best is trial 509 with value: 0.5405493914783132.
