[I 2023-10-21 10:55:47,718] Trial 968 finished with value: 0.40873403031670535 and parameters: {'w0': 0.232, 'w1': 0.965, 'w2': 0.136, 'w3': 0.808, 'w4': 0.969, 'w5': 0.297, 'w6': 0.977, 'w7': 0.14, 'w8': 0.579, 'max_depth': 10, 'min_child_weight': 4, 'subsample': 0.30000000000000004, 'colsample_bytree': 0.6000000000000001, 'gamma': 0.0}. Best is trial 620 with value: 0.41707743528659197.
[I 2023-10-21 10:56:05,292] Trial 967 finished with value: 0.4074255774379504 and parameters: {'w0': 0.227, 'w1': 0.999, 'w2': 0.134, 'w3': 0.793, 'w4': 0.987, 'w5': 0.496, 'w6': 0.972, 'w7': 0.139, 'w8': 0.228, 'max_depth': 10, 'min_child_weight': 4, 'subsample': 0.30000000000000004, 'colsample_bytree': 0.8, 'gamma': 0.0}. Best is trial 620 with value: 0.41707743528659197.
[I 2023-10-21 10:56:08,324] Trial 971 finished with value: 0.3922289079834118 and parameters: {'w0': 0.23800000000000002, 'w1': 0.125, 'w2': 0.177, 'w3': 0.8, 'w4': 0.986, 'w5': 0.5, 'w6': 0.973, 'w7': 0.139, 'w8': 0.5660000000000001, 'max_depth': 10, 'min_child_weight': 4, 'subsample': 0.2, 'colsample_bytree': 0.8, 'gamma': 0.0}. Best is trial 620 with value: 0.41707743528659197.
[I 2023-10-21 10:56:33,259] Trial 970 finished with value: 0.4050836248177937 and parameters: {'w0': 0.228, 'w1': 0.999, 'w2': 0.135, 'w3': 0.805, 'w4': 0.98, 'w5': 0.498, 'w6': 0.976, 'w7': 0.132, 'w8': 0.589, 'max_depth': 10, 'min_child_weight': 4, 'subsample': 0.2, 'colsample_bytree': 0.8, 'gamma': 0.0}. Best is trial 620 with value: 0.41707743528659197.
[I 2023-10-21 10:57:01,282] Trial 966 finished with value: 0.4147307765596235 and parameters: {'w0': 0.233, 'w1': 1.0, 'w2': 0.14, 'w3': 0.8, 'w4': 0.98, 'w5': 0.497, 'w6': 0.972, 'w7': 0.137, 'w8': 0.582, 'max_depth': 10, 'min_child_weight': 4, 'subsample': 0.8, 'colsample_bytree': 0.7, 'gamma': 0.0}. Best is trial 620 with value: 0.41707743528659197.
[I 2023-10-21 10:59:48,444] Trial 972 finished with value: 0.40039787237653746 and parameters: {'w0': 0.226, 'w1': 0.97, 'w2': 0.177, 'w3': 0.8, 'w4': 0.98, 'w5': 0.305, 'w6': 0.972, 'w7': 0.135, 'w8': 0.484, 'max_depth': 10, 'min_child_weight': 4, 'subsample': 0.2, 'colsample_bytree': 0.6000000000000001, 'gamma': 0.0}. Best is trial 620 with value: 0.41707743528659197.
[I 2023-10-21 10:59:52,941] Trial 981 finished with value: 0.32813737298212736 and parameters: {'w0': 0.231, 'w1': 0.982, 'w2': 0.125, 'w3': 0.811, 'w4': 0.977, 'w5': 0.504, 'w6': 0.28, 'w7': 0.13, 'w8': 0.585, 'max_depth': 10, 'min_child_weight': 4, 'subsample': 0.8, 'colsample_bytree': 0.6000000000000001, 'gamma': 8.200000000000001}. Best is trial 620 with value: 0.41707743528659197.
[I 2023-10-21 11:00:40,678] Trial 983 finished with value: 0.3166000340746794 and parameters: {'w0': 0.234, 'w1': 0.98, 'w2': 0.17500000000000002, 'w3': 0.8180000000000001, 'w4': 1.0, 'w5': 0.497, 'w6': 0.977, 'w7': 0.134, 'w8': 0.588, 'max_depth': 10, 'min_child_weight': 4, 'subsample': 0.2, 'colsample_bytree': 0.6000000000000001, 'gamma': 8.4}. Best is trial 620 with value: 0.41707743528659197.
[I 2023-10-21 11:00:45,519] Trial 982 finished with value: 0.3365403090187248 and parameters: {'w0': 0.232, 'w1': 0.983, 'w2': 0.128, 'w3': 0.849, 'w4': 0.937, 'w5': 0.495, 'w6': 0.976, 'w7': 0.135, 'w8': 0.581, 'max_depth': 10, 'min_child_weight': 4, 'subsample': 0.30000000000000004, 'colsample_bytree': 0.6000000000000001, 'gamma': 7.0}. Best is trial 620 with value: 0.41707743528659197.
[I 2023-10-21 11:01:58,899] Trial 987 finished with value: 0.33786870505912436 and parameters: {'w0': 0.245, 'w1': 0.081, 'w2': 0.124, 'w3': 0.779, 'w4': 0.99, 'w5': 0.503, 'w6': 0.975, 'w7': 0.127, 'w8': 0.619, 'max_depth': 10, 'min_child_weight': 4, 'subsample': 0.7, 'colsample_bytree': 0.5, 'gamma': 8.0}. Best is trial 620 with value: 0.41707743528659197.
[I 2023-10-21 11:04:34,731] Trial 973 finished with value: 0.40227004637981245 and parameters: {'w0': 0.234, 'w1': 0.966, 'w2': 0.135, 'w3': 0.802, 'w4': 0.988, 'w5': 0.501, 'w6': 0.971, 'w7': 0.136, 'w8': 0.34800000000000003, 'max_depth': 10, 'min_child_weight': 4, 'subsample': 0.2, 'colsample_bytree': 0.6000000000000001, 'gamma': 0.0}. Best is trial 620 with value: 0.41707743528659197.
[I 2023-10-21 11:04:46,577] Trial 977 finished with value: 0.3769508752570749 and parameters: {'w0': 0.060000000000000005, 'w1': 0.963, 'w2': 0.17500000000000002, 'w3': 0.734, 'w4': 0.934, 'w5': 0.481, 'w6': 0.972, 'w7': 0.135, 'w8': 0.584, 'max_depth': 10, 'min_child_weight': 4, 'subsample': 0.2, 'colsample_bytree': 0.6000000000000001, 'gamma': 1.0}. Best is trial 620 with value: 0.41707743528659197.
[I 2023-10-21 11:05:42,142] Trial 975 finished with value: 0.3857837182554876 and parameters: {'w0': 0.224, 'w1': 0.123, 'w2': 0.343, 'w3': 0.732, 'w4': 0.986, 'w5': 0.507, 'w6': 0.974, 'w7': 0.136, 'w8': 0.589, 'max_depth': 10, 'min_child_weight': 4, 'subsample': 0.2, 'colsample_bytree': 0.8, 'gamma': 1.0}. Best is trial 620 with value: 0.41707743528659197.
[I 2023-10-21 11:05:54,060] Trial 976 finished with value: 0.4051695595703029 and parameters: {'w0': 0.231, 'w1': 0.965, 'w2': 0.18, 'w3': 0.734, 'w4': 0.874, 'w5': 0.482, 'w6': 0.972, 'w7': 0.134, 'w8': 0.544, 'max_depth': 10, 'min_child_weight': 4, 'subsample': 0.2, 'colsample_bytree': 0.6000000000000001, 'gamma': 1.0}. Best is trial 620 with value: 0.41707743528659197.
[I 2023-10-21 11:07:22,783] Trial 974 finished with value: 0.3948365840942099 and parameters: {'w0': 0.065, 'w1': 0.965, 'w2': 0.171, 'w3': 0.732, 'w4': 0.871, 'w5': 0.497, 'w6': 0.972, 'w7': 0.19, 'w8': 0.583, 'max_depth': 10, 'min_child_weight': 4, 'subsample': 0.30000000000000004, 'colsample_bytree': 0.8, 'gamma': 0.0}. Best is trial 620 with value: 0.41707743528659197.
[I 2023-10-21 11:09:01,814] Trial 979 finished with value: 0.4064776534214535 and parameters: {'w0': 0.233, 'w1': 0.981, 'w2': 0.17300000000000001, 'w3': 0.856, 'w4': 0.867, 'w5': 0.492, 'w6': 0.978, 'w7': 0.135, 'w8': 0.539, 'max_depth': 10, 'min_child_weight': 2, 'subsample': 0.2, 'colsample_bytree': 0.6000000000000001, 'gamma': 1.0}. Best is trial 620 with value: 0.41707743528659197.
[I 2023-10-21 11:09:29,002] Trial 978 finished with value: 0.41042930228434454 and parameters: {'w0': 0.234, 'w1': 0.962, 'w2': 0.178, 'w3': 0.854, 'w4': 0.933, 'w5': 0.501, 'w6': 0.973, 'w7': 0.183, 'w8': 0.582, 'max_depth': 10, 'min_child_weight': 2, 'subsample': 0.2, 'colsample_bytree': 0.6000000000000001, 'gamma': 1.0}. Best is trial 620 with value: 0.41707743528659197.
[I 2023-10-21 11:10:30,394] Trial 980 finished with value: 0.40939088630742065 and parameters: {'w0': 0.229, 'w1': 0.984, 'w2': 0.186, 'w3': 0.733, 'w4': 0.932, 'w5': 0.47600000000000003, 'w6': 0.973, 'w7': 0.178, 'w8': 0.583, 'max_depth': 10, 'min_child_weight': 2, 'subsample': 0.30000000000000004, 'colsample_bytree': 0.8, 'gamma': 1.0}. Best is trial 620 with value: 0.41707743528659197.
[I 2023-10-21 11:12:43,241] Trial 984 finished with value: 0.4071310845449164 and parameters: {'w0': 0.23, 'w1': 0.982, 'w2': 0.17600000000000002, 'w3': 0.854, 'w4': 0.999, 'w5': 0.493, 'w6': 0.982, 'w7': 0.131, 'w8': 0.5740000000000001, 'max_depth': 10, 'min_child_weight': 4, 'subsample': 0.2, 'colsample_bytree': 0.6000000000000001, 'gamma': 0.2}. Best is trial 620 with value: 0.41707743528659197.
[I 2023-10-21 11:14:02,723] Trial 986 finished with value: 0.4114056321142524 and parameters: {'w0': 0.223, 'w1': 0.977, 'w2': 0.177, 'w3': 0.857, 'w4': 0.934, 'w5': 0.509, 'w6': 0.979, 'w7': 0.17500000000000002, 'w8': 0.578, 'max_depth': 10, 'min_child_weight': 4, 'subsample': 0.30000000000000004, 'colsample_bytree': 0.5, 'gamma': 0.2}. Best is trial 620 with value: 0.41707743528659197.
[I 2023-10-21 11:14:09,480] Trial 985 finished with value: 0.4134901995022628 and parameters: {'w0': 0.228, 'w1': 0.983, 'w2': 0.132, 'w3': 0.8270000000000001, 'w4': 0.934, 'w5': 0.485, 'w6': 1.0, 'w7': 0.169, 'w8': 0.615, 'max_depth': 10, 'min_child_weight': 4, 'subsample': 0.30000000000000004, 'colsample_bytree': 0.6000000000000001, 'gamma': 0.2}. Best is trial 620 with value: 0.41707743528659197.
[I 2023-10-21 11:16:03,542] Trial 996 finished with value: 0.4079830650610393 and parameters: {'w0': 0.261, 'w1': 0.985, 'w2': 0.156, 'w3': 0.78, 'w4': 0.968, 'w5': 0.47900000000000004, 'w6': 1.0, 'w7': 0.17500000000000002, 'w8': 0.618, 'max_depth': 10, 'min_child_weight': 4, 'subsample': 1.0, 'colsample_bytree': 0.5, 'gamma': 0.2}. Best is trial 620 with value: 0.41707743528659197.
[I 2023-10-21 11:17:27,107] Trial 988 finished with value: 0.41593648242519166 and parameters: {'w0': 0.247, 'w1': 0.984, 'w2': 0.14500000000000002, 'w3': 0.781, 'w4': 0.989, 'w5': 0.495, 'w6': 0.978, 'w7': 0.133, 'w8': 0.612, 'max_depth': 10, 'min_child_weight': 4, 'subsample': 0.30000000000000004, 'colsample_bytree': 0.6000000000000001, 'gamma': 0.2}. Best is trial 620 with value: 0.41707743528659197.
[I 2023-10-21 11:17:35,541] Trial 1001 finished with value: 0.31650431851021665 and parameters: {'w0': 0.28600000000000003, 'w1': 0.9440000000000001, 'w2': 0.14400000000000002, 'w3': 0.775, 'w4': 0.961, 'w5': 0.516, 'w6': 0.999, 'w7': 0.171, 'w8': 0.606, 'max_depth': 10, 'min_child_weight': 4, 'subsample': 0.30000000000000004, 'colsample_bytree': 0.5, 'gamma': 9.4}. Best is trial 620 with value: 0.41707743528659197.
[I 2023-10-21 11:18:39,683] Trial 991 finished with value: 0.40962320602355734 and parameters: {'w0': 0.253, 'w1': 0.986, 'w2': 0.14100000000000001, 'w3': 0.782, 'w4': 0.9380000000000001, 'w5': 0.521, 'w6': 0.999, 'w7': 0.169, 'w8': 0.613, 'max_depth': 10, 'min_child_weight': 4, 'subsample': 0.30000000000000004, 'colsample_bytree': 0.6000000000000001, 'gamma': 0.2}. Best is trial 620 with value: 0.41707743528659197.
[I 2023-10-21 11:19:16,503] Trial 989 finished with value: 0.4000011444154081 and parameters: {'w0': 0.28600000000000003, 'w1': 1.0, 'w2': 0.084, 'w3': 0.779, 'w4': 1.0, 'w5': 0.51, 'w6': 1.0, 'w7': 0.169, 'w8': 0.621, 'max_depth': 10, 'min_child_weight': 4, 'subsample': 0.8, 'colsample_bytree': 0.8, 'gamma': 0.2}. Best is trial 620 with value: 0.41707743528659197.
[I 2023-10-21 11:19:25,913] Trial 990 finished with value: 0.41263333336511654 and parameters: {'w0': 0.247, 'w1': 0.984, 'w2': 0.14100000000000001, 'w3': 0.783, 'w4': 0.997, 'w5': 0.511, 'w6': 0.43, 'w7': 0.171, 'w8': 0.607, 'max_depth': 10, 'min_child_weight': 4, 'subsample': 0.8, 'colsample_bytree': 0.6000000000000001, 'gamma': 0.2}. Best is trial 620 with value: 0.41707743528659197.
[I 2023-10-21 11:20:55,154] Trial 992 finished with value: 0.4109497556811039 and parameters: {'w0': 0.28600000000000003, 'w1': 0.984, 'w2': 0.152, 'w3': 0.735, 'w4': 0.932, 'w5': 0.483, 'w6': 1.0, 'w7': 0.169, 'w8': 0.593, 'max_depth': 10, 'min_child_weight': 4, 'subsample': 0.9000000000000001, 'colsample_bytree': 0.8, 'gamma': 0.2}. Best is trial 620 with value: 0.41707743528659197.
[I 2023-10-21 11:23:08,890] Trial 995 finished with value: 0.410165019783159 and parameters: {'w0': 0.215, 'w1': 0.985, 'w2': 0.151, 'w3': 0.785, 'w4': 0.963, 'w5': 0.516, 'w6': 0.998, 'w7': 0.098, 'w8': 0.619, 'max_depth': 10, 'min_child_weight': 4, 'subsample': 0.30000000000000004, 'colsample_bytree': 0.6000000000000001, 'gamma': 0.2}. Best is trial 620 with value: 0.41707743528659197.
[I 2023-10-21 11:23:29,868] Trial 993 finished with value: 0.41431315143600206 and parameters: {'w0': 0.253, 'w1': 1.0, 'w2': 0.17300000000000001, 'w3': 0.733, 'w4': 0.441, 'w5': 0.513, 'w6': 0.982, 'w7': 0.171, 'w8': 0.632, 'max_depth': 10, 'min_child_weight': 4, 'subsample': 0.8, 'colsample_bytree': 0.6000000000000001, 'gamma': 0.0}. Best is trial 620 with value: 0.41707743528659197.
[I 2023-10-21 11:23:50,633] Trial 994 finished with value: 0.4129985865152542 and parameters: {'w0': 0.254, 'w1': 0.983, 'w2': 0.153, 'w3': 0.733, 'w4': 0.961, 'w5': 0.523, 'w6': 0.611, 'w7': 0.17500000000000002, 'w8': 0.611, 'max_depth': 10, 'min_child_weight': 4, 'subsample': 0.7, 'colsample_bytree': 0.6000000000000001, 'gamma': 0.2}. Best is trial 620 with value: 0.41707743528659197.
[I 2023-10-21 11:26:25,515] Trial 997 finished with value: 0.414196514179926 and parameters: {'w0': 0.20700000000000002, 'w1': 0.985, 'w2': 0.134, 'w3': 0.779, 'w4': 0.962, 'w5': 0.524, 'w6': 0.999, 'w7': 0.171, 'w8': 0.623, 'max_depth': 10, 'min_child_weight': 4, 'subsample': 0.7, 'colsample_bytree': 0.6000000000000001, 'gamma': 0.2}. Best is trial 620 with value: 0.41707743528659197.
[I 2023-10-21 11:26:46,379] Trial 998 finished with value: 0.40927148009586745 and parameters: {'w0': 0.259, 'w1': 1.0, 'w2': 0.121, 'w3': 0.8230000000000001, 'w4': 0.961, 'w5': 0.522, 'w6': 0.988, 'w7': 0.17200000000000001, 'w8': 0.621, 'max_depth': 10, 'min_child_weight': 4, 'subsample': 0.30000000000000004, 'colsample_bytree': 0.6000000000000001, 'gamma': 0.2}. Best is trial 620 with value: 0.41707743528659197.
[I 2023-10-21 11:28:07,253] Trial 999 finished with value: 0.4111357926906904 and parameters: {'w0': 0.28800000000000003, 'w1': 1.0, 'w2': 0.14100000000000001, 'w3': 0.782, 'w4': 0.965, 'w5': 0.47900000000000004, 'w6': 0.999, 'w7': 0.168, 'w8': 0.61, 'max_depth': 10, 'min_child_weight': 4, 'subsample': 0.7, 'colsample_bytree': 0.5, 'gamma': 0.2}. Best is trial 620 with value: 0.41707743528659197.
[I 2023-10-21 11:28:57,072] Trial 1000 finished with value: 0.4118951383113185 and parameters: {'w0': 0.263, 'w1': 1.0, 'w2': 0.14, 'w3': 0.779, 'w4': 0.962, 'w5': 0.48000000000000004, 'w6': 1.0, 'w7': 0.165, 'w8': 0.632, 'max_depth': 10, 'min_child_weight': 4, 'subsample': 0.8, 'colsample_bytree': 0.5, 'gamma': 0.2}. Best is trial 620 with value: 0.41707743528659197.
[I 2023-10-21 11:32:12,641] Trial 1003 finished with value: 0.4126454159562119 and parameters: {'w0': 0.26, 'w1': 0.987, 'w2': 0.14500000000000002, 'w3': 0.8190000000000001, 'w4': 0.966, 'w5': 0.516, 'w6': 1.0, 'w7': 0.17200000000000001, 'w8': 0.643, 'max_depth': 10, 'min_child_weight': 4, 'subsample': 0.30000000000000004, 'colsample_bytree': 0.6000000000000001, 'gamma': 0.2}. Best is trial 620 with value: 0.41707743528659197.
[I 2023-10-21 11:32:56,843] Trial 1002 finished with value: 0.40348845283694146 and parameters: {'w0': 0.28600000000000003, 'w1': 0.998, 'w2': 0.135, 'w3': 0.788, 'w4': 0.961, 'w5': 0.524, 'w6': 0.999, 'w7': 0.054, 'w8': 0.739, 'max_depth': 10, 'min_child_weight': 4, 'subsample': 0.8, 'colsample_bytree': 0.7, 'gamma': 0.2}. Best is trial 620 with value: 0.41707743528659197.
[I 2023-10-21 11:34:02,156] Trial 1006 finished with value: 0.40181428308042805 and parameters: {'w0': 0.28700000000000003, 'w1': 1.0, 'w2': 0.08800000000000001, 'w3': 0.8320000000000001, 'w4': 0.999, 'w5': 0.515, 'w6': 1.0, 'w7': 0.052000000000000005, 'w8': 0.618, 'max_depth': 10, 'min_child_weight': 4, 'subsample': 0.9000000000000001, 'colsample_bytree': 0.6000000000000001, 'gamma': 0.2}. Best is trial 620 with value: 0.41707743528659197.
[I 2023-10-21 11:35:19,930] Trial 1004 finished with value: 0.41568238097436716 and parameters: {'w0': 0.28800000000000003, 'w1': 0.998, 'w2': 0.148, 'w3': 0.8250000000000001, 'w4': 0.963, 'w5': 0.481, 'w6': 1.0, 'w7': 0.168, 'w8': 0.643, 'max_depth': 10, 'min_child_weight': 4, 'subsample': 0.8, 'colsample_bytree': 0.6000000000000001, 'gamma': 0.2}. Best is trial 620 with value: 0.41707743528659197.
[I 2023-10-21 11:35:52,994] Trial 1005 finished with value: 0.41043876230445814 and parameters: {'w0': 0.279, 'w1': 0.999, 'w2': 0.08, 'w3': 0.8300000000000001, 'w4': 0.995, 'w5': 0.524, 'w6': 0.9440000000000001, 'w7': 0.093, 'w8': 0.653, 'max_depth': 10, 'min_child_weight': 4, 'subsample': 0.8, 'colsample_bytree': 0.6000000000000001, 'gamma': 0.2}. Best is trial 620 with value: 0.41707743528659197.
[I 2023-10-21 11:36:12,393] Trial 1007 finished with value: 0.41294886712746326 and parameters: {'w0': 0.254, 'w1': 0.998, 'w2': 0.15, 'w3': 0.8230000000000001, 'w4': 0.992, 'w5': 0.527, 'w6': 0.9510000000000001, 'w7': 0.099, 'w8': 0.645, 'max_depth': 10, 'min_child_weight': 4, 'subsample': 0.30000000000000004, 'colsample_bytree': 0.6000000000000001, 'gamma': 0.0}. Best is trial 620 with value: 0.41707743528659197.
[I 2023-10-21 11:37:10,480] Trial 1009 finished with value: 0.4070444846923868 and parameters: {'w0': 0.28600000000000003, 'w1': 0.999, 'w2': 0.093, 'w3': 0.8220000000000001, 'w4': 0.967, 'w5': 0.53, 'w6': 0.9460000000000001, 'w7': 0.162, 'w8': 0.612, 'max_depth': 10, 'min_child_weight': 4, 'subsample': 0.30000000000000004, 'colsample_bytree': 0.6000000000000001, 'gamma': 0.0}. Best is trial 620 with value: 0.41707743528659197.
[I 2023-10-21 11:37:51,460] Trial 1008 finished with value: 0.41259207542813436 and parameters: {'w0': 0.253, 'w1': 0.999, 'w2': 0.082, 'w3': 0.8240000000000001, 'w4': 0.967, 'w5': 0.536, 'w6': 0.9460000000000001, 'w7': 0.057, 'w8': 0.64, 'max_depth': 10, 'min_child_weight': 4, 'subsample': 0.8, 'colsample_bytree': 0.6000000000000001, 'gamma': 0.0}. Best is trial 620 with value: 0.41707743528659197.
[I 2023-10-21 11:39:25,338] Trial 1010 finished with value: 0.4107621761512796 and parameters: {'w0': 0.26, 'w1': 1.0, 'w2': 0.08600000000000001, 'w3': 0.8210000000000001, 'w4': 0.965, 'w5': 0.518, 'w6': 0.9440000000000001, 'w7': 0.097, 'w8': 0.62, 'max_depth': 10, 'min_child_weight': 4, 'subsample': 0.9000000000000001, 'colsample_bytree': 0.6000000000000001, 'gamma': 0.0}. Best is trial 620 with value: 0.41707743528659197.
