[I 2023-10-18 17:31:08,865] Trial 661 finished with value: 0.49743677078554577 and parameters: {'w0': 0.162, 'w1': 0.904, 'w2': 0.132, 'w3': 0.08800000000000001, 'w4': 0.218, 'w5': 0.855, 'w6': 0.335, 'w7': 0.068, 'w8': 0.28500000000000003, 'max_depth': 10, 'min_child_weight': 14, 'subsample': 0.9000000000000001, 'colsample_bytree': 0.7, 'gamma': 0.4}. Best is trial 509 with value: 0.5405493914783132.
[I 2023-10-18 17:31:11,999] Trial 658 finished with value: 0.534826925392955 and parameters: {'w0': 0.156, 'w1': 0.904, 'w2': 0.135, 'w3': 0.17500000000000002, 'w4': 0.705, 'w5': 0.78, 'w6': 0.359, 'w7': 0.132, 'w8': 0.972, 'max_depth': 10, 'min_child_weight': 16, 'subsample': 0.9000000000000001, 'colsample_bytree': 0.7, 'gamma': 0.4}. Best is trial 509 with value: 0.5405493914783132.
[I 2023-10-18 17:31:40,846] Trial 662 finished with value: 0.5201134783009356 and parameters: {'w0': 0.164, 'w1': 0.909, 'w2': 0.132, 'w3': 0.13, 'w4': 0.7010000000000001, 'w5': 0.812, 'w6': 0.313, 'w7': 0.07, 'w8': 0.966, 'max_depth': 5, 'min_child_weight': 14, 'subsample': 0.9000000000000001, 'colsample_bytree': 0.7, 'gamma': 0.4}. Best is trial 509 with value: 0.5405493914783132.
[I 2023-10-18 17:33:19,323] Trial 660 finished with value: 0.5345384376917102 and parameters: {'w0': 0.162, 'w1': 0.906, 'w2': 0.13, 'w3': 0.134, 'w4': 0.741, 'w5': 0.78, 'w6': 0.353, 'w7': 0.134, 'w8': 0.966, 'max_depth': 10, 'min_child_weight': 14, 'subsample': 0.9000000000000001, 'colsample_bytree': 0.7, 'gamma': 0.4}. Best is trial 509 with value: 0.5405493914783132.
[I 2023-10-18 17:33:32,072] Trial 659 finished with value: 0.5380325008505191 and parameters: {'w0': 0.156, 'w1': 0.877, 'w2': 0.131, 'w3': 0.77, 'w4': 0.7020000000000001, 'w5': 0.812, 'w6': 0.34400000000000003, 'w7': 0.132, 'w8': 0.969, 'max_depth': 10, 'min_child_weight': 16, 'subsample': 0.9000000000000001, 'colsample_bytree': 0.7, 'gamma': 0.4}. Best is trial 509 with value: 0.5405493914783132.
[I 2023-10-18 17:34:39,073] Trial 663 finished with value: 0.4953221927931154 and parameters: {'w0': 0.589, 'w1': 0.402, 'w2': 0.132, 'w3': 0.092, 'w4': 0.766, 'w5': 0.852, 'w6': 0.325, 'w7': 0.075, 'w8': 0.274, 'max_depth': 10, 'min_child_weight': 14, 'subsample': 0.9000000000000001, 'colsample_bytree': 0.4, 'gamma': 0.4}. Best is trial 509 with value: 0.5405493914783132.
[I 2023-10-18 17:35:24,123] Trial 665 finished with value: 0.5218958289566267 and parameters: {'w0': 0.18, 'w1': 0.443, 'w2': 0.134, 'w3': 0.08800000000000001, 'w4': 0.77, 'w5': 0.784, 'w6': 0.337, 'w7': 0.067, 'w8': 0.295, 'max_depth': 10, 'min_child_weight': 14, 'subsample': 0.9000000000000001, 'colsample_bytree': 0.7, 'gamma': 0.4}. Best is trial 509 with value: 0.5405493914783132.
[I 2023-10-18 17:36:07,988] Trial 666 finished with value: 0.5192886937235677 and parameters: {'w0': 0.185, 'w1': 0.423, 'w2': 0.134, 'w3': 0.05, 'w4': 0.744, 'w5': 0.777, 'w6': 0.313, 'w7': 0.075, 'w8': 0.396, 'max_depth': 10, 'min_child_weight': 14, 'subsample': 0.9000000000000001, 'colsample_bytree': 0.7, 'gamma': 0.4}. Best is trial 509 with value: 0.5405493914783132.
[I 2023-10-18 17:38:19,377] Trial 667 finished with value: 0.5173853806283272 and parameters: {'w0': 0.186, 'w1': 0.911, 'w2': 0.132, 'w3': 0.054, 'w4': 0.769, 'w5': 0.857, 'w6': 0.34400000000000003, 'w7': 0.065, 'w8': 0.506, 'max_depth': 10, 'min_child_weight': 14, 'subsample': 0.9000000000000001, 'colsample_bytree': 0.7, 'gamma': 0.4}. Best is trial 509 with value: 0.5405493914783132.
[I 2023-10-18 17:39:11,540] Trial 669 finished with value: 0.5240740972911104 and parameters: {'w0': 0.156, 'w1': 0.396, 'w2': 0.133, 'w3': 0.09, 'w4': 0.772, 'w5': 0.861, 'w6': 0.312, 'w7': 0.066, 'w8': 0.462, 'max_depth': 10, 'min_child_weight': 14, 'subsample': 0.9000000000000001, 'colsample_bytree': 0.7, 'gamma': 0.4}. Best is trial 509 with value: 0.5405493914783132.
[I 2023-10-18 17:39:43,347] Trial 668 finished with value: 0.5206875230823648 and parameters: {'w0': 0.186, 'w1': 0.912, 'w2': 0.13, 'w3': 0.05, 'w4': 0.776, 'w5': 0.86, 'w6': 0.31, 'w7': 0.08, 'w8': 0.962, 'max_depth': 10, 'min_child_weight': 14, 'subsample': 0.9000000000000001, 'colsample_bytree': 0.7, 'gamma': 0.4}. Best is trial 509 with value: 0.5405493914783132.
[I 2023-10-18 17:41:48,180] Trial 670 finished with value: 0.5257712079063181 and parameters: {'w0': 0.184, 'w1': 0.358, 'w2': 0.129, 'w3': 0.09, 'w4': 0.773, 'w5': 0.856, 'w6': 0.34900000000000003, 'w7': 0.07200000000000001, 'w8': 0.963, 'max_depth': 10, 'min_child_weight': 14, 'subsample': 0.9000000000000001, 'colsample_bytree': 0.7, 'gamma': 0.4}. Best is trial 509 with value: 0.5405493914783132.
[I 2023-10-18 17:42:50,364] Trial 672 finished with value: 0.5219953487628014 and parameters: {'w0': 0.20700000000000002, 'w1': 0.436, 'w2': 0.132, 'w3': 0.082, 'w4': 0.779, 'w5': 0.852, 'w6': 0.314, 'w7': 0.077, 'w8': 0.9460000000000001, 'max_depth': 10, 'min_child_weight': 14, 'subsample': 0.9000000000000001, 'colsample_bytree': 0.7, 'gamma': 0.4}. Best is trial 509 with value: 0.5405493914783132.
[I 2023-10-18 17:44:05,163] Trial 671 finished with value: 0.49780581664630874 and parameters: {'w0': 0.592, 'w1': 0.907, 'w2': 0.132, 'w3': 0.053000000000000005, 'w4': 0.77, 'w5': 0.778, 'w6': 0.325, 'w7': 0.07100000000000001, 'w8': 0.47600000000000003, 'max_depth': 10, 'min_child_weight': 14, 'subsample': 0.9000000000000001, 'colsample_bytree': 0.7, 'gamma': 0.4}. Best is trial 509 with value: 0.5405493914783132.
[I 2023-10-18 17:45:26,120] Trial 675 finished with value: 0.5248499138843714 and parameters: {'w0': 0.187, 'w1': 0.454, 'w2': 0.152, 'w3': 0.08700000000000001, 'w4': 0.782, 'w5': 0.781, 'w6': 0.297, 'w7': 0.077, 'w8': 0.324, 'max_depth': 10, 'min_child_weight': 14, 'subsample': 0.9000000000000001, 'colsample_bytree': 0.7, 'gamma': 0.4}. Best is trial 509 with value: 0.5405493914783132.
[I 2023-10-18 17:46:00,245] Trial 674 finished with value: 0.5180492456456877 and parameters: {'w0': 0.213, 'w1': 0.438, 'w2': 0.154, 'w3': 0.081, 'w4': 0.776, 'w5': 0.855, 'w6': 0.339, 'w7': 0.068, 'w8': 0.531, 'max_depth': 10, 'min_child_weight': 14, 'subsample': 0.9000000000000001, 'colsample_bytree': 0.7, 'gamma': 0.4}. Best is trial 509 with value: 0.5405493914783132.
[I 2023-10-18 17:46:18,930] Trial 676 finished with value: 0.5216533382016736 and parameters: {'w0': 0.212, 'w1': 0.431, 'w2': 0.155, 'w3': 0.129, 'w4': 0.778, 'w5': 0.855, 'w6': 0.322, 'w7': 0.075, 'w8': 0.488, 'max_depth': 10, 'min_child_weight': 14, 'subsample': 0.9000000000000001, 'colsample_bytree': 0.7, 'gamma': 0.4}. Best is trial 509 with value: 0.5405493914783132.
[I 2023-10-18 17:46:52,760] Trial 673 finished with value: 0.5183428407859836 and parameters: {'w0': 0.20800000000000002, 'w1': 0.905, 'w2': 0.13, 'w3': 0.051000000000000004, 'w4': 0.769, 'w5': 0.861, 'w6': 0.315, 'w7': 0.07100000000000001, 'w8': 0.42, 'max_depth': 10, 'min_child_weight': 14, 'subsample': 0.9000000000000001, 'colsample_bytree': 0.7, 'gamma': 0.2}. Best is trial 509 with value: 0.5405493914783132.
[I 2023-10-18 17:47:40,067] Trial 678 finished with value: 0.524248122007893 and parameters: {'w0': 0.211, 'w1': 0.4, 'w2': 0.153, 'w3': 0.094, 'w4': 0.762, 'w5': 0.858, 'w6': 0.296, 'w7': 0.081, 'w8': 0.40700000000000003, 'max_depth': 10, 'min_child_weight': 14, 'subsample': 0.9000000000000001, 'colsample_bytree': 0.6000000000000001, 'gamma': 0.4}. Best is trial 509 with value: 0.5405493914783132.
[I 2023-10-18 17:48:26,712] Trial 677 finished with value: 0.5224940952308698 and parameters: {'w0': 0.19, 'w1': 0.881, 'w2': 0.155, 'w3': 0.748, 'w4': 0.767, 'w5': 0.778, 'w6': 0.278, 'w7': 0.076, 'w8': 0.9450000000000001, 'max_depth': 10, 'min_child_weight': 14, 'subsample': 0.9000000000000001, 'colsample_bytree': 0.7, 'gamma': 0.4}. Best is trial 509 with value: 0.5405493914783132.
[I 2023-10-18 17:48:37,759] Trial 679 finished with value: 0.5250402108631453 and parameters: {'w0': 0.21, 'w1': 0.436, 'w2': 0.156, 'w3': 0.23900000000000002, 'w4': 0.673, 'w5': 0.859, 'w6': 0.325, 'w7': 0.07200000000000001, 'w8': 0.544, 'max_depth': 10, 'min_child_weight': 14, 'subsample': 0.9000000000000001, 'colsample_bytree': 0.6000000000000001, 'gamma': 0.4}. Best is trial 509 with value: 0.5405493914783132.
[I 2023-10-18 17:50:00,137] Trial 680 finished with value: 0.5266105490827566 and parameters: {'w0': 0.20800000000000002, 'w1': 0.432, 'w2': 0.157, 'w3': 0.742, 'w4': 0.67, 'w5': 0.855, 'w6': 0.3, 'w7': 0.08600000000000001, 'w8': 0.47100000000000003, 'max_depth': 10, 'min_child_weight': 14, 'subsample': 0.9000000000000001, 'colsample_bytree': 0.6000000000000001, 'gamma': 0.4}. Best is trial 509 with value: 0.5405493914783132.
[I 2023-10-18 17:50:56,423] Trial 688 finished with value: 0.4641925612766757 and parameters: {'w0': 0.211, 'w1': 0.87, 'w2': 0.089, 'w3': 0.8190000000000001, 'w4': 0.671, 'w5': 0.8250000000000001, 'w6': 0.331, 'w7': 0.030000000000000002, 'w8': 0.35200000000000004, 'max_depth': 10, 'min_child_weight': 16, 'subsample': 0.9000000000000001, 'colsample_bytree': 0.6000000000000001, 'gamma': 3.2}. Best is trial 509 with value: 0.5405493914783132.
[I 2023-10-18 17:51:41,444] Trial 689 finished with value: 0.48687625457667344 and parameters: {'w0': 0.128, 'w1': 0.878, 'w2': 0.08800000000000001, 'w3': 0.248, 'w4': 0.673, 'w5': 0.8260000000000001, 'w6': 0.40700000000000003, 'w7': 0.095, 'w8': 0.9440000000000001, 'max_depth': 10, 'min_child_weight': 16, 'subsample': 0.9000000000000001, 'colsample_bytree': 0.6000000000000001, 'gamma': 5.6000000000000005}. Best is trial 509 with value: 0.5405493914783132.
[I 2023-10-18 17:52:20,623] Trial 681 finished with value: 0.5160315559048702 and parameters: {'w0': 0.488, 'w1': 0.356, 'w2': 0.151, 'w3': 0.887, 'w4': 0.672, 'w5': 0.856, 'w6': 0.274, 'w7': 0.081, 'w8': 0.9490000000000001, 'max_depth': 10, 'min_child_weight': 14, 'subsample': 0.9000000000000001, 'colsample_bytree': 0.6000000000000001, 'gamma': 0.4}. Best is trial 509 with value: 0.5405493914783132.
[I 2023-10-18 17:55:09,520] Trial 682 finished with value: 0.5278048807581257 and parameters: {'w0': 0.20500000000000002, 'w1': 0.878, 'w2': 0.161, 'w3': 0.865, 'w4': 0.672, 'w5': 0.858, 'w6': 0.28400000000000003, 'w7': 0.085, 'w8': 0.435, 'max_depth': 10, 'min_child_weight': 14, 'subsample': 0.9000000000000001, 'colsample_bytree': 0.6000000000000001, 'gamma': 0.2}. Best is trial 509 with value: 0.5405493914783132.
[I 2023-10-18 17:56:45,297] Trial 683 finished with value: 0.5273554703126058 and parameters: {'w0': 0.20800000000000002, 'w1': 0.395, 'w2': 0.16, 'w3': 0.897, 'w4': 0.673, 'w5': 0.854, 'w6': 0.319, 'w7': 0.082, 'w8': 0.336, 'max_depth': 10, 'min_child_weight': 14, 'subsample': 0.9000000000000001, 'colsample_bytree': 0.6000000000000001, 'gamma': 0.2}. Best is trial 509 with value: 0.5405493914783132.
[I 2023-10-18 17:56:46,072] Trial 684 finished with value: 0.5338039087515829 and parameters: {'w0': 0.212, 'w1': 0.385, 'w2': 0.09, 'w3': 0.765, 'w4': 0.678, 'w5': 0.853, 'w6': 0.296, 'w7': 0.074, 'w8': 0.41300000000000003, 'max_depth': 10, 'min_child_weight': 14, 'subsample': 0.9000000000000001, 'colsample_bytree': 0.6000000000000001, 'gamma': 0.2}. Best is trial 509 with value: 0.5405493914783132.
[I 2023-10-18 17:57:25,635] Trial 693 finished with value: 0.5291561379527574 and parameters: {'w0': 0.129, 'w1': 0.875, 'w2': 0.084, 'w3': 0.746, 'w4': 0.674, 'w5': 0.8280000000000001, 'w6': 0.279, 'w7': 0.094, 'w8': 0.9430000000000001, 'max_depth': 10, 'min_child_weight': 16, 'subsample': 0.9000000000000001, 'colsample_bytree': 0.6000000000000001, 'gamma': 1.0}. Best is trial 509 with value: 0.5405493914783132.
[I 2023-10-18 17:58:31,776] Trial 685 finished with value: 0.5315750206627046 and parameters: {'w0': 0.211, 'w1': 0.362, 'w2': 0.154, 'w3': 0.839, 'w4': 0.674, 'w5': 0.847, 'w6': 0.405, 'w7': 0.08800000000000001, 'w8': 0.9440000000000001, 'max_depth': 10, 'min_child_weight': 14, 'subsample': 0.9000000000000001, 'colsample_bytree': 0.6000000000000001, 'gamma': 0.2}. Best is trial 509 with value: 0.5405493914783132.
[I 2023-10-18 17:58:35,010] Trial 687 finished with value: 0.5122964034717454 and parameters: {'w0': 0.20600000000000002, 'w1': 0.877, 'w2': 0.156, 'w3': 0.25, 'w4': 0.668, 'w5': 0.838, 'w6': 0.28300000000000003, 'w7': 0.08700000000000001, 'w8': 0.9470000000000001, 'max_depth': 10, 'min_child_weight': 16, 'subsample': 0.4, 'colsample_bytree': 0.6000000000000001, 'gamma': 0.2}. Best is trial 509 with value: 0.5405493914783132.
[I 2023-10-18 18:00:32,150] Trial 686 finished with value: 0.5307943696945266 and parameters: {'w0': 0.211, 'w1': 0.879, 'w2': 0.157, 'w3': 0.251, 'w4': 0.674, 'w5': 0.845, 'w6': 0.272, 'w7': 0.095, 'w8': 0.385, 'max_depth': 10, 'min_child_weight': 14, 'subsample': 0.9000000000000001, 'colsample_bytree': 0.6000000000000001, 'gamma': 0.2}. Best is trial 509 with value: 0.5405493914783132.
[I 2023-10-18 18:02:19,992] Trial 699 finished with value: 0.5275045070852142 and parameters: {'w0': 0.131, 'w1': 0.605, 'w2': 0.107, 'w3': 0.789, 'w4': 0.683, 'w5': 0.804, 'w6': 0.404, 'w7': 0.12000000000000001, 'w8': 0.9390000000000001, 'max_depth': 10, 'min_child_weight': 16, 'subsample': 0.9000000000000001, 'colsample_bytree': 0.6000000000000001, 'gamma': 1.0}. Best is trial 509 with value: 0.5405493914783132.
[I 2023-10-18 18:03:29,977] Trial 690 finished with value: 0.5422266565969859 and parameters: {'w0': 0.131, 'w1': 0.877, 'w2': 0.093, 'w3': 0.23500000000000001, 'w4': 0.67, 'w5': 0.8280000000000001, 'w6': 0.273, 'w7': 0.08800000000000001, 'w8': 0.9450000000000001, 'max_depth': 10, 'min_child_weight': 16, 'subsample': 0.9000000000000001, 'colsample_bytree': 0.6000000000000001, 'gamma': 0.2}. Best is trial 690 with value: 0.5422266565969859.
[I 2023-10-18 18:04:30,701] Trial 692 finished with value: 0.5348680584452816 and parameters: {'w0': 0.138, 'w1': 0.875, 'w2': 0.082, 'w3': 0.8320000000000001, 'w4': 0.672, 'w5': 0.8250000000000001, 'w6': 0.28500000000000003, 'w7': 0.095, 'w8': 0.9390000000000001, 'max_depth': 10, 'min_child_weight': 16, 'subsample': 0.9000000000000001, 'colsample_bytree': 0.6000000000000001, 'gamma': 0.2}. Best is trial 690 with value: 0.5422266565969859.
[I 2023-10-18 18:04:49,916] Trial 695 finished with value: 0.5163601154011279 and parameters: {'w0': 0.131, 'w1': 0.88, 'w2': 0.030000000000000002, 'w3': 0.258, 'w4': 0.6880000000000001, 'w5': 0.534, 'w6': 0.41000000000000003, 'w7': 0.026000000000000002, 'w8': 0.9430000000000001, 'max_depth': 10, 'min_child_weight': 16, 'subsample': 0.9000000000000001, 'colsample_bytree': 0.6000000000000001, 'gamma': 0.2}. Best is trial 690 with value: 0.5422266565969859.
[I 2023-10-18 18:05:26,920] Trial 700 finished with value: 0.5297591835885409 and parameters: {'w0': 0.132, 'w1': 0.851, 'w2': 0.107, 'w3': 0.892, 'w4': 0.6960000000000001, 'w5': 0.8260000000000001, 'w6': 0.371, 'w7': 0.115, 'w8': 0.9380000000000001, 'max_depth': 10, 'min_child_weight': 16, 'subsample': 0.9000000000000001, 'colsample_bytree': 0.7, 'gamma': 1.0}. Best is trial 690 with value: 0.5422266565969859.
[I 2023-10-18 18:05:56,160] Trial 691 finished with value: 0.455799991925747 and parameters: {'w0': 0.129, 'w1': 0.885, 'w2': 0.08700000000000001, 'w3': 0.859, 'w4': 0.673, 'w5': 0.8240000000000001, 'w6': 0.398, 'w7': 0.997, 'w8': 0.401, 'max_depth': 10, 'min_child_weight': 16, 'subsample': 0.9000000000000001, 'colsample_bytree': 0.6000000000000001, 'gamma': 0.2}. Best is trial 690 with value: 0.5422266565969859.
[I 2023-10-18 18:06:14,283] Trial 694 finished with value: 0.5348859165435216 and parameters: {'w0': 0.127, 'w1': 0.869, 'w2': 0.08700000000000001, 'w3': 0.857, 'w4': 0.667, 'w5': 0.8260000000000001, 'w6': 0.40700000000000003, 'w7': 0.097, 'w8': 0.35200000000000004, 'max_depth': 10, 'min_child_weight': 16, 'subsample': 0.9000000000000001, 'colsample_bytree': 0.6000000000000001, 'gamma': 0.2}. Best is trial 690 with value: 0.5422266565969859.
[I 2023-10-18 18:06:16,006] Trial 702 finished with value: 0.48709131296342295 and parameters: {'w0': 0.132, 'w1': 0.855, 'w2': 0.035, 'w3': 0.167, 'w4': 0.6980000000000001, 'w5': 0.8, 'w6': 0.363, 'w7': 0.11800000000000001, 'w8': 0.9430000000000001, 'max_depth': 10, 'min_child_weight': 16, 'subsample': 0.9000000000000001, 'colsample_bytree': 0.7, 'gamma': 1.0}. Best is trial 690 with value: 0.5422266565969859.
[I 2023-10-18 18:06:18,240] Trial 701 finished with value: 0.5261195466809937 and parameters: {'w0': 0.138, 'w1': 0.853, 'w2': 0.101, 'w3': 0.8220000000000001, 'w4': 0.6940000000000001, 'w5': 0.801, 'w6': 0.37, 'w7': 0.11800000000000001, 'w8': 0.364, 'max_depth': 10, 'min_child_weight': 16, 'subsample': 0.9000000000000001, 'colsample_bytree': 0.7, 'gamma': 1.0}. Best is trial 690 with value: 0.5422266565969859.
[I 2023-10-18 18:06:19,507] Trial 706 finished with value: 0.476386068633304 and parameters: {'w0': 0.13, 'w1': 0.851, 'w2': 0.11, 'w3': 0.159, 'w4': 0.7040000000000001, 'w5': 0.802, 'w6': 0.377, 'w7': 0.12000000000000001, 'w8': 0.9590000000000001, 'max_depth': 10, 'min_child_weight': 16, 'subsample': 0.9000000000000001, 'colsample_bytree': 0.5, 'gamma': 7.4}. Best is trial 690 with value: 0.5422266565969859.
[I 2023-10-18 18:06:51,032] Trial 696 finished with value: 0.5167522753331069 and parameters: {'w0': 0.128, 'w1': 0.582, 'w2': 0.08800000000000001, 'w3': 0.895, 'w4': 0.6950000000000001, 'w5': 0.8230000000000001, 'w6': 0.389, 'w7': 0.031, 'w8': 0.9420000000000001, 'max_depth': 10, 'min_child_weight': 16, 'subsample': 0.9000000000000001, 'colsample_bytree': 0.6000000000000001, 'gamma': 0.2}. Best is trial 690 with value: 0.5422266565969859.
[I 2023-10-18 18:08:19,980] Trial 697 finished with value: 0.5342839569705082 and parameters: {'w0': 0.132, 'w1': 0.5760000000000001, 'w2': 0.09, 'w3': 0.834, 'w4': 0.683, 'w5': 0.8260000000000001, 'w6': 0.395, 'w7': 0.096, 'w8': 0.9410000000000001, 'max_depth': 10, 'min_child_weight': 16, 'subsample': 0.9000000000000001, 'colsample_bytree': 0.5, 'gamma': 0.2}. Best is trial 690 with value: 0.5422266565969859.
[I 2023-10-18 18:09:41,993] Trial 698 finished with value: 0.5350130451849294 and parameters: {'w0': 0.137, 'w1': 0.879, 'w2': 0.10300000000000001, 'w3': 0.865, 'w4': 0.6980000000000001, 'w5': 0.544, 'w6': 0.404, 'w7': 0.122, 'w8': 0.9420000000000001, 'max_depth': 10, 'min_child_weight': 16, 'subsample': 0.9000000000000001, 'colsample_bytree': 0.6000000000000001, 'gamma': 0.2}. Best is trial 690 with value: 0.5422266565969859.
[I 2023-10-18 18:15:01,735] Trial 710 finished with value: 0.5333480251853879 and parameters: {'w0': 0.146, 'w1': 0.853, 'w2': 0.11, 'w3': 0.21, 'w4': 0.707, 'w5': 0.812, 'w6': 0.374, 'w7': 0.12000000000000001, 'w8': 0.9580000000000001, 'max_depth': 10, 'min_child_weight': 16, 'subsample': 0.9000000000000001, 'colsample_bytree': 0.6000000000000001, 'gamma': 1.0}. Best is trial 690 with value: 0.5422266565969859.
[I 2023-10-18 18:17:01,086] Trial 703 finished with value: 0.5375372401618048 and parameters: {'w0': 0.126, 'w1': 0.852, 'w2': 0.108, 'w3': 0.838, 'w4': 0.6990000000000001, 'w5': 0.803, 'w6': 0.797, 'w7': 0.123, 'w8': 0.937, 'max_depth': 10, 'min_child_weight': 16, 'subsample': 0.9000000000000001, 'colsample_bytree': 0.7, 'gamma': 0.2}. Best is trial 690 with value: 0.5422266565969859.
[I 2023-10-18 18:17:02,400] Trial 705 finished with value: 0.5391116101774828 and parameters: {'w0': 0.131, 'w1': 0.548, 'w2': 0.11, 'w3': 0.19, 'w4': 0.6940000000000001, 'w5': 0.8130000000000001, 'w6': 0.393, 'w7': 0.117, 'w8': 0.9600000000000001, 'max_depth': 10, 'min_child_weight': 16, 'subsample': 0.9000000000000001, 'colsample_bytree': 0.7, 'gamma': 0.0}. Best is trial 690 with value: 0.5422266565969859.
[I 2023-10-18 18:17:17,710] Trial 718 finished with value: 0.5209342644403896 and parameters: {'w0': 0.153, 'w1': 0.921, 'w2': 0.112, 'w3': 0.231, 'w4': 0.7000000000000001, 'w5': 0.798, 'w6': 0.359, 'w7': 0.148, 'w8': 0.978, 'max_depth': 10, 'min_child_weight': 16, 'subsample': 1.0, 'colsample_bytree': 0.6000000000000001, 'gamma': 0.6000000000000001}. Best is trial 690 with value: 0.5422266565969859.
[I 2023-10-18 18:18:34,131] Trial 715 finished with value: 0.5258024314670842 and parameters: {'w0': 0.149, 'w1': 0.85, 'w2': 0.113, 'w3': 0.195, 'w4': 0.7020000000000001, 'w5': 0.805, 'w6': 0.23500000000000001, 'w7': 0.147, 'w8': 0.965, 'max_depth': 10, 'min_child_weight': 16, 'subsample': 0.9000000000000001, 'colsample_bytree': 0.5, 'gamma': 0.6000000000000001}. Best is trial 690 with value: 0.5422266565969859.
[I 2023-10-18 18:18:37,956] Trial 704 finished with value: 0.4760010558986253 and parameters: {'w0': 0.133, 'w1': 0.86, 'w2': 0.107, 'w3': 0.194, 'w4': 0.6950000000000001, 'w5': 0.803, 'w6': 0.367, 'w7': 0.725, 'w8': 0.9580000000000001, 'max_depth': 10, 'min_child_weight': 16, 'subsample': 0.9000000000000001, 'colsample_bytree': 0.7, 'gamma': 0.2}. Best is trial 690 with value: 0.5422266565969859.
[I 2023-10-18 18:19:06,003] Trial 713 finished with value: 0.5279180714137296 and parameters: {'w0': 0.151, 'w1': 0.858, 'w2': 0.10500000000000001, 'w3': 0.227, 'w4': 0.708, 'w5': 0.801, 'w6': 0.23900000000000002, 'w7': 0.136, 'w8': 0.963, 'max_depth': 10, 'min_child_weight': 16, 'subsample': 0.9000000000000001, 'colsample_bytree': 0.6000000000000001, 'gamma': 0.6000000000000001}. Best is trial 690 with value: 0.5422266565969859.
[I 2023-10-18 18:19:10,020] Trial 714 finished with value: 0.5317426561567492 and parameters: {'w0': 0.157, 'w1': 0.921, 'w2': 0.114, 'w3': 0.225, 'w4': 0.7030000000000001, 'w5': 0.801, 'w6': 0.359, 'w7': 0.14300000000000002, 'w8': 0.963, 'max_depth': 10, 'min_child_weight': 16, 'subsample': 0.9000000000000001, 'colsample_bytree': 0.6000000000000001, 'gamma': 0.6000000000000001}. Best is trial 690 with value: 0.5422266565969859.
