/home/scody/explore-sda/explore_commons.py:29: DtypeWarning: Columns (2,62,63,64,163,164,165,264,265,266,365,366,367,434,435,436) have mixed types. Specify dtype option on import or set low_memory=False.
  df = pd.read_csv(dataloc_data, skiprows=num_header_lines, header=None, delimiter=delimiter_used, dtype={0: str})
/home/scody/explore-sda/explore_commons.py:188: PerformanceWarning: indexing past lexsort depth may impact performance.
  pyssed_failed = np.array([i[0] for i in data[('Fitted', 'Teff', 'Value')].eq(0).values]
/home/scody/explore-sda/explore_commons.py:189: PerformanceWarning: indexing past lexsort depth may impact performance.
  and [i[0] for i in data[('Fitted', 'Lum', 'Value')].eq(0).values])
/home/scody/explore-sda/explore_commons.py:288: PerformanceWarning: indexing past lexsort depth may impact performance.
  coords = SkyCoord(data[("Adopted", "RA", "Value")].values * u.degree, data[("Adopted", "Dec", "Value")].values * u.degree)
/home/scody/explore-sda/explore_commons.py:291: PerformanceWarning: indexing past lexsort depth may impact performance.
  data[("Adopted", "RA", "Value")] = coord1
/home/scody/explore-sda/explore_commons.py:292: PerformanceWarning: indexing past lexsort depth may impact performance.
  data[("Adopted", "Dec", "Value")] = coord2
[I 2023-10-18 07:42:26,112] A new study created in memory with name: no-name-a93c551a-61d0-4acd-b856-0d20c35a9ba1
[I 2023-10-18 07:48:45,241] Trial 11 finished with value: 0.3281872714287437 and parameters: {'w0': 0.024, 'w1': 0.043000000000000003, 'w2': 0.51, 'w3': 0.266, 'w4': 0.341, 'w5': 0.11800000000000001, 'w6': 0.653, 'w7': 0.028, 'w8': 0.967, 'max_depth': 6, 'min_child_weight': 10, 'subsample': 0.9000000000000001, 'colsample_bytree': 1.0, 'gamma': 5.4}. Best is trial 11 with value: 0.3281872714287437.
[I 2023-10-18 07:48:51,082] Trial 13 finished with value: 0.4072001984662589 and parameters: {'w0': 0.225, 'w1': 0.056, 'w2': 0.7010000000000001, 'w3': 0.5680000000000001, 'w4': 0.629, 'w5': 0.593, 'w6': 0.468, 'w7': 0.163, 'w8': 0.725, 'max_depth': 8, 'min_child_weight': 12, 'subsample': 0.5, 'colsample_bytree': 1.0, 'gamma': 9.200000000000001}. Best is trial 13 with value: 0.4072001984662589.
[I 2023-10-18 07:49:11,110] Trial 12 finished with value: 0.2898552779822594 and parameters: {'w0': 0.9530000000000001, 'w1': 0.579, 'w2': 0.881, 'w3': 0.398, 'w4': 0.391, 'w5': 0.362, 'w6': 0.10300000000000001, 'w7': 0.037000000000000005, 'w8': 0.079, 'max_depth': 6, 'min_child_weight': 0, 'subsample': 0.2, 'colsample_bytree': 1.0, 'gamma': 8.8}. Best is trial 13 with value: 0.4072001984662589.
[I 2023-10-18 07:49:26,696] Trial 3 finished with value: 0.3773374148134817 and parameters: {'w0': 0.771, 'w1': 0.387, 'w2': 0.8160000000000001, 'w3': 0.17600000000000002, 'w4': 0.6940000000000001, 'w5': 0.538, 'w6': 0.668, 'w7': 0.884, 'w8': 0.188, 'max_depth': 6, 'min_child_weight': 20, 'subsample': 0.4, 'colsample_bytree': 0.9000000000000001, 'gamma': 9.4}. Best is trial 13 with value: 0.4072001984662589.
[I 2023-10-18 07:50:26,845] Trial 15 finished with value: 0.47943270185717407 and parameters: {'w0': 0.644, 'w1': 0.868, 'w2': 0.20500000000000002, 'w3': 0.863, 'w4': 0.151, 'w5': 0.7020000000000001, 'w6': 0.9570000000000001, 'w7': 0.216, 'w8': 0.553, 'max_depth': 5, 'min_child_weight': 6, 'subsample': 0.7, 'colsample_bytree': 0.4, 'gamma': 3.2}. Best is trial 15 with value: 0.47943270185717407.
[I 2023-10-18 07:50:31,393] Trial 10 finished with value: 0.418291143554245 and parameters: {'w0': 0.868, 'w1': 0.9420000000000001, 'w2': 0.418, 'w3': 0.08, 'w4': 0.41700000000000004, 'w5': 0.987, 'w6': 0.632, 'w7': 0.748, 'w8': 0.37, 'max_depth': 4, 'min_child_weight': 4, 'subsample': 0.6000000000000001, 'colsample_bytree': 1.0, 'gamma': 5.800000000000001}. Best is trial 15 with value: 0.47943270185717407.
[I 2023-10-18 07:50:39,157] Trial 4 finished with value: 0.42572835214941024 and parameters: {'w0': 0.796, 'w1': 0.311, 'w2': 0.934, 'w3': 0.739, 'w4': 0.149, 'w5': 0.921, 'w6': 0.166, 'w7': 0.437, 'w8': 0.9410000000000001, 'max_depth': 8, 'min_child_weight': 6, 'subsample': 0.6000000000000001, 'colsample_bytree': 1.0, 'gamma': 5.800000000000001}. Best is trial 15 with value: 0.47943270185717407.
[I 2023-10-18 07:51:06,417] Trial 0 finished with value: 0.43495175885010007 and parameters: {'w0': 0.665, 'w1': 0.164, 'w2': 0.875, 'w3': 0.444, 'w4': 0.966, 'w5': 0.909, 'w6': 0.655, 'w7': 0.249, 'w8': 0.611, 'max_depth': 10, 'min_child_weight': 16, 'subsample': 0.30000000000000004, 'colsample_bytree': 1.0, 'gamma': 5.4}. Best is trial 15 with value: 0.47943270185717407.
[I 2023-10-18 07:51:20,729] Trial 14 finished with value: 0.39071274356141833 and parameters: {'w0': 0.367, 'w1': 0.6980000000000001, 'w2': 0.779, 'w3': 0.314, 'w4': 0.311, 'w5': 0.484, 'w6': 0.74, 'w7': 0.99, 'w8': 0.047, 'max_depth': 5, 'min_child_weight': 20, 'subsample': 0.6000000000000001, 'colsample_bytree': 0.6000000000000001, 'gamma': 4.0}. Best is trial 15 with value: 0.47943270185717407.
[I 2023-10-18 07:51:33,059] Trial 6 finished with value: 0.430137035910367 and parameters: {'w0': 0.387, 'w1': 0.614, 'w2': 0.7040000000000001, 'w3': 0.5730000000000001, 'w4': 0.659, 'w5': 0.249, 'w6': 0.255, 'w7': 0.81, 'w8': 0.233, 'max_depth': 3, 'min_child_weight': 14, 'subsample': 0.7, 'colsample_bytree': 0.9000000000000001, 'gamma': 2.4000000000000004}. Best is trial 15 with value: 0.47943270185717407.
[I 2023-10-18 07:52:08,222] Trial 7 finished with value: 0.3434494391918717 and parameters: {'w0': 0.651, 'w1': 0.5710000000000001, 'w2': 0.985, 'w3': 0.994, 'w4': 0.244, 'w5': 0.233, 'w6': 0.096, 'w7': 0.019000000000000003, 'w8': 0.152, 'max_depth': 4, 'min_child_weight': 12, 'subsample': 0.4, 'colsample_bytree': 1.0, 'gamma': 2.8000000000000003}. Best is trial 15 with value: 0.47943270185717407.
[I 2023-10-18 07:52:54,622] Trial 1 finished with value: 0.4187597978294344 and parameters: {'w0': 0.432, 'w1': 0.129, 'w2': 0.033, 'w3': 0.061, 'w4': 0.858, 'w5': 0.53, 'w6': 0.139, 'w7': 0.366, 'w8': 0.974, 'max_depth': 3, 'min_child_weight': 6, 'subsample': 0.8, 'colsample_bytree': 0.9000000000000001, 'gamma': 0.0}. Best is trial 15 with value: 0.47943270185717407.
[I 2023-10-18 07:53:57,158] Trial 5 finished with value: 0.40198086763605756 and parameters: {'w0': 0.259, 'w1': 0.638, 'w2': 0.875, 'w3': 0.78, 'w4': 0.108, 'w5': 0.589, 'w6': 0.035, 'w7': 0.853, 'w8': 0.673, 'max_depth': 7, 'min_child_weight': 20, 'subsample': 0.5, 'colsample_bytree': 0.7, 'gamma': 3.4000000000000004}. Best is trial 15 with value: 0.47943270185717407.
[I 2023-10-18 07:54:04,196] Trial 9 finished with value: 0.44145397146004506 and parameters: {'w0': 0.913, 'w1': 0.716, 'w2': 0.555, 'w3': 0.857, 'w4': 0.579, 'w5': 0.5740000000000001, 'w6': 0.684, 'w7': 0.929, 'w8': 0.244, 'max_depth': 5, 'min_child_weight': 0, 'subsample': 0.30000000000000004, 'colsample_bytree': 0.9000000000000001, 'gamma': 5.0}. Best is trial 15 with value: 0.47943270185717407.
[I 2023-10-18 07:55:57,841] Trial 17 finished with value: 0.4130197547169544 and parameters: {'w0': 0.328, 'w1': 0.683, 'w2': 0.999, 'w3': 0.913, 'w4': 0.425, 'w5': 0.177, 'w6': 0.28600000000000003, 'w7': 0.786, 'w8': 0.8160000000000001, 'max_depth': 7, 'min_child_weight': 10, 'subsample': 0.30000000000000004, 'colsample_bytree': 0.9000000000000001, 'gamma': 9.4}. Best is trial 15 with value: 0.47943270185717407.
[I 2023-10-18 07:56:09,181] Trial 16 finished with value: 0.4279687550703934 and parameters: {'w0': 0.17300000000000001, 'w1': 0.509, 'w2': 0.196, 'w3': 0.716, 'w4': 0.887, 'w5': 0.923, 'w6': 0.637, 'w7': 0.608, 'w8': 0.246, 'max_depth': 8, 'min_child_weight': 14, 'subsample': 0.9000000000000001, 'colsample_bytree': 1.0, 'gamma': 4.0}. Best is trial 15 with value: 0.47943270185717407.
[I 2023-10-18 07:56:09,880] Trial 2 finished with value: 0.4481426686442518 and parameters: {'w0': 0.964, 'w1': 0.10300000000000001, 'w2': 0.5680000000000001, 'w3': 0.547, 'w4': 0.8170000000000001, 'w5': 0.9410000000000001, 'w6': 0.922, 'w7': 0.152, 'w8': 0.341, 'max_depth': 7, 'min_child_weight': 16, 'subsample': 0.4, 'colsample_bytree': 0.5, 'gamma': 1.8}. Best is trial 15 with value: 0.47943270185717407.
[I 2023-10-18 07:56:30,710] Trial 18 finished with value: 0.42097408457430074 and parameters: {'w0': 0.27, 'w1': 0.397, 'w2': 0.23, 'w3': 0.325, 'w4': 0.9420000000000001, 'w5': 0.134, 'w6': 0.862, 'w7': 0.9570000000000001, 'w8': 0.848, 'max_depth': 10, 'min_child_weight': 0, 'subsample': 0.8, 'colsample_bytree': 0.3, 'gamma': 5.4}. Best is trial 15 with value: 0.47943270185717407.
[I 2023-10-18 07:57:50,927] Trial 24 finished with value: 0.3698040318296608 and parameters: {'w0': 0.491, 'w1': 0.842, 'w2': 0.156, 'w3': 0.883, 'w4': 0.21, 'w5': 0.966, 'w6': 0.097, 'w7': 0.123, 'w8': 0.07100000000000001, 'max_depth': 6, 'min_child_weight': 0, 'subsample': 0.7, 'colsample_bytree': 0.6000000000000001, 'gamma': 8.0}. Best is trial 15 with value: 0.47943270185717407.
[I 2023-10-18 07:58:17,777] Trial 20 finished with value: 0.4101529514695216 and parameters: {'w0': 0.198, 'w1': 0.915, 'w2': 0.716, 'w3': 0.434, 'w4': 0.34400000000000003, 'w5': 0.46, 'w6': 0.17200000000000001, 'w7': 0.994, 'w8': 0.8180000000000001, 'max_depth': 6, 'min_child_weight': 0, 'subsample': 0.8, 'colsample_bytree': 0.4, 'gamma': 4.4}. Best is trial 15 with value: 0.47943270185717407.
[I 2023-10-18 07:58:55,145] Trial 19 finished with value: 0.49192026453971355 and parameters: {'w0': 0.116, 'w1': 0.8150000000000001, 'w2': 0.384, 'w3': 0.433, 'w4': 0.9390000000000001, 'w5': 0.516, 'w6': 0.721, 'w7': 0.051000000000000004, 'w8': 0.794, 'max_depth': 8, 'min_child_weight': 18, 'subsample': 0.7, 'colsample_bytree': 0.4, 'gamma': 2.0}. Best is trial 19 with value: 0.49192026453971355.
[I 2023-10-18 07:59:35,149] Trial 27 finished with value: 0.38859022501251067 and parameters: {'w0': 0.616, 'w1': 0.9430000000000001, 'w2': 0.14, 'w3': 0.787, 'w4': 0.9410000000000001, 'w5': 0.749, 'w6': 0.966, 'w7': 0.28, 'w8': 0.594, 'max_depth': 10, 'min_child_weight': 16, 'subsample': 0.2, 'colsample_bytree': 0.3, 'gamma': 7.2}. Best is trial 19 with value: 0.49192026453971355.
[I 2023-10-18 08:00:08,589] Trial 21 finished with value: 0.4463911522797253 and parameters: {'w0': 0.932, 'w1': 0.804, 'w2': 0.41100000000000003, 'w3': 0.35200000000000004, 'w4': 0.47100000000000003, 'w5': 0.9450000000000001, 'w6': 0.882, 'w7': 0.603, 'w8': 0.23900000000000002, 'max_depth': 3, 'min_child_weight': 8, 'subsample': 0.4, 'colsample_bytree': 0.3, 'gamma': 1.6}. Best is trial 19 with value: 0.49192026453971355.
[I 2023-10-18 08:00:24,149] Trial 29 finished with value: 0.39422772184296717 and parameters: {'w0': 0.597, 'w1': 0.858, 'w2': 0.20700000000000002, 'w3': 0.9530000000000001, 'w4': 0.013000000000000001, 'w5': 0.752, 'w6': 0.976, 'w7': 0.623, 'w8': 0.404, 'max_depth': 5, 'min_child_weight': 0, 'subsample': 1.0, 'colsample_bytree': 0.3, 'gamma': 7.2}. Best is trial 19 with value: 0.49192026453971355.
[I 2023-10-18 08:00:29,132] Trial 28 finished with value: 0.42847459662263865 and parameters: {'w0': 0.597, 'w1': 0.9430000000000001, 'w2': 0.139, 'w3': 0.991, 'w4': 0.924, 'w5': 0.788, 'w6': 0.9450000000000001, 'w7': 0.259, 'w8': 0.559, 'max_depth': 10, 'min_child_weight': 16, 'subsample': 1.0, 'colsample_bytree': 0.3, 'gamma': 7.6000000000000005}. Best is trial 19 with value: 0.49192026453971355.
[I 2023-10-18 08:00:33,671] Trial 25 finished with value: 0.41539759155102435 and parameters: {'w0': 0.587, 'w1': 0.968, 'w2': 0.019000000000000003, 'w3': 0.991, 'w4': 0.023, 'w5': 0.716, 'w6': 0.921, 'w7': 0.41500000000000004, 'w8': 0.513, 'max_depth': 3, 'min_child_weight': 6, 'subsample': 1.0, 'colsample_bytree': 0.3, 'gamma': 0.4}. Best is trial 19 with value: 0.49192026453971355.
[I 2023-10-18 08:02:09,326] Trial 22 finished with value: 0.4554910154537355 and parameters: {'w0': 0.627, 'w1': 0.8330000000000001, 'w2': 0.338, 'w3': 0.515, 'w4': 0.498, 'w5': 0.381, 'w6': 0.866, 'w7': 0.025, 'w8': 0.463, 'max_depth': 7, 'min_child_weight': 12, 'subsample': 0.7, 'colsample_bytree': 0.7, 'gamma': 1.8}. Best is trial 19 with value: 0.49192026453971355.
[I 2023-10-18 08:02:11,932] Trial 30 finished with value: 0.3940388448499502 and parameters: {'w0': 0.617, 'w1': 0.892, 'w2': 0.182, 'w3': 0.741, 'w4': 0.007, 'w5': 0.777, 'w6': 0.9540000000000001, 'w7': 0.609, 'w8': 0.44, 'max_depth': 5, 'min_child_weight': 0, 'subsample': 1.0, 'colsample_bytree': 0.3, 'gamma': 7.4}. Best is trial 19 with value: 0.49192026453971355.
[I 2023-10-18 08:02:24,532] Trial 31 finished with value: 0.4177177450924637 and parameters: {'w0': 0.5750000000000001, 'w1': 0.919, 'w2': 0.40800000000000003, 'w3': 0.84, 'w4': 0.048, 'w5': 0.732, 'w6': 0.998, 'w7': 0.583, 'w8': 0.444, 'max_depth': 5, 'min_child_weight': 0, 'subsample': 1.0, 'colsample_bytree': 0.3, 'gamma': 7.2}. Best is trial 19 with value: 0.49192026453971355.
[I 2023-10-18 08:02:44,123] Trial 8 finished with value: 0.405573362899859 and parameters: {'w0': 0.626, 'w1': 0.17400000000000002, 'w2': 0.122, 'w3': 0.314, 'w4': 0.019000000000000003, 'w5': 0.965, 'w6': 0.558, 'w7': 0.753, 'w8': 0.032, 'max_depth': 10, 'min_child_weight': 0, 'subsample': 0.7, 'colsample_bytree': 0.4, 'gamma': 0.6000000000000001}. Best is trial 19 with value: 0.49192026453971355.
[I 2023-10-18 08:05:06,381] Trial 32 finished with value: 0.4865500397128527 and parameters: {'w0': 0.58, 'w1': 0.994, 'w2': 0.327, 'w3': 0.627, 'w4': 0.031, 'w5': 0.747, 'w6': 0.978, 'w7': 0.256, 'w8': 0.464, 'max_depth': 10, 'min_child_weight': 4, 'subsample': 1.0, 'colsample_bytree': 0.3, 'gamma': 1.2000000000000002}. Best is trial 19 with value: 0.49192026453971355.
[I 2023-10-18 08:06:01,727] Trial 34 finished with value: 0.4701279623020077 and parameters: {'w0': 0.605, 'w1': 0.229, 'w2': 0.378, 'w3': 0.606, 'w4': 0.014000000000000002, 'w5': 0.794, 'w6': 0.968, 'w7': 0.299, 'w8': 0.456, 'max_depth': 9, 'min_child_weight': 6, 'subsample': 1.0, 'colsample_bytree': 0.4, 'gamma': 1.2000000000000002}. Best is trial 19 with value: 0.49192026453971355.
[I 2023-10-18 08:06:31,769] Trial 35 finished with value: 0.4913774707136671 and parameters: {'w0': 0.607, 'w1': 0.277, 'w2': 0.354, 'w3': 0.645, 'w4': 0.753, 'w5': 0.747, 'w6': 0.994, 'w7': 0.327, 'w8': 0.431, 'max_depth': 9, 'min_child_weight': 6, 'subsample': 1.0, 'colsample_bytree': 0.4, 'gamma': 1.4000000000000001}. Best is trial 19 with value: 0.49192026453971355.
[I 2023-10-18 08:07:58,054] Trial 38 finished with value: 0.4343031286643253 and parameters: {'w0': 0.005, 'w1': 0.799, 'w2': 0.315, 'w3': 0.641, 'w4': 0.786, 'w5': 0.747, 'w6': 0.988, 'w7': 0.182, 'w8': 0.426, 'max_depth': 9, 'min_child_weight': 18, 'subsample': 1.0, 'colsample_bytree': 0.5, 'gamma': 1.0}. Best is trial 19 with value: 0.49192026453971355.
[I 2023-10-18 08:08:37,508] Trial 23 finished with value: 0.45313627361051817 and parameters: {'w0': 0.597, 'w1': 0.451, 'w2': 0.844, 'w3': 0.327, 'w4': 0.012, 'w5': 0.6940000000000001, 'w6': 0.861, 'w7': 0.788, 'w8': 0.38, 'max_depth': 9, 'min_child_weight': 16, 'subsample': 0.4, 'colsample_bytree': 1.0, 'gamma': 2.6}. Best is trial 19 with value: 0.49192026453971355.
[I 2023-10-18 08:10:02,757] Trial 26 finished with value: 0.4703928297673803 and parameters: {'w0': 0.5650000000000001, 'w1': 0.996, 'w2': 0.034, 'w3': 0.8230000000000001, 'w4': 0.996, 'w5': 0.769, 'w6': 0.907, 'w7': 0.325, 'w8': 0.601, 'max_depth': 10, 'min_child_weight': 6, 'subsample': 0.9000000000000001, 'colsample_bytree': 0.3, 'gamma': 0.4}. Best is trial 19 with value: 0.49192026453971355.
[I 2023-10-18 08:10:24,672] Trial 41 finished with value: 0.48095647790656215 and parameters: {'w0': 0.115, 'w1': 0.793, 'w2': 0.334, 'w3': 0.631, 'w4': 0.732, 'w5': 0.002, 'w6': 0.781, 'w7': 0.14500000000000002, 'w8': 0.41100000000000003, 'max_depth': 9, 'min_child_weight': 18, 'subsample': 0.7, 'colsample_bytree': 0.5, 'gamma': 1.6}. Best is trial 19 with value: 0.49192026453971355.
[I 2023-10-18 08:12:05,397] Trial 39 finished with value: 0.4364547739094722 and parameters: {'w0': 0.013000000000000001, 'w1': 0.771, 'w2': 0.35100000000000003, 'w3': 0.607, 'w4': 0.769, 'w5': 0.763, 'w6': 0.8150000000000001, 'w7': 0.178, 'w8': 0.47300000000000003, 'max_depth': 9, 'min_child_weight': 18, 'subsample': 0.7, 'colsample_bytree': 0.5, 'gamma': 1.4000000000000001}. Best is trial 19 with value: 0.49192026453971355.
[I 2023-10-18 08:12:59,497] Trial 33 finished with value: 0.5177007538895015 and parameters: {'w0': 0.562, 'w1': 0.989, 'w2': 0.37, 'w3': 0.615, 'w4': 0.774, 'w5': 0.748, 'w6': 0.974, 'w7': 0.212, 'w8': 0.434, 'max_depth': 9, 'min_child_weight': 6, 'subsample': 0.7, 'colsample_bytree': 0.4, 'gamma': 1.0}. Best is trial 33 with value: 0.5177007538895015.
[I 2023-10-18 08:13:12,924] Trial 40 finished with value: 0.4942188503918973 and parameters: {'w0': 0.094, 'w1': 0.251, 'w2': 0.315, 'w3': 0.605, 'w4': 0.779, 'w5': 0.663, 'w6': 0.794, 'w7': 0.147, 'w8': 0.439, 'max_depth': 9, 'min_child_weight': 18, 'subsample': 0.7, 'colsample_bytree': 0.5, 'gamma': 1.0}. Best is trial 33 with value: 0.5177007538895015.
[I 2023-10-18 08:13:36,045] Trial 37 finished with value: 0.46951008011102324 and parameters: {'w0': 0.058, 'w1': 0.798, 'w2': 0.363, 'w3': 0.625, 'w4': 0.015, 'w5': 0.74, 'w6': 0.995, 'w7': 0.154, 'w8': 0.441, 'max_depth': 9, 'min_child_weight': 18, 'subsample': 0.7, 'colsample_bytree': 0.5, 'gamma': 1.0}. Best is trial 33 with value: 0.5177007538895015.
[I 2023-10-18 08:14:26,999] Trial 36 finished with value: 0.4927450400661339 and parameters: {'w0': 0.602, 'w1': 0.788, 'w2': 0.363, 'w3': 0.617, 'w4': 0.019000000000000003, 'w5': 0.775, 'w6': 0.989, 'w7': 0.296, 'w8': 0.466, 'max_depth': 9, 'min_child_weight': 18, 'subsample': 0.7, 'colsample_bytree': 0.4, 'gamma': 1.2000000000000002}. Best is trial 33 with value: 0.5177007538895015.
[I 2023-10-18 08:14:28,704] Trial 43 finished with value: 0.4350515540510312 and parameters: {'w0': 0.007, 'w1': 0.771, 'w2': 0.304, 'w3': 0.682, 'w4': 0.729, 'w5': 0.368, 'w6': 0.805, 'w7': 0.095, 'w8': 0.708, 'max_depth': 8, 'min_child_weight': 4, 'subsample': 0.7, 'colsample_bytree': 0.7, 'gamma': 1.0}. Best is trial 33 with value: 0.5177007538895015.
[I 2023-10-18 08:14:35,363] Trial 48 finished with value: 0.5046255933819728 and parameters: {'w0': 0.72, 'w1': 0.757, 'w2': 0.297, 'w3': 0.613, 'w4': 0.772, 'w5': 0.666, 'w6': 0.778, 'w7': 0.20900000000000002, 'w8': 0.6950000000000001, 'max_depth': 9, 'min_child_weight': 4, 'subsample': 0.9000000000000001, 'colsample_bytree': 0.5, 'gamma': 2.6}. Best is trial 33 with value: 0.5177007538895015.
[I 2023-10-18 08:15:02,700] Trial 42 finished with value: 0.49406150432454093 and parameters: {'w0': 0.731, 'w1': 0.766, 'w2': 0.332, 'w3': 0.657, 'w4': 0.783, 'w5': 0.358, 'w6': 0.784, 'w7': 0.1, 'w8': 0.485, 'max_depth': 9, 'min_child_weight': 4, 'subsample': 0.7, 'colsample_bytree': 0.7, 'gamma': 1.4000000000000001}. Best is trial 33 with value: 0.5177007538895015.
[I 2023-10-18 08:15:50,631] Trial 49 finished with value: 0.49180511898319185 and parameters: {'w0': 0.725, 'w1': 0.995, 'w2': 0.28400000000000003, 'w3': 0.47500000000000003, 'w4': 0.742, 'w5': 0.659, 'w6': 0.791, 'w7': 0.337, 'w8': 0.316, 'max_depth': 9, 'min_child_weight': 4, 'subsample': 0.9000000000000001, 'colsample_bytree': 0.5, 'gamma': 2.6}. Best is trial 33 with value: 0.5177007538895015.
[I 2023-10-18 08:16:28,687] Trial 47 finished with value: 0.48681855812718233 and parameters: {'w0': 0.725, 'w1': 0.767, 'w2': 0.29, 'w3': 0.66, 'w4': 0.108, 'w5': 0.847, 'w6': 0.782, 'w7': 0.33, 'w8': 0.679, 'max_depth': 9, 'min_child_weight': 4, 'subsample': 0.9000000000000001, 'colsample_bytree': 0.4, 'gamma': 1.2000000000000002}. Best is trial 33 with value: 0.5177007538895015.
[I 2023-10-18 08:17:26,776] Trial 51 finished with value: 0.4841841396641421 and parameters: {'w0': 0.707, 'w1': 0.759, 'w2': 0.308, 'w3': 0.673, 'w4': 0.769, 'w5': 0.654, 'w6': 0.791, 'w7': 0.21, 'w8': 0.321, 'max_depth': 9, 'min_child_weight': 4, 'subsample': 0.9000000000000001, 'colsample_bytree': 0.5, 'gamma': 3.2}. Best is trial 33 with value: 0.5177007538895015.
[I 2023-10-18 08:18:25,100] Trial 45 finished with value: 0.48263195870727 and parameters: {'w0': 0.748, 'w1': 0.779, 'w2': 0.305, 'w3': 0.627, 'w4': 0.513, 'w5': 0.379, 'w6': 0.801, 'w7': 0.098, 'w8': 0.678, 'max_depth': 9, 'min_child_weight': 18, 'subsample': 0.7, 'colsample_bytree': 0.7, 'gamma': 1.2000000000000002}. Best is trial 33 with value: 0.5177007538895015.
[I 2023-10-18 08:18:26,894] Trial 44 finished with value: 0.4798830629279995 and parameters: {'w0': 0.718, 'w1': 0.775, 'w2': 0.298, 'w3': 0.643, 'w4': 0.782, 'w5': 0.004, 'w6': 0.8250000000000001, 'w7': 0.097, 'w8': 0.6890000000000001, 'max_depth': 9, 'min_child_weight': 18, 'subsample': 0.7, 'colsample_bytree': 0.7, 'gamma': 1.0}. Best is trial 33 with value: 0.5177007538895015.
[I 2023-10-18 08:19:05,845] Trial 46 finished with value: 0.49740218363327254 and parameters: {'w0': 0.73, 'w1': 0.776, 'w2': 0.279, 'w3': 0.491, 'w4': 0.763, 'w5': 0.659, 'w6': 0.8260000000000001, 'w7': 0.099, 'w8': 0.682, 'max_depth': 9, 'min_child_weight': 4, 'subsample': 0.7, 'colsample_bytree': 0.7, 'gamma': 1.2000000000000002}. Best is trial 33 with value: 0.5177007538895015.
[I 2023-10-18 08:19:24,098] Trial 53 finished with value: 0.44432954167119315 and parameters: {'w0': 0.769, 'w1': 0.268, 'w2': 0.297, 'w3': 0.491, 'w4': 0.714, 'w5': 0.007, 'w6': 0.792, 'w7': 0.08, 'w8': 0.332, 'max_depth': 8, 'min_child_weight': 4, 'subsample': 0.9000000000000001, 'colsample_bytree': 0.5, 'gamma': 2.2}. Best is trial 33 with value: 0.5177007538895015.
