[I 2023-10-20 22:11:05,259] Trial 307 finished with value: 0.4006309140773523 and parameters: {'w0': 0.712, 'w1': 0.811, 'w2': 0.434, 'w3': 0.599, 'w4': 0.017, 'w5': 0.682, 'w6': 0.934, 'w7': 0.5650000000000001, 'w8': 0.9480000000000001, 'max_depth': 9, 'min_child_weight': 8, 'subsample': 0.5, 'colsample_bytree': 1.0, 'gamma': 1.0}. Best is trial 253 with value: 0.4074407622523345.
[I 2023-10-20 22:12:06,722] Trial 309 finished with value: 0.4037261767169379 and parameters: {'w0': 0.39, 'w1': 0.802, 'w2': 0.402, 'w3': 0.589, 'w4': 0.011, 'w5': 0.681, 'w6': 0.9470000000000001, 'w7': 0.521, 'w8': 0.9450000000000001, 'max_depth': 9, 'min_child_weight': 6, 'subsample': 0.5, 'colsample_bytree': 0.9000000000000001, 'gamma': 1.0}. Best is trial 253 with value: 0.4074407622523345.
[I 2023-10-20 22:12:45,438] Trial 310 finished with value: 0.4016279376548375 and parameters: {'w0': 0.741, 'w1': 0.807, 'w2': 0.5630000000000001, 'w3': 0.519, 'w4': 0.005, 'w5': 0.759, 'w6': 0.9420000000000001, 'w7': 0.559, 'w8': 0.9470000000000001, 'max_depth': 9, 'min_child_weight': 6, 'subsample': 0.5, 'colsample_bytree': 0.9000000000000001, 'gamma': 1.0}. Best is trial 253 with value: 0.4074407622523345.
[I 2023-10-20 22:12:51,097] Trial 311 finished with value: 0.3653970775999775 and parameters: {'w0': 0.733, 'w1': 0.801, 'w2': 0.551, 'w3': 0.52, 'w4': 0.015, 'w5': 0.668, 'w6': 0.9530000000000001, 'w7': 0.524, 'w8': 0.032, 'max_depth': 9, 'min_child_weight': 6, 'subsample': 0.5, 'colsample_bytree': 1.0, 'gamma': 1.0}. Best is trial 253 with value: 0.4074407622523345.
[I 2023-10-20 22:15:13,206] Trial 312 finished with value: 0.37496129901655956 and parameters: {'w0': 0.398, 'w1': 0.806, 'w2': 0.551, 'w3': 0.509, 'w4': 0.003, 'w5': 0.679, 'w6': 0.9490000000000001, 'w7': 0.517, 'w8': 0.10500000000000001, 'max_depth': 9, 'min_child_weight': 6, 'subsample': 0.5, 'colsample_bytree': 1.0, 'gamma': 1.0}. Best is trial 253 with value: 0.4074407622523345.
[I 2023-10-20 22:16:30,834] Trial 320 finished with value: 0.3915059275457213 and parameters: {'w0': 0.398, 'w1': 0.793, 'w2': 0.491, 'w3': 0.518, 'w4': 0.001, 'w5': 0.6880000000000001, 'w6': 0.872, 'w7': 0.513, 'w8': 0.967, 'max_depth': 3, 'min_child_weight': 6, 'subsample': 0.4, 'colsample_bytree': 0.9000000000000001, 'gamma': 1.6}. Best is trial 253 with value: 0.4074407622523345.
[I 2023-10-20 22:17:11,570] Trial 313 finished with value: 0.40196008260233035 and parameters: {'w0': 0.751, 'w1': 0.806, 'w2': 0.486, 'w3': 0.518, 'w4': 0.012, 'w5': 0.68, 'w6': 0.871, 'w7': 0.521, 'w8': 0.9480000000000001, 'max_depth': 9, 'min_child_weight': 6, 'subsample': 0.5, 'colsample_bytree': 0.9000000000000001, 'gamma': 1.0}. Best is trial 253 with value: 0.4074407622523345.
[I 2023-10-20 22:19:32,754] Trial 323 finished with value: 0.3980733059579334 and parameters: {'w0': 0.398, 'w1': 0.797, 'w2': 0.488, 'w3': 0.517, 'w4': 0.091, 'w5': 0.632, 'w6': 0.869, 'w7': 0.514, 'w8': 0.964, 'max_depth': 4, 'min_child_weight': 6, 'subsample': 0.4, 'colsample_bytree': 0.8, 'gamma': 1.6}. Best is trial 253 with value: 0.4074407622523345.
[I 2023-10-20 22:20:06,092] Trial 324 finished with value: 0.3885069074502368 and parameters: {'w0': 0.754, 'w1': 0.788, 'w2': 0.485, 'w3': 0.524, 'w4': 0.08800000000000001, 'w5': 0.6960000000000001, 'w6': 0.873, 'w7': 0.62, 'w8': 0.966, 'max_depth': 4, 'min_child_weight': 6, 'subsample': 0.5, 'colsample_bytree': 0.9000000000000001, 'gamma': 1.8}. Best is trial 253 with value: 0.4074407622523345.
[I 2023-10-20 22:20:23,013] Trial 314 finished with value: 0.4047166930995185 and parameters: {'w0': 0.379, 'w1': 0.798, 'w2': 0.548, 'w3': 0.523, 'w4': 0.007, 'w5': 0.67, 'w6': 0.868, 'w7': 0.521, 'w8': 0.9470000000000001, 'max_depth': 9, 'min_child_weight': 6, 'subsample': 0.5, 'colsample_bytree': 0.9000000000000001, 'gamma': 1.0}. Best is trial 253 with value: 0.4074407622523345.
[I 2023-10-20 22:20:25,565] Trial 316 finished with value: 0.40617516655455965 and parameters: {'w0': 0.395, 'w1': 0.8, 'w2': 0.402, 'w3': 0.515, 'w4': 0.09, 'w5': 0.679, 'w6': 0.869, 'w7': 0.518, 'w8': 0.9600000000000001, 'max_depth': 9, 'min_child_weight': 6, 'subsample': 0.5, 'colsample_bytree': 0.9000000000000001, 'gamma': 1.6}. Best is trial 253 with value: 0.4074407622523345.
[I 2023-10-20 22:21:03,564] Trial 317 finished with value: 0.4040235020919439 and parameters: {'w0': 0.398, 'w1': 0.806, 'w2': 0.405, 'w3': 0.519, 'w4': 0.093, 'w5': 0.68, 'w6': 0.871, 'w7': 0.525, 'w8': 0.9590000000000001, 'max_depth': 9, 'min_child_weight': 6, 'subsample': 0.5, 'colsample_bytree': 1.0, 'gamma': 1.8}. Best is trial 253 with value: 0.4074407622523345.
[I 2023-10-20 22:21:05,745] Trial 318 finished with value: 0.40547605838738815 and parameters: {'w0': 0.401, 'w1': 0.791, 'w2': 0.395, 'w3': 0.518, 'w4': 0.091, 'w5': 0.68, 'w6': 0.869, 'w7': 0.507, 'w8': 0.965, 'max_depth': 9, 'min_child_weight': 6, 'subsample': 0.5, 'colsample_bytree': 1.0, 'gamma': 1.8}. Best is trial 253 with value: 0.4074407622523345.
[I 2023-10-20 22:21:49,653] Trial 315 finished with value: 0.4003098139659613 and parameters: {'w0': 0.736, 'w1': 0.807, 'w2': 0.389, 'w3': 0.518, 'w4': 0.005, 'w5': 0.678, 'w6': 0.869, 'w7': 0.514, 'w8': 0.9580000000000001, 'max_depth': 9, 'min_child_weight': 6, 'subsample': 0.5, 'colsample_bytree': 0.9000000000000001, 'gamma': 1.0}. Best is trial 253 with value: 0.4074407622523345.
[I 2023-10-20 22:22:22,376] Trial 327 finished with value: 0.39646654223083627 and parameters: {'w0': 0.361, 'w1': 0.776, 'w2': 0.487, 'w3': 0.515, 'w4': 0.859, 'w5': 0.723, 'w6': 0.871, 'w7': 0.498, 'w8': 0.967, 'max_depth': 4, 'min_child_weight': 6, 'subsample': 0.4, 'colsample_bytree': 0.8, 'gamma': 1.8}. Best is trial 253 with value: 0.4074407622523345.
[I 2023-10-20 22:22:47,403] Trial 319 finished with value: 0.40713735871968487 and parameters: {'w0': 0.395, 'w1': 0.795, 'w2': 0.486, 'w3': 0.522, 'w4': 0.08800000000000001, 'w5': 0.72, 'w6': 0.865, 'w7': 0.48000000000000004, 'w8': 0.963, 'max_depth': 9, 'min_child_weight': 6, 'subsample': 0.5, 'colsample_bytree': 0.9000000000000001, 'gamma': 1.8}. Best is trial 253 with value: 0.4074407622523345.
[I 2023-10-20 22:25:09,948] Trial 321 finished with value: 0.40891743677111697 and parameters: {'w0': 0.393, 'w1': 0.798, 'w2': 0.487, 'w3': 0.527, 'w4': 0.006, 'w5': 0.678, 'w6': 0.867, 'w7': 0.49, 'w8': 0.963, 'max_depth': 9, 'min_child_weight': 6, 'subsample': 0.4, 'colsample_bytree': 0.9000000000000001, 'gamma': 1.6}. Best is trial 321 with value: 0.40891743677111697.
[I 2023-10-20 22:25:24,424] Trial 322 finished with value: 0.4062612615512153 and parameters: {'w0': 0.396, 'w1': 0.79, 'w2': 0.55, 'w3': 0.517, 'w4': 0.08700000000000001, 'w5': 0.641, 'w6': 0.873, 'w7': 0.51, 'w8': 0.962, 'max_depth': 9, 'min_child_weight': 6, 'subsample': 0.4, 'colsample_bytree': 0.8, 'gamma': 1.6}. Best is trial 321 with value: 0.40891743677111697.
[I 2023-10-20 22:27:31,108] Trial 325 finished with value: 0.40760747370459854 and parameters: {'w0': 0.424, 'w1': 0.792, 'w2': 0.489, 'w3': 0.516, 'w4': 0.092, 'w5': 0.66, 'w6': 0.874, 'w7': 0.491, 'w8': 0.969, 'max_depth': 9, 'min_child_weight': 6, 'subsample': 0.5, 'colsample_bytree': 0.9000000000000001, 'gamma': 1.6}. Best is trial 321 with value: 0.40891743677111697.
[I 2023-10-20 22:27:32,201] Trial 326 finished with value: 0.3899057070047422 and parameters: {'w0': 0.358, 'w1': 0.79, 'w2': 0.487, 'w3': 0.115, 'w4': 0.094, 'w5': 0.643, 'w6': 0.868, 'w7': 0.496, 'w8': 0.966, 'max_depth': 9, 'min_child_weight': 6, 'subsample': 0.4, 'colsample_bytree': 0.8, 'gamma': 1.6}. Best is trial 321 with value: 0.40891743677111697.
[I 2023-10-20 22:29:40,835] Trial 328 finished with value: 0.40664490193602143 and parameters: {'w0': 0.359, 'w1': 0.769, 'w2': 0.55, 'w3': 0.487, 'w4': 0.085, 'w5': 0.642, 'w6': 0.867, 'w7': 0.48000000000000004, 'w8': 0.968, 'max_depth': 9, 'min_child_weight': 6, 'subsample': 0.5, 'colsample_bytree': 0.8, 'gamma': 1.6}. Best is trial 321 with value: 0.40891743677111697.
[I 2023-10-20 22:31:38,271] Trial 329 finished with value: 0.378081210382354 and parameters: {'w0': 0.762, 'w1': 0.775, 'w2': 0.488, 'w3': 0.077, 'w4': 0.094, 'w5': 0.724, 'w6': 0.873, 'w7': 0.502, 'w8': 0.971, 'max_depth': 9, 'min_child_weight': 6, 'subsample': 0.5, 'colsample_bytree': 1.0, 'gamma': 1.8}. Best is trial 321 with value: 0.40891743677111697.
[I 2023-10-20 22:31:43,022] Trial 330 finished with value: 0.40135715827687973 and parameters: {'w0': 0.425, 'w1': 0.8310000000000001, 'w2': 0.488, 'w3': 0.487, 'w4': 0.093, 'w5': 0.649, 'w6': 0.869, 'w7': 0.622, 'w8': 0.907, 'max_depth': 9, 'min_child_weight': 6, 'subsample': 0.5, 'colsample_bytree': 0.8, 'gamma': 1.8}. Best is trial 321 with value: 0.40891743677111697.
[I 2023-10-20 22:34:14,246] Trial 332 finished with value: 0.40265951226808944 and parameters: {'w0': 0.364, 'w1': 0.391, 'w2': 0.54, 'w3': 0.47900000000000004, 'w4': 0.075, 'w5': 0.725, 'w6': 0.919, 'w7': 0.491, 'w8': 0.969, 'max_depth': 9, 'min_child_weight': 6, 'subsample': 0.5, 'colsample_bytree': 1.0, 'gamma': 1.8}. Best is trial 321 with value: 0.40891743677111697.
[I 2023-10-20 22:34:36,668] Trial 337 finished with value: 0.4038562190741147 and parameters: {'w0': 0.357, 'w1': 0.835, 'w2': 0.35000000000000003, 'w3': 0.48000000000000004, 'w4': 0.125, 'w5': 0.058, 'w6': 0.87, 'w7': 0.492, 'w8': 0.906, 'max_depth': 9, 'min_child_weight': 6, 'subsample': 0.5, 'colsample_bytree': 0.9000000000000001, 'gamma': 1.8}. Best is trial 321 with value: 0.40891743677111697.
[I 2023-10-20 22:34:49,578] Trial 334 finished with value: 0.4058735720161453 and parameters: {'w0': 0.361, 'w1': 0.8310000000000001, 'w2': 0.589, 'w3': 0.482, 'w4': 0.124, 'w5': 0.719, 'w6': 0.873, 'w7': 0.495, 'w8': 0.966, 'max_depth': 9, 'min_child_weight': 6, 'subsample': 0.5, 'colsample_bytree': 0.9000000000000001, 'gamma': 1.8}. Best is trial 321 with value: 0.40891743677111697.
[I 2023-10-20 22:35:01,650] Trial 331 finished with value: 0.4048062997333194 and parameters: {'w0': 0.429, 'w1': 0.77, 'w2': 0.586, 'w3': 0.48000000000000004, 'w4': 0.09, 'w5': 0.728, 'w6': 0.916, 'w7': 0.615, 'w8': 0.91, 'max_depth': 9, 'min_child_weight': 6, 'subsample': 0.5, 'colsample_bytree': 1.0, 'gamma': 1.8}. Best is trial 321 with value: 0.40891743677111697.
[I 2023-10-20 22:35:07,023] Trial 336 finished with value: 0.4057335218258511 and parameters: {'w0': 0.36, 'w1': 0.775, 'w2': 0.343, 'w3': 0.493, 'w4': 0.77, 'w5': 0.636, 'w6': 0.884, 'w7': 0.481, 'w8': 0.905, 'max_depth': 9, 'min_child_weight': 6, 'subsample': 0.5, 'colsample_bytree': 0.9000000000000001, 'gamma': 1.8}. Best is trial 321 with value: 0.40891743677111697.
[I 2023-10-20 22:35:07,128] Trial 333 finished with value: 0.4074951342208098 and parameters: {'w0': 0.365, 'w1': 0.766, 'w2': 0.583, 'w3': 0.47100000000000003, 'w4': 0.096, 'w5': 0.636, 'w6': 0.919, 'w7': 0.502, 'w8': 0.907, 'max_depth': 9, 'min_child_weight': 6, 'subsample': 0.5, 'colsample_bytree': 1.0, 'gamma': 1.8}. Best is trial 321 with value: 0.40891743677111697.
[I 2023-10-20 22:36:17,337] Trial 338 finished with value: 0.40084035932488266 and parameters: {'w0': 0.424, 'w1': 0.8320000000000001, 'w2': 0.545, 'w3': 0.481, 'w4': 0.122, 'w5': 0.64, 'w6': 0.405, 'w7': 0.481, 'w8': 0.901, 'max_depth': 9, 'min_child_weight': 6, 'subsample': 0.5, 'colsample_bytree': 0.9000000000000001, 'gamma': 1.8}. Best is trial 321 with value: 0.40891743677111697.
[I 2023-10-20 22:36:28,357] Trial 335 finished with value: 0.4099789071960225 and parameters: {'w0': 0.465, 'w1': 0.834, 'w2': 0.542, 'w3': 0.47300000000000003, 'w4': 0.063, 'w5': 0.722, 'w6': 0.87, 'w7': 0.499, 'w8': 0.91, 'max_depth': 9, 'min_child_weight': 6, 'subsample': 0.5, 'colsample_bytree': 0.9000000000000001, 'gamma': 1.6}. Best is trial 335 with value: 0.4099789071960225.
[I 2023-10-20 22:37:50,104] Trial 339 finished with value: 0.40689503839415453 and parameters: {'w0': 0.364, 'w1': 0.8300000000000001, 'w2': 0.54, 'w3': 0.449, 'w4': 0.057, 'w5': 0.631, 'w6': 0.916, 'w7': 0.47800000000000004, 'w8': 0.916, 'max_depth': 9, 'min_child_weight': 6, 'subsample': 0.5, 'colsample_bytree': 0.9000000000000001, 'gamma': 1.6}. Best is trial 335 with value: 0.4099789071960225.
[I 2023-10-20 22:39:03,500] Trial 341 finished with value: 0.39771211738494444 and parameters: {'w0': 0.36, 'w1': 0.8300000000000001, 'w2': 0.375, 'w3': 0.47700000000000004, 'w4': 0.058, 'w5': 0.64, 'w6': 0.38, 'w7': 0.48000000000000004, 'w8': 0.914, 'max_depth': 9, 'min_child_weight': 6, 'subsample': 0.4, 'colsample_bytree': 0.9000000000000001, 'gamma': 1.8}. Best is trial 335 with value: 0.4099789071960225.
[I 2023-10-20 22:39:30,108] Trial 340 finished with value: 0.4039328067680426 and parameters: {'w0': 0.361, 'w1': 0.8330000000000001, 'w2': 0.359, 'w3': 0.47600000000000003, 'w4': 0.059000000000000004, 'w5': 0.7040000000000001, 'w6': 0.867, 'w7': 0.47500000000000003, 'w8': 0.918, 'max_depth': 9, 'min_child_weight': 6, 'subsample': 0.4, 'colsample_bytree': 0.9000000000000001, 'gamma': 1.8}. Best is trial 335 with value: 0.4099789071960225.
[I 2023-10-20 22:40:50,244] Trial 343 finished with value: 0.4057385052376163 and parameters: {'w0': 0.366, 'w1': 0.8280000000000001, 'w2': 0.34900000000000003, 'w3': 0.47200000000000003, 'w4': 0.068, 'w5': 0.645, 'w6': 0.87, 'w7': 0.47500000000000003, 'w8': 0.904, 'max_depth': 9, 'min_child_weight': 6, 'subsample': 0.5, 'colsample_bytree': 0.9000000000000001, 'gamma': 1.8}. Best is trial 335 with value: 0.4099789071960225.
[I 2023-10-20 22:42:11,817] Trial 342 finished with value: 0.4046162411960802 and parameters: {'w0': 0.356, 'w1': 0.8310000000000001, 'w2': 0.357, 'w3': 0.488, 'w4': 0.064, 'w5': 0.646, 'w6': 0.864, 'w7': 0.46, 'w8': 0.967, 'max_depth': 9, 'min_child_weight': 6, 'subsample': 0.4, 'colsample_bytree': 0.9000000000000001, 'gamma': 1.8}. Best is trial 335 with value: 0.4099789071960225.
[I 2023-10-20 22:44:32,721] Trial 344 finished with value: 0.4064884339980549 and parameters: {'w0': 0.364, 'w1': 0.8290000000000001, 'w2': 0.5720000000000001, 'w3': 0.481, 'w4': 0.057, 'w5': 0.634, 'w6': 0.86, 'w7': 0.449, 'w8': 0.898, 'max_depth': 9, 'min_child_weight': 6, 'subsample': 0.4, 'colsample_bytree': 0.9000000000000001, 'gamma': 1.8}. Best is trial 335 with value: 0.4099789071960225.
[I 2023-10-20 22:45:59,582] Trial 345 finished with value: 0.40342678657997766 and parameters: {'w0': 0.367, 'w1': 0.762, 'w2': 0.35100000000000003, 'w3': 0.47200000000000003, 'w4': 0.060000000000000005, 'w5': 0.616, 'w6': 0.857, 'w7': 0.47400000000000003, 'w8': 0.91, 'max_depth': 9, 'min_child_weight': 6, 'subsample': 0.4, 'colsample_bytree': 0.9000000000000001, 'gamma': 1.8}. Best is trial 335 with value: 0.4099789071960225.
[I 2023-10-20 22:47:01,377] Trial 346 finished with value: 0.4060801136792299 and parameters: {'w0': 0.375, 'w1': 0.8270000000000001, 'w2': 0.584, 'w3': 0.439, 'w4': 0.057, 'w5': 0.605, 'w6': 0.858, 'w7': 0.47600000000000003, 'w8': 0.91, 'max_depth': 9, 'min_child_weight': 6, 'subsample': 0.4, 'colsample_bytree': 0.9000000000000001, 'gamma': 1.8}. Best is trial 335 with value: 0.4099789071960225.
[I 2023-10-20 22:49:08,104] Trial 347 finished with value: 0.40262490018606373 and parameters: {'w0': 0.37, 'w1': 0.8270000000000001, 'w2': 0.311, 'w3': 0.47300000000000003, 'w4': 0.060000000000000005, 'w5': 0.616, 'w6': 0.857, 'w7': 0.442, 'w8': 0.91, 'max_depth': 9, 'min_child_weight': 6, 'subsample': 0.4, 'colsample_bytree': 0.9000000000000001, 'gamma': 1.6}. Best is trial 335 with value: 0.4099789071960225.
[I 2023-10-20 22:49:26,619] Trial 351 finished with value: 0.3903403164351956 and parameters: {'w0': 0.363, 'w1': 0.8270000000000001, 'w2': 0.324, 'w3': 0.446, 'w4': 0.058, 'w5': 0.638, 'w6': 0.857, 'w7': 0.443, 'w8': 0.294, 'max_depth': 9, 'min_child_weight': 6, 'subsample': 0.4, 'colsample_bytree': 0.9000000000000001, 'gamma': 1.6}. Best is trial 335 with value: 0.4099789071960225.
[I 2023-10-20 22:50:01,803] Trial 349 finished with value: 0.40549382444596505 and parameters: {'w0': 0.372, 'w1': 0.763, 'w2': 0.369, 'w3': 0.456, 'w4': 0.058, 'w5': 0.641, 'w6': 0.915, 'w7': 0.482, 'w8': 0.91, 'max_depth': 9, 'min_child_weight': 6, 'subsample': 0.4, 'colsample_bytree': 0.9000000000000001, 'gamma': 1.6}. Best is trial 335 with value: 0.4099789071960225.
[I 2023-10-20 22:50:12,012] Trial 352 finished with value: 0.4038303860513732 and parameters: {'w0': 0.367, 'w1': 0.8330000000000001, 'w2': 0.307, 'w3': 0.442, 'w4': 0.062, 'w5': 0.616, 'w6': 0.856, 'w7': 0.47700000000000004, 'w8': 0.902, 'max_depth': 9, 'min_child_weight': 6, 'subsample': 0.4, 'colsample_bytree': 0.9000000000000001, 'gamma': 1.6}. Best is trial 335 with value: 0.4099789071960225.
[I 2023-10-20 22:50:19,354] Trial 348 finished with value: 0.40571521109243847 and parameters: {'w0': 0.373, 'w1': 0.763, 'w2': 0.5700000000000001, 'w3': 0.498, 'w4': 0.060000000000000005, 'w5': 0.643, 'w6': 0.86, 'w7': 0.46900000000000003, 'w8': 0.914, 'max_depth': 9, 'min_child_weight': 6, 'subsample': 0.4, 'colsample_bytree': 0.9000000000000001, 'gamma': 1.6}. Best is trial 335 with value: 0.4099789071960225.
[I 2023-10-20 22:50:39,569] Trial 350 finished with value: 0.4046832473868953 and parameters: {'w0': 0.368, 'w1': 0.8290000000000001, 'w2': 0.5690000000000001, 'w3': 0.46, 'w4': 0.059000000000000004, 'w5': 0.644, 'w6': 0.851, 'w7': 0.448, 'w8': 0.969, 'max_depth': 9, 'min_child_weight': 6, 'subsample': 0.4, 'colsample_bytree': 0.9000000000000001, 'gamma': 1.6}. Best is trial 335 with value: 0.4099789071960225.
[I 2023-10-20 22:51:49,753] Trial 354 finished with value: 0.40279654935453646 and parameters: {'w0': 0.32, 'w1': 0.8280000000000001, 'w2': 0.297, 'w3': 0.449, 'w4': 0.996, 'w5': 0.63, 'w6': 0.852, 'w7': 0.453, 'w8': 0.901, 'max_depth': 9, 'min_child_weight': 6, 'subsample': 0.4, 'colsample_bytree': 0.9000000000000001, 'gamma': 1.6}. Best is trial 335 with value: 0.4099789071960225.
[I 2023-10-20 22:51:52,971] Trial 353 finished with value: 0.40307831238767367 and parameters: {'w0': 0.316, 'w1': 0.8290000000000001, 'w2': 0.3, 'w3': 0.443, 'w4': 0.868, 'w5': 0.652, 'w6': 0.857, 'w7': 0.457, 'w8': 0.913, 'max_depth': 9, 'min_child_weight': 6, 'subsample': 0.4, 'colsample_bytree': 0.9000000000000001, 'gamma': 1.6}. Best is trial 335 with value: 0.4099789071960225.
[I 2023-10-20 22:52:26,599] Trial 356 finished with value: 0.3770865876253702 and parameters: {'w0': 0.322, 'w1': 0.767, 'w2': 0.305, 'w3': 0.449, 'w4': 0.058, 'w5': 0.616, 'w6': 0.166, 'w7': 0.464, 'w8': 0.911, 'max_depth': 9, 'min_child_weight': 6, 'subsample': 0.4, 'colsample_bytree': 0.9000000000000001, 'gamma': 1.6}. Best is trial 335 with value: 0.4099789071960225.
[I 2023-10-20 22:52:45,683] Trial 355 finished with value: 0.4042475880786389 and parameters: {'w0': 0.34800000000000003, 'w1': 0.8330000000000001, 'w2': 0.324, 'w3': 0.41600000000000004, 'w4': 0.059000000000000004, 'w5': 0.631, 'w6': 0.8320000000000001, 'w7': 0.461, 'w8': 0.91, 'max_depth': 9, 'min_child_weight': 6, 'subsample': 0.4, 'colsample_bytree': 0.9000000000000001, 'gamma': 1.6}. Best is trial 335 with value: 0.4099789071960225.
[I 2023-10-20 22:54:54,766] Trial 357 finished with value: 0.4024184994833651 and parameters: {'w0': 0.334, 'w1': 0.8300000000000001, 'w2': 0.296, 'w3': 0.438, 'w4': 0.801, 'w5': 0.611, 'w6': 0.839, 'w7': 0.449, 'w8': 0.91, 'max_depth': 9, 'min_child_weight': 6, 'subsample': 0.4, 'colsample_bytree': 0.9000000000000001, 'gamma': 1.6}. Best is trial 335 with value: 0.4099789071960225.
[I 2023-10-20 22:55:23,051] Trial 364 finished with value: 0.37588733339132263 and parameters: {'w0': 0.333, 'w1': 0.8310000000000001, 'w2': 0.594, 'w3': 0.424, 'w4': 0.901, 'w5': 0.605, 'w6': 0.8260000000000001, 'w7': 0.457, 'w8': 0.889, 'max_depth': 9, 'min_child_weight': 6, 'subsample': 0.30000000000000004, 'colsample_bytree': 0.9000000000000001, 'gamma': 6.800000000000001}. Best is trial 335 with value: 0.4099789071960225.
[I 2023-10-20 22:56:15,591] Trial 358 finished with value: 0.4016883050365956 and parameters: {'w0': 0.331, 'w1': 0.8290000000000001, 'w2': 0.316, 'w3': 0.45, 'w4': 0.9560000000000001, 'w5': 0.622, 'w6': 0.836, 'w7': 0.46, 'w8': 0.88, 'max_depth': 9, 'min_child_weight': 6, 'subsample': 0.4, 'colsample_bytree': 0.9000000000000001, 'gamma': 1.6}. Best is trial 335 with value: 0.4099789071960225.
[I 2023-10-20 22:56:45,481] Trial 360 finished with value: 0.4024877077081813 and parameters: {'w0': 0.335, 'w1': 0.762, 'w2': 0.338, 'w3': 0.432, 'w4': 0.055, 'w5': 0.615, 'w6': 0.8310000000000001, 'w7': 0.448, 'w8': 0.889, 'max_depth': 9, 'min_child_weight': 6, 'subsample': 0.4, 'colsample_bytree': 0.9000000000000001, 'gamma': 2.2}. Best is trial 335 with value: 0.4099789071960225.
[I 2023-10-20 22:56:46,504] Trial 359 finished with value: 0.38425159119098445 and parameters: {'w0': 0.322, 'w1': 0.8310000000000001, 'w2': 0.5740000000000001, 'w3': 0.437, 'w4': 0.054, 'w5': 0.612, 'w6': 0.185, 'w7': 0.487, 'w8': 0.894, 'max_depth': 9, 'min_child_weight': 6, 'subsample': 0.4, 'colsample_bytree': 0.9000000000000001, 'gamma': 1.6}. Best is trial 335 with value: 0.4099789071960225.
[I 2023-10-20 22:57:53,673] Trial 371 finished with value: 0.37618938243092365 and parameters: {'w0': 0.341, 'w1': 0.752, 'w2': 0.584, 'w3': 0.455, 'w4': 0.046, 'w5': 0.612, 'w6': 0.838, 'w7': 0.431, 'w8': 0.877, 'max_depth': 9, 'min_child_weight': 6, 'subsample': 0.30000000000000004, 'colsample_bytree': 0.9000000000000001, 'gamma': 7.0}. Best is trial 335 with value: 0.4099789071960225.
[I 2023-10-20 22:58:27,409] Trial 361 finished with value: 0.39295618518384173 and parameters: {'w0': 0.31, 'w1': 0.8300000000000001, 'w2': 0.281, 'w3': 0.465, 'w4': 0.121, 'w5': 0.597, 'w6': 0.836, 'w7': 0.444, 'w8': 0.884, 'max_depth': 9, 'min_child_weight': 6, 'subsample': 0.30000000000000004, 'colsample_bytree': 0.9000000000000001, 'gamma': 2.2}. Best is trial 335 with value: 0.4099789071960225.
