[I 2023-10-19 05:20:57,415] Trial 1416 finished with value: 0.5344319017235051 and parameters: {'w0': 0.224, 'w1': 0.977, 'w2': 0.194, 'w3': 0.299, 'w4': 0.743, 'w5': 0.919, 'w6': 0.578, 'w7': 0.178, 'w8': 0.8280000000000001, 'max_depth': 9, 'min_child_weight': 18, 'subsample': 1.0, 'colsample_bytree': 0.5, 'gamma': 0.2}. Best is trial 1334 with value: 0.5442704750798081.
[I 2023-10-19 05:21:01,581] Trial 1410 finished with value: 0.5365215230967836 and parameters: {'w0': 0.267, 'w1': 0.972, 'w2': 0.185, 'w3': 0.221, 'w4': 0.745, 'w5': 0.915, 'w6': 0.47700000000000004, 'w7': 0.134, 'w8': 0.786, 'max_depth': 9, 'min_child_weight': 18, 'subsample': 1.0, 'colsample_bytree': 0.5, 'gamma': 0.0}. Best is trial 1334 with value: 0.5442704750798081.
[I 2023-10-19 05:21:06,489] Trial 1417 finished with value: 0.5334227244489359 and parameters: {'w0': 0.244, 'w1': 0.981, 'w2': 0.224, 'w3': 0.265, 'w4': 0.741, 'w5': 0.998, 'w6': 0.47700000000000004, 'w7': 0.152, 'w8': 0.843, 'max_depth': 9, 'min_child_weight': 18, 'subsample': 1.0, 'colsample_bytree': 0.5, 'gamma': 0.2}. Best is trial 1334 with value: 0.5442704750798081.
[I 2023-10-19 05:21:21,574] Trial 1409 finished with value: 0.5331447030821076 and parameters: {'w0': 0.221, 'w1': 0.98, 'w2': 0.189, 'w3': 0.218, 'w4': 0.747, 'w5': 0.998, 'w6': 0.47100000000000003, 'w7': 0.149, 'w8': 0.8, 'max_depth': 9, 'min_child_weight': 18, 'subsample': 1.0, 'colsample_bytree': 0.5, 'gamma': 0.0}. Best is trial 1334 with value: 0.5442704750798081.
[I 2023-10-19 05:22:55,095] Trial 1418 finished with value: 0.5339576438171233 and parameters: {'w0': 0.20600000000000002, 'w1': 0.977, 'w2': 0.231, 'w3': 0.314, 'w4': 0.79, 'w5': 0.92, 'w6': 0.5770000000000001, 'w7': 0.17300000000000001, 'w8': 0.847, 'max_depth': 9, 'min_child_weight': 18, 'subsample': 1.0, 'colsample_bytree': 0.5, 'gamma': 0.2}. Best is trial 1334 with value: 0.5442704750798081.
[I 2023-10-19 05:25:30,803] Trial 1420 finished with value: 0.5312055053167827 and parameters: {'w0': 0.213, 'w1': 0.9590000000000001, 'w2': 0.148, 'w3': 0.309, 'w4': 0.8150000000000001, 'w5': 1.0, 'w6': 0.481, 'w7': 0.17300000000000001, 'w8': 0.8330000000000001, 'max_depth': 9, 'min_child_weight': 18, 'subsample': 1.0, 'colsample_bytree': 0.5, 'gamma': 0.6000000000000001}. Best is trial 1334 with value: 0.5442704750798081.
[I 2023-10-19 05:25:55,442] Trial 1419 finished with value: 0.48314753838416913 and parameters: {'w0': 0.14200000000000002, 'w1': 0.961, 'w2': 0.151, 'w3': 0.267, 'w4': 0.743, 'w5': 0.965, 'w6': 0.579, 'w7': 0.551, 'w8': 0.845, 'max_depth': 9, 'min_child_weight': 18, 'subsample': 1.0, 'colsample_bytree': 0.5, 'gamma': 0.2}. Best is trial 1334 with value: 0.5442704750798081.
[I 2023-10-19 05:26:14,781] Trial 1421 finished with value: 0.5305498110940362 and parameters: {'w0': 0.254, 'w1': 0.9560000000000001, 'w2': 0.148, 'w3': 0.325, 'w4': 0.8130000000000001, 'w5': 0.918, 'w6': 0.5680000000000001, 'w7': 0.17400000000000002, 'w8': 0.84, 'max_depth': 9, 'min_child_weight': 18, 'subsample': 1.0, 'colsample_bytree': 0.5, 'gamma': 0.6000000000000001}. Best is trial 1334 with value: 0.5442704750798081.
[I 2023-10-19 05:26:15,311] Trial 1427 finished with value: 0.46443405402335525 and parameters: {'w0': 0.14100000000000001, 'w1': 0.9560000000000001, 'w2': 0.146, 'w3': 0.266, 'w4': 0.786, 'w5': 0.965, 'w6': 0.511, 'w7': 0.17500000000000002, 'w8': 0.843, 'max_depth': 9, 'min_child_weight': 18, 'subsample': 1.0, 'colsample_bytree': 0.5, 'gamma': 8.0}. Best is trial 1334 with value: 0.5442704750798081.
[I 2023-10-19 05:26:31,193] Trial 1422 finished with value: 0.5366702252371541 and parameters: {'w0': 0.229, 'w1': 0.9590000000000001, 'w2': 0.189, 'w3': 0.305, 'w4': 0.812, 'w5': 0.918, 'w6': 0.583, 'w7': 0.184, 'w8': 0.842, 'max_depth': 9, 'min_child_weight': 18, 'subsample': 1.0, 'colsample_bytree': 0.5, 'gamma': 0.6000000000000001}. Best is trial 1334 with value: 0.5442704750798081.
[I 2023-10-19 05:27:58,720] Trial 1423 finished with value: 0.52975883109714 and parameters: {'w0': 0.20800000000000002, 'w1': 0.9590000000000001, 'w2': 0.14400000000000002, 'w3': 0.319, 'w4': 0.8140000000000001, 'w5': 0.918, 'w6': 0.5750000000000001, 'w7': 0.171, 'w8': 0.835, 'max_depth': 9, 'min_child_weight': 18, 'subsample': 1.0, 'colsample_bytree': 0.5, 'gamma': 0.6000000000000001}. Best is trial 1334 with value: 0.5442704750798081.
[I 2023-10-19 05:28:22,154] Trial 1424 finished with value: 0.5164931489813691 and parameters: {'w0': 0.198, 'w1': 0.9580000000000001, 'w2': 0.153, 'w3': 0.313, 'w4': 0.784, 'w5': 0.915, 'w6': 0.514, 'w7': 0.218, 'w8': 0.849, 'max_depth': 9, 'min_child_weight': 18, 'subsample': 1.0, 'colsample_bytree': 0.5, 'gamma': 0.6000000000000001}. Best is trial 1334 with value: 0.5442704750798081.
[I 2023-10-19 05:28:37,221] Trial 1426 finished with value: 0.5257159271198834 and parameters: {'w0': 0.263, 'w1': 0.964, 'w2': 0.151, 'w3': 0.268, 'w4': 0.525, 'w5': 0.919, 'w6': 0.5710000000000001, 'w7': 0.17600000000000002, 'w8': 0.843, 'max_depth': 9, 'min_child_weight': 18, 'subsample': 1.0, 'colsample_bytree': 0.5, 'gamma': 0.6000000000000001}. Best is trial 1334 with value: 0.5442704750798081.
[I 2023-10-19 05:29:14,523] Trial 1428 finished with value: 0.5301192987164779 and parameters: {'w0': 0.203, 'w1': 0.9470000000000001, 'w2': 0.14400000000000002, 'w3': 0.266, 'w4': 0.787, 'w5': 0.971, 'w6': 0.515, 'w7': 0.162, 'w8': 0.844, 'max_depth': 9, 'min_child_weight': 18, 'subsample': 1.0, 'colsample_bytree': 0.5, 'gamma': 0.6000000000000001}. Best is trial 1334 with value: 0.5442704750798081.
[I 2023-10-19 05:29:23,428] Trial 1429 finished with value: 0.526554759802891 and parameters: {'w0': 0.20800000000000002, 'w1': 0.9550000000000001, 'w2': 0.146, 'w3': 0.26, 'w4': 0.788, 'w5': 0.965, 'w6': 0.512, 'w7': 0.17500000000000002, 'w8': 0.841, 'max_depth': 9, 'min_child_weight': 18, 'subsample': 1.0, 'colsample_bytree': 0.5, 'gamma': 0.6000000000000001}. Best is trial 1334 with value: 0.5442704750798081.
[I 2023-10-19 05:29:34,731] Trial 1425 finished with value: 0.4537937707920416 and parameters: {'w0': 0.20600000000000002, 'w1': 0.9550000000000001, 'w2': 0.14100000000000001, 'w3': 0.308, 'w4': 0.78, 'w5': 0.971, 'w6': 0.5760000000000001, 'w7': 0.918, 'w8': 0.8330000000000001, 'max_depth': 9, 'min_child_weight': 18, 'subsample': 1.0, 'colsample_bytree': 0.5, 'gamma': 0.6000000000000001}. Best is trial 1334 with value: 0.5442704750798081.
[I 2023-10-19 05:29:38,484] Trial 1432 finished with value: 0.5267857838605463 and parameters: {'w0': 0.136, 'w1': 0.9560000000000001, 'w2': 0.147, 'w3': 0.257, 'w4': 0.786, 'w5': 0.97, 'w6': 0.512, 'w7': 0.1, 'w8': 0.847, 'max_depth': 9, 'min_child_weight': 18, 'subsample': 1.0, 'colsample_bytree': 0.5, 'gamma': 0.6000000000000001}. Best is trial 1334 with value: 0.5442704750798081.
[I 2023-10-19 05:29:44,048] Trial 1431 finished with value: 0.5272608666549282 and parameters: {'w0': 0.194, 'w1': 0.9550000000000001, 'w2': 0.146, 'w3': 0.269, 'w4': 0.8150000000000001, 'w5': 0.963, 'w6': 0.511, 'w7': 0.10200000000000001, 'w8': 0.838, 'max_depth': 9, 'min_child_weight': 18, 'subsample': 1.0, 'colsample_bytree': 0.5, 'gamma': 0.6000000000000001}. Best is trial 1334 with value: 0.5442704750798081.
[I 2023-10-19 05:30:43,606] Trial 1433 finished with value: 0.4897085564714905 and parameters: {'w0': 0.885, 'w1': 0.9540000000000001, 'w2': 0.14500000000000002, 'w3': 0.26, 'w4': 0.52, 'w5': 0.92, 'w6': 0.528, 'w7': 0.1, 'w8': 0.843, 'max_depth': 9, 'min_child_weight': 18, 'subsample': 1.0, 'colsample_bytree': 0.5, 'gamma': 0.6000000000000001}. Best is trial 1334 with value: 0.5442704750798081.
[I 2023-10-19 05:31:55,567] Trial 1430 finished with value: 0.4584650423678215 and parameters: {'w0': 0.915, 'w1': 0.9550000000000001, 'w2': 0.148, 'w3': 0.265, 'w4': 0.786, 'w5': 0.968, 'w6': 0.515, 'w7': 0.84, 'w8': 0.847, 'max_depth': 9, 'min_child_weight': 18, 'subsample': 1.0, 'colsample_bytree': 0.5, 'gamma': 0.6000000000000001}. Best is trial 1334 with value: 0.5442704750798081.
[I 2023-10-19 05:32:49,183] Trial 1434 finished with value: 0.5327477027327833 and parameters: {'w0': 0.14100000000000001, 'w1': 0.9510000000000001, 'w2': 0.14200000000000002, 'w3': 0.271, 'w4': 0.789, 'w5': 0.963, 'w6': 0.518, 'w7': 0.101, 'w8': 0.8330000000000001, 'max_depth': 9, 'min_child_weight': 18, 'subsample': 1.0, 'colsample_bytree': 0.5, 'gamma': 0.4}. Best is trial 1334 with value: 0.5442704750798081.
[I 2023-10-19 05:33:58,831] Trial 1435 finished with value: 0.5281914082127375 and parameters: {'w0': 0.14100000000000001, 'w1': 0.9560000000000001, 'w2': 0.14500000000000002, 'w3': 0.265, 'w4': 0.784, 'w5': 0.963, 'w6': 0.511, 'w7': 0.097, 'w8': 0.853, 'max_depth': 9, 'min_child_weight': 18, 'subsample': 1.0, 'colsample_bytree': 0.5, 'gamma': 0.6000000000000001}. Best is trial 1334 with value: 0.5442704750798081.
[I 2023-10-19 05:34:51,426] Trial 1436 finished with value: 0.5269103492856766 and parameters: {'w0': 0.2, 'w1': 0.9540000000000001, 'w2': 0.14500000000000002, 'w3': 0.263, 'w4': 0.781, 'w5': 0.969, 'w6': 0.527, 'w7': 0.10200000000000001, 'w8': 0.8160000000000001, 'max_depth': 9, 'min_child_weight': 18, 'subsample': 1.0, 'colsample_bytree': 0.5, 'gamma': 0.6000000000000001}. Best is trial 1334 with value: 0.5442704750798081.
[I 2023-10-19 05:36:26,728] Trial 1438 finished with value: 0.5319503773128114 and parameters: {'w0': 0.197, 'w1': 0.925, 'w2': 0.149, 'w3': 0.272, 'w4': 0.785, 'w5': 0.961, 'w6': 0.523, 'w7': 0.10200000000000001, 'w8': 0.8130000000000001, 'max_depth': 9, 'min_child_weight': 18, 'subsample': 1.0, 'colsample_bytree': 0.5, 'gamma': 0.4}. Best is trial 1334 with value: 0.5442704750798081.
[I 2023-10-19 05:36:33,838] Trial 1439 finished with value: 0.5321465665438782 and parameters: {'w0': 0.194, 'w1': 0.922, 'w2': 0.14400000000000002, 'w3': 0.264, 'w4': 0.785, 'w5': 0.9570000000000001, 'w6': 0.529, 'w7': 0.1, 'w8': 0.812, 'max_depth': 9, 'min_child_weight': 18, 'subsample': 1.0, 'colsample_bytree': 0.5, 'gamma': 0.4}. Best is trial 1334 with value: 0.5442704750798081.
[I 2023-10-19 05:37:30,079] Trial 1437 finished with value: 0.5081074543294415 and parameters: {'w0': 0.799, 'w1': 0.924, 'w2': 0.14200000000000002, 'w3': 0.263, 'w4': 0.787, 'w5': 0.962, 'w6': 0.514, 'w7': 0.10400000000000001, 'w8': 0.854, 'max_depth': 9, 'min_child_weight': 18, 'subsample': 1.0, 'colsample_bytree': 0.5, 'gamma': 0.4}. Best is trial 1334 with value: 0.5442704750798081.
[I 2023-10-19 05:38:19,356] Trial 1441 finished with value: 0.5334101053107285 and parameters: {'w0': 0.139, 'w1': 0.921, 'w2': 0.14200000000000002, 'w3': 0.258, 'w4': 0.783, 'w5': 0.9600000000000001, 'w6': 0.527, 'w7': 0.10200000000000001, 'w8': 0.8240000000000001, 'max_depth': 9, 'min_child_weight': 18, 'subsample': 1.0, 'colsample_bytree': 0.5, 'gamma': 0.4}. Best is trial 1334 with value: 0.5442704750798081.
[I 2023-10-19 05:38:38,587] Trial 1442 finished with value: 0.5317033499994934 and parameters: {'w0': 0.14400000000000002, 'w1': 0.9470000000000001, 'w2': 0.14100000000000001, 'w3': 0.259, 'w4': 0.78, 'w5': 0.966, 'w6': 0.534, 'w7': 0.1, 'w8': 0.8170000000000001, 'max_depth': 9, 'min_child_weight': 18, 'subsample': 1.0, 'colsample_bytree': 0.5, 'gamma': 0.4}. Best is trial 1334 with value: 0.5442704750798081.
[I 2023-10-19 05:38:43,789] Trial 1440 finished with value: 0.5115026954016763 and parameters: {'w0': 0.193, 'w1': 0.93, 'w2': 0.47200000000000003, 'w3': 0.262, 'w4': 0.787, 'w5': 0.969, 'w6': 0.533, 'w7': 0.101, 'w8': 0.812, 'max_depth': 9, 'min_child_weight': 18, 'subsample': 1.0, 'colsample_bytree': 0.5, 'gamma': 0.4}. Best is trial 1334 with value: 0.5442704750798081.
[I 2023-10-19 05:39:04,175] Trial 1443 finished with value: 0.5215182605500861 and parameters: {'w0': 0.135, 'w1': 0.931, 'w2': 0.212, 'w3': 0.258, 'w4': 0.784, 'w5': 0.961, 'w6': 0.528, 'w7': 0.101, 'w8': 0.8180000000000001, 'max_depth': 8, 'min_child_weight': 18, 'subsample': 1.0, 'colsample_bytree': 0.5, 'gamma': 0.4}. Best is trial 1334 with value: 0.5442704750798081.
[I 2023-10-19 05:39:45,222] Trial 1447 finished with value: 0.5260530151311507 and parameters: {'w0': 0.157, 'w1': 0.924, 'w2': 0.164, 'w3': 0.255, 'w4': 0.782, 'w5': 0.9580000000000001, 'w6': 0.531, 'w7': 0.1, 'w8': 0.811, 'max_depth': 8, 'min_child_weight': 18, 'subsample': 1.0, 'colsample_bytree': 0.5, 'gamma': 0.4}. Best is trial 1334 with value: 0.5442704750798081.
[I 2023-10-19 05:39:56,431] Trial 1445 finished with value: 0.5185787087943114 and parameters: {'w0': 0.139, 'w1': 0.92, 'w2': 0.211, 'w3': 0.262, 'w4': 0.784, 'w5': 0.9550000000000001, 'w6': 0.531, 'w7': 0.1, 'w8': 0.8220000000000001, 'max_depth': 9, 'min_child_weight': 18, 'subsample': 1.0, 'colsample_bytree': 0.5, 'gamma': 0.4}. Best is trial 1334 with value: 0.5442704750798081.
[I 2023-10-19 05:40:13,989] Trial 1444 finished with value: 0.5008793282383093 and parameters: {'w0': 0.131, 'w1': 0.927, 'w2': 0.67, 'w3': 0.262, 'w4': 0.778, 'w5': 0.9590000000000001, 'w6': 0.525, 'w7': 0.1, 'w8': 0.8220000000000001, 'max_depth': 9, 'min_child_weight': 18, 'subsample': 1.0, 'colsample_bytree': 0.5, 'gamma': 0.4}. Best is trial 1334 with value: 0.5442704750798081.
[I 2023-10-19 05:40:25,587] Trial 1446 finished with value: 0.5107089932243725 and parameters: {'w0': 0.156, 'w1': 0.922, 'w2': 0.212, 'w3': 0.259, 'w4': 0.783, 'w5': 0.9520000000000001, 'w6': 0.527, 'w7': 0.098, 'w8': 0.8270000000000001, 'max_depth': 9, 'min_child_weight': 0, 'subsample': 1.0, 'colsample_bytree': 0.5, 'gamma': 0.4}. Best is trial 1334 with value: 0.5442704750798081.
[I 2023-10-19 05:41:36,020] Trial 1448 finished with value: 0.5102788247888286 and parameters: {'w0': 0.158, 'w1': 0.921, 'w2': 0.607, 'w3': 0.234, 'w4': 0.783, 'w5': 0.9520000000000001, 'w6': 0.637, 'w7': 0.10300000000000001, 'w8': 0.812, 'max_depth': 9, 'min_child_weight': 18, 'subsample': 1.0, 'colsample_bytree': 0.5, 'gamma': 0.4}. Best is trial 1334 with value: 0.5442704750798081.
[I 2023-10-19 05:42:00,693] Trial 1449 finished with value: 0.5270948391054324 and parameters: {'w0': 0.16, 'w1': 0.925, 'w2': 0.167, 'w3': 0.243, 'w4': 0.78, 'w5': 0.9550000000000001, 'w6': 0.531, 'w7': 0.098, 'w8': 0.802, 'max_depth': 9, 'min_child_weight': 18, 'subsample': 1.0, 'colsample_bytree': 0.5, 'gamma': 0.4}. Best is trial 1334 with value: 0.5442704750798081.
[I 2023-10-19 05:42:29,009] Trial 1450 finished with value: 0.5218637373361122 and parameters: {'w0': 0.158, 'w1': 0.922, 'w2': 0.217, 'w3': 0.241, 'w4': 0.766, 'w5': 0.9550000000000001, 'w6': 0.533, 'w7': 0.10200000000000001, 'w8': 0.81, 'max_depth': 8, 'min_child_weight': 18, 'subsample': 1.0, 'colsample_bytree': 0.5, 'gamma': 0.4}. Best is trial 1334 with value: 0.5442704750798081.
[I 2023-10-19 05:43:16,441] Trial 1455 finished with value: 0.4104176107023433 and parameters: {'w0': 0.158, 'w1': 0.918, 'w2': 0.583, 'w3': 0.23500000000000001, 'w4': 0.761, 'w5': 0.901, 'w6': 0.001, 'w7': 0.077, 'w8': 0.802, 'max_depth': 9, 'min_child_weight': 18, 'subsample': 1.0, 'colsample_bytree': 0.5, 'gamma': 6.4}. Best is trial 1334 with value: 0.5442704750798081.
[I 2023-10-19 05:43:39,194] Trial 1451 finished with value: 0.5283012412370918 and parameters: {'w0': 0.159, 'w1': 0.929, 'w2': 0.164, 'w3': 0.241, 'w4': 0.764, 'w5': 0.9480000000000001, 'w6': 0.648, 'w7': 0.106, 'w8': 0.8230000000000001, 'max_depth': 8, 'min_child_weight': 18, 'subsample': 1.0, 'colsample_bytree': 0.5, 'gamma': 0.4}. Best is trial 1334 with value: 0.5442704750798081.
[I 2023-10-19 05:44:19,064] Trial 1457 finished with value: 0.4729390244117494 and parameters: {'w0': 0.16, 'w1': 0.919, 'w2': 0.211, 'w3': 0.23700000000000002, 'w4': 0.76, 'w5': 0.9460000000000001, 'w6': 0.637, 'w7': 0.076, 'w8': 0.8150000000000001, 'max_depth': 8, 'min_child_weight': 18, 'subsample': 1.0, 'colsample_bytree': 0.5, 'gamma': 6.4}. Best is trial 1334 with value: 0.5442704750798081.
[I 2023-10-19 05:44:30,723] Trial 1452 finished with value: 0.5206133759317586 and parameters: {'w0': 0.157, 'w1': 1.0, 'w2': 0.216, 'w3': 0.23900000000000002, 'w4': 0.763, 'w5': 0.9530000000000001, 'w6': 0.638, 'w7': 0.10500000000000001, 'w8': 0.8140000000000001, 'max_depth': 8, 'min_child_weight': 18, 'subsample': 1.0, 'colsample_bytree': 0.5, 'gamma': 0.4}. Best is trial 1334 with value: 0.5442704750798081.
[I 2023-10-19 05:46:19,334] Trial 1459 finished with value: 0.5107013714903312 and parameters: {'w0': 0.16, 'w1': 0.92, 'w2': 0.17200000000000001, 'w3': 0.234, 'w4': 0.762, 'w5': 0.906, 'w6': 0.495, 'w7': 0.075, 'w8': 0.862, 'max_depth': 8, 'min_child_weight': 18, 'subsample': 1.0, 'colsample_bytree': 0.6000000000000001, 'gamma': 1.0}. Best is trial 1334 with value: 0.5442704750798081.
[I 2023-10-19 05:46:23,735] Trial 1453 finished with value: 0.5203024393067677 and parameters: {'w0': 0.163, 'w1': 0.923, 'w2': 0.162, 'w3': 0.23900000000000002, 'w4': 0.762, 'w5': 0.9500000000000001, 'w6': 0.636, 'w7': 0.075, 'w8': 0.862, 'max_depth': 9, 'min_child_weight': 18, 'subsample': 1.0, 'colsample_bytree': 0.5, 'gamma': 0.4}. Best is trial 1334 with value: 0.5442704750798081.
[I 2023-10-19 05:49:55,507] Trial 1454 finished with value: 0.5131905927511277 and parameters: {'w0': 0.293, 'w1': 1.0, 'w2': 0.211, 'w3': 0.23800000000000002, 'w4': 0.8130000000000001, 'w5': 0.9550000000000001, 'w6': 0.631, 'w7': 0.077, 'w8': 0.81, 'max_depth': 9, 'min_child_weight': 18, 'subsample': 1.0, 'colsample_bytree': 0.5, 'gamma': 0.2}. Best is trial 1334 with value: 0.5442704750798081.
[I 2023-10-19 05:51:02,933] Trial 1456 finished with value: 0.5234155782417607 and parameters: {'w0': 0.155, 'w1': 0.918, 'w2': 0.217, 'w3': 0.23800000000000002, 'w4': 0.761, 'w5': 0.903, 'w6': 0.537, 'w7': 0.082, 'w8': 0.805, 'max_depth': 9, 'min_child_weight': 18, 'subsample': 1.0, 'colsample_bytree': 0.5, 'gamma': 0.2}. Best is trial 1334 with value: 0.5442704750798081.
[I 2023-10-19 05:51:20,256] Trial 1458 finished with value: 0.5142231573302155 and parameters: {'w0': 0.16, 'w1': 0.918, 'w2': 0.17200000000000001, 'w3': 0.232, 'w4': 0.436, 'w5': 0.903, 'w6': 0.644, 'w7': 0.07100000000000001, 'w8': 0.805, 'max_depth': 8, 'min_child_weight': 18, 'subsample': 1.0, 'colsample_bytree': 0.6000000000000001, 'gamma': 0.2}. Best is trial 1334 with value: 0.5442704750798081.
[I 2023-10-19 05:52:48,002] Trial 1460 finished with value: 0.514676036930247 and parameters: {'w0': 0.159, 'w1': 0.921, 'w2': 0.162, 'w3': 0.229, 'w4': 0.8150000000000001, 'w5': 0.9480000000000001, 'w6': 0.492, 'w7': 0.077, 'w8': 0.859, 'max_depth': 9, 'min_child_weight': 0, 'subsample': 1.0, 'colsample_bytree': 0.6000000000000001, 'gamma': 0.2}. Best is trial 1334 with value: 0.5442704750798081.
[I 2023-10-19 05:52:57,383] Trial 1461 finished with value: 0.5239804218623372 and parameters: {'w0': 0.162, 'w1': 0.919, 'w2': 0.169, 'w3': 0.228, 'w4': 0.763, 'w5': 0.904, 'w6': 0.487, 'w7': 0.076, 'w8': 0.859, 'max_depth': 9, 'min_child_weight': 18, 'subsample': 1.0, 'colsample_bytree': 1.0, 'gamma': 0.2}. Best is trial 1334 with value: 0.5442704750798081.
[I 2023-10-19 05:53:13,976] Trial 1463 finished with value: 0.5220661552118375 and parameters: {'w0': 0.158, 'w1': 0.998, 'w2': 0.17200000000000001, 'w3': 0.23800000000000002, 'w4': 0.8150000000000001, 'w5': 0.901, 'w6': 0.494, 'w7': 0.075, 'w8': 0.78, 'max_depth': 9, 'min_child_weight': 18, 'subsample': 1.0, 'colsample_bytree': 0.6000000000000001, 'gamma': 0.2}. Best is trial 1334 with value: 0.5442704750798081.
[I 2023-10-19 05:53:15,591] Trial 1462 finished with value: 0.5245931455489343 and parameters: {'w0': 0.16, 'w1': 0.92, 'w2': 0.168, 'w3': 0.23700000000000002, 'w4': 0.8150000000000001, 'w5': 0.913, 'w6': 0.645, 'w7': 0.074, 'w8': 0.807, 'max_depth': 9, 'min_child_weight': 18, 'subsample': 1.0, 'colsample_bytree': 1.0, 'gamma': 0.2}. Best is trial 1334 with value: 0.5442704750798081.
[I 2023-10-19 05:53:44,171] Trial 1465 finished with value: 0.46616140536441425 and parameters: {'w0': 0.121, 'w1': 0.912, 'w2': 0.17300000000000001, 'w3': 0.232, 'w4': 0.812, 'w5': 0.933, 'w6': 0.007, 'w7': 0.07300000000000001, 'w8': 0.778, 'max_depth': 9, 'min_child_weight': 18, 'subsample': 1.0, 'colsample_bytree': 0.6000000000000001, 'gamma': 0.2}. Best is trial 1334 with value: 0.5442704750798081.
[I 2023-10-19 05:54:25,923] Trial 1464 finished with value: 0.5235049770654178 and parameters: {'w0': 0.125, 'w1': 1.0, 'w2': 0.17400000000000002, 'w3': 0.245, 'w4': 0.8180000000000001, 'w5': 0.897, 'w6': 0.495, 'w7': 0.079, 'w8': 0.805, 'max_depth': 9, 'min_child_weight': 18, 'subsample': 1.0, 'colsample_bytree': 0.6000000000000001, 'gamma': 0.2}. Best is trial 1334 with value: 0.5442704750798081.
[I 2023-10-19 05:54:41,153] Trial 1467 finished with value: 0.4664866182664443 and parameters: {'w0': 0.124, 'w1': 0.991, 'w2': 0.169, 'w3': 0.23500000000000001, 'w4': 0.81, 'w5': 0.905, 'w6': 0.492, 'w7': 0.07100000000000001, 'w8': 0.863, 'max_depth': 9, 'min_child_weight': 18, 'subsample': 0.2, 'colsample_bytree': 0.6000000000000001, 'gamma': 0.2}. Best is trial 1334 with value: 0.5442704750798081.
[I 2023-10-19 05:55:15,224] Trial 1466 finished with value: 0.5217210472016184 and parameters: {'w0': 0.122, 'w1': 0.992, 'w2': 0.166, 'w3': 0.234, 'w4': 0.8150000000000001, 'w5': 0.9, 'w6': 0.482, 'w7': 0.077, 'w8': 0.865, 'max_depth': 9, 'min_child_weight': 18, 'subsample': 1.0, 'colsample_bytree': 0.6000000000000001, 'gamma': 0.2}. Best is trial 1334 with value: 0.5442704750798081.
[I 2023-10-19 05:56:12,577] Trial 1468 finished with value: 0.5217790806439199 and parameters: {'w0': 0.121, 'w1': 0.993, 'w2': 0.169, 'w3': 0.212, 'w4': 0.81, 'w5': 0.902, 'w6': 0.486, 'w7': 0.07200000000000001, 'w8': 0.778, 'max_depth': 9, 'min_child_weight': 18, 'subsample': 1.0, 'colsample_bytree': 0.6000000000000001, 'gamma': 0.2}. Best is trial 1334 with value: 0.5442704750798081.
