[I 2023-10-19 14:26:20,017] Trial 52 finished with value: 0.4639237174111782 and parameters: {'w0': 0.72, 'w1': 0.365, 'w2': 0.536, 'w3': 0.888, 'w4': 0.8280000000000001, 'w5': 0.28400000000000003, 'w6': 0.844, 'w7': 0.255, 'w8': 0.994, 'max_depth': 6, 'min_child_weight': 8, 'subsample': 0.5, 'colsample_bytree': 0.7, 'gamma': 1.4000000000000001}. Best is trial 45 with value: 0.47982710423578623.
[I 2023-10-19 14:26:43,577] Trial 53 finished with value: 0.46544453102351097 and parameters: {'w0': 0.722, 'w1': 0.369, 'w2': 0.508, 'w3': 0.9, 'w4': 0.8270000000000001, 'w5': 0.302, 'w6': 0.835, 'w7': 0.293, 'w8': 1.0, 'max_depth': 6, 'min_child_weight': 8, 'subsample': 0.5, 'colsample_bytree': 0.7, 'gamma': 1.4000000000000001}. Best is trial 45 with value: 0.47982710423578623.
[I 2023-10-19 14:31:53,942] Trial 56 finished with value: 0.45317120303855846 and parameters: {'w0': 0.525, 'w1': 0.311, 'w2': 0.907, 'w3': 0.891, 'w4': 0.865, 'w5': 0.128, 'w6': 0.852, 'w7': 0.291, 'w8': 0.724, 'max_depth': 6, 'min_child_weight': 8, 'subsample': 0.5, 'colsample_bytree': 0.7, 'gamma': 1.2000000000000002}. Best is trial 45 with value: 0.47982710423578623.
[I 2023-10-19 14:34:17,264] Trial 57 finished with value: 0.45695905590532415 and parameters: {'w0': 0.55, 'w1': 0.38, 'w2': 0.878, 'w3': 0.901, 'w4': 0.867, 'w5': 0.138, 'w6': 0.796, 'w7': 0.273, 'w8': 0.6990000000000001, 'max_depth': 6, 'min_child_weight': 8, 'subsample': 0.5, 'colsample_bytree': 0.7, 'gamma': 1.4000000000000001}. Best is trial 45 with value: 0.47982710423578623.
[I 2023-10-19 14:35:04,626] Trial 58 finished with value: 0.4561734792765404 and parameters: {'w0': 0.562, 'w1': 0.383, 'w2': 0.891, 'w3': 0.879, 'w4': 0.865, 'w5': 0.133, 'w6': 0.8170000000000001, 'w7': 0.322, 'w8': 0.714, 'max_depth': 6, 'min_child_weight': 8, 'subsample': 0.5, 'colsample_bytree': 0.7, 'gamma': 1.4000000000000001}. Best is trial 45 with value: 0.47982710423578623.
[I 2023-10-19 14:36:58,966] Trial 59 finished with value: 0.47494778729156806 and parameters: {'w0': 0.534, 'w1': 0.483, 'w2': 0.917, 'w3': 0.47000000000000003, 'w4': 0.885, 'w5': 0.496, 'w6': 0.764, 'w7': 0.528, 'w8': 0.6970000000000001, 'max_depth': 6, 'min_child_weight': 8, 'subsample': 0.6000000000000001, 'colsample_bytree': 0.9000000000000001, 'gamma': 1.4000000000000001}. Best is trial 45 with value: 0.47982710423578623.
[I 2023-10-19 14:37:05,271] Trial 60 finished with value: 0.4533175590995558 and parameters: {'w0': 0.517, 'w1': 0.511, 'w2': 0.876, 'w3': 0.455, 'w4': 0.895, 'w5': 0.499, 'w6': 0.758, 'w7': 0.108, 'w8': 0.6920000000000001, 'max_depth': 6, 'min_child_weight': 8, 'subsample': 0.4, 'colsample_bytree': 0.9000000000000001, 'gamma': 1.4000000000000001}. Best is trial 45 with value: 0.47982710423578623.
[I 2023-10-19 14:39:10,657] Trial 61 finished with value: 0.4590192140645099 and parameters: {'w0': 0.537, 'w1': 0.512, 'w2': 0.915, 'w3': 0.463, 'w4': 0.747, 'w5': 0.519, 'w6': 0.74, 'w7': 0.146, 'w8': 0.928, 'max_depth': 7, 'min_child_weight': 4, 'subsample': 0.4, 'colsample_bytree': 0.9000000000000001, 'gamma': 1.4000000000000001}. Best is trial 45 with value: 0.47982710423578623.
[I 2023-10-19 14:39:45,617] Trial 70 finished with value: 0.46997316366864283 and parameters: {'w0': 0.548, 'w1': 0.494, 'w2': 0.447, 'w3': 0.664, 'w4': 0.722, 'w5': 0.511, 'w6': 0.764, 'w7': 0.151, 'w8': 0.931, 'max_depth': 7, 'min_child_weight': 4, 'subsample': 0.4, 'colsample_bytree': 0.9000000000000001, 'gamma': 1.8}. Best is trial 45 with value: 0.47982710423578623.
[I 2023-10-19 14:39:53,421] Trial 69 finished with value: 0.4633256384488833 and parameters: {'w0': 0.552, 'w1': 0.515, 'w2': 0.442, 'w3': 0.8250000000000001, 'w4': 0.906, 'w5': 0.491, 'w6': 0.76, 'w7': 0.126, 'w8': 0.931, 'max_depth': 7, 'min_child_weight': 4, 'subsample': 0.4, 'colsample_bytree': 0.9000000000000001, 'gamma': 1.8}. Best is trial 45 with value: 0.47982710423578623.
[I 2023-10-19 14:39:59,331] Trial 62 finished with value: 0.45890682529541194 and parameters: {'w0': 0.528, 'w1': 0.49, 'w2': 0.876, 'w3': 0.456, 'w4': 0.745, 'w5': 0.48000000000000004, 'w6': 0.736, 'w7': 0.114, 'w8': 0.929, 'max_depth': 7, 'min_child_weight': 4, 'subsample': 0.4, 'colsample_bytree': 0.9000000000000001, 'gamma': 1.4000000000000001}. Best is trial 45 with value: 0.47982710423578623.
[I 2023-10-19 14:40:40,384] Trial 68 finished with value: 0.47992316037456356 and parameters: {'w0': 0.555, 'w1': 0.517, 'w2': 0.402, 'w3': 0.664, 'w4': 0.741, 'w5': 0.535, 'w6': 0.76, 'w7': 0.367, 'w8': 0.937, 'max_depth': 7, 'min_child_weight': 4, 'subsample': 0.4, 'colsample_bytree': 0.9000000000000001, 'gamma': 1.8}. Best is trial 68 with value: 0.47992316037456356.
[I 2023-10-19 14:40:48,362] Trial 63 finished with value: 0.47209669620156824 and parameters: {'w0': 0.543, 'w1': 0.512, 'w2': 0.89, 'w3': 0.908, 'w4': 0.751, 'w5': 0.489, 'w6': 0.752, 'w7': 0.522, 'w8': 0.92, 'max_depth': 7, 'min_child_weight': 4, 'subsample': 0.4, 'colsample_bytree': 0.9000000000000001, 'gamma': 1.6}. Best is trial 68 with value: 0.47992316037456356.
[I 2023-10-19 14:40:58,753] Trial 65 finished with value: 0.47695715714865256 and parameters: {'w0': 0.53, 'w1': 0.512, 'w2': 0.438, 'w3': 0.634, 'w4': 0.888, 'w5': 0.485, 'w6': 0.749, 'w7': 0.34400000000000003, 'w8': 0.904, 'max_depth': 7, 'min_child_weight': 4, 'subsample': 0.4, 'colsample_bytree': 0.9000000000000001, 'gamma': 1.6}. Best is trial 68 with value: 0.47992316037456356.
[I 2023-10-19 14:41:04,270] Trial 64 finished with value: 0.4735460573870328 and parameters: {'w0': 0.5670000000000001, 'w1': 0.485, 'w2': 0.893, 'w3': 0.661, 'w4': 0.759, 'w5': 0.497, 'w6': 0.736, 'w7': 0.34900000000000003, 'w8': 0.922, 'max_depth': 7, 'min_child_weight': 4, 'subsample': 0.4, 'colsample_bytree': 0.9000000000000001, 'gamma': 1.4000000000000001}. Best is trial 68 with value: 0.47992316037456356.
[I 2023-10-19 14:41:14,893] Trial 66 finished with value: 0.47465270571586327 and parameters: {'w0': 0.5650000000000001, 'w1': 0.48000000000000004, 'w2': 0.47000000000000003, 'w3': 0.8290000000000001, 'w4': 0.748, 'w5': 0.482, 'w6': 0.774, 'w7': 0.372, 'w8': 0.934, 'max_depth': 7, 'min_child_weight': 4, 'subsample': 0.4, 'colsample_bytree': 0.9000000000000001, 'gamma': 1.6}. Best is trial 68 with value: 0.47992316037456356.
[I 2023-10-19 14:41:48,930] Trial 67 finished with value: 0.48250604334056807 and parameters: {'w0': 0.539, 'w1': 0.528, 'w2': 0.461, 'w3': 0.654, 'w4': 0.751, 'w5': 0.507, 'w6': 0.764, 'w7': 0.364, 'w8': 0.93, 'max_depth': 7, 'min_child_weight': 4, 'subsample': 0.4, 'colsample_bytree': 0.9000000000000001, 'gamma': 1.2000000000000002}. Best is trial 67 with value: 0.48250604334056807.
[I 2023-10-19 14:42:53,941] Trial 71 finished with value: 0.4766725015576645 and parameters: {'w0': 0.53, 'w1': 0.508, 'w2': 0.441, 'w3': 0.657, 'w4': 0.745, 'w5': 0.996, 'w6': 0.771, 'w7': 0.14400000000000002, 'w8': 0.928, 'max_depth': 7, 'min_child_weight': 4, 'subsample': 0.4, 'colsample_bytree': 0.9000000000000001, 'gamma': 1.0}. Best is trial 67 with value: 0.48250604334056807.
[I 2023-10-19 14:44:25,013] Trial 72 finished with value: 0.4513282655101854 and parameters: {'w0': 0.544, 'w1': 0.527, 'w2': 0.43, 'w3': 0.669, 'w4': 0.756, 'w5': 0.502, 'w6': 0.162, 'w7': 0.14500000000000002, 'w8': 0.934, 'max_depth': 7, 'min_child_weight': 4, 'subsample': 0.4, 'colsample_bytree': 0.9000000000000001, 'gamma': 1.8}. Best is trial 67 with value: 0.48250604334056807.
[I 2023-10-19 14:47:25,662] Trial 82 finished with value: 0.4476138723524638 and parameters: {'w0': 0.47400000000000003, 'w1': 0.6930000000000001, 'w2': 0.366, 'w3': 0.9430000000000001, 'w4': 0.617, 'w5': 0.5670000000000001, 'w6': 0.678, 'w7': 0.538, 'w8': 0.545, 'max_depth': 7, 'min_child_weight': 2, 'subsample': 0.6000000000000001, 'colsample_bytree': 1.0, 'gamma': 4.800000000000001}. Best is trial 67 with value: 0.48250604334056807.
[I 2023-10-19 14:47:39,738] Trial 73 finished with value: 0.4671311660229039 and parameters: {'w0': 0.5670000000000001, 'w1': 0.462, 'w2': 0.44, 'w3': 0.6960000000000001, 'w4': 0.771, 'w5': 0.51, 'w6': 0.741, 'w7': 0.131, 'w8': 0.931, 'max_depth': 7, 'min_child_weight': 4, 'subsample': 0.4, 'colsample_bytree': 0.9000000000000001, 'gamma': 1.8}. Best is trial 67 with value: 0.48250604334056807.
[I 2023-10-19 14:48:45,187] Trial 74 finished with value: 0.46754020858300355 and parameters: {'w0': 0.649, 'w1': 0.496, 'w2': 0.431, 'w3': 0.6890000000000001, 'w4': 0.727, 'w5': 0.485, 'w6': 0.766, 'w7': 0.151, 'w8': 0.9460000000000001, 'max_depth': 7, 'min_child_weight': 4, 'subsample': 0.4, 'colsample_bytree': 0.9000000000000001, 'gamma': 1.8}. Best is trial 67 with value: 0.48250604334056807.
[I 2023-10-19 14:49:55,862] Trial 81 finished with value: 0.4713640090857172 and parameters: {'w0': 0.643, 'w1': 0.465, 'w2': 0.389, 'w3': 0.665, 'w4': 0.586, 'w5': 0.5710000000000001, 'w6': 0.604, 'w7': 0.381, 'w8': 0.365, 'max_depth': 7, 'min_child_weight': 2, 'subsample': 0.6000000000000001, 'colsample_bytree': 1.0, 'gamma': 2.4000000000000004}. Best is trial 67 with value: 0.48250604334056807.
[I 2023-10-19 14:50:33,019] Trial 80 finished with value: 0.4675111170258879 and parameters: {'w0': 0.625, 'w1': 0.708, 'w2': 0.388, 'w3': 0.556, 'w4': 0.678, 'w5': 0.555, 'w6': 0.684, 'w7': 0.513, 'w8': 0.537, 'max_depth': 7, 'min_child_weight': 10, 'subsample': 0.6000000000000001, 'colsample_bytree': 0.9000000000000001, 'gamma': 2.4000000000000004}. Best is trial 67 with value: 0.48250604334056807.
[I 2023-10-19 14:50:41,685] Trial 75 finished with value: 0.4689516731641533 and parameters: {'w0': 0.634, 'w1': 0.504, 'w2': 0.403, 'w3': 0.443, 'w4': 0.769, 'w5': 0.49, 'w6': 0.767, 'w7': 0.529, 'w8': 0.919, 'max_depth': 7, 'min_child_weight': 10, 'subsample': 0.4, 'colsample_bytree': 0.9000000000000001, 'gamma': 2.0}. Best is trial 67 with value: 0.48250604334056807.
[I 2023-10-19 14:50:50,752] Trial 79 finished with value: 0.4621476363159422 and parameters: {'w0': 0.628, 'w1': 0.461, 'w2': 0.354, 'w3': 0.652, 'w4': 0.746, 'w5': 0.5700000000000001, 'w6': 0.6900000000000001, 'w7': 0.536, 'w8': 0.907, 'max_depth': 7, 'min_child_weight': 10, 'subsample': 0.6000000000000001, 'colsample_bytree': 0.9000000000000001, 'gamma': 2.4000000000000004}. Best is trial 67 with value: 0.48250604334056807.
[I 2023-10-19 14:50:52,551] Trial 83 finished with value: 0.46703165479225783 and parameters: {'w0': 0.47500000000000003, 'w1': 0.451, 'w2': 0.376, 'w3': 0.5630000000000001, 'w4': 0.595, 'w5': 0.5720000000000001, 'w6': 0.678, 'w7': 0.522, 'w8': 0.888, 'max_depth': 7, 'min_child_weight': 2, 'subsample': 0.30000000000000004, 'colsample_bytree': 1.0, 'gamma': 3.6}. Best is trial 67 with value: 0.48250604334056807.
[I 2023-10-19 14:51:07,243] Trial 78 finished with value: 0.4815397309607916 and parameters: {'w0': 0.631, 'w1': 0.481, 'w2': 0.437, 'w3': 0.674, 'w4': 0.605, 'w5': 0.5650000000000001, 'w6': 0.6920000000000001, 'w7': 0.358, 'w8': 0.925, 'max_depth': 7, 'min_child_weight': 4, 'subsample': 0.6000000000000001, 'colsample_bytree': 0.9000000000000001, 'gamma': 2.0}. Best is trial 67 with value: 0.48250604334056807.
[I 2023-10-19 14:51:55,609] Trial 76 finished with value: 0.47691180079223205 and parameters: {'w0': 0.625, 'w1': 0.436, 'w2': 0.463, 'w3': 0.557, 'w4': 0.758, 'w5': 0.561, 'w6': 0.758, 'w7': 0.528, 'w8': 0.933, 'max_depth': 7, 'min_child_weight': 4, 'subsample': 0.4, 'colsample_bytree': 0.9000000000000001, 'gamma': 1.8}. Best is trial 67 with value: 0.48250604334056807.
[I 2023-10-19 14:52:04,976] Trial 77 finished with value: 0.45909802133305744 and parameters: {'w0': 0.48000000000000004, 'w1': 0.438, 'w2': 0.373, 'w3': 0.557, 'w4': 0.771, 'w5': 0.994, 'w6': 0.29, 'w7': 0.521, 'w8': 0.927, 'max_depth': 7, 'min_child_weight': 10, 'subsample': 0.30000000000000004, 'colsample_bytree': 0.9000000000000001, 'gamma': 2.0}. Best is trial 67 with value: 0.48250604334056807.
[I 2023-10-19 14:54:41,186] Trial 85 finished with value: 0.47872170490133614 and parameters: {'w0': 0.47700000000000004, 'w1': 0.71, 'w2': 0.368, 'w3': 0.548, 'w4': 0.659, 'w5': 0.5710000000000001, 'w6': 0.6970000000000001, 'w7': 0.397, 'w8': 0.501, 'max_depth': 8, 'min_child_weight': 2, 'subsample': 0.30000000000000004, 'colsample_bytree': 1.0, 'gamma': 2.4000000000000004}. Best is trial 67 with value: 0.48250604334056807.
[I 2023-10-19 14:54:49,312] Trial 84 finished with value: 0.4669215874295279 and parameters: {'w0': 0.643, 'w1': 0.677, 'w2': 0.369, 'w3': 0.552, 'w4': 0.613, 'w5': 0.5640000000000001, 'w6': 0.687, 'w7': 0.524, 'w8': 0.514, 'max_depth': 7, 'min_child_weight': 2, 'subsample': 0.30000000000000004, 'colsample_bytree': 1.0, 'gamma': 2.4000000000000004}. Best is trial 67 with value: 0.48250604334056807.
[I 2023-10-19 14:55:27,799] Trial 86 finished with value: 0.48198678841514375 and parameters: {'w0': 0.459, 'w1': 0.662, 'w2': 0.39, 'w3': 0.558, 'w4': 0.674, 'w5': 0.5660000000000001, 'w6': 0.687, 'w7': 0.389, 'w8': 0.885, 'max_depth': 8, 'min_child_weight': 2, 'subsample': 0.30000000000000004, 'colsample_bytree': 1.0, 'gamma': 2.4000000000000004}. Best is trial 67 with value: 0.48250604334056807.
[I 2023-10-19 14:56:55,516] Trial 87 finished with value: 0.48168843510683457 and parameters: {'w0': 0.468, 'w1': 0.6930000000000001, 'w2': 0.375, 'w3': 0.714, 'w4': 0.629, 'w5': 0.5720000000000001, 'w6': 0.668, 'w7': 0.39, 'w8': 0.882, 'max_depth': 8, 'min_child_weight': 2, 'subsample': 0.30000000000000004, 'colsample_bytree': 1.0, 'gamma': 2.4000000000000004}. Best is trial 67 with value: 0.48250604334056807.
[I 2023-10-19 14:58:02,829] Trial 88 finished with value: 0.4834271984041759 and parameters: {'w0': 0.443, 'w1': 0.55, 'w2': 0.34900000000000003, 'w3': 0.56, 'w4': 0.611, 'w5': 0.582, 'w6': 0.6980000000000001, 'w7': 0.392, 'w8': 0.885, 'max_depth': 8, 'min_child_weight': 2, 'subsample': 0.30000000000000004, 'colsample_bytree': 1.0, 'gamma': 2.4000000000000004}. Best is trial 88 with value: 0.4834271984041759.
[I 2023-10-19 14:58:06,709] Trial 91 finished with value: 0.4857309354816993 and parameters: {'w0': 0.41200000000000003, 'w1': 0.556, 'w2': 0.38, 'w3': 0.556, 'w4': 0.682, 'w5': 0.673, 'w6': 0.61, 'w7': 0.386, 'w8': 0.888, 'max_depth': 8, 'min_child_weight': 2, 'subsample': 0.30000000000000004, 'colsample_bytree': 1.0, 'gamma': 3.6}. Best is trial 91 with value: 0.4857309354816993.
[I 2023-10-19 15:00:54,131] Trial 90 finished with value: 0.47356965543769824 and parameters: {'w0': 0.64, 'w1': 0.546, 'w2': 0.39, 'w3': 0.558, 'w4': 0.6890000000000001, 'w5': 0.6880000000000001, 'w6': 0.6990000000000001, 'w7': 0.221, 'w8': 0.882, 'max_depth': 8, 'min_child_weight': 2, 'subsample': 0.30000000000000004, 'colsample_bytree': 1.0, 'gamma': 2.4000000000000004}. Best is trial 91 with value: 0.4857309354816993.
[I 2023-10-19 15:01:41,800] Trial 89 finished with value: 0.4712739667676251 and parameters: {'w0': 0.618, 'w1': 0.554, 'w2': 0.394, 'w3': 0.5630000000000001, 'w4': 0.67, 'w5': 0.561, 'w6': 0.627, 'w7': 0.392, 'w8': 0.892, 'max_depth': 8, 'min_child_weight': 2, 'subsample': 0.30000000000000004, 'colsample_bytree': 1.0, 'gamma': 2.4000000000000004}. Best is trial 91 with value: 0.4857309354816993.
[I 2023-10-19 15:03:02,008] Trial 102 finished with value: 0.46904946137852516 and parameters: {'w0': 0.419, 'w1': 0.557, 'w2': 0.301, 'w3': 0.731, 'w4': 0.555, 'w5': 0.7010000000000001, 'w6': 0.634, 'w7': 0.22, 'w8': 0.788, 'max_depth': 8, 'min_child_weight': 2, 'subsample': 0.2, 'colsample_bytree': 1.0, 'gamma': 4.2}. Best is trial 91 with value: 0.4857309354816993.
[I 2023-10-19 15:04:26,430] Trial 92 finished with value: 0.4795844854034565 and parameters: {'w0': 0.396, 'w1': 0.418, 'w2': 0.251, 'w3': 0.5630000000000001, 'w4': 0.6900000000000001, 'w5': 0.675, 'w6': 0.6960000000000001, 'w7': 0.217, 'w8': 0.882, 'max_depth': 8, 'min_child_weight': 10, 'subsample': 0.30000000000000004, 'colsample_bytree': 1.0, 'gamma': 1.0}. Best is trial 91 with value: 0.4857309354816993.
[I 2023-10-19 15:06:30,959] Trial 105 finished with value: 0.47542674316260347 and parameters: {'w0': 0.403, 'w1': 0.552, 'w2': 0.264, 'w3': 0.725, 'w4': 0.555, 'w5': 0.6960000000000001, 'w6': 0.614, 'w7': 0.218, 'w8': 0.783, 'max_depth': 8, 'min_child_weight': 0, 'subsample': 0.2, 'colsample_bytree': 1.0, 'gamma': 4.0}. Best is trial 91 with value: 0.4857309354816993.
[I 2023-10-19 15:08:10,302] Trial 103 finished with value: 0.47980716750219443 and parameters: {'w0': 0.395, 'w1': 0.742, 'w2': 0.319, 'w3': 0.728, 'w4': 0.549, 'w5': 0.6880000000000001, 'w6': 0.625, 'w7': 0.216, 'w8': 0.868, 'max_depth': 8, 'min_child_weight': 2, 'subsample': 0.2, 'colsample_bytree': 1.0, 'gamma': 2.8000000000000003}. Best is trial 91 with value: 0.4857309354816993.
[I 2023-10-19 15:08:21,712] Trial 104 finished with value: 0.4846834897269634 and parameters: {'w0': 0.387, 'w1': 0.547, 'w2': 0.273, 'w3': 0.737, 'w4': 0.537, 'w5': 0.657, 'w6': 0.607, 'w7': 0.216, 'w8': 0.868, 'max_depth': 8, 'min_child_weight': 0, 'subsample': 0.2, 'colsample_bytree': 1.0, 'gamma': 3.2}. Best is trial 91 with value: 0.4857309354816993.
[I 2023-10-19 15:08:54,699] Trial 94 finished with value: 0.4821322175621359 and parameters: {'w0': 0.399, 'w1': 0.551, 'w2': 0.339, 'w3': 0.503, 'w4': 0.989, 'w5': 0.672, 'w6': 0.708, 'w7': 0.234, 'w8': 0.879, 'max_depth': 8, 'min_child_weight': 2, 'subsample': 0.30000000000000004, 'colsample_bytree': 1.0, 'gamma': 1.0}. Best is trial 91 with value: 0.4857309354816993.
[I 2023-10-19 15:09:07,167] Trial 93 finished with value: 0.4745136598488777 and parameters: {'w0': 0.482, 'w1': 0.555, 'w2': 0.327, 'w3': 0.631, 'w4': 0.54, 'w5': 0.6920000000000001, 'w6': 0.708, 'w7': 0.394, 'w8': 0.886, 'max_depth': 8, 'min_child_weight': 2, 'subsample': 0.30000000000000004, 'colsample_bytree': 1.0, 'gamma': 1.0}. Best is trial 91 with value: 0.4857309354816993.
[I 2023-10-19 15:09:12,213] Trial 95 finished with value: 0.4861699313415775 and parameters: {'w0': 0.387, 'w1': 0.555, 'w2': 0.307, 'w3': 0.625, 'w4': 0.997, 'w5': 0.6880000000000001, 'w6': 0.583, 'w7': 0.214, 'w8': 0.878, 'max_depth': 8, 'min_child_weight': 2, 'subsample': 0.30000000000000004, 'colsample_bytree': 1.0, 'gamma': 1.0}. Best is trial 95 with value: 0.4861699313415775.
[I 2023-10-19 15:09:14,670] Trial 96 finished with value: 0.4882893533145511 and parameters: {'w0': 0.426, 'w1': 0.555, 'w2': 0.29, 'w3': 0.622, 'w4': 0.998, 'w5': 0.684, 'w6': 0.797, 'w7': 0.221, 'w8': 0.966, 'max_depth': 8, 'min_child_weight': 2, 'subsample': 0.30000000000000004, 'colsample_bytree': 1.0, 'gamma': 1.0}. Best is trial 96 with value: 0.4882893533145511.
[I 2023-10-19 15:09:48,492] Trial 97 finished with value: 0.47337224471054135 and parameters: {'w0': 0.596, 'w1': 0.552, 'w2': 0.305, 'w3': 0.734, 'w4': 0.539, 'w5': 0.6880000000000001, 'w6': 0.708, 'w7': 0.398, 'w8': 0.878, 'max_depth': 8, 'min_child_weight': 2, 'subsample': 0.30000000000000004, 'colsample_bytree': 1.0, 'gamma': 1.0}. Best is trial 96 with value: 0.4882893533145511.
[I 2023-10-19 15:10:20,087] Trial 98 finished with value: 0.48658316724853606 and parameters: {'w0': 0.41300000000000003, 'w1': 0.548, 'w2': 0.265, 'w3': 0.735, 'w4': 0.6940000000000001, 'w5': 0.705, 'w6': 0.632, 'w7': 0.218, 'w8': 0.777, 'max_depth': 8, 'min_child_weight': 2, 'subsample': 0.30000000000000004, 'colsample_bytree': 1.0, 'gamma': 1.0}. Best is trial 96 with value: 0.4882893533145511.
[I 2023-10-19 15:10:36,857] Trial 107 finished with value: 0.46894431874658576 and parameters: {'w0': 0.42, 'w1': 0.643, 'w2': 0.302, 'w3': 0.623, 'w4': 0.533, 'w5': 0.655, 'w6': 0.582, 'w7': 0.406, 'w8': 0.793, 'max_depth': 8, 'min_child_weight': 0, 'subsample': 0.2, 'colsample_bytree': 1.0, 'gamma': 4.2}. Best is trial 96 with value: 0.4882893533145511.
[I 2023-10-19 15:10:55,019] Trial 99 finished with value: 0.4710233047119231 and parameters: {'w0': 0.371, 'w1': 0.552, 'w2': 0.321, 'w3': 0.737, 'w4': 0.6930000000000001, 'w5': 0.669, 'w6': 0.711, 'w7': 0.584, 'w8': 0.867, 'max_depth': 8, 'min_child_weight': 2, 'subsample': 0.30000000000000004, 'colsample_bytree': 1.0, 'gamma': 1.0}. Best is trial 96 with value: 0.4882893533145511.
[I 2023-10-19 15:12:06,467] Trial 106 finished with value: 0.4716433588595522 and parameters: {'w0': 0.418, 'w1': 0.752, 'w2': 0.26, 'w3': 0.613, 'w4': 0.657, 'w5': 0.643, 'w6': 0.627, 'w7': 0.401, 'w8': 0.78, 'max_depth': 8, 'min_child_weight': 2, 'subsample': 0.2, 'colsample_bytree': 1.0, 'gamma': 3.2}. Best is trial 96 with value: 0.4882893533145511.
[I 2023-10-19 15:12:33,257] Trial 101 finished with value: 0.48398363877574724 and parameters: {'w0': 0.424, 'w1': 0.54, 'w2': 0.328, 'w3': 0.735, 'w4': 0.6890000000000001, 'w5': 0.6880000000000001, 'w6': 0.625, 'w7': 0.217, 'w8': 0.353, 'max_depth': 8, 'min_child_weight': 2, 'subsample': 0.30000000000000004, 'colsample_bytree': 1.0, 'gamma': 1.0}. Best is trial 96 with value: 0.4882893533145511.
[I 2023-10-19 15:13:23,735] Trial 100 finished with value: 0.4617873617043478 and parameters: {'w0': 0.421, 'w1': 0.55, 'w2': 0.28700000000000003, 'w3': 0.524, 'w4': 0.535, 'w5': 0.663, 'w6': 0.621, 'w7': 0.625, 'w8': 0.876, 'max_depth': 8, 'min_child_weight': 2, 'subsample': 0.30000000000000004, 'colsample_bytree': 1.0, 'gamma': 1.0}. Best is trial 96 with value: 0.4882893533145511.
[I 2023-10-19 15:14:16,972] Trial 108 finished with value: 0.4477183870092424 and parameters: {'w0': 0.388, 'w1': 0.645, 'w2': 0.177, 'w3': 0.61, 'w4': 0.645, 'w5': 0.645, 'w6': 0.589, 'w7': 0.41100000000000003, 'w8': 0.868, 'max_depth': 9, 'min_child_weight': 0, 'subsample': 0.2, 'colsample_bytree': 1.0, 'gamma': 3.2}. Best is trial 96 with value: 0.4882893533145511.
