[I 2023-10-19 20:55:57,114] Trial 499 finished with value: 0.499739595865299 and parameters: {'w0': 0.17500000000000002, 'w1': 0.923, 'w2': 0.094, 'w3': 0.551, 'w4': 0.884, 'w5': 1.0, 'w6': 0.338, 'w7': 0.10200000000000001, 'w8': 0.778, 'max_depth': 9, 'min_child_weight': 16, 'subsample': 0.8, 'colsample_bytree': 0.9000000000000001, 'gamma': 1.0}. Best is trial 401 with value: 0.509487480687081.
[I 2023-10-19 20:56:39,598] Trial 500 finished with value: 0.49305063530684434 and parameters: {'w0': 0.216, 'w1': 0.854, 'w2': 0.188, 'w3': 0.551, 'w4': 0.884, 'w5': 0.9500000000000001, 'w6': 0.335, 'w7': 0.10200000000000001, 'w8': 0.718, 'max_depth': 9, 'min_child_weight': 16, 'subsample': 0.8, 'colsample_bytree': 0.9000000000000001, 'gamma': 1.0}. Best is trial 401 with value: 0.509487480687081.
[I 2023-10-19 20:56:50,845] Trial 493 finished with value: 0.47219095123921206 and parameters: {'w0': 0.17500000000000002, 'w1': 0.921, 'w2': 0.735, 'w3': 0.527, 'w4': 0.884, 'w5': 0.261, 'w6': 0.291, 'w7': 0.14300000000000002, 'w8': 0.774, 'max_depth': 9, 'min_child_weight': 16, 'subsample': 0.8, 'colsample_bytree': 0.9000000000000001, 'gamma': 0.2}. Best is trial 401 with value: 0.509487480687081.
[I 2023-10-19 20:57:14,939] Trial 501 finished with value: 0.4890084261943836 and parameters: {'w0': 0.17300000000000001, 'w1': 0.855, 'w2': 0.187, 'w3': 0.558, 'w4': 0.884, 'w5': 1.0, 'w6': 0.334, 'w7': 0.10200000000000001, 'w8': 0.716, 'max_depth': 9, 'min_child_weight': 16, 'subsample': 0.8, 'colsample_bytree': 0.9000000000000001, 'gamma': 1.0}. Best is trial 401 with value: 0.509487480687081.
[I 2023-10-19 20:58:00,711] Trial 494 finished with value: 0.4939861181874146 and parameters: {'w0': 0.21, 'w1': 0.981, 'w2': 0.097, 'w3': 0.55, 'w4': 0.887, 'w5': 1.0, 'w6': 0.278, 'w7': 0.148, 'w8': 0.773, 'max_depth': 9, 'min_child_weight': 16, 'subsample': 0.8, 'colsample_bytree': 0.6000000000000001, 'gamma': 0.2}. Best is trial 401 with value: 0.509487480687081.
[I 2023-10-19 21:00:27,556] Trial 502 finished with value: 0.4785624456373037 and parameters: {'w0': 0.215, 'w1': 0.969, 'w2': 0.097, 'w3': 0.554, 'w4': 0.887, 'w5': 0.981, 'w6': 0.338, 'w7': 0.17500000000000002, 'w8': 0.722, 'max_depth': 9, 'min_child_weight': 16, 'subsample': 0.8, 'colsample_bytree': 0.9000000000000001, 'gamma': 1.0}. Best is trial 401 with value: 0.509487480687081.
[I 2023-10-19 21:00:56,938] Trial 504 finished with value: 0.4950768468773225 and parameters: {'w0': 0.17500000000000002, 'w1': 0.974, 'w2': 0.094, 'w3': 0.554, 'w4': 0.962, 'w5': 0.899, 'w6': 0.341, 'w7': 0.106, 'w8': 0.722, 'max_depth': 9, 'min_child_weight': 16, 'subsample': 0.8, 'colsample_bytree': 0.9000000000000001, 'gamma': 1.0}. Best is trial 401 with value: 0.509487480687081.
[I 2023-10-19 21:00:59,166] Trial 507 finished with value: 0.4982626507982187 and parameters: {'w0': 0.17500000000000002, 'w1': 0.975, 'w2': 0.099, 'w3': 0.48000000000000004, 'w4': 0.961, 'w5': 0.9510000000000001, 'w6': 0.338, 'w7': 0.10500000000000001, 'w8': 0.719, 'max_depth': 9, 'min_child_weight': 16, 'subsample': 0.9000000000000001, 'colsample_bytree': 0.9000000000000001, 'gamma': 1.0}. Best is trial 401 with value: 0.509487480687081.
[I 2023-10-19 21:01:46,011] Trial 505 finished with value: 0.4898539211757728 and parameters: {'w0': 0.17300000000000001, 'w1': 0.968, 'w2': 0.19, 'w3': 0.551, 'w4': 0.964, 'w5': 0.897, 'w6': 0.336, 'w7': 0.1, 'w8': 0.722, 'max_depth': 9, 'min_child_weight': 16, 'subsample': 0.8, 'colsample_bytree': 0.9000000000000001, 'gamma': 1.0}. Best is trial 401 with value: 0.509487480687081.
[I 2023-10-19 21:02:29,614] Trial 508 finished with value: 0.49777799612949447 and parameters: {'w0': 0.179, 'w1': 0.972, 'w2': 0.094, 'w3': 0.47900000000000004, 'w4': 0.886, 'w5': 0.9540000000000001, 'w6': 0.34, 'w7': 0.10400000000000001, 'w8': 0.721, 'max_depth': 9, 'min_child_weight': 16, 'subsample': 0.8, 'colsample_bytree': 0.9000000000000001, 'gamma': 1.0}. Best is trial 401 with value: 0.509487480687081.
[I 2023-10-19 21:05:44,002] Trial 503 finished with value: 0.49802287780543 and parameters: {'w0': 0.17300000000000001, 'w1': 0.974, 'w2': 0.19, 'w3': 0.555, 'w4': 0.883, 'w5': 1.0, 'w6': 0.34400000000000003, 'w7': 0.10300000000000001, 'w8': 0.724, 'max_depth': 9, 'min_child_weight': 16, 'subsample': 0.8, 'colsample_bytree': 0.9000000000000001, 'gamma': 0.2}. Best is trial 401 with value: 0.509487480687081.
[I 2023-10-19 21:07:35,714] Trial 506 finished with value: 0.5015795697494521 and parameters: {'w0': 0.17600000000000002, 'w1': 0.972, 'w2': 0.19, 'w3': 0.553, 'w4': 0.964, 'w5': 0.9550000000000001, 'w6': 0.341, 'w7': 0.10200000000000001, 'w8': 0.779, 'max_depth': 9, 'min_child_weight': 16, 'subsample': 0.9000000000000001, 'colsample_bytree': 0.9000000000000001, 'gamma': 0.2}. Best is trial 401 with value: 0.509487480687081.
[I 2023-10-19 21:08:13,930] Trial 509 finished with value: 0.4695124277747342 and parameters: {'w0': 0.748, 'w1': 0.977, 'w2': 0.189, 'w3': 0.47700000000000004, 'w4': 0.9570000000000001, 'w5': 0.897, 'w6': 0.34, 'w7': 0.074, 'w8': 0.679, 'max_depth': 9, 'min_child_weight': 16, 'subsample': 0.9000000000000001, 'colsample_bytree': 0.9000000000000001, 'gamma': 0.2}. Best is trial 401 with value: 0.509487480687081.
[I 2023-10-19 21:09:02,657] Trial 510 finished with value: 0.5026445443360859 and parameters: {'w0': 0.17300000000000001, 'w1': 0.972, 'w2': 0.187, 'w3': 0.555, 'w4': 0.961, 'w5': 0.9570000000000001, 'w6': 0.34400000000000003, 'w7': 0.10200000000000001, 'w8': 0.719, 'max_depth': 9, 'min_child_weight': 16, 'subsample': 0.9000000000000001, 'colsample_bytree': 0.9000000000000001, 'gamma': 0.2}. Best is trial 401 with value: 0.509487480687081.
[I 2023-10-19 21:09:26,283] Trial 511 finished with value: 0.5034234295577075 and parameters: {'w0': 0.17400000000000002, 'w1': 0.967, 'w2': 0.18, 'w3': 0.48000000000000004, 'w4': 0.962, 'w5': 0.9570000000000001, 'w6': 0.334, 'w7': 0.17300000000000001, 'w8': 0.718, 'max_depth': 9, 'min_child_weight': 16, 'subsample': 0.9000000000000001, 'colsample_bytree': 0.9000000000000001, 'gamma': 0.2}. Best is trial 401 with value: 0.509487480687081.
[I 2023-10-19 21:11:34,093] Trial 513 finished with value: 0.49265632617818444 and parameters: {'w0': 0.17300000000000001, 'w1': 0.974, 'w2': 0.182, 'w3': 0.47300000000000003, 'w4': 0.972, 'w5': 0.9560000000000001, 'w6': 0.34, 'w7': 0.075, 'w8': 0.675, 'max_depth': 9, 'min_child_weight': 16, 'subsample': 0.9000000000000001, 'colsample_bytree': 0.9000000000000001, 'gamma': 0.2}. Best is trial 401 with value: 0.509487480687081.
[I 2023-10-19 21:11:43,635] Trial 512 finished with value: 0.49946031041111066 and parameters: {'w0': 0.17300000000000001, 'w1': 0.978, 'w2': 0.192, 'w3': 0.47300000000000003, 'w4': 0.864, 'w5': 0.9600000000000001, 'w6': 0.336, 'w7': 0.10200000000000001, 'w8': 0.673, 'max_depth': 9, 'min_child_weight': 16, 'subsample': 0.9000000000000001, 'colsample_bytree': 0.9000000000000001, 'gamma': 0.2}. Best is trial 401 with value: 0.509487480687081.
[I 2023-10-19 21:12:43,162] Trial 515 finished with value: 0.49193270153176116 and parameters: {'w0': 0.17400000000000002, 'w1': 0.972, 'w2': 0.194, 'w3': 0.47400000000000003, 'w4': 0.9600000000000001, 'w5': 0.902, 'w6': 0.339, 'w7': 0.07200000000000001, 'w8': 0.714, 'max_depth': 9, 'min_child_weight': 16, 'subsample': 0.8, 'colsample_bytree': 0.9000000000000001, 'gamma': 0.2}. Best is trial 401 with value: 0.509487480687081.
[I 2023-10-19 21:13:09,733] Trial 514 finished with value: 0.46381589789438127 and parameters: {'w0': 0.171, 'w1': 0.972, 'w2': 0.187, 'w3': 0.47300000000000003, 'w4': 0.969, 'w5': 0.393, 'w6': 0.338, 'w7': 0.453, 'w8': 0.684, 'max_depth': 9, 'min_child_weight': 16, 'subsample': 0.9000000000000001, 'colsample_bytree': 0.9000000000000001, 'gamma': 0.2}. Best is trial 401 with value: 0.509487480687081.
[I 2023-10-19 21:14:15,985] Trial 516 finished with value: 0.48993090459354705 and parameters: {'w0': 0.76, 'w1': 0.973, 'w2': 0.185, 'w3': 0.481, 'w4': 0.965, 'w5': 0.979, 'w6': 0.341, 'w7': 0.171, 'w8': 0.721, 'max_depth': 9, 'min_child_weight': 16, 'subsample': 0.9000000000000001, 'colsample_bytree': 0.9000000000000001, 'gamma': 0.2}. Best is trial 401 with value: 0.509487480687081.
[I 2023-10-19 21:15:02,733] Trial 517 finished with value: 0.48933098298446825 and parameters: {'w0': 0.668, 'w1': 0.971, 'w2': 0.19, 'w3': 0.47600000000000003, 'w4': 0.966, 'w5': 0.9600000000000001, 'w6': 0.339, 'w7': 0.17400000000000002, 'w8': 0.679, 'max_depth': 9, 'min_child_weight': 16, 'subsample': 0.8, 'colsample_bytree': 0.9000000000000001, 'gamma': 0.2}. Best is trial 401 with value: 0.509487480687081.
[I 2023-10-19 21:16:49,712] Trial 518 finished with value: 0.4763863223596922 and parameters: {'w0': 0.167, 'w1': 0.981, 'w2': 0.675, 'w3': 0.47800000000000004, 'w4': 0.859, 'w5': 0.9590000000000001, 'w6': 0.341, 'w7': 0.077, 'w8': 0.722, 'max_depth': 9, 'min_child_weight': 16, 'subsample': 0.9000000000000001, 'colsample_bytree': 0.9000000000000001, 'gamma': 0.2}. Best is trial 401 with value: 0.509487480687081.
[I 2023-10-19 21:17:04,781] Trial 520 finished with value: 0.49965181702074685 and parameters: {'w0': 0.169, 'w1': 0.969, 'w2': 0.181, 'w3': 0.508, 'w4': 0.857, 'w5': 0.9600000000000001, 'w6': 0.196, 'w7': 0.171, 'w8': 0.677, 'max_depth': 9, 'min_child_weight': 16, 'subsample': 0.9000000000000001, 'colsample_bytree': 0.9000000000000001, 'gamma': 0.2}. Best is trial 401 with value: 0.509487480687081.
[I 2023-10-19 21:17:45,270] Trial 519 finished with value: 0.4787783910812721 and parameters: {'w0': 0.765, 'w1': 0.982, 'w2': 0.188, 'w3': 0.47100000000000003, 'w4': 0.967, 'w5': 0.963, 'w6': 0.34, 'w7': 0.078, 'w8': 0.68, 'max_depth': 9, 'min_child_weight': 16, 'subsample': 0.9000000000000001, 'colsample_bytree': 0.9000000000000001, 'gamma': 0.2}. Best is trial 401 with value: 0.509487480687081.
[I 2023-10-19 21:17:48,254] Trial 521 finished with value: 0.4999204256069078 and parameters: {'w0': 0.125, 'w1': 0.889, 'w2': 0.187, 'w3': 0.503, 'w4': 0.861, 'w5': 0.962, 'w6': 0.333, 'w7': 0.17400000000000002, 'w8': 0.716, 'max_depth': 9, 'min_child_weight': 16, 'subsample': 0.9000000000000001, 'colsample_bytree': 0.9000000000000001, 'gamma': 0.2}. Best is trial 401 with value: 0.509487480687081.
[I 2023-10-19 21:18:38,995] Trial 522 finished with value: 0.5010454413481462 and parameters: {'w0': 0.121, 'w1': 0.969, 'w2': 0.188, 'w3': 0.511, 'w4': 0.857, 'w5': 0.976, 'w6': 0.305, 'w7': 0.17500000000000002, 'w8': 0.679, 'max_depth': 9, 'min_child_weight': 16, 'subsample': 0.9000000000000001, 'colsample_bytree': 0.9000000000000001, 'gamma': 0.2}. Best is trial 401 with value: 0.509487480687081.
[I 2023-10-19 21:21:05,244] Trial 523 finished with value: 0.4915542534016615 and parameters: {'w0': 0.121, 'w1': 0.889, 'w2': 0.185, 'w3': 0.508, 'w4': 0.865, 'w5': 0.972, 'w6': 0.254, 'w7': 0.069, 'w8': 0.6880000000000001, 'max_depth': 9, 'min_child_weight': 16, 'subsample': 0.8, 'colsample_bytree': 0.9000000000000001, 'gamma': 0.2}. Best is trial 401 with value: 0.509487480687081.
[I 2023-10-19 21:22:24,651] Trial 526 finished with value: 0.4930350056883047 and parameters: {'w0': 0.124, 'w1': 0.886, 'w2': 0.121, 'w3': 0.506, 'w4': 0.859, 'w5': 0.978, 'w6': 0.25, 'w7': 0.164, 'w8': 0.678, 'max_depth': 9, 'min_child_weight': 16, 'subsample': 0.8, 'colsample_bytree': 0.9000000000000001, 'gamma': 0.6000000000000001}. Best is trial 401 with value: 0.509487480687081.
[I 2023-10-19 21:22:32,555] Trial 527 finished with value: 0.49091044633350006 and parameters: {'w0': 0.124, 'w1': 0.9530000000000001, 'w2': 0.117, 'w3': 0.5770000000000001, 'w4': 0.863, 'w5': 0.978, 'w6': 0.25, 'w7': 0.17400000000000002, 'w8': 0.6890000000000001, 'max_depth': 9, 'min_child_weight': 16, 'subsample': 0.8, 'colsample_bytree': 0.9000000000000001, 'gamma': 0.6000000000000001}. Best is trial 401 with value: 0.509487480687081.
[I 2023-10-19 21:22:53,288] Trial 524 finished with value: 0.4962747413812758 and parameters: {'w0': 0.121, 'w1': 0.891, 'w2': 0.182, 'w3': 0.504, 'w4': 0.861, 'w5': 0.977, 'w6': 0.253, 'w7': 0.074, 'w8': 0.678, 'max_depth': 9, 'min_child_weight': 16, 'subsample': 0.8, 'colsample_bytree': 0.9000000000000001, 'gamma': 0.2}. Best is trial 401 with value: 0.509487480687081.
[I 2023-10-19 21:24:09,999] Trial 525 finished with value: 0.4860659942585303 and parameters: {'w0': 0.121, 'w1': 0.883, 'w2': 0.41400000000000003, 'w3': 0.506, 'w4': 0.859, 'w5': 0.978, 'w6': 0.256, 'w7': 0.182, 'w8': 0.7000000000000001, 'max_depth': 9, 'min_child_weight': 16, 'subsample': 0.8, 'colsample_bytree': 0.9000000000000001, 'gamma': 0.2}. Best is trial 401 with value: 0.509487480687081.
[I 2023-10-19 21:24:41,752] Trial 529 finished with value: 0.48715434447713385 and parameters: {'w0': 0.134, 'w1': 0.881, 'w2': 0.117, 'w3': 0.502, 'w4': 0.851, 'w5': 0.98, 'w6': 0.16, 'w7': 0.17200000000000001, 'w8': 0.6890000000000001, 'max_depth': 9, 'min_child_weight': 16, 'subsample': 0.8, 'colsample_bytree': 0.9000000000000001, 'gamma': 0.6000000000000001}. Best is trial 401 with value: 0.509487480687081.
[I 2023-10-19 21:24:53,564] Trial 528 finished with value: 0.49235737884255315 and parameters: {'w0': 0.129, 'w1': 0.888, 'w2': 0.11900000000000001, 'w3': 0.508, 'w4': 0.862, 'w5': 0.979, 'w6': 0.306, 'w7': 0.17500000000000002, 'w8': 0.68, 'max_depth': 9, 'min_child_weight': 16, 'subsample': 0.8, 'colsample_bytree': 0.9000000000000001, 'gamma': 0.6000000000000001}. Best is trial 401 with value: 0.509487480687081.
[I 2023-10-19 21:26:39,922] Trial 531 finished with value: 0.49610879906955346 and parameters: {'w0': 0.123, 'w1': 0.884, 'w2': 0.123, 'w3': 0.507, 'w4': 0.859, 'w5': 0.973, 'w6': 0.252, 'w7': 0.17, 'w8': 0.748, 'max_depth': 9, 'min_child_weight': 16, 'subsample': 0.8, 'colsample_bytree': 0.9000000000000001, 'gamma': 0.6000000000000001}. Best is trial 401 with value: 0.509487480687081.
[I 2023-10-19 21:27:57,736] Trial 530 finished with value: 0.45957711048487226 and parameters: {'w0': 0.122, 'w1': 0.9550000000000001, 'w2': 0.11900000000000001, 'w3': 0.505, 'w4': 0.856, 'w5': 0.98, 'w6': 0.255, 'w7': 0.448, 'w8': 0.683, 'max_depth': 9, 'min_child_weight': 16, 'subsample': 0.8, 'colsample_bytree': 0.9000000000000001, 'gamma': 0.6000000000000001}. Best is trial 401 with value: 0.509487480687081.
[I 2023-10-19 21:29:29,591] Trial 532 finished with value: 0.48013784860832703 and parameters: {'w0': 0.593, 'w1': 0.887, 'w2': 0.125, 'w3': 0.506, 'w4': 0.855, 'w5': 0.98, 'w6': 0.252, 'w7': 0.17300000000000001, 'w8': 0.749, 'max_depth': 9, 'min_child_weight': 16, 'subsample': 0.8, 'colsample_bytree': 0.9000000000000001, 'gamma': 0.6000000000000001}. Best is trial 401 with value: 0.509487480687081.
[I 2023-10-19 21:29:53,054] Trial 535 finished with value: 0.5033598306252778 and parameters: {'w0': 0.123, 'w1': 0.891, 'w2': 0.124, 'w3': 0.505, 'w4': 0.859, 'w5': 0.53, 'w6': 0.305, 'w7': 0.123, 'w8': 0.748, 'max_depth': 9, 'min_child_weight': 16, 'subsample': 0.8, 'colsample_bytree': 0.9000000000000001, 'gamma': 0.6000000000000001}. Best is trial 401 with value: 0.509487480687081.
[I 2023-10-19 21:30:15,573] Trial 534 finished with value: 0.49234894752520375 and parameters: {'w0': 0.124, 'w1': 0.879, 'w2': 0.113, 'w3': 0.508, 'w4': 0.858, 'w5': 0.983, 'w6': 0.307, 'w7': 0.168, 'w8': 0.751, 'max_depth': 9, 'min_child_weight': 16, 'subsample': 0.8, 'colsample_bytree': 0.9000000000000001, 'gamma': 0.6000000000000001}. Best is trial 401 with value: 0.509487480687081.
[I 2023-10-19 21:30:27,530] Trial 537 finished with value: 0.4955022998883071 and parameters: {'w0': 0.124, 'w1': 0.887, 'w2': 0.126, 'w3': 0.578, 'w4': 0.388, 'w5': 0.978, 'w6': 0.251, 'w7': 0.123, 'w8': 0.749, 'max_depth': 9, 'min_child_weight': 16, 'subsample': 0.8, 'colsample_bytree': 0.9000000000000001, 'gamma': 0.6000000000000001}. Best is trial 401 with value: 0.509487480687081.
[I 2023-10-19 21:31:01,429] Trial 533 finished with value: 0.4777595123854995 and parameters: {'w0': 0.126, 'w1': 0.881, 'w2': 0.678, 'w3': 0.508, 'w4': 0.849, 'w5': 0.983, 'w6': 0.256, 'w7': 0.17300000000000001, 'w8': 0.75, 'max_depth': 9, 'min_child_weight': 16, 'subsample': 0.8, 'colsample_bytree': 0.9000000000000001, 'gamma': 0.6000000000000001}. Best is trial 401 with value: 0.509487480687081.
[I 2023-10-19 21:31:26,926] Trial 536 finished with value: 0.4924923437693727 and parameters: {'w0': 0.132, 'w1': 0.887, 'w2': 0.12000000000000001, 'w3': 0.508, 'w4': 0.859, 'w5': 0.984, 'w6': 0.304, 'w7': 0.171, 'w8': 0.788, 'max_depth': 9, 'min_child_weight': 16, 'subsample': 0.8, 'colsample_bytree': 0.9000000000000001, 'gamma': 0.6000000000000001}. Best is trial 401 with value: 0.509487480687081.
[I 2023-10-19 21:31:33,871] Trial 538 finished with value: 0.5048459494703365 and parameters: {'w0': 0.122, 'w1': 0.879, 'w2': 0.11800000000000001, 'w3': 0.507, 'w4': 0.9390000000000001, 'w5': 0.981, 'w6': 0.251, 'w7': 0.122, 'w8': 0.753, 'max_depth': 9, 'min_child_weight': 16, 'subsample': 0.8, 'colsample_bytree': 0.9000000000000001, 'gamma': 0.6000000000000001}. Best is trial 401 with value: 0.509487480687081.
[I 2023-10-19 21:34:06,158] Trial 539 finished with value: 0.49893488657887924 and parameters: {'w0': 0.128, 'w1': 0.9480000000000001, 'w2': 0.11800000000000001, 'w3': 0.579, 'w4': 0.9380000000000001, 'w5': 0.982, 'w6': 0.269, 'w7': 0.128, 'w8': 0.783, 'max_depth': 9, 'min_child_weight': 16, 'subsample': 0.8, 'colsample_bytree': 0.9000000000000001, 'gamma': 0.6000000000000001}. Best is trial 401 with value: 0.509487480687081.
[I 2023-10-19 21:35:47,058] Trial 542 finished with value: 0.5043563723604966 and parameters: {'w0': 0.152, 'w1': 0.9490000000000001, 'w2': 0.147, 'w3': 0.516, 'w4': 0.934, 'w5': 0.452, 'w6': 0.306, 'w7': 0.125, 'w8': 0.75, 'max_depth': 9, 'min_child_weight': 16, 'subsample': 0.8, 'colsample_bytree': 0.9000000000000001, 'gamma': 0.6000000000000001}. Best is trial 401 with value: 0.509487480687081.
[I 2023-10-19 21:35:50,152] Trial 541 finished with value: 0.5067075930923889 and parameters: {'w0': 0.151, 'w1': 0.9460000000000001, 'w2': 0.149, 'w3': 0.508, 'w4': 0.904, 'w5': 0.983, 'w6': 0.273, 'w7': 0.123, 'w8': 0.75, 'max_depth': 9, 'min_child_weight': 16, 'subsample': 0.8, 'colsample_bytree': 0.9000000000000001, 'gamma': 0.6000000000000001}. Best is trial 401 with value: 0.509487480687081.
[I 2023-10-19 21:37:16,672] Trial 543 finished with value: 0.5023670323423096 and parameters: {'w0': 0.152, 'w1': 0.9430000000000001, 'w2': 0.146, 'w3': 0.5750000000000001, 'w4': 0.903, 'w5': 0.983, 'w6': 0.308, 'w7': 0.12000000000000001, 'w8': 0.749, 'max_depth': 9, 'min_child_weight': 16, 'subsample': 0.8, 'colsample_bytree': 0.9000000000000001, 'gamma': 0.6000000000000001}. Best is trial 401 with value: 0.509487480687081.
[I 2023-10-19 21:37:51,420] Trial 545 finished with value: 0.48951635064040455 and parameters: {'w0': 0.15, 'w1': 0.9450000000000001, 'w2': 0.14500000000000002, 'w3': 0.5730000000000001, 'w4': 0.357, 'w5': 1.0, 'w6': 0.278, 'w7': 0.121, 'w8': 0.747, 'max_depth': 9, 'min_child_weight': 16, 'subsample': 0.8, 'colsample_bytree': 0.9000000000000001, 'gamma': 0.6000000000000001}. Best is trial 401 with value: 0.509487480687081.
[I 2023-10-19 21:38:18,262] Trial 540 finished with value: 0.47285043934179766 and parameters: {'w0': 0.127, 'w1': 0.9500000000000001, 'w2': 0.9390000000000001, 'w3': 0.858, 'w4': 0.937, 'w5': 0.982, 'w6': 0.275, 'w7': 0.125, 'w8': 0.749, 'max_depth': 9, 'min_child_weight': 16, 'subsample': 0.8, 'colsample_bytree': 0.9000000000000001, 'gamma': 0.6000000000000001}. Best is trial 401 with value: 0.509487480687081.
[I 2023-10-19 21:39:41,070] Trial 546 finished with value: 0.5010739204195591 and parameters: {'w0': 0.158, 'w1': 0.9460000000000001, 'w2': 0.14300000000000002, 'w3': 0.5690000000000001, 'w4': 0.934, 'w5': 1.0, 'w6': 0.277, 'w7': 0.12000000000000001, 'w8': 0.74, 'max_depth': 9, 'min_child_weight': 16, 'subsample': 0.8, 'colsample_bytree': 0.7, 'gamma': 0.6000000000000001}. Best is trial 401 with value: 0.509487480687081.
[I 2023-10-19 21:40:46,098] Trial 547 finished with value: 0.4999440140778866 and parameters: {'w0': 0.153, 'w1': 0.854, 'w2': 0.14500000000000002, 'w3': 0.58, 'w4': 0.937, 'w5': 0.998, 'w6': 0.277, 'w7': 0.124, 'w8': 0.752, 'max_depth': 9, 'min_child_weight': 16, 'subsample': 0.8, 'colsample_bytree': 0.7, 'gamma': 0.6000000000000001}. Best is trial 401 with value: 0.509487480687081.
[I 2023-10-19 21:41:13,743] Trial 544 finished with value: 0.4310666101439277 and parameters: {'w0': 0.149, 'w1': 0.9480000000000001, 'w2': 0.146, 'w3': 0.522, 'w4': 0.932, 'w5': 0.542, 'w6': 0.304, 'w7': 0.992, 'w8': 0.75, 'max_depth': 9, 'min_child_weight': 16, 'subsample': 0.8, 'colsample_bytree': 0.9000000000000001, 'gamma': 0.6000000000000001}. Best is trial 401 with value: 0.509487480687081.
[I 2023-10-19 21:45:01,026] Trial 548 finished with value: 0.5072798215426563 and parameters: {'w0': 0.156, 'w1': 0.856, 'w2': 0.14500000000000002, 'w3': 0.5770000000000001, 'w4': 0.9410000000000001, 'w5': 0.986, 'w6': 0.279, 'w7': 0.123, 'w8': 0.748, 'max_depth': 9, 'min_child_weight': 16, 'subsample': 0.8, 'colsample_bytree': 0.9000000000000001, 'gamma': 0.4}. Best is trial 401 with value: 0.509487480687081.
[I 2023-10-19 21:46:27,420] Trial 551 finished with value: 0.5027068504246319 and parameters: {'w0': 0.15, 'w1': 0.9410000000000001, 'w2': 0.149, 'w3': 0.528, 'w4': 0.9410000000000001, 'w5': 0.996, 'w6': 0.277, 'w7': 0.12000000000000001, 'w8': 0.785, 'max_depth': 9, 'min_child_weight': 16, 'subsample': 0.8, 'colsample_bytree': 0.9000000000000001, 'gamma': 0.0}. Best is trial 401 with value: 0.509487480687081.
