[I 2023-10-19 19:30:20,949] Trial 386 finished with value: 0.4571393952192322 and parameters: {'w0': 0.151, 'w1': 0.856, 'w2': 0.154, 'w3': 0.538, 'w4': 0.873, 'w5': 0.9420000000000001, 'w6': 0.313, 'w7': 0.609, 'w8': 0.74, 'max_depth': 9, 'min_child_weight': 16, 'subsample': 0.8, 'colsample_bytree': 0.9000000000000001, 'gamma': 0.4}. Best is trial 320 with value: 0.5061035747408147.
[I 2023-10-19 19:31:36,247] Trial 387 finished with value: 0.5049695619895623 and parameters: {'w0': 0.14100000000000001, 'w1': 0.854, 'w2': 0.152, 'w3': 0.54, 'w4': 0.887, 'w5': 0.999, 'w6': 0.38, 'w7': 0.14200000000000002, 'w8': 0.748, 'max_depth': 9, 'min_child_weight': 16, 'subsample': 0.8, 'colsample_bytree': 0.9000000000000001, 'gamma': 0.4}. Best is trial 320 with value: 0.5061035747408147.
[I 2023-10-19 19:33:47,387] Trial 388 finished with value: 0.5054992224831939 and parameters: {'w0': 0.146, 'w1': 0.849, 'w2': 0.151, 'w3': 0.54, 'w4': 0.876, 'w5': 0.992, 'w6': 0.311, 'w7': 0.138, 'w8': 0.751, 'max_depth': 9, 'min_child_weight': 16, 'subsample': 0.8, 'colsample_bytree': 0.9000000000000001, 'gamma': 0.4}. Best is trial 320 with value: 0.5061035747408147.
[I 2023-10-19 19:33:59,447] Trial 395 finished with value: 0.4953569694257473 and parameters: {'w0': 0.14200000000000002, 'w1': 0.84, 'w2': 0.153, 'w3': 0.516, 'w4': 0.905, 'w5': 0.443, 'w6': 0.324, 'w7': 0.139, 'w8': 0.749, 'max_depth': 4, 'min_child_weight': 18, 'subsample': 0.8, 'colsample_bytree': 0.9000000000000001, 'gamma': 0.4}. Best is trial 320 with value: 0.5061035747408147.
[I 2023-10-19 19:34:35,633] Trial 389 finished with value: 0.5065120998536813 and parameters: {'w0': 0.14400000000000002, 'w1': 0.848, 'w2': 0.154, 'w3': 0.541, 'w4': 0.885, 'w5': 0.997, 'w6': 0.309, 'w7': 0.137, 'w8': 0.746, 'max_depth': 9, 'min_child_weight': 16, 'subsample': 0.8, 'colsample_bytree': 0.9000000000000001, 'gamma': 0.4}. Best is trial 389 with value: 0.5065120998536813.
[I 2023-10-19 19:35:30,256] Trial 390 finished with value: 0.5057485121598388 and parameters: {'w0': 0.149, 'w1': 0.853, 'w2': 0.152, 'w3': 0.541, 'w4': 0.889, 'w5': 0.999, 'w6': 0.315, 'w7': 0.138, 'w8': 0.744, 'max_depth': 9, 'min_child_weight': 16, 'subsample': 0.8, 'colsample_bytree': 0.9000000000000001, 'gamma': 0.4}. Best is trial 389 with value: 0.5065120998536813.
[I 2023-10-19 19:35:49,418] Trial 391 finished with value: 0.5047764464330654 and parameters: {'w0': 0.149, 'w1': 0.849, 'w2': 0.154, 'w3': 0.537, 'w4': 0.895, 'w5': 0.994, 'w6': 0.317, 'w7': 0.138, 'w8': 0.741, 'max_depth': 9, 'min_child_weight': 18, 'subsample': 0.8, 'colsample_bytree': 0.9000000000000001, 'gamma': 0.4}. Best is trial 389 with value: 0.5065120998536813.
[I 2023-10-19 19:36:11,378] Trial 393 finished with value: 0.506929791253891 and parameters: {'w0': 0.138, 'w1': 0.856, 'w2': 0.154, 'w3': 0.542, 'w4': 0.902, 'w5': 0.998, 'w6': 0.311, 'w7': 0.14, 'w8': 0.744, 'max_depth': 9, 'min_child_weight': 18, 'subsample': 0.8, 'colsample_bytree': 0.9000000000000001, 'gamma': 0.4}. Best is trial 393 with value: 0.506929791253891.
[I 2023-10-19 19:36:22,922] Trial 392 finished with value: 0.5085293204146542 and parameters: {'w0': 0.14400000000000002, 'w1': 0.85, 'w2': 0.149, 'w3': 0.543, 'w4': 0.9, 'w5': 0.998, 'w6': 0.313, 'w7': 0.133, 'w8': 0.744, 'max_depth': 9, 'min_child_weight': 16, 'subsample': 0.8, 'colsample_bytree': 0.9000000000000001, 'gamma': 0.4}. Best is trial 392 with value: 0.5085293204146542.
[I 2023-10-19 19:37:54,309] Trial 400 finished with value: 0.5029795442051623 and parameters: {'w0': 0.146, 'w1': 0.965, 'w2': 0.151, 'w3': 0.513, 'w4': 0.897, 'w5': 1.0, 'w6': 0.316, 'w7': 0.137, 'w8': 0.736, 'max_depth': 4, 'min_child_weight': 16, 'subsample': 0.8, 'colsample_bytree': 0.9000000000000001, 'gamma': 0.4}. Best is trial 392 with value: 0.5085293204146542.
[I 2023-10-19 19:38:09,415] Trial 394 finished with value: 0.5073248338548743 and parameters: {'w0': 0.14500000000000002, 'w1': 0.852, 'w2': 0.152, 'w3': 0.54, 'w4': 0.9, 'w5': 0.998, 'w6': 0.379, 'w7': 0.138, 'w8': 0.742, 'max_depth': 9, 'min_child_weight': 16, 'subsample': 0.8, 'colsample_bytree': 0.9000000000000001, 'gamma': 0.4}. Best is trial 392 with value: 0.5085293204146542.
[I 2023-10-19 19:40:26,516] Trial 403 finished with value: 0.5022348490833182 and parameters: {'w0': 0.14500000000000002, 'w1': 0.993, 'w2': 0.149, 'w3': 0.513, 'w4': 0.907, 'w5': 0.917, 'w6': 0.308, 'w7': 0.134, 'w8': 0.743, 'max_depth': 4, 'min_child_weight': 16, 'subsample': 0.8, 'colsample_bytree': 0.9000000000000001, 'gamma': 0.4}. Best is trial 392 with value: 0.5085293204146542.
[I 2023-10-19 19:40:46,474] Trial 397 finished with value: 0.5062233795906194 and parameters: {'w0': 0.14500000000000002, 'w1': 0.854, 'w2': 0.156, 'w3': 0.513, 'w4': 0.902, 'w5': 0.997, 'w6': 0.325, 'w7': 0.14300000000000002, 'w8': 0.752, 'max_depth': 9, 'min_child_weight': 16, 'subsample': 0.8, 'colsample_bytree': 0.9000000000000001, 'gamma': 0.4}. Best is trial 392 with value: 0.5085293204146542.
[I 2023-10-19 19:42:49,463] Trial 398 finished with value: 0.503037778748107 and parameters: {'w0': 0.14400000000000002, 'w1': 0.996, 'w2': 0.153, 'w3': 0.515, 'w4': 0.904, 'w5': 0.999, 'w6': 0.319, 'w7': 0.133, 'w8': 0.753, 'max_depth': 9, 'min_child_weight': 18, 'subsample': 0.8, 'colsample_bytree': 0.9000000000000001, 'gamma': 0.4}. Best is trial 392 with value: 0.5085293204146542.
[I 2023-10-19 19:43:53,470] Trial 401 finished with value: 0.509487480687081 and parameters: {'w0': 0.148, 'w1': 0.9470000000000001, 'w2': 0.162, 'w3': 0.513, 'w4': 0.901, 'w5': 1.0, 'w6': 0.333, 'w7': 0.138, 'w8': 0.743, 'max_depth': 9, 'min_child_weight': 16, 'subsample': 0.8, 'colsample_bytree': 0.9000000000000001, 'gamma': 0.4}. Best is trial 401 with value: 0.509487480687081.
[I 2023-10-19 19:43:54,283] Trial 399 finished with value: 0.4841506959274485 and parameters: {'w0': 0.912, 'w1': 0.853, 'w2': 0.154, 'w3': 0.513, 'w4': 0.903, 'w5': 0.922, 'w6': 0.315, 'w7': 0.134, 'w8': 0.749, 'max_depth': 9, 'min_child_weight': 16, 'subsample': 0.8, 'colsample_bytree': 0.9000000000000001, 'gamma': 0.4}. Best is trial 401 with value: 0.509487480687081.
[I 2023-10-19 19:45:36,424] Trial 402 finished with value: 0.5050693127499204 and parameters: {'w0': 0.148, 'w1': 0.983, 'w2': 0.165, 'w3': 0.524, 'w4': 0.908, 'w5': 1.0, 'w6': 0.314, 'w7': 0.14100000000000001, 'w8': 0.737, 'max_depth': 9, 'min_child_weight': 16, 'subsample': 0.8, 'colsample_bytree': 0.9000000000000001, 'gamma': 0.4}. Best is trial 401 with value: 0.509487480687081.
[I 2023-10-19 19:46:50,939] Trial 404 finished with value: 0.5079576632954244 and parameters: {'w0': 0.153, 'w1': 0.983, 'w2': 0.153, 'w3': 0.148, 'w4': 0.908, 'w5': 0.921, 'w6': 0.313, 'w7': 0.14, 'w8': 0.738, 'max_depth': 9, 'min_child_weight': 16, 'subsample': 0.8, 'colsample_bytree': 0.9000000000000001, 'gamma': 0.4}. Best is trial 401 with value: 0.509487480687081.
[I 2023-10-19 19:49:19,592] Trial 405 finished with value: 0.5059581800702764 and parameters: {'w0': 0.149, 'w1': 0.985, 'w2': 0.155, 'w3': 0.511, 'w4': 0.904, 'w5': 1.0, 'w6': 0.298, 'w7': 0.134, 'w8': 0.742, 'max_depth': 9, 'min_child_weight': 16, 'subsample': 0.8, 'colsample_bytree': 0.9000000000000001, 'gamma': 0.4}. Best is trial 401 with value: 0.509487480687081.
[I 2023-10-19 19:49:22,594] Trial 413 finished with value: 0.5049389002703286 and parameters: {'w0': 0.17, 'w1': 0.982, 'w2': 0.151, 'w3': 0.51, 'w4': 0.913, 'w5': 0.998, 'w6': 0.307, 'w7': 0.13, 'w8': 0.718, 'max_depth': 5, 'min_child_weight': 16, 'subsample': 0.8, 'colsample_bytree': 0.9000000000000001, 'gamma': 0.4}. Best is trial 401 with value: 0.509487480687081.
[I 2023-10-19 19:49:44,702] Trial 406 finished with value: 0.5055221868295655 and parameters: {'w0': 0.177, 'w1': 0.978, 'w2': 0.148, 'w3': 0.52, 'w4': 0.909, 'w5': 1.0, 'w6': 0.306, 'w7': 0.134, 'w8': 0.738, 'max_depth': 9, 'min_child_weight': 16, 'subsample': 0.8, 'colsample_bytree': 0.9000000000000001, 'gamma': 0.4}. Best is trial 401 with value: 0.509487480687081.
[I 2023-10-19 19:50:14,253] Trial 407 finished with value: 0.5046868054083762 and parameters: {'w0': 0.17300000000000001, 'w1': 0.998, 'w2': 0.147, 'w3': 0.521, 'w4': 0.907, 'w5': 0.999, 'w6': 0.329, 'w7': 0.134, 'w8': 0.729, 'max_depth': 9, 'min_child_weight': 16, 'subsample': 0.8, 'colsample_bytree': 0.9000000000000001, 'gamma': 0.4}. Best is trial 401 with value: 0.509487480687081.
[I 2023-10-19 19:50:40,037] Trial 415 finished with value: 0.4982414859612241 and parameters: {'w0': 0.169, 'w1': 0.9550000000000001, 'w2': 0.14200000000000002, 'w3': 0.512, 'w4': 0.911, 'w5': 1.0, 'w6': 0.302, 'w7': 0.134, 'w8': 0.73, 'max_depth': 4, 'min_child_weight': 16, 'subsample': 0.8, 'colsample_bytree': 0.9000000000000001, 'gamma': 0.4}. Best is trial 401 with value: 0.509487480687081.
[I 2023-10-19 19:51:02,770] Trial 408 finished with value: 0.5051163235254298 and parameters: {'w0': 0.17, 'w1': 0.988, 'w2': 0.154, 'w3': 0.522, 'w4': 0.903, 'w5': 0.998, 'w6': 0.3, 'w7': 0.131, 'w8': 0.73, 'max_depth': 9, 'min_child_weight': 16, 'subsample': 0.8, 'colsample_bytree': 0.9000000000000001, 'gamma': 0.4}. Best is trial 401 with value: 0.509487480687081.
[I 2023-10-19 19:51:31,559] Trial 409 finished with value: 0.5052645746109128 and parameters: {'w0': 0.17500000000000002, 'w1': 0.9590000000000001, 'w2': 0.14500000000000002, 'w3': 0.514, 'w4': 0.909, 'w5': 0.924, 'w6': 0.328, 'w7': 0.135, 'w8': 0.725, 'max_depth': 9, 'min_child_weight': 16, 'subsample': 0.8, 'colsample_bytree': 0.9000000000000001, 'gamma': 0.4}. Best is trial 401 with value: 0.509487480687081.
[I 2023-10-19 19:51:47,249] Trial 410 finished with value: 0.5075165855209677 and parameters: {'w0': 0.169, 'w1': 0.9470000000000001, 'w2': 0.14200000000000002, 'w3': 0.514, 'w4': 0.916, 'w5': 1.0, 'w6': 0.301, 'w7': 0.13, 'w8': 0.729, 'max_depth': 9, 'min_child_weight': 16, 'subsample': 0.8, 'colsample_bytree': 0.9000000000000001, 'gamma': 0.4}. Best is trial 401 with value: 0.509487480687081.
[I 2023-10-19 19:51:58,312] Trial 414 finished with value: 0.5067397574943163 and parameters: {'w0': 0.169, 'w1': 0.998, 'w2': 0.149, 'w3': 0.509, 'w4': 0.911, 'w5': 0.998, 'w6': 0.311, 'w7': 0.139, 'w8': 0.727, 'max_depth': 5, 'min_child_weight': 16, 'subsample': 0.8, 'colsample_bytree': 0.9000000000000001, 'gamma': 0.4}. Best is trial 401 with value: 0.509487480687081.
[I 2023-10-19 19:52:07,012] Trial 420 finished with value: 0.45159694285752455 and parameters: {'w0': 0.171, 'w1': 0.973, 'w2': 0.139, 'w3': 0.443, 'w4': 0.911, 'w5': 1.0, 'w6': 0.294, 'w7': 0.097, 'w8': 0.718, 'max_depth': 9, 'min_child_weight': 16, 'subsample': 0.8, 'colsample_bytree': 0.9000000000000001, 'gamma': 6.6000000000000005}. Best is trial 401 with value: 0.509487480687081.
[I 2023-10-19 19:52:13,766] Trial 411 finished with value: 0.5048483375967184 and parameters: {'w0': 0.153, 'w1': 0.9550000000000001, 'w2': 0.14500000000000002, 'w3': 0.513, 'w4': 0.905, 'w5': 0.988, 'w6': 0.307, 'w7': 0.135, 'w8': 0.729, 'max_depth': 9, 'min_child_weight': 16, 'subsample': 0.8, 'colsample_bytree': 0.9000000000000001, 'gamma': 0.4}. Best is trial 401 with value: 0.509487480687081.
[I 2023-10-19 19:52:23,157] Trial 417 finished with value: 0.4967956968668437 and parameters: {'w0': 0.169, 'w1': 0.998, 'w2': 0.138, 'w3': 0.443, 'w4': 0.912, 'w5': 0.995, 'w6': 0.296, 'w7': 0.131, 'w8': 0.726, 'max_depth': 3, 'min_child_weight': 16, 'subsample': 0.8, 'colsample_bytree': 0.9000000000000001, 'gamma': 0.4}. Best is trial 401 with value: 0.509487480687081.
[I 2023-10-19 19:52:47,173] Trial 416 finished with value: 0.5036749473798047 and parameters: {'w0': 0.17400000000000002, 'w1': 0.984, 'w2': 0.146, 'w3': 0.451, 'w4': 0.91, 'w5': 0.997, 'w6': 0.3, 'w7': 0.132, 'w8': 0.728, 'max_depth': 4, 'min_child_weight': 16, 'subsample': 0.8, 'colsample_bytree': 0.9000000000000001, 'gamma': 0.4}. Best is trial 401 with value: 0.509487480687081.
[I 2023-10-19 19:53:12,713] Trial 412 finished with value: 0.5037264169931363 and parameters: {'w0': 0.17200000000000001, 'w1': 0.803, 'w2': 0.153, 'w3': 0.512, 'w4': 0.915, 'w5': 0.998, 'w6': 0.295, 'w7': 0.131, 'w8': 0.727, 'max_depth': 9, 'min_child_weight': 16, 'subsample': 0.8, 'colsample_bytree': 0.9000000000000001, 'gamma': 0.4}. Best is trial 401 with value: 0.509487480687081.
[I 2023-10-19 19:54:48,901] Trial 423 finished with value: 0.4365125137391671 and parameters: {'w0': 0.17200000000000001, 'w1': 0.973, 'w2': 0.13, 'w3': 0.511, 'w4': 0.923, 'w5': 1.0, 'w6': 0.267, 'w7': 0.097, 'w8': 0.717, 'max_depth': 3, 'min_child_weight': 16, 'subsample': 0.8, 'colsample_bytree': 0.9000000000000001, 'gamma': 6.800000000000001}. Best is trial 401 with value: 0.509487480687081.
[I 2023-10-19 19:54:55,412] Trial 418 finished with value: 0.5013008128012112 and parameters: {'w0': 0.177, 'w1': 0.9600000000000001, 'w2': 0.14400000000000002, 'w3': 0.509, 'w4': 0.912, 'w5': 1.0, 'w6': 0.297, 'w7': 0.099, 'w8': 0.724, 'max_depth': 5, 'min_child_weight': 16, 'subsample': 0.8, 'colsample_bytree': 0.9000000000000001, 'gamma': 0.4}. Best is trial 401 with value: 0.509487480687081.
[I 2023-10-19 19:55:40,808] Trial 425 finished with value: 0.45482297918300896 and parameters: {'w0': 0.171, 'w1': 0.975, 'w2': 0.122, 'w3': 0.146, 'w4': 0.9390000000000001, 'w5': 0.992, 'w6': 0.291, 'w7': 0.101, 'w8': 0.717, 'max_depth': 5, 'min_child_weight': 16, 'subsample': 0.8, 'colsample_bytree': 0.9000000000000001, 'gamma': 7.0}. Best is trial 401 with value: 0.509487480687081.
[I 2023-10-19 19:56:56,932] Trial 427 finished with value: 0.462264775645124 and parameters: {'w0': 0.185, 'w1': 0.977, 'w2': 0.125, 'w3': 0.46, 'w4': 0.9440000000000001, 'w5': 1.0, 'w6': 0.265, 'w7': 0.091, 'w8': 0.716, 'max_depth': 9, 'min_child_weight': 16, 'subsample': 0.8, 'colsample_bytree': 0.9000000000000001, 'gamma': 5.2}. Best is trial 401 with value: 0.509487480687081.
[I 2023-10-19 19:58:30,970] Trial 424 finished with value: 0.48824164724223706 and parameters: {'w0': 0.182, 'w1': 0.976, 'w2': 0.138, 'w3': 0.455, 'w4': 0.927, 'w5': 0.998, 'w6': 0.296, 'w7': 0.091, 'w8': 0.718, 'max_depth': 3, 'min_child_weight': 16, 'subsample': 0.8, 'colsample_bytree': 0.9000000000000001, 'gamma': 0.4}. Best is trial 401 with value: 0.509487480687081.
[I 2023-10-19 20:00:06,907] Trial 421 finished with value: 0.4405417255402976 and parameters: {'w0': 0.178, 'w1': 0.966, 'w2': 0.148, 'w3': 0.014000000000000002, 'w4': 0.909, 'w5': 1.0, 'w6': 0.297, 'w7': 0.092, 'w8': 0.716, 'max_depth': 5, 'min_child_weight': 16, 'subsample': 0.8, 'colsample_bytree': 0.9000000000000001, 'gamma': 0.4}. Best is trial 401 with value: 0.509487480687081.
[I 2023-10-19 20:00:06,990] Trial 428 finished with value: 0.4931640752438368 and parameters: {'w0': 0.183, 'w1': 0.984, 'w2': 0.124, 'w3': 0.453, 'w4': 0.931, 'w5': 1.0, 'w6': 0.292, 'w7': 0.101, 'w8': 0.713, 'max_depth': 3, 'min_child_weight': 16, 'subsample': 0.8, 'colsample_bytree': 0.9000000000000001, 'gamma': 0.4}. Best is trial 401 with value: 0.509487480687081.
[I 2023-10-19 20:00:35,093] Trial 422 finished with value: 0.5024902270948605 and parameters: {'w0': 0.17500000000000002, 'w1': 0.972, 'w2': 0.14500000000000002, 'w3': 0.51, 'w4': 0.916, 'w5': 1.0, 'w6': 0.292, 'w7': 0.095, 'w8': 0.721, 'max_depth': 5, 'min_child_weight': 16, 'subsample': 0.8, 'colsample_bytree': 0.9000000000000001, 'gamma': 0.4}. Best is trial 401 with value: 0.509487480687081.
[I 2023-10-19 20:00:56,863] Trial 419 finished with value: 0.5045217945856616 and parameters: {'w0': 0.161, 'w1': 0.983, 'w2': 0.14500000000000002, 'w3': 0.516, 'w4': 0.916, 'w5': 1.0, 'w6': 0.267, 'w7': 0.131, 'w8': 0.715, 'max_depth': 9, 'min_child_weight': 16, 'subsample': 0.8, 'colsample_bytree': 0.9000000000000001, 'gamma': 0.4}. Best is trial 401 with value: 0.509487480687081.
[I 2023-10-19 20:03:17,471] Trial 430 finished with value: 0.5014865190907026 and parameters: {'w0': 0.188, 'w1': 0.982, 'w2': 0.122, 'w3': 0.431, 'w4': 0.936, 'w5': 0.996, 'w6': 0.266, 'w7': 0.095, 'w8': 0.71, 'max_depth': 5, 'min_child_weight': 16, 'subsample': 0.8, 'colsample_bytree': 0.9000000000000001, 'gamma': 0.4}. Best is trial 401 with value: 0.509487480687081.
[I 2023-10-19 20:03:46,137] Trial 431 finished with value: 0.5033870647097968 and parameters: {'w0': 0.191, 'w1': 0.989, 'w2': 0.117, 'w3': 0.265, 'w4': 0.9410000000000001, 'w5': 0.993, 'w6': 0.275, 'w7': 0.092, 'w8': 0.706, 'max_depth': 5, 'min_child_weight': 16, 'subsample': 0.8, 'colsample_bytree': 0.9000000000000001, 'gamma': 0.4}. Best is trial 401 with value: 0.509487480687081.
[I 2023-10-19 20:03:50,045] Trial 433 finished with value: 0.45391251093813634 and parameters: {'w0': 0.189, 'w1': 0.974, 'w2': 0.11800000000000001, 'w3': 0.512, 'w4': 0.9380000000000001, 'w5': 0.999, 'w6': 0.256, 'w7': 0.498, 'w8': 0.712, 'max_depth': 5, 'min_child_weight': 16, 'subsample': 0.8, 'colsample_bytree': 0.9000000000000001, 'gamma': 0.8}. Best is trial 401 with value: 0.509487480687081.
[I 2023-10-19 20:04:30,062] Trial 434 finished with value: 0.5031623362373728 and parameters: {'w0': 0.188, 'w1': 0.976, 'w2': 0.114, 'w3': 0.467, 'w4': 0.9410000000000001, 'w5': 0.997, 'w6': 0.263, 'w7': 0.096, 'w8': 0.708, 'max_depth': 9, 'min_child_weight': 16, 'subsample': 0.8, 'colsample_bytree': 0.9000000000000001, 'gamma': 0.8}. Best is trial 401 with value: 0.509487480687081.
[I 2023-10-19 20:04:33,799] Trial 436 finished with value: 0.4995869068430937 and parameters: {'w0': 0.187, 'w1': 0.979, 'w2': 0.114, 'w3': 0.419, 'w4': 0.9450000000000001, 'w5': 0.98, 'w6': 0.257, 'w7': 0.091, 'w8': 0.705, 'max_depth': 5, 'min_child_weight': 16, 'subsample': 0.8, 'colsample_bytree': 0.9000000000000001, 'gamma': 0.8}. Best is trial 401 with value: 0.509487480687081.
[I 2023-10-19 20:04:47,945] Trial 435 finished with value: 0.4979922526656215 and parameters: {'w0': 0.193, 'w1': 0.981, 'w2': 0.115, 'w3': 0.47000000000000003, 'w4': 0.9440000000000001, 'w5': 0.987, 'w6': 0.263, 'w7': 0.09, 'w8': 0.707, 'max_depth': 5, 'min_child_weight': 16, 'subsample': 0.8, 'colsample_bytree': 0.9000000000000001, 'gamma': 0.8}. Best is trial 401 with value: 0.509487480687081.
[I 2023-10-19 20:05:03,939] Trial 437 finished with value: 0.43130976264670207 and parameters: {'w0': 0.188, 'w1': 0.9440000000000001, 'w2': 0.113, 'w3': 0.04, 'w4': 0.933, 'w5': 0.983, 'w6': 0.267, 'w7': 0.008, 'w8': 0.6990000000000001, 'max_depth': 5, 'min_child_weight': 16, 'subsample': 0.8, 'colsample_bytree': 0.9000000000000001, 'gamma': 0.8}. Best is trial 401 with value: 0.509487480687081.
[I 2023-10-19 20:05:40,601] Trial 426 finished with value: 0.5071322835594565 and parameters: {'w0': 0.188, 'w1': 0.987, 'w2': 0.122, 'w3': 0.113, 'w4': 0.936, 'w5': 0.997, 'w6': 0.266, 'w7': 0.093, 'w8': 0.714, 'max_depth': 9, 'min_child_weight': 16, 'subsample': 0.8, 'colsample_bytree': 0.9000000000000001, 'gamma': 0.4}. Best is trial 401 with value: 0.509487480687081.
[I 2023-10-19 20:06:51,273] Trial 438 finished with value: 0.49986594574836707 and parameters: {'w0': 0.195, 'w1': 1.0, 'w2': 0.123, 'w3': 0.461, 'w4': 0.935, 'w5': 0.982, 'w6': 0.264, 'w7': 0.096, 'w8': 0.7040000000000001, 'max_depth': 5, 'min_child_weight': 16, 'subsample': 0.8, 'colsample_bytree': 0.9000000000000001, 'gamma': 0.8}. Best is trial 401 with value: 0.509487480687081.
[I 2023-10-19 20:07:06,972] Trial 429 finished with value: 0.4991047270941576 and parameters: {'w0': 0.184, 'w1': 0.986, 'w2': 0.122, 'w3': 0.504, 'w4': 0.9450000000000001, 'w5': 0.999, 'w6': 0.291, 'w7': 0.08600000000000001, 'w8': 0.711, 'max_depth': 9, 'min_child_weight': 16, 'subsample': 0.8, 'colsample_bytree': 0.9000000000000001, 'gamma': 0.4}. Best is trial 401 with value: 0.509487480687081.
[I 2023-10-19 20:07:14,432] Trial 432 finished with value: 0.4690533575149203 and parameters: {'w0': 0.195, 'w1': 0.982, 'w2': 0.976, 'w3': 0.41600000000000004, 'w4': 0.934, 'w5': 0.995, 'w6': 0.259, 'w7': 0.1, 'w8': 0.705, 'max_depth': 9, 'min_child_weight': 16, 'subsample': 0.8, 'colsample_bytree': 0.9000000000000001, 'gamma': 0.8}. Best is trial 401 with value: 0.509487480687081.
[I 2023-10-19 20:08:43,145] Trial 439 finished with value: 0.4845902745560407 and parameters: {'w0': 0.192, 'w1': 0.9380000000000001, 'w2': 0.114, 'w3': 0.503, 'w4': 0.9470000000000001, 'w5': 0.982, 'w6': 0.264, 'w7': 0.184, 'w8': 0.732, 'max_depth': 5, 'min_child_weight': 16, 'subsample': 0.8, 'colsample_bytree': 0.9000000000000001, 'gamma': 0.8}. Best is trial 401 with value: 0.509487480687081.
[I 2023-10-19 20:09:51,284] Trial 440 finished with value: 0.497964590219952 and parameters: {'w0': 0.198, 'w1': 0.937, 'w2': 0.109, 'w3': 0.28600000000000003, 'w4': 0.936, 'w5': 0.981, 'w6': 0.23500000000000001, 'w7': 0.131, 'w8': 0.7040000000000001, 'max_depth': 5, 'min_child_weight': 16, 'subsample': 0.8, 'colsample_bytree': 0.9000000000000001, 'gamma': 0.8}. Best is trial 401 with value: 0.509487480687081.
[I 2023-10-19 20:10:23,553] Trial 442 finished with value: 0.4640977154269317 and parameters: {'w0': 0.195, 'w1': 0.936, 'w2': 0.062, 'w3': 0.502, 'w4': 0.9480000000000001, 'w5': 0.98, 'w6': 0.244, 'w7': 0.179, 'w8': 0.6960000000000001, 'max_depth': 5, 'min_child_weight': 16, 'subsample': 0.8, 'colsample_bytree': 0.9000000000000001, 'gamma': 0.8}. Best is trial 401 with value: 0.509487480687081.
[I 2023-10-19 20:10:24,255] Trial 441 finished with value: 0.4623786525623118 and parameters: {'w0': 0.195, 'w1': 0.9400000000000001, 'w2': 0.058, 'w3': 0.505, 'w4': 0.9530000000000001, 'w5': 0.98, 'w6': 0.264, 'w7': 0.185, 'w8': 0.6990000000000001, 'max_depth': 5, 'min_child_weight': 16, 'subsample': 0.8, 'colsample_bytree': 0.9000000000000001, 'gamma': 0.8}. Best is trial 401 with value: 0.509487480687081.
