[I 2023-10-19 04:28:27,867] Trial 1355 finished with value: 0.5377148025309464 and parameters: {'w0': 0.20500000000000002, 'w1': 0.971, 'w2': 0.201, 'w3': 0.383, 'w4': 0.798, 'w5': 0.986, 'w6': 0.634, 'w7': 0.163, 'w8': 0.75, 'max_depth': 9, 'min_child_weight': 18, 'subsample': 1.0, 'colsample_bytree': 0.4, 'gamma': 0.2}. Best is trial 1334 with value: 0.5442704750798081.
[I 2023-10-19 04:28:41,208] Trial 1358 finished with value: 0.502648240155665 and parameters: {'w0': 0.20600000000000002, 'w1': 0.9600000000000001, 'w2': 0.201, 'w3': 0.361, 'w4': 0.796, 'w5': 0.972, 'w6': 0.529, 'w7': 0.378, 'w8': 0.754, 'max_depth': 9, 'min_child_weight': 18, 'subsample': 1.0, 'colsample_bytree': 0.6000000000000001, 'gamma': 0.4}. Best is trial 1334 with value: 0.5442704750798081.
[I 2023-10-19 04:29:08,576] Trial 1361 finished with value: 0.5330749463183612 and parameters: {'w0': 0.201, 'w1': 1.0, 'w2': 0.20600000000000002, 'w3': 0.247, 'w4': 0.795, 'w5': 0.975, 'w6': 0.523, 'w7': 0.168, 'w8': 0.757, 'max_depth': 9, 'min_child_weight': 18, 'subsample': 1.0, 'colsample_bytree': 0.5, 'gamma': 0.4}. Best is trial 1334 with value: 0.5442704750798081.
[I 2023-10-19 04:29:10,542] Trial 1360 finished with value: 0.5353458152012458 and parameters: {'w0': 0.20400000000000001, 'w1': 0.971, 'w2': 0.20500000000000002, 'w3': 0.34500000000000003, 'w4': 0.798, 'w5': 0.9510000000000001, 'w6': 0.523, 'w7': 0.156, 'w8': 0.767, 'max_depth': 9, 'min_child_weight': 18, 'subsample': 1.0, 'colsample_bytree': 0.5, 'gamma': 0.4}. Best is trial 1334 with value: 0.5442704750798081.
[I 2023-10-19 04:30:37,788] Trial 1362 finished with value: 0.5332456148340508 and parameters: {'w0': 0.195, 'w1': 0.9480000000000001, 'w2': 0.216, 'w3': 0.332, 'w4': 0.797, 'w5': 0.979, 'w6': 0.499, 'w7': 0.165, 'w8': 0.769, 'max_depth': 9, 'min_child_weight': 18, 'subsample': 1.0, 'colsample_bytree': 0.5, 'gamma': 0.4}. Best is trial 1334 with value: 0.5442704750798081.
[I 2023-10-19 04:30:40,446] Trial 1363 finished with value: 0.5336018370500604 and parameters: {'w0': 0.186, 'w1': 0.982, 'w2': 0.163, 'w3': 0.244, 'w4': 0.8, 'w5': 0.968, 'w6': 0.529, 'w7': 0.125, 'w8': 0.754, 'max_depth': 9, 'min_child_weight': 18, 'subsample': 1.0, 'colsample_bytree': 0.4, 'gamma': 0.4}. Best is trial 1334 with value: 0.5442704750798081.
[I 2023-10-19 04:31:11,491] Trial 1364 finished with value: 0.5374825748224222 and parameters: {'w0': 0.202, 'w1': 0.9470000000000001, 'w2': 0.17200000000000001, 'w3': 0.34800000000000003, 'w4': 0.796, 'w5': 0.963, 'w6': 0.52, 'w7': 0.158, 'w8': 0.743, 'max_depth': 9, 'min_child_weight': 18, 'subsample': 1.0, 'colsample_bytree': 0.4, 'gamma': 0.4}. Best is trial 1334 with value: 0.5442704750798081.
[I 2023-10-19 04:31:20,986] Trial 1365 finished with value: 0.5382511153356235 and parameters: {'w0': 0.196, 'w1': 0.9490000000000001, 'w2': 0.177, 'w3': 0.242, 'w4': 0.986, 'w5': 0.97, 'w6': 0.53, 'w7': 0.146, 'w8': 0.766, 'max_depth': 9, 'min_child_weight': 18, 'subsample': 1.0, 'colsample_bytree': 0.6000000000000001, 'gamma': 0.4}. Best is trial 1334 with value: 0.5442704750798081.
[I 2023-10-19 04:31:48,515] Trial 1366 finished with value: 0.5350036642134331 and parameters: {'w0': 0.197, 'w1': 0.9440000000000001, 'w2': 0.17400000000000002, 'w3': 0.241, 'w4': 0.785, 'w5': 0.976, 'w6': 0.524, 'w7': 0.148, 'w8': 0.769, 'max_depth': 9, 'min_child_weight': 18, 'subsample': 1.0, 'colsample_bytree': 0.4, 'gamma': 0.4}. Best is trial 1334 with value: 0.5442704750798081.
[I 2023-10-19 04:32:18,932] Trial 1368 finished with value: 0.5334326609724738 and parameters: {'w0': 0.193, 'w1': 0.9470000000000001, 'w2': 0.214, 'w3': 0.246, 'w4': 0.785, 'w5': 0.97, 'w6': 0.524, 'w7': 0.166, 'w8': 0.747, 'max_depth': 9, 'min_child_weight': 18, 'subsample': 1.0, 'colsample_bytree': 0.6000000000000001, 'gamma': 0.4}. Best is trial 1334 with value: 0.5442704750798081.
[I 2023-10-19 04:33:18,250] Trial 1369 finished with value: 0.5347700917120772 and parameters: {'w0': 0.2, 'w1': 0.9490000000000001, 'w2': 0.222, 'w3': 0.244, 'w4': 0.784, 'w5': 0.966, 'w6': 0.491, 'w7': 0.155, 'w8': 0.771, 'max_depth': 9, 'min_child_weight': 18, 'subsample': 1.0, 'colsample_bytree': 0.5, 'gamma': 0.4}. Best is trial 1334 with value: 0.5442704750798081.
[I 2023-10-19 04:34:05,226] Trial 1373 finished with value: 0.48364929101956394 and parameters: {'w0': 0.186, 'w1': 0.9410000000000001, 'w2': 0.163, 'w3': 0.248, 'w4': 0.768, 'w5': 0.9480000000000001, 'w6': 0.498, 'w7': 0.11900000000000001, 'w8': 0.775, 'max_depth': 9, 'min_child_weight': 18, 'subsample': 1.0, 'colsample_bytree': 0.6000000000000001, 'gamma': 7.0}. Best is trial 1334 with value: 0.5442704750798081.
[I 2023-10-19 04:42:56,007] Trial 1371 finished with value: 0.5388343205297856 and parameters: {'w0': 0.186, 'w1': 0.999, 'w2': 0.17300000000000001, 'w3': 0.248, 'w4': 0.771, 'w5': 0.9440000000000001, 'w6': 0.489, 'w7': 0.11900000000000001, 'w8': 0.8260000000000001, 'max_depth': 9, 'min_child_weight': 18, 'subsample': 1.0, 'colsample_bytree': 0.5, 'gamma': 0.0}. Best is trial 1334 with value: 0.5442704750798081.
[I 2023-10-19 04:42:59,510] Trial 1370 finished with value: 0.5091993904668044 and parameters: {'w0': 0.188, 'w1': 0.9470000000000001, 'w2': 0.224, 'w3': 0.246, 'w4': 0.777, 'w5': 0.971, 'w6': 0.491, 'w7': 0.38, 'w8': 0.776, 'max_depth': 9, 'min_child_weight': 18, 'subsample': 1.0, 'colsample_bytree': 0.5, 'gamma': 0.0}. Best is trial 1334 with value: 0.5442704750798081.
[I 2023-10-19 04:44:36,537] Trial 1372 finished with value: 0.5352494070856202 and parameters: {'w0': 0.186, 'w1': 1.0, 'w2': 0.166, 'w3': 0.248, 'w4': 0.77, 'w5': 0.963, 'w6': 0.502, 'w7': 0.11800000000000001, 'w8': 0.729, 'max_depth': 9, 'min_child_weight': 18, 'subsample': 1.0, 'colsample_bytree': 0.5, 'gamma': 0.0}. Best is trial 1334 with value: 0.5442704750798081.
[I 2023-10-19 04:45:06,998] Trial 1374 finished with value: 0.5400031214278995 and parameters: {'w0': 0.182, 'w1': 0.9410000000000001, 'w2': 0.169, 'w3': 0.247, 'w4': 0.77, 'w5': 0.9490000000000001, 'w6': 0.495, 'w7': 0.121, 'w8': 0.8230000000000001, 'max_depth': 9, 'min_child_weight': 18, 'subsample': 1.0, 'colsample_bytree': 0.5, 'gamma': 0.0}. Best is trial 1334 with value: 0.5442704750798081.
[I 2023-10-19 04:45:58,221] Trial 1376 finished with value: 0.5405846169594739 and parameters: {'w0': 0.183, 'w1': 0.9480000000000001, 'w2': 0.162, 'w3': 0.248, 'w4': 0.767, 'w5': 0.9560000000000001, 'w6': 0.498, 'w7': 0.11900000000000001, 'w8': 0.8290000000000001, 'max_depth': 9, 'min_child_weight': 18, 'subsample': 1.0, 'colsample_bytree': 0.5, 'gamma': 0.0}. Best is trial 1334 with value: 0.5442704750798081.
[I 2023-10-19 04:46:06,480] Trial 1377 finished with value: 0.539475614290476 and parameters: {'w0': 0.17500000000000002, 'w1': 0.9450000000000001, 'w2': 0.17, 'w3': 0.23800000000000002, 'w4': 0.77, 'w5': 0.9490000000000001, 'w6': 0.499, 'w7': 0.11900000000000001, 'w8': 0.8250000000000001, 'max_depth': 9, 'min_child_weight': 18, 'subsample': 1.0, 'colsample_bytree': 0.5, 'gamma': 0.0}. Best is trial 1334 with value: 0.5442704750798081.
[I 2023-10-19 04:46:26,330] Trial 1379 finished with value: 0.4955434504977421 and parameters: {'w0': 0.179, 'w1': 0.9500000000000001, 'w2': 0.168, 'w3': 0.23800000000000002, 'w4': 0.766, 'w5': 0.936, 'w6': 0.035, 'w7': 0.11800000000000001, 'w8': 0.8260000000000001, 'max_depth': 9, 'min_child_weight': 18, 'subsample': 1.0, 'colsample_bytree': 0.5, 'gamma': 0.0}. Best is trial 1334 with value: 0.5442704750798081.
[I 2023-10-19 04:46:30,659] Trial 1375 finished with value: 0.5048611823928885 and parameters: {'w0': 0.179, 'w1': 0.9440000000000001, 'w2': 0.159, 'w3': 0.247, 'w4': 0.774, 'w5': 0.9450000000000001, 'w6': 0.496, 'w7': 0.384, 'w8': 0.8200000000000001, 'max_depth': 9, 'min_child_weight': 18, 'subsample': 1.0, 'colsample_bytree': 0.6000000000000001, 'gamma': 0.0}. Best is trial 1334 with value: 0.5442704750798081.
[I 2023-10-19 04:47:21,613] Trial 1378 finished with value: 0.4897598688237521 and parameters: {'w0': 0.18, 'w1': 0.9450000000000001, 'w2': 0.168, 'w3': 0.251, 'w4': 0.768, 'w5': 0.9440000000000001, 'w6': 0.497, 'w7': 0.602, 'w8': 0.8230000000000001, 'max_depth': 9, 'min_child_weight': 18, 'subsample': 1.0, 'colsample_bytree': 0.6000000000000001, 'gamma': 0.0}. Best is trial 1334 with value: 0.5442704750798081.
[I 2023-10-19 04:47:50,231] Trial 1380 finished with value: 0.539398744356735 and parameters: {'w0': 0.17400000000000002, 'w1': 0.9440000000000001, 'w2': 0.167, 'w3': 0.253, 'w4': 0.77, 'w5': 0.9430000000000001, 'w6': 0.498, 'w7': 0.117, 'w8': 0.715, 'max_depth': 9, 'min_child_weight': 18, 'subsample': 1.0, 'colsample_bytree': 0.5, 'gamma': 0.0}. Best is trial 1334 with value: 0.5442704750798081.
[I 2023-10-19 04:47:59,684] Trial 1383 finished with value: 0.48847712429587736 and parameters: {'w0': 0.179, 'w1': 0.928, 'w2': 0.164, 'w3': 0.253, 'w4': 0.767, 'w5': 0.935, 'w6': 0.030000000000000002, 'w7': 0.11900000000000001, 'w8': 0.721, 'max_depth': 9, 'min_child_weight': 18, 'subsample': 0.9000000000000001, 'colsample_bytree': 0.5, 'gamma': 0.0}. Best is trial 1334 with value: 0.5442704750798081.
[I 2023-10-19 04:48:46,077] Trial 1381 finished with value: 0.5326265412295916 and parameters: {'w0': 0.451, 'w1': 0.9410000000000001, 'w2': 0.16, 'w3': 0.244, 'w4': 0.767, 'w5': 0.9450000000000001, 'w6': 0.495, 'w7': 0.122, 'w8': 0.8140000000000001, 'max_depth': 9, 'min_child_weight': 18, 'subsample': 1.0, 'colsample_bytree': 0.5, 'gamma': 0.0}. Best is trial 1334 with value: 0.5442704750798081.
[I 2023-10-19 04:48:46,351] Trial 1382 finished with value: 0.5394194765535038 and parameters: {'w0': 0.17600000000000002, 'w1': 1.0, 'w2': 0.165, 'w3': 0.29, 'w4': 0.768, 'w5': 0.9420000000000001, 'w6': 0.495, 'w7': 0.122, 'w8': 0.8250000000000001, 'max_depth': 9, 'min_child_weight': 18, 'subsample': 0.9000000000000001, 'colsample_bytree': 0.5, 'gamma': 0.0}. Best is trial 1334 with value: 0.5442704750798081.
[I 2023-10-19 04:49:34,228] Trial 1384 finished with value: 0.5303159732123366 and parameters: {'w0': 0.177, 'w1': 0.924, 'w2': 0.161, 'w3': 0.253, 'w4': 0.464, 'w5': 0.9510000000000001, 'w6': 0.556, 'w7': 0.11900000000000001, 'w8': 0.8180000000000001, 'max_depth': 9, 'min_child_weight': 18, 'subsample': 0.9000000000000001, 'colsample_bytree': 0.5, 'gamma': 0.0}. Best is trial 1334 with value: 0.5442704750798081.
[I 2023-10-19 04:50:25,858] Trial 1385 finished with value: 0.5394610879629788 and parameters: {'w0': 0.177, 'w1': 0.933, 'w2': 0.161, 'w3': 0.251, 'w4': 0.762, 'w5': 0.9430000000000001, 'w6': 0.497, 'w7': 0.11800000000000001, 'w8': 0.791, 'max_depth': 9, 'min_child_weight': 18, 'subsample': 0.9000000000000001, 'colsample_bytree': 0.5, 'gamma': 0.0}. Best is trial 1334 with value: 0.5442704750798081.
[I 2023-10-19 04:51:53,736] Trial 1386 finished with value: 0.5245315610038365 and parameters: {'w0': 0.17400000000000002, 'w1': 0.93, 'w2': 0.385, 'w3': 0.256, 'w4': 0.932, 'w5': 0.9430000000000001, 'w6': 0.556, 'w7': 0.11800000000000001, 'w8': 0.709, 'max_depth': 9, 'min_child_weight': 18, 'subsample': 0.9000000000000001, 'colsample_bytree': 0.5, 'gamma': 0.0}. Best is trial 1334 with value: 0.5442704750798081.
[I 2023-10-19 04:59:21,943] Trial 1388 finished with value: 0.4904388644814607 and parameters: {'w0': 0.17200000000000001, 'w1': 1.0, 'w2': 0.158, 'w3': 0.28700000000000003, 'w4': 0.765, 'w5': 0.9440000000000001, 'w6': 0.030000000000000002, 'w7': 0.115, 'w8': 0.8240000000000001, 'max_depth': 9, 'min_child_weight': 18, 'subsample': 0.9000000000000001, 'colsample_bytree': 0.5, 'gamma': 0.0}. Best is trial 1334 with value: 0.5442704750798081.
[I 2023-10-19 05:00:31,850] Trial 1387 finished with value: 0.5391830056541447 and parameters: {'w0': 0.17400000000000002, 'w1': 0.9380000000000001, 'w2': 0.153, 'w3': 0.281, 'w4': 0.767, 'w5': 0.93, 'w6': 0.557, 'w7': 0.116, 'w8': 0.8290000000000001, 'max_depth': 9, 'min_child_weight': 18, 'subsample': 0.9000000000000001, 'colsample_bytree': 0.5, 'gamma': 0.0}. Best is trial 1334 with value: 0.5442704750798081.
[I 2023-10-19 05:02:45,796] Trial 1390 finished with value: 0.5377397285186938 and parameters: {'w0': 0.17300000000000001, 'w1': 1.0, 'w2': 0.159, 'w3': 0.28400000000000003, 'w4': 0.766, 'w5': 0.9500000000000001, 'w6': 0.553, 'w7': 0.131, 'w8': 0.8190000000000001, 'max_depth': 9, 'min_child_weight': 18, 'subsample': 1.0, 'colsample_bytree': 0.6000000000000001, 'gamma': 0.0}. Best is trial 1334 with value: 0.5442704750798081.
[I 2023-10-19 05:03:22,740] Trial 1389 finished with value: 0.4771846683106713 and parameters: {'w0': 0.171, 'w1': 0.9400000000000001, 'w2': 0.155, 'w3': 0.29, 'w4': 0.765, 'w5': 0.9380000000000001, 'w6': 0.549, 'w7': 0.8140000000000001, 'w8': 0.8160000000000001, 'max_depth': 9, 'min_child_weight': 18, 'subsample': 0.9000000000000001, 'colsample_bytree': 0.5, 'gamma': 0.0}. Best is trial 1334 with value: 0.5442704750798081.
[I 2023-10-19 05:03:36,929] Trial 1391 finished with value: 0.528883877706078 and parameters: {'w0': 0.17500000000000002, 'w1': 0.934, 'w2': 0.23700000000000002, 'w3': 0.28300000000000003, 'w4': 0.76, 'w5': 0.9430000000000001, 'w6': 0.55, 'w7': 0.126, 'w8': 0.804, 'max_depth': 9, 'min_child_weight': 18, 'subsample': 1.0, 'colsample_bytree': 0.5, 'gamma': 0.0}. Best is trial 1334 with value: 0.5442704750798081.
[I 2023-10-19 05:04:01,967] Trial 1392 finished with value: 0.48936879746896633 and parameters: {'w0': 0.177, 'w1': 0.933, 'w2': 0.17300000000000001, 'w3': 0.28600000000000003, 'w4': 0.76, 'w5': 0.9390000000000001, 'w6': 0.547, 'w7': 0.609, 'w8': 0.8130000000000001, 'max_depth': 9, 'min_child_weight': 18, 'subsample': 1.0, 'colsample_bytree': 0.5, 'gamma': 0.0}. Best is trial 1334 with value: 0.5442704750798081.
[I 2023-10-19 05:04:13,456] Trial 1394 finished with value: 0.537640911711165 and parameters: {'w0': 0.17400000000000002, 'w1': 0.933, 'w2': 0.17300000000000001, 'w3': 0.28, 'w4': 0.761, 'w5': 0.9380000000000001, 'w6': 0.546, 'w7': 0.14100000000000001, 'w8': 0.8160000000000001, 'max_depth': 9, 'min_child_weight': 18, 'subsample': 1.0, 'colsample_bytree': 0.5, 'gamma': 0.0}. Best is trial 1334 with value: 0.5442704750798081.
[I 2023-10-19 05:04:14,091] Trial 1393 finished with value: 0.5375760984455344 and parameters: {'w0': 0.17600000000000002, 'w1': 0.932, 'w2': 0.244, 'w3': 0.295, 'w4': 0.758, 'w5': 0.934, 'w6': 0.551, 'w7': 0.136, 'w8': 0.791, 'max_depth': 9, 'min_child_weight': 18, 'subsample': 1.0, 'colsample_bytree': 0.5, 'gamma': 0.0}. Best is trial 1334 with value: 0.5442704750798081.
[I 2023-10-19 05:04:34,459] Trial 1395 finished with value: 0.5358824673173275 and parameters: {'w0': 0.17200000000000001, 'w1': 0.926, 'w2': 0.177, 'w3': 0.267, 'w4': 0.758, 'w5': 0.934, 'w6': 0.552, 'w7': 0.138, 'w8': 0.794, 'max_depth': 9, 'min_child_weight': 18, 'subsample': 1.0, 'colsample_bytree': 0.5, 'gamma': 0.0}. Best is trial 1334 with value: 0.5442704750798081.
[I 2023-10-19 05:05:30,478] Trial 1396 finished with value: 0.541312490193899 and parameters: {'w0': 0.221, 'w1': 0.929, 'w2': 0.16, 'w3': 0.28200000000000003, 'w4': 0.745, 'w5': 0.936, 'w6': 0.551, 'w7': 0.139, 'w8': 0.809, 'max_depth': 9, 'min_child_weight': 18, 'subsample': 1.0, 'colsample_bytree': 0.5, 'gamma': 0.0}. Best is trial 1334 with value: 0.5442704750798081.
[I 2023-10-19 05:05:40,725] Trial 1397 finished with value: 0.5246170204362469 and parameters: {'w0': 0.219, 'w1': 0.93, 'w2': 0.387, 'w3': 0.299, 'w4': 0.745, 'w5': 0.936, 'w6': 0.549, 'w7': 0.134, 'w8': 0.788, 'max_depth': 9, 'min_child_weight': 18, 'subsample': 1.0, 'colsample_bytree': 0.5, 'gamma': 0.0}. Best is trial 1334 with value: 0.5442704750798081.
[I 2023-10-19 05:06:09,798] Trial 1399 finished with value: 0.5334965585067639 and parameters: {'w0': 0.215, 'w1': 0.981, 'w2': 0.17600000000000002, 'w3': 0.28800000000000003, 'w4': 0.746, 'w5': 0.995, 'w6': 0.549, 'w7': 0.139, 'w8': 0.81, 'max_depth': 9, 'min_child_weight': 18, 'subsample': 1.0, 'colsample_bytree': 0.5, 'gamma': 0.0}. Best is trial 1334 with value: 0.5442704750798081.
[I 2023-10-19 05:06:18,783] Trial 1398 finished with value: 0.5384189102096092 and parameters: {'w0': 0.257, 'w1': 0.928, 'w2': 0.17200000000000001, 'w3': 0.28300000000000003, 'w4': 0.746, 'w5': 0.932, 'w6': 0.557, 'w7': 0.139, 'w8': 0.786, 'max_depth': 9, 'min_child_weight': 18, 'subsample': 1.0, 'colsample_bytree': 0.5, 'gamma': 0.0}. Best is trial 1334 with value: 0.5442704750798081.
[I 2023-10-19 05:07:12,543] Trial 1400 finished with value: 0.5387720636771552 and parameters: {'w0': 0.169, 'w1': 0.98, 'w2': 0.18, 'w3': 0.278, 'w4': 0.744, 'w5': 0.997, 'w6': 0.547, 'w7': 0.14, 'w8': 0.785, 'max_depth': 9, 'min_child_weight': 18, 'subsample': 1.0, 'colsample_bytree': 0.5, 'gamma': 0.0}. Best is trial 1334 with value: 0.5442704750798081.
[I 2023-10-19 05:07:37,871] Trial 1401 finished with value: 0.534630877199269 and parameters: {'w0': 0.215, 'w1': 0.985, 'w2': 0.184, 'w3': 0.28800000000000003, 'w4': 0.743, 'w5': 0.937, 'w6': 0.548, 'w7': 0.139, 'w8': 0.787, 'max_depth': 9, 'min_child_weight': 18, 'subsample': 1.0, 'colsample_bytree': 0.5, 'gamma': 0.0}. Best is trial 1334 with value: 0.5442704750798081.
[I 2023-10-19 05:09:08,041] Trial 1402 finished with value: 0.5355297545096895 and parameters: {'w0': 0.234, 'w1': 0.98, 'w2': 0.181, 'w3': 0.219, 'w4': 0.742, 'w5': 0.997, 'w6': 0.551, 'w7': 0.14100000000000001, 'w8': 0.796, 'max_depth': 9, 'min_child_weight': 18, 'subsample': 1.0, 'colsample_bytree': 0.5, 'gamma': 0.0}. Best is trial 1334 with value: 0.5442704750798081.
[I 2023-10-19 05:10:57,879] Trial 1412 finished with value: 0.47354097034887327 and parameters: {'w0': 0.244, 'w1': 0.979, 'w2': 0.20600000000000002, 'w3': 0.299, 'w4': 0.737, 'w5': 0.99, 'w6': 0.583, 'w7': 0.182, 'w8': 0.842, 'max_depth': 9, 'min_child_weight': 18, 'subsample': 1.0, 'colsample_bytree': 0.5, 'gamma': 9.0}. Best is trial 1334 with value: 0.5442704750798081.
[I 2023-10-19 05:16:39,845] Trial 1403 finished with value: 0.5337407632463158 and parameters: {'w0': 0.215, 'w1': 0.977, 'w2': 0.227, 'w3': 0.28600000000000003, 'w4': 0.74, 'w5': 0.927, 'w6': 0.549, 'w7': 0.137, 'w8': 0.795, 'max_depth': 9, 'min_child_weight': 18, 'subsample': 1.0, 'colsample_bytree': 0.5, 'gamma': 0.0}. Best is trial 1334 with value: 0.5442704750798081.
[I 2023-10-19 05:17:33,741] Trial 1411 finished with value: 0.5332553845594528 and parameters: {'w0': 0.219, 'w1': 0.974, 'w2': 0.153, 'w3': 0.221, 'w4': 0.748, 'w5': 1.0, 'w6': 0.47700000000000004, 'w7': 0.147, 'w8': 0.838, 'max_depth': 9, 'min_child_weight': 18, 'subsample': 1.0, 'colsample_bytree': 0.5, 'gamma': 0.2}. Best is trial 1334 with value: 0.5442704750798081.
[I 2023-10-19 05:17:50,524] Trial 1404 finished with value: 0.5306016945277109 and parameters: {'w0': 0.367, 'w1': 0.982, 'w2': 0.148, 'w3': 0.28400000000000003, 'w4': 0.747, 'w5': 0.926, 'w6': 0.47900000000000004, 'w7': 0.14200000000000002, 'w8': 0.795, 'max_depth': 9, 'min_child_weight': 18, 'subsample': 1.0, 'colsample_bytree': 0.5, 'gamma': 0.0}. Best is trial 1334 with value: 0.5442704750798081.
[I 2023-10-19 05:19:23,065] Trial 1413 finished with value: 0.535489353102353 and parameters: {'w0': 0.232, 'w1': 0.98, 'w2': 0.188, 'w3': 0.324, 'w4': 0.74, 'w5': 0.996, 'w6': 0.5760000000000001, 'w7': 0.184, 'w8': 0.8, 'max_depth': 9, 'min_child_weight': 18, 'subsample': 1.0, 'colsample_bytree': 0.6000000000000001, 'gamma': 0.2}. Best is trial 1334 with value: 0.5442704750798081.
[I 2023-10-19 05:19:40,829] Trial 1405 finished with value: 0.5365866470637398 and parameters: {'w0': 0.232, 'w1': 0.976, 'w2': 0.181, 'w3': 0.28300000000000003, 'w4': 0.743, 'w5': 0.999, 'w6': 0.47200000000000003, 'w7': 0.14, 'w8': 0.794, 'max_depth': 9, 'min_child_weight': 18, 'subsample': 1.0, 'colsample_bytree': 0.5, 'gamma': 0.0}. Best is trial 1334 with value: 0.5442704750798081.
[I 2023-10-19 05:19:43,603] Trial 1414 finished with value: 0.5397258599759174 and parameters: {'w0': 0.216, 'w1': 0.978, 'w2': 0.186, 'w3': 0.324, 'w4': 0.811, 'w5': 0.92, 'w6': 0.5760000000000001, 'w7': 0.154, 'w8': 0.842, 'max_depth': 9, 'min_child_weight': 18, 'subsample': 1.0, 'colsample_bytree': 0.5, 'gamma': 0.2}. Best is trial 1334 with value: 0.5442704750798081.
[I 2023-10-19 05:19:59,789] Trial 1415 finished with value: 0.5341652758941807 and parameters: {'w0': 0.225, 'w1': 0.979, 'w2': 0.188, 'w3': 0.316, 'w4': 0.746, 'w5': 0.999, 'w6': 0.58, 'w7': 0.181, 'w8': 0.84, 'max_depth': 9, 'min_child_weight': 18, 'subsample': 1.0, 'colsample_bytree': 0.5, 'gamma': 0.2}. Best is trial 1334 with value: 0.5442704750798081.
[I 2023-10-19 05:20:27,858] Trial 1406 finished with value: 0.5370475162227595 and parameters: {'w0': 0.278, 'w1': 0.981, 'w2': 0.181, 'w3': 0.225, 'w4': 0.744, 'w5': 0.931, 'w6': 0.47400000000000003, 'w7': 0.14, 'w8': 0.791, 'max_depth': 9, 'min_child_weight': 18, 'subsample': 1.0, 'colsample_bytree': 0.5, 'gamma': 0.0}. Best is trial 1334 with value: 0.5442704750798081.
[I 2023-10-19 05:20:39,788] Trial 1407 finished with value: 0.5365408774203634 and parameters: {'w0': 0.14100000000000001, 'w1': 0.978, 'w2': 0.184, 'w3': 0.221, 'w4': 0.785, 'w5': 0.924, 'w6': 0.488, 'w7': 0.132, 'w8': 0.786, 'max_depth': 9, 'min_child_weight': 18, 'subsample': 1.0, 'colsample_bytree': 0.5, 'gamma': 0.0}. Best is trial 1334 with value: 0.5442704750798081.
[I 2023-10-19 05:20:48,339] Trial 1408 finished with value: 0.5381639703261121 and parameters: {'w0': 0.218, 'w1': 0.979, 'w2': 0.186, 'w3': 0.222, 'w4': 0.745, 'w5': 0.924, 'w6': 0.47200000000000003, 'w7': 0.13, 'w8': 0.791, 'max_depth': 9, 'min_child_weight': 18, 'subsample': 1.0, 'colsample_bytree': 0.5, 'gamma': 0.0}. Best is trial 1334 with value: 0.5442704750798081.
