[I 2023-10-19 18:38:57,777] Trial 332 finished with value: 0.4970979437198921 and parameters: {'w0': 0.101, 'w1': 0.869, 'w2': 0.157, 'w3': 0.526, 'w4': 0.85, 'w5': 0.996, 'w6': 0.367, 'w7': 0.168, 'w8': 0.794, 'max_depth': 9, 'min_child_weight': 20, 'subsample': 0.7, 'colsample_bytree': 0.9000000000000001, 'gamma': 0.2}. Best is trial 320 with value: 0.5061035747408147.
[I 2023-10-19 18:39:06,422] Trial 333 finished with value: 0.5039853876723428 and parameters: {'w0': 0.101, 'w1': 0.869, 'w2': 0.154, 'w3': 0.53, 'w4': 0.866, 'w5': 1.0, 'w6': 0.366, 'w7': 0.11800000000000001, 'w8': 0.785, 'max_depth': 9, 'min_child_weight': 20, 'subsample': 0.7, 'colsample_bytree': 0.9000000000000001, 'gamma': 0.0}. Best is trial 320 with value: 0.5061035747408147.
[I 2023-10-19 18:40:40,160] Trial 334 finished with value: 0.5037353228538257 and parameters: {'w0': 0.099, 'w1': 0.872, 'w2': 0.166, 'w3': 0.53, 'w4': 0.857, 'w5': 1.0, 'w6': 0.365, 'w7': 0.121, 'w8': 0.787, 'max_depth': 9, 'min_child_weight': 20, 'subsample': 0.7, 'colsample_bytree': 0.9000000000000001, 'gamma': 0.2}. Best is trial 320 with value: 0.5061035747408147.
[I 2023-10-19 18:41:39,071] Trial 335 finished with value: 0.4945830349285863 and parameters: {'w0': 0.099, 'w1': 0.865, 'w2': 0.16, 'w3': 0.526, 'w4': 0.852, 'w5': 0.989, 'w6': 0.364, 'w7': 0.164, 'w8': 0.796, 'max_depth': 9, 'min_child_weight': 20, 'subsample': 0.7, 'colsample_bytree': 0.9000000000000001, 'gamma': 0.2}. Best is trial 320 with value: 0.5061035747408147.
[I 2023-10-19 18:42:03,662] Trial 336 finished with value: 0.4951839911922661 and parameters: {'w0': 0.095, 'w1': 0.873, 'w2': 0.14200000000000002, 'w3': 0.527, 'w4': 0.854, 'w5': 0.991, 'w6': 0.362, 'w7': 0.168, 'w8': 0.423, 'max_depth': 9, 'min_child_weight': 20, 'subsample': 0.8, 'colsample_bytree': 0.9000000000000001, 'gamma': 0.0}. Best is trial 320 with value: 0.5061035747408147.
[I 2023-10-19 18:42:56,649] Trial 337 finished with value: 0.4989350667420995 and parameters: {'w0': 0.093, 'w1': 0.872, 'w2': 0.133, 'w3': 0.523, 'w4': 0.848, 'w5': 0.998, 'w6': 0.361, 'w7': 0.169, 'w8': 0.795, 'max_depth': 9, 'min_child_weight': 20, 'subsample': 0.7, 'colsample_bytree': 0.9000000000000001, 'gamma': 0.0}. Best is trial 320 with value: 0.5061035747408147.
[I 2023-10-19 18:46:00,761] Trial 338 finished with value: 0.4994947095311075 and parameters: {'w0': 0.091, 'w1': 0.871, 'w2': 0.137, 'w3': 0.523, 'w4': 0.852, 'w5': 0.988, 'w6': 0.363, 'w7': 0.139, 'w8': 0.795, 'max_depth': 9, 'min_child_weight': 20, 'subsample': 0.7, 'colsample_bytree': 0.9000000000000001, 'gamma': 0.0}. Best is trial 320 with value: 0.5061035747408147.
[I 2023-10-19 18:49:10,932] Trial 339 finished with value: 0.4993366518873816 and parameters: {'w0': 0.096, 'w1': 0.877, 'w2': 0.109, 'w3': 0.52, 'w4': 0.85, 'w5': 0.987, 'w6': 0.364, 'w7': 0.14, 'w8': 0.795, 'max_depth': 10, 'min_child_weight': 20, 'subsample': 0.7, 'colsample_bytree': 0.9000000000000001, 'gamma': 0.0}. Best is trial 320 with value: 0.5061035747408147.
[I 2023-10-19 18:49:50,536] Trial 343 finished with value: 0.4986791991215517 and parameters: {'w0': 0.08800000000000001, 'w1': 0.796, 'w2': 0.14, 'w3': 0.524, 'w4': 0.848, 'w5': 0.998, 'w6': 0.366, 'w7': 0.17200000000000001, 'w8': 0.796, 'max_depth': 9, 'min_child_weight': 20, 'subsample': 0.7, 'colsample_bytree': 0.9000000000000001, 'gamma': 0.0}. Best is trial 320 with value: 0.5061035747408147.
[I 2023-10-19 18:49:50,742] Trial 341 finished with value: 0.5017222506397423 and parameters: {'w0': 0.091, 'w1': 0.875, 'w2': 0.133, 'w3': 0.524, 'w4': 0.853, 'w5': 0.985, 'w6': 0.36, 'w7': 0.111, 'w8': 0.788, 'max_depth': 10, 'min_child_weight': 20, 'subsample': 0.7, 'colsample_bytree': 0.9000000000000001, 'gamma': 0.0}. Best is trial 320 with value: 0.5061035747408147.
[I 2023-10-19 18:50:11,328] Trial 344 finished with value: 0.5027769950452146 and parameters: {'w0': 0.091, 'w1': 0.882, 'w2': 0.14200000000000002, 'w3': 0.528, 'w4': 0.85, 'w5': 0.989, 'w6': 0.36, 'w7': 0.11900000000000001, 'w8': 0.804, 'max_depth': 9, 'min_child_weight': 20, 'subsample': 0.7, 'colsample_bytree': 0.9000000000000001, 'gamma': 0.0}. Best is trial 320 with value: 0.5061035747408147.
[I 2023-10-19 18:50:14,092] Trial 340 finished with value: 0.5007991766443947 and parameters: {'w0': 0.094, 'w1': 0.873, 'w2': 0.127, 'w3': 0.515, 'w4': 0.838, 'w5': 0.978, 'w6': 0.367, 'w7': 0.136, 'w8': 0.801, 'max_depth': 10, 'min_child_weight': 20, 'subsample': 0.7, 'colsample_bytree': 0.9000000000000001, 'gamma': 0.0}. Best is trial 320 with value: 0.5061035747408147.
[I 2023-10-19 18:50:30,406] Trial 342 finished with value: 0.501280096316487 and parameters: {'w0': 0.08800000000000001, 'w1': 0.874, 'w2': 0.14500000000000002, 'w3': 0.518, 'w4': 0.843, 'w5': 0.98, 'w6': 0.357, 'w7': 0.114, 'w8': 0.801, 'max_depth': 10, 'min_child_weight': 20, 'subsample': 0.7, 'colsample_bytree': 0.9000000000000001, 'gamma': 0.0}. Best is trial 320 with value: 0.5061035747408147.
[I 2023-10-19 18:51:22,295] Trial 345 finished with value: 0.49237322916197385 and parameters: {'w0': 0.049, 'w1': 0.89, 'w2': 0.134, 'w3': 0.519, 'w4': 0.841, 'w5': 0.98, 'w6': 0.358, 'w7': 0.114, 'w8': 0.796, 'max_depth': 9, 'min_child_weight': 20, 'subsample': 0.7, 'colsample_bytree': 0.9000000000000001, 'gamma': 0.0}. Best is trial 320 with value: 0.5061035747408147.
[I 2023-10-19 18:52:21,505] Trial 346 finished with value: 0.49136353314016706 and parameters: {'w0': 0.051000000000000004, 'w1': 0.799, 'w2': 0.131, 'w3': 0.521, 'w4': 0.838, 'w5': 0.972, 'w6': 0.36, 'w7': 0.117, 'w8': 0.785, 'max_depth': 9, 'min_child_weight': 20, 'subsample': 0.7, 'colsample_bytree': 0.9000000000000001, 'gamma': 0.0}. Best is trial 320 with value: 0.5061035747408147.
[I 2023-10-19 18:53:22,291] Trial 347 finished with value: 0.49973838560361444 and parameters: {'w0': 0.084, 'w1': 0.903, 'w2': 0.134, 'w3': 0.52, 'w4': 0.838, 'w5': 0.975, 'w6': 0.36, 'w7': 0.121, 'w8': 0.781, 'max_depth': 9, 'min_child_weight': 20, 'subsample': 0.7, 'colsample_bytree': 0.9000000000000001, 'gamma': 0.0}. Best is trial 320 with value: 0.5061035747408147.
[I 2023-10-19 18:53:53,981] Trial 348 finished with value: 0.4962073891862281 and parameters: {'w0': 0.060000000000000005, 'w1': 0.796, 'w2': 0.096, 'w3': 0.492, 'w4': 0.8310000000000001, 'w5': 0.971, 'w6': 0.357, 'w7': 0.113, 'w8': 0.799, 'max_depth': 10, 'min_child_weight': 20, 'subsample': 0.7, 'colsample_bytree': 0.9000000000000001, 'gamma': 0.0}. Best is trial 320 with value: 0.5061035747408147.
[I 2023-10-19 18:54:02,443] Trial 349 finished with value: 0.48802693618548965 and parameters: {'w0': 0.044000000000000004, 'w1': 0.894, 'w2': 0.107, 'w3': 0.499, 'w4': 0.839, 'w5': 0.971, 'w6': 0.354, 'w7': 0.11800000000000001, 'w8': 0.796, 'max_depth': 10, 'min_child_weight': 20, 'subsample': 0.7, 'colsample_bytree': 0.9000000000000001, 'gamma': 0.0}. Best is trial 320 with value: 0.5061035747408147.
[I 2023-10-19 18:55:35,051] Trial 350 finished with value: 0.4898543316721187 and parameters: {'w0': 0.047, 'w1': 0.903, 'w2': 0.122, 'w3': 0.499, 'w4': 0.8140000000000001, 'w5': 0.9580000000000001, 'w6': 0.355, 'w7': 0.113, 'w8': 0.786, 'max_depth': 10, 'min_child_weight': 20, 'subsample': 0.7, 'colsample_bytree': 0.9000000000000001, 'gamma': 0.0}. Best is trial 320 with value: 0.5061035747408147.
[I 2023-10-19 18:57:04,457] Trial 351 finished with value: 0.4932879273097729 and parameters: {'w0': 0.051000000000000004, 'w1': 0.9, 'w2': 0.12000000000000001, 'w3': 0.506, 'w4': 0.834, 'w5': 0.967, 'w6': 0.361, 'w7': 0.116, 'w8': 0.797, 'max_depth': 10, 'min_child_weight': 20, 'subsample': 0.7, 'colsample_bytree': 0.9000000000000001, 'gamma': 0.0}. Best is trial 320 with value: 0.5061035747408147.
[I 2023-10-19 18:57:22,662] Trial 352 finished with value: 0.49858535873939264 and parameters: {'w0': 0.07200000000000001, 'w1': 0.913, 'w2': 0.127, 'w3': 0.494, 'w4': 0.865, 'w5': 0.966, 'w6': 0.35000000000000003, 'w7': 0.113, 'w8': 0.389, 'max_depth': 10, 'min_child_weight': 20, 'subsample': 0.7, 'colsample_bytree': 0.9000000000000001, 'gamma': 0.0}. Best is trial 320 with value: 0.5061035747408147.
[I 2023-10-19 18:58:15,762] Trial 353 finished with value: 0.49164868423447966 and parameters: {'w0': 0.053000000000000005, 'w1': 0.906, 'w2': 0.148, 'w3': 0.511, 'w4': 0.8280000000000001, 'w5': 0.967, 'w6': 0.354, 'w7': 0.116, 'w8': 0.384, 'max_depth': 10, 'min_child_weight': 20, 'subsample': 0.7, 'colsample_bytree': 0.9000000000000001, 'gamma': 0.0}. Best is trial 320 with value: 0.5061035747408147.
[I 2023-10-19 19:01:25,845] Trial 354 finished with value: 0.4976017931484418 and parameters: {'w0': 0.060000000000000005, 'w1': 0.895, 'w2': 0.111, 'w3': 0.494, 'w4': 0.808, 'w5': 0.967, 'w6': 0.354, 'w7': 0.115, 'w8': 0.783, 'max_depth': 10, 'min_child_weight': 20, 'subsample': 0.7, 'colsample_bytree': 0.9000000000000001, 'gamma': 0.0}. Best is trial 320 with value: 0.5061035747408147.
[I 2023-10-19 19:03:44,210] Trial 355 finished with value: 0.4920767691912361 and parameters: {'w0': 0.059000000000000004, 'w1': 0.903, 'w2': 0.096, 'w3': 0.495, 'w4': 0.8250000000000001, 'w5': 0.968, 'w6': 0.354, 'w7': 0.113, 'w8': 0.389, 'max_depth': 9, 'min_child_weight': 20, 'subsample': 0.7, 'colsample_bytree': 0.9000000000000001, 'gamma': 0.0}. Best is trial 320 with value: 0.5061035747408147.
[I 2023-10-19 19:04:21,497] Trial 357 finished with value: 0.48539509935590197 and parameters: {'w0': 0.051000000000000004, 'w1': 0.897, 'w2': 0.08700000000000001, 'w3': 0.495, 'w4': 0.8170000000000001, 'w5': 0.967, 'w6': 0.35100000000000003, 'w7': 0.108, 'w8': 0.392, 'max_depth': 10, 'min_child_weight': 20, 'subsample': 0.7, 'colsample_bytree': 0.9000000000000001, 'gamma': 0.0}. Best is trial 320 with value: 0.5061035747408147.
[I 2023-10-19 19:04:37,008] Trial 356 finished with value: 0.491972554703136 and parameters: {'w0': 0.060000000000000005, 'w1': 0.908, 'w2': 0.091, 'w3': 0.489, 'w4': 0.8170000000000001, 'w5': 0.966, 'w6': 0.355, 'w7': 0.113, 'w8': 0.781, 'max_depth': 9, 'min_child_weight': 20, 'subsample': 0.7, 'colsample_bytree': 0.9000000000000001, 'gamma': 0.0}. Best is trial 320 with value: 0.5061035747408147.
[I 2023-10-19 19:05:30,463] Trial 358 finished with value: 0.4917482670675436 and parameters: {'w0': 0.047, 'w1': 0.899, 'w2': 0.108, 'w3': 0.495, 'w4': 0.8270000000000001, 'w5': 0.969, 'w6': 0.34900000000000003, 'w7': 0.116, 'w8': 0.779, 'max_depth': 10, 'min_child_weight': 20, 'subsample': 0.7, 'colsample_bytree': 0.9000000000000001, 'gamma': 0.0}. Best is trial 320 with value: 0.5061035747408147.
[I 2023-10-19 19:05:31,042] Trial 359 finished with value: 0.4951392900976205 and parameters: {'w0': 0.052000000000000005, 'w1': 0.906, 'w2': 0.132, 'w3': 0.486, 'w4': 0.8170000000000001, 'w5': 0.968, 'w6': 0.35000000000000003, 'w7': 0.109, 'w8': 0.772, 'max_depth': 10, 'min_child_weight': 20, 'subsample': 0.7, 'colsample_bytree': 0.9000000000000001, 'gamma': 0.0}. Best is trial 320 with value: 0.5061035747408147.
[I 2023-10-19 19:05:41,746] Trial 360 finished with value: 0.48543124145257743 and parameters: {'w0': 0.049, 'w1': 0.903, 'w2': 0.082, 'w3': 0.514, 'w4': 0.8130000000000001, 'w5': 0.97, 'w6': 0.355, 'w7': 0.112, 'w8': 0.777, 'max_depth': 10, 'min_child_weight': 20, 'subsample': 0.7, 'colsample_bytree': 0.9000000000000001, 'gamma': 0.0}. Best is trial 320 with value: 0.5061035747408147.
[I 2023-10-19 19:06:45,087] Trial 361 finished with value: 0.4980435028327726 and parameters: {'w0': 0.062, 'w1': 0.905, 'w2': 0.113, 'w3': 0.488, 'w4': 0.799, 'w5': 0.97, 'w6': 0.353, 'w7': 0.116, 'w8': 0.8140000000000001, 'max_depth': 10, 'min_child_weight': 20, 'subsample': 0.7, 'colsample_bytree': 0.9000000000000001, 'gamma': 0.0}. Best is trial 320 with value: 0.5061035747408147.
[I 2023-10-19 19:07:18,020] Trial 364 finished with value: 0.4732497551258618 and parameters: {'w0': 0.068, 'w1': 0.912, 'w2': 0.113, 'w3': 0.491, 'w4': 0.8200000000000001, 'w5': 0.963, 'w6': 0.094, 'w7': 0.063, 'w8': 0.8330000000000001, 'max_depth': 10, 'min_child_weight': 20, 'subsample': 0.6000000000000001, 'colsample_bytree': 0.8, 'gamma': 0.2}. Best is trial 320 with value: 0.5061035747408147.
[I 2023-10-19 19:07:40,363] Trial 362 finished with value: 0.49587477345568204 and parameters: {'w0': 0.067, 'w1': 0.903, 'w2': 0.097, 'w3': 0.497, 'w4': 0.8180000000000001, 'w5': 0.967, 'w6': 0.439, 'w7': 0.11, 'w8': 0.8170000000000001, 'max_depth': 10, 'min_child_weight': 20, 'subsample': 0.7, 'colsample_bytree': 0.8, 'gamma': 0.0}. Best is trial 320 with value: 0.5061035747408147.
[I 2023-10-19 19:08:07,613] Trial 363 finished with value: 0.4898123871153171 and parameters: {'w0': 0.065, 'w1': 0.92, 'w2': 0.123, 'w3': 0.491, 'w4': 0.8140000000000001, 'w5': 0.965, 'w6': 0.433, 'w7': 0.059000000000000004, 'w8': 0.8140000000000001, 'max_depth': 10, 'min_child_weight': 20, 'subsample': 0.7, 'colsample_bytree': 0.8, 'gamma': 0.0}. Best is trial 320 with value: 0.5061035747408147.
[I 2023-10-19 19:09:12,264] Trial 365 finished with value: 0.4938137313725897 and parameters: {'w0': 0.065, 'w1': 0.915, 'w2': 0.17400000000000002, 'w3': 0.492, 'w4': 0.8130000000000001, 'w5': 0.961, 'w6': 0.433, 'w7': 0.1, 'w8': 0.8230000000000001, 'max_depth': 10, 'min_child_weight': 20, 'subsample': 0.7, 'colsample_bytree': 0.8, 'gamma': 0.2}. Best is trial 320 with value: 0.5061035747408147.
[I 2023-10-19 19:11:13,452] Trial 368 finished with value: 0.4792304926066406 and parameters: {'w0': 0.074, 'w1': 0.935, 'w2': 0.089, 'w3': 0.488, 'w4': 0.786, 'w5': 0.9570000000000001, 'w6': 0.106, 'w7': 0.065, 'w8': 0.8270000000000001, 'max_depth': 10, 'min_child_weight': 20, 'subsample': 0.6000000000000001, 'colsample_bytree': 0.8, 'gamma': 0.2}. Best is trial 320 with value: 0.5061035747408147.
[I 2023-10-19 19:12:03,745] Trial 367 finished with value: 0.48533338464709214 and parameters: {'w0': 0.07, 'w1': 0.926, 'w2': 0.178, 'w3': 0.47400000000000003, 'w4': 0.796, 'w5': 0.964, 'w6': 0.433, 'w7': 0.074, 'w8': 0.771, 'max_depth': 10, 'min_child_weight': 20, 'subsample': 0.6000000000000001, 'colsample_bytree': 0.8, 'gamma': 0.2}. Best is trial 320 with value: 0.5061035747408147.
[I 2023-10-19 19:12:09,670] Trial 377 finished with value: 0.3916891746624909 and parameters: {'w0': 0.796, 'w1': 0.775, 'w2': 0.17600000000000002, 'w3': 0.542, 'w4': 0.874, 'w5': 0.9560000000000001, 'w6': 0.41600000000000004, 'w7': 0.07200000000000001, 'w8': 0.8260000000000001, 'max_depth': 10, 'min_child_weight': 20, 'subsample': 0.8, 'colsample_bytree': 0.9000000000000001, 'gamma': 8.6}. Best is trial 320 with value: 0.5061035747408147.
[I 2023-10-19 19:12:10,105] Trial 366 finished with value: 0.4381472874320192 and parameters: {'w0': 0.07200000000000001, 'w1': 0.923, 'w2': 0.178, 'w3': 0.483, 'w4': 0.785, 'w5': 0.963, 'w6': 0.44, 'w7': 0.687, 'w8': 0.8170000000000001, 'max_depth': 10, 'min_child_weight': 20, 'subsample': 0.7, 'colsample_bytree': 0.9000000000000001, 'gamma': 0.2}. Best is trial 320 with value: 0.5061035747408147.
[I 2023-10-19 19:13:13,825] Trial 369 finished with value: 0.4894334004664439 and parameters: {'w0': 0.075, 'w1': 0.788, 'w2': 0.177, 'w3': 0.47800000000000004, 'w4': 0.811, 'w5': 0.9590000000000001, 'w6': 0.42, 'w7': 0.092, 'w8': 0.8220000000000001, 'max_depth': 10, 'min_child_weight': 20, 'subsample': 0.6000000000000001, 'colsample_bytree': 0.8, 'gamma': 0.2}. Best is trial 320 with value: 0.5061035747408147.
[I 2023-10-19 19:15:44,576] Trial 370 finished with value: 0.49740486557875974 and parameters: {'w0': 0.079, 'w1': 0.79, 'w2': 0.083, 'w3': 0.482, 'w4': 0.871, 'w5': 0.9500000000000001, 'w6': 0.439, 'w7': 0.07, 'w8': 0.8210000000000001, 'max_depth': 10, 'min_child_weight': 20, 'subsample': 0.6000000000000001, 'colsample_bytree': 0.8, 'gamma': 0.2}. Best is trial 320 with value: 0.5061035747408147.
[I 2023-10-19 19:18:10,446] Trial 373 finished with value: 0.416131499720706 and parameters: {'w0': 0.002, 'w1': 0.783, 'w2': 0.179, 'w3': 0.47900000000000004, 'w4': 0.876, 'w5': 0.9460000000000001, 'w6': 0.378, 'w7': 0.136, 'w8': 0.8280000000000001, 'max_depth': 10, 'min_child_weight': 20, 'subsample': 0.6000000000000001, 'colsample_bytree': 0.8, 'gamma': 0.2}. Best is trial 320 with value: 0.5061035747408147.
[I 2023-10-19 19:19:14,071] Trial 372 finished with value: 0.4886467426801889 and parameters: {'w0': 0.083, 'w1': 0.9530000000000001, 'w2': 0.17600000000000002, 'w3': 0.47500000000000003, 'w4': 0.874, 'w5': 0.9500000000000001, 'w6': 0.444, 'w7': 0.082, 'w8': 0.8190000000000001, 'max_depth': 10, 'min_child_weight': 20, 'subsample': 0.6000000000000001, 'colsample_bytree': 0.8, 'gamma': 0.2}. Best is trial 320 with value: 0.5061035747408147.
[I 2023-10-19 19:20:02,282] Trial 374 finished with value: 0.4890507170797919 and parameters: {'w0': 0.083, 'w1': 0.781, 'w2': 0.183, 'w3': 0.46900000000000003, 'w4': 0.87, 'w5': 0.9430000000000001, 'w6': 0.426, 'w7': 0.079, 'w8': 0.8210000000000001, 'max_depth': 10, 'min_child_weight': 20, 'subsample': 0.6000000000000001, 'colsample_bytree': 0.8, 'gamma': 0.2}. Best is trial 320 with value: 0.5061035747408147.
[I 2023-10-19 19:20:14,975] Trial 375 finished with value: 0.4865456648660932 and parameters: {'w0': 0.078, 'w1': 0.772, 'w2': 0.178, 'w3': 0.536, 'w4': 0.876, 'w5': 0.9460000000000001, 'w6': 0.433, 'w7': 0.062, 'w8': 0.8320000000000001, 'max_depth': 10, 'min_child_weight': 20, 'subsample': 0.6000000000000001, 'colsample_bytree': 0.8, 'gamma': 0.2}. Best is trial 320 with value: 0.5061035747408147.
[I 2023-10-19 19:20:40,980] Trial 376 finished with value: 0.4902192201767991 and parameters: {'w0': 0.082, 'w1': 0.775, 'w2': 0.18, 'w3': 0.54, 'w4': 0.875, 'w5': 0.9460000000000001, 'w6': 0.433, 'w7': 0.084, 'w8': 0.8180000000000001, 'max_depth': 10, 'min_child_weight': 20, 'subsample': 0.6000000000000001, 'colsample_bytree': 0.8, 'gamma': 0.2}. Best is trial 320 with value: 0.5061035747408147.
[I 2023-10-19 19:20:41,558] Trial 371 finished with value: 0.43699695674385247 and parameters: {'w0': 0.077, 'w1': 0.9520000000000001, 'w2': 0.17300000000000001, 'w3': 0.47800000000000004, 'w4': 0.874, 'w5': 0.9500000000000001, 'w6': 0.424, 'w7': 0.667, 'w8': 0.812, 'max_depth': 10, 'min_child_weight': 20, 'subsample': 0.7, 'colsample_bytree': 0.8, 'gamma': 0.2}. Best is trial 320 with value: 0.5061035747408147.
[I 2023-10-19 19:22:54,994] Trial 378 finished with value: 0.49802125034836603 and parameters: {'w0': 0.146, 'w1': 0.764, 'w2': 0.17600000000000002, 'w3': 0.542, 'w4': 0.878, 'w5': 0.9450000000000001, 'w6': 0.436, 'w7': 0.075, 'w8': 0.8180000000000001, 'max_depth': 10, 'min_child_weight': 20, 'subsample': 0.8, 'colsample_bytree': 0.8, 'gamma': 0.2}. Best is trial 320 with value: 0.5061035747408147.
[I 2023-10-19 19:24:04,467] Trial 379 finished with value: 0.48617389329182104 and parameters: {'w0': 0.15, 'w1': 0.775, 'w2': 0.179, 'w3': 0.542, 'w4': 0.874, 'w5': 0.183, 'w6': 0.423, 'w7': 0.077, 'w8': 0.744, 'max_depth': 10, 'min_child_weight': 16, 'subsample': 0.8, 'colsample_bytree': 0.9000000000000001, 'gamma': 0.2}. Best is trial 320 with value: 0.5061035747408147.
[I 2023-10-19 19:24:12,298] Trial 380 finished with value: 0.5026527623885189 and parameters: {'w0': 0.146, 'w1': 0.768, 'w2': 0.182, 'w3': 0.539, 'w4': 0.874, 'w5': 0.9470000000000001, 'w6': 0.421, 'w7': 0.135, 'w8': 0.757, 'max_depth': 9, 'min_child_weight': 16, 'subsample': 0.8, 'colsample_bytree': 0.9000000000000001, 'gamma': 0.4}. Best is trial 320 with value: 0.5061035747408147.
[I 2023-10-19 19:25:13,757] Trial 381 finished with value: 0.505532045984562 and parameters: {'w0': 0.148, 'w1': 0.9410000000000001, 'w2': 0.182, 'w3': 0.538, 'w4': 0.879, 'w5': 0.9470000000000001, 'w6': 0.38, 'w7': 0.14, 'w8': 0.749, 'max_depth': 9, 'min_child_weight': 16, 'subsample': 0.8, 'colsample_bytree': 0.9000000000000001, 'gamma': 0.4}. Best is trial 320 with value: 0.5061035747408147.
[I 2023-10-19 19:27:26,183] Trial 382 finished with value: 0.5034014625234433 and parameters: {'w0': 0.14300000000000002, 'w1': 0.9540000000000001, 'w2': 0.18, 'w3': 0.542, 'w4': 0.873, 'w5': 0.9450000000000001, 'w6': 0.41500000000000004, 'w7': 0.136, 'w8': 0.75, 'max_depth': 9, 'min_child_weight': 16, 'subsample': 0.8, 'colsample_bytree': 0.9000000000000001, 'gamma': 0.4}. Best is trial 320 with value: 0.5061035747408147.
[I 2023-10-19 19:27:34,297] Trial 385 finished with value: 0.5009920921303612 and parameters: {'w0': 0.146, 'w1': 0.851, 'w2': 0.181, 'w3': 0.541, 'w4': 0.881, 'w5': 0.9440000000000001, 'w6': 0.313, 'w7': 0.136, 'w8': 0.748, 'max_depth': 9, 'min_child_weight': 16, 'subsample': 0.8, 'colsample_bytree': 0.9000000000000001, 'gamma': 0.4}. Best is trial 320 with value: 0.5061035747408147.
[I 2023-10-19 19:28:04,673] Trial 384 finished with value: 0.5049695090366756 and parameters: {'w0': 0.14400000000000002, 'w1': 0.9560000000000001, 'w2': 0.177, 'w3': 0.538, 'w4': 0.877, 'w5': 0.9440000000000001, 'w6': 0.379, 'w7': 0.134, 'w8': 0.741, 'max_depth': 9, 'min_child_weight': 16, 'subsample': 0.8, 'colsample_bytree': 0.9000000000000001, 'gamma': 0.4}. Best is trial 320 with value: 0.5061035747408147.
[I 2023-10-19 19:28:05,419] Trial 383 finished with value: 0.5020573618494987 and parameters: {'w0': 0.146, 'w1': 0.786, 'w2': 0.177, 'w3': 0.543, 'w4': 0.872, 'w5': 0.9430000000000001, 'w6': 0.31, 'w7': 0.138, 'w8': 0.749, 'max_depth': 9, 'min_child_weight': 16, 'subsample': 0.8, 'colsample_bytree': 0.9000000000000001, 'gamma': 0.4}. Best is trial 320 with value: 0.5061035747408147.
[I 2023-10-19 19:29:56,221] Trial 396 finished with value: 0.437183215052588 and parameters: {'w0': 0.934, 'w1': 0.807, 'w2': 0.15, 'w3': 0.516, 'w4': 0.885, 'w5': 0.996, 'w6': 0.379, 'w7': 0.133, 'w8': 0.746, 'max_depth': 9, 'min_child_weight': 18, 'subsample': 0.8, 'colsample_bytree': 0.9000000000000001, 'gamma': 5.6000000000000005}. Best is trial 320 with value: 0.5061035747408147.
