[I 2023-10-20 05:24:28,146] Trial 1108 finished with value: 0.45995229147700656 and parameters: {'w0': 0.083, 'w1': 0.926, 'w2': 0.121, 'w3': 0.148, 'w4': 0.9470000000000001, 'w5': 0.97, 'w6': 0.39, 'w7': 0.097, 'w8': 0.646, 'max_depth': 9, 'min_child_weight': 16, 'subsample': 0.8, 'colsample_bytree': 0.6000000000000001, 'gamma': 5.4}. Best is trial 556 with value: 0.5099189407344089.
[I 2023-10-20 05:25:36,750] Trial 1097 finished with value: 0.5072294298194212 and parameters: {'w0': 0.068, 'w1': 0.92, 'w2': 0.109, 'w3': 0.454, 'w4': 0.903, 'w5': 0.998, 'w6': 0.4, 'w7': 0.10200000000000001, 'w8': 0.68, 'max_depth': 9, 'min_child_weight': 18, 'subsample': 0.8, 'colsample_bytree': 0.6000000000000001, 'gamma': 0.0}. Best is trial 556 with value: 0.5099189407344089.
[I 2023-10-20 05:25:38,588] Trial 1100 finished with value: 0.47954578308647045 and parameters: {'w0': 0.081, 'w1': 0.886, 'w2': 0.04, 'w3': 0.187, 'w4': 0.898, 'w5': 0.969, 'w6': 0.386, 'w7': 0.101, 'w8': 0.685, 'max_depth': 9, 'min_child_weight': 18, 'subsample': 0.8, 'colsample_bytree': 0.6000000000000001, 'gamma': 0.0}. Best is trial 556 with value: 0.5099189407344089.
[I 2023-10-20 05:25:47,319] Trial 1098 finished with value: 0.5079606497556979 and parameters: {'w0': 0.091, 'w1': 0.921, 'w2': 0.11, 'w3': 0.184, 'w4': 0.906, 'w5': 0.97, 'w6': 0.364, 'w7': 0.10200000000000001, 'w8': 0.684, 'max_depth': 9, 'min_child_weight': 18, 'subsample': 0.8, 'colsample_bytree': 0.6000000000000001, 'gamma': 0.0}. Best is trial 556 with value: 0.5099189407344089.
[I 2023-10-20 05:25:49,200] Trial 1096 finished with value: 0.4993506292732728 and parameters: {'w0': 0.17300000000000001, 'w1': 0.927, 'w2': 0.194, 'w3': 0.46900000000000003, 'w4': 0.866, 'w5': 0.968, 'w6': 0.291, 'w7': 0.10500000000000001, 'w8': 0.678, 'max_depth': 9, 'min_child_weight': 18, 'subsample': 0.8, 'colsample_bytree': 0.8, 'gamma': 0.0}. Best is trial 556 with value: 0.5099189407344089.
[I 2023-10-20 05:27:20,703] Trial 1101 finished with value: 0.5036799053085288 and parameters: {'w0': 0.07, 'w1': 0.887, 'w2': 0.112, 'w3': 0.20500000000000002, 'w4': 0.865, 'w5': 0.966, 'w6': 0.406, 'w7': 0.1, 'w8': 0.665, 'max_depth': 9, 'min_child_weight': 18, 'subsample': 0.8, 'colsample_bytree': 0.6000000000000001, 'gamma': 0.0}. Best is trial 556 with value: 0.5099189407344089.
[I 2023-10-20 05:27:31,792] Trial 1104 finished with value: 0.4877404575779746 and parameters: {'w0': 0.094, 'w1': 0.775, 'w2': 0.068, 'w3': 0.14100000000000001, 'w4': 0.866, 'w5': 0.21, 'w6': 0.41100000000000003, 'w7': 0.095, 'w8': 0.662, 'max_depth': 9, 'min_child_weight': 18, 'subsample': 0.8, 'colsample_bytree': 0.6000000000000001, 'gamma': 0.0}. Best is trial 556 with value: 0.5099189407344089.
[I 2023-10-20 05:27:48,602] Trial 1102 finished with value: 0.4857135197264399 and parameters: {'w0': 0.09, 'w1': 0.922, 'w2': 0.047, 'w3': 0.464, 'w4': 0.866, 'w5': 0.968, 'w6': 0.386, 'w7': 0.1, 'w8': 0.674, 'max_depth': 9, 'min_child_weight': 18, 'subsample': 0.8, 'colsample_bytree': 0.6000000000000001, 'gamma': 0.0}. Best is trial 556 with value: 0.5099189407344089.
[I 2023-10-20 05:27:48,640] Trial 1103 finished with value: 0.4961529899770982 and parameters: {'w0': 0.076, 'w1': 0.772, 'w2': 0.07100000000000001, 'w3': 0.181, 'w4': 0.86, 'w5': 0.967, 'w6': 0.359, 'w7': 0.101, 'w8': 0.683, 'max_depth': 9, 'min_child_weight': 18, 'subsample': 0.8, 'colsample_bytree': 0.6000000000000001, 'gamma': 0.0}. Best is trial 556 with value: 0.5099189407344089.
[I 2023-10-20 05:30:56,142] Trial 1106 finished with value: 0.4852548120768152 and parameters: {'w0': 0.079, 'w1': 0.781, 'w2': 0.046, 'w3': 0.424, 'w4': 0.861, 'w5': 0.967, 'w6': 0.382, 'w7': 0.099, 'w8': 0.687, 'max_depth': 9, 'min_child_weight': 18, 'subsample': 0.8, 'colsample_bytree': 0.6000000000000001, 'gamma': 0.0}. Best is trial 556 with value: 0.5099189407344089.
[I 2023-10-20 05:31:42,936] Trial 1107 finished with value: 0.49870806073781104 and parameters: {'w0': 0.074, 'w1': 0.923, 'w2': 0.159, 'w3': 0.157, 'w4': 0.9440000000000001, 'w5': 0.968, 'w6': 0.38, 'w7': 0.1, 'w8': 0.659, 'max_depth': 9, 'min_child_weight': 18, 'subsample': 0.8, 'colsample_bytree': 0.6000000000000001, 'gamma': 0.0}. Best is trial 556 with value: 0.5099189407344089.
[I 2023-10-20 05:35:09,316] Trial 1109 finished with value: 0.498674149590844 and parameters: {'w0': 0.101, 'w1': 0.928, 'w2': 0.158, 'w3': 0.202, 'w4': 0.937, 'w5': 0.969, 'w6': 0.369, 'w7': 0.096, 'w8': 0.674, 'max_depth': 9, 'min_child_weight': 16, 'subsample': 0.8, 'colsample_bytree': 0.6000000000000001, 'gamma': 0.0}. Best is trial 556 with value: 0.5099189407344089.
[I 2023-10-20 05:35:35,496] Trial 1110 finished with value: 0.4979316263050767 and parameters: {'w0': 0.055, 'w1': 0.927, 'w2': 0.157, 'w3': 0.178, 'w4': 0.9460000000000001, 'w5': 0.972, 'w6': 0.404, 'w7': 0.098, 'w8': 0.667, 'max_depth': 9, 'min_child_weight': 16, 'subsample': 0.8, 'colsample_bytree': 0.6000000000000001, 'gamma': 0.0}. Best is trial 556 with value: 0.5099189407344089.
[I 2023-10-20 05:35:36,703] Trial 1111 finished with value: 0.49823882338499764 and parameters: {'w0': 0.059000000000000004, 'w1': 0.924, 'w2': 0.124, 'w3': 0.20600000000000002, 'w4': 0.9460000000000001, 'w5': 0.977, 'w6': 0.41600000000000004, 'w7': 0.098, 'w8': 0.6910000000000001, 'max_depth': 9, 'min_child_weight': 16, 'subsample': 0.8, 'colsample_bytree': 0.6000000000000001, 'gamma': 0.4}. Best is trial 556 with value: 0.5099189407344089.
[I 2023-10-20 05:36:50,635] Trial 1112 finished with value: 0.46132463930317913 and parameters: {'w0': 0.08800000000000001, 'w1': 0.916, 'w2': 0.434, 'w3': 0.163, 'w4': 0.006, 'w5': 0.978, 'w6': 0.40800000000000003, 'w7': 0.098, 'w8': 0.678, 'max_depth': 9, 'min_child_weight': 16, 'subsample': 0.8, 'colsample_bytree': 0.6000000000000001, 'gamma': 0.4}. Best is trial 556 with value: 0.5099189407344089.
[I 2023-10-20 05:37:31,286] Trial 1113 finished with value: 0.5013648421584782 and parameters: {'w0': 0.078, 'w1': 0.913, 'w2': 0.159, 'w3': 0.155, 'w4': 0.9490000000000001, 'w5': 0.979, 'w6': 0.396, 'w7': 0.08800000000000001, 'w8': 0.673, 'max_depth': 9, 'min_child_weight': 16, 'subsample': 0.8, 'colsample_bytree': 0.6000000000000001, 'gamma': 0.4}. Best is trial 556 with value: 0.5099189407344089.
[I 2023-10-20 05:38:23,364] Trial 1114 finished with value: 0.49966389593705623 and parameters: {'w0': 0.075, 'w1': 0.918, 'w2': 0.159, 'w3': 0.155, 'w4': 0.9450000000000001, 'w5': 0.978, 'w6': 0.40800000000000003, 'w7': 0.089, 'w8': 0.683, 'max_depth': 9, 'min_child_weight': 16, 'subsample': 0.8, 'colsample_bytree': 0.6000000000000001, 'gamma': 0.4}. Best is trial 556 with value: 0.5099189407344089.
[I 2023-10-20 05:39:27,913] Trial 1118 finished with value: 0.49154680900741204 and parameters: {'w0': 0.052000000000000005, 'w1': 0.927, 'w2': 0.125, 'w3': 0.23, 'w4': 0.9450000000000001, 'w5': 0.983, 'w6': 0.429, 'w7': 0.137, 'w8': 0.672, 'max_depth': 9, 'min_child_weight': 18, 'subsample': 0.8, 'colsample_bytree': 0.6000000000000001, 'gamma': 0.4}. Best is trial 556 with value: 0.5099189407344089.
[I 2023-10-20 05:39:41,899] Trial 1117 finished with value: 0.4910663428437245 and parameters: {'w0': 0.05, 'w1': 0.929, 'w2': 0.157, 'w3': 0.202, 'w4': 0.9490000000000001, 'w5': 0.981, 'w6': 0.41300000000000003, 'w7': 0.136, 'w8': 0.659, 'max_depth': 9, 'min_child_weight': 18, 'subsample': 0.8, 'colsample_bytree': 0.6000000000000001, 'gamma': 0.4}. Best is trial 556 with value: 0.5099189407344089.
[I 2023-10-20 05:40:34,850] Trial 1119 finished with value: 0.4970027569605432 and parameters: {'w0': 0.055, 'w1': 0.925, 'w2': 0.126, 'w3': 0.189, 'w4': 0.9400000000000001, 'w5': 1.0, 'w6': 0.40900000000000003, 'w7': 0.131, 'w8': 0.669, 'max_depth': 9, 'min_child_weight': 18, 'subsample': 0.8, 'colsample_bytree': 0.6000000000000001, 'gamma': 0.4}. Best is trial 556 with value: 0.5099189407344089.
[I 2023-10-20 05:40:48,281] Trial 1121 finished with value: 0.45133390697703263 and parameters: {'w0': 0.035, 'w1': 0.924, 'w2': 0.157, 'w3': 0.164, 'w4': 0.109, 'w5': 0.984, 'w6': 0.423, 'w7': 0.137, 'w8': 0.635, 'max_depth': 9, 'min_child_weight': 18, 'subsample': 0.8, 'colsample_bytree': 0.6000000000000001, 'gamma': 0.4}. Best is trial 556 with value: 0.5099189407344089.
[I 2023-10-20 05:41:07,479] Trial 1116 finished with value: 0.5071116230985546 and parameters: {'w0': 0.137, 'w1': 0.926, 'w2': 0.123, 'w3': 0.47500000000000003, 'w4': 0.923, 'w5': 0.984, 'w6': 0.41400000000000003, 'w7': 0.1, 'w8': 0.629, 'max_depth': 9, 'min_child_weight': 18, 'subsample': 0.8, 'colsample_bytree': 0.6000000000000001, 'gamma': 0.0}. Best is trial 556 with value: 0.5099189407344089.
[I 2023-10-20 05:41:08,163] Trial 1115 finished with value: 0.5030967159450932 and parameters: {'w0': 0.139, 'w1': 0.918, 'w2': 0.156, 'w3': 0.47800000000000004, 'w4': 0.9420000000000001, 'w5': 0.981, 'w6': 0.418, 'w7': 0.098, 'w8': 0.6920000000000001, 'max_depth': 9, 'min_child_weight': 18, 'subsample': 0.8, 'colsample_bytree': 0.6000000000000001, 'gamma': 0.0}. Best is trial 556 with value: 0.5099189407344089.
[I 2023-10-20 05:41:17,791] Trial 1120 finished with value: 0.5008330473021886 and parameters: {'w0': 0.077, 'w1': 0.923, 'w2': 0.154, 'w3': 0.169, 'w4': 0.9420000000000001, 'w5': 0.982, 'w6': 0.41600000000000004, 'w7': 0.134, 'w8': 0.655, 'max_depth': 9, 'min_child_weight': 18, 'subsample': 0.8, 'colsample_bytree': 0.6000000000000001, 'gamma': 0.4}. Best is trial 556 with value: 0.5099189407344089.
[I 2023-10-20 05:42:04,651] Trial 1122 finished with value: 0.5043259589209766 and parameters: {'w0': 0.10500000000000001, 'w1': 0.917, 'w2': 0.158, 'w3': 0.505, 'w4': 0.9440000000000001, 'w5': 0.984, 'w6': 0.41200000000000003, 'w7': 0.14, 'w8': 0.67, 'max_depth': 9, 'min_child_weight': 18, 'subsample': 0.8, 'colsample_bytree': 0.6000000000000001, 'gamma': 0.4}. Best is trial 556 with value: 0.5099189407344089.
[I 2023-10-20 05:44:52,911] Trial 1123 finished with value: 0.4984062201667238 and parameters: {'w0': 0.067, 'w1': 0.922, 'w2': 0.157, 'w3': 0.181, 'w4': 0.9410000000000001, 'w5': 0.983, 'w6': 0.391, 'w7': 0.14, 'w8': 0.656, 'max_depth': 9, 'min_child_weight': 18, 'subsample': 0.8, 'colsample_bytree': 0.6000000000000001, 'gamma': 0.4}. Best is trial 556 with value: 0.5099189407344089.
[I 2023-10-20 05:46:38,093] Trial 1124 finished with value: 0.4708167346319036 and parameters: {'w0': 0.047, 'w1': 0.929, 'w2': 0.45, 'w3': 0.184, 'w4': 0.9470000000000001, 'w5': 0.984, 'w6': 0.419, 'w7': 0.136, 'w8': 0.65, 'max_depth': 9, 'min_child_weight': 18, 'subsample': 0.8, 'colsample_bytree': 0.6000000000000001, 'gamma': 0.4}. Best is trial 556 with value: 0.5099189407344089.
[I 2023-10-20 05:48:52,153] Trial 1126 finished with value: 0.4612928546788586 and parameters: {'w0': 0.025, 'w1': 0.918, 'w2': 0.129, 'w3': 0.156, 'w4': 0.924, 'w5': 0.985, 'w6': 0.421, 'w7': 0.135, 'w8': 0.642, 'max_depth': 9, 'min_child_weight': 18, 'subsample': 0.8, 'colsample_bytree': 0.6000000000000001, 'gamma': 0.4}. Best is trial 556 with value: 0.5099189407344089.
[I 2023-10-20 05:49:08,534] Trial 1125 finished with value: 0.49507923642901985 and parameters: {'w0': 0.066, 'w1': 0.911, 'w2': 0.156, 'w3': 0.168, 'w4': 0.921, 'w5': 0.983, 'w6': 0.418, 'w7': 0.135, 'w8': 0.655, 'max_depth': 9, 'min_child_weight': 18, 'subsample': 0.8, 'colsample_bytree': 0.6000000000000001, 'gamma': 0.4}. Best is trial 556 with value: 0.5099189407344089.
[I 2023-10-20 05:50:31,873] Trial 1128 finished with value: 0.49232816135546054 and parameters: {'w0': 0.055, 'w1': 0.9410000000000001, 'w2': 0.127, 'w3': 0.216, 'w4': 0.92, 'w5': 0.985, 'w6': 0.448, 'w7': 0.135, 'w8': 0.628, 'max_depth': 9, 'min_child_weight': 18, 'subsample': 0.8, 'colsample_bytree': 0.6000000000000001, 'gamma': 0.4}. Best is trial 556 with value: 0.5099189407344089.
[I 2023-10-20 05:50:36,177] Trial 1130 finished with value: 0.4907665700093183 and parameters: {'w0': 0.058, 'w1': 0.9440000000000001, 'w2': 0.129, 'w3': 0.127, 'w4': 0.925, 'w5': 0.999, 'w6': 0.438, 'w7': 0.138, 'w8': 0.656, 'max_depth': 9, 'min_child_weight': 18, 'subsample': 0.8, 'colsample_bytree': 0.6000000000000001, 'gamma': 0.6000000000000001}. Best is trial 556 with value: 0.5099189407344089.
[I 2023-10-20 05:50:54,184] Trial 1127 finished with value: 0.4112839350645927 and parameters: {'w0': 0.056, 'w1': 0.912, 'w2': 0.129, 'w3': 0.168, 'w4': 0.919, 'w5': 0.985, 'w6': 0.41100000000000003, 'w7': 0.767, 'w8': 0.619, 'max_depth': 9, 'min_child_weight': 18, 'subsample': 0.8, 'colsample_bytree': 0.6000000000000001, 'gamma': 0.4}. Best is trial 556 with value: 0.5099189407344089.
[I 2023-10-20 05:51:25,030] Trial 1129 finished with value: 0.5031085112759938 and parameters: {'w0': 0.108, 'w1': 0.9490000000000001, 'w2': 0.123, 'w3': 0.186, 'w4': 0.924, 'w5': 1.0, 'w6': 0.41500000000000004, 'w7': 0.14200000000000002, 'w8': 0.619, 'max_depth': 9, 'min_child_weight': 18, 'subsample': 0.8, 'colsample_bytree': 0.6000000000000001, 'gamma': 0.4}. Best is trial 556 with value: 0.5099189407344089.
[I 2023-10-20 05:52:38,265] Trial 1133 finished with value: 0.4972616200233573 and parameters: {'w0': 0.112, 'w1': 0.9490000000000001, 'w2': 0.128, 'w3': 0.089, 'w4': 0.922, 'w5': 0.985, 'w6': 0.452, 'w7': 0.135, 'w8': 0.686, 'max_depth': 9, 'min_child_weight': 18, 'subsample': 0.8, 'colsample_bytree': 0.6000000000000001, 'gamma': 0.6000000000000001}. Best is trial 556 with value: 0.5099189407344089.
[I 2023-10-20 05:53:19,448] Trial 1134 finished with value: 0.5027917614019173 and parameters: {'w0': 0.108, 'w1': 0.9500000000000001, 'w2': 0.134, 'w3': 0.178, 'w4': 0.922, 'w5': 0.987, 'w6': 0.445, 'w7': 0.137, 'w8': 0.6950000000000001, 'max_depth': 9, 'min_child_weight': 18, 'subsample': 0.8, 'colsample_bytree': 0.6000000000000001, 'gamma': 0.6000000000000001}. Best is trial 556 with value: 0.5099189407344089.
[I 2023-10-20 05:53:53,585] Trial 1131 finished with value: 0.464969609169516 and parameters: {'w0': 0.108, 'w1': 0.9480000000000001, 'w2': 0.8220000000000001, 'w3': 0.127, 'w4': 0.924, 'w5': 0.999, 'w6': 0.428, 'w7': 0.137, 'w8': 0.687, 'max_depth': 9, 'min_child_weight': 18, 'subsample': 0.8, 'colsample_bytree': 0.6000000000000001, 'gamma': 0.6000000000000001}. Best is trial 556 with value: 0.5099189407344089.
[I 2023-10-20 05:55:14,658] Trial 1132 finished with value: 0.41869985631030704 and parameters: {'w0': 0.11, 'w1': 0.9450000000000001, 'w2': 0.129, 'w3': 0.133, 'w4': 0.924, 'w5': 0.988, 'w6': 0.383, 'w7': 0.963, 'w8': 0.661, 'max_depth': 9, 'min_child_weight': 18, 'subsample': 0.8, 'colsample_bytree': 0.6000000000000001, 'gamma': 0.6000000000000001}. Best is trial 556 with value: 0.5099189407344089.
[I 2023-10-20 05:55:57,879] Trial 1137 finished with value: 0.49955103087720626 and parameters: {'w0': 0.109, 'w1': 0.9520000000000001, 'w2': 0.125, 'w3': 0.16, 'w4': 0.923, 'w5': 0.99, 'w6': 0.452, 'w7': 0.07300000000000001, 'w8': 0.631, 'max_depth': 9, 'min_child_weight': 18, 'subsample': 0.8, 'colsample_bytree': 0.6000000000000001, 'gamma': 0.2}. Best is trial 556 with value: 0.5099189407344089.
[I 2023-10-20 05:56:11,757] Trial 1136 finished with value: 0.5072128695205822 and parameters: {'w0': 0.114, 'w1': 0.9500000000000001, 'w2': 0.125, 'w3': 0.129, 'w4': 0.925, 'w5': 0.985, 'w6': 0.447, 'w7': 0.127, 'w8': 0.628, 'max_depth': 9, 'min_child_weight': 18, 'subsample': 0.8, 'colsample_bytree': 0.6000000000000001, 'gamma': 0.2}. Best is trial 556 with value: 0.5099189407344089.
[I 2023-10-20 05:56:19,583] Trial 1135 finished with value: 0.5076293307350959 and parameters: {'w0': 0.111, 'w1': 0.937, 'w2': 0.124, 'w3': 0.123, 'w4': 0.916, 'w5': 0.999, 'w6': 0.41400000000000003, 'w7': 0.123, 'w8': 0.644, 'max_depth': 9, 'min_child_weight': 18, 'subsample': 0.8, 'colsample_bytree': 0.6000000000000001, 'gamma': 0.2}. Best is trial 556 with value: 0.5099189407344089.
[I 2023-10-20 05:56:44,109] Trial 1138 finished with value: 0.4995822535701547 and parameters: {'w0': 0.12000000000000001, 'w1': 0.9580000000000001, 'w2': 0.123, 'w3': 0.127, 'w4': 0.926, 'w5': 0.9510000000000001, 'w6': 0.47400000000000003, 'w7': 0.07300000000000001, 'w8': 0.686, 'max_depth': 9, 'min_child_weight': 18, 'subsample': 0.8, 'colsample_bytree': 0.6000000000000001, 'gamma': 0.2}. Best is trial 556 with value: 0.5099189407344089.
[I 2023-10-20 05:59:52,948] Trial 1139 finished with value: 0.5001670115473646 and parameters: {'w0': 0.114, 'w1': 0.9470000000000001, 'w2': 0.125, 'w3': 0.163, 'w4': 0.921, 'w5': 1.0, 'w6': 0.424, 'w7': 0.07300000000000001, 'w8': 0.649, 'max_depth': 9, 'min_child_weight': 18, 'subsample': 0.8, 'colsample_bytree': 0.6000000000000001, 'gamma': 0.2}. Best is trial 556 with value: 0.5099189407344089.
[I 2023-10-20 06:01:26,710] Trial 1140 finished with value: 0.5013265382460319 and parameters: {'w0': 0.114, 'w1': 0.9480000000000001, 'w2': 0.124, 'w3': 0.121, 'w4': 0.921, 'w5': 0.9530000000000001, 'w6': 0.464, 'w7': 0.074, 'w8': 0.64, 'max_depth': 9, 'min_child_weight': 18, 'subsample': 0.8, 'colsample_bytree': 0.6000000000000001, 'gamma': 0.2}. Best is trial 556 with value: 0.5099189407344089.
[I 2023-10-20 06:03:25,725] Trial 1141 finished with value: 0.49691336097243927 and parameters: {'w0': 0.115, 'w1': 0.9480000000000001, 'w2': 0.125, 'w3': 0.13, 'w4': 0.922, 'w5': 0.9500000000000001, 'w6': 0.399, 'w7': 0.063, 'w8': 0.686, 'max_depth': 9, 'min_child_weight': 18, 'subsample': 0.8, 'colsample_bytree': 0.6000000000000001, 'gamma': 0.2}. Best is trial 556 with value: 0.5099189407344089.
[I 2023-10-20 06:04:03,440] Trial 1142 finished with value: 0.5000109939123726 and parameters: {'w0': 0.116, 'w1': 0.9510000000000001, 'w2': 0.122, 'w3': 0.215, 'w4': 0.921, 'w5': 1.0, 'w6': 0.434, 'w7': 0.069, 'w8': 0.5730000000000001, 'max_depth': 9, 'min_child_weight': 18, 'subsample': 0.8, 'colsample_bytree': 0.6000000000000001, 'gamma': 0.2}. Best is trial 556 with value: 0.5099189407344089.
[I 2023-10-20 06:05:23,737] Trial 1143 finished with value: 0.5033267121073851 and parameters: {'w0': 0.10400000000000001, 'w1': 0.9530000000000001, 'w2': 0.127, 'w3': 0.128, 'w4': 0.928, 'w5': 0.9530000000000001, 'w6': 0.395, 'w7': 0.077, 'w8': 0.6920000000000001, 'max_depth': 9, 'min_child_weight': 18, 'subsample': 0.8, 'colsample_bytree': 0.6000000000000001, 'gamma': 0.2}. Best is trial 556 with value: 0.5099189407344089.
[I 2023-10-20 06:05:24,667] Trial 1144 finished with value: 0.5018539298628895 and parameters: {'w0': 0.11800000000000001, 'w1': 0.9520000000000001, 'w2': 0.123, 'w3': 0.121, 'w4': 0.92, 'w5': 0.9520000000000001, 'w6': 0.389, 'w7': 0.068, 'w8': 0.62, 'max_depth': 9, 'min_child_weight': 18, 'subsample': 0.8, 'colsample_bytree': 0.6000000000000001, 'gamma': 0.2}. Best is trial 556 with value: 0.5099189407344089.
[I 2023-10-20 06:05:37,767] Trial 1145 finished with value: 0.49934668418017025 and parameters: {'w0': 0.116, 'w1': 0.9540000000000001, 'w2': 0.121, 'w3': 0.485, 'w4': 0.924, 'w5': 1.0, 'w6': 0.378, 'w7': 0.069, 'w8': 0.579, 'max_depth': 9, 'min_child_weight': 18, 'subsample': 0.8, 'colsample_bytree': 0.6000000000000001, 'gamma': 0.2}. Best is trial 556 with value: 0.5099189407344089.
[I 2023-10-20 06:06:40,725] Trial 1147 finished with value: 0.4851978579035975 and parameters: {'w0': 0.126, 'w1': 0.9520000000000001, 'w2': 0.111, 'w3': 0.116, 'w4': 0.254, 'w5': 0.9520000000000001, 'w6': 0.438, 'w7': 0.079, 'w8': 0.639, 'max_depth': 9, 'min_child_weight': 18, 'subsample': 0.9000000000000001, 'colsample_bytree': 0.6000000000000001, 'gamma': 0.2}. Best is trial 556 with value: 0.5099189407344089.
[I 2023-10-20 06:06:43,472] Trial 1146 finished with value: 0.47515984000535194 and parameters: {'w0': 0.115, 'w1': 0.9440000000000001, 'w2': 0.494, 'w3': 0.485, 'w4': 0.919, 'w5': 1.0, 'w6': 0.395, 'w7': 0.077, 'w8': 0.617, 'max_depth': 9, 'min_child_weight': 18, 'subsample': 0.9000000000000001, 'colsample_bytree': 0.6000000000000001, 'gamma': 0.2}. Best is trial 556 with value: 0.5099189407344089.
[I 2023-10-20 06:08:05,924] Trial 1148 finished with value: 0.5025557857743312 and parameters: {'w0': 0.121, 'w1': 0.9520000000000001, 'w2': 0.116, 'w3': 0.136, 'w4': 0.921, 'w5': 0.9510000000000001, 'w6': 0.444, 'w7': 0.067, 'w8': 0.529, 'max_depth': 9, 'min_child_weight': 18, 'subsample': 0.9000000000000001, 'colsample_bytree': 0.6000000000000001, 'gamma': 0.2}. Best is trial 556 with value: 0.5099189407344089.
[I 2023-10-20 06:08:27,720] Trial 1149 finished with value: 0.5023987579834012 and parameters: {'w0': 0.129, 'w1': 0.9460000000000001, 'w2': 0.112, 'w3': 0.135, 'w4': 0.918, 'w5': 0.9520000000000001, 'w6': 0.399, 'w7': 0.069, 'w8': 0.612, 'max_depth': 9, 'min_child_weight': 18, 'subsample': 0.9000000000000001, 'colsample_bytree': 0.6000000000000001, 'gamma': 0.2}. Best is trial 556 with value: 0.5099189407344089.
[I 2023-10-20 06:09:57,080] Trial 1150 finished with value: 0.5003808517823527 and parameters: {'w0': 0.127, 'w1': 0.9, 'w2': 0.108, 'w3': 0.13, 'w4': 0.915, 'w5': 0.9500000000000001, 'w6': 0.385, 'w7': 0.07300000000000001, 'w8': 0.557, 'max_depth': 9, 'min_child_weight': 18, 'subsample': 0.9000000000000001, 'colsample_bytree': 0.6000000000000001, 'gamma': 0.2}. Best is trial 556 with value: 0.5099189407344089.
[I 2023-10-20 06:10:49,328] Trial 1151 finished with value: 0.506234034156728 and parameters: {'w0': 0.127, 'w1': 0.902, 'w2': 0.106, 'w3': 0.48000000000000004, 'w4': 0.909, 'w5': 0.9520000000000001, 'w6': 0.372, 'w7': 0.076, 'w8': 0.618, 'max_depth': 9, 'min_child_weight': 18, 'subsample': 0.9000000000000001, 'colsample_bytree': 0.6000000000000001, 'gamma': 0.0}. Best is trial 556 with value: 0.5099189407344089.
