[I 2023-10-20 09:17:05,438] Trial 1371 finished with value: 0.4982864881566005 and parameters: {'w0': 0.29, 'w1': 0.965, 'w2': 0.097, 'w3': 0.423, 'w4': 0.928, 'w5': 0.89, 'w6': 0.392, 'w7': 0.075, 'w8': 0.792, 'max_depth': 9, 'min_child_weight': 14, 'subsample': 0.8, 'colsample_bytree': 0.6000000000000001, 'gamma': 0.4}. Best is trial 1267 with value: 0.5099314743075365.
[I 2023-10-20 09:17:09,129] Trial 1379 finished with value: 0.43616871174224886 and parameters: {'w0': 0.202, 'w1': 0.785, 'w2': 0.093, 'w3': 0.586, 'w4': 0.909, 'w5': 0.932, 'w6': 0.363, 'w7': 0.07300000000000001, 'w8': 0.764, 'max_depth': 10, 'min_child_weight': 18, 'subsample': 0.8, 'colsample_bytree': 0.6000000000000001, 'gamma': 6.4}. Best is trial 1267 with value: 0.5099314743075365.
[I 2023-10-20 09:17:38,916] Trial 1377 finished with value: 0.4870033357911095 and parameters: {'w0': 0.149, 'w1': 0.967, 'w2': 0.129, 'w3': 0.46900000000000003, 'w4': 0.912, 'w5': 0.935, 'w6': 0.355, 'w7': 0.07100000000000001, 'w8': 0.794, 'max_depth': 10, 'min_child_weight': 18, 'subsample': 0.8, 'colsample_bytree': 0.6000000000000001, 'gamma': 1.2000000000000002}. Best is trial 1267 with value: 0.5099314743075365.
[I 2023-10-20 09:17:40,100] Trial 1369 finished with value: 0.5032563102903357 and parameters: {'w0': 0.14500000000000002, 'w1': 0.849, 'w2': 0.094, 'w3': 0.47500000000000003, 'w4': 0.924, 'w5': 0.963, 'w6': 0.404, 'w7': 0.078, 'w8': 0.795, 'max_depth': 9, 'min_child_weight': 14, 'subsample': 0.9000000000000001, 'colsample_bytree': 0.6000000000000001, 'gamma': 0.0}. Best is trial 1267 with value: 0.5099314743075365.
[I 2023-10-20 09:17:41,584] Trial 1368 finished with value: 0.5034688613149295 and parameters: {'w0': 0.148, 'w1': 0.852, 'w2': 0.137, 'w3': 0.47700000000000004, 'w4': 0.923, 'w5': 0.892, 'w6': 0.34600000000000003, 'w7': 0.078, 'w8': 0.794, 'max_depth': 10, 'min_child_weight': 14, 'subsample': 0.9000000000000001, 'colsample_bytree': 0.6000000000000001, 'gamma': 0.0}. Best is trial 1267 with value: 0.5099314743075365.
[I 2023-10-20 09:17:52,924] Trial 1367 finished with value: 0.5029609564169438 and parameters: {'w0': 0.295, 'w1': 0.969, 'w2': 0.096, 'w3': 0.47400000000000003, 'w4': 0.929, 'w5': 0.895, 'w6': 0.359, 'w7': 0.089, 'w8': 0.791, 'max_depth': 9, 'min_child_weight': 14, 'subsample': 0.9000000000000001, 'colsample_bytree': 0.9000000000000001, 'gamma': 0.0}. Best is trial 1267 with value: 0.5099314743075365.
[I 2023-10-20 09:17:53,561] Trial 1370 finished with value: 0.5074943811885602 and parameters: {'w0': 0.14200000000000002, 'w1': 0.788, 'w2': 0.096, 'w3': 0.47300000000000003, 'w4': 0.928, 'w5': 0.903, 'w6': 0.402, 'w7': 0.08, 'w8': 0.788, 'max_depth': 10, 'min_child_weight': 14, 'subsample': 0.9000000000000001, 'colsample_bytree': 0.6000000000000001, 'gamma': 0.0}. Best is trial 1267 with value: 0.5099314743075365.
[I 2023-10-20 09:18:22,338] Trial 1378 finished with value: 0.48815445256638806 and parameters: {'w0': 0.14500000000000002, 'w1': 0.787, 'w2': 0.129, 'w3': 0.47300000000000003, 'w4': 0.91, 'w5': 0.933, 'w6': 0.488, 'w7': 0.07200000000000001, 'w8': 0.764, 'max_depth': 9, 'min_child_weight': 18, 'subsample': 0.8, 'colsample_bytree': 0.6000000000000001, 'gamma': 1.2000000000000002}. Best is trial 1267 with value: 0.5099314743075365.
[I 2023-10-20 09:19:11,989] Trial 1375 finished with value: 0.5027021780202533 and parameters: {'w0': 0.148, 'w1': 0.968, 'w2': 0.091, 'w3': 0.47500000000000003, 'w4': 0.923, 'w5': 0.926, 'w6': 0.355, 'w7': 0.07300000000000001, 'w8': 0.792, 'max_depth': 10, 'min_child_weight': 18, 'subsample': 0.8, 'colsample_bytree': 0.6000000000000001, 'gamma': 0.4}. Best is trial 1267 with value: 0.5099314743075365.
[I 2023-10-20 09:23:03,388] Trial 1376 finished with value: 0.451781163912332 and parameters: {'w0': 0.432, 'w1': 0.961, 'w2': 0.096, 'w3': 0.47100000000000003, 'w4': 0.92, 'w5': 0.929, 'w6': 0.363, 'w7': 0.5770000000000001, 'w8': 0.673, 'max_depth': 10, 'min_child_weight': 18, 'subsample': 0.8, 'colsample_bytree': 0.6000000000000001, 'gamma': 0.4}. Best is trial 1267 with value: 0.5099314743075365.
[I 2023-10-20 09:25:55,967] Trial 1392 finished with value: 0.5041976703604021 and parameters: {'w0': 0.111, 'w1': 0.801, 'w2': 0.129, 'w3': 0.496, 'w4': 0.909, 'w5': 0.839, 'w6': 0.446, 'w7': 0.122, 'w8': 0.765, 'max_depth': 10, 'min_child_weight': 14, 'subsample': 1.0, 'colsample_bytree': 0.6000000000000001, 'gamma': 0.4}. Best is trial 1267 with value: 0.5099314743075365.
[I 2023-10-20 09:26:14,806] Trial 1381 finished with value: 0.48514287444080617 and parameters: {'w0': 0.298, 'w1': 0.966, 'w2': 0.133, 'w3': 0.23800000000000002, 'w4': 0.911, 'w5': 0.193, 'w6': 0.325, 'w7': 0.077, 'w8': 0.681, 'max_depth': 9, 'min_child_weight': 16, 'subsample': 0.8, 'colsample_bytree': 0.6000000000000001, 'gamma': 0.4}. Best is trial 1267 with value: 0.5099314743075365.
[I 2023-10-20 09:26:51,643] Trial 1382 finished with value: 0.45027049665821844 and parameters: {'w0': 0.017, 'w1': 0.783, 'w2': 0.134, 'w3': 0.23900000000000002, 'w4': 0.908, 'w5': 0.926, 'w6': 0.332, 'w7': 0.066, 'w8': 0.76, 'max_depth': 9, 'min_child_weight': 16, 'subsample': 0.8, 'colsample_bytree': 0.6000000000000001, 'gamma': 0.4}. Best is trial 1267 with value: 0.5099314743075365.
[I 2023-10-20 09:26:59,732] Trial 1380 finished with value: 0.4935559546662852 and parameters: {'w0': 0.202, 'w1': 0.9560000000000001, 'w2': 0.128, 'w3': 0.916, 'w4': 0.912, 'w5': 0.928, 'w6': 0.328, 'w7': 0.07300000000000001, 'w8': 0.793, 'max_depth': 10, 'min_child_weight': 18, 'subsample': 0.8, 'colsample_bytree': 0.6000000000000001, 'gamma': 0.4}. Best is trial 1267 with value: 0.5099314743075365.
[I 2023-10-20 09:28:38,172] Trial 1385 finished with value: 0.440156405201139 and parameters: {'w0': 0.015, 'w1': 0.968, 'w2': 0.132, 'w3': 0.591, 'w4': 0.8200000000000001, 'w5': 0.928, 'w6': 0.336, 'w7': 0.12000000000000001, 'w8': 0.758, 'max_depth': 9, 'min_child_weight': 16, 'subsample': 0.8, 'colsample_bytree': 0.6000000000000001, 'gamma': 0.6000000000000001}. Best is trial 1267 with value: 0.5099314743075365.
[I 2023-10-20 09:29:26,027] Trial 1386 finished with value: 0.4506051129086914 and parameters: {'w0': 0.024, 'w1': 0.797, 'w2': 0.131, 'w3': 0.555, 'w4': 0.8220000000000001, 'w5': 0.931, 'w6': 0.329, 'w7': 0.168, 'w8': 0.755, 'max_depth': 9, 'min_child_weight': 16, 'subsample': 0.8, 'colsample_bytree': 0.6000000000000001, 'gamma': 0.6000000000000001}. Best is trial 1267 with value: 0.5099314743075365.
[I 2023-10-20 09:29:50,830] Trial 1391 finished with value: 0.4803279924655034 and parameters: {'w0': 0.11800000000000001, 'w1': 0.9420000000000001, 'w2': 0.131, 'w3': 0.553, 'w4': 0.8210000000000001, 'w5': 0.279, 'w6': 0.8, 'w7': 0.122, 'w8': 0.22, 'max_depth': 9, 'min_child_weight': 16, 'subsample': 0.8, 'colsample_bytree': 0.6000000000000001, 'gamma': 0.6000000000000001}. Best is trial 1267 with value: 0.5099314743075365.
[I 2023-10-20 09:30:20,302] Trial 1387 finished with value: 0.4934472584922984 and parameters: {'w0': 0.11800000000000001, 'w1': 0.904, 'w2': 0.132, 'w3': 0.553, 'w4': 0.906, 'w5': 1.0, 'w6': 0.322, 'w7': 0.17300000000000001, 'w8': 0.76, 'max_depth': 9, 'min_child_weight': 16, 'subsample': 0.8, 'colsample_bytree': 0.6000000000000001, 'gamma': 0.6000000000000001}. Best is trial 1267 with value: 0.5099314743075365.
[I 2023-10-20 09:30:27,958] Trial 1383 finished with value: 0.48222458913705346 and parameters: {'w0': 0.20500000000000002, 'w1': 0.969, 'w2': 0.137, 'w3': 0.586, 'w4': 0.338, 'w5': 0.934, 'w6': 0.326, 'w7': 0.074, 'w8': 0.763, 'max_depth': 10, 'min_child_weight': 16, 'subsample': 0.8, 'colsample_bytree': 0.6000000000000001, 'gamma': 0.4}. Best is trial 1267 with value: 0.5099314743075365.
[I 2023-10-20 09:30:37,059] Trial 1388 finished with value: 0.49970283692363904 and parameters: {'w0': 0.20400000000000001, 'w1': 0.9430000000000001, 'w2': 0.13, 'w3': 0.562, 'w4': 0.906, 'w5': 0.983, 'w6': 0.329, 'w7': 0.121, 'w8': 0.75, 'max_depth': 9, 'min_child_weight': 16, 'subsample': 0.8, 'colsample_bytree': 0.6000000000000001, 'gamma': 0.6000000000000001}. Best is trial 1267 with value: 0.5099314743075365.
[I 2023-10-20 09:30:42,309] Trial 1384 finished with value: 0.5030996622975761 and parameters: {'w0': 0.199, 'w1': 0.97, 'w2': 0.131, 'w3': 0.589, 'w4': 0.909, 'w5': 0.933, 'w6': 0.329, 'w7': 0.12000000000000001, 'w8': 0.762, 'max_depth': 9, 'min_child_weight': 18, 'subsample': 0.8, 'colsample_bytree': 0.6000000000000001, 'gamma': 0.4}. Best is trial 1267 with value: 0.5099314743075365.
[I 2023-10-20 09:31:06,564] Trial 1390 finished with value: 0.47442066644583863 and parameters: {'w0': 0.596, 'w1': 0.936, 'w2': 0.134, 'w3': 0.558, 'w4': 0.906, 'w5': 0.188, 'w6': 0.325, 'w7': 0.121, 'w8': 0.759, 'max_depth': 9, 'min_child_weight': 16, 'subsample': 0.8, 'colsample_bytree': 0.6000000000000001, 'gamma': 0.6000000000000001}. Best is trial 1267 with value: 0.5099314743075365.
[I 2023-10-20 09:31:13,582] Trial 1389 finished with value: 0.49658862980975776 and parameters: {'w0': 0.20500000000000002, 'w1': 0.9380000000000001, 'w2': 0.135, 'w3': 0.55, 'w4': 0.8200000000000001, 'w5': 1.0, 'w6': 0.324, 'w7': 0.17300000000000001, 'w8': 0.679, 'max_depth': 9, 'min_child_weight': 16, 'subsample': 0.8, 'colsample_bytree': 0.6000000000000001, 'gamma': 0.6000000000000001}. Best is trial 1267 with value: 0.5099314743075365.
[I 2023-10-20 09:32:23,456] Trial 1393 finished with value: 0.4921833268444551 and parameters: {'w0': 0.123, 'w1': 0.777, 'w2': 0.129, 'w3': 0.494, 'w4': 0.904, 'w5': 0.875, 'w6': 0.424, 'w7': 0.167, 'w8': 0.766, 'max_depth': 10, 'min_child_weight': 14, 'subsample': 0.9000000000000001, 'colsample_bytree': 0.6000000000000001, 'gamma': 0.4}. Best is trial 1267 with value: 0.5099314743075365.
[I 2023-10-20 09:33:09,653] Trial 1394 finished with value: 0.494079148136887 and parameters: {'w0': 0.113, 'w1': 0.777, 'w2': 0.13, 'w3': 0.487, 'w4': 0.905, 'w5': 0.863, 'w6': 0.441, 'w7': 0.166, 'w8': 0.764, 'max_depth': 10, 'min_child_weight': 14, 'subsample': 0.9000000000000001, 'colsample_bytree': 0.6000000000000001, 'gamma': 0.4}. Best is trial 1267 with value: 0.5099314743075365.
[I 2023-10-20 09:36:04,593] Trial 1396 finished with value: 0.4363394465018595 and parameters: {'w0': 0.030000000000000002, 'w1': 0.771, 'w2': 0.05, 'w3': 0.495, 'w4': 0.903, 'w5': 0.905, 'w6': 0.433, 'w7': 0.168, 'w8': 0.768, 'max_depth': 10, 'min_child_weight': 14, 'subsample': 1.0, 'colsample_bytree': 0.6000000000000001, 'gamma': 0.2}. Best is trial 1267 with value: 0.5099314743075365.
[I 2023-10-20 09:40:14,544] Trial 1395 finished with value: 0.4541147382488286 and parameters: {'w0': 0.687, 'w1': 0.765, 'w2': 0.038, 'w3': 0.497, 'w4': 0.907, 'w5': 0.842, 'w6': 0.427, 'w7': 0.167, 'w8': 0.768, 'max_depth': 10, 'min_child_weight': 14, 'subsample': 0.7, 'colsample_bytree': 0.6000000000000001, 'gamma': 0.2}. Best is trial 1267 with value: 0.5099314743075365.
[I 2023-10-20 09:40:52,836] Trial 1402 finished with value: 0.4896831341391283 and parameters: {'w0': 0.123, 'w1': 0.804, 'w2': 0.11, 'w3': 0.486, 'w4': 0.9480000000000001, 'w5': 0.878, 'w6': 0.391, 'w7': 0.161, 'w8': 0.772, 'max_depth': 10, 'min_child_weight': 14, 'subsample': 1.0, 'colsample_bytree': 0.6000000000000001, 'gamma': 0.2}. Best is trial 1267 with value: 0.5099314743075365.
[I 2023-10-20 09:40:56,173] Trial 1398 finished with value: 0.4664649139531558 and parameters: {'w0': 0.085, 'w1': 0.779, 'w2': 0.049, 'w3': 0.49, 'w4': 0.9460000000000001, 'w5': 0.919, 'w6': 0.38, 'w7': 0.163, 'w8': 0.273, 'max_depth': 8, 'min_child_weight': 14, 'subsample': 0.9000000000000001, 'colsample_bytree': 0.6000000000000001, 'gamma': 0.2}. Best is trial 1267 with value: 0.5099314743075365.
[I 2023-10-20 09:41:31,809] Trial 1404 finished with value: 0.495847514545648 and parameters: {'w0': 0.11800000000000001, 'w1': 0.767, 'w2': 0.21, 'w3': 0.495, 'w4': 0.9440000000000001, 'w5': 0.908, 'w6': 0.381, 'w7': 0.225, 'w8': 0.798, 'max_depth': 10, 'min_child_weight': 14, 'subsample': 1.0, 'colsample_bytree': 0.6000000000000001, 'gamma': 0.2}. Best is trial 1267 with value: 0.5099314743075365.
[I 2023-10-20 09:41:43,144] Trial 1397 finished with value: 0.4542760405906374 and parameters: {'w0': 0.026000000000000002, 'w1': 0.792, 'w2': 0.116, 'w3': 0.493, 'w4': 0.902, 'w5': 0.877, 'w6': 0.425, 'w7': 0.168, 'w8': 0.271, 'max_depth': 10, 'min_child_weight': 14, 'subsample': 0.9000000000000001, 'colsample_bytree': 0.6000000000000001, 'gamma': 0.2}. Best is trial 1267 with value: 0.5099314743075365.
[I 2023-10-20 09:43:16,188] Trial 1409 finished with value: 0.46395623492971516 and parameters: {'w0': 0.089, 'w1': 0.801, 'w2': 0.052000000000000005, 'w3': 0.496, 'w4': 0.9450000000000001, 'w5': 0.911, 'w6': 0.384, 'w7': 0.165, 'w8': 0.802, 'max_depth': 10, 'min_child_weight': 14, 'subsample': 1.0, 'colsample_bytree': 0.6000000000000001, 'gamma': 0.2}. Best is trial 1267 with value: 0.5099314743075365.
[I 2023-10-20 09:43:19,569] Trial 1399 finished with value: 0.49486916193978925 and parameters: {'w0': 0.116, 'w1': 0.739, 'w2': 0.117, 'w3': 0.49, 'w4': 0.9470000000000001, 'w5': 0.878, 'w6': 0.432, 'w7': 0.157, 'w8': 0.768, 'max_depth': 10, 'min_child_weight': 14, 'subsample': 0.9000000000000001, 'colsample_bytree': 0.6000000000000001, 'gamma': 0.2}. Best is trial 1267 with value: 0.5099314743075365.
[I 2023-10-20 09:44:36,615] Trial 1400 finished with value: 0.46996542062330005 and parameters: {'w0': 0.11900000000000001, 'w1': 0.766, 'w2': 0.035, 'w3': 0.491, 'w4': 0.901, 'w5': 0.91, 'w6': 0.38, 'w7': 0.168, 'w8': 0.769, 'max_depth': 10, 'min_child_weight': 14, 'subsample': 0.9000000000000001, 'colsample_bytree': 0.6000000000000001, 'gamma': 0.2}. Best is trial 1267 with value: 0.5099314743075365.
[I 2023-10-20 09:45:30,771] Trial 1407 finished with value: 0.4523861130007762 and parameters: {'w0': 0.117, 'w1': 0.79, 'w2': 0.021, 'w3': 0.884, 'w4': 0.9480000000000001, 'w5': 0.91, 'w6': 0.385, 'w7': 0.163, 'w8': 0.805, 'max_depth': 8, 'min_child_weight': 14, 'subsample': 0.9000000000000001, 'colsample_bytree': 0.6000000000000001, 'gamma': 0.2}. Best is trial 1267 with value: 0.5099314743075365.
[I 2023-10-20 09:45:37,685] Trial 1401 finished with value: 0.46821792951725144 and parameters: {'w0': 0.12000000000000001, 'w1': 0.795, 'w2': 0.037000000000000005, 'w3': 0.495, 'w4': 0.905, 'w5': 0.906, 'w6': 0.426, 'w7': 0.167, 'w8': 0.771, 'max_depth': 10, 'min_child_weight': 14, 'subsample': 0.9000000000000001, 'colsample_bytree': 0.6000000000000001, 'gamma': 0.2}. Best is trial 1267 with value: 0.5099314743075365.
[I 2023-10-20 09:46:01,691] Trial 1413 finished with value: 0.44143971686475453 and parameters: {'w0': 0.085, 'w1': 0.801, 'w2': 0.202, 'w3': 0.463, 'w4': 0.9450000000000001, 'w5': 0.906, 'w6': 0.384, 'w7': 0.14100000000000001, 'w8': 0.808, 'max_depth': 10, 'min_child_weight': 14, 'subsample': 1.0, 'colsample_bytree': 0.6000000000000001, 'gamma': 5.4}. Best is trial 1267 with value: 0.5099314743075365.
[I 2023-10-20 09:46:14,444] Trial 1408 finished with value: 0.46344099181764814 and parameters: {'w0': 0.12000000000000001, 'w1': 0.772, 'w2': 0.046, 'w3': 0.496, 'w4': 0.9460000000000001, 'w5': 0.905, 'w6': 0.383, 'w7': 0.014000000000000002, 'w8': 0.8140000000000001, 'max_depth': 10, 'min_child_weight': 14, 'subsample': 0.9000000000000001, 'colsample_bytree': 0.6000000000000001, 'gamma': 0.2}. Best is trial 1267 with value: 0.5099314743075365.
[I 2023-10-20 09:46:30,719] Trial 1405 finished with value: 0.47379688426418703 and parameters: {'w0': 0.08600000000000001, 'w1': 0.764, 'w2': 0.049, 'w3': 0.489, 'w4': 0.9440000000000001, 'w5': 0.903, 'w6': 0.381, 'w7': 0.164, 'w8': 0.805, 'max_depth': 10, 'min_child_weight': 14, 'subsample': 0.7, 'colsample_bytree': 0.6000000000000001, 'gamma': 0.2}. Best is trial 1267 with value: 0.5099314743075365.
[I 2023-10-20 09:46:44,049] Trial 1403 finished with value: 0.4624340628894703 and parameters: {'w0': 0.09, 'w1': 0.799, 'w2': 0.036000000000000004, 'w3': 0.5, 'w4': 0.9510000000000001, 'w5': 0.877, 'w6': 0.429, 'w7': 0.223, 'w8': 0.803, 'max_depth': 10, 'min_child_weight': 14, 'subsample': 0.7, 'colsample_bytree': 0.6000000000000001, 'gamma': 0.2}. Best is trial 1267 with value: 0.5099314743075365.
[I 2023-10-20 09:46:46,696] Trial 1406 finished with value: 0.46671887783454147 and parameters: {'w0': 0.08800000000000001, 'w1': 0.774, 'w2': 0.034, 'w3': 0.504, 'w4': 0.9430000000000001, 'w5': 0.9, 'w6': 0.425, 'w7': 0.158, 'w8': 0.806, 'max_depth': 10, 'min_child_weight': 14, 'subsample': 0.7, 'colsample_bytree': 0.6000000000000001, 'gamma': 0.2}. Best is trial 1267 with value: 0.5099314743075365.
[I 2023-10-20 09:48:21,648] Trial 1410 finished with value: 0.4766484191216081 and parameters: {'w0': 0.092, 'w1': 0.805, 'w2': 0.052000000000000005, 'w3': 0.495, 'w4': 0.9480000000000001, 'w5': 0.903, 'w6': 0.683, 'w7': 0.024, 'w8': 0.808, 'max_depth': 10, 'min_child_weight': 14, 'subsample': 0.7, 'colsample_bytree': 0.6000000000000001, 'gamma': 0.2}. Best is trial 1267 with value: 0.5099314743075365.
[I 2023-10-20 09:51:07,656] Trial 1423 finished with value: 0.438631568213671 and parameters: {'w0': 0.166, 'w1': 0.8130000000000001, 'w2': 0.17300000000000001, 'w3': 0.439, 'w4': 0.885, 'w5': 0.9510000000000001, 'w6': 0.41300000000000003, 'w7': 0.113, 'w8': 0.787, 'max_depth': 8, 'min_child_weight': 16, 'subsample': 1.0, 'colsample_bytree': 0.6000000000000001, 'gamma': 7.4}. Best is trial 1267 with value: 0.5099314743075365.
[I 2023-10-20 09:51:52,927] Trial 1411 finished with value: 0.4670234658540609 and parameters: {'w0': 0.083, 'w1': 0.765, 'w2': 0.036000000000000004, 'w3': 0.892, 'w4': 0.9460000000000001, 'w5': 0.907, 'w6': 0.392, 'w7': 0.14100000000000001, 'w8': 0.789, 'max_depth': 10, 'min_child_weight': 14, 'subsample': 0.7, 'colsample_bytree': 0.6000000000000001, 'gamma': 0.0}. Best is trial 1267 with value: 0.5099314743075365.
[I 2023-10-20 09:57:05,753] Trial 1412 finished with value: 0.5027345559475204 and parameters: {'w0': 0.092, 'w1': 0.802, 'w2': 0.201, 'w3': 0.503, 'w4': 0.9480000000000001, 'w5': 0.908, 'w6': 0.386, 'w7': 0.138, 'w8': 0.537, 'max_depth': 10, 'min_child_weight': 14, 'subsample': 0.9000000000000001, 'colsample_bytree': 0.6000000000000001, 'gamma': 0.0}. Best is trial 1267 with value: 0.5099314743075365.
[I 2023-10-20 09:57:21,031] Trial 1414 finished with value: 0.49335456535019634 and parameters: {'w0': 0.08600000000000001, 'w1': 0.729, 'w2': 0.179, 'w3': 0.463, 'w4': 0.9490000000000001, 'w5': 0.909, 'w6': 0.676, 'w7': 0.14, 'w8': 0.806, 'max_depth': 10, 'min_child_weight': 14, 'subsample': 0.7, 'colsample_bytree': 0.6000000000000001, 'gamma': 0.0}. Best is trial 1267 with value: 0.5099314743075365.
[I 2023-10-20 09:57:25,109] Trial 1416 finished with value: 0.47296142966805654 and parameters: {'w0': 0.08700000000000001, 'w1': 0.804, 'w2': 0.167, 'w3': 0.437, 'w4': 0.881, 'w5': 0.906, 'w6': 0.381, 'w7': 0.024, 'w8': 0.805, 'max_depth': 10, 'min_child_weight': 14, 'subsample': 0.7, 'colsample_bytree': 0.6000000000000001, 'gamma': 0.0}. Best is trial 1267 with value: 0.5099314743075365.
[I 2023-10-20 09:57:40,015] Trial 1415 finished with value: 0.5021465687458321 and parameters: {'w0': 0.089, 'w1': 0.736, 'w2': 0.171, 'w3': 0.456, 'w4': 0.9470000000000001, 'w5': 0.9490000000000001, 'w6': 0.42, 'w7': 0.14300000000000002, 'w8': 0.342, 'max_depth': 10, 'min_child_weight': 14, 'subsample': 1.0, 'colsample_bytree': 0.6000000000000001, 'gamma': 0.0}. Best is trial 1267 with value: 0.5099314743075365.
[I 2023-10-20 09:58:25,443] Trial 1417 finished with value: 0.4330351048404872 and parameters: {'w0': 0.093, 'w1': 0.808, 'w2': 0.005, 'w3': 0.466, 'w4': 0.879, 'w5': 0.895, 'w6': 0.404, 'w7': 0.030000000000000002, 'w8': 0.793, 'max_depth': 10, 'min_child_weight': 14, 'subsample': 1.0, 'colsample_bytree': 0.6000000000000001, 'gamma': 0.0}. Best is trial 1267 with value: 0.5099314743075365.
[I 2023-10-20 09:59:08,045] Trial 1418 finished with value: 0.47422968682376226 and parameters: {'w0': 0.08800000000000001, 'w1': 0.809, 'w2': 0.17, 'w3': 0.443, 'w4': 0.88, 'w5': 0.899, 'w6': 0.373, 'w7': 0.021, 'w8': 0.808, 'max_depth': 10, 'min_child_weight': 14, 'subsample': 1.0, 'colsample_bytree': 0.6000000000000001, 'gamma': 0.0}. Best is trial 1267 with value: 0.5099314743075365.
[I 2023-10-20 10:00:32,862] Trial 1422 finished with value: 0.4969496908770166 and parameters: {'w0': 0.164, 'w1': 0.8170000000000001, 'w2': 0.081, 'w3': 0.464, 'w4': 0.879, 'w5': 0.9510000000000001, 'w6': 0.369, 'w7': 0.113, 'w8': 0.742, 'max_depth': 8, 'min_child_weight': 16, 'subsample': 0.7, 'colsample_bytree': 0.6000000000000001, 'gamma': 0.0}. Best is trial 1267 with value: 0.5099314743075365.
[I 2023-10-20 10:00:49,073] Trial 1419 finished with value: 0.4968818574470972 and parameters: {'w0': 0.089, 'w1': 0.8180000000000001, 'w2': 0.171, 'w3': 0.462, 'w4': 0.881, 'w5': 0.9440000000000001, 'w6': 0.371, 'w7': 0.133, 'w8': 0.338, 'max_depth': 10, 'min_child_weight': 14, 'subsample': 0.7, 'colsample_bytree': 0.6000000000000001, 'gamma': 0.0}. Best is trial 1267 with value: 0.5099314743075365.
[I 2023-10-20 10:00:53,586] Trial 1425 finished with value: 0.5040145626802164 and parameters: {'w0': 0.165, 'w1': 0.8210000000000001, 'w2': 0.16, 'w3': 0.454, 'w4': 0.882, 'w5': 0.9500000000000001, 'w6': 0.41000000000000003, 'w7': 0.111, 'w8': 0.786, 'max_depth': 8, 'min_child_weight': 20, 'subsample': 0.7, 'colsample_bytree': 0.6000000000000001, 'gamma': 0.0}. Best is trial 1267 with value: 0.5099314743075365.
[I 2023-10-20 10:01:01,226] Trial 1421 finished with value: 0.4978078250344972 and parameters: {'w0': 0.094, 'w1': 0.806, 'w2': 0.167, 'w3': 0.46, 'w4': 0.88, 'w5': 0.9520000000000001, 'w6': 0.365, 'w7': 0.136, 'w8': 0.502, 'max_depth': 8, 'min_child_weight': 6, 'subsample': 1.0, 'colsample_bytree': 0.6000000000000001, 'gamma': 0.0}. Best is trial 1267 with value: 0.5099314743075365.
