[I 2023-10-20 04:34:42,952] Trial 1043 finished with value: 0.48885029640422023 and parameters: {'w0': 0.226, 'w1': 0.837, 'w2': 0.214, 'w3': 0.612, 'w4': 0.844, 'w5': 0.999, 'w6': 0.341, 'w7': 0.092, 'w8': 0.774, 'max_depth': 8, 'min_child_weight': 14, 'subsample': 0.8, 'colsample_bytree': 0.9000000000000001, 'gamma': 0.0}. Best is trial 556 with value: 0.5099189407344089.
[I 2023-10-20 04:35:31,530] Trial 1045 finished with value: 0.4598781343851729 and parameters: {'w0': 0.20900000000000002, 'w1': 0.844, 'w2': 0.137, 'w3': 0.61, 'w4': 0.851, 'w5': 0.9, 'w6': 0.336, 'w7': 0.5720000000000001, 'w8': 0.807, 'max_depth': 8, 'min_child_weight': 14, 'subsample': 0.8, 'colsample_bytree': 0.7, 'gamma': 0.4}. Best is trial 556 with value: 0.5099189407344089.
[I 2023-10-20 04:35:54,651] Trial 1046 finished with value: 0.4774486299869478 and parameters: {'w0': 0.228, 'w1': 0.846, 'w2': 0.08600000000000001, 'w3': 0.077, 'w4': 0.84, 'w5': 0.9430000000000001, 'w6': 0.34, 'w7': 0.164, 'w8': 0.8, 'max_depth': 8, 'min_child_weight': 10, 'subsample': 0.8, 'colsample_bytree': 0.9000000000000001, 'gamma': 0.4}. Best is trial 556 with value: 0.5099189407344089.
[I 2023-10-20 04:36:32,588] Trial 1047 finished with value: 0.5002415268376311 and parameters: {'w0': 0.213, 'w1': 0.848, 'w2': 0.08800000000000001, 'w3': 0.61, 'w4': 0.843, 'w5': 0.914, 'w6': 0.337, 'w7': 0.08700000000000001, 'w8': 0.8, 'max_depth': 8, 'min_child_weight': 14, 'subsample': 0.8, 'colsample_bytree': 0.9000000000000001, 'gamma': 0.4}. Best is trial 556 with value: 0.5099189407344089.
[I 2023-10-20 04:37:45,647] Trial 1048 finished with value: 0.5034081187017211 and parameters: {'w0': 0.155, 'w1': 0.844, 'w2': 0.083, 'w3': 0.621, 'w4': 0.844, 'w5': 1.0, 'w6': 0.339, 'w7': 0.084, 'w8': 0.8150000000000001, 'max_depth': 8, 'min_child_weight': 14, 'subsample': 0.8, 'colsample_bytree': 0.9000000000000001, 'gamma': 0.4}. Best is trial 556 with value: 0.5099189407344089.
[I 2023-10-20 04:38:47,497] Trial 1049 finished with value: 0.5015668578703574 and parameters: {'w0': 0.226, 'w1': 0.853, 'w2': 0.089, 'w3': 0.549, 'w4': 0.843, 'w5': 0.9460000000000001, 'w6': 0.341, 'w7': 0.08600000000000001, 'w8': 0.8, 'max_depth': 8, 'min_child_weight': 14, 'subsample': 0.7, 'colsample_bytree': 0.9000000000000001, 'gamma': 0.4}. Best is trial 556 with value: 0.5099189407344089.
[I 2023-10-20 04:41:07,834] Trial 1050 finished with value: 0.5010996206653553 and parameters: {'w0': 0.157, 'w1': 0.851, 'w2': 0.08600000000000001, 'w3': 0.606, 'w4': 0.848, 'w5': 0.908, 'w6': 0.342, 'w7': 0.091, 'w8': 0.806, 'max_depth': 8, 'min_child_weight': 14, 'subsample': 0.7, 'colsample_bytree': 0.9000000000000001, 'gamma': 0.4}. Best is trial 556 with value: 0.5099189407344089.
[I 2023-10-20 04:41:36,723] Trial 1054 finished with value: 0.4628888954276101 and parameters: {'w0': 0.214, 'w1': 0.856, 'w2': 0.038, 'w3': 0.403, 'w4': 0.84, 'w5': 0.905, 'w6': 0.326, 'w7': 0.165, 'w8': 0.799, 'max_depth': 8, 'min_child_weight': 14, 'subsample': 0.9000000000000001, 'colsample_bytree': 0.9000000000000001, 'gamma': 0.4}. Best is trial 556 with value: 0.5099189407344089.
[I 2023-10-20 04:42:21,970] Trial 1053 finished with value: 0.47355131366121206 and parameters: {'w0': 0.216, 'w1': 0.196, 'w2': 0.213, 'w3': 0.61, 'w4': 0.843, 'w5': 0.867, 'w6': 0.315, 'w7': 0.055, 'w8': 0.808, 'max_depth': 8, 'min_child_weight': 14, 'subsample': 0.7, 'colsample_bytree': 0.9000000000000001, 'gamma': 0.4}. Best is trial 556 with value: 0.5099189407344089.
[I 2023-10-20 04:42:37,099] Trial 1051 finished with value: 0.49761273766191366 and parameters: {'w0': 0.216, 'w1': 0.851, 'w2': 0.138, 'w3': 0.602, 'w4': 0.806, 'w5': 0.899, 'w6': 0.339, 'w7': 0.161, 'w8': 0.796, 'max_depth': 8, 'min_child_weight': 14, 'subsample': 0.7, 'colsample_bytree': 0.9000000000000001, 'gamma': 0.4}. Best is trial 556 with value: 0.5099189407344089.
[I 2023-10-20 04:42:46,405] Trial 1055 finished with value: 0.47816884217408684 and parameters: {'w0': 0.225, 'w1': 0.852, 'w2': 0.135, 'w3': 0.597, 'w4': 0.801, 'w5': 0.9440000000000001, 'w6': 0.316, 'w7': 0.054, 'w8': 0.807, 'max_depth': 10, 'min_child_weight': 14, 'subsample': 0.9000000000000001, 'colsample_bytree': 0.9000000000000001, 'gamma': 0.4}. Best is trial 556 with value: 0.5099189407344089.
[I 2023-10-20 04:42:51,196] Trial 1052 finished with value: 0.4993294250300678 and parameters: {'w0': 0.211, 'w1': 0.852, 'w2': 0.08800000000000001, 'w3': 0.618, 'w4': 0.843, 'w5': 0.898, 'w6': 0.34, 'w7': 0.08600000000000001, 'w8': 0.791, 'max_depth': 8, 'min_child_weight': 14, 'subsample': 0.7, 'colsample_bytree': 0.9000000000000001, 'gamma': 0.4}. Best is trial 556 with value: 0.5099189407344089.
[I 2023-10-20 04:44:18,011] Trial 1058 finished with value: 0.4714914445801149 and parameters: {'w0': 0.046, 'w1': 0.858, 'w2': 0.20900000000000002, 'w3': 0.62, 'w4': 0.84, 'w5': 0.921, 'w6': 0.317, 'w7': 0.166, 'w8': 0.8, 'max_depth': 5, 'min_child_weight': 16, 'subsample': 0.7, 'colsample_bytree': 0.9000000000000001, 'gamma': 0.2}. Best is trial 556 with value: 0.5099189407344089.
[I 2023-10-20 04:45:12,741] Trial 1056 finished with value: 0.4762294302352628 and parameters: {'w0': 0.222, 'w1': 0.012, 'w2': 0.215, 'w3': 0.544, 'w4': 0.844, 'w5': 0.9470000000000001, 'w6': 0.318, 'w7': 0.164, 'w8': 0.799, 'max_depth': 10, 'min_child_weight': 14, 'subsample': 0.7, 'colsample_bytree': 0.9000000000000001, 'gamma': 0.4}. Best is trial 556 with value: 0.5099189407344089.
[I 2023-10-20 04:47:00,054] Trial 1057 finished with value: 0.4885627189382148 and parameters: {'w0': 0.215, 'w1': 0.855, 'w2': 0.138, 'w3': 0.596, 'w4': 0.839, 'w5': 1.0, 'w6': 0.315, 'w7': 0.054, 'w8': 0.799, 'max_depth': 10, 'min_child_weight': 16, 'subsample': 0.7, 'colsample_bytree': 0.9000000000000001, 'gamma': 0.2}. Best is trial 556 with value: 0.5099189407344089.
[I 2023-10-20 04:49:25,673] Trial 1059 finished with value: 0.4985345735496553 and parameters: {'w0': 0.095, 'w1': 0.857, 'w2': 0.136, 'w3': 0.617, 'w4': 0.845, 'w5': 0.866, 'w6': 0.324, 'w7': 0.165, 'w8': 0.803, 'max_depth': 10, 'min_child_weight': 16, 'subsample': 0.7, 'colsample_bytree': 0.9000000000000001, 'gamma': 0.2}. Best is trial 556 with value: 0.5099189407344089.
[I 2023-10-20 04:50:03,465] Trial 1061 finished with value: 0.4819186347603534 and parameters: {'w0': 0.044000000000000004, 'w1': 0.86, 'w2': 0.138, 'w3': 0.10500000000000001, 'w4': 0.834, 'w5': 0.9450000000000001, 'w6': 0.315, 'w7': 0.053000000000000005, 'w8': 0.797, 'max_depth': 9, 'min_child_weight': 16, 'subsample': 0.7, 'colsample_bytree': 0.9000000000000001, 'gamma': 0.2}. Best is trial 556 with value: 0.5099189407344089.
[I 2023-10-20 04:50:17,069] Trial 1063 finished with value: 0.3938705888015408 and parameters: {'w0': 0.035, 'w1': 0.862, 'w2': 0.031, 'w3': 0.406, 'w4': 0.849, 'w5': 0.866, 'w6': 0.314, 'w7': 0.164, 'w8': 0.002, 'max_depth': 10, 'min_child_weight': 16, 'subsample': 0.7, 'colsample_bytree': 0.9000000000000001, 'gamma': 0.2}. Best is trial 556 with value: 0.5099189407344089.
[I 2023-10-20 04:51:34,295] Trial 1060 finished with value: 0.4931420844954347 and parameters: {'w0': 0.202, 'w1': 0.853, 'w2': 0.138, 'w3': 0.605, 'w4': 0.367, 'w5': 0.92, 'w6': 0.314, 'w7': 0.159, 'w8': 0.799, 'max_depth': 10, 'min_child_weight': 16, 'subsample': 0.9000000000000001, 'colsample_bytree': 0.9000000000000001, 'gamma': 0.2}. Best is trial 556 with value: 0.5099189407344089.
[I 2023-10-20 04:51:40,237] Trial 1062 finished with value: 0.4976832409835381 and parameters: {'w0': 0.202, 'w1': 0.86, 'w2': 0.14400000000000002, 'w3': 0.551, 'w4': 0.974, 'w5': 0.92, 'w6': 0.318, 'w7': 0.16, 'w8': 0.8200000000000001, 'max_depth': 9, 'min_child_weight': 16, 'subsample': 0.7, 'colsample_bytree': 0.9000000000000001, 'gamma': 0.2}. Best is trial 556 with value: 0.5099189407344089.
[I 2023-10-20 04:54:49,955] Trial 1064 finished with value: 0.4936859152053635 and parameters: {'w0': 0.203, 'w1': 0.865, 'w2': 0.14100000000000001, 'w3': 0.551, 'w4': 0.976, 'w5': 0.922, 'w6': 0.32, 'w7': 0.171, 'w8': 0.737, 'max_depth': 10, 'min_child_weight': 16, 'subsample': 0.7, 'colsample_bytree': 0.9000000000000001, 'gamma': 0.2}. Best is trial 556 with value: 0.5099189407344089.
[I 2023-10-20 04:55:15,517] Trial 1065 finished with value: 0.4990346910289493 and parameters: {'w0': 0.094, 'w1': 0.873, 'w2': 0.14100000000000001, 'w3': 0.406, 'w4': 0.9, 'w5': 0.9470000000000001, 'w6': 0.36, 'w7': 0.162, 'w8': 0.737, 'max_depth': 9, 'min_child_weight': 16, 'subsample': 0.9000000000000001, 'colsample_bytree': 0.9000000000000001, 'gamma': 0.2}. Best is trial 556 with value: 0.5099189407344089.
[I 2023-10-20 04:55:17,517] Trial 1067 finished with value: 0.42805027932572615 and parameters: {'w0': 0.114, 'w1': 0.199, 'w2': 0.14, 'w3': 0.809, 'w4': 0.35100000000000003, 'w5': 0.937, 'w6': 0.316, 'w7': 0.16, 'w8': 0.030000000000000002, 'max_depth': 9, 'min_child_weight': 16, 'subsample': 0.8, 'colsample_bytree': 0.9000000000000001, 'gamma': 0.2}. Best is trial 556 with value: 0.5099189407344089.
[I 2023-10-20 04:55:50,780] Trial 1071 finished with value: 0.4642380064916279 and parameters: {'w0': 0.094, 'w1': 0.8150000000000001, 'w2': 0.974, 'w3': 0.642, 'w4': 0.968, 'w5': 0.923, 'w6': 0.314, 'w7': 0.159, 'w8': 0.736, 'max_depth': 9, 'min_child_weight': 16, 'subsample': 1.0, 'colsample_bytree': 0.9000000000000001, 'gamma': 0.2}. Best is trial 556 with value: 0.5099189407344089.
[I 2023-10-20 04:58:01,455] Trial 1068 finished with value: 0.4983335673049545 and parameters: {'w0': 0.085, 'w1': 0.873, 'w2': 0.138, 'w3': 0.641, 'w4': 0.795, 'w5': 0.924, 'w6': 0.307, 'w7': 0.157, 'w8': 0.736, 'max_depth': 9, 'min_child_weight': 16, 'subsample': 0.9000000000000001, 'colsample_bytree': 0.9000000000000001, 'gamma': 0.2}. Best is trial 556 with value: 0.5099189407344089.
[I 2023-10-20 04:58:02,469] Trial 1066 finished with value: 0.498886979094042 and parameters: {'w0': 0.117, 'w1': 0.876, 'w2': 0.139, 'w3': 0.41000000000000003, 'w4': 0.899, 'w5': 0.867, 'w6': 0.312, 'w7': 0.163, 'w8': 0.74, 'max_depth': 10, 'min_child_weight': 16, 'subsample': 0.9000000000000001, 'colsample_bytree': 0.9000000000000001, 'gamma': 0.2}. Best is trial 556 with value: 0.5099189407344089.
[I 2023-10-20 04:58:20,600] Trial 1069 finished with value: 0.48676011239059247 and parameters: {'w0': 0.044000000000000004, 'w1': 0.8150000000000001, 'w2': 0.137, 'w3': 0.547, 'w4': 0.972, 'w5': 0.9470000000000001, 'w6': 0.318, 'w7': 0.152, 'w8': 0.742, 'max_depth': 9, 'min_child_weight': 16, 'subsample': 0.8, 'colsample_bytree': 0.9000000000000001, 'gamma': 0.2}. Best is trial 556 with value: 0.5099189407344089.
[I 2023-10-20 04:58:32,408] Trial 1070 finished with value: 0.5038582066645794 and parameters: {'w0': 0.113, 'w1': 0.754, 'w2': 0.137, 'w3': 0.551, 'w4': 0.969, 'w5': 0.923, 'w6': 0.455, 'w7': 0.161, 'w8': 0.74, 'max_depth': 9, 'min_child_weight': 16, 'subsample': 0.8, 'colsample_bytree': 0.9000000000000001, 'gamma': 0.2}. Best is trial 556 with value: 0.5099189407344089.
[I 2023-10-20 05:00:25,415] Trial 1072 finished with value: 0.5017711502710829 and parameters: {'w0': 0.11800000000000001, 'w1': 0.876, 'w2': 0.138, 'w3': 0.385, 'w4': 0.902, 'w5': 0.9460000000000001, 'w6': 0.312, 'w7': 0.153, 'w8': 0.727, 'max_depth': 9, 'min_child_weight': 16, 'subsample': 0.8, 'colsample_bytree': 0.9000000000000001, 'gamma': 0.2}. Best is trial 556 with value: 0.5099189407344089.
[I 2023-10-20 05:00:35,761] Trial 1076 finished with value: 0.4873549931344624 and parameters: {'w0': 0.115, 'w1': 0.8220000000000001, 'w2': 0.10200000000000001, 'w3': 0.40800000000000003, 'w4': 0.968, 'w5': 0.921, 'w6': 0.36, 'w7': 0.151, 'w8': 0.736, 'max_depth': 9, 'min_child_weight': 16, 'subsample': 1.0, 'colsample_bytree': 0.6000000000000001, 'gamma': 0.2}. Best is trial 556 with value: 0.5099189407344089.
[I 2023-10-20 05:01:02,944] Trial 1073 finished with value: 0.4946002542781356 and parameters: {'w0': 0.098, 'w1': 0.8130000000000001, 'w2': 0.135, 'w3': 0.41300000000000003, 'w4': 0.365, 'w5': 1.0, 'w6': 0.36, 'w7': 0.14500000000000002, 'w8': 0.738, 'max_depth': 9, 'min_child_weight': 16, 'subsample': 0.8, 'colsample_bytree': 0.9000000000000001, 'gamma': 0.2}. Best is trial 556 with value: 0.5099189407344089.
[I 2023-10-20 05:03:18,651] Trial 1074 finished with value: 0.4961034063172213 and parameters: {'w0': 0.08800000000000001, 'w1': 0.876, 'w2': 0.107, 'w3': 0.40700000000000003, 'w4': 0.976, 'w5': 0.9460000000000001, 'w6': 0.454, 'w7': 0.147, 'w8': 0.735, 'max_depth': 9, 'min_child_weight': 16, 'subsample': 0.8, 'colsample_bytree': 0.9000000000000001, 'gamma': 0.2}. Best is trial 556 with value: 0.5099189407344089.
[I 2023-10-20 05:04:34,669] Trial 1075 finished with value: 0.5023354229403377 and parameters: {'w0': 0.17300000000000001, 'w1': 0.8150000000000001, 'w2': 0.109, 'w3': 0.099, 'w4': 0.9590000000000001, 'w5': 0.928, 'w6': 0.28700000000000003, 'w7': 0.147, 'w8': 0.736, 'max_depth': 9, 'min_child_weight': 16, 'subsample': 0.8, 'colsample_bytree': 0.6000000000000001, 'gamma': 0.2}. Best is trial 556 with value: 0.5099189407344089.
[I 2023-10-20 05:05:00,846] Trial 1077 finished with value: 0.4956217126055608 and parameters: {'w0': 0.116, 'w1': 0.28500000000000003, 'w2': 0.107, 'w3': 0.551, 'w4': 0.976, 'w5': 0.929, 'w6': 0.28600000000000003, 'w7': 0.14100000000000001, 'w8': 0.736, 'max_depth': 9, 'min_child_weight': 16, 'subsample': 0.8, 'colsample_bytree': 0.6000000000000001, 'gamma': 0.2}. Best is trial 556 with value: 0.5099189407344089.
[I 2023-10-20 05:06:59,229] Trial 1079 finished with value: 0.4902384853550452 and parameters: {'w0': 0.114, 'w1': 0.8200000000000001, 'w2': 0.361, 'w3': 0.41200000000000003, 'w4': 0.898, 'w5': 0.9480000000000001, 'w6': 0.28800000000000003, 'w7': 0.12000000000000001, 'w8': 0.739, 'max_depth': 9, 'min_child_weight': 16, 'subsample': 0.8, 'colsample_bytree': 0.6000000000000001, 'gamma': 0.0}. Best is trial 556 with value: 0.5099189407344089.
[I 2023-10-20 05:07:15,087] Trial 1078 finished with value: 0.499597679151363 and parameters: {'w0': 0.113, 'w1': 0.881, 'w2': 0.106, 'w3': 0.2, 'w4': 0.972, 'w5': 0.9440000000000001, 'w6': 0.36, 'w7': 0.14400000000000002, 'w8': 0.739, 'max_depth': 9, 'min_child_weight': 16, 'subsample': 0.8, 'colsample_bytree': 0.9000000000000001, 'gamma': 0.2}. Best is trial 556 with value: 0.5099189407344089.
[I 2023-10-20 05:10:19,322] Trial 1093 finished with value: 0.4330882899030722 and parameters: {'w0': 0.169, 'w1': 0.926, 'w2': 0.16, 'w3': 0.459, 'w4': 0.896, 'w5': 0.9600000000000001, 'w6': 0.28400000000000003, 'w7': 0.11800000000000001, 'w8': 0.764, 'max_depth': 9, 'min_child_weight': 18, 'subsample': 0.6000000000000001, 'colsample_bytree': 0.9000000000000001, 'gamma': 8.6}. Best is trial 556 with value: 0.5099189407344089.
[I 2023-10-20 05:10:22,082] Trial 1080 finished with value: 0.5071791521871042 and parameters: {'w0': 0.111, 'w1': 0.883, 'w2': 0.11800000000000001, 'w3': 0.194, 'w4': 0.898, 'w5': 1.0, 'w6': 0.362, 'w7': 0.11800000000000001, 'w8': 0.741, 'max_depth': 9, 'min_child_weight': 16, 'subsample': 0.8, 'colsample_bytree': 0.6000000000000001, 'gamma': 0.0}. Best is trial 556 with value: 0.5099189407344089.
[I 2023-10-20 05:10:44,879] Trial 1083 finished with value: 0.4999916046881619 and parameters: {'w0': 0.171, 'w1': 0.8160000000000001, 'w2': 0.106, 'w3': 0.387, 'w4': 0.901, 'w5': 0.9540000000000001, 'w6': 0.291, 'w7': 0.12000000000000001, 'w8': 0.731, 'max_depth': 9, 'min_child_weight': 16, 'subsample': 0.6000000000000001, 'colsample_bytree': 0.6000000000000001, 'gamma': 0.0}. Best is trial 556 with value: 0.5099189407344089.
[I 2023-10-20 05:10:55,386] Trial 1082 finished with value: 0.46955638660670296 and parameters: {'w0': 0.171, 'w1': 0.81, 'w2': 0.10500000000000001, 'w3': 0.456, 'w4': 0.9580000000000001, 'w5': 0.9500000000000001, 'w6': 0.359, 'w7': 0.323, 'w8': 0.735, 'max_depth': 9, 'min_child_weight': 16, 'subsample': 1.0, 'colsample_bytree': 0.6000000000000001, 'gamma': 0.0}. Best is trial 556 with value: 0.5099189407344089.
[I 2023-10-20 05:10:56,217] Trial 1081 finished with value: 0.5075322795406425 and parameters: {'w0': 0.112, 'w1': 0.8140000000000001, 'w2': 0.157, 'w3': 0.457, 'w4': 0.902, 'w5': 0.9540000000000001, 'w6': 0.28700000000000003, 'w7': 0.121, 'w8': 0.739, 'max_depth': 9, 'min_child_weight': 16, 'subsample': 0.8, 'colsample_bytree': 0.6000000000000001, 'gamma': 0.0}. Best is trial 556 with value: 0.5099189407344089.
[I 2023-10-20 05:12:54,234] Trial 1087 finished with value: 0.4775758414671511 and parameters: {'w0': 0.79, 'w1': 0.8200000000000001, 'w2': 0.107, 'w3': 0.378, 'w4': 0.898, 'w5': 1.0, 'w6': 0.28600000000000003, 'w7': 0.122, 'w8': 0.85, 'max_depth': 9, 'min_child_weight': 16, 'subsample': 0.6000000000000001, 'colsample_bytree': 0.3, 'gamma': 0.0}. Best is trial 556 with value: 0.5099189407344089.
[I 2023-10-20 05:13:00,891] Trial 1085 finished with value: 0.5000837187785094 and parameters: {'w0': 0.162, 'w1': 0.8230000000000001, 'w2': 0.107, 'w3': 0.375, 'w4': 0.897, 'w5': 0.9540000000000001, 'w6': 0.28900000000000003, 'w7': 0.12000000000000001, 'w8': 0.845, 'max_depth': 9, 'min_child_weight': 16, 'subsample': 0.6000000000000001, 'colsample_bytree': 0.6000000000000001, 'gamma': 0.0}. Best is trial 556 with value: 0.5099189407344089.
[I 2023-10-20 05:13:25,699] Trial 1084 finished with value: 0.5026413529303178 and parameters: {'w0': 0.171, 'w1': 0.882, 'w2': 0.10300000000000001, 'w3': 0.462, 'w4': 0.901, 'w5': 1.0, 'w6': 0.401, 'w7': 0.11900000000000001, 'w8': 0.849, 'max_depth': 9, 'min_child_weight': 16, 'subsample': 0.8, 'colsample_bytree': 0.6000000000000001, 'gamma': 0.0}. Best is trial 556 with value: 0.5099189407344089.
[I 2023-10-20 05:13:42,778] Trial 1086 finished with value: 0.5040325923739821 and parameters: {'w0': 0.17, 'w1': 0.8150000000000001, 'w2': 0.10200000000000001, 'w3': 0.464, 'w4': 0.896, 'w5': 0.999, 'w6': 0.293, 'w7': 0.114, 'w8': 0.856, 'max_depth': 9, 'min_child_weight': 16, 'subsample': 0.8, 'colsample_bytree': 0.6000000000000001, 'gamma': 0.0}. Best is trial 556 with value: 0.5099189407344089.
[I 2023-10-20 05:15:40,002] Trial 1089 finished with value: 0.5053929074507784 and parameters: {'w0': 0.17200000000000001, 'w1': 0.8150000000000001, 'w2': 0.111, 'w3': 0.459, 'w4': 0.897, 'w5': 0.967, 'w6': 0.398, 'w7': 0.12000000000000001, 'w8': 0.846, 'max_depth': 9, 'min_child_weight': 18, 'subsample': 0.8, 'colsample_bytree': 0.6000000000000001, 'gamma': 0.0}. Best is trial 556 with value: 0.5099189407344089.
[I 2023-10-20 05:16:01,451] Trial 1090 finished with value: 0.5022428932266975 and parameters: {'w0': 0.17, 'w1': 0.886, 'w2': 0.108, 'w3': 0.463, 'w4': 0.894, 'w5': 0.967, 'w6': 0.28200000000000003, 'w7': 0.11900000000000001, 'w8': 0.661, 'max_depth': 9, 'min_child_weight': 18, 'subsample': 0.6000000000000001, 'colsample_bytree': 0.8, 'gamma': 0.0}. Best is trial 556 with value: 0.5099189407344089.
[I 2023-10-20 05:16:25,488] Trial 1088 finished with value: 0.5097765672713795 and parameters: {'w0': 0.17200000000000001, 'w1': 0.922, 'w2': 0.121, 'w3': 0.47000000000000003, 'w4': 0.901, 'w5': 0.965, 'w6': 0.405, 'w7': 0.11900000000000001, 'w8': 0.681, 'max_depth': 9, 'min_child_weight': 16, 'subsample': 0.8, 'colsample_bytree': 0.6000000000000001, 'gamma': 0.0}. Best is trial 556 with value: 0.5099189407344089.
[I 2023-10-20 05:19:06,261] Trial 1091 finished with value: 0.5034825623770677 and parameters: {'w0': 0.17400000000000002, 'w1': 0.92, 'w2': 0.106, 'w3': 0.462, 'w4': 0.902, 'w5': 1.0, 'w6': 0.28700000000000003, 'w7': 0.11900000000000001, 'w8': 0.843, 'max_depth': 9, 'min_child_weight': 18, 'subsample': 0.8, 'colsample_bytree': 0.8, 'gamma': 0.0}. Best is trial 556 with value: 0.5099189407344089.
[I 2023-10-20 05:19:50,259] Trial 1092 finished with value: 0.49809716368168616 and parameters: {'w0': 0.163, 'w1': 0.28300000000000003, 'w2': 0.107, 'w3': 0.453, 'w4': 0.898, 'w5': 0.963, 'w6': 0.28900000000000003, 'w7': 0.109, 'w8': 0.755, 'max_depth': 9, 'min_child_weight': 18, 'subsample': 0.8, 'colsample_bytree': 0.8, 'gamma': 0.0}. Best is trial 556 with value: 0.5099189407344089.
[I 2023-10-20 05:20:35,511] Trial 1105 finished with value: 0.3973304597125317 and parameters: {'w0': 0.08700000000000001, 'w1': 0.778, 'w2': 0.035, 'w3': 0.18, 'w4': 0.868, 'w5': 0.968, 'w6': 0.38, 'w7': 0.099, 'w8': 0.663, 'max_depth': 9, 'min_child_weight': 18, 'subsample': 0.8, 'colsample_bytree': 0.6000000000000001, 'gamma': 9.4}. Best is trial 556 with value: 0.5099189407344089.
[I 2023-10-20 05:22:15,385] Trial 1095 finished with value: 0.5018997962509624 and parameters: {'w0': 0.171, 'w1': 0.886, 'w2': 0.159, 'w3': 0.46, 'w4': 0.896, 'w5': 0.966, 'w6': 0.396, 'w7': 0.11900000000000001, 'w8': 0.682, 'max_depth': 9, 'min_child_weight': 18, 'subsample': 0.6000000000000001, 'colsample_bytree': 0.8, 'gamma': 0.0}. Best is trial 556 with value: 0.5099189407344089.
[I 2023-10-20 05:22:40,414] Trial 1094 finished with value: 0.5000581520432197 and parameters: {'w0': 0.171, 'w1': 0.923, 'w2': 0.192, 'w3': 0.46900000000000003, 'w4': 0.897, 'w5': 0.968, 'w6': 0.28800000000000003, 'w7': 0.117, 'w8': 0.676, 'max_depth': 9, 'min_child_weight': 18, 'subsample': 0.8, 'colsample_bytree': 0.8, 'gamma': 0.0}. Best is trial 556 with value: 0.5099189407344089.
[I 2023-10-20 05:23:59,329] Trial 1099 finished with value: 0.5012656452500109 and parameters: {'w0': 0.094, 'w1': 0.92, 'w2': 0.111, 'w3': 0.108, 'w4': 0.905, 'w5': 1.0, 'w6': 0.386, 'w7': 0.117, 'w8': 0.675, 'max_depth': 7, 'min_child_weight': 18, 'subsample': 0.8, 'colsample_bytree': 0.6000000000000001, 'gamma': 0.0}. Best is trial 556 with value: 0.5099189407344089.
