[I 2023-10-20 17:48:28,041] Trial 1971 finished with value: 0.5035221852258451 and parameters: {'w0': 0.195, 'w1': 0.9590000000000001, 'w2': 0.1, 'w3': 0.617, 'w4': 0.902, 'w5': 0.9450000000000001, 'w6': 0.34500000000000003, 'w7': 0.097, 'w8': 0.789, 'max_depth': 9, 'min_child_weight': 16, 'subsample': 0.8, 'colsample_bytree': 0.9000000000000001, 'gamma': 0.4}. Best is trial 1267 with value: 0.5099314743075365.
[I 2023-10-20 17:49:40,647] Trial 1972 finished with value: 0.45687610714191174 and parameters: {'w0': 0.686, 'w1': 0.9590000000000001, 'w2': 0.585, 'w3': 0.158, 'w4': 0.902, 'w5': 0.5670000000000001, 'w6': 0.34700000000000003, 'w7': 0.091, 'w8': 0.796, 'max_depth': 9, 'min_child_weight': 16, 'subsample': 0.8, 'colsample_bytree': 0.9000000000000001, 'gamma': 0.4}. Best is trial 1267 with value: 0.5099314743075365.
[I 2023-10-20 17:49:43,416] Trial 1974 finished with value: 0.49134013472848476 and parameters: {'w0': 0.194, 'w1': 0.984, 'w2': 0.063, 'w3': 0.47700000000000004, 'w4': 0.903, 'w5': 0.969, 'w6': 0.343, 'w7': 0.094, 'w8': 0.683, 'max_depth': 9, 'min_child_weight': 10, 'subsample': 0.8, 'colsample_bytree': 0.9000000000000001, 'gamma': 0.4}. Best is trial 1267 with value: 0.5099314743075365.
[I 2023-10-20 17:50:45,913] Trial 1973 finished with value: 0.4500646868065716 and parameters: {'w0': 0.197, 'w1': 0.485, 'w2': 0.10400000000000001, 'w3': 0.47500000000000003, 'w4': 0.908, 'w5': 0.966, 'w6': 0.341, 'w7': 0.624, 'w8': 0.786, 'max_depth': 9, 'min_child_weight': 16, 'subsample': 0.8, 'colsample_bytree': 0.9000000000000001, 'gamma': 0.4}. Best is trial 1267 with value: 0.5099314743075365.
[I 2023-10-20 17:51:14,264] Trial 1976 finished with value: 0.48049901162141373 and parameters: {'w0': 0.201, 'w1': 0.985, 'w2': 0.5630000000000001, 'w3': 0.621, 'w4': 0.846, 'w5': 1.0, 'w6': 0.28300000000000003, 'w7': 0.098, 'w8': 0.791, 'max_depth': 9, 'min_child_weight': 14, 'subsample': 0.8, 'colsample_bytree': 0.9000000000000001, 'gamma': 0.4}. Best is trial 1267 with value: 0.5099314743075365.
[I 2023-10-20 17:51:57,145] Trial 1977 finished with value: 0.5027224819140801 and parameters: {'w0': 0.195, 'w1': 0.978, 'w2': 0.106, 'w3': 0.528, 'w4': 0.904, 'w5': 0.97, 'w6': 0.279, 'w7': 0.10300000000000001, 'w8': 0.852, 'max_depth': 9, 'min_child_weight': 14, 'subsample': 0.8, 'colsample_bytree': 0.9000000000000001, 'gamma': 0.4}. Best is trial 1267 with value: 0.5099314743075365.
[I 2023-10-20 17:52:53,512] Trial 1978 finished with value: 0.5008843559367838 and parameters: {'w0': 0.101, 'w1': 0.932, 'w2': 0.066, 'w3': 0.181, 'w4': 0.851, 'w5': 1.0, 'w6': 0.281, 'w7': 0.1, 'w8': 0.6940000000000001, 'max_depth': 9, 'min_child_weight': 14, 'subsample': 0.8, 'colsample_bytree': 0.9000000000000001, 'gamma': 0.0}. Best is trial 1267 with value: 0.5099314743075365.
[I 2023-10-20 17:54:47,603] Trial 1979 finished with value: 0.49167714710048216 and parameters: {'w0': 0.196, 'w1': 0.933, 'w2': 0.058, 'w3': 0.618, 'w4': 0.839, 'w5': 0.97, 'w6': 0.33, 'w7': 0.1, 'w8': 0.789, 'max_depth': 9, 'min_child_weight': 14, 'subsample': 0.8, 'colsample_bytree': 0.9000000000000001, 'gamma': 0.0}. Best is trial 1267 with value: 0.5099314743075365.
[I 2023-10-20 17:55:50,435] Trial 1980 finished with value: 0.5055132334458621 and parameters: {'w0': 0.101, 'w1': 0.9450000000000001, 'w2': 0.13, 'w3': 0.529, 'w4': 0.855, 'w5': 0.984, 'w6': 0.334, 'w7': 0.1, 'w8': 0.682, 'max_depth': 9, 'min_child_weight': 14, 'subsample': 0.8, 'colsample_bytree': 0.9000000000000001, 'gamma': 0.0}. Best is trial 1267 with value: 0.5099314743075365.
[I 2023-10-20 17:56:08,076] Trial 1981 finished with value: 0.500805148757449 and parameters: {'w0': 0.096, 'w1': 0.927, 'w2': 0.13, 'w3': 0.53, 'w4': 0.837, 'w5': 0.966, 'w6': 0.281, 'w7': 0.098, 'w8': 0.675, 'max_depth': 9, 'min_child_weight': 16, 'subsample': 0.8, 'colsample_bytree': 0.9000000000000001, 'gamma': 0.0}. Best is trial 1267 with value: 0.5099314743075365.
[I 2023-10-20 17:58:33,756] Trial 1982 finished with value: 0.5027816816503361 and parameters: {'w0': 0.101, 'w1': 0.92, 'w2': 0.127, 'w3': 0.536, 'w4': 0.843, 'w5': 0.979, 'w6': 0.28600000000000003, 'w7': 0.1, 'w8': 0.675, 'max_depth': 9, 'min_child_weight': 14, 'subsample': 0.8, 'colsample_bytree': 0.9000000000000001, 'gamma': 0.0}. Best is trial 1267 with value: 0.5099314743075365.
[I 2023-10-20 18:00:07,474] Trial 1983 finished with value: 0.5024344163411203 and parameters: {'w0': 0.099, 'w1': 0.514, 'w2': 0.13, 'w3': 0.537, 'w4': 0.834, 'w5': 0.981, 'w6': 0.63, 'w7': 0.12000000000000001, 'w8': 0.686, 'max_depth': 9, 'min_child_weight': 14, 'subsample': 0.8, 'colsample_bytree': 0.9000000000000001, 'gamma': 0.0}. Best is trial 1267 with value: 0.5099314743075365.
[I 2023-10-20 18:00:42,980] Trial 1984 finished with value: 0.5035558518996793 and parameters: {'w0': 0.1, 'w1': 0.926, 'w2': 0.134, 'w3': 0.623, 'w4': 0.854, 'w5': 0.982, 'w6': 0.279, 'w7': 0.125, 'w8': 0.687, 'max_depth': 9, 'min_child_weight': 14, 'subsample': 0.8, 'colsample_bytree': 0.9000000000000001, 'gamma': 0.0}. Best is trial 1267 with value: 0.5099314743075365.
[I 2023-10-20 18:01:20,268] Trial 1985 finished with value: 0.4437102822209822 and parameters: {'w0': 0.10400000000000001, 'w1': 0.924, 'w2': 0.129, 'w3': 0.543, 'w4': 0.844, 'w5': 0.984, 'w6': 0.291, 'w7': 0.622, 'w8': 0.6880000000000001, 'max_depth': 9, 'min_child_weight': 14, 'subsample': 0.8, 'colsample_bytree': 0.9000000000000001, 'gamma': 0.0}. Best is trial 1267 with value: 0.5099314743075365.
[I 2023-10-20 18:02:48,867] Trial 1986 finished with value: 0.5072368544876326 and parameters: {'w0': 0.1, 'w1': 0.926, 'w2': 0.131, 'w3': 0.453, 'w4': 0.9420000000000001, 'w5': 0.982, 'w6': 0.279, 'w7': 0.124, 'w8': 0.6980000000000001, 'max_depth': 9, 'min_child_weight': 14, 'subsample': 0.8, 'colsample_bytree': 0.9000000000000001, 'gamma': 0.0}. Best is trial 1267 with value: 0.5099314743075365.
[I 2023-10-20 18:03:48,789] Trial 1987 finished with value: 0.502382458742165 and parameters: {'w0': 0.10500000000000001, 'w1': 0.927, 'w2': 0.131, 'w3': 0.538, 'w4': 0.9380000000000001, 'w5': 0.977, 'w6': 0.278, 'w7': 0.121, 'w8': 0.679, 'max_depth': 9, 'min_child_weight': 14, 'subsample': 0.8, 'colsample_bytree': 0.9000000000000001, 'gamma': 0.0}. Best is trial 1267 with value: 0.5099314743075365.
[I 2023-10-20 18:03:58,712] Trial 1988 finished with value: 0.4957565986153528 and parameters: {'w0': 0.41500000000000004, 'w1': 0.927, 'w2': 0.131, 'w3': 0.538, 'w4': 0.9510000000000001, 'w5': 0.98, 'w6': 0.28300000000000003, 'w7': 0.124, 'w8': 0.677, 'max_depth': 8, 'min_child_weight': 14, 'subsample': 0.8, 'colsample_bytree': 0.9000000000000001, 'gamma': 0.0}. Best is trial 1267 with value: 0.5099314743075365.
[I 2023-10-20 18:04:00,925] Trial 1989 finished with value: 0.5034545179228904 and parameters: {'w0': 0.151, 'w1': 0.926, 'w2': 0.131, 'w3': 0.532, 'w4': 0.853, 'w5': 0.982, 'w6': 0.279, 'w7': 0.125, 'w8': 0.68, 'max_depth': 8, 'min_child_weight': 14, 'subsample': 0.8, 'colsample_bytree': 0.7, 'gamma': 0.0}. Best is trial 1267 with value: 0.5099314743075365.
[I 2023-10-20 18:04:19,202] Trial 1990 finished with value: 0.5059319421348496 and parameters: {'w0': 0.10500000000000001, 'w1': 0.933, 'w2': 0.134, 'w3': 0.527, 'w4': 0.835, 'w5': 0.976, 'w6': 0.28300000000000003, 'w7': 0.123, 'w8': 0.849, 'max_depth': 8, 'min_child_weight': 14, 'subsample': 0.8, 'colsample_bytree': 0.9000000000000001, 'gamma': 0.0}. Best is trial 1267 with value: 0.5099314743075365.
[I 2023-10-20 18:04:26,547] Trial 1999 finished with value: 0.42182990013781185 and parameters: {'w0': 0.154, 'w1': 0.215, 'w2': 0.14400000000000002, 'w3': 0.446, 'w4': 0.9390000000000001, 'w5': 0.983, 'w6': 0.719, 'w7': 0.128, 'w8': 0.845, 'max_depth': 8, 'min_child_weight': 16, 'subsample': 0.6000000000000001, 'colsample_bytree': 0.7, 'gamma': 10.0}. Best is trial 1267 with value: 0.5099314743075365.
[I 2023-10-20 18:04:59,697] Trial 1992 finished with value: 0.5051404348304365 and parameters: {'w0': 0.153, 'w1': 0.926, 'w2': 0.129, 'w3': 0.543, 'w4': 0.849, 'w5': 0.983, 'w6': 0.28, 'w7': 0.128, 'w8': 0.675, 'max_depth': 8, 'min_child_weight': 14, 'subsample': 0.8, 'colsample_bytree': 0.7, 'gamma': 0.0}. Best is trial 1267 with value: 0.5099314743075365.
[I 2023-10-20 18:05:03,931] Trial 1991 finished with value: 0.5000194128416303 and parameters: {'w0': 0.153, 'w1': 0.848, 'w2': 0.129, 'w3': 0.527, 'w4': 0.843, 'w5': 0.979, 'w6': 0.28900000000000003, 'w7': 0.124, 'w8': 0.6940000000000001, 'max_depth': 8, 'min_child_weight': 14, 'subsample': 0.8, 'colsample_bytree': 0.9000000000000001, 'gamma': 0.0}. Best is trial 1267 with value: 0.5099314743075365.
[I 2023-10-20 18:05:32,097] Trial 1993 finished with value: 0.5040918187265666 and parameters: {'w0': 0.151, 'w1': 0.848, 'w2': 0.135, 'w3': 0.448, 'w4': 0.9380000000000001, 'w5': 0.974, 'w6': 0.281, 'w7': 0.126, 'w8': 0.6930000000000001, 'max_depth': 8, 'min_child_weight': 14, 'subsample': 0.8, 'colsample_bytree': 0.9000000000000001, 'gamma': 0.0}. Best is trial 1267 with value: 0.5099314743075365.
[I 2023-10-20 18:05:53,488] Trial 1994 finished with value: 0.49819921999109607 and parameters: {'w0': 0.152, 'w1': 0.923, 'w2': 0.135, 'w3': 0.538, 'w4': 0.9410000000000001, 'w5': 0.985, 'w6': 0.28400000000000003, 'w7': 0.132, 'w8': 0.317, 'max_depth': 8, 'min_child_weight': 14, 'subsample': 0.8, 'colsample_bytree': 0.7, 'gamma': 0.0}. Best is trial 1267 with value: 0.5099314743075365.
[I 2023-10-20 18:06:18,673] Trial 1995 finished with value: 0.4813722573239196 and parameters: {'w0': 0.15, 'w1': 0.665, 'w2': 0.13, 'w3': 0.449, 'w4': 0.04, 'w5': 0.98, 'w6': 0.28600000000000003, 'w7': 0.126, 'w8': 0.6880000000000001, 'max_depth': 8, 'min_child_weight': 14, 'subsample': 0.8, 'colsample_bytree': 0.7, 'gamma': 0.0}. Best is trial 1267 with value: 0.5099314743075365.
[I 2023-10-20 18:06:34,184] Trial 1997 finished with value: 0.44364547624309886 and parameters: {'w0': 0.148, 'w1': 0.853, 'w2': 0.197, 'w3': 0.448, 'w4': 0.9390000000000001, 'w5': 0.985, 'w6': 0.28700000000000003, 'w7': 0.12000000000000001, 'w8': 0.008, 'max_depth': 8, 'min_child_weight': 16, 'subsample': 0.8, 'colsample_bytree': 0.7, 'gamma': 0.0}. Best is trial 1267 with value: 0.5099314743075365.
[I 2023-10-20 18:06:51,367] Trial 1996 finished with value: 0.5030506046538159 and parameters: {'w0': 0.153, 'w1': 0.848, 'w2': 0.134, 'w3': 0.34600000000000003, 'w4': 0.9380000000000001, 'w5': 0.982, 'w6': 0.227, 'w7': 0.123, 'w8': 0.6980000000000001, 'max_depth': 8, 'min_child_weight': 16, 'subsample': 0.8, 'colsample_bytree': 0.9000000000000001, 'gamma': 0.0}. Best is trial 1267 with value: 0.5099314743075365.
[I 2023-10-20 18:07:24,246] Trial 1998 finished with value: 0.4583556300048613 and parameters: {'w0': 0.147, 'w1': 0.874, 'w2': 0.024, 'w3': 0.455, 'w4': 0.9420000000000001, 'w5': 0.982, 'w6': 0.217, 'w7': 0.126, 'w8': 0.866, 'max_depth': 8, 'min_child_weight': 16, 'subsample': 0.6000000000000001, 'colsample_bytree': 0.9000000000000001, 'gamma': 0.0}. Best is trial 1267 with value: 0.5099314743075365.
[I 2023-10-20 18:08:01,953] A new study created in memory with name: no-name-68cd0e2a-a2be-409a-954e-af94617a1a67
[I 2023-10-20 18:13:38,515] Trial 2 finished with value: 0.28917719837351663 and parameters: {'w0': 0.732, 'w1': 0.759, 'w2': 0.295, 'w3': 0.594, 'w4': 0.08700000000000001, 'w5': 0.152, 'w6': 0.757, 'w7': 0.884, 'w8': 0.112, 'max_depth': 8, 'min_child_weight': 2, 'subsample': 1.0, 'colsample_bytree': 0.4, 'gamma': 8.8}. Best is trial 2 with value: 0.28917719837351663.
[I 2023-10-20 18:13:39,867] Trial 12 finished with value: 0.2507072039155469 and parameters: {'w0': 0.326, 'w1': 0.249, 'w2': 0.729, 'w3': 0.597, 'w4': 0.922, 'w5': 0.065, 'w6': 0.1, 'w7': 0.113, 'w8': 0.11900000000000001, 'max_depth': 3, 'min_child_weight': 4, 'subsample': 0.8, 'colsample_bytree': 0.4, 'gamma': 6.0}. Best is trial 2 with value: 0.28917719837351663.
[I 2023-10-20 18:13:50,811] Trial 4 finished with value: 0.3148476678618193 and parameters: {'w0': 0.28600000000000003, 'w1': 0.619, 'w2': 0.9390000000000001, 'w3': 0.6890000000000001, 'w4': 0.539, 'w5': 0.375, 'w6': 0.536, 'w7': 0.23600000000000002, 'w8': 0.799, 'max_depth': 5, 'min_child_weight': 6, 'subsample': 0.9000000000000001, 'colsample_bytree': 0.5, 'gamma': 7.800000000000001}. Best is trial 4 with value: 0.3148476678618193.
[I 2023-10-20 18:13:53,499] Trial 0 finished with value: 0.30212741844801816 and parameters: {'w0': 0.541, 'w1': 0.556, 'w2': 0.488, 'w3': 0.836, 'w4': 0.095, 'w5': 0.9480000000000001, 'w6': 0.6900000000000001, 'w7': 0.079, 'w8': 0.305, 'max_depth': 3, 'min_child_weight': 12, 'subsample': 0.7, 'colsample_bytree': 0.4, 'gamma': 5.6000000000000005}. Best is trial 4 with value: 0.3148476678618193.
[I 2023-10-20 18:14:04,743] Trial 15 finished with value: 0.28046573061619573 and parameters: {'w0': 0.792, 'w1': 0.265, 'w2': 0.914, 'w3': 0.5670000000000001, 'w4': 0.522, 'w5': 0.43, 'w6': 0.47500000000000003, 'w7': 0.041, 'w8': 0.458, 'max_depth': 7, 'min_child_weight': 16, 'subsample': 0.5, 'colsample_bytree': 0.3, 'gamma': 6.6000000000000005}. Best is trial 4 with value: 0.3148476678618193.
[I 2023-10-20 18:14:08,884] Trial 1 finished with value: 0.29565473825115124 and parameters: {'w0': 0.928, 'w1': 0.802, 'w2': 0.029, 'w3': 0.501, 'w4': 0.359, 'w5': 0.357, 'w6': 0.031, 'w7': 0.508, 'w8': 0.893, 'max_depth': 9, 'min_child_weight': 8, 'subsample': 0.7, 'colsample_bytree': 0.3, 'gamma': 5.6000000000000005}. Best is trial 4 with value: 0.3148476678618193.
[I 2023-10-20 18:14:10,743] Trial 14 finished with value: 0.24581139330784868 and parameters: {'w0': 0.488, 'w1': 0.305, 'w2': 0.08800000000000001, 'w3': 0.060000000000000005, 'w4': 0.28200000000000003, 'w5': 0.8310000000000001, 'w6': 0.796, 'w7': 0.794, 'w8': 0.635, 'max_depth': 3, 'min_child_weight': 20, 'subsample': 0.5, 'colsample_bytree': 0.3, 'gamma': 5.0}. Best is trial 4 with value: 0.3148476678618193.
[I 2023-10-20 18:14:14,295] Trial 5 finished with value: 0.3091310299869437 and parameters: {'w0': 0.462, 'w1': 0.8300000000000001, 'w2': 0.076, 'w3': 0.738, 'w4': 0.81, 'w5': 0.506, 'w6': 0.546, 'w7': 0.153, 'w8': 0.161, 'max_depth': 6, 'min_child_weight': 10, 'subsample': 0.8, 'colsample_bytree': 0.7, 'gamma': 4.2}. Best is trial 4 with value: 0.3148476678618193.
[I 2023-10-20 18:14:15,938] Trial 3 finished with value: 0.29285788280704184 and parameters: {'w0': 0.317, 'w1': 0.147, 'w2': 0.485, 'w3': 0.384, 'w4': 0.47900000000000004, 'w5': 0.8150000000000001, 'w6': 0.605, 'w7': 0.918, 'w8': 0.603, 'max_depth': 5, 'min_child_weight': 18, 'subsample': 0.6000000000000001, 'colsample_bytree': 1.0, 'gamma': 7.800000000000001}. Best is trial 4 with value: 0.3148476678618193.
[I 2023-10-20 18:14:38,288] Trial 11 finished with value: 0.33912166782045505 and parameters: {'w0': 0.988, 'w1': 0.47500000000000003, 'w2': 0.55, 'w3': 0.908, 'w4': 0.375, 'w5': 0.788, 'w6': 0.779, 'w7': 0.86, 'w8': 0.8260000000000001, 'max_depth': 7, 'min_child_weight': 0, 'subsample': 0.9000000000000001, 'colsample_bytree': 0.3, 'gamma': 5.2}. Best is trial 11 with value: 0.33912166782045505.
[I 2023-10-20 18:14:45,077] Trial 10 finished with value: 0.3375154894718357 and parameters: {'w0': 0.56, 'w1': 0.467, 'w2': 0.371, 'w3': 0.787, 'w4': 0.579, 'w5': 0.084, 'w6': 0.663, 'w7': 0.753, 'w8': 0.5770000000000001, 'max_depth': 10, 'min_child_weight': 4, 'subsample': 0.6000000000000001, 'colsample_bytree': 1.0, 'gamma': 6.6000000000000005}. Best is trial 11 with value: 0.33912166782045505.
[I 2023-10-20 18:14:56,185] Trial 9 finished with value: 0.35297058466757875 and parameters: {'w0': 0.8210000000000001, 'w1': 0.509, 'w2': 0.371, 'w3': 0.34900000000000003, 'w4': 0.8140000000000001, 'w5': 0.581, 'w6': 0.41000000000000003, 'w7': 0.403, 'w8': 0.463, 'max_depth': 8, 'min_child_weight': 10, 'subsample': 0.6000000000000001, 'colsample_bytree': 0.9000000000000001, 'gamma': 4.6000000000000005}. Best is trial 9 with value: 0.35297058466757875.
[I 2023-10-20 18:16:26,784] Trial 7 finished with value: 0.3521665950294174 and parameters: {'w0': 0.9, 'w1': 0.675, 'w2': 0.617, 'w3': 0.793, 'w4': 0.29, 'w5': 0.109, 'w6': 0.541, 'w7': 0.9580000000000001, 'w8': 0.5650000000000001, 'max_depth': 9, 'min_child_weight': 10, 'subsample': 0.4, 'colsample_bytree': 0.8, 'gamma': 5.4}. Best is trial 9 with value: 0.35297058466757875.
[I 2023-10-20 18:17:27,571] Trial 13 finished with value: 0.34383682500997337 and parameters: {'w0': 0.668, 'w1': 0.714, 'w2': 0.767, 'w3': 0.868, 'w4': 0.163, 'w5': 0.095, 'w6': 0.902, 'w7': 0.984, 'w8': 0.014000000000000002, 'max_depth': 7, 'min_child_weight': 0, 'subsample': 1.0, 'colsample_bytree': 0.3, 'gamma': 0.6000000000000001}. Best is trial 9 with value: 0.35297058466757875.
[I 2023-10-20 18:18:39,532] Trial 6 finished with value: 0.372276229173748 and parameters: {'w0': 0.217, 'w1': 0.259, 'w2': 0.7000000000000001, 'w3': 0.529, 'w4': 0.581, 'w5': 0.374, 'w6': 0.59, 'w7': 0.171, 'w8': 0.64, 'max_depth': 5, 'min_child_weight': 14, 'subsample': 0.7, 'colsample_bytree': 0.8, 'gamma': 1.2000000000000002}. Best is trial 6 with value: 0.372276229173748.
[I 2023-10-20 18:18:45,123] Trial 21 finished with value: 0.28228770916093276 and parameters: {'w0': 0.551, 'w1': 0.721, 'w2': 0.377, 'w3': 0.667, 'w4': 0.34, 'w5': 0.456, 'w6': 0.076, 'w7': 0.193, 'w8': 0.034, 'max_depth': 4, 'min_child_weight': 18, 'subsample': 0.9000000000000001, 'colsample_bytree': 0.6000000000000001, 'gamma': 6.2}. Best is trial 6 with value: 0.372276229173748.
[I 2023-10-20 18:18:50,263] Trial 19 finished with value: 0.3286786209315897 and parameters: {'w0': 0.543, 'w1': 0.514, 'w2': 0.9380000000000001, 'w3': 0.798, 'w4': 0.016, 'w5': 0.808, 'w6': 0.9490000000000001, 'w7': 0.885, 'w8': 0.486, 'max_depth': 8, 'min_child_weight': 6, 'subsample': 0.2, 'colsample_bytree': 0.5, 'gamma': 9.8}. Best is trial 6 with value: 0.372276229173748.
[I 2023-10-20 18:18:53,795] Trial 23 finished with value: 0.21118244984765328 and parameters: {'w0': 0.658, 'w1': 0.853, 'w2': 0.02, 'w3': 0.069, 'w4': 0.915, 'w5': 0.579, 'w6': 0.388, 'w7': 0.405, 'w8': 0.08600000000000001, 'max_depth': 7, 'min_child_weight': 10, 'subsample': 0.2, 'colsample_bytree': 1.0, 'gamma': 8.6}. Best is trial 6 with value: 0.372276229173748.
[I 2023-10-20 18:19:02,871] Trial 20 finished with value: 0.2750685708777644 and parameters: {'w0': 0.231, 'w1': 0.20800000000000002, 'w2': 0.999, 'w3': 0.305, 'w4': 0.657, 'w5': 0.218, 'w6': 0.322, 'w7': 0.029, 'w8': 0.65, 'max_depth': 7, 'min_child_weight': 8, 'subsample': 0.4, 'colsample_bytree': 0.8, 'gamma': 8.8}. Best is trial 6 with value: 0.372276229173748.
[I 2023-10-20 18:19:23,643] Trial 18 finished with value: 0.3519527937518658 and parameters: {'w0': 0.54, 'w1': 0.76, 'w2': 0.326, 'w3': 0.647, 'w4': 0.935, 'w5': 0.7020000000000001, 'w6': 0.915, 'w7': 0.514, 'w8': 0.723, 'max_depth': 4, 'min_child_weight': 4, 'subsample': 0.5, 'colsample_bytree': 0.8, 'gamma': 6.6000000000000005}. Best is trial 6 with value: 0.372276229173748.
[I 2023-10-20 18:21:32,377] Trial 22 finished with value: 0.2921138792326352 and parameters: {'w0': 0.5710000000000001, 'w1': 0.875, 'w2': 0.296, 'w3': 0.010000000000000002, 'w4': 0.8160000000000001, 'w5': 0.039, 'w6': 0.47900000000000004, 'w7': 0.272, 'w8': 0.896, 'max_depth': 3, 'min_child_weight': 18, 'subsample': 0.8, 'colsample_bytree': 0.9000000000000001, 'gamma': 0.4}. Best is trial 6 with value: 0.372276229173748.
[I 2023-10-20 18:21:33,692] Trial 8 finished with value: 0.33300446209339873 and parameters: {'w0': 0.98, 'w1': 0.6920000000000001, 'w2': 0.85, 'w3': 0.046, 'w4': 0.056, 'w5': 0.321, 'w6': 0.398, 'w7': 0.728, 'w8': 0.992, 'max_depth': 7, 'min_child_weight': 4, 'subsample': 0.2, 'colsample_bytree': 0.7, 'gamma': 1.4000000000000001}. Best is trial 6 with value: 0.372276229173748.
[I 2023-10-20 18:22:48,724] Trial 17 finished with value: 0.36914087695561837 and parameters: {'w0': 0.388, 'w1': 0.273, 'w2': 0.605, 'w3': 0.14400000000000002, 'w4': 0.41100000000000003, 'w5': 0.214, 'w6': 0.715, 'w7': 0.6950000000000001, 'w8': 0.612, 'max_depth': 9, 'min_child_weight': 14, 'subsample': 0.8, 'colsample_bytree': 0.7, 'gamma': 1.6}. Best is trial 6 with value: 0.372276229173748.
[I 2023-10-20 18:23:41,632] Trial 16 finished with value: 0.3627538145392609 and parameters: {'w0': 0.606, 'w1': 0.929, 'w2': 0.75, 'w3': 0.519, 'w4': 0.5720000000000001, 'w5': 0.317, 'w6': 0.867, 'w7': 0.753, 'w8': 0.321, 'max_depth': 10, 'min_child_weight': 6, 'subsample': 0.2, 'colsample_bytree': 0.8, 'gamma': 4.4}. Best is trial 6 with value: 0.372276229173748.
[I 2023-10-20 18:24:27,727] Trial 34 finished with value: 0.275232925178686 and parameters: {'w0': 0.012, 'w1': 0.010000000000000002, 'w2': 0.202, 'w3': 0.277, 'w4': 0.734, 'w5': 0.624, 'w6': 0.245, 'w7': 0.335, 'w8': 0.336, 'max_depth': 5, 'min_child_weight': 14, 'subsample': 0.7, 'colsample_bytree': 0.9000000000000001, 'gamma': 2.8000000000000003}. Best is trial 6 with value: 0.372276229173748.
[I 2023-10-20 18:24:32,057] Trial 31 finished with value: 0.27316548168150884 and parameters: {'w0': 0.019000000000000003, 'w1': 0.367, 'w2': 0.215, 'w3': 0.332, 'w4': 0.71, 'w5': 0.607, 'w6': 0.365, 'w7': 0.34600000000000003, 'w8': 0.389, 'max_depth': 5, 'min_child_weight': 14, 'subsample': 0.2, 'colsample_bytree': 0.8, 'gamma': 2.8000000000000003}. Best is trial 6 with value: 0.372276229173748.
[I 2023-10-20 18:24:36,921] Trial 29 finished with value: 0.2920143944492993 and parameters: {'w0': 0.069, 'w1': 0.994, 'w2': 0.26, 'w3': 0.31, 'w4': 0.724, 'w5': 0.619, 'w6': 0.35100000000000003, 'w7': 0.43, 'w8': 0.41200000000000003, 'max_depth': 10, 'min_child_weight': 14, 'subsample': 0.2, 'colsample_bytree': 0.8, 'gamma': 3.0}. Best is trial 6 with value: 0.372276229173748.
