[I 2023-10-18 18:19:43,185] Trial 716 finished with value: 0.5266796333830185 and parameters: {'w0': 0.157, 'w1': 0.892, 'w2': 0.112, 'w3': 0.222, 'w4': 0.7000000000000001, 'w5': 0.799, 'w6': 0.357, 'w7': 0.149, 'w8': 0.966, 'max_depth': 10, 'min_child_weight': 16, 'subsample': 0.9000000000000001, 'colsample_bytree': 0.6000000000000001, 'gamma': 0.6000000000000001}. Best is trial 690 with value: 0.5422266565969859.
[I 2023-10-18 18:20:10,004] Trial 707 finished with value: 0.5161825991882528 and parameters: {'w0': 0.137, 'w1': 0.578, 'w2': 0.109, 'w3': 0.845, 'w4': 0.7010000000000001, 'w5': 0.534, 'w6': 0.37, 'w7': 0.032, 'w8': 0.961, 'max_depth': 10, 'min_child_weight': 16, 'subsample': 0.9000000000000001, 'colsample_bytree': 0.7, 'gamma': 0.2}. Best is trial 690 with value: 0.5422266565969859.
[I 2023-10-18 18:22:00,882] Trial 708 finished with value: 0.537082801735658 and parameters: {'w0': 0.136, 'w1': 0.853, 'w2': 0.11, 'w3': 0.8270000000000001, 'w4': 0.6980000000000001, 'w5': 0.8220000000000001, 'w6': 0.374, 'w7': 0.12000000000000001, 'w8': 0.935, 'max_depth': 10, 'min_child_weight': 16, 'subsample': 0.9000000000000001, 'colsample_bytree': 0.5, 'gamma': 0.2}. Best is trial 690 with value: 0.5422266565969859.
[I 2023-10-18 18:23:04,019] Trial 719 finished with value: 0.5298435366823171 and parameters: {'w0': 0.155, 'w1': 0.928, 'w2': 0.114, 'w3': 0.228, 'w4': 0.706, 'w5': 0.793, 'w6': 0.357, 'w7': 0.149, 'w8': 0.963, 'max_depth': 10, 'min_child_weight': 16, 'subsample': 0.9000000000000001, 'colsample_bytree': 0.6000000000000001, 'gamma': 0.6000000000000001}. Best is trial 690 with value: 0.5422266565969859.
[I 2023-10-18 18:23:44,917] Trial 720 finished with value: 0.49783872185620226 and parameters: {'w0': 0.154, 'w1': 0.926, 'w2': 0.059000000000000004, 'w3': 0.228, 'w4': 0.707, 'w5': 0.796, 'w6': 0.248, 'w7': 0.148, 'w8': 0.974, 'max_depth': 10, 'min_child_weight': 18, 'subsample': 1.0, 'colsample_bytree': 0.6000000000000001, 'gamma': 0.6000000000000001}. Best is trial 690 with value: 0.5422266565969859.
[I 2023-10-18 18:24:00,045] Trial 711 finished with value: 0.5372985030400597 and parameters: {'w0': 0.148, 'w1': 0.853, 'w2': 0.111, 'w3': 0.195, 'w4': 0.7030000000000001, 'w5': 0.805, 'w6': 0.241, 'w7': 0.13, 'w8': 0.964, 'max_depth': 10, 'min_child_weight': 16, 'subsample': 0.9000000000000001, 'colsample_bytree': 0.6000000000000001, 'gamma': 0.0}. Best is trial 690 with value: 0.5422266565969859.
[I 2023-10-18 18:24:35,331] Trial 712 finished with value: 0.5394991274062855 and parameters: {'w0': 0.16, 'w1': 0.928, 'w2': 0.111, 'w3': 0.194, 'w4': 0.708, 'w5': 0.801, 'w6': 0.23600000000000002, 'w7': 0.129, 'w8': 0.964, 'max_depth': 10, 'min_child_weight': 16, 'subsample': 0.9000000000000001, 'colsample_bytree': 0.6000000000000001, 'gamma': 0.0}. Best is trial 690 with value: 0.5422266565969859.
[I 2023-10-18 18:24:35,676] Trial 722 finished with value: 0.48463136842197707 and parameters: {'w0': 0.101, 'w1': 0.929, 'w2': 0.059000000000000004, 'w3': 0.19, 'w4': 0.71, 'w5': 0.883, 'w6': 0.35200000000000004, 'w7': 0.158, 'w8': 0.974, 'max_depth': 4, 'min_child_weight': 18, 'subsample': 1.0, 'colsample_bytree': 0.6000000000000001, 'gamma': 0.6000000000000001}. Best is trial 690 with value: 0.5422266565969859.
[I 2023-10-18 18:24:37,376] Trial 709 finished with value: 0.4771338853582506 and parameters: {'w0': 0.152, 'w1': 0.928, 'w2': 0.109, 'w3': 0.9490000000000001, 'w4': 0.6990000000000001, 'w5': 0.805, 'w6': 0.369, 'w7': 0.719, 'w8': 0.967, 'max_depth': 10, 'min_child_weight': 16, 'subsample': 0.9000000000000001, 'colsample_bytree': 0.6000000000000001, 'gamma': 0.2}. Best is trial 690 with value: 0.5422266565969859.
[I 2023-10-18 18:25:18,151] Trial 721 finished with value: 0.48091926924791345 and parameters: {'w0': 0.10400000000000001, 'w1': 0.241, 'w2': 0.063, 'w3': 0.8290000000000001, 'w4': 0.708, 'w5': 0.888, 'w6': 0.354, 'w7': 0.154, 'w8': 0.5690000000000001, 'max_depth': 10, 'min_child_weight': 18, 'subsample': 1.0, 'colsample_bytree': 0.6000000000000001, 'gamma': 0.6000000000000001}. Best is trial 690 with value: 0.5422266565969859.
[I 2023-10-18 18:25:47,747] Trial 728 finished with value: 0.4204662033878796 and parameters: {'w0': 0.183, 'w1': 0.503, 'w2': 0.069, 'w3': 0.191, 'w4': 0.746, 'w5': 0.878, 'w6': 0.332, 'w7': 0.17600000000000002, 'w8': 0.982, 'max_depth': 10, 'min_child_weight': 18, 'subsample': 0.9000000000000001, 'colsample_bytree': 0.7, 'gamma': 8.200000000000001}. Best is trial 690 with value: 0.5422266565969859.
[I 2023-10-18 18:25:55,387] Trial 717 finished with value: 0.5356447938072967 and parameters: {'w0': 0.155, 'w1': 0.892, 'w2': 0.111, 'w3': 0.228, 'w4': 0.707, 'w5': 0.886, 'w6': 0.36, 'w7': 0.147, 'w8': 0.978, 'max_depth': 10, 'min_child_weight': 16, 'subsample': 1.0, 'colsample_bytree': 0.6000000000000001, 'gamma': 0.0}. Best is trial 690 with value: 0.5422266565969859.
[I 2023-10-18 18:29:29,618] Trial 723 finished with value: 0.5007738190829227 and parameters: {'w0': 0.184, 'w1': 0.546, 'w2': 0.061, 'w3': 0.188, 'w4': 0.713, 'w5': 0.842, 'w6': 0.229, 'w7': 0.151, 'w8': 0.978, 'max_depth': 10, 'min_child_weight': 18, 'subsample': 0.9000000000000001, 'colsample_bytree': 0.6000000000000001, 'gamma': 0.6000000000000001}. Best is trial 690 with value: 0.5422266565969859.
[I 2023-10-18 18:30:14,188] Trial 727 finished with value: 0.5034534903090628 and parameters: {'w0': 0.10500000000000001, 'w1': 0.559, 'w2': 0.063, 'w3': 0.188, 'w4': 0.745, 'w5': 0.883, 'w6': 0.339, 'w7': 0.164, 'w8': 0.98, 'max_depth': 4, 'min_child_weight': 18, 'subsample': 1.0, 'colsample_bytree': 0.7, 'gamma': 0.0}. Best is trial 690 with value: 0.5422266565969859.
[I 2023-10-18 18:35:56,355] Trial 724 finished with value: 0.5103976075619652 and parameters: {'w0': 0.101, 'w1': 0.226, 'w2': 0.062, 'w3': 0.183, 'w4': 0.747, 'w5': 0.887, 'w6': 0.353, 'w7': 0.139, 'w8': 0.976, 'max_depth': 10, 'min_child_weight': 18, 'subsample': 0.9000000000000001, 'colsample_bytree': 0.6000000000000001, 'gamma': 0.0}. Best is trial 690 with value: 0.5422266565969859.
[I 2023-10-18 18:36:25,725] Trial 725 finished with value: 0.5179255132205227 and parameters: {'w0': 0.10200000000000001, 'w1': 0.927, 'w2': 0.059000000000000004, 'w3': 0.183, 'w4': 0.71, 'w5': 0.88, 'w6': 0.35100000000000003, 'w7': 0.14300000000000002, 'w8': 0.976, 'max_depth': 10, 'min_child_weight': 18, 'subsample': 0.9000000000000001, 'colsample_bytree': 0.6000000000000001, 'gamma': 0.0}. Best is trial 690 with value: 0.5422266565969859.
[I 2023-10-18 18:37:15,309] Trial 726 finished with value: 0.5129113501956095 and parameters: {'w0': 0.184, 'w1': 0.926, 'w2': 0.05, 'w3': 0.183, 'w4': 0.743, 'w5': 0.88, 'w6': 0.334, 'w7': 0.164, 'w8': 0.976, 'max_depth': 10, 'min_child_weight': 18, 'subsample': 0.9000000000000001, 'colsample_bytree': 0.6000000000000001, 'gamma': 0.0}. Best is trial 690 with value: 0.5422266565969859.
[I 2023-10-18 18:38:21,944] Trial 729 finished with value: 0.5123425482865336 and parameters: {'w0': 0.10200000000000001, 'w1': 0.545, 'w2': 0.057, 'w3': 0.19, 'w4': 0.752, 'w5': 0.878, 'w6': 0.337, 'w7': 0.17200000000000001, 'w8': 0.984, 'max_depth': 10, 'min_child_weight': 18, 'subsample': 0.9000000000000001, 'colsample_bytree': 0.7, 'gamma': 0.0}. Best is trial 690 with value: 0.5422266565969859.
[I 2023-10-18 18:40:14,376] Trial 730 finished with value: 0.5099762751664954 and parameters: {'w0': 0.096, 'w1': 0.675, 'w2': 0.060000000000000005, 'w3': 0.194, 'w4': 0.74, 'w5': 0.881, 'w6': 0.34600000000000003, 'w7': 0.17300000000000001, 'w8': 0.98, 'max_depth': 10, 'min_child_weight': 18, 'subsample': 1.0, 'colsample_bytree': 0.7, 'gamma': 0.0}. Best is trial 690 with value: 0.5422266565969859.
[I 2023-10-18 18:41:13,036] Trial 731 finished with value: 0.5082177462776895 and parameters: {'w0': 0.10200000000000001, 'w1': 0.546, 'w2': 0.057, 'w3': 0.195, 'w4': 0.743, 'w5': 0.881, 'w6': 0.41700000000000004, 'w7': 0.187, 'w8': 0.982, 'max_depth': 10, 'min_child_weight': 18, 'subsample': 1.0, 'colsample_bytree': 0.7, 'gamma': 0.0}. Best is trial 690 with value: 0.5422266565969859.
[I 2023-10-18 18:41:33,849] Trial 734 finished with value: 0.5208719482312019 and parameters: {'w0': 0.106, 'w1': 0.522, 'w2': 0.053000000000000005, 'w3': 0.19, 'w4': 0.502, 'w5': 0.874, 'w6': 0.203, 'w7': 0.109, 'w8': 0.618, 'max_depth': 10, 'min_child_weight': 18, 'subsample': 0.9000000000000001, 'colsample_bytree': 0.6000000000000001, 'gamma': 0.0}. Best is trial 690 with value: 0.5422266565969859.
[I 2023-10-18 18:41:47,831] Trial 735 finished with value: 0.5246412802887495 and parameters: {'w0': 0.183, 'w1': 0.532, 'w2': 0.059000000000000004, 'w3': 0.17300000000000001, 'w4': 0.747, 'w5': 0.881, 'w6': 0.20700000000000002, 'w7': 0.10300000000000001, 'w8': 0.979, 'max_depth': 10, 'min_child_weight': 18, 'subsample': 0.9000000000000001, 'colsample_bytree': 0.6000000000000001, 'gamma': 0.0}. Best is trial 690 with value: 0.5422266565969859.
[I 2023-10-18 18:41:51,625] Trial 736 finished with value: 0.5263476000572387 and parameters: {'w0': 0.186, 'w1': 0.896, 'w2': 0.062, 'w3': 0.17300000000000001, 'w4': 0.751, 'w5': 0.84, 'w6': 0.20800000000000002, 'w7': 0.106, 'w8': 0.982, 'max_depth': 10, 'min_child_weight': 18, 'subsample': 0.9000000000000001, 'colsample_bytree': 0.6000000000000001, 'gamma': 0.0}. Best is trial 690 with value: 0.5422266565969859.
[I 2023-10-18 18:42:01,243] Trial 733 finished with value: 0.5259831708451645 and parameters: {'w0': 0.099, 'w1': 0.897, 'w2': 0.057, 'w3': 0.17600000000000002, 'w4': 0.747, 'w5': 0.875, 'w6': 0.343, 'w7': 0.10200000000000001, 'w8': 0.981, 'max_depth': 10, 'min_child_weight': 18, 'subsample': 0.9000000000000001, 'colsample_bytree': 0.7, 'gamma': 0.0}. Best is trial 690 with value: 0.5422266565969859.
[I 2023-10-18 18:42:56,913] Trial 732 finished with value: 0.46123294115571717 and parameters: {'w0': 0.107, 'w1': 0.517, 'w2': 0.081, 'w3': 0.189, 'w4': 0.741, 'w5': 0.884, 'w6': 0.334, 'w7': 0.904, 'w8': 0.981, 'max_depth': 10, 'min_child_weight': 18, 'subsample': 0.9000000000000001, 'colsample_bytree': 0.7, 'gamma': 0.0}. Best is trial 690 with value: 0.5422266565969859.
[I 2023-10-18 18:43:40,056] Trial 738 finished with value: 0.537451119326147 and parameters: {'w0': 0.182, 'w1': 0.9, 'w2': 0.083, 'w3': 0.18, 'w4': 0.746, 'w5': 0.839, 'w6': 0.328, 'w7': 0.106, 'w8': 1.0, 'max_depth': 10, 'min_child_weight': 18, 'subsample': 0.9000000000000001, 'colsample_bytree': 0.6000000000000001, 'gamma': 0.0}. Best is trial 690 with value: 0.5422266565969859.
[I 2023-10-18 18:44:11,707] Trial 737 finished with value: 0.4581663592648124 and parameters: {'w0': 0.183, 'w1': 0.553, 'w2': 0.065, 'w3': 0.17400000000000002, 'w4': 0.747, 'w5': 0.841, 'w6': 0.328, 'w7': 0.905, 'w8': 0.981, 'max_depth': 10, 'min_child_weight': 18, 'subsample': 0.9000000000000001, 'colsample_bytree': 0.6000000000000001, 'gamma': 0.0}. Best is trial 690 with value: 0.5422266565969859.
[I 2023-10-18 18:44:23,847] Trial 739 finished with value: 0.511344168153106 and parameters: {'w0': 0.10300000000000001, 'w1': 0.905, 'w2': 0.65, 'w3': 0.17200000000000001, 'w4': 0.744, 'w5': 0.84, 'w6': 0.41600000000000004, 'w7': 0.107, 'w8': 0.985, 'max_depth': 10, 'min_child_weight': 18, 'subsample': 0.9000000000000001, 'colsample_bytree': 0.6000000000000001, 'gamma': 0.0}. Best is trial 690 with value: 0.5422266565969859.
[I 2023-10-18 18:47:02,286] Trial 740 finished with value: 0.5300132367979331 and parameters: {'w0': 0.109, 'w1': 0.269, 'w2': 0.085, 'w3': 0.163, 'w4': 0.74, 'w5': 0.834, 'w6': 0.41600000000000004, 'w7': 0.106, 'w8': 0.922, 'max_depth': 10, 'min_child_weight': 18, 'subsample': 0.9000000000000001, 'colsample_bytree': 0.6000000000000001, 'gamma': 0.0}. Best is trial 690 with value: 0.5422266565969859.
[I 2023-10-18 18:47:56,557] Trial 741 finished with value: 0.5309750261918454 and parameters: {'w0': 0.179, 'w1': 0.903, 'w2': 0.08, 'w3': 0.164, 'w4': 0.745, 'w5': 0.773, 'w6': 0.258, 'w7': 0.106, 'w8': 0.925, 'max_depth': 10, 'min_child_weight': 18, 'subsample': 0.9000000000000001, 'colsample_bytree': 0.6000000000000001, 'gamma': 0.0}. Best is trial 690 with value: 0.5422266565969859.
[I 2023-10-18 18:50:25,079] Trial 753 finished with value: 0.46175612436108554 and parameters: {'w0': 0.179, 'w1': 0.8270000000000001, 'w2': 0.651, 'w3': 0.153, 'w4': 0.732, 'w5': 0.78, 'w6': 0.264, 'w7': 0.129, 'w8': 0.921, 'max_depth': 10, 'min_child_weight': 16, 'subsample': 0.9000000000000001, 'colsample_bytree': 0.6000000000000001, 'gamma': 5.2}. Best is trial 690 with value: 0.5422266565969859.
[I 2023-10-18 18:53:40,109] Trial 742 finished with value: 0.5307811642741008 and parameters: {'w0': 0.181, 'w1': 0.902, 'w2': 0.08600000000000001, 'w3': 0.161, 'w4': 0.741, 'w5': 0.838, 'w6': 0.188, 'w7': 0.114, 'w8': 0.923, 'max_depth': 10, 'min_child_weight': 18, 'subsample': 0.9000000000000001, 'colsample_bytree': 0.6000000000000001, 'gamma': 0.0}. Best is trial 690 with value: 0.5422266565969859.
[I 2023-10-18 18:53:43,141] Trial 756 finished with value: 0.43903383898107523 and parameters: {'w0': 0.166, 'w1': 0.667, 'w2': 0.13, 'w3': 0.137, 'w4': 0.656, 'w5': 0.774, 'w6': 0.26, 'w7': 0.046, 'w8': 0.929, 'max_depth': 10, 'min_child_weight': 16, 'subsample': 0.4, 'colsample_bytree': 0.6000000000000001, 'gamma': 5.2}. Best is trial 690 with value: 0.5422266565969859.
[I 2023-10-18 18:54:42,239] Trial 743 finished with value: 0.5360913249578468 and parameters: {'w0': 0.183, 'w1': 0.895, 'w2': 0.089, 'w3': 0.16, 'w4': 0.74, 'w5': 0.837, 'w6': 0.41500000000000004, 'w7': 0.106, 'w8': 0.924, 'max_depth': 10, 'min_child_weight': 18, 'subsample': 0.9000000000000001, 'colsample_bytree': 0.6000000000000001, 'gamma': 0.0}. Best is trial 690 with value: 0.5422266565969859.
[I 2023-10-18 18:55:34,271] Trial 752 finished with value: 0.48447031962114673 and parameters: {'w0': 0.185, 'w1': 0.018000000000000002, 'w2': 0.08800000000000001, 'w3': 0.164, 'w4': 0.724, 'w5': 0.778, 'w6': 0.266, 'w7': 0.05, 'w8': 0.922, 'max_depth': 10, 'min_child_weight': 16, 'subsample': 0.9000000000000001, 'colsample_bytree': 0.6000000000000001, 'gamma': 0.4}. Best is trial 690 with value: 0.5422266565969859.
[I 2023-10-18 18:56:21,749] Trial 744 finished with value: 0.4855461590961225 and parameters: {'w0': 0.187, 'w1': 0.66, 'w2': 0.091, 'w3': 0.159, 'w4': 0.742, 'w5': 0.842, 'w6': 0.223, 'w7': 0.512, 'w8': 0.921, 'max_depth': 10, 'min_child_weight': 16, 'subsample': 0.9000000000000001, 'colsample_bytree': 0.6000000000000001, 'gamma': 0.0}. Best is trial 690 with value: 0.5422266565969859.
[I 2023-10-18 18:56:48,786] Trial 747 finished with value: 0.49417909720047015 and parameters: {'w0': 0.184, 'w1': 0.021, 'w2': 0.08800000000000001, 'w3': 0.14300000000000002, 'w4': 0.723, 'w5': 0.461, 'w6': 0.2, 'w7': 0.10400000000000001, 'w8': 0.924, 'max_depth': 10, 'min_child_weight': 16, 'subsample': 0.9000000000000001, 'colsample_bytree': 0.6000000000000001, 'gamma': 0.2}. Best is trial 690 with value: 0.5422266565969859.
[I 2023-10-18 18:56:52,587] Trial 745 finished with value: 0.5344375369395205 and parameters: {'w0': 0.184, 'w1': 0.898, 'w2': 0.085, 'w3': 0.156, 'w4': 0.737, 'w5': 0.834, 'w6': 0.41500000000000004, 'w7': 0.10400000000000001, 'w8': 1.0, 'max_depth': 10, 'min_child_weight': 16, 'subsample': 0.9000000000000001, 'colsample_bytree': 0.6000000000000001, 'gamma': 0.0}. Best is trial 690 with value: 0.5422266565969859.
[I 2023-10-18 18:57:03,431] Trial 751 finished with value: 0.5221296194593801 and parameters: {'w0': 0.18, 'w1': 0.8230000000000001, 'w2': 0.08800000000000001, 'w3': 0.157, 'w4': 0.721, 'w5': 0.776, 'w6': 0.22, 'w7': 0.127, 'w8': 0.92, 'max_depth': 10, 'min_child_weight': 16, 'subsample': 0.9000000000000001, 'colsample_bytree': 0.6000000000000001, 'gamma': 0.4}. Best is trial 690 with value: 0.5422266565969859.
[I 2023-10-18 18:57:29,637] Trial 755 finished with value: 0.5164776099285968 and parameters: {'w0': 0.169, 'w1': 0.26, 'w2': 0.09, 'w3': 0.155, 'w4': 0.724, 'w5': 0.779, 'w6': 0.22, 'w7': 0.053000000000000005, 'w8': 0.922, 'max_depth': 10, 'min_child_weight': 16, 'subsample': 0.9000000000000001, 'colsample_bytree': 0.6000000000000001, 'gamma': 0.4}. Best is trial 690 with value: 0.5422266565969859.
[I 2023-10-18 18:57:33,268] Trial 746 finished with value: 0.5320403675996376 and parameters: {'w0': 0.185, 'w1': 0.653, 'w2': 0.093, 'w3': 0.17, 'w4': 0.737, 'w5': 0.834, 'w6': 0.20900000000000002, 'w7': 0.10500000000000001, 'w8': 1.0, 'max_depth': 10, 'min_child_weight': 20, 'subsample': 0.9000000000000001, 'colsample_bytree': 0.6000000000000001, 'gamma': 0.0}. Best is trial 690 with value: 0.5422266565969859.
[I 2023-10-18 18:58:05,920] Trial 748 finished with value: 0.5214004907636729 and parameters: {'w0': 0.187, 'w1': 0.28200000000000003, 'w2': 0.092, 'w3': 0.157, 'w4': 0.737, 'w5': 0.78, 'w6': 0.214, 'w7': 0.049, 'w8': 0.93, 'max_depth': 10, 'min_child_weight': 16, 'subsample': 0.9000000000000001, 'colsample_bytree': 0.6000000000000001, 'gamma': 0.2}. Best is trial 690 with value: 0.5422266565969859.
[I 2023-10-18 18:59:09,906] Trial 754 finished with value: 0.5181483618407385 and parameters: {'w0': 0.168, 'w1': 0.8260000000000001, 'w2': 0.132, 'w3': 0.156, 'w4': 0.724, 'w5': 0.776, 'w6': 0.41600000000000004, 'w7': 0.045, 'w8': 0.923, 'max_depth': 10, 'min_child_weight': 16, 'subsample': 0.9000000000000001, 'colsample_bytree': 0.6000000000000001, 'gamma': 0.4}. Best is trial 690 with value: 0.5422266565969859.
[I 2023-10-18 18:59:31,263] Trial 749 finished with value: 0.5335156908383769 and parameters: {'w0': 0.184, 'w1': 0.896, 'w2': 0.08600000000000001, 'w3': 0.157, 'w4': 0.725, 'w5': 0.837, 'w6': 0.443, 'w7': 0.051000000000000004, 'w8': 0.926, 'max_depth': 10, 'min_child_weight': 16, 'subsample': 0.9000000000000001, 'colsample_bytree': 0.6000000000000001, 'gamma': 0.2}. Best is trial 690 with value: 0.5422266565969859.
[I 2023-10-18 19:00:07,318] Trial 750 finished with value: 0.5333295753224014 and parameters: {'w0': 0.182, 'w1': 0.898, 'w2': 0.082, 'w3': 0.14500000000000002, 'w4': 0.723, 'w5': 0.774, 'w6': 0.389, 'w7': 0.107, 'w8': 0.925, 'max_depth': 10, 'min_child_weight': 16, 'subsample': 0.9000000000000001, 'colsample_bytree': 0.6000000000000001, 'gamma': 0.2}. Best is trial 690 with value: 0.5422266565969859.
[I 2023-10-18 19:02:56,111] Trial 757 finished with value: 0.5190422184165855 and parameters: {'w0': 0.166, 'w1': 0.834, 'w2': 0.123, 'w3': 0.20900000000000002, 'w4': 0.721, 'w5': 0.783, 'w6': 0.388, 'w7': 0.049, 'w8': 0.926, 'max_depth': 10, 'min_child_weight': 16, 'subsample': 0.9000000000000001, 'colsample_bytree': 0.6000000000000001, 'gamma': 0.4}. Best is trial 690 with value: 0.5422266565969859.
[I 2023-10-18 19:03:44,840] Trial 768 finished with value: 0.4939561558998133 and parameters: {'w0': 0.157, 'w1': 0.772, 'w2': 0.126, 'w3': 0.213, 'w4': 0.686, 'w5': 0.8250000000000001, 'w6': 0.45, 'w7': 0.126, 'w8': 0.9540000000000001, 'max_depth': 10, 'min_child_weight': 16, 'subsample': 0.9000000000000001, 'colsample_bytree': 0.7, 'gamma': 6.800000000000001}. Best is trial 690 with value: 0.5422266565969859.
[I 2023-10-18 19:04:43,162] Trial 769 finished with value: 0.4117231531381955 and parameters: {'w0': 0.162, 'w1': 0.778, 'w2': 0.123, 'w3': 0.709, 'w4': 0.784, 'w5': 0.8210000000000001, 'w6': 0.46900000000000003, 'w7': 0.639, 'w8': 0.9540000000000001, 'max_depth': 10, 'min_child_weight': 16, 'subsample': 0.9000000000000001, 'colsample_bytree': 0.7, 'gamma': 6.6000000000000005}. Best is trial 690 with value: 0.5422266565969859.
[I 2023-10-18 19:05:36,318] Trial 758 finished with value: 0.5026760099689349 and parameters: {'w0': 0.167, 'w1': 0.78, 'w2': 0.128, 'w3': 0.134, 'w4': 0.651, 'w5': 0.774, 'w6': 0.392, 'w7': 0.053000000000000005, 'w8': 0.925, 'max_depth': 10, 'min_child_weight': 16, 'subsample': 0.4, 'colsample_bytree': 0.7, 'gamma': 0.4}. Best is trial 690 with value: 0.5422266565969859.
[I 2023-10-18 19:06:17,066] Trial 772 finished with value: 0.4953406474697949 and parameters: {'w0': 0.157, 'w1': 0.784, 'w2': 0.149, 'w3': 0.721, 'w4': 0.794, 'w5': 0.8170000000000001, 'w6': 0.306, 'w7': 0.126, 'w8': 0.961, 'max_depth': 10, 'min_child_weight': 12, 'subsample': 0.9000000000000001, 'colsample_bytree': 0.7, 'gamma': 6.6000000000000005}. Best is trial 690 with value: 0.5422266565969859.
[I 2023-10-18 19:08:53,067] Trial 761 finished with value: 0.5192875903136469 and parameters: {'w0': 0.154, 'w1': 0.7030000000000001, 'w2': 0.128, 'w3': 0.213, 'w4': 0.718, 'w5': 0.8220000000000001, 'w6': 0.223, 'w7': 0.055, 'w8': 0.933, 'max_depth': 10, 'min_child_weight': 20, 'subsample': 0.9000000000000001, 'colsample_bytree': 0.7, 'gamma': 0.4}. Best is trial 690 with value: 0.5422266565969859.
[I 2023-10-18 19:09:40,941] Trial 760 finished with value: 0.5329998763248025 and parameters: {'w0': 0.164, 'w1': 0.8260000000000001, 'w2': 0.124, 'w3': 0.20700000000000002, 'w4': 0.72, 'w5': 0.8190000000000001, 'w6': 0.387, 'w7': 0.132, 'w8': 0.9510000000000001, 'max_depth': 10, 'min_child_weight': 20, 'subsample': 0.9000000000000001, 'colsample_bytree': 0.7, 'gamma': 0.4}. Best is trial 690 with value: 0.5422266565969859.
[I 2023-10-18 19:11:01,574] Trial 759 finished with value: 0.44879999155108713 and parameters: {'w0': 0.162, 'w1': 0.71, 'w2': 0.127, 'w3': 0.138, 'w4': 0.721, 'w5': 0.782, 'w6': 0.452, 'w7': 0.806, 'w8': 0.93, 'max_depth': 10, 'min_child_weight': 16, 'subsample': 0.4, 'colsample_bytree': 0.7, 'gamma': 0.4}. Best is trial 690 with value: 0.5422266565969859.
[I 2023-10-18 19:11:21,976] Trial 762 finished with value: 0.5338031994299726 and parameters: {'w0': 0.156, 'w1': 0.8240000000000001, 'w2': 0.123, 'w3': 0.211, 'w4': 0.686, 'w5': 0.8230000000000001, 'w6': 0.46900000000000003, 'w7': 0.132, 'w8': 0.9520000000000001, 'max_depth': 10, 'min_child_weight': 20, 'subsample': 0.9000000000000001, 'colsample_bytree': 0.7, 'gamma': 0.4}. Best is trial 690 with value: 0.5422266565969859.
