[I 2023-10-20 06:11:35,623] Trial 1153 finished with value: 0.5058434891630645 and parameters: {'w0': 0.095, 'w1': 0.967, 'w2': 0.115, 'w3': 0.135, 'w4': 0.9510000000000001, 'w5': 0.9540000000000001, 'w6': 0.39, 'w7': 0.112, 'w8': 0.5700000000000001, 'max_depth': 9, 'min_child_weight': 18, 'subsample': 0.9000000000000001, 'colsample_bytree': 0.6000000000000001, 'gamma': 0.2}. Best is trial 556 with value: 0.5099189407344089.
[I 2023-10-20 06:11:44,714] Trial 1154 finished with value: 0.4660214374742242 and parameters: {'w0': 0.092, 'w1': 0.9590000000000001, 'w2': 0.544, 'w3': 0.057, 'w4': 0.9600000000000001, 'w5': 0.963, 'w6': 0.457, 'w7': 0.114, 'w8': 0.624, 'max_depth': 9, 'min_child_weight': 18, 'subsample': 0.9000000000000001, 'colsample_bytree': 0.6000000000000001, 'gamma': 0.2}. Best is trial 556 with value: 0.5099189407344089.
[I 2023-10-20 06:11:50,739] Trial 1152 finished with value: 0.4580901129599112 and parameters: {'w0': 0.9510000000000001, 'w1': 0.968, 'w2': 0.112, 'w3': 0.10200000000000001, 'w4': 0.911, 'w5': 0.9500000000000001, 'w6': 0.461, 'w7': 0.065, 'w8': 0.511, 'max_depth': 9, 'min_child_weight': 18, 'subsample': 0.9000000000000001, 'colsample_bytree': 0.6000000000000001, 'gamma': 0.2}. Best is trial 556 with value: 0.5099189407344089.
[I 2023-10-20 06:12:21,421] Trial 1163 finished with value: 0.4685290227343743 and parameters: {'w0': 0.091, 'w1': 0.973, 'w2': 0.10400000000000001, 'w3': 0.1, 'w4': 0.9600000000000001, 'w5': 0.964, 'w6': 0.464, 'w7': 0.114, 'w8': 0.654, 'max_depth': 9, 'min_child_weight': 18, 'subsample': 0.8, 'colsample_bytree': 0.6000000000000001, 'gamma': 3.8000000000000003}. Best is trial 556 with value: 0.5099189407344089.
[I 2023-10-20 06:14:42,747] Trial 1164 finished with value: 0.47859850631389883 and parameters: {'w0': 0.08, 'w1': 0.973, 'w2': 0.097, 'w3': 0.095, 'w4': 0.9590000000000001, 'w5': 0.966, 'w6': 0.445, 'w7': 0.114, 'w8': 0.621, 'max_depth': 9, 'min_child_weight': 18, 'subsample': 0.8, 'colsample_bytree': 0.6000000000000001, 'gamma': 2.2}. Best is trial 556 with value: 0.5099189407344089.
[I 2023-10-20 06:14:47,170] Trial 1155 finished with value: 0.5053974870552127 and parameters: {'w0': 0.091, 'w1': 0.9500000000000001, 'w2': 0.10400000000000001, 'w3': 0.14500000000000002, 'w4': 0.964, 'w5': 0.9550000000000001, 'w6': 0.428, 'w7': 0.116, 'w8': 0.663, 'max_depth': 9, 'min_child_weight': 18, 'subsample': 0.9000000000000001, 'colsample_bytree': 0.6000000000000001, 'gamma': 0.2}. Best is trial 556 with value: 0.5099189407344089.
[I 2023-10-20 06:16:24,047] Trial 1156 finished with value: 0.4998674458527657 and parameters: {'w0': 0.095, 'w1': 0.9560000000000001, 'w2': 0.10400000000000001, 'w3': 0.139, 'w4': 0.992, 'w5': 0.9560000000000001, 'w6': 0.436, 'w7': 0.112, 'w8': 0.656, 'max_depth': 9, 'min_child_weight': 18, 'subsample': 0.9000000000000001, 'colsample_bytree': 0.6000000000000001, 'gamma': 0.2}. Best is trial 556 with value: 0.5099189407344089.
[I 2023-10-20 06:17:23,984] Trial 1170 finished with value: 0.45987076209623634 and parameters: {'w0': 0.08800000000000001, 'w1': 0.902, 'w2': 0.146, 'w3': 0.082, 'w4': 0.9580000000000001, 'w5': 1.0, 'w6': 0.422, 'w7': 0.111, 'w8': 0.622, 'max_depth': 9, 'min_child_weight': 20, 'subsample': 0.8, 'colsample_bytree': 0.6000000000000001, 'gamma': 4.4}. Best is trial 556 with value: 0.5099189407344089.
[I 2023-10-20 06:18:17,510] Trial 1169 finished with value: 0.4756061723708827 and parameters: {'w0': 0.094, 'w1': 0.969, 'w2': 0.184, 'w3': 0.097, 'w4': 0.985, 'w5': 0.975, 'w6': 0.463, 'w7': 0.116, 'w8': 0.638, 'max_depth': 9, 'min_child_weight': 20, 'subsample': 0.8, 'colsample_bytree': 0.6000000000000001, 'gamma': 2.4000000000000004}. Best is trial 556 with value: 0.5099189407344089.
[I 2023-10-20 06:18:26,668] Trial 1157 finished with value: 0.5057110336763325 and parameters: {'w0': 0.094, 'w1': 0.963, 'w2': 0.10500000000000001, 'w3': 0.147, 'w4': 0.97, 'w5': 1.0, 'w6': 0.446, 'w7': 0.117, 'w8': 0.622, 'max_depth': 9, 'min_child_weight': 18, 'subsample': 0.9000000000000001, 'colsample_bytree': 0.6000000000000001, 'gamma': 0.0}. Best is trial 556 with value: 0.5099189407344089.
[I 2023-10-20 06:19:10,141] Trial 1158 finished with value: 0.5000831250280383 and parameters: {'w0': 0.084, 'w1': 0.965, 'w2': 0.106, 'w3': 0.116, 'w4': 0.962, 'w5': 0.9570000000000001, 'w6': 0.457, 'w7': 0.115, 'w8': 0.646, 'max_depth': 9, 'min_child_weight': 18, 'subsample': 0.8, 'colsample_bytree': 0.6000000000000001, 'gamma': 0.0}. Best is trial 556 with value: 0.5099189407344089.
[I 2023-10-20 06:20:28,879] Trial 1161 finished with value: 0.4925126159265625 and parameters: {'w0': 0.094, 'w1': 0.97, 'w2': 0.185, 'w3': 0.07100000000000001, 'w4': 0.961, 'w5': 0.964, 'w6': 0.47100000000000003, 'w7': 0.115, 'w8': 0.62, 'max_depth': 9, 'min_child_weight': 18, 'subsample': 0.9000000000000001, 'colsample_bytree': 0.6000000000000001, 'gamma': 0.0}. Best is trial 556 with value: 0.5099189407344089.
[I 2023-10-20 06:20:42,040] Trial 1159 finished with value: 0.506337389022486 and parameters: {'w0': 0.08600000000000001, 'w1': 0.902, 'w2': 0.1, 'w3': 0.148, 'w4': 0.972, 'w5': 0.9600000000000001, 'w6': 0.47800000000000004, 'w7': 0.112, 'w8': 0.612, 'max_depth': 9, 'min_child_weight': 18, 'subsample': 0.9000000000000001, 'colsample_bytree': 0.6000000000000001, 'gamma': 0.0}. Best is trial 556 with value: 0.5099189407344089.
[I 2023-10-20 06:20:46,524] Trial 1160 finished with value: 0.503774008968694 and parameters: {'w0': 0.091, 'w1': 0.9580000000000001, 'w2': 0.10300000000000001, 'w3': 0.146, 'w4': 0.984, 'w5': 1.0, 'w6': 0.399, 'w7': 0.115, 'w8': 0.644, 'max_depth': 9, 'min_child_weight': 18, 'subsample': 0.9000000000000001, 'colsample_bytree': 0.6000000000000001, 'gamma': 0.0}. Best is trial 556 with value: 0.5099189407344089.
[I 2023-10-20 06:21:21,854] Trial 1162 finished with value: 0.49360005172090915 and parameters: {'w0': 0.094, 'w1': 0.97, 'w2': 0.184, 'w3': 0.07300000000000001, 'w4': 0.986, 'w5': 0.965, 'w6': 0.455, 'w7': 0.117, 'w8': 0.608, 'max_depth': 9, 'min_child_weight': 18, 'subsample': 0.9000000000000001, 'colsample_bytree': 0.6000000000000001, 'gamma': 0.0}. Best is trial 556 with value: 0.5099189407344089.
[I 2023-10-20 06:23:47,995] Trial 1176 finished with value: 0.43851814664637234 and parameters: {'w0': 0.138, 'w1': 0.674, 'w2': 0.521, 'w3': 0.108, 'w4': 0.902, 'w5': 1.0, 'w6': 0.508, 'w7': 0.11900000000000001, 'w8': 0.605, 'max_depth': 9, 'min_child_weight': 4, 'subsample': 0.8, 'colsample_bytree': 0.5, 'gamma': 6.2}. Best is trial 556 with value: 0.5099189407344089.
[I 2023-10-20 06:24:03,059] Trial 1165 finished with value: 0.472395246228054 and parameters: {'w0': 0.9490000000000001, 'w1': 0.973, 'w2': 0.14300000000000002, 'w3': 0.093, 'w4': 0.9580000000000001, 'w5': 0.968, 'w6': 0.456, 'w7': 0.12000000000000001, 'w8': 0.638, 'max_depth': 9, 'min_child_weight': 20, 'subsample': 0.8, 'colsample_bytree': 0.6000000000000001, 'gamma': 0.0}. Best is trial 556 with value: 0.5099189407344089.
[I 2023-10-20 06:24:56,302] Trial 1166 finished with value: 0.5042745830593679 and parameters: {'w0': 0.094, 'w1': 0.906, 'w2': 0.177, 'w3': 0.154, 'w4': 0.962, 'w5': 0.962, 'w6': 0.452, 'w7': 0.116, 'w8': 0.676, 'max_depth': 9, 'min_child_weight': 20, 'subsample': 0.8, 'colsample_bytree': 0.6000000000000001, 'gamma': 0.0}. Best is trial 556 with value: 0.5099189407344089.
[I 2023-10-20 06:25:29,856] Trial 1167 finished with value: 0.5000760808584803 and parameters: {'w0': 0.14500000000000002, 'w1': 0.964, 'w2': 0.146, 'w3': 0.09, 'w4': 0.986, 'w5': 0.969, 'w6': 0.47500000000000003, 'w7': 0.112, 'w8': 0.597, 'max_depth': 9, 'min_child_weight': 20, 'subsample': 0.8, 'colsample_bytree': 0.6000000000000001, 'gamma': 0.0}. Best is trial 556 with value: 0.5099189407344089.
[I 2023-10-20 06:27:14,729] Trial 1171 finished with value: 0.502065253697936 and parameters: {'w0': 0.08600000000000001, 'w1': 0.932, 'w2': 0.182, 'w3': 0.146, 'w4': 0.978, 'w5': 0.973, 'w6': 0.436, 'w7': 0.117, 'w8': 0.643, 'max_depth': 9, 'min_child_weight': 20, 'subsample': 0.8, 'colsample_bytree': 0.6000000000000001, 'gamma': 0.0}. Best is trial 556 with value: 0.5099189407344089.
[I 2023-10-20 06:29:51,176] Trial 1173 finished with value: 0.4962091403540637 and parameters: {'w0': 0.14400000000000002, 'w1': 0.903, 'w2': 0.185, 'w3': 0.111, 'w4': 0.979, 'w5': 0.978, 'w6': 0.403, 'w7': 0.113, 'w8': 0.635, 'max_depth': 9, 'min_child_weight': 20, 'subsample': 0.8, 'colsample_bytree': 0.5, 'gamma': 0.0}. Best is trial 556 with value: 0.5099189407344089.
[I 2023-10-20 06:29:59,483] Trial 1172 finished with value: 0.49429931367347557 and parameters: {'w0': 0.091, 'w1': 0.905, 'w2': 0.179, 'w3': 0.075, 'w4': 0.999, 'w5': 1.0, 'w6': 0.501, 'w7': 0.11800000000000001, 'w8': 0.633, 'max_depth': 9, 'min_child_weight': 18, 'subsample': 0.8, 'colsample_bytree': 0.6000000000000001, 'gamma': 0.0}. Best is trial 556 with value: 0.5099189407344089.
[I 2023-10-20 06:30:23,997] Trial 1168 finished with value: 0.49878303855004846 and parameters: {'w0': 0.08700000000000001, 'w1': 0.968, 'w2': 0.149, 'w3': 0.14200000000000002, 'w4': 0.986, 'w5': 0.969, 'w6': 0.464, 'w7': 0.116, 'w8': 0.668, 'max_depth': 9, 'min_child_weight': 4, 'subsample': 0.8, 'colsample_bytree': 0.6000000000000001, 'gamma': 0.0}. Best is trial 556 with value: 0.5099189407344089.
[I 2023-10-20 06:31:09,927] Trial 1174 finished with value: 0.5047373174021017 and parameters: {'w0': 0.14200000000000002, 'w1': 0.749, 'w2': 0.14100000000000001, 'w3': 0.15, 'w4': 0.898, 'w5': 0.979, 'w6': 0.41700000000000004, 'w7': 0.11800000000000001, 'w8': 0.594, 'max_depth': 9, 'min_child_weight': 20, 'subsample': 0.8, 'colsample_bytree': 0.5, 'gamma': 0.0}. Best is trial 556 with value: 0.5099189407344089.
[I 2023-10-20 06:31:29,321] Trial 1180 finished with value: 0.4846570901028567 and parameters: {'w0': 0.138, 'w1': 0.68, 'w2': 0.139, 'w3': 0.11800000000000001, 'w4': 0.899, 'w5': 0.978, 'w6': 0.406, 'w7': 0.101, 'w8': 0.149, 'max_depth': 9, 'min_child_weight': 16, 'subsample': 0.8, 'colsample_bytree': 0.5, 'gamma': 0.6000000000000001}. Best is trial 556 with value: 0.5099189407344089.
[I 2023-10-20 06:32:52,401] Trial 1181 finished with value: 0.4979523342765641 and parameters: {'w0': 0.14300000000000002, 'w1': 0.742, 'w2': 0.147, 'w3': 0.112, 'w4': 0.89, 'w5': 0.979, 'w6': 0.404, 'w7': 0.09, 'w8': 0.634, 'max_depth': 9, 'min_child_weight': 16, 'subsample': 0.8, 'colsample_bytree': 0.5, 'gamma': 0.6000000000000001}. Best is trial 556 with value: 0.5099189407344089.
[I 2023-10-20 06:33:39,014] Trial 1179 finished with value: 0.4844040238441397 and parameters: {'w0': 0.14100000000000001, 'w1': 0.9, 'w2': 0.146, 'w3': 0.14400000000000002, 'w4': 0.901, 'w5': 1.0, 'w6': 0.41300000000000003, 'w7': 0.1, 'w8': 0.607, 'max_depth': 9, 'min_child_weight': 16, 'subsample': 0.4, 'colsample_bytree': 0.5, 'gamma': 0.0}. Best is trial 556 with value: 0.5099189407344089.
[I 2023-10-20 06:33:42,944] Trial 1177 finished with value: 0.4889472716270203 and parameters: {'w0': 0.14200000000000002, 'w1': 0.909, 'w2': 0.182, 'w3': 0.047, 'w4': 0.9, 'w5': 0.976, 'w6': 0.401, 'w7': 0.123, 'w8': 0.639, 'max_depth': 9, 'min_child_weight': 16, 'subsample': 0.8, 'colsample_bytree': 0.6000000000000001, 'gamma': 0.0}. Best is trial 556 with value: 0.5099189407344089.
[I 2023-10-20 06:34:01,874] Trial 1182 finished with value: 0.4415865598093993 and parameters: {'w0': 0.713, 'w1': 0.901, 'w2': 0.147, 'w3': 0.111, 'w4': 0.901, 'w5': 0.24000000000000002, 'w6': 0.41400000000000003, 'w7': 0.101, 'w8': 0.705, 'max_depth': 9, 'min_child_weight': 16, 'subsample': 0.4, 'colsample_bytree': 0.5, 'gamma': 0.6000000000000001}. Best is trial 556 with value: 0.5099189407344089.
[I 2023-10-20 06:35:18,602] Trial 1178 finished with value: 0.46118492151941115 and parameters: {'w0': 0.133, 'w1': 0.933, 'w2': 0.9530000000000001, 'w3': 0.08, 'w4': 0.906, 'w5': 0.978, 'w6': 0.393, 'w7': 0.1, 'w8': 0.6, 'max_depth': 9, 'min_child_weight': 16, 'subsample': 0.8, 'colsample_bytree': 0.6000000000000001, 'gamma': 0.0}. Best is trial 556 with value: 0.5099189407344089.
[I 2023-10-20 06:35:31,031] Trial 1183 finished with value: 0.49433547628854224 and parameters: {'w0': 0.14300000000000002, 'w1': 0.931, 'w2': 0.146, 'w3': 0.11, 'w4': 0.899, 'w5': 0.979, 'w6': 0.41300000000000003, 'w7': 0.091, 'w8': 0.626, 'max_depth': 9, 'min_child_weight': 16, 'subsample': 0.8, 'colsample_bytree': 0.5, 'gamma': 0.6000000000000001}. Best is trial 556 with value: 0.5099189407344089.
[I 2023-10-20 06:36:00,432] Trial 1175 finished with value: 0.4944858219152004 and parameters: {'w0': 0.14400000000000002, 'w1': 0.931, 'w2': 0.184, 'w3': 0.10500000000000001, 'w4': 0.984, 'w5': 0.975, 'w6': 0.398, 'w7': 0.11800000000000001, 'w8': 0.653, 'max_depth': 9, 'min_child_weight': 4, 'subsample': 0.8, 'colsample_bytree': 0.6000000000000001, 'gamma': 0.0}. Best is trial 556 with value: 0.5099189407344089.
[I 2023-10-20 06:36:44,183] Trial 1184 finished with value: 0.49897877722509915 and parameters: {'w0': 0.14200000000000002, 'w1': 0.744, 'w2': 0.147, 'w3': 0.117, 'w4': 0.9, 'w5': 0.977, 'w6': 0.49, 'w7': 0.099, 'w8': 0.599, 'max_depth': 9, 'min_child_weight': 16, 'subsample': 0.8, 'colsample_bytree': 0.6000000000000001, 'gamma': 0.6000000000000001}. Best is trial 556 with value: 0.5099189407344089.
[I 2023-10-20 06:37:25,351] Trial 1185 finished with value: 0.49627296223289424 and parameters: {'w0': 0.135, 'w1': 0.926, 'w2': 0.14400000000000002, 'w3': 0.11, 'w4': 0.905, 'w5': 0.978, 'w6': 0.41500000000000004, 'w7': 0.09, 'w8': 0.593, 'max_depth': 9, 'min_child_weight': 16, 'subsample': 0.8, 'colsample_bytree': 0.6000000000000001, 'gamma': 0.6000000000000001}. Best is trial 556 with value: 0.5099189407344089.
[I 2023-10-20 06:37:30,733] Trial 1186 finished with value: 0.500626279715161 and parameters: {'w0': 0.134, 'w1': 0.934, 'w2': 0.14500000000000002, 'w3': 0.116, 'w4': 0.899, 'w5': 0.981, 'w6': 0.419, 'w7': 0.099, 'w8': 0.636, 'max_depth': 9, 'min_child_weight': 16, 'subsample': 0.8, 'colsample_bytree': 0.5, 'gamma': 0.6000000000000001}. Best is trial 556 with value: 0.5099189407344089.
[I 2023-10-20 06:39:47,681] Trial 1187 finished with value: 0.48296275143304446 and parameters: {'w0': 0.133, 'w1': 0.898, 'w2': 0.14500000000000002, 'w3': 0.101, 'w4': 0.896, 'w5': 0.981, 'w6': 0.41500000000000004, 'w7': 0.095, 'w8': 0.603, 'max_depth': 9, 'min_child_weight': 16, 'subsample': 0.4, 'colsample_bytree': 0.5, 'gamma': 0.6000000000000001}. Best is trial 556 with value: 0.5099189407344089.
[I 2023-10-20 06:42:23,224] Trial 1189 finished with value: 0.49929933905978746 and parameters: {'w0': 0.135, 'w1': 0.935, 'w2': 0.14, 'w3': 0.109, 'w4': 0.897, 'w5': 0.981, 'w6': 0.405, 'w7': 0.093, 'w8': 0.657, 'max_depth': 9, 'min_child_weight': 16, 'subsample': 0.8, 'colsample_bytree': 0.6000000000000001, 'gamma': 0.6000000000000001}. Best is trial 556 with value: 0.5099189407344089.
[I 2023-10-20 06:42:28,810] Trial 1192 finished with value: 0.4976427386652939 and parameters: {'w0': 0.14300000000000002, 'w1': 0.895, 'w2': 0.14300000000000002, 'w3': 0.17200000000000001, 'w4': 0.9380000000000001, 'w5': 1.0, 'w6': 0.406, 'w7': 0.09, 'w8': 0.641, 'max_depth': 9, 'min_child_weight': 16, 'subsample': 0.8, 'colsample_bytree': 0.6000000000000001, 'gamma': 0.8}. Best is trial 556 with value: 0.5099189407344089.
[I 2023-10-20 06:43:07,441] Trial 1190 finished with value: 0.5000234513356703 and parameters: {'w0': 0.14100000000000001, 'w1': 0.937, 'w2': 0.149, 'w3': 0.122, 'w4': 0.899, 'w5': 0.982, 'w6': 0.392, 'w7': 0.094, 'w8': 0.638, 'max_depth': 9, 'min_child_weight': 16, 'subsample': 0.8, 'colsample_bytree': 0.6000000000000001, 'gamma': 0.6000000000000001}. Best is trial 556 with value: 0.5099189407344089.
[I 2023-10-20 06:43:53,192] Trial 1191 finished with value: 0.49974021098675236 and parameters: {'w0': 0.132, 'w1': 0.927, 'w2': 0.15, 'w3': 0.106, 'w4': 0.9, 'w5': 0.982, 'w6': 0.41200000000000003, 'w7': 0.098, 'w8': 0.68, 'max_depth': 9, 'min_child_weight': 16, 'subsample': 0.8, 'colsample_bytree': 0.6000000000000001, 'gamma': 0.6000000000000001}. Best is trial 556 with value: 0.5099189407344089.
[I 2023-10-20 06:44:02,429] Trial 1195 finished with value: 0.4572207537880202 and parameters: {'w0': 0.027000000000000003, 'w1': 0.934, 'w2': 0.153, 'w3': 0.186, 'w4': 0.903, 'w5': 0.979, 'w6': 0.357, 'w7': 0.091, 'w8': 0.685, 'max_depth': 9, 'min_child_weight': 16, 'subsample': 0.8, 'colsample_bytree': 0.6000000000000001, 'gamma': 0.8}. Best is trial 556 with value: 0.5099189407344089.
[I 2023-10-20 06:44:18,845] Trial 1194 finished with value: 0.49601961431395125 and parameters: {'w0': 0.14300000000000002, 'w1': 0.927, 'w2': 0.081, 'w3': 0.17500000000000002, 'w4': 0.9430000000000001, 'w5': 0.979, 'w6': 0.374, 'w7': 0.093, 'w8': 0.6910000000000001, 'max_depth': 9, 'min_child_weight': 16, 'subsample': 0.8, 'colsample_bytree': 0.6000000000000001, 'gamma': 0.8}. Best is trial 556 with value: 0.5099189407344089.
[I 2023-10-20 06:44:24,165] Trial 1188 finished with value: 0.45982929001834427 and parameters: {'w0': 0.896, 'w1': 0.936, 'w2': 0.153, 'w3': 0.198, 'w4': 0.9, 'w5': 0.982, 'w6': 0.495, 'w7': 0.092, 'w8': 0.66, 'max_depth': 9, 'min_child_weight': 16, 'subsample': 0.4, 'colsample_bytree': 0.6000000000000001, 'gamma': 0.6000000000000001}. Best is trial 556 with value: 0.5099189407344089.
[I 2023-10-20 06:45:52,483] Trial 1198 finished with value: 0.43957031011114356 and parameters: {'w0': 0.028, 'w1': 0.929, 'w2': 0.083, 'w3': 0.201, 'w4': 0.9410000000000001, 'w5': 0.937, 'w6': 0.37, 'w7': 0.14300000000000002, 'w8': 0.6900000000000001, 'max_depth': 9, 'min_child_weight': 12, 'subsample': 0.8, 'colsample_bytree': 0.6000000000000001, 'gamma': 0.8}. Best is trial 556 with value: 0.5099189407344089.
[I 2023-10-20 06:46:03,414] Trial 1193 finished with value: 0.4314073267555557 and parameters: {'w0': 0.147, 'w1': 0.934, 'w2': 0.151, 'w3': 0.192, 'w4': 0.212, 'w5': 1.0, 'w6': 0.368, 'w7': 0.538, 'w8': 0.605, 'max_depth': 9, 'min_child_weight': 16, 'subsample': 0.8, 'colsample_bytree': 0.6000000000000001, 'gamma': 0.8}. Best is trial 556 with value: 0.5099189407344089.
[I 2023-10-20 06:46:06,115] Trial 1196 finished with value: 0.4530190720157356 and parameters: {'w0': 0.15, 'w1': 0.931, 'w2': 0.089, 'w3': 0.111, 'w4': 0.937, 'w5': 0.933, 'w6': 0.523, 'w7': 0.369, 'w8': 0.653, 'max_depth': 9, 'min_child_weight': 12, 'subsample': 0.8, 'colsample_bytree': 0.6000000000000001, 'gamma': 0.8}. Best is trial 556 with value: 0.5099189407344089.
[I 2023-10-20 06:47:41,508] Trial 1197 finished with value: 0.4658292955892784 and parameters: {'w0': 0.031, 'w1': 0.925, 'w2': 0.163, 'w3': 0.194, 'w4': 0.9430000000000001, 'w5': 0.9380000000000001, 'w6': 0.368, 'w7': 0.152, 'w8': 0.662, 'max_depth': 9, 'min_child_weight': 16, 'subsample': 0.8, 'colsample_bytree': 0.6000000000000001, 'gamma': 0.6000000000000001}. Best is trial 556 with value: 0.5099189407344089.
[I 2023-10-20 06:48:05,616] Trial 1202 finished with value: 0.47433493514186154 and parameters: {'w0': 0.067, 'w1': 0.934, 'w2': 0.08600000000000001, 'w3': 0.182, 'w4': 0.931, 'w5': 0.936, 'w6': 0.368, 'w7': 0.151, 'w8': 0.678, 'max_depth': 10, 'min_child_weight': 16, 'subsample': 0.8, 'colsample_bytree': 0.6000000000000001, 'gamma': 0.8}. Best is trial 556 with value: 0.5099189407344089.
[I 2023-10-20 06:48:13,068] Trial 1201 finished with value: 0.44763645726940776 and parameters: {'w0': 0.032, 'w1': 0.9400000000000001, 'w2': 0.092, 'w3': 0.184, 'w4': 0.9440000000000001, 'w5': 0.932, 'w6': 0.364, 'w7': 0.152, 'w8': 0.687, 'max_depth': 9, 'min_child_weight': 16, 'subsample': 0.8, 'colsample_bytree': 0.6000000000000001, 'gamma': 0.8}. Best is trial 556 with value: 0.5099189407344089.
[I 2023-10-20 06:48:52,532] Trial 1199 finished with value: 0.47971599091253647 and parameters: {'w0': 0.126, 'w1': 0.895, 'w2': 0.08700000000000001, 'w3': 0.184, 'w4': 0.9380000000000001, 'w5': 0.935, 'w6': 0.527, 'w7': 0.152, 'w8': 0.67, 'max_depth': 9, 'min_child_weight': 16, 'subsample': 0.8, 'colsample_bytree': 0.6000000000000001, 'gamma': 0.6000000000000001}. Best is trial 556 with value: 0.5099189407344089.
[I 2023-10-20 06:49:33,516] Trial 1200 finished with value: 0.45791007299869246 and parameters: {'w0': 0.064, 'w1': 1.0, 'w2': 0.629, 'w3': 0.183, 'w4': 0.9410000000000001, 'w5': 0.9400000000000001, 'w6': 0.369, 'w7': 0.14500000000000002, 'w8': 0.6930000000000001, 'max_depth': 9, 'min_child_weight': 16, 'subsample': 0.8, 'colsample_bytree': 0.6000000000000001, 'gamma': 0.8}. Best is trial 556 with value: 0.5099189407344089.
[I 2023-10-20 06:50:35,271] Trial 1203 finished with value: 0.47513929930427207 and parameters: {'w0': 0.12000000000000001, 'w1': 0.935, 'w2': 0.082, 'w3': 0.185, 'w4': 0.934, 'w5': 0.936, 'w6': 0.368, 'w7': 0.147, 'w8': 0.686, 'max_depth': 10, 'min_child_weight': 16, 'subsample': 0.8, 'colsample_bytree': 0.6000000000000001, 'gamma': 0.8}. Best is trial 556 with value: 0.5099189407344089.
[I 2023-10-20 06:53:42,879] Trial 1204 finished with value: 0.48179326926380345 and parameters: {'w0': 0.151, 'w1': 0.89, 'w2': 0.091, 'w3': 0.199, 'w4': 0.9410000000000001, 'w5': 0.9380000000000001, 'w6': 0.526, 'w7': 0.14200000000000002, 'w8': 0.6880000000000001, 'max_depth': 10, 'min_child_weight': 16, 'subsample': 0.8, 'colsample_bytree': 0.6000000000000001, 'gamma': 0.8}. Best is trial 556 with value: 0.5099189407344089.
[I 2023-10-20 06:56:33,316] Trial 1205 finished with value: 0.42317435496294786 and parameters: {'w0': 0.014000000000000002, 'w1': 0.936, 'w2': 0.076, 'w3': 0.255, 'w4': 0.9470000000000001, 'w5': 0.935, 'w6': 0.531, 'w7': 0.154, 'w8': 0.6900000000000001, 'max_depth': 10, 'min_child_weight': 16, 'subsample': 0.8, 'colsample_bytree': 0.6000000000000001, 'gamma': 0.4}. Best is trial 556 with value: 0.5099189407344089.
