[I 2023-10-18 21:50:11,199] Trial 928 finished with value: 0.5392741174047962 and parameters: {'w0': 0.113, 'w1': 0.46900000000000003, 'w2': 0.07300000000000001, 'w3': 0.194, 'w4': 0.801, 'w5': 0.782, 'w6': 0.547, 'w7': 0.083, 'w8': 0.932, 'max_depth': 10, 'min_child_weight': 20, 'subsample': 0.9000000000000001, 'colsample_bytree': 0.7, 'gamma': 0.2}. Best is trial 796 with value: 0.5427258797393881.
[I 2023-10-18 21:50:15,161] Trial 927 finished with value: 0.5285951589252034 and parameters: {'w0': 0.116, 'w1': 0.464, 'w2': 0.148, 'w3': 0.189, 'w4': 0.746, 'w5': 0.78, 'w6': 0.6880000000000001, 'w7': 0.079, 'w8': 0.926, 'max_depth': 10, 'min_child_weight': 20, 'subsample': 0.9000000000000001, 'colsample_bytree': 0.7, 'gamma': 0.2}. Best is trial 796 with value: 0.5427258797393881.
[I 2023-10-18 21:50:23,595] Trial 938 finished with value: 0.5207687254436293 and parameters: {'w0': 0.11900000000000001, 'w1': 0.975, 'w2': 0.07300000000000001, 'w3': 0.14200000000000002, 'w4': 0.757, 'w5': 0.841, 'w6': 0.528, 'w7': 0.083, 'w8': 0.772, 'max_depth': 10, 'min_child_weight': 14, 'subsample': 1.0, 'colsample_bytree': 0.7, 'gamma': 1.0}. Best is trial 796 with value: 0.5427258797393881.
[I 2023-10-18 21:50:28,324] Trial 936 finished with value: 0.49009366985409897 and parameters: {'w0': 0.663, 'w1': 0.81, 'w2': 0.084, 'w3': 0.148, 'w4': 0.746, 'w5': 0.8300000000000001, 'w6': 0.52, 'w7': 0.081, 'w8': 0.9450000000000001, 'max_depth': 10, 'min_child_weight': 14, 'subsample': 1.0, 'colsample_bytree': 0.7, 'gamma': 1.0}. Best is trial 796 with value: 0.5427258797393881.
[I 2023-10-18 21:50:43,199] Trial 929 finished with value: 0.5217351776412675 and parameters: {'w0': 0.11900000000000001, 'w1': 0.8190000000000001, 'w2': 0.148, 'w3': 0.177, 'w4': 0.753, 'w5': 0.785, 'w6': 0.10300000000000001, 'w7': 0.083, 'w8': 0.937, 'max_depth': 10, 'min_child_weight': 20, 'subsample': 0.9000000000000001, 'colsample_bytree': 0.7, 'gamma': 0.2}. Best is trial 796 with value: 0.5427258797393881.
[I 2023-10-18 21:50:54,873] Trial 939 finished with value: 0.5193156062120059 and parameters: {'w0': 0.12000000000000001, 'w1': 0.966, 'w2': 0.07200000000000001, 'w3': 0.148, 'w4': 0.754, 'w5': 0.731, 'w6': 0.519, 'w7': 0.083, 'w8': 0.961, 'max_depth': 10, 'min_child_weight': 14, 'subsample': 1.0, 'colsample_bytree': 0.7, 'gamma': 1.0}. Best is trial 796 with value: 0.5427258797393881.
[I 2023-10-18 21:51:03,171] Trial 941 finished with value: 0.5116506145955743 and parameters: {'w0': 0.060000000000000005, 'w1': 0.968, 'w2': 0.07200000000000001, 'w3': 0.14, 'w4': 0.756, 'w5': 0.731, 'w6': 0.538, 'w7': 0.081, 'w8': 0.966, 'max_depth': 10, 'min_child_weight': 16, 'subsample': 1.0, 'colsample_bytree': 0.7, 'gamma': 1.0}. Best is trial 796 with value: 0.5427258797393881.
[I 2023-10-18 21:52:34,935] Trial 933 finished with value: 0.5232976350036842 and parameters: {'w0': 0.126, 'w1': 0.8210000000000001, 'w2': 0.14200000000000002, 'w3': 0.179, 'w4': 0.755, 'w5': 0.8330000000000001, 'w6': 0.6950000000000001, 'w7': 0.08600000000000001, 'w8': 0.9420000000000001, 'max_depth': 10, 'min_child_weight': 20, 'subsample': 0.9000000000000001, 'colsample_bytree': 0.7, 'gamma': 1.0}. Best is trial 796 with value: 0.5427258797393881.
[I 2023-10-18 21:52:52,894] Trial 942 finished with value: 0.5112356552427654 and parameters: {'w0': 0.063, 'w1': 0.811, 'w2': 0.07200000000000001, 'w3': 0.146, 'w4': 0.751, 'w5': 0.735, 'w6': 0.548, 'w7': 0.09, 'w8': 0.962, 'max_depth': 10, 'min_child_weight': 16, 'subsample': 1.0, 'colsample_bytree': 0.7, 'gamma': 0.6000000000000001}. Best is trial 796 with value: 0.5427258797393881.
[I 2023-10-18 21:53:28,684] Trial 932 finished with value: 0.5285894744533851 and parameters: {'w0': 0.11800000000000001, 'w1': 0.466, 'w2': 0.138, 'w3': 0.17600000000000002, 'w4': 0.751, 'w5': 0.785, 'w6': 0.54, 'w7': 0.083, 'w8': 0.9400000000000001, 'max_depth': 6, 'min_child_weight': 20, 'subsample': 0.9000000000000001, 'colsample_bytree': 0.7, 'gamma': 0.2}. Best is trial 796 with value: 0.5427258797393881.
[I 2023-10-18 21:53:29,206] Trial 930 finished with value: 0.535035823709421 and parameters: {'w0': 0.11800000000000001, 'w1': 0.802, 'w2': 0.146, 'w3': 0.193, 'w4': 0.754, 'w5': 0.779, 'w6': 0.536, 'w7': 0.09, 'w8': 0.937, 'max_depth': 10, 'min_child_weight': 20, 'subsample': 0.9000000000000001, 'colsample_bytree': 0.7, 'gamma': 0.2}. Best is trial 796 with value: 0.5427258797393881.
[I 2023-10-18 21:54:19,290] Trial 935 finished with value: 0.5316258655673584 and parameters: {'w0': 0.122, 'w1': 0.467, 'w2': 0.076, 'w3': 0.14300000000000002, 'w4': 0.754, 'w5': 0.8300000000000001, 'w6': 0.542, 'w7': 0.085, 'w8': 0.9420000000000001, 'max_depth': 10, 'min_child_weight': 14, 'subsample': 1.0, 'colsample_bytree': 0.7, 'gamma': 0.2}. Best is trial 796 with value: 0.5427258797393881.
[I 2023-10-18 21:55:13,648] Trial 937 finished with value: 0.5346578800881955 and parameters: {'w0': 0.116, 'w1': 0.975, 'w2': 0.07200000000000001, 'w3': 0.14100000000000001, 'w4': 0.749, 'w5': 0.8280000000000001, 'w6': 0.532, 'w7': 0.079, 'w8': 0.9450000000000001, 'max_depth': 10, 'min_child_weight': 14, 'subsample': 1.0, 'colsample_bytree': 0.7, 'gamma': 0.2}. Best is trial 796 with value: 0.5427258797393881.
[I 2023-10-18 21:55:21,062] Trial 934 finished with value: 0.5273019338331575 and parameters: {'w0': 0.11900000000000001, 'w1': 0.8180000000000001, 'w2': 0.14100000000000001, 'w3': 0.18, 'w4': 0.755, 'w5': 0.8330000000000001, 'w6': 0.557, 'w7': 0.084, 'w8': 0.936, 'max_depth': 10, 'min_child_weight': 20, 'subsample': 1.0, 'colsample_bytree': 0.7, 'gamma': 0.2}. Best is trial 796 with value: 0.5427258797393881.
[I 2023-10-18 21:55:33,582] Trial 940 finished with value: 0.5317762389786483 and parameters: {'w0': 0.159, 'w1': 0.809, 'w2': 0.076, 'w3': 0.148, 'w4': 0.756, 'w5': 0.8320000000000001, 'w6': 0.245, 'w7': 0.085, 'w8': 0.965, 'max_depth': 10, 'min_child_weight': 14, 'subsample': 0.9000000000000001, 'colsample_bytree': 0.7, 'gamma': 0.6000000000000001}. Best is trial 796 with value: 0.5427258797393881.
[I 2023-10-18 21:56:19,206] Trial 931 finished with value: 0.5232740502460671 and parameters: {'w0': 0.12000000000000001, 'w1': 0.8170000000000001, 'w2': 0.14200000000000002, 'w3': 0.178, 'w4': 0.753, 'w5': 0.784, 'w6': 0.536, 'w7': 0.047, 'w8': 0.9380000000000001, 'max_depth': 10, 'min_child_weight': 20, 'subsample': 0.9000000000000001, 'colsample_bytree': 0.7, 'gamma': 0.2}. Best is trial 796 with value: 0.5427258797393881.
[I 2023-10-18 22:01:51,417] Trial 944 finished with value: 0.5191728268096285 and parameters: {'w0': 0.07200000000000001, 'w1': 0.458, 'w2': 0.066, 'w3': 0.139, 'w4': 0.687, 'w5': 0.73, 'w6': 0.514, 'w7': 0.077, 'w8': 0.892, 'max_depth': 10, 'min_child_weight': 20, 'subsample': 0.9000000000000001, 'colsample_bytree': 0.7, 'gamma': 0.6000000000000001}. Best is trial 796 with value: 0.5427258797393881.
[I 2023-10-18 22:02:04,068] Trial 946 finished with value: 0.5089306102110669 and parameters: {'w0': 0.077, 'w1': 0.463, 'w2': 0.058, 'w3': 0.122, 'w4': 0.752, 'w5': 0.738, 'w6': 0.553, 'w7': 0.08700000000000001, 'w8': 0.892, 'max_depth': 10, 'min_child_weight': 20, 'subsample': 0.9000000000000001, 'colsample_bytree': 0.7, 'gamma': 0.6000000000000001}. Best is trial 796 with value: 0.5427258797393881.
[I 2023-10-18 22:02:07,016] Trial 943 finished with value: 0.5133675483129596 and parameters: {'w0': 0.125, 'w1': 0.467, 'w2': 0.062, 'w3': 0.14300000000000002, 'w4': 0.753, 'w5': 0.733, 'w6': 0.555, 'w7': 0.08800000000000001, 'w8': 0.884, 'max_depth': 10, 'min_child_weight': 20, 'subsample': 0.9000000000000001, 'colsample_bytree': 0.7, 'gamma': 0.6000000000000001}. Best is trial 796 with value: 0.5427258797393881.
[I 2023-10-18 22:02:21,448] Trial 945 finished with value: 0.5172696315909469 and parameters: {'w0': 0.101, 'w1': 0.453, 'w2': 0.065, 'w3': 0.17200000000000001, 'w4': 0.756, 'w5': 0.732, 'w6': 0.547, 'w7': 0.085, 'w8': 0.894, 'max_depth': 10, 'min_child_weight': 20, 'subsample': 0.9000000000000001, 'colsample_bytree': 0.7, 'gamma': 0.6000000000000001}. Best is trial 796 with value: 0.5427258797393881.
[I 2023-10-18 22:02:36,080] Trial 947 finished with value: 0.4541217271869432 and parameters: {'w0': 0.058, 'w1': 0.455, 'w2': 0.006, 'w3': 0.227, 'w4': 0.73, 'w5': 0.8280000000000001, 'w6': 0.548, 'w7': 0.12000000000000001, 'w8': 0.887, 'max_depth': 10, 'min_child_weight': 20, 'subsample': 0.9000000000000001, 'colsample_bytree': 0.7, 'gamma': 0.6000000000000001}. Best is trial 796 with value: 0.5427258797393881.
[I 2023-10-18 22:03:03,319] Trial 948 finished with value: 0.5047903689662905 and parameters: {'w0': 0.096, 'w1': 0.444, 'w2': 0.064, 'w3': 0.227, 'w4': 0.6900000000000001, 'w5': 0.746, 'w6': 0.546, 'w7': 0.11800000000000001, 'w8': 0.893, 'max_depth': 10, 'min_child_weight': 20, 'subsample': 0.9000000000000001, 'colsample_bytree': 0.7, 'gamma': 0.6000000000000001}. Best is trial 796 with value: 0.5427258797393881.
[I 2023-10-18 22:04:24,889] Trial 950 finished with value: 0.48191712720881974 and parameters: {'w0': 0.096, 'w1': 0.437, 'w2': 0.025, 'w3': 0.219, 'w4': 0.6920000000000001, 'w5': 0.745, 'w6': 0.527, 'w7': 0.12000000000000001, 'w8': 0.968, 'max_depth': 10, 'min_child_weight': 20, 'subsample': 0.9000000000000001, 'colsample_bytree': 0.7, 'gamma': 0.6000000000000001}. Best is trial 796 with value: 0.5427258797393881.
[I 2023-10-18 22:04:40,986] Trial 951 finished with value: 0.4843601437784698 and parameters: {'w0': 0.065, 'w1': 0.444, 'w2': 0.033, 'w3': 0.226, 'w4': 0.789, 'w5': 0.78, 'w6': 0.546, 'w7': 0.11900000000000001, 'w8': 0.896, 'max_depth': 10, 'min_child_weight': 20, 'subsample': 0.9000000000000001, 'colsample_bytree': 0.7, 'gamma': 0.6000000000000001}. Best is trial 796 with value: 0.5427258797393881.
[I 2023-10-18 22:05:06,629] Trial 949 finished with value: 0.4555909294076931 and parameters: {'w0': 0.067, 'w1': 0.466, 'w2': 0.062, 'w3': 0.168, 'w4': 0.6880000000000001, 'w5': 0.738, 'w6': 0.562, 'w7': 0.445, 'w8': 0.886, 'max_depth': 10, 'min_child_weight': 20, 'subsample': 0.9000000000000001, 'colsample_bytree': 0.7, 'gamma': 0.6000000000000001}. Best is trial 796 with value: 0.5427258797393881.
[I 2023-10-18 22:05:21,255] Trial 952 finished with value: 0.4629183836484682 and parameters: {'w0': 0.098, 'w1': 0.443, 'w2': 0.011, 'w3': 0.222, 'w4': 0.6900000000000001, 'w5': 0.742, 'w6': 0.562, 'w7': 0.122, 'w8': 0.967, 'max_depth': 10, 'min_child_weight': 20, 'subsample': 0.9000000000000001, 'colsample_bytree': 0.7, 'gamma': 0.6000000000000001}. Best is trial 796 with value: 0.5427258797393881.
[I 2023-10-18 22:05:35,927] Trial 953 finished with value: 0.5108731742699124 and parameters: {'w0': 0.097, 'w1': 0.449, 'w2': 0.069, 'w3': 0.223, 'w4': 0.788, 'w5': 0.736, 'w6': 0.561, 'w7': 0.112, 'w8': 0.963, 'max_depth': 10, 'min_child_weight': 20, 'subsample': 0.9000000000000001, 'colsample_bytree': 0.7, 'gamma': 0.6000000000000001}. Best is trial 796 with value: 0.5427258797393881.
[I 2023-10-18 22:05:56,659] Trial 954 finished with value: 0.4507614170143056 and parameters: {'w0': 0.157, 'w1': 0.459, 'w2': 0.019000000000000003, 'w3': 0.231, 'w4': 0.009000000000000001, 'w5': 0.8220000000000001, 'w6': 0.554, 'w7': 0.116, 'w8': 0.966, 'max_depth': 10, 'min_child_weight': 20, 'subsample': 0.9000000000000001, 'colsample_bytree': 0.7, 'gamma': 0.6000000000000001}. Best is trial 796 with value: 0.5427258797393881.
[I 2023-10-18 22:07:03,546] Trial 955 finished with value: 0.47985254880386863 and parameters: {'w0': 0.061, 'w1': 0.445, 'w2': 0.033, 'w3': 0.227, 'w4': 0.683, 'w5': 0.742, 'w6': 0.5760000000000001, 'w7': 0.123, 'w8': 0.884, 'max_depth': 10, 'min_child_weight': 20, 'subsample': 0.9000000000000001, 'colsample_bytree': 0.7, 'gamma': 0.6000000000000001}. Best is trial 796 with value: 0.5427258797393881.
[I 2023-10-18 22:07:18,499] Trial 956 finished with value: 0.5213234076907088 and parameters: {'w0': 0.095, 'w1': 0.445, 'w2': 0.08600000000000001, 'w3': 0.223, 'w4': 0.6880000000000001, 'w5': 0.734, 'w6': 0.5670000000000001, 'w7': 0.117, 'w8': 0.885, 'max_depth': 10, 'min_child_weight': 20, 'subsample': 0.9000000000000001, 'colsample_bytree': 0.7, 'gamma': 0.6000000000000001}. Best is trial 796 with value: 0.5427258797393881.
[I 2023-10-18 22:08:06,229] Trial 957 finished with value: 0.50725778749888 and parameters: {'w0': 0.155, 'w1': 0.491, 'w2': 0.064, 'w3': 0.23, 'w4': 0.6900000000000001, 'w5': 0.743, 'w6': 0.505, 'w7': 0.121, 'w8': 0.963, 'max_depth': 10, 'min_child_weight': 20, 'subsample': 0.9000000000000001, 'colsample_bytree': 0.7, 'gamma': 0.6000000000000001}. Best is trial 796 with value: 0.5427258797393881.
[I 2023-10-18 22:11:40,997] Trial 958 finished with value: 0.4934727447879639 and parameters: {'w0': 0.98, 'w1': 0.421, 'w2': 0.092, 'w3': 0.224, 'w4': 0.6900000000000001, 'w5': 0.74, 'w6': 0.497, 'w7': 0.113, 'w8': 0.878, 'max_depth': 10, 'min_child_weight': 20, 'subsample': 0.9000000000000001, 'colsample_bytree': 0.7, 'gamma': 0.6000000000000001}. Best is trial 796 with value: 0.5427258797393881.
[I 2023-10-18 22:12:12,994] Trial 959 finished with value: 0.4352015332353791 and parameters: {'w0': 0.096, 'w1': 0.436, 'w2': 0.033, 'w3': 0.225, 'w4': 0.031, 'w5': 0.023, 'w6': 0.5760000000000001, 'w7': 0.121, 'w8': 0.97, 'max_depth': 10, 'min_child_weight': 20, 'subsample': 0.9000000000000001, 'colsample_bytree': 0.7, 'gamma': 0.6000000000000001}. Best is trial 796 with value: 0.5427258797393881.
[I 2023-10-18 22:13:55,865] Trial 960 finished with value: 0.5192034318870626 and parameters: {'w0': 0.092, 'w1': 0.427, 'w2': 0.089, 'w3': 0.227, 'w4': 0.727, 'w5': 0.745, 'w6': 0.487, 'w7': 0.117, 'w8': 0.888, 'max_depth': 10, 'min_child_weight': 20, 'subsample': 0.9000000000000001, 'colsample_bytree': 0.7, 'gamma': 0.6000000000000001}. Best is trial 796 with value: 0.5427258797393881.
[I 2023-10-18 22:14:36,946] Trial 961 finished with value: 0.5137003240722812 and parameters: {'w0': 0.095, 'w1': 0.43, 'w2': 0.085, 'w3': 0.227, 'w4': 0.727, 'w5': 0.752, 'w6': 0.76, 'w7': 0.127, 'w8': 0.966, 'max_depth': 10, 'min_child_weight': 20, 'subsample': 0.9000000000000001, 'colsample_bytree': 0.7, 'gamma': 0.6000000000000001}. Best is trial 796 with value: 0.5427258797393881.
[I 2023-10-18 22:17:53,494] Trial 963 finished with value: 0.5311483343845492 and parameters: {'w0': 0.149, 'w1': 0.442, 'w2': 0.09, 'w3': 0.222, 'w4': 0.788, 'w5': 0.773, 'w6': 0.492, 'w7': 0.117, 'w8': 0.967, 'max_depth': 10, 'min_child_weight': 16, 'subsample': 0.9000000000000001, 'colsample_bytree': 0.7, 'gamma': 0.4}. Best is trial 796 with value: 0.5427258797393881.
[I 2023-10-18 22:20:17,191] Trial 962 finished with value: 0.5244699388490428 and parameters: {'w0': 0.153, 'w1': 0.49, 'w2': 0.096, 'w3': 0.23, 'w4': 0.6930000000000001, 'w5': 0.749, 'w6': 0.505, 'w7': 0.178, 'w8': 0.431, 'max_depth': 10, 'min_child_weight': 20, 'subsample': 0.9000000000000001, 'colsample_bytree': 0.7, 'gamma': 0.2}. Best is trial 796 with value: 0.5427258797393881.
[I 2023-10-18 22:20:37,625] Trial 977 finished with value: 0.42064724910428153 and parameters: {'w0': 0.157, 'w1': 0.051000000000000004, 'w2': 0.092, 'w3': 0.259, 'w4': 0.788, 'w5': 0.791, 'w6': 0.324, 'w7': 0.17500000000000002, 'w8': 0.523, 'max_depth': 10, 'min_child_weight': 16, 'subsample': 0.9000000000000001, 'colsample_bytree': 0.7, 'gamma': 7.800000000000001}. Best is trial 796 with value: 0.5427258797393881.
[I 2023-10-18 22:21:30,770] Trial 964 finished with value: 0.5320081936475045 and parameters: {'w0': 0.152, 'w1': 0.42, 'w2': 0.099, 'w3': 0.23, 'w4': 0.787, 'w5': 0.755, 'w6': 0.499, 'w7': 0.122, 'w8': 0.968, 'max_depth': 10, 'min_child_weight': 16, 'subsample': 0.9000000000000001, 'colsample_bytree': 0.7, 'gamma': 0.2}. Best is trial 796 with value: 0.5427258797393881.
[I 2023-10-18 22:21:48,413] Trial 966 finished with value: 0.5079284350220121 and parameters: {'w0': 0.151, 'w1': 0.921, 'w2': 0.08800000000000001, 'w3': 0.226, 'w4': 0.783, 'w5': 0.506, 'w6': 0.503, 'w7': 0.179, 'w8': 0.968, 'max_depth': 10, 'min_child_weight': 16, 'subsample': 0.5, 'colsample_bytree': 0.7, 'gamma': 0.2}. Best is trial 796 with value: 0.5427258797393881.
[I 2023-10-18 22:22:56,849] Trial 969 finished with value: 0.4870891424070546 and parameters: {'w0': 0.155, 'w1': 0.431, 'w2': 0.08800000000000001, 'w3': 0.249, 'w4': 0.728, 'w5': 0.765, 'w6': 0.498, 'w7': 0.007, 'w8': 0.999, 'max_depth': 10, 'min_child_weight': 16, 'subsample': 0.9000000000000001, 'colsample_bytree': 0.7, 'gamma': 0.2}. Best is trial 796 with value: 0.5427258797393881.
[I 2023-10-18 22:22:57,670] Trial 965 finished with value: 0.5305758624084372 and parameters: {'w0': 0.166, 'w1': 0.484, 'w2': 0.08800000000000001, 'w3': 0.262, 'w4': 0.728, 'w5': 0.766, 'w6': 0.578, 'w7': 0.12000000000000001, 'w8': 0.965, 'max_depth': 10, 'min_child_weight': 16, 'subsample': 0.9000000000000001, 'colsample_bytree': 0.7, 'gamma': 0.2}. Best is trial 796 with value: 0.5427258797393881.
[I 2023-10-18 22:23:36,613] Trial 970 finished with value: 0.4880530386350973 and parameters: {'w0': 0.153, 'w1': 0.493, 'w2': 0.092, 'w3': 0.251, 'w4': 0.728, 'w5': 0.796, 'w6': 0.502, 'w7': 0.008, 'w8': 0.969, 'max_depth': 10, 'min_child_weight': 16, 'subsample': 0.9000000000000001, 'colsample_bytree': 0.7, 'gamma': 0.2}. Best is trial 796 with value: 0.5427258797393881.
[I 2023-10-18 22:23:56,853] Trial 967 finished with value: 0.5243553004274307 and parameters: {'w0': 0.152, 'w1': 0.498, 'w2': 0.092, 'w3': 0.26, 'w4': 0.782, 'w5': 0.77, 'w6': 0.494, 'w7': 0.185, 'w8': 0.966, 'max_depth': 10, 'min_child_weight': 16, 'subsample': 0.9000000000000001, 'colsample_bytree': 0.7, 'gamma': 0.2}. Best is trial 796 with value: 0.5427258797393881.
[I 2023-10-18 22:24:15,760] Trial 971 finished with value: 0.4885820384880825 and parameters: {'w0': 0.146, 'w1': 0.47600000000000003, 'w2': 0.116, 'w3': 0.261, 'w4': 0.835, 'w5': 0.768, 'w6': 0.506, 'w7': 0.007, 'w8': 0.457, 'max_depth': 10, 'min_child_weight': 16, 'subsample': 0.9000000000000001, 'colsample_bytree': 0.7, 'gamma': 0.2}. Best is trial 796 with value: 0.5427258797393881.
[I 2023-10-18 22:24:29,636] Trial 968 finished with value: 0.5166667125826955 and parameters: {'w0': 0.14500000000000002, 'w1': 0.502, 'w2': 0.091, 'w3': 0.256, 'w4': 0.73, 'w5': 0.767, 'w6': 0.771, 'w7': 0.179, 'w8': 0.969, 'max_depth': 10, 'min_child_weight': 16, 'subsample': 0.9000000000000001, 'colsample_bytree': 0.7, 'gamma': 0.2}. Best is trial 796 with value: 0.5427258797393881.
[I 2023-10-18 22:26:35,243] Trial 972 finished with value: 0.523437229078903 and parameters: {'w0': 0.153, 'w1': 0.498, 'w2': 0.089, 'w3': 0.272, 'w4': 0.8320000000000001, 'w5': 0.79, 'w6': 0.485, 'w7': 0.181, 'w8': 0.999, 'max_depth': 10, 'min_child_weight': 16, 'subsample': 0.9000000000000001, 'colsample_bytree': 0.7, 'gamma': 0.2}. Best is trial 796 with value: 0.5427258797393881.
[I 2023-10-18 22:27:10,339] Trial 973 finished with value: 0.5224402219453937 and parameters: {'w0': 0.153, 'w1': 0.47700000000000004, 'w2': 0.092, 'w3': 0.247, 'w4': 0.788, 'w5': 0.767, 'w6': 0.495, 'w7': 0.17400000000000002, 'w8': 0.984, 'max_depth': 10, 'min_child_weight': 16, 'subsample': 0.9000000000000001, 'colsample_bytree': 0.7, 'gamma': 0.2}. Best is trial 796 with value: 0.5427258797393881.
[I 2023-10-18 22:30:27,109] Trial 987 finished with value: 0.4769018155544689 and parameters: {'w0': 0.189, 'w1': 0.904, 'w2': 0.123, 'w3': 0.202, 'w4': 0.812, 'w5': 0.8170000000000001, 'w6': 0.34500000000000003, 'w7': 0.061, 'w8': 0.915, 'max_depth': 10, 'min_child_weight': 16, 'subsample': 0.9000000000000001, 'colsample_bytree': 0.6000000000000001, 'gamma': 5.6000000000000005}. Best is trial 796 with value: 0.5427258797393881.
[I 2023-10-18 22:31:12,435] Trial 974 finished with value: 0.4918397378952594 and parameters: {'w0': 0.154, 'w1': 0.932, 'w2': 0.805, 'w3': 0.261, 'w4': 0.09, 'w5': 0.792, 'w6': 0.323, 'w7': 0.178, 'w8': 0.999, 'max_depth': 10, 'min_child_weight': 16, 'subsample': 0.9000000000000001, 'colsample_bytree': 0.7, 'gamma': 0.2}. Best is trial 796 with value: 0.5427258797393881.
[I 2023-10-18 22:31:29,086] Trial 975 finished with value: 0.5269531561450054 and parameters: {'w0': 0.155, 'w1': 0.501, 'w2': 0.099, 'w3': 0.253, 'w4': 0.8330000000000001, 'w5': 0.795, 'w6': 0.769, 'w7': 0.177, 'w8': 0.528, 'max_depth': 10, 'min_child_weight': 16, 'subsample': 0.9000000000000001, 'colsample_bytree': 0.7, 'gamma': 0.2}. Best is trial 796 with value: 0.5427258797393881.
[I 2023-10-18 22:31:57,291] Trial 980 finished with value: 0.4616800080912305 and parameters: {'w0': 0.183, 'w1': 0.499, 'w2': 0.116, 'w3': 0.257, 'w4': 0.837, 'w5': 0.802, 'w6': 0.34400000000000003, 'w7': 0.060000000000000005, 'w8': 0.912, 'max_depth': 10, 'min_child_weight': 16, 'subsample': 0.2, 'colsample_bytree': 0.6000000000000001, 'gamma': 0.2}. Best is trial 796 with value: 0.5427258797393881.
[I 2023-10-18 22:32:39,876] Trial 976 finished with value: 0.5214335755304583 and parameters: {'w0': 0.159, 'w1': 0.493, 'w2': 0.092, 'w3': 0.26, 'w4': 0.727, 'w5': 0.793, 'w6': 0.341, 'w7': 0.177, 'w8': 0.56, 'max_depth': 10, 'min_child_weight': 16, 'subsample': 0.9000000000000001, 'colsample_bytree': 0.7, 'gamma': 0.2}. Best is trial 796 with value: 0.5427258797393881.
[I 2023-10-18 22:35:47,048] Trial 978 finished with value: 0.49483547792388 and parameters: {'w0': 0.154, 'w1': 0.498, 'w2': 0.094, 'w3': 0.256, 'w4': 0.089, 'w5': 0.793, 'w6': 0.331, 'w7': 0.178, 'w8': 0.913, 'max_depth': 10, 'min_child_weight': 16, 'subsample': 0.9000000000000001, 'colsample_bytree': 0.7, 'gamma': 0.2}. Best is trial 796 with value: 0.5427258797393881.
