[I 2023-10-21 10:01:35,532] Trial 913 finished with value: 0.4027808309264453 and parameters: {'w0': 0.163, 'w1': 0.978, 'w2': 0.327, 'w3': 0.714, 'w4': 0.927, 'w5': 0.396, 'w6': 0.981, 'w7': 0.182, 'w8': 0.274, 'max_depth': 10, 'min_child_weight': 2, 'subsample': 0.30000000000000004, 'colsample_bytree': 0.8, 'gamma': 0.8}. Best is trial 620 with value: 0.41707743528659197.
[I 2023-10-21 10:01:41,680] Trial 912 finished with value: 0.4124437966327105 and parameters: {'w0': 0.165, 'w1': 0.976, 'w2': 0.305, 'w3': 0.717, 'w4': 0.936, 'w5': 0.353, 'w6': 0.983, 'w7': 0.17200000000000001, 'w8': 0.49, 'max_depth': 10, 'min_child_weight': 2, 'subsample': 0.30000000000000004, 'colsample_bytree': 0.8, 'gamma': 0.8}. Best is trial 620 with value: 0.41707743528659197.
[I 2023-10-21 10:01:44,740] Trial 915 finished with value: 0.38366562420014055 and parameters: {'w0': 0.167, 'w1': 0.979, 'w2': 0.067, 'w3': 0.717, 'w4': 0.891, 'w5': 0.356, 'w6': 0.639, 'w7': 0.168, 'w8': 0.544, 'max_depth': 10, 'min_child_weight': 2, 'subsample': 0.30000000000000004, 'colsample_bytree': 0.8, 'gamma': 0.8}. Best is trial 620 with value: 0.41707743528659197.
[I 2023-10-21 10:02:54,427] Trial 914 finished with value: 0.40634023320461665 and parameters: {'w0': 0.165, 'w1': 0.522, 'w2': 0.244, 'w3': 0.715, 'w4': 0.884, 'w5': 0.356, 'w6': 0.9570000000000001, 'w7': 0.189, 'w8': 0.508, 'max_depth': 10, 'min_child_weight': 2, 'subsample': 0.30000000000000004, 'colsample_bytree': 0.8, 'gamma': 0.8}. Best is trial 620 with value: 0.41707743528659197.
[I 2023-10-21 10:04:14,112] Trial 916 finished with value: 0.4070680121804485 and parameters: {'w0': 0.17200000000000001, 'w1': 0.975, 'w2': 0.321, 'w3': 0.712, 'w4': 0.896, 'w5': 0.354, 'w6': 0.9580000000000001, 'w7': 0.232, 'w8': 0.495, 'max_depth': 10, 'min_child_weight': 2, 'subsample': 0.30000000000000004, 'colsample_bytree': 0.8, 'gamma': 0.8}. Best is trial 620 with value: 0.41707743528659197.
[I 2023-10-21 10:04:26,994] Trial 919 finished with value: 0.37855158113531745 and parameters: {'w0': 0.165, 'w1': 0.98, 'w2': 0.063, 'w3': 0.712, 'w4': 0.888, 'w5': 0.354, 'w6': 0.9560000000000001, 'w7': 0.231, 'w8': 0.548, 'max_depth': 10, 'min_child_weight': 2, 'subsample': 0.30000000000000004, 'colsample_bytree': 0.8, 'gamma': 0.8}. Best is trial 620 with value: 0.41707743528659197.
[I 2023-10-21 10:05:01,688] Trial 917 finished with value: 0.4088313162660904 and parameters: {'w0': 0.164, 'w1': 0.978, 'w2': 0.241, 'w3': 0.713, 'w4': 0.887, 'w5': 0.398, 'w6': 0.9550000000000001, 'w7': 0.196, 'w8': 0.498, 'max_depth': 10, 'min_child_weight': 2, 'subsample': 0.30000000000000004, 'colsample_bytree': 0.8, 'gamma': 0.8}. Best is trial 620 with value: 0.41707743528659197.
[I 2023-10-21 10:05:45,121] Trial 918 finished with value: 0.40936036589888847 and parameters: {'w0': 0.171, 'w1': 0.979, 'w2': 0.248, 'w3': 0.712, 'w4': 0.895, 'w5': 0.356, 'w6': 0.963, 'w7': 0.232, 'w8': 0.554, 'max_depth': 10, 'min_child_weight': 2, 'subsample': 0.30000000000000004, 'colsample_bytree': 0.8, 'gamma': 0.8}. Best is trial 620 with value: 0.41707743528659197.
[I 2023-10-21 10:06:19,288] Trial 920 finished with value: 0.372716349618909 and parameters: {'w0': 0.168, 'w1': 0.506, 'w2': 0.20900000000000002, 'w3': 0.715, 'w4': 0.896, 'w5': 0.405, 'w6': 0.9570000000000001, 'w7': 0.9450000000000001, 'w8': 0.489, 'max_depth': 10, 'min_child_weight': 2, 'subsample': 0.30000000000000004, 'colsample_bytree': 0.7, 'gamma': 0.8}. Best is trial 620 with value: 0.41707743528659197.
[I 2023-10-21 10:07:18,425] Trial 921 finished with value: 0.40639290975705816 and parameters: {'w0': 0.165, 'w1': 0.972, 'w2': 0.25, 'w3': 0.715, 'w4': 0.56, 'w5': 0.406, 'w6': 0.9530000000000001, 'w7': 0.233, 'w8': 0.5, 'max_depth': 10, 'min_child_weight': 2, 'subsample': 0.30000000000000004, 'colsample_bytree': 0.8, 'gamma': 0.8}. Best is trial 620 with value: 0.41707743528659197.
[I 2023-10-21 10:09:49,416] Trial 933 finished with value: 0.35478636172107236 and parameters: {'w0': 0.183, 'w1': 0.92, 'w2': 0.244, 'w3': 0.669, 'w4': 0.893, 'w5': 0.424, 'w6': 0.9530000000000001, 'w7': 0.201, 'w8': 0.528, 'max_depth': 10, 'min_child_weight': 2, 'subsample': 0.30000000000000004, 'colsample_bytree': 0.7, 'gamma': 6.6000000000000005}. Best is trial 620 with value: 0.41707743528659197.
[I 2023-10-21 10:10:09,018] Trial 922 finished with value: 0.41262987020717257 and parameters: {'w0': 0.171, 'w1': 0.981, 'w2': 0.24000000000000002, 'w3': 0.709, 'w4': 0.89, 'w5': 0.399, 'w6': 0.9550000000000001, 'w7': 0.2, 'w8': 0.511, 'max_depth': 10, 'min_child_weight': 2, 'subsample': 0.30000000000000004, 'colsample_bytree': 0.7, 'gamma': 0.8}. Best is trial 620 with value: 0.41707743528659197.
[I 2023-10-21 10:11:34,777] Trial 936 finished with value: 0.34814278022468537 and parameters: {'w0': 0.194, 'w1': 0.921, 'w2': 0.211, 'w3': 0.664, 'w4': 0.612, 'w5': 0.427, 'w6': 0.9540000000000001, 'w7': 0.16, 'w8': 0.536, 'max_depth': 10, 'min_child_weight': 2, 'subsample': 0.30000000000000004, 'colsample_bytree': 0.7, 'gamma': 6.6000000000000005}. Best is trial 620 with value: 0.41707743528659197.
[I 2023-10-21 10:11:49,999] Trial 923 finished with value: 0.4081089784029719 and parameters: {'w0': 0.166, 'w1': 0.504, 'w2': 0.249, 'w3': 0.7040000000000001, 'w4': 0.898, 'w5': 0.40700000000000003, 'w6': 0.9540000000000001, 'w7': 0.201, 'w8': 0.516, 'max_depth': 10, 'min_child_weight': 2, 'subsample': 0.30000000000000004, 'colsample_bytree': 0.7, 'gamma': 0.8}. Best is trial 620 with value: 0.41707743528659197.
[I 2023-10-21 10:13:22,100] Trial 924 finished with value: 0.41007371409508064 and parameters: {'w0': 0.168, 'w1': 0.981, 'w2': 0.202, 'w3': 0.713, 'w4': 0.892, 'w5': 0.402, 'w6': 0.9550000000000001, 'w7': 0.194, 'w8': 0.504, 'max_depth': 10, 'min_child_weight': 2, 'subsample': 0.30000000000000004, 'colsample_bytree': 0.7, 'gamma': 0.8}. Best is trial 620 with value: 0.41707743528659197.
[I 2023-10-21 10:14:14,491] Trial 925 finished with value: 0.4110030376873714 and parameters: {'w0': 0.193, 'w1': 1.0, 'w2': 0.23900000000000002, 'w3': 0.713, 'w4': 0.885, 'w5': 0.425, 'w6': 0.9570000000000001, 'w7': 0.231, 'w8': 0.513, 'max_depth': 10, 'min_child_weight': 2, 'subsample': 0.30000000000000004, 'colsample_bytree': 0.7, 'gamma': 0.8}. Best is trial 620 with value: 0.41707743528659197.
[I 2023-10-21 10:15:02,126] Trial 926 finished with value: 0.41014766838579964 and parameters: {'w0': 0.193, 'w1': 0.522, 'w2': 0.249, 'w3': 0.708, 'w4': 0.9470000000000001, 'w5': 0.402, 'w6': 0.9540000000000001, 'w7': 0.232, 'w8': 0.547, 'max_depth': 10, 'min_child_weight': 2, 'subsample': 0.30000000000000004, 'colsample_bytree': 0.7, 'gamma': 0.8}. Best is trial 620 with value: 0.41707743528659197.
[I 2023-10-21 10:15:52,733] Trial 927 finished with value: 0.4048029992556264 and parameters: {'w0': 0.136, 'w1': 1.0, 'w2': 0.247, 'w3': 0.671, 'w4': 0.897, 'w5': 0.426, 'w6': 0.389, 'w7': 0.226, 'w8': 0.511, 'max_depth': 10, 'min_child_weight': 2, 'subsample': 0.30000000000000004, 'colsample_bytree': 0.7, 'gamma': 1.0}. Best is trial 620 with value: 0.41707743528659197.
[I 2023-10-21 10:16:27,314] Trial 939 finished with value: 0.3718450947504567 and parameters: {'w0': 0.131, 'w1': 0.553, 'w2': 0.2, 'w3': 0.676, 'w4': 0.9520000000000001, 'w5': 0.43, 'w6': 0.926, 'w7': 0.157, 'w8': 0.521, 'max_depth': 10, 'min_child_weight': 2, 'subsample': 0.30000000000000004, 'colsample_bytree': 0.7, 'gamma': 4.0}. Best is trial 620 with value: 0.41707743528659197.
[I 2023-10-21 10:18:13,066] Trial 929 finished with value: 0.40173439575914305 and parameters: {'w0': 0.131, 'w1': 0.916, 'w2': 0.244, 'w3': 0.665, 'w4': 0.894, 'w5': 0.429, 'w6': 0.9540000000000001, 'w7': 0.227, 'w8': 0.523, 'max_depth': 10, 'min_child_weight': 2, 'subsample': 0.30000000000000004, 'colsample_bytree': 0.7, 'gamma': 1.0}. Best is trial 620 with value: 0.41707743528659197.
[I 2023-10-21 10:18:16,084] Trial 928 finished with value: 0.4060666872269779 and parameters: {'w0': 0.134, 'w1': 0.922, 'w2': 0.244, 'w3': 0.679, 'w4': 0.891, 'w5': 0.427, 'w6': 0.9560000000000001, 'w7': 0.23600000000000002, 'w8': 0.526, 'max_depth': 10, 'min_child_weight': 2, 'subsample': 0.30000000000000004, 'colsample_bytree': 0.7, 'gamma': 1.0}. Best is trial 620 with value: 0.41707743528659197.
[I 2023-10-21 10:19:00,102] Trial 931 finished with value: 0.40709965226717504 and parameters: {'w0': 0.134, 'w1': 0.923, 'w2': 0.198, 'w3': 0.674, 'w4': 0.891, 'w5': 0.428, 'w6': 0.9530000000000001, 'w7': 0.202, 'w8': 0.515, 'max_depth': 10, 'min_child_weight': 2, 'subsample': 0.30000000000000004, 'colsample_bytree': 0.7, 'gamma': 1.0}. Best is trial 620 with value: 0.41707743528659197.
[I 2023-10-21 10:19:03,610] Trial 930 finished with value: 0.41314128884183887 and parameters: {'w0': 0.193, 'w1': 1.0, 'w2': 0.255, 'w3': 0.6990000000000001, 'w4': 0.888, 'w5': 0.43, 'w6': 0.9560000000000001, 'w7': 0.233, 'w8': 0.51, 'max_depth': 10, 'min_child_weight': 2, 'subsample': 0.30000000000000004, 'colsample_bytree': 0.7, 'gamma': 1.0}. Best is trial 620 with value: 0.41707743528659197.
[I 2023-10-21 10:20:58,668] Trial 932 finished with value: 0.4111415088540611 and parameters: {'w0': 0.199, 'w1': 0.923, 'w2': 0.20800000000000002, 'w3': 0.663, 'w4': 0.885, 'w5': 0.425, 'w6': 0.9570000000000001, 'w7': 0.202, 'w8': 0.544, 'max_depth': 10, 'min_child_weight': 2, 'subsample': 0.30000000000000004, 'colsample_bytree': 0.7, 'gamma': 1.0}. Best is trial 620 with value: 0.41707743528659197.
[I 2023-10-21 10:21:24,938] Trial 944 finished with value: 0.3515228872262133 and parameters: {'w0': 0.133, 'w1': 0.9390000000000001, 'w2': 0.28500000000000003, 'w3': 0.678, 'w4': 0.9580000000000001, 'w5': 0.452, 'w6': 0.918, 'w7': 0.161, 'w8': 0.446, 'max_depth': 10, 'min_child_weight': 2, 'subsample': 0.30000000000000004, 'colsample_bytree': 0.8, 'gamma': 4.800000000000001}. Best is trial 620 with value: 0.41707743528659197.
[I 2023-10-21 10:24:53,722] Trial 934 finished with value: 0.4063564612385884 and parameters: {'w0': 0.199, 'w1': 0.914, 'w2': 0.20900000000000002, 'w3': 0.678, 'w4': 0.9460000000000001, 'w5': 0.426, 'w6': 0.9540000000000001, 'w7': 0.234, 'w8': 0.524, 'max_depth': 10, 'min_child_weight': 2, 'subsample': 0.30000000000000004, 'colsample_bytree': 0.7, 'gamma': 0.4}. Best is trial 620 with value: 0.41707743528659197.
[I 2023-10-21 10:25:16,376] Trial 935 finished with value: 0.4064253284543643 and parameters: {'w0': 0.133, 'w1': 0.924, 'w2': 0.23900000000000002, 'w3': 0.675, 'w4': 0.9450000000000001, 'w5': 0.42, 'w6': 0.9540000000000001, 'w7': 0.20700000000000002, 'w8': 0.526, 'max_depth': 10, 'min_child_weight': 2, 'subsample': 0.30000000000000004, 'colsample_bytree': 0.7, 'gamma': 0.4}. Best is trial 620 with value: 0.41707743528659197.
[I 2023-10-21 10:26:21,963] Trial 937 finished with value: 0.40872301584621284 and parameters: {'w0': 0.132, 'w1': 0.225, 'w2': 0.14, 'w3': 0.674, 'w4': 0.9490000000000001, 'w5': 0.427, 'w6': 0.9500000000000001, 'w7': 0.20600000000000002, 'w8': 0.5670000000000001, 'max_depth': 10, 'min_child_weight': 2, 'subsample': 0.30000000000000004, 'colsample_bytree': 0.7, 'gamma': 0.4}. Best is trial 620 with value: 0.41707743528659197.
[I 2023-10-21 10:29:28,078] Trial 938 finished with value: 0.4100342427001412 and parameters: {'w0': 0.138, 'w1': 0.918, 'w2': 0.20700000000000002, 'w3': 0.761, 'w4': 0.9550000000000001, 'w5': 0.428, 'w6': 0.928, 'w7': 0.161, 'w8': 0.528, 'max_depth': 10, 'min_child_weight': 2, 'subsample': 0.30000000000000004, 'colsample_bytree': 0.7, 'gamma': 0.4}. Best is trial 620 with value: 0.41707743528659197.
[I 2023-10-21 10:30:15,719] Trial 941 finished with value: 0.4100184092697321 and parameters: {'w0': 0.131, 'w1': 0.223, 'w2': 0.212, 'w3': 0.761, 'w4': 0.9450000000000001, 'w5': 0.454, 'w6': 0.923, 'w7': 0.159, 'w8': 0.557, 'max_depth': 10, 'min_child_weight': 2, 'subsample': 0.30000000000000004, 'colsample_bytree': 0.7, 'gamma': 0.4}. Best is trial 620 with value: 0.41707743528659197.
[I 2023-10-21 10:30:57,907] Trial 940 finished with value: 0.4104456467072288 and parameters: {'w0': 0.133, 'w1': 0.937, 'w2': 0.269, 'w3': 0.757, 'w4': 0.9470000000000001, 'w5': 0.452, 'w6': 0.921, 'w7': 0.156, 'w8': 0.533, 'max_depth': 10, 'min_child_weight': 2, 'subsample': 0.30000000000000004, 'colsample_bytree': 0.7, 'gamma': 0.4}. Best is trial 620 with value: 0.41707743528659197.
[I 2023-10-21 10:32:51,897] Trial 942 finished with value: 0.4111601153956304 and parameters: {'w0': 0.187, 'w1': 0.937, 'w2': 0.28700000000000003, 'w3': 0.761, 'w4': 0.9480000000000001, 'w5': 0.451, 'w6': 0.58, 'w7': 0.154, 'w8': 0.555, 'max_depth': 10, 'min_child_weight': 2, 'subsample': 0.30000000000000004, 'colsample_bytree': 0.7, 'gamma': 0.4}. Best is trial 620 with value: 0.41707743528659197.
[I 2023-10-21 10:32:57,386] Trial 953 finished with value: 0.3841452209630958 and parameters: {'w0': 0.193, 'w1': 0.233, 'w2': 0.222, 'w3': 0.765, 'w4': 0.961, 'w5': 0.456, 'w6': 0.93, 'w7': 0.158, 'w8': 0.45, 'max_depth': 3, 'min_child_weight': 4, 'subsample': 0.30000000000000004, 'colsample_bytree': 0.7, 'gamma': 0.4}. Best is trial 620 with value: 0.41707743528659197.
[I 2023-10-21 10:33:19,360] Trial 943 finished with value: 0.4106014239860736 and parameters: {'w0': 0.132, 'w1': 1.0, 'w2': 0.14, 'w3': 0.757, 'w4': 0.9500000000000001, 'w5': 0.459, 'w6': 0.928, 'w7': 0.154, 'w8': 0.559, 'max_depth': 10, 'min_child_weight': 2, 'subsample': 0.30000000000000004, 'colsample_bytree': 0.7, 'gamma': 0.4}. Best is trial 620 with value: 0.41707743528659197.
[I 2023-10-21 10:34:34,705] Trial 955 finished with value: 0.3823201953594953 and parameters: {'w0': 0.193, 'w1': 0.997, 'w2': 0.278, 'w3': 0.76, 'w4': 0.963, 'w5': 0.457, 'w6': 0.928, 'w7': 0.16, 'w8': 0.47100000000000003, 'max_depth': 3, 'min_child_weight': 4, 'subsample': 0.30000000000000004, 'colsample_bytree': 0.7, 'gamma': 0.4}. Best is trial 620 with value: 0.41707743528659197.
[I 2023-10-21 10:35:01,995] Trial 946 finished with value: 0.40943784871396216 and parameters: {'w0': 0.196, 'w1': 0.936, 'w2': 0.28300000000000003, 'w3': 0.758, 'w4': 0.9420000000000001, 'w5': 0.457, 'w6': 0.918, 'w7': 0.154, 'w8': 0.5670000000000001, 'max_depth': 10, 'min_child_weight': 4, 'subsample': 0.30000000000000004, 'colsample_bytree': 0.8, 'gamma': 0.4}. Best is trial 620 with value: 0.41707743528659197.
[I 2023-10-21 10:35:55,806] Trial 945 finished with value: 0.40443469676300725 and parameters: {'w0': 0.132, 'w1': 0.9420000000000001, 'w2': 0.28800000000000003, 'w3': 0.758, 'w4': 0.961, 'w5': 0.457, 'w6': 0.926, 'w7': 0.149, 'w8': 0.56, 'max_depth': 10, 'min_child_weight': 2, 'subsample': 0.30000000000000004, 'colsample_bytree': 0.8, 'gamma': 0.4}. Best is trial 620 with value: 0.41707743528659197.
[I 2023-10-21 10:37:02,289] Trial 949 finished with value: 0.41444280481658424 and parameters: {'w0': 0.19, 'w1': 0.9410000000000001, 'w2': 0.132, 'w3': 0.76, 'w4': 0.9410000000000001, 'w5': 0.458, 'w6': 0.922, 'w7': 0.14400000000000002, 'w8': 0.5760000000000001, 'max_depth': 10, 'min_child_weight': 4, 'subsample': 0.30000000000000004, 'colsample_bytree': 0.8, 'gamma': 0.4}. Best is trial 620 with value: 0.41707743528659197.
[I 2023-10-21 10:37:24,624] Trial 950 finished with value: 0.4113985476199956 and parameters: {'w0': 0.192, 'w1': 0.963, 'w2': 0.28400000000000003, 'w3': 0.76, 'w4': 0.9570000000000001, 'w5': 0.456, 'w6': 0.927, 'w7': 0.21, 'w8': 0.47700000000000004, 'max_depth': 10, 'min_child_weight': 4, 'subsample': 0.30000000000000004, 'colsample_bytree': 0.7, 'gamma': 0.4}. Best is trial 620 with value: 0.41707743528659197.
[I 2023-10-21 10:37:35,049] Trial 956 finished with value: 0.3765099211753452 and parameters: {'w0': 0.19, 'w1': 0.9600000000000001, 'w2': 0.276, 'w3': 0.798, 'w4': 0.978, 'w5': 0.458, 'w6': 0.931, 'w7': 0.146, 'w8': 0.446, 'max_depth': 3, 'min_child_weight': 4, 'subsample': 0.30000000000000004, 'colsample_bytree': 0.7, 'gamma': 0.0}. Best is trial 620 with value: 0.41707743528659197.
[I 2023-10-21 10:38:01,907] Trial 947 finished with value: 0.4084089342520342 and parameters: {'w0': 0.19, 'w1': 0.9420000000000001, 'w2': 0.135, 'w3': 0.759, 'w4': 0.9460000000000001, 'w5': 0.455, 'w6': 0.919, 'w7': 0.151, 'w8': 0.449, 'max_depth': 10, 'min_child_weight': 2, 'subsample': 0.30000000000000004, 'colsample_bytree': 0.8, 'gamma': 0.4}. Best is trial 620 with value: 0.41707743528659197.
[I 2023-10-21 10:38:12,990] Trial 948 finished with value: 0.40880198628654935 and parameters: {'w0': 0.191, 'w1': 0.9460000000000001, 'w2': 0.28400000000000003, 'w3': 0.757, 'w4': 0.961, 'w5': 0.454, 'w6': 0.34400000000000003, 'w7': 0.155, 'w8': 0.562, 'max_depth': 10, 'min_child_weight': 2, 'subsample': 0.30000000000000004, 'colsample_bytree': 0.8, 'gamma': 0.4}. Best is trial 620 with value: 0.41707743528659197.
[I 2023-10-21 10:39:08,430] Trial 951 finished with value: 0.4110732126607732 and parameters: {'w0': 0.194, 'w1': 0.999, 'w2': 0.216, 'w3': 0.76, 'w4': 0.964, 'w5': 0.457, 'w6': 0.925, 'w7': 0.158, 'w8': 0.441, 'max_depth': 10, 'min_child_weight': 4, 'subsample': 0.30000000000000004, 'colsample_bytree': 0.7, 'gamma': 0.4}. Best is trial 620 with value: 0.41707743528659197.
[I 2023-10-21 10:39:31,849] Trial 952 finished with value: 0.4101287949880339 and parameters: {'w0': 0.191, 'w1': 1.0, 'w2': 0.217, 'w3': 0.76, 'w4': 0.9400000000000001, 'w5': 0.45, 'w6': 0.924, 'w7': 0.212, 'w8': 0.467, 'max_depth': 10, 'min_child_weight': 4, 'subsample': 0.30000000000000004, 'colsample_bytree': 0.7, 'gamma': 0.4}. Best is trial 620 with value: 0.41707743528659197.
[I 2023-10-21 10:43:27,451] Trial 954 finished with value: 0.41079563773546257 and parameters: {'w0': 0.193, 'w1': 0.999, 'w2': 0.266, 'w3': 0.762, 'w4': 0.965, 'w5': 0.452, 'w6': 0.9380000000000001, 'w7': 0.158, 'w8': 0.458, 'max_depth': 10, 'min_child_weight': 4, 'subsample': 0.30000000000000004, 'colsample_bytree': 0.7, 'gamma': 0.4}. Best is trial 620 with value: 0.41707743528659197.
[I 2023-10-21 10:48:38,968] Trial 957 finished with value: 0.4105622414257877 and parameters: {'w0': 0.188, 'w1': 0.963, 'w2': 0.276, 'w3': 0.801, 'w4': 0.98, 'w5': 0.459, 'w6': 0.925, 'w7': 0.14300000000000002, 'w8': 0.5660000000000001, 'max_depth': 10, 'min_child_weight': 4, 'subsample': 0.30000000000000004, 'colsample_bytree': 0.7, 'gamma': 0.0}. Best is trial 620 with value: 0.41707743528659197.
[I 2023-10-21 10:49:05,750] Trial 958 finished with value: 0.4094190003654625 and parameters: {'w0': 0.193, 'w1': 1.0, 'w2': 0.224, 'w3': 0.797, 'w4': 0.982, 'w5': 0.452, 'w6': 0.922, 'w7': 0.14500000000000002, 'w8': 0.444, 'max_depth': 10, 'min_child_weight': 4, 'subsample': 0.30000000000000004, 'colsample_bytree': 0.7, 'gamma': 0.0}. Best is trial 620 with value: 0.41707743528659197.
[I 2023-10-21 10:50:55,172] Trial 959 finished with value: 0.40774284463553057 and parameters: {'w0': 0.193, 'w1': 0.404, 'w2': 0.273, 'w3': 0.801, 'w4': 0.963, 'w5': 0.459, 'w6': 0.926, 'w7': 0.212, 'w8': 0.46, 'max_depth': 10, 'min_child_weight': 4, 'subsample': 0.30000000000000004, 'colsample_bytree': 0.7, 'gamma': 0.0}. Best is trial 620 with value: 0.41707743528659197.
[I 2023-10-21 10:51:08,558] Trial 961 finished with value: 0.40509757652271605 and parameters: {'w0': 0.19, 'w1': 0.963, 'w2': 0.27, 'w3': 0.804, 'w4': 0.974, 'w5': 0.305, 'w6': 0.332, 'w7': 0.194, 'w8': 0.47700000000000004, 'max_depth': 10, 'min_child_weight': 4, 'subsample': 0.30000000000000004, 'colsample_bytree': 0.7, 'gamma': 0.0}. Best is trial 620 with value: 0.41707743528659197.
[I 2023-10-21 10:51:12,441] Trial 960 finished with value: 0.4084282876536213 and parameters: {'w0': 0.199, 'w1': 0.964, 'w2': 0.278, 'w3': 0.798, 'w4': 0.983, 'w5': 0.303, 'w6': 0.926, 'w7': 0.14100000000000001, 'w8': 0.581, 'max_depth': 10, 'min_child_weight': 4, 'subsample': 0.30000000000000004, 'colsample_bytree': 0.7, 'gamma': 0.0}. Best is trial 620 with value: 0.41707743528659197.
[I 2023-10-21 10:53:05,552] Trial 962 finished with value: 0.4082703944845893 and parameters: {'w0': 0.195, 'w1': 0.962, 'w2': 0.27, 'w3': 0.797, 'w4': 0.983, 'w5': 0.47300000000000003, 'w6': 0.71, 'w7': 0.211, 'w8': 0.46900000000000003, 'max_depth': 10, 'min_child_weight': 4, 'subsample': 0.30000000000000004, 'colsample_bytree': 0.7, 'gamma': 0.0}. Best is trial 620 with value: 0.41707743528659197.
[I 2023-10-21 10:53:19,906] Trial 964 finished with value: 0.40311757423118355 and parameters: {'w0': 0.232, 'w1': 0.962, 'w2': 0.264, 'w3': 0.799, 'w4': 0.982, 'w5': 0.47000000000000003, 'w6': 0.972, 'w7': 0.19, 'w8': 0.34800000000000003, 'max_depth': 10, 'min_child_weight': 4, 'subsample': 0.2, 'colsample_bytree': 0.7, 'gamma': 0.0}. Best is trial 620 with value: 0.41707743528659197.
[I 2023-10-21 10:53:29,279] Trial 969 finished with value: 0.37760532078494047 and parameters: {'w0': 0.062, 'w1': 0.116, 'w2': 0.179, 'w3': 0.798, 'w4': 0.984, 'w5': 0.306, 'w6': 0.973, 'w7': 0.135, 'w8': 0.578, 'max_depth': 10, 'min_child_weight': 4, 'subsample': 0.2, 'colsample_bytree': 0.7, 'gamma': 0.0}. Best is trial 620 with value: 0.41707743528659197.
[I 2023-10-21 10:54:57,979] Trial 965 finished with value: 0.4149284847592611 and parameters: {'w0': 0.23700000000000002, 'w1': 1.0, 'w2': 0.137, 'w3': 0.799, 'w4': 0.98, 'w5': 0.5, 'w6': 0.975, 'w7': 0.135, 'w8': 0.589, 'max_depth': 10, 'min_child_weight': 4, 'subsample': 0.30000000000000004, 'colsample_bytree': 0.6000000000000001, 'gamma': 0.0}. Best is trial 620 with value: 0.41707743528659197.
[I 2023-10-21 10:55:28,580] Trial 963 finished with value: 0.4043133767455018 and parameters: {'w0': 0.232, 'w1': 0.962, 'w2': 0.272, 'w3': 0.733, 'w4': 0.988, 'w5': 0.47300000000000003, 'w6': 0.972, 'w7': 0.211, 'w8': 0.483, 'max_depth': 10, 'min_child_weight': 2, 'subsample': 0.30000000000000004, 'colsample_bytree': 0.6000000000000001, 'gamma': 0.0}. Best is trial 620 with value: 0.41707743528659197.
