[I 2023-10-19 07:42:41,564] Trial 1582 finished with value: 0.4947673808153418 and parameters: {'w0': 0.14500000000000002, 'w1': 0.892, 'w2': 0.08600000000000001, 'w3': 0.251, 'w4': 0.776, 'w5': 0.9470000000000001, 'w6': 0.534, 'w7': 0.113, 'w8': 0.875, 'max_depth': 9, 'min_child_weight': 18, 'subsample': 0.9000000000000001, 'colsample_bytree': 0.6000000000000001, 'gamma': 3.4000000000000004}. Best is trial 1334 with value: 0.5442704750798081.
[I 2023-10-19 07:44:53,617] Trial 1575 finished with value: 0.5394006843435446 and parameters: {'w0': 0.138, 'w1': 0.985, 'w2': 0.14300000000000002, 'w3': 0.25, 'w4': 0.772, 'w5': 0.9520000000000001, 'w6': 0.521, 'w7': 0.112, 'w8': 0.801, 'max_depth': 9, 'min_child_weight': 18, 'subsample': 0.8, 'colsample_bytree': 0.6000000000000001, 'gamma': 0.2}. Best is trial 1334 with value: 0.5442704750798081.
[I 2023-10-19 07:45:29,023] Trial 1576 finished with value: 0.5362834958121886 and parameters: {'w0': 0.154, 'w1': 0.899, 'w2': 0.08600000000000001, 'w3': 0.252, 'w4': 0.77, 'w5': 0.889, 'w6': 0.539, 'w7': 0.112, 'w8': 0.798, 'max_depth': 9, 'min_child_weight': 18, 'subsample': 0.9000000000000001, 'colsample_bytree': 0.6000000000000001, 'gamma': 0.2}. Best is trial 1334 with value: 0.5442704750798081.
[I 2023-10-19 07:47:42,686] Trial 1577 finished with value: 0.5222824716911811 and parameters: {'w0': 0.147, 'w1': 0.894, 'w2': 0.074, 'w3': 0.248, 'w4': 0.767, 'w5': 0.28, 'w6': 0.52, 'w7': 0.115, 'w8': 0.802, 'max_depth': 9, 'min_child_weight': 18, 'subsample': 0.9000000000000001, 'colsample_bytree': 0.6000000000000001, 'gamma': 0.2}. Best is trial 1334 with value: 0.5442704750798081.
[I 2023-10-19 07:51:32,078] Trial 1579 finished with value: 0.5289583073833466 and parameters: {'w0': 0.14400000000000002, 'w1': 0.926, 'w2': 0.08, 'w3': 0.246, 'w4': 0.775, 'w5': 0.9550000000000001, 'w6': 0.536, 'w7': 0.113, 'w8': 0.879, 'max_depth': 9, 'min_child_weight': 18, 'subsample': 0.9000000000000001, 'colsample_bytree': 0.6000000000000001, 'gamma': 0.2}. Best is trial 1334 with value: 0.5442704750798081.
[I 2023-10-19 07:51:39,935] Trial 1578 finished with value: 0.5204343372689101 and parameters: {'w0': 0.47200000000000003, 'w1': 0.894, 'w2': 0.08800000000000001, 'w3': 0.251, 'w4': 0.773, 'w5': 0.886, 'w6': 0.536, 'w7': 0.11, 'w8': 0.883, 'max_depth': 9, 'min_child_weight': 18, 'subsample': 0.9000000000000001, 'colsample_bytree': 0.6000000000000001, 'gamma': 0.2}. Best is trial 1334 with value: 0.5442704750798081.
[I 2023-10-19 07:52:13,802] Trial 1580 finished with value: 0.5381329081259573 and parameters: {'w0': 0.14400000000000002, 'w1': 0.895, 'w2': 0.117, 'w3': 0.252, 'w4': 0.773, 'w5': 0.9510000000000001, 'w6': 0.538, 'w7': 0.113, 'w8': 0.876, 'max_depth': 9, 'min_child_weight': 18, 'subsample': 0.9000000000000001, 'colsample_bytree': 0.6000000000000001, 'gamma': 0.2}. Best is trial 1334 with value: 0.5442704750798081.
[I 2023-10-19 07:53:54,027] Trial 1595 finished with value: 0.4815652588457384 and parameters: {'w0': 0.182, 'w1': 0.93, 'w2': 0.11900000000000001, 'w3': 0.35000000000000003, 'w4': 0.9550000000000001, 'w5': 0.889, 'w6': 0.547, 'w7': 0.058, 'w8': 0.8280000000000001, 'max_depth': 9, 'min_child_weight': 18, 'subsample': 0.9000000000000001, 'colsample_bytree': 0.6000000000000001, 'gamma': 5.4}. Best is trial 1334 with value: 0.5442704750798081.
[I 2023-10-19 07:54:21,818] Trial 1583 finished with value: 0.5174071063535728 and parameters: {'w0': 0.14, 'w1': 0.9, 'w2': 0.551, 'w3': 0.249, 'w4': 0.78, 'w5': 0.9450000000000001, 'w6': 0.526, 'w7': 0.111, 'w8': 0.884, 'max_depth': 9, 'min_child_weight': 18, 'subsample': 0.9000000000000001, 'colsample_bytree': 0.6000000000000001, 'gamma': 0.0}. Best is trial 1334 with value: 0.5442704750798081.
[I 2023-10-19 07:55:33,600] Trial 1584 finished with value: 0.526306122264892 and parameters: {'w0': 0.149, 'w1': 0.925, 'w2': 0.081, 'w3': 0.246, 'w4': 0.782, 'w5': 0.28300000000000003, 'w6': 0.535, 'w7': 0.068, 'w8': 0.679, 'max_depth': 9, 'min_child_weight': 18, 'subsample': 0.9000000000000001, 'colsample_bytree': 0.6000000000000001, 'gamma': 0.0}. Best is trial 1334 with value: 0.5442704750798081.
[I 2023-10-19 07:57:06,754] Trial 1585 finished with value: 0.5356584679440765 and parameters: {'w0': 0.14300000000000002, 'w1': 0.891, 'w2': 0.121, 'w3': 0.245, 'w4': 0.782, 'w5': 0.9520000000000001, 'w6': 0.535, 'w7': 0.068, 'w8': 0.812, 'max_depth': 9, 'min_child_weight': 18, 'subsample': 0.9000000000000001, 'colsample_bytree': 0.6000000000000001, 'gamma': 0.0}. Best is trial 1334 with value: 0.5442704750798081.
[I 2023-10-19 07:57:49,964] Trial 1587 finished with value: 0.5364411981025873 and parameters: {'w0': 0.146, 'w1': 0.89, 'w2': 0.082, 'w3': 0.23900000000000002, 'w4': 0.786, 'w5': 0.889, 'w6': 0.525, 'w7': 0.059000000000000004, 'w8': 0.8250000000000001, 'max_depth': 9, 'min_child_weight': 18, 'subsample': 0.9000000000000001, 'colsample_bytree': 0.6000000000000001, 'gamma': 0.2}. Best is trial 1334 with value: 0.5442704750798081.
[I 2023-10-19 07:58:06,374] Trial 1586 finished with value: 0.5313550383582937 and parameters: {'w0': 0.14300000000000002, 'w1': 0.927, 'w2': 0.14, 'w3': 0.247, 'w4': 0.78, 'w5': 0.887, 'w6': 0.535, 'w7': 0.063, 'w8': 0.882, 'max_depth': 9, 'min_child_weight': 18, 'subsample': 0.9000000000000001, 'colsample_bytree': 0.6000000000000001, 'gamma': 0.0}. Best is trial 1334 with value: 0.5442704750798081.
[I 2023-10-19 07:59:02,873] Trial 1589 finished with value: 0.5371607436515403 and parameters: {'w0': 0.188, 'w1': 0.895, 'w2': 0.077, 'w3': 0.23500000000000001, 'w4': 0.789, 'w5': 0.888, 'w6': 0.529, 'w7': 0.063, 'w8': 0.882, 'max_depth': 9, 'min_child_weight': 18, 'subsample': 0.9000000000000001, 'colsample_bytree': 0.6000000000000001, 'gamma': 0.0}. Best is trial 1334 with value: 0.5442704750798081.
[I 2023-10-19 07:59:03,831] Trial 1591 finished with value: 0.5356670660461215 and parameters: {'w0': 0.188, 'w1': 0.888, 'w2': 0.07, 'w3': 0.23600000000000002, 'w4': 0.792, 'w5': 0.882, 'w6': 0.543, 'w7': 0.057, 'w8': 0.8300000000000001, 'max_depth': 9, 'min_child_weight': 18, 'subsample': 0.9000000000000001, 'colsample_bytree': 0.6000000000000001, 'gamma': 0.0}. Best is trial 1334 with value: 0.5442704750798081.
[I 2023-10-19 07:59:04,222] Trial 1588 finished with value: 0.52023163142862 and parameters: {'w0': 0.14100000000000001, 'w1': 0.89, 'w2': 0.257, 'w3': 0.23500000000000001, 'w4': 0.788, 'w5': 0.889, 'w6': 0.537, 'w7': 0.062, 'w8': 0.878, 'max_depth': 9, 'min_child_weight': 18, 'subsample': 0.9000000000000001, 'colsample_bytree': 0.6000000000000001, 'gamma': 0.0}. Best is trial 1334 with value: 0.5442704750798081.
[I 2023-10-19 07:59:14,786] Trial 1590 finished with value: 0.5351705026752129 and parameters: {'w0': 0.188, 'w1': 0.891, 'w2': 0.083, 'w3': 0.23500000000000001, 'w4': 0.78, 'w5': 0.937, 'w6': 0.537, 'w7': 0.058, 'w8': 0.8280000000000001, 'max_depth': 9, 'min_child_weight': 18, 'subsample': 0.9000000000000001, 'colsample_bytree': 0.6000000000000001, 'gamma': 0.0}. Best is trial 1334 with value: 0.5442704750798081.
[I 2023-10-19 08:01:35,770] Trial 1592 finished with value: 0.4818595368874873 and parameters: {'w0': 0.188, 'w1': 0.927, 'w2': 0.082, 'w3': 0.34600000000000003, 'w4': 0.791, 'w5': 0.934, 'w6': 0.547, 'w7': 0.585, 'w8': 0.8240000000000001, 'max_depth': 9, 'min_child_weight': 18, 'subsample': 0.9000000000000001, 'colsample_bytree': 0.6000000000000001, 'gamma': 0.0}. Best is trial 1334 with value: 0.5442704750798081.
[I 2023-10-19 08:02:27,493] Trial 1593 finished with value: 0.5385069332300387 and parameters: {'w0': 0.188, 'w1': 0.927, 'w2': 0.081, 'w3': 0.291, 'w4': 0.792, 'w5': 0.889, 'w6': 0.542, 'w7': 0.068, 'w8': 0.8250000000000001, 'max_depth': 9, 'min_child_weight': 18, 'subsample': 0.9000000000000001, 'colsample_bytree': 0.6000000000000001, 'gamma': 0.0}. Best is trial 1334 with value: 0.5442704750798081.
[I 2023-10-19 08:02:48,591] Trial 1597 finished with value: 0.46043596218729516 and parameters: {'w0': 0.181, 'w1': 0.93, 'w2': 0.125, 'w3': 0.29, 'w4': 0.797, 'w5': 0.886, 'w6': 0.491, 'w7': 0.729, 'w8': 0.8290000000000001, 'max_depth': 4, 'min_child_weight': 18, 'subsample': 0.9000000000000001, 'colsample_bytree': 0.6000000000000001, 'gamma': 0.0}. Best is trial 1334 with value: 0.5442704750798081.
[I 2023-10-19 08:03:16,607] Trial 1594 finished with value: 0.5335684614120383 and parameters: {'w0': 0.186, 'w1': 0.928, 'w2': 0.12000000000000001, 'w3': 0.28600000000000003, 'w4': 0.787, 'w5': 0.896, 'w6': 0.544, 'w7': 0.067, 'w8': 0.8280000000000001, 'max_depth': 9, 'min_child_weight': 18, 'subsample': 0.9000000000000001, 'colsample_bytree': 0.6000000000000001, 'gamma': 0.0}. Best is trial 1334 with value: 0.5442704750798081.
[I 2023-10-19 08:04:11,462] Trial 1603 finished with value: 0.48971439077534396 and parameters: {'w0': 0.189, 'w1': 0.922, 'w2': 0.159, 'w3': 0.28800000000000003, 'w4': 0.795, 'w5': 0.928, 'w6': 0.487, 'w7': 0.083, 'w8': 0.8240000000000001, 'max_depth': 9, 'min_child_weight': 18, 'subsample': 0.9000000000000001, 'colsample_bytree': 0.6000000000000001, 'gamma': 4.6000000000000005}. Best is trial 1334 with value: 0.5442704750798081.
[I 2023-10-19 08:04:30,225] Trial 1604 finished with value: 0.49027853726576276 and parameters: {'w0': 0.183, 'w1': 0.932, 'w2': 0.163, 'w3': 0.293, 'w4': 0.793, 'w5': 0.931, 'w6': 0.485, 'w7': 0.085, 'w8': 0.8290000000000001, 'max_depth': 9, 'min_child_weight': 18, 'subsample': 0.9000000000000001, 'colsample_bytree': 0.6000000000000001, 'gamma': 4.6000000000000005}. Best is trial 1334 with value: 0.5442704750798081.
[I 2023-10-19 08:05:37,785] Trial 1600 finished with value: 0.5260526767688898 and parameters: {'w0': 0.185, 'w1': 0.935, 'w2': 0.114, 'w3': 0.29, 'w4': 0.796, 'w5': 0.93, 'w6': 0.487, 'w7': 0.067, 'w8': 0.8220000000000001, 'max_depth': 4, 'min_child_weight': 18, 'subsample': 0.9000000000000001, 'colsample_bytree': 0.6000000000000001, 'gamma': 0.0}. Best is trial 1334 with value: 0.5442704750798081.
[I 2023-10-19 08:09:18,661] Trial 1596 finished with value: 0.5321979776060254 and parameters: {'w0': 0.188, 'w1': 0.929, 'w2': 0.11800000000000001, 'w3': 0.35200000000000004, 'w4': 0.794, 'w5': 0.897, 'w6': 0.55, 'w7': 0.07200000000000001, 'w8': 0.8240000000000001, 'max_depth': 9, 'min_child_weight': 18, 'subsample': 0.9000000000000001, 'colsample_bytree': 0.6000000000000001, 'gamma': 0.0}. Best is trial 1334 with value: 0.5442704750798081.
[I 2023-10-19 08:09:20,310] Trial 1598 finished with value: 0.5293765566417175 and parameters: {'w0': 0.187, 'w1': 0.928, 'w2': 0.11900000000000001, 'w3': 0.28500000000000003, 'w4': 0.787, 'w5': 0.436, 'w6': 0.486, 'w7': 0.061, 'w8': 0.8270000000000001, 'max_depth': 9, 'min_child_weight': 18, 'subsample': 0.9000000000000001, 'colsample_bytree': 0.6000000000000001, 'gamma': 0.0}. Best is trial 1334 with value: 0.5442704750798081.
[I 2023-10-19 08:10:42,580] Trial 1607 finished with value: 0.4952643606463868 and parameters: {'w0': 0.17600000000000002, 'w1': 0.084, 'w2': 0.16, 'w3': 0.28900000000000003, 'w4': 0.924, 'w5': 0.91, 'w6': 0.5680000000000001, 'w7': 0.082, 'w8': 0.8320000000000001, 'max_depth': 9, 'min_child_weight': 18, 'subsample': 0.9000000000000001, 'colsample_bytree': 0.6000000000000001, 'gamma': 0.6000000000000001}. Best is trial 1334 with value: 0.5442704750798081.
[I 2023-10-19 08:10:49,042] Trial 1599 finished with value: 0.5088779696319239 and parameters: {'w0': 0.31, 'w1': 0.928, 'w2': 0.117, 'w3': 0.28200000000000003, 'w4': 0.792, 'w5': 0.929, 'w6': 0.07100000000000001, 'w7': 0.085, 'w8': 0.834, 'max_depth': 9, 'min_child_weight': 18, 'subsample': 0.9000000000000001, 'colsample_bytree': 0.6000000000000001, 'gamma': 0.0}. Best is trial 1334 with value: 0.5442704750798081.
[I 2023-10-19 08:11:52,851] Trial 1605 finished with value: 0.536983710598672 and parameters: {'w0': 0.186, 'w1': 0.926, 'w2': 0.117, 'w3': 0.292, 'w4': 0.737, 'w5': 0.933, 'w6': 0.484, 'w7': 0.08700000000000001, 'w8': 0.8250000000000001, 'max_depth': 9, 'min_child_weight': 18, 'subsample': 0.9000000000000001, 'colsample_bytree': 0.6000000000000001, 'gamma': 0.6000000000000001}. Best is trial 1334 with value: 0.5442704750798081.
[I 2023-10-19 08:11:53,723] Trial 1606 finished with value: 0.5248213361846494 and parameters: {'w0': 0.186, 'w1': 0.929, 'w2': 0.159, 'w3': 0.28400000000000003, 'w4': 0.742, 'w5': 0.907, 'w6': 0.486, 'w7': 0.08600000000000001, 'w8': 0.8300000000000001, 'max_depth': 9, 'min_child_weight': 18, 'subsample': 0.9000000000000001, 'colsample_bytree': 0.6000000000000001, 'gamma': 0.6000000000000001}. Best is trial 1334 with value: 0.5442704750798081.
[I 2023-10-19 08:12:21,971] Trial 1608 finished with value: 0.5333487269102477 and parameters: {'w0': 0.17300000000000001, 'w1': 0.9520000000000001, 'w2': 0.123, 'w3': 0.28700000000000003, 'w4': 0.915, 'w5': 0.927, 'w6': 0.494, 'w7': 0.08800000000000001, 'w8': 0.8330000000000001, 'max_depth': 9, 'min_child_weight': 18, 'subsample': 0.9000000000000001, 'colsample_bytree': 0.6000000000000001, 'gamma': 0.6000000000000001}. Best is trial 1334 with value: 0.5442704750798081.
[I 2023-10-19 08:13:22,502] Trial 1601 finished with value: 0.5366093652331609 and parameters: {'w0': 0.192, 'w1': 0.931, 'w2': 0.11900000000000001, 'w3': 0.228, 'w4': 0.795, 'w5': 0.905, 'w6': 0.5640000000000001, 'w7': 0.09, 'w8': 0.8290000000000001, 'max_depth': 9, 'min_child_weight': 18, 'subsample': 0.9000000000000001, 'colsample_bytree': 0.6000000000000001, 'gamma': 0.0}. Best is trial 1334 with value: 0.5442704750798081.
[I 2023-10-19 08:14:43,419] Trial 1602 finished with value: 0.5309390770687957 and parameters: {'w0': 0.184, 'w1': 0.931, 'w2': 0.163, 'w3': 0.28700000000000003, 'w4': 0.92, 'w5': 0.927, 'w6': 0.484, 'w7': 0.08, 'w8': 0.889, 'max_depth': 9, 'min_child_weight': 18, 'subsample': 0.9000000000000001, 'colsample_bytree': 0.6000000000000001, 'gamma': 0.0}. Best is trial 1334 with value: 0.5442704750798081.
[I 2023-10-19 08:15:35,027] Trial 1610 finished with value: 0.526335302788723 and parameters: {'w0': 0.17, 'w1': 0.9560000000000001, 'w2': 0.157, 'w3': 0.29, 'w4': 0.916, 'w5': 0.91, 'w6': 0.495, 'w7': 0.09, 'w8': 0.867, 'max_depth': 9, 'min_child_weight': 18, 'subsample': 0.9000000000000001, 'colsample_bytree': 0.6000000000000001, 'gamma': 0.6000000000000001}. Best is trial 1334 with value: 0.5442704750798081.
[I 2023-10-19 08:16:37,708] Trial 1611 finished with value: 0.519988411957843 and parameters: {'w0': 0.305, 'w1': 0.9450000000000001, 'w2': 0.163, 'w3': 0.28400000000000003, 'w4': 0.738, 'w5': 0.925, 'w6': 0.666, 'w7': 0.084, 'w8': 0.864, 'max_depth': 9, 'min_child_weight': 18, 'subsample': 0.9000000000000001, 'colsample_bytree': 0.6000000000000001, 'gamma': 0.6000000000000001}. Best is trial 1334 with value: 0.5442704750798081.
[I 2023-10-19 08:16:56,478] Trial 1612 finished with value: 0.5276400980075476 and parameters: {'w0': 0.166, 'w1': 0.9530000000000001, 'w2': 0.151, 'w3': 0.28400000000000003, 'w4': 0.736, 'w5': 0.927, 'w6': 0.8300000000000001, 'w7': 0.091, 'w8': 0.87, 'max_depth': 9, 'min_child_weight': 18, 'subsample': 0.9000000000000001, 'colsample_bytree': 0.6000000000000001, 'gamma': 0.6000000000000001}. Best is trial 1334 with value: 0.5442704750798081.
[I 2023-10-19 08:17:20,655] Trial 1613 finished with value: 0.5294794658494033 and parameters: {'w0': 0.165, 'w1': 0.9510000000000001, 'w2': 0.163, 'w3': 0.28300000000000003, 'w4': 0.737, 'w5': 0.907, 'w6': 0.483, 'w7': 0.08700000000000001, 'w8': 0.862, 'max_depth': 9, 'min_child_weight': 18, 'subsample': 0.9000000000000001, 'colsample_bytree': 0.6000000000000001, 'gamma': 0.6000000000000001}. Best is trial 1334 with value: 0.5442704750798081.
[I 2023-10-19 08:18:12,017] Trial 1614 finished with value: 0.5211884790937176 and parameters: {'w0': 0.314, 'w1': 0.9560000000000001, 'w2': 0.158, 'w3': 0.225, 'w4': 0.733, 'w5': 0.909, 'w6': 0.489, 'w7': 0.092, 'w8': 0.857, 'max_depth': 9, 'min_child_weight': 18, 'subsample': 0.9000000000000001, 'colsample_bytree': 0.6000000000000001, 'gamma': 0.6000000000000001}. Best is trial 1334 with value: 0.5442704750798081.
[I 2023-10-19 08:18:57,724] Trial 1609 finished with value: 0.4675049679416645 and parameters: {'w0': 0.17500000000000002, 'w1': 0.9530000000000001, 'w2': 0.156, 'w3': 0.28900000000000003, 'w4': 0.74, 'w5': 0.908, 'w6': 0.489, 'w7': 0.871, 'w8': 0.834, 'max_depth': 9, 'min_child_weight': 18, 'subsample': 0.9000000000000001, 'colsample_bytree': 0.6000000000000001, 'gamma': 0.6000000000000001}. Best is trial 1334 with value: 0.5442704750798081.
[I 2023-10-19 08:19:29,151] Trial 1615 finished with value: 0.5239046644062905 and parameters: {'w0': 0.276, 'w1': 0.9510000000000001, 'w2': 0.157, 'w3': 0.226, 'w4': 0.741, 'w5': 0.908, 'w6': 0.669, 'w7': 0.08700000000000001, 'w8': 0.87, 'max_depth': 9, 'min_child_weight': 18, 'subsample': 0.9000000000000001, 'colsample_bytree': 0.6000000000000001, 'gamma': 0.6000000000000001}. Best is trial 1334 with value: 0.5442704750798081.
[I 2023-10-19 08:22:37,978] Trial 1616 finished with value: 0.5274961339513269 and parameters: {'w0': 0.17400000000000002, 'w1': 0.9550000000000001, 'w2': 0.159, 'w3': 0.226, 'w4': 0.745, 'w5': 0.911, 'w6': 0.5680000000000001, 'w7': 0.08800000000000001, 'w8': 0.858, 'max_depth': 9, 'min_child_weight': 18, 'subsample': 0.9000000000000001, 'colsample_bytree': 0.6000000000000001, 'gamma': 0.6000000000000001}. Best is trial 1334 with value: 0.5442704750798081.
[I 2023-10-19 08:23:03,791] Trial 1617 finished with value: 0.5245340530773028 and parameters: {'w0': 0.162, 'w1': 0.9580000000000001, 'w2': 0.155, 'w3': 0.23, 'w4': 0.736, 'w5': 0.919, 'w6': 0.837, 'w7': 0.083, 'w8': 0.863, 'max_depth': 9, 'min_child_weight': 18, 'subsample': 0.9000000000000001, 'colsample_bytree': 0.6000000000000001, 'gamma': 0.6000000000000001}. Best is trial 1334 with value: 0.5442704750798081.
[I 2023-10-19 08:24:14,689] Trial 1619 finished with value: 0.5352309662852697 and parameters: {'w0': 0.166, 'w1': 0.9500000000000001, 'w2': 0.14200000000000002, 'w3': 0.225, 'w4': 0.737, 'w5': 0.932, 'w6': 0.588, 'w7': 0.093, 'w8': 0.863, 'max_depth': 9, 'min_child_weight': 18, 'subsample': 0.9000000000000001, 'colsample_bytree': 0.6000000000000001, 'gamma': 0.6000000000000001}. Best is trial 1334 with value: 0.5442704750798081.
[I 2023-10-19 08:25:01,785] Trial 1618 finished with value: 0.5210273377362663 and parameters: {'w0': 0.303, 'w1': 0.9520000000000001, 'w2': 0.157, 'w3': 0.225, 'w4': 0.743, 'w5': 0.908, 'w6': 0.838, 'w7': 0.089, 'w8': 0.863, 'max_depth': 9, 'min_child_weight': 18, 'subsample': 0.9000000000000001, 'colsample_bytree': 0.6000000000000001, 'gamma': 0.6000000000000001}. Best is trial 1334 with value: 0.5442704750798081.
[I 2023-10-19 08:25:49,524] Trial 1622 finished with value: 0.5418549053803416 and parameters: {'w0': 0.164, 'w1': 0.9500000000000001, 'w2': 0.14500000000000002, 'w3': 0.318, 'w4': 0.746, 'w5': 0.917, 'w6': 0.495, 'w7': 0.132, 'w8': 0.86, 'max_depth': 9, 'min_child_weight': 18, 'subsample': 0.9000000000000001, 'colsample_bytree': 0.6000000000000001, 'gamma': 0.6000000000000001}. Best is trial 1334 with value: 0.5442704750798081.
[I 2023-10-19 08:25:52,467] Trial 1621 finished with value: 0.5337617059630808 and parameters: {'w0': 0.165, 'w1': 0.9520000000000001, 'w2': 0.157, 'w3': 0.22, 'w4': 0.745, 'w5': 0.999, 'w6': 0.837, 'w7': 0.128, 'w8': 0.865, 'max_depth': 9, 'min_child_weight': 18, 'subsample': 0.9000000000000001, 'colsample_bytree': 0.6000000000000001, 'gamma': 0.6000000000000001}. Best is trial 1334 with value: 0.5442704750798081.
[I 2023-10-19 08:27:58,431] Trial 1620 finished with value: 0.5060582478439877 and parameters: {'w0': 0.162, 'w1': 0.9480000000000001, 'w2': 0.902, 'w3': 0.226, 'w4': 0.744, 'w5': 0.906, 'w6': 0.501, 'w7': 0.091, 'w8': 0.862, 'max_depth': 9, 'min_child_weight': 18, 'subsample': 0.9000000000000001, 'colsample_bytree': 0.6000000000000001, 'gamma': 0.6000000000000001}. Best is trial 1334 with value: 0.5442704750798081.
[I 2023-10-19 08:28:25,516] Trial 1624 finished with value: 0.5406426247823427 and parameters: {'w0': 0.155, 'w1': 0.9550000000000001, 'w2': 0.14, 'w3': 0.224, 'w4': 0.739, 'w5': 0.9580000000000001, 'w6': 0.582, 'w7': 0.135, 'w8': 0.866, 'max_depth': 9, 'min_child_weight': 18, 'subsample': 0.9000000000000001, 'colsample_bytree': 0.6000000000000001, 'gamma': 0.6000000000000001}. Best is trial 1334 with value: 0.5442704750798081.
[I 2023-10-19 08:28:30,794] Trial 1623 finished with value: 0.5231586491349828 and parameters: {'w0': 0.555, 'w1': 0.9540000000000001, 'w2': 0.158, 'w3': 0.221, 'w4': 0.748, 'w5': 0.961, 'w6': 0.561, 'w7': 0.132, 'w8': 0.864, 'max_depth': 9, 'min_child_weight': 18, 'subsample': 0.9000000000000001, 'colsample_bytree': 0.6000000000000001, 'gamma': 0.6000000000000001}. Best is trial 1334 with value: 0.5442704750798081.
[I 2023-10-19 08:29:49,635] Trial 1625 finished with value: 0.5359202651621314 and parameters: {'w0': 0.279, 'w1': 0.9550000000000001, 'w2': 0.14, 'w3': 0.225, 'w4': 0.851, 'w5': 0.9470000000000001, 'w6': 0.834, 'w7': 0.13, 'w8': 0.861, 'max_depth': 9, 'min_child_weight': 18, 'subsample': 0.9000000000000001, 'colsample_bytree': 0.6000000000000001, 'gamma': 0.6000000000000001}. Best is trial 1334 with value: 0.5442704750798081.
[I 2023-10-19 08:30:49,350] Trial 1626 finished with value: 0.5142138120180154 and parameters: {'w0': 0.161, 'w1': 0.9570000000000001, 'w2': 0.139, 'w3': 0.221, 'w4': 0.746, 'w5': 0.9510000000000001, 'w6': 0.5760000000000001, 'w7': 0.233, 'w8': 0.626, 'max_depth': 9, 'min_child_weight': 18, 'subsample': 0.9000000000000001, 'colsample_bytree': 0.6000000000000001, 'gamma': 0.6000000000000001}. Best is trial 1334 with value: 0.5442704750798081.
