[I 2023-10-20 11:28:39,856] Trial 1534 finished with value: 0.4161093694337326 and parameters: {'w0': 0.107, 'w1': 0.9540000000000001, 'w2': 0.095, 'w3': 0.502, 'w4': 0.937, 'w5': 0.897, 'w6': 0.424, 'w7': 0.997, 'w8': 0.6920000000000001, 'max_depth': 8, 'min_child_weight': 16, 'subsample': 0.8, 'colsample_bytree': 0.8, 'gamma': 0.0}. Best is trial 1267 with value: 0.5099314743075365.
[I 2023-10-20 11:29:34,083] Trial 1535 finished with value: 0.4780502229474674 and parameters: {'w0': 0.10500000000000001, 'w1': 0.884, 'w2': 0.338, 'w3': 0.47600000000000003, 'w4': 0.917, 'w5': 0.91, 'w6': 0.41200000000000003, 'w7': 0.128, 'w8': 0.17200000000000001, 'max_depth': 8, 'min_child_weight': 14, 'subsample': 0.8, 'colsample_bytree': 0.8, 'gamma': 0.0}. Best is trial 1267 with value: 0.5099314743075365.
[I 2023-10-20 11:29:43,239] Trial 1537 finished with value: 0.4982892041165162 and parameters: {'w0': 0.10500000000000001, 'w1': 0.35000000000000003, 'w2': 0.093, 'w3': 0.47800000000000004, 'w4': 0.92, 'w5': 0.886, 'w6': 0.439, 'w7': 0.125, 'w8': 0.6960000000000001, 'max_depth': 8, 'min_child_weight': 14, 'subsample': 0.8, 'colsample_bytree': 0.7, 'gamma': 0.0}. Best is trial 1267 with value: 0.5099314743075365.
[I 2023-10-20 11:29:56,916] Trial 1536 finished with value: 0.4715809798591205 and parameters: {'w0': 0.069, 'w1': 0.791, 'w2': 0.657, 'w3': 0.47600000000000003, 'w4': 0.915, 'w5': 0.907, 'w6': 0.41500000000000004, 'w7': 0.126, 'w8': 0.715, 'max_depth': 8, 'min_child_weight': 14, 'subsample': 0.8, 'colsample_bytree': 0.7, 'gamma': 0.0}. Best is trial 1267 with value: 0.5099314743075365.
[I 2023-10-20 11:30:37,424] Trial 1538 finished with value: 0.5010676435379977 and parameters: {'w0': 0.076, 'w1': 0.9480000000000001, 'w2': 0.091, 'w3': 0.484, 'w4': 0.916, 'w5': 0.901, 'w6': 0.41300000000000003, 'w7': 0.123, 'w8': 0.6900000000000001, 'max_depth': 8, 'min_child_weight': 14, 'subsample': 0.8, 'colsample_bytree': 0.8, 'gamma': 0.0}. Best is trial 1267 with value: 0.5099314743075365.
[I 2023-10-20 11:33:06,348] Trial 1539 finished with value: 0.49006018030939835 and parameters: {'w0': 0.068, 'w1': 0.224, 'w2': 0.092, 'w3': 0.481, 'w4': 0.916, 'w5': 0.888, 'w6': 0.425, 'w7': 0.122, 'w8': 0.6920000000000001, 'max_depth': 8, 'min_child_weight': 14, 'subsample': 0.8, 'colsample_bytree': 0.7, 'gamma': 0.0}. Best is trial 1267 with value: 0.5099314743075365.
[I 2023-10-20 11:34:18,738] Trial 1540 finished with value: 0.5015812487700677 and parameters: {'w0': 0.074, 'w1': 0.9470000000000001, 'w2': 0.094, 'w3': 0.47100000000000003, 'w4': 0.918, 'w5': 0.891, 'w6': 0.441, 'w7': 0.123, 'w8': 0.685, 'max_depth': 8, 'min_child_weight': 14, 'subsample': 0.8, 'colsample_bytree': 0.7, 'gamma': 0.0}. Best is trial 1267 with value: 0.5099314743075365.
[I 2023-10-20 11:34:37,392] Trial 1541 finished with value: 0.49638767052227156 and parameters: {'w0': 0.07200000000000001, 'w1': 0.786, 'w2': 0.094, 'w3': 0.487, 'w4': 0.911, 'w5': 0.894, 'w6': 0.425, 'w7': 0.122, 'w8': 0.6890000000000001, 'max_depth': 8, 'min_child_weight': 14, 'subsample': 0.8, 'colsample_bytree': 0.8, 'gamma': 0.0}. Best is trial 1267 with value: 0.5099314743075365.
[I 2023-10-20 11:35:34,154] Trial 1542 finished with value: 0.49632765140745594 and parameters: {'w0': 0.076, 'w1': 0.357, 'w2': 0.095, 'w3': 0.47400000000000003, 'w4': 0.919, 'w5': 0.881, 'w6': 0.419, 'w7': 0.125, 'w8': 0.687, 'max_depth': 8, 'min_child_weight': 16, 'subsample': 0.8, 'colsample_bytree': 0.8, 'gamma': 0.0}. Best is trial 1267 with value: 0.5099314743075365.
[I 2023-10-20 11:36:38,100] Trial 1552 finished with value: 0.47714202770696745 and parameters: {'w0': 0.133, 'w1': 0.916, 'w2': 0.162, 'w3': 0.48000000000000004, 'w4': 0.932, 'w5': 0.915, 'w6': 0.37, 'w7': 0.07100000000000001, 'w8': 0.6950000000000001, 'max_depth': 9, 'min_child_weight': 14, 'subsample': 0.8, 'colsample_bytree': 0.9000000000000001, 'gamma': 2.4000000000000004}. Best is trial 1267 with value: 0.5099314743075365.
[I 2023-10-20 11:36:56,293] Trial 1543 finished with value: 0.4956092098010259 and parameters: {'w0': 0.07100000000000001, 'w1': 0.9540000000000001, 'w2': 0.091, 'w3': 0.481, 'w4': 0.917, 'w5': 0.902, 'w6': 0.41200000000000003, 'w7': 0.125, 'w8': 0.6910000000000001, 'max_depth': 8, 'min_child_weight': 14, 'subsample': 0.8, 'colsample_bytree': 0.9000000000000001, 'gamma': 0.0}. Best is trial 1267 with value: 0.5099314743075365.
[I 2023-10-20 11:37:38,557] Trial 1544 finished with value: 0.5035506225961431 and parameters: {'w0': 0.1, 'w1': 0.9510000000000001, 'w2': 0.1, 'w3': 0.47900000000000004, 'w4': 0.916, 'w5': 0.898, 'w6': 0.423, 'w7': 0.11900000000000001, 'w8': 0.6930000000000001, 'max_depth': 8, 'min_child_weight': 14, 'subsample': 0.8, 'colsample_bytree': 0.8, 'gamma': 0.0}. Best is trial 1267 with value: 0.5099314743075365.
[I 2023-10-20 11:38:23,644] Trial 1545 finished with value: 0.5034883158873068 and parameters: {'w0': 0.10500000000000001, 'w1': 0.35000000000000003, 'w2': 0.097, 'w3': 0.483, 'w4': 0.9390000000000001, 'w5': 0.89, 'w6': 0.418, 'w7': 0.07200000000000001, 'w8': 0.657, 'max_depth': 8, 'min_child_weight': 14, 'subsample': 0.8, 'colsample_bytree': 0.8, 'gamma': 0.0}. Best is trial 1267 with value: 0.5099314743075365.
[I 2023-10-20 11:39:34,363] Trial 1547 finished with value: 0.5071068496134513 and parameters: {'w0': 0.096, 'w1': 0.914, 'w2': 0.095, 'w3': 0.47700000000000004, 'w4': 0.9400000000000001, 'w5': 0.91, 'w6': 0.41400000000000003, 'w7': 0.07200000000000001, 'w8': 0.757, 'max_depth': 8, 'min_child_weight': 14, 'subsample': 0.8, 'colsample_bytree': 0.8, 'gamma': 0.0}. Best is trial 1267 with value: 0.5099314743075365.
[I 2023-10-20 11:39:47,690] Trial 1546 finished with value: 0.5015845594507619 and parameters: {'w0': 0.10500000000000001, 'w1': 0.9550000000000001, 'w2': 0.092, 'w3': 0.47400000000000003, 'w4': 0.9380000000000001, 'w5': 0.911, 'w6': 0.40700000000000003, 'w7': 0.11800000000000001, 'w8': 0.661, 'max_depth': 8, 'min_child_weight': 14, 'subsample': 0.8, 'colsample_bytree': 0.9000000000000001, 'gamma': 0.0}. Best is trial 1267 with value: 0.5099314743075365.
[I 2023-10-20 11:39:51,329] Trial 1548 finished with value: 0.49938668125145647 and parameters: {'w0': 0.10400000000000001, 'w1': 0.915, 'w2': 0.094, 'w3': 0.461, 'w4': 0.9400000000000001, 'w5': 0.893, 'w6': 0.419, 'w7': 0.067, 'w8': 0.191, 'max_depth': 8, 'min_child_weight': 14, 'subsample': 0.8, 'colsample_bytree': 0.8, 'gamma': 0.0}. Best is trial 1267 with value: 0.5099314743075365.
[I 2023-10-20 11:41:20,055] Trial 1549 finished with value: 0.48464687271468343 and parameters: {'w0': 0.101, 'w1': 0.919, 'w2': 0.163, 'w3': 0.482, 'w4': 0.9410000000000001, 'w5': 0.889, 'w6': 0.40900000000000003, 'w7': 0.034, 'w8': 0.657, 'max_depth': 8, 'min_child_weight': 14, 'subsample': 0.8, 'colsample_bytree': 0.8, 'gamma': 0.0}. Best is trial 1267 with value: 0.5099314743075365.
[I 2023-10-20 11:43:42,546] Trial 1550 finished with value: 0.4926666332624645 and parameters: {'w0': 0.096, 'w1': 0.906, 'w2': 0.17, 'w3': 0.47100000000000003, 'w4': 0.913, 'w5': 0.914, 'w6': 0.373, 'w7': 0.07200000000000001, 'w8': 0.667, 'max_depth': 8, 'min_child_weight': 14, 'subsample': 0.8, 'colsample_bytree': 0.9000000000000001, 'gamma': 0.0}. Best is trial 1267 with value: 0.5099314743075365.
[I 2023-10-20 11:45:12,779] Trial 1551 finished with value: 0.4937491833950412 and parameters: {'w0': 0.091, 'w1': 0.912, 'w2': 0.162, 'w3': 0.7030000000000001, 'w4': 0.9400000000000001, 'w5': 0.887, 'w6': 0.369, 'w7': 0.07200000000000001, 'w8': 0.661, 'max_depth': 8, 'min_child_weight': 14, 'subsample': 0.8, 'colsample_bytree': 0.9000000000000001, 'gamma': 0.0}. Best is trial 1267 with value: 0.5099314743075365.
[I 2023-10-20 11:46:11,156] Trial 1553 finished with value: 0.4960285860489065 and parameters: {'w0': 0.131, 'w1': 0.919, 'w2': 0.163, 'w3': 0.465, 'w4': 0.9420000000000001, 'w5': 1.0, 'w6': 0.379, 'w7': 0.068, 'w8': 0.663, 'max_depth': 9, 'min_child_weight': 14, 'subsample': 0.8, 'colsample_bytree': 0.9000000000000001, 'gamma': 0.2}. Best is trial 1267 with value: 0.5099314743075365.
[I 2023-10-20 11:46:46,441] Trial 1554 finished with value: 0.49554241554988365 and parameters: {'w0': 0.126, 'w1': 0.923, 'w2': 0.161, 'w3': 0.47200000000000003, 'w4': 0.927, 'w5': 0.724, 'w6': 0.371, 'w7': 0.068, 'w8': 0.67, 'max_depth': 9, 'min_child_weight': 14, 'subsample': 0.8, 'colsample_bytree': 0.9000000000000001, 'gamma': 0.2}. Best is trial 1267 with value: 0.5099314743075365.
[I 2023-10-20 11:48:45,807] Trial 1555 finished with value: 0.4923282885658565 and parameters: {'w0': 0.23700000000000002, 'w1': 0.917, 'w2': 0.168, 'w3': 0.459, 'w4': 0.9410000000000001, 'w5': 0.97, 'w6': 0.372, 'w7': 0.07100000000000001, 'w8': 0.673, 'max_depth': 9, 'min_child_weight': 18, 'subsample': 0.8, 'colsample_bytree': 0.9000000000000001, 'gamma': 0.2}. Best is trial 1267 with value: 0.5099314743075365.
[I 2023-10-20 11:49:47,004] Trial 1556 finished with value: 0.4979241628929084 and parameters: {'w0': 0.098, 'w1': 0.914, 'w2': 0.163, 'w3': 0.536, 'w4': 0.932, 'w5': 0.966, 'w6': 0.374, 'w7': 0.079, 'w8': 0.66, 'max_depth': 9, 'min_child_weight': 18, 'subsample': 0.7, 'colsample_bytree': 0.9000000000000001, 'gamma': 0.2}. Best is trial 1267 with value: 0.5099314743075365.
[I 2023-10-20 11:50:02,107] Trial 1557 finished with value: 0.4975087788750703 and parameters: {'w0': 0.125, 'w1': 0.913, 'w2': 0.161, 'w3': 0.449, 'w4': 0.9410000000000001, 'w5': 0.969, 'w6': 0.369, 'w7': 0.079, 'w8': 0.671, 'max_depth': 9, 'min_child_weight': 18, 'subsample': 0.7, 'colsample_bytree': 0.9000000000000001, 'gamma': 0.2}. Best is trial 1267 with value: 0.5099314743075365.
[I 2023-10-20 11:50:55,208] Trial 1559 finished with value: 0.4858287394453711 and parameters: {'w0': 0.23700000000000002, 'w1': 0.914, 'w2': 0.159, 'w3': 0.447, 'w4': 0.933, 'w5': 0.497, 'w6': 0.373, 'w7': 0.07300000000000001, 'w8': 0.664, 'max_depth': 9, 'min_child_weight': 18, 'subsample': 0.8, 'colsample_bytree': 0.3, 'gamma': 0.2}. Best is trial 1267 with value: 0.5099314743075365.
[I 2023-10-20 11:51:12,407] Trial 1558 finished with value: 0.4968204435590797 and parameters: {'w0': 0.127, 'w1': 0.92, 'w2': 0.158, 'w3': 0.451, 'w4': 0.934, 'w5': 0.967, 'w6': 0.376, 'w7': 0.07200000000000001, 'w8': 0.749, 'max_depth': 9, 'min_child_weight': 18, 'subsample': 0.7, 'colsample_bytree': 0.9000000000000001, 'gamma': 0.2}. Best is trial 1267 with value: 0.5099314743075365.
[I 2023-10-20 11:53:10,729] Trial 1561 finished with value: 0.4955867566925177 and parameters: {'w0': 0.23700000000000002, 'w1': 0.91, 'w2': 0.165, 'w3': 0.535, 'w4': 0.9420000000000001, 'w5': 0.97, 'w6': 0.366, 'w7': 0.076, 'w8': 0.656, 'max_depth': 9, 'min_child_weight': 18, 'subsample': 0.7, 'colsample_bytree': 0.9000000000000001, 'gamma': 0.2}. Best is trial 1267 with value: 0.5099314743075365.
[I 2023-10-20 11:53:22,506] Trial 1560 finished with value: 0.4710897464735211 and parameters: {'w0': 0.107, 'w1': 0.919, 'w2': 0.164, 'w3': 0.538, 'w4': 0.9450000000000001, 'w5': 1.0, 'w6': 0.383, 'w7': 0.357, 'w8': 0.651, 'max_depth': 9, 'min_child_weight': 18, 'subsample': 0.7, 'colsample_bytree': 0.9000000000000001, 'gamma': 0.2}. Best is trial 1267 with value: 0.5099314743075365.
[I 2023-10-20 11:54:04,776] Trial 1562 finished with value: 0.49723125231821286 and parameters: {'w0': 0.128, 'w1': 0.913, 'w2': 0.161, 'w3': 0.454, 'w4': 0.934, 'w5': 0.716, 'w6': 0.374, 'w7': 0.07200000000000001, 'w8': 0.659, 'max_depth': 9, 'min_child_weight': 18, 'subsample': 0.7, 'colsample_bytree': 0.9000000000000001, 'gamma': 0.2}. Best is trial 1267 with value: 0.5099314743075365.
[I 2023-10-20 11:55:08,150] Trial 1565 finished with value: 0.4835130179210205 and parameters: {'w0': 0.123, 'w1': 0.904, 'w2': 0.163, 'w3': 0.542, 'w4': 0.888, 'w5': 0.968, 'w6': 0.378, 'w7': 0.04, 'w8': 0.651, 'max_depth': 9, 'min_child_weight': 18, 'subsample': 0.7, 'colsample_bytree': 0.9000000000000001, 'gamma': 0.2}. Best is trial 1267 with value: 0.5099314743075365.
[I 2023-10-20 11:55:18,018] Trial 1563 finished with value: 0.5033687865790484 and parameters: {'w0': 0.128, 'w1': 0.914, 'w2': 0.163, 'w3': 0.532, 'w4': 0.9480000000000001, 'w5': 0.965, 'w6': 0.368, 'w7': 0.10200000000000001, 'w8': 0.755, 'max_depth': 9, 'min_child_weight': 18, 'subsample': 0.7, 'colsample_bytree': 0.9000000000000001, 'gamma': 0.2}. Best is trial 1267 with value: 0.5099314743075365.
[I 2023-10-20 11:55:20,902] Trial 1564 finished with value: 0.49988008153051605 and parameters: {'w0': 0.132, 'w1': 0.907, 'w2': 0.157, 'w3': 0.535, 'w4': 0.9430000000000001, 'w5': 0.973, 'w6': 0.375, 'w7': 0.101, 'w8': 0.661, 'max_depth': 9, 'min_child_weight': 18, 'subsample': 0.7, 'colsample_bytree': 0.9000000000000001, 'gamma': 0.2}. Best is trial 1267 with value: 0.5099314743075365.
[I 2023-10-20 11:57:07,177] Trial 1566 finished with value: 0.4975088890244604 and parameters: {'w0': 0.23600000000000002, 'w1': 0.89, 'w2': 0.164, 'w3': 0.535, 'w4': 0.886, 'w5': 0.723, 'w6': 0.369, 'w7': 0.101, 'w8': 0.766, 'max_depth': 9, 'min_child_weight': 18, 'subsample': 0.7, 'colsample_bytree': 0.9000000000000001, 'gamma': 0.2}. Best is trial 1267 with value: 0.5099314743075365.
[I 2023-10-20 11:58:32,981] Trial 1567 finished with value: 0.5005266342855456 and parameters: {'w0': 0.129, 'w1': 0.91, 'w2': 0.158, 'w3': 0.447, 'w4': 0.885, 'w5': 1.0, 'w6': 0.381, 'w7': 0.10400000000000001, 'w8': 0.754, 'max_depth': 9, 'min_child_weight': 18, 'subsample': 0.7, 'colsample_bytree': 0.6000000000000001, 'gamma': 0.2}. Best is trial 1267 with value: 0.5099314743075365.
[I 2023-10-20 11:59:17,042] Trial 1569 finished with value: 0.4787950416351047 and parameters: {'w0': 0.127, 'w1': 0.881, 'w2': 0.057, 'w3': 0.445, 'w4': 0.886, 'w5': 0.964, 'w6': 0.293, 'w7': 0.10500000000000001, 'w8': 0.444, 'max_depth': 9, 'min_child_weight': 18, 'subsample': 0.8, 'colsample_bytree': 0.6000000000000001, 'gamma': 0.4}. Best is trial 1267 with value: 0.5099314743075365.
[I 2023-10-20 12:00:08,071] Trial 1568 finished with value: 0.4876632115975098 and parameters: {'w0': 0.132, 'w1': 0.887, 'w2': 0.056, 'w3': 0.531, 'w4': 0.881, 'w5': 0.709, 'w6': 0.367, 'w7': 0.10200000000000001, 'w8': 0.757, 'max_depth': 9, 'min_child_weight': 18, 'subsample': 0.7, 'colsample_bytree': 0.6000000000000001, 'gamma': 0.2}. Best is trial 1267 with value: 0.5099314743075365.
[I 2023-10-20 12:01:22,057] Trial 1570 finished with value: 0.48667391914314884 and parameters: {'w0': 0.13, 'w1': 0.887, 'w2': 0.062, 'w3': 0.531, 'w4': 0.888, 'w5': 1.0, 'w6': 0.788, 'w7': 0.10300000000000001, 'w8': 0.756, 'max_depth': 9, 'min_child_weight': 18, 'subsample': 0.7, 'colsample_bytree': 0.6000000000000001, 'gamma': 0.4}. Best is trial 1267 with value: 0.5099314743075365.
[I 2023-10-20 12:03:50,902] Trial 1577 finished with value: 0.46074816991375267 and parameters: {'w0': 0.17400000000000002, 'w1': 0.882, 'w2': 0.052000000000000005, 'w3': 0.533, 'w4': 0.889, 'w5': 0.005, 'w6': 0.295, 'w7': 0.10200000000000001, 'w8': 0.759, 'max_depth': 7, 'min_child_weight': 16, 'subsample': 0.8, 'colsample_bytree': 0.6000000000000001, 'gamma': 0.6000000000000001}. Best is trial 1267 with value: 0.5099314743075365.
[I 2023-10-20 12:04:00,392] Trial 1571 finished with value: 0.47528656546016773 and parameters: {'w0': 0.771, 'w1': 0.876, 'w2': 0.157, 'w3': 0.533, 'w4': 0.886, 'w5': 0.965, 'w6': 0.28700000000000003, 'w7': 0.10300000000000001, 'w8': 0.765, 'max_depth': 9, 'min_child_weight': 18, 'subsample': 0.8, 'colsample_bytree': 0.6000000000000001, 'gamma': 0.4}. Best is trial 1267 with value: 0.5099314743075365.
[I 2023-10-20 12:04:05,955] Trial 1573 finished with value: 0.4737239897632511 and parameters: {'w0': 0.139, 'w1': 0.886, 'w2': 0.061, 'w3': 0.403, 'w4': 0.982, 'w5': 0.522, 'w6': 0.296, 'w7': 0.183, 'w8': 0.758, 'max_depth': 9, 'min_child_weight': 16, 'subsample': 0.8, 'colsample_bytree': 0.6000000000000001, 'gamma': 0.4}. Best is trial 1267 with value: 0.5099314743075365.
[I 2023-10-20 12:05:12,190] Trial 1578 finished with value: 0.4766357075070625 and parameters: {'w0': 0.139, 'w1': 0.812, 'w2': 0.056, 'w3': 0.439, 'w4': 1.0, 'w5': 0.521, 'w6': 0.297, 'w7': 0.10400000000000001, 'w8': 0.748, 'max_depth': 7, 'min_child_weight': 16, 'subsample': 0.8, 'colsample_bytree': 0.6000000000000001, 'gamma': 0.6000000000000001}. Best is trial 1267 with value: 0.5099314743075365.
[I 2023-10-20 12:05:27,497] Trial 1572 finished with value: 0.4734286818898765 and parameters: {'w0': 0.17600000000000002, 'w1': 0.885, 'w2': 0.58, 'w3': 0.537, 'w4': 0.887, 'w5': 0.967, 'w6': 0.299, 'w7': 0.101, 'w8': 0.753, 'max_depth': 9, 'min_child_weight': 16, 'subsample': 0.7, 'colsample_bytree': 0.6000000000000001, 'gamma': 0.4}. Best is trial 1267 with value: 0.5099314743075365.
[I 2023-10-20 12:05:27,608] Trial 1575 finished with value: 0.48595006571510624 and parameters: {'w0': 0.138, 'w1': 0.881, 'w2': 0.057, 'w3': 0.539, 'w4': 0.987, 'w5': 1.0, 'w6': 0.297, 'w7': 0.10200000000000001, 'w8': 0.754, 'max_depth': 9, 'min_child_weight': 16, 'subsample': 0.8, 'colsample_bytree': 0.6000000000000001, 'gamma': 0.4}. Best is trial 1267 with value: 0.5099314743075365.
[I 2023-10-20 12:05:53,285] Trial 1574 finished with value: 0.5015352837080294 and parameters: {'w0': 0.139, 'w1': 0.876, 'w2': 0.183, 'w3': 0.534, 'w4': 0.886, 'w5': 0.968, 'w6': 0.293, 'w7': 0.10300000000000001, 'w8': 0.758, 'max_depth': 9, 'min_child_weight': 16, 'subsample': 0.8, 'colsample_bytree': 0.6000000000000001, 'gamma': 0.4}. Best is trial 1267 with value: 0.5099314743075365.
[I 2023-10-20 12:06:35,697] Trial 1580 finished with value: 0.4674435348115112 and parameters: {'w0': 0.17500000000000002, 'w1': 0.874, 'w2': 0.053000000000000005, 'w3': 0.40700000000000003, 'w4': 0.425, 'w5': 1.0, 'w6': 0.295, 'w7': 0.101, 'w8': 0.794, 'max_depth': 7, 'min_child_weight': 16, 'subsample': 0.8, 'colsample_bytree': 0.6000000000000001, 'gamma': 0.6000000000000001}. Best is trial 1267 with value: 0.5099314743075365.
[I 2023-10-20 12:06:39,342] Trial 1576 finished with value: 0.48069681332187003 and parameters: {'w0': 0.17400000000000002, 'w1': 0.811, 'w2': 0.049, 'w3': 0.4, 'w4': 0.984, 'w5': 1.0, 'w6': 0.295, 'w7': 0.099, 'w8': 0.76, 'max_depth': 9, 'min_child_weight': 16, 'subsample': 0.8, 'colsample_bytree': 0.6000000000000001, 'gamma': 0.4}. Best is trial 1267 with value: 0.5099314743075365.
[I 2023-10-20 12:07:25,751] Trial 1581 finished with value: 0.46907183197232666 and parameters: {'w0': 0.17600000000000002, 'w1': 0.8130000000000001, 'w2': 0.062, 'w3': 0.9390000000000001, 'w4': 0.888, 'w5': 0.982, 'w6': 0.281, 'w7': 0.178, 'w8': 0.862, 'max_depth': 7, 'min_child_weight': 16, 'subsample': 0.8, 'colsample_bytree': 0.6000000000000001, 'gamma': 0.6000000000000001}. Best is trial 1267 with value: 0.5099314743075365.
[I 2023-10-20 12:07:25,825] Trial 1579 finished with value: 0.4809704568730538 and parameters: {'w0': 0.171, 'w1': 0.81, 'w2': 0.065, 'w3': 0.501, 'w4': 0.887, 'w5': 0.999, 'w6': 0.301, 'w7': 0.10400000000000001, 'w8': 0.761, 'max_depth': 9, 'min_child_weight': 16, 'subsample': 0.8, 'colsample_bytree': 0.6000000000000001, 'gamma': 0.6000000000000001}. Best is trial 1267 with value: 0.5099314743075365.
[I 2023-10-20 12:08:42,990] Trial 1582 finished with value: 0.47635835760076833 and parameters: {'w0': 0.17600000000000002, 'w1': 0.808, 'w2': 0.062, 'w3': 0.396, 'w4': 0.67, 'w5': 1.0, 'w6': 0.3, 'w7': 0.10500000000000001, 'w8': 0.864, 'max_depth': 7, 'min_child_weight': 16, 'subsample': 0.8, 'colsample_bytree': 0.6000000000000001, 'gamma': 0.6000000000000001}. Best is trial 1267 with value: 0.5099314743075365.
[I 2023-10-20 12:09:26,177] Trial 1589 finished with value: 0.4381215508690851 and parameters: {'w0': 0.17300000000000001, 'w1': 0.809, 'w2': 0.115, 'w3': 0.503, 'w4': 0.672, 'w5': 0.925, 'w6': 0.341, 'w7': 0.159, 'w8': 0.786, 'max_depth': 9, 'min_child_weight': 16, 'subsample': 0.8, 'colsample_bytree': 0.6000000000000001, 'gamma': 5.800000000000001}. Best is trial 1267 with value: 0.5099314743075365.
[I 2023-10-20 12:10:14,659] Trial 1583 finished with value: 0.4638657477071066 and parameters: {'w0': 0.17200000000000001, 'w1': 0.81, 'w2': 0.052000000000000005, 'w3': 0.399, 'w4': 0.986, 'w5': 1.0, 'w6': 0.302, 'w7': 0.162, 'w8': 0.787, 'max_depth': 7, 'min_child_weight': 16, 'subsample': 0.8, 'colsample_bytree': 0.6000000000000001, 'gamma': 0.6000000000000001}. Best is trial 1267 with value: 0.5099314743075365.
[I 2023-10-20 12:11:49,663] Trial 1584 finished with value: 0.487491300049369 and parameters: {'w0': 0.17, 'w1': 0.8170000000000001, 'w2': 0.116, 'w3': 0.399, 'w4': 0.503, 'w5': 0.983, 'w6': 0.295, 'w7': 0.161, 'w8': 0.784, 'max_depth': 9, 'min_child_weight': 16, 'subsample': 0.8, 'colsample_bytree': 0.6000000000000001, 'gamma': 0.6000000000000001}. Best is trial 1267 with value: 0.5099314743075365.
[I 2023-10-20 12:12:41,057] Trial 1585 finished with value: 0.487101974036393 and parameters: {'w0': 0.17300000000000001, 'w1': 0.807, 'w2': 0.112, 'w3': 0.503, 'w4': 0.992, 'w5': 0.982, 'w6': 0.296, 'w7': 0.182, 'w8': 0.796, 'max_depth': 7, 'min_child_weight': 16, 'subsample': 0.8, 'colsample_bytree': 0.6000000000000001, 'gamma': 0.6000000000000001}. Best is trial 1267 with value: 0.5099314743075365.
[I 2023-10-20 12:13:11,794] Trial 1586 finished with value: 0.46252623540235166 and parameters: {'w0': 0.18, 'w1': 0.8210000000000001, 'w2': 0.112, 'w3': 0.733, 'w4': 0.196, 'w5': 0.796, 'w6': 0.291, 'w7': 0.178, 'w8': 0.789, 'max_depth': 7, 'min_child_weight': 16, 'subsample': 0.8, 'colsample_bytree': 0.6000000000000001, 'gamma': 0.6000000000000001}. Best is trial 1267 with value: 0.5099314743075365.
