[I 2023-10-20 12:15:10,510] Trial 1596 finished with value: 0.47178187198478316 and parameters: {'w0': 0.21, 'w1': 0.9570000000000001, 'w2': 0.116, 'w3': 0.5, 'w4': 0.907, 'w5': 0.796, 'w6': 0.343, 'w7': 0.164, 'w8': 0.793, 'max_depth': 9, 'min_child_weight': 16, 'subsample': 0.8, 'colsample_bytree': 1.0, 'gamma': 2.0}. Best is trial 1267 with value: 0.5099314743075365.
[I 2023-10-20 12:16:00,961] Trial 1588 finished with value: 0.5038002865749792 and parameters: {'w0': 0.17300000000000001, 'w1': 0.81, 'w2': 0.114, 'w3': 0.498, 'w4': 0.984, 'w5': 0.528, 'w6': 0.297, 'w7': 0.108, 'w8': 0.857, 'max_depth': 9, 'min_child_weight': 16, 'subsample': 0.8, 'colsample_bytree': 0.6000000000000001, 'gamma': 0.6000000000000001}. Best is trial 1267 with value: 0.5099314743075365.
[I 2023-10-20 12:16:43,156] Trial 1587 finished with value: 0.491908747686131 and parameters: {'w0': 0.17600000000000002, 'w1': 0.8170000000000001, 'w2': 0.11, 'w3': 0.41000000000000003, 'w4': 0.985, 'w5': 1.0, 'w6': 0.297, 'w7': 0.157, 'w8': 0.794, 'max_depth': 9, 'min_child_weight': 16, 'subsample': 0.8, 'colsample_bytree': 0.6000000000000001, 'gamma': 0.6000000000000001}. Best is trial 1267 with value: 0.5099314743075365.
[I 2023-10-20 12:18:01,827] Trial 1602 finished with value: 0.43337915680502476 and parameters: {'w0': 0.216, 'w1': 0.753, 'w2': 0.115, 'w3': 0.508, 'w4': 0.906, 'w5': 0.9410000000000001, 'w6': 0.342, 'w7': 0.14100000000000001, 'w8': 0.729, 'max_depth': 9, 'min_child_weight': 20, 'subsample': 0.8, 'colsample_bytree': 1.0, 'gamma': 8.0}. Best is trial 1267 with value: 0.5099314743075365.
[I 2023-10-20 12:18:24,362] Trial 1590 finished with value: 0.4942249143678236 and parameters: {'w0': 0.17600000000000002, 'w1': 0.808, 'w2': 0.11, 'w3': 0.499, 'w4': 0.982, 'w5': 1.0, 'w6': 0.343, 'w7': 0.163, 'w8': 0.796, 'max_depth': 9, 'min_child_weight': 16, 'subsample': 0.8, 'colsample_bytree': 0.6000000000000001, 'gamma': 0.6000000000000001}. Best is trial 1267 with value: 0.5099314743075365.
[I 2023-10-20 12:18:32,744] Trial 1592 finished with value: 0.49376483773822144 and parameters: {'w0': 0.14400000000000002, 'w1': 0.8190000000000001, 'w2': 0.112, 'w3': 0.502, 'w4': 0.906, 'w5': 1.0, 'w6': 0.34900000000000003, 'w7': 0.16, 'w8': 0.731, 'max_depth': 9, 'min_child_weight': 16, 'subsample': 0.8, 'colsample_bytree': 0.6000000000000001, 'gamma': 0.6000000000000001}. Best is trial 1267 with value: 0.5099314743075365.
[I 2023-10-20 12:18:33,590] Trial 1591 finished with value: 0.4921635454900892 and parameters: {'w0': 0.182, 'w1': 0.8210000000000001, 'w2': 0.112, 'w3': 0.502, 'w4': 0.98, 'w5': 0.924, 'w6': 0.34, 'w7': 0.165, 'w8': 0.786, 'max_depth': 9, 'min_child_weight': 16, 'subsample': 0.8, 'colsample_bytree': 0.6000000000000001, 'gamma': 0.6000000000000001}. Best is trial 1267 with value: 0.5099314743075365.
[I 2023-10-20 12:20:08,755] Trial 1593 finished with value: 0.5018090220254551 and parameters: {'w0': 0.17500000000000002, 'w1': 0.8170000000000001, 'w2': 0.14, 'w3': 0.501, 'w4': 0.909, 'w5': 0.923, 'w6': 0.341, 'w7': 0.163, 'w8': 0.795, 'max_depth': 9, 'min_child_weight': 16, 'subsample': 0.8, 'colsample_bytree': 0.9000000000000001, 'gamma': 0.6000000000000001}. Best is trial 1267 with value: 0.5099314743075365.
[I 2023-10-20 12:20:21,279] Trial 1597 finished with value: 0.464963032861546 and parameters: {'w0': 0.194, 'w1': 0.963, 'w2': 0.114, 'w3': 0.506, 'w4': 0.908, 'w5': 0.9450000000000001, 'w6': 0.23, 'w7': 0.17, 'w8': 0.14, 'max_depth': 9, 'min_child_weight': 20, 'subsample': 0.8, 'colsample_bytree': 1.0, 'gamma': 0.6000000000000001}. Best is trial 1267 with value: 0.5099314743075365.
[I 2023-10-20 12:20:43,583] Trial 1595 finished with value: 0.49272441072505224 and parameters: {'w0': 0.2, 'w1': 0.8220000000000001, 'w2': 0.117, 'w3': 0.5, 'w4': 0.907, 'w5': 0.9390000000000001, 'w6': 0.339, 'w7': 0.16, 'w8': 0.857, 'max_depth': 9, 'min_child_weight': 16, 'subsample': 0.8, 'colsample_bytree': 1.0, 'gamma': 0.6000000000000001}. Best is trial 1267 with value: 0.5099314743075365.
[I 2023-10-20 12:20:52,394] Trial 1594 finished with value: 0.48956559982468545 and parameters: {'w0': 0.20400000000000001, 'w1': 0.8170000000000001, 'w2': 0.113, 'w3': 0.502, 'w4': 0.911, 'w5': 0.926, 'w6': 0.34700000000000003, 'w7': 0.181, 'w8': 0.793, 'max_depth': 9, 'min_child_weight': 16, 'subsample': 0.8, 'colsample_bytree': 0.9000000000000001, 'gamma': 0.6000000000000001}. Best is trial 1267 with value: 0.5099314743075365.
[I 2023-10-20 12:21:57,985] Trial 1606 finished with value: 0.4540505226542205 and parameters: {'w0': 0.14300000000000002, 'w1': 0.982, 'w2': 0.14200000000000002, 'w3': 0.14, 'w4': 0.907, 'w5': 0.9430000000000001, 'w6': 0.339, 'w7': 0.14500000000000002, 'w8': 0.729, 'max_depth': 9, 'min_child_weight': 20, 'subsample': 0.8, 'colsample_bytree': 0.9000000000000001, 'gamma': 8.0}. Best is trial 1267 with value: 0.5099314743075365.
[I 2023-10-20 12:23:54,623] Trial 1610 finished with value: 0.4318098855100786 and parameters: {'w0': 0.148, 'w1': 0.9440000000000001, 'w2': 0.14300000000000002, 'w3': 0.434, 'w4': 0.908, 'w5': 0.9490000000000001, 'w6': 0.232, 'w7': 0.044000000000000004, 'w8': 0.729, 'max_depth': 9, 'min_child_weight': 20, 'subsample': 0.8, 'colsample_bytree': 0.9000000000000001, 'gamma': 7.0}. Best is trial 1267 with value: 0.5099314743075365.
[I 2023-10-20 12:25:29,960] Trial 1599 finished with value: 0.4873836849160714 and parameters: {'w0': 0.202, 'w1': 0.98, 'w2': 0.508, 'w3': 0.497, 'w4': 0.906, 'w5': 0.9430000000000001, 'w6': 0.341, 'w7': 0.162, 'w8': 0.79, 'max_depth': 9, 'min_child_weight': 20, 'subsample': 0.8, 'colsample_bytree': 0.9000000000000001, 'gamma': 0.4}. Best is trial 1267 with value: 0.5099314743075365.
[I 2023-10-20 12:25:40,822] Trial 1598 finished with value: 0.49766347517316106 and parameters: {'w0': 0.202, 'w1': 0.9600000000000001, 'w2': 0.112, 'w3': 0.503, 'w4': 0.909, 'w5': 0.9440000000000001, 'w6': 0.929, 'w7': 0.162, 'w8': 0.788, 'max_depth': 9, 'min_child_weight': 16, 'subsample': 0.8, 'colsample_bytree': 1.0, 'gamma': 0.4}. Best is trial 1267 with value: 0.5099314743075365.
[I 2023-10-20 12:25:47,136] Trial 1600 finished with value: 0.47090843922183856 and parameters: {'w0': 0.199, 'w1': 0.17300000000000001, 'w2': 0.512, 'w3': 0.503, 'w4': 0.911, 'w5': 0.928, 'w6': 0.23700000000000002, 'w7': 0.159, 'w8': 0.73, 'max_depth': 9, 'min_child_weight': 16, 'subsample': 0.8, 'colsample_bytree': 0.9000000000000001, 'gamma': 0.4}. Best is trial 1267 with value: 0.5099314743075365.
[I 2023-10-20 12:27:19,665] Trial 1601 finished with value: 0.4962575162319176 and parameters: {'w0': 0.20600000000000002, 'w1': 0.9510000000000001, 'w2': 0.14100000000000001, 'w3': 0.507, 'w4': 0.906, 'w5': 0.9430000000000001, 'w6': 0.341, 'w7': 0.158, 'w8': 0.72, 'max_depth': 9, 'min_child_weight': 20, 'subsample': 0.8, 'colsample_bytree': 1.0, 'gamma': 0.4}. Best is trial 1267 with value: 0.5099314743075365.
[I 2023-10-20 12:28:58,513] Trial 1604 finished with value: 0.44967123263175246 and parameters: {'w0': 0.14500000000000002, 'w1': 0.171, 'w2': 0.427, 'w3': 0.14200000000000002, 'w4': 0.908, 'w5': 0.9450000000000001, 'w6': 0.231, 'w7': 0.033, 'w8': 0.733, 'max_depth': 9, 'min_child_weight': 20, 'subsample': 0.8, 'colsample_bytree': 0.9000000000000001, 'gamma': 0.4}. Best is trial 1267 with value: 0.5099314743075365.
[I 2023-10-20 12:29:21,748] Trial 1605 finished with value: 0.42591931712731607 and parameters: {'w0': 0.004, 'w1': 0.987, 'w2': 0.136, 'w3': 0.147, 'w4': 0.908, 'w5': 0.9430000000000001, 'w6': 0.23, 'w7': 0.156, 'w8': 0.74, 'max_depth': 9, 'min_child_weight': 20, 'subsample': 0.8, 'colsample_bytree': 0.9000000000000001, 'gamma': 0.4}. Best is trial 1267 with value: 0.5099314743075365.
[I 2023-10-20 12:30:08,226] Trial 1603 finished with value: 0.5031414375673665 and parameters: {'w0': 0.20700000000000002, 'w1': 0.981, 'w2': 0.14200000000000002, 'w3': 0.501, 'w4': 0.903, 'w5': 0.9440000000000001, 'w6': 0.34600000000000003, 'w7': 0.153, 'w8': 0.729, 'max_depth': 9, 'min_child_weight': 8, 'subsample': 0.8, 'colsample_bytree': 0.9000000000000001, 'gamma': 0.4}. Best is trial 1267 with value: 0.5099314743075365.
[I 2023-10-20 12:33:18,012] Trial 1607 finished with value: 0.4483882397971713 and parameters: {'w0': 0.376, 'w1': 0.986, 'w2': 0.14400000000000002, 'w3': 0.14200000000000002, 'w4': 0.38, 'w5': 0.922, 'w6': 0.342, 'w7': 0.034, 'w8': 0.732, 'max_depth': 9, 'min_child_weight': 20, 'subsample': 0.8, 'colsample_bytree': 0.9000000000000001, 'gamma': 0.2}. Best is trial 1267 with value: 0.5099314743075365.
[I 2023-10-20 12:34:14,548] Trial 1608 finished with value: 0.5002444717431664 and parameters: {'w0': 0.146, 'w1': 0.978, 'w2': 0.14, 'w3': 0.437, 'w4': 0.911, 'w5': 0.41000000000000003, 'w6': 0.27, 'w7': 0.12000000000000001, 'w8': 0.729, 'max_depth': 9, 'min_child_weight': 16, 'subsample': 0.8, 'colsample_bytree': 0.9000000000000001, 'gamma': 0.2}. Best is trial 1267 with value: 0.5099314743075365.
[I 2023-10-20 12:34:39,906] Trial 1609 finished with value: 0.4755468070426534 and parameters: {'w0': 0.272, 'w1': 0.9400000000000001, 'w2': 0.14400000000000002, 'w3': 0.442, 'w4': 0.905, 'w5': 0.921, 'w6': 0.23800000000000002, 'w7': 0.036000000000000004, 'w8': 0.73, 'max_depth': 9, 'min_child_weight': 16, 'subsample': 0.8, 'colsample_bytree': 0.9000000000000001, 'gamma': 0.2}. Best is trial 1267 with value: 0.5099314743075365.
[I 2023-10-20 12:35:51,203] Trial 1611 finished with value: 0.5004768673825986 and parameters: {'w0': 0.2, 'w1': 0.9470000000000001, 'w2': 0.138, 'w3': 0.633, 'w4': 0.862, 'w5': 0.9430000000000001, 'w6': 0.23700000000000002, 'w7': 0.129, 'w8': 0.705, 'max_depth': 9, 'min_child_weight': 20, 'subsample': 0.8, 'colsample_bytree': 0.9000000000000001, 'gamma': 0.2}. Best is trial 1267 with value: 0.5099314743075365.
[I 2023-10-20 12:36:25,086] Trial 1614 finished with value: 0.469521035802831 and parameters: {'w0': 0.14400000000000002, 'w1': 0.148, 'w2': 0.428, 'w3': 0.147, 'w4': 0.861, 'w5': 0.56, 'w6': 0.271, 'w7': 0.121, 'w8': 0.732, 'max_depth': 10, 'min_child_weight': 16, 'subsample': 0.8, 'colsample_bytree': 0.9000000000000001, 'gamma': 0.2}. Best is trial 1267 with value: 0.5099314743075365.
[I 2023-10-20 12:36:28,349] Trial 1613 finished with value: 0.5067853844496872 and parameters: {'w0': 0.14500000000000002, 'w1': 0.9430000000000001, 'w2': 0.14200000000000002, 'w3': 0.455, 'w4': 0.908, 'w5': 0.9560000000000001, 'w6': 0.272, 'w7': 0.121, 'w8': 0.705, 'max_depth': 9, 'min_child_weight': 16, 'subsample': 0.8, 'colsample_bytree': 0.9000000000000001, 'gamma': 0.2}. Best is trial 1267 with value: 0.5099314743075365.
[I 2023-10-20 12:38:10,129] Trial 1615 finished with value: 0.5071115400653756 and parameters: {'w0': 0.114, 'w1': 0.9400000000000001, 'w2': 0.14300000000000002, 'w3': 0.448, 'w4': 0.855, 'w5': 0.9520000000000001, 'w6': 0.394, 'w7': 0.12000000000000001, 'w8': 0.7040000000000001, 'max_depth': 9, 'min_child_weight': 16, 'subsample': 0.8, 'colsample_bytree': 0.9000000000000001, 'gamma': 0.2}. Best is trial 1267 with value: 0.5099314743075365.
[I 2023-10-20 12:38:31,121] Trial 1612 finished with value: 0.45001929383400974 and parameters: {'w0': 0.14400000000000002, 'w1': 0.981, 'w2': 0.186, 'w3': 0.148, 'w4': 0.859, 'w5': 0.9500000000000001, 'w6': 0.392, 'w7': 0.761, 'w8': 0.73, 'max_depth': 9, 'min_child_weight': 10, 'subsample': 0.8, 'colsample_bytree': 0.9000000000000001, 'gamma': 0.2}. Best is trial 1267 with value: 0.5099314743075365.
[I 2023-10-20 12:40:25,725] Trial 1616 finished with value: 0.5051955044771583 and parameters: {'w0': 0.113, 'w1': 0.9390000000000001, 'w2': 0.139, 'w3': 0.457, 'w4': 0.858, 'w5': 0.9550000000000001, 'w6': 0.264, 'w7': 0.11900000000000001, 'w8': 0.624, 'max_depth': 10, 'min_child_weight': 16, 'subsample': 0.8, 'colsample_bytree': 0.9000000000000001, 'gamma': 0.2}. Best is trial 1267 with value: 0.5099314743075365.
[I 2023-10-20 12:42:16,983] Trial 1617 finished with value: 0.5084126566041831 and parameters: {'w0': 0.114, 'w1': 0.863, 'w2': 0.14100000000000001, 'w3': 0.463, 'w4': 0.86, 'w5': 0.965, 'w6': 0.392, 'w7': 0.12000000000000001, 'w8': 0.7040000000000001, 'max_depth': 10, 'min_child_weight': 16, 'subsample': 0.8, 'colsample_bytree': 0.9000000000000001, 'gamma': 0.2}. Best is trial 1267 with value: 0.5099314743075365.
[I 2023-10-20 12:44:20,817] Trial 1631 finished with value: 0.46659852730188006 and parameters: {'w0': 0.115, 'w1': 0.847, 'w2': 0.189, 'w3': 0.461, 'w4': 0.9570000000000001, 'w5': 0.981, 'w6': 0.483, 'w7': 0.085, 'w8': 0.627, 'max_depth': 10, 'min_child_weight': 16, 'subsample': 0.8, 'colsample_bytree': 0.5, 'gamma': 3.6}. Best is trial 1267 with value: 0.5099314743075365.
[I 2023-10-20 12:44:24,895] Trial 1618 finished with value: 0.48704718754863435 and parameters: {'w0': 0.116, 'w1': 0.9410000000000001, 'w2': 0.14100000000000001, 'w3': 0.46, 'w4': 0.855, 'w5': 0.976, 'w6': 0.268, 'w7': 0.267, 'w8': 0.71, 'max_depth': 10, 'min_child_weight': 10, 'subsample': 0.8, 'colsample_bytree': 0.9000000000000001, 'gamma': 0.2}. Best is trial 1267 with value: 0.5099314743075365.
[I 2023-10-20 12:44:43,451] Trial 1619 finished with value: 0.48496165175813655 and parameters: {'w0': 0.113, 'w1': 0.9390000000000001, 'w2': 0.768, 'w3': 0.461, 'w4': 0.859, 'w5': 0.966, 'w6': 0.485, 'w7': 0.122, 'w8': 0.707, 'max_depth': 10, 'min_child_weight': 10, 'subsample': 0.8, 'colsample_bytree': 0.9000000000000001, 'gamma': 0.0}. Best is trial 1267 with value: 0.5099314743075365.
[I 2023-10-20 12:45:31,652] Trial 1620 finished with value: 0.49646212800548856 and parameters: {'w0': 0.117, 'w1': 0.9380000000000001, 'w2': 0.189, 'w3': 0.457, 'w4': 0.9500000000000001, 'w5': 0.966, 'w6': 0.196, 'w7': 0.12000000000000001, 'w8': 0.7040000000000001, 'max_depth': 10, 'min_child_weight': 10, 'subsample': 0.8, 'colsample_bytree': 0.9000000000000001, 'gamma': 0.0}. Best is trial 1267 with value: 0.5099314743075365.
[I 2023-10-20 12:45:42,021] Trial 1621 finished with value: 0.4380999634384903 and parameters: {'w0': 0.108, 'w1': 0.86, 'w2': 0.187, 'w3': 0.63, 'w4': 0.854, 'w5': 0.106, 'w6': 0.259, 'w7': 0.681, 'w8': 0.706, 'max_depth': 10, 'min_child_weight': 16, 'subsample': 0.8, 'colsample_bytree': 0.9000000000000001, 'gamma': 0.0}. Best is trial 1267 with value: 0.5099314743075365.
[I 2023-10-20 12:45:43,038] Trial 1622 finished with value: 0.4995489227618223 and parameters: {'w0': 0.111, 'w1': 0.9380000000000001, 'w2': 0.183, 'w3': 0.46, 'w4': 0.857, 'w5': 0.968, 'w6': 0.199, 'w7': 0.121, 'w8': 0.7030000000000001, 'max_depth': 10, 'min_child_weight': 16, 'subsample': 0.8, 'colsample_bytree': 0.9000000000000001, 'gamma': 0.0}. Best is trial 1267 with value: 0.5099314743075365.
[I 2023-10-20 12:48:20,056] Trial 1623 finished with value: 0.5041864046655997 and parameters: {'w0': 0.114, 'w1': 0.864, 'w2': 0.138, 'w3': 0.629, 'w4': 0.855, 'w5': 0.968, 'w6': 0.269, 'w7': 0.11900000000000001, 'w8': 0.708, 'max_depth': 10, 'min_child_weight': 10, 'subsample': 0.8, 'colsample_bytree': 0.9000000000000001, 'gamma': 0.0}. Best is trial 1267 with value: 0.5099314743075365.
[I 2023-10-20 12:49:46,335] Trial 1625 finished with value: 0.4816506880726328 and parameters: {'w0': 0.114, 'w1': 0.9380000000000001, 'w2': 0.179, 'w3': 0.464, 'w4': 0.262, 'w5': 0.97, 'w6': 0.262, 'w7': 0.12000000000000001, 'w8': 0.705, 'max_depth': 10, 'min_child_weight': 16, 'subsample': 0.8, 'colsample_bytree': 0.5, 'gamma': 0.0}. Best is trial 1267 with value: 0.5099314743075365.
[I 2023-10-20 12:50:29,016] Trial 1624 finished with value: 0.5032583974432219 and parameters: {'w0': 0.111, 'w1': 0.936, 'w2': 0.187, 'w3': 0.636, 'w4': 0.856, 'w5': 0.973, 'w6': 0.264, 'w7': 0.11800000000000001, 'w8': 0.7020000000000001, 'max_depth': 10, 'min_child_weight': 16, 'subsample': 0.8, 'colsample_bytree': 0.9000000000000001, 'gamma': 0.0}. Best is trial 1267 with value: 0.5099314743075365.
[I 2023-10-20 12:51:15,171] Trial 1627 finished with value: 0.48657189875162693 and parameters: {'w0': 0.117, 'w1': 0.863, 'w2': 0.193, 'w3': 0.459, 'w4': 0.638, 'w5': 0.973, 'w6': 0.263, 'w7': 0.11900000000000001, 'w8': 0.243, 'max_depth': 10, 'min_child_weight': 16, 'subsample': 0.8, 'colsample_bytree': 0.5, 'gamma': 0.0}. Best is trial 1267 with value: 0.5099314743075365.
[I 2023-10-20 12:51:30,819] Trial 1626 finished with value: 0.47319352657841324 and parameters: {'w0': 0.112, 'w1': 0.866, 'w2': 0.921, 'w3': 0.468, 'w4': 0.859, 'w5': 0.968, 'w6': 0.392, 'w7': 0.12000000000000001, 'w8': 0.706, 'max_depth': 10, 'min_child_weight': 16, 'subsample': 0.8, 'colsample_bytree': 0.5, 'gamma': 0.0}. Best is trial 1267 with value: 0.5099314743075365.
[I 2023-10-20 12:51:55,489] Trial 1628 finished with value: 0.4930275435503096 and parameters: {'w0': 0.117, 'w1': 0.867, 'w2': 0.189, 'w3': 0.582, 'w4': 0.853, 'w5': 0.971, 'w6': 0.191, 'w7': 0.089, 'w8': 0.623, 'max_depth': 10, 'min_child_weight': 16, 'subsample': 0.8, 'colsample_bytree': 0.5, 'gamma': 0.0}. Best is trial 1267 with value: 0.5099314743075365.
[I 2023-10-20 12:52:50,597] Trial 1632 finished with value: 0.46018617705832404 and parameters: {'w0': 0.111, 'w1': 0.852, 'w2': 0.927, 'w3': 0.461, 'w4': 0.965, 'w5': 0.98, 'w6': 0.268, 'w7': 0.266, 'w8': 0.773, 'max_depth': 6, 'min_child_weight': 16, 'subsample': 0.9000000000000001, 'colsample_bytree': 0.5, 'gamma': 0.0}. Best is trial 1267 with value: 0.5099314743075365.
[I 2023-10-20 12:54:10,766] Trial 1630 finished with value: 0.47625207966585953 and parameters: {'w0': 0.585, 'w1': 0.858, 'w2': 0.184, 'w3': 0.578, 'w4': 0.9500000000000001, 'w5': 0.978, 'w6': 0.193, 'w7': 0.08800000000000001, 'w8': 0.624, 'max_depth': 10, 'min_child_weight': 16, 'subsample': 0.8, 'colsample_bytree': 0.5, 'gamma': 0.0}. Best is trial 1267 with value: 0.5099314743075365.
[I 2023-10-20 12:54:16,752] Trial 1629 finished with value: 0.4471825567710792 and parameters: {'w0': 0.11900000000000001, 'w1': 0.864, 'w2': 0.181, 'w3': 0.979, 'w4': 0.852, 'w5': 0.976, 'w6': 0.488, 'w7': 0.776, 'w8': 0.62, 'max_depth': 10, 'min_child_weight': 10, 'subsample': 0.8, 'colsample_bytree': 0.5, 'gamma': 0.0}. Best is trial 1267 with value: 0.5099314743075365.
[I 2023-10-20 12:58:25,021] Trial 1637 finished with value: 0.4891939395859441 and parameters: {'w0': 0.084, 'w1': 0.871, 'w2': 0.185, 'w3': 0.443, 'w4': 0.842, 'w5': 0.92, 'w6': 0.355, 'w7': 0.084, 'w8': 0.6990000000000001, 'max_depth': 6, 'min_child_weight': 16, 'subsample': 0.8, 'colsample_bytree': 0.9000000000000001, 'gamma': 0.0}. Best is trial 1267 with value: 0.5099314743075365.
[I 2023-10-20 12:59:05,775] Trial 1638 finished with value: 0.4902496782277462 and parameters: {'w0': 0.089, 'w1': 0.856, 'w2': 0.182, 'w3': 0.437, 'w4': 0.843, 'w5': 0.915, 'w6': 0.324, 'w7': 0.085, 'w8': 0.768, 'max_depth': 6, 'min_child_weight': 6, 'subsample': 0.9000000000000001, 'colsample_bytree': 0.9000000000000001, 'gamma': 0.0}. Best is trial 1267 with value: 0.5099314743075365.
[I 2023-10-20 12:59:08,154] Trial 1633 finished with value: 0.4997033653816694 and parameters: {'w0': 0.08700000000000001, 'w1': 0.865, 'w2': 0.188, 'w3': 0.466, 'w4': 0.8190000000000001, 'w5': 0.969, 'w6': 0.359, 'w7': 0.08700000000000001, 'w8': 0.7040000000000001, 'max_depth': 10, 'min_child_weight': 16, 'subsample': 0.9000000000000001, 'colsample_bytree': 0.9000000000000001, 'gamma': 0.0}. Best is trial 1267 with value: 0.5099314743075365.
[I 2023-10-20 13:01:01,453] Trial 1634 finished with value: 0.49883217571850724 and parameters: {'w0': 0.084, 'w1': 0.867, 'w2': 0.18, 'w3': 0.458, 'w4': 0.865, 'w5': 0.969, 'w6': 0.198, 'w7': 0.089, 'w8': 0.705, 'max_depth': 10, 'min_child_weight': 16, 'subsample': 0.9000000000000001, 'colsample_bytree': 0.9000000000000001, 'gamma': 0.0}. Best is trial 1267 with value: 0.5099314743075365.
[I 2023-10-20 13:01:05,102] Trial 1636 finished with value: 0.4962934945509912 and parameters: {'w0': 0.08700000000000001, 'w1': 0.863, 'w2': 0.179, 'w3': 0.423, 'w4': 0.812, 'w5': 0.969, 'w6': 0.197, 'w7': 0.082, 'w8': 0.707, 'max_depth': 10, 'min_child_weight': 16, 'subsample': 0.9000000000000001, 'colsample_bytree': 0.9000000000000001, 'gamma': 0.0}. Best is trial 1267 with value: 0.5099314743075365.
[I 2023-10-20 13:01:12,489] Trial 1639 finished with value: 0.48702703636228106 and parameters: {'w0': 0.093, 'w1': 0.863, 'w2': 0.181, 'w3': 0.443, 'w4': 0.8220000000000001, 'w5': 0.049, 'w6': 0.356, 'w7': 0.08800000000000001, 'w8': 0.744, 'max_depth': 10, 'min_child_weight': 16, 'subsample': 0.9000000000000001, 'colsample_bytree': 0.9000000000000001, 'gamma': 0.0}. Best is trial 1267 with value: 0.5099314743075365.
[I 2023-10-20 13:01:18,926] Trial 1635 finished with value: 0.49488604483759857 and parameters: {'w0': 0.095, 'w1': 0.85, 'w2': 0.18, 'w3': 0.438, 'w4': 0.847, 'w5': 0.918, 'w6': 0.363, 'w7': 0.08600000000000001, 'w8': 0.7020000000000001, 'max_depth': 10, 'min_child_weight': 16, 'subsample': 0.9000000000000001, 'colsample_bytree': 0.9000000000000001, 'gamma': 0.0}. Best is trial 1267 with value: 0.5099314743075365.
[I 2023-10-20 13:03:59,049] Trial 1646 finished with value: 0.5009256052317675 and parameters: {'w0': 0.084, 'w1': 0.835, 'w2': 0.08600000000000001, 'w3': 0.433, 'w4': 0.87, 'w5': 0.9540000000000001, 'w6': 0.357, 'w7': 0.08600000000000001, 'w8': 0.745, 'max_depth': 6, 'min_child_weight': 16, 'subsample': 0.9000000000000001, 'colsample_bytree': 0.9000000000000001, 'gamma': 0.4}. Best is trial 1267 with value: 0.5099314743075365.
[I 2023-10-20 13:04:04,333] Trial 1640 finished with value: 0.48400884866718147 and parameters: {'w0': 0.156, 'w1': 0.101, 'w2': 0.181, 'w3': 0.439, 'w4': 0.8210000000000001, 'w5': 0.636, 'w6': 0.327, 'w7': 0.08700000000000001, 'w8': 0.744, 'max_depth': 10, 'min_child_weight': 16, 'subsample': 0.9000000000000001, 'colsample_bytree': 0.9000000000000001, 'gamma': 0.0}. Best is trial 1267 with value: 0.5099314743075365.
