[I 2023-10-18 22:39:20,882] Trial 979 finished with value: 0.5299735056552728 and parameters: {'w0': 0.155, 'w1': 0.896, 'w2': 0.11900000000000001, 'w3': 0.671, 'w4': 0.784, 'w5': 0.796, 'w6': 0.641, 'w7': 0.17300000000000001, 'w8': 0.912, 'max_depth': 10, 'min_child_weight': 16, 'subsample': 0.9000000000000001, 'colsample_bytree': 0.6000000000000001, 'gamma': 0.2}. Best is trial 796 with value: 0.5427258797393881.
[I 2023-10-18 22:39:53,468] Trial 982 finished with value: 0.5327393766386125 and parameters: {'w0': 0.188, 'w1': 0.903, 'w2': 0.116, 'w3': 0.264, 'w4': 0.805, 'w5': 0.8, 'w6': 0.354, 'w7': 0.057, 'w8': 0.985, 'max_depth': 10, 'min_child_weight': 16, 'subsample': 0.9000000000000001, 'colsample_bytree': 0.6000000000000001, 'gamma': 0.0}. Best is trial 796 with value: 0.5427258797393881.
[I 2023-10-18 22:40:57,508] Trial 983 finished with value: 0.5319310012775311 and parameters: {'w0': 0.18, 'w1': 0.509, 'w2': 0.122, 'w3': 0.266, 'w4': 0.806, 'w5': 0.797, 'w6': 0.321, 'w7': 0.065, 'w8': 0.913, 'max_depth': 10, 'min_child_weight': 16, 'subsample': 0.9000000000000001, 'colsample_bytree': 0.6000000000000001, 'gamma': 0.0}. Best is trial 796 with value: 0.5427258797393881.
[I 2023-10-18 22:41:20,859] Trial 984 finished with value: 0.5315938517549539 and parameters: {'w0': 0.187, 'w1': 0.898, 'w2': 0.124, 'w3': 0.258, 'w4': 0.8300000000000001, 'w5': 0.799, 'w6': 0.648, 'w7': 0.062, 'w8': 0.913, 'max_depth': 10, 'min_child_weight': 16, 'subsample': 0.9000000000000001, 'colsample_bytree': 0.6000000000000001, 'gamma': 0.0}. Best is trial 796 with value: 0.5427258797393881.
[I 2023-10-18 22:41:25,335] Trial 981 finished with value: 0.48651875948429807 and parameters: {'w0': 0.867, 'w1': 0.5, 'w2': 0.9520000000000001, 'w3': 0.675, 'w4': 0.812, 'w5': 0.799, 'w6': 0.34500000000000003, 'w7': 0.066, 'w8': 0.916, 'max_depth': 10, 'min_child_weight': 16, 'subsample': 0.9000000000000001, 'colsample_bytree': 0.6000000000000001, 'gamma': 0.2}. Best is trial 796 with value: 0.5427258797393881.
[I 2023-10-18 22:41:38,891] Trial 985 finished with value: 0.5285557283217204 and parameters: {'w0': 0.182, 'w1': 0.533, 'w2': 0.117, 'w3': 0.168, 'w4': 0.812, 'w5': 0.5740000000000001, 'w6': 0.645, 'w7': 0.059000000000000004, 'w8': 0.915, 'max_depth': 10, 'min_child_weight': 16, 'subsample': 0.9000000000000001, 'colsample_bytree': 0.6000000000000001, 'gamma': 0.0}. Best is trial 796 with value: 0.5427258797393881.
[I 2023-10-18 22:41:46,377] Trial 988 finished with value: 0.5185776621443466 and parameters: {'w0': 0.189, 'w1': 0.902, 'w2': 0.12000000000000001, 'w3': 0.166, 'w4': 0.725, 'w5': 0.8200000000000001, 'w6': 0.322, 'w7': 0.064, 'w8': 0.132, 'max_depth': 10, 'min_child_weight': 16, 'subsample': 0.9000000000000001, 'colsample_bytree': 0.6000000000000001, 'gamma': 0.0}. Best is trial 796 with value: 0.5427258797393881.
[I 2023-10-18 22:42:23,515] Trial 986 finished with value: 0.5321687644964199 and parameters: {'w0': 0.188, 'w1': 0.894, 'w2': 0.11800000000000001, 'w3': 0.114, 'w4': 0.8220000000000001, 'w5': 0.8200000000000001, 'w6': 0.643, 'w7': 0.064, 'w8': 0.9440000000000001, 'max_depth': 10, 'min_child_weight': 16, 'subsample': 0.9000000000000001, 'colsample_bytree': 0.6000000000000001, 'gamma': 0.0}. Best is trial 796 with value: 0.5427258797393881.
[I 2023-10-18 22:44:03,228] Trial 991 finished with value: 0.44076606210585934 and parameters: {'w0': 0.19, 'w1': 0.899, 'w2': 0.12000000000000001, 'w3': 0.12000000000000001, 'w4': 0.81, 'w5': 0.846, 'w6': 0.32, 'w7': 0.399, 'w8': 0.914, 'max_depth': 10, 'min_child_weight': 16, 'subsample': 0.2, 'colsample_bytree': 0.6000000000000001, 'gamma': 0.0}. Best is trial 796 with value: 0.5427258797393881.
[I 2023-10-18 22:44:07,710] Trial 992 finished with value: 0.5190101098591395 and parameters: {'w0': 0.184, 'w1': 0.764, 'w2': 0.11900000000000001, 'w3': 0.17300000000000001, 'w4': 0.663, 'w5': 0.8170000000000001, 'w6': 0.668, 'w7': 0.059000000000000004, 'w8': 0.913, 'max_depth': 5, 'min_child_weight': 16, 'subsample': 0.9000000000000001, 'colsample_bytree': 0.6000000000000001, 'gamma': 0.0}. Best is trial 796 with value: 0.5427258797393881.
[I 2023-10-18 22:45:13,416] Trial 990 finished with value: 0.5280770091408333 and parameters: {'w0': 0.191, 'w1': 0.399, 'w2': 0.11800000000000001, 'w3': 0.121, 'w4': 0.8210000000000001, 'w5': 0.812, 'w6': 0.645, 'w7': 0.061, 'w8': 0.911, 'max_depth': 10, 'min_child_weight': 16, 'subsample': 0.9000000000000001, 'colsample_bytree': 0.6000000000000001, 'gamma': 0.0}. Best is trial 796 with value: 0.5427258797393881.
[I 2023-10-18 22:45:23,822] Trial 989 finished with value: 0.5311100381694301 and parameters: {'w0': 0.189, 'w1': 0.901, 'w2': 0.11800000000000001, 'w3': 0.167, 'w4': 0.808, 'w5': 0.811, 'w6': 0.784, 'w7': 0.061, 'w8': 0.552, 'max_depth': 10, 'min_child_weight': 16, 'subsample': 0.9000000000000001, 'colsample_bytree': 0.6000000000000001, 'gamma': 0.0}. Best is trial 796 with value: 0.5427258797393881.
[I 2023-10-18 22:47:12,022] Trial 993 finished with value: 0.5278959724769887 and parameters: {'w0': 0.183, 'w1': 0.897, 'w2': 0.114, 'w3': 0.114, 'w4': 0.66, 'w5': 0.81, 'w6': 0.714, 'w7': 0.063, 'w8': 0.914, 'max_depth': 7, 'min_child_weight': 14, 'subsample': 0.9000000000000001, 'colsample_bytree': 0.6000000000000001, 'gamma': 0.0}. Best is trial 796 with value: 0.5427258797393881.
[I 2023-10-18 22:50:09,748] Trial 995 finished with value: 0.5260327768498769 and parameters: {'w0': 0.128, 'w1': 0.397, 'w2': 0.12000000000000001, 'w3': 0.171, 'w4': 0.807, 'w5': 0.847, 'w6': 0.308, 'w7': 0.099, 'w8': 0.122, 'max_depth': 10, 'min_child_weight': 14, 'subsample': 0.9000000000000001, 'colsample_bytree': 0.6000000000000001, 'gamma': 0.0}. Best is trial 796 with value: 0.5427258797393881.
[I 2023-10-18 22:50:26,730] Trial 994 finished with value: 0.5361468176527501 and parameters: {'w0': 0.13, 'w1': 0.757, 'w2': 0.121, 'w3': 0.2, 'w4': 0.665, 'w5': 0.842, 'w6': 0.655, 'w7': 0.101, 'w8': 0.9500000000000001, 'max_depth': 10, 'min_child_weight': 16, 'subsample': 0.9000000000000001, 'colsample_bytree': 0.6000000000000001, 'gamma': 0.0}. Best is trial 796 with value: 0.5427258797393881.
[I 2023-10-18 22:54:18,457] Trial 996 finished with value: 0.538913849720025 and parameters: {'w0': 0.129, 'w1': 0.901, 'w2': 0.12000000000000001, 'w3': 0.203, 'w4': 0.711, 'w5': 0.848, 'w6': 0.247, 'w7': 0.098, 'w8': 0.9430000000000001, 'max_depth': 10, 'min_child_weight': 14, 'subsample': 0.9000000000000001, 'colsample_bytree': 0.6000000000000001, 'gamma': 0.0}. Best is trial 796 with value: 0.5427258797393881.
[I 2023-10-18 22:55:52,817] Trial 1003 finished with value: 0.5311991478470766 and parameters: {'w0': 0.131, 'w1': 0.762, 'w2': 0.163, 'w3': 0.117, 'w4': 0.668, 'w5': 0.845, 'w6': 0.3, 'w7': 0.1, 'w8': 0.9470000000000001, 'max_depth': 10, 'min_child_weight': 20, 'subsample': 0.9000000000000001, 'colsample_bytree': 0.5, 'gamma': 0.4}. Best is trial 796 with value: 0.5427258797393881.
[I 2023-10-18 22:55:53,642] Trial 1002 finished with value: 0.4705561447621444 and parameters: {'w0': 0.015, 'w1': 0.892, 'w2': 0.167, 'w3': 0.109, 'w4': 0.728, 'w5': 0.845, 'w6': 0.523, 'w7': 0.10200000000000001, 'w8': 0.9480000000000001, 'max_depth': 10, 'min_child_weight': 14, 'subsample': 0.9000000000000001, 'colsample_bytree': 0.5, 'gamma': 0.4}. Best is trial 796 with value: 0.5427258797393881.
[I 2023-10-18 22:57:44,777] Trial 1006 finished with value: 0.527450852831137 and parameters: {'w0': 0.126, 'w1': 0.399, 'w2': 0.157, 'w3': 0.202, 'w4': 0.73, 'w5': 0.845, 'w6': 0.232, 'w7': 0.094, 'w8': 0.9470000000000001, 'max_depth': 10, 'min_child_weight': 14, 'subsample': 0.9000000000000001, 'colsample_bytree': 0.5, 'gamma': 0.4}. Best is trial 796 with value: 0.5427258797393881.
[I 2023-10-18 22:57:44,861] Trial 1005 finished with value: 0.5231058398508871 and parameters: {'w0': 0.127, 'w1': 0.928, 'w2': 0.17, 'w3': 0.169, 'w4': 0.665, 'w5': 0.846, 'w6': 0.708, 'w7': 0.1, 'w8': 0.196, 'max_depth': 7, 'min_child_weight': 14, 'subsample': 0.9000000000000001, 'colsample_bytree': 0.7, 'gamma': 0.4}. Best is trial 796 with value: 0.5427258797393881.
[I 2023-10-18 22:58:11,545] Trial 997 finished with value: 0.5389411340041251 and parameters: {'w0': 0.127, 'w1': 0.899, 'w2': 0.125, 'w3': 0.17, 'w4': 0.808, 'w5': 0.846, 'w6': 0.306, 'w7': 0.096, 'w8': 0.9450000000000001, 'max_depth': 10, 'min_child_weight': 14, 'subsample': 0.9000000000000001, 'colsample_bytree': 0.6000000000000001, 'gamma': 0.0}. Best is trial 796 with value: 0.5427258797393881.
[I 2023-10-18 22:58:11,780] Trial 998 finished with value: 0.5299427196461685 and parameters: {'w0': 0.131, 'w1': 0.925, 'w2': 0.123, 'w3': 0.169, 'w4': 0.364, 'w5': 0.843, 'w6': 0.241, 'w7': 0.10500000000000001, 'w8': 0.9510000000000001, 'max_depth': 10, 'min_child_weight': 14, 'subsample': 0.9000000000000001, 'colsample_bytree': 0.6000000000000001, 'gamma': 0.0}. Best is trial 796 with value: 0.5427258797393881.
[I 2023-10-18 22:58:39,287] Trial 1004 finished with value: 0.5114385700846177 and parameters: {'w0': 0.127, 'w1': 0.921, 'w2': 0.464, 'w3': 0.2, 'w4': 0.708, 'w5': 0.8260000000000001, 'w6': 0.24000000000000002, 'w7': 0.099, 'w8': 0.9470000000000001, 'max_depth': 10, 'min_child_weight': 14, 'subsample': 0.9000000000000001, 'colsample_bytree': 0.6000000000000001, 'gamma': 0.4}. Best is trial 796 with value: 0.5427258797393881.
[I 2023-10-18 22:58:54,356] Trial 999 finished with value: 0.5125307844516603 and parameters: {'w0': 0.133, 'w1': 0.923, 'w2': 0.163, 'w3': 0.202, 'w4': 0.661, 'w5': 0.85, 'w6': 0.056, 'w7': 0.101, 'w8': 0.9460000000000001, 'max_depth': 10, 'min_child_weight': 14, 'subsample': 0.9000000000000001, 'colsample_bytree': 0.6000000000000001, 'gamma': 0.0}. Best is trial 796 with value: 0.5427258797393881.
[I 2023-10-18 22:59:19,634] Trial 1007 finished with value: 0.4126443839065436 and parameters: {'w0': 0.47500000000000003, 'w1': 0.928, 'w2': 0.153, 'w3': 0.005, 'w4': 0.706, 'w5': 0.846, 'w6': 0.23600000000000002, 'w7': 0.097, 'w8': 0.9470000000000001, 'max_depth': 7, 'min_child_weight': 14, 'subsample': 0.9000000000000001, 'colsample_bytree': 0.7, 'gamma': 0.4}. Best is trial 796 with value: 0.5427258797393881.
[I 2023-10-18 23:00:16,340] Trial 1008 finished with value: 0.5317803037566794 and parameters: {'w0': 0.128, 'w1': 0.922, 'w2': 0.161, 'w3': 0.201, 'w4': 0.773, 'w5': 0.847, 'w6': 0.227, 'w7': 0.10200000000000001, 'w8': 0.9480000000000001, 'max_depth': 10, 'min_child_weight': 20, 'subsample': 0.9000000000000001, 'colsample_bytree': 0.7, 'gamma': 0.4}. Best is trial 796 with value: 0.5427258797393881.
[I 2023-10-18 23:00:39,584] Trial 1001 finished with value: 0.5350563025831315 and parameters: {'w0': 0.13, 'w1': 0.93, 'w2': 0.166, 'w3': 0.17, 'w4': 0.663, 'w5': 0.845, 'w6': 0.788, 'w7': 0.096, 'w8': 0.9470000000000001, 'max_depth': 10, 'min_child_weight': 14, 'subsample': 0.9000000000000001, 'colsample_bytree': 0.6000000000000001, 'gamma': 0.0}. Best is trial 796 with value: 0.5427258797393881.
[I 2023-10-18 23:01:00,030] Trial 1000 finished with value: 0.4968123262054916 and parameters: {'w0': 0.136, 'w1': 0.923, 'w2': 0.124, 'w3': 0.113, 'w4': 0.729, 'w5': 0.844, 'w6': 0.521, 'w7': 0.403, 'w8': 0.9460000000000001, 'max_depth': 10, 'min_child_weight': 14, 'subsample': 0.9000000000000001, 'colsample_bytree': 0.6000000000000001, 'gamma': 0.0}. Best is trial 796 with value: 0.5427258797393881.
[I 2023-10-18 23:01:04,762] Trial 1009 finished with value: 0.523143604901896 and parameters: {'w0': 0.125, 'w1': 0.838, 'w2': 0.167, 'w3': 0.203, 'w4': 0.372, 'w5': 0.85, 'w6': 0.229, 'w7': 0.101, 'w8': 0.9440000000000001, 'max_depth': 10, 'min_child_weight': 14, 'subsample': 0.9000000000000001, 'colsample_bytree': 0.5, 'gamma': 0.4}. Best is trial 796 with value: 0.5427258797393881.
[I 2023-10-18 23:05:06,724] Trial 1021 finished with value: 0.4549006616572934 and parameters: {'w0': 0.10500000000000001, 'w1': 0.9380000000000001, 'w2': 0.184, 'w3': 0.2, 'w4': 0.784, 'w5': 0.892, 'w6': 0.252, 'w7': 0.029, 'w8': 0.9430000000000001, 'max_depth': 10, 'min_child_weight': 14, 'subsample': 0.9000000000000001, 'colsample_bytree': 0.6000000000000001, 'gamma': 6.2}. Best is trial 796 with value: 0.5427258797393881.
[I 2023-10-18 23:05:17,118] Trial 1011 finished with value: 0.531542968043164 and parameters: {'w0': 0.136, 'w1': 0.793, 'w2': 0.166, 'w3': 0.20800000000000002, 'w4': 0.711, 'w5': 0.847, 'w6': 0.241, 'w7': 0.099, 'w8': 1.0, 'max_depth': 10, 'min_child_weight': 14, 'subsample': 0.9000000000000001, 'colsample_bytree': 0.7, 'gamma': 0.4}. Best is trial 796 with value: 0.5427258797393881.
[I 2023-10-18 23:07:44,526] Trial 1012 finished with value: 0.5033996072890422 and parameters: {'w0': 0.029, 'w1': 0.928, 'w2': 0.166, 'w3': 0.2, 'w4': 0.716, 'w5': 0.851, 'w6': 0.251, 'w7': 0.1, 'w8': 0.9460000000000001, 'max_depth': 10, 'min_child_weight': 14, 'subsample': 0.9000000000000001, 'colsample_bytree': 0.5, 'gamma': 0.4}. Best is trial 796 with value: 0.5427258797393881.
[I 2023-10-18 23:08:12,862] Trial 1016 finished with value: 0.502905578143987 and parameters: {'w0': 0.1, 'w1': 0.917, 'w2': 0.056, 'w3': 0.202, 'w4': 0.77, 'w5': 0.896, 'w6': 0.248, 'w7': 0.135, 'w8': 1.0, 'max_depth': 10, 'min_child_weight': 14, 'subsample': 0.9000000000000001, 'colsample_bytree': 0.6000000000000001, 'gamma': 0.8}. Best is trial 796 with value: 0.5427258797393881.
[I 2023-10-18 23:08:32,012] Trial 1010 finished with value: 0.5078353942074189 and parameters: {'w0': 0.129, 'w1': 0.723, 'w2': 0.85, 'w3': 0.201, 'w4': 0.709, 'w5': 0.843, 'w6': 0.525, 'w7': 0.099, 'w8': 0.9440000000000001, 'max_depth': 10, 'min_child_weight': 14, 'subsample': 0.9000000000000001, 'colsample_bytree': 0.7, 'gamma': 0.4}. Best is trial 796 with value: 0.5427258797393881.
[I 2023-10-18 23:08:44,454] Trial 1020 finished with value: 0.5018693353387988 and parameters: {'w0': 0.083, 'w1': 0.9560000000000001, 'w2': 0.056, 'w3': 0.182, 'w4': 0.778, 'w5': 0.855, 'w6': 0.264, 'w7': 0.136, 'w8': 0.607, 'max_depth': 10, 'min_child_weight': 14, 'subsample': 0.9000000000000001, 'colsample_bytree': 0.6000000000000001, 'gamma': 0.8}. Best is trial 796 with value: 0.5427258797393881.
[I 2023-10-18 23:08:54,065] Trial 1014 finished with value: 0.5100841090699662 and parameters: {'w0': 0.129, 'w1': 0.928, 'w2': 0.045, 'w3': 0.20500000000000002, 'w4': 0.368, 'w5': 0.849, 'w6': 0.244, 'w7': 0.027000000000000003, 'w8': 0.986, 'max_depth': 10, 'min_child_weight': 14, 'subsample': 0.9000000000000001, 'colsample_bytree': 0.6000000000000001, 'gamma': 0.4}. Best is trial 796 with value: 0.5427258797393881.
[I 2023-10-18 23:09:46,472] Trial 1013 finished with value: 0.5070241632764366 and parameters: {'w0': 0.125, 'w1': 0.922, 'w2': 0.159, 'w3': 0.201, 'w4': 0.714, 'w5': 0.852, 'w6': 0.229, 'w7': 0.030000000000000002, 'w8': 1.0, 'max_depth': 10, 'min_child_weight': 14, 'subsample': 0.9000000000000001, 'colsample_bytree': 0.6000000000000001, 'gamma': 0.4}. Best is trial 796 with value: 0.5427258797393881.
[I 2023-10-18 23:10:06,947] Trial 1022 finished with value: 0.5223788606239002 and parameters: {'w0': 0.106, 'w1': 0.9470000000000001, 'w2': 0.048, 'w3': 0.201, 'w4': 0.782, 'w5': 0.888, 'w6': 0.28700000000000003, 'w7': 0.042, 'w8': 0.977, 'max_depth': 10, 'min_child_weight': 14, 'subsample': 0.9000000000000001, 'colsample_bytree': 0.6000000000000001, 'gamma': 0.8}. Best is trial 796 with value: 0.5427258797393881.
[I 2023-10-18 23:10:16,983] Trial 1023 finished with value: 0.5073977575683063 and parameters: {'w0': 0.077, 'w1': 0.884, 'w2': 0.047, 'w3': 0.20700000000000002, 'w4': 0.775, 'w5': 0.903, 'w6': 0.241, 'w7': 0.031, 'w8': 0.983, 'max_depth': 10, 'min_child_weight': 14, 'subsample': 0.9000000000000001, 'colsample_bytree': 0.6000000000000001, 'gamma': 0.8}. Best is trial 796 with value: 0.5427258797393881.
[I 2023-10-18 23:10:43,019] Trial 1019 finished with value: 0.4822087342253897 and parameters: {'w0': 0.078, 'w1': 0.9520000000000001, 'w2': 0.85, 'w3': 0.193, 'w4': 0.779, 'w5': 0.89, 'w6': 0.267, 'w7': 0.039, 'w8': 0.9440000000000001, 'max_depth': 10, 'min_child_weight': 14, 'subsample': 0.9000000000000001, 'colsample_bytree': 0.6000000000000001, 'gamma': 0.8}. Best is trial 796 with value: 0.5427258797393881.
[I 2023-10-18 23:11:00,163] Trial 1025 finished with value: 0.5038466705556949 and parameters: {'w0': 0.10300000000000001, 'w1': 1.0, 'w2': 0.046, 'w3': 0.20400000000000001, 'w4': 0.84, 'w5': 0.883, 'w6': 0.278, 'w7': 0.029, 'w8': 0.987, 'max_depth': 10, 'min_child_weight': 14, 'subsample': 0.9000000000000001, 'colsample_bytree': 0.6000000000000001, 'gamma': 0.8}. Best is trial 796 with value: 0.5427258797393881.
[I 2023-10-18 23:11:09,901] Trial 1024 finished with value: 0.4973810826253053 and parameters: {'w0': 0.10500000000000001, 'w1': 0.9480000000000001, 'w2': 0.047, 'w3': 0.201, 'w4': 0.782, 'w5': 0.892, 'w6': 0.272, 'w7': 0.137, 'w8': 0.98, 'max_depth': 10, 'min_child_weight': 14, 'subsample': 0.9000000000000001, 'colsample_bytree': 0.6000000000000001, 'gamma': 0.8}. Best is trial 796 with value: 0.5427258797393881.
[I 2023-10-18 23:11:28,688] Trial 1015 finished with value: 0.5069142605599797 and parameters: {'w0': 0.109, 'w1': 0.924, 'w2': 0.044000000000000004, 'w3': 0.203, 'w4': 0.708, 'w5': 0.892, 'w6': 0.264, 'w7': 0.1, 'w8': 0.985, 'max_depth': 10, 'min_child_weight': 14, 'subsample': 0.9000000000000001, 'colsample_bytree': 0.6000000000000001, 'gamma': 0.4}. Best is trial 796 with value: 0.5427258797393881.
[I 2023-10-18 23:14:12,792] Trial 1018 finished with value: 0.48368716963542263 and parameters: {'w0': 0.812, 'w1': 0.923, 'w2': 0.765, 'w3': 0.202, 'w4': 0.777, 'w5': 0.895, 'w6': 0.246, 'w7': 0.489, 'w8': 0.33, 'max_depth': 10, 'min_child_weight': 14, 'subsample': 0.9000000000000001, 'colsample_bytree': 0.6000000000000001, 'gamma': 0.8}. Best is trial 796 with value: 0.5427258797393881.
[I 2023-10-18 23:14:49,236] Trial 1017 finished with value: 0.4851719519420529 and parameters: {'w0': 0.10300000000000001, 'w1': 0.925, 'w2': 0.682, 'w3': 0.196, 'w4': 0.783, 'w5': 0.884, 'w6': 0.25, 'w7': 0.021, 'w8': 0.9470000000000001, 'max_depth': 10, 'min_child_weight': 14, 'subsample': 0.9000000000000001, 'colsample_bytree': 0.6000000000000001, 'gamma': 0.4}. Best is trial 796 with value: 0.5427258797393881.
[I 2023-10-18 23:15:05,540] Trial 1026 finished with value: 0.5001220625640574 and parameters: {'w0': 0.083, 'w1': 0.889, 'w2': 0.136, 'w3': 0.185, 'w4': 0.778, 'w5': 0.88, 'w6': 0.256, 'w7': 0.031, 'w8': 0.631, 'max_depth': 10, 'min_child_weight': 14, 'subsample': 0.9000000000000001, 'colsample_bytree': 0.6000000000000001, 'gamma': 0.8}. Best is trial 796 with value: 0.5427258797393881.
[I 2023-10-18 23:15:51,015] Trial 1027 finished with value: 0.4982385876101322 and parameters: {'w0': 0.081, 'w1': 0.9480000000000001, 'w2': 0.046, 'w3': 0.177, 'w4': 0.777, 'w5': 0.881, 'w6': 0.276, 'w7': 0.137, 'w8': 0.98, 'max_depth': 10, 'min_child_weight': 14, 'subsample': 0.9000000000000001, 'colsample_bytree': 0.6000000000000001, 'gamma': 0.8}. Best is trial 796 with value: 0.5427258797393881.
[I 2023-10-18 23:16:29,332] Trial 1033 finished with value: 0.49368108614756895 and parameters: {'w0': 0.077, 'w1': 0.888, 'w2': 0.139, 'w3': 0.177, 'w4': 0.8330000000000001, 'w5': 0.87, 'w6': 0.304, 'w7': 0.077, 'w8': 0.978, 'max_depth': 10, 'min_child_weight': 14, 'subsample': 1.0, 'colsample_bytree': 0.6000000000000001, 'gamma': 2.6}. Best is trial 796 with value: 0.5427258797393881.
[I 2023-10-18 23:17:05,322] Trial 1034 finished with value: 0.48434727489047325 and parameters: {'w0': 0.074, 'w1': 0.887, 'w2': 0.14, 'w3': 0.17400000000000002, 'w4': 0.837, 'w5': 0.888, 'w6': 0.276, 'w7': 0.07300000000000001, 'w8': 0.974, 'max_depth': 10, 'min_child_weight': 14, 'subsample': 0.9000000000000001, 'colsample_bytree': 0.6000000000000001, 'gamma': 3.8000000000000003}. Best is trial 796 with value: 0.5427258797393881.
[I 2023-10-18 23:17:39,854] Trial 1037 finished with value: 0.487378487980731 and parameters: {'w0': 0.10500000000000001, 'w1': 0.883, 'w2': 0.133, 'w3': 0.156, 'w4': 0.865, 'w5': 0.8290000000000001, 'w6': 0.292, 'w7': 0.077, 'w8': 0.966, 'max_depth': 10, 'min_child_weight': 14, 'subsample': 1.0, 'colsample_bytree': 0.6000000000000001, 'gamma': 3.8000000000000003}. Best is trial 796 with value: 0.5427258797393881.
[I 2023-10-18 23:18:03,843] Trial 1028 finished with value: 0.5139857498265715 and parameters: {'w0': 0.077, 'w1': 1.0, 'w2': 0.04, 'w3': 0.179, 'w4': 0.841, 'w5': 0.876, 'w6': 0.268, 'w7': 0.041, 'w8': 0.982, 'max_depth': 10, 'min_child_weight': 14, 'subsample': 0.9000000000000001, 'colsample_bytree': 0.6000000000000001, 'gamma': 0.8}. Best is trial 796 with value: 0.5427258797393881.
[I 2023-10-18 23:18:39,823] Trial 1031 finished with value: 0.4958395160416455 and parameters: {'w0': 0.106, 'w1': 0.9570000000000001, 'w2': 0.136, 'w3': 0.177, 'w4': 0.834, 'w5': 0.88, 'w6': 0.272, 'w7': 0.031, 'w8': 0.34, 'max_depth': 10, 'min_child_weight': 14, 'subsample': 0.9000000000000001, 'colsample_bytree': 0.6000000000000001, 'gamma': 0.8}. Best is trial 796 with value: 0.5427258797393881.
[I 2023-10-18 23:19:03,096] Trial 1030 finished with value: 0.5172176089111388 and parameters: {'w0': 0.081, 'w1': 0.9560000000000001, 'w2': 0.135, 'w3': 0.17600000000000002, 'w4': 0.778, 'w5': 0.868, 'w6': 0.262, 'w7': 0.076, 'w8': 0.982, 'max_depth': 10, 'min_child_weight': 14, 'subsample': 0.9000000000000001, 'colsample_bytree': 0.6000000000000001, 'gamma': 0.8}. Best is trial 796 with value: 0.5427258797393881.
[I 2023-10-18 23:19:32,399] Trial 1029 finished with value: 0.4898545544062351 and parameters: {'w0': 0.083, 'w1': 0.9600000000000001, 'w2': 0.40700000000000003, 'w3': 0.179, 'w4': 0.78, 'w5': 0.89, 'w6': 0.293, 'w7': 0.026000000000000002, 'w8': 0.983, 'max_depth': 10, 'min_child_weight': 14, 'subsample': 0.9000000000000001, 'colsample_bytree': 0.6000000000000001, 'gamma': 0.8}. Best is trial 796 with value: 0.5427258797393881.
