[I 2023-10-20 17:01:21,603] Trial 1915 finished with value: 0.49330208150526345 and parameters: {'w0': 0.17300000000000001, 'w1': 0.866, 'w2': 0.147, 'w3': 0.379, 'w4': 0.925, 'w5': 0.8220000000000001, 'w6': 0.265, 'w7': 0.112, 'w8': 0.8230000000000001, 'max_depth': 7, 'min_child_weight': 18, 'subsample': 0.5, 'colsample_bytree': 0.9000000000000001, 'gamma': 0.8}. Best is trial 1267 with value: 0.5099314743075365.
[I 2023-10-20 17:01:36,059] Trial 1919 finished with value: 0.4934666926426083 and parameters: {'w0': 0.17200000000000001, 'w1': 0.862, 'w2': 0.155, 'w3': 0.134, 'w4': 0.844, 'w5': 0.976, 'w6': 0.263, 'w7': 0.111, 'w8': 0.8150000000000001, 'max_depth': 8, 'min_child_weight': 18, 'subsample': 0.8, 'colsample_bytree': 0.9000000000000001, 'gamma': 0.8}. Best is trial 1267 with value: 0.5099314743075365.
[I 2023-10-20 17:01:44,298] Trial 1917 finished with value: 0.49408776789066594 and parameters: {'w0': 0.17200000000000001, 'w1': 0.9570000000000001, 'w2': 0.154, 'w3': 0.065, 'w4': 0.846, 'w5': 0.974, 'w6': 0.258, 'w7': 0.109, 'w8': 0.8230000000000001, 'max_depth': 7, 'min_child_weight': 18, 'subsample': 0.8, 'colsample_bytree': 0.9000000000000001, 'gamma': 0.6000000000000001}. Best is trial 1267 with value: 0.5099314743075365.
[I 2023-10-20 17:01:45,188] Trial 1918 finished with value: 0.4741262457596728 and parameters: {'w0': 0.17300000000000001, 'w1': 0.862, 'w2': 0.159, 'w3': 0.131, 'w4': 0.924, 'w5': 0.976, 'w6': 0.251, 'w7': 0.28500000000000003, 'w8': 0.8250000000000001, 'max_depth': 7, 'min_child_weight': 18, 'subsample': 0.8, 'colsample_bytree': 0.9000000000000001, 'gamma': 0.8}. Best is trial 1267 with value: 0.5099314743075365.
[I 2023-10-20 17:03:01,739] Trial 1920 finished with value: 0.5019433753187607 and parameters: {'w0': 0.186, 'w1': 0.863, 'w2': 0.152, 'w3': 0.126, 'w4': 0.921, 'w5': 0.977, 'w6': 0.259, 'w7': 0.112, 'w8': 0.47600000000000003, 'max_depth': 7, 'min_child_weight': 18, 'subsample': 0.8, 'colsample_bytree': 0.9000000000000001, 'gamma': 0.8}. Best is trial 1267 with value: 0.5099314743075365.
[I 2023-10-20 17:03:38,347] Trial 1922 finished with value: 0.498116863149035 and parameters: {'w0': 0.17200000000000001, 'w1': 0.856, 'w2': 0.155, 'w3': 0.133, 'w4': 0.931, 'w5': 0.98, 'w6': 0.248, 'w7': 0.109, 'w8': 0.803, 'max_depth': 7, 'min_child_weight': 18, 'subsample': 0.8, 'colsample_bytree': 0.9000000000000001, 'gamma': 0.8}. Best is trial 1267 with value: 0.5099314743075365.
[I 2023-10-20 17:03:51,003] Trial 1921 finished with value: 0.49250390245656905 and parameters: {'w0': 0.171, 'w1': 1.0, 'w2': 0.151, 'w3': 0.060000000000000005, 'w4': 0.92, 'w5': 0.969, 'w6': 0.262, 'w7': 0.112, 'w8': 0.8190000000000001, 'max_depth': 7, 'min_child_weight': 18, 'subsample': 0.8, 'colsample_bytree': 0.9000000000000001, 'gamma': 0.8}. Best is trial 1267 with value: 0.5099314743075365.
[I 2023-10-20 17:04:21,924] Trial 1923 finished with value: 0.49429953312210984 and parameters: {'w0': 0.17300000000000001, 'w1': 0.389, 'w2': 0.153, 'w3': 0.111, 'w4': 0.927, 'w5': 0.976, 'w6': 0.315, 'w7': 0.139, 'w8': 0.8150000000000001, 'max_depth': 8, 'min_child_weight': 10, 'subsample': 0.8, 'colsample_bytree': 0.8, 'gamma': 0.8}. Best is trial 1267 with value: 0.5099314743075365.
[I 2023-10-20 17:04:53,154] Trial 1926 finished with value: 0.4512640369553301 and parameters: {'w0': 0.177, 'w1': 0.856, 'w2': 0.153, 'w3': 0.123, 'w4': 0.923, 'w5': 0.356, 'w6': 0.319, 'w7': 0.139, 'w8': 0.051000000000000004, 'max_depth': 8, 'min_child_weight': 18, 'subsample': 0.8, 'colsample_bytree': 0.8, 'gamma': 0.6000000000000001}. Best is trial 1267 with value: 0.5099314743075365.
[I 2023-10-20 17:06:29,867] Trial 1924 finished with value: 0.5001680414638232 and parameters: {'w0': 0.171, 'w1': 0.859, 'w2': 0.151, 'w3': 0.131, 'w4': 0.648, 'w5': 0.98, 'w6': 0.316, 'w7': 0.137, 'w8': 0.8200000000000001, 'max_depth': 7, 'min_child_weight': 18, 'subsample': 0.8, 'colsample_bytree': 0.9000000000000001, 'gamma': 0.6000000000000001}. Best is trial 1267 with value: 0.5099314743075365.
[I 2023-10-20 17:06:30,675] Trial 1925 finished with value: 0.4865790356983612 and parameters: {'w0': 0.531, 'w1': 0.873, 'w2': 0.128, 'w3': 0.505, 'w4': 0.921, 'w5': 0.98, 'w6': 0.313, 'w7': 0.14, 'w8': 0.462, 'max_depth': 8, 'min_child_weight': 18, 'subsample': 0.8, 'colsample_bytree': 0.8, 'gamma': 0.8}. Best is trial 1267 with value: 0.5099314743075365.
[I 2023-10-20 17:07:44,666] Trial 1928 finished with value: 0.4990948517835011 and parameters: {'w0': 0.162, 'w1': 0.863, 'w2': 0.149, 'w3': 0.11, 'w4': 0.92, 'w5': 0.976, 'w6': 0.306, 'w7': 0.138, 'w8': 0.8130000000000001, 'max_depth': 8, 'min_child_weight': 18, 'subsample': 0.8, 'colsample_bytree': 1.0, 'gamma': 0.6000000000000001}. Best is trial 1267 with value: 0.5099314743075365.
[I 2023-10-20 17:08:56,745] Trial 1934 finished with value: 0.471789782504305 and parameters: {'w0': 0.122, 'w1': 0.002, 'w2': 0.13, 'w3': 0.501, 'w4': 0.879, 'w5': 0.98, 'w6': 0.321, 'w7': 0.135, 'w8': 0.736, 'max_depth': 8, 'min_child_weight': 16, 'subsample': 0.8, 'colsample_bytree': 1.0, 'gamma': 1.6}. Best is trial 1267 with value: 0.5099314743075365.
[I 2023-10-20 17:09:28,388] Trial 1929 finished with value: 0.49978681984837386 and parameters: {'w0': 0.163, 'w1': 0.864, 'w2': 0.153, 'w3': 0.109, 'w4': 0.918, 'w5': 1.0, 'w6': 0.216, 'w7': 0.135, 'w8': 0.812, 'max_depth': 8, 'min_child_weight': 18, 'subsample': 0.8, 'colsample_bytree': 1.0, 'gamma': 0.6000000000000001}. Best is trial 1267 with value: 0.5099314743075365.
[I 2023-10-20 17:09:49,086] Trial 1935 finished with value: 0.49592359133910946 and parameters: {'w0': 0.124, 'w1': 0.601, 'w2': 0.13, 'w3': 0.506, 'w4': 0.877, 'w5': 1.0, 'w6': 0.316, 'w7': 0.14, 'w8': 0.733, 'max_depth': 8, 'min_child_weight': 16, 'subsample': 0.8, 'colsample_bytree': 1.0, 'gamma': 1.6}. Best is trial 1267 with value: 0.5099314743075365.
[I 2023-10-20 17:12:54,423] Trial 1944 finished with value: 0.4087406194621486 and parameters: {'w0': 0.124, 'w1': 0.8270000000000001, 'w2': 0.053000000000000005, 'w3': 0.487, 'w4': 0.876, 'w5': 0.918, 'w6': 0.365, 'w7': 0.155, 'w8': 0.735, 'max_depth': 8, 'min_child_weight': 16, 'subsample': 0.8, 'colsample_bytree': 0.6000000000000001, 'gamma': 7.0}. Best is trial 1267 with value: 0.5099314743075365.
[I 2023-10-20 17:13:34,955] Trial 1930 finished with value: 0.4978176750012086 and parameters: {'w0': 0.281, 'w1': 0.8240000000000001, 'w2': 0.128, 'w3': 0.505, 'w4': 0.92, 'w5': 0.98, 'w6': 0.31, 'w7': 0.14400000000000002, 'w8': 0.807, 'max_depth': 8, 'min_child_weight': 18, 'subsample': 0.8, 'colsample_bytree': 1.0, 'gamma': 0.6000000000000001}. Best is trial 1267 with value: 0.5099314743075365.
[I 2023-10-20 17:14:22,124] Trial 1936 finished with value: 0.5004049944060438 and parameters: {'w0': 0.122, 'w1': 0.9, 'w2': 0.132, 'w3': 0.508, 'w4': 0.879, 'w5': 0.92, 'w6': 0.315, 'w7': 0.14300000000000002, 'w8': 0.734, 'max_depth': 8, 'min_child_weight': 16, 'subsample': 0.8, 'colsample_bytree': 0.8, 'gamma': 0.6000000000000001}. Best is trial 1267 with value: 0.5099314743075365.
[I 2023-10-20 17:14:25,952] Trial 1931 finished with value: 0.4856910884321385 and parameters: {'w0': 0.134, 'w1': 0.867, 'w2': 0.056, 'w3': 0.13, 'w4': 0.878, 'w5': 1.0, 'w6': 0.307, 'w7': 0.134, 'w8': 0.805, 'max_depth': 8, 'min_child_weight': 16, 'subsample': 0.8, 'colsample_bytree': 0.8, 'gamma': 0.2}. Best is trial 1267 with value: 0.5099314743075365.
[I 2023-10-20 17:15:45,812] Trial 1932 finished with value: 0.47476979491708676 and parameters: {'w0': 0.126, 'w1': 0.87, 'w2': 0.13, 'w3': 0.665, 'w4': 0.882, 'w5': 0.981, 'w6': 0.307, 'w7': 0.28700000000000003, 'w8': 0.735, 'max_depth': 8, 'min_child_weight': 16, 'subsample': 0.8, 'colsample_bytree': 1.0, 'gamma': 0.6000000000000001}. Best is trial 1267 with value: 0.5099314743075365.
[I 2023-10-20 17:15:46,155] Trial 1933 finished with value: 0.4806394608528532 and parameters: {'w0': 0.599, 'w1': 0.896, 'w2': 0.13, 'w3': 0.506, 'w4': 0.874, 'w5': 1.0, 'w6': 0.31, 'w7': 0.167, 'w8': 0.809, 'max_depth': 8, 'min_child_weight': 16, 'subsample': 0.8, 'colsample_bytree': 0.8, 'gamma': 0.6000000000000001}. Best is trial 1267 with value: 0.5099314743075365.
[I 2023-10-20 17:16:35,502] Trial 1947 finished with value: 0.4878465971110587 and parameters: {'w0': 0.148, 'w1': 0.8260000000000001, 'w2': 0.085, 'w3': 0.425, 'w4': 0.97, 'w5': 0.918, 'w6': 0.772, 'w7': 0.078, 'w8': 0.733, 'max_depth': 8, 'min_child_weight': 16, 'subsample': 0.8, 'colsample_bytree': 0.6000000000000001, 'gamma': 2.4000000000000004}. Best is trial 1267 with value: 0.5099314743075365.
[I 2023-10-20 17:18:09,837] Trial 1937 finished with value: 0.49694741980043705 and parameters: {'w0': 0.121, 'w1': 0.8290000000000001, 'w2': 0.125, 'w3': 0.505, 'w4': 0.878, 'w5': 0.929, 'w6': 0.298, 'w7': 0.14200000000000002, 'w8': 0.732, 'max_depth': 8, 'min_child_weight': 16, 'subsample': 0.8, 'colsample_bytree': 1.0, 'gamma': 0.2}. Best is trial 1267 with value: 0.5099314743075365.
[I 2023-10-20 17:18:24,674] Trial 1938 finished with value: 0.4987262748204008 and parameters: {'w0': 0.123, 'w1': 0.892, 'w2': 0.126, 'w3': 0.505, 'w4': 0.883, 'w5': 0.924, 'w6': 0.315, 'w7': 0.166, 'w8': 0.733, 'max_depth': 8, 'min_child_weight': 16, 'subsample': 0.8, 'colsample_bytree': 0.8, 'gamma': 0.2}. Best is trial 1267 with value: 0.5099314743075365.
[I 2023-10-20 17:18:39,277] Trial 1939 finished with value: 0.4868345797438997 and parameters: {'w0': 0.122, 'w1': 0.8240000000000001, 'w2': 0.126, 'w3': 0.488, 'w4': 0.884, 'w5': 0.634, 'w6': 0.316, 'w7': 0.215, 'w8': 0.733, 'max_depth': 8, 'min_child_weight': 16, 'subsample': 0.8, 'colsample_bytree': 0.8, 'gamma': 0.2}. Best is trial 1267 with value: 0.5099314743075365.
[I 2023-10-20 17:19:12,633] Trial 1940 finished with value: 0.5061046476994902 and parameters: {'w0': 0.126, 'w1': 0.8290000000000001, 'w2': 0.131, 'w3': 1.0, 'w4': 0.878, 'w5': 0.919, 'w6': 0.316, 'w7': 0.14100000000000001, 'w8': 0.736, 'max_depth': 8, 'min_child_weight': 16, 'subsample': 0.8, 'colsample_bytree': 0.8, 'gamma': 0.2}. Best is trial 1267 with value: 0.5099314743075365.
[I 2023-10-20 17:20:26,394] Trial 1941 finished with value: 0.4665259605281637 and parameters: {'w0': 0.125, 'w1': 0.8290000000000001, 'w2': 0.129, 'w3': 0.492, 'w4': 0.881, 'w5': 0.924, 'w6': 0.312, 'w7': 0.41500000000000004, 'w8': 0.735, 'max_depth': 8, 'min_child_weight': 16, 'subsample': 0.8, 'colsample_bytree': 1.0, 'gamma': 0.2}. Best is trial 1267 with value: 0.5099314743075365.
[I 2023-10-20 17:21:20,980] Trial 1943 finished with value: 0.48802772179112897 and parameters: {'w0': 0.122, 'w1': 0.8250000000000001, 'w2': 0.081, 'w3': 0.41600000000000004, 'w4': 0.877, 'w5': 0.923, 'w6': 0.297, 'w7': 0.162, 'w8': 0.735, 'max_depth': 8, 'min_child_weight': 16, 'subsample': 0.7, 'colsample_bytree': 1.0, 'gamma': 0.2}. Best is trial 1267 with value: 0.5099314743075365.
[I 2023-10-20 17:21:54,748] Trial 1942 finished with value: 0.49654015946870206 and parameters: {'w0': 0.122, 'w1': 0.8260000000000001, 'w2': 0.127, 'w3': 0.511, 'w4': 0.878, 'w5': 1.0, 'w6': 0.299, 'w7': 0.157, 'w8': 0.734, 'max_depth': 8, 'min_child_weight': 16, 'subsample': 0.8, 'colsample_bytree': 1.0, 'gamma': 0.2}. Best is trial 1267 with value: 0.5099314743075365.
[I 2023-10-20 17:23:29,168] Trial 1945 finished with value: 0.4797778237743008 and parameters: {'w0': 0.138, 'w1': 0.634, 'w2': 0.062, 'w3': 0.421, 'w4': 0.877, 'w5': 1.0, 'w6': 0.367, 'w7': 0.164, 'w8': 0.764, 'max_depth': 8, 'min_child_weight': 16, 'subsample': 0.8, 'colsample_bytree': 0.6000000000000001, 'gamma': 0.2}. Best is trial 1267 with value: 0.5099314743075365.
[I 2023-10-20 17:24:06,397] Trial 1946 finished with value: 0.4876948072061515 and parameters: {'w0': 0.131, 'w1': 0.895, 'w2': 0.08700000000000001, 'w3': 0.41400000000000003, 'w4': 0.877, 'w5': 0.919, 'w6': 0.37, 'w7': 0.168, 'w8': 0.738, 'max_depth': 8, 'min_child_weight': 16, 'subsample': 0.8, 'colsample_bytree': 0.6000000000000001, 'gamma': 0.2}. Best is trial 1267 with value: 0.5099314743075365.
[I 2023-10-20 17:27:52,747] Trial 1948 finished with value: 0.5002761876628795 and parameters: {'w0': 0.14500000000000002, 'w1': 0.895, 'w2': 0.083, 'w3': 0.41200000000000003, 'w4': 0.978, 'w5': 0.923, 'w6': 0.298, 'w7': 0.076, 'w8': 0.762, 'max_depth': 8, 'min_child_weight': 12, 'subsample': 0.7, 'colsample_bytree': 0.6000000000000001, 'gamma': 0.2}. Best is trial 1267 with value: 0.5099314743075365.
[I 2023-10-20 17:28:17,829] Trial 1949 finished with value: 0.45924132782251426 and parameters: {'w0': 0.606, 'w1': 0.898, 'w2': 0.085, 'w3': 0.41700000000000004, 'w4': 0.978, 'w5': 0.215, 'w6': 0.295, 'w7': 0.164, 'w8': 0.761, 'max_depth': 9, 'min_child_weight': 16, 'subsample': 0.7, 'colsample_bytree': 0.6000000000000001, 'gamma': 0.2}. Best is trial 1267 with value: 0.5099314743075365.
[I 2023-10-20 17:28:46,492] Trial 1959 finished with value: 0.4868567343400943 and parameters: {'w0': 0.067, 'w1': 0.899, 'w2': 0.094, 'w3': 0.404, 'w4': 0.906, 'w5': 0.935, 'w6': 0.34600000000000003, 'w7': 0.075, 'w8': 0.764, 'max_depth': 3, 'min_child_weight': 12, 'subsample': 0.7, 'colsample_bytree': 0.6000000000000001, 'gamma': 0.4}. Best is trial 1267 with value: 0.5099314743075365.
[I 2023-10-20 17:29:13,985] Trial 1950 finished with value: 0.5050646351485457 and parameters: {'w0': 0.139, 'w1': 0.897, 'w2': 0.084, 'w3': 0.418, 'w4': 0.97, 'w5': 0.921, 'w6': 0.368, 'w7': 0.075, 'w8': 0.767, 'max_depth': 9, 'min_child_weight': 16, 'subsample': 0.7, 'colsample_bytree': 0.6000000000000001, 'gamma': 0.2}. Best is trial 1267 with value: 0.5099314743075365.
[I 2023-10-20 17:30:05,222] Trial 1951 finished with value: 0.5021011537957771 and parameters: {'w0': 0.14200000000000002, 'w1': 0.891, 'w2': 0.08800000000000001, 'w3': 0.41400000000000003, 'w4': 0.975, 'w5': 0.931, 'w6': 0.8250000000000001, 'w7': 0.077, 'w8': 0.764, 'max_depth': 9, 'min_child_weight': 16, 'subsample': 0.7, 'colsample_bytree': 0.6000000000000001, 'gamma': 0.2}. Best is trial 1267 with value: 0.5099314743075365.
[I 2023-10-20 17:30:48,995] Trial 1953 finished with value: 0.5049267630036728 and parameters: {'w0': 0.147, 'w1': 0.8260000000000001, 'w2': 0.085, 'w3': 0.418, 'w4': 0.976, 'w5': 0.541, 'w6': 0.369, 'w7': 0.084, 'w8': 0.763, 'max_depth': 9, 'min_child_weight': 16, 'subsample': 0.7, 'colsample_bytree': 0.6000000000000001, 'gamma': 0.2}. Best is trial 1267 with value: 0.5099314743075365.
[I 2023-10-20 17:32:50,481] Trial 1952 finished with value: 0.47876592043729477 and parameters: {'w0': 0.786, 'w1': 0.8230000000000001, 'w2': 0.484, 'w3': 0.422, 'w4': 0.973, 'w5': 0.929, 'w6': 0.767, 'w7': 0.40900000000000003, 'w8': 0.762, 'max_depth': 9, 'min_child_weight': 16, 'subsample': 0.7, 'colsample_bytree': 0.6000000000000001, 'gamma': 0.2}. Best is trial 1267 with value: 0.5099314743075365.
[I 2023-10-20 17:32:55,108] Trial 1954 finished with value: 0.48720979341434095 and parameters: {'w0': 0.5730000000000001, 'w1': 0.636, 'w2': 0.091, 'w3': 0.401, 'w4': 1.0, 'w5': 0.933, 'w6': 0.369, 'w7': 0.074, 'w8': 0.793, 'max_depth': 9, 'min_child_weight': 12, 'subsample': 0.7, 'colsample_bytree': 0.6000000000000001, 'gamma': 0.2}. Best is trial 1267 with value: 0.5099314743075365.
[I 2023-10-20 17:33:26,396] Trial 1955 finished with value: 0.5044642910358129 and parameters: {'w0': 0.07100000000000001, 'w1': 0.891, 'w2': 0.093, 'w3': 0.422, 'w4': 0.967, 'w5': 0.93, 'w6': 0.337, 'w7': 0.075, 'w8': 0.764, 'max_depth': 9, 'min_child_weight': 12, 'subsample': 0.7, 'colsample_bytree': 0.6000000000000001, 'gamma': 0.2}. Best is trial 1267 with value: 0.5099314743075365.
[I 2023-10-20 17:34:20,746] Trial 1957 finished with value: 0.4993732100176642 and parameters: {'w0': 0.197, 'w1': 0.9480000000000001, 'w2': 0.092, 'w3': 0.404, 'w4': 0.906, 'w5': 0.5730000000000001, 'w6': 0.359, 'w7': 0.076, 'w8': 0.757, 'max_depth': 9, 'min_child_weight': 12, 'subsample': 0.8, 'colsample_bytree': 0.6000000000000001, 'gamma': 0.2}. Best is trial 1267 with value: 0.5099314743075365.
[I 2023-10-20 17:34:28,632] Trial 1958 finished with value: 0.47009112997767205 and parameters: {'w0': 0.078, 'w1': 0.893, 'w2': 0.731, 'w3': 0.428, 'w4': 0.971, 'w5': 0.937, 'w6': 0.368, 'w7': 0.079, 'w8': 0.768, 'max_depth': 9, 'min_child_weight': 16, 'subsample': 0.7, 'colsample_bytree': 0.6000000000000001, 'gamma': 0.2}. Best is trial 1267 with value: 0.5099314743075365.
[I 2023-10-20 17:34:29,903] Trial 1956 finished with value: 0.4769754269734965 and parameters: {'w0': 0.07, 'w1': 0.9, 'w2': 0.091, 'w3': 0.41000000000000003, 'w4': 0.963, 'w5': 0.9430000000000001, 'w6': 0.34600000000000003, 'w7': 0.225, 'w8': 0.763, 'max_depth': 9, 'min_child_weight': 10, 'subsample': 0.8, 'colsample_bytree': 0.6000000000000001, 'gamma': 0.2}. Best is trial 1267 with value: 0.5099314743075365.
[I 2023-10-20 17:34:49,766] Trial 1960 finished with value: 0.5053473129876868 and parameters: {'w0': 0.07100000000000001, 'w1': 0.633, 'w2': 0.09, 'w3': 0.40700000000000003, 'w4': 0.908, 'w5': 0.9390000000000001, 'w6': 0.367, 'w7': 0.082, 'w8': 0.763, 'max_depth': 9, 'min_child_weight': 12, 'subsample': 0.8, 'colsample_bytree': 0.6000000000000001, 'gamma': 0.4}. Best is trial 1267 with value: 0.5099314743075365.
[I 2023-10-20 17:36:40,558] Trial 1965 finished with value: 0.4910973386757819 and parameters: {'w0': 0.075, 'w1': 0.9440000000000001, 'w2': 0.093, 'w3': 0.47900000000000004, 'w4': 0.908, 'w5': 0.9400000000000001, 'w6': 0.34500000000000003, 'w7': 0.08, 'w8': 0.788, 'max_depth': 3, 'min_child_weight': 12, 'subsample': 0.8, 'colsample_bytree': 0.9000000000000001, 'gamma': 0.4}. Best is trial 1267 with value: 0.5099314743075365.
[I 2023-10-20 17:36:59,308] Trial 1961 finished with value: 0.4992632927912815 and parameters: {'w0': 0.196, 'w1': 0.896, 'w2': 0.091, 'w3': 0.16, 'w4': 0.968, 'w5': 0.9410000000000001, 'w6': 0.369, 'w7': 0.08, 'w8': 0.77, 'max_depth': 9, 'min_child_weight': 12, 'subsample': 0.7, 'colsample_bytree': 0.6000000000000001, 'gamma': 0.4}. Best is trial 1267 with value: 0.5099314743075365.
[I 2023-10-20 17:38:41,602] Trial 1963 finished with value: 0.49764496716388584 and parameters: {'w0': 0.07300000000000001, 'w1': 0.898, 'w2': 0.095, 'w3': 0.397, 'w4': 0.999, 'w5': 0.9390000000000001, 'w6': 0.34800000000000003, 'w7': 0.079, 'w8': 0.767, 'max_depth': 9, 'min_child_weight': 12, 'subsample': 0.8, 'colsample_bytree': 0.9000000000000001, 'gamma': 0.4}. Best is trial 1267 with value: 0.5099314743075365.
[I 2023-10-20 17:39:46,945] Trial 1975 finished with value: 0.4249604900572378 and parameters: {'w0': 0.192, 'w1': 0.98, 'w2': 0.059000000000000004, 'w3': 0.178, 'w4': 0.907, 'w5': 0.966, 'w6': 0.34700000000000003, 'w7': 0.1, 'w8': 0.791, 'max_depth': 9, 'min_child_weight': 16, 'subsample': 0.8, 'colsample_bytree': 0.9000000000000001, 'gamma': 7.4}. Best is trial 1267 with value: 0.5099314743075365.
[I 2023-10-20 17:40:31,478] Trial 1962 finished with value: 0.47311932163465054 and parameters: {'w0': 0.063, 'w1': 0.901, 'w2': 0.5630000000000001, 'w3': 0.40900000000000003, 'w4': 0.97, 'w5': 0.9400000000000001, 'w6': 0.8250000000000001, 'w7': 0.07300000000000001, 'w8': 0.767, 'max_depth': 9, 'min_child_weight': 12, 'subsample': 0.7, 'colsample_bytree': 0.9000000000000001, 'gamma': 0.4}. Best is trial 1267 with value: 0.5099314743075365.
[I 2023-10-20 17:42:15,036] Trial 1964 finished with value: 0.504223956709418 and parameters: {'w0': 0.064, 'w1': 0.9510000000000001, 'w2': 0.096, 'w3': 0.399, 'w4': 0.974, 'w5': 0.9390000000000001, 'w6': 0.342, 'w7': 0.094, 'w8': 0.762, 'max_depth': 9, 'min_child_weight': 16, 'subsample': 0.8, 'colsample_bytree': 0.9000000000000001, 'gamma': 0.4}. Best is trial 1267 with value: 0.5099314743075365.
[I 2023-10-20 17:44:12,006] Trial 1967 finished with value: 0.5050033651111518 and parameters: {'w0': 0.192, 'w1': 0.9520000000000001, 'w2': 0.1, 'w3': 0.47600000000000003, 'w4': 0.908, 'w5': 0.9480000000000001, 'w6': 0.342, 'w7': 0.096, 'w8': 0.791, 'max_depth': 9, 'min_child_weight': 16, 'subsample': 0.8, 'colsample_bytree': 0.9000000000000001, 'gamma': 0.4}. Best is trial 1267 with value: 0.5099314743075365.
[I 2023-10-20 17:44:20,241] Trial 1966 finished with value: 0.4997950027281777 and parameters: {'w0': 0.196, 'w1': 0.9420000000000001, 'w2': 0.099, 'w3': 0.47700000000000004, 'w4': 0.999, 'w5': 0.9400000000000001, 'w6': 0.8260000000000001, 'w7': 0.081, 'w8': 0.794, 'max_depth': 9, 'min_child_weight': 16, 'subsample': 0.8, 'colsample_bytree': 0.9000000000000001, 'gamma': 0.4}. Best is trial 1267 with value: 0.5099314743075365.
[I 2023-10-20 17:44:24,046] Trial 1968 finished with value: 0.5011260180468531 and parameters: {'w0': 0.082, 'w1': 0.503, 'w2': 0.1, 'w3': 0.622, 'w4': 0.906, 'w5': 0.9430000000000001, 'w6': 0.343, 'w7': 0.096, 'w8': 0.795, 'max_depth': 9, 'min_child_weight': 16, 'subsample': 0.8, 'colsample_bytree': 0.9000000000000001, 'gamma': 0.4}. Best is trial 1267 with value: 0.5099314743075365.
[I 2023-10-20 17:46:46,214] Trial 1969 finished with value: 0.47838249592281884 and parameters: {'w0': 0.08800000000000001, 'w1': 0.9520000000000001, 'w2': 0.5660000000000001, 'w3': 0.48000000000000004, 'w4': 0.905, 'w5': 0.9430000000000001, 'w6': 0.343, 'w7': 0.099, 'w8': 0.786, 'max_depth': 9, 'min_child_weight': 16, 'subsample': 0.8, 'colsample_bytree': 0.9000000000000001, 'gamma': 0.4}. Best is trial 1267 with value: 0.5099314743075365.
[I 2023-10-20 17:47:55,358] Trial 1970 finished with value: 0.5055863780130925 and parameters: {'w0': 0.199, 'w1': 0.9500000000000001, 'w2': 0.10300000000000001, 'w3': 0.31, 'w4': 0.905, 'w5': 0.9470000000000001, 'w6': 0.342, 'w7': 0.099, 'w8': 0.789, 'max_depth': 9, 'min_child_weight': 16, 'subsample': 0.8, 'colsample_bytree': 0.9000000000000001, 'gamma': 0.4}. Best is trial 1267 with value: 0.5099314743075365.
