[I 2023-10-20 14:41:40,392] Trial 1751 finished with value: 0.4800594522730588 and parameters: {'w0': 0.17300000000000001, 'w1': 0.937, 'w2': 0.11900000000000001, 'w3': 0.405, 'w4': 0.984, 'w5': 0.785, 'w6': 0.659, 'w7': 0.035, 'w8': 0.791, 'max_depth': 8, 'min_child_weight': 12, 'subsample': 0.8, 'colsample_bytree': 0.9000000000000001, 'gamma': 0.2}. Best is trial 1267 with value: 0.5099314743075365.
[I 2023-10-20 14:41:52,687] Trial 1752 finished with value: 0.5075503307576185 and parameters: {'w0': 0.17500000000000002, 'w1': 0.931, 'w2': 0.121, 'w3': 0.41200000000000003, 'w4': 0.979, 'w5': 0.792, 'w6': 0.754, 'w7': 0.10200000000000001, 'w8': 0.793, 'max_depth': 8, 'min_child_weight': 14, 'subsample': 0.8, 'colsample_bytree': 0.8, 'gamma': 0.2}. Best is trial 1267 with value: 0.5099314743075365.
[I 2023-10-20 14:42:26,275] Trial 1753 finished with value: 0.48970001621399767 and parameters: {'w0': 0.266, 'w1': 0.885, 'w2': 0.044000000000000004, 'w3': 0.40800000000000003, 'w4': 0.982, 'w5': 0.981, 'w6': 0.724, 'w7': 0.044000000000000004, 'w8': 0.797, 'max_depth': 8, 'min_child_weight': 12, 'subsample': 0.8, 'colsample_bytree': 0.7, 'gamma': 0.2}. Best is trial 1267 with value: 0.5099314743075365.
[I 2023-10-20 14:42:33,924] Trial 1754 finished with value: 0.5042485810030349 and parameters: {'w0': 0.17200000000000001, 'w1': 0.9580000000000001, 'w2': 0.122, 'w3': 0.396, 'w4': 0.98, 'w5': 0.659, 'w6': 0.795, 'w7': 0.096, 'w8': 0.786, 'max_depth': 8, 'min_child_weight': 14, 'subsample': 0.8, 'colsample_bytree': 0.8, 'gamma': 0.2}. Best is trial 1267 with value: 0.5099314743075365.
[I 2023-10-20 14:43:54,076] Trial 1755 finished with value: 0.4887093095370778 and parameters: {'w0': 0.168, 'w1': 0.297, 'w2': 0.039, 'w3': 0.40800000000000003, 'w4': 0.988, 'w5': 0.663, 'w6': 0.809, 'w7': 0.04, 'w8': 0.836, 'max_depth': 8, 'min_child_weight': 12, 'subsample': 0.8, 'colsample_bytree': 0.7, 'gamma': 0.2}. Best is trial 1267 with value: 0.5099314743075365.
[I 2023-10-20 14:44:04,899] Trial 1765 finished with value: 0.4640984129776096 and parameters: {'w0': 0.246, 'w1': 0.888, 'w2': 0.137, 'w3': 0.377, 'w4': 0.998, 'w5': 0.984, 'w6': 0.795, 'w7': 0.135, 'w8': 0.836, 'max_depth': 8, 'min_child_weight': 12, 'subsample': 0.8, 'colsample_bytree': 0.8, 'gamma': 7.6000000000000005}. Best is trial 1267 with value: 0.5099314743075365.
[I 2023-10-20 14:45:27,324] Trial 1756 finished with value: 0.48240108398821235 and parameters: {'w0': 0.171, 'w1': 0.889, 'w2': 0.12000000000000001, 'w3': 0.398, 'w4': 0.973, 'w5': 0.759, 'w6': 0.79, 'w7': 0.035, 'w8': 0.789, 'max_depth': 8, 'min_child_weight': 12, 'subsample': 0.8, 'colsample_bytree': 0.8, 'gamma': 0.2}. Best is trial 1267 with value: 0.5099314743075365.
[I 2023-10-20 14:46:29,783] Trial 1757 finished with value: 0.48858392426818514 and parameters: {'w0': 0.17500000000000002, 'w1': 0.9580000000000001, 'w2': 0.128, 'w3': 0.385, 'w4': 0.934, 'w5': 0.67, 'w6': 0.791, 'w7': 0.044000000000000004, 'w8': 0.792, 'max_depth': 8, 'min_child_weight': 14, 'subsample': 0.8, 'colsample_bytree': 0.8, 'gamma': 0.2}. Best is trial 1267 with value: 0.5099314743075365.
[I 2023-10-20 14:47:45,612] Trial 1770 finished with value: 0.4542294184377714 and parameters: {'w0': 0.242, 'w1': 0.891, 'w2': 0.138, 'w3': 0.384, 'w4': 0.983, 'w5': 0.785, 'w6': 0.8130000000000001, 'w7': 0.11900000000000001, 'w8': 0.838, 'max_depth': 8, 'min_child_weight': 10, 'subsample': 0.8, 'colsample_bytree': 0.8, 'gamma': 8.4}. Best is trial 1267 with value: 0.5099314743075365.
[I 2023-10-20 14:47:48,931] Trial 1758 finished with value: 0.47698970083781767 and parameters: {'w0': 0.181, 'w1': 0.579, 'w2': 0.043000000000000003, 'w3': 0.386, 'w4': 0.971, 'w5': 0.744, 'w6': 0.838, 'w7': 0.128, 'w8': 0.789, 'max_depth': 8, 'min_child_weight': 12, 'subsample': 0.8, 'colsample_bytree': 0.8, 'gamma': 0.2}. Best is trial 1267 with value: 0.5099314743075365.
[I 2023-10-20 14:49:26,285] Trial 1764 finished with value: 0.5064795775862855 and parameters: {'w0': 0.193, 'w1': 0.888, 'w2': 0.14, 'w3': 0.372, 'w4': 0.999, 'w5': 0.982, 'w6': 0.296, 'w7': 0.13, 'w8': 0.842, 'max_depth': 8, 'min_child_weight': 12, 'subsample': 0.8, 'colsample_bytree': 0.8, 'gamma': 0.6000000000000001}. Best is trial 1267 with value: 0.5099314743075365.
[I 2023-10-20 14:49:47,088] Trial 1773 finished with value: 0.45522473809536695 and parameters: {'w0': 0.194, 'w1': 0.89, 'w2': 0.10200000000000001, 'w3': 0.379, 'w4': 0.976, 'w5': 0.745, 'w6': 0.837, 'w7': 0.117, 'w8': 0.846, 'max_depth': 8, 'min_child_weight': 12, 'subsample': 0.8, 'colsample_bytree': 0.8, 'gamma': 5.2}. Best is trial 1267 with value: 0.5099314743075365.
[I 2023-10-20 14:49:47,406] Trial 1761 finished with value: 0.49955293741935614 and parameters: {'w0': 0.26, 'w1': 0.962, 'w2': 0.139, 'w3': 0.378, 'w4': 0.993, 'w5': 0.768, 'w6': 0.853, 'w7': 0.129, 'w8': 0.839, 'max_depth': 8, 'min_child_weight': 12, 'subsample': 0.8, 'colsample_bytree': 0.7, 'gamma': 0.2}. Best is trial 1267 with value: 0.5099314743075365.
[I 2023-10-20 14:49:59,484] Trial 1760 finished with value: 0.492196135192049 and parameters: {'w0': 0.168, 'w1': 0.9590000000000001, 'w2': 0.047, 'w3': 0.419, 'w4': 0.973, 'w5': 0.981, 'w6': 0.86, 'w7': 0.048, 'w8': 0.783, 'max_depth': 8, 'min_child_weight': 10, 'subsample': 0.8, 'colsample_bytree': 0.8, 'gamma': 0.2}. Best is trial 1267 with value: 0.5099314743075365.
[I 2023-10-20 14:50:05,487] Trial 1762 finished with value: 0.47036690709214984 and parameters: {'w0': 0.241, 'w1': 0.9590000000000001, 'w2': 0.033, 'w3': 0.422, 'w4': 0.981, 'w5': 0.975, 'w6': 0.8300000000000001, 'w7': 0.139, 'w8': 0.847, 'max_depth': 8, 'min_child_weight': 12, 'subsample': 0.8, 'colsample_bytree': 0.8, 'gamma': 0.2}. Best is trial 1267 with value: 0.5099314743075365.
[I 2023-10-20 14:51:28,387] Trial 1763 finished with value: 0.46898456761188206 and parameters: {'w0': 0.262, 'w1': 0.9550000000000001, 'w2': 0.041, 'w3': 0.431, 'w4': 0.985, 'w5': 0.801, 'w6': 0.8180000000000001, 'w7': 0.137, 'w8': 0.834, 'max_depth': 8, 'min_child_weight': 12, 'subsample': 0.8, 'colsample_bytree': 0.7, 'gamma': 0.2}. Best is trial 1267 with value: 0.5099314743075365.
[I 2023-10-20 14:52:40,502] Trial 1766 finished with value: 0.4985489802821779 and parameters: {'w0': 0.246, 'w1': 0.887, 'w2': 0.14, 'w3': 0.421, 'w4': 0.979, 'w5': 0.758, 'w6': 0.292, 'w7': 0.14, 'w8': 0.8310000000000001, 'max_depth': 8, 'min_child_weight': 12, 'subsample': 0.8, 'colsample_bytree': 0.8, 'gamma': 0.6000000000000001}. Best is trial 1267 with value: 0.5099314743075365.
[I 2023-10-20 14:53:45,268] Trial 1767 finished with value: 0.5044983120778633 and parameters: {'w0': 0.191, 'w1': 0.888, 'w2': 0.139, 'w3': 0.43, 'w4': 0.936, 'w5': 0.983, 'w6': 0.8290000000000001, 'w7': 0.135, 'w8': 0.835, 'max_depth': 8, 'min_child_weight': 10, 'subsample': 0.8, 'colsample_bytree': 0.8, 'gamma': 0.6000000000000001}. Best is trial 1267 with value: 0.5099314743075365.
[I 2023-10-20 14:55:07,043] Trial 1779 finished with value: 0.43214099128698863 and parameters: {'w0': 0.195, 'w1': 0.875, 'w2': 0.097, 'w3': 0.425, 'w4': 0.993, 'w5': 0.971, 'w6': 0.757, 'w7': 0.109, 'w8': 0.8270000000000001, 'max_depth': 8, 'min_child_weight': 14, 'subsample': 0.8, 'colsample_bytree': 0.9000000000000001, 'gamma': 9.600000000000001}. Best is trial 1267 with value: 0.5099314743075365.
[I 2023-10-20 14:55:41,536] Trial 1768 finished with value: 0.5028816262716395 and parameters: {'w0': 0.189, 'w1': 0.885, 'w2': 0.14, 'w3': 0.427, 'w4': 0.936, 'w5': 0.733, 'w6': 0.8270000000000001, 'w7': 0.133, 'w8': 0.8300000000000001, 'max_depth': 8, 'min_child_weight': 10, 'subsample': 0.8, 'colsample_bytree': 0.9000000000000001, 'gamma': 0.6000000000000001}. Best is trial 1267 with value: 0.5099314743075365.
[I 2023-10-20 14:57:21,471] Trial 1769 finished with value: 0.4998201610610829 and parameters: {'w0': 0.25, 'w1': 0.895, 'w2': 0.134, 'w3': 0.388, 'w4': 0.99, 'w5': 0.795, 'w6': 0.8250000000000001, 'w7': 0.11800000000000001, 'w8': 0.841, 'max_depth': 8, 'min_child_weight': 12, 'subsample': 0.8, 'colsample_bytree': 0.8, 'gamma': 0.2}. Best is trial 1267 with value: 0.5099314743075365.
[I 2023-10-20 14:57:24,621] Trial 1771 finished with value: 0.4996201971686742 and parameters: {'w0': 0.242, 'w1': 0.89, 'w2': 0.14, 'w3': 0.418, 'w4': 0.9400000000000001, 'w5': 0.8210000000000001, 'w6': 0.34400000000000003, 'w7': 0.122, 'w8': 0.84, 'max_depth': 8, 'min_child_weight': 12, 'subsample': 0.8, 'colsample_bytree': 0.8, 'gamma': 0.4}. Best is trial 1267 with value: 0.5099314743075365.
[I 2023-10-20 14:58:55,536] Trial 1772 finished with value: 0.5055238255552381 and parameters: {'w0': 0.201, 'w1': 0.876, 'w2': 0.133, 'w3': 0.388, 'w4': 0.979, 'w5': 0.766, 'w6': 0.6950000000000001, 'w7': 0.11800000000000001, 'w8': 0.8310000000000001, 'max_depth': 8, 'min_child_weight': 12, 'subsample': 0.8, 'colsample_bytree': 0.8, 'gamma': 0.4}. Best is trial 1267 with value: 0.5099314743075365.
[I 2023-10-20 15:00:56,186] Trial 1774 finished with value: 0.5011112923165394 and parameters: {'w0': 0.23500000000000001, 'w1': 0.888, 'w2': 0.14300000000000002, 'w3': 0.372, 'w4': 0.998, 'w5': 0.98, 'w6': 0.8250000000000001, 'w7': 0.121, 'w8': 0.847, 'max_depth': 8, 'min_child_weight': 12, 'subsample': 0.8, 'colsample_bytree': 0.8, 'gamma': 0.4}. Best is trial 1267 with value: 0.5099314743075365.
[I 2023-10-20 15:01:46,695] Trial 1775 finished with value: 0.4972493461833356 and parameters: {'w0': 0.254, 'w1': 0.264, 'w2': 0.138, 'w3': 0.433, 'w4': 0.999, 'w5': 0.6950000000000001, 'w6': 0.749, 'w7': 0.11800000000000001, 'w8': 0.845, 'max_depth': 8, 'min_child_weight': 12, 'subsample': 0.8, 'colsample_bytree': 0.8, 'gamma': 0.4}. Best is trial 1267 with value: 0.5099314743075365.
[I 2023-10-20 15:02:26,658] Trial 1777 finished with value: 0.5018762362660764 and parameters: {'w0': 0.192, 'w1': 0.878, 'w2': 0.098, 'w3': 0.373, 'w4': 0.985, 'w5': 0.797, 'w6': 0.335, 'w7': 0.107, 'w8': 0.839, 'max_depth': 8, 'min_child_weight': 12, 'subsample': 0.8, 'colsample_bytree': 0.8, 'gamma': 0.4}. Best is trial 1267 with value: 0.5099314743075365.
[I 2023-10-20 15:02:54,512] Trial 1776 finished with value: 0.5015626657167543 and parameters: {'w0': 0.23500000000000001, 'w1': 0.889, 'w2': 0.096, 'w3': 0.433, 'w4': 0.976, 'w5': 0.835, 'w6': 0.744, 'w7': 0.121, 'w8': 0.8180000000000001, 'max_depth': 8, 'min_child_weight': 12, 'subsample': 0.8, 'colsample_bytree': 0.8, 'gamma': 0.4}. Best is trial 1267 with value: 0.5099314743075365.
[I 2023-10-20 15:04:37,813] Trial 1778 finished with value: 0.5035788121733142 and parameters: {'w0': 0.234, 'w1': 0.884, 'w2': 0.098, 'w3': 0.43, 'w4': 0.979, 'w5': 0.8280000000000001, 'w6': 0.75, 'w7': 0.117, 'w8': 0.8160000000000001, 'max_depth': 8, 'min_child_weight': 14, 'subsample': 0.8, 'colsample_bytree': 0.8, 'gamma': 0.4}. Best is trial 1267 with value: 0.5099314743075365.
[I 2023-10-20 15:05:00,612] Trial 1781 finished with value: 0.5017448441032814 and parameters: {'w0': 0.226, 'w1': 0.875, 'w2': 0.093, 'w3': 0.425, 'w4': 0.98, 'w5': 0.763, 'w6': 0.8290000000000001, 'w7': 0.10500000000000001, 'w8': 0.8240000000000001, 'max_depth': 8, 'min_child_weight': 14, 'subsample': 0.8, 'colsample_bytree': 0.8, 'gamma': 0.4}. Best is trial 1267 with value: 0.5099314743075365.
[I 2023-10-20 15:05:25,983] Trial 1782 finished with value: 0.49983085756642015 and parameters: {'w0': 0.193, 'w1': 0.883, 'w2': 0.096, 'w3': 0.431, 'w4': 0.9420000000000001, 'w5': 0.804, 'w6': 0.8230000000000001, 'w7': 0.109, 'w8': 0.8230000000000001, 'max_depth': 8, 'min_child_weight': 14, 'subsample': 0.8, 'colsample_bytree': 0.9000000000000001, 'gamma': 0.4}. Best is trial 1267 with value: 0.5099314743075365.
[I 2023-10-20 15:05:39,698] Trial 1780 finished with value: 0.4843115343759508 and parameters: {'w0': 0.20500000000000002, 'w1': 0.878, 'w2': 0.631, 'w3': 0.43, 'w4': 0.971, 'w5': 0.807, 'w6': 0.761, 'w7': 0.106, 'w8': 0.8190000000000001, 'max_depth': 8, 'min_child_weight': 14, 'subsample': 0.8, 'colsample_bytree': 0.8, 'gamma': 0.4}. Best is trial 1267 with value: 0.5099314743075365.
[I 2023-10-20 15:06:25,339] Trial 1783 finished with value: 0.5048049745992599 and parameters: {'w0': 0.192, 'w1': 0.881, 'w2': 0.098, 'w3': 0.441, 'w4': 0.997, 'w5': 0.807, 'w6': 0.779, 'w7': 0.108, 'w8': 0.8210000000000001, 'max_depth': 8, 'min_child_weight': 14, 'subsample': 0.8, 'colsample_bytree': 0.8, 'gamma': 0.4}. Best is trial 1267 with value: 0.5099314743075365.
[I 2023-10-20 15:07:03,144] Trial 1784 finished with value: 0.5065872142209578 and parameters: {'w0': 0.197, 'w1': 0.869, 'w2': 0.096, 'w3': 0.41700000000000004, 'w4': 0.9400000000000001, 'w5': 0.753, 'w6': 0.758, 'w7': 0.111, 'w8': 0.8150000000000001, 'max_depth': 8, 'min_child_weight': 14, 'subsample': 0.8, 'colsample_bytree': 0.8, 'gamma': 0.4}. Best is trial 1267 with value: 0.5099314743075365.
[I 2023-10-20 15:08:16,776] Trial 1785 finished with value: 0.5036288065368751 and parameters: {'w0': 0.196, 'w1': 0.871, 'w2': 0.095, 'w3': 0.435, 'w4': 0.9420000000000001, 'w5': 0.682, 'w6': 0.664, 'w7': 0.106, 'w8': 0.8220000000000001, 'max_depth': 8, 'min_child_weight': 14, 'subsample': 0.8, 'colsample_bytree': 0.8, 'gamma': 0.4}. Best is trial 1267 with value: 0.5099314743075365.
[I 2023-10-20 15:09:46,222] Trial 1786 finished with value: 0.5001970496384138 and parameters: {'w0': 0.223, 'w1': 0.857, 'w2': 0.094, 'w3': 0.441, 'w4': 0.9410000000000001, 'w5': 0.8130000000000001, 'w6': 0.766, 'w7': 0.10300000000000001, 'w8': 0.808, 'max_depth': 8, 'min_child_weight': 14, 'subsample': 0.8, 'colsample_bytree': 0.8, 'gamma': 0.4}. Best is trial 1267 with value: 0.5099314743075365.
[I 2023-10-20 15:10:25,091] Trial 1787 finished with value: 0.5033818398316596 and parameters: {'w0': 0.202, 'w1': 0.866, 'w2': 0.096, 'w3': 0.441, 'w4': 0.9470000000000001, 'w5': 0.806, 'w6': 0.8320000000000001, 'w7': 0.106, 'w8': 0.8220000000000001, 'max_depth': 8, 'min_child_weight': 14, 'subsample': 0.8, 'colsample_bytree': 0.8, 'gamma': 0.4}. Best is trial 1267 with value: 0.5099314743075365.
[I 2023-10-20 15:11:41,526] Trial 1789 finished with value: 0.47571919606777757 and parameters: {'w0': 0.2, 'w1': 0.856, 'w2': 0.097, 'w3': 0.44, 'w4': 0.14, 'w5': 0.808, 'w6': 0.793, 'w7': 0.101, 'w8': 0.8170000000000001, 'max_depth': 8, 'min_child_weight': 14, 'subsample': 0.8, 'colsample_bytree': 0.9000000000000001, 'gamma': 0.4}. Best is trial 1267 with value: 0.5099314743075365.
[I 2023-10-20 15:12:02,594] Trial 1788 finished with value: 0.4973429649453461 and parameters: {'w0': 0.196, 'w1': 0.868, 'w2': 0.098, 'w3': 0.431, 'w4': 0.9450000000000001, 'w5': 0.733, 'w6': 0.765, 'w7': 0.10500000000000001, 'w8': 0.778, 'max_depth': 8, 'min_child_weight': 14, 'subsample': 0.8, 'colsample_bytree': 0.8, 'gamma': 0.4}. Best is trial 1267 with value: 0.5099314743075365.
[I 2023-10-20 15:12:55,640] Trial 1790 finished with value: 0.48080565387753016 and parameters: {'w0': 0.217, 'w1': 0.867, 'w2': 0.097, 'w3': 0.362, 'w4': 0.165, 'w5': 0.8330000000000001, 'w6': 0.769, 'w7': 0.101, 'w8': 0.8180000000000001, 'max_depth': 8, 'min_child_weight': 14, 'subsample': 0.8, 'colsample_bytree': 0.8, 'gamma': 0.4}. Best is trial 1267 with value: 0.5099314743075365.
[I 2023-10-20 15:13:29,192] Trial 1799 finished with value: 0.47881224640255365 and parameters: {'w0': 0.16, 'w1': 0.856, 'w2': 0.17, 'w3': 0.445, 'w4': 0.9460000000000001, 'w5': 0.791, 'w6': 0.73, 'w7': 0.083, 'w8': 0.772, 'max_depth': 8, 'min_child_weight': 14, 'subsample': 0.8, 'colsample_bytree': 0.8, 'gamma': 2.2}. Best is trial 1267 with value: 0.5099314743075365.
[I 2023-10-20 15:15:45,245] Trial 1791 finished with value: 0.5017270355711506 and parameters: {'w0': 0.222, 'w1': 0.86, 'w2': 0.094, 'w3': 0.435, 'w4': 1.0, 'w5': 0.807, 'w6': 0.853, 'w7': 0.10400000000000001, 'w8': 0.8150000000000001, 'max_depth': 8, 'min_child_weight': 14, 'subsample': 0.8, 'colsample_bytree': 0.8, 'gamma': 0.4}. Best is trial 1267 with value: 0.5099314743075365.
[I 2023-10-20 15:16:55,454] Trial 1793 finished with value: 0.5034790096899224 and parameters: {'w0': 0.227, 'w1': 0.861, 'w2': 0.099, 'w3': 0.437, 'w4': 0.9470000000000001, 'w5': 0.8290000000000001, 'w6': 0.75, 'w7': 0.093, 'w8': 0.8150000000000001, 'max_depth': 8, 'min_child_weight': 14, 'subsample': 0.8, 'colsample_bytree': 0.4, 'gamma': 0.0}. Best is trial 1267 with value: 0.5099314743075365.
[I 2023-10-20 15:17:34,233] Trial 1792 finished with value: 0.49472426370340056 and parameters: {'w0': 0.433, 'w1': 0.865, 'w2': 0.094, 'w3': 0.44, 'w4': 0.9390000000000001, 'w5': 0.786, 'w6': 0.852, 'w7': 0.101, 'w8': 0.8190000000000001, 'max_depth': 8, 'min_child_weight': 14, 'subsample': 0.8, 'colsample_bytree': 0.8, 'gamma': 0.0}. Best is trial 1267 with value: 0.5099314743075365.
[I 2023-10-20 15:18:08,957] Trial 1794 finished with value: 0.505626543797046 and parameters: {'w0': 0.222, 'w1': 0.863, 'w2': 0.1, 'w3': 0.431, 'w4': 0.9460000000000001, 'w5': 0.8330000000000001, 'w6': 0.783, 'w7': 0.08600000000000001, 'w8': 0.812, 'max_depth': 8, 'min_child_weight': 14, 'subsample': 0.8, 'colsample_bytree': 0.8, 'gamma': 0.0}. Best is trial 1267 with value: 0.5099314743075365.
[I 2023-10-20 15:20:30,870] Trial 1796 finished with value: 0.5041928958735571 and parameters: {'w0': 0.164, 'w1': 0.855, 'w2': 0.16, 'w3': 0.441, 'w4': 0.9450000000000001, 'w5': 0.769, 'w6': 0.737, 'w7': 0.092, 'w8': 0.775, 'max_depth': 8, 'min_child_weight': 14, 'subsample': 0.8, 'colsample_bytree': 0.8, 'gamma': 0.0}. Best is trial 1267 with value: 0.5099314743075365.
[I 2023-10-20 15:20:58,303] Trial 1795 finished with value: 0.45877224775749426 and parameters: {'w0': 0.165, 'w1': 0.865, 'w2': 0.161, 'w3': 0.442, 'w4': 0.9380000000000001, 'w5': 0.744, 'w6': 0.857, 'w7': 0.593, 'w8': 0.775, 'max_depth': 8, 'min_child_weight': 14, 'subsample': 0.8, 'colsample_bytree': 0.8, 'gamma': 0.0}. Best is trial 1267 with value: 0.5099314743075365.
[I 2023-10-20 15:21:09,507] Trial 1798 finished with value: 0.5019486144435301 and parameters: {'w0': 0.169, 'w1': 0.859, 'w2': 0.169, 'w3': 0.41300000000000003, 'w4': 0.9450000000000001, 'w5': 0.8, 'w6': 0.77, 'w7': 0.091, 'w8': 0.775, 'max_depth': 8, 'min_child_weight': 14, 'subsample': 0.8, 'colsample_bytree': 0.8, 'gamma': 0.0}. Best is trial 1267 with value: 0.5099314743075365.
[I 2023-10-20 15:21:57,626] Trial 1797 finished with value: 0.4628931885415369 and parameters: {'w0': 0.162, 'w1': 0.858, 'w2': 0.168, 'w3': 0.418, 'w4': 0.9450000000000001, 'w5': 1.0, 'w6': 0.85, 'w7': 0.5680000000000001, 'w8': 0.777, 'max_depth': 8, 'min_child_weight': 14, 'subsample': 0.8, 'colsample_bytree': 0.8, 'gamma': 0.0}. Best is trial 1267 with value: 0.5099314743075365.
[I 2023-10-20 15:22:02,461] Trial 1800 finished with value: 0.5058118217602261 and parameters: {'w0': 0.167, 'w1': 0.86, 'w2': 0.11800000000000001, 'w3': 0.41200000000000003, 'w4': 0.9440000000000001, 'w5': 0.965, 'w6': 0.788, 'w7': 0.08600000000000001, 'w8': 0.781, 'max_depth': 8, 'min_child_weight': 14, 'subsample': 0.8, 'colsample_bytree': 0.8, 'gamma': 0.0}. Best is trial 1267 with value: 0.5099314743075365.
[I 2023-10-20 15:23:28,109] Trial 1810 finished with value: 0.4632025156279236 and parameters: {'w0': 0.16, 'w1': 0.902, 'w2': 0.164, 'w3': 0.45, 'w4': 0.927, 'w5': 1.0, 'w6': 0.78, 'w7': 0.07300000000000001, 'w8': 0.528, 'max_depth': 8, 'min_child_weight': 16, 'subsample': 0.8, 'colsample_bytree': 0.8, 'gamma': 4.0}. Best is trial 1267 with value: 0.5099314743075365.
[I 2023-10-20 15:23:44,031] Trial 1801 finished with value: 0.4994792387278767 and parameters: {'w0': 0.157, 'w1': 0.857, 'w2': 0.166, 'w3': 0.41400000000000003, 'w4': 0.9470000000000001, 'w5': 0.805, 'w6': 0.797, 'w7': 0.084, 'w8': 0.775, 'max_depth': 8, 'min_child_weight': 14, 'subsample': 0.8, 'colsample_bytree': 0.8, 'gamma': 0.0}. Best is trial 1267 with value: 0.5099314743075365.
[I 2023-10-20 15:25:26,577] Trial 1802 finished with value: 0.4983778716324267 and parameters: {'w0': 0.163, 'w1': 0.862, 'w2': 0.166, 'w3': 0.42, 'w4': 0.9480000000000001, 'w5': 0.78, 'w6': 0.789, 'w7': 0.082, 'w8': 0.9, 'max_depth': 8, 'min_child_weight': 14, 'subsample': 0.8, 'colsample_bytree': 0.8, 'gamma': 0.0}. Best is trial 1267 with value: 0.5099314743075365.
[I 2023-10-20 15:25:45,978] Trial 1803 finished with value: 0.493945452787185 and parameters: {'w0': 0.161, 'w1': 0.851, 'w2': 0.166, 'w3': 0.363, 'w4': 0.93, 'w5': 0.744, 'w6': 0.72, 'w7': 0.07200000000000001, 'w8': 0.893, 'max_depth': 8, 'min_child_weight': 14, 'subsample': 0.8, 'colsample_bytree': 0.8, 'gamma': 0.0}. Best is trial 1267 with value: 0.5099314743075365.
[I 2023-10-20 15:27:01,843] Trial 1804 finished with value: 0.4833992123127262 and parameters: {'w0': 0.439, 'w1': 0.903, 'w2': 0.168, 'w3': 0.40800000000000003, 'w4': 0.926, 'w5': 0.999, 'w6': 0.763, 'w7': 0.074, 'w8': 0.777, 'max_depth': 8, 'min_child_weight': 14, 'subsample': 0.8, 'colsample_bytree': 0.8, 'gamma': 0.0}. Best is trial 1267 with value: 0.5099314743075365.
[I 2023-10-20 15:27:18,031] Trial 1805 finished with value: 0.5012559271868395 and parameters: {'w0': 0.159, 'w1': 0.906, 'w2': 0.171, 'w3': 0.362, 'w4': 0.922, 'w5': 0.748, 'w6': 0.804, 'w7': 0.082, 'w8': 0.768, 'max_depth': 8, 'min_child_weight': 14, 'subsample': 0.8, 'colsample_bytree': 0.8, 'gamma': 0.0}. Best is trial 1267 with value: 0.5099314743075365.
[I 2023-10-20 15:27:46,701] Trial 1815 finished with value: 0.461442023898745 and parameters: {'w0': 0.162, 'w1': 0.907, 'w2': 0.123, 'w3': 0.456, 'w4': 0.917, 'w5': 0.778, 'w6': 0.809, 'w7': 0.07, 'w8': 0.78, 'max_depth': 7, 'min_child_weight': 16, 'subsample': 0.8, 'colsample_bytree': 0.8, 'gamma': 4.0}. Best is trial 1267 with value: 0.5099314743075365.
