[I 2023-10-20 03:06:39,054] Trial 934 finished with value: 0.5034735306390488 and parameters: {'w0': 0.10500000000000001, 'w1': 0.8310000000000001, 'w2': 0.093, 'w3': 0.47800000000000004, 'w4': 0.962, 'w5': 0.858, 'w6': 0.34800000000000003, 'w7': 0.099, 'w8': 0.763, 'max_depth': 7, 'min_child_weight': 14, 'subsample': 0.7, 'colsample_bytree': 0.6000000000000001, 'gamma': 0.4}. Best is trial 556 with value: 0.5099189407344089.
[I 2023-10-20 03:07:21,917] Trial 935 finished with value: 0.4883916594594903 and parameters: {'w0': 0.10400000000000001, 'w1': 0.853, 'w2': 0.08700000000000001, 'w3': 0.47300000000000003, 'w4': 0.9470000000000001, 'w5': 0.028, 'w6': 0.20500000000000002, 'w7': 0.096, 'w8': 0.736, 'max_depth': 8, 'min_child_weight': 14, 'subsample': 0.8, 'colsample_bytree': 0.6000000000000001, 'gamma': 0.4}. Best is trial 556 with value: 0.5099189407344089.
[I 2023-10-20 03:07:34,416] Trial 942 finished with value: 0.49140556531869045 and parameters: {'w0': 0.097, 'w1': 0.976, 'w2': 0.09, 'w3': 0.47800000000000004, 'w4': 0.9450000000000001, 'w5': 0.961, 'w6': 0.20900000000000002, 'w7': 0.094, 'w8': 0.734, 'max_depth': 8, 'min_child_weight': 14, 'subsample': 0.9000000000000001, 'colsample_bytree': 0.6000000000000001, 'gamma': 0.8}. Best is trial 556 with value: 0.5099189407344089.
[I 2023-10-20 03:08:14,514] Trial 933 finished with value: 0.4660858334353778 and parameters: {'w0': 0.092, 'w1': 0.8330000000000001, 'w2': 0.903, 'w3': 0.464, 'w4': 0.968, 'w5': 0.855, 'w6': 0.223, 'w7': 0.134, 'w8': 0.766, 'max_depth': 8, 'min_child_weight': 14, 'subsample': 0.7, 'colsample_bytree': 0.8, 'gamma': 0.4}. Best is trial 556 with value: 0.5099189407344089.
[I 2023-10-20 03:08:28,751] Trial 938 finished with value: 0.49572722210800524 and parameters: {'w0': 0.094, 'w1': 0.764, 'w2': 0.092, 'w3': 0.47700000000000004, 'w4': 0.9480000000000001, 'w5': 0.98, 'w6': 0.35200000000000004, 'w7': 0.094, 'w8': 0.737, 'max_depth': 7, 'min_child_weight': 14, 'subsample': 0.7, 'colsample_bytree': 0.6000000000000001, 'gamma': 0.8}. Best is trial 556 with value: 0.5099189407344089.
[I 2023-10-20 03:09:36,191] Trial 936 finished with value: 0.5027126705239022 and parameters: {'w0': 0.113, 'w1': 0.853, 'w2': 0.092, 'w3': 0.47800000000000004, 'w4': 0.9500000000000001, 'w5': 0.979, 'w6': 0.20700000000000002, 'w7': 0.094, 'w8': 0.735, 'max_depth': 8, 'min_child_weight': 14, 'subsample': 0.7, 'colsample_bytree': 0.6000000000000001, 'gamma': 0.4}. Best is trial 556 with value: 0.5099189407344089.
[I 2023-10-20 03:10:45,187] Trial 941 finished with value: 0.4732319576496663 and parameters: {'w0': 0.10300000000000001, 'w1': 0.783, 'w2': 0.386, 'w3': 0.123, 'w4': 0.9510000000000001, 'w5': 0.963, 'w6': 0.35100000000000003, 'w7': 0.089, 'w8': 0.74, 'max_depth': 8, 'min_child_weight': 14, 'subsample': 0.7, 'colsample_bytree': 0.6000000000000001, 'gamma': 0.8}. Best is trial 556 with value: 0.5099189407344089.
[I 2023-10-20 03:12:06,757] Trial 940 finished with value: 0.44455466277958305 and parameters: {'w0': 0.10200000000000001, 'w1': 0.78, 'w2': 0.106, 'w3': 0.116, 'w4': 0.9470000000000001, 'w5': 0.965, 'w6': 0.354, 'w7': 0.47000000000000003, 'w8': 0.733, 'max_depth': 7, 'min_child_weight': 14, 'subsample': 0.7, 'colsample_bytree': 0.6000000000000001, 'gamma': 0.6000000000000001}. Best is trial 556 with value: 0.5099189407344089.
[I 2023-10-20 03:13:53,649] Trial 945 finished with value: 0.5031810697910336 and parameters: {'w0': 0.111, 'w1': 0.752, 'w2': 0.10200000000000001, 'w3': 0.484, 'w4': 0.733, 'w5': 0.932, 'w6': 0.35000000000000003, 'w7': 0.1, 'w8': 0.731, 'max_depth': 8, 'min_child_weight': 14, 'subsample': 0.9000000000000001, 'colsample_bytree': 0.6000000000000001, 'gamma': 0.8}. Best is trial 556 with value: 0.5099189407344089.
[I 2023-10-20 03:13:54,232] Trial 943 finished with value: 0.42939889399484676 and parameters: {'w0': 0.11, 'w1': 0.721, 'w2': 0.09, 'w3': 0.47100000000000003, 'w4': 0.9420000000000001, 'w5': 0.962, 'w6': 0.22, 'w7': 0.659, 'w8': 0.736, 'max_depth': 8, 'min_child_weight': 14, 'subsample': 0.7, 'colsample_bytree': 0.5, 'gamma': 0.8}. Best is trial 556 with value: 0.5099189407344089.
[I 2023-10-20 03:14:05,828] Trial 947 finished with value: 0.5010062200518585 and parameters: {'w0': 0.111, 'w1': 0.9480000000000001, 'w2': 0.097, 'w3': 0.462, 'w4': 0.891, 'w5': 0.842, 'w6': 0.34800000000000003, 'w7': 0.08800000000000001, 'w8': 0.732, 'max_depth': 8, 'min_child_weight': 14, 'subsample': 0.9000000000000001, 'colsample_bytree': 0.6000000000000001, 'gamma': 0.8}. Best is trial 556 with value: 0.5099189407344089.
[I 2023-10-20 03:14:11,608] Trial 946 finished with value: 0.4953036555460338 and parameters: {'w0': 0.111, 'w1': 0.9470000000000001, 'w2': 0.094, 'w3': 0.47900000000000004, 'w4': 0.892, 'w5': 0.965, 'w6': 0.35000000000000003, 'w7': 0.098, 'w8': 0.731, 'max_depth': 8, 'min_child_weight': 14, 'subsample': 0.9000000000000001, 'colsample_bytree': 0.6000000000000001, 'gamma': 0.8}. Best is trial 556 with value: 0.5099189407344089.
[I 2023-10-20 03:14:30,755] Trial 949 finished with value: 0.500095355377842 and parameters: {'w0': 0.115, 'w1': 0.935, 'w2': 0.097, 'w3': 0.464, 'w4': 0.887, 'w5': 0.961, 'w6': 0.364, 'w7': 0.095, 'w8': 0.734, 'max_depth': 6, 'min_child_weight': 14, 'subsample': 0.9000000000000001, 'colsample_bytree': 0.6000000000000001, 'gamma': 0.8}. Best is trial 556 with value: 0.5099189407344089.
[I 2023-10-20 03:15:16,520] Trial 951 finished with value: 0.49606090019936094 and parameters: {'w0': 0.171, 'w1': 0.9480000000000001, 'w2': 0.10300000000000001, 'w3': 0.47800000000000004, 'w4': 0.893, 'w5': 0.962, 'w6': 0.20400000000000001, 'w7': 0.094, 'w8': 0.729, 'max_depth': 6, 'min_child_weight': 14, 'subsample': 0.9000000000000001, 'colsample_bytree': 0.6000000000000001, 'gamma': 0.8}. Best is trial 556 with value: 0.5099189407344089.
[I 2023-10-20 03:15:18,074] Trial 944 finished with value: 0.43534000631984776 and parameters: {'w0': 0.113, 'w1': 0.9380000000000001, 'w2': 0.08700000000000001, 'w3': 0.47000000000000003, 'w4': 0.9470000000000001, 'w5': 0.963, 'w6': 0.35200000000000004, 'w7': 0.661, 'w8': 0.724, 'max_depth': 8, 'min_child_weight': 14, 'subsample': 0.9000000000000001, 'colsample_bytree': 0.6000000000000001, 'gamma': 0.6000000000000001}. Best is trial 556 with value: 0.5099189407344089.
[I 2023-10-20 03:16:29,471] Trial 950 finished with value: 0.502617571762791 and parameters: {'w0': 0.11900000000000001, 'w1': 0.9420000000000001, 'w2': 0.101, 'w3': 0.48000000000000004, 'w4': 0.889, 'w5': 0.9570000000000001, 'w6': 0.34700000000000003, 'w7': 0.095, 'w8': 0.727, 'max_depth': 7, 'min_child_weight': 14, 'subsample': 0.8, 'colsample_bytree': 0.6000000000000001, 'gamma': 0.8}. Best is trial 556 with value: 0.5099189407344089.
[I 2023-10-20 03:16:32,491] Trial 952 finished with value: 0.498503493096307 and parameters: {'w0': 0.168, 'w1': 0.9420000000000001, 'w2': 0.10400000000000001, 'w3': 0.458, 'w4': 0.892, 'w5': 0.933, 'w6': 0.339, 'w7': 0.09, 'w8': 0.8290000000000001, 'max_depth': 8, 'min_child_weight': 16, 'subsample': 0.9000000000000001, 'colsample_bytree': 0.6000000000000001, 'gamma': 0.8}. Best is trial 556 with value: 0.5099189407344089.
[I 2023-10-20 03:16:37,934] Trial 957 finished with value: 0.46206333493640867 and parameters: {'w0': 0.167, 'w1': 0.981, 'w2': 0.107, 'w3': 0.593, 'w4': 0.892, 'w5': 0.9400000000000001, 'w6': 0.326, 'w7': 0.07200000000000001, 'w8': 0.723, 'max_depth': 8, 'min_child_weight': 16, 'subsample': 0.8, 'colsample_bytree': 0.9000000000000001, 'gamma': 3.8000000000000003}. Best is trial 556 with value: 0.5099189407344089.
[I 2023-10-20 03:18:52,253] Trial 953 finished with value: 0.4806797356402332 and parameters: {'w0': 0.5670000000000001, 'w1': 0.9480000000000001, 'w2': 0.107, 'w3': 0.457, 'w4': 0.888, 'w5': 0.934, 'w6': 0.34600000000000003, 'w7': 0.078, 'w8': 0.716, 'max_depth': 6, 'min_child_weight': 16, 'subsample': 0.8, 'colsample_bytree': 0.8, 'gamma': 0.8}. Best is trial 556 with value: 0.5099189407344089.
[I 2023-10-20 03:19:03,028] Trial 958 finished with value: 0.4676661329652835 and parameters: {'w0': 0.167, 'w1': 0.9440000000000001, 'w2': 0.146, 'w3': 0.592, 'w4': 0.893, 'w5': 0.932, 'w6': 0.325, 'w7': 0.065, 'w8': 0.8300000000000001, 'max_depth': 6, 'min_child_weight': 16, 'subsample': 0.8, 'colsample_bytree': 0.9000000000000001, 'gamma': 2.2}. Best is trial 556 with value: 0.5099189407344089.
[I 2023-10-20 03:19:32,694] Trial 955 finished with value: 0.49347726194268504 and parameters: {'w0': 0.171, 'w1': 0.9410000000000001, 'w2': 0.108, 'w3': 0.59, 'w4': 0.887, 'w5': 0.9380000000000001, 'w6': 0.331, 'w7': 0.074, 'w8': 0.8330000000000001, 'max_depth': 6, 'min_child_weight': 16, 'subsample': 0.8, 'colsample_bytree': 0.6000000000000001, 'gamma': 0.6000000000000001}. Best is trial 556 with value: 0.5099189407344089.
[I 2023-10-20 03:20:03,024] Trial 956 finished with value: 0.4949704798072706 and parameters: {'w0': 0.16, 'w1': 0.9390000000000001, 'w2': 0.106, 'w3': 0.448, 'w4': 0.894, 'w5': 0.929, 'w6': 0.328, 'w7': 0.07200000000000001, 'w8': 0.717, 'max_depth': 8, 'min_child_weight': 16, 'subsample': 0.8, 'colsample_bytree': 0.7, 'gamma': 0.8}. Best is trial 556 with value: 0.5099189407344089.
[I 2023-10-20 03:20:21,723] Trial 948 finished with value: 0.4381370243403373 and parameters: {'w0': 0.115, 'w1': 0.9420000000000001, 'w2': 0.08700000000000001, 'w3': 0.457, 'w4': 0.891, 'w5': 0.931, 'w6': 0.366, 'w7': 0.667, 'w8': 0.729, 'max_depth': 8, 'min_child_weight': 14, 'subsample': 0.7, 'colsample_bytree': 0.6000000000000001, 'gamma': 0.6000000000000001}. Best is trial 556 with value: 0.5099189407344089.
[I 2023-10-20 03:20:34,239] Trial 954 finished with value: 0.4712176402477221 and parameters: {'w0': 0.5630000000000001, 'w1': 0.9470000000000001, 'w2': 0.146, 'w3': 0.457, 'w4': 0.89, 'w5': 0.932, 'w6': 0.343, 'w7': 0.076, 'w8': 0.834, 'max_depth': 8, 'min_child_weight': 16, 'subsample': 0.8, 'colsample_bytree': 0.6000000000000001, 'gamma': 0.8}. Best is trial 556 with value: 0.5099189407344089.
[I 2023-10-20 03:25:55,818] Trial 966 finished with value: 0.4754630216739367 and parameters: {'w0': 0.162, 'w1': 0.975, 'w2': 0.15, 'w3': 0.589, 'w4': 0.41200000000000003, 'w5': 0.578, 'w6': 0.326, 'w7': 0.07, 'w8': 0.835, 'max_depth': 4, 'min_child_weight': 16, 'subsample': 0.8, 'colsample_bytree': 0.7, 'gamma': 0.2}. Best is trial 556 with value: 0.5099189407344089.
[I 2023-10-20 03:26:39,311] Trial 960 finished with value: 0.4902045491233146 and parameters: {'w0': 0.167, 'w1': 0.978, 'w2': 0.146, 'w3': 0.867, 'w4': 0.89, 'w5': 0.933, 'w6': 0.333, 'w7': 0.069, 'w8': 0.715, 'max_depth': 6, 'min_child_weight': 16, 'subsample': 0.8, 'colsample_bytree': 0.9000000000000001, 'gamma': 0.2}. Best is trial 556 with value: 0.5099189407344089.
[I 2023-10-20 03:27:01,627] Trial 959 finished with value: 0.4664080482141638 and parameters: {'w0': 0.168, 'w1': 0.937, 'w2': 0.854, 'w3': 0.592, 'w4': 0.89, 'w5': 0.928, 'w6': 0.321, 'w7': 0.068, 'w8': 0.8270000000000001, 'max_depth': 6, 'min_child_weight': 16, 'subsample': 0.8, 'colsample_bytree': 0.9000000000000001, 'gamma': 0.2}. Best is trial 556 with value: 0.5099189407344089.
[I 2023-10-20 03:27:13,441] Trial 962 finished with value: 0.4916977129718359 and parameters: {'w0': 0.168, 'w1': 0.982, 'w2': 0.14300000000000002, 'w3': 0.588, 'w4': 0.872, 'w5': 0.929, 'w6': 0.321, 'w7': 0.07300000000000001, 'w8': 0.8310000000000001, 'max_depth': 6, 'min_child_weight': 16, 'subsample': 0.8, 'colsample_bytree': 0.9000000000000001, 'gamma': 0.2}. Best is trial 556 with value: 0.5099189407344089.
[I 2023-10-20 03:29:04,554] Trial 961 finished with value: 0.5012706943902946 and parameters: {'w0': 0.166, 'w1': 0.9420000000000001, 'w2': 0.147, 'w3': 0.451, 'w4': 0.892, 'w5': 0.932, 'w6': 0.324, 'w7': 0.074, 'w8': 0.835, 'max_depth': 8, 'min_child_weight': 16, 'subsample': 0.8, 'colsample_bytree': 0.9000000000000001, 'gamma': 0.2}. Best is trial 556 with value: 0.5099189407344089.
[I 2023-10-20 03:29:05,686] Trial 970 finished with value: 0.4848995865269359 and parameters: {'w0': 0.536, 'w1': 0.836, 'w2': 0.148, 'w3': 0.592, 'w4': 0.865, 'w5': 0.894, 'w6': 0.317, 'w7': 0.167, 'w8': 0.788, 'max_depth': 4, 'min_child_weight': 18, 'subsample': 0.8, 'colsample_bytree': 0.9000000000000001, 'gamma': 0.2}. Best is trial 556 with value: 0.5099189407344089.
[I 2023-10-20 03:29:12,793] Trial 963 finished with value: 0.47676817992625775 and parameters: {'w0': 0.167, 'w1': 0.98, 'w2': 0.148, 'w3': 0.029, 'w4': 0.872, 'w5': 0.935, 'w6': 0.325, 'w7': 0.07100000000000001, 'w8': 0.8280000000000001, 'max_depth': 8, 'min_child_weight': 16, 'subsample': 0.8, 'colsample_bytree': 0.9000000000000001, 'gamma': 0.2}. Best is trial 556 with value: 0.5099189407344089.
[I 2023-10-20 03:29:39,279] Trial 971 finished with value: 0.49683068470829117 and parameters: {'w0': 0.153, 'w1': 0.977, 'w2': 0.148, 'w3': 0.446, 'w4': 0.862, 'w5': 0.931, 'w6': 0.275, 'w7': 0.168, 'w8': 0.752, 'max_depth': 4, 'min_child_weight': 16, 'subsample': 0.8, 'colsample_bytree': 0.9000000000000001, 'gamma': 0.2}. Best is trial 556 with value: 0.5099189407344089.
[I 2023-10-20 03:29:40,594] Trial 972 finished with value: 0.4682808057691206 and parameters: {'w0': 0.182, 'w1': 0.974, 'w2': 0.616, 'w3': 0.233, 'w4': 0.863, 'w5': 0.999, 'w6': 0.274, 'w7': 0.34500000000000003, 'w8': 0.751, 'max_depth': 4, 'min_child_weight': 18, 'subsample': 0.8, 'colsample_bytree': 0.9000000000000001, 'gamma': 0.2}. Best is trial 556 with value: 0.5099189407344089.
[I 2023-10-20 03:29:52,161] Trial 964 finished with value: 0.46770353485241384 and parameters: {'w0': 0.168, 'w1': 0.98, 'w2': 0.147, 'w3': 0.023, 'w4': 0.793, 'w5': 0.933, 'w6': 0.329, 'w7': 0.106, 'w8': 0.8250000000000001, 'max_depth': 8, 'min_child_weight': 16, 'subsample': 0.8, 'colsample_bytree': 0.9000000000000001, 'gamma': 0.2}. Best is trial 556 with value: 0.5099189407344089.
[I 2023-10-20 03:30:17,719] Trial 965 finished with value: 0.49547979216959376 and parameters: {'w0': 0.164, 'w1': 0.988, 'w2': 0.152, 'w3': 0.23, 'w4': 0.867, 'w5': 0.932, 'w6': 0.872, 'w7': 0.069, 'w8': 0.835, 'max_depth': 8, 'min_child_weight': 16, 'subsample': 0.8, 'colsample_bytree': 0.9000000000000001, 'gamma': 0.2}. Best is trial 556 with value: 0.5099189407344089.
[I 2023-10-20 03:31:12,542] Trial 968 finished with value: 0.49528092410431185 and parameters: {'w0': 0.161, 'w1': 0.977, 'w2': 0.146, 'w3': 0.588, 'w4': 0.873, 'w5': 0.892, 'w6': 0.319, 'w7': 0.068, 'w8': 0.837, 'max_depth': 8, 'min_child_weight': 16, 'subsample': 0.8, 'colsample_bytree': 0.8, 'gamma': 0.2}. Best is trial 556 with value: 0.5099189407344089.
[I 2023-10-20 03:31:47,785] Trial 967 finished with value: 0.47541401142018597 and parameters: {'w0': 0.618, 'w1': 0.98, 'w2': 0.147, 'w3': 0.591, 'w4': 0.87, 'w5': 0.936, 'w6': 0.322, 'w7': 0.067, 'w8': 0.8270000000000001, 'max_depth': 8, 'min_child_weight': 16, 'subsample': 0.8, 'colsample_bytree': 0.9000000000000001, 'gamma': 0.2}. Best is trial 556 with value: 0.5099189407344089.
[I 2023-10-20 03:33:52,128] Trial 969 finished with value: 0.4915426031730865 and parameters: {'w0': 0.164, 'w1': 0.978, 'w2': 0.149, 'w3': 0.59, 'w4': 0.866, 'w5': 0.9410000000000001, 'w6': 0.321, 'w7': 0.07100000000000001, 'w8': 0.784, 'max_depth': 8, 'min_child_weight': 18, 'subsample': 0.8, 'colsample_bytree': 0.9000000000000001, 'gamma': 0.2}. Best is trial 556 with value: 0.5099189407344089.
[I 2023-10-20 03:35:09,229] Trial 973 finished with value: 0.4710998125208531 and parameters: {'w0': 0.18, 'w1': 0.836, 'w2': 0.14500000000000002, 'w3': 0.25, 'w4': 0.861, 'w5': 0.33, 'w6': 0.9410000000000001, 'w7': 0.34500000000000003, 'w8': 0.784, 'max_depth': 8, 'min_child_weight': 18, 'subsample': 0.8, 'colsample_bytree': 0.9000000000000001, 'gamma': 0.2}. Best is trial 556 with value: 0.5099189407344089.
[I 2023-10-20 03:35:41,124] Trial 974 finished with value: 0.4998390818978113 and parameters: {'w0': 0.181, 'w1': 0.982, 'w2': 0.149, 'w3': 0.494, 'w4': 0.909, 'w5': 1.0, 'w6': 0.275, 'w7': 0.166, 'w8': 0.748, 'max_depth': 8, 'min_child_weight': 18, 'subsample': 0.8, 'colsample_bytree': 0.9000000000000001, 'gamma': 0.2}. Best is trial 556 with value: 0.5099189407344089.
[I 2023-10-20 03:40:42,734] Trial 975 finished with value: 0.506160005165828 and parameters: {'w0': 0.178, 'w1': 0.841, 'w2': 0.153, 'w3': 0.232, 'w4': 0.873, 'w5': 1.0, 'w6': 0.27, 'w7': 0.152, 'w8': 0.786, 'max_depth': 8, 'min_child_weight': 18, 'subsample': 0.8, 'colsample_bytree': 0.9000000000000001, 'gamma': 0.2}. Best is trial 556 with value: 0.5099189407344089.
[I 2023-10-20 03:40:56,316] Trial 977 finished with value: 0.43801948835266 and parameters: {'w0': 0.183, 'w1': 0.838, 'w2': 0.07, 'w3': 0.153, 'w4': 0.865, 'w5': 0.899, 'w6': 0.273, 'w7': 0.002, 'w8': 0.751, 'max_depth': 8, 'min_child_weight': 18, 'subsample': 0.8, 'colsample_bytree': 0.9000000000000001, 'gamma': 0.2}. Best is trial 556 with value: 0.5099189407344089.
[I 2023-10-20 03:41:17,183] Trial 983 finished with value: 0.4376844924239101 and parameters: {'w0': 0.133, 'w1': 0.999, 'w2': 0.07, 'w3': 0.492, 'w4': 0.909, 'w5': 0.984, 'w6': 0.269, 'w7': 0.003, 'w8': 0.787, 'max_depth': 7, 'min_child_weight': 18, 'subsample': 0.8, 'colsample_bytree': 0.9000000000000001, 'gamma': 0.6000000000000001}. Best is trial 556 with value: 0.5099189407344089.
[I 2023-10-20 03:41:51,347] Trial 985 finished with value: 0.4670054023662773 and parameters: {'w0': 0.133, 'w1': 0.233, 'w2': 0.07200000000000001, 'w3': 0.28300000000000003, 'w4': 0.845, 'w5': 0.889, 'w6': 0.281, 'w7': 0.14500000000000002, 'w8': 0.784, 'max_depth': 9, 'min_child_weight': 18, 'subsample': 0.8, 'colsample_bytree': 0.9000000000000001, 'gamma': 0.6000000000000001}. Best is trial 556 with value: 0.5099189407344089.
[I 2023-10-20 03:42:15,933] Trial 976 finished with value: 0.43324374269860866 and parameters: {'w0': 0.129, 'w1': 0.998, 'w2': 0.149, 'w3': 0.398, 'w4': 0.868, 'w5': 0.892, 'w6': 0.278, 'w7': 0.838, 'w8': 0.786, 'max_depth': 8, 'min_child_weight': 18, 'subsample': 0.8, 'colsample_bytree': 0.9000000000000001, 'gamma': 0.2}. Best is trial 556 with value: 0.5099189407344089.
[I 2023-10-20 03:42:22,685] Trial 978 finished with value: 0.4674364075496821 and parameters: {'w0': 0.618, 'w1': 0.836, 'w2': 0.069, 'w3': 0.401, 'w4': 0.864, 'w5': 0.998, 'w6': 0.272, 'w7': 0.162, 'w8': 0.787, 'max_depth': 8, 'min_child_weight': 18, 'subsample': 0.8, 'colsample_bytree': 0.9000000000000001, 'gamma': 0.2}. Best is trial 556 with value: 0.5099189407344089.
[I 2023-10-20 03:42:56,679] Trial 980 finished with value: 0.47218092991316335 and parameters: {'w0': 0.138, 'w1': 0.904, 'w2': 0.069, 'w3': 0.528, 'w4': 0.785, 'w5': 0.338, 'w6': 0.269, 'w7': 0.149, 'w8': 0.191, 'max_depth': 8, 'min_child_weight': 18, 'subsample': 0.8, 'colsample_bytree': 0.9000000000000001, 'gamma': 0.2}. Best is trial 556 with value: 0.5099189407344089.
[I 2023-10-20 03:43:24,533] Trial 984 finished with value: 0.4764783657360846 and parameters: {'w0': 0.127, 'w1': 0.896, 'w2': 0.069, 'w3': 0.496, 'w4': 0.91, 'w5': 0.892, 'w6': 0.9490000000000001, 'w7': 0.146, 'w8': 0.647, 'max_depth': 8, 'min_child_weight': 18, 'subsample': 0.8, 'colsample_bytree': 0.9000000000000001, 'gamma': 0.6000000000000001}. Best is trial 556 with value: 0.5099189407344089.
[I 2023-10-20 03:43:35,238] Trial 986 finished with value: 0.43659460523201343 and parameters: {'w0': 0.135, 'w1': 0.895, 'w2': 0.07200000000000001, 'w3': 0.495, 'w4': 0.913, 'w5': 0.999, 'w6': 0.667, 'w7': 0.004, 'w8': 0.783, 'max_depth': 7, 'min_child_weight': 18, 'subsample': 0.8, 'colsample_bytree': 0.9000000000000001, 'gamma': 0.6000000000000001}. Best is trial 556 with value: 0.5099189407344089.
[I 2023-10-20 03:43:35,825] Trial 982 finished with value: 0.503246498520745 and parameters: {'w0': 0.127, 'w1': 0.9, 'w2': 0.11800000000000001, 'w3': 0.273, 'w4': 0.909, 'w5': 0.999, 'w6': 0.272, 'w7': 0.14400000000000002, 'w8': 0.752, 'max_depth': 7, 'min_child_weight': 18, 'subsample': 0.8, 'colsample_bytree': 0.9000000000000001, 'gamma': 0.2}. Best is trial 556 with value: 0.5099189407344089.
[I 2023-10-20 03:43:44,476] Trial 987 finished with value: 0.48091866070468364 and parameters: {'w0': 0.132, 'w1': 0.906, 'w2': 0.068, 'w3': 0.401, 'w4': 0.913, 'w5': 0.984, 'w6': 0.273, 'w7': 0.151, 'w8': 0.785, 'max_depth': 7, 'min_child_weight': 18, 'subsample': 0.8, 'colsample_bytree': 0.9000000000000001, 'gamma': 0.6000000000000001}. Best is trial 556 with value: 0.5099189407344089.
[I 2023-10-20 03:43:52,536] Trial 979 finished with value: 0.5012197824180292 and parameters: {'w0': 0.131, 'w1': 1.0, 'w2': 0.164, 'w3': 0.146, 'w4': 0.864, 'w5': 0.89, 'w6': 0.274, 'w7': 0.162, 'w8': 0.751, 'max_depth': 8, 'min_child_weight': 18, 'subsample': 0.8, 'colsample_bytree': 0.9000000000000001, 'gamma': 0.2}. Best is trial 556 with value: 0.5099189407344089.
[I 2023-10-20 03:43:55,674] Trial 981 finished with value: 0.49331030559068234 and parameters: {'w0': 0.625, 'w1': 0.906, 'w2': 0.168, 'w3': 0.496, 'w4': 0.854, 'w5': 1.0, 'w6': 0.66, 'w7': 0.148, 'w8': 0.75, 'max_depth': 7, 'min_child_weight': 18, 'subsample': 0.8, 'colsample_bytree': 0.9000000000000001, 'gamma': 0.2}. Best is trial 556 with value: 0.5099189407344089.
[I 2023-10-20 03:46:45,400] Trial 988 finished with value: 0.4770043129261675 and parameters: {'w0': 0.126, 'w1': 0.901, 'w2': 0.07, 'w3': 0.496, 'w4': 0.911, 'w5': 0.998, 'w6': 0.8150000000000001, 'w7': 0.14100000000000001, 'w8': 0.75, 'max_depth': 7, 'min_child_weight': 18, 'subsample': 0.8, 'colsample_bytree': 0.9000000000000001, 'gamma': 0.6000000000000001}. Best is trial 556 with value: 0.5099189407344089.
