[I 2023-10-20 23:43:28,814] Trial 419 finished with value: 0.40775172439536267 and parameters: {'w0': 0.442, 'w1': 0.6910000000000001, 'w2': 0.54, 'w3': 0.41000000000000003, 'w4': 0.8270000000000001, 'w5': 0.686, 'w6': 0.907, 'w7': 0.40700000000000003, 'w8': 0.861, 'max_depth': 9, 'min_child_weight': 8, 'subsample': 0.4, 'colsample_bytree': 0.7, 'gamma': 2.4000000000000004}. Best is trial 388 with value: 0.4106823170341275.
[I 2023-10-20 23:43:38,805] Trial 418 finished with value: 0.4027492827217709 and parameters: {'w0': 0.446, 'w1': 0.679, 'w2': 0.606, 'w3': 0.447, 'w4': 0.786, 'w5': 0.6890000000000001, 'w6': 0.85, 'w7': 0.402, 'w8': 0.806, 'max_depth': 10, 'min_child_weight': 8, 'subsample': 0.4, 'colsample_bytree': 0.7, 'gamma': 2.4000000000000004}. Best is trial 388 with value: 0.4106823170341275.
[I 2023-10-20 23:44:54,584] Trial 421 finished with value: 0.40214658652228197 and parameters: {'w0': 0.438, 'w1': 0.687, 'w2': 0.54, 'w3': 0.446, 'w4': 0.8300000000000001, 'w5': 0.626, 'w6': 0.906, 'w7': 0.313, 'w8': 0.9, 'max_depth': 9, 'min_child_weight': 8, 'subsample': 0.4, 'colsample_bytree': 0.9000000000000001, 'gamma': 2.2}. Best is trial 388 with value: 0.4106823170341275.
[I 2023-10-20 23:47:39,711] Trial 425 finished with value: 0.40753712698507344 and parameters: {'w0': 0.41000000000000003, 'w1': 0.729, 'w2': 0.539, 'w3': 0.452, 'w4': 0.032, 'w5': 0.6920000000000001, 'w6': 0.857, 'w7': 0.395, 'w8': 0.894, 'max_depth': 10, 'min_child_weight': 8, 'subsample': 0.4, 'colsample_bytree': 0.9000000000000001, 'gamma': 1.8}. Best is trial 388 with value: 0.4106823170341275.
[I 2023-10-20 23:47:55,602] Trial 424 finished with value: 0.4079788551059993 and parameters: {'w0': 0.34900000000000003, 'w1': 0.666, 'w2': 0.542, 'w3': 0.442, 'w4': 0.838, 'w5': 0.6880000000000001, 'w6': 0.851, 'w7': 0.40700000000000003, 'w8': 0.899, 'max_depth': 10, 'min_child_weight': 8, 'subsample': 0.4, 'colsample_bytree': 0.9000000000000001, 'gamma': 1.8}. Best is trial 388 with value: 0.4106823170341275.
[I 2023-10-20 23:48:04,759] Trial 422 finished with value: 0.40507742473068176 and parameters: {'w0': 0.438, 'w1': 0.6900000000000001, 'w2': 0.542, 'w3': 0.443, 'w4': 0.8230000000000001, 'w5': 0.6930000000000001, 'w6': 0.849, 'w7': 0.427, 'w8': 0.8150000000000001, 'max_depth': 10, 'min_child_weight': 8, 'subsample': 0.4, 'colsample_bytree': 0.9000000000000001, 'gamma': 1.8}. Best is trial 388 with value: 0.4106823170341275.
[I 2023-10-20 23:48:07,652] Trial 426 finished with value: 0.4059330579790215 and parameters: {'w0': 0.357, 'w1': 0.668, 'w2': 0.532, 'w3': 0.34400000000000003, 'w4': 0.023, 'w5': 0.6930000000000001, 'w6': 0.913, 'w7': 0.402, 'w8': 0.864, 'max_depth': 9, 'min_child_weight': 8, 'subsample': 0.4, 'colsample_bytree': 0.9000000000000001, 'gamma': 1.8}. Best is trial 388 with value: 0.4106823170341275.
[I 2023-10-20 23:48:27,828] Trial 427 finished with value: 0.40541627358235216 and parameters: {'w0': 0.35200000000000004, 'w1': 0.744, 'w2': 0.542, 'w3': 0.323, 'w4': 0.786, 'w5': 0.6930000000000001, 'w6': 0.909, 'w7': 0.40700000000000003, 'w8': 0.892, 'max_depth': 9, 'min_child_weight': 8, 'subsample': 0.4, 'colsample_bytree': 0.9000000000000001, 'gamma': 1.8}. Best is trial 388 with value: 0.4106823170341275.
[I 2023-10-20 23:48:57,685] Trial 437 finished with value: 0.3676614103482565 and parameters: {'w0': 0.353, 'w1': 0.749, 'w2': 0.545, 'w3': 0.525, 'w4': 0.858, 'w5': 0.627, 'w6': 0.91, 'w7': 0.41700000000000004, 'w8': 0.865, 'max_depth': 9, 'min_child_weight': 6, 'subsample': 0.30000000000000004, 'colsample_bytree': 0.9000000000000001, 'gamma': 8.4}. Best is trial 388 with value: 0.4106823170341275.
[I 2023-10-20 23:49:39,713] Trial 436 finished with value: 0.38499357237490106 and parameters: {'w0': 0.353, 'w1': 0.33, 'w2': 0.546, 'w3': 0.514, 'w4': 0.78, 'w5': 0.632, 'w6': 0.911, 'w7': 0.41000000000000003, 'w8': 0.865, 'max_depth': 9, 'min_child_weight': 6, 'subsample': 0.4, 'colsample_bytree': 0.9000000000000001, 'gamma': 5.4}. Best is trial 388 with value: 0.4106823170341275.
[I 2023-10-20 23:49:55,097] Trial 428 finished with value: 0.4125878578078418 and parameters: {'w0': 0.34500000000000003, 'w1': 0.887, 'w2': 0.543, 'w3': 0.429, 'w4': 0.836, 'w5': 0.686, 'w6': 0.905, 'w7': 0.406, 'w8': 0.895, 'max_depth': 10, 'min_child_weight': 6, 'subsample': 0.4, 'colsample_bytree': 0.9000000000000001, 'gamma': 1.8}. Best is trial 428 with value: 0.4125878578078418.
[I 2023-10-20 23:51:19,915] Trial 429 finished with value: 0.40803224191310916 and parameters: {'w0': 0.35100000000000003, 'w1': 0.748, 'w2': 0.549, 'w3': 0.442, 'w4': 0.025, 'w5': 0.6940000000000001, 'w6': 0.908, 'w7': 0.41300000000000003, 'w8': 0.896, 'max_depth': 10, 'min_child_weight': 8, 'subsample': 0.4, 'colsample_bytree': 0.9000000000000001, 'gamma': 1.8}. Best is trial 428 with value: 0.4125878578078418.
[I 2023-10-20 23:53:00,931] Trial 430 finished with value: 0.4076965948745279 and parameters: {'w0': 0.41000000000000003, 'w1': 0.668, 'w2': 0.548, 'w3': 0.512, 'w4': 0.783, 'w5': 0.628, 'w6': 0.91, 'w7': 0.41000000000000003, 'w8': 0.895, 'max_depth': 9, 'min_child_weight': 8, 'subsample': 0.4, 'colsample_bytree': 0.9000000000000001, 'gamma': 1.8}. Best is trial 428 with value: 0.4125878578078418.
[I 2023-10-20 23:54:27,281] Trial 431 finished with value: 0.40768512966359916 and parameters: {'w0': 0.35100000000000003, 'w1': 0.893, 'w2': 0.549, 'w3': 0.517, 'w4': 0.842, 'w5': 0.6940000000000001, 'w6': 0.91, 'w7': 0.434, 'w8': 0.871, 'max_depth': 9, 'min_child_weight': 6, 'subsample': 0.4, 'colsample_bytree': 0.9000000000000001, 'gamma': 1.8}. Best is trial 428 with value: 0.4125878578078418.
[I 2023-10-20 23:55:43,655] Trial 434 finished with value: 0.38613115660381164 and parameters: {'w0': 0.34600000000000003, 'w1': 0.891, 'w2': 0.17400000000000002, 'w3': 0.513, 'w4': 0.023, 'w5': 0.624, 'w6': 0.907, 'w7': 0.41600000000000004, 'w8': 0.866, 'max_depth': 9, 'min_child_weight': 6, 'subsample': 0.4, 'colsample_bytree': 0.9000000000000001, 'gamma': 1.8}. Best is trial 428 with value: 0.4125878578078418.
[I 2023-10-20 23:56:03,585] Trial 432 finished with value: 0.40801567900801633 and parameters: {'w0': 0.361, 'w1': 0.664, 'w2': 0.539, 'w3': 0.439, 'w4': 0.846, 'w5': 0.634, 'w6': 0.898, 'w7': 0.418, 'w8': 0.872, 'max_depth': 9, 'min_child_weight': 6, 'subsample': 0.4, 'colsample_bytree': 0.9000000000000001, 'gamma': 1.8}. Best is trial 428 with value: 0.4125878578078418.
[I 2023-10-20 23:56:31,726] Trial 433 finished with value: 0.40681118598575106 and parameters: {'w0': 0.35200000000000004, 'w1': 0.666, 'w2': 0.541, 'w3': 0.513, 'w4': 0.031, 'w5': 0.631, 'w6': 0.907, 'w7': 0.41100000000000003, 'w8': 0.904, 'max_depth': 9, 'min_child_weight': 6, 'subsample': 0.4, 'colsample_bytree': 0.9000000000000001, 'gamma': 1.8}. Best is trial 428 with value: 0.4125878578078418.
[I 2023-10-20 23:58:34,989] Trial 435 finished with value: 0.4109100494480134 and parameters: {'w0': 0.34700000000000003, 'w1': 0.881, 'w2': 0.543, 'w3': 0.514, 'w4': 0.783, 'w5': 0.629, 'w6': 0.911, 'w7': 0.41700000000000004, 'w8': 0.896, 'max_depth': 9, 'min_child_weight': 6, 'subsample': 0.4, 'colsample_bytree': 0.9000000000000001, 'gamma': 1.8}. Best is trial 428 with value: 0.4125878578078418.
[I 2023-10-20 23:59:25,931] Trial 438 finished with value: 0.39811448717196307 and parameters: {'w0': 0.34700000000000003, 'w1': 0.662, 'w2': 0.545, 'w3': 0.23800000000000002, 'w4': 0.846, 'w5': 0.63, 'w6': 0.914, 'w7': 0.425, 'w8': 0.894, 'max_depth': 9, 'min_child_weight': 6, 'subsample': 0.30000000000000004, 'colsample_bytree': 0.9000000000000001, 'gamma': 2.0}. Best is trial 428 with value: 0.4125878578078418.
[I 2023-10-21 00:00:52,999] Trial 444 finished with value: 0.3811509160040111 and parameters: {'w0': 0.34800000000000003, 'w1': 0.66, 'w2': 0.181, 'w3': 0.428, 'w4': 0.839, 'w5': 0.633, 'w6': 0.87, 'w7': 0.427, 'w8': 0.866, 'max_depth': 10, 'min_child_weight': 6, 'subsample': 0.4, 'colsample_bytree': 0.9000000000000001, 'gamma': 2.2}. Best is trial 428 with value: 0.4125878578078418.
[I 2023-10-21 00:02:18,514] Trial 442 finished with value: 0.3936689698630211 and parameters: {'w0': 0.35000000000000003, 'w1': 0.662, 'w2': 0.221, 'w3': 0.431, 'w4': 0.848, 'w5': 0.636, 'w6': 0.87, 'w7': 0.418, 'w8': 0.867, 'max_depth': 10, 'min_child_weight': 6, 'subsample': 0.4, 'colsample_bytree': 0.9000000000000001, 'gamma': 1.8}. Best is trial 428 with value: 0.4125878578078418.
[I 2023-10-21 00:02:47,086] Trial 440 finished with value: 0.3910337158862365 and parameters: {'w0': 0.41500000000000004, 'w1': 0.65, 'w2': 0.529, 'w3': 0.432, 'w4': 0.855, 'w5': 0.6920000000000001, 'w6': 0.327, 'w7': 0.43, 'w8': 0.866, 'max_depth': 10, 'min_child_weight': 8, 'subsample': 0.30000000000000004, 'colsample_bytree': 0.9000000000000001, 'gamma': 1.8}. Best is trial 428 with value: 0.4125878578078418.
[I 2023-10-21 00:03:07,928] Trial 443 finished with value: 0.40290352206155466 and parameters: {'w0': 0.418, 'w1': 0.638, 'w2': 0.523, 'w3': 0.483, 'w4': 0.026000000000000002, 'w5': 0.634, 'w6': 0.899, 'w7': 0.425, 'w8': 0.87, 'max_depth': 10, 'min_child_weight': 10, 'subsample': 0.4, 'colsample_bytree': 0.9000000000000001, 'gamma': 1.8}. Best is trial 428 with value: 0.4125878578078418.
[I 2023-10-21 00:03:17,465] Trial 446 finished with value: 0.37762306959351927 and parameters: {'w0': 0.422, 'w1': 0.664, 'w2': 0.168, 'w3': 0.41500000000000004, 'w4': 0.857, 'w5': 0.682, 'w6': 0.903, 'w7': 0.433, 'w8': 0.868, 'max_depth': 10, 'min_child_weight': 12, 'subsample': 0.4, 'colsample_bytree': 0.9000000000000001, 'gamma': 1.8}. Best is trial 428 with value: 0.4125878578078418.
[I 2023-10-21 00:03:35,659] Trial 441 finished with value: 0.40629727127383247 and parameters: {'w0': 0.36, 'w1': 0.668, 'w2': 0.529, 'w3': 0.418, 'w4': 0.86, 'w5': 0.636, 'w6': 0.906, 'w7': 0.41400000000000003, 'w8': 0.866, 'max_depth': 10, 'min_child_weight': 6, 'subsample': 0.4, 'colsample_bytree': 0.9000000000000001, 'gamma': 1.8}. Best is trial 428 with value: 0.4125878578078418.
[I 2023-10-21 00:04:03,800] Trial 439 finished with value: 0.4061285899377344 and parameters: {'w0': 0.41600000000000004, 'w1': 0.74, 'w2': 0.54, 'w3': 0.519, 'w4': 0.845, 'w5': 0.6960000000000001, 'w6': 0.906, 'w7': 0.41700000000000004, 'w8': 0.87, 'max_depth': 10, 'min_child_weight': 6, 'subsample': 0.30000000000000004, 'colsample_bytree': 0.9000000000000001, 'gamma': 1.8}. Best is trial 428 with value: 0.4125878578078418.
[I 2023-10-21 00:04:52,566] Trial 447 finished with value: 0.4036153040759304 and parameters: {'w0': 0.313, 'w1': 0.732, 'w2': 0.519, 'w3': 0.44, 'w4': 0.839, 'w5': 0.6970000000000001, 'w6': 0.9, 'w7': 0.431, 'w8': 0.868, 'max_depth': 10, 'min_child_weight': 10, 'subsample': 0.4, 'colsample_bytree': 0.9000000000000001, 'gamma': 2.2}. Best is trial 428 with value: 0.4125878578078418.
[I 2023-10-21 00:05:09,384] Trial 445 finished with value: 0.4060863946932251 and parameters: {'w0': 0.418, 'w1': 0.66, 'w2': 0.521, 'w3': 0.43, 'w4': 0.07200000000000001, 'w5': 0.636, 'w6': 0.87, 'w7': 0.429, 'w8': 0.891, 'max_depth': 10, 'min_child_weight': 6, 'subsample': 0.4, 'colsample_bytree': 0.9000000000000001, 'gamma': 1.8}. Best is trial 428 with value: 0.4125878578078418.
[I 2023-10-21 00:08:15,619] Trial 448 finished with value: 0.4035392942124453 and parameters: {'w0': 0.313, 'w1': 0.671, 'w2': 0.513, 'w3': 0.427, 'w4': 0.84, 'w5': 0.6930000000000001, 'w6': 0.902, 'w7': 0.429, 'w8': 0.871, 'max_depth': 10, 'min_child_weight': 10, 'subsample': 0.4, 'colsample_bytree': 0.9000000000000001, 'gamma': 1.8}. Best is trial 428 with value: 0.4125878578078418.
[I 2023-10-21 00:08:24,434] Trial 449 finished with value: 0.4057788977261745 and parameters: {'w0': 0.422, 'w1': 0.638, 'w2': 0.518, 'w3': 0.424, 'w4': 0.843, 'w5': 0.6990000000000001, 'w6': 0.915, 'w7': 0.427, 'w8': 0.864, 'max_depth': 10, 'min_child_weight': 10, 'subsample': 0.4, 'colsample_bytree': 0.9000000000000001, 'gamma': 2.2}. Best is trial 428 with value: 0.4125878578078418.
[I 2023-10-21 00:09:06,120] Trial 450 finished with value: 0.39770658184443325 and parameters: {'w0': 0.31, 'w1': 0.658, 'w2': 0.513, 'w3': 0.245, 'w4': 0.851, 'w5': 0.6950000000000001, 'w6': 0.9, 'w7': 0.426, 'w8': 0.892, 'max_depth': 10, 'min_child_weight': 8, 'subsample': 0.4, 'colsample_bytree': 0.9000000000000001, 'gamma': 2.2}. Best is trial 428 with value: 0.4125878578078418.
[I 2023-10-21 00:09:33,943] Trial 451 finished with value: 0.40418782920572704 and parameters: {'w0': 0.308, 'w1': 0.655, 'w2': 0.523, 'w3': 0.423, 'w4': 0.849, 'w5': 0.6930000000000001, 'w6': 0.918, 'w7': 0.431, 'w8': 0.868, 'max_depth': 10, 'min_child_weight': 8, 'subsample': 0.4, 'colsample_bytree': 0.9000000000000001, 'gamma': 2.2}. Best is trial 428 with value: 0.4125878578078418.
[I 2023-10-21 00:09:45,399] Trial 452 finished with value: 0.40429924857144056 and parameters: {'w0': 0.308, 'w1': 0.714, 'w2': 0.517, 'w3': 0.419, 'w4': 0.858, 'w5': 0.6910000000000001, 'w6': 0.898, 'w7': 0.424, 'w8': 0.864, 'max_depth': 10, 'min_child_weight': 10, 'subsample': 0.4, 'colsample_bytree': 0.9000000000000001, 'gamma': 2.2}. Best is trial 428 with value: 0.4125878578078418.
[I 2023-10-21 00:12:18,665] Trial 453 finished with value: 0.3984424444106379 and parameters: {'w0': 0.314, 'w1': 0.657, 'w2': 0.517, 'w3': 0.422, 'w4': 0.845, 'w5': 0.6920000000000001, 'w6': 0.917, 'w7': 0.431, 'w8': 0.865, 'max_depth': 10, 'min_child_weight': 10, 'subsample': 0.30000000000000004, 'colsample_bytree': 0.9000000000000001, 'gamma': 2.2}. Best is trial 428 with value: 0.4125878578078418.
[I 2023-10-21 00:13:00,974] Trial 454 finished with value: 0.4023240582925256 and parameters: {'w0': 0.333, 'w1': 0.658, 'w2': 0.523, 'w3': 0.43, 'w4': 0.87, 'w5': 0.6880000000000001, 'w6': 0.919, 'w7': 0.433, 'w8': 0.877, 'max_depth': 10, 'min_child_weight': 10, 'subsample': 0.4, 'colsample_bytree': 0.9000000000000001, 'gamma': 2.2}. Best is trial 428 with value: 0.4125878578078418.
[I 2023-10-21 00:14:33,697] Trial 455 finished with value: 0.4028867012420023 and parameters: {'w0': 0.307, 'w1': 0.631, 'w2': 0.524, 'w3': 0.42, 'w4': 0.857, 'w5': 0.683, 'w6': 0.918, 'w7': 0.433, 'w8': 0.872, 'max_depth': 10, 'min_child_weight': 8, 'subsample': 0.4, 'colsample_bytree': 0.9000000000000001, 'gamma': 2.2}. Best is trial 428 with value: 0.4125878578078418.
[I 2023-10-21 00:16:10,413] Trial 457 finished with value: 0.40404917349111014 and parameters: {'w0': 0.304, 'w1': 0.624, 'w2': 0.516, 'w3': 0.453, 'w4': 0.884, 'w5': 0.6960000000000001, 'w6': 0.915, 'w7': 0.4, 'w8': 0.89, 'max_depth': 10, 'min_child_weight': 10, 'subsample': 0.4, 'colsample_bytree': 0.9000000000000001, 'gamma': 2.2}. Best is trial 428 with value: 0.4125878578078418.
[I 2023-10-21 00:16:28,048] Trial 456 finished with value: 0.40635236851337936 and parameters: {'w0': 0.32, 'w1': 0.919, 'w2': 0.523, 'w3': 0.424, 'w4': 0.876, 'w5': 0.6990000000000001, 'w6': 0.918, 'w7': 0.442, 'w8': 0.891, 'max_depth': 10, 'min_child_weight': 8, 'subsample': 0.4, 'colsample_bytree': 0.9000000000000001, 'gamma': 2.2}. Best is trial 428 with value: 0.4125878578078418.
[I 2023-10-21 00:16:42,383] Trial 459 finished with value: 0.4070160616324883 and parameters: {'w0': 0.308, 'w1': 0.919, 'w2': 0.513, 'w3': 0.418, 'w4': 0.8310000000000001, 'w5': 0.6990000000000001, 'w6': 0.922, 'w7': 0.402, 'w8': 0.878, 'max_depth': 10, 'min_child_weight': 10, 'subsample': 0.4, 'colsample_bytree': 0.9000000000000001, 'gamma': 2.2}. Best is trial 428 with value: 0.4125878578078418.
[I 2023-10-21 00:16:45,653] Trial 458 finished with value: 0.4054335974152566 and parameters: {'w0': 0.31, 'w1': 0.913, 'w2': 0.515, 'w3': 0.418, 'w4': 0.89, 'w5': 0.6960000000000001, 'w6': 0.916, 'w7': 0.397, 'w8': 0.897, 'max_depth': 10, 'min_child_weight': 10, 'subsample': 0.4, 'colsample_bytree': 0.9000000000000001, 'gamma': 2.2}. Best is trial 428 with value: 0.4125878578078418.
[I 2023-10-21 00:17:03,687] Trial 460 finished with value: 0.40600887521160034 and parameters: {'w0': 0.3, 'w1': 0.914, 'w2': 0.517, 'w3': 0.423, 'w4': 0.881, 'w5': 0.7040000000000001, 'w6': 0.916, 'w7': 0.4, 'w8': 0.884, 'max_depth': 10, 'min_child_weight': 10, 'subsample': 0.4, 'colsample_bytree': 0.9000000000000001, 'gamma': 2.2}. Best is trial 428 with value: 0.4125878578078418.
[I 2023-10-21 00:17:23,551] Trial 461 finished with value: 0.40391188389386895 and parameters: {'w0': 0.306, 'w1': 0.621, 'w2': 0.515, 'w3': 0.421, 'w4': 0.885, 'w5': 0.6990000000000001, 'w6': 0.918, 'w7': 0.396, 'w8': 0.894, 'max_depth': 10, 'min_child_weight': 10, 'subsample': 0.4, 'colsample_bytree': 0.9000000000000001, 'gamma': 2.2}. Best is trial 428 with value: 0.4125878578078418.
[I 2023-10-21 00:17:51,608] Trial 462 finished with value: 0.4028477991838113 and parameters: {'w0': 0.241, 'w1': 0.613, 'w2': 0.508, 'w3': 0.424, 'w4': 0.869, 'w5': 0.7030000000000001, 'w6': 0.918, 'w7': 0.394, 'w8': 0.885, 'max_depth': 10, 'min_child_weight': 8, 'subsample': 0.4, 'colsample_bytree': 0.9000000000000001, 'gamma': 2.2}. Best is trial 428 with value: 0.4125878578078418.
[I 2023-10-21 00:18:49,933] Trial 463 finished with value: 0.4043512897807196 and parameters: {'w0': 0.324, 'w1': 0.622, 'w2': 0.514, 'w3': 0.454, 'w4': 0.8180000000000001, 'w5': 0.68, 'w6': 0.928, 'w7': 0.399, 'w8': 0.893, 'max_depth': 10, 'min_child_weight': 10, 'subsample': 0.4, 'colsample_bytree': 0.9000000000000001, 'gamma': 2.2}. Best is trial 428 with value: 0.4125878578078418.
[I 2023-10-21 00:21:46,780] Trial 464 finished with value: 0.4052763229795048 and parameters: {'w0': 0.301, 'w1': 0.623, 'w2': 0.511, 'w3': 0.454, 'w4': 0.868, 'w5': 0.7030000000000001, 'w6': 0.922, 'w7': 0.389, 'w8': 0.9, 'max_depth': 10, 'min_child_weight': 8, 'subsample': 0.4, 'colsample_bytree': 0.9000000000000001, 'gamma': 2.2}. Best is trial 428 with value: 0.4125878578078418.
[I 2023-10-21 00:21:49,700] Trial 465 finished with value: 0.4053886152875236 and parameters: {'w0': 0.306, 'w1': 0.614, 'w2': 0.506, 'w3': 0.447, 'w4': 0.871, 'w5': 0.705, 'w6': 0.9560000000000001, 'w7': 0.392, 'w8': 0.892, 'max_depth': 10, 'min_child_weight': 8, 'subsample': 0.4, 'colsample_bytree': 0.9000000000000001, 'gamma': 2.2}. Best is trial 428 with value: 0.4125878578078418.
[I 2023-10-21 00:23:56,718] Trial 468 finished with value: 0.40315232472868645 and parameters: {'w0': 0.33, 'w1': 0.629, 'w2': 0.586, 'w3': 0.462, 'w4': 0.883, 'w5': 0.676, 'w6': 0.9600000000000001, 'w7': 0.381, 'w8': 0.656, 'max_depth': 10, 'min_child_weight': 8, 'subsample': 0.4, 'colsample_bytree': 0.9000000000000001, 'gamma': 2.0}. Best is trial 428 with value: 0.4125878578078418.
[I 2023-10-21 00:24:04,879] Trial 466 finished with value: 0.4042132897930686 and parameters: {'w0': 0.332, 'w1': 0.917, 'w2': 0.583, 'w3': 0.453, 'w4': 0.877, 'w5': 0.684, 'w6': 0.961, 'w7': 0.395, 'w8': 0.898, 'max_depth': 10, 'min_child_weight': 8, 'subsample': 0.4, 'colsample_bytree': 0.9000000000000001, 'gamma': 2.0}. Best is trial 428 with value: 0.4125878578078418.
[I 2023-10-21 00:24:34,162] Trial 467 finished with value: 0.4066243984602023 and parameters: {'w0': 0.333, 'w1': 0.917, 'w2': 0.585, 'w3': 0.454, 'w4': 0.894, 'w5': 0.677, 'w6': 0.9550000000000001, 'w7': 0.395, 'w8': 0.895, 'max_depth': 10, 'min_child_weight': 8, 'subsample': 0.4, 'colsample_bytree': 0.9000000000000001, 'gamma': 2.0}. Best is trial 428 with value: 0.4125878578078418.
[I 2023-10-21 00:27:56,967] Trial 474 finished with value: 0.40662565013538843 and parameters: {'w0': 0.382, 'w1': 0.895, 'w2': 0.501, 'w3': 0.47600000000000003, 'w4': 0.8290000000000001, 'w5': 0.726, 'w6': 0.9560000000000001, 'w7': 0.393, 'w8': 0.681, 'max_depth': 10, 'min_child_weight': 8, 'subsample': 0.4, 'colsample_bytree': 0.9000000000000001, 'gamma': 2.8000000000000003}. Best is trial 428 with value: 0.4125878578078418.
[I 2023-10-21 00:28:10,879] Trial 476 finished with value: 0.39449195336383597 and parameters: {'w0': 0.339, 'w1': 0.882, 'w2': 0.583, 'w3': 0.363, 'w4': 0.8210000000000001, 'w5': 0.73, 'w6': 0.9510000000000001, 'w7': 0.379, 'w8': 0.687, 'max_depth': 10, 'min_child_weight': 12, 'subsample': 0.4, 'colsample_bytree': 0.9000000000000001, 'gamma': 2.8000000000000003}. Best is trial 428 with value: 0.4125878578078418.
[I 2023-10-21 00:28:38,872] Trial 477 finished with value: 0.39942219993058536 and parameters: {'w0': 0.258, 'w1': 0.875, 'w2': 0.581, 'w3': 0.379, 'w4': 0.686, 'w5': 0.675, 'w6': 0.989, 'w7': 0.37, 'w8': 0.916, 'max_depth': 10, 'min_child_weight': 8, 'subsample': 0.4, 'colsample_bytree': 0.9000000000000001, 'gamma': 2.8000000000000003}. Best is trial 428 with value: 0.4125878578078418.
[I 2023-10-21 00:29:38,908] Trial 469 finished with value: 0.4059729521506822 and parameters: {'w0': 0.336, 'w1': 0.917, 'w2': 0.579, 'w3': 0.452, 'w4': 0.89, 'w5': 0.673, 'w6': 0.961, 'w7': 0.394, 'w8': 0.899, 'max_depth': 10, 'min_child_weight': 8, 'subsample': 0.4, 'colsample_bytree': 0.9000000000000001, 'gamma': 1.4000000000000001}. Best is trial 428 with value: 0.4125878578078418.
[I 2023-10-21 00:30:08,425] Trial 470 finished with value: 0.4102022715570287 and parameters: {'w0': 0.378, 'w1': 0.914, 'w2': 0.58, 'w3': 0.466, 'w4': 0.891, 'w5': 0.674, 'w6': 0.878, 'w7': 0.394, 'w8': 0.894, 'max_depth': 10, 'min_child_weight': 8, 'subsample': 0.4, 'colsample_bytree': 0.9000000000000001, 'gamma': 1.4000000000000001}. Best is trial 428 with value: 0.4125878578078418.
[I 2023-10-21 00:31:00,647] Trial 478 finished with value: 0.3996974734663541 and parameters: {'w0': 0.38, 'w1': 0.899, 'w2': 0.582, 'w3': 0.375, 'w4': 0.8230000000000001, 'w5': 0.676, 'w6': 0.9510000000000001, 'w7': 0.375, 'w8': 0.91, 'max_depth': 10, 'min_child_weight': 12, 'subsample': 0.4, 'colsample_bytree': 0.6000000000000001, 'gamma': 2.0}. Best is trial 428 with value: 0.4125878578078418.
