[I 2023-10-18 20:53:39,172] Trial 874 finished with value: 0.5302588507464171 and parameters: {'w0': 0.14200000000000002, 'w1': 0.9520000000000001, 'w2': 0.094, 'w3': 0.20400000000000001, 'w4': 0.8260000000000001, 'w5': 0.909, 'w6': 0.588, 'w7': 0.115, 'w8': 0.9570000000000001, 'max_depth': 10, 'min_child_weight': 20, 'subsample': 0.9000000000000001, 'colsample_bytree': 0.6000000000000001, 'gamma': 0.6000000000000001}. Best is trial 796 with value: 0.5427258797393881.
[I 2023-10-18 20:53:57,490] Trial 872 finished with value: 0.5263163545630332 and parameters: {'w0': 0.137, 'w1': 0.853, 'w2': 0.17300000000000001, 'w3': 0.20400000000000001, 'w4': 0.8260000000000001, 'w5': 0.929, 'w6': 0.737, 'w7': 0.113, 'w8': 0.31, 'max_depth': 10, 'min_child_weight': 20, 'subsample': 0.9000000000000001, 'colsample_bytree': 0.6000000000000001, 'gamma': 0.4}. Best is trial 796 with value: 0.5427258797393881.
[I 2023-10-18 20:54:41,821] Trial 873 finished with value: 0.5135689558706142 and parameters: {'w0': 0.139, 'w1': 0.849, 'w2': 0.495, 'w3': 0.159, 'w4': 0.8260000000000001, 'w5': 0.933, 'w6': 0.584, 'w7': 0.115, 'w8': 0.9550000000000001, 'max_depth': 10, 'min_child_weight': 20, 'subsample': 0.9000000000000001, 'colsample_bytree': 0.6000000000000001, 'gamma': 0.6000000000000001}. Best is trial 796 with value: 0.5427258797393881.
[I 2023-10-18 20:55:16,767] Trial 875 finished with value: 0.5347267401353134 and parameters: {'w0': 0.132, 'w1': 0.377, 'w2': 0.17, 'w3': 0.20400000000000001, 'w4': 0.769, 'w5': 0.934, 'w6': 0.405, 'w7': 0.11800000000000001, 'w8': 0.962, 'max_depth': 10, 'min_child_weight': 18, 'subsample': 0.9000000000000001, 'colsample_bytree': 0.6000000000000001, 'gamma': 0.4}. Best is trial 796 with value: 0.5427258797393881.
[I 2023-10-18 20:55:35,644] Trial 876 finished with value: 0.5069787961974997 and parameters: {'w0': 0.14100000000000001, 'w1': 0.098, 'w2': 0.17400000000000002, 'w3': 0.162, 'w4': 0.774, 'w5': 0.934, 'w6': 0.733, 'w7': 0.121, 'w8': 1.0, 'max_depth': 10, 'min_child_weight': 18, 'subsample': 0.9000000000000001, 'colsample_bytree': 0.6000000000000001, 'gamma': 0.4}. Best is trial 796 with value: 0.5427258797393881.
[I 2023-10-18 20:57:14,095] Trial 879 finished with value: 0.4959818181689309 and parameters: {'w0': 0.14100000000000001, 'w1': 0.847, 'w2': 0.17200000000000001, 'w3': 0.021, 'w4': 0.776, 'w5': 0.9470000000000001, 'w6': 0.24000000000000002, 'w7': 0.07300000000000001, 'w8': 0.999, 'max_depth': 10, 'min_child_weight': 18, 'subsample': 0.9000000000000001, 'colsample_bytree': 0.6000000000000001, 'gamma': 0.4}. Best is trial 796 with value: 0.5427258797393881.
[I 2023-10-18 20:57:30,679] Trial 877 finished with value: 0.529856974936558 and parameters: {'w0': 0.146, 'w1': 0.85, 'w2': 0.09, 'w3': 0.156, 'w4': 0.774, 'w5': 0.908, 'w6': 0.41000000000000003, 'w7': 0.117, 'w8': 0.9590000000000001, 'max_depth': 10, 'min_child_weight': 18, 'subsample': 0.9000000000000001, 'colsample_bytree': 0.6000000000000001, 'gamma': 0.4}. Best is trial 796 with value: 0.5427258797393881.
[I 2023-10-18 20:58:03,510] Trial 880 finished with value: 0.5266787046547663 and parameters: {'w0': 0.14300000000000002, 'w1': 0.849, 'w2': 0.169, 'w3': 0.164, 'w4': 0.769, 'w5': 0.985, 'w6': 0.45, 'w7': 0.075, 'w8': 0.728, 'max_depth': 10, 'min_child_weight': 18, 'subsample': 0.9000000000000001, 'colsample_bytree': 0.6000000000000001, 'gamma': 0.4}. Best is trial 796 with value: 0.5427258797393881.
[I 2023-10-18 20:59:53,262] Trial 890 finished with value: 0.48509671294556467 and parameters: {'w0': 0.14400000000000002, 'w1': 0.854, 'w2': 0.17300000000000001, 'w3': 0.157, 'w4': 0.776, 'w5': 0.865, 'w6': 0.41400000000000003, 'w7': 0.065, 'w8': 0.9590000000000001, 'max_depth': 10, 'min_child_weight': 18, 'subsample': 0.9000000000000001, 'colsample_bytree': 0.6000000000000001, 'gamma': 4.800000000000001}. Best is trial 796 with value: 0.5427258797393881.
[I 2023-10-18 21:02:06,140] Trial 878 finished with value: 0.4744423305362349 and parameters: {'w0': 0.14300000000000002, 'w1': 0.853, 'w2': 0.17200000000000001, 'w3': 0.23600000000000002, 'w4': 0.772, 'w5': 0.933, 'w6': 0.465, 'w7': 0.9590000000000001, 'w8': 0.9540000000000001, 'max_depth': 10, 'min_child_weight': 18, 'subsample': 0.9000000000000001, 'colsample_bytree': 0.6000000000000001, 'gamma': 0.4}. Best is trial 796 with value: 0.5427258797393881.
[I 2023-10-18 21:02:24,174] Trial 884 finished with value: 0.5329108627297731 and parameters: {'w0': 0.14400000000000002, 'w1': 0.41200000000000003, 'w2': 0.096, 'w3': 0.23500000000000001, 'w4': 0.768, 'w5': 0.875, 'w6': 0.458, 'w7': 0.065, 'w8': 0.9580000000000001, 'max_depth': 10, 'min_child_weight': 8, 'subsample': 0.9000000000000001, 'colsample_bytree': 0.6000000000000001, 'gamma': 0.4}. Best is trial 796 with value: 0.5427258797393881.
[I 2023-10-18 21:05:11,664] Trial 885 finished with value: 0.5300956541090314 and parameters: {'w0': 0.136, 'w1': 0.849, 'w2': 0.17400000000000002, 'w3': 0.159, 'w4': 0.529, 'w5': 0.868, 'w6': 0.73, 'w7': 0.12000000000000001, 'w8': 0.9540000000000001, 'max_depth': 10, 'min_child_weight': 18, 'subsample': 0.9000000000000001, 'colsample_bytree': 0.6000000000000001, 'gamma': 0.4}. Best is trial 796 with value: 0.5427258797393881.
[I 2023-10-18 21:06:03,375] Trial 883 finished with value: 0.46702885154381907 and parameters: {'w0': 0.15, 'w1': 0.853, 'w2': 0.094, 'w3': 0.165, 'w4': 0.775, 'w5': 0.987, 'w6': 0.464, 'w7': 0.9550000000000001, 'w8': 0.963, 'max_depth': 10, 'min_child_weight': 8, 'subsample': 0.9000000000000001, 'colsample_bytree': 0.6000000000000001, 'gamma': 0.4}. Best is trial 796 with value: 0.5427258797393881.
[I 2023-10-18 21:06:12,219] Trial 886 finished with value: 0.5288242144629884 and parameters: {'w0': 0.146, 'w1': 0.85, 'w2': 0.165, 'w3': 0.23900000000000002, 'w4': 0.776, 'w5': 0.877, 'w6': 0.735, 'w7': 0.075, 'w8': 0.9520000000000001, 'max_depth': 10, 'min_child_weight': 18, 'subsample': 0.9000000000000001, 'colsample_bytree': 0.6000000000000001, 'gamma': 0.4}. Best is trial 796 with value: 0.5427258797393881.
[I 2023-10-18 21:06:30,999] Trial 888 finished with value: 0.5235585782784613 and parameters: {'w0': 0.146, 'w1': 0.846, 'w2': 0.165, 'w3': 0.23800000000000002, 'w4': 0.774, 'w5': 0.86, 'w6': 0.406, 'w7': 0.058, 'w8': 0.687, 'max_depth': 10, 'min_child_weight': 18, 'subsample': 0.9000000000000001, 'colsample_bytree': 0.6000000000000001, 'gamma': 0.4}. Best is trial 796 with value: 0.5427258797393881.
[I 2023-10-18 21:07:27,179] Trial 889 finished with value: 0.5272964252553805 and parameters: {'w0': 0.14500000000000002, 'w1': 0.851, 'w2': 0.166, 'w3': 0.158, 'w4': 0.774, 'w5': 0.873, 'w6': 0.418, 'w7': 0.07200000000000001, 'w8': 0.9570000000000001, 'max_depth': 10, 'min_child_weight': 18, 'subsample': 0.9000000000000001, 'colsample_bytree': 0.6000000000000001, 'gamma': 0.4}. Best is trial 796 with value: 0.5427258797393881.
[I 2023-10-18 21:08:39,640] Trial 892 finished with value: 0.5226388769198818 and parameters: {'w0': 0.197, 'w1': 0.842, 'w2': 0.054, 'w3': 0.23600000000000002, 'w4': 0.713, 'w5': 0.864, 'w6': 0.41100000000000003, 'w7': 0.07300000000000001, 'w8': 0.999, 'max_depth': 10, 'min_child_weight': 8, 'subsample': 0.9000000000000001, 'colsample_bytree': 0.6000000000000001, 'gamma': 0.4}. Best is trial 796 with value: 0.5427258797393881.
[I 2023-10-18 21:09:26,999] Trial 893 finished with value: 0.5343932404113061 and parameters: {'w0': 0.20800000000000002, 'w1': 0.842, 'w2': 0.094, 'w3': 0.157, 'w4': 0.713, 'w5': 0.875, 'w6': 0.434, 'w7': 0.07100000000000001, 'w8': 1.0, 'max_depth': 10, 'min_child_weight': 8, 'subsample': 0.9000000000000001, 'colsample_bytree': 0.6000000000000001, 'gamma': 0.4}. Best is trial 796 with value: 0.5427258797393881.
[I 2023-10-18 21:10:13,561] Trial 887 finished with value: 0.45810238699493566 and parameters: {'w0': 0.136, 'w1': 0.41400000000000003, 'w2': 0.093, 'w3': 0.169, 'w4': 0.772, 'w5': 0.862, 'w6': 0.47000000000000003, 'w7': 0.9400000000000001, 'w8': 0.9570000000000001, 'max_depth': 10, 'min_child_weight': 18, 'subsample': 0.9000000000000001, 'colsample_bytree': 0.6000000000000001, 'gamma': 0.4}. Best is trial 796 with value: 0.5427258797393881.
[I 2023-10-18 21:11:32,107] Trial 894 finished with value: 0.502177819988738 and parameters: {'w0': 0.2, 'w1': 0.847, 'w2': 0.047, 'w3': 0.245, 'w4': 0.714, 'w5': 0.861, 'w6': 0.429, 'w7': 0.149, 'w8': 0.987, 'max_depth': 10, 'min_child_weight': 18, 'subsample': 0.9000000000000001, 'colsample_bytree': 0.6000000000000001, 'gamma': 0.4}. Best is trial 796 with value: 0.5427258797393881.
[I 2023-10-18 21:12:39,117] Trial 891 finished with value: 0.44960007536075763 and parameters: {'w0': 0.14500000000000002, 'w1': 0.377, 'w2': 0.049, 'w3': 0.161, 'w4': 0.766, 'w5': 0.867, 'w6': 0.429, 'w7': 0.9540000000000001, 'w8': 0.999, 'max_depth': 10, 'min_child_weight': 18, 'subsample': 0.9000000000000001, 'colsample_bytree': 0.6000000000000001, 'gamma': 0.4}. Best is trial 796 with value: 0.5427258797393881.
[I 2023-10-18 21:12:40,139] Trial 896 finished with value: 0.5206996653600646 and parameters: {'w0': 0.168, 'w1': 0.424, 'w2': 0.108, 'w3': 0.23600000000000002, 'w4': 0.712, 'w5': 0.87, 'w6': 0.435, 'w7': 0.153, 'w8': 0.9440000000000001, 'max_depth': 10, 'min_child_weight': 8, 'subsample': 0.9000000000000001, 'colsample_bytree': 0.6000000000000001, 'gamma': 0.4}. Best is trial 796 with value: 0.5427258797393881.
[I 2023-10-18 21:13:15,888] Trial 895 finished with value: 0.5225932679429862 and parameters: {'w0': 0.203, 'w1': 0.861, 'w2': 0.094, 'w3': 0.234, 'w4': 0.713, 'w5': 0.858, 'w6': 0.442, 'w7': 0.152, 'w8': 0.9490000000000001, 'max_depth': 10, 'min_child_weight': 18, 'subsample': 0.9000000000000001, 'colsample_bytree': 0.6000000000000001, 'gamma': 0.4}. Best is trial 796 with value: 0.5427258797393881.
[I 2023-10-18 21:13:29,759] Trial 897 finished with value: 0.5008064678831773 and parameters: {'w0': 0.20700000000000002, 'w1': 0.41500000000000004, 'w2': 0.054, 'w3': 0.23700000000000002, 'w4': 0.705, 'w5': 0.867, 'w6': 0.431, 'w7': 0.14500000000000002, 'w8': 0.9430000000000001, 'max_depth': 10, 'min_child_weight': 18, 'subsample': 0.9000000000000001, 'colsample_bytree': 0.6000000000000001, 'gamma': 0.4}. Best is trial 796 with value: 0.5427258797393881.
[I 2023-10-18 21:15:24,184] Trial 898 finished with value: 0.5014536519461693 and parameters: {'w0': 0.20900000000000002, 'w1': 0.9400000000000001, 'w2': 0.045, 'w3': 0.243, 'w4': 0.754, 'w5': 0.868, 'w6': 0.468, 'w7': 0.148, 'w8': 0.6910000000000001, 'max_depth': 10, 'min_child_weight': 8, 'subsample': 0.9000000000000001, 'colsample_bytree': 0.6000000000000001, 'gamma': 0.4}. Best is trial 796 with value: 0.5427258797393881.
[I 2023-10-18 21:19:23,392] Trial 907 finished with value: 0.5126583321928978 and parameters: {'w0': 0.092, 'w1': 0.9400000000000001, 'w2': 0.112, 'w3': 0.256, 'w4': 0.715, 'w5': 0.807, 'w6': 0.482, 'w7': 0.15, 'w8': 0.981, 'max_depth': 3, 'min_child_weight': 10, 'subsample': 0.9000000000000001, 'colsample_bytree': 0.6000000000000001, 'gamma': 0.0}. Best is trial 796 with value: 0.5427258797393881.
[I 2023-10-18 21:20:17,483] Trial 908 finished with value: 0.5133947512648668 and parameters: {'w0': 0.092, 'w1': 0.8150000000000001, 'w2': 0.113, 'w3': 0.262, 'w4': 0.713, 'w5': 0.809, 'w6': 0.385, 'w7': 0.153, 'w8': 0.982, 'max_depth': 3, 'min_child_weight': 10, 'subsample': 0.9000000000000001, 'colsample_bytree': 0.6000000000000001, 'gamma': 0.0}. Best is trial 796 with value: 0.5427258797393881.
[I 2023-10-18 21:22:11,425] Trial 899 finished with value: 0.5033990438270816 and parameters: {'w0': 0.936, 'w1': 0.508, 'w2': 0.107, 'w3': 0.246, 'w4': 0.799, 'w5': 0.862, 'w6': 0.47700000000000004, 'w7': 0.158, 'w8': 0.983, 'max_depth': 10, 'min_child_weight': 18, 'subsample': 0.9000000000000001, 'colsample_bytree': 0.6000000000000001, 'gamma': 0.0}. Best is trial 796 with value: 0.5427258797393881.
[I 2023-10-18 21:23:31,977] Trial 901 finished with value: 0.4915990995600451 and parameters: {'w0': 0.169, 'w1': 0.9410000000000001, 'w2': 0.046, 'w3': 0.244, 'w4': 0.711, 'w5': 0.158, 'w6': 0.432, 'w7': 0.152, 'w8': 0.982, 'max_depth': 10, 'min_child_weight': 18, 'subsample': 0.9000000000000001, 'colsample_bytree': 0.6000000000000001, 'gamma': 0.0}. Best is trial 796 with value: 0.5427258797393881.
[I 2023-10-18 21:24:18,497] Trial 900 finished with value: 0.47312906331791066 and parameters: {'w0': 0.199, 'w1': 0.869, 'w2': 0.053000000000000005, 'w3': 0.295, 'w4': 0.719, 'w5': 0.869, 'w6': 0.423, 'w7': 0.665, 'w8': 0.983, 'max_depth': 10, 'min_child_weight': 10, 'subsample': 0.9000000000000001, 'colsample_bytree': 0.6000000000000001, 'gamma': 0.0}. Best is trial 796 with value: 0.5427258797393881.
[I 2023-10-18 21:24:56,544] Trial 902 finished with value: 0.5325013101219632 and parameters: {'w0': 0.199, 'w1': 0.752, 'w2': 0.107, 'w3': 0.297, 'w4': 0.718, 'w5': 0.808, 'w6': 0.376, 'w7': 0.151, 'w8': 0.984, 'max_depth': 10, 'min_child_weight': 18, 'subsample': 0.9000000000000001, 'colsample_bytree': 0.6000000000000001, 'gamma': 0.0}. Best is trial 796 with value: 0.5427258797393881.
[I 2023-10-18 21:25:39,221] Trial 904 finished with value: 0.5331927087867775 and parameters: {'w0': 0.201, 'w1': 0.875, 'w2': 0.111, 'w3': 0.292, 'w4': 0.713, 'w5': 0.809, 'w6': 0.438, 'w7': 0.14200000000000002, 'w8': 0.983, 'max_depth': 10, 'min_child_weight': 18, 'subsample': 0.9000000000000001, 'colsample_bytree': 0.6000000000000001, 'gamma': 0.0}. Best is trial 796 with value: 0.5427258797393881.
[I 2023-10-18 21:26:09,259] Trial 903 finished with value: 0.46715669378605384 and parameters: {'w0': 0.095, 'w1': 0.884, 'w2': 0.111, 'w3': 0.296, 'w4': 0.713, 'w5': 0.802, 'w6': 0.426, 'w7': 0.782, 'w8': 0.984, 'max_depth': 10, 'min_child_weight': 18, 'subsample': 0.9000000000000001, 'colsample_bytree': 0.6000000000000001, 'gamma': 0.0}. Best is trial 796 with value: 0.5427258797393881.
[I 2023-10-18 21:27:13,630] Trial 905 finished with value: 0.46454999257867363 and parameters: {'w0': 0.096, 'w1': 0.881, 'w2': 0.107, 'w3': 0.298, 'w4': 0.709, 'w5': 0.803, 'w6': 0.381, 'w7': 0.779, 'w8': 0.987, 'max_depth': 10, 'min_child_weight': 18, 'subsample': 0.9000000000000001, 'colsample_bytree': 0.6000000000000001, 'gamma': 0.0}. Best is trial 796 with value: 0.5427258797393881.
[I 2023-10-18 21:28:35,381] Trial 906 finished with value: 0.5287734483698481 and parameters: {'w0': 0.17600000000000002, 'w1': 0.757, 'w2': 0.109, 'w3': 0.193, 'w4': 0.711, 'w5': 0.812, 'w6': 0.384, 'w7': 0.149, 'w8': 0.987, 'max_depth': 10, 'min_child_weight': 12, 'subsample': 0.9000000000000001, 'colsample_bytree': 0.6000000000000001, 'gamma': 0.0}. Best is trial 796 with value: 0.5427258797393881.
[I 2023-10-18 21:31:27,591] Trial 910 finished with value: 0.5285529093555698 and parameters: {'w0': 0.09, 'w1': 0.9400000000000001, 'w2': 0.11, 'w3': 0.259, 'w4': 0.423, 'w5': 0.809, 'w6': 0.381, 'w7': 0.147, 'w8': 0.923, 'max_depth': 10, 'min_child_weight': 18, 'subsample': 0.9000000000000001, 'colsample_bytree': 0.7, 'gamma': 0.0}. Best is trial 796 with value: 0.5427258797393881.
[I 2023-10-18 21:31:39,293] Trial 913 finished with value: 0.5201692161171598 and parameters: {'w0': 0.17200000000000001, 'w1': 0.937, 'w2': 0.113, 'w3': 0.299, 'w4': 0.423, 'w5': 0.805, 'w6': 0.275, 'w7': 0.054, 'w8': 0.924, 'max_depth': 10, 'min_child_weight': 18, 'subsample': 0.9000000000000001, 'colsample_bytree': 0.7, 'gamma': 0.0}. Best is trial 796 with value: 0.5427258797393881.
[I 2023-10-18 21:32:22,642] Trial 909 finished with value: 0.4757805243593263 and parameters: {'w0': 0.092, 'w1': 0.514, 'w2': 0.115, 'w3': 0.303, 'w4': 0.712, 'w5': 0.805, 'w6': 0.383, 'w7': 0.675, 'w8': 0.985, 'max_depth': 10, 'min_child_weight': 12, 'subsample': 0.9000000000000001, 'colsample_bytree': 0.6000000000000001, 'gamma': 0.0}. Best is trial 796 with value: 0.5427258797393881.
[I 2023-10-18 21:33:09,245] Trial 912 finished with value: 0.5317647964996044 and parameters: {'w0': 0.09, 'w1': 0.9400000000000001, 'w2': 0.115, 'w3': 0.193, 'w4': 0.75, 'w5': 0.809, 'w6': 0.371, 'w7': 0.14100000000000001, 'w8': 0.93, 'max_depth': 10, 'min_child_weight': 12, 'subsample': 0.9000000000000001, 'colsample_bytree': 0.7, 'gamma': 0.0}. Best is trial 796 with value: 0.5427258797393881.
[I 2023-10-18 21:33:35,855] Trial 911 finished with value: 0.5311472853560665 and parameters: {'w0': 0.094, 'w1': 0.875, 'w2': 0.116, 'w3': 0.295, 'w4': 0.797, 'w5': 0.804, 'w6': 0.371, 'w7': 0.14300000000000002, 'w8': 0.927, 'max_depth': 10, 'min_child_weight': 10, 'subsample': 0.9000000000000001, 'colsample_bytree': 0.7, 'gamma': 0.0}. Best is trial 796 with value: 0.5427258797393881.
[I 2023-10-18 21:35:23,116] Trial 914 finished with value: 0.5312767253087749 and parameters: {'w0': 0.17200000000000001, 'w1': 0.516, 'w2': 0.116, 'w3': 0.194, 'w4': 0.798, 'w5': 0.807, 'w6': 0.374, 'w7': 0.14100000000000001, 'w8': 0.98, 'max_depth': 10, 'min_child_weight': 10, 'subsample': 0.9000000000000001, 'colsample_bytree': 0.7, 'gamma': 0.0}. Best is trial 796 with value: 0.5427258797393881.
[I 2023-10-18 21:38:25,428] Trial 916 finished with value: 0.5361482491804183 and parameters: {'w0': 0.168, 'w1': 0.877, 'w2': 0.14400000000000002, 'w3': 0.197, 'w4': 0.796, 'w5': 0.42, 'w6': 0.275, 'w7': 0.137, 'w8': 0.924, 'max_depth': 10, 'min_child_weight': 18, 'subsample': 0.9000000000000001, 'colsample_bytree': 0.7, 'gamma': 0.0}. Best is trial 796 with value: 0.5427258797393881.
[I 2023-10-18 21:39:26,902] Trial 915 finished with value: 0.5273390568567837 and parameters: {'w0': 0.439, 'w1': 0.514, 'w2': 0.147, 'w3': 0.293, 'w4': 0.757, 'w5': 0.808, 'w6': 0.376, 'w7': 0.136, 'w8': 0.926, 'max_depth': 10, 'min_child_weight': 12, 'subsample': 0.9000000000000001, 'colsample_bytree': 0.7, 'gamma': 0.0}. Best is trial 796 with value: 0.5427258797393881.
[I 2023-10-18 21:41:55,788] Trial 923 finished with value: 0.47921851208752503 and parameters: {'w0': 0.171, 'w1': 0.6, 'w2': 0.147, 'w3': 0.191, 'w4': 0.751, 'w5': 0.784, 'w6': 0.278, 'w7': 0.612, 'w8': 0.927, 'max_depth': 6, 'min_child_weight': 12, 'subsample': 0.9000000000000001, 'colsample_bytree': 0.7, 'gamma': 0.2}. Best is trial 796 with value: 0.5427258797393881.
[I 2023-10-18 21:42:01,204] Trial 917 finished with value: 0.510316270573488 and parameters: {'w0': 0.514, 'w1': 0.873, 'w2': 0.149, 'w3': 0.302, 'w4': 0.804, 'w5': 0.789, 'w6': 0.37, 'w7': 0.047, 'w8': 0.586, 'max_depth': 10, 'min_child_weight': 12, 'subsample': 0.9000000000000001, 'colsample_bytree': 0.7, 'gamma': 0.0}. Best is trial 796 with value: 0.5427258797393881.
[I 2023-10-18 21:42:10,772] Trial 924 finished with value: 0.5127626270625664 and parameters: {'w0': 0.11800000000000001, 'w1': 0.8160000000000001, 'w2': 0.149, 'w3': 0.192, 'w4': 0.753, 'w5': 0.78, 'w6': 0.279, 'w7': 0.046, 'w8': 0.927, 'max_depth': 6, 'min_child_weight': 20, 'subsample': 0.9000000000000001, 'colsample_bytree': 0.7, 'gamma': 0.2}. Best is trial 796 with value: 0.5427258797393881.
[I 2023-10-18 21:42:18,629] Trial 925 finished with value: 0.5056901124757851 and parameters: {'w0': 0.169, 'w1': 0.47100000000000003, 'w2': 0.146, 'w3': 0.192, 'w4': 0.803, 'w5': 0.834, 'w6': 0.28500000000000003, 'w7': 0.049, 'w8': 0.927, 'max_depth': 4, 'min_child_weight': 20, 'subsample': 0.9000000000000001, 'colsample_bytree': 0.7, 'gamma': 0.2}. Best is trial 796 with value: 0.5427258797393881.
[I 2023-10-18 21:42:34,729] Trial 926 finished with value: 0.522241198643778 and parameters: {'w0': 0.12000000000000001, 'w1': 0.8270000000000001, 'w2': 0.147, 'w3': 0.194, 'w4': 0.753, 'w5': 0.784, 'w6': 0.5650000000000001, 'w7': 0.083, 'w8': 0.927, 'max_depth': 4, 'min_child_weight': 20, 'subsample': 0.9000000000000001, 'colsample_bytree': 0.7, 'gamma': 0.2}. Best is trial 796 with value: 0.5427258797393881.
[I 2023-10-18 21:42:40,950] Trial 918 finished with value: 0.5249003390379889 and parameters: {'w0': 0.11800000000000001, 'w1': 0.874, 'w2': 0.148, 'w3': 0.304, 'w4': 0.798, 'w5': 0.8280000000000001, 'w6': 0.374, 'w7': 0.047, 'w8': 0.931, 'max_depth': 10, 'min_child_weight': 12, 'subsample': 0.9000000000000001, 'colsample_bytree': 0.7, 'gamma': 0.0}. Best is trial 796 with value: 0.5427258797393881.
[I 2023-10-18 21:43:09,822] Trial 920 finished with value: 0.5232803467313409 and parameters: {'w0': 0.11900000000000001, 'w1': 0.873, 'w2': 0.135, 'w3': 0.189, 'w4': 0.751, 'w5': 0.8240000000000001, 'w6': 0.38, 'w7': 0.049, 'w8': 0.927, 'max_depth': 10, 'min_child_weight': 12, 'subsample': 0.9000000000000001, 'colsample_bytree': 0.7, 'gamma': 0.2}. Best is trial 796 with value: 0.5427258797393881.
[I 2023-10-18 21:43:11,556] Trial 921 finished with value: 0.5224893602959217 and parameters: {'w0': 0.117, 'w1': 0.88, 'w2': 0.14500000000000002, 'w3': 0.19, 'w4': 0.804, 'w5': 0.787, 'w6': 0.6890000000000001, 'w7': 0.053000000000000005, 'w8': 0.928, 'max_depth': 10, 'min_child_weight': 20, 'subsample': 0.9000000000000001, 'colsample_bytree': 0.7, 'gamma': 0.2}. Best is trial 796 with value: 0.5427258797393881.
[I 2023-10-18 21:43:31,432] Trial 919 finished with value: 0.5348324141140995 and parameters: {'w0': 0.115, 'w1': 0.872, 'w2': 0.146, 'w3': 0.194, 'w4': 0.8, 'w5': 0.787, 'w6': 0.262, 'w7': 0.139, 'w8': 0.928, 'max_depth': 10, 'min_child_weight': 12, 'subsample': 0.9000000000000001, 'colsample_bytree': 0.7, 'gamma': 0.2}. Best is trial 796 with value: 0.5427258797393881.
[I 2023-10-18 21:44:27,315] Trial 922 finished with value: 0.5216259838380801 and parameters: {'w0': 0.17, 'w1': 0.597, 'w2': 0.137, 'w3': 0.195, 'w4': 0.802, 'w5': 0.784, 'w6': 0.37, 'w7': 0.047, 'w8': 0.491, 'max_depth': 10, 'min_child_weight': 12, 'subsample': 0.9000000000000001, 'colsample_bytree': 0.7, 'gamma': 0.2}. Best is trial 796 with value: 0.5427258797393881.
