[I 2023-10-19 00:12:06,632] Trial 1081 finished with value: 0.5094261719325572 and parameters: {'w0': 0.139, 'w1': 0.908, 'w2': 0.626, 'w3': 0.098, 'w4': 0.765, 'w5': 0.844, 'w6': 0.522, 'w7': 0.10400000000000001, 'w8': 0.899, 'max_depth': 10, 'min_child_weight': 18, 'subsample': 0.9000000000000001, 'colsample_bytree': 0.6000000000000001, 'gamma': 0.4}. Best is trial 796 with value: 0.5427258797393881.
[I 2023-10-19 00:13:42,344] Trial 1090 finished with value: 0.5135518279683027 and parameters: {'w0': 0.115, 'w1': 0.627, 'w2': 0.188, 'w3': 0.222, 'w4': 0.765, 'w5': 0.91, 'w6': 0.405, 'w7': 0.044000000000000004, 'w8': 0.895, 'max_depth': 10, 'min_child_weight': 20, 'subsample': 0.9000000000000001, 'colsample_bytree': 0.6000000000000001, 'gamma': 0.4}. Best is trial 796 with value: 0.5427258797393881.
[I 2023-10-19 00:13:43,735] Trial 1088 finished with value: 0.4940327636260034 and parameters: {'w0': 0.543, 'w1': 0.835, 'w2': 0.115, 'w3': 0.219, 'w4': 0.769, 'w5': 0.47300000000000003, 'w6': 0.587, 'w7': 0.045, 'w8': 0.871, 'max_depth': 10, 'min_child_weight': 18, 'subsample': 0.9000000000000001, 'colsample_bytree': 0.6000000000000001, 'gamma': 0.4}. Best is trial 796 with value: 0.5427258797393881.
[I 2023-10-19 00:15:35,350] Trial 1099 finished with value: 0.44665881592901246 and parameters: {'w0': 0.201, 'w1': 0.9420000000000001, 'w2': 0.56, 'w3': 0.168, 'w4': 0.729, 'w5': 0.785, 'w6': 0.616, 'w7': 0.161, 'w8': 0.9510000000000001, 'max_depth': 10, 'min_child_weight': 20, 'subsample': 0.9000000000000001, 'colsample_bytree': 0.6000000000000001, 'gamma': 10.0}. Best is trial 796 with value: 0.5427258797393881.
[I 2023-10-19 00:16:27,474] Trial 1091 finished with value: 0.5135228747618773 and parameters: {'w0': 0.114, 'w1': 0.623, 'w2': 0.187, 'w3': 0.168, 'w4': 0.728, 'w5': 0.779, 'w6': 0.623, 'w7': 0.056, 'w8': 0.9530000000000001, 'max_depth': 10, 'min_child_weight': 20, 'subsample': 0.9000000000000001, 'colsample_bytree': 0.6000000000000001, 'gamma': 0.4}. Best is trial 796 with value: 0.5427258797393881.
[I 2023-10-19 00:17:58,911] Trial 1092 finished with value: 0.5152815542913008 and parameters: {'w0': 0.109, 'w1': 0.626, 'w2': 0.188, 'w3': 0.168, 'w4': 0.724, 'w5': 0.781, 'w6': 0.622, 'w7': 0.053000000000000005, 'w8': 0.894, 'max_depth': 10, 'min_child_weight': 20, 'subsample': 0.9000000000000001, 'colsample_bytree': 0.6000000000000001, 'gamma': 0.4}. Best is trial 796 with value: 0.5427258797393881.
[I 2023-10-19 00:19:23,251] Trial 1105 finished with value: 0.446703648958201 and parameters: {'w0': 0.196, 'w1': 0.9440000000000001, 'w2': 0.154, 'w3': 0.18, 'w4': 0.735, 'w5': 0.801, 'w6': 0.715, 'w7': 0.085, 'w8': 1.0, 'max_depth': 10, 'min_child_weight': 20, 'subsample': 0.9000000000000001, 'colsample_bytree': 0.5, 'gamma': 10.0}. Best is trial 796 with value: 0.5427258797393881.
[I 2023-10-19 00:19:46,736] Trial 1093 finished with value: 0.5248039279363772 and parameters: {'w0': 0.115, 'w1': 0.843, 'w2': 0.114, 'w3': 0.17200000000000001, 'w4': 0.732, 'w5': 0.785, 'w6': 0.615, 'w7': 0.058, 'w8': 0.467, 'max_depth': 10, 'min_child_weight': 20, 'subsample': 0.9000000000000001, 'colsample_bytree': 0.6000000000000001, 'gamma': 0.4}. Best is trial 796 with value: 0.5427258797393881.
[I 2023-10-19 00:20:38,476] Trial 1095 finished with value: 0.5236245681142079 and parameters: {'w0': 0.113, 'w1': 0.8330000000000001, 'w2': 0.114, 'w3': 0.168, 'w4': 0.726, 'w5': 0.786, 'w6': 0.4, 'w7': 0.054, 'w8': 0.9520000000000001, 'max_depth': 10, 'min_child_weight': 20, 'subsample': 0.9000000000000001, 'colsample_bytree': 0.6000000000000001, 'gamma': 0.4}. Best is trial 796 with value: 0.5427258797393881.
[I 2023-10-19 00:21:37,468] Trial 1094 finished with value: 0.5257808900189164 and parameters: {'w0': 0.117, 'w1': 0.644, 'w2': 0.113, 'w3': 0.17300000000000001, 'w4': 0.729, 'w5': 0.782, 'w6': 0.619, 'w7': 0.158, 'w8': 1.0, 'max_depth': 10, 'min_child_weight': 20, 'subsample': 0.9000000000000001, 'colsample_bytree': 0.6000000000000001, 'gamma': 0.4}. Best is trial 796 with value: 0.5427258797393881.
[I 2023-10-19 00:21:46,763] Trial 1098 finished with value: 0.5272404494646508 and parameters: {'w0': 0.115, 'w1': 0.844, 'w2': 0.156, 'w3': 0.167, 'w4': 0.732, 'w5': 0.78, 'w6': 0.583, 'w7': 0.09, 'w8': 0.9530000000000001, 'max_depth': 10, 'min_child_weight': 20, 'subsample': 0.9000000000000001, 'colsample_bytree': 0.5, 'gamma': 0.6000000000000001}. Best is trial 796 with value: 0.5427258797393881.
[I 2023-10-19 00:22:30,139] Trial 1097 finished with value: 0.5245878223575258 and parameters: {'w0': 0.117, 'w1': 0.844, 'w2': 0.117, 'w3': 0.17, 'w4': 0.6990000000000001, 'w5': 0.783, 'w6': 0.721, 'w7': 0.16, 'w8': 1.0, 'max_depth': 10, 'min_child_weight': 20, 'subsample': 0.9000000000000001, 'colsample_bytree': 0.6000000000000001, 'gamma': 0.6000000000000001}. Best is trial 796 with value: 0.5427258797393881.
[I 2023-10-19 00:23:01,453] Trial 1100 finished with value: 0.5124976218625773 and parameters: {'w0': 0.112, 'w1': 0.9400000000000001, 'w2': 0.149, 'w3': 0.166, 'w4': 0.73, 'w5': 0.79, 'w6': 0.619, 'w7': 0.055, 'w8': 0.9520000000000001, 'max_depth': 10, 'min_child_weight': 20, 'subsample': 0.9000000000000001, 'colsample_bytree': 0.6000000000000001, 'gamma': 0.6000000000000001}. Best is trial 796 with value: 0.5427258797393881.
[I 2023-10-19 00:23:25,119] Trial 1096 finished with value: 0.5345487211297084 and parameters: {'w0': 0.113, 'w1': 0.839, 'w2': 0.154, 'w3': 0.168, 'w4': 0.725, 'w5': 0.784, 'w6': 0.341, 'w7': 0.161, 'w8': 1.0, 'max_depth': 10, 'min_child_weight': 20, 'subsample': 0.9000000000000001, 'colsample_bytree': 0.6000000000000001, 'gamma': 0.4}. Best is trial 796 with value: 0.5427258797393881.
[I 2023-10-19 00:23:28,724] Trial 1101 finished with value: 0.5257501058521692 and parameters: {'w0': 0.198, 'w1': 0.933, 'w2': 0.156, 'w3': 0.179, 'w4': 0.724, 'w5': 0.79, 'w6': 0.719, 'w7': 0.157, 'w8': 0.37, 'max_depth': 10, 'min_child_weight': 20, 'subsample': 0.9000000000000001, 'colsample_bytree': 0.5, 'gamma': 0.6000000000000001}. Best is trial 796 with value: 0.5427258797393881.
[I 2023-10-19 00:23:47,296] Trial 1102 finished with value: 0.5269351334941595 and parameters: {'w0': 0.196, 'w1': 0.935, 'w2': 0.152, 'w3': 0.168, 'w4': 0.736, 'w5': 0.804, 'w6': 0.517, 'w7': 0.09, 'w8': 0.9520000000000001, 'max_depth': 10, 'min_child_weight': 20, 'subsample': 0.9000000000000001, 'colsample_bytree': 0.5, 'gamma': 0.6000000000000001}. Best is trial 796 with value: 0.5427258797393881.
[I 2023-10-19 00:23:53,125] Trial 1104 finished with value: 0.5208933360659694 and parameters: {'w0': 0.161, 'w1': 0.641, 'w2': 0.154, 'w3': 0.166, 'w4': 0.729, 'w5': 0.487, 'w6': 0.323, 'w7': 0.08600000000000001, 'w8': 0.9440000000000001, 'max_depth': 10, 'min_child_weight': 20, 'subsample': 0.9000000000000001, 'colsample_bytree': 0.5, 'gamma': 0.6000000000000001}. Best is trial 796 with value: 0.5427258797393881.
[I 2023-10-19 00:24:33,862] Trial 1103 finished with value: 0.5207709403083094 and parameters: {'w0': 0.203, 'w1': 0.64, 'w2': 0.155, 'w3': 0.169, 'w4': 0.733, 'w5': 0.779, 'w6': 0.52, 'w7': 0.089, 'w8': 0.9500000000000001, 'max_depth': 10, 'min_child_weight': 20, 'subsample': 0.9000000000000001, 'colsample_bytree': 0.5, 'gamma': 0.6000000000000001}. Best is trial 796 with value: 0.5427258797393881.
[I 2023-10-19 00:26:17,190] Trial 1111 finished with value: 0.49331049563375967 and parameters: {'w0': 0.163, 'w1': 0.882, 'w2': 0.133, 'w3': 0.189, 'w4': 0.7030000000000001, 'w5': 0.807, 'w6': 0.674, 'w7': 0.08800000000000001, 'w8': 0.9500000000000001, 'max_depth': 10, 'min_child_weight': 14, 'subsample': 0.9000000000000001, 'colsample_bytree': 0.6000000000000001, 'gamma': 5.0}. Best is trial 796 with value: 0.5427258797393881.
[I 2023-10-19 00:27:03,491] Trial 1106 finished with value: 0.5254657398243633 and parameters: {'w0': 0.2, 'w1': 0.9470000000000001, 'w2': 0.14500000000000002, 'w3': 0.168, 'w4': 0.732, 'w5': 0.777, 'w6': 0.51, 'w7': 0.156, 'w8': 0.9520000000000001, 'max_depth': 10, 'min_child_weight': 20, 'subsample': 0.9000000000000001, 'colsample_bytree': 0.5, 'gamma': 0.6000000000000001}. Best is trial 796 with value: 0.5427258797393881.
[I 2023-10-19 00:28:50,678] Trial 1108 finished with value: 0.5259570101976622 and parameters: {'w0': 0.166, 'w1': 0.885, 'w2': 0.153, 'w3': 0.177, 'w4': 0.6980000000000001, 'w5': 0.801, 'w6': 0.327, 'w7': 0.085, 'w8': 0.9500000000000001, 'max_depth': 10, 'min_child_weight': 20, 'subsample': 0.9000000000000001, 'colsample_bytree': 0.5, 'gamma': 0.6000000000000001}. Best is trial 796 with value: 0.5427258797393881.
[I 2023-10-19 00:29:13,000] Trial 1110 finished with value: 0.5186871254292261 and parameters: {'w0': 0.166, 'w1': 0.981, 'w2': 0.155, 'w3': 0.183, 'w4': 0.6980000000000001, 'w5': 0.808, 'w6': 0.359, 'w7': 0.091, 'w8': 0.785, 'max_depth': 10, 'min_child_weight': 16, 'subsample': 0.9000000000000001, 'colsample_bytree': 0.5, 'gamma': 1.0}. Best is trial 796 with value: 0.5427258797393881.
[I 2023-10-19 00:29:25,519] Trial 1109 finished with value: 0.4880587935783183 and parameters: {'w0': 0.201, 'w1': 0.976, 'w2': 0.14400000000000002, 'w3': 0.192, 'w4': 0.6950000000000001, 'w5': 0.805, 'w6': 0.511, 'w7': 0.53, 'w8': 0.9500000000000001, 'max_depth': 10, 'min_child_weight': 14, 'subsample': 0.9000000000000001, 'colsample_bytree': 0.5, 'gamma': 1.0}. Best is trial 796 with value: 0.5427258797393881.
[I 2023-10-19 00:31:04,100] Trial 1113 finished with value: 0.5207539832832022 and parameters: {'w0': 0.163, 'w1': 0.937, 'w2': 0.151, 'w3': 0.184, 'w4': 0.7000000000000001, 'w5': 0.808, 'w6': 0.323, 'w7': 0.089, 'w8': 0.9500000000000001, 'max_depth': 10, 'min_child_weight': 14, 'subsample': 0.9000000000000001, 'colsample_bytree': 0.5, 'gamma': 1.0}. Best is trial 796 with value: 0.5427258797393881.
[I 2023-10-19 00:31:47,001] Trial 1107 finished with value: 0.47002839611481734 and parameters: {'w0': 0.199, 'w1': 0.9450000000000001, 'w2': 0.154, 'w3': 0.169, 'w4': 0.723, 'w5': 0.803, 'w6': 0.363, 'w7': 0.755, 'w8': 0.371, 'max_depth': 10, 'min_child_weight': 20, 'subsample': 0.9000000000000001, 'colsample_bytree': 0.6000000000000001, 'gamma': 0.6000000000000001}. Best is trial 796 with value: 0.5427258797393881.
[I 2023-10-19 00:33:13,739] Trial 1118 finished with value: 0.5323566969043297 and parameters: {'w0': 0.093, 'w1': 0.882, 'w2': 0.095, 'w3': 0.192, 'w4': 0.786, 'w5': 0.837, 'w6': 0.325, 'w7': 0.094, 'w8': 0.918, 'max_depth': 10, 'min_child_weight': 14, 'subsample': 0.9000000000000001, 'colsample_bytree': 0.7, 'gamma': 1.0}. Best is trial 796 with value: 0.5427258797393881.
[I 2023-10-19 00:33:19,134] Trial 1112 finished with value: 0.5305801182679177 and parameters: {'w0': 0.16, 'w1': 0.9400000000000001, 'w2': 0.147, 'w3': 0.187, 'w4': 0.6970000000000001, 'w5': 0.835, 'w6': 0.33, 'w7': 0.09, 'w8': 1.0, 'max_depth': 10, 'min_child_weight': 14, 'subsample': 0.9000000000000001, 'colsample_bytree': 0.6000000000000001, 'gamma': 0.6000000000000001}. Best is trial 796 with value: 0.5427258797393881.
[I 2023-10-19 00:33:28,424] Trial 1121 finished with value: 0.5144715519208939 and parameters: {'w0': 0.17, 'w1': 0.301, 'w2': 0.133, 'w3': 0.195, 'w4': 0.785, 'w5': 0.839, 'w6': 0.359, 'w7': 0.09, 'w8': 0.916, 'max_depth': 10, 'min_child_weight': 14, 'subsample': 0.9000000000000001, 'colsample_bytree': 0.4, 'gamma': 1.0}. Best is trial 796 with value: 0.5427258797393881.
[I 2023-10-19 00:33:55,784] Trial 1115 finished with value: 0.5265195950886742 and parameters: {'w0': 0.164, 'w1': 0.937, 'w2': 0.138, 'w3': 0.642, 'w4': 0.6960000000000001, 'w5': 0.804, 'w6': 0.514, 'w7': 0.09, 'w8': 0.9580000000000001, 'max_depth': 10, 'min_child_weight': 2, 'subsample': 0.9000000000000001, 'colsample_bytree': 0.7, 'gamma': 0.6000000000000001}. Best is trial 796 with value: 0.5427258797393881.
[I 2023-10-19 00:34:04,502] Trial 1114 finished with value: 0.5260335536821346 and parameters: {'w0': 0.163, 'w1': 0.33, 'w2': 0.135, 'w3': 0.189, 'w4': 0.6940000000000001, 'w5': 0.808, 'w6': 0.533, 'w7': 0.08700000000000001, 'w8': 0.9580000000000001, 'max_depth': 10, 'min_child_weight': 14, 'subsample': 0.9000000000000001, 'colsample_bytree': 0.7, 'gamma': 0.6000000000000001}. Best is trial 796 with value: 0.5427258797393881.
[I 2023-10-19 00:34:23,314] Trial 1120 finished with value: 0.5295513980582026 and parameters: {'w0': 0.164, 'w1': 0.974, 'w2': 0.137, 'w3': 0.241, 'w4': 0.7010000000000001, 'w5': 0.837, 'w6': 0.512, 'w7': 0.09, 'w8': 0.98, 'max_depth': 10, 'min_child_weight': 14, 'subsample': 0.9000000000000001, 'colsample_bytree': 0.7, 'gamma': 1.0}. Best is trial 796 with value: 0.5427258797393881.
[I 2023-10-19 00:35:03,352] Trial 1124 finished with value: 0.43904783400937014 and parameters: {'w0': 0.092, 'w1': 0.856, 'w2': 0.093, 'w3': 0.244, 'w4': 0.794, 'w5': 0.838, 'w6': 0.77, 'w7': 0.197, 'w8': 0.914, 'max_depth': 10, 'min_child_weight': 16, 'subsample': 0.9000000000000001, 'colsample_bytree': 0.7, 'gamma': 8.6}. Best is trial 796 with value: 0.5427258797393881.
[I 2023-10-19 00:36:04,936] Trial 1116 finished with value: 0.530207345412302 and parameters: {'w0': 0.167, 'w1': 0.979, 'w2': 0.136, 'w3': 0.243, 'w4': 0.787, 'w5': 0.808, 'w6': 0.321, 'w7': 0.08800000000000001, 'w8': 0.917, 'max_depth': 10, 'min_child_weight': 14, 'subsample': 0.9000000000000001, 'colsample_bytree': 0.7, 'gamma': 0.6000000000000001}. Best is trial 796 with value: 0.5427258797393881.
[I 2023-10-19 00:36:15,037] Trial 1117 finished with value: 0.5276226120396741 and parameters: {'w0': 0.164, 'w1': 0.981, 'w2': 0.136, 'w3': 0.191, 'w4': 0.789, 'w5': 0.837, 'w6': 0.321, 'w7': 0.084, 'w8': 0.918, 'max_depth': 10, 'min_child_weight': 14, 'subsample': 0.9000000000000001, 'colsample_bytree': 0.7, 'gamma': 0.6000000000000001}. Best is trial 796 with value: 0.5427258797393881.
[I 2023-10-19 00:37:18,109] Trial 1123 finished with value: 0.5312335867256702 and parameters: {'w0': 0.165, 'w1': 0.885, 'w2': 0.092, 'w3': 0.23900000000000002, 'w4': 0.786, 'w5': 0.836, 'w6': 0.358, 'w7': 0.07200000000000001, 'w8': 0.915, 'max_depth': 10, 'min_child_weight': 16, 'subsample': 0.9000000000000001, 'colsample_bytree': 0.7, 'gamma': 1.0}. Best is trial 796 with value: 0.5427258797393881.
[I 2023-10-19 00:38:04,959] Trial 1122 finished with value: 0.49404074426552047 and parameters: {'w0': 0.08800000000000001, 'w1': 0.885, 'w2': 0.096, 'w3': 0.241, 'w4': 0.788, 'w5': 0.912, 'w6': 0.535, 'w7': 0.092, 'w8': 0.98, 'max_depth': 10, 'min_child_weight': 16, 'subsample': 0.30000000000000004, 'colsample_bytree': 0.4, 'gamma': 1.0}. Best is trial 796 with value: 0.5427258797393881.
[I 2023-10-19 00:40:41,965] Trial 1119 finished with value: 0.45653002062387893 and parameters: {'w0': 0.167, 'w1': 0.885, 'w2': 0.134, 'w3': 0.241, 'w4': 0.788, 'w5': 0.836, 'w6': 0.359, 'w7': 0.751, 'w8': 0.916, 'max_depth': 10, 'min_child_weight': 14, 'subsample': 0.30000000000000004, 'colsample_bytree': 0.7, 'gamma': 1.0}. Best is trial 796 with value: 0.5427258797393881.
[I 2023-10-19 00:48:04,769] Trial 1125 finished with value: 0.534634987217216 and parameters: {'w0': 0.08600000000000001, 'w1': 0.882, 'w2': 0.092, 'w3': 0.64, 'w4': 0.788, 'w5': 0.834, 'w6': 0.492, 'w7': 0.111, 'w8': 0.916, 'max_depth': 10, 'min_child_weight': 16, 'subsample': 0.9000000000000001, 'colsample_bytree': 0.7, 'gamma': 0.2}. Best is trial 796 with value: 0.5427258797393881.
[I 2023-10-19 00:48:23,115] Trial 1126 finished with value: 0.5133572943514231 and parameters: {'w0': 0.08800000000000001, 'w1': 0.294, 'w2': 0.095, 'w3': 0.194, 'w4': 0.791, 'w5': 0.914, 'w6': 0.533, 'w7': 0.2, 'w8': 0.916, 'max_depth': 10, 'min_child_weight': 16, 'subsample': 0.9000000000000001, 'colsample_bytree': 0.7, 'gamma': 0.2}. Best is trial 796 with value: 0.5427258797393881.
[I 2023-10-19 00:48:45,357] Trial 1127 finished with value: 0.5362765043888565 and parameters: {'w0': 0.095, 'w1': 0.89, 'w2': 0.097, 'w3': 0.199, 'w4': 0.546, 'w5': 0.92, 'w6': 0.48000000000000004, 'w7': 0.069, 'w8': 0.915, 'max_depth': 10, 'min_child_weight': 16, 'subsample': 0.9000000000000001, 'colsample_bytree': 0.7, 'gamma': 0.2}. Best is trial 796 with value: 0.5427258797393881.
[I 2023-10-19 00:49:55,166] Trial 1134 finished with value: 0.46615500332882964 and parameters: {'w0': 0.245, 'w1': 0.881, 'w2': 0.096, 'w3': 0.23900000000000002, 'w4': 0.8170000000000001, 'w5': 0.911, 'w6': 0.483, 'w7': 0.467, 'w8': 0.973, 'max_depth': 9, 'min_child_weight': 16, 'subsample': 0.30000000000000004, 'colsample_bytree': 0.7, 'gamma': 0.2}. Best is trial 796 with value: 0.5427258797393881.
[I 2023-10-19 00:50:51,685] Trial 1128 finished with value: 0.5374829090711404 and parameters: {'w0': 0.152, 'w1': 0.885, 'w2': 0.096, 'w3': 0.245, 'w4': 0.789, 'w5': 0.91, 'w6': 0.771, 'w7': 0.112, 'w8': 0.916, 'max_depth': 10, 'min_child_weight': 16, 'subsample': 0.9000000000000001, 'colsample_bytree': 0.7, 'gamma': 0.2}. Best is trial 796 with value: 0.5427258797393881.
[I 2023-10-19 00:50:51,780] Trial 1130 finished with value: 0.5343382482665054 and parameters: {'w0': 0.08700000000000001, 'w1': 0.885, 'w2': 0.095, 'w3': 0.23500000000000001, 'w4': 0.788, 'w5': 0.449, 'w6': 0.535, 'w7': 0.112, 'w8': 0.98, 'max_depth': 9, 'min_child_weight': 16, 'subsample': 0.9000000000000001, 'colsample_bytree': 0.7, 'gamma': 0.2}. Best is trial 796 with value: 0.5427258797393881.
[I 2023-10-19 00:51:24,071] Trial 1133 finished with value: 0.5282104422692351 and parameters: {'w0': 0.060000000000000005, 'w1': 0.889, 'w2': 0.096, 'w3': 0.241, 'w4': 0.8270000000000001, 'w5': 0.908, 'w6': 0.486, 'w7': 0.114, 'w8': 0.98, 'max_depth': 9, 'min_child_weight': 16, 'subsample': 0.9000000000000001, 'colsample_bytree': 0.7, 'gamma': 0.2}. Best is trial 796 with value: 0.5427258797393881.
[I 2023-10-19 00:51:37,218] Trial 1132 finished with value: 0.5368032088158985 and parameters: {'w0': 0.09, 'w1': 0.537, 'w2': 0.094, 'w3': 0.23600000000000002, 'w4': 0.789, 'w5': 0.913, 'w6': 0.78, 'w7': 0.112, 'w8': 0.715, 'max_depth': 9, 'min_child_weight': 16, 'subsample': 0.8, 'colsample_bytree': 0.7, 'gamma': 0.2}. Best is trial 796 with value: 0.5427258797393881.
[I 2023-10-19 00:51:47,218] Trial 1131 finished with value: 0.5162717538795075 and parameters: {'w0': 0.08800000000000001, 'w1': 0.89, 'w2': 0.093, 'w3': 0.243, 'w4': 0.8250000000000001, 'w5': 0.918, 'w6': 0.768, 'w7': 0.201, 'w8': 0.977, 'max_depth': 9, 'min_child_weight': 16, 'subsample': 0.9000000000000001, 'colsample_bytree': 0.7, 'gamma': 0.2}. Best is trial 796 with value: 0.5427258797393881.
[I 2023-10-19 00:52:33,137] Trial 1129 finished with value: 0.5334849426371788 and parameters: {'w0': 0.241, 'w1': 0.877, 'w2': 0.098, 'w3': 0.24000000000000002, 'w4': 0.791, 'w5': 0.837, 'w6': 0.49, 'w7': 0.115, 'w8': 0.973, 'max_depth': 10, 'min_child_weight': 16, 'subsample': 0.9000000000000001, 'colsample_bytree': 0.7, 'gamma': 0.2}. Best is trial 796 with value: 0.5427258797393881.
[I 2023-10-19 00:52:33,605] Trial 1135 finished with value: 0.5318460260211189 and parameters: {'w0': 0.091, 'w1': 0.537, 'w2': 0.095, 'w3': 0.243, 'w4': 0.506, 'w5': 0.905, 'w6': 0.483, 'w7': 0.113, 'w8': 0.981, 'max_depth': 9, 'min_child_weight': 16, 'subsample': 0.8, 'colsample_bytree': 0.7, 'gamma': 0.2}. Best is trial 796 with value: 0.5427258797393881.
[I 2023-10-19 00:54:21,134] Trial 1137 finished with value: 0.507345738721454 and parameters: {'w0': 0.09, 'w1': 0.878, 'w2': 0.917, 'w3': 0.20700000000000002, 'w4': 0.8300000000000001, 'w5': 0.909, 'w6': 0.47800000000000004, 'w7': 0.14300000000000002, 'w8': 0.975, 'max_depth': 9, 'min_child_weight': 16, 'subsample': 0.8, 'colsample_bytree': 0.6000000000000001, 'gamma': 0.2}. Best is trial 796 with value: 0.5427258797393881.
[I 2023-10-19 00:54:59,708] Trial 1142 finished with value: 0.448864800709349 and parameters: {'w0': 0.14400000000000002, 'w1': 0.857, 'w2': 0.10400000000000001, 'w3': 0.21, 'w4': 0.862, 'w5': 0.881, 'w6': 0.482, 'w7': 0.47000000000000003, 'w8': 0.978, 'max_depth': 9, 'min_child_weight': 16, 'subsample': 0.9000000000000001, 'colsample_bytree': 0.6000000000000001, 'gamma': 4.2}. Best is trial 796 with value: 0.5427258797393881.
[I 2023-10-19 00:55:02,226] Trial 1136 finished with value: 0.5372682623253999 and parameters: {'w0': 0.247, 'w1': 0.888, 'w2': 0.094, 'w3': 0.241, 'w4': 0.8220000000000001, 'w5': 0.837, 'w6': 0.487, 'w7': 0.115, 'w8': 0.98, 'max_depth': 10, 'min_child_weight': 16, 'subsample': 0.8, 'colsample_bytree': 0.7, 'gamma': 0.2}. Best is trial 796 with value: 0.5427258797393881.
[I 2023-10-19 00:55:19,333] Trial 1139 finished with value: 0.5358607485894902 and parameters: {'w0': 0.131, 'w1': 0.861, 'w2': 0.098, 'w3': 0.20500000000000002, 'w4': 0.858, 'w5': 0.9, 'w6': 0.419, 'w7': 0.116, 'w8': 0.978, 'max_depth': 9, 'min_child_weight': 16, 'subsample': 0.8, 'colsample_bytree': 0.6000000000000001, 'gamma': 0.2}. Best is trial 796 with value: 0.5427258797393881.
[I 2023-10-19 00:55:51,754] Trial 1138 finished with value: 0.537133112518263 and parameters: {'w0': 0.23900000000000002, 'w1': 0.885, 'w2': 0.113, 'w3': 0.21, 'w4': 0.8200000000000001, 'w5': 0.911, 'w6': 0.483, 'w7': 0.117, 'w8': 0.973, 'max_depth': 10, 'min_child_weight': 16, 'subsample': 0.8, 'colsample_bytree': 0.6000000000000001, 'gamma': 0.2}. Best is trial 796 with value: 0.5427258797393881.
[I 2023-10-19 00:58:07,307] Trial 1140 finished with value: 0.5367531061702697 and parameters: {'w0': 0.131, 'w1': 0.866, 'w2': 0.101, 'w3': 0.20900000000000002, 'w4': 0.8180000000000001, 'w5': 0.914, 'w6': 0.559, 'w7': 0.113, 'w8': 0.978, 'max_depth': 9, 'min_child_weight': 16, 'subsample': 0.8, 'colsample_bytree': 0.6000000000000001, 'gamma': 0.2}. Best is trial 796 with value: 0.5427258797393881.
