[I 2023-10-19 05:56:55,489] Trial 1469 finished with value: 0.4819627767549573 and parameters: {'w0': 0.121, 'w1': 0.996, 'w2': 0.17300000000000001, 'w3': 0.214, 'w4': 0.8170000000000001, 'w5': 0.901, 'w6': 0.496, 'w7': 0.152, 'w8': 0.864, 'max_depth': 9, 'min_child_weight': 18, 'subsample': 0.2, 'colsample_bytree': 1.0, 'gamma': 0.2}. Best is trial 1334 with value: 0.5442704750798081.
[I 2023-10-19 05:57:14,368] Trial 1470 finished with value: 0.5308433534510334 and parameters: {'w0': 0.123, 'w1': 1.0, 'w2': 0.168, 'w3': 0.213, 'w4': 0.495, 'w5': 0.914, 'w6': 0.494, 'w7': 0.124, 'w8': 0.871, 'max_depth': 9, 'min_child_weight': 18, 'subsample': 1.0, 'colsample_bytree': 0.6000000000000001, 'gamma': 0.2}. Best is trial 1334 with value: 0.5442704750798081.
[I 2023-10-19 05:59:06,476] Trial 1472 finished with value: 0.5265065568851784 and parameters: {'w0': 0.124, 'w1': 0.996, 'w2': 0.132, 'w3': 0.218, 'w4': 0.444, 'w5': 0.914, 'w6': 0.505, 'w7': 0.153, 'w8': 0.737, 'max_depth': 9, 'min_child_weight': 18, 'subsample': 1.0, 'colsample_bytree': 0.6000000000000001, 'gamma': 0.2}. Best is trial 1334 with value: 0.5442704750798081.
[I 2023-10-19 05:59:21,002] Trial 1471 finished with value: 0.5316489718378087 and parameters: {'w0': 0.124, 'w1': 0.998, 'w2': 0.131, 'w3': 0.212, 'w4': 0.8170000000000001, 'w5': 0.898, 'w6': 0.498, 'w7': 0.152, 'w8': 0.856, 'max_depth': 9, 'min_child_weight': 18, 'subsample': 1.0, 'colsample_bytree': 0.6000000000000001, 'gamma': 0.2}. Best is trial 1334 with value: 0.5442704750798081.
[I 2023-10-19 06:00:43,431] Trial 1477 finished with value: 0.5317876687905788 and parameters: {'w0': 0.122, 'w1': 0.9430000000000001, 'w2': 0.13, 'w3': 0.21, 'w4': 0.806, 'w5': 0.932, 'w6': 0.496, 'w7': 0.128, 'w8': 0.786, 'max_depth': 9, 'min_child_weight': 18, 'subsample': 1.0, 'colsample_bytree': 0.6000000000000001, 'gamma': 0.8}. Best is trial 1334 with value: 0.5442704750798081.
[I 2023-10-19 06:01:05,262] Trial 1479 finished with value: 0.5077893280376659 and parameters: {'w0': 0.123, 'w1': 0.9550000000000001, 'w2': 0.128, 'w3': 0.211, 'w4': 0.812, 'w5': 0.927, 'w6': 0.5640000000000001, 'w7': 0.212, 'w8': 0.773, 'max_depth': 9, 'min_child_weight': 18, 'subsample': 1.0, 'colsample_bytree': 0.6000000000000001, 'gamma': 0.8}. Best is trial 1334 with value: 0.5442704750798081.
[I 2023-10-19 06:01:16,453] Trial 1478 finished with value: 0.4649634659079312 and parameters: {'w0': 0.11900000000000001, 'w1': 0.9490000000000001, 'w2': 0.136, 'w3': 0.214, 'w4': 0.8160000000000001, 'w5': 0.915, 'w6': 0.499, 'w7': 0.154, 'w8': 0.777, 'max_depth': 9, 'min_child_weight': 18, 'subsample': 0.2, 'colsample_bytree': 0.6000000000000001, 'gamma': 2.6}. Best is trial 1334 with value: 0.5442704750798081.
[I 2023-10-19 06:01:37,730] Trial 1480 finished with value: 0.5311249594338125 and parameters: {'w0': 0.12000000000000001, 'w1': 0.9530000000000001, 'w2': 0.125, 'w3': 0.217, 'w4': 0.737, 'w5': 0.902, 'w6': 0.493, 'w7': 0.128, 'w8': 0.768, 'max_depth': 9, 'min_child_weight': 18, 'subsample': 1.0, 'colsample_bytree': 0.6000000000000001, 'gamma': 0.8}. Best is trial 1334 with value: 0.5442704750798081.
[I 2023-10-19 06:02:48,889] Trial 1473 finished with value: 0.5228642706113112 and parameters: {'w0': 0.123, 'w1': 1.0, 'w2': 0.131, 'w3': 0.035, 'w4': 0.808, 'w5': 0.901, 'w6': 0.488, 'w7': 0.155, 'w8': 0.74, 'max_depth': 9, 'min_child_weight': 18, 'subsample': 1.0, 'colsample_bytree': 1.0, 'gamma': 0.2}. Best is trial 1334 with value: 0.5442704750798081.
[I 2023-10-19 06:05:17,691] Trial 1474 finished with value: 0.49306956455173556 and parameters: {'w0': 0.126, 'w1': 0.996, 'w2': 0.13, 'w3': 0.214, 'w4': 0.81, 'w5': 0.922, 'w6': 0.498, 'w7': 0.418, 'w8': 0.778, 'max_depth': 9, 'min_child_weight': 18, 'subsample': 1.0, 'colsample_bytree': 0.6000000000000001, 'gamma': 0.2}. Best is trial 1334 with value: 0.5442704750798081.
[I 2023-10-19 06:05:54,044] Trial 1476 finished with value: 0.5352102491323096 and parameters: {'w0': 0.121, 'w1': 0.994, 'w2': 0.13, 'w3': 0.296, 'w4': 0.809, 'w5': 0.926, 'w6': 0.489, 'w7': 0.127, 'w8': 0.772, 'max_depth': 9, 'min_child_weight': 18, 'subsample': 1.0, 'colsample_bytree': 0.6000000000000001, 'gamma': 0.2}. Best is trial 1334 with value: 0.5442704750798081.
[I 2023-10-19 06:06:18,408] Trial 1481 finished with value: 0.5265793474309017 and parameters: {'w0': 0.188, 'w1': 0.9450000000000001, 'w2': 0.129, 'w3': 0.21, 'w4': 0.736, 'w5': 0.919, 'w6': 0.558, 'w7': 0.153, 'w8': 0.786, 'max_depth': 9, 'min_child_weight': 18, 'subsample': 0.9000000000000001, 'colsample_bytree': 0.6000000000000001, 'gamma': 0.8}. Best is trial 1334 with value: 0.5442704750798081.
[I 2023-10-19 06:06:26,851] Trial 1475 finished with value: 0.5136493518478014 and parameters: {'w0': 0.124, 'w1': 0.994, 'w2': 0.765, 'w3': 0.21, 'w4': 0.81, 'w5': 0.924, 'w6': 0.493, 'w7': 0.153, 'w8': 0.863, 'max_depth': 9, 'min_child_weight': 18, 'subsample': 1.0, 'colsample_bytree': 0.6000000000000001, 'gamma': 0.2}. Best is trial 1334 with value: 0.5442704750798081.
[I 2023-10-19 06:06:49,002] Trial 1488 finished with value: 0.5249105183417195 and parameters: {'w0': 0.189, 'w1': 0.9510000000000001, 'w2': 0.13, 'w3': 0.298, 'w4': 0.736, 'w5': 0.981, 'w6': 0.5640000000000001, 'w7': 0.123, 'w8': 0.736, 'max_depth': 9, 'min_child_weight': 18, 'subsample': 0.9000000000000001, 'colsample_bytree': 0.6000000000000001, 'gamma': 2.8000000000000003}. Best is trial 1334 with value: 0.5442704750798081.
[I 2023-10-19 06:07:25,051] Trial 1489 finished with value: 0.45408975974069704 and parameters: {'w0': 0.197, 'w1': 0.13, 'w2': 0.137, 'w3': 0.28500000000000003, 'w4': 0.736, 'w5': 0.98, 'w6': 0.5640000000000001, 'w7': 0.123, 'w8': 0.741, 'max_depth': 9, 'min_child_weight': 18, 'subsample': 0.4, 'colsample_bytree': 0.6000000000000001, 'gamma': 5.0}. Best is trial 1334 with value: 0.5442704750798081.
[I 2023-10-19 06:08:14,350] Trial 1483 finished with value: 0.5190134804521574 and parameters: {'w0': 0.193, 'w1': 0.9400000000000001, 'w2': 0.41300000000000003, 'w3': 0.213, 'w4': 0.738, 'w5': 0.979, 'w6': 0.5640000000000001, 'w7': 0.13, 'w8': 0.761, 'max_depth': 9, 'min_child_weight': 18, 'subsample': 0.9000000000000001, 'colsample_bytree': 0.6000000000000001, 'gamma': 0.8}. Best is trial 1334 with value: 0.5442704750798081.
[I 2023-10-19 06:08:58,261] Trial 1491 finished with value: 0.4530070687381945 and parameters: {'w0': 0.503, 'w1': 0.128, 'w2': 0.13, 'w3': 0.28800000000000003, 'w4': 0.745, 'w5': 0.926, 'w6': 0.453, 'w7': 0.124, 'w8': 0.834, 'max_depth': 9, 'min_child_weight': 18, 'subsample': 0.4, 'colsample_bytree': 0.6000000000000001, 'gamma': 3.6}. Best is trial 1334 with value: 0.5442704750798081.
[I 2023-10-19 06:09:04,770] Trial 1486 finished with value: 0.5328845092233093 and parameters: {'w0': 0.189, 'w1': 0.9420000000000001, 'w2': 0.128, 'w3': 0.291, 'w4': 0.738, 'w5': 0.984, 'w6': 0.458, 'w7': 0.127, 'w8': 0.753, 'max_depth': 9, 'min_child_weight': 18, 'subsample': 0.9000000000000001, 'colsample_bytree': 0.6000000000000001, 'gamma': 0.8}. Best is trial 1334 with value: 0.5442704750798081.
[I 2023-10-19 06:09:30,539] Trial 1482 finished with value: 0.5206360897495352 and parameters: {'w0': 0.186, 'w1': 0.9440000000000001, 'w2': 0.133, 'w3': 0.28700000000000003, 'w4': 0.738, 'w5': 0.93, 'w6': 0.5630000000000001, 'w7': 0.126, 'w8': 0.775, 'max_depth': 9, 'min_child_weight': 18, 'subsample': 0.4, 'colsample_bytree': 0.6000000000000001, 'gamma': 0.8}. Best is trial 1334 with value: 0.5442704750798081.
[I 2023-10-19 06:10:58,887] Trial 1484 finished with value: 0.5206442641734443 and parameters: {'w0': 0.185, 'w1': 0.9410000000000001, 'w2': 0.133, 'w3': 0.212, 'w4': 0.737, 'w5': 0.218, 'w6': 0.561, 'w7': 0.122, 'w8': 0.775, 'max_depth': 9, 'min_child_weight': 2, 'subsample': 0.4, 'colsample_bytree': 0.6000000000000001, 'gamma': 1.0}. Best is trial 1334 with value: 0.5442704750798081.
[I 2023-10-19 06:12:03,103] Trial 1485 finished with value: 0.5152869621981305 and parameters: {'w0': 0.187, 'w1': 0.9450000000000001, 'w2': 0.135, 'w3': 0.292, 'w4': 0.732, 'w5': 0.931, 'w6': 0.5630000000000001, 'w7': 0.126, 'w8': 0.771, 'max_depth': 9, 'min_child_weight': 18, 'subsample': 0.4, 'colsample_bytree': 0.6000000000000001, 'gamma': 0.8}. Best is trial 1334 with value: 0.5442704750798081.
[I 2023-10-19 06:12:11,402] Trial 1487 finished with value: 0.5171635264997623 and parameters: {'w0': 0.187, 'w1': 0.9450000000000001, 'w2': 0.45, 'w3': 0.20800000000000002, 'w4': 0.733, 'w5': 0.934, 'w6': 0.5670000000000001, 'w7': 0.125, 'w8': 0.764, 'max_depth': 9, 'min_child_weight': 18, 'subsample': 0.9000000000000001, 'colsample_bytree': 0.6000000000000001, 'gamma': 0.8}. Best is trial 1334 with value: 0.5442704750798081.
[I 2023-10-19 06:17:12,665] Trial 1490 finished with value: 0.41539709984442985 and parameters: {'w0': 0.185, 'w1': 0.127, 'w2': 0.13, 'w3': 0.006, 'w4': 0.732, 'w5': 0.926, 'w6': 0.603, 'w7': 0.126, 'w8': 0.727, 'max_depth': 9, 'min_child_weight': 18, 'subsample': 0.9000000000000001, 'colsample_bytree': 0.6000000000000001, 'gamma': 0.0}. Best is trial 1334 with value: 0.5442704750798081.
[I 2023-10-19 06:20:45,829] Trial 1492 finished with value: 0.4959611675918546 and parameters: {'w0': 0.191, 'w1': 0.968, 'w2': 0.137, 'w3': 0.28800000000000003, 'w4': 0.736, 'w5': 0.981, 'w6': 0.602, 'w7': 0.427, 'w8': 0.836, 'max_depth': 9, 'min_child_weight': 18, 'subsample': 0.9000000000000001, 'colsample_bytree': 0.6000000000000001, 'gamma': 0.0}. Best is trial 1334 with value: 0.5442704750798081.
[I 2023-10-19 06:20:58,479] Trial 1493 finished with value: 0.5432215626166909 and parameters: {'w0': 0.18, 'w1': 0.968, 'w2': 0.128, 'w3': 0.296, 'w4': 0.747, 'w5': 0.931, 'w6': 0.544, 'w7': 0.125, 'w8': 0.8310000000000001, 'max_depth': 9, 'min_child_weight': 18, 'subsample': 0.9000000000000001, 'colsample_bytree': 0.6000000000000001, 'gamma': 0.0}. Best is trial 1334 with value: 0.5442704750798081.
[I 2023-10-19 06:23:30,841] Trial 1495 finished with value: 0.5368362274667302 and parameters: {'w0': 0.187, 'w1': 0.9430000000000001, 'w2': 0.135, 'w3': 0.298, 'w4': 0.736, 'w5': 0.979, 'w6': 0.6, 'w7': 0.122, 'w8': 0.8300000000000001, 'max_depth': 9, 'min_child_weight': 18, 'subsample': 0.9000000000000001, 'colsample_bytree': 0.4, 'gamma': 0.0}. Best is trial 1334 with value: 0.5442704750798081.
[I 2023-10-19 06:24:02,456] Trial 1496 finished with value: 0.5403528193356882 and parameters: {'w0': 0.185, 'w1': 0.964, 'w2': 0.133, 'w3': 0.28400000000000003, 'w4': 0.741, 'w5': 0.975, 'w6': 0.458, 'w7': 0.12000000000000001, 'w8': 0.869, 'max_depth': 9, 'min_child_weight': 18, 'subsample': 0.9000000000000001, 'colsample_bytree': 0.6000000000000001, 'gamma': 0.0}. Best is trial 1334 with value: 0.5442704750798081.
[I 2023-10-19 06:24:03,383] Trial 1497 finished with value: 0.5405680427374894 and parameters: {'w0': 0.185, 'w1': 0.97, 'w2': 0.131, 'w3': 0.291, 'w4': 0.738, 'w5': 0.979, 'w6': 0.466, 'w7': 0.11900000000000001, 'w8': 0.834, 'max_depth': 9, 'min_child_weight': 18, 'subsample': 0.9000000000000001, 'colsample_bytree': 0.6000000000000001, 'gamma': 0.0}. Best is trial 1334 with value: 0.5442704750798081.
[I 2023-10-19 06:24:46,764] Trial 1498 finished with value: 0.5391337309539536 and parameters: {'w0': 0.187, 'w1': 0.968, 'w2': 0.152, 'w3': 0.28300000000000003, 'w4': 0.749, 'w5': 0.979, 'w6': 0.602, 'w7': 0.121, 'w8': 0.8270000000000001, 'max_depth': 9, 'min_child_weight': 18, 'subsample': 0.9000000000000001, 'colsample_bytree': 0.6000000000000001, 'gamma': 0.0}. Best is trial 1334 with value: 0.5442704750798081.
[I 2023-10-19 06:25:44,607] Trial 1500 finished with value: 0.5086053546507566 and parameters: {'w0': 0.185, 'w1': 0.97, 'w2': 0.151, 'w3': 0.28, 'w4': 0.757, 'w5': 0.977, 'w6': 0.454, 'w7': 0.026000000000000002, 'w8': 0.8220000000000001, 'max_depth': 9, 'min_child_weight': 18, 'subsample': 0.9000000000000001, 'colsample_bytree': 0.6000000000000001, 'gamma': 0.0}. Best is trial 1334 with value: 0.5442704750798081.
[I 2023-10-19 06:25:53,232] Trial 1499 finished with value: 0.5241448919937483 and parameters: {'w0': 0.187, 'w1': 0.969, 'w2': 0.444, 'w3': 0.297, 'w4': 0.76, 'w5': 0.9410000000000001, 'w6': 0.606, 'w7': 0.12000000000000001, 'w8': 0.8250000000000001, 'max_depth': 9, 'min_child_weight': 18, 'subsample': 0.9000000000000001, 'colsample_bytree': 0.6000000000000001, 'gamma': 0.0}. Best is trial 1334 with value: 0.5442704750798081.
[I 2023-10-19 06:26:40,862] Trial 1501 finished with value: 0.5402690326746633 and parameters: {'w0': 0.182, 'w1': 0.969, 'w2': 0.15, 'w3': 0.278, 'w4': 0.758, 'w5': 0.981, 'w6': 0.455, 'w7': 0.116, 'w8': 0.8270000000000001, 'max_depth': 9, 'min_child_weight': 18, 'subsample': 0.9000000000000001, 'colsample_bytree': 0.6000000000000001, 'gamma': 0.0}. Best is trial 1334 with value: 0.5442704750798081.
[I 2023-10-19 06:27:23,898] Trial 1508 finished with value: 0.5114867093279502 and parameters: {'w0': 0.147, 'w1': 0.969, 'w2': 0.154, 'w3': 0.251, 'w4': 0.9390000000000001, 'w5': 0.979, 'w6': 0.544, 'w7': 0.115, 'w8': 0.869, 'max_depth': 9, 'min_child_weight': 18, 'subsample': 0.9000000000000001, 'colsample_bytree': 0.6000000000000001, 'gamma': 4.2}. Best is trial 1334 with value: 0.5442704750798081.
[I 2023-10-19 06:27:38,687] Trial 1503 finished with value: 0.5230186439050069 and parameters: {'w0': 0.185, 'w1': 0.967, 'w2': 0.452, 'w3': 0.281, 'w4': 0.759, 'w5': 0.9390000000000001, 'w6': 0.544, 'w7': 0.122, 'w8': 0.8290000000000001, 'max_depth': 9, 'min_child_weight': 18, 'subsample': 0.9000000000000001, 'colsample_bytree': 0.6000000000000001, 'gamma': 0.0}. Best is trial 1334 with value: 0.5442704750798081.
[I 2023-10-19 06:27:55,545] Trial 1494 finished with value: 0.5234757951804974 and parameters: {'w0': 0.187, 'w1': 0.9380000000000001, 'w2': 0.13, 'w3': 0.291, 'w4': 0.744, 'w5': 0.933, 'w6': 0.452, 'w7': 0.123, 'w8': 0.75, 'max_depth': 9, 'min_child_weight': 2, 'subsample': 0.9000000000000001, 'colsample_bytree': 0.6000000000000001, 'gamma': 0.0}. Best is trial 1334 with value: 0.5442704750798081.
[I 2023-10-19 06:28:17,799] Trial 1504 finished with value: 0.5109315302172054 and parameters: {'w0': 0.35200000000000004, 'w1': 0.961, 'w2': 0.155, 'w3': 0.276, 'w4': 0.128, 'w5': 0.9400000000000001, 'w6': 0.6, 'w7': 0.116, 'w8': 0.8240000000000001, 'max_depth': 9, 'min_child_weight': 18, 'subsample': 0.9000000000000001, 'colsample_bytree': 0.6000000000000001, 'gamma': 0.0}. Best is trial 1334 with value: 0.5442704750798081.
[I 2023-10-19 06:29:21,705] Trial 1506 finished with value: 0.5118480386888109 and parameters: {'w0': 0.14, 'w1': 0.969, 'w2': 0.153, 'w3': 0.276, 'w4': 0.76, 'w5': 0.937, 'w6': 0.544, 'w7': 0.029, 'w8': 0.839, 'max_depth': 9, 'min_child_weight': 18, 'subsample': 0.9000000000000001, 'colsample_bytree': 0.6000000000000001, 'gamma': 0.0}. Best is trial 1334 with value: 0.5442704750798081.
[I 2023-10-19 06:30:40,371] Trial 1505 finished with value: 0.5028979083384925 and parameters: {'w0': 0.41500000000000004, 'w1': 0.969, 'w2': 0.9580000000000001, 'w3': 0.28, 'w4': 0.758, 'w5': 0.9410000000000001, 'w6': 0.46900000000000003, 'w7': 0.11900000000000001, 'w8': 0.8310000000000001, 'max_depth': 9, 'min_child_weight': 18, 'subsample': 0.9000000000000001, 'colsample_bytree': 0.6000000000000001, 'gamma': 0.0}. Best is trial 1334 with value: 0.5442704750798081.
[I 2023-10-19 06:32:17,331] Trial 1502 finished with value: 0.5257302860865732 and parameters: {'w0': 0.181, 'w1': 0.966, 'w2': 0.155, 'w3': 0.28300000000000003, 'w4': 0.76, 'w5': 0.9400000000000001, 'w6': 0.609, 'w7': 0.117, 'w8': 0.8310000000000001, 'max_depth': 9, 'min_child_weight': 2, 'subsample': 0.9000000000000001, 'colsample_bytree': 0.6000000000000001, 'gamma': 0.0}. Best is trial 1334 with value: 0.5442704750798081.
[I 2023-10-19 06:35:15,834] Trial 1507 finished with value: 0.5023042070864252 and parameters: {'w0': 0.14300000000000002, 'w1': 0.969, 'w2': 0.199, 'w3': 0.277, 'w4': 0.76, 'w5': 0.9450000000000001, 'w6': 0.541, 'w7': 0.02, 'w8': 0.8290000000000001, 'max_depth': 9, 'min_child_weight': 18, 'subsample': 0.9000000000000001, 'colsample_bytree': 0.6000000000000001, 'gamma': 0.0}. Best is trial 1334 with value: 0.5442704750798081.
[I 2023-10-19 06:38:57,408] Trial 1523 finished with value: 0.4766261633527297 and parameters: {'w0': 0.227, 'w1': 0.977, 'w2': 0.125, 'w3': 0.309, 'w4': 0.711, 'w5': 0.998, 'w6': 0.464, 'w7': 0.169, 'w8': 0.867, 'max_depth': 9, 'min_child_weight': 18, 'subsample': 0.9000000000000001, 'colsample_bytree': 0.6000000000000001, 'gamma': 6.0}. Best is trial 1334 with value: 0.5442704750798081.
[I 2023-10-19 06:39:24,522] Trial 1509 finished with value: 0.5365506112357104 and parameters: {'w0': 0.24000000000000002, 'w1': 0.971, 'w2': 0.151, 'w3': 0.316, 'w4': 0.759, 'w5': 0.9430000000000001, 'w6': 0.541, 'w7': 0.149, 'w8': 0.8310000000000001, 'max_depth': 9, 'min_child_weight': 18, 'subsample': 0.9000000000000001, 'colsample_bytree': 0.6000000000000001, 'gamma': 0.0}. Best is trial 1334 with value: 0.5442704750798081.
[I 2023-10-19 06:42:17,676] Trial 1510 finished with value: 0.5290264854834581 and parameters: {'w0': 0.40900000000000003, 'w1': 0.963, 'w2': 0.154, 'w3': 0.302, 'w4': 0.757, 'w5': 0.9440000000000001, 'w6': 0.539, 'w7': 0.15, 'w8': 0.862, 'max_depth': 9, 'min_child_weight': 18, 'subsample': 0.9000000000000001, 'colsample_bytree': 0.6000000000000001, 'gamma': 0.0}. Best is trial 1334 with value: 0.5442704750798081.
[I 2023-10-19 06:42:51,729] Trial 1512 finished with value: 0.5326620325944807 and parameters: {'w0': 0.246, 'w1': 0.964, 'w2': 0.122, 'w3': 0.327, 'w4': 0.714, 'w5': 0.9400000000000001, 'w6': 0.467, 'w7': 0.16, 'w8': 0.874, 'max_depth': 9, 'min_child_weight': 18, 'subsample': 0.9000000000000001, 'colsample_bytree': 0.6000000000000001, 'gamma': 0.0}. Best is trial 1334 with value: 0.5442704750798081.
[I 2023-10-19 06:43:14,123] Trial 1511 finished with value: 0.5355715192047124 and parameters: {'w0': 0.24000000000000002, 'w1': 0.967, 'w2': 0.156, 'w3': 0.329, 'w4': 0.721, 'w5': 0.9440000000000001, 'w6': 0.547, 'w7': 0.161, 'w8': 0.87, 'max_depth': 9, 'min_child_weight': 18, 'subsample': 0.9000000000000001, 'colsample_bytree': 0.6000000000000001, 'gamma': 0.0}. Best is trial 1334 with value: 0.5442704750798081.
[I 2023-10-19 06:43:39,918] Trial 1513 finished with value: 0.5292723785306068 and parameters: {'w0': 0.223, 'w1': 0.972, 'w2': 0.122, 'w3': 0.332, 'w4': 0.719, 'w5': 0.936, 'w6': 0.459, 'w7': 0.156, 'w8': 0.863, 'max_depth': 9, 'min_child_weight': 18, 'subsample': 0.9000000000000001, 'colsample_bytree': 0.6000000000000001, 'gamma': 0.0}. Best is trial 1334 with value: 0.5442704750798081.
[I 2023-10-19 06:44:40,705] Trial 1514 finished with value: 0.5299543828715455 and parameters: {'w0': 0.23800000000000002, 'w1': 0.976, 'w2': 0.121, 'w3': 0.311, 'w4': 0.726, 'w5': 0.9430000000000001, 'w6': 0.459, 'w7': 0.149, 'w8': 0.879, 'max_depth': 9, 'min_child_weight': 18, 'subsample': 0.9000000000000001, 'colsample_bytree': 0.6000000000000001, 'gamma': 0.0}. Best is trial 1334 with value: 0.5442704750798081.
[I 2023-10-19 06:44:50,074] Trial 1515 finished with value: 0.5311479896774577 and parameters: {'w0': 0.243, 'w1': 0.976, 'w2': 0.123, 'w3': 0.328, 'w4': 0.719, 'w5': 0.9430000000000001, 'w6': 0.446, 'w7': 0.153, 'w8': 0.864, 'max_depth': 9, 'min_child_weight': 18, 'subsample': 0.9000000000000001, 'colsample_bytree': 0.6000000000000001, 'gamma': 0.0}. Best is trial 1334 with value: 0.5442704750798081.
[I 2023-10-19 06:45:43,606] Trial 1516 finished with value: 0.533270998012557 and parameters: {'w0': 0.242, 'w1': 0.969, 'w2': 0.153, 'w3': 0.306, 'w4': 0.718, 'w5': 0.999, 'w6': 0.45, 'w7': 0.155, 'w8': 0.869, 'max_depth': 9, 'min_child_weight': 18, 'subsample': 0.9000000000000001, 'colsample_bytree': 0.6000000000000001, 'gamma': 0.0}. Best is trial 1334 with value: 0.5442704750798081.
[I 2023-10-19 06:46:30,873] Trial 1517 finished with value: 0.5332287907285072 and parameters: {'w0': 0.23900000000000002, 'w1': 0.968, 'w2': 0.153, 'w3': 0.308, 'w4': 0.726, 'w5': 0.983, 'w6': 0.438, 'w7': 0.193, 'w8': 0.875, 'max_depth': 9, 'min_child_weight': 18, 'subsample': 0.9000000000000001, 'colsample_bytree': 0.6000000000000001, 'gamma': 0.0}. Best is trial 1334 with value: 0.5442704750798081.
[I 2023-10-19 06:46:36,014] Trial 1519 finished with value: 0.5358795079100157 and parameters: {'w0': 0.242, 'w1': 0.973, 'w2': 0.146, 'w3': 0.328, 'w4': 0.719, 'w5': 0.982, 'w6': 0.44, 'w7': 0.149, 'w8': 0.854, 'max_depth': 9, 'min_child_weight': 18, 'subsample': 0.9000000000000001, 'colsample_bytree': 0.6000000000000001, 'gamma': 0.0}. Best is trial 1334 with value: 0.5442704750798081.
[I 2023-10-19 06:46:38,295] Trial 1518 finished with value: 0.5258085660926393 and parameters: {'w0': 0.40800000000000003, 'w1': 0.969, 'w2': 0.15, 'w3': 0.336, 'w4': 0.722, 'w5': 0.999, 'w6': 0.457, 'w7': 0.152, 'w8': 0.856, 'max_depth': 9, 'min_child_weight': 18, 'subsample': 0.9000000000000001, 'colsample_bytree': 0.6000000000000001, 'gamma': 0.0}. Best is trial 1334 with value: 0.5442704750798081.
[I 2023-10-19 06:47:07,982] Trial 1520 finished with value: 0.5363209750165222 and parameters: {'w0': 0.225, 'w1': 0.972, 'w2': 0.156, 'w3': 0.309, 'w4': 0.731, 'w5': 0.979, 'w6': 0.446, 'w7': 0.146, 'w8': 0.863, 'max_depth': 9, 'min_child_weight': 18, 'subsample': 0.9000000000000001, 'colsample_bytree': 0.6000000000000001, 'gamma': 0.0}. Best is trial 1334 with value: 0.5442704750798081.
[I 2023-10-19 06:48:15,255] Trial 1521 finished with value: 0.5300880662560237 and parameters: {'w0': 0.23800000000000002, 'w1': 0.968, 'w2': 0.125, 'w3': 0.327, 'w4': 0.727, 'w5': 0.98, 'w6': 0.451, 'w7': 0.165, 'w8': 0.871, 'max_depth': 9, 'min_child_weight': 18, 'subsample': 0.9000000000000001, 'colsample_bytree': 0.6000000000000001, 'gamma': 0.0}. Best is trial 1334 with value: 0.5442704750798081.
