[I 2023-10-20 16:15:54,476] Trial 1861 finished with value: 0.49462187141026853 and parameters: {'w0': 0.10400000000000001, 'w1': 0.838, 'w2': 0.2, 'w3': 0.588, 'w4': 0.863, 'w5': 0.985, 'w6': 0.875, 'w7': 0.17600000000000002, 'w8': 0.761, 'max_depth': 8, 'min_child_weight': 16, 'subsample': 0.8, 'colsample_bytree': 0.7, 'gamma': 0.2}. Best is trial 1267 with value: 0.5099314743075365.
[I 2023-10-20 16:15:58,040] Trial 1862 finished with value: 0.48455749530263936 and parameters: {'w0': 0.146, 'w1': 0.843, 'w2': 0.083, 'w3': 0.59, 'w4': 0.864, 'w5': 1.0, 'w6': 0.164, 'w7': 0.178, 'w8': 0.751, 'max_depth': 8, 'min_child_weight': 16, 'subsample': 0.8, 'colsample_bytree': 0.9000000000000001, 'gamma': 0.2}. Best is trial 1267 with value: 0.5099314743075365.
[I 2023-10-20 16:18:27,534] Trial 1867 finished with value: 0.5006151652953913 and parameters: {'w0': 0.14400000000000002, 'w1': 0.878, 'w2': 0.084, 'w3': 0.59, 'w4': 0.734, 'w5': 0.984, 'w6': 0.293, 'w7': 0.092, 'w8': 0.779, 'max_depth': 6, 'min_child_weight': 16, 'subsample': 0.8, 'colsample_bytree': 0.9000000000000001, 'gamma': 0.4}. Best is trial 1267 with value: 0.5099314743075365.
[I 2023-10-20 16:19:38,624] Trial 1866 finished with value: 0.49705154718677064 and parameters: {'w0': 0.151, 'w1': 0.885, 'w2': 0.20500000000000002, 'w3': 0.589, 'w4': 0.871, 'w5': 1.0, 'w6': 0.306, 'w7': 0.092, 'w8': 0.773, 'max_depth': 8, 'min_child_weight': 16, 'subsample': 0.8, 'colsample_bytree': 0.7, 'gamma': 0.4}. Best is trial 1267 with value: 0.5099314743075365.
[I 2023-10-20 16:20:23,276] Trial 1869 finished with value: 0.4957233444701592 and parameters: {'w0': 0.14500000000000002, 'w1': 0.892, 'w2': 0.082, 'w3': 0.34800000000000003, 'w4': 0.734, 'w5': 0.983, 'w6': 0.28900000000000003, 'w7': 0.095, 'w8': 0.78, 'max_depth': 6, 'min_child_weight': 16, 'subsample': 0.8, 'colsample_bytree': 0.9000000000000001, 'gamma': 0.4}. Best is trial 1267 with value: 0.5099314743075365.
[I 2023-10-20 16:20:46,709] Trial 1868 finished with value: 0.48238611163967066 and parameters: {'w0': 0.153, 'w1': 0.882, 'w2': 0.079, 'w3': 0.165, 'w4': 0.891, 'w5': 1.0, 'w6': 0.871, 'w7': 0.178, 'w8': 0.781, 'max_depth': 8, 'min_child_weight': 16, 'subsample': 0.8, 'colsample_bytree': 0.7, 'gamma': 0.4}. Best is trial 1267 with value: 0.5099314743075365.
[I 2023-10-20 16:20:56,672] Trial 1865 finished with value: 0.4900737159041964 and parameters: {'w0': 0.15, 'w1': 0.88, 'w2': 0.108, 'w3': 0.595, 'w4': 0.873, 'w5': 0.982, 'w6': 0.305, 'w7': 0.179, 'w8': 0.776, 'max_depth': 8, 'min_child_weight': 10, 'subsample': 0.8, 'colsample_bytree': 0.9000000000000001, 'gamma': 0.2}. Best is trial 1267 with value: 0.5099314743075365.
[I 2023-10-20 16:22:08,859] Trial 1870 finished with value: 0.5034143463697816 and parameters: {'w0': 0.148, 'w1': 0.882, 'w2': 0.111, 'w3': 0.468, 'w4': 0.888, 'w5': 0.847, 'w6': 0.28200000000000003, 'w7': 0.093, 'w8': 0.781, 'max_depth': 6, 'min_child_weight': 16, 'subsample': 0.8, 'colsample_bytree': 0.9000000000000001, 'gamma': 0.4}. Best is trial 1267 with value: 0.5099314743075365.
[I 2023-10-20 16:22:42,177] Trial 1871 finished with value: 0.5037604123685535 and parameters: {'w0': 0.151, 'w1': 0.881, 'w2': 0.083, 'w3': 0.303, 'w4': 0.896, 'w5': 1.0, 'w6': 0.281, 'w7': 0.09, 'w8': 0.774, 'max_depth': 6, 'min_child_weight': 16, 'subsample': 0.8, 'colsample_bytree': 0.9000000000000001, 'gamma': 0.4}. Best is trial 1267 with value: 0.5099314743075365.
[I 2023-10-20 16:24:06,448] Trial 1872 finished with value: 0.5009734629610888 and parameters: {'w0': 0.148, 'w1': 0.883, 'w2': 0.079, 'w3': 0.47000000000000003, 'w4': 0.898, 'w5': 1.0, 'w6': 0.279, 'w7': 0.091, 'w8': 0.777, 'max_depth': 6, 'min_child_weight': 14, 'subsample': 0.8, 'colsample_bytree': 0.9000000000000001, 'gamma': 0.4}. Best is trial 1267 with value: 0.5099314743075365.
[I 2023-10-20 16:24:40,653] Trial 1873 finished with value: 0.5006895516739456 and parameters: {'w0': 0.147, 'w1': 0.886, 'w2': 0.081, 'w3': 0.592, 'w4': 0.895, 'w5': 0.9530000000000001, 'w6': 0.28500000000000003, 'w7': 0.089, 'w8': 0.779, 'max_depth': 6, 'min_child_weight': 14, 'subsample': 0.8, 'colsample_bytree': 0.9000000000000001, 'gamma': 0.4}. Best is trial 1267 with value: 0.5099314743075365.
[I 2023-10-20 16:26:45,891] Trial 1874 finished with value: 0.46693550301447195 and parameters: {'w0': 0.211, 'w1': 0.883, 'w2': 0.109, 'w3': 0.47300000000000003, 'w4': 0.893, 'w5': 0.843, 'w6': 0.744, 'w7': 0.332, 'w8': 0.778, 'max_depth': 6, 'min_child_weight': 14, 'subsample': 0.8, 'colsample_bytree': 0.9000000000000001, 'gamma': 0.4}. Best is trial 1267 with value: 0.5099314743075365.
[I 2023-10-20 16:27:27,079] Trial 1876 finished with value: 0.5043923607478956 and parameters: {'w0': 0.153, 'w1': 0.974, 'w2': 0.109, 'w3': 0.443, 'w4': 0.895, 'w5': 0.848, 'w6': 0.279, 'w7': 0.091, 'w8': 0.78, 'max_depth': 6, 'min_child_weight': 14, 'subsample': 0.8, 'colsample_bytree': 0.9000000000000001, 'gamma': 0.4}. Best is trial 1267 with value: 0.5099314743075365.
[I 2023-10-20 16:27:43,481] Trial 1878 finished with value: 0.5033826187493202 and parameters: {'w0': 0.15, 'w1': 0.89, 'w2': 0.113, 'w3': 0.449, 'w4': 0.901, 'w5': 0.848, 'w6': 0.28500000000000003, 'w7': 0.095, 'w8': 0.779, 'max_depth': 6, 'min_child_weight': 14, 'subsample': 0.8, 'colsample_bytree': 0.9000000000000001, 'gamma': 0.4}. Best is trial 1267 with value: 0.5099314743075365.
[I 2023-10-20 16:27:43,769] Trial 1877 finished with value: 0.4918426480190569 and parameters: {'w0': 0.358, 'w1': 0.88, 'w2': 0.079, 'w3': 0.46900000000000003, 'w4': 0.899, 'w5': 0.602, 'w6': 0.74, 'w7': 0.089, 'w8': 0.779, 'max_depth': 6, 'min_child_weight': 14, 'subsample': 0.8, 'colsample_bytree': 0.9000000000000001, 'gamma': 0.4}. Best is trial 1267 with value: 0.5099314743075365.
[I 2023-10-20 16:28:23,877] Trial 1879 finished with value: 0.5001143874085935 and parameters: {'w0': 0.211, 'w1': 0.884, 'w2': 0.107, 'w3': 0.468, 'w4': 0.896, 'w5': 0.852, 'w6': 0.28600000000000003, 'w7': 0.091, 'w8': 0.779, 'max_depth': 6, 'min_child_weight': 14, 'subsample': 0.8, 'colsample_bytree': 0.9000000000000001, 'gamma': 0.4}. Best is trial 1267 with value: 0.5099314743075365.
[I 2023-10-20 16:28:40,372] Trial 1880 finished with value: 0.5044731326807901 and parameters: {'w0': 0.211, 'w1': 0.886, 'w2': 0.11, 'w3': 0.467, 'w4': 0.903, 'w5': 0.602, 'w6': 0.354, 'w7': 0.085, 'w8': 0.785, 'max_depth': 6, 'min_child_weight': 14, 'subsample': 0.8, 'colsample_bytree': 0.9000000000000001, 'gamma': 0.4}. Best is trial 1267 with value: 0.5099314743075365.
[I 2023-10-20 16:28:51,633] Trial 1875 finished with value: 0.5012868848359284 and parameters: {'w0': 0.151, 'w1': 0.874, 'w2': 0.10500000000000001, 'w3': 0.44, 'w4': 0.894, 'w5': 1.0, 'w6': 0.28900000000000003, 'w7': 0.089, 'w8': 0.77, 'max_depth': 8, 'min_child_weight': 14, 'subsample': 0.8, 'colsample_bytree': 0.9000000000000001, 'gamma': 0.4}. Best is trial 1267 with value: 0.5099314743075365.
[I 2023-10-20 16:33:35,134] Trial 1885 finished with value: 0.5006178900850069 and parameters: {'w0': 0.20900000000000002, 'w1': 0.971, 'w2': 0.112, 'w3': 0.247, 'w4': 0.912, 'w5': 0.9520000000000001, 'w6': 0.332, 'w7': 0.08800000000000001, 'w8': 0.554, 'max_depth': 8, 'min_child_weight': 14, 'subsample': 0.8, 'colsample_bytree': 0.9000000000000001, 'gamma': 0.6000000000000001}. Best is trial 1267 with value: 0.5099314743075365.
[I 2023-10-20 16:33:45,551] Trial 1883 finished with value: 0.49774160118298294 and parameters: {'w0': 0.222, 'w1': 0.885, 'w2': 0.114, 'w3': 0.451, 'w4': 0.894, 'w5': 0.847, 'w6': 0.743, 'w7': 0.08700000000000001, 'w8': 0.708, 'max_depth': 8, 'min_child_weight': 14, 'subsample': 0.8, 'colsample_bytree': 0.9000000000000001, 'gamma': 0.6000000000000001}. Best is trial 1267 with value: 0.5099314743075365.
[I 2023-10-20 16:34:13,133] Trial 1881 finished with value: 0.47346705854902565 and parameters: {'w0': 0.156, 'w1': 0.889, 'w2': 0.109, 'w3': 0.46900000000000003, 'w4': 0.895, 'w5': 0.847, 'w6': 0.356, 'w7': 0.337, 'w8': 0.714, 'max_depth': 8, 'min_child_weight': 14, 'subsample': 0.8, 'colsample_bytree': 0.9000000000000001, 'gamma': 0.4}. Best is trial 1267 with value: 0.5099314743075365.
[I 2023-10-20 16:34:17,410] Trial 1882 finished with value: 0.5046510753266219 and parameters: {'w0': 0.216, 'w1': 0.887, 'w2': 0.11, 'w3': 0.467, 'w4': 0.903, 'w5': 0.847, 'w6': 0.35000000000000003, 'w7': 0.085, 'w8': 0.716, 'max_depth': 8, 'min_child_weight': 14, 'subsample': 0.8, 'colsample_bytree': 0.9000000000000001, 'gamma': 0.4}. Best is trial 1267 with value: 0.5099314743075365.
[I 2023-10-20 16:34:19,869] Trial 1894 finished with value: 0.4653954566154755 and parameters: {'w0': 0.1, 'w1': 0.92, 'w2': 0.113, 'w3': 0.494, 'w4': 0.9450000000000001, 'w5': 0.9600000000000001, 'w6': 0.333, 'w7': 0.067, 'w8': 0.717, 'max_depth': 8, 'min_child_weight': 16, 'subsample': 0.8, 'colsample_bytree': 0.9000000000000001, 'gamma': 3.4000000000000004}. Best is trial 1267 with value: 0.5099314743075365.
[I 2023-10-20 16:35:18,019] Trial 1884 finished with value: 0.4797195534325717 and parameters: {'w0': 0.21, 'w1': 0.064, 'w2': 0.11, 'w3': 0.452, 'w4': 0.911, 'w5': 0.9540000000000001, 'w6': 0.34900000000000003, 'w7': 0.089, 'w8': 0.718, 'max_depth': 8, 'min_child_weight': 14, 'subsample': 0.8, 'colsample_bytree': 0.9000000000000001, 'gamma': 0.0}. Best is trial 1267 with value: 0.5099314743075365.
[I 2023-10-20 16:35:25,480] Trial 1886 finished with value: 0.4988276723659786 and parameters: {'w0': 0.212, 'w1': 0.92, 'w2': 0.111, 'w3': 0.448, 'w4': 0.911, 'w5': 0.9570000000000001, 'w6': 0.743, 'w7': 0.08600000000000001, 'w8': 0.706, 'max_depth': 8, 'min_child_weight': 14, 'subsample': 0.8, 'colsample_bytree': 0.9000000000000001, 'gamma': 0.6000000000000001}. Best is trial 1267 with value: 0.5099314743075365.
[I 2023-10-20 16:37:44,365] Trial 1887 finished with value: 0.49089145040948623 and parameters: {'w0': 0.211, 'w1': 0.973, 'w2': 0.11900000000000001, 'w3': 0.468, 'w4': 1.0, 'w5': 0.9560000000000001, 'w6': 0.329, 'w7': 0.058, 'w8': 0.721, 'max_depth': 8, 'min_child_weight': 14, 'subsample': 0.8, 'colsample_bytree': 0.9000000000000001, 'gamma': 0.0}. Best is trial 1267 with value: 0.5099314743075365.
[I 2023-10-20 16:39:49,511] Trial 1889 finished with value: 0.4929543512393289 and parameters: {'w0': 0.10400000000000001, 'w1': 0.976, 'w2': 0.109, 'w3': 0.442, 'w4': 0.441, 'w5': 0.9540000000000001, 'w6': 0.358, 'w7': 0.061, 'w8': 0.713, 'max_depth': 8, 'min_child_weight': 14, 'subsample': 0.8, 'colsample_bytree': 0.9000000000000001, 'gamma': 0.0}. Best is trial 1267 with value: 0.5099314743075365.
[I 2023-10-20 16:40:04,761] Trial 1888 finished with value: 0.450921720648964 and parameters: {'w0': 0.218, 'w1': 0.983, 'w2': 0.114, 'w3': 0.451, 'w4': 0.914, 'w5': 0.9540000000000001, 'w6': 0.356, 'w7': 0.723, 'w8': 0.72, 'max_depth': 8, 'min_child_weight': 14, 'subsample': 0.8, 'colsample_bytree': 0.9000000000000001, 'gamma': 0.0}. Best is trial 1267 with value: 0.5099314743075365.
[I 2023-10-20 16:42:05,770] Trial 1890 finished with value: 0.49655083283729834 and parameters: {'w0': 0.211, 'w1': 0.97, 'w2': 0.115, 'w3': 0.443, 'w4': 0.9500000000000001, 'w5': 0.9500000000000001, 'w6': 0.33, 'w7': 0.059000000000000004, 'w8': 0.714, 'max_depth': 8, 'min_child_weight': 14, 'subsample': 0.8, 'colsample_bytree': 0.9000000000000001, 'gamma': 0.0}. Best is trial 1267 with value: 0.5099314743075365.
[I 2023-10-20 16:42:35,732] Trial 1891 finished with value: 0.4929136858162365 and parameters: {'w0': 0.212, 'w1': 0.917, 'w2': 0.113, 'w3': 0.448, 'w4': 0.9490000000000001, 'w5': 0.6, 'w6': 0.358, 'w7': 0.062, 'w8': 0.716, 'max_depth': 8, 'min_child_weight': 14, 'subsample': 0.8, 'colsample_bytree': 0.9000000000000001, 'gamma': 0.0}. Best is trial 1267 with value: 0.5099314743075365.
[I 2023-10-20 16:42:40,410] Trial 1892 finished with value: 0.4918843391693835 and parameters: {'w0': 0.20800000000000002, 'w1': 0.921, 'w2': 0.111, 'w3': 0.494, 'w4': 0.923, 'w5': 0.9550000000000001, 'w6': 0.358, 'w7': 0.064, 'w8': 0.71, 'max_depth': 8, 'min_child_weight': 16, 'subsample': 0.8, 'colsample_bytree': 0.9000000000000001, 'gamma': 0.0}. Best is trial 1267 with value: 0.5099314743075365.
[I 2023-10-20 16:42:58,858] Trial 1893 finished with value: 0.484119402372028 and parameters: {'w0': 0.311, 'w1': 0.919, 'w2': 0.107, 'w3': 0.422, 'w4': 0.9480000000000001, 'w5': 0.9540000000000001, 'w6': 0.359, 'w7': 0.058, 'w8': 0.711, 'max_depth': 8, 'min_child_weight': 16, 'subsample': 0.8, 'colsample_bytree': 0.9000000000000001, 'gamma': 0.0}. Best is trial 1267 with value: 0.5099314743075365.
[I 2023-10-20 16:43:28,764] Trial 1896 finished with value: 0.4969492331870685 and parameters: {'w0': 0.10400000000000001, 'w1': 0.917, 'w2': 0.11800000000000001, 'w3': 0.419, 'w4': 0.931, 'w5': 0.9530000000000001, 'w6': 0.333, 'w7': 0.057, 'w8': 0.6980000000000001, 'max_depth': 8, 'min_child_weight': 16, 'subsample': 0.8, 'colsample_bytree': 0.9000000000000001, 'gamma': 0.0}. Best is trial 1267 with value: 0.5099314743075365.
[I 2023-10-20 16:44:01,586] Trial 1895 finished with value: 0.4737686855458564 and parameters: {'w0': 0.46, 'w1': 0.919, 'w2': 0.182, 'w3': 0.493, 'w4': 0.9530000000000001, 'w5': 0.9530000000000001, 'w6': 0.336, 'w7': 0.061, 'w8': 0.71, 'max_depth': 8, 'min_child_weight': 16, 'subsample': 0.8, 'colsample_bytree': 0.9000000000000001, 'gamma': 0.0}. Best is trial 1267 with value: 0.5099314743075365.
[I 2023-10-20 16:48:41,408] Trial 1897 finished with value: 0.49410443631933876 and parameters: {'w0': 0.182, 'w1': 0.964, 'w2': 0.124, 'w3': 0.533, 'w4': 0.9490000000000001, 'w5': 0.9580000000000001, 'w6': 0.353, 'w7': 0.059000000000000004, 'w8': 0.709, 'max_depth': 8, 'min_child_weight': 16, 'subsample': 0.8, 'colsample_bytree': 0.9000000000000001, 'gamma': 0.0}. Best is trial 1267 with value: 0.5099314743075365.
[I 2023-10-20 16:48:53,141] Trial 1901 finished with value: 0.484970672286236 and parameters: {'w0': 0.107, 'w1': 0.918, 'w2': 0.18, 'w3': 0.534, 'w4': 0.931, 'w5': 0.9540000000000001, 'w6': 0.333, 'w7': 0.057, 'w8': 0.85, 'max_depth': 8, 'min_child_weight': 16, 'subsample': 0.8, 'colsample_bytree': 0.9000000000000001, 'gamma': 0.0}. Best is trial 1267 with value: 0.5099314743075365.
[I 2023-10-20 16:48:56,329] Trial 1898 finished with value: 0.49828767440374616 and parameters: {'w0': 0.099, 'w1': 0.914, 'w2': 0.17500000000000002, 'w3': 0.495, 'w4': 0.9500000000000001, 'w5': 0.9520000000000001, 'w6': 0.36, 'w7': 0.109, 'w8': 0.715, 'max_depth': 8, 'min_child_weight': 16, 'subsample': 0.8, 'colsample_bytree': 0.9000000000000001, 'gamma': 0.0}. Best is trial 1267 with value: 0.5099314743075365.
[I 2023-10-20 16:49:03,877] Trial 1899 finished with value: 0.48865545339528194 and parameters: {'w0': 0.1, 'w1': 0.919, 'w2': 0.17400000000000002, 'w3': 0.532, 'w4': 0.9460000000000001, 'w5': 0.9570000000000001, 'w6': 0.334, 'w7': 0.059000000000000004, 'w8': 0.683, 'max_depth': 8, 'min_child_weight': 16, 'subsample': 0.8, 'colsample_bytree': 0.9000000000000001, 'gamma': 0.0}. Best is trial 1267 with value: 0.5099314743075365.
[I 2023-10-20 16:49:35,142] Trial 1900 finished with value: 0.5035205833940728 and parameters: {'w0': 0.10300000000000001, 'w1': 0.916, 'w2': 0.17500000000000002, 'w3': 0.504, 'w4': 0.9490000000000001, 'w5': 0.9580000000000001, 'w6': 0.331, 'w7': 0.111, 'w8': 0.686, 'max_depth': 8, 'min_child_weight': 16, 'subsample': 0.8, 'colsample_bytree': 0.9000000000000001, 'gamma': 0.0}. Best is trial 1267 with value: 0.5099314743075365.
[I 2023-10-20 16:50:05,298] Trial 1903 finished with value: 0.4994299301548398 and parameters: {'w0': 0.10400000000000001, 'w1': 0.92, 'w2': 0.171, 'w3': 0.373, 'w4': 0.9490000000000001, 'w5': 0.9550000000000001, 'w6': 0.258, 'w7': 0.113, 'w8': 0.6880000000000001, 'max_depth': 8, 'min_child_weight': 16, 'subsample': 0.8, 'colsample_bytree': 0.9000000000000001, 'gamma': 0.0}. Best is trial 1267 with value: 0.5099314743075365.
[I 2023-10-20 16:50:26,780] Trial 1902 finished with value: 0.5017396627475901 and parameters: {'w0': 0.10200000000000001, 'w1': 0.917, 'w2': 0.171, 'w3': 0.537, 'w4': 0.93, 'w5': 0.9540000000000001, 'w6': 0.247, 'w7': 0.11, 'w8': 0.8240000000000001, 'max_depth': 8, 'min_child_weight': 16, 'subsample': 0.8, 'colsample_bytree': 0.9000000000000001, 'gamma': 0.0}. Best is trial 1267 with value: 0.5099314743075365.
[I 2023-10-20 16:52:36,617] Trial 1909 finished with value: 0.4781842695127788 and parameters: {'w0': 0.17200000000000001, 'w1': 0.917, 'w2': 0.166, 'w3': 0.418, 'w4': 0.328, 'w5': 0.8170000000000001, 'w6': 0.332, 'w7': 0.114, 'w8': 0.852, 'max_depth': 8, 'min_child_weight': 16, 'subsample': 0.8, 'colsample_bytree': 0.9000000000000001, 'gamma': 1.0}. Best is trial 1267 with value: 0.5099314743075365.
[I 2023-10-20 16:53:00,557] Trial 1911 finished with value: 0.4824065171139338 and parameters: {'w0': 0.17500000000000002, 'w1': 0.9600000000000001, 'w2': 0.179, 'w3': 0.377, 'w4': 0.842, 'w5': 0.97, 'w6': 0.325, 'w7': 0.108, 'w8': 0.292, 'max_depth': 7, 'min_child_weight': 18, 'subsample': 0.8, 'colsample_bytree': 0.9000000000000001, 'gamma': 1.0}. Best is trial 1267 with value: 0.5099314743075365.
[I 2023-10-20 16:53:05,034] Trial 1904 finished with value: 0.48270250238121415 and parameters: {'w0': 0.735, 'w1': 0.914, 'w2': 0.17300000000000001, 'w3': 0.374, 'w4': 0.9500000000000001, 'w5': 0.9560000000000001, 'w6': 0.258, 'w7': 0.111, 'w8': 0.8190000000000001, 'max_depth': 8, 'min_child_weight': 16, 'subsample': 0.8, 'colsample_bytree': 0.9000000000000001, 'gamma': 0.0}. Best is trial 1267 with value: 0.5099314743075365.
[I 2023-10-20 16:54:00,565] Trial 1906 finished with value: 0.5009065261496208 and parameters: {'w0': 0.17400000000000002, 'w1': 0.917, 'w2': 0.17500000000000002, 'w3': 0.534, 'w4': 0.9490000000000001, 'w5': 0.9580000000000001, 'w6': 0.252, 'w7': 0.113, 'w8': 0.683, 'max_depth': 7, 'min_child_weight': 16, 'subsample': 0.8, 'colsample_bytree': 0.9000000000000001, 'gamma': 0.0}. Best is trial 1267 with value: 0.5099314743075365.
[I 2023-10-20 16:54:03,582] Trial 1905 finished with value: 0.49929392098028935 and parameters: {'w0': 0.17200000000000001, 'w1': 1.0, 'w2': 0.177, 'w3': 0.377, 'w4': 0.9480000000000001, 'w5': 0.9490000000000001, 'w6': 0.253, 'w7': 0.113, 'w8': 0.684, 'max_depth': 8, 'min_child_weight': 16, 'subsample': 0.5, 'colsample_bytree': 0.9000000000000001, 'gamma': 0.0}. Best is trial 1267 with value: 0.5099314743075365.
[I 2023-10-20 16:54:05,532] Trial 1908 finished with value: 0.49835910039746945 and parameters: {'w0': 0.169, 'w1': 0.9570000000000001, 'w2': 0.179, 'w3': 0.378, 'w4': 0.929, 'w5': 0.964, 'w6': 0.257, 'w7': 0.114, 'w8': 0.851, 'max_depth': 8, 'min_child_weight': 16, 'subsample': 0.8, 'colsample_bytree': 0.9000000000000001, 'gamma': 0.8}. Best is trial 1267 with value: 0.5099314743075365.
[I 2023-10-20 16:54:06,403] Trial 1910 finished with value: 0.4967770932501712 and parameters: {'w0': 0.17600000000000002, 'w1': 0.961, 'w2': 0.177, 'w3': 0.378, 'w4': 0.839, 'w5': 0.969, 'w6': 0.263, 'w7': 0.112, 'w8': 0.8210000000000001, 'max_depth': 7, 'min_child_weight': 16, 'subsample': 0.8, 'colsample_bytree': 0.9000000000000001, 'gamma': 0.8}. Best is trial 1267 with value: 0.5099314743075365.
[I 2023-10-20 16:54:16,418] Trial 1916 finished with value: 0.38530460400265193 and parameters: {'w0': 0.73, 'w1': 0.39, 'w2': 0.156, 'w3': 0.377, 'w4': 0.8330000000000001, 'w5': 0.975, 'w6': 0.259, 'w7': 0.113, 'w8': 0.8190000000000001, 'max_depth': 7, 'min_child_weight': 18, 'subsample': 0.8, 'colsample_bytree': 0.9000000000000001, 'gamma': 8.8}. Best is trial 1267 with value: 0.5099314743075365.
[I 2023-10-20 16:54:32,809] Trial 1907 finished with value: 0.4878391810711869 and parameters: {'w0': 0.462, 'w1': 0.914, 'w2': 0.177, 'w3': 0.533, 'w4': 0.932, 'w5': 0.961, 'w6': 0.246, 'w7': 0.112, 'w8': 0.852, 'max_depth': 7, 'min_child_weight': 16, 'subsample': 0.8, 'colsample_bytree': 0.9000000000000001, 'gamma': 0.8}. Best is trial 1267 with value: 0.5099314743075365.
[I 2023-10-20 16:56:45,585] Trial 1912 finished with value: 0.4901956427608968 and parameters: {'w0': 0.17200000000000001, 'w1': 0.864, 'w2': 0.17600000000000002, 'w3': 0.53, 'w4': 0.932, 'w5': 0.8220000000000001, 'w6': 0.258, 'w7': 0.111, 'w8': 0.47700000000000004, 'max_depth': 8, 'min_child_weight': 18, 'subsample': 0.5, 'colsample_bytree': 0.9000000000000001, 'gamma': 0.8}. Best is trial 1267 with value: 0.5099314743075365.
[I 2023-10-20 16:59:49,433] Trial 1914 finished with value: 0.500711336480628 and parameters: {'w0': 0.17400000000000002, 'w1': 0.9570000000000001, 'w2': 0.16, 'w3': 0.426, 'w4': 0.927, 'w5': 0.8180000000000001, 'w6': 0.249, 'w7': 0.113, 'w8': 0.877, 'max_depth': 7, 'min_child_weight': 18, 'subsample': 0.8, 'colsample_bytree': 0.9000000000000001, 'gamma': 0.8}. Best is trial 1267 with value: 0.5099314743075365.
[I 2023-10-20 16:59:57,106] Trial 1927 finished with value: 0.4733242521649069 and parameters: {'w0': 0.17600000000000002, 'w1': 0.864, 'w2': 0.153, 'w3': 0.129, 'w4': 0.919, 'w5': 0.981, 'w6': 0.212, 'w7': 0.139, 'w8': 0.811, 'max_depth': 8, 'min_child_weight': 18, 'subsample': 0.8, 'colsample_bytree': 0.8, 'gamma': 4.4}. Best is trial 1267 with value: 0.5099314743075365.
[I 2023-10-20 17:01:18,249] Trial 1913 finished with value: 0.4828993559392409 and parameters: {'w0': 0.166, 'w1': 0.861, 'w2': 0.17600000000000002, 'w3': 0.107, 'w4': 0.928, 'w5': 0.8150000000000001, 'w6': 0.259, 'w7': 0.109, 'w8': 0.8210000000000001, 'max_depth': 8, 'min_child_weight': 18, 'subsample': 0.5, 'colsample_bytree': 0.9000000000000001, 'gamma': 0.8}. Best is trial 1267 with value: 0.5099314743075365.
