[I 2023-10-21 02:23:54,989] Trial 585 finished with value: 0.40883013362053433 and parameters: {'w0': 0.516, 'w1': 0.906, 'w2': 0.422, 'w3': 0.5700000000000001, 'w4': 0.995, 'w5': 0.47600000000000003, 'w6': 0.886, 'w7': 0.242, 'w8': 0.9410000000000001, 'max_depth': 10, 'min_child_weight': 6, 'subsample': 0.4, 'colsample_bytree': 0.9000000000000001, 'gamma': 0.8}. Best is trial 571 with value: 0.4128633390258784.
[I 2023-10-21 02:29:24,394] Trial 587 finished with value: 0.41195228641500625 and parameters: {'w0': 0.17500000000000002, 'w1': 0.904, 'w2': 0.40900000000000003, 'w3': 0.5650000000000001, 'w4': 0.992, 'w5': 0.524, 'w6': 0.884, 'w7': 0.231, 'w8': 0.937, 'max_depth': 10, 'min_child_weight': 6, 'subsample': 0.4, 'colsample_bytree': 0.9000000000000001, 'gamma': 0.6000000000000001}. Best is trial 571 with value: 0.4128633390258784.
[I 2023-10-21 02:29:24,889] Trial 586 finished with value: 0.40713473696522684 and parameters: {'w0': 0.506, 'w1': 0.892, 'w2': 0.433, 'w3': 0.555, 'w4': 1.0, 'w5': 0.494, 'w6': 0.888, 'w7': 0.23500000000000001, 'w8': 0.9410000000000001, 'max_depth': 10, 'min_child_weight': 6, 'subsample': 0.4, 'colsample_bytree': 0.9000000000000001, 'gamma': 0.8}. Best is trial 571 with value: 0.4128633390258784.
[I 2023-10-21 02:29:55,396] Trial 588 finished with value: 0.4086019716923824 and parameters: {'w0': 0.165, 'w1': 0.905, 'w2': 0.465, 'w3': 0.5630000000000001, 'w4': 0.997, 'w5': 0.494, 'w6': 0.884, 'w7': 0.221, 'w8': 0.937, 'max_depth': 10, 'min_child_weight': 6, 'subsample': 0.4, 'colsample_bytree': 0.8, 'gamma': 0.6000000000000001}. Best is trial 571 with value: 0.4128633390258784.
[I 2023-10-21 02:30:18,096] Trial 590 finished with value: 0.37336716690986865 and parameters: {'w0': 0.501, 'w1': 0.925, 'w2': 0.41700000000000004, 'w3': 0.5640000000000001, 'w4': 0.997, 'w5': 0.499, 'w6': 0.052000000000000005, 'w7': 0.233, 'w8': 0.9440000000000001, 'max_depth': 10, 'min_child_weight': 6, 'subsample': 0.4, 'colsample_bytree': 0.8, 'gamma': 0.6000000000000001}. Best is trial 571 with value: 0.4128633390258784.
[I 2023-10-21 02:31:03,987] Trial 589 finished with value: 0.40901806110800293 and parameters: {'w0': 0.499, 'w1': 0.913, 'w2': 0.438, 'w3': 0.557, 'w4': 0.991, 'w5': 0.47100000000000003, 'w6': 0.888, 'w7': 0.221, 'w8': 0.9380000000000001, 'max_depth': 10, 'min_child_weight': 6, 'subsample': 0.4, 'colsample_bytree': 0.8, 'gamma': 0.8}. Best is trial 571 with value: 0.4128633390258784.
[I 2023-10-21 02:31:58,760] Trial 591 finished with value: 0.4098805823374181 and parameters: {'w0': 0.495, 'w1': 0.926, 'w2': 0.428, 'w3': 0.5760000000000001, 'w4': 0.995, 'w5': 0.47800000000000004, 'w6': 0.881, 'w7': 0.249, 'w8': 0.9450000000000001, 'max_depth': 10, 'min_child_weight': 6, 'subsample': 0.4, 'colsample_bytree': 0.8, 'gamma': 0.6000000000000001}. Best is trial 571 with value: 0.4128633390258784.
[I 2023-10-21 02:33:06,178] Trial 592 finished with value: 0.3981304151371692 and parameters: {'w0': 0.549, 'w1': 0.928, 'w2': 0.422, 'w3': 0.578, 'w4': 0.993, 'w5': 0.48000000000000004, 'w6': 0.23800000000000002, 'w7': 0.23800000000000002, 'w8': 0.9440000000000001, 'max_depth': 10, 'min_child_weight': 6, 'subsample': 0.4, 'colsample_bytree': 0.8, 'gamma': 0.6000000000000001}. Best is trial 571 with value: 0.4128633390258784.
[I 2023-10-21 02:33:43,548] Trial 593 finished with value: 0.4077472966625713 and parameters: {'w0': 0.562, 'w1': 0.903, 'w2': 0.443, 'w3': 0.557, 'w4': 0.99, 'w5': 0.481, 'w6': 0.859, 'w7': 0.251, 'w8': 0.9440000000000001, 'max_depth': 10, 'min_child_weight': 6, 'subsample': 0.4, 'colsample_bytree': 0.9000000000000001, 'gamma': 0.6000000000000001}. Best is trial 571 with value: 0.4128633390258784.
[I 2023-10-21 02:34:22,139] Trial 594 finished with value: 0.409370694326606 and parameters: {'w0': 0.133, 'w1': 0.929, 'w2': 0.42, 'w3': 0.579, 'w4': 0.994, 'w5': 0.47400000000000003, 'w6': 0.857, 'w7': 0.249, 'w8': 0.9450000000000001, 'max_depth': 10, 'min_child_weight': 4, 'subsample': 0.4, 'colsample_bytree': 0.9000000000000001, 'gamma': 0.6000000000000001}. Best is trial 571 with value: 0.4128633390258784.
[I 2023-10-21 02:35:23,313] Trial 595 finished with value: 0.40772443484878557 and parameters: {'w0': 0.55, 'w1': 0.933, 'w2': 0.43, 'w3': 0.5770000000000001, 'w4': 0.999, 'w5': 0.47000000000000003, 'w6': 0.419, 'w7': 0.26, 'w8': 0.9450000000000001, 'max_depth': 10, 'min_child_weight': 4, 'subsample': 0.4, 'colsample_bytree': 0.9000000000000001, 'gamma': 0.6000000000000001}. Best is trial 571 with value: 0.4128633390258784.
[I 2023-10-21 02:35:59,396] Trial 597 finished with value: 0.40869981110911935 and parameters: {'w0': 0.156, 'w1': 0.932, 'w2': 0.422, 'w3': 0.5770000000000001, 'w4': 0.999, 'w5': 0.465, 'w6': 0.925, 'w7': 0.244, 'w8': 0.9450000000000001, 'max_depth': 10, 'min_child_weight': 4, 'subsample': 0.4, 'colsample_bytree': 0.9000000000000001, 'gamma': 0.8}. Best is trial 571 with value: 0.4128633390258784.
[I 2023-10-21 02:36:08,495] Trial 596 finished with value: 0.410731846403826 and parameters: {'w0': 0.561, 'w1': 0.931, 'w2': 0.448, 'w3': 0.5770000000000001, 'w4': 1.0, 'w5': 0.462, 'w6': 0.893, 'w7': 0.242, 'w8': 0.9410000000000001, 'max_depth': 10, 'min_child_weight': 4, 'subsample': 0.4, 'colsample_bytree': 0.9000000000000001, 'gamma': 0.6000000000000001}. Best is trial 571 with value: 0.4128633390258784.
[I 2023-10-21 02:40:55,181] Trial 599 finished with value: 0.40544666330569956 and parameters: {'w0': 0.127, 'w1': 0.972, 'w2': 0.441, 'w3': 0.642, 'w4': 0.978, 'w5': 0.499, 'w6': 0.924, 'w7': 0.251, 'w8': 0.9530000000000001, 'max_depth': 10, 'min_child_weight': 4, 'subsample': 0.4, 'colsample_bytree': 0.9000000000000001, 'gamma': 0.6000000000000001}. Best is trial 571 with value: 0.4128633390258784.
[I 2023-10-21 02:41:10,665] Trial 598 finished with value: 0.40918272998785604 and parameters: {'w0': 0.558, 'w1': 0.964, 'w2': 0.41400000000000003, 'w3': 0.579, 'w4': 1.0, 'w5': 0.47700000000000004, 'w6': 0.92, 'w7': 0.244, 'w8': 0.9450000000000001, 'max_depth': 10, 'min_child_weight': 4, 'subsample': 0.4, 'colsample_bytree': 0.9000000000000001, 'gamma': 0.4}. Best is trial 571 with value: 0.4128633390258784.
[I 2023-10-21 02:41:12,525] Trial 600 finished with value: 0.4121990422024245 and parameters: {'w0': 0.539, 'w1': 0.9390000000000001, 'w2': 0.419, 'w3': 0.5640000000000001, 'w4': 0.978, 'w5': 0.47900000000000004, 'w6': 0.922, 'w7': 0.251, 'w8': 0.9460000000000001, 'max_depth': 10, 'min_child_weight': 6, 'subsample': 0.4, 'colsample_bytree': 0.9000000000000001, 'gamma': 0.4}. Best is trial 571 with value: 0.4128633390258784.
[I 2023-10-21 02:44:27,485] Trial 601 finished with value: 0.40677751683986846 and parameters: {'w0': 0.546, 'w1': 0.971, 'w2': 0.443, 'w3': 0.578, 'w4': 0.976, 'w5': 0.507, 'w6': 0.919, 'w7': 0.247, 'w8': 0.9510000000000001, 'max_depth': 10, 'min_child_weight': 4, 'subsample': 0.4, 'colsample_bytree': 0.9000000000000001, 'gamma': 0.6000000000000001}. Best is trial 571 with value: 0.4128633390258784.
[I 2023-10-21 02:49:02,468] Trial 603 finished with value: 0.4104017529953972 and parameters: {'w0': 0.146, 'w1': 0.968, 'w2': 0.41000000000000003, 'w3': 0.638, 'w4': 0.976, 'w5': 0.467, 'w6': 0.921, 'w7': 0.242, 'w8': 0.9460000000000001, 'max_depth': 10, 'min_child_weight': 4, 'subsample': 0.4, 'colsample_bytree': 0.8, 'gamma': 0.4}. Best is trial 571 with value: 0.4128633390258784.
[I 2023-10-21 02:49:27,882] Trial 602 finished with value: 0.4000505629985143 and parameters: {'w0': 0.543, 'w1': 0.923, 'w2': 0.431, 'w3': 0.639, 'w4': 0.98, 'w5': 0.47300000000000003, 'w6': 0.257, 'w7': 0.248, 'w8': 0.9440000000000001, 'max_depth': 10, 'min_child_weight': 4, 'subsample': 0.4, 'colsample_bytree': 0.9000000000000001, 'gamma': 0.6000000000000001}. Best is trial 571 with value: 0.4128633390258784.
[I 2023-10-21 02:50:35,343] Trial 605 finished with value: 0.40725335631555076 and parameters: {'w0': 0.153, 'w1': 0.9410000000000001, 'w2': 0.41100000000000003, 'w3': 0.586, 'w4': 0.974, 'w5': 0.459, 'w6': 0.935, 'w7': 0.302, 'w8': 0.915, 'max_depth': 10, 'min_child_weight': 4, 'subsample': 0.4, 'colsample_bytree': 0.9000000000000001, 'gamma': 0.4}. Best is trial 571 with value: 0.4128633390258784.
[I 2023-10-21 02:50:35,768] Trial 604 finished with value: 0.40807853358408214 and parameters: {'w0': 0.139, 'w1': 0.9560000000000001, 'w2': 0.41000000000000003, 'w3': 0.584, 'w4': 0.975, 'w5': 0.497, 'w6': 0.92, 'w7': 0.301, 'w8': 0.9500000000000001, 'max_depth': 10, 'min_child_weight': 4, 'subsample': 0.4, 'colsample_bytree': 0.9000000000000001, 'gamma': 0.2}. Best is trial 571 with value: 0.4128633390258784.
[I 2023-10-21 02:51:18,982] Trial 606 finished with value: 0.4114106822105943 and parameters: {'w0': 0.179, 'w1': 0.932, 'w2': 0.429, 'w3': 0.585, 'w4': 0.975, 'w5': 0.481, 'w6': 0.93, 'w7': 0.246, 'w8': 0.916, 'max_depth': 10, 'min_child_weight': 4, 'subsample': 0.4, 'colsample_bytree': 0.9000000000000001, 'gamma': 0.6000000000000001}. Best is trial 571 with value: 0.4128633390258784.
[I 2023-10-21 02:51:55,438] Trial 607 finished with value: 0.4084751675864118 and parameters: {'w0': 0.481, 'w1': 0.967, 'w2': 0.406, 'w3': 0.583, 'w4': 0.974, 'w5': 0.47200000000000003, 'w6': 0.928, 'w7': 0.251, 'w8': 0.9520000000000001, 'max_depth': 10, 'min_child_weight': 4, 'subsample': 0.4, 'colsample_bytree': 0.8, 'gamma': 0.4}. Best is trial 571 with value: 0.4128633390258784.
[I 2023-10-21 02:53:04,170] Trial 610 finished with value: 0.4028446270341174 and parameters: {'w0': 0.11800000000000001, 'w1': 0.9570000000000001, 'w2': 0.398, 'w3': 0.621, 'w4': 0.9550000000000001, 'w5': 0.493, 'w6': 0.924, 'w7': 0.301, 'w8': 0.918, 'max_depth': 10, 'min_child_weight': 4, 'subsample': 0.4, 'colsample_bytree': 0.8, 'gamma': 0.8}. Best is trial 571 with value: 0.4128633390258784.
[I 2023-10-21 02:53:33,689] Trial 609 finished with value: 0.4086732089142997 and parameters: {'w0': 0.18, 'w1': 0.9380000000000001, 'w2': 0.404, 'w3': 0.618, 'w4': 0.972, 'w5': 0.435, 'w6': 0.92, 'w7': 0.301, 'w8': 0.9490000000000001, 'max_depth': 10, 'min_child_weight': 4, 'subsample': 0.4, 'colsample_bytree': 0.8, 'gamma': 0.2}. Best is trial 571 with value: 0.4128633390258784.
[I 2023-10-21 02:53:36,288] Trial 608 finished with value: 0.407039509318159 and parameters: {'w0': 0.128, 'w1': 0.978, 'w2': 0.428, 'w3': 0.631, 'w4': 0.971, 'w5': 0.47600000000000003, 'w6': 0.928, 'w7': 0.307, 'w8': 0.9500000000000001, 'max_depth': 10, 'min_child_weight': 4, 'subsample': 0.4, 'colsample_bytree': 0.8, 'gamma': 0.2}. Best is trial 571 with value: 0.4128633390258784.
[I 2023-10-21 02:55:09,985] Trial 612 finished with value: 0.40901266228982647 and parameters: {'w0': 0.536, 'w1': 0.9560000000000001, 'w2': 0.4, 'w3': 0.624, 'w4': 0.961, 'w5': 0.444, 'w6': 0.916, 'w7': 0.302, 'w8': 0.914, 'max_depth': 10, 'min_child_weight': 6, 'subsample': 0.4, 'colsample_bytree': 0.8, 'gamma': 0.2}. Best is trial 571 with value: 0.4128633390258784.
[I 2023-10-21 02:55:40,025] Trial 611 finished with value: 0.41040066337437897 and parameters: {'w0': 0.192, 'w1': 0.969, 'w2': 0.4, 'w3': 0.583, 'w4': 0.9520000000000001, 'w5': 0.488, 'w6': 0.93, 'w7': 0.303, 'w8': 0.913, 'max_depth': 10, 'min_child_weight': 4, 'subsample': 0.4, 'colsample_bytree': 0.8, 'gamma': 0.2}. Best is trial 571 with value: 0.4128633390258784.
[I 2023-10-21 02:56:37,026] Trial 613 finished with value: 0.4107003043582023 and parameters: {'w0': 0.193, 'w1': 0.9410000000000001, 'w2': 0.399, 'w3': 0.625, 'w4': 0.972, 'w5': 0.495, 'w6': 0.927, 'w7': 0.299, 'w8': 0.914, 'max_depth': 10, 'min_child_weight': 4, 'subsample': 0.4, 'colsample_bytree': 0.8, 'gamma': 0.2}. Best is trial 571 with value: 0.4128633390258784.
[I 2023-10-21 02:58:51,396] Trial 616 finished with value: 0.3932411881046419 and parameters: {'w0': 0.079, 'w1': 0.961, 'w2': 0.396, 'w3': 0.5750000000000001, 'w4': 0.9510000000000001, 'w5': 0.442, 'w6': 0.93, 'w7': 0.198, 'w8': 0.913, 'max_depth': 10, 'min_child_weight': 4, 'subsample': 0.4, 'colsample_bytree': 0.8, 'gamma': 0.8}. Best is trial 571 with value: 0.4128633390258784.
[I 2023-10-21 03:01:34,021] Trial 614 finished with value: 0.4088073642141088 and parameters: {'w0': 0.537, 'w1': 0.9410000000000001, 'w2': 0.406, 'w3': 0.59, 'w4': 0.9530000000000001, 'w5': 0.438, 'w6': 0.931, 'w7': 0.3, 'w8': 0.919, 'max_depth': 10, 'min_child_weight': 4, 'subsample': 0.4, 'colsample_bytree': 0.8, 'gamma': 0.2}. Best is trial 571 with value: 0.4128633390258784.
[I 2023-10-21 03:02:12,524] Trial 615 finished with value: 0.40680702668154956 and parameters: {'w0': 0.538, 'w1': 0.9600000000000001, 'w2': 0.391, 'w3': 0.634, 'w4': 0.9540000000000001, 'w5': 0.437, 'w6': 0.92, 'w7': 0.306, 'w8': 0.918, 'max_depth': 10, 'min_child_weight': 4, 'subsample': 0.4, 'colsample_bytree': 0.8, 'gamma': 0.2}. Best is trial 571 with value: 0.4128633390258784.
[I 2023-10-21 03:04:32,450] Trial 617 finished with value: 0.40280937026768776 and parameters: {'w0': 0.093, 'w1': 0.9530000000000001, 'w2': 0.401, 'w3': 0.592, 'w4': 0.9490000000000001, 'w5': 0.45, 'w6': 0.934, 'w7': 0.301, 'w8': 0.918, 'max_depth': 10, 'min_child_weight': 4, 'subsample': 0.4, 'colsample_bytree': 0.8, 'gamma': 0.2}. Best is trial 571 with value: 0.4128633390258784.
[I 2023-10-21 03:07:39,398] Trial 619 finished with value: 0.36282056436461785 and parameters: {'w0': 0.08, 'w1': 0.9490000000000001, 'w2': 0.397, 'w3': 0.676, 'w4': 0.9550000000000001, 'w5': 0.428, 'w6': 0.936, 'w7': 0.178, 'w8': 0.001, 'max_depth': 10, 'min_child_weight': 4, 'subsample': 0.4, 'colsample_bytree': 0.8, 'gamma': 0.2}. Best is trial 571 with value: 0.4128633390258784.
[I 2023-10-21 03:09:05,710] Trial 618 finished with value: 0.40782453920658757 and parameters: {'w0': 0.151, 'w1': 0.9560000000000001, 'w2': 0.388, 'w3': 0.635, 'w4': 0.9450000000000001, 'w5': 0.454, 'w6': 0.934, 'w7': 0.307, 'w8': 0.92, 'max_depth': 10, 'min_child_weight': 4, 'subsample': 0.4, 'colsample_bytree': 0.8, 'gamma': 0.2}. Best is trial 571 with value: 0.4128633390258784.
[I 2023-10-21 03:10:45,853] Trial 620 finished with value: 0.41707743528659197 and parameters: {'w0': 0.20600000000000002, 'w1': 0.967, 'w2': 0.4, 'w3': 0.665, 'w4': 0.9490000000000001, 'w5': 0.449, 'w6': 0.934, 'w7': 0.20700000000000002, 'w8': 0.914, 'max_depth': 10, 'min_child_weight': 4, 'subsample': 0.4, 'colsample_bytree': 0.8, 'gamma': 0.2}. Best is trial 620 with value: 0.41707743528659197.
[I 2023-10-21 03:10:50,102] Trial 621 finished with value: 0.4096012560294409 and parameters: {'w0': 0.182, 'w1': 0.964, 'w2': 0.392, 'w3': 0.673, 'w4': 0.9550000000000001, 'w5': 0.448, 'w6': 0.923, 'w7': 0.183, 'w8': 0.912, 'max_depth': 10, 'min_child_weight': 4, 'subsample': 0.4, 'colsample_bytree': 0.8, 'gamma': 0.2}. Best is trial 620 with value: 0.41707743528659197.
[I 2023-10-21 03:11:31,163] Trial 622 finished with value: 0.4110195217415433 and parameters: {'w0': 0.194, 'w1': 0.978, 'w2': 0.39, 'w3': 0.623, 'w4': 0.963, 'w5': 0.462, 'w6': 0.931, 'w7': 0.17200000000000001, 'w8': 0.915, 'max_depth': 10, 'min_child_weight': 4, 'subsample': 0.4, 'colsample_bytree': 0.8, 'gamma': 0.2}. Best is trial 620 with value: 0.41707743528659197.
[I 2023-10-21 03:12:10,048] Trial 623 finished with value: 0.4022618495128933 and parameters: {'w0': 0.074, 'w1': 0.992, 'w2': 0.395, 'w3': 0.612, 'w4': 0.9510000000000001, 'w5': 0.447, 'w6': 0.928, 'w7': 0.17500000000000002, 'w8': 0.914, 'max_depth': 10, 'min_child_weight': 2, 'subsample': 0.4, 'colsample_bytree': 0.8, 'gamma': 0.4}. Best is trial 620 with value: 0.41707743528659197.
[I 2023-10-21 03:12:52,301] Trial 625 finished with value: 0.40478392872167634 and parameters: {'w0': 0.08600000000000001, 'w1': 0.98, 'w2': 0.386, 'w3': 0.615, 'w4': 0.9390000000000001, 'w5': 0.438, 'w6': 0.9410000000000001, 'w7': 0.155, 'w8': 0.914, 'max_depth': 10, 'min_child_weight': 4, 'subsample': 0.4, 'colsample_bytree': 0.8, 'gamma': 0.2}. Best is trial 620 with value: 0.41707743528659197.
[I 2023-10-21 03:13:10,513] Trial 624 finished with value: 0.4093470975710602 and parameters: {'w0': 0.20400000000000001, 'w1': 0.975, 'w2': 0.379, 'w3': 0.675, 'w4': 0.9470000000000001, 'w5': 0.43, 'w6': 0.937, 'w7': 0.271, 'w8': 0.915, 'max_depth': 10, 'min_child_weight': 4, 'subsample': 0.4, 'colsample_bytree': 0.8, 'gamma': 0.0}. Best is trial 620 with value: 0.41707743528659197.
[I 2023-10-21 03:13:38,691] Trial 626 finished with value: 0.4018005468475316 and parameters: {'w0': 0.07300000000000001, 'w1': 0.9400000000000001, 'w2': 0.401, 'w3': 0.68, 'w4': 0.9430000000000001, 'w5': 0.436, 'w6': 0.995, 'w7': 0.194, 'w8': 0.921, 'max_depth': 10, 'min_child_weight': 4, 'subsample': 0.4, 'colsample_bytree': 0.8, 'gamma': 0.0}. Best is trial 620 with value: 0.41707743528659197.
[I 2023-10-21 03:14:56,005] Trial 627 finished with value: 0.39863785237789623 and parameters: {'w0': 0.097, 'w1': 0.996, 'w2': 0.385, 'w3': 0.583, 'w4': 0.9430000000000001, 'w5': 0.448, 'w6': 0.361, 'w7': 0.279, 'w8': 0.919, 'max_depth': 10, 'min_child_weight': 4, 'subsample': 0.4, 'colsample_bytree': 0.8, 'gamma': 0.0}. Best is trial 620 with value: 0.41707743528659197.
[I 2023-10-21 03:16:06,207] Trial 628 finished with value: 0.4110002251553794 and parameters: {'w0': 0.194, 'w1': 1.0, 'w2': 0.391, 'w3': 0.671, 'w4': 0.9590000000000001, 'w5': 0.453, 'w6': 0.9440000000000001, 'w7': 0.198, 'w8': 0.921, 'max_depth': 10, 'min_child_weight': 4, 'subsample': 0.4, 'colsample_bytree': 0.8, 'gamma': 0.0}. Best is trial 620 with value: 0.41707743528659197.
[I 2023-10-21 03:19:39,856] Trial 629 finished with value: 0.4091274224725706 and parameters: {'w0': 0.217, 'w1': 0.983, 'w2': 0.38, 'w3': 0.6950000000000001, 'w4': 0.9450000000000001, 'w5': 0.446, 'w6': 0.977, 'w7': 0.273, 'w8': 0.913, 'max_depth': 10, 'min_child_weight': 2, 'subsample': 0.4, 'colsample_bytree': 0.8, 'gamma': 0.0}. Best is trial 620 with value: 0.41707743528659197.
[I 2023-10-21 03:20:56,010] Trial 630 finished with value: 0.4113092332058686 and parameters: {'w0': 0.182, 'w1': 0.981, 'w2': 0.384, 'w3': 0.643, 'w4': 0.9520000000000001, 'w5': 0.458, 'w6': 0.9430000000000001, 'w7': 0.156, 'w8': 0.916, 'max_depth': 10, 'min_child_weight': 2, 'subsample': 0.4, 'colsample_bytree': 0.8, 'gamma': 0.0}. Best is trial 620 with value: 0.41707743528659197.
[I 2023-10-21 03:21:50,508] Trial 631 finished with value: 0.41460700897840674 and parameters: {'w0': 0.199, 'w1': 0.995, 'w2': 0.374, 'w3': 0.628, 'w4': 0.9440000000000001, 'w5': 0.451, 'w6': 0.982, 'w7': 0.178, 'w8': 0.916, 'max_depth': 10, 'min_child_weight': 4, 'subsample': 0.4, 'colsample_bytree': 0.8, 'gamma': 0.0}. Best is trial 620 with value: 0.41707743528659197.
[I 2023-10-21 03:25:09,956] Trial 632 finished with value: 0.40945890771040483 and parameters: {'w0': 0.197, 'w1': 0.983, 'w2': 0.389, 'w3': 0.675, 'w4': 0.9440000000000001, 'w5': 0.445, 'w6': 0.982, 'w7': 0.266, 'w8': 0.919, 'max_depth': 10, 'min_child_weight': 2, 'subsample': 0.4, 'colsample_bytree': 0.8, 'gamma': 0.0}. Best is trial 620 with value: 0.41707743528659197.
[I 2023-10-21 03:27:30,437] Trial 633 finished with value: 0.40899405877873524 and parameters: {'w0': 0.2, 'w1': 0.994, 'w2': 0.361, 'w3': 0.667, 'w4': 0.936, 'w5': 0.462, 'w6': 0.975, 'w7': 0.273, 'w8': 0.913, 'max_depth': 10, 'min_child_weight': 2, 'subsample': 0.4, 'colsample_bytree': 0.8, 'gamma': 0.0}. Best is trial 620 with value: 0.41707743528659197.
[I 2023-10-21 03:29:02,064] Trial 635 finished with value: 0.40976484035585714 and parameters: {'w0': 0.17600000000000002, 'w1': 0.982, 'w2': 0.381, 'w3': 0.609, 'w4': 0.965, 'w5': 0.502, 'w6': 0.987, 'w7': 0.27, 'w8': 0.914, 'max_depth': 10, 'min_child_weight': 4, 'subsample': 0.4, 'colsample_bytree': 0.8, 'gamma': 0.4}. Best is trial 620 with value: 0.41707743528659197.
[I 2023-10-21 03:29:38,892] Trial 634 finished with value: 0.4078507938492099 and parameters: {'w0': 0.182, 'w1': 0.999, 'w2': 0.385, 'w3': 0.61, 'w4': 0.9380000000000001, 'w5': 0.454, 'w6': 0.976, 'w7': 0.27, 'w8': 0.916, 'max_depth': 10, 'min_child_weight': 2, 'subsample': 0.4, 'colsample_bytree': 0.8, 'gamma': 0.4}. Best is trial 620 with value: 0.41707743528659197.
[I 2023-10-21 03:33:23,900] Trial 639 finished with value: 0.4090465707209413 and parameters: {'w0': 0.211, 'w1': 0.9380000000000001, 'w2': 0.378, 'w3': 0.621, 'w4': 0.974, 'w5': 0.399, 'w6': 0.982, 'w7': 0.158, 'w8': 0.916, 'max_depth': 10, 'min_child_weight': 2, 'subsample': 0.4, 'colsample_bytree': 0.8, 'gamma': 0.4}. Best is trial 620 with value: 0.41707743528659197.
[I 2023-10-21 03:33:33,310] Trial 636 finished with value: 0.4102807338734204 and parameters: {'w0': 0.185, 'w1': 0.977, 'w2': 0.367, 'w3': 0.646, 'w4': 0.9430000000000001, 'w5': 0.452, 'w6': 0.9480000000000001, 'w7': 0.198, 'w8': 0.915, 'max_depth': 10, 'min_child_weight': 2, 'subsample': 0.4, 'colsample_bytree': 0.8, 'gamma': 0.0}. Best is trial 620 with value: 0.41707743528659197.
[I 2023-10-21 03:33:52,147] Trial 637 finished with value: 0.4076535797446838 and parameters: {'w0': 0.157, 'w1': 1.0, 'w2': 0.388, 'w3': 0.663, 'w4': 0.9420000000000001, 'w5': 0.487, 'w6': 0.9500000000000001, 'w7': 0.272, 'w8': 0.911, 'max_depth': 10, 'min_child_weight': 2, 'subsample': 0.4, 'colsample_bytree': 0.8, 'gamma': 0.0}. Best is trial 620 with value: 0.41707743528659197.
[I 2023-10-21 03:34:14,531] Trial 638 finished with value: 0.40808869435832057 and parameters: {'w0': 0.201, 'w1': 0.98, 'w2': 0.381, 'w3': 0.66, 'w4': 0.969, 'w5': 0.41400000000000003, 'w6': 0.97, 'w7': 0.14400000000000002, 'w8': 0.908, 'max_depth': 10, 'min_child_weight': 2, 'subsample': 0.4, 'colsample_bytree': 0.8, 'gamma': 0.0}. Best is trial 620 with value: 0.41707743528659197.
