[I 2023-10-19 09:07:12,932] Trial 1687 finished with value: 0.40759761645816717 and parameters: {'w0': 0.166, 'w1': 0.9410000000000001, 'w2': 0.11800000000000001, 'w3': 0.266, 'w4': 0.802, 'w5': 0.9400000000000001, 'w6': 0.51, 'w7': 0.517, 'w8': 0.8130000000000001, 'max_depth': 9, 'min_child_weight': 18, 'subsample': 0.9000000000000001, 'colsample_bytree': 0.5, 'gamma': 8.8}. Best is trial 1334 with value: 0.5442704750798081.
[I 2023-10-19 09:07:52,824] Trial 1679 finished with value: 0.5198521762909594 and parameters: {'w0': 0.16, 'w1': 0.931, 'w2': 0.079, 'w3': 0.25, 'w4': 0.798, 'w5': 0.9430000000000001, 'w6': 0.519, 'w7': 0.115, 'w8': 0.842, 'max_depth': 9, 'min_child_weight': 18, 'subsample': 0.9000000000000001, 'colsample_bytree': 0.6000000000000001, 'gamma': 0.8}. Best is trial 1334 with value: 0.5442704750798081.
[I 2023-10-19 09:08:16,616] Trial 1690 finished with value: 0.4234005204305984 and parameters: {'w0': 0.165, 'w1': 0.865, 'w2': 0.117, 'w3': 0.266, 'w4': 0.483, 'w5': 0.906, 'w6': 0.506, 'w7': 0.117, 'w8': 0.8130000000000001, 'max_depth': 9, 'min_child_weight': 18, 'subsample': 0.30000000000000004, 'colsample_bytree': 0.5, 'gamma': 8.8}. Best is trial 1334 with value: 0.5442704750798081.
[I 2023-10-19 09:08:37,296] Trial 1675 finished with value: 0.47855415148488617 and parameters: {'w0': 0.159, 'w1': 0.9380000000000001, 'w2': 0.243, 'w3': 0.23700000000000002, 'w4': 0.191, 'w5': 0.936, 'w6': 0.523, 'w7': 0.484, 'w8': 0.843, 'max_depth': 9, 'min_child_weight': 18, 'subsample': 0.9000000000000001, 'colsample_bytree': 0.6000000000000001, 'gamma': 0.8}. Best is trial 1334 with value: 0.5442704750798081.
[I 2023-10-19 09:10:25,123] Trial 1677 finished with value: 0.516802111971197 and parameters: {'w0': 0.161, 'w1': 0.928, 'w2': 0.085, 'w3': 0.23900000000000002, 'w4': 0.801, 'w5': 0.9430000000000001, 'w6': 0.524, 'w7': 0.043000000000000003, 'w8': 0.858, 'max_depth': 9, 'min_child_weight': 18, 'subsample': 0.9000000000000001, 'colsample_bytree': 0.6000000000000001, 'gamma': 0.4}. Best is trial 1334 with value: 0.5442704750798081.
[I 2023-10-19 09:12:18,955] Trial 1684 finished with value: 0.5390336267402317 and parameters: {'w0': 0.158, 'w1': 1.0, 'w2': 0.12000000000000001, 'w3': 0.24000000000000002, 'w4': 0.797, 'w5': 0.9380000000000001, 'w6': 0.532, 'w7': 0.109, 'w8': 0.8150000000000001, 'max_depth': 9, 'min_child_weight': 6, 'subsample': 0.9000000000000001, 'colsample_bytree': 0.5, 'gamma': 0.4}. Best is trial 1334 with value: 0.5442704750798081.
[I 2023-10-19 09:12:51,202] Trial 1682 finished with value: 0.5391086213296997 and parameters: {'w0': 0.155, 'w1': 0.9410000000000001, 'w2': 0.11800000000000001, 'w3': 0.23600000000000002, 'w4': 0.794, 'w5': 0.9430000000000001, 'w6': 0.525, 'w7': 0.111, 'w8': 0.8140000000000001, 'max_depth': 9, 'min_child_weight': 18, 'subsample': 0.9000000000000001, 'colsample_bytree': 0.5, 'gamma': 0.4}. Best is trial 1334 with value: 0.5442704750798081.
[I 2023-10-19 09:14:10,309] Trial 1685 finished with value: 0.5372916537324566 and parameters: {'w0': 0.165, 'w1': 0.936, 'w2': 0.117, 'w3': 0.259, 'w4': 0.794, 'w5': 0.9410000000000001, 'w6': 0.519, 'w7': 0.11, 'w8': 0.8130000000000001, 'max_depth': 9, 'min_child_weight': 18, 'subsample': 0.9000000000000001, 'colsample_bytree': 0.5, 'gamma': 0.4}. Best is trial 1334 with value: 0.5442704750798081.
[I 2023-10-19 09:14:56,743] Trial 1689 finished with value: 0.517652668763705 and parameters: {'w0': 0.10200000000000001, 'w1': 0.164, 'w2': 0.115, 'w3': 0.264, 'w4': 0.799, 'w5': 0.906, 'w6': 0.506, 'w7': 0.107, 'w8': 0.81, 'max_depth': 9, 'min_child_weight': 18, 'subsample': 0.9000000000000001, 'colsample_bytree': 0.5, 'gamma': 0.4}. Best is trial 1334 with value: 0.5442704750798081.
[I 2023-10-19 09:14:59,721] Trial 1686 finished with value: 0.5367940291675958 and parameters: {'w0': 0.161, 'w1': 0.9390000000000001, 'w2': 0.123, 'w3': 0.257, 'w4': 0.802, 'w5': 0.9480000000000001, 'w6': 0.504, 'w7': 0.109, 'w8': 0.812, 'max_depth': 9, 'min_child_weight': 18, 'subsample': 0.9000000000000001, 'colsample_bytree': 0.5, 'gamma': 0.4}. Best is trial 1334 with value: 0.5442704750798081.
[I 2023-10-19 09:16:50,725] Trial 1697 finished with value: 0.5052429518959434 and parameters: {'w0': 0.096, 'w1': 0.977, 'w2': 0.171, 'w3': 0.261, 'w4': 0.34700000000000003, 'w5': 0.9, 'w6': 0.494, 'w7': 0.131, 'w8': 0.869, 'max_depth': 3, 'min_child_weight': 18, 'subsample': 0.9000000000000001, 'colsample_bytree': 0.6000000000000001, 'gamma': 0.4}. Best is trial 1334 with value: 0.5442704750798081.
[I 2023-10-19 09:17:48,396] Trial 1691 finished with value: 0.5236637771431147 and parameters: {'w0': 0.101, 'w1': 0.864, 'w2': 0.244, 'w3': 0.258, 'w4': 0.783, 'w5': 0.9, 'w6': 0.501, 'w7': 0.109, 'w8': 0.8150000000000001, 'max_depth': 9, 'min_child_weight': 18, 'subsample': 0.9000000000000001, 'colsample_bytree': 0.5, 'gamma': 0.4}. Best is trial 1334 with value: 0.5442704750798081.
[I 2023-10-19 09:18:28,381] Trial 1688 finished with value: 0.5119426346182028 and parameters: {'w0': 0.9510000000000001, 'w1': 0.869, 'w2': 0.116, 'w3': 0.263, 'w4': 0.8, 'w5': 0.9450000000000001, 'w6': 0.506, 'w7': 0.113, 'w8': 0.8140000000000001, 'max_depth': 9, 'min_child_weight': 18, 'subsample': 0.9000000000000001, 'colsample_bytree': 0.5, 'gamma': 0.4}. Best is trial 1334 with value: 0.5442704750798081.
[I 2023-10-19 09:19:06,874] Trial 1693 finished with value: 0.5304556499159275 and parameters: {'w0': 0.092, 'w1': 0.971, 'w2': 0.169, 'w3': 0.267, 'w4': 0.781, 'w5': 0.605, 'w6': 0.499, 'w7': 0.111, 'w8': 0.865, 'max_depth': 9, 'min_child_weight': 18, 'subsample': 0.9000000000000001, 'colsample_bytree': 0.6000000000000001, 'gamma': 0.4}. Best is trial 1334 with value: 0.5442704750798081.
[I 2023-10-19 09:20:38,781] Trial 1692 finished with value: 0.46976895088998966 and parameters: {'w0': 0.095, 'w1': 0.979, 'w2': 0.17300000000000001, 'w3': 0.262, 'w4': 0.784, 'w5': 0.603, 'w6': 0.5, 'w7': 0.767, 'w8': 0.868, 'max_depth': 9, 'min_child_weight': 18, 'subsample': 0.9000000000000001, 'colsample_bytree': 0.5, 'gamma': 0.4}. Best is trial 1334 with value: 0.5442704750798081.
[I 2023-10-19 09:20:56,044] Trial 1695 finished with value: 0.5315296629251854 and parameters: {'w0': 0.108, 'w1': 0.247, 'w2': 0.17200000000000001, 'w3': 0.268, 'w4': 0.782, 'w5': 0.9, 'w6': 0.504, 'w7': 0.132, 'w8': 0.812, 'max_depth': 9, 'min_child_weight': 8, 'subsample': 0.9000000000000001, 'colsample_bytree': 0.6000000000000001, 'gamma': 0.4}. Best is trial 1334 with value: 0.5442704750798081.
[I 2023-10-19 09:21:33,557] Trial 1694 finished with value: 0.5349960047387783 and parameters: {'w0': 0.097, 'w1': 0.871, 'w2': 0.17500000000000002, 'w3': 0.26, 'w4': 0.78, 'w5': 0.908, 'w6': 0.5, 'w7': 0.109, 'w8': 0.81, 'max_depth': 9, 'min_child_weight': 18, 'subsample': 0.9000000000000001, 'colsample_bytree': 0.6000000000000001, 'gamma': 0.4}. Best is trial 1334 with value: 0.5442704750798081.
[I 2023-10-19 09:22:08,257] Trial 1696 finished with value: 0.5332369571021427 and parameters: {'w0': 0.094, 'w1': 0.864, 'w2': 0.17, 'w3': 0.261, 'w4': 0.78, 'w5': 0.899, 'w6': 0.495, 'w7': 0.131, 'w8': 0.867, 'max_depth': 9, 'min_child_weight': 18, 'subsample': 0.9000000000000001, 'colsample_bytree': 0.6000000000000001, 'gamma': 0.4}. Best is trial 1334 with value: 0.5442704750798081.
[I 2023-10-19 09:23:18,927] Trial 1698 finished with value: 0.53448174731981 and parameters: {'w0': 0.113, 'w1': 0.974, 'w2': 0.171, 'w3': 0.267, 'w4': 0.728, 'w5': 0.904, 'w6': 0.547, 'w7': 0.132, 'w8': 0.866, 'max_depth': 9, 'min_child_weight': 18, 'subsample': 0.9000000000000001, 'colsample_bytree': 0.6000000000000001, 'gamma': 0.4}. Best is trial 1334 with value: 0.5442704750798081.
[I 2023-10-19 09:24:15,577] Trial 1699 finished with value: 0.5346106449903242 and parameters: {'w0': 0.199, 'w1': 0.975, 'w2': 0.17600000000000002, 'w3': 0.26, 'w4': 0.733, 'w5': 0.905, 'w6': 0.546, 'w7': 0.13, 'w8': 0.787, 'max_depth': 9, 'min_child_weight': 18, 'subsample': 0.9000000000000001, 'colsample_bytree': 0.6000000000000001, 'gamma': 0.4}. Best is trial 1334 with value: 0.5442704750798081.
[I 2023-10-19 09:24:31,956] Trial 1700 finished with value: 0.5270541788978592 and parameters: {'w0': 0.095, 'w1': 0.23800000000000002, 'w2': 0.17200000000000001, 'w3': 0.266, 'w4': 0.781, 'w5': 0.907, 'w6': 0.55, 'w7': 0.135, 'w8': 0.782, 'max_depth': 9, 'min_child_weight': 18, 'subsample': 0.9000000000000001, 'colsample_bytree': 0.6000000000000001, 'gamma': 0.4}. Best is trial 1334 with value: 0.5442704750798081.
[I 2023-10-19 09:27:03,415] Trial 1701 finished with value: 0.5313856436514524 and parameters: {'w0': 0.099, 'w1': 0.866, 'w2': 0.166, 'w3': 0.271, 'w4': 0.735, 'w5': 0.905, 'w6': 0.546, 'w7': 0.129, 'w8': 0.871, 'max_depth': 9, 'min_child_weight': 18, 'subsample': 0.9000000000000001, 'colsample_bytree': 0.6000000000000001, 'gamma': 0.4}. Best is trial 1334 with value: 0.5442704750798081.
[I 2023-10-19 09:27:56,527] Trial 1702 finished with value: 0.5334057662467718 and parameters: {'w0': 0.101, 'w1': 0.974, 'w2': 0.171, 'w3': 0.265, 'w4': 0.738, 'w5': 0.903, 'w6': 0.552, 'w7': 0.132, 'w8': 0.87, 'max_depth': 9, 'min_child_weight': 18, 'subsample': 0.9000000000000001, 'colsample_bytree': 0.6000000000000001, 'gamma': 0.4}. Best is trial 1334 with value: 0.5442704750798081.
[I 2023-10-19 09:29:19,744] Trial 1703 finished with value: 0.5353467037648283 and parameters: {'w0': 0.10200000000000001, 'w1': 1.0, 'w2': 0.17200000000000001, 'w3': 0.27, 'w4': 0.733, 'w5': 0.903, 'w6': 0.55, 'w7': 0.134, 'w8': 0.779, 'max_depth': 9, 'min_child_weight': 18, 'subsample': 0.9000000000000001, 'colsample_bytree': 0.6000000000000001, 'gamma': 0.4}. Best is trial 1334 with value: 0.5442704750798081.
[I 2023-10-19 09:29:55,299] Trial 1704 finished with value: 0.5361580837619638 and parameters: {'w0': 0.097, 'w1': 0.971, 'w2': 0.168, 'w3': 0.264, 'w4': 0.733, 'w5': 0.906, 'w6': 0.546, 'w7': 0.136, 'w8': 0.869, 'max_depth': 9, 'min_child_weight': 18, 'subsample': 0.9000000000000001, 'colsample_bytree': 0.6000000000000001, 'gamma': 0.4}. Best is trial 1334 with value: 0.5442704750798081.
[I 2023-10-19 09:30:03,274] Trial 1705 finished with value: 0.537003447268471 and parameters: {'w0': 0.101, 'w1': 0.972, 'w2': 0.17200000000000001, 'w3': 0.263, 'w4': 0.731, 'w5': 0.902, 'w6': 0.55, 'w7': 0.14, 'w8': 0.869, 'max_depth': 9, 'min_child_weight': 18, 'subsample': 0.9000000000000001, 'colsample_bytree': 0.6000000000000001, 'gamma': 0.4}. Best is trial 1334 with value: 0.5442704750798081.
[I 2023-10-19 09:30:45,295] Trial 1706 finished with value: 0.46457287439372486 and parameters: {'w0': 0.101, 'w1': 0.861, 'w2': 0.168, 'w3': 0.269, 'w4': 0.781, 'w5': 0.891, 'w6': 0.549, 'w7': 0.136, 'w8': 0.010000000000000002, 'max_depth': 9, 'min_child_weight': 18, 'subsample': 0.6000000000000001, 'colsample_bytree': 0.6000000000000001, 'gamma': 0.6000000000000001}. Best is trial 1334 with value: 0.5442704750798081.
[I 2023-10-19 09:33:11,222] Trial 1709 finished with value: 0.507135931406982 and parameters: {'w0': 0.132, 'w1': 0.886, 'w2': 0.169, 'w3': 0.269, 'w4': 0.734, 'w5': 0.896, 'w6': 0.554, 'w7': 0.356, 'w8': 0.774, 'max_depth': 9, 'min_child_weight': 18, 'subsample': 0.9000000000000001, 'colsample_bytree': 0.6000000000000001, 'gamma': 0.6000000000000001}. Best is trial 1334 with value: 0.5442704750798081.
[I 2023-10-19 09:34:30,749] Trial 1707 finished with value: 0.5378931039869097 and parameters: {'w0': 0.109, 'w1': 0.967, 'w2': 0.171, 'w3': 0.23, 'w4': 0.737, 'w5': 0.902, 'w6': 0.556, 'w7': 0.136, 'w8': 0.78, 'max_depth': 9, 'min_child_weight': 18, 'subsample': 0.9000000000000001, 'colsample_bytree': 0.6000000000000001, 'gamma': 0.2}. Best is trial 1334 with value: 0.5442704750798081.
[I 2023-10-19 09:35:28,285] Trial 1708 finished with value: 0.5313830912183465 and parameters: {'w0': 0.197, 'w1': 0.976, 'w2': 0.169, 'w3': 0.266, 'w4': 0.741, 'w5': 0.898, 'w6': 0.548, 'w7': 0.137, 'w8': 0.781, 'max_depth': 9, 'min_child_weight': 18, 'subsample': 0.9000000000000001, 'colsample_bytree': 0.6000000000000001, 'gamma': 0.2}. Best is trial 1334 with value: 0.5442704750798081.
[I 2023-10-19 09:37:57,015] Trial 1710 finished with value: 0.5374178289204656 and parameters: {'w0': 0.135, 'w1': 0.886, 'w2': 0.17200000000000001, 'w3': 0.309, 'w4': 0.731, 'w5': 0.902, 'w6': 0.554, 'w7': 0.136, 'w8': 0.781, 'max_depth': 9, 'min_child_weight': 18, 'subsample': 0.9000000000000001, 'colsample_bytree': 0.6000000000000001, 'gamma': 0.2}. Best is trial 1334 with value: 0.5442704750798081.
[I 2023-10-19 09:38:47,218] Trial 1711 finished with value: 0.5161227082757054 and parameters: {'w0': 0.201, 'w1': 0.89, 'w2': 0.2, 'w3': 0.37, 'w4': 0.738, 'w5': 0.911, 'w6': 0.589, 'w7': 0.36, 'w8': 0.78, 'max_depth': 9, 'min_child_weight': 18, 'subsample': 0.9000000000000001, 'colsample_bytree': 0.6000000000000001, 'gamma': 0.2}. Best is trial 1334 with value: 0.5442704750798081.
[I 2023-10-19 09:38:52,185] Trial 1712 finished with value: 0.5389710455343604 and parameters: {'w0': 0.2, 'w1': 1.0, 'w2': 0.147, 'w3': 0.376, 'w4': 0.73, 'w5': 0.905, 'w6': 0.5660000000000001, 'w7': 0.139, 'w8': 0.788, 'max_depth': 9, 'min_child_weight': 18, 'subsample': 0.9000000000000001, 'colsample_bytree': 0.6000000000000001, 'gamma': 0.2}. Best is trial 1334 with value: 0.5442704750798081.
[I 2023-10-19 09:39:04,751] Trial 1713 finished with value: 0.5343586241455508 and parameters: {'w0': 0.195, 'w1': 0.9590000000000001, 'w2': 0.198, 'w3': 0.229, 'w4': 0.731, 'w5': 0.557, 'w6': 0.547, 'w7': 0.139, 'w8': 0.778, 'max_depth': 9, 'min_child_weight': 18, 'subsample': 0.9000000000000001, 'colsample_bytree': 0.6000000000000001, 'gamma': 0.2}. Best is trial 1334 with value: 0.5442704750798081.
[I 2023-10-19 09:40:42,620] Trial 1714 finished with value: 0.5405683165034993 and parameters: {'w0': 0.198, 'w1': 0.89, 'w2': 0.14300000000000002, 'w3': 0.308, 'w4': 0.746, 'w5': 0.91, 'w6': 0.542, 'w7': 0.14200000000000002, 'w8': 0.776, 'max_depth': 9, 'min_child_weight': 18, 'subsample': 0.9000000000000001, 'colsample_bytree': 0.6000000000000001, 'gamma': 0.2}. Best is trial 1334 with value: 0.5442704750798081.
[I 2023-10-19 09:41:18,711] Trial 1716 finished with value: 0.5365354285348942 and parameters: {'w0': 0.133, 'w1': 0.889, 'w2': 0.14400000000000002, 'w3': 0.225, 'w4': 0.739, 'w5': 0.963, 'w6': 0.55, 'w7': 0.092, 'w8': 0.758, 'max_depth': 9, 'min_child_weight': 18, 'subsample': 0.9000000000000001, 'colsample_bytree': 0.6000000000000001, 'gamma': 0.2}. Best is trial 1334 with value: 0.5442704750798081.
[I 2023-10-19 09:41:22,484] Trial 1715 finished with value: 0.5377378961558094 and parameters: {'w0': 0.197, 'w1': 0.9590000000000001, 'w2': 0.153, 'w3': 0.233, 'w4': 0.8300000000000001, 'w5': 0.9530000000000001, 'w6': 0.556, 'w7': 0.139, 'w8': 0.901, 'max_depth': 9, 'min_child_weight': 18, 'subsample': 0.9000000000000001, 'colsample_bytree': 0.6000000000000001, 'gamma': 0.2}. Best is trial 1334 with value: 0.5442704750798081.
[I 2023-10-19 09:44:01,565] Trial 1717 finished with value: 0.5383928846180893 and parameters: {'w0': 0.133, 'w1': 0.891, 'w2': 0.139, 'w3': 0.224, 'w4': 0.8300000000000001, 'w5': 0.874, 'w6': 0.555, 'w7': 0.093, 'w8': 0.904, 'max_depth': 9, 'min_child_weight': 18, 'subsample': 0.9000000000000001, 'colsample_bytree': 0.6000000000000001, 'gamma': 0.2}. Best is trial 1334 with value: 0.5442704750798081.
[I 2023-10-19 09:44:57,227] Trial 1718 finished with value: 0.5355741580662633 and parameters: {'w0': 0.135, 'w1': 0.89, 'w2': 0.14100000000000001, 'w3': 0.222, 'w4': 0.8280000000000001, 'w5': 0.9540000000000001, 'w6': 0.5660000000000001, 'w7': 0.094, 'w8': 0.768, 'max_depth': 9, 'min_child_weight': 18, 'subsample': 0.9000000000000001, 'colsample_bytree': 0.6000000000000001, 'gamma': 0.2}. Best is trial 1334 with value: 0.5442704750798081.
[I 2023-10-19 09:45:22,777] Trial 1719 finished with value: 0.5050854172037155 and parameters: {'w0': 0.196, 'w1': 0.962, 'w2': 0.14400000000000002, 'w3': 0.226, 'w4': 0.8270000000000001, 'w5': 0.9540000000000001, 'w6': 0.054, 'w7': 0.09, 'w8': 0.91, 'max_depth': 9, 'min_child_weight': 18, 'subsample': 0.9000000000000001, 'colsample_bytree': 0.6000000000000001, 'gamma': 0.2}. Best is trial 1334 with value: 0.5442704750798081.
[I 2023-10-19 09:46:56,572] Trial 1720 finished with value: 0.5388866310246073 and parameters: {'w0': 0.199, 'w1': 0.891, 'w2': 0.139, 'w3': 0.231, 'w4': 0.84, 'w5': 0.963, 'w6': 0.592, 'w7': 0.09, 'w8': 0.901, 'max_depth': 9, 'min_child_weight': 18, 'subsample': 0.9000000000000001, 'colsample_bytree': 0.6000000000000001, 'gamma': 0.2}. Best is trial 1334 with value: 0.5442704750798081.
[I 2023-10-19 09:46:59,795] Trial 1721 finished with value: 0.5378340845207049 and parameters: {'w0': 0.134, 'w1': 0.891, 'w2': 0.14300000000000002, 'w3': 0.226, 'w4': 0.8300000000000001, 'w5': 0.9530000000000001, 'w6': 0.595, 'w7': 0.096, 'w8': 0.758, 'max_depth': 9, 'min_child_weight': 18, 'subsample': 0.9000000000000001, 'colsample_bytree': 0.6000000000000001, 'gamma': 0.2}. Best is trial 1334 with value: 0.5442704750798081.
[I 2023-10-19 09:47:40,555] Trial 1731 finished with value: 0.4741370154401106 and parameters: {'w0': 0.203, 'w1': 0.884, 'w2': 0.647, 'w3': 0.314, 'w4': 0.705, 'w5': 0.872, 'w6': 0.584, 'w7': 0.157, 'w8': 0.897, 'max_depth': 9, 'min_child_weight': 20, 'subsample': 0.9000000000000001, 'colsample_bytree': 0.6000000000000001, 'gamma': 5.800000000000001}. Best is trial 1334 with value: 0.5442704750798081.
[I 2023-10-19 09:47:48,722] Trial 1722 finished with value: 0.5264572460667664 and parameters: {'w0': 0.137, 'w1': 0.885, 'w2': 0.199, 'w3': 0.228, 'w4': 0.84, 'w5': 0.9550000000000001, 'w6': 0.658, 'w7': 0.091, 'w8': 0.758, 'max_depth': 9, 'min_child_weight': 18, 'subsample': 0.9000000000000001, 'colsample_bytree': 0.6000000000000001, 'gamma': 0.2}. Best is trial 1334 with value: 0.5442704750798081.
[I 2023-10-19 09:50:22,688] Trial 1723 finished with value: 0.5154473362633091 and parameters: {'w0': 0.7010000000000001, 'w1': 0.89, 'w2': 0.14200000000000002, 'w3': 0.31, 'w4': 0.8240000000000001, 'w5': 0.9570000000000001, 'w6': 0.683, 'w7': 0.089, 'w8': 0.898, 'max_depth': 9, 'min_child_weight': 18, 'subsample': 0.9000000000000001, 'colsample_bytree': 0.4, 'gamma': 0.2}. Best is trial 1334 with value: 0.5442704750798081.
[I 2023-10-19 09:51:10,647] Trial 1724 finished with value: 0.5359769949770399 and parameters: {'w0': 0.181, 'w1': 0.34400000000000003, 'w2': 0.14400000000000002, 'w3': 0.225, 'w4': 0.837, 'w5': 0.9580000000000001, 'w6': 0.591, 'w7': 0.093, 'w8': 0.8320000000000001, 'max_depth': 9, 'min_child_weight': 18, 'subsample': 0.9000000000000001, 'colsample_bytree': 0.6000000000000001, 'gamma': 0.2}. Best is trial 1334 with value: 0.5442704750798081.
[I 2023-10-19 09:51:31,264] Trial 1729 finished with value: 0.5352080455472487 and parameters: {'w0': 0.181, 'w1': 0.9530000000000001, 'w2': 0.098, 'w3': 0.232, 'w4': 0.8280000000000001, 'w5': 0.9570000000000001, 'w6': 0.657, 'w7': 0.089, 'w8': 0.897, 'max_depth': 9, 'min_child_weight': 20, 'subsample': 0.9000000000000001, 'colsample_bytree': 0.4, 'gamma': 0.6000000000000001}. Best is trial 1334 with value: 0.5442704750798081.
[I 2023-10-19 09:52:05,969] Trial 1725 finished with value: 0.5348519550331766 and parameters: {'w0': 0.181, 'w1': 0.886, 'w2': 0.134, 'w3': 0.316, 'w4': 0.8290000000000001, 'w5': 0.869, 'w6': 0.585, 'w7': 0.092, 'w8': 0.901, 'max_depth': 9, 'min_child_weight': 18, 'subsample': 0.9000000000000001, 'colsample_bytree': 0.4, 'gamma': 0.2}. Best is trial 1334 with value: 0.5442704750798081.
[I 2023-10-19 09:54:24,630] Trial 1730 finished with value: 0.5213067600481917 and parameters: {'w0': 0.224, 'w1': 0.88, 'w2': 0.132, 'w3': 0.314, 'w4': 0.7000000000000001, 'w5': 0.873, 'w6': 0.583, 'w7': 0.197, 'w8': 0.902, 'max_depth': 9, 'min_child_weight': 20, 'subsample': 0.9000000000000001, 'colsample_bytree': 0.6000000000000001, 'gamma': 0.6000000000000001}. Best is trial 1334 with value: 0.5442704750798081.
[I 2023-10-19 09:54:30,321] Trial 1726 finished with value: 0.5378740672894139 and parameters: {'w0': 0.178, 'w1': 0.9550000000000001, 'w2': 0.14100000000000001, 'w3': 0.225, 'w4': 0.836, 'w5': 0.9580000000000001, 'w6': 0.59, 'w7': 0.089, 'w8': 0.901, 'max_depth': 9, 'min_child_weight': 20, 'subsample': 0.9000000000000001, 'colsample_bytree': 0.4, 'gamma': 0.2}. Best is trial 1334 with value: 0.5442704750798081.
[I 2023-10-19 09:55:09,151] Trial 1727 finished with value: 0.5112732778080489 and parameters: {'w0': 0.138, 'w1': 0.9560000000000001, 'w2': 0.14300000000000002, 'w3': 0.219, 'w4': 0.001, 'w5': 0.9570000000000001, 'w6': 0.66, 'w7': 0.094, 'w8': 0.903, 'max_depth': 9, 'min_child_weight': 20, 'subsample': 0.9000000000000001, 'colsample_bytree': 0.6000000000000001, 'gamma': 0.2}. Best is trial 1334 with value: 0.5442704750798081.
[I 2023-10-19 09:55:41,232] Trial 1728 finished with value: 0.5418796283965869 and parameters: {'w0': 0.179, 'w1': 0.9560000000000001, 'w2': 0.10400000000000001, 'w3': 0.23, 'w4': 0.8330000000000001, 'w5': 0.9550000000000001, 'w6': 0.47300000000000003, 'w7': 0.089, 'w8': 0.897, 'max_depth': 9, 'min_child_weight': 20, 'subsample': 0.9000000000000001, 'colsample_bytree': 0.6000000000000001, 'gamma': 0.2}. Best is trial 1334 with value: 0.5442704750798081.
[I 2023-10-19 09:56:32,128] Trial 1732 finished with value: 0.5143044929893712 and parameters: {'w0': 0.22, 'w1': 0.881, 'w2': 0.097, 'w3': 0.308, 'w4': 0.754, 'w5': 0.876, 'w6': 0.603, 'w7': 0.191, 'w8': 0.896, 'max_depth': 9, 'min_child_weight': 20, 'subsample': 0.8, 'colsample_bytree': 0.6000000000000001, 'gamma': 0.6000000000000001}. Best is trial 1334 with value: 0.5442704750798081.
