[I 2023-10-20 08:26:05,846] Trial 1310 finished with value: 0.4966995730389257 and parameters: {'w0': 0.081, 'w1': 0.8130000000000001, 'w2': 0.221, 'w3': 0.218, 'w4': 0.993, 'w5': 0.9440000000000001, 'w6': 0.372, 'w7': 0.113, 'w8': 0.731, 'max_depth': 9, 'min_child_weight': 16, 'subsample': 0.8, 'colsample_bytree': 0.6000000000000001, 'gamma': 0.2}. Best is trial 1267 with value: 0.5099314743075365.
[I 2023-10-20 08:27:01,360] Trial 1313 finished with value: 0.4919462570230267 and parameters: {'w0': 0.077, 'w1': 0.8200000000000001, 'w2': 0.11900000000000001, 'w3': 0.092, 'w4': 0.937, 'w5': 0.9520000000000001, 'w6': 0.375, 'w7': 0.147, 'w8': 0.729, 'max_depth': 9, 'min_child_weight': 16, 'subsample': 0.8, 'colsample_bytree': 0.6000000000000001, 'gamma': 0.2}. Best is trial 1267 with value: 0.5099314743075365.
[I 2023-10-20 08:28:12,318] Trial 1314 finished with value: 0.4904571316843047 and parameters: {'w0': 0.129, 'w1': 0.806, 'w2': 0.11900000000000001, 'w3': 0.587, 'w4': 0.399, 'w5': 0.9480000000000001, 'w6': 0.373, 'w7': 0.15, 'w8': 0.729, 'max_depth': 9, 'min_child_weight': 16, 'subsample': 0.8, 'colsample_bytree': 0.6000000000000001, 'gamma': 0.2}. Best is trial 1267 with value: 0.5099314743075365.
[I 2023-10-20 08:29:02,586] Trial 1316 finished with value: 0.5000640154430009 and parameters: {'w0': 0.125, 'w1': 0.8220000000000001, 'w2': 0.111, 'w3': 0.117, 'w4': 0.931, 'w5': 0.9470000000000001, 'w6': 0.645, 'w7': 0.147, 'w8': 0.734, 'max_depth': 9, 'min_child_weight': 16, 'subsample': 0.8, 'colsample_bytree': 0.6000000000000001, 'gamma': 0.2}. Best is trial 1267 with value: 0.5099314743075365.
[I 2023-10-20 08:29:58,595] Trial 1318 finished with value: 0.49426715778865127 and parameters: {'w0': 0.132, 'w1': 0.81, 'w2': 0.117, 'w3': 0.076, 'w4': 0.996, 'w5': 0.9530000000000001, 'w6': 0.269, 'w7': 0.15, 'w8': 0.731, 'max_depth': 9, 'min_child_weight': 16, 'subsample': 0.8, 'colsample_bytree': 0.6000000000000001, 'gamma': 0.2}. Best is trial 1267 with value: 0.5099314743075365.
[I 2023-10-20 08:30:00,318] Trial 1317 finished with value: 0.5018179949550593 and parameters: {'w0': 0.127, 'w1': 0.8210000000000001, 'w2': 0.112, 'w3': 0.687, 'w4': 0.937, 'w5': 0.9530000000000001, 'w6': 0.276, 'w7': 0.14, 'w8': 0.739, 'max_depth': 9, 'min_child_weight': 16, 'subsample': 0.8, 'colsample_bytree': 0.6000000000000001, 'gamma': 0.2}. Best is trial 1267 with value: 0.5099314743075365.
[I 2023-10-20 08:30:08,932] Trial 1319 finished with value: 0.49271675637137663 and parameters: {'w0': 0.131, 'w1': 0.8170000000000001, 'w2': 0.115, 'w3': 0.12000000000000001, 'w4': 0.932, 'w5': 0.963, 'w6': 0.27, 'w7': 0.147, 'w8': 0.726, 'max_depth': 9, 'min_child_weight': 16, 'subsample': 0.5, 'colsample_bytree': 0.6000000000000001, 'gamma': 0.2}. Best is trial 1267 with value: 0.5099314743075365.
[I 2023-10-20 08:30:16,053] Trial 1320 finished with value: 0.4939272287136437 and parameters: {'w0': 0.134, 'w1': 0.897, 'w2': 0.114, 'w3': 0.124, 'w4': 0.937, 'w5': 1.0, 'w6': 0.65, 'w7': 0.149, 'w8': 0.733, 'max_depth': 9, 'min_child_weight': 16, 'subsample': 0.5, 'colsample_bytree': 0.6000000000000001, 'gamma': 0.2}. Best is trial 1267 with value: 0.5099314743075365.
[I 2023-10-20 08:32:03,155] Trial 1321 finished with value: 0.4991604981918419 and parameters: {'w0': 0.127, 'w1': 0.889, 'w2': 0.185, 'w3': 0.20800000000000002, 'w4': 0.934, 'w5': 0.982, 'w6': 0.261, 'w7': 0.15, 'w8': 0.738, 'max_depth': 9, 'min_child_weight': 16, 'subsample': 0.5, 'colsample_bytree': 0.6000000000000001, 'gamma': 0.2}. Best is trial 1267 with value: 0.5099314743075365.
[I 2023-10-20 08:32:56,807] Trial 1322 finished with value: 0.5018837346452052 and parameters: {'w0': 0.126, 'w1': 0.884, 'w2': 0.113, 'w3': 0.123, 'w4': 0.891, 'w5': 0.982, 'w6': 0.267, 'w7': 0.147, 'w8': 0.733, 'max_depth': 9, 'min_child_weight': 16, 'subsample': 0.8, 'colsample_bytree': 0.6000000000000001, 'gamma': 0.2}. Best is trial 1267 with value: 0.5099314743075365.
[I 2023-10-20 08:33:13,361] Trial 1323 finished with value: 0.4749125894446819 and parameters: {'w0': 0.131, 'w1': 0.889, 'w2': 0.468, 'w3': 0.12000000000000001, 'w4': 0.889, 'w5': 0.985, 'w6': 0.268, 'w7': 0.153, 'w8': 0.734, 'max_depth': 9, 'min_child_weight': 16, 'subsample': 0.5, 'colsample_bytree': 0.6000000000000001, 'gamma': 0.2}. Best is trial 1267 with value: 0.5099314743075365.
[I 2023-10-20 08:37:57,609] Trial 1326 finished with value: 0.4961583722319808 and parameters: {'w0': 0.121, 'w1': 0.89, 'w2': 0.133, 'w3': 0.302, 'w4': 0.893, 'w5': 0.426, 'w6': 0.28500000000000003, 'w7': 0.153, 'w8': 0.758, 'max_depth': 9, 'min_child_weight': 16, 'subsample': 0.8, 'colsample_bytree': 0.6000000000000001, 'gamma': 0.2}. Best is trial 1267 with value: 0.5099314743075365.
[I 2023-10-20 08:39:54,506] Trial 1327 finished with value: 0.501676099780746 and parameters: {'w0': 0.17500000000000002, 'w1': 0.888, 'w2': 0.187, 'w3': 0.217, 'w4': 0.894, 'w5': 0.985, 'w6': 0.273, 'w7': 0.133, 'w8': 0.759, 'max_depth': 9, 'min_child_weight': 16, 'subsample': 0.8, 'colsample_bytree': 0.6000000000000001, 'gamma': 0.2}. Best is trial 1267 with value: 0.5099314743075365.
[I 2023-10-20 08:39:58,889] Trial 1329 finished with value: 0.4995293619110865 and parameters: {'w0': 0.177, 'w1': 0.883, 'w2': 0.185, 'w3': 0.28700000000000003, 'w4': 0.687, 'w5': 0.979, 'w6': 0.303, 'w7': 0.134, 'w8': 0.75, 'max_depth': 9, 'min_child_weight': 16, 'subsample': 0.8, 'colsample_bytree': 0.3, 'gamma': 0.2}. Best is trial 1267 with value: 0.5099314743075365.
[I 2023-10-20 08:40:11,288] Trial 1328 finished with value: 0.4999068754038967 and parameters: {'w0': 0.17600000000000002, 'w1': 0.884, 'w2': 0.131, 'w3': 0.12000000000000001, 'w4': 0.891, 'w5': 0.984, 'w6': 0.264, 'w7': 0.134, 'w8': 0.754, 'max_depth': 9, 'min_child_weight': 16, 'subsample': 0.8, 'colsample_bytree': 0.6000000000000001, 'gamma': 0.2}. Best is trial 1267 with value: 0.5099314743075365.
[I 2023-10-20 08:42:03,776] Trial 1330 finished with value: 0.5027891093621488 and parameters: {'w0': 0.169, 'w1': 0.804, 'w2': 0.154, 'w3': 0.132, 'w4': 0.889, 'w5': 0.983, 'w6': 0.294, 'w7': 0.129, 'w8': 0.8180000000000001, 'max_depth': 9, 'min_child_weight': 16, 'subsample': 0.8, 'colsample_bytree': 0.9000000000000001, 'gamma': 0.2}. Best is trial 1267 with value: 0.5099314743075365.
[I 2023-10-20 08:42:03,928] Trial 1337 finished with value: 0.5028968479396008 and parameters: {'w0': 0.171, 'w1': 0.624, 'w2': 0.149, 'w3': 0.554, 'w4': 0.891, 'w5': 0.984, 'w6': 0.308, 'w7': 0.128, 'w8': 0.759, 'max_depth': 9, 'min_child_weight': 16, 'subsample': 0.8, 'colsample_bytree': 0.9000000000000001, 'gamma': 0.8}. Best is trial 1267 with value: 0.5099314743075365.
[I 2023-10-20 08:42:51,809] Trial 1331 finished with value: 0.47179230929457194 and parameters: {'w0': 0.528, 'w1': 0.882, 'w2': 0.47400000000000003, 'w3': 0.298, 'w4': 0.884, 'w5': 0.981, 'w6': 0.297, 'w7': 0.13, 'w8': 0.8200000000000001, 'max_depth': 9, 'min_child_weight': 16, 'subsample': 0.8, 'colsample_bytree': 0.9000000000000001, 'gamma': 0.2}. Best is trial 1267 with value: 0.5099314743075365.
[I 2023-10-20 08:43:12,204] Trial 1332 finished with value: 0.49898464830545636 and parameters: {'w0': 0.17600000000000002, 'w1': 0.913, 'w2': 0.182, 'w3': 0.113, 'w4': 0.891, 'w5': 1.0, 'w6': 0.297, 'w7': 0.129, 'w8': 0.8190000000000001, 'max_depth': 9, 'min_child_weight': 16, 'subsample': 0.8, 'colsample_bytree': 0.9000000000000001, 'gamma': 0.2}. Best is trial 1267 with value: 0.5099314743075365.
[I 2023-10-20 08:43:32,712] Trial 1336 finished with value: 0.4991234177232065 and parameters: {'w0': 0.249, 'w1': 0.894, 'w2': 0.187, 'w3': 0.556, 'w4': 0.89, 'w5': 0.983, 'w6': 0.302, 'w7': 0.203, 'w8': 0.762, 'max_depth': 9, 'min_child_weight': 16, 'subsample': 0.8, 'colsample_bytree': 0.9000000000000001, 'gamma': 0.8}. Best is trial 1267 with value: 0.5099314743075365.
[I 2023-10-20 08:43:49,719] Trial 1338 finished with value: 0.4494790385837654 and parameters: {'w0': 0.842, 'w1': 0.884, 'w2': 0.155, 'w3': 0.035, 'w4': 0.888, 'w5': 1.0, 'w6': 0.302, 'w7': 0.122, 'w8': 0.8190000000000001, 'max_depth': 9, 'min_child_weight': 16, 'subsample': 0.8, 'colsample_bytree': 0.9000000000000001, 'gamma': 0.8}. Best is trial 1267 with value: 0.5099314743075365.
[I 2023-10-20 08:44:34,362] Trial 1340 finished with value: 0.47945654581652064 and parameters: {'w0': 0.259, 'w1': 0.918, 'w2': 0.155, 'w3': 0.035, 'w4': 0.898, 'w5': 0.982, 'w6': 0.34700000000000003, 'w7': 0.126, 'w8': 0.764, 'max_depth': 9, 'min_child_weight': 10, 'subsample': 0.8, 'colsample_bytree': 0.9000000000000001, 'gamma': 0.8}. Best is trial 1267 with value: 0.5099314743075365.
[I 2023-10-20 08:44:52,693] Trial 1333 finished with value: 0.5055569698326539 and parameters: {'w0': 0.17400000000000002, 'w1': 0.879, 'w2': 0.188, 'w3': 0.28800000000000003, 'w4': 0.89, 'w5': 0.983, 'w6': 0.297, 'w7': 0.133, 'w8': 0.762, 'max_depth': 9, 'min_child_weight': 16, 'subsample': 0.8, 'colsample_bytree': 0.9000000000000001, 'gamma': 0.2}. Best is trial 1267 with value: 0.5099314743075365.
[I 2023-10-20 08:45:11,580] Trial 1339 finished with value: 0.4935906679153457 and parameters: {'w0': 0.252, 'w1': 0.918, 'w2': 0.156, 'w3': 0.295, 'w4': 0.89, 'w5': 0.983, 'w6': 0.303, 'w7': 0.198, 'w8': 0.8220000000000001, 'max_depth': 9, 'min_child_weight': 16, 'subsample': 0.8, 'colsample_bytree': 0.9000000000000001, 'gamma': 0.8}. Best is trial 1267 with value: 0.5099314743075365.
[I 2023-10-20 08:45:21,605] Trial 1341 finished with value: 0.5056615825045048 and parameters: {'w0': 0.17500000000000002, 'w1': 0.928, 'w2': 0.156, 'w3': 0.523, 'w4': 0.895, 'w5': 0.97, 'w6': 0.314, 'w7': 0.124, 'w8': 0.8210000000000001, 'max_depth': 9, 'min_child_weight': 16, 'subsample': 0.8, 'colsample_bytree': 0.9000000000000001, 'gamma': 0.8}. Best is trial 1267 with value: 0.5099314743075365.
[I 2023-10-20 08:45:55,340] Trial 1334 finished with value: 0.4149551018904057 and parameters: {'w0': 0.17400000000000002, 'w1': 0.89, 'w2': 0.181, 'w3': 0.035, 'w4': 0.891, 'w5': 0.983, 'w6': 0.296, 'w7': 0.869, 'w8': 0.8210000000000001, 'max_depth': 9, 'min_child_weight': 16, 'subsample': 0.8, 'colsample_bytree': 0.9000000000000001, 'gamma': 0.2}. Best is trial 1267 with value: 0.5099314743075365.
[I 2023-10-20 08:46:11,056] Trial 1344 finished with value: 0.4725066573802783 and parameters: {'w0': 0.17400000000000002, 'w1': 0.915, 'w2': 0.153, 'w3': 0.52, 'w4': 0.867, 'w5': 0.314, 'w6': 0.304, 'w7': 0.123, 'w8': 0.8250000000000001, 'max_depth': 9, 'min_child_weight': 16, 'subsample': 0.8, 'colsample_bytree': 0.9000000000000001, 'gamma': 3.0}. Best is trial 1267 with value: 0.5099314743075365.
[I 2023-10-20 08:46:53,427] Trial 1335 finished with value: 0.41513549204980604 and parameters: {'w0': 0.17400000000000002, 'w1': 0.885, 'w2': 0.18, 'w3': 0.032, 'w4': 0.887, 'w5': 1.0, 'w6': 0.305, 'w7': 0.853, 'w8': 0.8230000000000001, 'max_depth': 9, 'min_child_weight': 16, 'subsample': 0.8, 'colsample_bytree': 0.9000000000000001, 'gamma': 0.2}. Best is trial 1267 with value: 0.5099314743075365.
[I 2023-10-20 08:48:27,188] Trial 1347 finished with value: 0.4735235399374762 and parameters: {'w0': 0.10300000000000001, 'w1': 0.918, 'w2': 0.146, 'w3': 0.517, 'w4': 0.867, 'w5': 0.999, 'w6': 0.22, 'w7': 0.10400000000000001, 'w8': 0.8200000000000001, 'max_depth': 9, 'min_child_weight': 16, 'subsample': 0.8, 'colsample_bytree': 0.9000000000000001, 'gamma': 3.0}. Best is trial 1267 with value: 0.5099314743075365.
[I 2023-10-20 08:49:22,519] Trial 1342 finished with value: 0.4938265874659604 and parameters: {'w0': 0.17400000000000002, 'w1': 0.918, 'w2': 0.151, 'w3': 0.532, 'w4': 0.888, 'w5': 0.299, 'w6': 0.303, 'w7': 0.126, 'w8': 0.762, 'max_depth': 9, 'min_child_weight': 16, 'subsample': 0.8, 'colsample_bytree': 0.9000000000000001, 'gamma': 0.8}. Best is trial 1267 with value: 0.5099314743075365.
[I 2023-10-20 08:51:40,074] Trial 1343 finished with value: 0.5030440997754138 and parameters: {'w0': 0.178, 'w1': 0.921, 'w2': 0.15, 'w3': 0.518, 'w4': 0.864, 'w5': 0.968, 'w6': 0.3, 'w7': 0.124, 'w8': 0.8140000000000001, 'max_depth': 9, 'min_child_weight': 10, 'subsample': 0.8, 'colsample_bytree': 0.9000000000000001, 'gamma': 0.8}. Best is trial 1267 with value: 0.5099314743075365.
[I 2023-10-20 08:52:13,987] Trial 1345 finished with value: 0.500467829349262 and parameters: {'w0': 0.17300000000000001, 'w1': 0.927, 'w2': 0.154, 'w3': 0.562, 'w4': 0.865, 'w5': 1.0, 'w6': 0.301, 'w7': 0.107, 'w8': 0.8230000000000001, 'max_depth': 9, 'min_child_weight': 16, 'subsample': 0.8, 'colsample_bytree': 0.9000000000000001, 'gamma': 0.8}. Best is trial 1267 with value: 0.5099314743075365.
[I 2023-10-20 08:55:02,929] Trial 1349 finished with value: 0.48605115755882367 and parameters: {'w0': 0.10400000000000001, 'w1': 0.92, 'w2': 0.151, 'w3': 0.522, 'w4': 0.86, 'w5': 0.968, 'w6': 0.308, 'w7': 0.2, 'w8': 0.40900000000000003, 'max_depth': 9, 'min_child_weight': 16, 'subsample': 0.8, 'colsample_bytree': 0.9000000000000001, 'gamma': 0.8}. Best is trial 1267 with value: 0.5099314743075365.
[I 2023-10-20 08:56:14,943] Trial 1348 finished with value: 0.47816600472293114 and parameters: {'w0': 0.748, 'w1': 0.852, 'w2': 0.152, 'w3': 0.53, 'w4': 0.872, 'w5': 0.999, 'w6': 0.221, 'w7': 0.10300000000000001, 'w8': 0.6990000000000001, 'max_depth': 9, 'min_child_weight': 16, 'subsample': 0.8, 'colsample_bytree': 0.9000000000000001, 'gamma': 0.8}. Best is trial 1267 with value: 0.5099314743075365.
[I 2023-10-20 08:57:56,937] Trial 1346 finished with value: 0.4276538943556124 and parameters: {'w0': 0.85, 'w1': 0.926, 'w2': 0.6900000000000001, 'w3': 0.037000000000000005, 'w4': 0.858, 'w5': 0.967, 'w6': 0.312, 'w7': 0.195, 'w8': 0.7000000000000001, 'max_depth': 9, 'min_child_weight': 12, 'subsample': 0.8, 'colsample_bytree': 0.9000000000000001, 'gamma': 0.8}. Best is trial 1267 with value: 0.5099314743075365.
[I 2023-10-20 08:59:48,123] Trial 1351 finished with value: 0.4859843884799908 and parameters: {'w0': 0.10200000000000001, 'w1': 0.923, 'w2': 0.37, 'w3': 0.516, 'w4': 0.86, 'w5': 0.967, 'w6': 0.35200000000000004, 'w7': 0.1, 'w8': 0.7020000000000001, 'max_depth': 9, 'min_child_weight': 16, 'subsample': 0.8, 'colsample_bytree': 0.9000000000000001, 'gamma': 0.0}. Best is trial 1267 with value: 0.5099314743075365.
[I 2023-10-20 09:00:51,829] Trial 1350 finished with value: 0.49993550070237497 and parameters: {'w0': 0.10300000000000001, 'w1': 0.924, 'w2': 0.157, 'w3': 0.524, 'w4': 0.865, 'w5': 0.966, 'w6': 0.34400000000000003, 'w7': 0.10200000000000001, 'w8': 0.762, 'max_depth': 9, 'min_child_weight': 10, 'subsample': 0.8, 'colsample_bytree': 0.9000000000000001, 'gamma': 0.0}. Best is trial 1267 with value: 0.5099314743075365.
[I 2023-10-20 09:01:23,314] Trial 1352 finished with value: 0.47075086173222086 and parameters: {'w0': 0.10400000000000001, 'w1': 0.925, 'w2': 0.6990000000000001, 'w3': 0.518, 'w4': 0.858, 'w5': 0.457, 'w6': 0.732, 'w7': 0.10200000000000001, 'w8': 0.7020000000000001, 'max_depth': 9, 'min_child_weight': 12, 'subsample': 0.8, 'colsample_bytree': 0.9000000000000001, 'gamma': 0.0}. Best is trial 1267 with value: 0.5099314743075365.
[I 2023-10-20 09:01:31,629] Trial 1353 finished with value: 0.5016729720869211 and parameters: {'w0': 0.10300000000000001, 'w1': 0.927, 'w2': 0.137, 'w3': 0.516, 'w4': 0.868, 'w5': 0.968, 'w6': 0.22, 'w7': 0.10300000000000001, 'w8': 0.404, 'max_depth': 9, 'min_child_weight': 12, 'subsample': 0.8, 'colsample_bytree': 0.9000000000000001, 'gamma': 0.0}. Best is trial 1267 with value: 0.5099314743075365.
[I 2023-10-20 09:01:34,625] Trial 1357 finished with value: 0.4556997459096782 and parameters: {'w0': 0.10300000000000001, 'w1': 0.066, 'w2': 0.6980000000000001, 'w3': 0.431, 'w4': 0.863, 'w5': 1.0, 'w6': 0.403, 'w7': 0.101, 'w8': 0.708, 'max_depth': 9, 'min_child_weight': 14, 'subsample': 0.8, 'colsample_bytree': 0.9000000000000001, 'gamma': 0.0}. Best is trial 1267 with value: 0.5099314743075365.
[I 2023-10-20 09:02:07,194] Trial 1354 finished with value: 0.49950699873086296 and parameters: {'w0': 0.14500000000000002, 'w1': 0.853, 'w2': 0.137, 'w3': 0.518, 'w4': 0.457, 'w5': 0.965, 'w6': 0.342, 'w7': 0.10200000000000001, 'w8': 0.798, 'max_depth': 9, 'min_child_weight': 12, 'subsample': 0.8, 'colsample_bytree': 0.9000000000000001, 'gamma': 0.0}. Best is trial 1267 with value: 0.5099314743075365.
[I 2023-10-20 09:02:41,822] Trial 1356 finished with value: 0.47448313203649206 and parameters: {'w0': 0.1, 'w1': 0.847, 'w2': 0.711, 'w3': 0.513, 'w4': 0.866, 'w5': 0.894, 'w6': 0.402, 'w7': 0.101, 'w8': 0.714, 'max_depth': 9, 'min_child_weight': 16, 'subsample': 0.9000000000000001, 'colsample_bytree': 0.9000000000000001, 'gamma': 0.0}. Best is trial 1267 with value: 0.5099314743075365.
[I 2023-10-20 09:03:07,715] Trial 1358 finished with value: 0.5048708124964677 and parameters: {'w0': 0.146, 'w1': 0.85, 'w2': 0.096, 'w3': 0.431, 'w4': 0.866, 'w5': 0.898, 'w6': 0.222, 'w7': 0.10500000000000001, 'w8': 0.6920000000000001, 'max_depth': 9, 'min_child_weight': 14, 'subsample': 0.9000000000000001, 'colsample_bytree': 0.9000000000000001, 'gamma': 0.0}. Best is trial 1267 with value: 0.5099314743075365.
[I 2023-10-20 09:03:20,181] Trial 1355 finished with value: 0.4510874350054275 and parameters: {'w0': 0.147, 'w1': 0.852, 'w2': 0.711, 'w3': 0.424, 'w4': 0.864, 'w5': 1.0, 'w6': 0.402, 'w7': 0.9470000000000001, 'w8': 0.707, 'max_depth': 9, 'min_child_weight': 12, 'subsample': 1.0, 'colsample_bytree': 0.9000000000000001, 'gamma': 0.0}. Best is trial 1267 with value: 0.5099314743075365.
[I 2023-10-20 09:05:06,949] Trial 1359 finished with value: 0.5057650837422947 and parameters: {'w0': 0.107, 'w1': 0.857, 'w2': 0.094, 'w3': 0.538, 'w4': 0.865, 'w5': 0.965, 'w6': 0.405, 'w7': 0.096, 'w8': 0.795, 'max_depth': 9, 'min_child_weight': 14, 'subsample': 0.9000000000000001, 'colsample_bytree': 0.9000000000000001, 'gamma': 0.0}. Best is trial 1267 with value: 0.5099314743075365.
[I 2023-10-20 09:06:09,279] Trial 1360 finished with value: 0.5032297013181475 and parameters: {'w0': 0.14200000000000002, 'w1': 0.854, 'w2': 0.095, 'w3': 0.427, 'w4': 0.927, 'w5': 0.965, 'w6': 0.403, 'w7': 0.101, 'w8': 0.708, 'max_depth': 9, 'min_child_weight': 14, 'subsample': 0.9000000000000001, 'colsample_bytree': 0.9000000000000001, 'gamma': 0.0}. Best is trial 1267 with value: 0.5099314743075365.
[I 2023-10-20 09:08:25,649] Trial 1361 finished with value: 0.5045246799754648 and parameters: {'w0': 0.147, 'w1': 0.999, 'w2': 0.093, 'w3': 0.47600000000000003, 'w4': 0.926, 'w5': 0.967, 'w6': 0.34700000000000003, 'w7': 0.099, 'w8': 0.7030000000000001, 'max_depth': 9, 'min_child_weight': 12, 'subsample': 0.8, 'colsample_bytree': 0.9000000000000001, 'gamma': 0.0}. Best is trial 1267 with value: 0.5099314743075365.
[I 2023-10-20 09:09:22,594] Trial 1362 finished with value: 0.5062298826726392 and parameters: {'w0': 0.15, 'w1': 0.999, 'w2': 0.133, 'w3': 0.537, 'w4': 0.926, 'w5': 0.968, 'w6': 0.356, 'w7': 0.1, 'w8': 0.709, 'max_depth': 9, 'min_child_weight': 12, 'subsample': 0.9000000000000001, 'colsample_bytree': 0.9000000000000001, 'gamma': 0.0}. Best is trial 1267 with value: 0.5099314743075365.
[I 2023-10-20 09:11:49,327] Trial 1363 finished with value: 0.499409325170516 and parameters: {'w0': 0.14500000000000002, 'w1': 0.859, 'w2': 0.131, 'w3': 0.481, 'w4': 0.924, 'w5': 0.965, 'w6': 0.404, 'w7': 0.078, 'w8': 0.7030000000000001, 'max_depth': 9, 'min_child_weight': 14, 'subsample': 0.9000000000000001, 'colsample_bytree': 0.9000000000000001, 'gamma': 0.0}. Best is trial 1267 with value: 0.5099314743075365.
[I 2023-10-20 09:12:24,609] Trial 1364 finished with value: 0.5068602823296536 and parameters: {'w0': 0.14500000000000002, 'w1': 0.794, 'w2': 0.098, 'w3': 0.429, 'w4': 0.926, 'w5': 0.894, 'w6': 0.404, 'w7': 0.101, 'w8': 0.709, 'max_depth': 9, 'min_child_weight': 14, 'subsample': 0.9000000000000001, 'colsample_bytree': 0.9000000000000001, 'gamma': 0.0}. Best is trial 1267 with value: 0.5099314743075365.
[I 2023-10-20 09:12:24,904] Trial 1374 finished with value: 0.4947342293183049 and parameters: {'w0': 0.146, 'w1': 0.964, 'w2': 0.101, 'w3': 0.47200000000000003, 'w4': 0.919, 'w5': 0.927, 'w6': 0.362, 'w7': 0.077, 'w8': 0.789, 'max_depth': 10, 'min_child_weight': 18, 'subsample': 0.8, 'colsample_bytree': 0.6000000000000001, 'gamma': 1.2000000000000002}. Best is trial 1267 with value: 0.5099314743075365.
[I 2023-10-20 09:14:15,597] Trial 1365 finished with value: 0.5063239837540874 and parameters: {'w0': 0.146, 'w1': 0.854, 'w2': 0.096, 'w3': 0.428, 'w4': 0.915, 'w5': 0.964, 'w6': 0.398, 'w7': 0.077, 'w8': 0.712, 'max_depth': 9, 'min_child_weight': 14, 'subsample': 0.8, 'colsample_bytree': 0.9000000000000001, 'gamma': 0.0}. Best is trial 1267 with value: 0.5099314743075365.
[I 2023-10-20 09:15:58,673] Trial 1366 finished with value: 0.5062932701691856 and parameters: {'w0': 0.14400000000000002, 'w1': 0.784, 'w2': 0.1, 'w3': 0.422, 'w4': 0.931, 'w5': 0.963, 'w6': 0.34800000000000003, 'w7': 0.084, 'w8': 0.7040000000000001, 'max_depth': 9, 'min_child_weight': 14, 'subsample': 0.8, 'colsample_bytree': 0.9000000000000001, 'gamma': 0.0}. Best is trial 1267 with value: 0.5099314743075365.
[I 2023-10-20 09:16:02,209] Trial 1372 finished with value: 0.4984484852751223 and parameters: {'w0': 0.148, 'w1': 0.965, 'w2': 0.095, 'w3': 0.47300000000000003, 'w4': 0.929, 'w5': 0.896, 'w6': 0.486, 'w7': 0.07200000000000001, 'w8': 0.707, 'max_depth': 10, 'min_child_weight': 14, 'subsample': 0.9000000000000001, 'colsample_bytree': 0.6000000000000001, 'gamma': 0.4}. Best is trial 1267 with value: 0.5099314743075365.
[I 2023-10-20 09:16:28,796] Trial 1373 finished with value: 0.4987210597261053 and parameters: {'w0': 0.15, 'w1': 0.976, 'w2': 0.093, 'w3': 0.47300000000000003, 'w4': 0.919, 'w5': 0.931, 'w6': 0.485, 'w7': 0.075, 'w8': 0.788, 'max_depth': 10, 'min_child_weight': 18, 'subsample': 0.9000000000000001, 'colsample_bytree': 0.6000000000000001, 'gamma': 0.4}. Best is trial 1267 with value: 0.5099314743075365.
