[I 2023-10-19 17:49:20,883] Trial 276 finished with value: 0.4891963074416556 and parameters: {'w0': 0.241, 'w1': 0.426, 'w2': 0.245, 'w3': 0.587, 'w4': 0.613, 'w5': 0.653, 'w6': 0.333, 'w7': 0.157, 'w8': 0.651, 'max_depth': 9, 'min_child_weight': 18, 'subsample': 0.8, 'colsample_bytree': 1.0, 'gamma': 0.6000000000000001}. Best is trial 251 with value: 0.4983696159519967.
[I 2023-10-19 17:49:47,675] Trial 277 finished with value: 0.4887723278780303 and parameters: {'w0': 0.23500000000000001, 'w1': 0.374, 'w2': 0.23, 'w3': 0.583, 'w4': 0.579, 'w5': 0.77, 'w6': 0.335, 'w7': 0.199, 'w8': 0.656, 'max_depth': 9, 'min_child_weight': 18, 'subsample': 0.8, 'colsample_bytree': 1.0, 'gamma': 0.6000000000000001}. Best is trial 251 with value: 0.4983696159519967.
[I 2023-10-19 17:49:47,759] Trial 278 finished with value: 0.4905999581638933 and parameters: {'w0': 0.24000000000000002, 'w1': 0.442, 'w2': 0.233, 'w3': 0.546, 'w4': 0.582, 'w5': 0.929, 'w6': 0.338, 'w7': 0.162, 'w8': 0.655, 'max_depth': 9, 'min_child_weight': 18, 'subsample': 0.8, 'colsample_bytree': 1.0, 'gamma': 0.6000000000000001}. Best is trial 251 with value: 0.4983696159519967.
[I 2023-10-19 17:50:07,984] Trial 281 finished with value: 0.4979331996952994 and parameters: {'w0': 0.23900000000000002, 'w1': 0.435, 'w2': 0.23600000000000002, 'w3': 0.578, 'w4': 0.928, 'w5': 0.928, 'w6': 0.389, 'w7': 0.132, 'w8': 0.726, 'max_depth': 8, 'min_child_weight': 10, 'subsample': 0.8, 'colsample_bytree': 1.0, 'gamma': 0.6000000000000001}. Best is trial 251 with value: 0.4983696159519967.
[I 2023-10-19 17:51:21,466] Trial 280 finished with value: 0.4741199348115259 and parameters: {'w0': 0.24000000000000002, 'w1': 0.885, 'w2': 0.619, 'w3': 0.537, 'w4': 0.919, 'w5': 0.775, 'w6': 0.339, 'w7': 0.074, 'w8': 0.654, 'max_depth': 9, 'min_child_weight': 18, 'subsample': 0.8, 'colsample_bytree': 1.0, 'gamma': 0.6000000000000001}. Best is trial 251 with value: 0.4983696159519967.
[I 2023-10-19 17:51:31,623] Trial 279 finished with value: 0.4870404867879312 and parameters: {'w0': 0.23500000000000001, 'w1': 0.44, 'w2': 0.233, 'w3': 0.533, 'w4': 0.622, 'w5': 0.652, 'w6': 0.34500000000000003, 'w7': 0.265, 'w8': 0.971, 'max_depth': 9, 'min_child_weight': 10, 'subsample': 0.8, 'colsample_bytree': 1.0, 'gamma': 0.6000000000000001}. Best is trial 251 with value: 0.4983696159519967.
[I 2023-10-19 17:52:29,987] Trial 282 finished with value: 0.48766933412382696 and parameters: {'w0': 0.234, 'w1': 0.399, 'w2': 0.234, 'w3': 0.54, 'w4': 0.615, 'w5': 0.933, 'w6': 0.354, 'w7': 0.268, 'w8': 0.487, 'max_depth': 8, 'min_child_weight': 10, 'subsample': 0.8, 'colsample_bytree': 1.0, 'gamma': 0.6000000000000001}. Best is trial 251 with value: 0.4983696159519967.
[I 2023-10-19 17:54:01,692] Trial 283 finished with value: 0.4931629843530251 and parameters: {'w0': 0.242, 'w1': 0.467, 'w2': 0.233, 'w3': 0.562, 'w4': 0.618, 'w5': 0.911, 'w6': 0.406, 'w7': 0.154, 'w8': 0.661, 'max_depth': 8, 'min_child_weight': 10, 'subsample': 0.8, 'colsample_bytree': 1.0, 'gamma': 0.6000000000000001}. Best is trial 251 with value: 0.4983696159519967.
[I 2023-10-19 17:54:41,689] Trial 285 finished with value: 0.4821190929482534 and parameters: {'w0': 0.241, 'w1': 0.426, 'w2': 0.244, 'w3': 0.545, 'w4': 0.619, 'w5': 0.937, 'w6': 0.399, 'w7': 0.08800000000000001, 'w8': 0.47700000000000004, 'max_depth': 8, 'min_child_weight': 10, 'subsample': 0.9000000000000001, 'colsample_bytree': 1.0, 'gamma': 0.6000000000000001}. Best is trial 251 with value: 0.4983696159519967.
[I 2023-10-19 17:54:43,239] Trial 284 finished with value: 0.49525141816043594 and parameters: {'w0': 0.223, 'w1': 0.431, 'w2': 0.233, 'w3': 0.535, 'w4': 0.625, 'w5': 0.772, 'w6': 0.332, 'w7': 0.163, 'w8': 0.47900000000000004, 'max_depth': 8, 'min_child_weight': 10, 'subsample': 0.8, 'colsample_bytree': 1.0, 'gamma': 0.6000000000000001}. Best is trial 251 with value: 0.4983696159519967.
[I 2023-10-19 17:56:01,895] Trial 286 finished with value: 0.4723838665706572 and parameters: {'w0': 0.244, 'w1': 0.514, 'w2': 0.193, 'w3': 0.5680000000000001, 'w4': 0.619, 'w5': 0.011, 'w6': 0.389, 'w7': 0.089, 'w8': 0.49, 'max_depth': 8, 'min_child_weight': 10, 'subsample': 0.8, 'colsample_bytree': 1.0, 'gamma': 0.6000000000000001}. Best is trial 251 with value: 0.4983696159519967.
[I 2023-10-19 17:58:11,584] Trial 289 finished with value: 0.4993837501645033 and parameters: {'w0': 0.129, 'w1': 0.839, 'w2': 0.246, 'w3': 0.556, 'w4': 0.918, 'w5': 0.634, 'w6': 0.4, 'w7': 0.156, 'w8': 0.761, 'max_depth': 8, 'min_child_weight': 18, 'subsample': 0.8, 'colsample_bytree': 1.0, 'gamma': 0.6000000000000001}. Best is trial 289 with value: 0.4993837501645033.
[I 2023-10-19 17:58:30,671] Trial 288 finished with value: 0.49652086585909416 and parameters: {'w0': 0.11800000000000001, 'w1': 0.758, 'w2': 0.247, 'w3': 0.5660000000000001, 'w4': 0.922, 'w5': 0.934, 'w6': 0.391, 'w7': 0.157, 'w8': 0.483, 'max_depth': 8, 'min_child_weight': 18, 'subsample': 0.8, 'colsample_bytree': 1.0, 'gamma': 0.6000000000000001}. Best is trial 289 with value: 0.4993837501645033.
[I 2023-10-19 17:58:48,174] Trial 287 finished with value: 0.4713650181946261 and parameters: {'w0': 0.462, 'w1': 0.385, 'w2': 0.195, 'w3': 0.561, 'w4': 0.621, 'w5': 0.933, 'w6': 0.396, 'w7': 0.08700000000000001, 'w8': 0.602, 'max_depth': 8, 'min_child_weight': 10, 'subsample': 0.8, 'colsample_bytree': 1.0, 'gamma': 0.6000000000000001}. Best is trial 289 with value: 0.4993837501645033.
[I 2023-10-19 18:01:06,235] Trial 290 finished with value: 0.49865762090210247 and parameters: {'w0': 0.126, 'w1': 0.8230000000000001, 'w2': 0.249, 'w3': 0.5660000000000001, 'w4': 0.876, 'w5': 0.622, 'w6': 0.395, 'w7': 0.157, 'w8': 0.743, 'max_depth': 9, 'min_child_weight': 18, 'subsample': 0.8, 'colsample_bytree': 1.0, 'gamma': 0.6000000000000001}. Best is trial 289 with value: 0.4993837501645033.
[I 2023-10-19 18:02:53,747] Trial 291 finished with value: 0.4971978571961551 and parameters: {'w0': 0.166, 'w1': 0.382, 'w2': 0.244, 'w3': 0.5640000000000001, 'w4': 0.899, 'w5': 0.626, 'w6': 0.397, 'w7': 0.158, 'w8': 0.761, 'max_depth': 9, 'min_child_weight': 18, 'subsample': 0.8, 'colsample_bytree': 1.0, 'gamma': 0.6000000000000001}. Best is trial 289 with value: 0.4993837501645033.
[I 2023-10-19 18:03:25,828] Trial 292 finished with value: 0.49906410298378984 and parameters: {'w0': 0.124, 'w1': 0.848, 'w2': 0.248, 'w3': 0.556, 'w4': 0.922, 'w5': 0.62, 'w6': 0.395, 'w7': 0.156, 'w8': 0.47400000000000003, 'max_depth': 9, 'min_child_weight': 18, 'subsample': 0.8, 'colsample_bytree': 1.0, 'gamma': 0.6000000000000001}. Best is trial 289 with value: 0.4993837501645033.
[I 2023-10-19 18:03:35,252] Trial 293 finished with value: 0.4915739702718012 and parameters: {'w0': 0.128, 'w1': 0.845, 'w2': 0.247, 'w3': 0.56, 'w4': 0.896, 'w5': 0.62, 'w6': 0.392, 'w7': 0.098, 'w8': 0.773, 'max_depth': 9, 'min_child_weight': 18, 'subsample': 0.8, 'colsample_bytree': 1.0, 'gamma': 0.6000000000000001}. Best is trial 289 with value: 0.4993837501645033.
[I 2023-10-19 18:03:38,649] Trial 294 finished with value: 0.49767858096042733 and parameters: {'w0': 0.12000000000000001, 'w1': 0.8330000000000001, 'w2': 0.198, 'w3': 0.534, 'w4': 0.935, 'w5': 0.9460000000000001, 'w6': 0.396, 'w7': 0.159, 'w8': 0.462, 'max_depth': 9, 'min_child_weight': 18, 'subsample': 0.8, 'colsample_bytree': 1.0, 'gamma': 0.6000000000000001}. Best is trial 289 with value: 0.4993837501645033.
[I 2023-10-19 18:04:15,192] Trial 296 finished with value: 0.4745398970956102 and parameters: {'w0': 0.049, 'w1': 0.369, 'w2': 0.253, 'w3': 0.559, 'w4': 0.93, 'w5': 0.9410000000000001, 'w6': 0.387, 'w7': 0.148, 'w8': 0.47500000000000003, 'max_depth': 9, 'min_child_weight': 18, 'subsample': 0.8, 'colsample_bytree': 1.0, 'gamma': 0.6000000000000001}. Best is trial 289 with value: 0.4993837501645033.
[I 2023-10-19 18:04:33,333] Trial 295 finished with value: 0.5007376038021978 and parameters: {'w0': 0.121, 'w1': 0.863, 'w2': 0.252, 'w3': 0.5640000000000001, 'w4': 0.88, 'w5': 0.9380000000000001, 'w6': 0.391, 'w7': 0.157, 'w8': 0.774, 'max_depth': 9, 'min_child_weight': 18, 'subsample': 0.8, 'colsample_bytree': 1.0, 'gamma': 0.6000000000000001}. Best is trial 295 with value: 0.5007376038021978.
[I 2023-10-19 18:06:01,482] Trial 298 finished with value: 0.4881577107167825 and parameters: {'w0': 0.254, 'w1': 0.372, 'w2': 0.203, 'w3': 0.5630000000000001, 'w4': 0.932, 'w5': 0.971, 'w6': 0.303, 'w7': 0.109, 'w8': 0.491, 'max_depth': 9, 'min_child_weight': 18, 'subsample': 0.8, 'colsample_bytree': 1.0, 'gamma': 0.6000000000000001}. Best is trial 295 with value: 0.5007376038021978.
[I 2023-10-19 18:06:07,952] Trial 297 finished with value: 0.4967564494652908 and parameters: {'w0': 0.11800000000000001, 'w1': 0.8180000000000001, 'w2': 0.246, 'w3': 0.558, 'w4': 0.889, 'w5': 0.9520000000000001, 'w6': 0.392, 'w7': 0.159, 'w8': 0.754, 'max_depth': 9, 'min_child_weight': 18, 'subsample': 0.8, 'colsample_bytree': 1.0, 'gamma': 0.6000000000000001}. Best is trial 295 with value: 0.5007376038021978.
[I 2023-10-19 18:07:00,171] Trial 299 finished with value: 0.48841414155052415 and parameters: {'w0': 0.11900000000000001, 'w1': 0.361, 'w2': 0.252, 'w3': 0.558, 'w4': 0.896, 'w5': 0.9450000000000001, 'w6': 0.396, 'w7': 0.098, 'w8': 0.6900000000000001, 'max_depth': 9, 'min_child_weight': 18, 'subsample': 0.8, 'colsample_bytree': 0.9000000000000001, 'gamma': 0.6000000000000001}. Best is trial 295 with value: 0.5007376038021978.
[I 2023-10-19 18:08:11,720] Trial 301 finished with value: 0.4985890014867686 and parameters: {'w0': 0.17, 'w1': 0.379, 'w2': 0.2, 'w3': 0.5670000000000001, 'w4': 0.905, 'w5': 0.913, 'w6': 0.386, 'w7': 0.149, 'w8': 0.462, 'max_depth': 9, 'min_child_weight': 18, 'subsample': 0.8, 'colsample_bytree': 1.0, 'gamma': 0.6000000000000001}. Best is trial 295 with value: 0.5007376038021978.
[I 2023-10-19 18:08:18,250] Trial 300 finished with value: 0.504519000390951 and parameters: {'w0': 0.121, 'w1': 0.845, 'w2': 0.195, 'w3': 0.554, 'w4': 0.917, 'w5': 0.932, 'w6': 0.386, 'w7': 0.156, 'w8': 0.47900000000000004, 'max_depth': 9, 'min_child_weight': 18, 'subsample': 0.8, 'colsample_bytree': 0.9000000000000001, 'gamma': 0.6000000000000001}. Best is trial 300 with value: 0.504519000390951.
[I 2023-10-19 18:10:20,361] Trial 302 finished with value: 0.501349684309695 and parameters: {'w0': 0.17500000000000002, 'w1': 0.844, 'w2': 0.203, 'w3': 0.5660000000000001, 'w4': 0.887, 'w5': 0.9450000000000001, 'w6': 0.387, 'w7': 0.154, 'w8': 0.463, 'max_depth': 9, 'min_child_weight': 18, 'subsample': 0.8, 'colsample_bytree': 0.9000000000000001, 'gamma': 0.6000000000000001}. Best is trial 300 with value: 0.504519000390951.
[I 2023-10-19 18:10:22,497] Trial 303 finished with value: 0.5021477875902239 and parameters: {'w0': 0.128, 'w1': 0.8160000000000001, 'w2': 0.202, 'w3': 0.5690000000000001, 'w4': 0.892, 'w5': 0.9460000000000001, 'w6': 0.327, 'w7': 0.157, 'w8': 0.756, 'max_depth': 9, 'min_child_weight': 18, 'subsample': 0.8, 'colsample_bytree': 1.0, 'gamma': 0.8}. Best is trial 300 with value: 0.504519000390951.
[I 2023-10-19 18:10:39,826] Trial 305 finished with value: 0.4897756093001191 and parameters: {'w0': 0.114, 'w1': 0.839, 'w2': 0.252, 'w3': 0.5680000000000001, 'w4': 0.883, 'w5': 0.9580000000000001, 'w6': 0.329, 'w7': 0.157, 'w8': 0.465, 'max_depth': 8, 'min_child_weight': 18, 'subsample': 0.8, 'colsample_bytree': 0.9000000000000001, 'gamma': 0.8}. Best is trial 300 with value: 0.504519000390951.
[I 2023-10-19 18:11:47,766] Trial 304 finished with value: 0.4971660907819545 and parameters: {'w0': 0.11900000000000001, 'w1': 0.357, 'w2': 0.203, 'w3': 0.562, 'w4': 0.878, 'w5': 0.98, 'w6': 0.301, 'w7': 0.16, 'w8': 0.7030000000000001, 'max_depth': 8, 'min_child_weight': 18, 'subsample': 0.8, 'colsample_bytree': 0.9000000000000001, 'gamma': 0.6000000000000001}. Best is trial 300 with value: 0.504519000390951.
[I 2023-10-19 18:15:53,922] Trial 306 finished with value: 0.4980120452503917 and parameters: {'w0': 0.12000000000000001, 'w1': 0.856, 'w2': 0.248, 'w3': 0.556, 'w4': 0.897, 'w5': 0.975, 'w6': 0.328, 'w7': 0.158, 'w8': 0.46, 'max_depth': 8, 'min_child_weight': 18, 'subsample': 0.8, 'colsample_bytree': 0.9000000000000001, 'gamma': 0.4}. Best is trial 300 with value: 0.504519000390951.
[I 2023-10-19 18:17:49,759] Trial 307 finished with value: 0.4941178631220541 and parameters: {'w0': 0.114, 'w1': 0.8180000000000001, 'w2': 0.254, 'w3': 0.56, 'w4': 0.892, 'w5': 0.9490000000000001, 'w6': 0.33, 'w7': 0.152, 'w8': 0.685, 'max_depth': 8, 'min_child_weight': 18, 'subsample': 0.8, 'colsample_bytree': 0.9000000000000001, 'gamma': 0.4}. Best is trial 300 with value: 0.504519000390951.
[I 2023-10-19 18:19:04,457] Trial 310 finished with value: 0.4967375349217721 and parameters: {'w0': 0.116, 'w1': 0.8330000000000001, 'w2': 0.203, 'w3': 0.561, 'w4': 0.885, 'w5': 0.619, 'w6': 0.39, 'w7': 0.158, 'w8': 0.766, 'max_depth': 9, 'min_child_weight': 18, 'subsample': 0.8, 'colsample_bytree': 0.9000000000000001, 'gamma': 0.4}. Best is trial 300 with value: 0.504519000390951.
[I 2023-10-19 18:19:14,604] Trial 309 finished with value: 0.4968473534234794 and parameters: {'w0': 0.115, 'w1': 0.838, 'w2': 0.249, 'w3': 0.558, 'w4': 0.897, 'w5': 0.976, 'w6': 0.368, 'w7': 0.157, 'w8': 0.46900000000000003, 'max_depth': 9, 'min_child_weight': 18, 'subsample': 0.8, 'colsample_bytree': 0.9000000000000001, 'gamma': 0.4}. Best is trial 300 with value: 0.504519000390951.
[I 2023-10-19 18:19:15,318] Trial 308 finished with value: 0.499918826363195 and parameters: {'w0': 0.11900000000000001, 'w1': 0.8270000000000001, 'w2': 0.25, 'w3': 0.559, 'w4': 0.901, 'w5': 0.612, 'w6': 0.38, 'w7': 0.151, 'w8': 0.6980000000000001, 'max_depth': 9, 'min_child_weight': 18, 'subsample': 0.8, 'colsample_bytree': 0.9000000000000001, 'gamma': 0.4}. Best is trial 300 with value: 0.504519000390951.
[I 2023-10-19 18:19:37,229] Trial 311 finished with value: 0.5024501728577909 and parameters: {'w0': 0.128, 'w1': 0.838, 'w2': 0.20400000000000001, 'w3': 0.557, 'w4': 0.885, 'w5': 0.975, 'w6': 0.383, 'w7': 0.159, 'w8': 0.768, 'max_depth': 9, 'min_child_weight': 20, 'subsample': 0.8, 'colsample_bytree': 0.9000000000000001, 'gamma': 0.4}. Best is trial 300 with value: 0.504519000390951.
[I 2023-10-19 18:20:19,790] Trial 312 finished with value: 0.5004332631733955 and parameters: {'w0': 0.112, 'w1': 0.836, 'w2': 0.20800000000000002, 'w3': 0.558, 'w4': 0.864, 'w5': 0.967, 'w6': 0.382, 'w7': 0.161, 'w8': 0.768, 'max_depth': 9, 'min_child_weight': 18, 'subsample': 0.8, 'colsample_bytree': 1.0, 'gamma': 0.2}. Best is trial 300 with value: 0.504519000390951.
[I 2023-10-19 18:21:49,515] Trial 313 finished with value: 0.5022398766538136 and parameters: {'w0': 0.116, 'w1': 0.839, 'w2': 0.20600000000000002, 'w3': 0.548, 'w4': 0.879, 'w5': 0.974, 'w6': 0.385, 'w7': 0.163, 'w8': 0.772, 'max_depth': 9, 'min_child_weight': 18, 'subsample': 0.8, 'colsample_bytree': 0.9000000000000001, 'gamma': 0.2}. Best is trial 300 with value: 0.504519000390951.
[I 2023-10-19 18:22:05,445] Trial 314 finished with value: 0.5008911541986811 and parameters: {'w0': 0.116, 'w1': 0.8270000000000001, 'w2': 0.214, 'w3': 0.545, 'w4': 0.886, 'w5': 0.979, 'w6': 0.386, 'w7': 0.15, 'w8': 0.763, 'max_depth': 9, 'min_child_weight': 18, 'subsample': 0.8, 'colsample_bytree': 1.0, 'gamma': 0.4}. Best is trial 300 with value: 0.504519000390951.
[I 2023-10-19 18:23:00,547] Trial 315 finished with value: 0.501364363445774 and parameters: {'w0': 0.108, 'w1': 0.837, 'w2': 0.202, 'w3': 0.537, 'w4': 0.888, 'w5': 0.983, 'w6': 0.379, 'w7': 0.157, 'w8': 0.767, 'max_depth': 9, 'min_child_weight': 18, 'subsample': 0.8, 'colsample_bytree': 0.9000000000000001, 'gamma': 0.2}. Best is trial 300 with value: 0.504519000390951.
[I 2023-10-19 18:23:51,346] Trial 316 finished with value: 0.5014301534891187 and parameters: {'w0': 0.115, 'w1': 0.8320000000000001, 'w2': 0.201, 'w3': 0.54, 'w4': 0.897, 'w5': 0.972, 'w6': 0.383, 'w7': 0.161, 'w8': 0.768, 'max_depth': 9, 'min_child_weight': 18, 'subsample': 0.8, 'colsample_bytree': 0.9000000000000001, 'gamma': 0.2}. Best is trial 300 with value: 0.504519000390951.
[I 2023-10-19 18:24:05,773] Trial 317 finished with value: 0.5019163023847273 and parameters: {'w0': 0.109, 'w1': 0.8290000000000001, 'w2': 0.202, 'w3': 0.537, 'w4': 0.881, 'w5': 0.9580000000000001, 'w6': 0.382, 'w7': 0.154, 'w8': 0.758, 'max_depth': 9, 'min_child_weight': 18, 'subsample': 0.8, 'colsample_bytree': 0.9000000000000001, 'gamma': 0.2}. Best is trial 300 with value: 0.504519000390951.
[I 2023-10-19 18:25:35,497] Trial 319 finished with value: 0.49986728060245966 and parameters: {'w0': 0.106, 'w1': 0.838, 'w2': 0.195, 'w3': 0.545, 'w4': 0.885, 'w5': 0.962, 'w6': 0.381, 'w7': 0.156, 'w8': 0.773, 'max_depth': 9, 'min_child_weight': 18, 'subsample': 0.8, 'colsample_bytree': 0.8, 'gamma': 0.2}. Best is trial 300 with value: 0.504519000390951.
[I 2023-10-19 18:26:17,012] Trial 318 finished with value: 0.49946614361514424 and parameters: {'w0': 0.11, 'w1': 0.843, 'w2': 0.20700000000000002, 'w3': 0.541, 'w4': 0.882, 'w5': 0.9570000000000001, 'w6': 0.382, 'w7': 0.16, 'w8': 0.428, 'max_depth': 9, 'min_child_weight': 18, 'subsample': 0.8, 'colsample_bytree': 0.9000000000000001, 'gamma': 0.2}. Best is trial 300 with value: 0.504519000390951.
[I 2023-10-19 18:26:38,271] Trial 320 finished with value: 0.5061035747408147 and parameters: {'w0': 0.115, 'w1': 0.8220000000000001, 'w2': 0.164, 'w3': 0.536, 'w4': 0.88, 'w5': 0.969, 'w6': 0.373, 'w7': 0.159, 'w8': 0.772, 'max_depth': 9, 'min_child_weight': 18, 'subsample': 0.8, 'colsample_bytree': 0.9000000000000001, 'gamma': 0.2}. Best is trial 320 with value: 0.5061035747408147.
[I 2023-10-19 18:27:30,556] Trial 321 finished with value: 0.4965867189032124 and parameters: {'w0': 0.116, 'w1': 0.8230000000000001, 'w2': 0.161, 'w3': 0.528, 'w4': 0.872, 'w5': 1.0, 'w6': 0.386, 'w7': 0.163, 'w8': 0.422, 'max_depth': 9, 'min_child_weight': 18, 'subsample': 0.7, 'colsample_bytree': 0.9000000000000001, 'gamma': 0.2}. Best is trial 320 with value: 0.5061035747408147.
[I 2023-10-19 18:30:55,643] Trial 322 finished with value: 0.5015272257919217 and parameters: {'w0': 0.107, 'w1': 0.8150000000000001, 'w2': 0.17200000000000001, 'w3': 0.534, 'w4': 0.872, 'w5': 0.972, 'w6': 0.382, 'w7': 0.155, 'w8': 0.423, 'max_depth': 9, 'min_child_weight': 20, 'subsample': 0.7, 'colsample_bytree': 0.9000000000000001, 'gamma': 0.2}. Best is trial 320 with value: 0.5061035747408147.
[I 2023-10-19 18:33:12,312] Trial 323 finished with value: 0.500189142893618 and parameters: {'w0': 0.109, 'w1': 0.8140000000000001, 'w2': 0.153, 'w3': 0.532, 'w4': 0.873, 'w5': 0.971, 'w6': 0.37, 'w7': 0.151, 'w8': 0.752, 'max_depth': 9, 'min_child_weight': 20, 'subsample': 0.7, 'colsample_bytree': 0.9000000000000001, 'gamma': 0.2}. Best is trial 320 with value: 0.5061035747408147.
[I 2023-10-19 18:34:25,308] Trial 325 finished with value: 0.4956268034275763 and parameters: {'w0': 0.106, 'w1': 0.8180000000000001, 'w2': 0.164, 'w3': 0.545, 'w4': 0.856, 'w5': 0.992, 'w6': 0.366, 'w7': 0.155, 'w8': 0.427, 'max_depth': 9, 'min_child_weight': 20, 'subsample': 0.7, 'colsample_bytree': 0.9000000000000001, 'gamma': 0.2}. Best is trial 320 with value: 0.5061035747408147.
[I 2023-10-19 18:34:27,160] Trial 324 finished with value: 0.5012485490516183 and parameters: {'w0': 0.10500000000000001, 'w1': 0.8200000000000001, 'w2': 0.166, 'w3': 0.537, 'w4': 0.865, 'w5': 0.988, 'w6': 0.37, 'w7': 0.156, 'w8': 0.431, 'max_depth': 9, 'min_child_weight': 20, 'subsample': 0.8, 'colsample_bytree': 0.9000000000000001, 'gamma': 0.2}. Best is trial 320 with value: 0.5061035747408147.
[I 2023-10-19 18:34:38,987] Trial 326 finished with value: 0.5019163932765002 and parameters: {'w0': 0.108, 'w1': 0.8170000000000001, 'w2': 0.169, 'w3': 0.532, 'w4': 0.855, 'w5': 0.979, 'w6': 0.365, 'w7': 0.158, 'w8': 0.769, 'max_depth': 9, 'min_child_weight': 20, 'subsample': 0.7, 'colsample_bytree': 0.9000000000000001, 'gamma': 0.4}. Best is trial 320 with value: 0.5061035747408147.
[I 2023-10-19 18:34:40,802] Trial 327 finished with value: 0.49846575259536074 and parameters: {'w0': 0.10400000000000001, 'w1': 0.869, 'w2': 0.157, 'w3': 0.533, 'w4': 0.856, 'w5': 0.999, 'w6': 0.371, 'w7': 0.162, 'w8': 0.419, 'max_depth': 9, 'min_child_weight': 20, 'subsample': 0.7, 'colsample_bytree': 0.9000000000000001, 'gamma': 0.2}. Best is trial 320 with value: 0.5061035747408147.
[I 2023-10-19 18:35:16,615] Trial 328 finished with value: 0.4996109671998976 and parameters: {'w0': 0.1, 'w1': 0.876, 'w2': 0.149, 'w3': 0.534, 'w4': 0.848, 'w5': 0.995, 'w6': 0.361, 'w7': 0.161, 'w8': 0.756, 'max_depth': 9, 'min_child_weight': 20, 'subsample': 0.7, 'colsample_bytree': 0.9000000000000001, 'gamma': 0.2}. Best is trial 320 with value: 0.5061035747408147.
[I 2023-10-19 18:36:46,606] Trial 329 finished with value: 0.4999510780766789 and parameters: {'w0': 0.10400000000000001, 'w1': 0.889, 'w2': 0.157, 'w3': 0.537, 'w4': 0.86, 'w5': 0.984, 'w6': 0.365, 'w7': 0.165, 'w8': 0.754, 'max_depth': 9, 'min_child_weight': 20, 'subsample': 0.7, 'colsample_bytree': 0.9000000000000001, 'gamma': 0.2}. Best is trial 320 with value: 0.5061035747408147.
[I 2023-10-19 18:37:33,335] Trial 330 finished with value: 0.49712135314243955 and parameters: {'w0': 0.10300000000000001, 'w1': 0.87, 'w2': 0.167, 'w3': 0.544, 'w4': 0.861, 'w5': 0.99, 'w6': 0.365, 'w7': 0.161, 'w8': 0.763, 'max_depth': 9, 'min_child_weight': 20, 'subsample': 0.7, 'colsample_bytree': 0.9000000000000001, 'gamma': 0.2}. Best is trial 320 with value: 0.5061035747408147.
[I 2023-10-19 18:38:17,811] Trial 331 finished with value: 0.4989938094140041 and parameters: {'w0': 0.101, 'w1': 0.873, 'w2': 0.167, 'w3': 0.531, 'w4': 0.858, 'w5': 0.988, 'w6': 0.365, 'w7': 0.16, 'w8': 0.762, 'max_depth': 9, 'min_child_weight': 20, 'subsample': 0.7, 'colsample_bytree': 0.9000000000000001, 'gamma': 0.2}. Best is trial 320 with value: 0.5061035747408147.
