[I 2023-10-20 21:16:19,732] Trial 252 finished with value: 0.40335494566515073 and parameters: {'w0': 0.41000000000000003, 'w1': 0.777, 'w2': 0.499, 'w3': 0.543, 'w4': 0.114, 'w5': 0.781, 'w6': 0.888, 'w7': 0.599, 'w8': 0.996, 'max_depth': 9, 'min_child_weight': 6, 'subsample': 0.5, 'colsample_bytree': 1.0, 'gamma': 1.2000000000000002}. Best is trial 232 with value: 0.4070148284590494.
[I 2023-10-20 21:17:56,432] Trial 253 finished with value: 0.4074407622523345 and parameters: {'w0': 0.41000000000000003, 'w1': 0.775, 'w2': 0.534, 'w3': 0.556, 'w4': 0.11, 'w5': 0.787, 'w6': 0.908, 'w7': 0.6, 'w8': 0.995, 'max_depth': 9, 'min_child_weight': 6, 'subsample': 0.5, 'colsample_bytree': 1.0, 'gamma': 1.2000000000000002}. Best is trial 253 with value: 0.4074407622523345.
[I 2023-10-20 21:18:17,726] Trial 254 finished with value: 0.39816641933148844 and parameters: {'w0': 0.4, 'w1': 0.761, 'w2': 0.527, 'w3': 0.541, 'w4': 0.057, 'w5': 0.308, 'w6': 0.914, 'w7': 0.585, 'w8': 0.998, 'max_depth': 9, 'min_child_weight': 6, 'subsample': 0.5, 'colsample_bytree': 1.0, 'gamma': 1.2000000000000002}. Best is trial 253 with value: 0.4074407622523345.
[I 2023-10-20 21:20:23,923] Trial 261 finished with value: 0.35915911928087624 and parameters: {'w0': 0.397, 'w1': 0.809, 'w2': 0.494, 'w3': 0.494, 'w4': 0.059000000000000004, 'w5': 0.296, 'w6': 0.908, 'w7': 0.003, 'w8': 1.0, 'max_depth': 9, 'min_child_weight': 6, 'subsample': 0.5, 'colsample_bytree': 1.0, 'gamma': 1.2000000000000002}. Best is trial 253 with value: 0.4074407622523345.
[I 2023-10-20 21:20:24,990] Trial 256 finished with value: 0.4006205638176661 and parameters: {'w0': 0.653, 'w1': 0.76, 'w2': 0.531, 'w3': 0.537, 'w4': 0.10500000000000001, 'w5': 0.299, 'w6': 0.904, 'w7': 0.586, 'w8': 0.997, 'max_depth': 9, 'min_child_weight': 6, 'subsample': 0.5, 'colsample_bytree': 1.0, 'gamma': 1.2000000000000002}. Best is trial 253 with value: 0.4074407622523345.
[I 2023-10-20 21:20:32,942] Trial 255 finished with value: 0.405283930184007 and parameters: {'w0': 0.393, 'w1': 0.812, 'w2': 0.531, 'w3': 0.535, 'w4': 0.067, 'w5': 0.707, 'w6': 0.904, 'w7': 0.589, 'w8': 0.995, 'max_depth': 9, 'min_child_weight': 6, 'subsample': 0.5, 'colsample_bytree': 1.0, 'gamma': 1.2000000000000002}. Best is trial 253 with value: 0.4074407622523345.
[I 2023-10-20 21:20:58,560] Trial 257 finished with value: 0.4030419703513465 and parameters: {'w0': 0.656, 'w1': 0.757, 'w2': 0.523, 'w3': 0.54, 'w4': 0.068, 'w5': 0.297, 'w6': 0.89, 'w7': 0.582, 'w8': 1.0, 'max_depth': 9, 'min_child_weight': 6, 'subsample': 0.5, 'colsample_bytree': 1.0, 'gamma': 1.2000000000000002}. Best is trial 253 with value: 0.4074407622523345.
[I 2023-10-20 21:21:34,540] Trial 258 finished with value: 0.4033926107727752 and parameters: {'w0': 0.634, 'w1': 0.764, 'w2': 0.525, 'w3': 0.541, 'w4': 0.063, 'w5': 0.709, 'w6': 0.898, 'w7': 0.579, 'w8': 0.998, 'max_depth': 9, 'min_child_weight': 6, 'subsample': 0.5, 'colsample_bytree': 1.0, 'gamma': 1.2000000000000002}. Best is trial 253 with value: 0.4074407622523345.
[I 2023-10-20 21:21:44,447] Trial 262 finished with value: 0.40221827511018265 and parameters: {'w0': 0.635, 'w1': 0.805, 'w2': 0.502, 'w3': 0.495, 'w4': 0.061, 'w5': 0.302, 'w6': 0.904, 'w7': 0.588, 'w8': 1.0, 'max_depth': 9, 'min_child_weight': 6, 'subsample': 0.5, 'colsample_bytree': 1.0, 'gamma': 1.6}. Best is trial 253 with value: 0.4074407622523345.
[I 2023-10-20 21:22:17,758] Trial 259 finished with value: 0.40301004939877705 and parameters: {'w0': 0.664, 'w1': 0.759, 'w2': 0.52, 'w3': 0.545, 'w4': 0.061, 'w5': 0.71, 'w6': 0.908, 'w7': 0.585, 'w8': 0.998, 'max_depth': 9, 'min_child_weight': 6, 'subsample': 0.5, 'colsample_bytree': 1.0, 'gamma': 1.2000000000000002}. Best is trial 253 with value: 0.4074407622523345.
[I 2023-10-20 21:22:46,301] Trial 260 finished with value: 0.401997589859501 and parameters: {'w0': 0.644, 'w1': 0.802, 'w2': 0.525, 'w3': 0.535, 'w4': 0.066, 'w5': 0.743, 'w6': 0.906, 'w7': 0.593, 'w8': 0.995, 'max_depth': 9, 'min_child_weight': 6, 'subsample': 0.5, 'colsample_bytree': 1.0, 'gamma': 1.2000000000000002}. Best is trial 253 with value: 0.4074407622523345.
[I 2023-10-20 21:25:53,278] Trial 263 finished with value: 0.40520629031862043 and parameters: {'w0': 0.395, 'w1': 0.807, 'w2': 0.496, 'w3': 0.54, 'w4': 0.068, 'w5': 0.714, 'w6': 0.901, 'w7': 0.594, 'w8': 0.98, 'max_depth': 9, 'min_child_weight': 6, 'subsample': 0.5, 'colsample_bytree': 1.0, 'gamma': 1.2000000000000002}. Best is trial 253 with value: 0.4074407622523345.
[I 2023-10-20 21:28:22,927] Trial 264 finished with value: 0.40499994029786845 and parameters: {'w0': 0.635, 'w1': 0.807, 'w2': 0.503, 'w3': 0.54, 'w4': 0.059000000000000004, 'w5': 0.718, 'w6': 0.915, 'w7': 0.599, 'w8': 0.98, 'max_depth': 9, 'min_child_weight': 6, 'subsample': 0.5, 'colsample_bytree': 1.0, 'gamma': 1.6}. Best is trial 253 with value: 0.4074407622523345.
[I 2023-10-20 21:29:59,713] Trial 265 finished with value: 0.40368467690138365 and parameters: {'w0': 0.652, 'w1': 0.778, 'w2': 0.501, 'w3': 0.535, 'w4': 0.069, 'w5': 0.708, 'w6': 0.902, 'w7': 0.595, 'w8': 1.0, 'max_depth': 9, 'min_child_weight': 6, 'subsample': 0.5, 'colsample_bytree': 1.0, 'gamma': 1.6}. Best is trial 253 with value: 0.4074407622523345.
[I 2023-10-20 21:30:24,936] Trial 266 finished with value: 0.4031618668180511 and parameters: {'w0': 0.658, 'w1': 0.755, 'w2': 0.505, 'w3': 0.531, 'w4': 0.055, 'w5': 0.715, 'w6': 0.906, 'w7': 0.592, 'w8': 0.981, 'max_depth': 9, 'min_child_weight': 6, 'subsample': 0.5, 'colsample_bytree': 1.0, 'gamma': 1.6}. Best is trial 253 with value: 0.4074407622523345.
[I 2023-10-20 21:31:08,190] Trial 267 finished with value: 0.40197922615486015 and parameters: {'w0': 0.653, 'w1': 0.778, 'w2': 0.515, 'w3': 0.543, 'w4': 0.063, 'w5': 0.299, 'w6': 0.909, 'w7': 0.588, 'w8': 0.978, 'max_depth': 9, 'min_child_weight': 6, 'subsample': 0.5, 'colsample_bytree': 1.0, 'gamma': 1.2000000000000002}. Best is trial 253 with value: 0.4074407622523345.
[I 2023-10-20 21:32:58,890] Trial 268 finished with value: 0.4026596345350504 and parameters: {'w0': 0.651, 'w1': 0.809, 'w2': 0.498, 'w3': 0.537, 'w4': 0.081, 'w5': 0.747, 'w6': 0.903, 'w7': 0.598, 'w8': 0.978, 'max_depth': 9, 'min_child_weight': 6, 'subsample': 0.5, 'colsample_bytree': 1.0, 'gamma': 1.6}. Best is trial 253 with value: 0.4074407622523345.
[I 2023-10-20 21:34:18,628] Trial 275 finished with value: 0.38685357334865267 and parameters: {'w0': 0.424, 'w1': 0.786, 'w2': 0.513, 'w3': 0.5680000000000001, 'w4': 0.027000000000000003, 'w5': 0.257, 'w6': 0.909, 'w7': 0.10500000000000001, 'w8': 0.977, 'max_depth': 9, 'min_child_weight': 6, 'subsample': 0.5, 'colsample_bytree': 1.0, 'gamma': 1.6}. Best is trial 253 with value: 0.4074407622523345.
[I 2023-10-20 21:35:29,046] Trial 270 finished with value: 0.4030718040416995 and parameters: {'w0': 0.426, 'w1': 0.791, 'w2': 0.489, 'w3': 0.5740000000000001, 'w4': 0.079, 'w5': 0.745, 'w6': 0.904, 'w7': 0.598, 'w8': 0.979, 'max_depth': 9, 'min_child_weight': 6, 'subsample': 0.5, 'colsample_bytree': 1.0, 'gamma': 1.2000000000000002}. Best is trial 253 with value: 0.4074407622523345.
[I 2023-10-20 21:35:47,166] Trial 269 finished with value: 0.40353490743560216 and parameters: {'w0': 0.653, 'w1': 0.75, 'w2': 0.51, 'w3': 0.534, 'w4': 0.07, 'w5': 0.743, 'w6': 0.904, 'w7': 0.602, 'w8': 0.978, 'max_depth': 9, 'min_child_weight': 6, 'subsample': 0.5, 'colsample_bytree': 1.0, 'gamma': 1.2000000000000002}. Best is trial 253 with value: 0.4074407622523345.
[I 2023-10-20 21:36:37,653] Trial 272 finished with value: 0.40323567322619774 and parameters: {'w0': 0.422, 'w1': 0.796, 'w2': 0.47600000000000003, 'w3': 0.5640000000000001, 'w4': 0.076, 'w5': 0.744, 'w6': 0.892, 'w7': 0.601, 'w8': 0.98, 'max_depth': 9, 'min_child_weight': 6, 'subsample': 0.5, 'colsample_bytree': 1.0, 'gamma': 1.6}. Best is trial 253 with value: 0.4074407622523345.
[I 2023-10-20 21:36:38,599] Trial 274 finished with value: 0.4048876832176015 and parameters: {'w0': 0.41700000000000004, 'w1': 0.785, 'w2': 0.508, 'w3': 0.5690000000000001, 'w4': 0.08, 'w5': 0.267, 'w6': 0.909, 'w7': 0.596, 'w8': 0.977, 'max_depth': 9, 'min_child_weight': 6, 'subsample': 0.5, 'colsample_bytree': 1.0, 'gamma': 1.6}. Best is trial 253 with value: 0.4074407622523345.
[I 2023-10-20 21:36:44,870] Trial 273 finished with value: 0.4039410915610137 and parameters: {'w0': 0.427, 'w1': 0.781, 'w2': 0.511, 'w3': 0.562, 'w4': 0.077, 'w5': 0.725, 'w6': 0.9, 'w7': 0.598, 'w8': 0.977, 'max_depth': 9, 'min_child_weight': 6, 'subsample': 0.5, 'colsample_bytree': 1.0, 'gamma': 1.6}. Best is trial 253 with value: 0.4074407622523345.
[I 2023-10-20 21:38:00,044] Trial 276 finished with value: 0.4036753583451575 and parameters: {'w0': 0.418, 'w1': 0.784, 'w2': 0.47400000000000003, 'w3': 0.5670000000000001, 'w4': 0.077, 'w5': 0.248, 'w6': 0.91, 'w7': 0.55, 'w8': 0.979, 'max_depth': 9, 'min_child_weight': 6, 'subsample': 0.5, 'colsample_bytree': 1.0, 'gamma': 1.4000000000000001}. Best is trial 253 with value: 0.4074407622523345.
[I 2023-10-20 21:38:27,171] Trial 271 finished with value: 0.40169278162053085 and parameters: {'w0': 0.648, 'w1': 0.78, 'w2': 0.51, 'w3': 0.5650000000000001, 'w4': 0.095, 'w5': 0.74, 'w6': 0.904, 'w7': 0.596, 'w8': 0.981, 'max_depth': 9, 'min_child_weight': 6, 'subsample': 0.5, 'colsample_bytree': 1.0, 'gamma': 1.2000000000000002}. Best is trial 253 with value: 0.4074407622523345.
[I 2023-10-20 21:38:52,266] Trial 278 finished with value: 0.4048637363230422 and parameters: {'w0': 0.423, 'w1': 0.782, 'w2': 0.47600000000000003, 'w3': 0.5640000000000001, 'w4': 0.082, 'w5': 0.262, 'w6': 0.926, 'w7': 0.554, 'w8': 0.977, 'max_depth': 9, 'min_child_weight': 6, 'subsample': 0.5, 'colsample_bytree': 1.0, 'gamma': 1.4000000000000001}. Best is trial 253 with value: 0.4074407622523345.
[I 2023-10-20 21:39:30,606] Trial 277 finished with value: 0.4029156964964875 and parameters: {'w0': 0.7020000000000001, 'w1': 0.785, 'w2': 0.47300000000000003, 'w3': 0.5690000000000001, 'w4': 0.033, 'w5': 0.74, 'w6': 0.905, 'w7': 0.553, 'w8': 0.974, 'max_depth': 9, 'min_child_weight': 6, 'subsample': 0.5, 'colsample_bytree': 1.0, 'gamma': 1.4000000000000001}. Best is trial 253 with value: 0.4074407622523345.
[I 2023-10-20 21:42:12,497] Trial 279 finished with value: 0.40296501426632253 and parameters: {'w0': 0.685, 'w1': 0.784, 'w2': 0.509, 'w3': 0.5710000000000001, 'w4': 0.025, 'w5': 0.246, 'w6': 0.922, 'w7': 0.548, 'w8': 0.974, 'max_depth': 9, 'min_child_weight': 6, 'subsample': 0.5, 'colsample_bytree': 1.0, 'gamma': 1.4000000000000001}. Best is trial 253 with value: 0.4074407622523345.
[I 2023-10-20 21:44:19,791] Trial 280 finished with value: 0.40282683672226716 and parameters: {'w0': 0.653, 'w1': 0.779, 'w2': 0.46, 'w3': 0.5680000000000001, 'w4': 0.034, 'w5': 0.72, 'w6': 0.915, 'w7': 0.214, 'w8': 0.977, 'max_depth': 9, 'min_child_weight': 6, 'subsample': 0.5, 'colsample_bytree': 1.0, 'gamma': 1.4000000000000001}. Best is trial 253 with value: 0.4074407622523345.
[I 2023-10-20 21:46:45,107] Trial 281 finished with value: 0.4050634036902748 and parameters: {'w0': 0.6880000000000001, 'w1': 0.784, 'w2': 0.461, 'w3': 0.5680000000000001, 'w4': 0.032, 'w5': 0.708, 'w6': 0.93, 'w7': 0.55, 'w8': 0.974, 'max_depth': 9, 'min_child_weight': 6, 'subsample': 0.5, 'colsample_bytree': 1.0, 'gamma': 1.4000000000000001}. Best is trial 253 with value: 0.4074407622523345.
[I 2023-10-20 21:47:34,503] Trial 282 finished with value: 0.40563805574238565 and parameters: {'w0': 0.668, 'w1': 0.782, 'w2': 0.47400000000000003, 'w3': 0.5740000000000001, 'w4': 0.031, 'w5': 0.707, 'w6': 0.929, 'w7': 0.546, 'w8': 0.976, 'max_depth': 9, 'min_child_weight': 6, 'subsample': 0.5, 'colsample_bytree': 1.0, 'gamma': 1.4000000000000001}. Best is trial 253 with value: 0.4074407622523345.
[I 2023-10-20 21:48:19,224] Trial 283 finished with value: 0.4026249884791017 and parameters: {'w0': 0.651, 'w1': 0.743, 'w2': 0.445, 'w3': 0.5720000000000001, 'w4': 0.016, 'w5': 0.715, 'w6': 0.934, 'w7': 0.546, 'w8': 0.97, 'max_depth': 9, 'min_child_weight': 6, 'subsample': 0.5, 'colsample_bytree': 1.0, 'gamma': 1.4000000000000001}. Best is trial 253 with value: 0.4074407622523345.
[I 2023-10-20 21:49:33,548] Trial 284 finished with value: 0.4031928619830672 and parameters: {'w0': 0.711, 'w1': 0.738, 'w2': 0.46900000000000003, 'w3': 0.5700000000000001, 'w4': 0.041, 'w5': 0.261, 'w6': 0.927, 'w7': 0.542, 'w8': 0.974, 'max_depth': 9, 'min_child_weight': 6, 'subsample': 0.5, 'colsample_bytree': 1.0, 'gamma': 1.4000000000000001}. Best is trial 253 with value: 0.4074407622523345.
[I 2023-10-20 21:50:24,868] Trial 296 finished with value: 0.3834528145436882 and parameters: {'w0': 0.387, 'w1': 0.8170000000000001, 'w2': 0.452, 'w3': 0.604, 'w4': 0.089, 'w5': 0.281, 'w6': 0.9430000000000001, 'w7': 0.548, 'w8': 0.9490000000000001, 'max_depth': 9, 'min_child_weight': 8, 'subsample': 0.5, 'colsample_bytree': 1.0, 'gamma': 6.0}. Best is trial 253 with value: 0.4074407622523345.
[I 2023-10-20 21:52:01,231] Trial 285 finished with value: 0.400166245096454 and parameters: {'w0': 0.685, 'w1': 0.739, 'w2': 0.47000000000000003, 'w3': 0.5700000000000001, 'w4': 0.036000000000000004, 'w5': 0.708, 'w6': 0.93, 'w7': 0.548, 'w8': 0.974, 'max_depth': 9, 'min_child_weight': 6, 'subsample': 0.5, 'colsample_bytree': 1.0, 'gamma': 1.0}. Best is trial 253 with value: 0.4074407622523345.
[I 2023-10-20 21:52:24,803] Trial 286 finished with value: 0.4000705742776304 and parameters: {'w0': 0.669, 'w1': 0.736, 'w2': 0.432, 'w3': 0.5720000000000001, 'w4': 0.037000000000000005, 'w5': 0.72, 'w6': 0.9420000000000001, 'w7': 0.542, 'w8': 0.975, 'max_depth': 9, 'min_child_weight': 6, 'subsample': 0.5, 'colsample_bytree': 1.0, 'gamma': 1.4000000000000001}. Best is trial 253 with value: 0.4074407622523345.
[I 2023-10-20 21:52:39,726] Trial 287 finished with value: 0.404479419218867 and parameters: {'w0': 0.6940000000000001, 'w1': 0.736, 'w2': 0.454, 'w3': 0.5760000000000001, 'w4': 0.037000000000000005, 'w5': 0.719, 'w6': 0.934, 'w7': 0.55, 'w8': 0.9490000000000001, 'max_depth': 9, 'min_child_weight': 6, 'subsample': 0.5, 'colsample_bytree': 1.0, 'gamma': 1.4000000000000001}. Best is trial 253 with value: 0.4074407622523345.
[I 2023-10-20 21:52:58,760] Trial 289 finished with value: 0.4040541820500707 and parameters: {'w0': 0.383, 'w1': 0.74, 'w2': 0.444, 'w3': 0.5710000000000001, 'w4': 0.08700000000000001, 'w5': 0.669, 'w6': 0.9390000000000001, 'w7': 0.552, 'w8': 0.9460000000000001, 'max_depth': 9, 'min_child_weight': 8, 'subsample': 0.5, 'colsample_bytree': 1.0, 'gamma': 1.4000000000000001}. Best is trial 253 with value: 0.4074407622523345.
[I 2023-10-20 21:53:29,530] Trial 290 finished with value: 0.40371390987656697 and parameters: {'w0': 0.675, 'w1': 0.734, 'w2': 0.455, 'w3': 0.519, 'w4': 0.031, 'w5': 0.671, 'w6': 0.931, 'w7': 0.552, 'w8': 0.9500000000000001, 'max_depth': 9, 'min_child_weight': 8, 'subsample': 0.5, 'colsample_bytree': 1.0, 'gamma': 1.4000000000000001}. Best is trial 253 with value: 0.4074407622523345.
[I 2023-10-20 21:53:38,955] Trial 288 finished with value: 0.40423183270001317 and parameters: {'w0': 0.68, 'w1': 0.738, 'w2': 0.466, 'w3': 0.522, 'w4': 0.004, 'w5': 0.722, 'w6': 0.93, 'w7': 0.549, 'w8': 0.9460000000000001, 'max_depth': 9, 'min_child_weight': 6, 'subsample': 0.5, 'colsample_bytree': 1.0, 'gamma': 1.4000000000000001}. Best is trial 253 with value: 0.4074407622523345.
[I 2023-10-20 21:54:35,310] Trial 291 finished with value: 0.4033530385995965 and parameters: {'w0': 0.717, 'w1': 0.8160000000000001, 'w2': 0.45, 'w3': 0.604, 'w4': 0.036000000000000004, 'w5': 0.252, 'w6': 0.934, 'w7': 0.548, 'w8': 0.9480000000000001, 'max_depth': 9, 'min_child_weight': 8, 'subsample': 0.5, 'colsample_bytree': 1.0, 'gamma': 1.4000000000000001}. Best is trial 253 with value: 0.4074407622523345.
[I 2023-10-20 21:54:50,672] Trial 292 finished with value: 0.4003669986247297 and parameters: {'w0': 0.7030000000000001, 'w1': 0.735, 'w2': 0.432, 'w3': 0.6, 'w4': 0.035, 'w5': 0.242, 'w6': 0.928, 'w7': 0.55, 'w8': 0.9510000000000001, 'max_depth': 9, 'min_child_weight': 8, 'subsample': 0.5, 'colsample_bytree': 1.0, 'gamma': 1.4000000000000001}. Best is trial 253 with value: 0.4074407622523345.
[I 2023-10-20 21:55:05,797] Trial 293 finished with value: 0.3997098423479837 and parameters: {'w0': 0.6940000000000001, 'w1': 0.8180000000000001, 'w2': 0.444, 'w3': 0.596, 'w4': 0.037000000000000005, 'w5': 0.252, 'w6': 0.932, 'w7': 0.55, 'w8': 0.9460000000000001, 'max_depth': 9, 'min_child_weight': 8, 'subsample': 0.5, 'colsample_bytree': 1.0, 'gamma': 1.4000000000000001}. Best is trial 253 with value: 0.4074407622523345.
[I 2023-10-20 21:55:38,716] Trial 294 finished with value: 0.4027576934564345 and parameters: {'w0': 0.706, 'w1': 0.744, 'w2': 0.45, 'w3': 0.596, 'w4': 0.045, 'w5': 0.227, 'w6': 0.9420000000000001, 'w7': 0.56, 'w8': 0.9460000000000001, 'max_depth': 9, 'min_child_weight': 8, 'subsample': 0.5, 'colsample_bytree': 1.0, 'gamma': 1.4000000000000001}. Best is trial 253 with value: 0.4074407622523345.
[I 2023-10-20 21:58:46,447] Trial 295 finished with value: 0.4025214624922093 and parameters: {'w0': 0.381, 'w1': 0.74, 'w2': 0.448, 'w3': 0.598, 'w4': 0.045, 'w5': 0.264, 'w6': 0.9380000000000001, 'w7': 0.548, 'w8': 0.9470000000000001, 'max_depth': 9, 'min_child_weight': 8, 'subsample': 0.5, 'colsample_bytree': 1.0, 'gamma': 1.0}. Best is trial 253 with value: 0.4074407622523345.
[I 2023-10-20 21:59:49,982] Trial 308 finished with value: 0.338350538123292 and parameters: {'w0': 0.378, 'w1': 0.717, 'w2': 0.555, 'w3': 0.592, 'w4': 0.008, 'w5': 0.6910000000000001, 'w6': 0.9540000000000001, 'w7': 0.5650000000000001, 'w8': 0.08600000000000001, 'max_depth': 9, 'min_child_weight': 8, 'subsample': 0.5, 'colsample_bytree': 1.0, 'gamma': 9.4}. Best is trial 253 with value: 0.4074407622523345.
[I 2023-10-20 22:03:37,852] Trial 297 finished with value: 0.40280007404123463 and parameters: {'w0': 0.721, 'w1': 0.732, 'w2': 0.455, 'w3': 0.594, 'w4': 0.044000000000000004, 'w5': 0.266, 'w6': 0.934, 'w7': 0.555, 'w8': 0.9480000000000001, 'max_depth': 9, 'min_child_weight': 8, 'subsample': 0.5, 'colsample_bytree': 1.0, 'gamma': 1.0}. Best is trial 253 with value: 0.4074407622523345.
[I 2023-10-20 22:04:39,989] Trial 298 finished with value: 0.40235662403013117 and parameters: {'w0': 0.711, 'w1': 0.734, 'w2': 0.427, 'w3': 0.594, 'w4': 0.012, 'w5': 0.268, 'w6': 0.9390000000000001, 'w7': 0.558, 'w8': 0.9460000000000001, 'max_depth': 9, 'min_child_weight': 8, 'subsample': 0.5, 'colsample_bytree': 1.0, 'gamma': 1.0}. Best is trial 253 with value: 0.4074407622523345.
[I 2023-10-20 22:05:22,800] Trial 299 finished with value: 0.40334940033218425 and parameters: {'w0': 0.387, 'w1': 0.8150000000000001, 'w2': 0.41700000000000004, 'w3': 0.601, 'w4': 0.043000000000000003, 'w5': 0.659, 'w6': 0.9460000000000001, 'w7': 0.548, 'w8': 0.9460000000000001, 'max_depth': 9, 'min_child_weight': 8, 'subsample': 0.5, 'colsample_bytree': 1.0, 'gamma': 1.0}. Best is trial 253 with value: 0.4074407622523345.
[I 2023-10-20 22:06:28,302] Trial 300 finished with value: 0.4016531704366464 and parameters: {'w0': 0.687, 'w1': 0.8150000000000001, 'w2': 0.426, 'w3': 0.599, 'w4': 0.083, 'w5': 0.124, 'w6': 0.932, 'w7': 0.552, 'w8': 0.9460000000000001, 'max_depth': 9, 'min_child_weight': 8, 'subsample': 0.5, 'colsample_bytree': 1.0, 'gamma': 1.0}. Best is trial 253 with value: 0.4074407622523345.
[I 2023-10-20 22:06:35,410] Trial 301 finished with value: 0.37685281064937504 and parameters: {'w0': 0.687, 'w1': 0.81, 'w2': 0.555, 'w3': 0.597, 'w4': 0.006, 'w5': 0.133, 'w6': 0.9460000000000001, 'w7': 0.56, 'w8': 0.154, 'max_depth': 9, 'min_child_weight': 8, 'subsample': 0.5, 'colsample_bytree': 1.0, 'gamma': 1.0}. Best is trial 253 with value: 0.4074407622523345.
[I 2023-10-20 22:08:45,898] Trial 302 finished with value: 0.39946912529354606 and parameters: {'w0': 0.677, 'w1': 0.809, 'w2': 0.395, 'w3': 0.605, 'w4': 0.08600000000000001, 'w5': 0.682, 'w6': 0.9420000000000001, 'w7': 0.5680000000000001, 'w8': 0.9490000000000001, 'max_depth': 9, 'min_child_weight': 8, 'subsample': 0.5, 'colsample_bytree': 1.0, 'gamma': 1.4000000000000001}. Best is trial 253 with value: 0.4074407622523345.
[I 2023-10-20 22:08:54,133] Trial 304 finished with value: 0.3807853626835576 and parameters: {'w0': 0.727, 'w1': 0.8130000000000001, 'w2': 0.425, 'w3': 0.601, 'w4': 0.08700000000000001, 'w5': 0.23500000000000001, 'w6': 0.9460000000000001, 'w7': 0.56, 'w8': 0.19, 'max_depth': 9, 'min_child_weight': 8, 'subsample': 0.5, 'colsample_bytree': 1.0, 'gamma': 1.0}. Best is trial 253 with value: 0.4074407622523345.
[I 2023-10-20 22:09:48,250] Trial 303 finished with value: 0.4061551025999582 and parameters: {'w0': 0.731, 'w1': 0.8170000000000001, 'w2': 0.556, 'w3': 0.595, 'w4': 0.005, 'w5': 0.671, 'w6': 0.93, 'w7': 0.561, 'w8': 0.9480000000000001, 'max_depth': 9, 'min_child_weight': 8, 'subsample': 0.5, 'colsample_bytree': 1.0, 'gamma': 1.0}. Best is trial 253 with value: 0.4074407622523345.
[I 2023-10-20 22:10:07,731] Trial 305 finished with value: 0.4022104417578007 and parameters: {'w0': 0.384, 'w1': 0.804, 'w2': 0.431, 'w3': 0.599, 'w4': 0.010000000000000002, 'w5': 0.676, 'w6': 0.9380000000000001, 'w7': 0.5630000000000001, 'w8': 0.9480000000000001, 'max_depth': 9, 'min_child_weight': 8, 'subsample': 0.5, 'colsample_bytree': 1.0, 'gamma': 1.0}. Best is trial 253 with value: 0.4074407622523345.
[I 2023-10-20 22:10:40,676] Trial 306 finished with value: 0.4023636591220876 and parameters: {'w0': 0.719, 'w1': 0.8150000000000001, 'w2': 0.4, 'w3': 0.592, 'w4': 0.043000000000000003, 'w5': 0.68, 'w6': 0.9480000000000001, 'w7': 0.5630000000000001, 'w8': 0.9470000000000001, 'max_depth': 9, 'min_child_weight': 8, 'subsample': 0.5, 'colsample_bytree': 1.0, 'gamma': 1.0}. Best is trial 253 with value: 0.4074407622523345.
