[I 2023-10-19 11:35:10,719] Trial 1838 finished with value: 0.5365548942115814 and parameters: {'w0': 0.19, 'w1': 0.923, 'w2': 0.109, 'w3': 0.198, 'w4': 0.8180000000000001, 'w5': 0.927, 'w6': 0.47800000000000004, 'w7': 0.134, 'w8': 0.891, 'max_depth': 9, 'min_child_weight': 20, 'subsample': 0.9000000000000001, 'colsample_bytree': 0.6000000000000001, 'gamma': 0.0}. Best is trial 1334 with value: 0.5442704750798081.
[I 2023-10-19 11:36:51,292] Trial 1840 finished with value: 0.5365541292303235 and parameters: {'w0': 0.165, 'w1': 0.924, 'w2': 0.109, 'w3': 0.372, 'w4': 0.8170000000000001, 'w5': 0.928, 'w6': 0.53, 'w7': 0.136, 'w8': 0.897, 'max_depth': 9, 'min_child_weight': 20, 'subsample': 0.9000000000000001, 'colsample_bytree': 0.6000000000000001, 'gamma': 0.0}. Best is trial 1334 with value: 0.5442704750798081.
[I 2023-10-19 11:38:56,613] Trial 1841 finished with value: 0.5388932836883061 and parameters: {'w0': 0.163, 'w1': 0.927, 'w2': 0.108, 'w3': 0.362, 'w4': 0.8210000000000001, 'w5': 0.932, 'w6': 0.53, 'w7': 0.134, 'w8': 0.92, 'max_depth': 9, 'min_child_weight': 20, 'subsample': 0.9000000000000001, 'colsample_bytree': 0.6000000000000001, 'gamma': 0.0}. Best is trial 1334 with value: 0.5442704750798081.
[I 2023-10-19 11:39:01,171] Trial 1851 finished with value: 0.48662202946693855 and parameters: {'w0': 0.165, 'w1': 0.93, 'w2': 0.194, 'w3': 0.243, 'w4': 0.865, 'w5': 0.917, 'w6': 0.518, 'w7': 0.133, 'w8': 0.92, 'max_depth': 9, 'min_child_weight': 8, 'subsample': 1.0, 'colsample_bytree': 0.6000000000000001, 'gamma': 6.6000000000000005}. Best is trial 1334 with value: 0.5442704750798081.
[I 2023-10-19 11:40:09,084] Trial 1844 finished with value: 0.5095390072712535 and parameters: {'w0': 0.17, 'w1': 0.93, 'w2': 0.111, 'w3': 0.249, 'w4': 0.232, 'w5': 0.925, 'w6': 0.53, 'w7': 0.136, 'w8': 0.917, 'max_depth': 9, 'min_child_weight': 20, 'subsample': 0.9000000000000001, 'colsample_bytree': 0.6000000000000001, 'gamma': 0.0}. Best is trial 1334 with value: 0.5442704750798081.
[I 2023-10-19 11:40:13,100] Trial 1843 finished with value: 0.5384782074599812 and parameters: {'w0': 0.17200000000000001, 'w1': 0.928, 'w2': 0.114, 'w3': 0.201, 'w4': 0.854, 'w5': 0.93, 'w6': 0.533, 'w7': 0.136, 'w8': 0.916, 'max_depth': 9, 'min_child_weight': 20, 'subsample': 0.9000000000000001, 'colsample_bytree': 0.6000000000000001, 'gamma': 0.0}. Best is trial 1334 with value: 0.5442704750798081.
[I 2023-10-19 11:40:26,932] Trial 1842 finished with value: 0.46233349319816125 and parameters: {'w0': 0.177, 'w1': 0.931, 'w2': 0.109, 'w3': 0.20700000000000002, 'w4': 0.322, 'w5': 0.93, 'w6': 0.528, 'w7': 0.661, 'w8': 0.921, 'max_depth': 9, 'min_child_weight': 20, 'subsample': 0.9000000000000001, 'colsample_bytree': 0.6000000000000001, 'gamma': 0.0}. Best is trial 1334 with value: 0.5442704750798081.
[I 2023-10-19 11:40:50,613] Trial 1845 finished with value: 0.513256110841602 and parameters: {'w0': 0.17300000000000001, 'w1': 0.929, 'w2': 0.11, 'w3': 0.25, 'w4': 0.925, 'w5': 0.037000000000000005, 'w6': 0.523, 'w7': 0.135, 'w8': 0.929, 'max_depth': 9, 'min_child_weight': 20, 'subsample': 0.9000000000000001, 'colsample_bytree': 0.6000000000000001, 'gamma': 0.0}. Best is trial 1334 with value: 0.5442704750798081.
[I 2023-10-19 11:42:33,165] Trial 1853 finished with value: 0.530089281621994 and parameters: {'w0': 0.171, 'w1': 0.929, 'w2': 0.201, 'w3': 0.249, 'w4': 0.873, 'w5': 0.922, 'w6': 0.527, 'w7': 0.133, 'w8': 0.913, 'max_depth': 9, 'min_child_weight': 18, 'subsample': 1.0, 'colsample_bytree': 0.6000000000000001, 'gamma': 0.6000000000000001}. Best is trial 1334 with value: 0.5442704750798081.
[I 2023-10-19 11:43:04,203] Trial 1854 finished with value: 0.5329393456247057 and parameters: {'w0': 0.166, 'w1': 0.931, 'w2': 0.132, 'w3': 0.25, 'w4': 0.871, 'w5': 0.922, 'w6': 0.53, 'w7': 0.136, 'w8': 0.922, 'max_depth': 9, 'min_child_weight': 18, 'subsample': 1.0, 'colsample_bytree': 0.6000000000000001, 'gamma': 0.6000000000000001}. Best is trial 1334 with value: 0.5442704750798081.
[I 2023-10-19 11:43:08,293] Trial 1855 finished with value: 0.5291152099957226 and parameters: {'w0': 0.166, 'w1': 0.879, 'w2': 0.131, 'w3': 0.247, 'w4': 0.579, 'w5': 0.925, 'w6': 0.531, 'w7': 0.131, 'w8': 0.924, 'max_depth': 9, 'min_child_weight': 18, 'subsample': 1.0, 'colsample_bytree': 0.6000000000000001, 'gamma': 0.6000000000000001}. Best is trial 1334 with value: 0.5442704750798081.
[I 2023-10-19 11:43:11,605] Trial 1847 finished with value: 0.5047198415278512 and parameters: {'w0': 0.16, 'w1': 0.063, 'w2': 0.198, 'w3': 0.25, 'w4': 0.869, 'w5': 0.935, 'w6': 0.523, 'w7': 0.132, 'w8': 0.924, 'max_depth': 9, 'min_child_weight': 20, 'subsample': 0.9000000000000001, 'colsample_bytree': 0.6000000000000001, 'gamma': 0.0}. Best is trial 1334 with value: 0.5442704750798081.
[I 2023-10-19 11:44:47,506] Trial 1846 finished with value: 0.5231491741056178 and parameters: {'w0': 0.5750000000000001, 'w1': 0.927, 'w2': 0.111, 'w3': 0.254, 'w4': 0.861, 'w5': 0.93, 'w6': 0.528, 'w7': 0.132, 'w8': 0.928, 'max_depth': 9, 'min_child_weight': 20, 'subsample': 0.9000000000000001, 'colsample_bytree': 0.6000000000000001, 'gamma': 0.0}. Best is trial 1334 with value: 0.5442704750798081.
[I 2023-10-19 11:45:24,561] Trial 1856 finished with value: 0.5149649638220213 and parameters: {'w0': 0.169, 'w1': 0.9380000000000001, 'w2': 0.40900000000000003, 'w3': 0.47400000000000003, 'w4': 0.874, 'w5': 0.923, 'w6': 0.527, 'w7': 0.124, 'w8': 0.918, 'max_depth': 9, 'min_child_weight': 18, 'subsample': 1.0, 'colsample_bytree': 0.6000000000000001, 'gamma': 0.6000000000000001}. Best is trial 1334 with value: 0.5442704750798081.
[I 2023-10-19 11:46:32,450] Trial 1858 finished with value: 0.4721156288223869 and parameters: {'w0': 0.168, 'w1': 0.882, 'w2': 0.136, 'w3': 0.263, 'w4': 0.876, 'w5': 0.998, 'w6': 0.483, 'w7': 0.10200000000000001, 'w8': 0.038, 'max_depth': 9, 'min_child_weight': 18, 'subsample': 1.0, 'colsample_bytree': 0.6000000000000001, 'gamma': 0.6000000000000001}. Best is trial 1334 with value: 0.5442704750798081.
[I 2023-10-19 11:46:37,064] Trial 1848 finished with value: 0.530955262971672 and parameters: {'w0': 0.165, 'w1': 0.929, 'w2': 0.11, 'w3': 0.248, 'w4': 0.864, 'w5': 0.927, 'w6': 0.146, 'w7': 0.135, 'w8': 0.917, 'max_depth': 9, 'min_child_weight': 20, 'subsample': 1.0, 'colsample_bytree': 0.6000000000000001, 'gamma': 0.0}. Best is trial 1334 with value: 0.5442704750798081.
[I 2023-10-19 11:46:50,349] Trial 1857 finished with value: 0.5009141846215251 and parameters: {'w0': 0.166, 'w1': 0.9380000000000001, 'w2': 0.049, 'w3': 0.248, 'w4': 0.924, 'w5': 0.917, 'w6': 0.529, 'w7': 0.106, 'w8': 0.921, 'max_depth': 9, 'min_child_weight': 18, 'subsample': 1.0, 'colsample_bytree': 0.6000000000000001, 'gamma': 0.6000000000000001}. Best is trial 1334 with value: 0.5442704750798081.
[I 2023-10-19 11:47:51,523] Trial 1860 finished with value: 0.5232209456479172 and parameters: {'w0': 0.146, 'w1': 0.882, 'w2': 0.131, 'w3': 0.243, 'w4': 0.788, 'w5': 1.0, 'w6': 0.14400000000000002, 'w7': 0.10200000000000001, 'w8': 0.843, 'max_depth': 9, 'min_child_weight': 18, 'subsample': 1.0, 'colsample_bytree': 0.6000000000000001, 'gamma': 0.6000000000000001}. Best is trial 1334 with value: 0.5442704750798081.
[I 2023-10-19 11:48:00,521] Trial 1849 finished with value: 0.5355164880583686 and parameters: {'w0': 0.165, 'w1': 0.931, 'w2': 0.19, 'w3': 0.249, 'w4': 0.779, 'w5': 0.924, 'w6': 0.523, 'w7': 0.135, 'w8': 0.925, 'max_depth': 9, 'min_child_weight': 20, 'subsample': 1.0, 'colsample_bytree': 0.6000000000000001, 'gamma': 0.0}. Best is trial 1334 with value: 0.5442704750798081.
[I 2023-10-19 11:48:20,974] Trial 1861 finished with value: 0.5334558667314285 and parameters: {'w0': 0.149, 'w1': 0.887, 'w2': 0.13, 'w3': 0.255, 'w4': 0.781, 'w5': 0.9460000000000001, 'w6': 0.492, 'w7': 0.10400000000000001, 'w8': 0.923, 'max_depth': 9, 'min_child_weight': 18, 'subsample': 1.0, 'colsample_bytree': 0.6000000000000001, 'gamma': 0.6000000000000001}. Best is trial 1334 with value: 0.5442704750798081.
[I 2023-10-19 11:49:38,659] Trial 1862 finished with value: 0.5226655064560811 and parameters: {'w0': 0.148, 'w1': 0.876, 'w2': 0.135, 'w3': 0.248, 'w4': 0.776, 'w5': 0.871, 'w6': 0.482, 'w7': 0.109, 'w8': 0.846, 'max_depth': 9, 'min_child_weight': 0, 'subsample': 1.0, 'colsample_bytree': 0.6000000000000001, 'gamma': 0.6000000000000001}. Best is trial 1334 with value: 0.5442704750798081.
[I 2023-10-19 11:49:51,465] Trial 1850 finished with value: 0.5162891210654444 and parameters: {'w0': 0.167, 'w1': 0.93, 'w2': 0.047, 'w3': 0.25, 'w4': 0.866, 'w5': 0.928, 'w6': 0.531, 'w7': 0.125, 'w8': 0.92, 'max_depth': 9, 'min_child_weight': 8, 'subsample': 1.0, 'colsample_bytree': 0.6000000000000001, 'gamma': 0.0}. Best is trial 1334 with value: 0.5442704750798081.
[I 2023-10-19 11:49:52,817] Trial 1852 finished with value: 0.5324421475039899 and parameters: {'w0': 0.165, 'w1': 0.934, 'w2': 0.197, 'w3': 0.251, 'w4': 0.777, 'w5': 0.454, 'w6': 0.527, 'w7': 0.131, 'w8': 0.925, 'max_depth': 9, 'min_child_weight': 18, 'subsample': 1.0, 'colsample_bytree': 0.6000000000000001, 'gamma': 0.0}. Best is trial 1334 with value: 0.5442704750798081.
[I 2023-10-19 11:50:45,603] Trial 1864 finished with value: 0.5279118942514285 and parameters: {'w0': 0.146, 'w1': 0.9570000000000001, 'w2': 0.139, 'w3': 0.252, 'w4': 0.606, 'w5': 0.868, 'w6': 0.485, 'w7': 0.10200000000000001, 'w8': 0.847, 'max_depth': 9, 'min_child_weight': 18, 'subsample': 1.0, 'colsample_bytree': 0.6000000000000001, 'gamma': 0.6000000000000001}. Best is trial 1334 with value: 0.5442704750798081.
[I 2023-10-19 11:51:24,112] Trial 1863 finished with value: 0.4984092711915669 and parameters: {'w0': 0.5760000000000001, 'w1': 0.879, 'w2': 0.374, 'w3': 0.25, 'w4': 0.778, 'w5': 0.873, 'w6': 0.488, 'w7': 0.10300000000000001, 'w8': 0.843, 'max_depth': 9, 'min_child_weight': 18, 'subsample': 1.0, 'colsample_bytree': 0.6000000000000001, 'gamma': 0.6000000000000001}. Best is trial 1334 with value: 0.5442704750798081.
[I 2023-10-19 11:52:05,257] Trial 1859 finished with value: 0.5054512480291371 and parameters: {'w0': 0.165, 'w1': 1.0, 'w2': 0.047, 'w3': 0.256, 'w4': 0.927, 'w5': 0.9430000000000001, 'w6': 0.47900000000000004, 'w7': 0.101, 'w8': 0.923, 'max_depth': 9, 'min_child_weight': 18, 'subsample': 0.9000000000000001, 'colsample_bytree': 0.6000000000000001, 'gamma': 0.6000000000000001}. Best is trial 1334 with value: 0.5442704750798081.
[I 2023-10-19 11:52:19,434] Trial 1869 finished with value: 0.45982964626909484 and parameters: {'w0': 0.14300000000000002, 'w1': 0.9600000000000001, 'w2': 0.048, 'w3': 0.223, 'w4': 0.777, 'w5': 0.869, 'w6': 0.48000000000000004, 'w7': 0.077, 'w8': 0.847, 'max_depth': 9, 'min_child_weight': 18, 'subsample': 0.9000000000000001, 'colsample_bytree': 0.6000000000000001, 'gamma': 5.2}. Best is trial 1334 with value: 0.5442704750798081.
[I 2023-10-19 11:52:40,294] Trial 1867 finished with value: 0.5291637053138483 and parameters: {'w0': 0.14400000000000002, 'w1': 0.88, 'w2': 0.138, 'w3': 0.446, 'w4': 0.773, 'w5': 0.864, 'w6': 0.485, 'w7': 0.101, 'w8': 0.854, 'max_depth': 9, 'min_child_weight': 18, 'subsample': 1.0, 'colsample_bytree': 0.6000000000000001, 'gamma': 0.6000000000000001}. Best is trial 1334 with value: 0.5442704750798081.
[I 2023-10-19 11:54:50,805] Trial 1865 finished with value: 0.5063552078396345 and parameters: {'w0': 0.147, 'w1': 0.88, 'w2': 0.053000000000000005, 'w3': 0.25, 'w4': 0.777, 'w5': 0.87, 'w6': 0.485, 'w7': 0.10400000000000001, 'w8': 0.847, 'max_depth': 9, 'min_child_weight': 18, 'subsample': 0.9000000000000001, 'colsample_bytree': 0.6000000000000001, 'gamma': 0.6000000000000001}. Best is trial 1334 with value: 0.5442704750798081.
[I 2023-10-19 11:54:52,816] Trial 1866 finished with value: 0.5067545311767556 and parameters: {'w0': 0.149, 'w1': 0.89, 'w2': 0.05, 'w3': 0.25, 'w4': 0.774, 'w5': 0.865, 'w6': 0.484, 'w7': 0.101, 'w8': 0.845, 'max_depth': 9, 'min_child_weight': 18, 'subsample': 0.9000000000000001, 'colsample_bytree': 0.6000000000000001, 'gamma': 0.6000000000000001}. Best is trial 1334 with value: 0.5442704750798081.
[I 2023-10-19 11:56:53,015] Trial 1871 finished with value: 0.5141774429231329 and parameters: {'w0': 0.14200000000000002, 'w1': 0.875, 'w2': 0.053000000000000005, 'w3': 0.219, 'w4': 0.778, 'w5': 0.864, 'w6': 0.491, 'w7': 0.07300000000000001, 'w8': 0.842, 'max_depth': 4, 'min_child_weight': 18, 'subsample': 0.9000000000000001, 'colsample_bytree': 0.6000000000000001, 'gamma': 0.4}. Best is trial 1334 with value: 0.5442704750798081.
[I 2023-10-19 11:57:41,669] Trial 1868 finished with value: 0.5198626343879915 and parameters: {'w0': 0.151, 'w1': 0.882, 'w2': 0.368, 'w3': 0.253, 'w4': 0.778, 'w5': 0.87, 'w6': 0.47700000000000004, 'w7': 0.10400000000000001, 'w8': 0.851, 'max_depth': 7, 'min_child_weight': 18, 'subsample': 0.9000000000000001, 'colsample_bytree': 0.6000000000000001, 'gamma': 0.6000000000000001}. Best is trial 1334 with value: 0.5442704750798081.
[I 2023-10-19 12:01:41,180] Trial 1873 finished with value: 0.5314116826001888 and parameters: {'w0': 0.136, 'w1': 0.9590000000000001, 'w2': 0.136, 'w3': 0.215, 'w4': 0.774, 'w5': 0.868, 'w6': 0.482, 'w7': 0.076, 'w8': 0.846, 'max_depth': 9, 'min_child_weight': 18, 'subsample': 0.9000000000000001, 'colsample_bytree': 0.6000000000000001, 'gamma': 0.4}. Best is trial 1334 with value: 0.5442704750798081.
[I 2023-10-19 12:02:16,178] Trial 1874 finished with value: 0.5302057551293979 and parameters: {'w0': 0.15, 'w1': 0.963, 'w2': 0.137, 'w3': 0.219, 'w4': 0.775, 'w5': 0.861, 'w6': 0.47500000000000003, 'w7': 0.074, 'w8': 0.852, 'max_depth': 9, 'min_child_weight': 18, 'subsample': 0.9000000000000001, 'colsample_bytree': 0.6000000000000001, 'gamma': 0.4}. Best is trial 1334 with value: 0.5442704750798081.
[I 2023-10-19 12:02:26,502] Trial 1872 finished with value: 0.5039949296802062 and parameters: {'w0': 0.138, 'w1': 1.0, 'w2': 0.803, 'w3': 0.298, 'w4': 0.777, 'w5': 0.866, 'w6': 0.486, 'w7': 0.07200000000000001, 'w8': 0.852, 'max_depth': 7, 'min_child_weight': 18, 'subsample': 0.9000000000000001, 'colsample_bytree': 0.6000000000000001, 'gamma': 0.4}. Best is trial 1334 with value: 0.5442704750798081.
[I 2023-10-19 12:02:43,385] Trial 1877 finished with value: 0.5275131081296875 and parameters: {'w0': 0.147, 'w1': 0.965, 'w2': 0.14200000000000002, 'w3': 0.215, 'w4': 0.607, 'w5': 0.868, 'w6': 0.47900000000000004, 'w7': 0.08, 'w8': 0.873, 'max_depth': 7, 'min_child_weight': 18, 'subsample': 0.9000000000000001, 'colsample_bytree': 0.6000000000000001, 'gamma': 0.4}. Best is trial 1334 with value: 0.5442704750798081.
[I 2023-10-19 12:03:15,083] Trial 1870 finished with value: 0.4881182434710271 and parameters: {'w0': 0.147, 'w1': 0.9590000000000001, 'w2': 0.138, 'w3': 0.217, 'w4': 0.779, 'w5': 0.875, 'w6': 0.48000000000000004, 'w7': 0.5720000000000001, 'w8': 0.846, 'max_depth': 9, 'min_child_weight': 18, 'subsample': 0.9000000000000001, 'colsample_bytree': 0.6000000000000001, 'gamma': 0.4}. Best is trial 1334 with value: 0.5442704750798081.
[I 2023-10-19 12:03:45,953] Trial 1876 finished with value: 0.5283006264370985 and parameters: {'w0': 0.139, 'w1': 0.962, 'w2': 0.134, 'w3': 0.217, 'w4': 0.775, 'w5': 0.867, 'w6': 0.484, 'w7': 0.07200000000000001, 'w8': 0.848, 'max_depth': 9, 'min_child_weight': 18, 'subsample': 0.9000000000000001, 'colsample_bytree': 0.6000000000000001, 'gamma': 0.4}. Best is trial 1334 with value: 0.5442704750798081.
[I 2023-10-19 12:03:57,800] Trial 1878 finished with value: 0.5222584996730912 and parameters: {'w0': 0.137, 'w1': 0.998, 'w2': 0.058, 'w3': 0.22, 'w4': 0.775, 'w5': 0.86, 'w6': 0.488, 'w7': 0.075, 'w8': 0.872, 'max_depth': 9, 'min_child_weight': 18, 'subsample': 0.9000000000000001, 'colsample_bytree': 0.6000000000000001, 'gamma': 0.4}. Best is trial 1334 with value: 0.5442704750798081.
[I 2023-10-19 12:05:38,874] Trial 1875 finished with value: 0.5062470305601974 and parameters: {'w0': 0.14, 'w1': 0.963, 'w2': 0.775, 'w3': 0.213, 'w4': 0.604, 'w5': 0.865, 'w6': 0.484, 'w7': 0.065, 'w8': 0.849, 'max_depth': 9, 'min_child_weight': 18, 'subsample': 0.9000000000000001, 'colsample_bytree': 0.6000000000000001, 'gamma': 0.4}. Best is trial 1334 with value: 0.5442704750798081.
[I 2023-10-19 12:05:48,534] Trial 1880 finished with value: 0.5409317631867293 and parameters: {'w0': 0.137, 'w1': 0.9590000000000001, 'w2': 0.092, 'w3': 0.221, 'w4': 0.771, 'w5': 0.886, 'w6': 0.483, 'w7': 0.082, 'w8': 0.872, 'max_depth': 9, 'min_child_weight': 18, 'subsample': 0.9000000000000001, 'colsample_bytree': 0.6000000000000001, 'gamma': 0.4}. Best is trial 1334 with value: 0.5442704750798081.
[I 2023-10-19 12:06:25,598] Trial 1881 finished with value: 0.5123507731520902 and parameters: {'w0': 0.754, 'w1': 0.999, 'w2': 0.089, 'w3': 0.297, 'w4': 0.77, 'w5': 0.9560000000000001, 'w6': 0.489, 'w7': 0.07200000000000001, 'w8': 0.867, 'max_depth': 7, 'min_child_weight': 18, 'subsample': 0.9000000000000001, 'colsample_bytree': 0.6000000000000001, 'gamma': 0.4}. Best is trial 1334 with value: 0.5442704750798081.
[I 2023-10-19 12:07:20,630] Trial 1882 finished with value: 0.5120637301225804 and parameters: {'w0': 0.242, 'w1': 0.9580000000000001, 'w2': 0.093, 'w3': 0.212, 'w4': 0.799, 'w5': 0.424, 'w6': 0.51, 'w7': 0.17200000000000001, 'w8': 0.872, 'max_depth': 9, 'min_child_weight': 18, 'subsample': 0.9000000000000001, 'colsample_bytree': 0.6000000000000001, 'gamma': 0.4}. Best is trial 1334 with value: 0.5442704750798081.
[I 2023-10-19 12:07:48,399] Trial 1883 finished with value: 0.5240842994007877 and parameters: {'w0': 0.188, 'w1': 0.9590000000000001, 'w2': 0.08800000000000001, 'w3': 0.212, 'w4': 0.799, 'w5': 0.889, 'w6': 0.114, 'w7': 0.074, 'w8': 0.802, 'max_depth': 9, 'min_child_weight': 18, 'subsample': 0.9000000000000001, 'colsample_bytree': 0.6000000000000001, 'gamma': 0.4}. Best is trial 1334 with value: 0.5442704750798081.
[I 2023-10-19 12:08:09,499] Trial 1879 finished with value: 0.5120075333071931 and parameters: {'w0': 0.138, 'w1': 0.998, 'w2': 0.809, 'w3': 0.275, 'w4': 0.798, 'w5': 0.9520000000000001, 'w6': 0.484, 'w7': 0.17, 'w8': 0.874, 'max_depth': 9, 'min_child_weight': 18, 'subsample': 0.9000000000000001, 'colsample_bytree': 0.6000000000000001, 'gamma': 0.4}. Best is trial 1334 with value: 0.5442704750798081.
[I 2023-10-19 12:09:47,646] Trial 1884 finished with value: 0.5128521764013594 and parameters: {'w0': 0.183, 'w1': 0.9600000000000001, 'w2': 0.08800000000000001, 'w3': 0.218, 'w4': 0.802, 'w5': 0.9530000000000001, 'w6': 0.506, 'w7': 0.17200000000000001, 'w8': 0.87, 'max_depth': 9, 'min_child_weight': 18, 'subsample': 0.9000000000000001, 'colsample_bytree': 0.6000000000000001, 'gamma': 0.4}. Best is trial 1334 with value: 0.5442704750798081.
[I 2023-10-19 12:11:28,896] Trial 1885 finished with value: 0.48957921202108834 and parameters: {'w0': 0.23700000000000002, 'w1': 0.909, 'w2': 0.092, 'w3': 0.278, 'w4': 0.077, 'w5': 0.883, 'w6': 0.517, 'w7': 0.17200000000000001, 'w8': 0.873, 'max_depth': 9, 'min_child_weight': 18, 'subsample': 0.9000000000000001, 'colsample_bytree': 0.6000000000000001, 'gamma': 0.4}. Best is trial 1334 with value: 0.5442704750798081.
[I 2023-10-19 12:12:11,072] Trial 1886 finished with value: 0.5202660655878562 and parameters: {'w0': 0.127, 'w1': 0.999, 'w2': 0.09, 'w3': 0.297, 'w4': 0.802, 'w5': 0.9490000000000001, 'w6': 0.506, 'w7': 0.17200000000000001, 'w8': 0.877, 'max_depth': 9, 'min_child_weight': 18, 'subsample': 0.9000000000000001, 'colsample_bytree': 0.6000000000000001, 'gamma': 0.4}. Best is trial 1334 with value: 0.5442704750798081.
[I 2023-10-19 12:15:36,352] Trial 1892 finished with value: 0.529243556794273 and parameters: {'w0': 0.188, 'w1': 0.91, 'w2': 0.223, 'w3': 0.272, 'w4': 0.755, 'w5': 0.42, 'w6': 0.511, 'w7': 0.16, 'w8': 0.874, 'max_depth': 5, 'min_child_weight': 18, 'subsample': 0.9000000000000001, 'colsample_bytree': 0.6000000000000001, 'gamma': 0.2}. Best is trial 1334 with value: 0.5442704750798081.
[I 2023-10-19 12:18:00,202] Trial 1901 finished with value: 0.5077728122537298 and parameters: {'w0': 0.128, 'w1': 0.9510000000000001, 'w2': 0.064, 'w3': 0.233, 'w4': 0.75, 'w5': 0.891, 'w6': 0.512, 'w7': 0.062, 'w8': 0.539, 'max_depth': 9, 'min_child_weight': 18, 'subsample': 0.9000000000000001, 'colsample_bytree': 0.6000000000000001, 'gamma': 2.4000000000000004}. Best is trial 1334 with value: 0.5442704750798081.
[I 2023-10-19 12:18:12,929] Trial 1887 finished with value: 0.5381242867953547 and parameters: {'w0': 0.187, 'w1': 0.904, 'w2': 0.222, 'w3': 0.299, 'w4': 0.799, 'w5': 0.9560000000000001, 'w6': 0.514, 'w7': 0.167, 'w8': 0.876, 'max_depth': 9, 'min_child_weight': 18, 'subsample': 0.9000000000000001, 'colsample_bytree': 0.6000000000000001, 'gamma': 0.2}. Best is trial 1334 with value: 0.5442704750798081.
[I 2023-10-19 12:18:44,191] Trial 1888 finished with value: 0.5242850532109711 and parameters: {'w0': 0.191, 'w1': 0.908, 'w2': 0.094, 'w3': 0.294, 'w4': 0.906, 'w5': 0.9560000000000001, 'w6': 0.506, 'w7': 0.17500000000000002, 'w8': 0.872, 'max_depth': 9, 'min_child_weight': 18, 'subsample': 0.9000000000000001, 'colsample_bytree': 0.6000000000000001, 'gamma': 0.2}. Best is trial 1334 with value: 0.5442704750798081.
[I 2023-10-19 12:19:20,555] Trial 1889 finished with value: 0.5381735153640056 and parameters: {'w0': 0.189, 'w1': 0.962, 'w2': 0.183, 'w3': 0.276, 'w4': 0.903, 'w5': 0.9490000000000001, 'w6': 0.513, 'w7': 0.17400000000000002, 'w8': 0.876, 'max_depth': 9, 'min_child_weight': 18, 'subsample': 0.9000000000000001, 'colsample_bytree': 0.6000000000000001, 'gamma': 0.2}. Best is trial 1334 with value: 0.5442704750798081.
