[I 2023-10-19 23:18:58,145] Trial 665 finished with value: 0.5001480310374449 and parameters: {'w0': 0.18, 'w1': 0.844, 'w2': 0.17600000000000002, 'w3': 0.519, 'w4': 0.977, 'w5': 0.9540000000000001, 'w6': 0.298, 'w7': 0.196, 'w8': 0.759, 'max_depth': 9, 'min_child_weight': 18, 'subsample': 0.9000000000000001, 'colsample_bytree': 0.9000000000000001, 'gamma': 0.6000000000000001}. Best is trial 556 with value: 0.5099189407344089.
[I 2023-10-19 23:19:09,182] Trial 662 finished with value: 0.5012753492545508 and parameters: {'w0': 0.179, 'w1': 0.849, 'w2': 0.153, 'w3': 0.218, 'w4': 0.929, 'w5': 0.9560000000000001, 'w6': 0.334, 'w7': 0.195, 'w8': 0.776, 'max_depth': 9, 'min_child_weight': 18, 'subsample': 0.9000000000000001, 'colsample_bytree': 0.9000000000000001, 'gamma': 0.4}. Best is trial 556 with value: 0.5099189407344089.
[I 2023-10-19 23:19:12,211] Trial 658 finished with value: 0.5016708565019264 and parameters: {'w0': 0.178, 'w1': 0.853, 'w2': 0.203, 'w3': 0.458, 'w4': 0.926, 'w5': 0.9550000000000001, 'w6': 0.298, 'w7': 0.152, 'w8': 0.787, 'max_depth': 9, 'min_child_weight': 16, 'subsample': 0.8, 'colsample_bytree': 0.9000000000000001, 'gamma': 0.4}. Best is trial 556 with value: 0.5099189407344089.
[I 2023-10-19 23:20:29,857] Trial 663 finished with value: 0.4960239151089508 and parameters: {'w0': 0.18, 'w1': 0.846, 'w2': 0.154, 'w3': 0.529, 'w4': 0.979, 'w5': 0.928, 'w6': 0.332, 'w7': 0.198, 'w8': 0.756, 'max_depth': 9, 'min_child_weight': 18, 'subsample': 0.9000000000000001, 'colsample_bytree': 0.9000000000000001, 'gamma': 0.4}. Best is trial 556 with value: 0.5099189407344089.
[I 2023-10-19 23:21:12,362] Trial 672 finished with value: 0.4501213008289071 and parameters: {'w0': 0.18, 'w1': 0.042, 'w2': 0.17400000000000002, 'w3': 0.524, 'w4': 0.891, 'w5': 0.927, 'w6': 0.334, 'w7': 0.191, 'w8': 0.758, 'max_depth': 9, 'min_child_weight': 18, 'subsample': 0.8, 'colsample_bytree': 0.9000000000000001, 'gamma': 5.4}. Best is trial 556 with value: 0.5099189407344089.
[I 2023-10-19 23:21:58,016] Trial 664 finished with value: 0.42772473877953865 and parameters: {'w0': 0.17300000000000001, 'w1': 0.834, 'w2': 0.17600000000000002, 'w3': 0.526, 'w4': 0.89, 'w5': 0.9540000000000001, 'w6': 0.08800000000000001, 'w7': 0.787, 'w8': 0.755, 'max_depth': 9, 'min_child_weight': 18, 'subsample': 0.8, 'colsample_bytree': 0.9000000000000001, 'gamma': 0.4}. Best is trial 556 with value: 0.5099189407344089.
[I 2023-10-19 23:22:27,439] Trial 668 finished with value: 0.49910272300092506 and parameters: {'w0': 0.179, 'w1': 0.851, 'w2': 0.17300000000000001, 'w3': 0.135, 'w4': 0.979, 'w5': 0.929, 'w6': 0.334, 'w7': 0.101, 'w8': 0.753, 'max_depth': 9, 'min_child_weight': 18, 'subsample': 0.9000000000000001, 'colsample_bytree': 0.9000000000000001, 'gamma': 0.6000000000000001}. Best is trial 556 with value: 0.5099189407344089.
[I 2023-10-19 23:22:53,529] Trial 669 finished with value: 0.48733283187503873 and parameters: {'w0': 0.14200000000000002, 'w1': 0.857, 'w2': 0.17500000000000002, 'w3': 0.523, 'w4': 0.89, 'w5': 0.925, 'w6': 0.336, 'w7': 0.099, 'w8': 0.757, 'max_depth': 9, 'min_child_weight': 18, 'subsample': 0.9000000000000001, 'colsample_bytree': 0.9000000000000001, 'gamma': 0.6000000000000001}. Best is trial 556 with value: 0.5099189407344089.
[I 2023-10-19 23:23:59,990] Trial 667 finished with value: 0.5006236104348126 and parameters: {'w0': 0.18, 'w1': 0.847, 'w2': 0.17500000000000002, 'w3': 0.529, 'w4': 0.916, 'w5': 0.933, 'w6': 0.337, 'w7': 0.196, 'w8': 0.754, 'max_depth': 9, 'min_child_weight': 18, 'subsample': 0.8, 'colsample_bytree': 0.9000000000000001, 'gamma': 0.6000000000000001}. Best is trial 556 with value: 0.5099189407344089.
[I 2023-10-19 23:24:19,453] Trial 670 finished with value: 0.4852604801308033 and parameters: {'w0': 0.179, 'w1': 0.75, 'w2': 0.18, 'w3': 0.465, 'w4': 0.895, 'w5': 0.313, 'w6': 0.339, 'w7': 0.098, 'w8': 0.755, 'max_depth': 9, 'min_child_weight': 18, 'subsample': 0.9000000000000001, 'colsample_bytree': 0.9000000000000001, 'gamma': 0.6000000000000001}. Best is trial 556 with value: 0.5099189407344089.
[I 2023-10-19 23:24:38,924] Trial 671 finished with value: 0.47655715548109673 and parameters: {'w0': 0.17600000000000002, 'w1': 0.127, 'w2': 0.17300000000000001, 'w3': 0.52, 'w4': 0.891, 'w5': 0.928, 'w6': 0.332, 'w7': 0.191, 'w8': 0.756, 'max_depth': 9, 'min_child_weight': 18, 'subsample': 0.8, 'colsample_bytree': 0.9000000000000001, 'gamma': 1.2000000000000002}. Best is trial 556 with value: 0.5099189407344089.
[I 2023-10-19 23:25:38,891] Trial 681 finished with value: 0.44312963831775454 and parameters: {'w0': 0.14, 'w1': 0.963, 'w2': 0.124, 'w3': 0.487, 'w4': 0.892, 'w5': 0.924, 'w6': 0.356, 'w7': 0.101, 'w8': 0.752, 'max_depth': 9, 'min_child_weight': 16, 'subsample': 0.8, 'colsample_bytree': 0.9000000000000001, 'gamma': 9.200000000000001}. Best is trial 556 with value: 0.5099189407344089.
[I 2023-10-19 23:26:49,519] Trial 673 finished with value: 0.4837387794791602 and parameters: {'w0': 0.179, 'w1': 0.9470000000000001, 'w2': 0.17400000000000002, 'w3': 0.491, 'w4': 0.892, 'w5': 0.928, 'w6': 0.327, 'w7': 0.074, 'w8': 0.755, 'max_depth': 9, 'min_child_weight': 18, 'subsample': 0.8, 'colsample_bytree': 0.9000000000000001, 'gamma': 1.2000000000000002}. Best is trial 556 with value: 0.5099189407344089.
[I 2023-10-19 23:27:45,971] Trial 677 finished with value: 0.48031413465317463 and parameters: {'w0': 0.182, 'w1': 0.965, 'w2': 0.17400000000000002, 'w3': 0.137, 'w4': 0.891, 'w5': 0.929, 'w6': 0.335, 'w7': 0.076, 'w8': 0.748, 'max_depth': 6, 'min_child_weight': 18, 'subsample': 0.8, 'colsample_bytree': 0.9000000000000001, 'gamma': 1.2000000000000002}. Best is trial 556 with value: 0.5099189407344089.
[I 2023-10-19 23:28:12,644] Trial 680 finished with value: 0.4972304597218279 and parameters: {'w0': 0.139, 'w1': 0.932, 'w2': 0.125, 'w3': 0.499, 'w4': 0.892, 'w5': 0.922, 'w6': 0.329, 'w7': 0.10300000000000001, 'w8': 0.752, 'max_depth': 6, 'min_child_weight': 16, 'subsample': 0.8, 'colsample_bytree': 0.9000000000000001, 'gamma': 1.2000000000000002}. Best is trial 556 with value: 0.5099189407344089.
[I 2023-10-19 23:28:23,469] Trial 679 finished with value: 0.4427196206501711 and parameters: {'w0': 0.181, 'w1': 0.045, 'w2': 0.53, 'w3': 0.533, 'w4': 0.891, 'w5': 0.927, 'w6': 0.329, 'w7': 0.069, 'w8': 0.755, 'max_depth': 9, 'min_child_weight': 16, 'subsample': 0.8, 'colsample_bytree': 0.9000000000000001, 'gamma': 1.2000000000000002}. Best is trial 556 with value: 0.5099189407344089.
[I 2023-10-19 23:29:02,618] Trial 682 finished with value: 0.46760523338996407 and parameters: {'w0': 0.135, 'w1': 0.131, 'w2': 0.12000000000000001, 'w3': 0.48000000000000004, 'w4': 0.871, 'w5': 0.92, 'w6': 0.319, 'w7': 0.077, 'w8': 0.753, 'max_depth': 6, 'min_child_weight': 16, 'subsample': 0.8, 'colsample_bytree': 0.9000000000000001, 'gamma': 1.2000000000000002}. Best is trial 556 with value: 0.5099189407344089.
[I 2023-10-19 23:29:56,156] Trial 674 finished with value: 0.4966951876701843 and parameters: {'w0': 0.179, 'w1': 0.9540000000000001, 'w2': 0.168, 'w3': 0.20700000000000002, 'w4': 0.891, 'w5': 0.9400000000000001, 'w6': 0.335, 'w7': 0.198, 'w8': 0.753, 'max_depth': 9, 'min_child_weight': 18, 'subsample': 0.9000000000000001, 'colsample_bytree': 0.9000000000000001, 'gamma': 0.6000000000000001}. Best is trial 556 with value: 0.5099189407344089.
[I 2023-10-19 23:30:46,133] Trial 683 finished with value: 0.4815000425191309 and parameters: {'w0': 0.135, 'w1': 0.9570000000000001, 'w2': 0.11900000000000001, 'w3': 0.494, 'w4': 0.866, 'w5': 0.924, 'w6': 0.314, 'w7': 0.07300000000000001, 'w8': 0.706, 'max_depth': 6, 'min_child_weight': 16, 'subsample': 0.8, 'colsample_bytree': 0.9000000000000001, 'gamma': 1.2000000000000002}. Best is trial 556 with value: 0.5099189407344089.
[I 2023-10-19 23:30:46,929] Trial 684 finished with value: 0.4693898026781393 and parameters: {'w0': 0.136, 'w1': 0.125, 'w2': 0.116, 'w3': 0.491, 'w4': 0.867, 'w5': 0.999, 'w6': 0.35200000000000004, 'w7': 0.078, 'w8': 0.715, 'max_depth': 9, 'min_child_weight': 16, 'subsample': 0.8, 'colsample_bytree': 0.9000000000000001, 'gamma': 1.2000000000000002}. Best is trial 556 with value: 0.5099189407344089.
[I 2023-10-19 23:31:48,921] Trial 676 finished with value: 0.5014663687286183 and parameters: {'w0': 0.177, 'w1': 0.9580000000000001, 'w2': 0.17300000000000001, 'w3': 0.522, 'w4': 0.894, 'w5': 0.93, 'w6': 0.324, 'w7': 0.108, 'w8': 0.75, 'max_depth': 9, 'min_child_weight': 18, 'subsample': 0.8, 'colsample_bytree': 0.9000000000000001, 'gamma': 0.6000000000000001}. Best is trial 556 with value: 0.5099189407344089.
[I 2023-10-19 23:31:53,220] Trial 685 finished with value: 0.48109346557922433 and parameters: {'w0': 0.138, 'w1': 0.9580000000000001, 'w2': 0.123, 'w3': 0.496, 'w4': 0.867, 'w5': 0.969, 'w6': 0.353, 'w7': 0.066, 'w8': 0.6970000000000001, 'max_depth': 6, 'min_child_weight': 16, 'subsample': 0.8, 'colsample_bytree': 0.9000000000000001, 'gamma': 1.2000000000000002}. Best is trial 556 with value: 0.5099189407344089.
[I 2023-10-19 23:31:57,378] Trial 675 finished with value: 0.4978027573628209 and parameters: {'w0': 0.182, 'w1': 0.961, 'w2': 0.17600000000000002, 'w3': 0.522, 'w4': 0.89, 'w5': 0.933, 'w6': 0.332, 'w7': 0.101, 'w8': 0.755, 'max_depth': 9, 'min_child_weight': 18, 'subsample': 0.8, 'colsample_bytree': 0.9000000000000001, 'gamma': 0.6000000000000001}. Best is trial 556 with value: 0.5099189407344089.
[I 2023-10-19 23:32:08,018] Trial 678 finished with value: 0.4257373626882062 and parameters: {'w0': 0.14100000000000001, 'w1': 0.935, 'w2': 0.122, 'w3': 0.493, 'w4': 0.893, 'w5': 0.999, 'w6': 0.33, 'w7': 0.808, 'w8': 0.752, 'max_depth': 6, 'min_child_weight': 16, 'subsample': 0.8, 'colsample_bytree': 0.9000000000000001, 'gamma': 0.6000000000000001}. Best is trial 556 with value: 0.5099189407344089.
[I 2023-10-19 23:32:47,738] Trial 686 finished with value: 0.4828652805823766 and parameters: {'w0': 0.135, 'w1': 0.9570000000000001, 'w2': 0.121, 'w3': 0.496, 'w4': 0.862, 'w5': 0.997, 'w6': 0.309, 'w7': 0.067, 'w8': 0.715, 'max_depth': 6, 'min_child_weight': 16, 'subsample': 0.8, 'colsample_bytree': 0.9000000000000001, 'gamma': 1.2000000000000002}. Best is trial 556 with value: 0.5099189407344089.
[I 2023-10-19 23:33:26,296] Trial 687 finished with value: 0.4851939023750151 and parameters: {'w0': 0.139, 'w1': 0.9550000000000001, 'w2': 0.122, 'w3': 0.499, 'w4': 0.872, 'w5': 0.999, 'w6': 0.312, 'w7': 0.074, 'w8': 0.705, 'max_depth': 9, 'min_child_weight': 16, 'subsample': 0.8, 'colsample_bytree': 0.9000000000000001, 'gamma': 1.2000000000000002}. Best is trial 556 with value: 0.5099189407344089.
[I 2023-10-19 23:37:37,205] Trial 688 finished with value: 0.500200473429827 and parameters: {'w0': 0.133, 'w1': 0.9550000000000001, 'w2': 0.12000000000000001, 'w3': 0.485, 'w4': 0.864, 'w5': 0.973, 'w6': 0.277, 'w7': 0.076, 'w8': 0.705, 'max_depth': 6, 'min_child_weight': 16, 'subsample': 0.8, 'colsample_bytree': 0.9000000000000001, 'gamma': 0.0}. Best is trial 556 with value: 0.5099189407344089.
[I 2023-10-19 23:39:40,816] Trial 690 finished with value: 0.49797007792878556 and parameters: {'w0': 0.135, 'w1': 0.9570000000000001, 'w2': 0.124, 'w3': 0.488, 'w4': 0.866, 'w5': 0.97, 'w6': 0.312, 'w7': 0.07200000000000001, 'w8': 0.71, 'max_depth': 6, 'min_child_weight': 16, 'subsample': 0.8, 'colsample_bytree': 0.9000000000000001, 'gamma': 0.0}. Best is trial 556 with value: 0.5099189407344089.
[I 2023-10-19 23:41:10,827] Trial 689 finished with value: 0.5017312456409784 and parameters: {'w0': 0.08800000000000001, 'w1': 0.936, 'w2': 0.117, 'w3': 0.496, 'w4': 0.866, 'w5': 1.0, 'w6': 0.27, 'w7': 0.08, 'w8': 0.71, 'max_depth': 9, 'min_child_weight': 16, 'subsample': 0.8, 'colsample_bytree': 0.9000000000000001, 'gamma': 0.0}. Best is trial 556 with value: 0.5099189407344089.
[I 2023-10-19 23:43:45,892] Trial 691 finished with value: 0.500654527947392 and parameters: {'w0': 0.137, 'w1': 0.928, 'w2': 0.111, 'w3': 0.542, 'w4': 0.87, 'w5': 0.999, 'w6': 0.31, 'w7': 0.068, 'w8': 0.706, 'max_depth': 9, 'min_child_weight': 16, 'subsample': 0.8, 'colsample_bytree': 0.9000000000000001, 'gamma': 0.0}. Best is trial 556 with value: 0.5099189407344089.
[I 2023-10-19 23:44:04,541] Trial 693 finished with value: 0.5046730222003221 and parameters: {'w0': 0.132, 'w1': 0.9570000000000001, 'w2': 0.12000000000000001, 'w3': 0.495, 'w4': 0.859, 'w5': 0.969, 'w6': 0.273, 'w7': 0.111, 'w8': 0.706, 'max_depth': 9, 'min_child_weight': 16, 'subsample': 0.8, 'colsample_bytree': 0.9000000000000001, 'gamma': 0.0}. Best is trial 556 with value: 0.5099189407344089.
[I 2023-10-19 23:44:08,800] Trial 692 finished with value: 0.5016272985023569 and parameters: {'w0': 0.132, 'w1': 0.9600000000000001, 'w2': 0.11900000000000001, 'w3': 0.492, 'w4': 0.862, 'w5': 1.0, 'w6': 0.31, 'w7': 0.07300000000000001, 'w8': 0.707, 'max_depth': 9, 'min_child_weight': 16, 'subsample': 0.8, 'colsample_bytree': 0.9000000000000001, 'gamma': 0.0}. Best is trial 556 with value: 0.5099189407344089.
[I 2023-10-19 23:44:54,167] Trial 694 finished with value: 0.5057824219522642 and parameters: {'w0': 0.133, 'w1': 0.9560000000000001, 'w2': 0.115, 'w3': 0.492, 'w4': 0.907, 'w5': 1.0, 'w6': 0.279, 'w7': 0.14, 'w8': 0.705, 'max_depth': 9, 'min_child_weight': 16, 'subsample': 0.8, 'colsample_bytree': 0.9000000000000001, 'gamma': 0.0}. Best is trial 556 with value: 0.5099189407344089.
[I 2023-10-19 23:46:04,792] Trial 696 finished with value: 0.4911793034742591 and parameters: {'w0': 0.08700000000000001, 'w1': 0.931, 'w2': 0.116, 'w3': 0.056, 'w4': 0.865, 'w5': 0.998, 'w6': 0.281, 'w7': 0.14, 'w8': 0.706, 'max_depth': 9, 'min_child_weight': 16, 'subsample': 0.8, 'colsample_bytree': 0.9000000000000001, 'gamma': 0.0}. Best is trial 556 with value: 0.5099189407344089.
[I 2023-10-19 23:46:31,692] Trial 697 finished with value: 0.4927119277576783 and parameters: {'w0': 0.08600000000000001, 'w1': 0.934, 'w2': 0.081, 'w3': 0.543, 'w4': 0.865, 'w5': 0.999, 'w6': 0.275, 'w7': 0.135, 'w8': 0.6980000000000001, 'max_depth': 9, 'min_child_weight': 16, 'subsample': 0.8, 'colsample_bytree': 0.9000000000000001, 'gamma': 0.0}. Best is trial 556 with value: 0.5099189407344089.
[I 2023-10-19 23:46:41,265] Trial 695 finished with value: 0.48469960314423155 and parameters: {'w0': 0.873, 'w1': 0.933, 'w2': 0.12000000000000001, 'w3': 0.494, 'w4': 0.865, 'w5': 0.999, 'w6': 0.279, 'w7': 0.138, 'w8': 0.7030000000000001, 'max_depth': 9, 'min_child_weight': 16, 'subsample': 0.8, 'colsample_bytree': 0.9000000000000001, 'gamma': 0.0}. Best is trial 556 with value: 0.5099189407344089.
[I 2023-10-19 23:46:48,663] Trial 700 finished with value: 0.47583768818446653 and parameters: {'w0': 0.092, 'w1': 0.992, 'w2': 0.074, 'w3': 0.543, 'w4': 0.912, 'w5': 0.08800000000000001, 'w6': 0.266, 'w7': 0.14400000000000002, 'w8': 0.709, 'max_depth': 9, 'min_child_weight': 16, 'subsample': 0.8, 'colsample_bytree': 0.9000000000000001, 'gamma': 0.0}. Best is trial 556 with value: 0.5099189407344089.
[I 2023-10-19 23:47:16,583] Trial 698 finished with value: 0.4979835404810069 and parameters: {'w0': 0.134, 'w1': 0.934, 'w2': 0.09, 'w3': 0.498, 'w4': 0.866, 'w5': 0.999, 'w6': 0.276, 'w7': 0.14200000000000002, 'w8': 0.7040000000000001, 'max_depth': 9, 'min_child_weight': 16, 'subsample': 0.8, 'colsample_bytree': 0.9000000000000001, 'gamma': 0.0}. Best is trial 556 with value: 0.5099189407344089.
[I 2023-10-19 23:48:09,730] Trial 701 finished with value: 0.4987238831786213 and parameters: {'w0': 0.20600000000000002, 'w1': 0.998, 'w2': 0.096, 'w3': 0.543, 'w4': 0.909, 'w5': 0.972, 'w6': 0.275, 'w7': 0.139, 'w8': 0.713, 'max_depth': 9, 'min_child_weight': 16, 'subsample': 0.8, 'colsample_bytree': 0.9000000000000001, 'gamma': 0.0}. Best is trial 556 with value: 0.5099189407344089.
[I 2023-10-19 23:48:12,446] Trial 699 finished with value: 0.5070573758772629 and parameters: {'w0': 0.136, 'w1': 0.93, 'w2': 0.126, 'w3': 0.542, 'w4': 0.913, 'w5': 0.998, 'w6': 0.274, 'w7': 0.14, 'w8': 0.71, 'max_depth': 9, 'min_child_weight': 16, 'subsample': 0.8, 'colsample_bytree': 0.9000000000000001, 'gamma': 0.0}. Best is trial 556 with value: 0.5099189407344089.
[I 2023-10-19 23:48:26,521] Trial 702 finished with value: 0.49414590315431617 and parameters: {'w0': 0.091, 'w1': 0.99, 'w2': 0.08, 'w3': 0.546, 'w4': 0.915, 'w5': 0.999, 'w6': 0.276, 'w7': 0.138, 'w8': 0.705, 'max_depth': 9, 'min_child_weight': 16, 'subsample': 0.8, 'colsample_bytree': 0.9000000000000001, 'gamma': 0.0}. Best is trial 556 with value: 0.5099189407344089.
[I 2023-10-19 23:49:51,926] Trial 703 finished with value: 0.47210230717991664 and parameters: {'w0': 0.87, 'w1': 0.991, 'w2': 0.08, 'w3': 0.541, 'w4': 0.914, 'w5': 0.98, 'w6': 0.27, 'w7': 0.139, 'w8': 0.71, 'max_depth': 9, 'min_child_weight': 16, 'subsample': 0.8, 'colsample_bytree': 0.9000000000000001, 'gamma': 0.0}. Best is trial 556 with value: 0.5099189407344089.
[I 2023-10-19 23:51:50,192] Trial 712 finished with value: 0.43640005455404096 and parameters: {'w0': 0.212, 'w1': 0.987, 'w2': 0.093, 'w3': 0.438, 'w4': 0.91, 'w5': 0.972, 'w6': 0.266, 'w7': 0.137, 'w8': 0.799, 'max_depth': 9, 'min_child_weight': 16, 'subsample': 0.8, 'colsample_bytree': 0.9000000000000001, 'gamma': 6.4}. Best is trial 556 with value: 0.5099189407344089.
[I 2023-10-19 23:52:14,523] Trial 714 finished with value: 0.4450756597425157 and parameters: {'w0': 0.20800000000000002, 'w1': 0.995, 'w2': 0.093, 'w3': 0.465, 'w4': 0.915, 'w5': 0.97, 'w6': 0.231, 'w7': 0.11900000000000001, 'w8': 0.797, 'max_depth': 9, 'min_child_weight': 6, 'subsample': 0.8, 'colsample_bytree': 0.9000000000000001, 'gamma': 6.4}. Best is trial 556 with value: 0.5099189407344089.
[I 2023-10-19 23:53:18,167] Trial 704 finished with value: 0.49824411474120467 and parameters: {'w0': 0.09, 'w1': 0.989, 'w2': 0.149, 'w3': 0.543, 'w4': 0.91, 'w5': 0.972, 'w6': 0.276, 'w7': 0.14200000000000002, 'w8': 0.718, 'max_depth': 9, 'min_child_weight': 16, 'subsample': 0.8, 'colsample_bytree': 0.9000000000000001, 'gamma': 0.0}. Best is trial 556 with value: 0.5099189407344089.
[I 2023-10-19 23:55:22,610] Trial 705 finished with value: 0.49503749935838304 and parameters: {'w0': 0.08600000000000001, 'w1': 0.987, 'w2': 0.08, 'w3': 0.544, 'w4': 0.91, 'w5': 0.971, 'w6': 0.28, 'w7': 0.137, 'w8': 0.789, 'max_depth': 9, 'min_child_weight': 16, 'subsample': 0.8, 'colsample_bytree': 0.9000000000000001, 'gamma': 0.0}. Best is trial 556 with value: 0.5099189407344089.
[I 2023-10-19 23:56:45,005] Trial 706 finished with value: 0.48909843518832397 and parameters: {'w0': 0.09, 'w1': 0.988, 'w2': 0.075, 'w3': 0.5710000000000001, 'w4': 0.912, 'w5': 0.968, 'w6': 0.28200000000000003, 'w7': 0.14, 'w8': 0.801, 'max_depth': 9, 'min_child_weight': 16, 'subsample': 0.8, 'colsample_bytree': 0.9000000000000001, 'gamma': 0.0}. Best is trial 556 with value: 0.5099189407344089.
[I 2023-10-19 23:58:09,253] Trial 707 finished with value: 0.48585417683348886 and parameters: {'w0': 0.093, 'w1': 0.999, 'w2': 0.074, 'w3': 0.608, 'w4': 0.913, 'w5': 0.464, 'w6': 0.28300000000000003, 'w7': 0.14100000000000001, 'w8': 0.793, 'max_depth': 9, 'min_child_weight': 16, 'subsample': 0.8, 'colsample_bytree': 0.9000000000000001, 'gamma': 0.4}. Best is trial 556 with value: 0.5099189407344089.
[I 2023-10-19 23:58:33,116] Trial 708 finished with value: 0.49462531403094995 and parameters: {'w0': 0.093, 'w1': 0.989, 'w2': 0.153, 'w3': 0.542, 'w4': 0.914, 'w5': 0.969, 'w6': 0.278, 'w7': 0.139, 'w8': 0.23800000000000002, 'max_depth': 9, 'min_child_weight': 16, 'subsample': 0.8, 'colsample_bytree': 0.9000000000000001, 'gamma': 0.4}. Best is trial 556 with value: 0.5099189407344089.
[I 2023-10-19 23:59:32,280] Trial 709 finished with value: 0.4890299700206007 and parameters: {'w0': 0.20700000000000002, 'w1': 0.989, 'w2': 0.08, 'w3': 0.5680000000000001, 'w4': 0.917, 'w5': 0.968, 'w6': 0.28500000000000003, 'w7': 0.138, 'w8': 0.795, 'max_depth': 9, 'min_child_weight': 16, 'subsample': 0.8, 'colsample_bytree': 0.9000000000000001, 'gamma': 0.4}. Best is trial 556 with value: 0.5099189407344089.
[I 2023-10-20 00:00:06,195] Trial 710 finished with value: 0.4876416777121877 and parameters: {'w0': 0.085, 'w1': 0.931, 'w2': 0.078, 'w3': 0.169, 'w4': 0.91, 'w5': 0.968, 'w6': 0.23500000000000001, 'w7': 0.139, 'w8': 0.795, 'max_depth': 9, 'min_child_weight': 16, 'subsample': 0.8, 'colsample_bytree': 0.9000000000000001, 'gamma': 0.0}. Best is trial 556 with value: 0.5099189407344089.
[I 2023-10-20 00:01:12,902] Trial 711 finished with value: 0.4874812098823842 and parameters: {'w0': 0.096, 'w1': 0.999, 'w2': 0.07100000000000001, 'w3': 0.094, 'w4': 0.913, 'w5': 0.971, 'w6': 0.227, 'w7': 0.14, 'w8': 0.796, 'max_depth': 9, 'min_child_weight': 16, 'subsample': 0.8, 'colsample_bytree': 0.9000000000000001, 'gamma': 0.0}. Best is trial 556 with value: 0.5099189407344089.
[I 2023-10-20 00:01:16,738] Trial 713 finished with value: 0.489549564814084 and parameters: {'w0': 0.211, 'w1': 0.914, 'w2': 0.075, 'w3': 0.10200000000000001, 'w4': 0.915, 'w5': 0.97, 'w6': 0.261, 'w7': 0.117, 'w8': 0.797, 'max_depth': 9, 'min_child_weight': 16, 'subsample': 0.8, 'colsample_bytree': 0.9000000000000001, 'gamma': 0.4}. Best is trial 556 with value: 0.5099189407344089.
[I 2023-10-20 00:01:27,428] Trial 715 finished with value: 0.49169035511849546 and parameters: {'w0': 0.20500000000000002, 'w1': 0.998, 'w2': 0.08600000000000001, 'w3': 0.108, 'w4': 0.916, 'w5': 0.969, 'w6': 0.249, 'w7': 0.11900000000000001, 'w8': 0.729, 'max_depth': 9, 'min_child_weight': 16, 'subsample': 0.8, 'colsample_bytree': 0.9000000000000001, 'gamma': 0.4}. Best is trial 556 with value: 0.5099189407344089.
