[I 2023-10-21 00:31:06,644] Trial 471 finished with value: 0.405230702379168 and parameters: {'w0': 0.232, 'w1': 0.616, 'w2': 0.583, 'w3': 0.46, 'w4': 0.8180000000000001, 'w5': 0.714, 'w6': 0.9540000000000001, 'w7': 0.398, 'w8': 0.901, 'max_depth': 10, 'min_child_weight': 8, 'subsample': 0.4, 'colsample_bytree': 0.9000000000000001, 'gamma': 1.4000000000000001}. Best is trial 428 with value: 0.4125878578078418.
[I 2023-10-21 00:31:13,644] Trial 475 finished with value: 0.4036935879460978 and parameters: {'w0': 0.334, 'w1': 0.904, 'w2': 0.589, 'w3': 0.369, 'w4': 0.8190000000000001, 'w5': 0.723, 'w6': 0.9560000000000001, 'w7': 0.388, 'w8': 0.917, 'max_depth': 10, 'min_child_weight': 12, 'subsample': 0.4, 'colsample_bytree': 0.9000000000000001, 'gamma': 2.0}. Best is trial 428 with value: 0.4125878578078418.
[I 2023-10-21 00:31:19,201] Trial 479 finished with value: 0.3951275434514799 and parameters: {'w0': 0.377, 'w1': 0.05, 'w2': 0.583, 'w3': 0.366, 'w4': 0.785, 'w5': 0.729, 'w6': 0.9590000000000001, 'w7': 0.373, 'w8': 0.913, 'max_depth': 10, 'min_child_weight': 8, 'subsample': 0.4, 'colsample_bytree': 0.6000000000000001, 'gamma': 2.0}. Best is trial 428 with value: 0.4125878578078418.
[I 2023-10-21 00:32:55,253] Trial 472 finished with value: 0.4058191632366193 and parameters: {'w0': 0.248, 'w1': 0.91, 'w2': 0.582, 'w3': 0.458, 'w4': 0.8210000000000001, 'w5': 0.672, 'w6': 0.88, 'w7': 0.395, 'w8': 0.917, 'max_depth': 10, 'min_child_weight': 8, 'subsample': 0.4, 'colsample_bytree': 0.9000000000000001, 'gamma': 1.4000000000000001}. Best is trial 428 with value: 0.4125878578078418.
[I 2023-10-21 00:33:05,726] Trial 473 finished with value: 0.4061280164193705 and parameters: {'w0': 0.24000000000000002, 'w1': 0.906, 'w2': 0.583, 'w3': 0.481, 'w4': 0.772, 'w5': 0.673, 'w6': 0.886, 'w7': 0.391, 'w8': 0.912, 'max_depth': 10, 'min_child_weight': 8, 'subsample': 0.4, 'colsample_bytree': 0.9000000000000001, 'gamma': 1.4000000000000001}. Best is trial 428 with value: 0.4125878578078418.
[I 2023-10-21 00:33:29,853] Trial 481 finished with value: 0.39734182713562727 and parameters: {'w0': 0.379, 'w1': 0.893, 'w2': 0.581, 'w3': 0.377, 'w4': 0.786, 'w5': 0.732, 'w6': 0.9580000000000001, 'w7': 0.381, 'w8': 0.921, 'max_depth': 10, 'min_child_weight': 12, 'subsample': 0.4, 'colsample_bytree': 0.9000000000000001, 'gamma': 2.8000000000000003}. Best is trial 428 with value: 0.4125878578078418.
[I 2023-10-21 00:33:51,903] Trial 486 finished with value: 0.3757909487530672 and parameters: {'w0': 0.383, 'w1': 0.886, 'w2': 0.551, 'w3': 0.378, 'w4': 0.784, 'w5': 0.67, 'w6': 0.882, 'w7': 0.37, 'w8': 0.919, 'max_depth': 10, 'min_child_weight': 8, 'subsample': 0.4, 'colsample_bytree': 0.6000000000000001, 'gamma': 6.4}. Best is trial 428 with value: 0.4125878578078418.
[I 2023-10-21 00:34:48,238] Trial 484 finished with value: 0.40178513004139954 and parameters: {'w0': 0.386, 'w1': 0.731, 'w2': 0.558, 'w3': 0.48000000000000004, 'w4': 0.8210000000000001, 'w5': 0.099, 'w6': 0.876, 'w7': 0.365, 'w8': 0.921, 'max_depth': 8, 'min_child_weight': 8, 'subsample': 0.4, 'colsample_bytree': 0.9000000000000001, 'gamma': 2.8000000000000003}. Best is trial 428 with value: 0.4125878578078418.
[I 2023-10-21 00:35:44,190] Trial 483 finished with value: 0.3563468568398 and parameters: {'w0': 0.38, 'w1': 0.897, 'w2': 0.053000000000000005, 'w3': 0.379, 'w4': 0.783, 'w5': 0.729, 'w6': 0.882, 'w7': 0.453, 'w8': 0.92, 'max_depth': 8, 'min_child_weight': 12, 'subsample': 0.4, 'colsample_bytree': 0.6000000000000001, 'gamma': 1.8}. Best is trial 428 with value: 0.4125878578078418.
[I 2023-10-21 00:36:46,740] Trial 480 finished with value: 0.40938291383165515 and parameters: {'w0': 0.375, 'w1': 0.886, 'w2': 0.585, 'w3': 0.366, 'w4': 0.8200000000000001, 'w5': 0.734, 'w6': 0.883, 'w7': 0.375, 'w8': 0.916, 'max_depth': 10, 'min_child_weight': 8, 'subsample': 0.4, 'colsample_bytree': 0.9000000000000001, 'gamma': 2.0}. Best is trial 428 with value: 0.4125878578078418.
[I 2023-10-21 00:36:55,178] Trial 482 finished with value: 0.32982443312542054 and parameters: {'w0': 0.038, 'w1': 0.035, 'w2': 0.586, 'w3': 0.363, 'w4': 0.8220000000000001, 'w5': 0.727, 'w6': 0.672, 'w7': 0.377, 'w8': 0.916, 'max_depth': 10, 'min_child_weight': 12, 'subsample': 0.4, 'colsample_bytree': 0.9000000000000001, 'gamma': 1.4000000000000001}. Best is trial 428 with value: 0.4125878578078418.
[I 2023-10-21 00:41:50,519] Trial 485 finished with value: 0.40407343938356044 and parameters: {'w0': 0.375, 'w1': 0.892, 'w2': 0.557, 'w3': 0.379, 'w4': 0.776, 'w5': 0.731, 'w6': 0.879, 'w7': 0.451, 'w8': 0.922, 'max_depth': 8, 'min_child_weight': 8, 'subsample': 0.30000000000000004, 'colsample_bytree': 0.6000000000000001, 'gamma': 1.4000000000000001}. Best is trial 428 with value: 0.4125878578078418.
[I 2023-10-21 00:43:24,245] Trial 487 finished with value: 0.40070926920082667 and parameters: {'w0': 0.378, 'w1': 0.724, 'w2': 0.557, 'w3': 0.531, 'w4': 0.783, 'w5': 0.666, 'w6': 0.882, 'w7': 0.452, 'w8': 0.774, 'max_depth': 8, 'min_child_weight': 8, 'subsample': 0.30000000000000004, 'colsample_bytree': 0.9000000000000001, 'gamma': 1.4000000000000001}. Best is trial 428 with value: 0.4125878578078418.
[I 2023-10-21 00:44:25,293] Trial 489 finished with value: 0.35004575859954595 and parameters: {'w0': 0.379, 'w1': 0.89, 'w2': 0.003, 'w3': 0.47600000000000003, 'w4': 0.785, 'w5': 0.727, 'w6': 0.869, 'w7': 0.454, 'w8': 0.919, 'max_depth': 10, 'min_child_weight': 8, 'subsample': 0.30000000000000004, 'colsample_bytree': 0.6000000000000001, 'gamma': 1.4000000000000001}. Best is trial 428 with value: 0.4125878578078418.
[I 2023-10-21 00:44:43,580] Trial 492 finished with value: 0.4034835762438334 and parameters: {'w0': 0.375, 'w1': 0.984, 'w2': 0.553, 'w3': 0.485, 'w4': 0.786, 'w5': 0.657, 'w6': 0.875, 'w7': 0.452, 'w8': 0.837, 'max_depth': 8, 'min_child_weight': 8, 'subsample': 0.30000000000000004, 'colsample_bytree': 0.6000000000000001, 'gamma': 1.8}. Best is trial 428 with value: 0.4125878578078418.
[I 2023-10-21 00:45:25,248] Trial 491 finished with value: 0.4025777406717759 and parameters: {'w0': 0.372, 'w1': 0.931, 'w2': 0.557, 'w3': 0.47700000000000004, 'w4': 0.775, 'w5': 0.657, 'w6': 0.867, 'w7': 0.449, 'w8': 0.835, 'max_depth': 8, 'min_child_weight': 8, 'subsample': 0.30000000000000004, 'colsample_bytree': 0.9000000000000001, 'gamma': 1.8}. Best is trial 428 with value: 0.4125878578078418.
[I 2023-10-21 00:45:56,544] Trial 493 finished with value: 0.4024528186732014 and parameters: {'w0': 0.369, 'w1': 0.935, 'w2': 0.556, 'w3': 0.482, 'w4': 0.777, 'w5': 0.654, 'w6': 0.885, 'w7': 0.451, 'w8': 0.841, 'max_depth': 8, 'min_child_weight': 8, 'subsample': 0.30000000000000004, 'colsample_bytree': 0.9000000000000001, 'gamma': 1.8}. Best is trial 428 with value: 0.4125878578078418.
[I 2023-10-21 00:46:28,532] Trial 488 finished with value: 0.4023890895580454 and parameters: {'w0': 0.382, 'w1': 0.721, 'w2': 0.556, 'w3': 0.532, 'w4': 0.789, 'w5': 0.731, 'w6': 0.882, 'w7': 0.443, 'w8': 0.8320000000000001, 'max_depth': 10, 'min_child_weight': 8, 'subsample': 0.30000000000000004, 'colsample_bytree': 0.9000000000000001, 'gamma': 1.4000000000000001}. Best is trial 428 with value: 0.4125878578078418.
[I 2023-10-21 00:46:49,199] Trial 495 finished with value: 0.3951593043562259 and parameters: {'w0': 0.368, 'w1': 0.726, 'w2': 0.248, 'w3': 0.482, 'w4': 0.802, 'w5': 0.65, 'w6': 0.864, 'w7': 0.44, 'w8': 0.8330000000000001, 'max_depth': 8, 'min_child_weight': 8, 'subsample': 0.4, 'colsample_bytree': 0.9000000000000001, 'gamma': 1.8}. Best is trial 428 with value: 0.4125878578078418.
[I 2023-10-21 00:47:21,009] Trial 494 finished with value: 0.40215801309969823 and parameters: {'w0': 0.375, 'w1': 0.889, 'w2': 0.554, 'w3': 0.531, 'w4': 0.786, 'w5': 0.664, 'w6': 0.6900000000000001, 'w7': 0.452, 'w8': 0.772, 'max_depth': 8, 'min_child_weight': 8, 'subsample': 0.4, 'colsample_bytree': 0.9000000000000001, 'gamma': 1.8}. Best is trial 428 with value: 0.4125878578078418.
[I 2023-10-21 00:47:55,406] Trial 497 finished with value: 0.3999532921716359 and parameters: {'w0': 0.37, 'w1': 0.744, 'w2': 0.559, 'w3': 0.484, 'w4': 0.767, 'w5': 0.65, 'w6': 0.863, 'w7': 0.456, 'w8': 0.8320000000000001, 'max_depth': 8, 'min_child_weight': 8, 'subsample': 0.30000000000000004, 'colsample_bytree': 0.9000000000000001, 'gamma': 1.8}. Best is trial 428 with value: 0.4125878578078418.
[I 2023-10-21 00:48:02,611] Trial 496 finished with value: 0.4042161259127873 and parameters: {'w0': 0.367, 'w1': 0.9400000000000001, 'w2': 0.545, 'w3': 0.47800000000000004, 'w4': 0.924, 'w5': 0.651, 'w6': 0.84, 'w7': 0.452, 'w8': 0.8330000000000001, 'max_depth': 8, 'min_child_weight': 8, 'subsample': 0.30000000000000004, 'colsample_bytree': 0.9000000000000001, 'gamma': 1.8}. Best is trial 428 with value: 0.4125878578078418.
[I 2023-10-21 00:48:31,021] Trial 490 finished with value: 0.40650364648109205 and parameters: {'w0': 0.372, 'w1': 0.994, 'w2': 0.558, 'w3': 0.47900000000000004, 'w4': 0.744, 'w5': 0.724, 'w6': 0.879, 'w7': 0.461, 'w8': 0.922, 'max_depth': 10, 'min_child_weight': 8, 'subsample': 0.4, 'colsample_bytree': 0.9000000000000001, 'gamma': 1.4000000000000001}. Best is trial 428 with value: 0.4125878578078418.
[I 2023-10-21 00:50:32,538] Trial 498 finished with value: 0.40175778685336844 and parameters: {'w0': 0.368, 'w1': 0.727, 'w2': 0.555, 'w3': 0.533, 'w4': 0.8, 'w5': 0.655, 'w6': 0.838, 'w7': 0.454, 'w8': 0.84, 'max_depth': 10, 'min_child_weight': 8, 'subsample': 0.30000000000000004, 'colsample_bytree': 0.9000000000000001, 'gamma': 1.8}. Best is trial 428 with value: 0.4125878578078418.
[I 2023-10-21 00:51:00,227] Trial 500 finished with value: 0.3889167553300078 and parameters: {'w0': 0.363, 'w1': 0.73, 'w2': 0.555, 'w3': 0.482, 'w4': 0.915, 'w5': 0.655, 'w6': 0.849, 'w7': 0.147, 'w8': 0.8330000000000001, 'max_depth': 10, 'min_child_weight': 8, 'subsample': 0.30000000000000004, 'colsample_bytree': 0.9000000000000001, 'gamma': 1.8}. Best is trial 428 with value: 0.4125878578078418.
[I 2023-10-21 00:51:21,101] Trial 501 finished with value: 0.4007304657117571 and parameters: {'w0': 0.404, 'w1': 0.727, 'w2': 0.555, 'w3': 0.536, 'w4': 0.912, 'w5': 0.656, 'w6': 0.839, 'w7': 0.446, 'w8': 0.8330000000000001, 'max_depth': 8, 'min_child_weight': 8, 'subsample': 0.30000000000000004, 'colsample_bytree': 0.9000000000000001, 'gamma': 1.8}. Best is trial 428 with value: 0.4125878578078418.
[I 2023-10-21 00:51:47,685] Trial 499 finished with value: 0.4070839813007857 and parameters: {'w0': 0.367, 'w1': 0.9410000000000001, 'w2': 0.555, 'w3': 0.48000000000000004, 'w4': 0.739, 'w5': 0.653, 'w6': 0.686, 'w7': 0.455, 'w8': 0.837, 'max_depth': 10, 'min_child_weight': 8, 'subsample': 0.4, 'colsample_bytree': 0.9000000000000001, 'gamma': 1.8}. Best is trial 428 with value: 0.4125878578078418.
[I 2023-10-21 00:56:57,030] Trial 517 finished with value: 0.345098176410792 and parameters: {'w0': 0.40700000000000003, 'w1': 0.861, 'w2': 0.625, 'w3': 0.293, 'w4': 0.42, 'w5': 0.593, 'w6': 0.847, 'w7': 0.319, 'w8': 0.863, 'max_depth': 10, 'min_child_weight': 6, 'subsample': 0.4, 'colsample_bytree': 0.9000000000000001, 'gamma': 10.0}. Best is trial 428 with value: 0.4125878578078418.
[I 2023-10-21 00:57:25,435] Trial 502 finished with value: 0.40171210115197076 and parameters: {'w0': 0.4, 'w1': 0.725, 'w2': 0.556, 'w3': 0.504, 'w4': 0.755, 'w5': 0.652, 'w6': 0.839, 'w7': 0.464, 'w8': 0.778, 'max_depth': 10, 'min_child_weight': 8, 'subsample': 0.30000000000000004, 'colsample_bytree': 0.9000000000000001, 'gamma': 1.8}. Best is trial 428 with value: 0.4125878578078418.
[I 2023-10-21 00:59:26,641] Trial 503 finished with value: 0.4031869025395093 and parameters: {'w0': 0.404, 'w1': 0.721, 'w2': 0.556, 'w3': 0.299, 'w4': 0.748, 'w5': 0.651, 'w6': 0.844, 'w7': 0.465, 'w8': 0.845, 'max_depth': 10, 'min_child_weight': 8, 'subsample': 0.4, 'colsample_bytree': 0.9000000000000001, 'gamma': 1.8}. Best is trial 428 with value: 0.4125878578078418.
[I 2023-10-21 01:00:17,302] Trial 504 finished with value: 0.4055502354689112 and parameters: {'w0': 0.404, 'w1': 0.732, 'w2': 0.558, 'w3': 0.508, 'w4': 0.805, 'w5': 0.651, 'w6': 0.841, 'w7': 0.41100000000000003, 'w8': 0.8290000000000001, 'max_depth': 10, 'min_child_weight': 8, 'subsample': 0.4, 'colsample_bytree': 0.9000000000000001, 'gamma': 1.8}. Best is trial 428 with value: 0.4125878578078418.
[I 2023-10-21 01:00:40,262] Trial 512 finished with value: 0.4062891523536619 and parameters: {'w0': 0.403, 'w1': 0.857, 'w2': 0.49, 'w3': 0.342, 'w4': 0.915, 'w5': 0.601, 'w6': 0.841, 'w7': 0.306, 'w8': 0.85, 'max_depth': 6, 'min_child_weight': 6, 'subsample': 0.4, 'colsample_bytree': 0.9000000000000001, 'gamma': 1.6}. Best is trial 428 with value: 0.4125878578078418.
[I 2023-10-21 01:00:42,231] Trial 505 finished with value: 0.4015733710609533 and parameters: {'w0': 0.405, 'w1': 0.729, 'w2': 0.549, 'w3': 0.34700000000000003, 'w4': 0.741, 'w5': 0.609, 'w6': 0.838, 'w7': 0.418, 'w8': 0.837, 'max_depth': 10, 'min_child_weight': 8, 'subsample': 0.4, 'colsample_bytree': 0.9000000000000001, 'gamma': 1.8}. Best is trial 428 with value: 0.4125878578078418.
[I 2023-10-21 01:01:31,404] Trial 506 finished with value: 0.4062813219473267 and parameters: {'w0': 0.402, 'w1': 0.732, 'w2': 0.5630000000000001, 'w3': 0.499, 'w4': 0.804, 'w5': 0.614, 'w6': 0.84, 'w7': 0.465, 'w8': 0.853, 'max_depth': 10, 'min_child_weight': 8, 'subsample': 0.4, 'colsample_bytree': 0.9000000000000001, 'gamma': 1.8}. Best is trial 428 with value: 0.4125878578078418.
[I 2023-10-21 01:02:42,026] Trial 509 finished with value: 0.3372060881991945 and parameters: {'w0': 0.406, 'w1': 0.739, 'w2': 0.629, 'w3': 0.019000000000000003, 'w4': 0.742, 'w5': 0.596, 'w6': 0.841, 'w7': 0.316, 'w8': 0.854, 'max_depth': 10, 'min_child_weight': 6, 'subsample': 0.4, 'colsample_bytree': 0.9000000000000001, 'gamma': 1.6}. Best is trial 428 with value: 0.4125878578078418.
[I 2023-10-21 01:02:53,564] Trial 507 finished with value: 0.4079232342455742 and parameters: {'w0': 0.40700000000000003, 'w1': 0.725, 'w2': 0.62, 'w3': 0.502, 'w4': 0.92, 'w5': 0.605, 'w6': 0.841, 'w7': 0.41700000000000004, 'w8': 0.845, 'max_depth': 10, 'min_child_weight': 8, 'subsample': 0.4, 'colsample_bytree': 0.9000000000000001, 'gamma': 1.6}. Best is trial 428 with value: 0.4125878578078418.
[I 2023-10-21 01:03:27,336] Trial 508 finished with value: 0.40387660744418746 and parameters: {'w0': 0.403, 'w1': 0.743, 'w2': 0.619, 'w3': 0.3, 'w4': 0.756, 'w5': 0.605, 'w6': 0.851, 'w7': 0.41000000000000003, 'w8': 0.933, 'max_depth': 10, 'min_child_weight': 6, 'subsample': 0.4, 'colsample_bytree': 0.9000000000000001, 'gamma': 1.6}. Best is trial 428 with value: 0.4125878578078418.
[I 2023-10-21 01:04:15,075] Trial 511 finished with value: 0.39940982315925005 and parameters: {'w0': 0.41700000000000004, 'w1': 0.863, 'w2': 0.62, 'w3': 0.314, 'w4': 0.746, 'w5': 0.61, 'w6': 0.842, 'w7': 0.297, 'w8': 0.848, 'max_depth': 10, 'min_child_weight': 6, 'subsample': 0.4, 'colsample_bytree': 0.9000000000000001, 'gamma': 1.6}. Best is trial 428 with value: 0.4125878578078418.
[I 2023-10-21 01:04:19,305] Trial 510 finished with value: 0.4056755575209986 and parameters: {'w0': 0.40900000000000003, 'w1': 0.745, 'w2': 0.56, 'w3': 0.51, 'w4': 0.738, 'w5': 0.759, 'w6': 0.839, 'w7': 0.41400000000000003, 'w8': 0.855, 'max_depth': 10, 'min_child_weight': 6, 'subsample': 0.4, 'colsample_bytree': 0.9000000000000001, 'gamma': 1.6}. Best is trial 428 with value: 0.4125878578078418.
[I 2023-10-21 01:05:30,905] Trial 513 finished with value: 0.40803037930133046 and parameters: {'w0': 0.40800000000000003, 'w1': 0.864, 'w2': 0.486, 'w3': 0.522, 'w4': 0.8320000000000001, 'w5': 0.607, 'w6': 0.835, 'w7': 0.41400000000000003, 'w8': 0.855, 'max_depth': 10, 'min_child_weight': 6, 'subsample': 0.4, 'colsample_bytree': 0.9000000000000001, 'gamma': 1.6}. Best is trial 428 with value: 0.4125878578078418.
[I 2023-10-21 01:07:46,290] Trial 516 finished with value: 0.40037601999758043 and parameters: {'w0': 0.405, 'w1': 0.866, 'w2': 0.629, 'w3': 0.51, 'w4': 0.8300000000000001, 'w5': 0.604, 'w6': 0.845, 'w7': 0.41200000000000003, 'w8': 0.42, 'max_depth': 10, 'min_child_weight': 6, 'subsample': 0.4, 'colsample_bytree': 0.9000000000000001, 'gamma': 1.6}. Best is trial 428 with value: 0.4125878578078418.
[I 2023-10-21 01:07:53,308] Trial 514 finished with value: 0.40835166032767073 and parameters: {'w0': 0.40800000000000003, 'w1': 0.865, 'w2': 0.634, 'w3': 0.506, 'w4': 0.91, 'w5': 0.605, 'w6': 0.85, 'w7': 0.40800000000000003, 'w8': 0.854, 'max_depth': 10, 'min_child_weight': 6, 'subsample': 0.4, 'colsample_bytree': 0.9000000000000001, 'gamma': 1.6}. Best is trial 428 with value: 0.4125878578078418.
[I 2023-10-21 01:08:10,074] Trial 515 finished with value: 0.4064965152965367 and parameters: {'w0': 0.403, 'w1': 0.746, 'w2': 0.623, 'w3': 0.505, 'w4': 0.662, 'w5': 0.607, 'w6': 0.8330000000000001, 'w7': 0.41200000000000003, 'w8': 0.858, 'max_depth': 10, 'min_child_weight': 6, 'subsample': 0.4, 'colsample_bytree': 0.9000000000000001, 'gamma': 1.6}. Best is trial 428 with value: 0.4125878578078418.
[I 2023-10-21 01:08:43,668] Trial 523 finished with value: 0.38379537589441926 and parameters: {'w0': 0.341, 'w1': 0.681, 'w2': 0.618, 'w3': 0.516, 'w4': 0.8330000000000001, 'w5': 0.753, 'w6': 0.579, 'w7': 0.41400000000000003, 'w8': 0.884, 'max_depth': 3, 'min_child_weight': 6, 'subsample': 0.4, 'colsample_bytree': 0.9000000000000001, 'gamma': 1.6}. Best is trial 428 with value: 0.4125878578078418.
[I 2023-10-21 01:10:01,530] Trial 519 finished with value: 0.40709064027108405 and parameters: {'w0': 0.433, 'w1': 0.865, 'w2': 0.494, 'w3': 0.505, 'w4': 0.806, 'w5': 0.753, 'w6': 0.89, 'w7': 0.41100000000000003, 'w8': 0.855, 'max_depth': 6, 'min_child_weight': 6, 'subsample': 0.4, 'colsample_bytree': 0.9000000000000001, 'gamma': 1.6}. Best is trial 428 with value: 0.4125878578078418.
[I 2023-10-21 01:13:49,330] Trial 518 finished with value: 0.40949748831724303 and parameters: {'w0': 0.405, 'w1': 0.746, 'w2': 0.488, 'w3': 0.504, 'w4': 0.836, 'w5': 0.612, 'w6': 0.898, 'w7': 0.40700000000000003, 'w8': 0.936, 'max_depth': 10, 'min_child_weight': 6, 'subsample': 0.4, 'colsample_bytree': 0.9000000000000001, 'gamma': 1.6}. Best is trial 428 with value: 0.4125878578078418.
[I 2023-10-21 01:16:04,592] Trial 532 finished with value: 0.3938702594439037 and parameters: {'w0': 0.431, 'w1': 0.87, 'w2': 0.643, 'w3': 0.504, 'w4': 0.9480000000000001, 'w5': 0.582, 'w6': 0.903, 'w7': 0.358, 'w8': 0.88, 'max_depth': 10, 'min_child_weight': 6, 'subsample': 0.4, 'colsample_bytree': 0.9000000000000001, 'gamma': 4.2}. Best is trial 428 with value: 0.4125878578078418.
[I 2023-10-21 01:16:21,326] Trial 521 finished with value: 0.404747480922018 and parameters: {'w0': 0.427, 'w1': 0.678, 'w2': 0.488, 'w3': 0.506, 'w4': 0.81, 'w5': 0.604, 'w6': 0.887, 'w7': 0.40900000000000003, 'w8': 0.882, 'max_depth': 9, 'min_child_weight': 6, 'subsample': 0.4, 'colsample_bytree': 0.9000000000000001, 'gamma': 1.6}. Best is trial 428 with value: 0.4125878578078418.
[I 2023-10-21 01:16:26,287] Trial 520 finished with value: 0.4055627472558732 and parameters: {'w0': 0.431, 'w1': 0.682, 'w2': 0.495, 'w3': 0.51, 'w4': 0.7040000000000001, 'w5': 0.613, 'w6': 0.895, 'w7': 0.41000000000000003, 'w8': 0.933, 'max_depth': 10, 'min_child_weight': 6, 'subsample': 0.4, 'colsample_bytree': 0.9000000000000001, 'gamma': 1.6}. Best is trial 428 with value: 0.4125878578078418.
[I 2023-10-21 01:16:58,846] Trial 522 finished with value: 0.40989893873580124 and parameters: {'w0': 0.432, 'w1': 0.677, 'w2': 0.535, 'w3': 0.51, 'w4': 0.706, 'w5': 0.757, 'w6': 0.893, 'w7': 0.41500000000000004, 'w8': 0.887, 'max_depth': 9, 'min_child_weight': 6, 'subsample': 0.4, 'colsample_bytree': 0.9000000000000001, 'gamma': 1.6}. Best is trial 428 with value: 0.4125878578078418.
[I 2023-10-21 01:17:37,926] Trial 525 finished with value: 0.40868374628862164 and parameters: {'w0': 0.43, 'w1': 0.677, 'w2': 0.628, 'w3': 0.5, 'w4': 0.6990000000000001, 'w5': 0.626, 'w6': 0.895, 'w7': 0.41200000000000003, 'w8': 0.933, 'max_depth': 9, 'min_child_weight': 6, 'subsample': 0.4, 'colsample_bytree': 0.9000000000000001, 'gamma': 2.0}. Best is trial 428 with value: 0.4125878578078418.
[I 2023-10-21 01:18:04,095] Trial 524 finished with value: 0.4054401058926711 and parameters: {'w0': 0.429, 'w1': 0.864, 'w2': 0.623, 'w3': 0.508, 'w4': 0.834, 'w5': 0.755, 'w6': 0.897, 'w7': 0.41600000000000004, 'w8': 0.935, 'max_depth': 9, 'min_child_weight': 6, 'subsample': 0.4, 'colsample_bytree': 0.9000000000000001, 'gamma': 1.6}. Best is trial 428 with value: 0.4125878578078418.
[I 2023-10-21 01:18:34,494] Trial 528 finished with value: 0.4077878333616982 and parameters: {'w0': 0.432, 'w1': 0.687, 'w2': 0.486, 'w3': 0.509, 'w4': 0.9550000000000001, 'w5': 0.758, 'w6': 0.894, 'w7': 0.361, 'w8': 0.883, 'max_depth': 10, 'min_child_weight': 6, 'subsample': 0.4, 'colsample_bytree': 0.8, 'gamma': 2.0}. Best is trial 428 with value: 0.4125878578078418.
[I 2023-10-21 01:19:37,287] Trial 529 finished with value: 0.40728008611703764 and parameters: {'w0': 0.432, 'w1': 0.711, 'w2': 0.65, 'w3': 0.499, 'w4': 0.9550000000000001, 'w5': 0.617, 'w6': 0.896, 'w7': 0.40800000000000003, 'w8': 0.885, 'max_depth': 10, 'min_child_weight': 6, 'subsample': 0.4, 'colsample_bytree': 0.8, 'gamma': 2.0}. Best is trial 428 with value: 0.4125878578078418.
[I 2023-10-21 01:20:01,931] Trial 526 finished with value: 0.40619676392568577 and parameters: {'w0': 0.435, 'w1': 0.6960000000000001, 'w2': 0.624, 'w3': 0.509, 'w4': 0.838, 'w5': 0.62, 'w6': 0.897, 'w7': 0.41100000000000003, 'w8': 0.937, 'max_depth': 10, 'min_child_weight': 6, 'subsample': 0.4, 'colsample_bytree': 0.8, 'gamma': 1.6}. Best is trial 428 with value: 0.4125878578078418.
