[I 2023-10-18 09:29:54,103] Trial 106 finished with value: 0.4892316727503298 and parameters: {'w0': 0.964, 'w1': 0.6900000000000001, 'w2': 0.516, 'w3': 0.767, 'w4': 0.604, 'w5': 0.437, 'w6': 0.486, 'w7': 0.27, 'w8': 0.802, 'max_depth': 4, 'min_child_weight': 6, 'subsample': 0.8, 'colsample_bytree': 1.0, 'gamma': 0.8}. Best is trial 33 with value: 0.5177007538895015.
[I 2023-10-18 09:32:20,759] Trial 113 finished with value: 0.47501897029869056 and parameters: {'w0': 0.9550000000000001, 'w1': 0.686, 'w2': 0.419, 'w3': 0.099, 'w4': 0.511, 'w5': 0.908, 'w6': 0.47000000000000003, 'w7': 0.537, 'w8': 0.798, 'max_depth': 4, 'min_child_weight': 6, 'subsample': 0.7, 'colsample_bytree': 1.0, 'gamma': 1.8}. Best is trial 33 with value: 0.5177007538895015.
[I 2023-10-18 09:33:09,901] Trial 111 finished with value: 0.4974838206645461 and parameters: {'w0': 0.927, 'w1': 0.6990000000000001, 'w2': 0.425, 'w3': 0.758, 'w4': 0.52, 'w5': 0.915, 'w6': 0.489, 'w7': 0.539, 'w8': 0.625, 'max_depth': 7, 'min_child_weight': 6, 'subsample': 0.8, 'colsample_bytree': 0.7, 'gamma': 1.6}. Best is trial 33 with value: 0.5177007538895015.
[I 2023-10-18 09:33:15,249] Trial 114 finished with value: 0.48740575129817837 and parameters: {'w0': 0.971, 'w1': 0.8190000000000001, 'w2': 0.423, 'w3': 0.596, 'w4': 0.801, 'w5': 0.917, 'w6': 0.889, 'w7': 0.6940000000000001, 'w8': 0.584, 'max_depth': 4, 'min_child_weight': 6, 'subsample': 0.7, 'colsample_bytree': 1.0, 'gamma': 1.4000000000000001}. Best is trial 33 with value: 0.5177007538895015.
[I 2023-10-18 09:33:24,743] Trial 115 finished with value: 0.49009233017557996 and parameters: {'w0': 0.9580000000000001, 'w1': 0.687, 'w2': 0.41000000000000003, 'w3': 0.589, 'w4': 0.545, 'w5': 0.909, 'w6': 0.462, 'w7': 0.533, 'w8': 0.937, 'max_depth': 4, 'min_child_weight': 6, 'subsample': 0.7, 'colsample_bytree': 1.0, 'gamma': 1.8}. Best is trial 33 with value: 0.5177007538895015.
[I 2023-10-18 09:36:11,740] Trial 112 finished with value: 0.5029273869198426 and parameters: {'w0': 0.9590000000000001, 'w1': 0.685, 'w2': 0.672, 'w3': 0.595, 'w4': 0.548, 'w5': 0.909, 'w6': 0.47400000000000003, 'w7': 0.561, 'w8': 0.636, 'max_depth': 7, 'min_child_weight': 6, 'subsample': 0.7, 'colsample_bytree': 1.0, 'gamma': 1.8}. Best is trial 33 with value: 0.5177007538895015.
[I 2023-10-18 09:36:27,231] Trial 109 finished with value: 0.5077515244439663 and parameters: {'w0': 0.677, 'w1': 0.6940000000000001, 'w2': 0.425, 'w3': 0.598, 'w4': 0.539, 'w5': 0.91, 'w6': 0.486, 'w7': 0.268, 'w8': 0.625, 'max_depth': 7, 'min_child_weight': 6, 'subsample': 0.8, 'colsample_bytree': 1.0, 'gamma': 0.8}. Best is trial 33 with value: 0.5177007538895015.
[I 2023-10-18 09:36:37,339] Trial 116 finished with value: 0.49270070089280427 and parameters: {'w0': 0.9500000000000001, 'w1': 0.684, 'w2': 0.421, 'w3': 0.601, 'w4': 0.557, 'w5': 0.435, 'w6': 0.483, 'w7': 0.546, 'w8': 0.8, 'max_depth': 4, 'min_child_weight': 6, 'subsample': 0.7, 'colsample_bytree': 1.0, 'gamma': 1.0}. Best is trial 33 with value: 0.5177007538895015.
[I 2023-10-18 09:36:58,111] Trial 117 finished with value: 0.4930039913996692 and parameters: {'w0': 0.859, 'w1': 0.683, 'w2': 0.668, 'w3': 0.246, 'w4': 0.542, 'w5': 0.904, 'w6': 0.495, 'w7': 0.537, 'w8': 0.635, 'max_depth': 4, 'min_child_weight': 6, 'subsample': 0.7, 'colsample_bytree': 1.0, 'gamma': 1.6}. Best is trial 33 with value: 0.5177007538895015.
[I 2023-10-18 09:37:21,043] Trial 119 finished with value: 0.47191454997877513 and parameters: {'w0': 0.786, 'w1': 0.8260000000000001, 'w2': 0.424, 'w3': 0.679, 'w4': 0.555, 'w5': 0.443, 'w6': 0.849, 'w7': 0.67, 'w8': 0.807, 'max_depth': 3, 'min_child_weight': 6, 'subsample': 0.7, 'colsample_bytree': 1.0, 'gamma': 1.6}. Best is trial 33 with value: 0.5177007538895015.
[I 2023-10-18 09:37:44,831] Trial 110 finished with value: 0.5057404296183288 and parameters: {'w0': 0.9560000000000001, 'w1': 0.8250000000000001, 'w2': 0.662, 'w3': 0.588, 'w4': 0.591, 'w5': 0.523, 'w6': 0.465, 'w7': 0.68, 'w8': 0.937, 'max_depth': 7, 'min_child_weight': 6, 'subsample': 0.8, 'colsample_bytree': 1.0, 'gamma': 0.8}. Best is trial 33 with value: 0.5177007538895015.
[I 2023-10-18 09:38:40,642] Trial 121 finished with value: 0.5071959360971567 and parameters: {'w0': 0.524, 'w1': 0.6960000000000001, 'w2': 0.393, 'w3': 0.594, 'w4': 0.996, 'w5': 0.439, 'w6': 0.886, 'w7': 0.433, 'w8': 0.793, 'max_depth': 3, 'min_child_weight': 6, 'subsample': 0.7, 'colsample_bytree': 1.0, 'gamma': 0.2}. Best is trial 33 with value: 0.5177007538895015.
[I 2023-10-18 09:39:29,431] Trial 120 finished with value: 0.4992970432622748 and parameters: {'w0': 0.541, 'w1': 0.6950000000000001, 'w2': 0.396, 'w3': 0.26, 'w4': 0.446, 'w5': 0.6930000000000001, 'w6': 0.759, 'w7': 0.524, 'w8': 0.794, 'max_depth': 4, 'min_child_weight': 6, 'subsample': 0.7, 'colsample_bytree': 1.0, 'gamma': 1.4000000000000001}. Best is trial 33 with value: 0.5177007538895015.
[I 2023-10-18 09:41:15,199] Trial 108 finished with value: 0.5046054958564078 and parameters: {'w0': 0.9470000000000001, 'w1': 0.6880000000000001, 'w2': 0.426, 'w3': 0.594, 'w4': 0.598, 'w5': 0.902, 'w6': 0.465, 'w7': 0.66, 'w8': 0.936, 'max_depth': 10, 'min_child_weight': 6, 'subsample': 0.8, 'colsample_bytree': 1.0, 'gamma': 0.8}. Best is trial 33 with value: 0.5177007538895015.
[I 2023-10-18 09:42:38,539] Trial 118 finished with value: 0.5075344869396439 and parameters: {'w0': 0.501, 'w1': 0.8260000000000001, 'w2': 0.598, 'w3': 0.593, 'w4': 0.725, 'w5': 0.6990000000000001, 'w6': 0.54, 'w7': 0.28700000000000003, 'w8': 0.8130000000000001, 'max_depth': 7, 'min_child_weight': 0, 'subsample': 0.7, 'colsample_bytree': 1.0, 'gamma': 1.6}. Best is trial 33 with value: 0.5177007538895015.
[I 2023-10-18 09:43:09,939] Trial 124 finished with value: 0.5058390541842016 and parameters: {'w0': 0.533, 'w1': 0.8230000000000001, 'w2': 0.395, 'w3': 0.242, 'w4': 0.725, 'w5': 0.7010000000000001, 'w6': 0.763, 'w7': 0.298, 'w8': 0.71, 'max_depth': 3, 'min_child_weight': 0, 'subsample': 0.7, 'colsample_bytree': 0.7, 'gamma': 0.2}. Best is trial 33 with value: 0.5177007538895015.
[I 2023-10-18 09:44:09,625] Trial 127 finished with value: 0.49034865194904775 and parameters: {'w0': 0.532, 'w1': 0.335, 'w2': 0.385, 'w3': 0.673, 'w4': 0.488, 'w5': 0.961, 'w6': 0.536, 'w7': 0.3, 'w8': 0.839, 'max_depth': 3, 'min_child_weight': 0, 'subsample': 0.9000000000000001, 'colsample_bytree': 0.7, 'gamma': 0.2}. Best is trial 33 with value: 0.5177007538895015.
[I 2023-10-18 09:48:50,069] Trial 134 finished with value: 0.4982067017367813 and parameters: {'w0': 0.552, 'w1': 0.751, 'w2': 0.399, 'w3': 0.657, 'w4': 0.975, 'w5': 0.391, 'w6': 0.9380000000000001, 'w7': 0.29, 'w8': 0.706, 'max_depth': 3, 'min_child_weight': 4, 'subsample': 0.9000000000000001, 'colsample_bytree': 0.6000000000000001, 'gamma': 0.2}. Best is trial 33 with value: 0.5177007538895015.
[I 2023-10-18 09:49:53,224] Trial 135 finished with value: 0.5114280808809982 and parameters: {'w0': 0.52, 'w1': 0.753, 'w2': 0.374, 'w3': 0.632, 'w4': 0.967, 'w5': 0.963, 'w6': 0.9430000000000001, 'w7': 0.302, 'w8': 0.717, 'max_depth': 3, 'min_child_weight': 4, 'subsample': 0.9000000000000001, 'colsample_bytree': 0.7, 'gamma': 0.2}. Best is trial 33 with value: 0.5177007538895015.
[I 2023-10-18 09:50:13,774] Trial 122 finished with value: 0.5046232950484961 and parameters: {'w0': 0.543, 'w1': 0.366, 'w2': 0.403, 'w3': 0.279, 'w4': 0.81, 'w5': 0.966, 'w6': 0.758, 'w7': 0.536, 'w8': 0.917, 'max_depth': 7, 'min_child_weight': 6, 'subsample': 0.7, 'colsample_bytree': 1.0, 'gamma': 0.2}. Best is trial 33 with value: 0.5177007538895015.
[I 2023-10-18 09:51:50,749] Trial 136 finished with value: 0.48317955633901494 and parameters: {'w0': 0.514, 'w1': 0.75, 'w2': 0.599, 'w3': 0.641, 'w4': 0.9540000000000001, 'w5': 0.393, 'w6': 0.543, 'w7': 0.302, 'w8': 0.708, 'max_depth': 3, 'min_child_weight': 4, 'subsample': 0.9000000000000001, 'colsample_bytree': 0.8, 'gamma': 0.2}. Best is trial 33 with value: 0.5177007538895015.
[I 2023-10-18 09:53:35,446] Trial 137 finished with value: 0.49216815946335374 and parameters: {'w0': 0.461, 'w1': 0.749, 'w2': 0.364, 'w3': 0.654, 'w4': 0.993, 'w5': 0.405, 'w6': 0.899, 'w7': 0.187, 'w8': 0.712, 'max_depth': 3, 'min_child_weight': 0, 'subsample': 0.9000000000000001, 'colsample_bytree': 0.6000000000000001, 'gamma': 0.2}. Best is trial 33 with value: 0.5177007538895015.
[I 2023-10-18 09:54:39,671] Trial 138 finished with value: 0.48407995716521385 and parameters: {'w0': 0.498, 'w1': 0.872, 'w2': 0.596, 'w3': 0.659, 'w4': 0.992, 'w5': 0.406, 'w6': 0.533, 'w7': 0.184, 'w8': 0.7020000000000001, 'max_depth': 3, 'min_child_weight': 0, 'subsample': 0.9000000000000001, 'colsample_bytree': 1.0, 'gamma': 0.2}. Best is trial 33 with value: 0.5177007538895015.
[I 2023-10-18 09:57:05,095] Trial 126 finished with value: 0.48777695584277847 and parameters: {'w0': 0.793, 'w1': 0.526, 'w2': 0.597, 'w3': 0.281, 'w4': 0.47800000000000004, 'w5': 0.712, 'w6': 0.848, 'w7': 0.125, 'w8': 0.907, 'max_depth': 7, 'min_child_weight': 0, 'subsample': 0.9000000000000001, 'colsample_bytree': 0.7, 'gamma': 0.2}. Best is trial 33 with value: 0.5177007538895015.
[I 2023-10-18 09:58:14,688] Trial 141 finished with value: 0.4889579757649886 and parameters: {'w0': 0.47600000000000003, 'w1': 0.878, 'w2': 0.605, 'w3': 0.624, 'w4': 0.922, 'w5': 0.676, 'w6': 0.908, 'w7': 0.246, 'w8': 0.605, 'max_depth': 7, 'min_child_weight': 4, 'subsample': 0.9000000000000001, 'colsample_bytree': 0.7, 'gamma': 4.2}. Best is trial 33 with value: 0.5177007538895015.
[I 2023-10-18 09:59:44,340] Trial 128 finished with value: 0.48771110276490803 and parameters: {'w0': 0.767, 'w1': 0.512, 'w2': 0.38, 'w3': 0.263, 'w4': 0.482, 'w5': 0.425, 'w6': 0.536, 'w7': 0.183, 'w8': 0.7000000000000001, 'max_depth': 7, 'min_child_weight': 0, 'subsample': 0.9000000000000001, 'colsample_bytree': 0.7, 'gamma': 0.2}. Best is trial 33 with value: 0.5177007538895015.
[I 2023-10-18 09:59:50,722] Trial 123 finished with value: 0.4959245606049036 and parameters: {'w0': 0.545, 'w1': 0.881, 'w2': 0.384, 'w3': 0.592, 'w4': 0.49, 'w5': 0.6890000000000001, 'w6': 0.762, 'w7': 0.541, 'w8': 0.614, 'max_depth': 7, 'min_child_weight': 0, 'subsample': 0.7, 'colsample_bytree': 1.0, 'gamma': 0.2}. Best is trial 33 with value: 0.5177007538895015.
[I 2023-10-18 10:00:24,541] Trial 130 finished with value: 0.49377471363773406 and parameters: {'w0': 0.778, 'w1': 0.338, 'w2': 0.389, 'w3': 0.457, 'w4': 0.47200000000000003, 'w5': 0.9480000000000001, 'w6': 0.52, 'w7': 0.185, 'w8': 0.708, 'max_depth': 7, 'min_child_weight': 0, 'subsample': 0.9000000000000001, 'colsample_bytree': 0.7, 'gamma': 0.2}. Best is trial 33 with value: 0.5177007538895015.
[I 2023-10-18 10:00:45,828] Trial 131 finished with value: 0.4936709643388857 and parameters: {'w0': 0.786, 'w1': 0.514, 'w2': 0.378, 'w3': 0.663, 'w4': 0.726, 'w5': 0.6890000000000001, 'w6': 0.531, 'w7': 0.184, 'w8': 0.373, 'max_depth': 7, 'min_child_weight': 0, 'subsample': 0.9000000000000001, 'colsample_bytree': 0.7, 'gamma': 0.2}. Best is trial 33 with value: 0.5177007538895015.
[I 2023-10-18 10:00:46,407] Trial 133 finished with value: 0.48473441441732446 and parameters: {'w0': 0.521, 'w1': 0.342, 'w2': 0.747, 'w3': 0.655, 'w4': 0.485, 'w5': 0.9520000000000001, 'w6': 0.518, 'w7': 0.297, 'w8': 0.6920000000000001, 'max_depth': 7, 'min_child_weight': 0, 'subsample': 0.9000000000000001, 'colsample_bytree': 0.6000000000000001, 'gamma': 0.2}. Best is trial 33 with value: 0.5177007538895015.
[I 2023-10-18 10:01:42,580] Trial 132 finished with value: 0.4996595174011926 and parameters: {'w0': 0.554, 'w1': 0.851, 'w2': 0.388, 'w3': 0.66, 'w4': 0.437, 'w5': 0.9440000000000001, 'w6': 0.523, 'w7': 0.305, 'w8': 0.705, 'max_depth': 7, 'min_child_weight': 0, 'subsample': 0.9000000000000001, 'colsample_bytree': 0.7, 'gamma': 0.2}. Best is trial 33 with value: 0.5177007538895015.
[I 2023-10-18 10:02:31,591] Trial 145 finished with value: 0.4928392242995435 and parameters: {'w0': 0.448, 'w1': 0.855, 'w2': 0.501, 'w3': 0.632, 'w4': 0.904, 'w5': 0.678, 'w6': 0.916, 'w7': 0.23900000000000002, 'w8': 0.666, 'max_depth': 7, 'min_child_weight': 4, 'subsample': 0.8, 'colsample_bytree': 0.7, 'gamma': 4.6000000000000005}. Best is trial 33 with value: 0.5177007538895015.
[I 2023-10-18 10:02:40,187] Trial 129 finished with value: 0.5043541048744652 and parameters: {'w0': 0.436, 'w1': 0.525, 'w2': 0.394, 'w3': 0.678, 'w4': 0.463, 'w5': 0.708, 'w6': 0.532, 'w7': 0.171, 'w8': 0.842, 'max_depth': 7, 'min_child_weight': 0, 'subsample': 0.9000000000000001, 'colsample_bytree': 1.0, 'gamma': 0.2}. Best is trial 33 with value: 0.5177007538895015.
[I 2023-10-18 10:03:19,433] Trial 125 finished with value: 0.4993673499580047 and parameters: {'w0': 0.785, 'w1': 0.838, 'w2': 0.39, 'w3': 0.59, 'w4': 0.47800000000000004, 'w5': 0.40800000000000003, 'w6': 0.888, 'w7': 0.304, 'w8': 0.929, 'max_depth': 7, 'min_child_weight': 0, 'subsample': 0.7, 'colsample_bytree': 1.0, 'gamma': 0.2}. Best is trial 33 with value: 0.5177007538895015.
[I 2023-10-18 10:03:45,235] Trial 139 finished with value: 0.4992340453034214 and parameters: {'w0': 0.449, 'w1': 0.864, 'w2': 0.612, 'w3': 0.646, 'w4': 0.744, 'w5': 0.33, 'w6': 0.517, 'w7': 0.129, 'w8': 0.367, 'max_depth': 7, 'min_child_weight': 4, 'subsample': 0.9000000000000001, 'colsample_bytree': 0.6000000000000001, 'gamma': 0.2}. Best is trial 33 with value: 0.5177007538895015.
[I 2023-10-18 10:06:59,160] Trial 149 finished with value: 0.47244388367533247 and parameters: {'w0': 0.6930000000000001, 'w1': 0.802, 'w2': 0.247, 'w3': 0.618, 'w4': 0.649, 'w5': 0.805, 'w6': 0.928, 'w7': 0.359, 'w8': 0.851, 'max_depth': 5, 'min_child_weight': 4, 'subsample': 0.8, 'colsample_bytree': 0.8, 'gamma': 4.800000000000001}. Best is trial 33 with value: 0.5177007538895015.
[I 2023-10-18 10:08:06,341] Trial 142 finished with value: 0.5034531614685182 and parameters: {'w0': 0.467, 'w1': 0.862, 'w2': 0.603, 'w3': 0.634, 'w4': 1.0, 'w5': 0.719, 'w6': 0.516, 'w7': 0.246, 'w8': 0.67, 'max_depth': 7, 'min_child_weight': 4, 'subsample': 0.9000000000000001, 'colsample_bytree': 0.7, 'gamma': 0.4}. Best is trial 33 with value: 0.5177007538895015.
[I 2023-10-18 10:08:52,810] Trial 140 finished with value: 0.5084229164152816 and parameters: {'w0': 0.461, 'w1': 0.756, 'w2': 0.599, 'w3': 0.633, 'w4': 0.969, 'w5': 0.40800000000000003, 'w6': 0.521, 'w7': 0.19, 'w8': 0.661, 'max_depth': 7, 'min_child_weight': 4, 'subsample': 0.8, 'colsample_bytree': 1.0, 'gamma': 0.4}. Best is trial 33 with value: 0.5177007538895015.
[I 2023-10-18 10:09:29,331] Trial 143 finished with value: 0.5209756948123951 and parameters: {'w0': 0.46, 'w1': 0.909, 'w2': 0.358, 'w3': 0.632, 'w4': 0.996, 'w5': 0.721, 'w6': 0.913, 'w7': 0.246, 'w8': 0.86, 'max_depth': 7, 'min_child_weight': 4, 'subsample': 0.9000000000000001, 'colsample_bytree': 0.7, 'gamma': 0.4}. Best is trial 143 with value: 0.5209756948123951.
[I 2023-10-18 10:10:54,797] Trial 144 finished with value: 0.5036263125504267 and parameters: {'w0': 0.468, 'w1': 0.848, 'w2': 0.747, 'w3': 0.617, 'w4': 0.915, 'w5': 0.729, 'w6': 0.9440000000000001, 'w7': 0.23600000000000002, 'w8': 0.382, 'max_depth': 7, 'min_child_weight': 4, 'subsample': 0.9000000000000001, 'colsample_bytree': 0.7, 'gamma': 0.4}. Best is trial 143 with value: 0.5209756948123951.
[I 2023-10-18 10:11:08,614] Trial 146 finished with value: 0.518811767175762 and parameters: {'w0': 0.452, 'w1': 0.598, 'w2': 0.339, 'w3': 0.622, 'w4': 0.643, 'w5': 0.674, 'w6': 0.923, 'w7': 0.251, 'w8': 0.657, 'max_depth': 7, 'min_child_weight': 4, 'subsample': 0.8, 'colsample_bytree': 0.8, 'gamma': 1.0}. Best is trial 143 with value: 0.5209756948123951.
[I 2023-10-18 10:11:41,444] Trial 148 finished with value: 0.5109980864379653 and parameters: {'w0': 0.428, 'w1': 0.798, 'w2': 0.241, 'w3': 0.621, 'w4': 0.752, 'w5': 0.726, 'w6': 0.935, 'w7': 0.354, 'w8': 0.666, 'max_depth': 5, 'min_child_weight': 4, 'subsample': 0.8, 'colsample_bytree': 0.8, 'gamma': 1.2000000000000002}. Best is trial 143 with value: 0.5209756948123951.
[I 2023-10-18 10:12:08,627] Trial 147 finished with value: 0.5086457175733874 and parameters: {'w0': 0.424, 'w1': 0.796, 'w2': 0.35200000000000004, 'w3': 0.544, 'w4': 0.744, 'w5': 0.5, 'w6': 0.9420000000000001, 'w7': 0.434, 'w8': 0.862, 'max_depth': 9, 'min_child_weight': 4, 'subsample': 0.8, 'colsample_bytree': 0.8, 'gamma': 1.2000000000000002}. Best is trial 143 with value: 0.5209756948123951.
[I 2023-10-18 10:14:02,509] Trial 151 finished with value: 0.5049151605208979 and parameters: {'w0': 0.637, 'w1': 0.79, 'w2': 0.23600000000000002, 'w3': 0.548, 'w4': 0.647, 'w5': 0.499, 'w6': 0.602, 'w7': 0.35000000000000003, 'w8': 0.857, 'max_depth': 9, 'min_child_weight': 4, 'subsample': 0.8, 'colsample_bytree': 0.8, 'gamma': 1.2000000000000002}. Best is trial 143 with value: 0.5209756948123951.
[I 2023-10-18 10:14:39,800] Trial 150 finished with value: 0.5237240426275865 and parameters: {'w0': 0.452, 'w1': 0.847, 'w2': 0.497, 'w3': 0.622, 'w4': 0.644, 'w5': 0.728, 'w6': 0.935, 'w7': 0.368, 'w8': 0.855, 'max_depth': 9, 'min_child_weight': 4, 'subsample': 0.8, 'colsample_bytree': 0.8, 'gamma': 1.2000000000000002}. Best is trial 150 with value: 0.5237240426275865.
[I 2023-10-18 10:14:53,670] Trial 153 finished with value: 0.5059960824298968 and parameters: {'w0': 0.639, 'w1': 0.796, 'w2': 0.251, 'w3': 0.619, 'w4': 0.643, 'w5': 0.35000000000000003, 'w6': 0.932, 'w7': 0.34400000000000003, 'w8': 0.674, 'max_depth': 9, 'min_child_weight': 4, 'subsample': 0.8, 'colsample_bytree': 0.8, 'gamma': 1.2000000000000002}. Best is trial 150 with value: 0.5237240426275865.
[I 2023-10-18 10:16:08,816] Trial 156 finished with value: 0.5081010390316292 and parameters: {'w0': 0.641, 'w1': 0.594, 'w2': 0.445, 'w3': 0.619, 'w4': 0.648, 'w5': 0.99, 'w6': 0.598, 'w7': 0.383, 'w8': 0.871, 'max_depth': 5, 'min_child_weight': 4, 'subsample': 0.8, 'colsample_bytree': 0.8, 'gamma': 1.2000000000000002}. Best is trial 150 with value: 0.5237240426275865.
[I 2023-10-18 10:16:20,313] Trial 159 finished with value: 0.5006938917696371 and parameters: {'w0': 0.64, 'w1': 0.91, 'w2': 0.34600000000000003, 'w3': 0.547, 'w4': 0.637, 'w5': 0.501, 'w6': 0.9600000000000001, 'w7': 0.388, 'w8': 0.784, 'max_depth': 9, 'min_child_weight': 8, 'subsample': 0.8, 'colsample_bytree': 0.8, 'gamma': 3.6}. Best is trial 150 with value: 0.5237240426275865.
[I 2023-10-18 10:16:27,317] Trial 152 finished with value: 0.5134599912197237 and parameters: {'w0': 0.41600000000000004, 'w1': 0.85, 'w2': 0.442, 'w3': 0.547, 'w4': 0.754, 'w5': 0.498, 'w6': 0.934, 'w7': 0.383, 'w8': 0.664, 'max_depth': 9, 'min_child_weight': 4, 'subsample': 0.8, 'colsample_bytree': 0.8, 'gamma': 1.0}. Best is trial 150 with value: 0.5237240426275865.
[I 2023-10-18 10:17:20,586] Trial 155 finished with value: 0.5093228942435464 and parameters: {'w0': 0.624, 'w1': 0.796, 'w2': 0.253, 'w3': 0.539, 'w4': 0.9580000000000001, 'w5': 0.34, 'w6': 0.93, 'w7': 0.343, 'w8': 0.863, 'max_depth': 9, 'min_child_weight': 12, 'subsample': 0.8, 'colsample_bytree': 0.8, 'gamma': 1.2000000000000002}. Best is trial 150 with value: 0.5237240426275865.
[I 2023-10-18 10:18:33,948] Trial 154 finished with value: 0.5162895523486588 and parameters: {'w0': 0.41100000000000003, 'w1': 0.797, 'w2': 0.34600000000000003, 'w3': 0.539, 'w4': 0.644, 'w5': 0.339, 'w6': 0.9440000000000001, 'w7': 0.34900000000000003, 'w8': 0.777, 'max_depth': 9, 'min_child_weight': 12, 'subsample': 0.8, 'colsample_bytree': 0.8, 'gamma': 1.0}. Best is trial 150 with value: 0.5237240426275865.
[I 2023-10-18 10:18:50,143] Trial 157 finished with value: 0.46749800631022687 and parameters: {'w0': 0.633, 'w1': 0.795, 'w2': 0.445, 'w3': 0.547, 'w4': 0.753, 'w5': 0.8130000000000001, 'w6': 0.025, 'w7': 0.338, 'w8': 0.786, 'max_depth': 9, 'min_child_weight': 4, 'subsample': 0.8, 'colsample_bytree': 0.8, 'gamma': 1.0}. Best is trial 150 with value: 0.5237240426275865.
[I 2023-10-18 10:24:15,840] Trial 161 finished with value: 0.517821247724879 and parameters: {'w0': 0.34500000000000003, 'w1': 0.779, 'w2': 0.332, 'w3': 0.543, 'w4': 0.962, 'w5': 0.636, 'w6': 0.937, 'w7': 0.336, 'w8': 0.869, 'max_depth': 9, 'min_child_weight': 4, 'subsample': 0.8, 'colsample_bytree': 0.8, 'gamma': 1.0}. Best is trial 150 with value: 0.5237240426275865.
[I 2023-10-18 10:24:28,307] Trial 158 finished with value: 0.5134746464938456 and parameters: {'w0': 0.857, 'w1': 0.792, 'w2': 0.446, 'w3': 0.546, 'w4': 0.636, 'w5': 0.581, 'w6': 0.726, 'w7': 0.265, 'w8': 0.786, 'max_depth': 9, 'min_child_weight': 10, 'subsample': 0.8, 'colsample_bytree': 0.8, 'gamma': 1.0}. Best is trial 150 with value: 0.5237240426275865.
[I 2023-10-18 10:24:46,850] Trial 164 finished with value: 0.5221754338453207 and parameters: {'w0': 0.376, 'w1': 0.9480000000000001, 'w2': 0.34, 'w3': 0.545, 'w4': 0.9590000000000001, 'w5': 0.329, 'w6': 0.9530000000000001, 'w7': 0.273, 'w8': 0.65, 'max_depth': 9, 'min_child_weight': 4, 'subsample': 0.8, 'colsample_bytree': 0.8, 'gamma': 1.2000000000000002}. Best is trial 150 with value: 0.5237240426275865.
[I 2023-10-18 10:24:48,443] Trial 163 finished with value: 0.521046112755172 and parameters: {'w0': 0.425, 'w1': 0.9600000000000001, 'w2': 0.354, 'w3': 0.551, 'w4': 0.962, 'w5': 0.648, 'w6': 0.9590000000000001, 'w7': 0.331, 'w8': 0.659, 'max_depth': 9, 'min_child_weight': 4, 'subsample': 0.8, 'colsample_bytree': 0.8, 'gamma': 1.2000000000000002}. Best is trial 150 with value: 0.5237240426275865.
[I 2023-10-18 10:25:15,218] Trial 165 finished with value: 0.5111323565553617 and parameters: {'w0': 0.402, 'w1': 0.929, 'w2': 0.23500000000000001, 'w3': 0.55, 'w4': 0.965, 'w5': 0.637, 'w6': 0.9560000000000001, 'w7': 0.336, 'w8': 0.657, 'max_depth': 9, 'min_child_weight': 4, 'subsample': 0.8, 'colsample_bytree': 0.8, 'gamma': 1.2000000000000002}. Best is trial 150 with value: 0.5237240426275865.
