[I 2023-10-19 10:48:44,005] Trial 1784 finished with value: 0.5226900381067789 and parameters: {'w0': 0.257, 'w1': 0.922, 'w2': 0.081, 'w3': 0.32, 'w4': 0.89, 'w5': 0.9440000000000001, 'w6': 0.435, 'w7': 0.11900000000000001, 'w8': 0.906, 'max_depth': 9, 'min_child_weight': 20, 'subsample': 0.9000000000000001, 'colsample_bytree': 0.3, 'gamma': 0.4}. Best is trial 1334 with value: 0.5442704750798081.
[I 2023-10-19 10:49:35,444] Trial 1787 finished with value: 0.4735671322039112 and parameters: {'w0': 0.179, 'w1': 0.875, 'w2': 0.003, 'w3': 0.29, 'w4': 0.88, 'w5': 0.9510000000000001, 'w6': 0.439, 'w7': 0.115, 'w8': 0.89, 'max_depth': 8, 'min_child_weight': 20, 'subsample': 0.9000000000000001, 'colsample_bytree': 0.6000000000000001, 'gamma': 0.4}. Best is trial 1334 with value: 0.5442704750798081.
[I 2023-10-19 10:49:43,088] Trial 1786 finished with value: 0.5258515707210767 and parameters: {'w0': 0.18, 'w1': 0.918, 'w2': 0.083, 'w3': 0.389, 'w4': 0.885, 'w5': 0.972, 'w6': 0.506, 'w7': 0.11900000000000001, 'w8': 0.914, 'max_depth': 8, 'min_child_weight': 20, 'subsample': 0.9000000000000001, 'colsample_bytree': 0.6000000000000001, 'gamma': 0.4}. Best is trial 1334 with value: 0.5442704750798081.
[I 2023-10-19 10:50:47,877] Trial 1788 finished with value: 0.509459346288232 and parameters: {'w0': 0.444, 'w1': 0.9460000000000001, 'w2': 0.084, 'w3': 0.294, 'w4': 0.892, 'w5': 0.9470000000000001, 'w6': 0.431, 'w7': 0.112, 'w8': 0.888, 'max_depth': 8, 'min_child_weight': 20, 'subsample': 0.5, 'colsample_bytree': 0.6000000000000001, 'gamma': 0.4}. Best is trial 1334 with value: 0.5442704750798081.
[I 2023-10-19 10:51:00,664] Trial 1789 finished with value: 0.5350996284628934 and parameters: {'w0': 0.178, 'w1': 1.0, 'w2': 0.089, 'w3': 0.294, 'w4': 0.89, 'w5': 0.9490000000000001, 'w6': 0.497, 'w7': 0.106, 'w8': 0.92, 'max_depth': 9, 'min_child_weight': 20, 'subsample': 0.9000000000000001, 'colsample_bytree': 0.6000000000000001, 'gamma': 0.4}. Best is trial 1334 with value: 0.5442704750798081.
[I 2023-10-19 10:51:44,364] Trial 1783 finished with value: 0.4784978418288877 and parameters: {'w0': 0.256, 'w1': 0.923, 'w2': 0.08, 'w3': 0.295, 'w4': 0.873, 'w5': 0.9500000000000001, 'w6': 0.432, 'w7': 0.625, 'w8': 0.916, 'max_depth': 9, 'min_child_weight': 20, 'subsample': 0.9000000000000001, 'colsample_bytree': 0.6000000000000001, 'gamma': 0.4}. Best is trial 1334 with value: 0.5442704750798081.
[I 2023-10-19 10:52:24,483] Trial 1799 finished with value: 0.4449974232104178 and parameters: {'w0': 0.341, 'w1': 0.9490000000000001, 'w2': 0.124, 'w3': 0.28500000000000003, 'w4': 0.8320000000000001, 'w5': 0.898, 'w6': 0.5, 'w7': 0.002, 'w8': 0.865, 'max_depth': 9, 'min_child_weight': 20, 'subsample': 0.9000000000000001, 'colsample_bytree': 0.6000000000000001, 'gamma': 7.4}. Best is trial 1334 with value: 0.5442704750798081.
[I 2023-10-19 10:53:47,412] Trial 1791 finished with value: 0.5354689014532039 and parameters: {'w0': 0.179, 'w1': 0.924, 'w2': 0.08800000000000001, 'w3': 0.296, 'w4': 0.841, 'w5': 1.0, 'w6': 0.429, 'w7': 0.10300000000000001, 'w8': 0.891, 'max_depth': 8, 'min_child_weight': 20, 'subsample': 0.9000000000000001, 'colsample_bytree': 0.6000000000000001, 'gamma': 0.4}. Best is trial 1334 with value: 0.5442704750798081.
[I 2023-10-19 10:55:05,079] Trial 1802 finished with value: 0.5119807449877765 and parameters: {'w0': 0.178, 'w1': 0.9430000000000001, 'w2': 0.132, 'w3': 0.28, 'w4': 0.848, 'w5': 0.892, 'w6': 0.502, 'w7': 0.093, 'w8': 0.867, 'max_depth': 9, 'min_child_weight': 20, 'subsample': 0.9000000000000001, 'colsample_bytree': 0.6000000000000001, 'gamma': 3.0}. Best is trial 1334 with value: 0.5442704750798081.
[I 2023-10-19 10:56:28,269] Trial 1794 finished with value: 0.524589517900672 and parameters: {'w0': 0.17500000000000002, 'w1': 0.9490000000000001, 'w2': 0.129, 'w3': 0.29, 'w4': 0.895, 'w5': 0.891, 'w6': 0.507, 'w7': 0.10200000000000001, 'w8': 0.87, 'max_depth': 8, 'min_child_weight': 20, 'subsample': 0.5, 'colsample_bytree': 0.6000000000000001, 'gamma': 0.4}. Best is trial 1334 with value: 0.5442704750798081.
[I 2023-10-19 10:57:17,404] Trial 1795 finished with value: 0.5350719413033567 and parameters: {'w0': 0.219, 'w1': 0.9480000000000001, 'w2': 0.129, 'w3': 0.29, 'w4': 0.845, 'w5': 0.9, 'w6': 0.507, 'w7': 0.10300000000000001, 'w8': 0.888, 'max_depth': 9, 'min_child_weight': 20, 'subsample': 0.9000000000000001, 'colsample_bytree': 0.6000000000000001, 'gamma': 0.4}. Best is trial 1334 with value: 0.5442704750798081.
[I 2023-10-19 10:57:25,783] Trial 1793 finished with value: 0.4607514676359876 and parameters: {'w0': 0.8290000000000001, 'w1': 0.9470000000000001, 'w2': 0.08600000000000001, 'w3': 0.276, 'w4': 0.8300000000000001, 'w5': 0.893, 'w6': 0.432, 'w7': 0.001, 'w8': 0.885, 'max_depth': 9, 'min_child_weight': 20, 'subsample': 0.9000000000000001, 'colsample_bytree': 0.6000000000000001, 'gamma': 0.4}. Best is trial 1334 with value: 0.5442704750798081.
[I 2023-10-19 10:57:38,275] Trial 1796 finished with value: 0.5371485193120178 and parameters: {'w0': 0.183, 'w1': 0.9490000000000001, 'w2': 0.131, 'w3': 0.28600000000000003, 'w4': 0.905, 'w5': 0.896, 'w6': 0.502, 'w7': 0.10200000000000001, 'w8': 0.884, 'max_depth': 8, 'min_child_weight': 20, 'subsample': 0.9000000000000001, 'colsample_bytree': 0.6000000000000001, 'gamma': 0.4}. Best is trial 1334 with value: 0.5442704750798081.
[I 2023-10-19 10:58:30,871] Trial 1798 finished with value: 0.5406664187702714 and parameters: {'w0': 0.179, 'w1': 0.9420000000000001, 'w2': 0.13, 'w3': 0.28300000000000003, 'w4': 0.846, 'w5': 0.904, 'w6': 0.49, 'w7': 0.1, 'w8': 0.893, 'max_depth': 9, 'min_child_weight': 20, 'subsample': 0.9000000000000001, 'colsample_bytree': 0.6000000000000001, 'gamma': 0.4}. Best is trial 1334 with value: 0.5442704750798081.
[I 2023-10-19 10:58:44,555] Trial 1797 finished with value: 0.4819706642208888 and parameters: {'w0': 0.178, 'w1': 0.9550000000000001, 'w2': 0.126, 'w3': 0.392, 'w4': 0.843, 'w5': 0.911, 'w6': 0.499, 'w7': 0.623, 'w8': 0.885, 'max_depth': 8, 'min_child_weight': 20, 'subsample': 0.9000000000000001, 'colsample_bytree': 0.3, 'gamma': 0.4}. Best is trial 1334 with value: 0.5442704750798081.
[I 2023-10-19 10:59:35,016] Trial 1806 finished with value: 0.5195294690069705 and parameters: {'w0': 0.225, 'w1': 0.9530000000000001, 'w2': 0.133, 'w3': 0.277, 'w4': 0.834, 'w5': 0.904, 'w6': 0.508, 'w7': 0.081, 'w8': 0.862, 'max_depth': 3, 'min_child_weight': 20, 'subsample': 0.9000000000000001, 'colsample_bytree': 0.6000000000000001, 'gamma': 0.4}. Best is trial 1334 with value: 0.5442704750798081.
[I 2023-10-19 11:00:45,652] Trial 1800 finished with value: 0.4720212108103092 and parameters: {'w0': 0.218, 'w1': 0.9480000000000001, 'w2': 0.002, 'w3': 0.28200000000000003, 'w4': 0.845, 'w5': 0.899, 'w6': 0.506, 'w7': 0.099, 'w8': 0.864, 'max_depth': 9, 'min_child_weight': 20, 'subsample': 0.9000000000000001, 'colsample_bytree': 0.6000000000000001, 'gamma': 0.4}. Best is trial 1334 with value: 0.5442704750798081.
[I 2023-10-19 11:02:22,812] Trial 1807 finished with value: 0.5313866829808133 and parameters: {'w0': 0.22, 'w1': 0.9500000000000001, 'w2': 0.124, 'w3': 0.279, 'w4': 0.843, 'w5': 0.897, 'w6': 0.503, 'w7': 0.092, 'w8': 0.865, 'max_depth': 9, 'min_child_weight': 18, 'subsample': 0.9000000000000001, 'colsample_bytree': 0.6000000000000001, 'gamma': 0.8}. Best is trial 1334 with value: 0.5442704750798081.
[I 2023-10-19 11:02:32,400] Trial 1808 finished with value: 0.5247158308332689 and parameters: {'w0': 0.219, 'w1': 0.9530000000000001, 'w2': 0.153, 'w3': 0.277, 'w4': 0.845, 'w5': 0.897, 'w6': 0.499, 'w7': 0.085, 'w8': 0.86, 'max_depth': 9, 'min_child_weight': 10, 'subsample': 0.9000000000000001, 'colsample_bytree': 0.6000000000000001, 'gamma': 0.8}. Best is trial 1334 with value: 0.5442704750798081.
[I 2023-10-19 11:02:38,500] Trial 1801 finished with value: 0.5237526222327643 and parameters: {'w0': 0.177, 'w1': 1.0, 'w2': 0.124, 'w3': 0.279, 'w4': 0.851, 'w5': 0.904, 'w6': 0.498, 'w7': 0.093, 'w8': 0.875, 'max_depth': 9, 'min_child_weight': 20, 'subsample': 0.5, 'colsample_bytree': 0.6000000000000001, 'gamma': 0.4}. Best is trial 1334 with value: 0.5442704750798081.
[I 2023-10-19 11:03:48,295] Trial 1804 finished with value: 0.5332859281808818 and parameters: {'w0': 0.22, 'w1': 0.9510000000000001, 'w2': 0.133, 'w3': 0.28, 'w4': 0.852, 'w5': 0.895, 'w6': 0.505, 'w7': 0.098, 'w8': 0.866, 'max_depth': 9, 'min_child_weight': 10, 'subsample': 0.9000000000000001, 'colsample_bytree': 0.6000000000000001, 'gamma': 0.4}. Best is trial 1334 with value: 0.5442704750798081.
[I 2023-10-19 11:03:53,959] Trial 1803 finished with value: 0.5330692154364889 and parameters: {'w0': 0.214, 'w1': 0.9470000000000001, 'w2': 0.129, 'w3': 0.273, 'w4': 0.716, 'w5': 0.895, 'w6': 0.497, 'w7': 0.091, 'w8': 0.863, 'max_depth': 9, 'min_child_weight': 20, 'subsample': 0.9000000000000001, 'colsample_bytree': 0.6000000000000001, 'gamma': 0.4}. Best is trial 1334 with value: 0.5442704750798081.
[I 2023-10-19 11:04:47,709] Trial 1805 finished with value: 0.49829831770172894 and parameters: {'w0': 0.211, 'w1': 0.9530000000000001, 'w2': 0.13, 'w3': 0.275, 'w4': 0.838, 'w5': 0.898, 'w6': 0.501, 'w7': 0.018000000000000002, 'w8': 0.87, 'max_depth': 9, 'min_child_weight': 20, 'subsample': 0.9000000000000001, 'colsample_bytree': 0.6000000000000001, 'gamma': 0.4}. Best is trial 1334 with value: 0.5442704750798081.
[I 2023-10-19 11:05:59,703] Trial 1810 finished with value: 0.4846256662081364 and parameters: {'w0': 0.538, 'w1': 0.9530000000000001, 'w2': 0.152, 'w3': 0.277, 'w4': 0.718, 'w5': 0.148, 'w6': 0.501, 'w7': 0.081, 'w8': 0.855, 'max_depth': 9, 'min_child_weight': 18, 'subsample': 0.9000000000000001, 'colsample_bytree': 0.6000000000000001, 'gamma': 0.8}. Best is trial 1334 with value: 0.5442704750798081.
[I 2023-10-19 11:07:09,540] Trial 1811 finished with value: 0.5250253066966594 and parameters: {'w0': 0.213, 'w1': 0.979, 'w2': 0.15, 'w3': 0.244, 'w4': 0.719, 'w5': 0.905, 'w6': 0.501, 'w7': 0.091, 'w8': 0.856, 'max_depth': 9, 'min_child_weight': 18, 'subsample': 0.9000000000000001, 'colsample_bytree': 0.6000000000000001, 'gamma': 0.8}. Best is trial 1334 with value: 0.5442704750798081.
[I 2023-10-19 11:08:03,396] Trial 1813 finished with value: 0.4946062468860879 and parameters: {'w0': 0.215, 'w1': 0.873, 'w2': 0.153, 'w3': 0.253, 'w4': 0.722, 'w5': 0.906, 'w6': 0.501, 'w7': 0.024, 'w8': 0.86, 'max_depth': 9, 'min_child_weight': 18, 'subsample': 0.9000000000000001, 'colsample_bytree': 0.6000000000000001, 'gamma': 0.8}. Best is trial 1334 with value: 0.5442704750798081.
[I 2023-10-19 11:08:03,682] Trial 1812 finished with value: 0.5192941406828031 and parameters: {'w0': 0.221, 'w1': 0.981, 'w2': 0.153, 'w3': 0.275, 'w4': 0.716, 'w5': 0.908, 'w6': 0.504, 'w7': 0.08, 'w8': 0.849, 'max_depth': 9, 'min_child_weight': 18, 'subsample': 0.9000000000000001, 'colsample_bytree': 0.6000000000000001, 'gamma': 0.8}. Best is trial 1334 with value: 0.5442704750798081.
[I 2023-10-19 11:10:20,961] Trial 1809 finished with value: 0.5358161038814795 and parameters: {'w0': 0.217, 'w1': 0.9510000000000001, 'w2': 0.15, 'w3': 0.274, 'w4': 0.836, 'w5': 0.898, 'w6': 0.853, 'w7': 0.081, 'w8': 0.603, 'max_depth': 9, 'min_child_weight': 18, 'subsample': 0.9000000000000001, 'colsample_bytree': 0.6000000000000001, 'gamma': 0.2}. Best is trial 1334 with value: 0.5442704750798081.
[I 2023-10-19 11:11:09,560] Trial 1814 finished with value: 0.5100595882332997 and parameters: {'w0': 0.219, 'w1': 0.98, 'w2': 0.9430000000000001, 'w3': 0.274, 'w4': 0.72, 'w5': 0.906, 'w6': 0.6990000000000001, 'w7': 0.297, 'w8': 0.863, 'max_depth': 9, 'min_child_weight': 10, 'subsample': 0.9000000000000001, 'colsample_bytree': 0.6000000000000001, 'gamma': 0.8}. Best is trial 1334 with value: 0.5442704750798081.
[I 2023-10-19 11:11:43,192] Trial 1825 finished with value: 0.45326424943408633 and parameters: {'w0': 0.20600000000000002, 'w1': 0.969, 'w2': 0.152, 'w3': 0.315, 'w4': 0.8210000000000001, 'w5': 0.978, 'w6': 0.455, 'w7': 0.043000000000000003, 'w8': 0.899, 'max_depth': 9, 'min_child_weight': 20, 'subsample': 0.6000000000000001, 'colsample_bytree': 0.6000000000000001, 'gamma': 8.0}. Best is trial 1334 with value: 0.5442704750798081.
[I 2023-10-19 11:14:37,950] Trial 1815 finished with value: 0.5294451080314766 and parameters: {'w0': 0.218, 'w1': 0.961, 'w2': 0.153, 'w3': 0.318, 'w4': 0.842, 'w5': 0.914, 'w6': 0.494, 'w7': 0.076, 'w8': 0.858, 'max_depth': 9, 'min_child_weight': 20, 'subsample': 0.9000000000000001, 'colsample_bytree': 0.6000000000000001, 'gamma': 0.2}. Best is trial 1334 with value: 0.5442704750798081.
[I 2023-10-19 11:14:59,067] Trial 1816 finished with value: 0.5348943118949597 and parameters: {'w0': 0.217, 'w1': 0.983, 'w2': 0.154, 'w3': 0.326, 'w4': 0.841, 'w5': 0.978, 'w6': 0.495, 'w7': 0.08600000000000001, 'w8': 0.864, 'max_depth': 9, 'min_child_weight': 20, 'subsample': 0.9000000000000001, 'colsample_bytree': 0.6000000000000001, 'gamma': 0.2}. Best is trial 1334 with value: 0.5442704750798081.
[I 2023-10-19 11:15:36,991] Trial 1817 finished with value: 0.5309931796800799 and parameters: {'w0': 0.214, 'w1': 0.976, 'w2': 0.155, 'w3': 0.315, 'w4': 0.861, 'w5': 0.965, 'w6': 0.458, 'w7': 0.077, 'w8': 0.878, 'max_depth': 9, 'min_child_weight': 20, 'subsample': 0.9000000000000001, 'colsample_bytree': 0.6000000000000001, 'gamma': 0.2}. Best is trial 1334 with value: 0.5442704750798081.
[I 2023-10-19 11:16:48,443] Trial 1818 finished with value: 0.516819548577938 and parameters: {'w0': 0.21, 'w1': 0.979, 'w2': 0.159, 'w3': 0.314, 'w4': 0.849, 'w5': 0.985, 'w6': 0.492, 'w7': 0.046, 'w8': 0.859, 'max_depth': 9, 'min_child_weight': 20, 'subsample': 0.9000000000000001, 'colsample_bytree': 0.6000000000000001, 'gamma': 0.2}. Best is trial 1334 with value: 0.5442704750798081.
[I 2023-10-19 11:17:31,195] Trial 1820 finished with value: 0.49457306301656023 and parameters: {'w0': 0.212, 'w1': 0.979, 'w2': 0.156, 'w3': 0.312, 'w4': 0.8200000000000001, 'w5': 0.971, 'w6': 0.462, 'w7': 0.026000000000000002, 'w8': 0.865, 'max_depth': 9, 'min_child_weight': 20, 'subsample': 0.6000000000000001, 'colsample_bytree': 0.6000000000000001, 'gamma': 0.2}. Best is trial 1334 with value: 0.5442704750798081.
[I 2023-10-19 11:18:45,412] Trial 1821 finished with value: 0.5188254027691387 and parameters: {'w0': 0.23800000000000002, 'w1': 0.978, 'w2': 0.152, 'w3': 0.32, 'w4': 0.398, 'w5': 0.973, 'w6': 0.456, 'w7': 0.077, 'w8': 0.892, 'max_depth': 9, 'min_child_weight': 20, 'subsample': 0.9000000000000001, 'colsample_bytree': 0.6000000000000001, 'gamma': 0.2}. Best is trial 1334 with value: 0.5442704750798081.
[I 2023-10-19 11:19:04,819] Trial 1819 finished with value: 0.5185299499735496 and parameters: {'w0': 0.213, 'w1': 0.982, 'w2': 0.151, 'w3': 0.318, 'w4': 0.852, 'w5': 0.979, 'w6': 0.449, 'w7': 0.297, 'w8': 0.854, 'max_depth': 9, 'min_child_weight': 20, 'subsample': 0.9000000000000001, 'colsample_bytree': 0.6000000000000001, 'gamma': 0.2}. Best is trial 1334 with value: 0.5442704750798081.
[I 2023-10-19 11:19:20,247] Trial 1822 finished with value: 0.5034587424307266 and parameters: {'w0': 0.20600000000000002, 'w1': 0.983, 'w2': 0.152, 'w3': 0.306, 'w4': 0.8230000000000001, 'w5': 0.977, 'w6': 0.449, 'w7': 0.021, 'w8': 0.893, 'max_depth': 9, 'min_child_weight': 20, 'subsample': 0.9000000000000001, 'colsample_bytree': 0.6000000000000001, 'gamma': 0.2}. Best is trial 1334 with value: 0.5442704750798081.
[I 2023-10-19 11:20:32,369] Trial 1824 finished with value: 0.511896379750723 and parameters: {'w0': 0.201, 'w1': 0.981, 'w2': 0.154, 'w3': 0.306, 'w4': 0.8240000000000001, 'w5': 0.977, 'w6': 0.457, 'w7': 0.030000000000000002, 'w8': 0.889, 'max_depth': 9, 'min_child_weight': 20, 'subsample': 0.9000000000000001, 'colsample_bytree': 0.6000000000000001, 'gamma': 0.2}. Best is trial 1334 with value: 0.5442704750798081.
[I 2023-10-19 11:22:43,055] Trial 1823 finished with value: 0.5058607528229495 and parameters: {'w0': 0.20900000000000002, 'w1': 0.981, 'w2': 0.154, 'w3': 0.5630000000000001, 'w4': 0.8220000000000001, 'w5': 0.14200000000000002, 'w6': 0.457, 'w7': 0.035, 'w8': 0.894, 'max_depth': 9, 'min_child_weight': 4, 'subsample': 0.6000000000000001, 'colsample_bytree': 0.6000000000000001, 'gamma': 0.2}. Best is trial 1334 with value: 0.5442704750798081.
[I 2023-10-19 11:23:53,234] Trial 1827 finished with value: 0.5206145836489791 and parameters: {'w0': 0.199, 'w1': 0.97, 'w2': 0.107, 'w3': 0.32, 'w4': 0.8160000000000001, 'w5': 0.979, 'w6': 0.452, 'w7': 0.042, 'w8': 0.894, 'max_depth': 9, 'min_child_weight': 20, 'subsample': 0.9000000000000001, 'colsample_bytree': 0.6000000000000001, 'gamma': 0.2}. Best is trial 1334 with value: 0.5442704750798081.
[I 2023-10-19 11:24:06,220] Trial 1828 finished with value: 0.5245583395164859 and parameters: {'w0': 0.2, 'w1': 0.978, 'w2': 0.108, 'w3': 0.372, 'w4': 0.8250000000000001, 'w5': 0.971, 'w6': 0.46, 'w7': 0.05, 'w8': 0.894, 'max_depth': 9, 'min_child_weight': 20, 'subsample': 0.9000000000000001, 'colsample_bytree': 0.6000000000000001, 'gamma': 0.2}. Best is trial 1334 with value: 0.5442704750798081.
[I 2023-10-19 11:24:09,268] Trial 1826 finished with value: 0.4961842876440499 and parameters: {'w0': 0.23500000000000001, 'w1': 0.98, 'w2': 0.155, 'w3': 0.324, 'w4': 0.8240000000000001, 'w5': 0.974, 'w6': 0.454, 'w7': 0.541, 'w8': 0.9, 'max_depth': 9, 'min_child_weight': 20, 'subsample': 0.9000000000000001, 'colsample_bytree': 0.6000000000000001, 'gamma': 0.2}. Best is trial 1334 with value: 0.5442704750798081.
[I 2023-10-19 11:25:50,864] Trial 1829 finished with value: 0.5240576237830338 and parameters: {'w0': 0.193, 'w1': 0.971, 'w2': 0.10500000000000001, 'w3': 0.32, 'w4': 0.8170000000000001, 'w5': 0.977, 'w6': 0.45, 'w7': 0.048, 'w8': 0.903, 'max_depth': 9, 'min_child_weight': 20, 'subsample': 0.9000000000000001, 'colsample_bytree': 0.6000000000000001, 'gamma': 0.2}. Best is trial 1334 with value: 0.5442704750798081.
[I 2023-10-19 11:28:02,643] Trial 1831 finished with value: 0.5313450170532122 and parameters: {'w0': 0.197, 'w1': 0.982, 'w2': 0.10400000000000001, 'w3': 0.328, 'w4': 0.8230000000000001, 'w5': 0.974, 'w6': 0.46, 'w7': 0.137, 'w8': 0.892, 'max_depth': 9, 'min_child_weight': 20, 'subsample': 0.9000000000000001, 'colsample_bytree': 0.6000000000000001, 'gamma': 0.2}. Best is trial 1334 with value: 0.5442704750798081.
[I 2023-10-19 11:28:06,072] Trial 1830 finished with value: 0.4964112872872712 and parameters: {'w0': 0.194, 'w1': 0.975, 'w2': 0.113, 'w3': 0.372, 'w4': 0.8160000000000001, 'w5': 0.966, 'w6': 0.452, 'w7': 0.46, 'w8': 0.895, 'max_depth': 9, 'min_child_weight': 20, 'subsample': 0.9000000000000001, 'colsample_bytree': 0.6000000000000001, 'gamma': 0.2}. Best is trial 1334 with value: 0.5442704750798081.
[I 2023-10-19 11:31:23,972] Trial 1834 finished with value: 0.534126397656673 and parameters: {'w0': 0.17, 'w1': 0.921, 'w2': 0.112, 'w3': 0.202, 'w4': 0.8220000000000001, 'w5': 0.9570000000000001, 'w6': 0.46, 'w7': 0.134, 'w8': 0.893, 'max_depth': 9, 'min_child_weight': 20, 'subsample': 0.9000000000000001, 'colsample_bytree': 0.6000000000000001, 'gamma': 0.2}. Best is trial 1334 with value: 0.5442704750798081.
[I 2023-10-19 11:31:49,754] Trial 1832 finished with value: 0.5100413612803743 and parameters: {'w0': 0.191, 'w1': 0.924, 'w2': 0.5650000000000001, 'w3': 0.317, 'w4': 0.8270000000000001, 'w5': 0.974, 'w6': 0.458, 'w7': 0.456, 'w8': 0.888, 'max_depth': 9, 'min_child_weight': 20, 'subsample': 0.9000000000000001, 'colsample_bytree': 0.6000000000000001, 'gamma': 0.2}. Best is trial 1334 with value: 0.5442704750798081.
[I 2023-10-19 11:32:04,216] Trial 1833 finished with value: 0.48164564454773345 and parameters: {'w0': 0.193, 'w1': 0.933, 'w2': 0.10300000000000001, 'w3': 0.311, 'w4': 0.861, 'w5': 0.967, 'w6': 0.53, 'w7': 0.661, 'w8': 0.891, 'max_depth': 9, 'min_child_weight': 20, 'subsample': 0.9000000000000001, 'colsample_bytree': 0.6000000000000001, 'gamma': 0.2}. Best is trial 1334 with value: 0.5442704750798081.
[I 2023-10-19 11:33:32,835] Trial 1835 finished with value: 0.46720338774916126 and parameters: {'w0': 0.193, 'w1': 0.928, 'w2': 0.109, 'w3': 0.366, 'w4': 0.8190000000000001, 'w5': 0.379, 'w6': 0.46, 'w7': 0.801, 'w8': 0.892, 'max_depth': 9, 'min_child_weight': 20, 'subsample': 0.9000000000000001, 'colsample_bytree': 0.6000000000000001, 'gamma': 0.0}. Best is trial 1334 with value: 0.5442704750798081.
[I 2023-10-19 11:33:42,922] Trial 1837 finished with value: 0.501347730358077 and parameters: {'w0': 0.168, 'w1': 0.036000000000000004, 'w2': 0.109, 'w3': 0.201, 'w4': 0.8160000000000001, 'w5': 0.9600000000000001, 'w6': 0.527, 'w7': 0.134, 'w8': 0.896, 'max_depth': 9, 'min_child_weight': 20, 'subsample': 0.9000000000000001, 'colsample_bytree': 0.6000000000000001, 'gamma': 0.0}. Best is trial 1334 with value: 0.5442704750798081.
[I 2023-10-19 11:34:29,026] Trial 1836 finished with value: 0.5125854696348383 and parameters: {'w0': 0.24000000000000002, 'w1': 0.929, 'w2': 0.854, 'w3': 0.2, 'w4': 0.8210000000000001, 'w5': 0.931, 'w6': 0.533, 'w7': 0.137, 'w8': 0.893, 'max_depth': 9, 'min_child_weight': 20, 'subsample': 0.9000000000000001, 'colsample_bytree': 0.6000000000000001, 'gamma': 0.0}. Best is trial 1334 with value: 0.5442704750798081.
[I 2023-10-19 11:35:10,244] Trial 1839 finished with value: 0.538731939761611 and parameters: {'w0': 0.191, 'w1': 0.929, 'w2': 0.108, 'w3': 0.198, 'w4': 0.8230000000000001, 'w5': 0.9590000000000001, 'w6': 0.516, 'w7': 0.134, 'w8': 0.896, 'max_depth': 9, 'min_child_weight': 20, 'subsample': 0.9000000000000001, 'colsample_bytree': 0.6000000000000001, 'gamma': 0.0}. Best is trial 1334 with value: 0.5442704750798081.
