[I 2023-10-19 17:00:37,686] Trial 223 finished with value: 0.46984438621490654 and parameters: {'w0': 0.094, 'w1': 0.705, 'w2': 0.252, 'w3': 0.661, 'w4': 0.537, 'w5': 0.673, 'w6': 0.188, 'w7': 0.242, 'w8': 0.561, 'max_depth': 9, 'min_child_weight': 12, 'subsample': 1.0, 'colsample_bytree': 1.0, 'gamma': 0.4}. Best is trial 211 with value: 0.49467134708985594.
[I 2023-10-19 17:01:23,668] Trial 213 finished with value: 0.46836977722949225 and parameters: {'w0': 0.333, 'w1': 0.592, 'w2': 0.255, 'w3': 0.074, 'w4': 0.486, 'w5': 0.9560000000000001, 'w6': 0.632, 'w7': 0.23500000000000001, 'w8': 0.668, 'max_depth': 9, 'min_child_weight': 12, 'subsample': 0.4, 'colsample_bytree': 1.0, 'gamma': 1.6}. Best is trial 211 with value: 0.49467134708985594.
[I 2023-10-19 17:02:34,475] Trial 216 finished with value: 0.45074232290628935 and parameters: {'w0': 0.324, 'w1': 0.7010000000000001, 'w2': 0.257, 'w3': 0.656, 'w4': 0.552, 'w5': 0.8210000000000001, 'w6': 0.396, 'w7': 0.742, 'w8': 0.661, 'max_depth': 9, 'min_child_weight': 0, 'subsample': 0.4, 'colsample_bytree': 1.0, 'gamma': 2.8000000000000003}. Best is trial 211 with value: 0.49467134708985594.
[I 2023-10-19 17:03:13,774] Trial 228 finished with value: 0.4798453732991453 and parameters: {'w0': 0.092, 'w1': 0.427, 'w2': 0.254, 'w3': 0.552, 'w4': 0.675, 'w5': 0.676, 'w6': 0.255, 'w7': 0.179, 'w8': 0.56, 'max_depth': 9, 'min_child_weight': 14, 'subsample': 1.0, 'colsample_bytree': 1.0, 'gamma': 0.4}. Best is trial 211 with value: 0.49467134708985594.
[I 2023-10-19 17:03:17,204] Trial 227 finished with value: 0.4653539502401905 and parameters: {'w0': 0.081, 'w1': 0.458, 'w2': 0.21, 'w3': 0.648, 'w4': 0.486, 'w5': 0.8, 'w6': 0.28200000000000003, 'w7': 0.257, 'w8': 0.5670000000000001, 'max_depth': 9, 'min_child_weight': 12, 'subsample': 1.0, 'colsample_bytree': 1.0, 'gamma': 0.4}. Best is trial 211 with value: 0.49467134708985594.
[I 2023-10-19 17:03:22,253] Trial 214 finished with value: 0.4141202019889725 and parameters: {'w0': 0.112, 'w1': 0.599, 'w2': 0.255, 'w3': 0.657, 'w4': 0.539, 'w5': 0.8280000000000001, 'w6': 0.634, 'w7': 0.908, 'w8': 0.603, 'max_depth': 9, 'min_child_weight': 12, 'subsample': 0.4, 'colsample_bytree': 0.3, 'gamma': 0.4}. Best is trial 211 with value: 0.49467134708985594.
[I 2023-10-19 17:05:47,549] Trial 220 finished with value: 0.4621304895975577 and parameters: {'w0': 0.074, 'w1': 0.445, 'w2': 0.20800000000000002, 'w3': 0.661, 'w4': 0.542, 'w5': 0.8240000000000001, 'w6': 0.211, 'w7': 0.247, 'w8': 0.581, 'max_depth': 9, 'min_child_weight': 12, 'subsample': 0.4, 'colsample_bytree': 1.0, 'gamma': 0.4}. Best is trial 211 with value: 0.49467134708985594.
[I 2023-10-19 17:05:53,982] Trial 233 finished with value: 0.4631276392145615 and parameters: {'w0': 0.23800000000000002, 'w1': 0.423, 'w2': 0.212, 'w3': 0.552, 'w4': 0.999, 'w5': 0.803, 'w6': 0.28500000000000003, 'w7': 0.148, 'w8': 0.686, 'max_depth': 9, 'min_child_weight': 16, 'subsample': 0.4, 'colsample_bytree': 1.0, 'gamma': 3.2}. Best is trial 211 with value: 0.49467134708985594.
[I 2023-10-19 17:06:05,556] Trial 234 finished with value: 0.44620873337046707 and parameters: {'w0': 0.311, 'w1': 0.459, 'w2': 0.225, 'w3': 0.505, 'w4': 0.644, 'w5': 0.797, 'w6': 0.28200000000000003, 'w7': 0.109, 'w8': 0.68, 'max_depth': 9, 'min_child_weight': 10, 'subsample': 0.9000000000000001, 'colsample_bytree': 1.0, 'gamma': 3.2}. Best is trial 211 with value: 0.49467134708985594.
[I 2023-10-19 17:07:20,558] Trial 235 finished with value: 0.4181755445656205 and parameters: {'w0': 0.308, 'w1': 0.657, 'w2': 0.211, 'w3': 0.547, 'w4': 0.646, 'w5': 0.801, 'w6': 0.621, 'w7': 0.8170000000000001, 'w8': 0.538, 'max_depth': 9, 'min_child_weight': 14, 'subsample': 0.9000000000000001, 'colsample_bytree': 1.0, 'gamma': 3.2}. Best is trial 211 with value: 0.49467134708985594.
[I 2023-10-19 17:07:40,233] Trial 236 finished with value: 0.46073893947860023 and parameters: {'w0': 0.31, 'w1': 0.778, 'w2': 0.326, 'w3': 0.553, 'w4': 0.648, 'w5': 0.797, 'w6': 0.277, 'w7': 0.177, 'w8': 0.678, 'max_depth': 9, 'min_child_weight': 14, 'subsample': 0.9000000000000001, 'colsample_bytree': 1.0, 'gamma': 3.2}. Best is trial 211 with value: 0.49467134708985594.
[I 2023-10-19 17:07:47,352] Trial 225 finished with value: 0.4633002566182698 and parameters: {'w0': 0.323, 'w1': 0.451, 'w2': 0.253, 'w3': 0.653, 'w4': 0.495, 'w5': 0.669, 'w6': 0.247, 'w7': 0.251, 'w8': 0.556, 'max_depth': 9, 'min_child_weight': 14, 'subsample': 0.4, 'colsample_bytree': 1.0, 'gamma': 0.4}. Best is trial 211 with value: 0.49467134708985594.
[I 2023-10-19 17:08:22,650] Trial 221 finished with value: 0.48653073424078963 and parameters: {'w0': 0.329, 'w1': 0.438, 'w2': 0.254, 'w3': 0.656, 'w4': 0.47900000000000004, 'w5': 0.8280000000000001, 'w6': 0.396, 'w7': 0.245, 'w8': 0.597, 'max_depth': 9, 'min_child_weight': 14, 'subsample': 0.9000000000000001, 'colsample_bytree': 1.0, 'gamma': 0.4}. Best is trial 211 with value: 0.49467134708985594.
[I 2023-10-19 17:08:35,910] Trial 237 finished with value: 0.4626333000121078 and parameters: {'w0': 0.304, 'w1': 0.41700000000000004, 'w2': 0.326, 'w3': 0.51, 'w4': 0.661, 'w5': 0.744, 'w6': 0.44, 'w7': 0.187, 'w8': 0.6930000000000001, 'max_depth': 9, 'min_child_weight': 14, 'subsample': 0.9000000000000001, 'colsample_bytree': 1.0, 'gamma': 3.2}. Best is trial 211 with value: 0.49467134708985594.
[I 2023-10-19 17:09:07,916] Trial 229 finished with value: 0.4939669027266156 and parameters: {'w0': 0.075, 'w1': 0.46, 'w2': 0.21, 'w3': 0.505, 'w4': 0.65, 'w5': 0.673, 'w6': 0.278, 'w7': 0.148, 'w8': 0.557, 'max_depth': 9, 'min_child_weight': 18, 'subsample': 0.9000000000000001, 'colsample_bytree': 1.0, 'gamma': 0.4}. Best is trial 211 with value: 0.49467134708985594.
[I 2023-10-19 17:10:14,167] Trial 239 finished with value: 0.4689618929367465 and parameters: {'w0': 0.307, 'w1': 0.521, 'w2': 0.329, 'w3': 0.629, 'w4': 1.0, 'w5': 0.785, 'w6': 0.587, 'w7': 0.15, 'w8': 0.6910000000000001, 'max_depth': 9, 'min_child_weight': 0, 'subsample': 0.9000000000000001, 'colsample_bytree': 1.0, 'gamma': 3.2}. Best is trial 211 with value: 0.49467134708985594.
[I 2023-10-19 17:10:38,797] Trial 240 finished with value: 0.43707591473484014 and parameters: {'w0': 0.354, 'w1': 0.521, 'w2': 0.214, 'w3': 0.508, 'w4': 0.655, 'w5': 0.748, 'w6': 0.5730000000000001, 'w7': 0.146, 'w8': 0.526, 'max_depth': 9, 'min_child_weight': 14, 'subsample': 0.2, 'colsample_bytree': 1.0, 'gamma': 3.2}. Best is trial 211 with value: 0.49467134708985594.
[I 2023-10-19 17:11:15,858] Trial 232 finished with value: 0.4812133733614144 and parameters: {'w0': 0.067, 'w1': 0.623, 'w2': 0.20700000000000002, 'w3': 0.07, 'w4': 0.672, 'w5': 0.675, 'w6': 0.275, 'w7': 0.111, 'w8': 0.547, 'max_depth': 9, 'min_child_weight': 16, 'subsample': 0.9000000000000001, 'colsample_bytree': 1.0, 'gamma': 0.4}. Best is trial 211 with value: 0.49467134708985594.
[I 2023-10-19 17:12:04,799] Trial 241 finished with value: 0.47097661093003573 and parameters: {'w0': 0.309, 'w1': 0.785, 'w2': 0.327, 'w3': 0.512, 'w4': 0.653, 'w5': 0.854, 'w6': 0.618, 'w7': 0.14500000000000002, 'w8': 0.756, 'max_depth': 9, 'min_child_weight': 14, 'subsample': 0.9000000000000001, 'colsample_bytree': 1.0, 'gamma': 3.2}. Best is trial 211 with value: 0.49467134708985594.
[I 2023-10-19 17:13:35,553] Trial 238 finished with value: 0.44266714689799747 and parameters: {'w0': 0.067, 'w1': 0.667, 'w2': 0.20700000000000002, 'w3': 0.515, 'w4': 0.641, 'w5': 0.788, 'w6': 0.434, 'w7': 0.11, 'w8': 0.61, 'max_depth': 9, 'min_child_weight': 14, 'subsample': 0.2, 'colsample_bytree': 1.0, 'gamma': 1.0}. Best is trial 211 with value: 0.49467134708985594.
[I 2023-10-19 17:14:37,276] Trial 231 finished with value: 0.40866405668150085 and parameters: {'w0': 0.063, 'w1': 0.40900000000000003, 'w2': 0.217, 'w3': 0.076, 'w4': 0.673, 'w5': 0.673, 'w6': 0.245, 'w7': 0.781, 'w8': 0.545, 'max_depth': 9, 'min_child_weight': 14, 'subsample': 0.9000000000000001, 'colsample_bytree': 1.0, 'gamma': 0.4}. Best is trial 211 with value: 0.49467134708985594.
[I 2023-10-19 17:14:42,779] Trial 212 finished with value: 0.4762552900028657 and parameters: {'w0': 0.14300000000000002, 'w1': 0.596, 'w2': 0.215, 'w3': 0.657, 'w4': 0.543, 'w5': 0.8260000000000001, 'w6': 0.632, 'w7': 0.241, 'w8': 0.616, 'max_depth': 9, 'min_child_weight': 0, 'subsample': 0.4, 'colsample_bytree': 1.0, 'gamma': 0.4}. Best is trial 211 with value: 0.49467134708985594.
[I 2023-10-19 17:15:56,905] Trial 230 finished with value: 0.4509588306030934 and parameters: {'w0': 0.33, 'w1': 0.86, 'w2': 0.213, 'w3': 0.635, 'w4': 0.649, 'w5': 0.8, 'w6': 0.28, 'w7': 0.754, 'w8': 0.535, 'max_depth': 9, 'min_child_weight': 12, 'subsample': 0.9000000000000001, 'colsample_bytree': 1.0, 'gamma': 0.4}. Best is trial 211 with value: 0.49467134708985594.
[I 2023-10-19 17:19:04,483] Trial 243 finished with value: 0.4568109660161205 and parameters: {'w0': 0.261, 'w1': 0.657, 'w2': 0.326, 'w3': 0.596, 'w4': 0.66, 'w5': 0.74, 'w6': 0.5770000000000001, 'w7': 0.184, 'w8': 0.629, 'max_depth': 9, 'min_child_weight': 14, 'subsample': 0.2, 'colsample_bytree': 1.0, 'gamma': 1.0}. Best is trial 211 with value: 0.49467134708985594.
[I 2023-10-19 17:19:36,398] Trial 249 finished with value: 0.422622616475027 and parameters: {'w0': 0.14400000000000002, 'w1': 0.394, 'w2': 0.273, 'w3': 0.634, 'w4': 0.98, 'w5': 0.6990000000000001, 'w6': 0.375, 'w7': 0.065, 'w8': 0.62, 'max_depth': 9, 'min_child_weight': 18, 'subsample': 0.2, 'colsample_bytree': 1.0, 'gamma': 0.0}. Best is trial 211 with value: 0.49467134708985594.
[I 2023-10-19 17:21:05,083] Trial 248 finished with value: 0.4544318150573248 and parameters: {'w0': 0.35100000000000003, 'w1': 0.521, 'w2': 0.276, 'w3': 0.606, 'w4': 0.9490000000000001, 'w5': 0.856, 'w6': 0.588, 'w7': 0.148, 'w8': 0.631, 'max_depth': 9, 'min_child_weight': 16, 'subsample': 0.2, 'colsample_bytree': 1.0, 'gamma': 1.0}. Best is trial 211 with value: 0.49467134708985594.
[I 2023-10-19 17:21:57,624] Trial 252 finished with value: 0.3908441963853845 and parameters: {'w0': 0.024, 'w1': 0.47000000000000003, 'w2': 0.277, 'w3': 0.465, 'w4': 0.966, 'w5': 0.6970000000000001, 'w6': 0.305, 'w7': 0.171, 'w8': 0.636, 'max_depth': 9, 'min_child_weight': 16, 'subsample': 0.2, 'colsample_bytree': 1.0, 'gamma': 0.0}. Best is trial 211 with value: 0.49467134708985594.
[I 2023-10-19 17:22:37,112] Trial 256 finished with value: 0.43510892391198014 and parameters: {'w0': 0.387, 'w1': 0.552, 'w2': 0.274, 'w3': 0.597, 'w4': 0.977, 'w5': 0.857, 'w6': 0.374, 'w7': 0.178, 'w8': 0.632, 'max_depth': 3, 'min_child_weight': 18, 'subsample': 0.2, 'colsample_bytree': 1.0, 'gamma': 1.0}. Best is trial 211 with value: 0.49467134708985594.
[I 2023-10-19 17:24:43,456] Trial 253 finished with value: 0.3954753275470542 and parameters: {'w0': 0.358, 'w1': 0.55, 'w2': 0.273, 'w3': 0.47200000000000003, 'w4': 0.9520000000000001, 'w5': 0.6920000000000001, 'w6': 0.427, 'w7': 0.969, 'w8': 0.62, 'max_depth': 9, 'min_child_weight': 20, 'subsample': 0.2, 'colsample_bytree': 1.0, 'gamma': 0.0}. Best is trial 211 with value: 0.49467134708985594.
[I 2023-10-19 17:24:57,269] Trial 246 finished with value: 0.4892150611425368 and parameters: {'w0': 0.216, 'w1': 0.557, 'w2': 0.279, 'w3': 0.599, 'w4': 0.5760000000000001, 'w5': 0.857, 'w6': 0.584, 'w7': 0.139, 'w8': 0.714, 'max_depth': 8, 'min_child_weight': 2, 'subsample': 0.2, 'colsample_bytree': 1.0, 'gamma': 1.0}. Best is trial 211 with value: 0.49467134708985594.
[I 2023-10-19 17:25:51,915] Trial 255 finished with value: 0.44394358606334006 and parameters: {'w0': 0.177, 'w1': 0.541, 'w2': 0.281, 'w3': 0.46, 'w4': 0.9500000000000001, 'w5': 0.6960000000000001, 'w6': 0.58, 'w7': 0.17400000000000002, 'w8': 0.636, 'max_depth': 9, 'min_child_weight': 20, 'subsample': 0.2, 'colsample_bytree': 1.0, 'gamma': 0.8}. Best is trial 211 with value: 0.49467134708985594.
[I 2023-10-19 17:26:08,048] Trial 254 finished with value: 0.4931159355306483 and parameters: {'w0': 0.136, 'w1': 0.404, 'w2': 0.278, 'w3': 0.597, 'w4': 0.979, 'w5': 0.6960000000000001, 'w6': 0.381, 'w7': 0.17400000000000002, 'w8': 0.644, 'max_depth': 9, 'min_child_weight': 18, 'subsample': 0.8, 'colsample_bytree': 1.0, 'gamma': 0.8}. Best is trial 211 with value: 0.49467134708985594.
[I 2023-10-19 17:28:51,252] Trial 242 finished with value: 0.4765570120254732 and parameters: {'w0': 0.304, 'w1': 0.655, 'w2': 0.332, 'w3': 0.51, 'w4': 0.971, 'w5': 0.74, 'w6': 0.58, 'w7': 0.107, 'w8': 0.639, 'max_depth': 9, 'min_child_weight': 0, 'subsample': 0.2, 'colsample_bytree': 1.0, 'gamma': 1.0}. Best is trial 211 with value: 0.49467134708985594.
[I 2023-10-19 17:29:31,662] Trial 251 finished with value: 0.4983696159519967 and parameters: {'w0': 0.343, 'w1': 0.8170000000000001, 'w2': 0.233, 'w3': 0.61, 'w4': 0.9510000000000001, 'w5': 0.858, 'w6': 0.41100000000000003, 'w7': 0.171, 'w8': 0.634, 'max_depth': 9, 'min_child_weight': 10, 'subsample': 0.9000000000000001, 'colsample_bytree': 1.0, 'gamma': 0.0}. Best is trial 251 with value: 0.4983696159519967.
[I 2023-10-19 17:29:44,600] Trial 257 finished with value: 0.4775128337200313 and parameters: {'w0': 0.264, 'w1': 0.47500000000000003, 'w2': 0.279, 'w3': 0.598, 'w4': 0.973, 'w5': 0.6960000000000001, 'w6': 0.371, 'w7': 0.188, 'w8': 0.49, 'max_depth': 9, 'min_child_weight': 10, 'subsample': 0.2, 'colsample_bytree': 1.0, 'gamma': 0.0}. Best is trial 251 with value: 0.4983696159519967.
[I 2023-10-19 17:30:59,066] Trial 250 finished with value: 0.4706754581456635 and parameters: {'w0': 0.026000000000000002, 'w1': 0.547, 'w2': 0.226, 'w3': 0.6, 'w4': 0.9490000000000001, 'w5': 0.6940000000000001, 'w6': 0.426, 'w7': 0.109, 'w8': 0.617, 'max_depth': 9, 'min_child_weight': 2, 'subsample': 0.9000000000000001, 'colsample_bytree': 1.0, 'gamma': 0.0}. Best is trial 251 with value: 0.4983696159519967.
[I 2023-10-19 17:31:56,879] Trial 245 finished with value: 0.47752554974632283 and parameters: {'w0': 0.34800000000000003, 'w1': 0.544, 'w2': 0.332, 'w3': 0.628, 'w4': 0.984, 'w5': 0.752, 'w6': 0.58, 'w7': 0.152, 'w8': 0.707, 'max_depth': 9, 'min_child_weight': 0, 'subsample': 0.2, 'colsample_bytree': 1.0, 'gamma': 1.0}. Best is trial 251 with value: 0.4983696159519967.
[I 2023-10-19 17:32:05,513] Trial 244 finished with value: 0.4759786595665474 and parameters: {'w0': 0.35000000000000003, 'w1': 0.552, 'w2': 0.323, 'w3': 0.628, 'w4': 0.97, 'w5': 0.74, 'w6': 0.446, 'w7': 0.182, 'w8': 0.749, 'max_depth': 9, 'min_child_weight': 0, 'subsample': 0.2, 'colsample_bytree': 1.0, 'gamma': 1.0}. Best is trial 251 with value: 0.4983696159519967.
[I 2023-10-19 17:32:30,196] Trial 259 finished with value: 0.46503822190833993 and parameters: {'w0': 0.388, 'w1': 0.552, 'w2': 0.277, 'w3': 0.611, 'w4': 0.727, 'w5': 0.858, 'w6': 0.559, 'w7': 0.17300000000000001, 'w8': 0.644, 'max_depth': 8, 'min_child_weight': 18, 'subsample': 0.30000000000000004, 'colsample_bytree': 1.0, 'gamma': 0.8}. Best is trial 251 with value: 0.4983696159519967.
[I 2023-10-19 17:32:48,468] Trial 247 finished with value: 0.4755786780458817 and parameters: {'w0': 0.355, 'w1': 0.546, 'w2': 0.326, 'w3': 0.625, 'w4': 0.981, 'w5': 0.739, 'w6': 0.41700000000000004, 'w7': 0.189, 'w8': 0.622, 'max_depth': 9, 'min_child_weight': 0, 'subsample': 0.2, 'colsample_bytree': 1.0, 'gamma': 1.0}. Best is trial 251 with value: 0.4983696159519967.
[I 2023-10-19 17:34:05,429] Trial 258 finished with value: 0.4801128252798369 and parameters: {'w0': 0.34600000000000003, 'w1': 0.549, 'w2': 0.274, 'w3': 0.606, 'w4': 0.6880000000000001, 'w5': 0.6950000000000001, 'w6': 0.371, 'w7': 0.178, 'w8': 0.5, 'max_depth': 8, 'min_child_weight': 10, 'subsample': 0.30000000000000004, 'colsample_bytree': 1.0, 'gamma': 0.0}. Best is trial 251 with value: 0.4983696159519967.
[I 2023-10-19 17:34:48,493] Trial 268 finished with value: 0.4368534280697512 and parameters: {'w0': 0.132, 'w1': 0.809, 'w2': 0.243, 'w3': 0.187, 'w4': 0.911, 'w5': 0.854, 'w6': 0.42, 'w7': 0.132, 'w8': 0.715, 'max_depth': 9, 'min_child_weight': 10, 'subsample': 0.8, 'colsample_bytree': 1.0, 'gamma': 9.8}. Best is trial 251 with value: 0.4983696159519967.
[I 2023-10-19 17:35:02,035] Trial 261 finished with value: 0.4633932950179992 and parameters: {'w0': 0.392, 'w1': 0.545, 'w2': 0.14400000000000002, 'w3': 0.609, 'w4': 0.457, 'w5': 0.656, 'w6': 0.543, 'w7': 0.195, 'w8': 0.5, 'max_depth': 8, 'min_child_weight': 10, 'subsample': 0.30000000000000004, 'colsample_bytree': 1.0, 'gamma': 1.4000000000000001}. Best is trial 251 with value: 0.4983696159519967.
[I 2023-10-19 17:35:09,114] Trial 269 finished with value: 0.4400367731905358 and parameters: {'w0': 0.34500000000000003, 'w1': 0.925, 'w2': 0.23900000000000002, 'w3': 0.589, 'w4': 0.606, 'w5': 0.852, 'w6': 0.544, 'w7': 0.136, 'w8': 0.669, 'max_depth': 9, 'min_child_weight': 18, 'subsample': 0.9000000000000001, 'colsample_bytree': 1.0, 'gamma': 7.2}. Best is trial 251 with value: 0.4983696159519967.
[I 2023-10-19 17:35:20,539] Trial 260 finished with value: 0.48982107056267454 and parameters: {'w0': 0.386, 'w1': 0.47200000000000003, 'w2': 0.277, 'w3': 0.619, 'w4': 0.728, 'w5': 0.6960000000000001, 'w6': 0.41400000000000003, 'w7': 0.269, 'w8': 0.47900000000000004, 'max_depth': 8, 'min_child_weight': 10, 'subsample': 0.8, 'colsample_bytree': 1.0, 'gamma': 0.8}. Best is trial 251 with value: 0.4983696159519967.
[I 2023-10-19 17:35:53,015] Trial 264 finished with value: 0.48640660082228787 and parameters: {'w0': 0.215, 'w1': 0.542, 'w2': 0.234, 'w3': 0.593, 'w4': 0.578, 'w5': 0.654, 'w6': 0.586, 'w7': 0.125, 'w8': 0.653, 'max_depth': 8, 'min_child_weight': 2, 'subsample': 0.8, 'colsample_bytree': 1.0, 'gamma': 0.8}. Best is trial 251 with value: 0.4983696159519967.
[I 2023-10-19 17:35:58,536] Trial 262 finished with value: 0.4900993218141917 and parameters: {'w0': 0.433, 'w1': 0.545, 'w2': 0.231, 'w3': 0.62, 'w4': 0.617, 'w5': 0.928, 'w6': 0.332, 'w7': 0.197, 'w8': 0.47400000000000003, 'max_depth': 8, 'min_child_weight': 10, 'subsample': 0.8, 'colsample_bytree': 1.0, 'gamma': 0.8}. Best is trial 251 with value: 0.4983696159519967.
[I 2023-10-19 17:37:32,307] Trial 273 finished with value: 0.42309906838110195 and parameters: {'w0': 0.202, 'w1': 0.439, 'w2': 0.234, 'w3': 0.20400000000000001, 'w4': 0.908, 'w5': 0.925, 'w6': 0.41300000000000003, 'w7': 0.131, 'w8': 0.723, 'max_depth': 9, 'min_child_weight': 18, 'subsample': 0.8, 'colsample_bytree': 1.0, 'gamma': 10.0}. Best is trial 251 with value: 0.4983696159519967.
[I 2023-10-19 17:39:29,591] Trial 266 finished with value: 0.4471161282010111 and parameters: {'w0': 0.226, 'w1': 0.248, 'w2': 0.639, 'w3': 0.594, 'w4': 0.31, 'w5': 0.724, 'w6': 0.336, 'w7': 0.125, 'w8': 0.735, 'max_depth': 9, 'min_child_weight': 18, 'subsample': 0.8, 'colsample_bytree': 1.0, 'gamma': 0.8}. Best is trial 251 with value: 0.4983696159519967.
[I 2023-10-19 17:40:42,668] Trial 267 finished with value: 0.4830075462101153 and parameters: {'w0': 0.20800000000000002, 'w1': 0.47500000000000003, 'w2': 0.23500000000000001, 'w3': 0.59, 'w4': 0.5740000000000001, 'w5': 0.653, 'w6': 0.353, 'w7': 0.127, 'w8': 0.659, 'max_depth': 9, 'min_child_weight': 18, 'subsample': 0.8, 'colsample_bytree': 1.0, 'gamma': 0.8}. Best is trial 251 with value: 0.4983696159519967.
[I 2023-10-19 17:43:45,946] Trial 263 finished with value: 0.47842468469463717 and parameters: {'w0': 0.429, 'w1': 0.547, 'w2': 0.232, 'w3': 0.617, 'w4': 0.6910000000000001, 'w5': 0.657, 'w6': 0.528, 'w7': 0.27, 'w8': 0.969, 'max_depth': 8, 'min_child_weight': 0, 'subsample': 0.30000000000000004, 'colsample_bytree': 1.0, 'gamma': 1.4000000000000001}. Best is trial 251 with value: 0.4983696159519967.
[I 2023-10-19 17:43:46,969] Trial 265 finished with value: 0.48431766482621375 and parameters: {'w0': 0.231, 'w1': 0.47600000000000003, 'w2': 0.233, 'w3': 0.587, 'w4': 0.581, 'w5': 0.651, 'w6': 0.341, 'w7': 0.193, 'w8': 0.713, 'max_depth': 8, 'min_child_weight': 2, 'subsample': 0.30000000000000004, 'colsample_bytree': 1.0, 'gamma': 0.8}. Best is trial 251 with value: 0.4983696159519967.
[I 2023-10-19 17:44:24,365] Trial 274 finished with value: 0.4956605378651663 and parameters: {'w0': 0.13, 'w1': 0.378, 'w2': 0.233, 'w3': 0.545, 'w4': 0.918, 'w5': 0.656, 'w6': 0.392, 'w7': 0.14300000000000002, 'w8': 0.736, 'max_depth': 9, 'min_child_weight': 18, 'subsample': 0.9000000000000001, 'colsample_bytree': 1.0, 'gamma': 0.6000000000000001}. Best is trial 251 with value: 0.4983696159519967.
[I 2023-10-19 17:44:27,634] Trial 272 finished with value: 0.4940087762749712 and parameters: {'w0': 0.124, 'w1': 0.8160000000000001, 'w2': 0.227, 'w3': 0.586, 'w4': 0.904, 'w5': 0.649, 'w6': 0.40800000000000003, 'w7': 0.132, 'w8': 0.727, 'max_depth': 9, 'min_child_weight': 18, 'subsample': 0.8, 'colsample_bytree': 1.0, 'gamma': 0.8}. Best is trial 251 with value: 0.4983696159519967.
[I 2023-10-19 17:44:31,913] Trial 270 finished with value: 0.4880793746855628 and parameters: {'w0': 0.129, 'w1': 0.377, 'w2': 0.273, 'w3': 0.58, 'w4': 0.926, 'w5': 0.654, 'w6': 0.40800000000000003, 'w7': 0.126, 'w8': 0.724, 'max_depth': 9, 'min_child_weight': 18, 'subsample': 0.8, 'colsample_bytree': 1.0, 'gamma': 0.6000000000000001}. Best is trial 251 with value: 0.4983696159519967.
[I 2023-10-19 17:46:44,996] Trial 271 finished with value: 0.4969181733876189 and parameters: {'w0': 0.225, 'w1': 0.851, 'w2': 0.233, 'w3': 0.584, 'w4': 0.928, 'w5': 0.86, 'w6': 0.399, 'w7': 0.124, 'w8': 0.655, 'max_depth': 9, 'min_child_weight': 18, 'subsample': 0.8, 'colsample_bytree': 1.0, 'gamma': 0.6000000000000001}. Best is trial 251 with value: 0.4983696159519967.
[I 2023-10-19 17:48:29,790] Trial 275 finished with value: 0.4834946812077022 and parameters: {'w0': 0.226, 'w1': 0.381, 'w2': 0.23700000000000002, 'w3': 0.583, 'w4': 0.46, 'w5': 0.923, 'w6': 0.41700000000000004, 'w7': 0.132, 'w8': 0.731, 'max_depth': 9, 'min_child_weight': 18, 'subsample': 0.8, 'colsample_bytree': 1.0, 'gamma': 0.6000000000000001}. Best is trial 251 with value: 0.4983696159519967.
