[I 2023-10-19 22:33:38,774] Trial 616 finished with value: 0.3822532779209612 and parameters: {'w0': 0.14100000000000001, 'w1': 0.082, 'w2': 0.094, 'w3': 0.581, 'w4': 0.9500000000000001, 'w5': 0.902, 'w6': 0.177, 'w7': 0.032, 'w8': 0.762, 'max_depth': 9, 'min_child_weight': 16, 'subsample': 0.8, 'colsample_bytree': 0.9000000000000001, 'gamma': 8.200000000000001}. Best is trial 556 with value: 0.5099189407344089.
[I 2023-10-19 22:33:44,194] Trial 605 finished with value: 0.494838251848234 and parameters: {'w0': 0.14500000000000002, 'w1': 0.919, 'w2': 0.109, 'w3': 0.444, 'w4': 0.9490000000000001, 'w5': 0.976, 'w6': 0.242, 'w7': 0.055, 'w8': 0.763, 'max_depth': 9, 'min_child_weight': 18, 'subsample': 0.8, 'colsample_bytree': 0.9000000000000001, 'gamma': 0.2}. Best is trial 556 with value: 0.5099189407344089.
[I 2023-10-19 22:35:04,735] Trial 618 finished with value: 0.41703774706049507 and parameters: {'w0': 0.14, 'w1': 0.876, 'w2': 0.091, 'w3': 0.559, 'w4': 0.9510000000000001, 'w5': 0.902, 'w6': 0.112, 'w7': 0.060000000000000005, 'w8': 0.761, 'max_depth': 9, 'min_child_weight': 16, 'subsample': 0.8, 'colsample_bytree': 0.9000000000000001, 'gamma': 8.200000000000001}. Best is trial 556 with value: 0.5099189407344089.
[I 2023-10-19 22:35:43,137] Trial 606 finished with value: 0.5070613187699283 and parameters: {'w0': 0.14, 'w1': 0.906, 'w2': 0.107, 'w3': 0.439, 'w4': 0.88, 'w5': 0.905, 'w6': 0.247, 'w7': 0.106, 'w8': 0.76, 'max_depth': 9, 'min_child_weight': 18, 'subsample': 0.8, 'colsample_bytree': 0.6000000000000001, 'gamma': 0.2}. Best is trial 556 with value: 0.5099189407344089.
[I 2023-10-19 22:37:06,774] Trial 607 finished with value: 0.4766335844137914 and parameters: {'w0': 0.10400000000000001, 'w1': 0.908, 'w2': 0.11, 'w3': 0.488, 'w4': 0.9450000000000001, 'w5': 0.908, 'w6': 0.249, 'w7': 0.027000000000000003, 'w8': 0.766, 'max_depth': 9, 'min_child_weight': 18, 'subsample': 0.8, 'colsample_bytree': 0.9000000000000001, 'gamma': 0.2}. Best is trial 556 with value: 0.5099189407344089.
[I 2023-10-19 22:37:43,902] Trial 609 finished with value: 0.4898423860460841 and parameters: {'w0': 0.14300000000000002, 'w1': 0.915, 'w2': 0.10200000000000001, 'w3': 0.487, 'w4': 0.881, 'w5': 0.15, 'w6': 0.242, 'w7': 0.108, 'w8': 0.835, 'max_depth': 9, 'min_child_weight': 16, 'subsample': 0.8, 'colsample_bytree': 0.7, 'gamma': 0.2}. Best is trial 556 with value: 0.5099189407344089.
[I 2023-10-19 22:37:51,380] Trial 612 finished with value: 0.4616428626187803 and parameters: {'w0': 0.217, 'w1': 0.873, 'w2': 0.109, 'w3': 0.599, 'w4': 0.883, 'w5': 0.909, 'w6': 0.242, 'w7': 0.028, 'w8': 0.838, 'max_depth': 9, 'min_child_weight': 18, 'subsample': 0.8, 'colsample_bytree': 0.7, 'gamma': 0.8}. Best is trial 556 with value: 0.5099189407344089.
[I 2023-10-19 22:38:26,481] Trial 614 finished with value: 0.43954755962229863 and parameters: {'w0': 0.217, 'w1': 0.927, 'w2': 0.134, 'w3': 0.41100000000000003, 'w4': 0.027000000000000003, 'w5': 0.979, 'w6': 0.149, 'w7': 0.05, 'w8': 0.766, 'max_depth': 9, 'min_child_weight': 16, 'subsample': 0.8, 'colsample_bytree': 0.9000000000000001, 'gamma': 0.8}. Best is trial 556 with value: 0.5099189407344089.
[I 2023-10-19 22:38:45,284] Trial 608 finished with value: 0.4890743192563346 and parameters: {'w0': 0.14, 'w1': 0.908, 'w2': 0.097, 'w3': 0.46, 'w4': 0.879, 'w5': 0.896, 'w6': 0.246, 'w7': 0.046, 'w8': 0.837, 'max_depth': 9, 'min_child_weight': 18, 'subsample': 0.8, 'colsample_bytree': 0.9000000000000001, 'gamma': 0.2}. Best is trial 556 with value: 0.5099189407344089.
[I 2023-10-19 22:39:20,552] Trial 615 finished with value: 0.48693929169042593 and parameters: {'w0': 0.136, 'w1': 0.87, 'w2': 0.096, 'w3': 0.582, 'w4': 0.877, 'w5': 0.904, 'w6': 0.34800000000000003, 'w7': 0.056, 'w8': 0.757, 'max_depth': 9, 'min_child_weight': 18, 'subsample': 0.8, 'colsample_bytree': 0.9000000000000001, 'gamma': 0.8}. Best is trial 556 with value: 0.5099189407344089.
[I 2023-10-19 22:39:29,091] Trial 610 finished with value: 0.5039166128244914 and parameters: {'w0': 0.14200000000000002, 'w1': 0.871, 'w2': 0.111, 'w3': 0.397, 'w4': 0.9510000000000001, 'w5': 0.975, 'w6': 0.24000000000000002, 'w7': 0.115, 'w8': 0.844, 'max_depth': 9, 'min_child_weight': 18, 'subsample': 0.8, 'colsample_bytree': 0.9000000000000001, 'gamma': 0.2}. Best is trial 556 with value: 0.5099189407344089.
[I 2023-10-19 22:40:12,128] Trial 617 finished with value: 0.47510518335081087 and parameters: {'w0': 0.223, 'w1': 0.871, 'w2': 0.097, 'w3': 0.5630000000000001, 'w4': 0.9500000000000001, 'w5': 0.891, 'w6': 0.138, 'w7': 0.058, 'w8': 0.762, 'max_depth': 9, 'min_child_weight': 16, 'subsample': 0.8, 'colsample_bytree': 0.9000000000000001, 'gamma': 0.8}. Best is trial 556 with value: 0.5099189407344089.
[I 2023-10-19 22:42:57,080] Trial 620 finished with value: 0.4576374726888043 and parameters: {'w0': 0.14, 'w1': 0.928, 'w2': 0.081, 'w3': 0.917, 'w4': 0.9510000000000001, 'w5': 0.886, 'w6': 0.34700000000000003, 'w7': 0.017, 'w8': 0.705, 'max_depth': 9, 'min_child_weight': 16, 'subsample': 0.8, 'colsample_bytree': 0.9000000000000001, 'gamma': 0.8}. Best is trial 556 with value: 0.5099189407344089.
[I 2023-10-19 22:43:09,367] Trial 613 finished with value: 0.49498663219379846 and parameters: {'w0': 0.227, 'w1': 0.919, 'w2': 0.134, 'w3': 0.367, 'w4': 0.9530000000000001, 'w5': 0.979, 'w6': 0.161, 'w7': 0.11, 'w8': 0.764, 'max_depth': 9, 'min_child_weight': 18, 'subsample': 0.8, 'colsample_bytree': 0.9000000000000001, 'gamma': 0.2}. Best is trial 556 with value: 0.5099189407344089.
[I 2023-10-19 22:43:13,903] Trial 619 finished with value: 0.48009020543412123 and parameters: {'w0': 0.223, 'w1': 0.931, 'w2': 0.085, 'w3': 0.592, 'w4': 0.9430000000000001, 'w5': 0.91, 'w6': 0.17300000000000001, 'w7': 0.11800000000000001, 'w8': 0.7030000000000001, 'max_depth': 9, 'min_child_weight': 16, 'subsample': 0.8, 'colsample_bytree': 0.9000000000000001, 'gamma': 0.8}. Best is trial 556 with value: 0.5099189407344089.
[I 2023-10-19 22:43:41,217] Trial 621 finished with value: 0.45438952135411514 and parameters: {'w0': 0.225, 'w1': 0.929, 'w2': 0.136, 'w3': 0.584, 'w4': 0.836, 'w5': 0.896, 'w6': 0.34500000000000003, 'w7': 0.019000000000000003, 'w8': 0.708, 'max_depth': 9, 'min_child_weight': 16, 'subsample': 0.8, 'colsample_bytree': 0.9000000000000001, 'gamma': 0.8}. Best is trial 556 with value: 0.5099189407344089.
[I 2023-10-19 22:45:39,639] Trial 626 finished with value: 0.46425425587856556 and parameters: {'w0': 0.132, 'w1': 0.867, 'w2': 0.049, 'w3': 0.402, 'w4': 0.874, 'w5': 0.981, 'w6': 0.269, 'w7': 0.108, 'w8': 0.735, 'max_depth': 4, 'min_child_weight': 16, 'subsample': 0.8, 'colsample_bytree': 0.9000000000000001, 'gamma': 0.8}. Best is trial 556 with value: 0.5099189407344089.
[I 2023-10-19 22:46:15,954] Trial 624 finished with value: 0.49663421607000635 and parameters: {'w0': 0.14400000000000002, 'w1': 0.932, 'w2': 0.139, 'w3': 0.582, 'w4': 0.878, 'w5': 0.981, 'w6': 0.152, 'w7': 0.126, 'w8': 0.733, 'max_depth': 9, 'min_child_weight': 16, 'subsample': 0.8, 'colsample_bytree': 0.9000000000000001, 'gamma': 0.8}. Best is trial 556 with value: 0.5099189407344089.
[I 2023-10-19 22:47:19,023] Trial 632 finished with value: 0.39537838805380243 and parameters: {'w0': 0.109, 'w1': 0.293, 'w2': 0.136, 'w3': 0.006, 'w4': 0.844, 'w5': 0.978, 'w6': 0.261, 'w7': 0.128, 'w8': 0.732, 'max_depth': 4, 'min_child_weight': 16, 'subsample': 0.8, 'colsample_bytree': 0.6000000000000001, 'gamma': 0.8}. Best is trial 556 with value: 0.5099189407344089.
[I 2023-10-19 22:47:32,064] Trial 623 finished with value: 0.46385372001619257 and parameters: {'w0': 0.212, 'w1': 0.87, 'w2': 0.5760000000000001, 'w3': 0.59, 'w4': 0.878, 'w5': 0.914, 'w6': 0.114, 'w7': 0.131, 'w8': 0.7030000000000001, 'max_depth': 9, 'min_child_weight': 16, 'subsample': 0.8, 'colsample_bytree': 0.9000000000000001, 'gamma': 0.8}. Best is trial 556 with value: 0.5099189407344089.
[I 2023-10-19 22:47:46,768] Trial 622 finished with value: 0.47001900837902727 and parameters: {'w0': 0.213, 'w1': 0.931, 'w2': 0.599, 'w3': 0.589, 'w4': 0.88, 'w5': 0.908, 'w6': 0.17600000000000002, 'w7': 0.131, 'w8': 0.706, 'max_depth': 9, 'min_child_weight': 16, 'subsample': 0.8, 'colsample_bytree': 0.9000000000000001, 'gamma': 0.8}. Best is trial 556 with value: 0.5099189407344089.
[I 2023-10-19 22:48:16,557] Trial 627 finished with value: 0.44703402219169874 and parameters: {'w0': 0.131, 'w1': 0.868, 'w2': 0.028, 'w3': 0.586, 'w4': 0.843, 'w5': 0.984, 'w6': 0.114, 'w7': 0.125, 'w8': 0.73, 'max_depth': 9, 'min_child_weight': 18, 'subsample': 0.8, 'colsample_bytree': 0.9000000000000001, 'gamma': 0.8}. Best is trial 556 with value: 0.5099189407344089.
[I 2023-10-19 22:48:18,411] Trial 625 finished with value: 0.4635415348411259 and parameters: {'w0': 0.222, 'w1': 0.799, 'w2': 0.598, 'w3': 0.404, 'w4': 0.88, 'w5': 0.891, 'w6': 0.18, 'w7': 0.109, 'w8': 0.735, 'max_depth': 9, 'min_child_weight': 18, 'subsample': 0.8, 'colsample_bytree': 0.6000000000000001, 'gamma': 0.8}. Best is trial 556 with value: 0.5099189407344089.
[I 2023-10-19 22:48:40,567] Trial 629 finished with value: 0.4728907765027034 and parameters: {'w0': 0.117, 'w1': 0.868, 'w2': 0.08, 'w3': 0.403, 'w4': 0.8320000000000001, 'w5': 0.979, 'w6': 0.148, 'w7': 0.125, 'w8': 0.733, 'max_depth': 9, 'min_child_weight': 16, 'subsample': 0.8, 'colsample_bytree': 0.6000000000000001, 'gamma': 0.8}. Best is trial 556 with value: 0.5099189407344089.
[I 2023-10-19 22:48:47,662] Trial 628 finished with value: 0.4628103300677126 and parameters: {'w0': 0.218, 'w1': 0.794, 'w2': 0.054, 'w3': 0.4, 'w4': 0.837, 'w5': 0.981, 'w6': 0.126, 'w7': 0.125, 'w8': 0.733, 'max_depth': 9, 'min_child_weight': 16, 'subsample': 0.8, 'colsample_bytree': 0.9000000000000001, 'gamma': 0.8}. Best is trial 556 with value: 0.5099189407344089.
[I 2023-10-19 22:49:24,915] Trial 630 finished with value: 0.4891011414452085 and parameters: {'w0': 0.112, 'w1': 0.802, 'w2': 0.08700000000000001, 'w3': 0.583, 'w4': 0.84, 'w5': 0.984, 'w6': 0.274, 'w7': 0.121, 'w8': 0.729, 'max_depth': 9, 'min_child_weight': 16, 'subsample': 0.8, 'colsample_bytree': 0.6000000000000001, 'gamma': 0.8}. Best is trial 556 with value: 0.5099189407344089.
[I 2023-10-19 22:51:29,405] Trial 639 finished with value: 0.4630192638724295 and parameters: {'w0': 0.112, 'w1': 0.794, 'w2': 0.136, 'w3': 0.559, 'w4': 0.838, 'w5': 1.0, 'w6': 0.27, 'w7': 0.133, 'w8': 0.735, 'max_depth': 9, 'min_child_weight': 16, 'subsample': 0.8, 'colsample_bytree': 0.6000000000000001, 'gamma': 6.0}. Best is trial 556 with value: 0.5099189407344089.
[I 2023-10-19 22:51:49,252] Trial 633 finished with value: 0.4590030408702311 and parameters: {'w0': 0.112, 'w1': 0.932, 'w2': 0.04, 'w3': 0.599, 'w4': 0.873, 'w5': 0.981, 'w6': 0.998, 'w7': 0.126, 'w8': 0.73, 'max_depth': 9, 'min_child_weight': 16, 'subsample': 0.8, 'colsample_bytree': 0.6000000000000001, 'gamma': 0.8}. Best is trial 556 with value: 0.5099189407344089.
[I 2023-10-19 22:53:03,917] Trial 631 finished with value: 0.4280985565460068 and parameters: {'w0': 0.113, 'w1': 0.8, 'w2': 0.038, 'w3': 0.40800000000000003, 'w4': 0.844, 'w5': 0.984, 'w6': 0.264, 'w7': 0.554, 'w8': 0.731, 'max_depth': 9, 'min_child_weight': 16, 'subsample': 0.8, 'colsample_bytree': 0.9000000000000001, 'gamma': 0.8}. Best is trial 556 with value: 0.5099189407344089.
[I 2023-10-19 22:53:52,675] Trial 636 finished with value: 0.4731186992170096 and parameters: {'w0': 0.114, 'w1': 0.805, 'w2': 0.061, 'w3': 0.554, 'w4': 0.872, 'w5': 0.983, 'w6': 0.259, 'w7': 0.132, 'w8': 0.731, 'max_depth': 9, 'min_child_weight': 16, 'subsample': 0.8, 'colsample_bytree': 0.6000000000000001, 'gamma': 0.8}. Best is trial 556 with value: 0.5099189407344089.
[I 2023-10-19 22:54:08,967] Trial 634 finished with value: 0.4927612260716568 and parameters: {'w0': 0.11900000000000001, 'w1': 0.889, 'w2': 0.132, 'w3': 0.5670000000000001, 'w4': 0.846, 'w5': 0.983, 'w6': 0.129, 'w7': 0.127, 'w8': 0.73, 'max_depth': 9, 'min_child_weight': 16, 'subsample': 0.8, 'colsample_bytree': 0.9000000000000001, 'gamma': 0.8}. Best is trial 556 with value: 0.5099189407344089.
[I 2023-10-19 22:54:29,771] Trial 635 finished with value: 0.46663123105165055 and parameters: {'w0': 0.107, 'w1': 0.802, 'w2': 0.047, 'w3': 0.602, 'w4': 0.834, 'w5': 0.982, 'w6': 0.267, 'w7': 0.129, 'w8': 0.707, 'max_depth': 9, 'min_child_weight': 16, 'subsample': 0.8, 'colsample_bytree': 0.9000000000000001, 'gamma': 0.8}. Best is trial 556 with value: 0.5099189407344089.
[I 2023-10-19 22:58:35,127] Trial 637 finished with value: 0.45766194123121756 and parameters: {'w0': 0.109, 'w1': 0.891, 'w2': 0.023, 'w3': 0.557, 'w4': 0.8310000000000001, 'w5': 0.984, 'w6': 0.128, 'w7': 0.133, 'w8': 0.728, 'max_depth': 9, 'min_child_weight': 16, 'subsample': 0.8, 'colsample_bytree': 0.9000000000000001, 'gamma': 0.2}. Best is trial 556 with value: 0.5099189407344089.
[I 2023-10-19 23:00:51,818] Trial 638 finished with value: 0.5049795819896619 and parameters: {'w0': 0.155, 'w1': 0.885, 'w2': 0.14, 'w3': 0.547, 'w4': 0.8320000000000001, 'w5': 0.984, 'w6': 0.26, 'w7': 0.132, 'w8': 0.733, 'max_depth': 9, 'min_child_weight': 16, 'subsample': 0.8, 'colsample_bytree': 0.6000000000000001, 'gamma': 0.2}. Best is trial 556 with value: 0.5099189407344089.
[I 2023-10-19 23:01:49,058] Trial 640 finished with value: 0.4722498336644587 and parameters: {'w0': 0.113, 'w1': 0.894, 'w2': 0.049, 'w3': 0.428, 'w4': 0.887, 'w5': 0.982, 'w6': 0.129, 'w7': 0.156, 'w8': 0.736, 'max_depth': 9, 'min_child_weight': 16, 'subsample': 0.8, 'colsample_bytree': 0.6000000000000001, 'gamma': 0.2}. Best is trial 556 with value: 0.5099189407344089.
[I 2023-10-19 23:02:54,853] Trial 644 finished with value: 0.4434275357094955 and parameters: {'w0': 0.122, 'w1': 0.802, 'w2': 0.048, 'w3': 0.561, 'w4': 0.935, 'w5': 0.982, 'w6': 0.292, 'w7': 0.162, 'w8': 0.092, 'max_depth': 9, 'min_child_weight': 16, 'subsample': 0.8, 'colsample_bytree': 0.6000000000000001, 'gamma': 0.2}. Best is trial 556 with value: 0.5099189407344089.
[I 2023-10-19 23:03:05,355] Trial 642 finished with value: 0.383772395797502 and parameters: {'w0': 0.113, 'w1': 0.803, 'w2': 0.037000000000000005, 'w3': 0.558, 'w4': 0.8330000000000001, 'w5': 0.981, 'w6': 0.047, 'w7': 0.6940000000000001, 'w8': 0.725, 'max_depth': 9, 'min_child_weight': 16, 'subsample': 0.8, 'colsample_bytree': 0.6000000000000001, 'gamma': 0.2}. Best is trial 556 with value: 0.5099189407344089.
[I 2023-10-19 23:03:08,039] Trial 641 finished with value: 0.49660869574811833 and parameters: {'w0': 0.113, 'w1': 0.887, 'w2': 0.20600000000000002, 'w3': 0.552, 'w4': 0.839, 'w5': 0.983, 'w6': 0.295, 'w7': 0.157, 'w8': 0.741, 'max_depth': 9, 'min_child_weight': 16, 'subsample': 0.8, 'colsample_bytree': 0.6000000000000001, 'gamma': 0.2}. Best is trial 556 with value: 0.5099189407344089.
[I 2023-10-19 23:03:32,947] Trial 647 finished with value: 0.4735826151667603 and parameters: {'w0': 0.158, 'w1': 0.888, 'w2': 0.132, 'w3': 0.55, 'w4': 0.328, 'w5': 0.998, 'w6': 0.296, 'w7': 0.156, 'w8': 0.777, 'max_depth': 9, 'min_child_weight': 16, 'subsample': 0.5, 'colsample_bytree': 0.6000000000000001, 'gamma': 0.2}. Best is trial 556 with value: 0.5099189407344089.
[I 2023-10-19 23:03:56,443] Trial 643 finished with value: 0.4594743891790067 and parameters: {'w0': 0.115, 'w1': 0.892, 'w2': 0.203, 'w3': 0.557, 'w4': 0.931, 'w5': 0.983, 'w6': 0.299, 'w7': 0.551, 'w8': 0.73, 'max_depth': 9, 'min_child_weight': 16, 'subsample': 0.8, 'colsample_bytree': 0.6000000000000001, 'gamma': 0.2}. Best is trial 556 with value: 0.5099189407344089.
[I 2023-10-19 23:04:51,957] Trial 645 finished with value: 0.4612724467679093 and parameters: {'w0': 0.12000000000000001, 'w1': 0.888, 'w2': 0.132, 'w3': 0.558, 'w4': 0.834, 'w5': 0.985, 'w6': 0.266, 'w7': 0.159, 'w8': 0.07100000000000001, 'max_depth': 9, 'min_child_weight': 8, 'subsample': 0.5, 'colsample_bytree': 0.9000000000000001, 'gamma': 0.2}. Best is trial 556 with value: 0.5099189407344089.
[I 2023-10-19 23:05:56,076] Trial 646 finished with value: 0.48631430414925186 and parameters: {'w0': 0.117, 'w1': 0.891, 'w2': 0.202, 'w3': 0.459, 'w4': 0.933, 'w5': 1.0, 'w6': 0.068, 'w7': 0.156, 'w8': 0.776, 'max_depth': 9, 'min_child_weight': 8, 'subsample': 0.8, 'colsample_bytree': 0.9000000000000001, 'gamma': 0.2}. Best is trial 556 with value: 0.5099189407344089.
[I 2023-10-19 23:06:04,592] Trial 648 finished with value: 0.47542150576219755 and parameters: {'w0': 0.157, 'w1': 0.894, 'w2': 0.14300000000000002, 'w3': 0.551, 'w4': 0.931, 'w5': 0.961, 'w6': 0.053000000000000005, 'w7': 0.158, 'w8': 0.779, 'max_depth': 9, 'min_child_weight': 16, 'subsample': 0.8, 'colsample_bytree': 0.6000000000000001, 'gamma': 0.2}. Best is trial 556 with value: 0.5099189407344089.
[I 2023-10-19 23:06:42,222] Trial 650 finished with value: 0.435917763014652 and parameters: {'w0': 0.157, 'w1': 0.842, 'w2': 0.197, 'w3': 0.557, 'w4': 0.934, 'w5': 0.9550000000000001, 'w6': 0.07, 'w7': 0.153, 'w8': 0.116, 'max_depth': 9, 'min_child_weight': 16, 'subsample': 0.5, 'colsample_bytree': 0.9000000000000001, 'gamma': 0.2}. Best is trial 556 with value: 0.5099189407344089.
[I 2023-10-19 23:07:02,893] Trial 649 finished with value: 0.4945199448970528 and parameters: {'w0': 0.156, 'w1': 0.887, 'w2': 0.14300000000000002, 'w3': 0.558, 'w4': 0.895, 'w5': 1.0, 'w6': 0.295, 'w7': 0.156, 'w8': 0.78, 'max_depth': 9, 'min_child_weight': 16, 'subsample': 0.5, 'colsample_bytree': 0.9000000000000001, 'gamma': 0.2}. Best is trial 556 with value: 0.5099189407344089.
[I 2023-10-19 23:09:37,466] Trial 652 finished with value: 0.4864586196032281 and parameters: {'w0': 0.157, 'w1': 0.893, 'w2': 0.14100000000000001, 'w3': 0.433, 'w4': 0.929, 'w5': 0.9560000000000001, 'w6': 0.082, 'w7': 0.158, 'w8': 0.752, 'max_depth': 9, 'min_child_weight': 16, 'subsample': 0.8, 'colsample_bytree': 0.9000000000000001, 'gamma': 0.2}. Best is trial 556 with value: 0.5099189407344089.
[I 2023-10-19 23:11:02,661] Trial 651 finished with value: 0.501685077232289 and parameters: {'w0': 0.156, 'w1': 0.892, 'w2': 0.199, 'w3': 0.53, 'w4': 0.932, 'w5': 0.9540000000000001, 'w6': 0.89, 'w7': 0.158, 'w8': 0.779, 'max_depth': 9, 'min_child_weight': 16, 'subsample': 0.8, 'colsample_bytree': 0.9000000000000001, 'gamma': 0.2}. Best is trial 556 with value: 0.5099189407344089.
[I 2023-10-19 23:11:13,129] Trial 653 finished with value: 0.50042200036756 and parameters: {'w0': 0.157, 'w1': 0.847, 'w2': 0.20500000000000002, 'w3': 0.527, 'w4': 0.929, 'w5': 0.9560000000000001, 'w6': 0.298, 'w7': 0.158, 'w8': 0.783, 'max_depth': 9, 'min_child_weight': 16, 'subsample': 0.8, 'colsample_bytree': 0.9000000000000001, 'gamma': 0.2}. Best is trial 556 with value: 0.5099189407344089.
[I 2023-10-19 23:13:33,650] Trial 654 finished with value: 0.5013092509755547 and parameters: {'w0': 0.149, 'w1': 0.842, 'w2': 0.20700000000000002, 'w3': 0.527, 'w4': 0.929, 'w5': 1.0, 'w6': 0.28900000000000003, 'w7': 0.158, 'w8': 0.779, 'max_depth': 9, 'min_child_weight': 16, 'subsample': 0.5, 'colsample_bytree': 0.9000000000000001, 'gamma': 0.2}. Best is trial 556 with value: 0.5099189407344089.
[I 2023-10-19 23:15:45,235] Trial 660 finished with value: 0.448311586982665 and parameters: {'w0': 0.182, 'w1': 0.856, 'w2': 0.151, 'w3': 0.462, 'w4': 0.979, 'w5': 0.9540000000000001, 'w6': 0.303, 'w7': 0.10300000000000001, 'w8': 0.029, 'max_depth': 9, 'min_child_weight': 18, 'subsample': 0.9000000000000001, 'colsample_bytree': 0.9000000000000001, 'gamma': 0.4}. Best is trial 556 with value: 0.5099189407344089.
[I 2023-10-19 23:15:50,780] Trial 656 finished with value: 0.4666875174575037 and parameters: {'w0': 0.159, 'w1': 0.848, 'w2': 0.148, 'w3': 0.53, 'w4': 0.925, 'w5': 0.9580000000000001, 'w6': 0.292, 'w7': 0.159, 'w8': 0.11900000000000001, 'max_depth': 9, 'min_child_weight': 16, 'subsample': 0.5, 'colsample_bytree': 0.9000000000000001, 'gamma': 0.2}. Best is trial 556 with value: 0.5099189407344089.
[I 2023-10-19 23:17:19,131] Trial 655 finished with value: 0.4785090854001892 and parameters: {'w0': 0.158, 'w1': 0.844, 'w2': 0.148, 'w3': 0.433, 'w4': 0.928, 'w5': 0.9600000000000001, 'w6': 0.342, 'w7': 0.334, 'w8': 0.777, 'max_depth': 9, 'min_child_weight': 16, 'subsample': 0.8, 'colsample_bytree': 0.9000000000000001, 'gamma': 0.2}. Best is trial 556 with value: 0.5099189407344089.
[I 2023-10-19 23:17:54,923] Trial 659 finished with value: 0.5036877469620327 and parameters: {'w0': 0.159, 'w1': 0.851, 'w2': 0.151, 'w3': 0.46, 'w4': 0.981, 'w5': 0.9580000000000001, 'w6': 0.299, 'w7': 0.1, 'w8': 0.777, 'max_depth': 9, 'min_child_weight': 16, 'subsample': 0.5, 'colsample_bytree': 0.9000000000000001, 'gamma': 0.4}. Best is trial 556 with value: 0.5099189407344089.
[I 2023-10-19 23:18:03,073] Trial 657 finished with value: 0.47789067159382476 and parameters: {'w0': 0.159, 'w1': 0.845, 'w2': 0.2, 'w3': 0.458, 'w4': 0.932, 'w5': 0.9560000000000001, 'w6': 0.064, 'w7': 0.153, 'w8': 0.78, 'max_depth': 9, 'min_child_weight': 16, 'subsample': 0.8, 'colsample_bytree': 0.9000000000000001, 'gamma': 0.4}. Best is trial 556 with value: 0.5099189407344089.
[I 2023-10-19 23:18:19,002] Trial 661 finished with value: 0.49865768580250996 and parameters: {'w0': 0.18, 'w1': 0.851, 'w2': 0.15, 'w3': 0.46, 'w4': 0.983, 'w5': 0.9550000000000001, 'w6': 0.333, 'w7': 0.193, 'w8': 0.78, 'max_depth': 9, 'min_child_weight': 18, 'subsample': 0.9000000000000001, 'colsample_bytree': 0.9000000000000001, 'gamma': 0.4}. Best is trial 556 with value: 0.5099189407344089.
[I 2023-10-19 23:18:43,754] Trial 666 finished with value: 0.49472416150196785 and parameters: {'w0': 0.178, 'w1': 0.846, 'w2': 0.177, 'w3': 0.518, 'w4': 0.887, 'w5': 0.933, 'w6': 0.334, 'w7': 0.1, 'w8': 0.754, 'max_depth': 9, 'min_child_weight': 18, 'subsample': 0.9000000000000001, 'colsample_bytree': 0.9000000000000001, 'gamma': 0.6000000000000001}. Best is trial 556 with value: 0.5099189407344089.
