[I 2023-10-20 23:00:19,293] Trial 366 finished with value: 0.3927540209696426 and parameters: {'w0': 0.32, 'w1': 0.77, 'w2': 0.281, 'w3': 0.419, 'w4': 0.839, 'w5': 0.594, 'w6': 0.8220000000000001, 'w7': 0.41100000000000003, 'w8': 0.889, 'max_depth': 5, 'min_child_weight': 6, 'subsample': 0.30000000000000004, 'colsample_bytree': 0.9000000000000001, 'gamma': 2.2}. Best is trial 335 with value: 0.4099789071960225.
[I 2023-10-20 23:00:26,240] Trial 362 finished with value: 0.3972857871977937 and parameters: {'w0': 0.342, 'w1': 0.8280000000000001, 'w2': 0.31, 'w3': 0.433, 'w4': 0.9460000000000001, 'w5': 0.625, 'w6': 0.8300000000000001, 'w7': 0.453, 'w8': 0.88, 'max_depth': 9, 'min_child_weight': 6, 'subsample': 0.30000000000000004, 'colsample_bytree': 0.9000000000000001, 'gamma': 2.2}. Best is trial 335 with value: 0.4099789071960225.
[I 2023-10-20 23:02:04,059] Trial 373 finished with value: 0.39167136871783104 and parameters: {'w0': 0.34, 'w1': 0.756, 'w2': 0.596, 'w3': 0.428, 'w4': 0.08, 'w5': 0.656, 'w6': 0.8250000000000001, 'w7': 0.484, 'w8': 0.875, 'max_depth': 9, 'min_child_weight': 6, 'subsample': 0.4, 'colsample_bytree': 0.9000000000000001, 'gamma': 4.6000000000000005}. Best is trial 335 with value: 0.4099789071960225.
[I 2023-10-20 23:02:56,680] Trial 363 finished with value: 0.4051465821170206 and parameters: {'w0': 0.321, 'w1': 0.841, 'w2': 0.591, 'w3': 0.436, 'w4': 0.898, 'w5': 0.631, 'w6': 0.8310000000000001, 'w7': 0.458, 'w8': 0.885, 'max_depth': 9, 'min_child_weight': 6, 'subsample': 0.4, 'colsample_bytree': 0.9000000000000001, 'gamma': 2.2}. Best is trial 335 with value: 0.4099789071960225.
[I 2023-10-20 23:04:10,152] Trial 365 finished with value: 0.4030677947817961 and parameters: {'w0': 0.32, 'w1': 0.756, 'w2': 0.589, 'w3': 0.423, 'w4': 0.928, 'w5': 0.612, 'w6': 0.8260000000000001, 'w7': 0.449, 'w8': 0.875, 'max_depth': 9, 'min_child_weight': 6, 'subsample': 0.30000000000000004, 'colsample_bytree': 0.9000000000000001, 'gamma': 2.2}. Best is trial 335 with value: 0.4099789071960225.
[I 2023-10-20 23:04:14,133] Trial 368 finished with value: 0.40785567147543167 and parameters: {'w0': 0.32, 'w1': 0.757, 'w2': 0.589, 'w3': 0.421, 'w4': 0.046, 'w5': 0.595, 'w6': 0.8290000000000001, 'w7': 0.41500000000000004, 'w8': 0.885, 'max_depth': 9, 'min_child_weight': 6, 'subsample': 0.4, 'colsample_bytree': 0.9000000000000001, 'gamma': 2.0}. Best is trial 335 with value: 0.4099789071960225.
[I 2023-10-20 23:04:37,311] Trial 369 finished with value: 0.4036431769288133 and parameters: {'w0': 0.322, 'w1': 0.761, 'w2': 0.335, 'w3': 0.42, 'w4': 0.049, 'w5': 0.605, 'w6': 0.8300000000000001, 'w7': 0.46, 'w8': 0.881, 'max_depth': 9, 'min_child_weight': 6, 'subsample': 0.4, 'colsample_bytree': 0.9000000000000001, 'gamma': 2.0}. Best is trial 335 with value: 0.4099789071960225.
[I 2023-10-20 23:05:08,574] Trial 367 finished with value: 0.40713334211574514 and parameters: {'w0': 0.31, 'w1': 0.759, 'w2': 0.59, 'w3': 0.432, 'w4': 0.784, 'w5': 0.656, 'w6': 0.838, 'w7': 0.418, 'w8': 0.882, 'max_depth': 9, 'min_child_weight': 6, 'subsample': 0.30000000000000004, 'colsample_bytree': 0.9000000000000001, 'gamma': 2.0}. Best is trial 335 with value: 0.4099789071960225.
[I 2023-10-20 23:05:40,718] Trial 370 finished with value: 0.4027761571153664 and parameters: {'w0': 0.34400000000000003, 'w1': 0.76, 'w2': 0.599, 'w3': 0.41200000000000003, 'w4': 0.045, 'w5': 0.599, 'w6': 0.8260000000000001, 'w7': 0.432, 'w8': 0.88, 'max_depth': 9, 'min_child_weight': 6, 'subsample': 0.30000000000000004, 'colsample_bytree': 0.9000000000000001, 'gamma': 2.2}. Best is trial 335 with value: 0.4099789071960225.
[I 2023-10-20 23:06:01,141] Trial 372 finished with value: 0.4042179837180112 and parameters: {'w0': 0.328, 'w1': 0.772, 'w2': 0.59, 'w3': 0.46, 'w4': 0.125, 'w5': 0.595, 'w6': 0.8300000000000001, 'w7': 0.486, 'w8': 0.884, 'max_depth': 9, 'min_child_weight': 6, 'subsample': 0.4, 'colsample_bytree': 0.9000000000000001, 'gamma': 2.2}. Best is trial 335 with value: 0.4099789071960225.
[I 2023-10-20 23:06:09,111] Trial 375 finished with value: 0.3977161448204186 and parameters: {'w0': 0.34600000000000003, 'w1': 0.756, 'w2': 0.377, 'w3': 0.462, 'w4': 0.125, 'w5': 0.598, 'w6': 0.8290000000000001, 'w7': 0.483, 'w8': 0.882, 'max_depth': 5, 'min_child_weight': 6, 'subsample': 0.4, 'colsample_bytree': 0.9000000000000001, 'gamma': 2.2}. Best is trial 335 with value: 0.4099789071960225.
[I 2023-10-20 23:07:31,504] Trial 380 finished with value: 0.3953678356957186 and parameters: {'w0': 0.382, 'w1': 0.719, 'w2': 0.589, 'w3': 0.497, 'w4': 0.082, 'w5': 0.634, 'w6': 0.88, 'w7': 0.487, 'w8': 0.926, 'max_depth': 9, 'min_child_weight': 6, 'subsample': 0.4, 'colsample_bytree': 0.9000000000000001, 'gamma': 4.6000000000000005}. Best is trial 335 with value: 0.4099789071960225.
[I 2023-10-20 23:07:50,230] Trial 378 finished with value: 0.3984588670002605 and parameters: {'w0': 0.374, 'w1': 0.24000000000000002, 'w2': 0.5680000000000001, 'w3': 0.494, 'w4': 0.126, 'w5': 0.654, 'w6': 0.883, 'w7': 0.41100000000000003, 'w8': 0.857, 'max_depth': 5, 'min_child_weight': 6, 'subsample': 0.4, 'colsample_bytree': 0.9000000000000001, 'gamma': 2.0}. Best is trial 335 with value: 0.4099789071960225.
[I 2023-10-20 23:08:41,149] Trial 374 finished with value: 0.4059331629468822 and parameters: {'w0': 0.384, 'w1': 0.757, 'w2': 0.584, 'w3': 0.46, 'w4': 0.08, 'w5': 0.596, 'w6': 0.8270000000000001, 'w7': 0.432, 'w8': 0.88, 'max_depth': 9, 'min_child_weight': 6, 'subsample': 0.4, 'colsample_bytree': 0.9000000000000001, 'gamma': 2.2}. Best is trial 335 with value: 0.4099789071960225.
[I 2023-10-20 23:10:33,673] Trial 376 finished with value: 0.406779015851777 and parameters: {'w0': 0.377, 'w1': 0.755, 'w2': 0.58, 'w3': 0.462, 'w4': 0.084, 'w5': 0.647, 'w6': 0.883, 'w7': 0.41400000000000003, 'w8': 0.882, 'max_depth': 9, 'min_child_weight': 6, 'subsample': 0.4, 'colsample_bytree': 0.9000000000000001, 'gamma': 2.0}. Best is trial 335 with value: 0.4099789071960225.
[I 2023-10-20 23:11:33,610] Trial 377 finished with value: 0.40352889296181893 and parameters: {'w0': 0.384, 'w1': 0.858, 'w2': 0.584, 'w3': 0.461, 'w4': 0.093, 'w5': 0.658, 'w6': 0.883, 'w7': 0.428, 'w8': 0.861, 'max_depth': 9, 'min_child_weight': 6, 'subsample': 0.30000000000000004, 'colsample_bytree': 0.9000000000000001, 'gamma': 2.0}. Best is trial 335 with value: 0.4099789071960225.
[I 2023-10-20 23:12:27,140] Trial 379 finished with value: 0.40838973250560545 and parameters: {'w0': 0.379, 'w1': 0.756, 'w2': 0.596, 'w3': 0.496, 'w4': 0.078, 'w5': 0.654, 'w6': 0.8190000000000001, 'w7': 0.427, 'w8': 0.855, 'max_depth': 9, 'min_child_weight': 6, 'subsample': 0.4, 'colsample_bytree': 0.9000000000000001, 'gamma': 2.0}. Best is trial 335 with value: 0.4099789071960225.
[I 2023-10-20 23:13:49,567] Trial 381 finished with value: 0.4082433679613097 and parameters: {'w0': 0.382, 'w1': 0.861, 'w2': 0.376, 'w3': 0.496, 'w4': 0.084, 'w5': 0.657, 'w6': 0.879, 'w7': 0.419, 'w8': 0.853, 'max_depth': 9, 'min_child_weight': 6, 'subsample': 0.4, 'colsample_bytree': 0.9000000000000001, 'gamma': 2.0}. Best is trial 335 with value: 0.4099789071960225.
[I 2023-10-20 23:15:27,316] Trial 391 finished with value: 0.39435979254175957 and parameters: {'w0': 0.28900000000000003, 'w1': 0.864, 'w2': 0.5650000000000001, 'w3': 0.499, 'w4': 0.75, 'w5': 0.657, 'w6': 0.888, 'w7': 0.377, 'w8': 0.932, 'max_depth': 9, 'min_child_weight': 6, 'subsample': 0.4, 'colsample_bytree': 0.7, 'gamma': 3.8000000000000003}. Best is trial 335 with value: 0.4099789071960225.
[I 2023-10-20 23:16:48,798] Trial 382 finished with value: 0.40820775637214524 and parameters: {'w0': 0.376, 'w1': 0.712, 'w2': 0.5670000000000001, 'w3': 0.499, 'w4': 0.749, 'w5': 0.654, 'w6': 0.879, 'w7': 0.496, 'w8': 0.928, 'max_depth': 9, 'min_child_weight': 6, 'subsample': 0.4, 'colsample_bytree': 0.9000000000000001, 'gamma': 2.0}. Best is trial 335 with value: 0.4099789071960225.
[I 2023-10-20 23:16:56,873] Trial 383 finished with value: 0.4043237342681081 and parameters: {'w0': 0.378, 'w1': 0.862, 'w2': 0.5690000000000001, 'w3': 0.492, 'w4': 0.096, 'w5': 0.651, 'w6': 0.883, 'w7': 0.497, 'w8': 0.862, 'max_depth': 9, 'min_child_weight': 6, 'subsample': 0.4, 'colsample_bytree': 0.8, 'gamma': 2.0}. Best is trial 335 with value: 0.4099789071960225.
[I 2023-10-20 23:17:02,787] Trial 384 finished with value: 0.39810787986316803 and parameters: {'w0': 0.39, 'w1': 0.244, 'w2': 0.5630000000000001, 'w3': 0.501, 'w4': 0.097, 'w5': 0.652, 'w6': 0.889, 'w7': 0.41700000000000004, 'w8': 0.926, 'max_depth': 9, 'min_child_weight': 6, 'subsample': 0.4, 'colsample_bytree': 0.8, 'gamma': 2.0}. Best is trial 335 with value: 0.4099789071960225.
[I 2023-10-20 23:17:49,308] Trial 385 finished with value: 0.40686660704569855 and parameters: {'w0': 0.38, 'w1': 0.712, 'w2': 0.5630000000000001, 'w3': 0.498, 'w4': 0.029, 'w5': 0.661, 'w6': 0.892, 'w7': 0.382, 'w8': 0.928, 'max_depth': 9, 'min_child_weight': 6, 'subsample': 0.4, 'colsample_bytree': 0.9000000000000001, 'gamma': 2.0}. Best is trial 335 with value: 0.4099789071960225.
[I 2023-10-20 23:18:45,611] Trial 386 finished with value: 0.40745140804049507 and parameters: {'w0': 0.381, 'w1': 0.717, 'w2': 0.5660000000000001, 'w3': 0.496, 'w4': 0.785, 'w5': 0.656, 'w6': 0.883, 'w7': 0.425, 'w8': 0.86, 'max_depth': 9, 'min_child_weight': 6, 'subsample': 0.4, 'colsample_bytree': 0.8, 'gamma': 2.0}. Best is trial 335 with value: 0.4099789071960225.
[I 2023-10-20 23:18:55,039] Trial 387 finished with value: 0.40386416067247916 and parameters: {'w0': 0.28300000000000003, 'w1': 0.795, 'w2': 0.5700000000000001, 'w3': 0.496, 'w4': 0.757, 'w5': 0.656, 'w6': 0.851, 'w7': 0.389, 'w8': 0.928, 'max_depth': 9, 'min_child_weight': 6, 'subsample': 0.4, 'colsample_bytree': 0.8, 'gamma': 2.0}. Best is trial 335 with value: 0.4099789071960225.
[I 2023-10-20 23:18:55,345] Trial 388 finished with value: 0.4106823170341275 and parameters: {'w0': 0.38, 'w1': 0.862, 'w2': 0.5630000000000001, 'w3': 0.497, 'w4': 0.027000000000000003, 'w5': 0.655, 'w6': 0.879, 'w7': 0.395, 'w8': 0.922, 'max_depth': 9, 'min_child_weight': 6, 'subsample': 0.4, 'colsample_bytree': 0.7, 'gamma': 2.0}. Best is trial 388 with value: 0.4106823170341275.
[I 2023-10-20 23:19:33,429] Trial 395 finished with value: 0.3928758219967524 and parameters: {'w0': 0.28300000000000003, 'w1': 0.724, 'w2': 0.5640000000000001, 'w3': 0.375, 'w4': 0.773, 'w5': 0.659, 'w6': 0.856, 'w7': 0.389, 'w8': 0.835, 'max_depth': 9, 'min_child_weight': 6, 'subsample': 0.4, 'colsample_bytree': 0.8, 'gamma': 3.8000000000000003}. Best is trial 388 with value: 0.4106823170341275.
[I 2023-10-20 23:19:55,299] Trial 390 finished with value: 0.40132237497858464 and parameters: {'w0': 0.383, 'w1': 0.792, 'w2': 0.5700000000000001, 'w3': 0.499, 'w4': 0.764, 'w5': 0.656, 'w6': 0.489, 'w7': 0.425, 'w8': 0.863, 'max_depth': 9, 'min_child_weight': 6, 'subsample': 0.4, 'colsample_bytree': 0.8, 'gamma': 2.0}. Best is trial 388 with value: 0.4106823170341275.
[I 2023-10-20 23:20:00,447] Trial 389 finished with value: 0.3997300958968082 and parameters: {'w0': 0.385, 'w1': 0.788, 'w2': 0.5700000000000001, 'w3': 0.499, 'w4': 0.765, 'w5': 0.663, 'w6': 0.888, 'w7': 0.386, 'w8': 0.932, 'max_depth': 9, 'min_child_weight': 6, 'subsample': 0.2, 'colsample_bytree': 0.8, 'gamma': 2.0}. Best is trial 388 with value: 0.4106823170341275.
[I 2023-10-20 23:21:43,088] Trial 392 finished with value: 0.40510606424427786 and parameters: {'w0': 0.28200000000000003, 'w1': 0.859, 'w2': 0.5680000000000001, 'w3': 0.498, 'w4': 0.777, 'w5': 0.658, 'w6': 0.884, 'w7': 0.421, 'w8': 0.849, 'max_depth': 9, 'min_child_weight': 6, 'subsample': 0.4, 'colsample_bytree': 0.8, 'gamma': 2.0}. Best is trial 388 with value: 0.4106823170341275.
[I 2023-10-20 23:21:58,466] Trial 393 finished with value: 0.3968039260886089 and parameters: {'w0': 0.29, 'w1': 0.786, 'w2': 0.5690000000000001, 'w3': 0.495, 'w4': 0.733, 'w5': 0.655, 'w6': 0.489, 'w7': 0.378, 'w8': 0.851, 'max_depth': 9, 'min_child_weight': 6, 'subsample': 0.2, 'colsample_bytree': 0.8, 'gamma': 2.0}. Best is trial 388 with value: 0.4106823170341275.
[I 2023-10-20 23:23:20,539] Trial 394 finished with value: 0.39678195986531245 and parameters: {'w0': 0.272, 'w1': 0.72, 'w2': 0.5700000000000001, 'w3': 0.372, 'w4': 0.031, 'w5': 0.653, 'w6': 0.811, 'w7': 0.381, 'w8': 0.847, 'max_depth': 9, 'min_child_weight': 6, 'subsample': 0.2, 'colsample_bytree': 0.8, 'gamma': 2.0}. Best is trial 388 with value: 0.4106823170341275.
[I 2023-10-20 23:24:43,436] Trial 396 finished with value: 0.36773468139074006 and parameters: {'w0': 0.28800000000000003, 'w1': 0.708, 'w2': 0.5640000000000001, 'w3': 0.501, 'w4': 0.8, 'w5': 0.645, 'w6': 0.016, 'w7': 0.387, 'w8': 0.8230000000000001, 'max_depth': 9, 'min_child_weight': 6, 'subsample': 0.4, 'colsample_bytree': 0.8, 'gamma': 2.0}. Best is trial 388 with value: 0.4106823170341275.
[I 2023-10-20 23:26:41,484] Trial 397 finished with value: 0.40415908614092527 and parameters: {'w0': 0.28800000000000003, 'w1': 0.709, 'w2': 0.5640000000000001, 'w3': 0.362, 'w4': 0.08, 'w5': 0.667, 'w6': 0.847, 'w7': 0.381, 'w8': 0.811, 'max_depth': 9, 'min_child_weight': 6, 'subsample': 0.4, 'colsample_bytree': 0.8, 'gamma': 2.0}. Best is trial 388 with value: 0.4106823170341275.
[I 2023-10-20 23:28:47,081] Trial 402 finished with value: 0.36821023888539894 and parameters: {'w0': 0.277, 'w1': 0.716, 'w2': 0.605, 'w3': 0.399, 'w4': 0.806, 'w5': 0.664, 'w6': 0.069, 'w7': 0.369, 'w8': 0.844, 'max_depth': 9, 'min_child_weight': 6, 'subsample': 0.4, 'colsample_bytree': 0.9000000000000001, 'gamma': 2.4000000000000004}. Best is trial 388 with value: 0.4106823170341275.
[I 2023-10-20 23:29:13,252] Trial 398 finished with value: 0.4073278050516995 and parameters: {'w0': 0.387, 'w1': 0.6940000000000001, 'w2': 0.608, 'w3': 0.398, 'w4': 0.797, 'w5': 0.659, 'w6': 0.8140000000000001, 'w7': 0.392, 'w8': 0.846, 'max_depth': 9, 'min_child_weight': 6, 'subsample': 0.4, 'colsample_bytree': 0.8, 'gamma': 2.0}. Best is trial 388 with value: 0.4106823170341275.
[I 2023-10-20 23:29:43,626] Trial 399 finished with value: 0.3962866314615393 and parameters: {'w0': 0.291, 'w1': 0.715, 'w2': 0.612, 'w3': 0.369, 'w4': 0.075, 'w5': 0.659, 'w6': 0.808, 'w7': 0.355, 'w8': 0.849, 'max_depth': 9, 'min_child_weight': 6, 'subsample': 0.2, 'colsample_bytree': 0.8, 'gamma': 2.0}. Best is trial 388 with value: 0.4106823170341275.
[I 2023-10-20 23:30:54,561] Trial 401 finished with value: 0.39479676332485913 and parameters: {'w0': 0.458, 'w1': 0.7010000000000001, 'w2': 0.553, 'w3': 0.401, 'w4': 0.078, 'w5': 0.662, 'w6': 0.807, 'w7': 0.38, 'w8': 0.839, 'max_depth': 9, 'min_child_weight': 6, 'subsample': 0.2, 'colsample_bytree': 0.9000000000000001, 'gamma': 2.0}. Best is trial 388 with value: 0.4106823170341275.
[I 2023-10-20 23:31:13,267] Trial 400 finished with value: 0.40550751158020865 and parameters: {'w0': 0.393, 'w1': 0.707, 'w2': 0.555, 'w3': 0.39, 'w4': 0.808, 'w5': 0.663, 'w6': 0.804, 'w7': 0.402, 'w8': 0.841, 'max_depth': 9, 'min_child_weight': 6, 'subsample': 0.4, 'colsample_bytree': 0.9000000000000001, 'gamma': 2.0}. Best is trial 388 with value: 0.4106823170341275.
[I 2023-10-20 23:31:18,814] Trial 406 finished with value: 0.40293884295743015 and parameters: {'w0': 0.395, 'w1': 0.722, 'w2': 0.601, 'w3': 0.47000000000000003, 'w4': 0.735, 'w5': 0.667, 'w6': 0.8150000000000001, 'w7': 0.353, 'w8': 0.844, 'max_depth': 9, 'min_child_weight': 6, 'subsample': 0.4, 'colsample_bytree': 0.7, 'gamma': 2.4000000000000004}. Best is trial 388 with value: 0.4106823170341275.
[I 2023-10-20 23:31:31,375] Trial 404 finished with value: 0.40213751486834215 and parameters: {'w0': 0.45, 'w1': 0.6900000000000001, 'w2': 0.605, 'w3': 0.393, 'w4': 0.722, 'w5': 0.664, 'w6': 0.853, 'w7': 0.391, 'w8': 0.841, 'max_depth': 9, 'min_child_weight': 6, 'subsample': 0.4, 'colsample_bytree': 0.8, 'gamma': 2.4000000000000004}. Best is trial 388 with value: 0.4106823170341275.
[I 2023-10-20 23:31:55,630] Trial 408 finished with value: 0.402788125121901 and parameters: {'w0': 0.462, 'w1': 0.71, 'w2': 0.607, 'w3': 0.468, 'w4': 0.725, 'w5': 0.669, 'w6': 0.803, 'w7': 0.359, 'w8': 0.847, 'max_depth': 9, 'min_child_weight': 6, 'subsample': 0.4, 'colsample_bytree': 0.7, 'gamma': 2.4000000000000004}. Best is trial 388 with value: 0.4106823170341275.
[I 2023-10-20 23:32:16,067] Trial 407 finished with value: 0.39386055940056947 and parameters: {'w0': 0.396, 'w1': 0.6930000000000001, 'w2': 0.613, 'w3': 0.4, 'w4': 0.805, 'w5': 0.667, 'w6': 0.8140000000000001, 'w7': 0.368, 'w8': 0.796, 'max_depth': 9, 'min_child_weight': 6, 'subsample': 0.2, 'colsample_bytree': 0.7, 'gamma': 2.4000000000000004}. Best is trial 388 with value: 0.4106823170341275.
[I 2023-10-20 23:32:16,797] Trial 405 finished with value: 0.40557937291778057 and parameters: {'w0': 0.458, 'w1': 0.7000000000000001, 'w2': 0.609, 'w3': 0.47100000000000003, 'w4': 0.804, 'w5': 0.008, 'w6': 0.811, 'w7': 0.358, 'w8': 0.84, 'max_depth': 9, 'min_child_weight': 6, 'subsample': 0.4, 'colsample_bytree': 0.8, 'gamma': 2.0}. Best is trial 388 with value: 0.4106823170341275.
[I 2023-10-20 23:32:29,849] Trial 409 finished with value: 0.3874702250905858 and parameters: {'w0': 0.449, 'w1': 0.684, 'w2': 0.606, 'w3': 0.40700000000000003, 'w4': 0.799, 'w5': 0.5640000000000001, 'w6': 0.28300000000000003, 'w7': 0.33, 'w8': 0.8210000000000001, 'max_depth': 9, 'min_child_weight': 6, 'subsample': 0.4, 'colsample_bytree': 0.7, 'gamma': 2.4000000000000004}. Best is trial 388 with value: 0.4106823170341275.
[I 2023-10-20 23:32:31,716] Trial 403 finished with value: 0.3957104346956125 and parameters: {'w0': 0.459, 'w1': 0.705, 'w2': 0.605, 'w3': 0.387, 'w4': 0.757, 'w5': 0.663, 'w6': 0.845, 'w7': 0.361, 'w8': 0.811, 'max_depth': 9, 'min_child_weight': 6, 'subsample': 0.2, 'colsample_bytree': 0.8, 'gamma': 2.0}. Best is trial 388 with value: 0.4106823170341275.
[I 2023-10-20 23:33:48,392] Trial 410 finished with value: 0.4027476050180895 and parameters: {'w0': 0.455, 'w1': 0.708, 'w2': 0.601, 'w3': 0.4, 'w4': 0.811, 'w5': 0.562, 'w6': 0.811, 'w7': 0.355, 'w8': 0.8330000000000001, 'max_depth': 9, 'min_child_weight': 6, 'subsample': 0.4, 'colsample_bytree': 0.7, 'gamma': 2.4000000000000004}. Best is trial 388 with value: 0.4106823170341275.
[I 2023-10-20 23:33:55,552] Trial 414 finished with value: 0.36576652905813645 and parameters: {'w0': 0.404, 'w1': 0.685, 'w2': 0.611, 'w3': 0.47000000000000003, 'w4': 0.025, 'w5': 0.578, 'w6': 0.803, 'w7': 0.396, 'w8': 0.85, 'max_depth': 9, 'min_child_weight': 8, 'subsample': 0.4, 'colsample_bytree': 0.7, 'gamma': 7.6000000000000005}. Best is trial 388 with value: 0.4106823170341275.
[I 2023-10-20 23:34:17,026] Trial 411 finished with value: 0.40005682768311795 and parameters: {'w0': 0.444, 'w1': 0.7010000000000001, 'w2': 0.609, 'w3': 0.401, 'w4': 0.04, 'w5': 0.5750000000000001, 'w6': 0.81, 'w7': 0.356, 'w8': 0.8230000000000001, 'max_depth': 9, 'min_child_weight': 8, 'subsample': 0.4, 'colsample_bytree': 0.7, 'gamma': 2.4000000000000004}. Best is trial 388 with value: 0.4106823170341275.
[I 2023-10-20 23:36:20,059] Trial 412 finished with value: 0.4019302450573523 and parameters: {'w0': 0.448, 'w1': 0.7000000000000001, 'w2': 0.538, 'w3': 0.405, 'w4': 0.8240000000000001, 'w5': 0.5690000000000001, 'w6': 0.807, 'w7': 0.34600000000000003, 'w8': 0.847, 'max_depth': 9, 'min_child_weight': 6, 'subsample': 0.4, 'colsample_bytree': 0.7, 'gamma': 2.4000000000000004}. Best is trial 388 with value: 0.4106823170341275.
[I 2023-10-20 23:37:36,767] Trial 423 finished with value: 0.363670409777887 and parameters: {'w0': 0.40900000000000003, 'w1': 0.73, 'w2': 0.53, 'w3': 0.447, 'w4': 0.031, 'w5': 0.6940000000000001, 'w6': 0.85, 'w7': 0.333, 'w8': 0.759, 'max_depth': 10, 'min_child_weight': 8, 'subsample': 0.4, 'colsample_bytree': 0.9000000000000001, 'gamma': 7.800000000000001}. Best is trial 388 with value: 0.4106823170341275.
[I 2023-10-20 23:38:53,200] Trial 413 finished with value: 0.3999573221878787 and parameters: {'w0': 0.456, 'w1': 0.684, 'w2': 0.609, 'w3': 0.398, 'w4': 0.025, 'w5': 0.5660000000000001, 'w6': 0.804, 'w7': 0.403, 'w8': 0.8, 'max_depth': 9, 'min_child_weight': 8, 'subsample': 0.4, 'colsample_bytree': 0.9000000000000001, 'gamma': 2.4000000000000004}. Best is trial 388 with value: 0.4106823170341275.
[I 2023-10-20 23:41:10,044] Trial 415 finished with value: 0.40297270513951994 and parameters: {'w0': 0.399, 'w1': 0.686, 'w2': 0.547, 'w3': 0.464, 'w4': 0.794, 'w5': 0.682, 'w6': 0.8, 'w7': 0.343, 'w8': 0.8140000000000001, 'max_depth': 9, 'min_child_weight': 8, 'subsample': 0.4, 'colsample_bytree': 0.7, 'gamma': 2.2}. Best is trial 388 with value: 0.4106823170341275.
[I 2023-10-20 23:42:06,289] Trial 416 finished with value: 0.40121212552095303 and parameters: {'w0': 0.457, 'w1': 0.6910000000000001, 'w2': 0.608, 'w3': 0.395, 'w4': 0.809, 'w5': 0.6970000000000001, 'w6': 0.805, 'w7': 0.335, 'w8': 0.805, 'max_depth': 9, 'min_child_weight': 8, 'subsample': 0.4, 'colsample_bytree': 0.9000000000000001, 'gamma': 2.4000000000000004}. Best is trial 388 with value: 0.4106823170341275.
[I 2023-10-20 23:42:27,258] Trial 417 finished with value: 0.4020295313308435 and parameters: {'w0': 0.402, 'w1': 0.6970000000000001, 'w2': 0.609, 'w3': 0.403, 'w4': 0.8230000000000001, 'w5': 0.6920000000000001, 'w6': 0.85, 'w7': 0.335, 'w8': 0.799, 'max_depth': 9, 'min_child_weight': 8, 'subsample': 0.4, 'colsample_bytree': 0.7, 'gamma': 2.4000000000000004}. Best is trial 388 with value: 0.4106823170341275.
[I 2023-10-20 23:43:18,275] Trial 420 finished with value: 0.40105798248138197 and parameters: {'w0': 0.438, 'w1': 0.686, 'w2': 0.54, 'w3': 0.34, 'w4': 0.792, 'w5': 0.626, 'w6': 0.849, 'w7': 0.41300000000000003, 'w8': 0.8140000000000001, 'max_depth': 9, 'min_child_weight': 8, 'subsample': 0.4, 'colsample_bytree': 0.7, 'gamma': 2.4000000000000004}. Best is trial 388 with value: 0.4106823170341275.
