[I 2023-10-18 08:20:39,433] Trial 54 finished with value: 0.4504180723806518 and parameters: {'w0': 0.772, 'w1': 0.24000000000000002, 'w2': 0.28700000000000003, 'w3': 0.47900000000000004, 'w4': 0.842, 'w5': 0.846, 'w6': 0.427, 'w7': 0.08800000000000001, 'w8': 0.315, 'max_depth': 8, 'min_child_weight': 4, 'subsample': 0.9000000000000001, 'colsample_bytree': 0.4, 'gamma': 2.0}. Best is trial 33 with value: 0.5177007538895015.
[I 2023-10-18 08:22:57,408] Trial 56 finished with value: 0.4841999871523927 and parameters: {'w0': 0.739, 'w1': 0.278, 'w2': 0.27, 'w3': 0.47900000000000004, 'w4': 0.863, 'w5': 0.85, 'w6': 0.802, 'w7': 0.356, 'w8': 0.662, 'max_depth': 8, 'min_child_weight': 4, 'subsample': 0.8, 'colsample_bytree': 0.4, 'gamma': 2.0}. Best is trial 33 with value: 0.5177007538895015.
[I 2023-10-18 08:23:31,734] Trial 55 finished with value: 0.47357106790593645 and parameters: {'w0': 0.74, 'w1': 0.294, 'w2': 0.29, 'w3': 0.495, 'w4': 0.846, 'w5': 0.849, 'w6': 0.734, 'w7': 0.093, 'w8': 0.315, 'max_depth': 8, 'min_child_weight': 4, 'subsample': 0.5, 'colsample_bytree': 0.5, 'gamma': 2.2}. Best is trial 33 with value: 0.5177007538895015.
[I 2023-10-18 08:26:24,725] Trial 59 finished with value: 0.48299348853884705 and parameters: {'w0': 0.749, 'w1': 0.647, 'w2': 0.47700000000000004, 'w3': 0.529, 'w4': 0.8300000000000001, 'w5': 0.847, 'w6': 0.737, 'w7': 0.082, 'w8': 0.314, 'max_depth': 8, 'min_child_weight': 2, 'subsample': 0.5, 'colsample_bytree': 0.6000000000000001, 'gamma': 2.2}. Best is trial 33 with value: 0.5177007538895015.
[I 2023-10-18 08:29:56,747] Trial 57 finished with value: 0.46714672203947494 and parameters: {'w0': 0.723, 'w1': 0.267, 'w2': 0.28400000000000003, 'w3': 0.485, 'w4': 0.836, 'w5': 0.643, 'w6': 0.8130000000000001, 'w7': 0.08800000000000001, 'w8': 0.291, 'max_depth': 8, 'min_child_weight': 20, 'subsample': 0.5, 'colsample_bytree': 0.4, 'gamma': 0.0}. Best is trial 33 with value: 0.5177007538895015.
[I 2023-10-18 08:30:43,468] Trial 58 finished with value: 0.4774121310882508 and parameters: {'w0': 0.749, 'w1': 0.28400000000000003, 'w2': 0.253, 'w3': 0.493, 'w4': 0.848, 'w5': 0.869, 'w6': 0.75, 'w7': 0.356, 'w8': 0.292, 'max_depth': 8, 'min_child_weight': 20, 'subsample': 0.5, 'colsample_bytree': 0.4, 'gamma': 0.0}. Best is trial 33 with value: 0.5177007538895015.
[I 2023-10-18 08:31:57,471] Trial 50 finished with value: 0.5077763068993237 and parameters: {'w0': 0.765, 'w1': 0.767, 'w2': 0.297, 'w3': 0.65, 'w4': 0.996, 'w5': 0.67, 'w6': 0.789, 'w7': 0.355, 'w8': 0.6990000000000001, 'max_depth': 9, 'min_child_weight': 4, 'subsample': 0.9000000000000001, 'colsample_bytree': 0.5, 'gamma': 0.0}. Best is trial 33 with value: 0.5177007538895015.
[I 2023-10-18 08:33:12,051] Trial 52 finished with value: 0.5098461938680203 and parameters: {'w0': 0.717, 'w1': 0.757, 'w2': 0.28300000000000003, 'w3': 0.683, 'w4': 0.768, 'w5': 0.844, 'w6': 0.805, 'w7': 0.117, 'w8': 0.677, 'max_depth': 9, 'min_child_weight': 4, 'subsample': 0.8, 'colsample_bytree': 0.5, 'gamma': 0.0}. Best is trial 33 with value: 0.5177007538895015.
[I 2023-10-18 08:40:06,157] Trial 60 finished with value: 0.49795358980912113 and parameters: {'w0': 0.722, 'w1': 0.723, 'w2': 0.485, 'w3': 0.504, 'w4': 0.839, 'w5': 0.8270000000000001, 'w6': 0.562, 'w7': 0.375, 'w8': 0.329, 'max_depth': 8, 'min_child_weight': 2, 'subsample': 0.5, 'colsample_bytree': 0.8, 'gamma': 0.0}. Best is trial 33 with value: 0.5177007538895015.
[I 2023-10-18 08:40:11,146] Trial 61 finished with value: 0.49425214433547304 and parameters: {'w0': 0.706, 'w1': 0.65, 'w2': 0.46900000000000003, 'w3': 0.525, 'w4': 0.5760000000000001, 'w5': 0.854, 'w6': 0.581, 'w7': 0.093, 'w8': 0.639, 'max_depth': 8, 'min_child_weight': 2, 'subsample': 0.5, 'colsample_bytree': 0.8, 'gamma': 0.0}. Best is trial 33 with value: 0.5177007538895015.
[I 2023-10-18 08:40:29,316] Trial 63 finished with value: 0.4960085648486873 and parameters: {'w0': 0.841, 'w1': 0.65, 'w2': 0.468, 'w3': 0.516, 'w4': 0.5700000000000001, 'w5': 0.865, 'w6': 0.382, 'w7': 0.08700000000000001, 'w8': 0.514, 'max_depth': 8, 'min_child_weight': 2, 'subsample': 0.8, 'colsample_bytree': 0.8, 'gamma': 0.2}. Best is trial 33 with value: 0.5177007538895015.
[I 2023-10-18 08:41:27,792] Trial 62 finished with value: 0.49829821307029576 and parameters: {'w0': 0.8260000000000001, 'w1': 0.641, 'w2': 0.459, 'w3': 0.52, 'w4': 0.581, 'w5': 0.647, 'w6': 0.519, 'w7': 0.40800000000000003, 'w8': 0.31, 'max_depth': 8, 'min_child_weight': 2, 'subsample': 0.8, 'colsample_bytree': 0.8, 'gamma': 0.0}. Best is trial 33 with value: 0.5177007538895015.
[I 2023-10-18 08:43:30,429] Trial 65 finished with value: 0.5014771777704261 and parameters: {'w0': 0.796, 'w1': 0.619, 'w2': 0.491, 'w3': 0.527, 'w4': 0.838, 'w5': 0.855, 'w6': 0.5680000000000001, 'w7': 0.381, 'w8': 0.534, 'max_depth': 8, 'min_child_weight': 2, 'subsample': 0.5, 'colsample_bytree': 0.8, 'gamma': 0.2}. Best is trial 33 with value: 0.5177007538895015.
[I 2023-10-18 08:43:39,216] Trial 64 finished with value: 0.5002955610973905 and parameters: {'w0': 0.8170000000000001, 'w1': 0.619, 'w2': 0.47500000000000003, 'w3': 0.528, 'w4': 0.844, 'w5': 0.852, 'w6': 0.58, 'w7': 0.513, 'w8': 0.536, 'max_depth': 8, 'min_child_weight': 2, 'subsample': 0.5, 'colsample_bytree': 0.8, 'gamma': 0.0}. Best is trial 33 with value: 0.5177007538895015.
[I 2023-10-18 08:44:03,631] Trial 66 finished with value: 0.49917273867323086 and parameters: {'w0': 0.796, 'w1': 0.646, 'w2': 0.483, 'w3': 0.533, 'w4': 0.835, 'w5': 0.875, 'w6': 0.561, 'w7': 0.234, 'w8': 0.504, 'max_depth': 8, 'min_child_weight': 2, 'subsample': 0.5, 'colsample_bytree': 0.8, 'gamma': 0.0}. Best is trial 33 with value: 0.5177007538895015.
[I 2023-10-18 08:44:05,980] Trial 67 finished with value: 0.4997371575111848 and parameters: {'w0': 0.8300000000000001, 'w1': 0.651, 'w2': 0.466, 'w3': 0.5650000000000001, 'w4': 0.846, 'w5': 0.87, 'w6': 0.559, 'w7': 0.40700000000000003, 'w8': 0.526, 'max_depth': 8, 'min_child_weight': 2, 'subsample': 0.6000000000000001, 'colsample_bytree': 0.8, 'gamma': 0.2}. Best is trial 33 with value: 0.5177007538895015.
[I 2023-10-18 08:44:25,556] Trial 68 finished with value: 0.5052519060277817 and parameters: {'w0': 0.837, 'w1': 0.662, 'w2': 0.451, 'w3': 0.531, 'w4': 0.665, 'w5': 0.621, 'w6': 0.712, 'w7': 0.215, 'w8': 0.518, 'max_depth': 8, 'min_child_weight': 2, 'subsample': 0.6000000000000001, 'colsample_bytree': 0.8, 'gamma': 0.4}. Best is trial 33 with value: 0.5177007538895015.
[I 2023-10-18 08:50:48,684] Trial 71 finished with value: 0.5015561290493263 and parameters: {'w0': 0.8300000000000001, 'w1': 0.557, 'w2': 0.456, 'w3': 0.5640000000000001, 'w4': 0.664, 'w5': 0.628, 'w6': 0.547, 'w7': 0.41300000000000003, 'w8': 0.538, 'max_depth': 10, 'min_child_weight': 8, 'subsample': 0.6000000000000001, 'colsample_bytree': 0.8, 'gamma': 0.4}. Best is trial 33 with value: 0.5177007538895015.
[I 2023-10-18 08:52:03,846] Trial 75 finished with value: 0.47904128995766143 and parameters: {'w0': 0.8290000000000001, 'w1': 0.5710000000000001, 'w2': 0.09, 'w3': 0.5710000000000001, 'w4': 0.671, 'w5': 0.5660000000000001, 'w6': 0.59, 'w7': 0.402, 'w8': 0.875, 'max_depth': 10, 'min_child_weight': 2, 'subsample': 0.8, 'colsample_bytree': 0.8, 'gamma': 0.6000000000000001}. Best is trial 33 with value: 0.5177007538895015.
[I 2023-10-18 08:54:04,253] Trial 69 finished with value: 0.503376383810765 and parameters: {'w0': 0.846, 'w1': 0.67, 'w2': 0.47700000000000004, 'w3': 0.556, 'w4': 0.662, 'w5': 0.617, 'w6': 0.687, 'w7': 0.403, 'w8': 0.516, 'max_depth': 10, 'min_child_weight': 2, 'subsample': 0.5, 'colsample_bytree': 0.8, 'gamma': 0.0}. Best is trial 33 with value: 0.5177007538895015.
[I 2023-10-18 08:54:05,445] Trial 70 finished with value: 0.5026877913549823 and parameters: {'w0': 0.8200000000000001, 'w1': 0.638, 'w2': 0.468, 'w3': 0.543, 'w4': 0.65, 'w5': 0.616, 'w6': 0.587, 'w7': 0.225, 'w8': 0.516, 'max_depth': 10, 'min_child_weight': 2, 'subsample': 0.6000000000000001, 'colsample_bytree': 0.8, 'gamma': 0.0}. Best is trial 33 with value: 0.5177007538895015.
[I 2023-10-18 08:55:20,302] Trial 73 finished with value: 0.5101923074713538 and parameters: {'w0': 0.8130000000000001, 'w1': 0.721, 'w2': 0.453, 'w3': 0.556, 'w4': 0.628, 'w5': 0.5660000000000001, 'w6': 0.578, 'w7': 0.226, 'w8': 0.523, 'max_depth': 10, 'min_child_weight': 2, 'subsample': 0.6000000000000001, 'colsample_bytree': 0.8, 'gamma': 0.6000000000000001}. Best is trial 33 with value: 0.5177007538895015.
[I 2023-10-18 08:56:33,227] Trial 74 finished with value: 0.5073863061300732 and parameters: {'w0': 0.8320000000000001, 'w1': 0.711, 'w2': 0.461, 'w3': 0.551, 'w4': 0.631, 'w5': 0.55, 'w6': 0.58, 'w7': 0.213, 'w8': 0.75, 'max_depth': 10, 'min_child_weight': 2, 'subsample': 0.6000000000000001, 'colsample_bytree': 0.8, 'gamma': 0.6000000000000001}. Best is trial 33 with value: 0.5177007538895015.
[I 2023-10-18 08:58:22,500] Trial 78 finished with value: 0.49987189850335906 and parameters: {'w0': 0.835, 'w1': 0.578, 'w2': 0.59, 'w3': 0.56, 'w4': 0.673, 'w5': 0.604, 'w6': 0.398, 'w7': 0.405, 'w8': 0.756, 'max_depth': 7, 'min_child_weight': 2, 'subsample': 0.8, 'colsample_bytree': 0.8, 'gamma': 0.6000000000000001}. Best is trial 33 with value: 0.5177007538895015.
[I 2023-10-18 09:00:19,389] Trial 72 finished with value: 0.5009345269729156 and parameters: {'w0': 0.868, 'w1': 0.554, 'w2': 0.459, 'w3': 0.716, 'w4': 0.667, 'w5': 0.5630000000000001, 'w6': 0.672, 'w7': 0.20800000000000002, 'w8': 0.772, 'max_depth': 10, 'min_child_weight': 2, 'subsample': 0.6000000000000001, 'colsample_bytree': 0.8, 'gamma': 0.0}. Best is trial 33 with value: 0.5177007538895015.
[I 2023-10-18 09:00:21,609] Trial 77 finished with value: 0.5080110621754752 and parameters: {'w0': 0.834, 'w1': 0.718, 'w2': 0.486, 'w3': 0.557, 'w4': 0.669, 'w5': 0.603, 'w6': 0.529, 'w7': 0.393, 'w8': 0.741, 'max_depth': 7, 'min_child_weight': 2, 'subsample': 0.6000000000000001, 'colsample_bytree': 0.8, 'gamma': 0.6000000000000001}. Best is trial 33 with value: 0.5177007538895015.
[I 2023-10-18 09:00:29,994] Trial 79 finished with value: 0.5132210715410916 and parameters: {'w0': 0.8210000000000001, 'w1': 0.723, 'w2': 0.606, 'w3': 0.56, 'w4': 0.67, 'w5': 0.602, 'w6': 0.6930000000000001, 'w7': 0.467, 'w8': 0.769, 'max_depth': 7, 'min_child_weight': 8, 'subsample': 0.8, 'colsample_bytree': 0.8, 'gamma': 0.4}. Best is trial 33 with value: 0.5177007538895015.
[I 2023-10-18 09:00:34,269] Trial 76 finished with value: 0.506389757810434 and parameters: {'w0': 0.835, 'w1': 0.723, 'w2': 0.5630000000000001, 'w3': 0.5690000000000001, 'w4': 0.621, 'w5': 0.5690000000000001, 'w6': 0.579, 'w7': 0.219, 'w8': 0.757, 'max_depth': 10, 'min_child_weight': 2, 'subsample': 0.8, 'colsample_bytree': 0.8, 'gamma': 0.6000000000000001}. Best is trial 33 with value: 0.5177007538895015.
[I 2023-10-18 09:02:28,763] Trial 80 finished with value: 0.5055929214862743 and parameters: {'w0': 1.0, 'w1': 0.534, 'w2': 0.62, 'w3': 0.5630000000000001, 'w4': 0.636, 'w5': 0.803, 'w6': 0.5730000000000001, 'w7': 0.405, 'w8': 0.762, 'max_depth': 7, 'min_child_weight': 8, 'subsample': 0.6000000000000001, 'colsample_bytree': 0.8, 'gamma': 0.6000000000000001}. Best is trial 33 with value: 0.5177007538895015.
[I 2023-10-18 09:03:09,110] Trial 81 finished with value: 0.5017739852074933 and parameters: {'w0': 0.8240000000000001, 'w1': 0.561, 'w2': 0.5750000000000001, 'w3': 0.5720000000000001, 'w4': 0.667, 'w5': 0.5740000000000001, 'w6': 0.521, 'w7': 0.496, 'w8': 0.894, 'max_depth': 7, 'min_child_weight': 8, 'subsample': 0.6000000000000001, 'colsample_bytree': 0.9000000000000001, 'gamma': 0.6000000000000001}. Best is trial 33 with value: 0.5177007538895015.
[I 2023-10-18 09:03:38,128] Trial 82 finished with value: 0.5063993089880237 and parameters: {'w0': 0.882, 'w1': 0.541, 'w2': 0.541, 'w3': 0.5670000000000001, 'w4': 0.672, 'w5': 0.9380000000000001, 'w6': 0.633, 'w7': 0.458, 'w8': 0.756, 'max_depth': 7, 'min_child_weight': 8, 'subsample': 0.6000000000000001, 'colsample_bytree': 0.9000000000000001, 'gamma': 0.6000000000000001}. Best is trial 33 with value: 0.5177007538895015.
[I 2023-10-18 09:03:47,442] Trial 83 finished with value: 0.5069672714855546 and parameters: {'w0': 0.999, 'w1': 0.5770000000000001, 'w2': 0.5730000000000001, 'w3': 0.5680000000000001, 'w4': 0.676, 'w5': 0.923, 'w6': 0.682, 'w7': 0.487, 'w8': 0.901, 'max_depth': 7, 'min_child_weight': 8, 'subsample': 0.6000000000000001, 'colsample_bytree': 0.9000000000000001, 'gamma': 0.4}. Best is trial 33 with value: 0.5177007538895015.
[I 2023-10-18 09:03:51,590] Trial 84 finished with value: 0.5020057110817179 and parameters: {'w0': 0.897, 'w1': 0.5740000000000001, 'w2': 0.557, 'w3': 0.7040000000000001, 'w4': 0.685, 'w5': 0.557, 'w6': 0.605, 'w7': 0.499, 'w8': 0.775, 'max_depth': 7, 'min_child_weight': 8, 'subsample': 0.6000000000000001, 'colsample_bytree': 0.9000000000000001, 'gamma': 0.6000000000000001}. Best is trial 33 with value: 0.5177007538895015.
[I 2023-10-18 09:07:06,767] Trial 94 finished with value: 0.45426448829347593 and parameters: {'w0': 0.998, 'w1': 0.725, 'w2': 0.541, 'w3': 0.427, 'w4': 0.618, 'w5': 0.47700000000000004, 'w6': 0.643, 'w7': 0.501, 'w8': 0.741, 'max_depth': 7, 'min_child_weight': 6, 'subsample': 0.6000000000000001, 'colsample_bytree': 0.9000000000000001, 'gamma': 10.0}. Best is trial 33 with value: 0.5177007538895015.
[I 2023-10-18 09:09:46,287] Trial 98 finished with value: 0.4474297761559281 and parameters: {'w0': 0.895, 'w1': 0.721, 'w2': 0.531, 'w3': 0.391, 'w4': 0.6950000000000001, 'w5': 0.485, 'w6': 0.621, 'w7': 0.459, 'w8': 0.733, 'max_depth': 6, 'min_child_weight': 10, 'subsample': 0.8, 'colsample_bytree': 0.6000000000000001, 'gamma': 10.0}. Best is trial 33 with value: 0.5177007538895015.
[I 2023-10-18 09:11:24,247] Trial 86 finished with value: 0.5004116296305106 and parameters: {'w0': 0.9, 'w1': 0.609, 'w2': 0.55, 'w3': 0.71, 'w4': 0.898, 'w5': 0.61, 'w6': 0.6890000000000001, 'w7': 0.466, 'w8': 0.751, 'max_depth': 7, 'min_child_weight': 8, 'subsample': 0.6000000000000001, 'colsample_bytree': 0.9000000000000001, 'gamma': 0.6000000000000001}. Best is trial 33 with value: 0.5177007538895015.
[I 2023-10-18 09:14:41,867] Trial 101 finished with value: 0.4752146039819292 and parameters: {'w0': 0.914, 'w1': 0.419, 'w2': 0.643, 'w3': 0.455, 'w4': 0.709, 'w5': 0.998, 'w6': 0.617, 'w7': 0.548, 'w8': 0.986, 'max_depth': 6, 'min_child_weight': 10, 'subsample': 0.6000000000000001, 'colsample_bytree': 0.9000000000000001, 'gamma': 6.4}. Best is trial 33 with value: 0.5177007538895015.
[I 2023-10-18 09:15:39,713] Trial 85 finished with value: 0.5044351642223839 and parameters: {'w0': 0.906, 'w1': 0.5700000000000001, 'w2': 0.5710000000000001, 'w3': 0.718, 'w4': 0.674, 'w5': 0.6, 'w6': 0.668, 'w7': 0.47700000000000004, 'w8': 0.738, 'max_depth': 10, 'min_child_weight': 8, 'subsample': 0.6000000000000001, 'colsample_bytree': 0.9000000000000001, 'gamma': 0.6000000000000001}. Best is trial 33 with value: 0.5177007538895015.
[I 2023-10-18 09:17:24,771] Trial 88 finished with value: 0.5034169183915224 and parameters: {'w0': 0.883, 'w1': 0.545, 'w2': 0.558, 'w3': 0.724, 'w4': 0.627, 'w5': 0.602, 'w6': 0.6920000000000001, 'w7': 0.496, 'w8': 0.751, 'max_depth': 10, 'min_child_weight': 8, 'subsample': 0.6000000000000001, 'colsample_bytree': 0.6000000000000001, 'gamma': 0.6000000000000001}. Best is trial 33 with value: 0.5177007538895015.
[I 2023-10-18 09:18:29,280] Trial 93 finished with value: 0.4583374779303971 and parameters: {'w0': 0.904, 'w1': 0.733, 'w2': 0.548, 'w3': 0.403, 'w4': 0.612, 'w5': 0.47100000000000003, 'w6': 0.629, 'w7': 0.003, 'w8': 0.736, 'max_depth': 7, 'min_child_weight': 8, 'subsample': 0.6000000000000001, 'colsample_bytree': 0.9000000000000001, 'gamma': 0.8}. Best is trial 33 with value: 0.5177007538895015.
[I 2023-10-18 09:19:05,116] Trial 99 finished with value: 0.5011153318468867 and parameters: {'w0': 0.907, 'w1': 0.486, 'w2': 0.536, 'w3': 0.7010000000000001, 'w4': 0.7040000000000001, 'w5': 0.452, 'w6': 0.616, 'w7': 0.457, 'w8': 0.8210000000000001, 'max_depth': 6, 'min_child_weight': 10, 'subsample': 0.6000000000000001, 'colsample_bytree': 0.9000000000000001, 'gamma': 1.6}. Best is trial 33 with value: 0.5177007538895015.
[I 2023-10-18 09:19:18,248] Trial 87 finished with value: 0.4950921681986384 and parameters: {'w0': 0.881, 'w1': 0.47800000000000004, 'w2': 0.546, 'w3': 0.717, 'w4': 0.683, 'w5': 0.608, 'w6': 0.687, 'w7': 0.501, 'w8': 0.762, 'max_depth': 10, 'min_child_weight': 8, 'subsample': 0.6000000000000001, 'colsample_bytree': 0.9000000000000001, 'gamma': 0.6000000000000001}. Best is trial 33 with value: 0.5177007538895015.
[I 2023-10-18 09:19:26,152] Trial 95 finished with value: 0.5069084399640862 and parameters: {'w0': 0.913, 'w1': 0.716, 'w2': 0.55, 'w3': 0.41000000000000003, 'w4': 0.616, 'w5': 0.486, 'w6': 0.632, 'w7': 0.54, 'w8': 0.739, 'max_depth': 7, 'min_child_weight': 8, 'subsample': 0.8, 'colsample_bytree': 0.9000000000000001, 'gamma': 0.6000000000000001}. Best is trial 33 with value: 0.5177007538895015.
[I 2023-10-18 09:20:29,582] Trial 100 finished with value: 0.5033120709746408 and parameters: {'w0': 0.669, 'w1': 0.47200000000000003, 'w2': 0.515, 'w3': 0.397, 'w4': 0.609, 'w5': 0.485, 'w6': 0.649, 'w7': 0.46, 'w8': 0.729, 'max_depth': 6, 'min_child_weight': 10, 'subsample': 0.6000000000000001, 'colsample_bytree': 0.9000000000000001, 'gamma': 0.8}. Best is trial 33 with value: 0.5177007538895015.
[I 2023-10-18 09:20:49,500] Trial 89 finished with value: 0.4997315236170419 and parameters: {'w0': 0.892, 'w1': 0.723, 'w2': 0.549, 'w3': 0.725, 'w4': 0.609, 'w5': 0.613, 'w6': 0.672, 'w7': 0.488, 'w8': 0.761, 'max_depth': 10, 'min_child_weight': 8, 'subsample': 0.6000000000000001, 'colsample_bytree': 0.9000000000000001, 'gamma': 0.6000000000000001}. Best is trial 33 with value: 0.5177007538895015.
[I 2023-10-18 09:21:17,020] Trial 97 finished with value: 0.5048952520632357 and parameters: {'w0': 0.915, 'w1': 0.72, 'w2': 0.627, 'w3': 0.389, 'w4': 0.611, 'w5': 0.47300000000000003, 'w6': 0.628, 'w7': 0.454, 'w8': 0.736, 'max_depth': 7, 'min_child_weight': 8, 'subsample': 0.8, 'colsample_bytree': 0.9000000000000001, 'gamma': 0.8}. Best is trial 33 with value: 0.5177007538895015.
[I 2023-10-18 09:21:18,456] Trial 96 finished with value: 0.5063840054414767 and parameters: {'w0': 1.0, 'w1': 0.717, 'w2': 0.542, 'w3': 0.391, 'w4': 0.534, 'w5': 0.517, 'w6': 0.632, 'w7': 0.487, 'w8': 0.877, 'max_depth': 7, 'min_child_weight': 8, 'subsample': 0.8, 'colsample_bytree': 0.9000000000000001, 'gamma': 0.6000000000000001}. Best is trial 33 with value: 0.5177007538895015.
[I 2023-10-18 09:21:55,908] Trial 90 finished with value: 0.5053861627676485 and parameters: {'w0': 0.887, 'w1': 0.727, 'w2': 0.537, 'w3': 0.716, 'w4': 0.6950000000000001, 'w5': 0.551, 'w6': 0.683, 'w7': 0.468, 'w8': 0.747, 'max_depth': 10, 'min_child_weight': 8, 'subsample': 0.6000000000000001, 'colsample_bytree': 0.9000000000000001, 'gamma': 0.6000000000000001}. Best is trial 33 with value: 0.5177007538895015.
[I 2023-10-18 09:24:16,087] Trial 91 finished with value: 0.5021410918408262 and parameters: {'w0': 0.899, 'w1': 0.713, 'w2': 0.544, 'w3': 0.726, 'w4': 0.615, 'w5': 0.54, 'w6': 0.671, 'w7': 0.485, 'w8': 0.757, 'max_depth': 10, 'min_child_weight': 6, 'subsample': 0.6000000000000001, 'colsample_bytree': 0.9000000000000001, 'gamma': 0.6000000000000001}. Best is trial 33 with value: 0.5177007538895015.
[I 2023-10-18 09:25:14,702] Trial 92 finished with value: 0.4991079565939067 and parameters: {'w0': 0.986, 'w1': 0.734, 'w2': 0.561, 'w3': 0.399, 'w4': 0.614, 'w5': 0.533, 'w6': 0.708, 'w7': 0.464, 'w8': 0.5710000000000001, 'max_depth': 10, 'min_child_weight': 8, 'subsample': 0.6000000000000001, 'colsample_bytree': 0.9000000000000001, 'gamma': 0.6000000000000001}. Best is trial 33 with value: 0.5177007538895015.
[I 2023-10-18 09:27:11,023] Trial 102 finished with value: 0.49828392748714645 and parameters: {'w0': 0.672, 'w1': 0.422, 'w2': 0.634, 'w3': 0.75, 'w4': 0.544, 'w5': 0.908, 'w6': 0.47800000000000004, 'w7': 0.561, 'w8': 0.9530000000000001, 'max_depth': 6, 'min_child_weight': 6, 'subsample': 0.6000000000000001, 'colsample_bytree': 0.9000000000000001, 'gamma': 0.8}. Best is trial 33 with value: 0.5177007538895015.
[I 2023-10-18 09:27:24,276] Trial 104 finished with value: 0.5065039886144322 and parameters: {'w0': 0.668, 'w1': 0.46, 'w2': 0.427, 'w3': 0.592, 'w4': 0.541, 'w5': 0.426, 'w6': 0.654, 'w7': 0.448, 'w8': 0.8140000000000001, 'max_depth': 4, 'min_child_weight': 6, 'subsample': 0.7, 'colsample_bytree': 1.0, 'gamma': 0.8}. Best is trial 33 with value: 0.5177007538895015.
[I 2023-10-18 09:27:39,750] Trial 105 finished with value: 0.49163470606326154 and parameters: {'w0': 0.685, 'w1': 0.47200000000000003, 'w2': 0.432, 'w3': 0.587, 'w4': 0.599, 'w5': 0.914, 'w6': 0.466, 'w7': 0.649, 'w8': 0.8130000000000001, 'max_depth': 4, 'min_child_weight': 6, 'subsample': 0.7, 'colsample_bytree': 1.0, 'gamma': 1.6}. Best is trial 33 with value: 0.5177007538895015.
[I 2023-10-18 09:28:42,090] Trial 103 finished with value: 0.49729764865885023 and parameters: {'w0': 0.667, 'w1': 0.445, 'w2': 0.66, 'w3': 0.766, 'w4': 0.551, 'w5': 0.902, 'w6': 0.47200000000000003, 'w7': 0.5700000000000001, 'w8': 0.648, 'max_depth': 6, 'min_child_weight': 6, 'subsample': 0.6000000000000001, 'colsample_bytree': 0.9000000000000001, 'gamma': 0.8}. Best is trial 33 with value: 0.5177007538895015.
[I 2023-10-18 09:29:33,437] Trial 107 finished with value: 0.49020826592120176 and parameters: {'w0': 0.9570000000000001, 'w1': 0.6930000000000001, 'w2': 0.518, 'w3': 0.589, 'w4': 0.592, 'w5': 0.518, 'w6': 0.446, 'w7': 0.441, 'w8': 0.835, 'max_depth': 4, 'min_child_weight': 6, 'subsample': 0.8, 'colsample_bytree': 1.0, 'gamma': 1.6}. Best is trial 33 with value: 0.5177007538895015.
