[I 2023-10-18 12:20:31,810] Trial 336 finished with value: 0.4905178398398094 and parameters: {'w0': 0.165, 'w1': 0.9520000000000001, 'w2': 0.164, 'w3': 0.257, 'w4': 0.84, 'w5': 0.757, 'w6': 0.9400000000000001, 'w7': 0.061, 'w8': 0.967, 'max_depth': 10, 'min_child_weight': 18, 'subsample': 0.7, 'colsample_bytree': 0.9000000000000001, 'gamma': 3.6}. Best is trial 285 with value: 0.5376793807206653.
[I 2023-10-18 12:21:04,778] Trial 333 finished with value: 0.5174923230905546 and parameters: {'w0': 0.17, 'w1': 0.9560000000000001, 'w2': 0.17, 'w3': 0.265, 'w4': 0.769, 'w5': 0.749, 'w6': 0.9430000000000001, 'w7': 0.115, 'w8': 0.968, 'max_depth': 10, 'min_child_weight': 18, 'subsample': 0.7, 'colsample_bytree': 0.9000000000000001, 'gamma': 2.0}. Best is trial 285 with value: 0.5376793807206653.
[I 2023-10-18 12:21:39,347] Trial 338 finished with value: 0.45121213024146556 and parameters: {'w0': 0.17200000000000001, 'w1': 0.9560000000000001, 'w2': 0.059000000000000004, 'w3': 0.261, 'w4': 0.21, 'w5': 0.77, 'w6': 0.9390000000000001, 'w7': 0.161, 'w8': 0.966, 'max_depth': 10, 'min_child_weight': 16, 'subsample': 0.8, 'colsample_bytree': 0.7, 'gamma': 3.6}. Best is trial 285 with value: 0.5376793807206653.
[I 2023-10-18 12:23:29,337] Trial 337 finished with value: 0.523564537552238 and parameters: {'w0': 0.17400000000000002, 'w1': 0.9420000000000001, 'w2': 0.167, 'w3': 0.251, 'w4': 0.759, 'w5': 0.774, 'w6': 0.9430000000000001, 'w7': 0.10400000000000001, 'w8': 0.961, 'max_depth': 10, 'min_child_weight': 18, 'subsample': 0.8, 'colsample_bytree': 0.9000000000000001, 'gamma': 2.0}. Best is trial 285 with value: 0.5376793807206653.
[I 2023-10-18 12:23:45,329] Trial 340 finished with value: 0.5017247515994827 and parameters: {'w0': 0.17400000000000002, 'w1': 0.9450000000000001, 'w2': 0.184, 'w3': 0.254, 'w4': 0.764, 'w5': 0.674, 'w6': 0.9430000000000001, 'w7': 0.051000000000000004, 'w8': 0.965, 'max_depth': 10, 'min_child_weight': 16, 'subsample': 0.9000000000000001, 'colsample_bytree': 0.7, 'gamma': 2.0}. Best is trial 285 with value: 0.5376793807206653.
[I 2023-10-18 12:23:58,232] Trial 339 finished with value: 0.5314937596874147 and parameters: {'w0': 0.165, 'w1': 0.9480000000000001, 'w2': 0.17200000000000001, 'w3': 0.265, 'w4': 0.761, 'w5': 0.677, 'w6': 0.9380000000000001, 'w7': 0.153, 'w8': 0.965, 'max_depth': 10, 'min_child_weight': 16, 'subsample': 0.9000000000000001, 'colsample_bytree': 0.8, 'gamma': 2.0}. Best is trial 285 with value: 0.5376793807206653.
[I 2023-10-18 12:27:57,432] Trial 335 finished with value: 0.5104388994412337 and parameters: {'w0': 0.169, 'w1': 0.9570000000000001, 'w2': 0.065, 'w3': 0.23700000000000002, 'w4': 0.836, 'w5': 0.741, 'w6': 0.9440000000000001, 'w7': 0.116, 'w8': 0.9590000000000001, 'max_depth': 10, 'min_child_weight': 18, 'subsample': 0.7, 'colsample_bytree': 0.9000000000000001, 'gamma': 0.8}. Best is trial 285 with value: 0.5376793807206653.
[I 2023-10-18 12:28:39,437] Trial 341 finished with value: 0.5336303580911694 and parameters: {'w0': 0.168, 'w1': 0.892, 'w2': 0.192, 'w3': 0.258, 'w4': 0.763, 'w5': 0.676, 'w6': 0.9420000000000001, 'w7': 0.14300000000000002, 'w8': 0.962, 'max_depth': 10, 'min_child_weight': 16, 'subsample': 0.9000000000000001, 'colsample_bytree': 0.7, 'gamma': 0.8}. Best is trial 285 with value: 0.5376793807206653.
[I 2023-10-18 12:29:20,040] Trial 343 finished with value: 0.5015559888151758 and parameters: {'w0': 0.17400000000000002, 'w1': 0.894, 'w2': 0.055, 'w3': 0.32, 'w4': 0.851, 'w5': 0.773, 'w6': 0.925, 'w7': 0.155, 'w8': 0.965, 'max_depth': 10, 'min_child_weight': 16, 'subsample': 0.9000000000000001, 'colsample_bytree': 0.7, 'gamma': 0.8}. Best is trial 285 with value: 0.5376793807206653.
[I 2023-10-18 12:29:51,627] Trial 342 finished with value: 0.5357726857416167 and parameters: {'w0': 0.168, 'w1': 0.9460000000000001, 'w2': 0.191, 'w3': 0.322, 'w4': 0.768, 'w5': 0.771, 'w6': 0.929, 'w7': 0.14, 'w8': 0.9590000000000001, 'max_depth': 10, 'min_child_weight': 16, 'subsample': 0.9000000000000001, 'colsample_bytree': 0.8, 'gamma': 0.8}. Best is trial 285 with value: 0.5376793807206653.
[I 2023-10-18 12:30:08,848] Trial 344 finished with value: 0.504323403859395 and parameters: {'w0': 0.171, 'w1': 0.9400000000000001, 'w2': 0.074, 'w3': 0.255, 'w4': 0.843, 'w5': 0.782, 'w6': 0.9380000000000001, 'w7': 0.151, 'w8': 0.9550000000000001, 'max_depth': 10, 'min_child_weight': 16, 'subsample': 0.9000000000000001, 'colsample_bytree': 0.7, 'gamma': 0.8}. Best is trial 285 with value: 0.5376793807206653.
[I 2023-10-18 12:31:19,029] Trial 345 finished with value: 0.5390400618003858 and parameters: {'w0': 0.169, 'w1': 0.895, 'w2': 0.195, 'w3': 0.315, 'w4': 0.845, 'w5': 0.787, 'w6': 0.9420000000000001, 'w7': 0.153, 'w8': 0.965, 'max_depth': 10, 'min_child_weight': 16, 'subsample': 0.9000000000000001, 'colsample_bytree': 0.7, 'gamma': 0.8}. Best is trial 345 with value: 0.5390400618003858.
[I 2023-10-18 12:31:53,093] Trial 351 finished with value: 0.5325390611544377 and parameters: {'w0': 0.166, 'w1': 0.887, 'w2': 0.188, 'w3': 0.22, 'w4': 0.849, 'w5': 0.677, 'w6': 0.9460000000000001, 'w7': 0.146, 'w8': 0.9570000000000001, 'max_depth': 10, 'min_child_weight': 16, 'subsample': 0.8, 'colsample_bytree': 0.7, 'gamma': 1.4000000000000001}. Best is trial 345 with value: 0.5390400618003858.
[I 2023-10-18 12:32:25,296] Trial 348 finished with value: 0.5308278262113572 and parameters: {'w0': 0.166, 'w1': 0.869, 'w2': 0.191, 'w3': 0.316, 'w4': 0.844, 'w5': 0.784, 'w6': 0.9450000000000001, 'w7': 0.15, 'w8': 0.963, 'max_depth': 10, 'min_child_weight': 16, 'subsample': 0.9000000000000001, 'colsample_bytree': 0.7, 'gamma': 0.8}. Best is trial 345 with value: 0.5390400618003858.
[I 2023-10-18 12:32:30,486] Trial 347 finished with value: 0.5347185346717501 and parameters: {'w0': 0.171, 'w1': 0.892, 'w2': 0.201, 'w3': 0.318, 'w4': 0.841, 'w5': 0.6950000000000001, 'w6': 0.9430000000000001, 'w7': 0.148, 'w8': 0.961, 'max_depth': 10, 'min_child_weight': 16, 'subsample': 0.9000000000000001, 'colsample_bytree': 0.7, 'gamma': 0.8}. Best is trial 345 with value: 0.5390400618003858.
[I 2023-10-18 12:32:34,555] Trial 349 finished with value: 0.5365107162407865 and parameters: {'w0': 0.166, 'w1': 0.868, 'w2': 0.189, 'w3': 0.317, 'w4': 0.846, 'w5': 0.786, 'w6': 0.9430000000000001, 'w7': 0.146, 'w8': 0.9590000000000001, 'max_depth': 10, 'min_child_weight': 16, 'subsample': 0.9000000000000001, 'colsample_bytree': 0.7, 'gamma': 0.8}. Best is trial 345 with value: 0.5390400618003858.
[I 2023-10-18 12:33:00,471] Trial 350 finished with value: 0.5338713200640851 and parameters: {'w0': 0.17300000000000001, 'w1': 0.866, 'w2': 0.2, 'w3': 0.325, 'w4': 0.843, 'w5': 0.683, 'w6': 0.9420000000000001, 'w7': 0.146, 'w8': 0.9580000000000001, 'max_depth': 10, 'min_child_weight': 16, 'subsample': 0.9000000000000001, 'colsample_bytree': 0.7, 'gamma': 0.8}. Best is trial 345 with value: 0.5390400618003858.
[I 2023-10-18 12:34:21,446] Trial 352 finished with value: 0.535225794316045 and parameters: {'w0': 0.177, 'w1': 0.893, 'w2': 0.194, 'w3': 0.318, 'w4': 0.844, 'w5': 0.681, 'w6': 0.9470000000000001, 'w7': 0.154, 'w8': 0.9600000000000001, 'max_depth': 10, 'min_child_weight': 16, 'subsample': 0.9000000000000001, 'colsample_bytree': 0.8, 'gamma': 0.8}. Best is trial 345 with value: 0.5390400618003858.
[I 2023-10-18 12:34:26,408] Trial 346 finished with value: 0.5375969650581949 and parameters: {'w0': 0.17200000000000001, 'w1': 0.871, 'w2': 0.201, 'w3': 0.265, 'w4': 0.844, 'w5': 0.683, 'w6': 0.9440000000000001, 'w7': 0.152, 'w8': 0.9600000000000001, 'max_depth': 10, 'min_child_weight': 16, 'subsample': 0.8, 'colsample_bytree': 0.7, 'gamma': 0.8}. Best is trial 345 with value: 0.5390400618003858.
[I 2023-10-18 12:35:30,680] Trial 353 finished with value: 0.5228988595904147 and parameters: {'w0': 0.195, 'w1': 0.885, 'w2': 0.198, 'w3': 0.316, 'w4': 0.851, 'w5': 0.674, 'w6': 0.923, 'w7': 0.155, 'w8': 0.266, 'max_depth': 10, 'min_child_weight': 16, 'subsample': 0.9000000000000001, 'colsample_bytree': 0.8, 'gamma': 0.8}. Best is trial 345 with value: 0.5390400618003858.
[I 2023-10-18 12:35:32,886] Trial 356 finished with value: 0.5231759737959287 and parameters: {'w0': 0.189, 'w1': 0.891, 'w2': 0.215, 'w3': 0.217, 'w4': 0.863, 'w5': 0.673, 'w6': 0.918, 'w7': 0.14500000000000002, 'w8': 0.9520000000000001, 'max_depth': 10, 'min_child_weight': 16, 'subsample': 0.9000000000000001, 'colsample_bytree': 0.8, 'gamma': 2.6}. Best is trial 345 with value: 0.5390400618003858.
[I 2023-10-18 12:36:18,474] Trial 357 finished with value: 0.5210585720185973 and parameters: {'w0': 0.193, 'w1': 0.868, 'w2': 0.20400000000000001, 'w3': 0.316, 'w4': 0.85, 'w5': 0.676, 'w6': 0.921, 'w7': 0.149, 'w8': 0.883, 'max_depth': 10, 'min_child_weight': 16, 'subsample': 0.9000000000000001, 'colsample_bytree': 0.8, 'gamma': 2.4000000000000004}. Best is trial 345 with value: 0.5390400618003858.
[I 2023-10-18 12:36:19,165] Trial 354 finished with value: 0.53435867620468 and parameters: {'w0': 0.198, 'w1': 0.889, 'w2': 0.2, 'w3': 0.316, 'w4': 0.854, 'w5': 0.678, 'w6': 0.918, 'w7': 0.14400000000000002, 'w8': 0.9560000000000001, 'max_depth': 10, 'min_child_weight': 16, 'subsample': 0.9000000000000001, 'colsample_bytree': 0.8, 'gamma': 0.8}. Best is trial 345 with value: 0.5390400618003858.
[I 2023-10-18 12:37:50,232] Trial 355 finished with value: 0.5116907766177589 and parameters: {'w0': 0.192, 'w1': 0.924, 'w2': 0.216, 'w3': 0.197, 'w4': 0.847, 'w5': 0.037000000000000005, 'w6': 0.922, 'w7': 0.15, 'w8': 0.9530000000000001, 'max_depth': 10, 'min_child_weight': 16, 'subsample': 0.8, 'colsample_bytree': 0.8, 'gamma': 0.8}. Best is trial 345 with value: 0.5390400618003858.
[I 2023-10-18 12:41:04,826] Trial 360 finished with value: 0.5318291112144287 and parameters: {'w0': 0.147, 'w1': 0.926, 'w2': 0.211, 'w3': 0.181, 'w4': 0.745, 'w5': 0.794, 'w6': 0.9540000000000001, 'w7': 0.14200000000000002, 'w8': 0.883, 'max_depth': 10, 'min_child_weight': 16, 'subsample': 0.9000000000000001, 'colsample_bytree': 0.8, 'gamma': 1.0}. Best is trial 345 with value: 0.5390400618003858.
[I 2023-10-18 12:41:49,093] Trial 358 finished with value: 0.5336746219026786 and parameters: {'w0': 0.14200000000000002, 'w1': 0.926, 'w2': 0.214, 'w3': 0.318, 'w4': 0.848, 'w5': 0.676, 'w6': 0.961, 'w7': 0.147, 'w8': 0.9520000000000001, 'max_depth': 10, 'min_child_weight': 16, 'subsample': 0.9000000000000001, 'colsample_bytree': 0.8, 'gamma': 0.8}. Best is trial 345 with value: 0.5390400618003858.
[I 2023-10-18 12:42:12,616] Trial 361 finished with value: 0.5278783166939037 and parameters: {'w0': 0.138, 'w1': 0.869, 'w2': 0.20800000000000002, 'w3': 0.311, 'w4': 0.743, 'w5': 0.8210000000000001, 'w6': 0.916, 'w7': 0.14100000000000001, 'w8': 0.9540000000000001, 'max_depth': 10, 'min_child_weight': 16, 'subsample': 0.9000000000000001, 'colsample_bytree': 0.7, 'gamma': 1.0}. Best is trial 345 with value: 0.5390400618003858.
[I 2023-10-18 12:42:19,477] Trial 359 finished with value: 0.5312469276382328 and parameters: {'w0': 0.15, 'w1': 0.927, 'w2': 0.20900000000000002, 'w3': 0.20400000000000001, 'w4': 0.73, 'w5': 0.787, 'w6': 0.9600000000000001, 'w7': 0.148, 'w8': 0.9550000000000001, 'max_depth': 10, 'min_child_weight': 16, 'subsample': 0.9000000000000001, 'colsample_bytree': 0.8, 'gamma': 0.8}. Best is trial 345 with value: 0.5390400618003858.
[I 2023-10-18 12:43:46,696] Trial 362 finished with value: 0.533944329132504 and parameters: {'w0': 0.14300000000000002, 'w1': 0.866, 'w2': 0.20800000000000002, 'w3': 0.215, 'w4': 0.739, 'w5': 0.6910000000000001, 'w6': 0.92, 'w7': 0.14300000000000002, 'w8': 0.969, 'max_depth': 10, 'min_child_weight': 16, 'subsample': 0.9000000000000001, 'colsample_bytree': 0.6000000000000001, 'gamma': 0.8}. Best is trial 345 with value: 0.5390400618003858.
[I 2023-10-18 12:44:32,826] Trial 364 finished with value: 0.5320755512096406 and parameters: {'w0': 0.135, 'w1': 0.871, 'w2': 0.202, 'w3': 0.203, 'w4': 0.741, 'w5': 0.8, 'w6': 0.923, 'w7': 0.147, 'w8': 0.9580000000000001, 'max_depth': 10, 'min_child_weight': 16, 'subsample': 0.9000000000000001, 'colsample_bytree': 0.7, 'gamma': 0.8}. Best is trial 345 with value: 0.5390400618003858.
[I 2023-10-18 12:44:38,844] Trial 363 finished with value: 0.5327591050371979 and parameters: {'w0': 0.153, 'w1': 0.926, 'w2': 0.2, 'w3': 0.203, 'w4': 0.736, 'w5': 0.803, 'w6': 0.9590000000000001, 'w7': 0.14300000000000002, 'w8': 0.9550000000000001, 'max_depth': 10, 'min_child_weight': 16, 'subsample': 0.9000000000000001, 'colsample_bytree': 0.7, 'gamma': 0.8}. Best is trial 345 with value: 0.5390400618003858.
[I 2023-10-18 12:44:44,807] Trial 365 finished with value: 0.5318169709756375 and parameters: {'w0': 0.137, 'w1': 0.874, 'w2': 0.188, 'w3': 0.314, 'w4': 0.747, 'w5': 0.778, 'w6': 0.921, 'w7': 0.14100000000000001, 'w8': 0.9440000000000001, 'max_depth': 10, 'min_child_weight': 16, 'subsample': 0.9000000000000001, 'colsample_bytree': 0.7, 'gamma': 0.8}. Best is trial 345 with value: 0.5390400618003858.
[I 2023-10-18 12:45:05,163] Trial 366 finished with value: 0.5326975818713248 and parameters: {'w0': 0.146, 'w1': 0.874, 'w2': 0.196, 'w3': 0.228, 'w4': 0.73, 'w5': 0.776, 'w6': 0.905, 'w7': 0.14, 'w8': 0.9580000000000001, 'max_depth': 10, 'min_child_weight': 16, 'subsample': 0.9000000000000001, 'colsample_bytree': 0.7, 'gamma': 0.8}. Best is trial 345 with value: 0.5390400618003858.
[I 2023-10-18 12:46:37,242] Trial 367 finished with value: 0.5341176753030709 and parameters: {'w0': 0.15, 'w1': 0.861, 'w2': 0.197, 'w3': 0.224, 'w4': 0.726, 'w5': 0.8, 'w6': 0.919, 'w7': 0.14400000000000002, 'w8': 0.9490000000000001, 'max_depth': 10, 'min_child_weight': 16, 'subsample': 0.9000000000000001, 'colsample_bytree': 0.7, 'gamma': 0.8}. Best is trial 345 with value: 0.5390400618003858.
[I 2023-10-18 12:48:17,993] Trial 370 finished with value: 0.5138293263935322 and parameters: {'w0': 0.153, 'w1': 0.863, 'w2': 0.193, 'w3': 0.212, 'w4': 0.721, 'w5': 0.049, 'w6': 0.904, 'w7': 0.138, 'w8': 0.9490000000000001, 'max_depth': 10, 'min_child_weight': 16, 'subsample': 0.9000000000000001, 'colsample_bytree': 0.7, 'gamma': 0.6000000000000001}. Best is trial 345 with value: 0.5390400618003858.
[I 2023-10-18 12:48:30,246] Trial 368 finished with value: 0.5359498948440847 and parameters: {'w0': 0.146, 'w1': 0.8310000000000001, 'w2': 0.194, 'w3': 0.228, 'w4': 0.737, 'w5': 0.79, 'w6': 0.918, 'w7': 0.14500000000000002, 'w8': 0.9490000000000001, 'max_depth': 10, 'min_child_weight': 16, 'subsample': 0.9000000000000001, 'colsample_bytree': 0.7, 'gamma': 0.6000000000000001}. Best is trial 345 with value: 0.5390400618003858.
[I 2023-10-18 12:49:35,687] Trial 369 finished with value: 0.534474835069477 and parameters: {'w0': 0.154, 'w1': 0.8240000000000001, 'w2': 0.196, 'w3': 0.178, 'w4': 0.785, 'w5': 0.795, 'w6': 0.916, 'w7': 0.14300000000000002, 'w8': 0.9530000000000001, 'max_depth': 10, 'min_child_weight': 16, 'subsample': 0.9000000000000001, 'colsample_bytree': 0.7, 'gamma': 0.6000000000000001}. Best is trial 345 with value: 0.5390400618003858.
[I 2023-10-18 12:49:52,816] Trial 372 finished with value: 0.5365407963147134 and parameters: {'w0': 0.14, 'w1': 0.8240000000000001, 'w2': 0.189, 'w3': 0.228, 'w4': 0.858, 'w5': 0.784, 'w6': 0.9, 'w7': 0.136, 'w8': 0.9510000000000001, 'max_depth': 10, 'min_child_weight': 16, 'subsample': 0.9000000000000001, 'colsample_bytree': 0.7, 'gamma': 0.6000000000000001}. Best is trial 345 with value: 0.5390400618003858.
[I 2023-10-18 12:50:17,656] Trial 371 finished with value: 0.5355975980979968 and parameters: {'w0': 0.14300000000000002, 'w1': 0.8260000000000001, 'w2': 0.185, 'w3': 0.34, 'w4': 0.731, 'w5': 0.8270000000000001, 'w6': 0.896, 'w7': 0.14100000000000001, 'w8': 0.9500000000000001, 'max_depth': 10, 'min_child_weight': 16, 'subsample': 0.9000000000000001, 'colsample_bytree': 0.7, 'gamma': 0.6000000000000001}. Best is trial 345 with value: 0.5390400618003858.
[I 2023-10-18 12:51:24,728] Trial 373 finished with value: 0.5346990485563548 and parameters: {'w0': 0.138, 'w1': 0.8300000000000001, 'w2': 0.185, 'w3': 0.20600000000000002, 'w4': 0.864, 'w5': 0.812, 'w6': 0.912, 'w7': 0.135, 'w8': 0.9520000000000001, 'max_depth': 10, 'min_child_weight': 16, 'subsample': 0.9000000000000001, 'colsample_bytree': 0.7, 'gamma': 0.6000000000000001}. Best is trial 345 with value: 0.5390400618003858.
[I 2023-10-18 12:55:00,004] Trial 374 finished with value: 0.5336183720956165 and parameters: {'w0': 0.14400000000000002, 'w1': 0.8320000000000001, 'w2': 0.189, 'w3': 0.338, 'w4': 0.737, 'w5': 0.8250000000000001, 'w6': 0.905, 'w7': 0.13, 'w8': 0.9490000000000001, 'max_depth': 10, 'min_child_weight': 16, 'subsample': 0.9000000000000001, 'colsample_bytree': 0.7, 'gamma': 0.6000000000000001}. Best is trial 345 with value: 0.5390400618003858.
[I 2023-10-18 12:55:39,964] Trial 375 finished with value: 0.5337793743192071 and parameters: {'w0': 0.14, 'w1': 0.834, 'w2': 0.191, 'w3': 0.19, 'w4': 0.73, 'w5': 0.803, 'w6': 0.908, 'w7': 0.131, 'w8': 0.9500000000000001, 'max_depth': 10, 'min_child_weight': 16, 'subsample': 0.9000000000000001, 'colsample_bytree': 0.7, 'gamma': 0.6000000000000001}. Best is trial 345 with value: 0.5390400618003858.
[I 2023-10-18 12:56:02,809] Trial 376 finished with value: 0.5360024101430727 and parameters: {'w0': 0.14400000000000002, 'w1': 0.8320000000000001, 'w2': 0.187, 'w3': 0.184, 'w4': 0.718, 'w5': 0.8140000000000001, 'w6': 0.9510000000000001, 'w7': 0.133, 'w8': 0.9500000000000001, 'max_depth': 10, 'min_child_weight': 16, 'subsample': 0.9000000000000001, 'colsample_bytree': 0.7, 'gamma': 0.6000000000000001}. Best is trial 345 with value: 0.5390400618003858.
[I 2023-10-18 12:56:20,377] Trial 377 finished with value: 0.5364655635492711 and parameters: {'w0': 0.14200000000000002, 'w1': 0.836, 'w2': 0.188, 'w3': 0.226, 'w4': 0.75, 'w5': 0.8310000000000001, 'w6': 0.902, 'w7': 0.131, 'w8': 0.9520000000000001, 'max_depth': 10, 'min_child_weight': 16, 'subsample': 0.9000000000000001, 'colsample_bytree': 0.7, 'gamma': 0.6000000000000001}. Best is trial 345 with value: 0.5390400618003858.
[I 2023-10-18 12:56:58,716] Trial 380 finished with value: 0.49735801726986295 and parameters: {'w0': 0.146, 'w1': 0.8310000000000001, 'w2': 0.187, 'w3': 0.136, 'w4': 0.715, 'w5': 0.802, 'w6': 0.902, 'w7': 0.13, 'w8': 0.093, 'max_depth': 10, 'min_child_weight': 16, 'subsample': 0.9000000000000001, 'colsample_bytree': 0.7, 'gamma': 0.6000000000000001}. Best is trial 345 with value: 0.5390400618003858.
[I 2023-10-18 12:57:10,969] Trial 381 finished with value: 0.49711055110524366 and parameters: {'w0': 0.132, 'w1': 0.865, 'w2': 0.183, 'w3': 0.169, 'w4': 0.731, 'w5': 0.8130000000000001, 'w6': 0.897, 'w7': 0.125, 'w8': 0.09, 'max_depth': 10, 'min_child_weight': 16, 'subsample': 0.9000000000000001, 'colsample_bytree': 0.7, 'gamma': 0.6000000000000001}. Best is trial 345 with value: 0.5390400618003858.
[I 2023-10-18 12:57:18,227] Trial 379 finished with value: 0.5216986898437317 and parameters: {'w0': 0.136, 'w1': 0.8210000000000001, 'w2': 0.188, 'w3': 0.166, 'w4': 0.725, 'w5': 0.804, 'w6': 0.902, 'w7': 0.13, 'w8': 0.2, 'max_depth': 10, 'min_child_weight': 16, 'subsample': 0.9000000000000001, 'colsample_bytree': 0.7, 'gamma': 0.6000000000000001}. Best is trial 345 with value: 0.5390400618003858.
[I 2023-10-18 12:57:28,935] Trial 378 finished with value: 0.5339648763035112 and parameters: {'w0': 0.129, 'w1': 0.838, 'w2': 0.19, 'w3': 0.189, 'w4': 0.739, 'w5': 0.791, 'w6': 0.898, 'w7': 0.132, 'w8': 0.9440000000000001, 'max_depth': 10, 'min_child_weight': 16, 'subsample': 0.9000000000000001, 'colsample_bytree': 0.7, 'gamma': 0.6000000000000001}. Best is trial 345 with value: 0.5390400618003858.
[I 2023-10-18 12:58:51,344] Trial 382 finished with value: 0.5328949617070999 and parameters: {'w0': 0.132, 'w1': 0.8280000000000001, 'w2': 0.188, 'w3': 0.157, 'w4': 0.726, 'w5': 0.811, 'w6': 0.901, 'w7': 0.131, 'w8': 0.9390000000000001, 'max_depth': 10, 'min_child_weight': 16, 'subsample': 0.9000000000000001, 'colsample_bytree': 0.7, 'gamma': 0.6000000000000001}. Best is trial 345 with value: 0.5390400618003858.
[I 2023-10-18 13:00:27,945] Trial 383 finished with value: 0.5341544314092493 and parameters: {'w0': 0.134, 'w1': 0.8250000000000001, 'w2': 0.187, 'w3': 0.161, 'w4': 0.706, 'w5': 0.803, 'w6': 0.905, 'w7': 0.13, 'w8': 0.935, 'max_depth': 10, 'min_child_weight': 16, 'subsample': 0.9000000000000001, 'colsample_bytree': 0.7, 'gamma': 0.6000000000000001}. Best is trial 345 with value: 0.5390400618003858.
[I 2023-10-18 13:00:32,849] Trial 384 finished with value: 0.5005714937107092 and parameters: {'w0': 0.13, 'w1': 0.8240000000000001, 'w2': 0.19, 'w3': 0.152, 'w4': 0.7000000000000001, 'w5': 0.801, 'w6': 0.901, 'w7': 0.125, 'w8': 0.10200000000000001, 'max_depth': 10, 'min_child_weight': 16, 'subsample': 0.9000000000000001, 'colsample_bytree': 0.7, 'gamma': 0.6000000000000001}. Best is trial 345 with value: 0.5390400618003858.
[I 2023-10-18 13:02:37,057] Trial 385 finished with value: 0.5352232327315999 and parameters: {'w0': 0.131, 'w1': 0.841, 'w2': 0.187, 'w3': 0.199, 'w4': 0.6920000000000001, 'w5': 0.801, 'w6': 0.897, 'w7': 0.13, 'w8': 0.931, 'max_depth': 10, 'min_child_weight': 16, 'subsample': 0.9000000000000001, 'colsample_bytree': 0.7, 'gamma': 0.6000000000000001}. Best is trial 345 with value: 0.5390400618003858.
[I 2023-10-18 13:06:31,963] Trial 389 finished with value: 0.5078601550438612 and parameters: {'w0': 0.11900000000000001, 'w1': 0.808, 'w2': 0.184, 'w3': 0.114, 'w4': 0.713, 'w5': 0.8240000000000001, 'w6': 0.896, 'w7': 0.125, 'w8': 0.10400000000000001, 'max_depth': 10, 'min_child_weight': 16, 'subsample': 0.9000000000000001, 'colsample_bytree': 0.7, 'gamma': 0.4}. Best is trial 345 with value: 0.5390400618003858.
