[I 2023-10-20 03:47:46,513] Trial 989 finished with value: 0.4743945972231066 and parameters: {'w0': 0.13, 'w1': 0.856, 'w2': 0.066, 'w3': 0.529, 'w4': 0.908, 'w5': 0.986, 'w6': 0.275, 'w7': 0.147, 'w8': 0.752, 'max_depth': 9, 'min_child_weight': 18, 'subsample': 0.8, 'colsample_bytree': 0.9000000000000001, 'gamma': 0.6000000000000001}. Best is trial 556 with value: 0.5099189407344089.
[I 2023-10-20 03:48:47,774] Trial 990 finished with value: 0.4796633715626164 and parameters: {'w0': 0.13, 'w1': 0.908, 'w2': 0.068, 'w3': 0.402, 'w4': 0.911, 'w5': 0.999, 'w6': 0.292, 'w7': 0.151, 'w8': 0.783, 'max_depth': 9, 'min_child_weight': 16, 'subsample': 0.8, 'colsample_bytree': 0.9000000000000001, 'gamma': 0.6000000000000001}. Best is trial 556 with value: 0.5099189407344089.
[I 2023-10-20 03:48:59,891] Trial 1001 finished with value: 0.4606045739955083 and parameters: {'w0': 0.155, 'w1': 0.857, 'w2': 0.171, 'w3': 0.518, 'w4': 0.85, 'w5': 0.962, 'w6': 0.377, 'w7': 0.108, 'w8': 0.754, 'max_depth': 9, 'min_child_weight': 4, 'subsample': 0.8, 'colsample_bytree': 0.8, 'gamma': 6.800000000000001}. Best is trial 556 with value: 0.5099189407344089.
[I 2023-10-20 03:49:20,014] Trial 1002 finished with value: 0.46021327789196015 and parameters: {'w0': 0.154, 'w1': 0.862, 'w2': 0.11800000000000001, 'w3': 0.524, 'w4': 0.845, 'w5': 0.434, 'w6': 0.8140000000000001, 'w7': 0.109, 'w8': 0.752, 'max_depth': 9, 'min_child_weight': 16, 'subsample': 0.8, 'colsample_bytree': 0.8, 'gamma': 5.800000000000001}. Best is trial 556 with value: 0.5099189407344089.
[I 2023-10-20 03:52:59,548] Trial 1005 finished with value: 0.45871156186424117 and parameters: {'w0': 0.152, 'w1': 0.864, 'w2': 0.11800000000000001, 'w3': 0.524, 'w4': 0.846, 'w5': 0.9550000000000001, 'w6': 0.299, 'w7': 0.11, 'w8': 0.711, 'max_depth': 9, 'min_child_weight': 16, 'subsample': 0.8, 'colsample_bytree': 0.9000000000000001, 'gamma': 7.6000000000000005}. Best is trial 556 with value: 0.5099189407344089.
[I 2023-10-20 03:53:43,071] Trial 994 finished with value: 0.4979716761217364 and parameters: {'w0': 0.129, 'w1': 0.903, 'w2': 0.11800000000000001, 'w3': 0.392, 'w4': 0.908, 'w5': 0.484, 'w6': 0.28600000000000003, 'w7': 0.10200000000000001, 'w8': 0.373, 'max_depth': 9, 'min_child_weight': 16, 'subsample': 0.8, 'colsample_bytree': 0.9000000000000001, 'gamma': 0.6000000000000001}. Best is trial 556 with value: 0.5099189407344089.
[I 2023-10-20 03:53:58,004] Trial 993 finished with value: 0.5059424052513689 and parameters: {'w0': 0.131, 'w1': 0.91, 'w2': 0.11900000000000001, 'w3': 0.526, 'w4': 0.918, 'w5': 0.963, 'w6': 0.297, 'w7': 0.11, 'w8': 0.784, 'max_depth': 9, 'min_child_weight': 16, 'subsample': 0.8, 'colsample_bytree': 0.9000000000000001, 'gamma': 0.6000000000000001}. Best is trial 556 with value: 0.5099189407344089.
[I 2023-10-20 03:55:05,559] Trial 995 finished with value: 0.501364825253805 and parameters: {'w0': 0.137, 'w1': 0.861, 'w2': 0.11900000000000001, 'w3': 0.519, 'w4': 0.913, 'w5': 0.9590000000000001, 'w6': 0.3, 'w7': 0.11, 'w8': 0.752, 'max_depth': 9, 'min_child_weight': 16, 'subsample': 0.8, 'colsample_bytree': 0.9000000000000001, 'gamma': 0.6000000000000001}. Best is trial 556 with value: 0.5099189407344089.
[I 2023-10-20 03:55:07,865] Trial 991 finished with value: 0.49478915930542494 and parameters: {'w0': 0.131, 'w1': 0.894, 'w2': 0.068, 'w3': 0.493, 'w4': 0.911, 'w5': 0.9580000000000001, 'w6': 0.296, 'w7': 0.108, 'w8': 0.754, 'max_depth': 9, 'min_child_weight': 16, 'subsample': 0.8, 'colsample_bytree': 0.9000000000000001, 'gamma': 0.4}. Best is trial 556 with value: 0.5099189407344089.
[I 2023-10-20 03:55:27,102] Trial 992 finished with value: 0.4361047370013246 and parameters: {'w0': 0.131, 'w1': 0.905, 'w2': 0.116, 'w3': 0.498, 'w4': 0.91, 'w5': 0.961, 'w6': 0.302, 'w7': 0.716, 'w8': 0.753, 'max_depth': 7, 'min_child_weight': 16, 'subsample': 0.8, 'colsample_bytree': 0.9000000000000001, 'gamma': 0.6000000000000001}. Best is trial 556 with value: 0.5099189407344089.
[I 2023-10-20 03:55:36,891] Trial 996 finished with value: 0.5020485683859074 and parameters: {'w0': 0.129, 'w1': 0.898, 'w2': 0.117, 'w3': 0.524, 'w4': 0.914, 'w5': 0.9600000000000001, 'w6': 0.381, 'w7': 0.106, 'w8': 0.749, 'max_depth': 9, 'min_child_weight': 16, 'subsample': 0.8, 'colsample_bytree': 0.9000000000000001, 'gamma': 0.6000000000000001}. Best is trial 556 with value: 0.5099189407344089.
[I 2023-10-20 03:56:01,747] Trial 1003 finished with value: 0.5008599371626663 and parameters: {'w0': 0.153, 'w1': 0.341, 'w2': 0.127, 'w3': 0.526, 'w4': 0.909, 'w5': 0.961, 'w6': 0.375, 'w7': 0.109, 'w8': 0.36, 'max_depth': 9, 'min_child_weight': 16, 'subsample': 0.8, 'colsample_bytree': 0.8, 'gamma': 0.6000000000000001}. Best is trial 556 with value: 0.5099189407344089.
[I 2023-10-20 03:56:09,818] Trial 997 finished with value: 0.5013275902132269 and parameters: {'w0': 0.132, 'w1': 0.902, 'w2': 0.121, 'w3': 0.527, 'w4': 0.915, 'w5': 0.961, 'w6': 0.378, 'w7': 0.112, 'w8': 0.648, 'max_depth': 9, 'min_child_weight': 16, 'subsample': 0.8, 'colsample_bytree': 0.9000000000000001, 'gamma': 0.6000000000000001}. Best is trial 556 with value: 0.5099189407344089.
[I 2023-10-20 03:56:33,337] Trial 999 finished with value: 0.5004363554401576 and parameters: {'w0': 0.129, 'w1': 0.866, 'w2': 0.116, 'w3': 0.524, 'w4': 0.912, 'w5': 0.9560000000000001, 'w6': 0.304, 'w7': 0.108, 'w8': 0.754, 'max_depth': 9, 'min_child_weight': 16, 'subsample': 0.8, 'colsample_bytree': 0.9000000000000001, 'gamma': 0.6000000000000001}. Best is trial 556 with value: 0.5099189407344089.
[I 2023-10-20 03:57:06,393] Trial 1000 finished with value: 0.5034186135830817 and parameters: {'w0': 0.148, 'w1': 0.879, 'w2': 0.116, 'w3': 0.521, 'w4': 0.909, 'w5': 0.9570000000000001, 'w6': 0.373, 'w7': 0.116, 'w8': 0.752, 'max_depth': 9, 'min_child_weight': 16, 'subsample': 0.8, 'colsample_bytree': 0.9000000000000001, 'gamma': 0.6000000000000001}. Best is trial 556 with value: 0.5099189407344089.
[I 2023-10-20 03:57:09,735] Trial 1004 finished with value: 0.5037116610536674 and parameters: {'w0': 0.14300000000000002, 'w1': 0.861, 'w2': 0.114, 'w3': 0.524, 'w4': 0.907, 'w5': 0.9570000000000001, 'w6': 0.376, 'w7': 0.109, 'w8': 0.756, 'max_depth': 9, 'min_child_weight': 16, 'subsample': 0.8, 'colsample_bytree': 0.8, 'gamma': 1.0}. Best is trial 556 with value: 0.5099189407344089.
[I 2023-10-20 03:57:33,496] Trial 1008 finished with value: 0.4825715839674636 and parameters: {'w0': 0.152, 'w1': 0.883, 'w2': 0.11800000000000001, 'w3': 0.444, 'w4': 0.316, 'w5': 0.961, 'w6': 0.297, 'w7': 0.108, 'w8': 0.711, 'max_depth': 9, 'min_child_weight': 16, 'subsample': 0.8, 'colsample_bytree': 0.9000000000000001, 'gamma': 1.4000000000000001}. Best is trial 556 with value: 0.5099189407344089.
[I 2023-10-20 03:58:25,875] Trial 1007 finished with value: 0.5010971873360255 and parameters: {'w0': 0.151, 'w1': 0.797, 'w2': 0.126, 'w3': 0.531, 'w4': 0.93, 'w5': 0.47600000000000003, 'w6': 0.298, 'w7': 0.11, 'w8': 0.711, 'max_depth': 9, 'min_child_weight': 16, 'subsample': 0.8, 'colsample_bytree': 0.8, 'gamma': 1.0}. Best is trial 556 with value: 0.5099189407344089.
[I 2023-10-20 03:59:02,367] Trial 1006 finished with value: 0.49851647691411305 and parameters: {'w0': 0.152, 'w1': 0.862, 'w2': 0.112, 'w3': 0.527, 'w4': 0.844, 'w5': 0.9600000000000001, 'w6': 0.301, 'w7': 0.111, 'w8': 0.7040000000000001, 'max_depth': 9, 'min_child_weight': 16, 'subsample': 0.8, 'colsample_bytree': 0.8, 'gamma': 1.0}. Best is trial 556 with value: 0.5099189407344089.
[I 2023-10-20 03:59:30,049] Trial 998 finished with value: 0.44555194019985944 and parameters: {'w0': 0.131, 'w1': 0.903, 'w2': 0.117, 'w3': 0.524, 'w4': 0.911, 'w5': 0.964, 'w6': 0.3, 'w7': 0.6990000000000001, 'w8': 0.752, 'max_depth': 9, 'min_child_weight': 16, 'subsample': 0.8, 'colsample_bytree': 0.8, 'gamma': 0.6000000000000001}. Best is trial 556 with value: 0.5099189407344089.
[I 2023-10-20 03:59:38,352] Trial 1011 finished with value: 0.48495316368678104 and parameters: {'w0': 0.187, 'w1': 0.798, 'w2': 0.116, 'w3': 0.439, 'w4': 0.927, 'w5': 0.964, 'w6': 0.374, 'w7': 0.112, 'w8': 0.709, 'max_depth': 9, 'min_child_weight': 16, 'subsample': 0.8, 'colsample_bytree': 0.9000000000000001, 'gamma': 4.2}. Best is trial 556 with value: 0.5099189407344089.
[I 2023-10-20 04:01:43,200] Trial 1016 finished with value: 0.47614241212256236 and parameters: {'w0': 0.188, 'w1': 0.795, 'w2': 0.168, 'w3': 0.441, 'w4': 0.927, 'w5': 0.976, 'w6': 0.31, 'w7': 0.185, 'w8': 0.7040000000000001, 'max_depth': 9, 'min_child_weight': 16, 'subsample': 0.8, 'colsample_bytree': 0.9000000000000001, 'gamma': 5.0}. Best is trial 556 with value: 0.5099189407344089.
[I 2023-10-20 04:02:52,130] Trial 1009 finished with value: 0.501010678621792 and parameters: {'w0': 0.146, 'w1': 0.794, 'w2': 0.11800000000000001, 'w3': 0.44, 'w4': 0.929, 'w5': 0.964, 'w6': 0.304, 'w7': 0.10400000000000001, 'w8': 0.706, 'max_depth': 9, 'min_child_weight': 16, 'subsample': 0.8, 'colsample_bytree': 0.9000000000000001, 'gamma': 1.0}. Best is trial 556 with value: 0.5099189407344089.
[I 2023-10-20 04:03:04,371] Trial 1020 finished with value: 0.42296099489707206 and parameters: {'w0': 0.187, 'w1': 0.791, 'w2': 0.167, 'w3': 0.484, 'w4': 0.93, 'w5': 0.98, 'w6': 0.248, 'w7': 0.386, 'w8': 0.709, 'max_depth': 9, 'min_child_weight': 16, 'subsample': 0.8, 'colsample_bytree': 0.9000000000000001, 'gamma': 5.0}. Best is trial 556 with value: 0.5099189407344089.
[I 2023-10-20 04:04:04,683] Trial 1010 finished with value: 0.5002792266303331 and parameters: {'w0': 0.188, 'w1': 0.795, 'w2': 0.122, 'w3': 0.5710000000000001, 'w4': 0.929, 'w5': 0.962, 'w6': 0.301, 'w7': 0.111, 'w8': 0.716, 'max_depth': 9, 'min_child_weight': 16, 'subsample': 0.8, 'colsample_bytree': 0.9000000000000001, 'gamma': 1.0}. Best is trial 556 with value: 0.5099189407344089.
[I 2023-10-20 04:04:49,448] Trial 1012 finished with value: 0.4788259491480795 and parameters: {'w0': 0.187, 'w1': 0.10300000000000001, 'w2': 0.17, 'w3': 0.442, 'w4': 0.928, 'w5': 0.963, 'w6': 0.372, 'w7': 0.183, 'w8': 0.721, 'max_depth': 9, 'min_child_weight': 16, 'subsample': 0.8, 'colsample_bytree': 0.9000000000000001, 'gamma': 1.0}. Best is trial 556 with value: 0.5099189407344089.
[I 2023-10-20 04:05:57,746] Trial 1019 finished with value: 0.49768496140834156 and parameters: {'w0': 0.186, 'w1': 0.81, 'w2': 0.17600000000000002, 'w3': 0.441, 'w4': 0.937, 'w5': 0.983, 'w6': 0.23500000000000001, 'w7': 0.131, 'w8': 0.708, 'max_depth': 9, 'min_child_weight': 16, 'subsample': 0.8, 'colsample_bytree': 0.9000000000000001, 'gamma': 1.4000000000000001}. Best is trial 556 with value: 0.5099189407344089.
[I 2023-10-20 04:06:26,077] Trial 1014 finished with value: 0.49266796122643386 and parameters: {'w0': 0.181, 'w1': 0.882, 'w2': 0.13, 'w3': 0.439, 'w4': 0.931, 'w5': 0.974, 'w6': 0.371, 'w7': 0.182, 'w8': 0.708, 'max_depth': 9, 'min_child_weight': 16, 'subsample': 0.8, 'colsample_bytree': 0.9000000000000001, 'gamma': 1.0}. Best is trial 556 with value: 0.5099189407344089.
[I 2023-10-20 04:07:15,572] Trial 1015 finished with value: 0.49033389197126925 and parameters: {'w0': 0.187, 'w1': 0.796, 'w2': 0.13, 'w3': 0.441, 'w4': 0.934, 'w5': 0.98, 'w6': 0.986, 'w7': 0.185, 'w8': 0.7000000000000001, 'max_depth': 9, 'min_child_weight': 16, 'subsample': 0.8, 'colsample_bytree': 0.9000000000000001, 'gamma': 1.0}. Best is trial 556 with value: 0.5099189407344089.
[I 2023-10-20 04:11:16,380] Trial 1013 finished with value: 0.4886130967163311 and parameters: {'w0': 0.191, 'w1': 0.881, 'w2': 0.171, 'w3': 0.443, 'w4': 0.313, 'w5': 0.965, 'w6': 0.376, 'w7': 0.13, 'w8': 0.709, 'max_depth': 9, 'min_child_weight': 16, 'subsample': 0.8, 'colsample_bytree': 0.9000000000000001, 'gamma': 0.0}. Best is trial 556 with value: 0.5099189407344089.
[I 2023-10-20 04:12:45,403] Trial 1017 finished with value: 0.5035942849278933 and parameters: {'w0': 0.186, 'w1': 0.803, 'w2': 0.17, 'w3': 0.5710000000000001, 'w4': 0.927, 'w5': 0.975, 'w6': 0.302, 'w7': 0.189, 'w8': 0.7000000000000001, 'max_depth': 9, 'min_child_weight': 16, 'subsample': 0.8, 'colsample_bytree': 0.9000000000000001, 'gamma': 0.0}. Best is trial 556 with value: 0.5099189407344089.
[I 2023-10-20 04:12:52,977] Trial 1018 finished with value: 0.5013194323947465 and parameters: {'w0': 0.186, 'w1': 0.876, 'w2': 0.168, 'w3': 0.5690000000000001, 'w4': 0.935, 'w5': 0.975, 'w6': 0.245, 'w7': 0.179, 'w8': 0.708, 'max_depth': 9, 'min_child_weight': 16, 'subsample': 0.8, 'colsample_bytree': 0.9000000000000001, 'gamma': 0.0}. Best is trial 556 with value: 0.5099189407344089.
[I 2023-10-20 04:14:11,442] Trial 1021 finished with value: 0.5020832950461589 and parameters: {'w0': 0.187, 'w1': 0.795, 'w2': 0.167, 'w3': 0.442, 'w4': 0.933, 'w5': 0.982, 'w6': 0.73, 'w7': 0.186, 'w8': 0.6990000000000001, 'max_depth': 9, 'min_child_weight': 16, 'subsample': 0.8, 'colsample_bytree': 0.9000000000000001, 'gamma': 0.0}. Best is trial 556 with value: 0.5099189407344089.
[I 2023-10-20 04:14:33,376] Trial 1022 finished with value: 0.4966356320836823 and parameters: {'w0': 0.46, 'w1': 0.8, 'w2': 0.169, 'w3': 0.441, 'w4': 0.9390000000000001, 'w5': 0.98, 'w6': 0.24000000000000002, 'w7': 0.135, 'w8': 0.709, 'max_depth': 9, 'min_child_weight': 16, 'subsample': 0.8, 'colsample_bytree': 0.9000000000000001, 'gamma': 0.0}. Best is trial 556 with value: 0.5099189407344089.
[I 2023-10-20 04:15:39,318] Trial 1023 finished with value: 0.49937426562991505 and parameters: {'w0': 0.186, 'w1': 0.794, 'w2': 0.161, 'w3': 0.5710000000000001, 'w4': 0.936, 'w5': 0.982, 'w6': 0.254, 'w7': 0.189, 'w8': 0.716, 'max_depth': 9, 'min_child_weight': 16, 'subsample': 0.8, 'colsample_bytree': 0.9000000000000001, 'gamma': 0.0}. Best is trial 556 with value: 0.5099189407344089.
[I 2023-10-20 04:15:44,292] Trial 1025 finished with value: 0.4872322743226037 and parameters: {'w0': 0.451, 'w1': 0.8290000000000001, 'w2': 0.168, 'w3': 0.5730000000000001, 'w4': 0.879, 'w5': 0.555, 'w6': 0.23700000000000002, 'w7': 0.189, 'w8': 0.774, 'max_depth': 9, 'min_child_weight': 16, 'subsample': 0.8, 'colsample_bytree': 0.9000000000000001, 'gamma': 0.0}. Best is trial 556 with value: 0.5099189407344089.
[I 2023-10-20 04:15:55,652] Trial 1024 finished with value: 0.5018987775894335 and parameters: {'w0': 0.183, 'w1': 0.803, 'w2': 0.178, 'w3': 0.5710000000000001, 'w4': 0.882, 'w5': 0.98, 'w6': 0.253, 'w7': 0.188, 'w8': 0.7040000000000001, 'max_depth': 9, 'min_child_weight': 16, 'subsample': 0.8, 'colsample_bytree': 0.9000000000000001, 'gamma': 0.0}. Best is trial 556 with value: 0.5099189407344089.
[I 2023-10-20 04:18:39,696] Trial 1026 finished with value: 0.5021983806074198 and parameters: {'w0': 0.219, 'w1': 0.8310000000000001, 'w2': 0.17200000000000001, 'w3': 0.5730000000000001, 'w4': 0.882, 'w5': 0.978, 'w6': 0.984, 'w7': 0.131, 'w8': 0.801, 'max_depth': 9, 'min_child_weight': 16, 'subsample': 0.8, 'colsample_bytree': 0.9000000000000001, 'gamma': 0.0}. Best is trial 556 with value: 0.5099189407344089.
[I 2023-10-20 04:19:04,866] Trial 1027 finished with value: 0.5067215113750436 and parameters: {'w0': 0.185, 'w1': 0.8330000000000001, 'w2': 0.17200000000000001, 'w3': 0.5740000000000001, 'w4': 0.88, 'w5': 0.983, 'w6': 0.318, 'w7': 0.13, 'w8': 0.773, 'max_depth': 9, 'min_child_weight': 16, 'subsample': 0.8, 'colsample_bytree': 0.9000000000000001, 'gamma': 0.0}. Best is trial 556 with value: 0.5099189407344089.
[I 2023-10-20 04:19:20,047] Trial 1028 finished with value: 0.5008890791576932 and parameters: {'w0': 0.184, 'w1': 0.8320000000000001, 'w2': 0.17300000000000001, 'w3': 0.5700000000000001, 'w4': 0.882, 'w5': 0.545, 'w6': 0.255, 'w7': 0.136, 'w8': 0.775, 'max_depth': 9, 'min_child_weight': 16, 'subsample': 0.8, 'colsample_bytree': 0.9000000000000001, 'gamma': 0.0}. Best is trial 556 with value: 0.5099189407344089.
[I 2023-10-20 04:20:07,721] Trial 1029 finished with value: 0.5029597886373944 and parameters: {'w0': 0.185, 'w1': 0.8300000000000001, 'w2': 0.17400000000000002, 'w3': 0.5750000000000001, 'w4': 0.881, 'w5': 0.981, 'w6': 0.243, 'w7': 0.134, 'w8': 0.772, 'max_depth': 9, 'min_child_weight': 16, 'subsample': 0.8, 'colsample_bytree': 0.9000000000000001, 'gamma': 0.0}. Best is trial 556 with value: 0.5099189407344089.
[I 2023-10-20 04:20:51,287] Trial 1030 finished with value: 0.5024387295137489 and parameters: {'w0': 0.182, 'w1': 0.8290000000000001, 'w2': 0.136, 'w3': 0.5690000000000001, 'w4': 0.881, 'w5': 0.983, 'w6': 0.24000000000000002, 'w7': 0.133, 'w8': 0.771, 'max_depth': 9, 'min_child_weight': 16, 'subsample': 0.8, 'colsample_bytree': 0.9000000000000001, 'gamma': 0.0}. Best is trial 556 with value: 0.5099189407344089.
[I 2023-10-20 04:21:57,006] Trial 1031 finished with value: 0.4808313932347782 and parameters: {'w0': 0.8180000000000001, 'w1': 0.8330000000000001, 'w2': 0.137, 'w3': 0.5680000000000001, 'w4': 0.875, 'w5': 0.983, 'w6': 0.244, 'w7': 0.13, 'w8': 0.778, 'max_depth': 9, 'min_child_weight': 16, 'subsample': 0.8, 'colsample_bytree': 0.7, 'gamma': 0.0}. Best is trial 556 with value: 0.5099189407344089.
[I 2023-10-20 04:23:23,940] Trial 1033 finished with value: 0.48702893388073987 and parameters: {'w0': 0.22, 'w1': 0.159, 'w2': 0.215, 'w3': 0.5720000000000001, 'w4': 0.88, 'w5': 0.982, 'w6': 0.252, 'w7': 0.128, 'w8': 0.771, 'max_depth': 8, 'min_child_weight': 10, 'subsample': 0.8, 'colsample_bytree': 0.9000000000000001, 'gamma': 0.0}. Best is trial 556 with value: 0.5099189407344089.
[I 2023-10-20 04:23:32,383] Trial 1032 finished with value: 0.49856589267515056 and parameters: {'w0': 0.221, 'w1': 0.838, 'w2': 0.17, 'w3': 0.5700000000000001, 'w4': 0.882, 'w5': 0.984, 'w6': 0.246, 'w7': 0.133, 'w8': 0.773, 'max_depth': 9, 'min_child_weight': 10, 'subsample': 0.8, 'colsample_bytree': 0.7, 'gamma': 0.0}. Best is trial 556 with value: 0.5099189407344089.
[I 2023-10-20 04:26:15,896] Trial 1034 finished with value: 0.5043604115059538 and parameters: {'w0': 0.158, 'w1': 0.962, 'w2': 0.08600000000000001, 'w3': 0.5750000000000001, 'w4': 0.883, 'w5': 0.983, 'w6': 0.254, 'w7': 0.091, 'w8': 0.771, 'max_depth': 8, 'min_child_weight': 16, 'subsample': 0.8, 'colsample_bytree': 0.9000000000000001, 'gamma': 0.0}. Best is trial 556 with value: 0.5099189407344089.
[I 2023-10-20 04:27:25,087] Trial 1036 finished with value: 0.49644087439415713 and parameters: {'w0': 0.28, 'w1': 0.834, 'w2': 0.091, 'w3': 0.317, 'w4': 0.88, 'w5': 1.0, 'w6': 0.335, 'w7': 0.08800000000000001, 'w8': 0.772, 'max_depth': 8, 'min_child_weight': 16, 'subsample': 0.8, 'colsample_bytree': 0.7, 'gamma': 0.0}. Best is trial 556 with value: 0.5099189407344089.
[I 2023-10-20 04:27:42,285] Trial 1035 finished with value: 0.5056748196924931 and parameters: {'w0': 0.157, 'w1': 0.9580000000000001, 'w2': 0.139, 'w3': 0.5700000000000001, 'w4': 0.884, 'w5': 0.983, 'w6': 0.338, 'w7': 0.08700000000000001, 'w8': 0.804, 'max_depth': 8, 'min_child_weight': 16, 'subsample': 0.8, 'colsample_bytree': 0.7, 'gamma': 0.0}. Best is trial 556 with value: 0.5099189407344089.
[I 2023-10-20 04:27:59,772] Trial 1038 finished with value: 0.4892265895273945 and parameters: {'w0': 0.165, 'w1': 0.834, 'w2': 0.089, 'w3': 0.07200000000000001, 'w4': 0.88, 'w5': 0.984, 'w6': 0.335, 'w7': 0.136, 'w8': 0.771, 'max_depth': 8, 'min_child_weight': 14, 'subsample': 0.8, 'colsample_bytree': 0.7, 'gamma': 0.4}. Best is trial 556 with value: 0.5099189407344089.
[I 2023-10-20 04:28:19,714] Trial 1037 finished with value: 0.49175276905321763 and parameters: {'w0': 0.16, 'w1': 0.837, 'w2': 0.08600000000000001, 'w3': 0.483, 'w4': 0.878, 'w5': 0.983, 'w6': 0.339, 'w7': 0.136, 'w8': 0.773, 'max_depth': 8, 'min_child_weight': 14, 'subsample': 0.8, 'colsample_bytree': 0.7, 'gamma': 0.4}. Best is trial 556 with value: 0.5099189407344089.
[I 2023-10-20 04:28:59,658] Trial 1040 finished with value: 0.49995636593761034 and parameters: {'w0': 0.156, 'w1': 0.927, 'w2': 0.09, 'w3': 0.489, 'w4': 0.88, 'w5': 0.903, 'w6': 0.332, 'w7': 0.08600000000000001, 'w8': 0.805, 'max_depth': 8, 'min_child_weight': 10, 'subsample': 0.8, 'colsample_bytree': 0.5, 'gamma': 0.4}. Best is trial 556 with value: 0.5099189407344089.
[I 2023-10-20 04:29:26,156] Trial 1039 finished with value: 0.47688811396886366 and parameters: {'w0': 0.225, 'w1': 0.8330000000000001, 'w2': 0.08700000000000001, 'w3': 0.499, 'w4': 0.164, 'w5': 0.9420000000000001, 'w6': 0.335, 'w7': 0.08600000000000001, 'w8': 0.774, 'max_depth': 8, 'min_child_weight': 14, 'subsample': 0.8, 'colsample_bytree': 0.7, 'gamma': 0.4}. Best is trial 556 with value: 0.5099189407344089.
[I 2023-10-20 04:30:38,626] Trial 1041 finished with value: 0.4925349900569209 and parameters: {'w0': 0.154, 'w1': 0.961, 'w2': 0.08700000000000001, 'w3': 0.491, 'w4': 0.878, 'w5': 0.904, 'w6': 0.783, 'w7': 0.132, 'w8': 0.773, 'max_depth': 8, 'min_child_weight': 14, 'subsample': 0.8, 'colsample_bytree': 0.7, 'gamma': 0.4}. Best is trial 556 with value: 0.5099189407344089.
[I 2023-10-20 04:32:36,869] Trial 1044 finished with value: 0.4747503157731482 and parameters: {'w0': 0.222, 'w1': 0.847, 'w2': 0.08700000000000001, 'w3': 0.605, 'w4': 0.153, 'w5': 0.9430000000000001, 'w6': 0.338, 'w7': 0.08700000000000001, 'w8': 0.806, 'max_depth': 8, 'min_child_weight': 14, 'subsample': 0.8, 'colsample_bytree': 0.5, 'gamma': 0.4}. Best is trial 556 with value: 0.5099189407344089.
[I 2023-10-20 04:32:55,002] Trial 1042 finished with value: 0.492913344501751 and parameters: {'w0': 0.155, 'w1': 0.961, 'w2': 0.08600000000000001, 'w3': 0.48000000000000004, 'w4': 0.88, 'w5': 1.0, 'w6': 0.338, 'w7': 0.052000000000000005, 'w8': 0.767, 'max_depth': 8, 'min_child_weight': 14, 'subsample': 0.8, 'colsample_bytree': 0.9000000000000001, 'gamma': 0.4}. Best is trial 556 with value: 0.5099189407344089.
