[I 2023-10-20 01:30:54,270] Trial 822 finished with value: 0.49947854618287696 and parameters: {'w0': 0.20900000000000002, 'w1': 0.854, 'w2': 0.091, 'w3': 0.62, 'w4': 0.881, 'w5': 0.9410000000000001, 'w6': 0.329, 'w7': 0.10200000000000001, 'w8': 0.759, 'max_depth': 8, 'min_child_weight': 16, 'subsample': 0.8, 'colsample_bytree': 0.9000000000000001, 'gamma': 0.0}. Best is trial 556 with value: 0.5099189407344089.
[I 2023-10-20 01:32:01,192] Trial 825 finished with value: 0.4761067468526349 and parameters: {'w0': 0.215, 'w1': 0.89, 'w2': 0.661, 'w3': 0.299, 'w4': 0.934, 'w5': 0.9390000000000001, 'w6': 0.28400000000000003, 'w7': 0.10300000000000001, 'w8': 0.757, 'max_depth': 8, 'min_child_weight': 16, 'subsample': 0.8, 'colsample_bytree': 0.9000000000000001, 'gamma': 0.2}. Best is trial 556 with value: 0.5099189407344089.
[I 2023-10-20 01:33:37,319] Trial 829 finished with value: 0.48688398396055543 and parameters: {'w0': 0.199, 'w1': 0.889, 'w2': 0.106, 'w3': 0.495, 'w4': 0.927, 'w5': 0.933, 'w6': 0.28600000000000003, 'w7': 0.04, 'w8': 0.76, 'max_depth': 9, 'min_child_weight': 16, 'subsample': 0.8, 'colsample_bytree': 0.9000000000000001, 'gamma': 0.2}. Best is trial 556 with value: 0.5099189407344089.
[I 2023-10-20 01:33:37,844] Trial 827 finished with value: 0.4853631141233672 and parameters: {'w0': 0.214, 'w1': 0.893, 'w2': 0.421, 'w3': 0.497, 'w4': 0.876, 'w5': 0.983, 'w6': 0.28500000000000003, 'w7': 0.10200000000000001, 'w8': 0.759, 'max_depth': 9, 'min_child_weight': 16, 'subsample': 0.8, 'colsample_bytree': 0.9000000000000001, 'gamma': 0.2}. Best is trial 556 with value: 0.5099189407344089.
[I 2023-10-20 01:33:39,280] Trial 826 finished with value: 0.48488312663363903 and parameters: {'w0': 0.661, 'w1': 0.854, 'w2': 0.14500000000000002, 'w3': 0.5, 'w4': 0.878, 'w5': 0.9390000000000001, 'w6': 0.327, 'w7': 0.106, 'w8': 0.757, 'max_depth': 9, 'min_child_weight': 16, 'subsample': 0.8, 'colsample_bytree': 0.9000000000000001, 'gamma': 0.0}. Best is trial 556 with value: 0.5099189407344089.
[I 2023-10-20 01:34:08,498] Trial 828 finished with value: 0.5062506837177155 and parameters: {'w0': 0.20900000000000002, 'w1': 0.891, 'w2': 0.10400000000000001, 'w3': 0.496, 'w4': 0.876, 'w5': 0.937, 'w6': 0.329, 'w7': 0.107, 'w8': 0.757, 'max_depth': 9, 'min_child_weight': 16, 'subsample': 0.8, 'colsample_bytree': 0.9000000000000001, 'gamma': 0.2}. Best is trial 556 with value: 0.5099189407344089.
[I 2023-10-20 01:35:20,490] Trial 830 finished with value: 0.49696479725126136 and parameters: {'w0': 0.232, 'w1': 0.313, 'w2': 0.14400000000000002, 'w3': 0.497, 'w4': 0.933, 'w5': 0.936, 'w6': 0.28600000000000003, 'w7': 0.108, 'w8': 0.757, 'max_depth': 9, 'min_child_weight': 16, 'subsample': 0.8, 'colsample_bytree': 0.9000000000000001, 'gamma': 0.2}. Best is trial 556 with value: 0.5099189407344089.
[I 2023-10-20 01:35:49,837] Trial 831 finished with value: 0.48798655534618046 and parameters: {'w0': 0.215, 'w1': 0.888, 'w2': 0.101, 'w3': 0.494, 'w4': 0.929, 'w5': 0.171, 'w6': 0.28500000000000003, 'w7': 0.10500000000000001, 'w8': 0.757, 'max_depth': 9, 'min_child_weight': 16, 'subsample': 0.8, 'colsample_bytree': 0.5, 'gamma': 0.4}. Best is trial 556 with value: 0.5099189407344089.
[I 2023-10-20 01:37:29,858] Trial 833 finished with value: 0.5008038009598029 and parameters: {'w0': 0.077, 'w1': 0.841, 'w2': 0.061, 'w3': 0.42, 'w4': 0.798, 'w5': 0.929, 'w6': 0.324, 'w7': 0.046, 'w8': 0.835, 'max_depth': 8, 'min_child_weight': 16, 'subsample': 0.8, 'colsample_bytree': 0.9000000000000001, 'gamma': 0.0}. Best is trial 556 with value: 0.5099189407344089.
[I 2023-10-20 01:37:33,004] Trial 832 finished with value: 0.4861104586393842 and parameters: {'w0': 0.20700000000000002, 'w1': 0.862, 'w2': 0.14500000000000002, 'w3': 0.5, 'w4': 0.882, 'w5': 0.934, 'w6': 0.321, 'w7': 0.052000000000000005, 'w8': 0.811, 'max_depth': 8, 'min_child_weight': 16, 'subsample': 0.8, 'colsample_bytree': 0.9000000000000001, 'gamma': 0.2}. Best is trial 556 with value: 0.5099189407344089.
[I 2023-10-20 01:37:51,310] Trial 834 finished with value: 0.48233330631305743 and parameters: {'w0': 0.20800000000000002, 'w1': 0.843, 'w2': 0.068, 'w3': 0.43, 'w4': 0.8190000000000001, 'w5': 0.168, 'w6': 0.329, 'w7': 0.047, 'w8': 0.8140000000000001, 'max_depth': 8, 'min_child_weight': 16, 'subsample': 0.8, 'colsample_bytree': 0.9000000000000001, 'gamma': 0.0}. Best is trial 556 with value: 0.5099189407344089.
[I 2023-10-20 01:38:50,036] Trial 835 finished with value: 0.4904643368955966 and parameters: {'w0': 0.11900000000000001, 'w1': 0.84, 'w2': 0.063, 'w3': 0.428, 'w4': 0.802, 'w5': 0.93, 'w6': 0.28800000000000003, 'w7': 0.10500000000000001, 'w8': 0.8150000000000001, 'max_depth': 8, 'min_child_weight': 16, 'subsample': 0.8, 'colsample_bytree': 0.5, 'gamma': 0.2}. Best is trial 556 with value: 0.5099189407344089.
[I 2023-10-20 01:42:43,938] Trial 836 finished with value: 0.5068369945148867 and parameters: {'w0': 0.079, 'w1': 0.84, 'w2': 0.07300000000000001, 'w3': 0.41000000000000003, 'w4': 0.797, 'w5': 0.935, 'w6': 0.324, 'w7': 0.075, 'w8': 0.834, 'max_depth': 8, 'min_child_weight': 16, 'subsample': 0.8, 'colsample_bytree': 0.9000000000000001, 'gamma': 0.2}. Best is trial 556 with value: 0.5099189407344089.
[I 2023-10-20 01:43:15,330] Trial 837 finished with value: 0.4855713824465284 and parameters: {'w0': 0.077, 'w1': 0.836, 'w2': 0.078, 'w3': 0.47100000000000003, 'w4': 0.8310000000000001, 'w5': 0.884, 'w6': 0.323, 'w7': 0.032, 'w8': 0.804, 'max_depth': 8, 'min_child_weight': 16, 'subsample': 0.8, 'colsample_bytree': 0.9000000000000001, 'gamma': 0.2}. Best is trial 556 with value: 0.5099189407344089.
[I 2023-10-20 01:44:57,470] Trial 839 finished with value: 0.5040209206617527 and parameters: {'w0': 0.079, 'w1': 0.839, 'w2': 0.061, 'w3': 0.432, 'w4': 0.835, 'w5': 0.932, 'w6': 0.333, 'w7': 0.065, 'w8': 0.835, 'max_depth': 8, 'min_child_weight': 16, 'subsample': 0.8, 'colsample_bytree': 0.9000000000000001, 'gamma': 0.2}. Best is trial 556 with value: 0.5099189407344089.
[I 2023-10-20 01:44:59,372] Trial 838 finished with value: 0.5007875108054606 and parameters: {'w0': 0.124, 'w1': 0.847, 'w2': 0.084, 'w3': 0.465, 'w4': 0.811, 'w5': 0.867, 'w6': 0.336, 'w7': 0.062, 'w8': 0.8310000000000001, 'max_depth': 8, 'min_child_weight': 16, 'subsample': 0.8, 'colsample_bytree': 0.9000000000000001, 'gamma': 0.2}. Best is trial 556 with value: 0.5099189407344089.
[I 2023-10-20 01:45:23,504] Trial 840 finished with value: 0.4794334137974572 and parameters: {'w0': 0.12000000000000001, 'w1': 0.841, 'w2': 0.14200000000000002, 'w3': 0.447, 'w4': 0.847, 'w5': 0.884, 'w6': 0.325, 'w7': 0.027000000000000003, 'w8': 0.81, 'max_depth': 8, 'min_child_weight': 16, 'subsample': 0.8, 'colsample_bytree': 0.9000000000000001, 'gamma': 0.2}. Best is trial 556 with value: 0.5099189407344089.
[I 2023-10-20 01:46:36,549] Trial 841 finished with value: 0.5013304365457176 and parameters: {'w0': 0.117, 'w1': 0.836, 'w2': 0.064, 'w3': 0.40900000000000003, 'w4': 0.81, 'w5': 0.878, 'w6': 0.328, 'w7': 0.08, 'w8': 0.876, 'max_depth': 8, 'min_child_weight': 16, 'subsample': 0.8, 'colsample_bytree': 0.9000000000000001, 'gamma': 0.2}. Best is trial 556 with value: 0.5099189407344089.
[I 2023-10-20 01:48:03,754] Trial 842 finished with value: 0.5016529402563336 and parameters: {'w0': 0.12000000000000001, 'w1': 0.834, 'w2': 0.061, 'w3': 0.43, 'w4': 0.8220000000000001, 'w5': 0.93, 'w6': 0.321, 'w7': 0.059000000000000004, 'w8': 0.871, 'max_depth': 8, 'min_child_weight': 16, 'subsample': 0.8, 'colsample_bytree': 0.9000000000000001, 'gamma': 0.2}. Best is trial 556 with value: 0.5099189407344089.
[I 2023-10-20 01:48:06,332] Trial 843 finished with value: 0.504845096016369 and parameters: {'w0': 0.121, 'w1': 0.844, 'w2': 0.075, 'w3': 0.41400000000000003, 'w4': 0.792, 'w5': 0.877, 'w6': 0.318, 'w7': 0.063, 'w8': 0.8330000000000001, 'max_depth': 8, 'min_child_weight': 16, 'subsample': 0.8, 'colsample_bytree': 0.9000000000000001, 'gamma': 0.2}. Best is trial 556 with value: 0.5099189407344089.
[I 2023-10-20 01:48:15,168] Trial 845 finished with value: 0.4954053121655342 and parameters: {'w0': 0.23, 'w1': 0.846, 'w2': 0.059000000000000004, 'w3': 0.429, 'w4': 0.849, 'w5': 0.887, 'w6': 0.375, 'w7': 0.064, 'w8': 0.8190000000000001, 'max_depth': 8, 'min_child_weight': 16, 'subsample': 0.8, 'colsample_bytree': 0.5, 'gamma': 0.2}. Best is trial 556 with value: 0.5099189407344089.
[I 2023-10-20 01:48:31,600] Trial 844 finished with value: 0.5034802022664233 and parameters: {'w0': 0.123, 'w1': 0.837, 'w2': 0.068, 'w3': 0.431, 'w4': 0.812, 'w5': 0.924, 'w6': 0.328, 'w7': 0.059000000000000004, 'w8': 0.8330000000000001, 'max_depth': 8, 'min_child_weight': 16, 'subsample': 0.8, 'colsample_bytree': 0.9000000000000001, 'gamma': 0.2}. Best is trial 556 with value: 0.5099189407344089.
[I 2023-10-20 01:49:59,960] Trial 846 finished with value: 0.4925022748706491 and parameters: {'w0': 0.234, 'w1': 0.836, 'w2': 0.053000000000000005, 'w3': 0.425, 'w4': 0.8270000000000001, 'w5': 0.887, 'w6': 0.333, 'w7': 0.075, 'w8': 0.836, 'max_depth': 8, 'min_child_weight': 16, 'subsample': 0.8, 'colsample_bytree': 0.9000000000000001, 'gamma': 0.2}. Best is trial 556 with value: 0.5099189407344089.
[I 2023-10-20 01:51:18,940] Trial 847 finished with value: 0.4714333391396746 and parameters: {'w0': 0.23600000000000002, 'w1': 0.868, 'w2': 0.757, 'w3': 0.42, 'w4': 0.8290000000000001, 'w5': 0.922, 'w6': 0.403, 'w7': 0.066, 'w8': 0.8310000000000001, 'max_depth': 8, 'min_child_weight': 16, 'subsample': 0.8, 'colsample_bytree': 0.9000000000000001, 'gamma': 0.2}. Best is trial 556 with value: 0.5099189407344089.
[I 2023-10-20 01:52:16,029] Trial 849 finished with value: 0.5024906028259082 and parameters: {'w0': 0.23, 'w1': 0.875, 'w2': 0.079, 'w3': 0.432, 'w4': 0.8260000000000001, 'w5': 0.923, 'w6': 0.401, 'w7': 0.082, 'w8': 0.8250000000000001, 'max_depth': 8, 'min_child_weight': 18, 'subsample': 0.8, 'colsample_bytree': 0.9000000000000001, 'gamma': 0.2}. Best is trial 556 with value: 0.5099189407344089.
[I 2023-10-20 01:52:20,224] Trial 848 finished with value: 0.5021961036685647 and parameters: {'w0': 0.17500000000000002, 'w1': 0.841, 'w2': 0.069, 'w3': 0.421, 'w4': 0.8140000000000001, 'w5': 0.864, 'w6': 0.4, 'w7': 0.067, 'w8': 0.8310000000000001, 'max_depth': 8, 'min_child_weight': 16, 'subsample': 0.8, 'colsample_bytree': 0.9000000000000001, 'gamma': 0.2}. Best is trial 556 with value: 0.5099189407344089.
[I 2023-10-20 01:53:02,306] Trial 850 finished with value: 0.47829876762729856 and parameters: {'w0': 0.188, 'w1': 0.84, 'w2': 0.506, 'w3': 0.436, 'w4': 0.806, 'w5': 0.889, 'w6': 0.38, 'w7': 0.067, 'w8': 0.8180000000000001, 'max_depth': 8, 'min_child_weight': 18, 'subsample': 0.8, 'colsample_bytree': 0.9000000000000001, 'gamma': 0.2}. Best is trial 556 with value: 0.5099189407344089.
[I 2023-10-20 01:53:37,607] Trial 851 finished with value: 0.5027592244768413 and parameters: {'w0': 0.234, 'w1': 0.871, 'w2': 0.077, 'w3': 0.45, 'w4': 0.835, 'w5': 0.881, 'w6': 0.371, 'w7': 0.064, 'w8': 0.87, 'max_depth': 8, 'min_child_weight': 18, 'subsample': 0.8, 'colsample_bytree': 0.9000000000000001, 'gamma': 0.2}. Best is trial 556 with value: 0.5099189407344089.
[I 2023-10-20 01:57:06,569] Trial 852 finished with value: 0.4664406142977299 and parameters: {'w0': 0.228, 'w1': 0.867, 'w2': 0.076, 'w3': 0.445, 'w4': 0.835, 'w5': 0.879, 'w6': 0.34, 'w7': 0.024, 'w8': 0.864, 'max_depth': 8, 'min_child_weight': 16, 'subsample': 0.8, 'colsample_bytree': 0.9000000000000001, 'gamma': 0.2}. Best is trial 556 with value: 0.5099189407344089.
[I 2023-10-20 01:57:21,157] Trial 854 finished with value: 0.47772209443645297 and parameters: {'w0': 0.041, 'w1': 0.864, 'w2': 0.046, 'w3': 0.425, 'w4': 0.8280000000000001, 'w5': 0.875, 'w6': 0.338, 'w7': 0.065, 'w8': 0.883, 'max_depth': 8, 'min_child_weight': 16, 'subsample': 0.8, 'colsample_bytree': 0.9000000000000001, 'gamma': 0.4}. Best is trial 556 with value: 0.5099189407344089.
[I 2023-10-20 01:57:59,889] Trial 856 finished with value: 0.464359395238733 and parameters: {'w0': 0.019000000000000003, 'w1': 0.871, 'w2': 0.074, 'w3': 0.40800000000000003, 'w4': 0.844, 'w5': 0.897, 'w6': 0.311, 'w7': 0.07, 'w8': 0.811, 'max_depth': 8, 'min_child_weight': 16, 'subsample': 0.8, 'colsample_bytree': 0.9000000000000001, 'gamma': 0.4}. Best is trial 556 with value: 0.5099189407344089.
[I 2023-10-20 01:58:00,626] Trial 853 finished with value: 0.4828862630436912 and parameters: {'w0': 0.242, 'w1': 0.868, 'w2': 0.038, 'w3': 0.404, 'w4': 0.8200000000000001, 'w5': 0.875, 'w6': 0.333, 'w7': 0.067, 'w8': 0.836, 'max_depth': 8, 'min_child_weight': 16, 'subsample': 0.8, 'colsample_bytree': 0.9000000000000001, 'gamma': 0.2}. Best is trial 556 with value: 0.5099189407344089.
[I 2023-10-20 02:00:16,866] Trial 855 finished with value: 0.47318532549905445 and parameters: {'w0': 0.189, 'w1': 0.868, 'w2': 0.7030000000000001, 'w3': 0.402, 'w4': 0.8220000000000001, 'w5': 0.886, 'w6': 0.332, 'w7': 0.066, 'w8': 0.858, 'max_depth': 8, 'min_child_weight': 16, 'subsample': 0.8, 'colsample_bytree': 0.9000000000000001, 'gamma': 0.4}. Best is trial 556 with value: 0.5099189407344089.
[I 2023-10-20 02:00:30,533] Trial 857 finished with value: 0.49865679129895973 and parameters: {'w0': 0.18, 'w1': 0.871, 'w2': 0.075, 'w3': 0.449, 'w4': 0.8280000000000001, 'w5': 0.891, 'w6': 0.311, 'w7': 0.07100000000000001, 'w8': 0.8290000000000001, 'max_depth': 8, 'min_child_weight': 16, 'subsample': 0.8, 'colsample_bytree': 0.9000000000000001, 'gamma': 0.4}. Best is trial 556 with value: 0.5099189407344089.
[I 2023-10-20 02:00:56,992] Trial 860 finished with value: 0.44614811607727145 and parameters: {'w0': 0.021, 'w1': 0.878, 'w2': 0.041, 'w3': 0.391, 'w4': 0.842, 'w5': 0.896, 'w6': 0.341, 'w7': 0.074, 'w8': 0.857, 'max_depth': 8, 'min_child_weight': 16, 'subsample': 0.8, 'colsample_bytree': 0.9000000000000001, 'gamma': 0.4}. Best is trial 556 with value: 0.5099189407344089.
[I 2023-10-20 02:00:57,826] Trial 859 finished with value: 0.5026498939943402 and parameters: {'w0': 0.181, 'w1': 0.866, 'w2': 0.094, 'w3': 0.449, 'w4': 0.8260000000000001, 'w5': 0.89, 'w6': 0.341, 'w7': 0.075, 'w8': 0.8330000000000001, 'max_depth': 7, 'min_child_weight': 16, 'subsample': 0.8, 'colsample_bytree': 0.9000000000000001, 'gamma': 0.4}. Best is trial 556 with value: 0.5099189407344089.
[I 2023-10-20 02:01:49,510] Trial 858 finished with value: 0.5047705744354876 and parameters: {'w0': 0.177, 'w1': 0.874, 'w2': 0.078, 'w3': 0.40900000000000003, 'w4': 0.847, 'w5': 0.88, 'w6': 0.31, 'w7': 0.07100000000000001, 'w8': 0.852, 'max_depth': 8, 'min_child_weight': 16, 'subsample': 0.8, 'colsample_bytree': 0.9000000000000001, 'gamma': 0.4}. Best is trial 556 with value: 0.5099189407344089.
[I 2023-10-20 02:02:31,284] Trial 862 finished with value: 0.47711074824328065 and parameters: {'w0': 0.182, 'w1': 0.87, 'w2': 0.041, 'w3': 0.41100000000000003, 'w4': 0.8240000000000001, 'w5': 0.918, 'w6': 0.311, 'w7': 0.081, 'w8': 0.882, 'max_depth': 7, 'min_child_weight': 16, 'subsample': 0.8, 'colsample_bytree': 0.8, 'gamma': 0.4}. Best is trial 556 with value: 0.5099189407344089.
[I 2023-10-20 02:03:00,561] Trial 861 finished with value: 0.47131719448130405 and parameters: {'w0': 0.189, 'w1': 0.872, 'w2': 0.723, 'w3': 0.41300000000000003, 'w4': 0.8260000000000001, 'w5': 0.908, 'w6': 0.307, 'w7': 0.078, 'w8': 0.865, 'max_depth': 7, 'min_child_weight': 16, 'subsample': 0.8, 'colsample_bytree': 0.9000000000000001, 'gamma': 0.4}. Best is trial 556 with value: 0.5099189407344089.
[I 2023-10-20 02:03:23,099] Trial 863 finished with value: 0.44185955908766167 and parameters: {'w0': 0.029, 'w1': 0.874, 'w2': 0.023, 'w3': 0.454, 'w4': 0.843, 'w5': 0.918, 'w6': 0.307, 'w7': 0.083, 'w8': 0.844, 'max_depth': 7, 'min_child_weight': 12, 'subsample': 0.8, 'colsample_bytree': 0.7, 'gamma': 0.4}. Best is trial 556 with value: 0.5099189407344089.
[I 2023-10-20 02:05:31,982] Trial 866 finished with value: 0.46441922350066356 and parameters: {'w0': 0.042, 'w1': 0.873, 'w2': 0.039, 'w3': 0.459, 'w4': 0.876, 'w5': 0.917, 'w6': 0.308, 'w7': 0.08800000000000001, 'w8': 0.851, 'max_depth': 7, 'min_child_weight': 16, 'subsample': 0.8, 'colsample_bytree': 0.9000000000000001, 'gamma': 0.4}. Best is trial 556 with value: 0.5099189407344089.
[I 2023-10-20 02:05:53,621] Trial 864 finished with value: 0.5007147515284891 and parameters: {'w0': 0.187, 'w1': 0.874, 'w2': 0.083, 'w3': 0.448, 'w4': 0.838, 'w5': 0.9500000000000001, 'w6': 0.308, 'w7': 0.083, 'w8': 0.262, 'max_depth': 8, 'min_child_weight': 16, 'subsample': 0.8, 'colsample_bytree': 0.9000000000000001, 'gamma': 0.4}. Best is trial 556 with value: 0.5099189407344089.
[I 2023-10-20 02:06:34,300] Trial 865 finished with value: 0.5057849839092462 and parameters: {'w0': 0.183, 'w1': 0.877, 'w2': 0.096, 'w3': 0.384, 'w4': 0.841, 'w5': 0.9460000000000001, 'w6': 0.309, 'w7': 0.093, 'w8': 0.783, 'max_depth': 7, 'min_child_weight': 8, 'subsample': 0.8, 'colsample_bytree': 0.9000000000000001, 'gamma': 0.4}. Best is trial 556 with value: 0.5099189407344089.
[I 2023-10-20 02:07:47,336] Trial 867 finished with value: 0.47025459258567154 and parameters: {'w0': 0.18, 'w1': 0.873, 'w2': 0.034, 'w3': 0.401, 'w4': 0.878, 'w5': 0.922, 'w6': 0.308, 'w7': 0.085, 'w8': 0.859, 'max_depth': 8, 'min_child_weight': 8, 'subsample': 0.8, 'colsample_bytree': 0.8, 'gamma': 0.4}. Best is trial 556 with value: 0.5099189407344089.
[I 2023-10-20 02:08:12,708] Trial 873 finished with value: 0.4960037505605468 and parameters: {'w0': 0.163, 'w1': 0.89, 'w2': 0.10200000000000001, 'w3': 0.382, 'w4': 0.878, 'w5': 0.927, 'w6': 0.295, 'w7': 0.091, 'w8': 0.852, 'max_depth': 8, 'min_child_weight': 14, 'subsample': 0.8, 'colsample_bytree': 0.8, 'gamma': 1.6}. Best is trial 556 with value: 0.5099189407344089.
[I 2023-10-20 02:11:06,737] Trial 868 finished with value: 0.4472311706342951 and parameters: {'w0': 0.512, 'w1': 0.887, 'w2': 0.02, 'w3': 0.383, 'w4': 0.845, 'w5': 0.9430000000000001, 'w6': 0.306, 'w7': 0.08600000000000001, 'w8': 0.854, 'max_depth': 7, 'min_child_weight': 8, 'subsample': 0.8, 'colsample_bytree': 0.9000000000000001, 'gamma': 0.4}. Best is trial 556 with value: 0.5099189407344089.
[I 2023-10-20 02:12:05,179] Trial 869 finished with value: 0.5066833977686326 and parameters: {'w0': 0.188, 'w1': 0.884, 'w2': 0.08700000000000001, 'w3': 0.398, 'w4': 0.873, 'w5': 0.9480000000000001, 'w6': 0.308, 'w7': 0.085, 'w8': 0.857, 'max_depth': 8, 'min_child_weight': 16, 'subsample': 0.8, 'colsample_bytree': 0.9000000000000001, 'gamma': 0.0}. Best is trial 556 with value: 0.5099189407344089.
[I 2023-10-20 02:12:27,648] Trial 871 finished with value: 0.5021923295162775 and parameters: {'w0': 0.187, 'w1': 0.886, 'w2': 0.092, 'w3': 0.447, 'w4': 0.88, 'w5': 0.92, 'w6': 0.303, 'w7': 0.093, 'w8': 0.852, 'max_depth': 7, 'min_child_weight': 14, 'subsample': 0.8, 'colsample_bytree': 0.9000000000000001, 'gamma': 0.0}. Best is trial 556 with value: 0.5099189407344089.
[I 2023-10-20 02:12:57,559] Trial 870 finished with value: 0.5069289582214609 and parameters: {'w0': 0.183, 'w1': 0.884, 'w2': 0.094, 'w3': 0.38, 'w4': 0.872, 'w5': 0.92, 'w6': 0.307, 'w7': 0.083, 'w8': 0.773, 'max_depth': 8, 'min_child_weight': 14, 'subsample': 0.8, 'colsample_bytree': 0.8, 'gamma': 0.0}. Best is trial 556 with value: 0.5099189407344089.
[I 2023-10-20 02:13:16,276] Trial 872 finished with value: 0.38639868382884196 and parameters: {'w0': 0.003, 'w1': 0.889, 'w2': 0.025, 'w3': 0.388, 'w4': 0.88, 'w5': 0.921, 'w6': 0.305, 'w7': 0.08700000000000001, 'w8': 0.788, 'max_depth': 7, 'min_child_weight': 14, 'subsample': 0.8, 'colsample_bytree': 0.9000000000000001, 'gamma': 0.0}. Best is trial 556 with value: 0.5099189407344089.
[I 2023-10-20 02:13:25,108] Trial 881 finished with value: 0.49847894021074723 and parameters: {'w0': 0.165, 'w1': 0.894, 'w2': 0.109, 'w3': 0.468, 'w4': 0.749, 'w5': 0.9520000000000001, 'w6': 0.28300000000000003, 'w7': 0.109, 'w8': 0.783, 'max_depth': 8, 'min_child_weight': 14, 'subsample': 0.8, 'colsample_bytree': 0.6000000000000001, 'gamma': 1.6}. Best is trial 556 with value: 0.5099189407344089.
[I 2023-10-20 02:14:52,629] Trial 875 finished with value: 0.5088908876787598 and parameters: {'w0': 0.161, 'w1': 0.89, 'w2': 0.108, 'w3': 0.46900000000000003, 'w4': 0.878, 'w5': 0.9530000000000001, 'w6': 0.725, 'w7': 0.10400000000000001, 'w8': 0.782, 'max_depth': 7, 'min_child_weight': 14, 'subsample': 0.8, 'colsample_bytree': 0.8, 'gamma': 0.0}. Best is trial 556 with value: 0.5099189407344089.
[I 2023-10-20 02:15:08,886] Trial 874 finished with value: 0.4688869318534349 and parameters: {'w0': 0.167, 'w1': 0.901, 'w2': 0.027000000000000003, 'w3': 0.456, 'w4': 0.781, 'w5': 0.9410000000000001, 'w6': 0.305, 'w7': 0.08700000000000001, 'w8': 0.779, 'max_depth': 7, 'min_child_weight': 14, 'subsample': 0.8, 'colsample_bytree': 0.8, 'gamma': 0.0}. Best is trial 556 with value: 0.5099189407344089.
[I 2023-10-20 02:15:40,080] Trial 876 finished with value: 0.5055284235244465 and parameters: {'w0': 0.166, 'w1': 0.896, 'w2': 0.10500000000000001, 'w3': 0.369, 'w4': 0.883, 'w5': 0.9480000000000001, 'w6': 0.305, 'w7': 0.08700000000000001, 'w8': 0.777, 'max_depth': 7, 'min_child_weight': 14, 'subsample': 0.8, 'colsample_bytree': 0.8, 'gamma': 0.0}. Best is trial 556 with value: 0.5099189407344089.
[I 2023-10-20 02:16:38,228] Trial 877 finished with value: 0.50276942759058 and parameters: {'w0': 0.165, 'w1': 0.885, 'w2': 0.114, 'w3': 0.462, 'w4': 0.88, 'w5': 0.9430000000000001, 'w6': 0.292, 'w7': 0.091, 'w8': 0.782, 'max_depth': 7, 'min_child_weight': 14, 'subsample': 0.8, 'colsample_bytree': 0.9000000000000001, 'gamma': 0.0}. Best is trial 556 with value: 0.5099189407344089.
