[I 2023-10-21 06:39:41,905] Trial 750 finished with value: 0.4107384628959932 and parameters: {'w0': 0.202, 'w1': 0.974, 'w2': 0.246, 'w3': 0.8200000000000001, 'w4': 0.9470000000000001, 'w5': 0.426, 'w6': 0.996, 'w7': 0.166, 'w8': 0.7000000000000001, 'max_depth': 10, 'min_child_weight': 2, 'subsample': 0.30000000000000004, 'colsample_bytree': 0.7, 'gamma': 0.8}. Best is trial 620 with value: 0.41707743528659197.
[I 2023-10-21 06:39:51,348] Trial 751 finished with value: 0.4090800060636699 and parameters: {'w0': 0.2, 'w1': 0.977, 'w2': 0.253, 'w3': 0.866, 'w4': 0.9500000000000001, 'w5': 0.431, 'w6': 0.9420000000000001, 'w7': 0.163, 'w8': 0.373, 'max_depth': 10, 'min_child_weight': 2, 'subsample': 0.30000000000000004, 'colsample_bytree': 0.7, 'gamma': 0.8}. Best is trial 620 with value: 0.41707743528659197.
[I 2023-10-21 06:42:13,471] Trial 752 finished with value: 0.4126584502249433 and parameters: {'w0': 0.20700000000000002, 'w1': 0.979, 'w2': 0.197, 'w3': 0.723, 'w4': 0.9490000000000001, 'w5': 0.431, 'w6': 0.996, 'w7': 0.163, 'w8': 0.749, 'max_depth': 10, 'min_child_weight': 2, 'subsample': 0.30000000000000004, 'colsample_bytree': 0.7, 'gamma': 0.8}. Best is trial 620 with value: 0.41707743528659197.
[I 2023-10-21 06:48:40,792] Trial 753 finished with value: 0.41151827763251614 and parameters: {'w0': 0.212, 'w1': 0.98, 'w2': 0.251, 'w3': 0.6910000000000001, 'w4': 0.9470000000000001, 'w5': 0.424, 'w6': 0.995, 'w7': 0.164, 'w8': 0.968, 'max_depth': 10, 'min_child_weight': 2, 'subsample': 0.30000000000000004, 'colsample_bytree': 0.8, 'gamma': 0.2}. Best is trial 620 with value: 0.41707743528659197.
[I 2023-10-21 06:51:42,963] Trial 754 finished with value: 0.4128206525896868 and parameters: {'w0': 0.202, 'w1': 0.98, 'w2': 0.256, 'w3': 0.687, 'w4': 0.9500000000000001, 'w5': 0.43, 'w6': 1.0, 'w7': 0.159, 'w8': 0.405, 'max_depth': 10, 'min_child_weight': 2, 'subsample': 0.30000000000000004, 'colsample_bytree': 0.8, 'gamma': 0.2}. Best is trial 620 with value: 0.41707743528659197.
[I 2023-10-21 06:51:46,894] Trial 755 finished with value: 0.4114879672196434 and parameters: {'w0': 0.20500000000000002, 'w1': 0.98, 'w2': 0.213, 'w3': 0.859, 'w4': 0.9560000000000001, 'w5': 0.434, 'w6': 0.995, 'w7': 0.153, 'w8': 0.968, 'max_depth': 10, 'min_child_weight': 2, 'subsample': 0.30000000000000004, 'colsample_bytree': 0.8, 'gamma': 0.2}. Best is trial 620 with value: 0.41707743528659197.
[I 2023-10-21 06:52:10,663] Trial 757 finished with value: 0.41301671208687973 and parameters: {'w0': 0.20900000000000002, 'w1': 0.983, 'w2': 0.192, 'w3': 0.843, 'w4': 0.9510000000000001, 'w5': 0.43, 'w6': 0.994, 'w7': 0.137, 'w8': 0.591, 'max_depth': 10, 'min_child_weight': 2, 'subsample': 0.30000000000000004, 'colsample_bytree': 0.7, 'gamma': 0.2}. Best is trial 620 with value: 0.41707743528659197.
[I 2023-10-21 06:52:36,794] Trial 756 finished with value: 0.3982446402902975 and parameters: {'w0': 0.198, 'w1': 0.977, 'w2': 0.20600000000000002, 'w3': 0.8270000000000001, 'w4': 0.9510000000000001, 'w5': 0.422, 'w6': 0.996, 'w7': 0.162, 'w8': 0.162, 'max_depth': 10, 'min_child_weight': 2, 'subsample': 0.30000000000000004, 'colsample_bytree': 0.8, 'gamma': 0.2}. Best is trial 620 with value: 0.41707743528659197.
[I 2023-10-21 06:54:44,093] Trial 758 finished with value: 0.4146235611121639 and parameters: {'w0': 0.20400000000000001, 'w1': 0.977, 'w2': 0.186, 'w3': 0.837, 'w4': 0.9530000000000001, 'w5': 0.424, 'w6': 0.997, 'w7': 0.138, 'w8': 0.969, 'max_depth': 10, 'min_child_weight': 2, 'subsample': 0.30000000000000004, 'colsample_bytree': 0.8, 'gamma': 0.2}. Best is trial 620 with value: 0.41707743528659197.
[I 2023-10-21 06:55:12,188] Trial 759 finished with value: 0.39501313017975104 and parameters: {'w0': 0.193, 'w1': 0.986, 'w2': 0.21, 'w3': 0.6950000000000001, 'w4': 0.9510000000000001, 'w5': 0.41200000000000003, 'w6': 0.997, 'w7': 0.133, 'w8': 0.13, 'max_depth': 10, 'min_child_weight': 2, 'subsample': 0.30000000000000004, 'colsample_bytree': 0.8, 'gamma': 0.2}. Best is trial 620 with value: 0.41707743528659197.
[I 2023-10-21 06:56:14,755] Trial 760 finished with value: 0.41216578694213934 and parameters: {'w0': 0.198, 'w1': 0.985, 'w2': 0.20500000000000002, 'w3': 0.6920000000000001, 'w4': 0.873, 'w5': 0.41600000000000004, 'w6': 0.998, 'w7': 0.136, 'w8': 0.382, 'max_depth': 10, 'min_child_weight': 2, 'subsample': 0.30000000000000004, 'colsample_bytree': 0.8, 'gamma': 0.2}. Best is trial 620 with value: 0.41707743528659197.
[I 2023-10-21 06:57:25,879] Trial 761 finished with value: 0.4039936618586269 and parameters: {'w0': 0.211, 'w1': 0.291, 'w2': 0.19, 'w3': 0.6890000000000001, 'w4': 0.917, 'w5': 0.41300000000000003, 'w6': 0.982, 'w7': 0.137, 'w8': 0.962, 'max_depth': 10, 'min_child_weight': 2, 'subsample': 0.30000000000000004, 'colsample_bytree': 0.7, 'gamma': 0.2}. Best is trial 620 with value: 0.41707743528659197.
[I 2023-10-21 06:58:49,530] Trial 767 finished with value: 0.41060009299173367 and parameters: {'w0': 0.20700000000000002, 'w1': 0.987, 'w2': 0.137, 'w3': 0.6940000000000001, 'w4': 0.918, 'w5': 0.40700000000000003, 'w6': 0.984, 'w7': 0.135, 'w8': 0.5720000000000001, 'max_depth': 10, 'min_child_weight': 2, 'subsample': 0.30000000000000004, 'colsample_bytree': 0.8, 'gamma': 1.0}. Best is trial 620 with value: 0.41707743528659197.
[I 2023-10-21 06:59:49,237] Trial 762 finished with value: 0.40918069527233847 and parameters: {'w0': 0.199, 'w1': 0.982, 'w2': 0.112, 'w3': 0.6940000000000001, 'w4': 0.9540000000000001, 'w5': 0.40900000000000003, 'w6': 1.0, 'w7': 0.13, 'w8': 0.547, 'max_depth': 10, 'min_child_weight': 2, 'subsample': 0.30000000000000004, 'colsample_bytree': 0.8, 'gamma': 0.2}. Best is trial 620 with value: 0.41707743528659197.
[I 2023-10-21 07:00:18,099] Trial 763 finished with value: 0.41030720259853287 and parameters: {'w0': 0.20900000000000002, 'w1': 0.985, 'w2': 0.128, 'w3': 0.684, 'w4': 0.9520000000000001, 'w5': 0.418, 'w6': 0.982, 'w7': 0.138, 'w8': 0.405, 'max_depth': 10, 'min_child_weight': 2, 'subsample': 0.30000000000000004, 'colsample_bytree': 0.7, 'gamma': 0.2}. Best is trial 620 with value: 0.41707743528659197.
[I 2023-10-21 07:00:26,305] Trial 774 finished with value: 0.3171714237078041 and parameters: {'w0': 0.188, 'w1': 0.988, 'w2': 0.123, 'w3': 0.847, 'w4': 0.909, 'w5': 0.403, 'w6': 0.982, 'w7': 0.139, 'w8': 0.592, 'max_depth': 10, 'min_child_weight': 2, 'subsample': 0.30000000000000004, 'colsample_bytree': 0.7, 'gamma': 8.8}. Best is trial 620 with value: 0.41707743528659197.
[I 2023-10-21 07:02:10,216] Trial 765 finished with value: 0.4111669482588455 and parameters: {'w0': 0.201, 'w1': 0.988, 'w2': 0.187, 'w3': 0.8330000000000001, 'w4': 0.916, 'w5': 0.41300000000000003, 'w6': 0.996, 'w7': 0.14100000000000001, 'w8': 0.967, 'max_depth': 10, 'min_child_weight': 2, 'subsample': 0.30000000000000004, 'colsample_bytree': 0.7, 'gamma': 0.2}. Best is trial 620 with value: 0.41707743528659197.
[I 2023-10-21 07:02:17,335] Trial 764 finished with value: 0.4098124247167522 and parameters: {'w0': 0.211, 'w1': 0.987, 'w2': 0.146, 'w3': 0.6880000000000001, 'w4': 0.919, 'w5': 0.41200000000000003, 'w6': 1.0, 'w7': 0.133, 'w8': 0.5630000000000001, 'max_depth': 10, 'min_child_weight': 2, 'subsample': 0.30000000000000004, 'colsample_bytree': 0.8, 'gamma': 0.2}. Best is trial 620 with value: 0.41707743528659197.
[I 2023-10-21 07:02:45,537] Trial 766 finished with value: 0.40168963029504423 and parameters: {'w0': 0.27, 'w1': 0.99, 'w2': 0.20700000000000002, 'w3': 0.6950000000000001, 'w4': 0.913, 'w5': 0.40800000000000003, 'w6': 0.999, 'w7': 0.14100000000000001, 'w8': 0.159, 'max_depth': 10, 'min_child_weight': 2, 'subsample': 0.30000000000000004, 'colsample_bytree': 0.7, 'gamma': 0.2}. Best is trial 620 with value: 0.41707743528659197.
[I 2023-10-21 07:05:08,095] Trial 768 finished with value: 0.4112980812325894 and parameters: {'w0': 0.211, 'w1': 0.392, 'w2': 0.196, 'w3': 0.7010000000000001, 'w4': 0.917, 'w5': 0.40700000000000003, 'w6': 1.0, 'w7': 0.137, 'w8': 0.723, 'max_depth': 10, 'min_child_weight': 2, 'subsample': 0.30000000000000004, 'colsample_bytree': 0.7, 'gamma': 0.2}. Best is trial 620 with value: 0.41707743528659197.
[I 2023-10-21 07:05:27,665] Trial 779 finished with value: 0.31581814473579223 and parameters: {'w0': 0.23800000000000002, 'w1': 0.963, 'w2': 0.17500000000000002, 'w3': 0.875, 'w4': 0.913, 'w5': 0.45, 'w6': 0.983, 'w7': 0.1, 'w8': 0.511, 'max_depth': 10, 'min_child_weight': 2, 'subsample': 0.30000000000000004, 'colsample_bytree': 0.7, 'gamma': 8.8}. Best is trial 620 with value: 0.41707743528659197.
[I 2023-10-21 07:06:00,319] Trial 780 finished with value: 0.3216726266139901 and parameters: {'w0': 0.23900000000000002, 'w1': 1.0, 'w2': 0.158, 'w3': 0.85, 'w4': 0.919, 'w5': 0.442, 'w6': 0.981, 'w7': 0.117, 'w8': 0.521, 'max_depth': 10, 'min_child_weight': 2, 'subsample': 0.30000000000000004, 'colsample_bytree': 0.7, 'gamma': 8.8}. Best is trial 620 with value: 0.41707743528659197.
[I 2023-10-21 07:09:34,177] Trial 781 finished with value: 0.39257073277855287 and parameters: {'w0': 0.242, 'w1': 0.9560000000000001, 'w2': 0.157, 'w3': 0.8270000000000001, 'w4': 0.916, 'w5': 0.441, 'w6': 0.982, 'w7': 0.124, 'w8': 0.665, 'max_depth': 3, 'min_child_weight': 2, 'subsample': 0.30000000000000004, 'colsample_bytree': 0.7, 'gamma': 1.0}. Best is trial 620 with value: 0.41707743528659197.
[I 2023-10-21 07:09:47,857] Trial 771 finished with value: 0.4163663473552201 and parameters: {'w0': 0.196, 'w1': 0.962, 'w2': 0.154, 'w3': 0.6980000000000001, 'w4': 0.917, 'w5': 0.41200000000000003, 'w6': 0.984, 'w7': 0.135, 'w8': 0.41600000000000004, 'max_depth': 10, 'min_child_weight': 2, 'subsample': 0.30000000000000004, 'colsample_bytree': 0.7, 'gamma': 1.0}. Best is trial 620 with value: 0.41707743528659197.
[I 2023-10-21 07:11:41,780] Trial 773 finished with value: 0.40827755524085196 and parameters: {'w0': 0.265, 'w1': 0.999, 'w2': 0.194, 'w3': 0.887, 'w4': 0.911, 'w5': 0.401, 'w6': 1.0, 'w7': 0.113, 'w8': 0.628, 'max_depth': 10, 'min_child_weight': 2, 'subsample': 0.30000000000000004, 'colsample_bytree': 0.7, 'gamma': 1.0}. Best is trial 620 with value: 0.41707743528659197.
[I 2023-10-21 07:12:23,141] Trial 769 finished with value: 0.41189443990753244 and parameters: {'w0': 0.192, 'w1': 0.987, 'w2': 0.15, 'w3': 0.6990000000000001, 'w4': 0.914, 'w5': 0.406, 'w6': 0.981, 'w7': 0.131, 'w8': 0.5750000000000001, 'max_depth': 10, 'min_child_weight': 2, 'subsample': 0.30000000000000004, 'colsample_bytree': 0.7, 'gamma': 0.2}. Best is trial 620 with value: 0.41707743528659197.
[I 2023-10-21 07:13:49,595] Trial 775 finished with value: 0.41422090507112774 and parameters: {'w0': 0.194, 'w1': 1.0, 'w2': 0.2, 'w3': 0.883, 'w4': 0.914, 'w5': 0.40700000000000003, 'w6': 1.0, 'w7': 0.137, 'w8': 0.562, 'max_depth': 10, 'min_child_weight': 2, 'subsample': 0.30000000000000004, 'colsample_bytree': 0.7, 'gamma': 1.0}. Best is trial 620 with value: 0.41707743528659197.
[I 2023-10-21 07:14:15,403] Trial 776 finished with value: 0.4120031823315927 and parameters: {'w0': 0.19, 'w1': 0.998, 'w2': 0.165, 'w3': 0.834, 'w4': 0.916, 'w5': 0.40700000000000003, 'w6': 1.0, 'w7': 0.135, 'w8': 0.5680000000000001, 'max_depth': 10, 'min_child_weight': 2, 'subsample': 0.30000000000000004, 'colsample_bytree': 0.7, 'gamma': 1.0}. Best is trial 620 with value: 0.41707743528659197.
[I 2023-10-21 07:14:50,600] Trial 772 finished with value: 0.40968826336374314 and parameters: {'w0': 0.263, 'w1': 0.983, 'w2': 0.153, 'w3': 0.709, 'w4': 0.916, 'w5': 0.40700000000000003, 'w6': 0.986, 'w7': 0.124, 'w8': 0.418, 'max_depth': 10, 'min_child_weight': 2, 'subsample': 0.30000000000000004, 'colsample_bytree': 0.7, 'gamma': 0.2}. Best is trial 620 with value: 0.41707743528659197.
[I 2023-10-21 07:14:55,852] Trial 770 finished with value: 0.4104615157146607 and parameters: {'w0': 0.266, 'w1': 0.961, 'w2': 0.183, 'w3': 0.7010000000000001, 'w4': 0.91, 'w5': 0.403, 'w6': 0.982, 'w7': 0.131, 'w8': 0.334, 'max_depth': 10, 'min_child_weight': 2, 'subsample': 0.30000000000000004, 'colsample_bytree': 0.7, 'gamma': 0.2}. Best is trial 620 with value: 0.41707743528659197.
[I 2023-10-21 07:15:12,458] Trial 789 finished with value: 0.31029589810114305 and parameters: {'w0': 0.15, 'w1': 0.9600000000000001, 'w2': 0.179, 'w3': 0.771, 'w4': 0.886, 'w5': 0.444, 'w6': 0.971, 'w7': 0.154, 'w8': 0.441, 'max_depth': 10, 'min_child_weight': 2, 'subsample': 0.30000000000000004, 'colsample_bytree': 0.7, 'gamma': 9.4}. Best is trial 620 with value: 0.41707743528659197.
[I 2023-10-21 07:15:25,404] Trial 777 finished with value: 0.41083263695174815 and parameters: {'w0': 0.24000000000000002, 'w1': 0.999, 'w2': 0.148, 'w3': 0.845, 'w4': 0.915, 'w5': 0.403, 'w6': 0.984, 'w7': 0.137, 'w8': 0.615, 'max_depth': 10, 'min_child_weight': 2, 'subsample': 0.30000000000000004, 'colsample_bytree': 0.7, 'gamma': 1.0}. Best is trial 620 with value: 0.41707743528659197.
[I 2023-10-21 07:18:40,465] Trial 782 finished with value: 0.40018795446025646 and parameters: {'w0': 0.232, 'w1': 1.0, 'w2': 0.17600000000000002, 'w3': 0.842, 'w4': 0.914, 'w5': 0.445, 'w6': 0.978, 'w7': 0.095, 'w8': 0.317, 'max_depth': 10, 'min_child_weight': 2, 'subsample': 0.30000000000000004, 'colsample_bytree': 0.7, 'gamma': 1.0}. Best is trial 620 with value: 0.41707743528659197.
[I 2023-10-21 07:19:04,998] Trial 783 finished with value: 0.4030467992575857 and parameters: {'w0': 0.269, 'w1': 0.387, 'w2': 0.184, 'w3': 0.8300000000000001, 'w4': 0.913, 'w5': 0.442, 'w6': 1.0, 'w7': 0.10300000000000001, 'w8': 0.492, 'max_depth': 10, 'min_child_weight': 2, 'subsample': 0.30000000000000004, 'colsample_bytree': 0.7, 'gamma': 1.0}. Best is trial 620 with value: 0.41707743528659197.
[I 2023-10-21 07:19:32,227] Trial 784 finished with value: 0.41034877079615867 and parameters: {'w0': 0.151, 'w1': 0.9570000000000001, 'w2': 0.182, 'w3': 0.771, 'w4': 0.918, 'w5': 0.443, 'w6': 0.978, 'w7': 0.115, 'w8': 0.628, 'max_depth': 10, 'min_child_weight': 2, 'subsample': 0.30000000000000004, 'colsample_bytree': 0.7, 'gamma': 1.0}. Best is trial 620 with value: 0.41707743528659197.
[I 2023-10-21 07:21:05,578] Trial 778 finished with value: 0.413012714099097 and parameters: {'w0': 0.23900000000000002, 'w1': 0.9560000000000001, 'w2': 0.154, 'w3': 0.8220000000000001, 'w4': 0.914, 'w5': 0.442, 'w6': 0.979, 'w7': 0.121, 'w8': 0.608, 'max_depth': 10, 'min_child_weight': 2, 'subsample': 0.30000000000000004, 'colsample_bytree': 0.7, 'gamma': 0.2}. Best is trial 620 with value: 0.41707743528659197.
[I 2023-10-21 07:21:46,153] Trial 785 finished with value: 0.4122425323411287 and parameters: {'w0': 0.183, 'w1': 0.9520000000000001, 'w2': 0.17400000000000002, 'w3': 0.717, 'w4': 0.919, 'w5': 0.445, 'w6': 0.975, 'w7': 0.107, 'w8': 0.618, 'max_depth': 10, 'min_child_weight': 2, 'subsample': 0.30000000000000004, 'colsample_bytree': 0.7, 'gamma': 1.0}. Best is trial 620 with value: 0.41707743528659197.
[I 2023-10-21 07:22:07,181] Trial 787 finished with value: 0.410870902132529 and parameters: {'w0': 0.154, 'w1': 0.9570000000000001, 'w2': 0.17400000000000002, 'w3': 0.771, 'w4': 0.881, 'w5': 0.438, 'w6': 0.968, 'w7': 0.113, 'w8': 0.444, 'max_depth': 10, 'min_child_weight': 2, 'subsample': 0.30000000000000004, 'colsample_bytree': 0.7, 'gamma': 1.0}. Best is trial 620 with value: 0.41707743528659197.
[I 2023-10-21 07:24:03,635] Trial 786 finished with value: 0.4113282936177945 and parameters: {'w0': 0.241, 'w1': 0.9570000000000001, 'w2': 0.146, 'w3': 0.8260000000000001, 'w4': 0.9520000000000001, 'w5': 0.37, 'w6': 0.971, 'w7': 0.11800000000000001, 'w8': 0.645, 'max_depth': 10, 'min_child_weight': 2, 'subsample': 0.30000000000000004, 'colsample_bytree': 0.7, 'gamma': 0.8}. Best is trial 620 with value: 0.41707743528659197.
[I 2023-10-21 07:26:41,571] Trial 788 finished with value: 0.40682626213789586 and parameters: {'w0': 0.155, 'w1': 0.9600000000000001, 'w2': 0.17200000000000001, 'w3': 0.765, 'w4': 0.88, 'w5': 0.444, 'w6': 0.969, 'w7': 0.109, 'w8': 0.526, 'max_depth': 10, 'min_child_weight': 0, 'subsample': 0.30000000000000004, 'colsample_bytree': 0.7, 'gamma': 1.0}. Best is trial 620 with value: 0.41707743528659197.
[I 2023-10-21 07:27:50,491] Trial 790 finished with value: 0.4086539878773225 and parameters: {'w0': 0.151, 'w1': 0.9530000000000001, 'w2': 0.171, 'w3': 0.76, 'w4': 0.884, 'w5': 0.446, 'w6': 0.968, 'w7': 0.101, 'w8': 0.324, 'max_depth': 10, 'min_child_weight': 0, 'subsample': 0.30000000000000004, 'colsample_bytree': 0.7, 'gamma': 1.0}. Best is trial 620 with value: 0.41707743528659197.
[I 2023-10-21 07:28:10,097] Trial 791 finished with value: 0.4103118333458295 and parameters: {'w0': 0.151, 'w1': 0.925, 'w2': 0.17600000000000002, 'w3': 0.762, 'w4': 0.887, 'w5': 0.445, 'w6': 0.968, 'w7': 0.158, 'w8': 0.44, 'max_depth': 10, 'min_child_weight': 2, 'subsample': 0.30000000000000004, 'colsample_bytree': 0.7, 'gamma': 1.0}. Best is trial 620 with value: 0.41707743528659197.
[I 2023-10-21 07:28:56,232] Trial 792 finished with value: 0.4014958154995056 and parameters: {'w0': 0.154, 'w1': 0.9560000000000001, 'w2': 0.181, 'w3': 0.8330000000000001, 'w4': 0.87, 'w5': 0.442, 'w6': 0.965, 'w7': 0.10200000000000001, 'w8': 0.48000000000000004, 'max_depth': 10, 'min_child_weight': 2, 'subsample': 0.30000000000000004, 'colsample_bytree': 0.7, 'gamma': 1.0}. Best is trial 620 with value: 0.41707743528659197.
[I 2023-10-21 07:29:38,029] Trial 799 finished with value: 0.4021693411361713 and parameters: {'w0': 0.149, 'w1': 0.923, 'w2': 0.219, 'w3': 0.865, 'w4': 0.877, 'w5': 0.432, 'w6': 0.965, 'w7': 0.157, 'w8': 0.438, 'max_depth': 4, 'min_child_weight': 0, 'subsample': 0.30000000000000004, 'colsample_bytree': 0.7, 'gamma': 0.8}. Best is trial 620 with value: 0.41707743528659197.
[I 2023-10-21 07:30:26,334] Trial 804 finished with value: 0.36922883895734765 and parameters: {'w0': 0.224, 'w1': 0.934, 'w2': 0.222, 'w3': 0.871, 'w4': 0.886, 'w5': 0.433, 'w6': 0.962, 'w7': 0.156, 'w8': 0.555, 'max_depth': 10, 'min_child_weight': 0, 'subsample': 0.30000000000000004, 'colsample_bytree': 0.7, 'gamma': 5.0}. Best is trial 620 with value: 0.41707743528659197.
[I 2023-10-21 07:30:32,731] Trial 793 finished with value: 0.4091842118789621 and parameters: {'w0': 0.15, 'w1': 0.961, 'w2': 0.167, 'w3': 0.893, 'w4': 0.883, 'w5': 0.44, 'w6': 0.966, 'w7': 0.10300000000000001, 'w8': 0.40900000000000003, 'max_depth': 10, 'min_child_weight': 0, 'subsample': 0.30000000000000004, 'colsample_bytree': 0.7, 'gamma': 1.0}. Best is trial 620 with value: 0.41707743528659197.
[I 2023-10-21 07:31:23,832] Trial 794 finished with value: 0.40499637490096846 and parameters: {'w0': 0.152, 'w1': 0.9570000000000001, 'w2': 0.186, 'w3': 0.885, 'w4': 0.879, 'w5': 0.44, 'w6': 0.964, 'w7': 0.1, 'w8': 0.455, 'max_depth': 10, 'min_child_weight': 0, 'subsample': 0.30000000000000004, 'colsample_bytree': 0.7, 'gamma': 1.0}. Best is trial 620 with value: 0.41707743528659197.
[I 2023-10-21 07:31:53,252] Trial 795 finished with value: 0.4074647691590941 and parameters: {'w0': 0.14300000000000002, 'w1': 0.9580000000000001, 'w2': 0.227, 'w3': 0.879, 'w4': 0.892, 'w5': 0.444, 'w6': 0.964, 'w7': 0.10500000000000001, 'w8': 0.47000000000000003, 'max_depth': 10, 'min_child_weight': 0, 'subsample': 0.30000000000000004, 'colsample_bytree': 0.7, 'gamma': 1.0}. Best is trial 620 with value: 0.41707743528659197.
[I 2023-10-21 07:32:05,183] Trial 802 finished with value: 0.34116317458388096 and parameters: {'w0': 0.004, 'w1': 0.928, 'w2': 0.20500000000000002, 'w3': 0.883, 'w4': 0.883, 'w5': 0.443, 'w6': 0.961, 'w7': 0.154, 'w8': 0.542, 'max_depth': 4, 'min_child_weight': 0, 'subsample': 0.30000000000000004, 'colsample_bytree': 0.7, 'gamma': 0.8}. Best is trial 620 with value: 0.41707743528659197.
[I 2023-10-21 07:32:31,128] Trial 796 finished with value: 0.40497196457027235 and parameters: {'w0': 0.152, 'w1': 0.929, 'w2': 0.224, 'w3': 0.869, 'w4': 0.887, 'w5': 0.445, 'w6': 0.962, 'w7': 0.109, 'w8': 0.5740000000000001, 'max_depth': 10, 'min_child_weight': 0, 'subsample': 0.30000000000000004, 'colsample_bytree': 0.7, 'gamma': 1.0}. Best is trial 620 with value: 0.41707743528659197.
[I 2023-10-21 07:33:04,796] Trial 797 finished with value: 0.4146067133682293 and parameters: {'w0': 0.146, 'w1': 0.9430000000000001, 'w2': 0.222, 'w3': 0.763, 'w4': 0.884, 'w5': 0.44, 'w6': 0.967, 'w7': 0.164, 'w8': 0.466, 'max_depth': 10, 'min_child_weight': 0, 'subsample': 0.30000000000000004, 'colsample_bytree': 0.7, 'gamma': 1.0}. Best is trial 620 with value: 0.41707743528659197.
[I 2023-10-21 07:33:50,302] Trial 806 finished with value: 0.3370948245640065 and parameters: {'w0': 0.182, 'w1': 0.926, 'w2': 0.10200000000000001, 'w3': 0.877, 'w4': 0.9490000000000001, 'w5': 0.429, 'w6': 0.999, 'w7': 0.157, 'w8': 0.606, 'max_depth': 4, 'min_child_weight': 0, 'subsample': 0.30000000000000004, 'colsample_bytree': 0.7, 'gamma': 5.2}. Best is trial 620 with value: 0.41707743528659197.
[I 2023-10-21 07:37:44,191] Trial 798 finished with value: 0.4063193518154504 and parameters: {'w0': 0.155, 'w1': 0.929, 'w2': 0.219, 'w3': 0.88, 'w4': 0.887, 'w5': 0.438, 'w6': 0.964, 'w7': 0.098, 'w8': 0.467, 'max_depth': 10, 'min_child_weight': 0, 'subsample': 0.30000000000000004, 'colsample_bytree': 0.7, 'gamma': 0.8}. Best is trial 620 with value: 0.41707743528659197.
[I 2023-10-21 07:39:28,914] Trial 808 finished with value: 0.39760460536571846 and parameters: {'w0': 0.101, 'w1': 0.923, 'w2': 0.229, 'w3': 0.87, 'w4': 0.9490000000000001, 'w5': 0.428, 'w6': 0.9590000000000001, 'w7': 0.15, 'w8': 0.591, 'max_depth': 4, 'min_child_weight': 0, 'subsample': 0.30000000000000004, 'colsample_bytree': 0.7, 'gamma': 0.6000000000000001}. Best is trial 620 with value: 0.41707743528659197.
