[I 2023-10-20 19:48:29,680] Trial 139 finished with value: 0.39400322742315885 and parameters: {'w0': 0.341, 'w1': 0.5660000000000001, 'w2': 0.765, 'w3': 0.383, 'w4': 0.242, 'w5': 0.769, 'w6': 0.81, 'w7': 0.5640000000000001, 'w8': 1.0, 'max_depth': 7, 'min_child_weight': 2, 'subsample': 0.7, 'colsample_bytree': 0.3, 'gamma': 1.4000000000000001}. Best is trial 130 with value: 0.4016300481302931.
[I 2023-10-20 19:50:44,750] Trial 140 finished with value: 0.38793977913129685 and parameters: {'w0': 0.921, 'w1': 0.454, 'w2': 0.839, 'w3': 0.41300000000000003, 'w4': 0.244, 'w5': 0.886, 'w6': 0.968, 'w7': 0.503, 'w8': 0.869, 'max_depth': 7, 'min_child_weight': 4, 'subsample': 0.7, 'colsample_bytree': 0.3, 'gamma': 0.8}. Best is trial 130 with value: 0.4016300481302931.
[I 2023-10-20 19:51:00,028] Trial 142 finished with value: 0.3937468054504028 and parameters: {'w0': 0.918, 'w1': 0.67, 'w2': 0.89, 'w3': 0.932, 'w4': 0.245, 'w5': 0.727, 'w6': 0.8150000000000001, 'w7': 0.663, 'w8': 0.87, 'max_depth': 7, 'min_child_weight': 4, 'subsample': 0.8, 'colsample_bytree': 0.3, 'gamma': 0.8}. Best is trial 130 with value: 0.4016300481302931.
[I 2023-10-20 19:51:12,043] Trial 143 finished with value: 0.3917486194183635 and parameters: {'w0': 0.92, 'w1': 0.792, 'w2': 0.749, 'w3': 0.392, 'w4': 0.242, 'w5': 0.735, 'w6': 0.804, 'w7': 0.6910000000000001, 'w8': 0.999, 'max_depth': 7, 'min_child_weight': 4, 'subsample': 0.8, 'colsample_bytree': 0.3, 'gamma': 0.8}. Best is trial 130 with value: 0.4016300481302931.
[I 2023-10-20 19:51:24,573] Trial 141 finished with value: 0.39474805372093397 and parameters: {'w0': 0.923, 'w1': 0.8310000000000001, 'w2': 0.753, 'w3': 0.9390000000000001, 'w4': 0.224, 'w5': 0.5730000000000001, 'w6': 0.812, 'w7': 0.512, 'w8': 0.985, 'max_depth': 7, 'min_child_weight': 4, 'subsample': 0.7, 'colsample_bytree': 0.3, 'gamma': 0.8}. Best is trial 130 with value: 0.4016300481302931.
[I 2023-10-20 19:51:41,343] Trial 144 finished with value: 0.3910214864449029 and parameters: {'w0': 0.917, 'w1': 0.788, 'w2': 0.748, 'w3': 0.622, 'w4': 0.265, 'w5': 0.973, 'w6': 0.794, 'w7': 0.679, 'w8': 0.93, 'max_depth': 7, 'min_child_weight': 10, 'subsample': 0.7, 'colsample_bytree': 0.3, 'gamma': 0.8}. Best is trial 130 with value: 0.4016300481302931.
[I 2023-10-20 19:51:54,762] Trial 145 finished with value: 0.3907477654109393 and parameters: {'w0': 0.919, 'w1': 0.794, 'w2': 0.894, 'w3': 0.601, 'w4': 0.251, 'w5': 0.987, 'w6': 0.804, 'w7': 0.687, 'w8': 1.0, 'max_depth': 7, 'min_child_weight': 10, 'subsample': 0.7, 'colsample_bytree': 0.3, 'gamma': 0.8}. Best is trial 130 with value: 0.4016300481302931.
[I 2023-10-20 19:52:29,201] Trial 146 finished with value: 0.38637385230160814 and parameters: {'w0': 0.919, 'w1': 0.808, 'w2': 0.898, 'w3': 0.4, 'w4': 0.257, 'w5': 0.47000000000000003, 'w6': 0.786, 'w7': 0.684, 'w8': 1.0, 'max_depth': 7, 'min_child_weight': 10, 'subsample': 0.7, 'colsample_bytree': 0.3, 'gamma': 0.8}. Best is trial 130 with value: 0.4016300481302931.
[I 2023-10-20 19:53:23,191] Trial 147 finished with value: 0.39188633104497955 and parameters: {'w0': 0.924, 'w1': 0.8270000000000001, 'w2': 0.746, 'w3': 0.705, 'w4': 0.255, 'w5': 0.838, 'w6': 0.656, 'w7': 0.6890000000000001, 'w8': 0.87, 'max_depth': 7, 'min_child_weight': 4, 'subsample': 0.7, 'colsample_bytree': 0.3, 'gamma': 0.8}. Best is trial 130 with value: 0.4016300481302931.
[I 2023-10-20 19:54:40,075] Trial 148 finished with value: 0.3893495001736932 and parameters: {'w0': 0.918, 'w1': 0.674, 'w2': 0.747, 'w3': 0.382, 'w4': 0.253, 'w5': 0.62, 'w6': 0.652, 'w7': 0.6910000000000001, 'w8': 0.988, 'max_depth': 7, 'min_child_weight': 4, 'subsample': 0.7, 'colsample_bytree': 0.3, 'gamma': 0.8}. Best is trial 130 with value: 0.4016300481302931.
[I 2023-10-20 19:55:22,658] Trial 152 finished with value: 0.3959888363775309 and parameters: {'w0': 0.502, 'w1': 0.8210000000000001, 'w2': 0.746, 'w3': 0.967, 'w4': 0.23800000000000002, 'w5': 0.854, 'w6': 0.8150000000000001, 'w7': 0.678, 'w8': 0.933, 'max_depth': 9, 'min_child_weight': 10, 'subsample': 0.7, 'colsample_bytree': 0.4, 'gamma': 2.2}. Best is trial 130 with value: 0.4016300481302931.
[I 2023-10-20 19:57:24,817] Trial 149 finished with value: 0.39817751982630445 and parameters: {'w0': 0.919, 'w1': 0.859, 'w2': 0.892, 'w3': 0.9590000000000001, 'w4': 0.228, 'w5': 0.872, 'w6': 0.809, 'w7': 0.684, 'w8': 0.925, 'max_depth': 9, 'min_child_weight': 4, 'subsample': 0.8, 'colsample_bytree': 0.4, 'gamma': 0.8}. Best is trial 130 with value: 0.4016300481302931.
[I 2023-10-20 19:58:33,802] Trial 157 finished with value: 0.38878810556932814 and parameters: {'w0': 0.341, 'w1': 0.8250000000000001, 'w2': 0.742, 'w3': 0.966, 'w4': 0.233, 'w5': 0.858, 'w6': 0.797, 'w7': 0.557, 'w8': 1.0, 'max_depth': 9, 'min_child_weight': 4, 'subsample': 0.8, 'colsample_bytree': 0.3, 'gamma': 2.2}. Best is trial 130 with value: 0.4016300481302931.
[I 2023-10-20 19:58:49,456] Trial 150 finished with value: 0.3984086703528166 and parameters: {'w0': 0.34400000000000003, 'w1': 0.79, 'w2': 0.892, 'w3': 0.631, 'w4': 0.226, 'w5': 0.908, 'w6': 0.923, 'w7': 0.685, 'w8': 0.927, 'max_depth': 9, 'min_child_weight': 4, 'subsample': 0.7, 'colsample_bytree': 0.4, 'gamma': 0.8}. Best is trial 130 with value: 0.4016300481302931.
[I 2023-10-20 19:59:15,706] Trial 155 finished with value: 0.3983621044829213 and parameters: {'w0': 0.378, 'w1': 0.8300000000000001, 'w2': 0.737, 'w3': 0.394, 'w4': 0.24000000000000002, 'w5': 0.6910000000000001, 'w6': 0.919, 'w7': 0.561, 'w8': 0.993, 'max_depth': 9, 'min_child_weight': 4, 'subsample': 0.6000000000000001, 'colsample_bytree': 0.3, 'gamma': 1.8}. Best is trial 130 with value: 0.4016300481302931.
[I 2023-10-20 19:59:41,645] Trial 154 finished with value: 0.39540283247929797 and parameters: {'w0': 0.928, 'w1': 0.799, 'w2': 0.741, 'w3': 0.964, 'w4': 0.244, 'w5': 0.89, 'w6': 0.8130000000000001, 'w7': 0.555, 'w8': 0.925, 'max_depth': 9, 'min_child_weight': 4, 'subsample': 0.6000000000000001, 'colsample_bytree': 0.4, 'gamma': 2.0}. Best is trial 130 with value: 0.4016300481302931.
[I 2023-10-20 20:00:07,534] Trial 151 finished with value: 0.39522872487436583 and parameters: {'w0': 0.338, 'w1': 0.792, 'w2': 0.779, 'w3': 0.398, 'w4': 0.259, 'w5': 0.626, 'w6': 0.8, 'w7': 0.684, 'w8': 0.999, 'max_depth': 9, 'min_child_weight': 4, 'subsample': 0.7, 'colsample_bytree': 0.4, 'gamma': 0.8}. Best is trial 130 with value: 0.4016300481302931.
[I 2023-10-20 20:00:21,332] Trial 156 finished with value: 0.39855924244447655 and parameters: {'w0': 0.353, 'w1': 0.834, 'w2': 0.74, 'w3': 0.601, 'w4': 0.233, 'w5': 0.34600000000000003, 'w6': 0.79, 'w7': 0.5730000000000001, 'w8': 0.997, 'max_depth': 9, 'min_child_weight': 4, 'subsample': 0.6000000000000001, 'colsample_bytree': 0.4, 'gamma': 2.2}. Best is trial 130 with value: 0.4016300481302931.
[I 2023-10-20 20:01:29,373] Trial 161 finished with value: 0.39533363589309223 and parameters: {'w0': 0.343, 'w1': 0.8240000000000001, 'w2': 0.775, 'w3': 0.966, 'w4': 0.20900000000000002, 'w5': 0.771, 'w6': 0.8310000000000001, 'w7': 0.5640000000000001, 'w8': 0.928, 'max_depth': 9, 'min_child_weight': 4, 'subsample': 0.6000000000000001, 'colsample_bytree': 0.3, 'gamma': 2.2}. Best is trial 130 with value: 0.4016300481302931.
[I 2023-10-20 20:02:03,437] Trial 158 finished with value: 0.39354554136328745 and parameters: {'w0': 0.335, 'w1': 0.861, 'w2': 0.777, 'w3': 0.966, 'w4': 0.139, 'w5': 1.0, 'w6': 0.806, 'w7': 0.556, 'w8': 0.933, 'max_depth': 9, 'min_child_weight': 4, 'subsample': 0.6000000000000001, 'colsample_bytree': 0.3, 'gamma': 1.8}. Best is trial 130 with value: 0.4016300481302931.
[I 2023-10-20 20:02:09,632] Trial 159 finished with value: 0.39621074756351965 and parameters: {'w0': 0.353, 'w1': 0.8240000000000001, 'w2': 0.718, 'w3': 0.965, 'w4': 0.17300000000000001, 'w5': 0.969, 'w6': 0.777, 'w7': 0.559, 'w8': 0.93, 'max_depth': 9, 'min_child_weight': 4, 'subsample': 0.6000000000000001, 'colsample_bytree': 0.3, 'gamma': 1.8}. Best is trial 130 with value: 0.4016300481302931.
[I 2023-10-20 20:02:12,994] Trial 160 finished with value: 0.39958901953699494 and parameters: {'w0': 0.483, 'w1': 0.836, 'w2': 0.778, 'w3': 0.966, 'w4': 0.185, 'w5': 0.834, 'w6': 0.8230000000000001, 'w7': 0.5760000000000001, 'w8': 0.998, 'max_depth': 9, 'min_child_weight': 4, 'subsample': 0.6000000000000001, 'colsample_bytree': 0.3, 'gamma': 2.0}. Best is trial 130 with value: 0.4016300481302931.
[I 2023-10-20 20:02:30,578] Trial 162 finished with value: 0.39690638714898896 and parameters: {'w0': 0.339, 'w1': 0.87, 'w2': 0.716, 'w3': 0.971, 'w4': 0.217, 'w5': 0.773, 'w6': 0.922, 'w7': 0.5640000000000001, 'w8': 0.934, 'max_depth': 9, 'min_child_weight': 4, 'subsample': 0.6000000000000001, 'colsample_bytree': 0.4, 'gamma': 2.2}. Best is trial 130 with value: 0.4016300481302931.
[I 2023-10-20 20:03:02,866] Trial 153 finished with value: 0.40076965447946017 and parameters: {'w0': 0.45, 'w1': 0.811, 'w2': 0.745, 'w3': 0.964, 'w4': 0.254, 'w5': 0.768, 'w6': 0.921, 'w7': 0.681, 'w8': 0.997, 'max_depth': 9, 'min_child_weight': 10, 'subsample': 0.6000000000000001, 'colsample_bytree': 0.4, 'gamma': 0.8}. Best is trial 130 with value: 0.4016300481302931.
[I 2023-10-20 20:04:07,111] Trial 163 finished with value: 0.39726646083008454 and parameters: {'w0': 0.365, 'w1': 0.851, 'w2': 0.716, 'w3': 0.963, 'w4': 0.213, 'w5': 0.798, 'w6': 0.769, 'w7': 0.5760000000000001, 'w8': 0.929, 'max_depth': 9, 'min_child_weight': 4, 'subsample': 0.6000000000000001, 'colsample_bytree': 0.4, 'gamma': 2.0}. Best is trial 130 with value: 0.4016300481302931.
[I 2023-10-20 20:05:40,909] Trial 165 finished with value: 0.3932644282239334 and parameters: {'w0': 0.326, 'w1': 0.872, 'w2': 0.713, 'w3': 0.47200000000000003, 'w4': 0.12000000000000001, 'w5': 0.91, 'w6': 0.8220000000000001, 'w7': 0.561, 'w8': 0.933, 'max_depth': 9, 'min_child_weight': 16, 'subsample': 0.6000000000000001, 'colsample_bytree': 0.4, 'gamma': 2.2}. Best is trial 130 with value: 0.4016300481302931.
[I 2023-10-20 20:06:04,311] Trial 164 finished with value: 0.39813527657515485 and parameters: {'w0': 0.594, 'w1': 0.87, 'w2': 0.722, 'w3': 0.9600000000000001, 'w4': 0.152, 'w5': 0.765, 'w6': 0.836, 'w7': 0.555, 'w8': 0.93, 'max_depth': 9, 'min_child_weight': 18, 'subsample': 0.6000000000000001, 'colsample_bytree': 0.4, 'gamma': 2.0}. Best is trial 130 with value: 0.4016300481302931.
[I 2023-10-20 20:10:46,314] Trial 169 finished with value: 0.39501966311636416 and parameters: {'w0': 0.45, 'w1': 0.878, 'w2': 0.715, 'w3': 0.364, 'w4': 0.129, 'w5': 0.925, 'w6': 0.8290000000000001, 'w7': 0.5770000000000001, 'w8': 0.923, 'max_depth': 9, 'min_child_weight': 16, 'subsample': 0.5, 'colsample_bytree': 0.4, 'gamma': 2.2}. Best is trial 130 with value: 0.4016300481302931.
[I 2023-10-20 20:10:50,120] Trial 168 finished with value: 0.3888853020858436 and parameters: {'w0': 0.269, 'w1': 0.878, 'w2': 0.716, 'w3': 0.967, 'w4': 0.17300000000000001, 'w5': 0.914, 'w6': 0.923, 'w7': 0.661, 'w8': 0.932, 'max_depth': 9, 'min_child_weight': 16, 'subsample': 0.6000000000000001, 'colsample_bytree': 0.4, 'gamma': 1.8}. Best is trial 130 with value: 0.4016300481302931.
[I 2023-10-20 20:11:15,054] Trial 167 finished with value: 0.3969795747280034 and parameters: {'w0': 0.489, 'w1': 0.899, 'w2': 0.779, 'w3': 0.9490000000000001, 'w4': 0.157, 'w5': 0.911, 'w6': 0.874, 'w7': 0.658, 'w8': 0.933, 'max_depth': 9, 'min_child_weight': 16, 'subsample': 0.6000000000000001, 'colsample_bytree': 0.4, 'gamma': 1.8}. Best is trial 130 with value: 0.4016300481302931.
[I 2023-10-20 20:11:18,856] Trial 172 finished with value: 0.39209026159750426 and parameters: {'w0': 0.373, 'w1': 0.889, 'w2': 0.721, 'w3': 0.967, 'w4': 0.11800000000000001, 'w5': 0.908, 'w6': 0.852, 'w7': 0.587, 'w8': 0.929, 'max_depth': 9, 'min_child_weight': 18, 'subsample': 0.5, 'colsample_bytree': 0.4, 'gamma': 2.4000000000000004}. Best is trial 130 with value: 0.4016300481302931.
[I 2023-10-20 20:11:19,851] Trial 166 finished with value: 0.3996367482144917 and parameters: {'w0': 0.326, 'w1': 0.882, 'w2': 0.71, 'w3': 0.962, 'w4': 0.217, 'w5': 0.922, 'w6': 0.8300000000000001, 'w7': 0.561, 'w8': 0.93, 'max_depth': 9, 'min_child_weight': 16, 'subsample': 0.6000000000000001, 'colsample_bytree': 0.4, 'gamma': 1.2000000000000002}. Best is trial 130 with value: 0.4016300481302931.
[I 2023-10-20 20:11:31,214] Trial 170 finished with value: 0.39087209812235 and parameters: {'w0': 0.253, 'w1': 0.897, 'w2': 0.708, 'w3': 0.962, 'w4': 0.158, 'w5': 0.907, 'w6': 0.8300000000000001, 'w7': 0.591, 'w8': 0.93, 'max_depth': 9, 'min_child_weight': 4, 'subsample': 0.5, 'colsample_bytree': 0.4, 'gamma': 2.0}. Best is trial 130 with value: 0.4016300481302931.
[I 2023-10-20 20:11:38,592] Trial 174 finished with value: 0.39654812465108824 and parameters: {'w0': 0.365, 'w1': 0.907, 'w2': 0.718, 'w3': 0.982, 'w4': 0.17, 'w5': 0.922, 'w6': 0.771, 'w7': 0.587, 'w8': 0.927, 'max_depth': 9, 'min_child_weight': 4, 'subsample': 0.6000000000000001, 'colsample_bytree': 0.4, 'gamma': 2.4000000000000004}. Best is trial 130 with value: 0.4016300481302931.
[I 2023-10-20 20:11:56,096] Trial 173 finished with value: 0.39179213809529734 and parameters: {'w0': 0.256, 'w1': 0.906, 'w2': 0.6990000000000001, 'w3': 0.461, 'w4': 0.16, 'w5': 0.924, 'w6': 0.8330000000000001, 'w7': 0.586, 'w8': 0.932, 'max_depth': 9, 'min_child_weight': 4, 'subsample': 0.5, 'colsample_bytree': 0.4, 'gamma': 2.4000000000000004}. Best is trial 130 with value: 0.4016300481302931.
[I 2023-10-20 20:12:01,651] Trial 171 finished with value: 0.3941127270987736 and parameters: {'w0': 0.28500000000000003, 'w1': 0.89, 'w2': 0.709, 'w3': 0.468, 'w4': 0.186, 'w5': 0.921, 'w6': 0.87, 'w7': 0.537, 'w8': 0.925, 'max_depth': 9, 'min_child_weight': 18, 'subsample': 0.5, 'colsample_bytree': 0.4, 'gamma': 1.8}. Best is trial 130 with value: 0.4016300481302931.
[I 2023-10-20 20:12:46,825] Trial 177 finished with value: 0.3941078061469478 and parameters: {'w0': 0.303, 'w1': 0.894, 'w2': 0.642, 'w3': 0.462, 'w4': 0.166, 'w5': 0.807, 'w6': 0.87, 'w7': 0.597, 'w8': 0.962, 'max_depth': 9, 'min_child_weight': 4, 'subsample': 0.5, 'colsample_bytree': 0.4, 'gamma': 2.4000000000000004}. Best is trial 130 with value: 0.4016300481302931.
[I 2023-10-20 20:13:17,421] Trial 176 finished with value: 0.398117562957852 and parameters: {'w0': 0.487, 'w1': 0.87, 'w2': 0.713, 'w3': 0.964, 'w4': 0.168, 'w5': 0.908, 'w6': 0.768, 'w7': 0.605, 'w8': 0.923, 'max_depth': 9, 'min_child_weight': 4, 'subsample': 0.5, 'colsample_bytree': 0.4, 'gamma': 2.4000000000000004}. Best is trial 130 with value: 0.4016300481302931.
[I 2023-10-20 20:13:21,879] Trial 178 finished with value: 0.39657549991035423 and parameters: {'w0': 0.498, 'w1': 0.874, 'w2': 0.717, 'w3': 0.47600000000000003, 'w4': 0.171, 'w5': 0.924, 'w6': 0.871, 'w7': 0.59, 'w8': 0.9600000000000001, 'max_depth': 9, 'min_child_weight': 16, 'subsample': 0.5, 'colsample_bytree': 0.4, 'gamma': 2.6}. Best is trial 130 with value: 0.4016300481302931.
[I 2023-10-20 20:13:47,584] Trial 175 finished with value: 0.38754937889848634 and parameters: {'w0': 0.259, 'w1': 0.901, 'w2': 0.713, 'w3': 0.46900000000000003, 'w4': 0.164, 'w5': 0.918, 'w6': 0.866, 'w7': 0.61, 'w8': 0.926, 'max_depth': 9, 'min_child_weight': 4, 'subsample': 0.5, 'colsample_bytree': 0.4, 'gamma': 2.0}. Best is trial 130 with value: 0.4016300481302931.
[I 2023-10-20 20:15:38,492] Trial 179 finished with value: 0.40073835224313026 and parameters: {'w0': 0.47800000000000004, 'w1': 0.906, 'w2': 0.716, 'w3': 0.998, 'w4': 0.17200000000000001, 'w5': 0.8150000000000001, 'w6': 0.774, 'w7': 0.596, 'w8': 0.962, 'max_depth': 9, 'min_child_weight': 4, 'subsample': 0.5, 'colsample_bytree': 0.4, 'gamma': 2.2}. Best is trial 130 with value: 0.4016300481302931.
[I 2023-10-20 20:15:55,980] Trial 180 finished with value: 0.39912055093640375 and parameters: {'w0': 0.48000000000000004, 'w1': 0.897, 'w2': 0.709, 'w3': 0.516, 'w4': 0.181, 'w5': 0.8130000000000001, 'w6': 0.878, 'w7': 0.594, 'w8': 0.967, 'max_depth': 9, 'min_child_weight': 4, 'subsample': 0.5, 'colsample_bytree': 0.4, 'gamma': 2.6}. Best is trial 130 with value: 0.4016300481302931.
[I 2023-10-20 20:15:59,363] Trial 181 finished with value: 0.39320767812100355 and parameters: {'w0': 0.484, 'w1': 0.907, 'w2': 0.7010000000000001, 'w3': 0.512, 'w4': 0.187, 'w5': 0.806, 'w6': 0.775, 'w7': 0.59, 'w8': 0.9530000000000001, 'max_depth': 9, 'min_child_weight': 18, 'subsample': 0.5, 'colsample_bytree': 0.4, 'gamma': 2.6}. Best is trial 130 with value: 0.4016300481302931.
[I 2023-10-20 20:18:29,206] Trial 191 finished with value: 0.37206755598295127 and parameters: {'w0': 0.377, 'w1': 0.854, 'w2': 0.683, 'w3': 0.994, 'w4': 0.083, 'w5': 0.9490000000000001, 'w6': 0.774, 'w7': 0.534, 'w8': 0.961, 'max_depth': 9, 'min_child_weight': 18, 'subsample': 0.6000000000000001, 'colsample_bytree': 0.4, 'gamma': 5.6000000000000005}. Best is trial 130 with value: 0.4016300481302931.
[I 2023-10-20 20:20:04,284] Trial 185 finished with value: 0.394349697776103 and parameters: {'w0': 0.506, 'w1': 0.934, 'w2': 0.682, 'w3': 0.99, 'w4': 0.179, 'w5': 0.812, 'w6': 0.727, 'w7': 0.534, 'w8': 0.97, 'max_depth': 10, 'min_child_weight': 18, 'subsample': 0.6000000000000001, 'colsample_bytree': 0.4, 'gamma': 2.8000000000000003}. Best is trial 130 with value: 0.4016300481302931.
[I 2023-10-20 20:20:37,662] Trial 186 finished with value: 0.39799741334164457 and parameters: {'w0': 0.489, 'w1': 0.914, 'w2': 0.677, 'w3': 0.999, 'w4': 0.17500000000000002, 'w5': 0.9480000000000001, 'w6': 0.771, 'w7': 0.609, 'w8': 0.963, 'max_depth': 9, 'min_child_weight': 4, 'subsample': 0.6000000000000001, 'colsample_bytree': 0.4, 'gamma': 2.6}. Best is trial 130 with value: 0.4016300481302931.
[I 2023-10-20 20:20:37,825] Trial 188 finished with value: 0.39068829668668986 and parameters: {'w0': 0.302, 'w1': 0.927, 'w2': 0.6920000000000001, 'w3': 0.998, 'w4': 0.179, 'w5': 0.799, 'w6': 0.767, 'w7': 0.53, 'w8': 0.9570000000000001, 'max_depth': 10, 'min_child_weight': 18, 'subsample': 0.6000000000000001, 'colsample_bytree': 0.4, 'gamma': 2.6}. Best is trial 130 with value: 0.4016300481302931.
[I 2023-10-20 20:20:52,908] Trial 183 finished with value: 0.39943415131290017 and parameters: {'w0': 0.507, 'w1': 0.906, 'w2': 0.679, 'w3': 0.981, 'w4': 0.151, 'w5': 0.771, 'w6': 0.759, 'w7': 0.605, 'w8': 0.961, 'max_depth': 9, 'min_child_weight': 4, 'subsample': 0.5, 'colsample_bytree': 0.4, 'gamma': 2.6}. Best is trial 130 with value: 0.4016300481302931.
[I 2023-10-20 20:21:15,580] Trial 190 finished with value: 0.39532734736972597 and parameters: {'w0': 0.506, 'w1': 0.931, 'w2': 0.643, 'w3': 0.997, 'w4': 0.197, 'w5': 0.9490000000000001, 'w6': 0.739, 'w7': 0.535, 'w8': 0.9560000000000001, 'max_depth': 10, 'min_child_weight': 18, 'subsample': 0.6000000000000001, 'colsample_bytree': 0.4, 'gamma': 2.6}. Best is trial 130 with value: 0.4016300481302931.
[I 2023-10-20 20:21:15,631] Trial 189 finished with value: 0.39483755362111417 and parameters: {'w0': 0.482, 'w1': 0.849, 'w2': 0.681, 'w3': 0.996, 'w4': 0.181, 'w5': 0.805, 'w6': 0.762, 'w7': 0.535, 'w8': 0.962, 'max_depth': 10, 'min_child_weight': 18, 'subsample': 0.6000000000000001, 'colsample_bytree': 0.4, 'gamma': 2.6}. Best is trial 130 with value: 0.4016300481302931.
[I 2023-10-20 20:21:34,625] Trial 187 finished with value: 0.3971764106245489 and parameters: {'w0': 0.489, 'w1': 0.928, 'w2': 0.68, 'w3': 0.996, 'w4': 0.183, 'w5': 0.808, 'w6': 0.87, 'w7': 0.53, 'w8': 0.961, 'max_depth': 10, 'min_child_weight': 18, 'subsample': 0.6000000000000001, 'colsample_bytree': 0.4, 'gamma': 2.4000000000000004}. Best is trial 130 with value: 0.4016300481302931.
[I 2023-10-20 20:21:59,625] Trial 184 finished with value: 0.3993749927095631 and parameters: {'w0': 0.504, 'w1': 0.908, 'w2': 0.645, 'w3': 0.513, 'w4': 0.17500000000000002, 'w5': 0.783, 'w6': 0.849, 'w7': 0.602, 'w8': 0.963, 'max_depth': 10, 'min_child_weight': 4, 'subsample': 0.5, 'colsample_bytree': 0.4, 'gamma': 2.4000000000000004}. Best is trial 130 with value: 0.4016300481302931.
[I 2023-10-20 20:22:12,872] Trial 192 finished with value: 0.39640669484410923 and parameters: {'w0': 0.495, 'w1': 0.9500000000000001, 'w2': 0.682, 'w3': 0.986, 'w4': 0.19, 'w5': 0.9500000000000001, 'w6': 0.769, 'w7': 0.606, 'w8': 0.964, 'max_depth': 10, 'min_child_weight': 4, 'subsample': 0.6000000000000001, 'colsample_bytree': 0.4, 'gamma': 2.8000000000000003}. Best is trial 130 with value: 0.4016300481302931.
[I 2023-10-20 20:22:45,498] Trial 193 finished with value: 0.39431877826635714 and parameters: {'w0': 0.47600000000000003, 'w1': 0.92, 'w2': 0.674, 'w3': 0.997, 'w4': 0.096, 'w5': 0.872, 'w6': 0.73, 'w7': 0.608, 'w8': 0.9600000000000001, 'max_depth': 10, 'min_child_weight': 18, 'subsample': 0.6000000000000001, 'colsample_bytree': 0.4, 'gamma': 2.6}. Best is trial 130 with value: 0.4016300481302931.
[I 2023-10-20 20:23:27,942] Trial 194 finished with value: 0.3951229528170107 and parameters: {'w0': 0.499, 'w1': 0.933, 'w2': 0.666, 'w3': 0.99, 'w4': 0.027000000000000003, 'w5': 0.805, 'w6': 0.775, 'w7': 0.648, 'w8': 0.961, 'max_depth': 10, 'min_child_weight': 16, 'subsample': 0.6000000000000001, 'colsample_bytree': 0.4, 'gamma': 2.6}. Best is trial 130 with value: 0.4016300481302931.
[I 2023-10-20 20:23:47,308] Trial 182 finished with value: 0.39905813299600834 and parameters: {'w0': 0.481, 'w1': 0.903, 'w2': 0.587, 'w3': 0.98, 'w4': 0.193, 'w5': 0.806, 'w6': 0.871, 'w7': 0.602, 'w8': 0.9580000000000001, 'max_depth': 9, 'min_child_weight': 4, 'subsample': 0.5, 'colsample_bytree': 0.4, 'gamma': 1.8}. Best is trial 130 with value: 0.4016300481302931.
