[I 2023-10-18 15:43:58,585] Trial 550 finished with value: 0.5301927426756092 and parameters: {'w0': 0.162, 'w1': 0.875, 'w2': 0.12000000000000001, 'w3': 0.14500000000000002, 'w4': 0.794, 'w5': 0.88, 'w6': 0.706, 'w7': 0.15, 'w8': 0.874, 'max_depth': 10, 'min_child_weight': 18, 'subsample': 0.9000000000000001, 'colsample_bytree': 0.6000000000000001, 'gamma': 0.4}. Best is trial 509 with value: 0.5405493914783132.
[I 2023-10-18 15:44:04,030] Trial 552 finished with value: 0.5216770715219291 and parameters: {'w0': 0.17, 'w1': 0.877, 'w2': 0.107, 'w3': 0.134, 'w4': 0.519, 'w5': 0.872, 'w6': 0.751, 'w7': 0.151, 'w8': 0.986, 'max_depth': 10, 'min_child_weight': 18, 'subsample': 0.9000000000000001, 'colsample_bytree': 0.6000000000000001, 'gamma': 0.4}. Best is trial 509 with value: 0.5405493914783132.
[I 2023-10-18 15:44:05,556] Trial 549 finished with value: 0.5324491081685676 and parameters: {'w0': 0.171, 'w1': 0.876, 'w2': 0.126, 'w3': 0.139, 'w4': 0.789, 'w5': 0.877, 'w6': 0.751, 'w7': 0.15, 'w8': 0.87, 'max_depth': 10, 'min_child_weight': 18, 'subsample': 0.9000000000000001, 'colsample_bytree': 0.6000000000000001, 'gamma': 0.4}. Best is trial 509 with value: 0.5405493914783132.
[I 2023-10-18 15:47:38,421] Trial 556 finished with value: 0.5263803375973812 and parameters: {'w0': 0.165, 'w1': 0.789, 'w2': 0.10400000000000001, 'w3': 0.138, 'w4': 0.708, 'w5': 0.8130000000000001, 'w6': 0.375, 'w7': 0.146, 'w8': 0.871, 'max_depth': 6, 'min_child_weight': 16, 'subsample': 0.9000000000000001, 'colsample_bytree': 0.7, 'gamma': 0.4}. Best is trial 509 with value: 0.5405493914783132.
[I 2023-10-18 15:47:45,363] Trial 553 finished with value: 0.5326914615642137 and parameters: {'w0': 0.167, 'w1': 0.883, 'w2': 0.132, 'w3': 0.20400000000000001, 'w4': 0.7040000000000001, 'w5': 0.877, 'w6': 0.655, 'w7': 0.146, 'w8': 0.876, 'max_depth': 10, 'min_child_weight': 18, 'subsample': 0.9000000000000001, 'colsample_bytree': 0.6000000000000001, 'gamma': 0.4}. Best is trial 509 with value: 0.5405493914783132.
[I 2023-10-18 15:48:17,739] Trial 557 finished with value: 0.5344564917834419 and parameters: {'w0': 0.168, 'w1': 0.382, 'w2': 0.1, 'w3': 0.14, 'w4': 0.716, 'w5': 0.867, 'w6': 0.426, 'w7': 0.084, 'w8': 0.872, 'max_depth': 10, 'min_child_weight': 18, 'subsample': 0.9000000000000001, 'colsample_bytree': 0.6000000000000001, 'gamma': 0.4}. Best is trial 509 with value: 0.5405493914783132.
[I 2023-10-18 15:49:38,602] Trial 554 finished with value: 0.5250840593565164 and parameters: {'w0': 0.167, 'w1': 0.799, 'w2': 0.10200000000000001, 'w3': 0.136, 'w4': 0.753, 'w5': 0.863, 'w6': 0.802, 'w7': 0.152, 'w8': 0.875, 'max_depth': 10, 'min_child_weight': 16, 'subsample': 0.9000000000000001, 'colsample_bytree': 0.6000000000000001, 'gamma': 0.4}. Best is trial 509 with value: 0.5405493914783132.
[I 2023-10-18 15:50:08,529] Trial 555 finished with value: 0.5201339984182417 and parameters: {'w0': 0.165, 'w1': 0.793, 'w2': 0.09, 'w3': 0.17400000000000002, 'w4': 0.708, 'w5': 0.868, 'w6': 0.751, 'w7': 0.14500000000000002, 'w8': 0.932, 'max_depth': 10, 'min_child_weight': 16, 'subsample': 0.9000000000000001, 'colsample_bytree': 0.7, 'gamma': 0.4}. Best is trial 509 with value: 0.5405493914783132.
[I 2023-10-18 15:51:50,704] Trial 558 finished with value: 0.5190800907348181 and parameters: {'w0': 0.169, 'w1': 0.793, 'w2': 0.08700000000000001, 'w3': 0.137, 'w4': 0.711, 'w5': 0.871, 'w6': 0.708, 'w7': 0.041, 'w8': 0.873, 'max_depth': 10, 'min_child_weight': 18, 'subsample': 0.9000000000000001, 'colsample_bytree': 0.6000000000000001, 'gamma': 0.2}. Best is trial 509 with value: 0.5405493914783132.
[I 2023-10-18 15:53:53,192] Trial 559 finished with value: 0.5388391404240039 and parameters: {'w0': 0.168, 'w1': 0.798, 'w2': 0.1, 'w3': 0.20800000000000002, 'w4': 0.71, 'w5': 0.865, 'w6': 0.354, 'w7': 0.084, 'w8': 0.924, 'max_depth': 10, 'min_child_weight': 18, 'subsample': 0.9000000000000001, 'colsample_bytree': 0.6000000000000001, 'gamma': 0.2}. Best is trial 509 with value: 0.5405493914783132.
[I 2023-10-18 15:56:53,845] Trial 561 finished with value: 0.5345617647997911 and parameters: {'w0': 0.165, 'w1': 0.884, 'w2': 0.085, 'w3': 0.17200000000000001, 'w4': 0.706, 'w5': 0.867, 'w6': 0.749, 'w7': 0.082, 'w8': 0.875, 'max_depth': 10, 'min_child_weight': 18, 'subsample': 0.9000000000000001, 'colsample_bytree': 0.6000000000000001, 'gamma': 0.2}. Best is trial 509 with value: 0.5405493914783132.
[I 2023-10-18 15:57:19,123] Trial 562 finished with value: 0.5200351496218065 and parameters: {'w0': 0.169, 'w1': 0.889, 'w2': 0.092, 'w3': 0.171, 'w4': 0.707, 'w5': 0.861, 'w6': 0.706, 'w7': 0.044000000000000004, 'w8': 0.874, 'max_depth': 10, 'min_child_weight': 18, 'subsample': 0.9000000000000001, 'colsample_bytree': 0.6000000000000001, 'gamma': 0.2}. Best is trial 509 with value: 0.5405493914783132.
[I 2023-10-18 15:57:53,809] Trial 560 finished with value: 0.478655276221023 and parameters: {'w0': 0.169, 'w1': 0.795, 'w2': 0.098, 'w3': 0.17400000000000002, 'w4': 0.707, 'w5': 0.871, 'w6': 0.758, 'w7': 0.6970000000000001, 'w8': 0.878, 'max_depth': 10, 'min_child_weight': 18, 'subsample': 0.9000000000000001, 'colsample_bytree': 0.6000000000000001, 'gamma': 0.2}. Best is trial 509 with value: 0.5405493914783132.
[I 2023-10-18 15:59:28,044] Trial 564 finished with value: 0.5266817108017595 and parameters: {'w0': 0.113, 'w1': 0.89, 'w2': 0.089, 'w3': 0.20700000000000002, 'w4': 0.799, 'w5': 0.9430000000000001, 'w6': 0.712, 'w7': 0.044000000000000004, 'w8': 0.878, 'max_depth': 10, 'min_child_weight': 18, 'subsample': 0.9000000000000001, 'colsample_bytree': 0.6000000000000001, 'gamma': 0.2}. Best is trial 509 with value: 0.5405493914783132.
[I 2023-10-18 15:59:34,041] Trial 563 finished with value: 0.533473588472348 and parameters: {'w0': 0.166, 'w1': 0.885, 'w2': 0.098, 'w3': 0.171, 'w4': 0.801, 'w5': 0.866, 'w6': 0.749, 'w7': 0.056, 'w8': 0.884, 'max_depth': 10, 'min_child_weight': 18, 'subsample': 0.9000000000000001, 'colsample_bytree': 0.6000000000000001, 'gamma': 0.2}. Best is trial 509 with value: 0.5405493914783132.
[I 2023-10-18 15:59:46,663] Trial 565 finished with value: 0.5170767320304633 and parameters: {'w0': 0.061, 'w1': 0.888, 'w2': 0.093, 'w3': 0.17200000000000001, 'w4': 0.757, 'w5': 0.9500000000000001, 'w6': 0.705, 'w7': 0.04, 'w8': 0.834, 'max_depth': 10, 'min_child_weight': 18, 'subsample': 0.9000000000000001, 'colsample_bytree': 0.6000000000000001, 'gamma': 0.2}. Best is trial 509 with value: 0.5405493914783132.
[I 2023-10-18 15:59:47,397] Trial 567 finished with value: 0.5229853514276277 and parameters: {'w0': 0.11900000000000001, 'w1': 0.79, 'w2': 0.1, 'w3': 0.211, 'w4': 0.796, 'w5': 0.925, 'w6': 0.427, 'w7': 0.085, 'w8': 0.87, 'max_depth': 10, 'min_child_weight': 18, 'subsample': 0.5, 'colsample_bytree': 0.6000000000000001, 'gamma': 0.2}. Best is trial 509 with value: 0.5405493914783132.
[I 2023-10-18 15:59:55,197] Trial 566 finished with value: 0.5078526741664273 and parameters: {'w0': 0.117, 'w1': 0.887, 'w2': 0.095, 'w3': 0.211, 'w4': 0.755, 'w5': 0.927, 'w6': 0.743, 'w7': 0.05, 'w8': 0.863, 'max_depth': 10, 'min_child_weight': 18, 'subsample': 0.5, 'colsample_bytree': 0.6000000000000001, 'gamma': 0.2}. Best is trial 509 with value: 0.5405493914783132.
[I 2023-10-18 16:00:28,763] Trial 568 finished with value: 0.5280840906172918 and parameters: {'w0': 0.114, 'w1': 0.89, 'w2': 0.079, 'w3': 0.17200000000000001, 'w4': 0.759, 'w5': 0.915, 'w6': 0.705, 'w7': 0.051000000000000004, 'w8': 0.865, 'max_depth': 10, 'min_child_weight': 18, 'subsample': 0.9000000000000001, 'colsample_bytree': 0.3, 'gamma': 0.2}. Best is trial 509 with value: 0.5405493914783132.
[I 2023-10-18 16:02:27,478] Trial 569 finished with value: 0.5100610177229624 and parameters: {'w0': 0.115, 'w1': 0.88, 'w2': 0.083, 'w3': 0.212, 'w4': 0.749, 'w5': 0.849, 'w6': 0.726, 'w7': 0.049, 'w8': 0.876, 'max_depth': 10, 'min_child_weight': 18, 'subsample': 0.5, 'colsample_bytree': 0.3, 'gamma': 0.2}. Best is trial 509 with value: 0.5405493914783132.
[I 2023-10-18 16:05:10,318] Trial 571 finished with value: 0.5300680852040682 and parameters: {'w0': 0.125, 'w1': 0.891, 'w2': 0.10400000000000001, 'w3': 0.171, 'w4': 0.803, 'w5': 0.973, 'w6': 0.717, 'w7': 0.066, 'w8': 0.999, 'max_depth': 10, 'min_child_weight': 18, 'subsample': 0.9000000000000001, 'colsample_bytree': 0.3, 'gamma': 0.2}. Best is trial 509 with value: 0.5405493914783132.
[I 2023-10-18 16:05:14,036] Trial 570 finished with value: 0.5194955896987626 and parameters: {'w0': 0.11900000000000001, 'w1': 0.889, 'w2': 0.108, 'w3': 0.17400000000000002, 'w4': 0.803, 'w5': 0.913, 'w6': 0.755, 'w7': 0.035, 'w8': 0.84, 'max_depth': 10, 'min_child_weight': 18, 'subsample': 0.9000000000000001, 'colsample_bytree': 0.6000000000000001, 'gamma': 0.2}. Best is trial 509 with value: 0.5405493914783132.
[I 2023-10-18 16:05:36,295] Trial 573 finished with value: 0.5151949961720039 and parameters: {'w0': 0.11800000000000001, 'w1': 0.89, 'w2': 0.094, 'w3': 0.212, 'w4': 0.8, 'w5': 0.919, 'w6': 0.677, 'w7': 0.054, 'w8': 0.8300000000000001, 'max_depth': 10, 'min_child_weight': 18, 'subsample': 0.5, 'colsample_bytree': 0.6000000000000001, 'gamma': 0.2}. Best is trial 509 with value: 0.5405493914783132.
[I 2023-10-18 16:07:08,670] Trial 572 finished with value: 0.5357184182842707 and parameters: {'w0': 0.11900000000000001, 'w1': 0.892, 'w2': 0.079, 'w3': 0.17600000000000002, 'w4': 0.749, 'w5': 0.977, 'w6': 0.727, 'w7': 0.064, 'w8': 0.907, 'max_depth': 10, 'min_child_weight': 18, 'subsample': 0.9000000000000001, 'colsample_bytree': 0.6000000000000001, 'gamma': 0.2}. Best is trial 509 with value: 0.5405493914783132.
[I 2023-10-18 16:08:33,506] Trial 582 finished with value: 0.5135514859055382 and parameters: {'w0': 0.197, 'w1': 0.805, 'w2': 0.137, 'w3': 0.253, 'w4': 0.805, 'w5': 0.908, 'w6': 0.447, 'w7': 0.063, 'w8': 0.904, 'max_depth': 10, 'min_child_weight': 20, 'subsample': 1.0, 'colsample_bytree': 0.6000000000000001, 'gamma': 0.6000000000000001}. Best is trial 509 with value: 0.5405493914783132.
[I 2023-10-18 16:08:56,412] Trial 574 finished with value: 0.5235509905226574 and parameters: {'w0': 0.061, 'w1': 0.889, 'w2': 0.09, 'w3': 0.214, 'w4': 0.799, 'w5': 0.913, 'w6': 0.759, 'w7': 0.046, 'w8': 0.838, 'max_depth': 10, 'min_child_weight': 18, 'subsample': 0.9000000000000001, 'colsample_bytree': 0.6000000000000001, 'gamma': 0.2}. Best is trial 509 with value: 0.5405493914783132.
[I 2023-10-18 16:08:59,035] Trial 583 finished with value: 0.51632131432506 and parameters: {'w0': 0.201, 'w1': 0.802, 'w2': 0.14500000000000002, 'w3': 0.255, 'w4': 0.755, 'w5': 0.925, 'w6': 0.726, 'w7': 0.07100000000000001, 'w8': 0.907, 'max_depth': 10, 'min_child_weight': 20, 'subsample': 1.0, 'colsample_bytree': 0.6000000000000001, 'gamma': 0.6000000000000001}. Best is trial 509 with value: 0.5405493914783132.
[I 2023-10-18 16:09:09,886] Trial 584 finished with value: 0.5128910645190224 and parameters: {'w0': 0.203, 'w1': 0.807, 'w2': 0.14500000000000002, 'w3': 0.222, 'w4': 0.75, 'w5': 0.844, 'w6': 0.26, 'w7': 0.074, 'w8': 0.899, 'max_depth': 10, 'min_child_weight': 20, 'subsample': 1.0, 'colsample_bytree': 0.6000000000000001, 'gamma': 0.6000000000000001}. Best is trial 509 with value: 0.5405493914783132.
[I 2023-10-18 16:10:24,265] Trial 578 finished with value: 0.517289718194561 and parameters: {'w0': 0.12000000000000001, 'w1': 0.81, 'w2': 0.14100000000000001, 'w3': 0.197, 'w4': 0.804, 'w5': 0.92, 'w6': 0.377, 'w7': 0.055, 'w8': 0.904, 'max_depth': 10, 'min_child_weight': 18, 'subsample': 1.0, 'colsample_bytree': 0.6000000000000001, 'gamma': 0.2}. Best is trial 509 with value: 0.5405493914783132.
[I 2023-10-18 16:10:56,529] Trial 586 finished with value: 0.4607658136456208 and parameters: {'w0': 0.192, 'w1': 0.805, 'w2': 0.14200000000000002, 'w3': 0.254, 'w4': 0.754, 'w5': 0.896, 'w6': 0.374, 'w7': 0.089, 'w8': 0.446, 'max_depth': 10, 'min_child_weight': 20, 'subsample': 1.0, 'colsample_bytree': 0.6000000000000001, 'gamma': 6.800000000000001}. Best is trial 509 with value: 0.5405493914783132.
[I 2023-10-18 16:10:56,720] Trial 585 finished with value: 0.515362198012226 and parameters: {'w0': 0.199, 'w1': 0.812, 'w2': 0.149, 'w3': 0.279, 'w4': 0.797, 'w5': 0.902, 'w6': 0.403, 'w7': 0.07, 'w8': 0.902, 'max_depth': 10, 'min_child_weight': 20, 'subsample': 1.0, 'colsample_bytree': 0.6000000000000001, 'gamma': 0.6000000000000001}. Best is trial 509 with value: 0.5405493914783132.
[I 2023-10-18 16:11:07,707] Trial 575 finished with value: 0.525075305154536 and parameters: {'w0': 0.199, 'w1': 0.809, 'w2': 0.082, 'w3': 0.17600000000000002, 'w4': 0.799, 'w5': 0.916, 'w6': 0.381, 'w7': 0.046, 'w8': 0.902, 'max_depth': 10, 'min_child_weight': 18, 'subsample': 0.9000000000000001, 'colsample_bytree': 0.6000000000000001, 'gamma': 0.2}. Best is trial 509 with value: 0.5405493914783132.
[I 2023-10-18 16:12:17,711] Trial 580 finished with value: 0.5190319736976281 and parameters: {'w0': 0.198, 'w1': 0.807, 'w2': 0.14400000000000002, 'w3': 0.252, 'w4': 0.747, 'w5': 0.915, 'w6': 0.256, 'w7': 0.066, 'w8': 0.913, 'max_depth': 10, 'min_child_weight': 18, 'subsample': 1.0, 'colsample_bytree': 0.6000000000000001, 'gamma': 0.2}. Best is trial 509 with value: 0.5405493914783132.
[I 2023-10-18 16:12:27,681] Trial 579 finished with value: 0.5306161812482343 and parameters: {'w0': 0.196, 'w1': 0.806, 'w2': 0.10200000000000001, 'w3': 0.212, 'w4': 0.754, 'w5': 0.902, 'w6': 0.427, 'w7': 0.082, 'w8': 0.486, 'max_depth': 10, 'min_child_weight': 20, 'subsample': 1.0, 'colsample_bytree': 0.3, 'gamma': 0.2}. Best is trial 509 with value: 0.5405493914783132.
[I 2023-10-18 16:12:28,690] Trial 581 finished with value: 0.5222719196878836 and parameters: {'w0': 0.198, 'w1': 0.806, 'w2': 0.14200000000000002, 'w3': 0.20900000000000002, 'w4': 0.754, 'w5': 0.918, 'w6': 0.372, 'w7': 0.067, 'w8': 0.909, 'max_depth': 10, 'min_child_weight': 18, 'subsample': 1.0, 'colsample_bytree': 0.6000000000000001, 'gamma': 0.2}. Best is trial 509 with value: 0.5405493914783132.
[I 2023-10-18 16:13:23,989] Trial 587 finished with value: 0.4778044224985446 and parameters: {'w0': 0.198, 'w1': 0.809, 'w2': 0.021, 'w3': 0.253, 'w4': 0.754, 'w5': 0.906, 'w6': 0.386, 'w7': 0.084, 'w8': 0.906, 'max_depth': 10, 'min_child_weight': 18, 'subsample': 1.0, 'colsample_bytree': 0.6000000000000001, 'gamma': 0.6000000000000001}. Best is trial 509 with value: 0.5405493914783132.
[I 2023-10-18 16:13:27,056] Trial 576 finished with value: 0.4854643386503108 and parameters: {'w0': 0.195, 'w1': 0.89, 'w2': 0.013000000000000001, 'w3': 0.212, 'w4': 0.756, 'w5': 0.9450000000000001, 'w6': 0.4, 'w7': 0.054, 'w8': 0.899, 'max_depth': 10, 'min_child_weight': 18, 'subsample': 0.9000000000000001, 'colsample_bytree': 0.6000000000000001, 'gamma': 0.2}. Best is trial 509 with value: 0.5405493914783132.
[I 2023-10-18 16:13:52,465] Trial 588 finished with value: 0.5214087855847139 and parameters: {'w0': 0.19, 'w1': 0.8150000000000001, 'w2': 0.139, 'w3': 0.279, 'w4': 0.757, 'w5': 0.912, 'w6': 0.262, 'w7': 0.085, 'w8': 0.903, 'max_depth': 10, 'min_child_weight': 18, 'subsample': 1.0, 'colsample_bytree': 0.7, 'gamma': 0.6000000000000001}. Best is trial 509 with value: 0.5405493914783132.
[I 2023-10-18 16:14:24,516] Trial 577 finished with value: 0.5354773741777165 and parameters: {'w0': 0.192, 'w1': 0.808, 'w2': 0.093, 'w3': 0.21, 'w4': 0.799, 'w5': 0.9460000000000001, 'w6': 0.258, 'w7': 0.07300000000000001, 'w8': 0.834, 'max_depth': 10, 'min_child_weight': 20, 'subsample': 0.9000000000000001, 'colsample_bytree': 0.6000000000000001, 'gamma': 0.2}. Best is trial 509 with value: 0.5405493914783132.
[I 2023-10-18 16:15:18,352] Trial 589 finished with value: 0.5256045335590517 and parameters: {'w0': 0.2, 'w1': 0.808, 'w2': 0.139, 'w3': 0.26, 'w4': 0.749, 'w5': 0.899, 'w6': 0.38, 'w7': 0.085, 'w8': 0.458, 'max_depth': 10, 'min_child_weight': 20, 'subsample': 1.0, 'colsample_bytree': 0.7, 'gamma': 0.6000000000000001}. Best is trial 509 with value: 0.5405493914783132.
[I 2023-10-18 16:16:36,668] Trial 596 finished with value: 0.45844130949995404 and parameters: {'w0': 0.188, 'w1': 0.448, 'w2': 0.14200000000000002, 'w3': 0.23, 'w4': 0.734, 'w5': 0.8290000000000001, 'w6': 0.324, 'w7': 0.11900000000000001, 'w8': 0.927, 'max_depth': 10, 'min_child_weight': 18, 'subsample': 0.9000000000000001, 'colsample_bytree': 0.7, 'gamma': 9.8}. Best is trial 509 with value: 0.5405493914783132.
[I 2023-10-18 16:17:05,682] Trial 591 finished with value: 0.50037983170834 and parameters: {'w0': 0.197, 'w1': 0.806, 'w2': 0.14300000000000002, 'w3': 0.271, 'w4': 0.756, 'w5': 0.163, 'w6': 0.787, 'w7': 0.084, 'w8': 0.901, 'max_depth': 10, 'min_child_weight': 20, 'subsample': 1.0, 'colsample_bytree': 0.7, 'gamma': 0.6000000000000001}. Best is trial 509 with value: 0.5405493914783132.
[I 2023-10-18 16:20:44,605] Trial 604 finished with value: 0.4998824313045947 and parameters: {'w0': 0.153, 'w1': 0.775, 'w2': 0.113, 'w3': 0.229, 'w4': 0.646, 'w5': 0.838, 'w6': 0.79, 'w7': 0.117, 'w8': 0.931, 'max_depth': 10, 'min_child_weight': 16, 'subsample': 0.9000000000000001, 'colsample_bytree': 0.7, 'gamma': 4.800000000000001}. Best is trial 509 with value: 0.5405493914783132.
[I 2023-10-18 16:21:28,181] Trial 590 finished with value: 0.5283356426868226 and parameters: {'w0': 0.197, 'w1': 0.812, 'w2': 0.146, 'w3': 0.252, 'w4': 0.748, 'w5': 0.901, 'w6': 0.394, 'w7': 0.089, 'w8': 0.904, 'max_depth': 10, 'min_child_weight': 20, 'subsample': 0.9000000000000001, 'colsample_bytree': 0.7, 'gamma': 0.6000000000000001}. Best is trial 509 with value: 0.5405493914783132.
[I 2023-10-18 16:21:40,861] Trial 592 finished with value: 0.48055142800199296 and parameters: {'w0': 0.196, 'w1': 0.86, 'w2': 0.018000000000000002, 'w3': 0.28300000000000003, 'w4': 0.73, 'w5': 0.837, 'w6': 0.399, 'w7': 0.08700000000000001, 'w8': 0.982, 'max_depth': 10, 'min_child_weight': 20, 'subsample': 0.9000000000000001, 'colsample_bytree': 0.7, 'gamma': 0.6000000000000001}. Best is trial 509 with value: 0.5405493914783132.
[I 2023-10-18 16:22:03,261] Trial 593 finished with value: 0.5309635374624119 and parameters: {'w0': 0.197, 'w1': 0.778, 'w2': 0.14300000000000002, 'w3': 0.277, 'w4': 0.726, 'w5': 0.897, 'w6': 0.372, 'w7': 0.08600000000000001, 'w8': 0.928, 'max_depth': 10, 'min_child_weight': 18, 'subsample': 0.9000000000000001, 'colsample_bytree': 0.7, 'gamma': 0.6000000000000001}. Best is trial 509 with value: 0.5405493914783132.
[I 2023-10-18 16:23:32,840] Trial 594 finished with value: 0.5284334839637805 and parameters: {'w0': 0.192, 'w1': 0.867, 'w2': 0.14500000000000002, 'w3': 0.273, 'w4': 0.651, 'w5': 0.835, 'w6': 0.394, 'w7': 0.08800000000000001, 'w8': 0.985, 'max_depth': 10, 'min_child_weight': 18, 'subsample': 0.9000000000000001, 'colsample_bytree': 0.7, 'gamma': 0.6000000000000001}. Best is trial 509 with value: 0.5405493914783132.
[I 2023-10-18 16:23:39,664] Trial 595 finished with value: 0.5097924627767603 and parameters: {'w0': 0.184, 'w1': 0.862, 'w2': 0.14400000000000002, 'w3': 0.271, 'w4': 0.35000000000000003, 'w5': 0.8300000000000001, 'w6': 0.393, 'w7': 0.085, 'w8': 0.924, 'max_depth': 10, 'min_child_weight': 18, 'subsample': 0.9000000000000001, 'colsample_bytree': 0.7, 'gamma': 0.6000000000000001}. Best is trial 509 with value: 0.5405493914783132.
[I 2023-10-18 16:24:37,888] Trial 599 finished with value: 0.468139964870715 and parameters: {'w0': 0.15, 'w1': 0.86, 'w2': 0.007, 'w3': 0.23700000000000002, 'w4': 0.45, 'w5': 0.835, 'w6': 0.353, 'w7': 0.117, 'w8': 0.931, 'max_depth': 10, 'min_child_weight': 18, 'subsample': 0.9000000000000001, 'colsample_bytree': 0.7, 'gamma': 0.6000000000000001}. Best is trial 509 with value: 0.5405493914783132.
[I 2023-10-18 16:24:45,624] Trial 600 finished with value: 0.515737858987274 and parameters: {'w0': 0.151, 'w1': 0.854, 'w2': 0.109, 'w3': 0.225, 'w4': 0.335, 'w5': 0.836, 'w6': 0.343, 'w7': 0.121, 'w8': 0.983, 'max_depth': 10, 'min_child_weight': 18, 'subsample': 0.9000000000000001, 'colsample_bytree': 0.7, 'gamma': 0.6000000000000001}. Best is trial 509 with value: 0.5405493914783132.
[I 2023-10-18 16:25:22,883] Trial 598 finished with value: 0.5350298247474197 and parameters: {'w0': 0.183, 'w1': 0.862, 'w2': 0.116, 'w3': 0.28400000000000003, 'w4': 0.725, 'w5': 0.834, 'w6': 0.422, 'w7': 0.116, 'w8': 0.931, 'max_depth': 10, 'min_child_weight': 18, 'subsample': 0.9000000000000001, 'colsample_bytree': 0.7, 'gamma': 0.6000000000000001}. Best is trial 509 with value: 0.5405493914783132.
[I 2023-10-18 16:26:42,567] Trial 602 finished with value: 0.5357943586753626 and parameters: {'w0': 0.15, 'w1': 0.861, 'w2': 0.117, 'w3': 0.28200000000000003, 'w4': 0.65, 'w5': 0.8330000000000001, 'w6': 0.772, 'w7': 0.117, 'w8': 0.928, 'max_depth': 10, 'min_child_weight': 16, 'subsample': 0.9000000000000001, 'colsample_bytree': 0.7, 'gamma': 0.6000000000000001}. Best is trial 509 with value: 0.5405493914783132.
[I 2023-10-18 16:29:38,773] Trial 597 finished with value: 0.5394046802901635 and parameters: {'w0': 0.188, 'w1': 0.866, 'w2': 0.14300000000000002, 'w3': 0.276, 'w4': 0.727, 'w5': 0.8320000000000001, 'w6': 0.35100000000000003, 'w7': 0.117, 'w8': 0.984, 'max_depth': 10, 'min_child_weight': 18, 'subsample': 0.9000000000000001, 'colsample_bytree': 0.7, 'gamma': 0.0}. Best is trial 509 with value: 0.5405493914783132.
[I 2023-10-18 16:32:14,768] Trial 601 finished with value: 0.5368034553646466 and parameters: {'w0': 0.149, 'w1': 0.864, 'w2': 0.115, 'w3': 0.278, 'w4': 0.724, 'w5': 0.834, 'w6': 0.558, 'w7': 0.116, 'w8': 0.983, 'max_depth': 10, 'min_child_weight': 18, 'subsample': 0.9000000000000001, 'colsample_bytree': 0.7, 'gamma': 0.0}. Best is trial 509 with value: 0.5405493914783132.
