[I 2023-10-19 03:35:39,529] Trial 1303 finished with value: 0.5256545320868343 and parameters: {'w0': 0.166, 'w1': 0.998, 'w2': 0.109, 'w3': 0.266, 'w4': 0.8260000000000001, 'w5': 0.972, 'w6': 0.462, 'w7': 0.061, 'w8': 0.857, 'max_depth': 9, 'min_child_weight': 18, 'subsample': 0.9000000000000001, 'colsample_bytree': 0.6000000000000001, 'gamma': 0.6000000000000001}. Best is trial 796 with value: 0.5427258797393881.
[I 2023-10-19 03:36:35,203] Trial 1304 finished with value: 0.5157933830666437 and parameters: {'w0': 0.217, 'w1': 0.983, 'w2': 0.114, 'w3': 0.269, 'w4': 0.8260000000000001, 'w5': 0.981, 'w6': 0.463, 'w7': 0.054, 'w8': 0.79, 'max_depth': 9, 'min_child_weight': 18, 'subsample': 0.9000000000000001, 'colsample_bytree': 0.6000000000000001, 'gamma': 0.8}. Best is trial 796 with value: 0.5427258797393881.
[I 2023-10-19 03:42:57,337] Trial 1305 finished with value: 0.5322330540127548 and parameters: {'w0': 0.171, 'w1': 0.996, 'w2': 0.107, 'w3': 0.318, 'w4': 0.8300000000000001, 'w5': 0.965, 'w6': 0.464, 'w7': 0.061, 'w8': 0.8300000000000001, 'max_depth': 9, 'min_child_weight': 18, 'subsample': 0.9000000000000001, 'colsample_bytree': 0.6000000000000001, 'gamma': 0.0}. Best is trial 796 with value: 0.5427258797393881.
[I 2023-10-19 03:43:15,813] Trial 1306 finished with value: 0.5349652141670851 and parameters: {'w0': 0.169, 'w1': 0.98, 'w2': 0.11, 'w3': 0.26, 'w4': 0.8310000000000001, 'w5': 0.966, 'w6': 0.518, 'w7': 0.063, 'w8': 0.838, 'max_depth': 9, 'min_child_weight': 18, 'subsample': 1.0, 'colsample_bytree': 0.6000000000000001, 'gamma': 0.0}. Best is trial 796 with value: 0.5427258797393881.
[I 2023-10-19 03:43:25,540] Trial 1307 finished with value: 0.5015490243742209 and parameters: {'w0': 0.169, 'w1': 0.968, 'w2': 0.114, 'w3': 0.264, 'w4': 0.228, 'w5': 0.908, 'w6': 0.5690000000000001, 'w7': 0.053000000000000005, 'w8': 0.8290000000000001, 'max_depth': 9, 'min_child_weight': 18, 'subsample': 0.9000000000000001, 'colsample_bytree': 0.6000000000000001, 'gamma': 0.0}. Best is trial 796 with value: 0.5427258797393881.
[I 2023-10-19 03:45:56,612] Trial 1308 finished with value: 0.47169424141266547 and parameters: {'w0': 0.225, 'w1': 0.977, 'w2': 0.114, 'w3': 0.318, 'w4': 0.8320000000000001, 'w5': 0.909, 'w6': 0.5750000000000001, 'w7': 0.001, 'w8': 0.809, 'max_depth': 9, 'min_child_weight': 18, 'subsample': 1.0, 'colsample_bytree': 0.6000000000000001, 'gamma': 0.0}. Best is trial 796 with value: 0.5427258797393881.
[I 2023-10-19 03:47:43,789] Trial 1310 finished with value: 0.526560807200446 and parameters: {'w0': 0.17600000000000002, 'w1': 0.983, 'w2': 0.113, 'w3': 0.27, 'w4': 0.8230000000000001, 'w5': 0.9570000000000001, 'w6': 0.597, 'w7': 0.053000000000000005, 'w8': 0.797, 'max_depth': 9, 'min_child_weight': 18, 'subsample': 1.0, 'colsample_bytree': 0.6000000000000001, 'gamma': 0.0}. Best is trial 796 with value: 0.5427258797393881.
[I 2023-10-19 03:48:02,589] Trial 1311 finished with value: 0.528538936000764 and parameters: {'w0': 0.218, 'w1': 0.993, 'w2': 0.109, 'w3': 0.27, 'w4': 0.8280000000000001, 'w5': 0.965, 'w6': 0.5710000000000001, 'w7': 0.062, 'w8': 0.803, 'max_depth': 9, 'min_child_weight': 18, 'subsample': 1.0, 'colsample_bytree': 0.6000000000000001, 'gamma': 0.0}. Best is trial 796 with value: 0.5427258797393881.
[I 2023-10-19 03:48:36,114] Trial 1312 finished with value: 0.5024392312200601 and parameters: {'w0': 0.167, 'w1': 0.991, 'w2': 0.107, 'w3': 0.271, 'w4': 0.8320000000000001, 'w5': 0.927, 'w6': 0.58, 'w7': 0.34600000000000003, 'w8': 0.842, 'max_depth': 9, 'min_child_weight': 18, 'subsample': 1.0, 'colsample_bytree': 0.6000000000000001, 'gamma': 0.0}. Best is trial 796 with value: 0.5427258797393881.
[I 2023-10-19 03:48:53,909] Trial 1314 finished with value: 0.5249513156783573 and parameters: {'w0': 0.17400000000000002, 'w1': 0.998, 'w2': 0.109, 'w3': 0.266, 'w4': 0.8330000000000001, 'w5': 0.906, 'w6': 0.56, 'w7': 0.052000000000000005, 'w8': 0.789, 'max_depth': 9, 'min_child_weight': 18, 'subsample': 1.0, 'colsample_bytree': 0.6000000000000001, 'gamma': 0.0}. Best is trial 796 with value: 0.5427258797393881.
[I 2023-10-19 03:49:35,413] Trial 1315 finished with value: 0.5270077548156932 and parameters: {'w0': 0.17400000000000002, 'w1': 0.995, 'w2': 0.111, 'w3': 0.322, 'w4': 0.8200000000000001, 'w5': 0.916, 'w6': 0.598, 'w7': 0.053000000000000005, 'w8': 0.789, 'max_depth': 9, 'min_child_weight': 18, 'subsample': 0.9000000000000001, 'colsample_bytree': 0.6000000000000001, 'gamma': 0.0}. Best is trial 796 with value: 0.5427258797393881.
[I 2023-10-19 03:49:53,361] Trial 1313 finished with value: 0.4653482304321163 and parameters: {'w0': 0.17200000000000001, 'w1': 0.9420000000000001, 'w2': 0.107, 'w3': 0.267, 'w4': 0.835, 'w5': 0.9590000000000001, 'w6': 0.56, 'w7': 0.98, 'w8': 0.804, 'max_depth': 9, 'min_child_weight': 18, 'subsample': 1.0, 'colsample_bytree': 0.6000000000000001, 'gamma': 0.0}. Best is trial 796 with value: 0.5427258797393881.
[I 2023-10-19 03:50:19,518] Trial 1317 finished with value: 0.5377784314023178 and parameters: {'w0': 0.17400000000000002, 'w1': 0.988, 'w2': 0.112, 'w3': 0.261, 'w4': 0.8270000000000001, 'w5': 0.9520000000000001, 'w6': 0.597, 'w7': 0.106, 'w8': 0.786, 'max_depth': 9, 'min_child_weight': 18, 'subsample': 1.0, 'colsample_bytree': 0.6000000000000001, 'gamma': 0.0}. Best is trial 796 with value: 0.5427258797393881.
[I 2023-10-19 03:50:28,345] Trial 1316 finished with value: 0.4982683058047873 and parameters: {'w0': 0.17300000000000001, 'w1': 0.985, 'w2': 0.108, 'w3': 0.265, 'w4': 0.8330000000000001, 'w5': 0.985, 'w6': 0.5710000000000001, 'w7': 0.44, 'w8': 0.8180000000000001, 'max_depth': 9, 'min_child_weight': 18, 'subsample': 1.0, 'colsample_bytree': 0.6000000000000001, 'gamma': 0.0}. Best is trial 796 with value: 0.5427258797393881.
[I 2023-10-19 03:51:13,439] Trial 1318 finished with value: 0.5374014719376166 and parameters: {'w0': 0.17200000000000001, 'w1': 0.981, 'w2': 0.108, 'w3': 0.317, 'w4': 0.774, 'w5': 0.903, 'w6': 0.582, 'w7': 0.10500000000000001, 'w8': 0.8, 'max_depth': 9, 'min_child_weight': 18, 'subsample': 1.0, 'colsample_bytree': 0.6000000000000001, 'gamma': 0.0}. Best is trial 796 with value: 0.5427258797393881.
[I 2023-10-19 03:52:08,992] Trial 1319 finished with value: 0.5401799151729471 and parameters: {'w0': 0.17300000000000001, 'w1': 0.986, 'w2': 0.11, 'w3': 0.322, 'w4': 0.775, 'w5': 0.9520000000000001, 'w6': 0.579, 'w7': 0.108, 'w8': 0.8190000000000001, 'max_depth': 9, 'min_child_weight': 18, 'subsample': 1.0, 'colsample_bytree': 0.6000000000000001, 'gamma': 0.0}. Best is trial 796 with value: 0.5427258797393881.
[I 2023-10-19 03:52:34,140] Trial 1320 finished with value: 0.5379228045958322 and parameters: {'w0': 0.17400000000000002, 'w1': 0.986, 'w2': 0.114, 'w3': 0.311, 'w4': 0.767, 'w5': 0.98, 'w6': 0.504, 'w7': 0.10400000000000001, 'w8': 0.794, 'max_depth': 9, 'min_child_weight': 18, 'subsample': 1.0, 'colsample_bytree': 0.6000000000000001, 'gamma': 0.0}. Best is trial 796 with value: 0.5427258797393881.
[I 2023-10-19 03:53:42,258] Trial 1321 finished with value: 0.5374463153866365 and parameters: {'w0': 0.177, 'w1': 0.975, 'w2': 0.15, 'w3': 0.223, 'w4': 0.771, 'w5': 1.0, 'w6': 0.562, 'w7': 0.108, 'w8': 0.859, 'max_depth': 9, 'min_child_weight': 18, 'subsample': 1.0, 'colsample_bytree': 0.6000000000000001, 'gamma': 0.0}. Best is trial 796 with value: 0.5427258797393881.
[I 2023-10-19 04:00:15,785] Trial 1322 finished with value: 0.5407579864413897 and parameters: {'w0': 0.165, 'w1': 0.972, 'w2': 0.15, 'w3': 0.223, 'w4': 0.775, 'w5': 0.9440000000000001, 'w6': 0.5680000000000001, 'w7': 0.108, 'w8': 0.792, 'max_depth': 9, 'min_child_weight': 18, 'subsample': 1.0, 'colsample_bytree': 0.6000000000000001, 'gamma': 0.0}. Best is trial 796 with value: 0.5427258797393881.
[I 2023-10-19 04:01:02,817] Trial 1323 finished with value: 0.5357818709256378 and parameters: {'w0': 0.17600000000000002, 'w1': 1.0, 'w2': 0.153, 'w3': 0.225, 'w4': 0.772, 'w5': 0.908, 'w6': 0.58, 'w7': 0.107, 'w8': 0.79, 'max_depth': 9, 'min_child_weight': 18, 'subsample': 0.9000000000000001, 'colsample_bytree': 0.6000000000000001, 'gamma': 0.0}. Best is trial 796 with value: 0.5427258797393881.
[I 2023-10-19 04:01:05,332] Trial 1324 finished with value: 0.5412785061425033 and parameters: {'w0': 0.16, 'w1': 0.935, 'w2': 0.158, 'w3': 0.315, 'w4': 0.769, 'w5': 0.9480000000000001, 'w6': 0.507, 'w7': 0.108, 'w8': 0.785, 'max_depth': 9, 'min_child_weight': 18, 'subsample': 0.9000000000000001, 'colsample_bytree': 0.6000000000000001, 'gamma': 0.0}. Best is trial 796 with value: 0.5427258797393881.
[I 2023-10-19 04:03:39,048] Trial 1325 finished with value: 0.5386126781725129 and parameters: {'w0': 0.171, 'w1': 0.9380000000000001, 'w2': 0.147, 'w3': 0.222, 'w4': 0.773, 'w5': 0.9480000000000001, 'w6': 0.504, 'w7': 0.108, 'w8': 0.804, 'max_depth': 9, 'min_child_weight': 18, 'subsample': 0.9000000000000001, 'colsample_bytree': 0.6000000000000001, 'gamma': 0.0}. Best is trial 796 with value: 0.5427258797393881.
[I 2023-10-19 04:04:45,362] Trial 1335 finished with value: 0.5325601203262769 and parameters: {'w0': 0.14200000000000002, 'w1': 0.966, 'w2': 0.089, 'w3': 0.22, 'w4': 0.774, 'w5': 0.978, 'w6': 0.593, 'w7': 0.10500000000000001, 'w8': 0.791, 'max_depth': 9, 'min_child_weight': 18, 'subsample': 1.0, 'colsample_bytree': 0.6000000000000001, 'gamma': 0.2}. Best is trial 796 with value: 0.5427258797393881.
[I 2023-10-19 04:05:21,875] Trial 1326 finished with value: 0.5379366187008002 and parameters: {'w0': 0.17400000000000002, 'w1': 0.9420000000000001, 'w2': 0.15, 'w3': 0.234, 'w4': 0.773, 'w5': 0.924, 'w6': 0.512, 'w7': 0.10500000000000001, 'w8': 0.793, 'max_depth': 9, 'min_child_weight': 18, 'subsample': 0.9000000000000001, 'colsample_bytree': 0.6000000000000001, 'gamma': 0.0}. Best is trial 796 with value: 0.5427258797393881.
[I 2023-10-19 04:05:31,918] Trial 1327 finished with value: 0.5399218135372034 and parameters: {'w0': 0.169, 'w1': 0.9390000000000001, 'w2': 0.149, 'w3': 0.221, 'w4': 0.772, 'w5': 0.9410000000000001, 'w6': 0.508, 'w7': 0.107, 'w8': 0.777, 'max_depth': 9, 'min_child_weight': 18, 'subsample': 0.9000000000000001, 'colsample_bytree': 0.6000000000000001, 'gamma': 0.0}. Best is trial 796 with value: 0.5427258797393881.
[I 2023-10-19 04:05:34,120] Trial 1328 finished with value: 0.5399349914298583 and parameters: {'w0': 0.166, 'w1': 0.973, 'w2': 0.151, 'w3': 0.225, 'w4': 0.771, 'w5': 0.987, 'w6': 0.515, 'w7': 0.106, 'w8': 0.779, 'max_depth': 9, 'min_child_weight': 18, 'subsample': 0.9000000000000001, 'colsample_bytree': 0.6000000000000001, 'gamma': 0.2}. Best is trial 796 with value: 0.5427258797393881.
[I 2023-10-19 04:06:10,886] Trial 1329 finished with value: 0.5364173853739497 and parameters: {'w0': 0.17500000000000002, 'w1': 0.9450000000000001, 'w2': 0.149, 'w3': 0.228, 'w4': 0.773, 'w5': 0.516, 'w6': 0.528, 'w7': 0.109, 'w8': 0.855, 'max_depth': 9, 'min_child_weight': 18, 'subsample': 0.9000000000000001, 'colsample_bytree': 0.6000000000000001, 'gamma': 0.2}. Best is trial 796 with value: 0.5427258797393881.
[I 2023-10-19 04:06:45,747] Trial 1337 finished with value: 0.5230872198996465 and parameters: {'w0': 0.146, 'w1': 0.964, 'w2': 0.09, 'w3': 0.225, 'w4': 0.779, 'w5': 0.993, 'w6': 0.61, 'w7': 0.135, 'w8': 0.8140000000000001, 'max_depth': 9, 'min_child_weight': 18, 'subsample': 1.0, 'colsample_bytree': 0.6000000000000001, 'gamma': 0.2}. Best is trial 796 with value: 0.5427258797393881.
[I 2023-10-19 04:06:54,174] Trial 1336 finished with value: 0.517301955718592 and parameters: {'w0': 0.14200000000000002, 'w1': 0.972, 'w2': 0.506, 'w3': 0.221, 'w4': 0.769, 'w5': 0.9450000000000001, 'w6': 0.557, 'w7': 0.134, 'w8': 0.81, 'max_depth': 9, 'min_child_weight': 18, 'subsample': 1.0, 'colsample_bytree': 0.6000000000000001, 'gamma': 0.2}. Best is trial 796 with value: 0.5427258797393881.
[I 2023-10-19 04:07:33,220] Trial 1331 finished with value: 0.5393275067153763 and parameters: {'w0': 0.15, 'w1': 0.933, 'w2': 0.152, 'w3': 0.225, 'w4': 0.782, 'w5': 0.926, 'w6': 0.506, 'w7': 0.109, 'w8': 0.8200000000000001, 'max_depth': 9, 'min_child_weight': 18, 'subsample': 0.9000000000000001, 'colsample_bytree': 0.6000000000000001, 'gamma': 0.2}. Best is trial 796 with value: 0.5427258797393881.
[I 2023-10-19 04:07:37,265] Trial 1330 finished with value: 0.5177651685127859 and parameters: {'w0': 0.653, 'w1': 0.933, 'w2': 0.152, 'w3': 0.223, 'w4': 0.776, 'w5': 0.924, 'w6': 0.505, 'w7': 0.107, 'w8': 0.8250000000000001, 'max_depth': 9, 'min_child_weight': 18, 'subsample': 0.9000000000000001, 'colsample_bytree': 0.6000000000000001, 'gamma': 0.2}. Best is trial 796 with value: 0.5427258797393881.
[I 2023-10-19 04:07:41,788] Trial 1333 finished with value: 0.5403757514813018 and parameters: {'w0': 0.14200000000000002, 'w1': 0.9380000000000001, 'w2': 0.14300000000000002, 'w3': 0.229, 'w4': 0.772, 'w5': 0.9470000000000001, 'w6': 0.506, 'w7': 0.11, 'w8': 0.757, 'max_depth': 9, 'min_child_weight': 18, 'subsample': 0.9000000000000001, 'colsample_bytree': 0.5, 'gamma': 0.2}. Best is trial 796 with value: 0.5427258797393881.
[I 2023-10-19 04:08:17,522] Trial 1332 finished with value: 0.542655423729042 and parameters: {'w0': 0.14500000000000002, 'w1': 0.935, 'w2': 0.14500000000000002, 'w3': 0.223, 'w4': 0.771, 'w5': 0.903, 'w6': 0.506, 'w7': 0.114, 'w8': 0.853, 'max_depth': 9, 'min_child_weight': 18, 'subsample': 0.9000000000000001, 'colsample_bytree': 0.6000000000000001, 'gamma': 0.2}. Best is trial 796 with value: 0.5427258797393881.
[I 2023-10-19 04:09:04,810] Trial 1334 finished with value: 0.5442704750798081 and parameters: {'w0': 0.14300000000000002, 'w1': 0.9420000000000001, 'w2': 0.148, 'w3': 0.222, 'w4': 0.779, 'w5': 0.9410000000000001, 'w6': 0.501, 'w7': 0.133, 'w8': 0.854, 'max_depth': 9, 'min_child_weight': 18, 'subsample': 0.9000000000000001, 'colsample_bytree': 0.6000000000000001, 'gamma': 0.2}. Best is trial 1334 with value: 0.5442704750798081.
[I 2023-10-19 04:13:27,831] Trial 1350 finished with value: 0.42785348673148926 and parameters: {'w0': 0.155, 'w1': 0.9540000000000001, 'w2': 0.178, 'w3': 0.298, 'w4': 0.804, 'w5': 0.99, 'w6': 0.094, 'w7': 0.08700000000000001, 'w8': 0.758, 'max_depth': 9, 'min_child_weight': 18, 'subsample': 1.0, 'colsample_bytree': 0.5, 'gamma': 9.4}. Best is trial 1334 with value: 0.5442704750798081.
[I 2023-10-19 04:14:06,163] Trial 1338 finished with value: 0.5353056464587177 and parameters: {'w0': 0.153, 'w1': 0.9540000000000001, 'w2': 0.178, 'w3': 0.228, 'w4': 0.768, 'w5': 0.9540000000000001, 'w6': 0.598, 'w7': 0.139, 'w8': 0.775, 'max_depth': 9, 'min_child_weight': 18, 'subsample': 1.0, 'colsample_bytree': 0.6000000000000001, 'gamma': 0.2}. Best is trial 1334 with value: 0.5442704750798081.
[I 2023-10-19 04:14:51,630] Trial 1339 finished with value: 0.5374723719391159 and parameters: {'w0': 0.15, 'w1': 0.968, 'w2': 0.179, 'w3': 0.223, 'w4': 0.775, 'w5': 0.9400000000000001, 'w6': 0.583, 'w7': 0.134, 'w8': 0.811, 'max_depth': 9, 'min_child_weight': 18, 'subsample': 1.0, 'colsample_bytree': 0.6000000000000001, 'gamma': 0.2}. Best is trial 1334 with value: 0.5442704750798081.
[I 2023-10-19 04:15:15,071] Trial 1340 finished with value: 0.5351946851965695 and parameters: {'w0': 0.155, 'w1': 0.963, 'w2': 0.199, 'w3': 0.34400000000000003, 'w4': 0.774, 'w5': 0.993, 'w6': 0.599, 'w7': 0.131, 'w8': 0.834, 'max_depth': 9, 'min_child_weight': 18, 'subsample': 1.0, 'colsample_bytree': 0.6000000000000001, 'gamma': 0.2}. Best is trial 1334 with value: 0.5442704750798081.
[I 2023-10-19 04:17:44,823] Trial 1341 finished with value: 0.537647076069366 and parameters: {'w0': 0.152, 'w1': 0.969, 'w2': 0.185, 'w3': 0.336, 'w4': 0.773, 'w5': 0.991, 'w6': 0.587, 'w7': 0.139, 'w8': 0.782, 'max_depth': 9, 'min_child_weight': 18, 'subsample': 1.0, 'colsample_bytree': 0.6000000000000001, 'gamma': 0.2}. Best is trial 1334 with value: 0.5442704750798081.
[I 2023-10-19 04:18:07,063] Trial 1345 finished with value: 0.5026286790546018 and parameters: {'w0': 0.156, 'w1': 0.965, 'w2': 0.184, 'w3': 0.307, 'w4': 0.799, 'w5': 0.965, 'w6': 0.084, 'w7': 0.085, 'w8': 0.738, 'max_depth': 9, 'min_child_weight': 18, 'subsample': 1.0, 'colsample_bytree': 0.6000000000000001, 'gamma': 0.2}. Best is trial 1334 with value: 0.5442704750798081.
[I 2023-10-19 04:18:42,967] Trial 1342 finished with value: 0.5251672233299783 and parameters: {'w0': 0.158, 'w1': 0.962, 'w2': 0.2, 'w3': 0.309, 'w4': 0.396, 'w5': 0.9470000000000001, 'w6': 0.613, 'w7': 0.14, 'w8': 0.753, 'max_depth': 9, 'min_child_weight': 18, 'subsample': 1.0, 'colsample_bytree': 0.6000000000000001, 'gamma': 0.2}. Best is trial 1334 with value: 0.5442704750798081.
[I 2023-10-19 04:18:57,042] Trial 1346 finished with value: 0.5061529537418143 and parameters: {'w0': 0.15, 'w1': 0.971, 'w2': 0.196, 'w3': 0.246, 'w4': 0.798, 'w5': 0.992, 'w6': 0.107, 'w7': 0.089, 'w8': 0.805, 'max_depth': 9, 'min_child_weight': 18, 'subsample': 1.0, 'colsample_bytree': 0.6000000000000001, 'gamma': 0.2}. Best is trial 1334 with value: 0.5442704750798081.
[I 2023-10-19 04:20:23,558] Trial 1343 finished with value: 0.5245221552067689 and parameters: {'w0': 0.523, 'w1': 0.97, 'w2': 0.18, 'w3': 0.34, 'w4': 0.798, 'w5': 0.9550000000000001, 'w6': 0.605, 'w7': 0.133, 'w8': 0.755, 'max_depth': 9, 'min_child_weight': 18, 'subsample': 1.0, 'colsample_bytree': 0.6000000000000001, 'gamma': 0.2}. Best is trial 1334 with value: 0.5442704750798081.
[I 2023-10-19 04:20:33,453] Trial 1347 finished with value: 0.5242803891629093 and parameters: {'w0': 0.153, 'w1': 0.968, 'w2': 0.186, 'w3': 0.307, 'w4': 0.797, 'w5': 0.9490000000000001, 'w6': 0.631, 'w7': 0.08700000000000001, 'w8': 0.735, 'max_depth': 9, 'min_child_weight': 18, 'subsample': 1.0, 'colsample_bytree': 0.6000000000000001, 'gamma': 0.2}. Best is trial 1334 with value: 0.5442704750798081.
[I 2023-10-19 04:20:40,887] Trial 1348 finished with value: 0.5253677774039913 and parameters: {'w0': 0.155, 'w1': 0.964, 'w2': 0.195, 'w3': 0.332, 'w4': 0.802, 'w5': 0.985, 'w6': 0.602, 'w7': 0.08600000000000001, 'w8': 0.778, 'max_depth': 9, 'min_child_weight': 18, 'subsample': 1.0, 'colsample_bytree': 0.6000000000000001, 'gamma': 0.2}. Best is trial 1334 with value: 0.5442704750798081.
[I 2023-10-19 04:21:01,150] Trial 1344 finished with value: 0.5034111846788569 and parameters: {'w0': 0.676, 'w1': 0.969, 'w2': 0.202, 'w3': 0.308, 'w4': 0.8, 'w5': 0.978, 'w6': 0.554, 'w7': 0.09, 'w8': 0.761, 'max_depth': 9, 'min_child_weight': 18, 'subsample': 1.0, 'colsample_bytree': 0.6000000000000001, 'gamma': 0.2}. Best is trial 1334 with value: 0.5442704750798081.
[I 2023-10-19 04:21:37,647] Trial 1351 finished with value: 0.5241310891344003 and parameters: {'w0': 0.153, 'w1': 0.963, 'w2': 0.19, 'w3': 0.373, 'w4': 0.801, 'w5': 0.987, 'w6': 0.555, 'w7': 0.08800000000000001, 'w8': 0.765, 'max_depth': 9, 'min_child_weight': 18, 'subsample': 1.0, 'colsample_bytree': 0.4, 'gamma': 0.2}. Best is trial 1334 with value: 0.5442704750798081.
[I 2023-10-19 04:21:38,123] Trial 1349 finished with value: 0.5265868785468655 and parameters: {'w0': 0.156, 'w1': 0.966, 'w2': 0.194, 'w3': 0.362, 'w4': 0.801, 'w5': 0.982, 'w6': 0.604, 'w7': 0.083, 'w8': 0.754, 'max_depth': 9, 'min_child_weight': 18, 'subsample': 1.0, 'colsample_bytree': 0.6000000000000001, 'gamma': 0.2}. Best is trial 1334 with value: 0.5442704750798081.
[I 2023-10-19 04:21:55,076] Trial 1352 finished with value: 0.5210891645718941 and parameters: {'w0': 0.151, 'w1': 0.964, 'w2': 0.188, 'w3': 0.357, 'w4': 0.798, 'w5': 0.99, 'w6': 0.521, 'w7': 0.09, 'w8': 0.772, 'max_depth': 9, 'min_child_weight': 18, 'subsample': 1.0, 'colsample_bytree': 0.4, 'gamma': 0.2}. Best is trial 1334 with value: 0.5442704750798081.
[I 2023-10-19 04:22:54,510] Trial 1353 finished with value: 0.5362026009355567 and parameters: {'w0': 0.156, 'w1': 0.963, 'w2': 0.203, 'w3': 0.343, 'w4': 0.804, 'w5': 0.9590000000000001, 'w6': 0.516, 'w7': 0.16, 'w8': 0.756, 'max_depth': 9, 'min_child_weight': 18, 'subsample': 1.0, 'colsample_bytree': 0.4, 'gamma': 0.2}. Best is trial 1334 with value: 0.5442704750798081.
[I 2023-10-19 04:25:12,055] Trial 1356 finished with value: 0.5359754563995902 and parameters: {'w0': 0.203, 'w1': 0.974, 'w2': 0.195, 'w3': 0.336, 'w4': 0.803, 'w5': 0.963, 'w6': 0.525, 'w7': 0.16, 'w8': 0.767, 'max_depth': 9, 'min_child_weight': 18, 'subsample': 1.0, 'colsample_bytree': 0.4, 'gamma': 0.4}. Best is trial 1334 with value: 0.5442704750798081.
[I 2023-10-19 04:25:37,671] Trial 1357 finished with value: 0.5346475086539512 and parameters: {'w0': 0.20600000000000002, 'w1': 0.9520000000000001, 'w2': 0.20600000000000002, 'w3': 0.35200000000000004, 'w4': 0.793, 'w5': 0.972, 'w6': 0.523, 'w7': 0.161, 'w8': 0.776, 'max_depth': 9, 'min_child_weight': 18, 'subsample': 1.0, 'colsample_bytree': 0.4, 'gamma': 0.4}. Best is trial 1334 with value: 0.5442704750798081.
[I 2023-10-19 04:27:27,309] Trial 1354 finished with value: 0.5384653295351556 and parameters: {'w0': 0.16, 'w1': 0.966, 'w2': 0.189, 'w3': 0.369, 'w4': 0.977, 'w5': 0.988, 'w6': 0.604, 'w7': 0.161, 'w8': 0.772, 'max_depth': 9, 'min_child_weight': 18, 'subsample': 1.0, 'colsample_bytree': 0.5, 'gamma': 0.2}. Best is trial 1334 with value: 0.5442704750798081.
[I 2023-10-19 04:28:00,699] Trial 1367 finished with value: 0.5101330361220481 and parameters: {'w0': 0.202, 'w1': 0.981, 'w2': 0.168, 'w3': 0.242, 'w4': 0.794, 'w5': 0.97, 'w6': 0.521, 'w7': 0.162, 'w8': 0.782, 'max_depth': 9, 'min_child_weight': 18, 'subsample': 1.0, 'colsample_bytree': 0.5, 'gamma': 4.0}. Best is trial 1334 with value: 0.5442704750798081.
[I 2023-10-19 04:28:19,257] Trial 1359 finished with value: 0.5362981282627359 and parameters: {'w0': 0.195, 'w1': 0.969, 'w2': 0.184, 'w3': 0.326, 'w4': 0.798, 'w5': 0.969, 'w6': 0.52, 'w7': 0.165, 'w8': 0.768, 'max_depth': 9, 'min_child_weight': 18, 'subsample': 1.0, 'colsample_bytree': 0.6000000000000001, 'gamma': 0.4}. Best is trial 1334 with value: 0.5442704750798081.
