[I 2023-10-18 11:09:31,529] Trial 225 finished with value: 0.5188209778207673 and parameters: {'w0': 0.23900000000000002, 'w1': 0.9390000000000001, 'w2': 0.295, 'w3': 0.426, 'w4': 0.89, 'w5': 0.363, 'w6': 0.877, 'w7': 0.229, 'w8': 0.961, 'max_depth': 9, 'min_child_weight': 14, 'subsample': 0.8, 'colsample_bytree': 0.8, 'gamma': 2.4000000000000004}. Best is trial 192 with value: 0.5317621031331247.
[I 2023-10-18 11:09:35,319] Trial 222 finished with value: 0.5227867209025931 and parameters: {'w0': 0.384, 'w1': 0.9420000000000001, 'w2': 0.295, 'w3': 0.421, 'w4': 0.89, 'w5': 0.325, 'w6': 0.87, 'w7': 0.223, 'w8': 0.919, 'max_depth': 9, 'min_child_weight': 14, 'subsample': 0.8, 'colsample_bytree': 0.8, 'gamma': 1.6}. Best is trial 192 with value: 0.5317621031331247.
[I 2023-10-18 11:09:37,715] Trial 226 finished with value: 0.5079145371195382 and parameters: {'w0': 0.23700000000000002, 'w1': 0.936, 'w2': 0.362, 'w3': 0.419, 'w4': 0.86, 'w5': 0.327, 'w6': 0.867, 'w7': 0.224, 'w8': 0.915, 'max_depth': 9, 'min_child_weight': 14, 'subsample': 0.8, 'colsample_bytree': 0.8, 'gamma': 2.8000000000000003}. Best is trial 192 with value: 0.5317621031331247.
[I 2023-10-18 11:10:33,197] Trial 231 finished with value: 0.5063439327544327 and parameters: {'w0': 0.215, 'w1': 0.877, 'w2': 0.359, 'w3': 0.425, 'w4': 0.861, 'w5': 0.365, 'w6': 0.861, 'w7': 0.224, 'w8': 0.926, 'max_depth': 9, 'min_child_weight': 16, 'subsample': 0.8, 'colsample_bytree': 0.8, 'gamma': 2.8000000000000003}. Best is trial 192 with value: 0.5317621031331247.
[I 2023-10-18 11:10:34,052] Trial 233 finished with value: 0.5143031928276756 and parameters: {'w0': 0.219, 'w1': 0.9460000000000001, 'w2': 0.299, 'w3': 0.434, 'w4': 0.854, 'w5': 0.355, 'w6': 0.9520000000000001, 'w7': 0.223, 'w8': 0.994, 'max_depth': 9, 'min_child_weight': 10, 'subsample': 0.8, 'colsample_bytree': 0.8, 'gamma': 3.0}. Best is trial 192 with value: 0.5317621031331247.
[I 2023-10-18 11:10:37,412] Trial 223 finished with value: 0.5266266285419433 and parameters: {'w0': 0.24000000000000002, 'w1': 0.932, 'w2': 0.295, 'w3': 0.43, 'w4': 0.891, 'w5': 0.357, 'w6': 0.9510000000000001, 'w7': 0.223, 'w8': 0.9500000000000001, 'max_depth': 9, 'min_child_weight': 14, 'subsample': 0.8, 'colsample_bytree': 0.8, 'gamma': 1.6}. Best is trial 192 with value: 0.5317621031331247.
[I 2023-10-18 11:10:47,672] Trial 224 finished with value: 0.5310463681321814 and parameters: {'w0': 0.23900000000000002, 'w1': 0.937, 'w2': 0.293, 'w3': 0.425, 'w4': 0.884, 'w5': 0.658, 'w6': 0.9520000000000001, 'w7': 0.224, 'w8': 0.9490000000000001, 'max_depth': 9, 'min_child_weight': 14, 'subsample': 0.8, 'colsample_bytree': 0.8, 'gamma': 1.8}. Best is trial 192 with value: 0.5317621031331247.
[I 2023-10-18 11:10:48,500] Trial 232 finished with value: 0.5066061846258678 and parameters: {'w0': 0.378, 'w1': 0.937, 'w2': 0.36, 'w3': 0.424, 'w4': 0.862, 'w5': 0.366, 'w6': 0.878, 'w7': 0.212, 'w8': 0.981, 'max_depth': 9, 'min_child_weight': 10, 'subsample': 0.8, 'colsample_bytree': 0.8, 'gamma': 2.8000000000000003}. Best is trial 192 with value: 0.5317621031331247.
[I 2023-10-18 11:11:46,073] Trial 228 finished with value: 0.5183982725068841 and parameters: {'w0': 0.22, 'w1': 0.928, 'w2': 0.357, 'w3': 0.422, 'w4': 0.866, 'w5': 0.355, 'w6': 0.875, 'w7': 0.224, 'w8': 0.9510000000000001, 'max_depth': 9, 'min_child_weight': 10, 'subsample': 0.8, 'colsample_bytree': 0.8, 'gamma': 1.8}. Best is trial 192 with value: 0.5317621031331247.
[I 2023-10-18 11:11:48,003] Trial 227 finished with value: 0.5240215592241229 and parameters: {'w0': 0.23900000000000002, 'w1': 0.9410000000000001, 'w2': 0.296, 'w3': 0.439, 'w4': 0.862, 'w5': 0.369, 'w6': 0.876, 'w7': 0.225, 'w8': 0.92, 'max_depth': 9, 'min_child_weight': 14, 'subsample': 0.8, 'colsample_bytree': 0.8, 'gamma': 1.6}. Best is trial 192 with value: 0.5317621031331247.
[I 2023-10-18 11:12:41,122] Trial 235 finished with value: 0.49782549077604743 and parameters: {'w0': 0.211, 'w1': 0.9450000000000001, 'w2': 0.366, 'w3': 0.47900000000000004, 'w4': 0.859, 'w5': 0.35100000000000003, 'w6': 0.9460000000000001, 'w7': 0.20600000000000002, 'w8': 0.9390000000000001, 'max_depth': 9, 'min_child_weight': 10, 'subsample': 1.0, 'colsample_bytree': 0.8, 'gamma': 3.0}. Best is trial 192 with value: 0.5317621031331247.
[I 2023-10-18 11:12:48,236] Trial 229 finished with value: 0.5262700562674645 and parameters: {'w0': 0.225, 'w1': 0.9380000000000001, 'w2': 0.362, 'w3': 0.427, 'w4': 0.859, 'w5': 0.658, 'w6': 0.875, 'w7': 0.215, 'w8': 0.923, 'max_depth': 9, 'min_child_weight': 10, 'subsample': 0.8, 'colsample_bytree': 0.8, 'gamma': 1.6}. Best is trial 192 with value: 0.5317621031331247.
[I 2023-10-18 11:12:55,323] Trial 230 finished with value: 0.5169533235713001 and parameters: {'w0': 0.196, 'w1': 0.9400000000000001, 'w2': 0.357, 'w3': 0.434, 'w4': 0.864, 'w5': 0.371, 'w6': 0.876, 'w7': 0.222, 'w8': 0.923, 'max_depth': 9, 'min_child_weight': 14, 'subsample': 0.8, 'colsample_bytree': 0.8, 'gamma': 1.6}. Best is trial 192 with value: 0.5317621031331247.
[I 2023-10-18 11:16:26,576] Trial 234 finished with value: 0.5160271500001858 and parameters: {'w0': 0.246, 'w1': 0.881, 'w2': 0.296, 'w3': 0.41100000000000003, 'w4': 0.862, 'w5': 0.371, 'w6': 0.871, 'w7': 0.216, 'w8': 0.929, 'max_depth': 9, 'min_child_weight': 16, 'subsample': 0.8, 'colsample_bytree': 0.8, 'gamma': 1.6}. Best is trial 192 with value: 0.5317621031331247.
[I 2023-10-18 11:17:04,307] Trial 236 finished with value: 0.5203876257683818 and parameters: {'w0': 0.23900000000000002, 'w1': 0.88, 'w2': 0.361, 'w3': 0.40900000000000003, 'w4': 0.861, 'w5': 0.358, 'w6': 0.866, 'w7': 0.20900000000000002, 'w8': 0.9410000000000001, 'max_depth': 9, 'min_child_weight': 16, 'subsample': 0.8, 'colsample_bytree': 0.8, 'gamma': 1.6}. Best is trial 192 with value: 0.5317621031331247.
[I 2023-10-18 11:17:30,444] Trial 238 finished with value: 0.5095170999758066 and parameters: {'w0': 0.162, 'w1': 0.875, 'w2': 0.298, 'w3': 0.40900000000000003, 'w4': 0.981, 'w5': 0.341, 'w6': 0.859, 'w7': 0.20700000000000002, 'w8': 0.988, 'max_depth': 9, 'min_child_weight': 14, 'subsample': 0.8, 'colsample_bytree': 0.8, 'gamma': 2.8000000000000003}. Best is trial 192 with value: 0.5317621031331247.
[I 2023-10-18 11:17:41,980] Trial 239 finished with value: 0.5070149975052453 and parameters: {'w0': 0.201, 'w1': 0.881, 'w2': 0.356, 'w3': 0.419, 'w4': 0.869, 'w5': 0.34400000000000003, 'w6': 0.864, 'w7': 0.20700000000000002, 'w8': 0.9400000000000001, 'max_depth': 9, 'min_child_weight': 10, 'subsample': 0.8, 'colsample_bytree': 0.8, 'gamma': 2.8000000000000003}. Best is trial 192 with value: 0.5317621031331247.
[I 2023-10-18 11:17:55,418] Trial 241 finished with value: 0.5227129307649582 and parameters: {'w0': 0.167, 'w1': 0.88, 'w2': 0.295, 'w3': 0.378, 'w4': 0.852, 'w5': 0.656, 'w6': 0.9500000000000001, 'w7': 0.202, 'w8': 0.9380000000000001, 'max_depth': 9, 'min_child_weight': 10, 'subsample': 1.0, 'colsample_bytree': 0.8, 'gamma': 1.6}. Best is trial 192 with value: 0.5317621031331247.
[I 2023-10-18 11:18:10,571] Trial 242 finished with value: 0.5182277127279374 and parameters: {'w0': 0.322, 'w1': 0.88, 'w2': 0.35000000000000003, 'w3': 0.486, 'w4': 0.8200000000000001, 'w5': 0.661, 'w6': 0.836, 'w7': 0.211, 'w8': 0.931, 'max_depth': 9, 'min_child_weight': 10, 'subsample': 1.0, 'colsample_bytree': 0.8, 'gamma': 1.6}. Best is trial 192 with value: 0.5317621031331247.
[I 2023-10-18 11:20:31,442] Trial 240 finished with value: 0.5269421278815754 and parameters: {'w0': 0.17200000000000001, 'w1': 0.885, 'w2': 0.364, 'w3': 0.41200000000000003, 'w4': 0.873, 'w5': 0.661, 'w6': 0.839, 'w7': 0.217, 'w8': 0.9380000000000001, 'max_depth': 9, 'min_child_weight': 16, 'subsample': 0.8, 'colsample_bytree': 0.8, 'gamma': 1.6}. Best is trial 192 with value: 0.5317621031331247.
[I 2023-10-18 11:21:21,809] Trial 243 finished with value: 0.520378490265903 and parameters: {'w0': 0.328, 'w1': 0.976, 'w2': 0.34500000000000003, 'w3': 0.385, 'w4': 0.873, 'w5': 0.384, 'w6': 0.881, 'w7': 0.202, 'w8': 0.931, 'max_depth': 9, 'min_child_weight': 10, 'subsample': 0.8, 'colsample_bytree': 0.8, 'gamma': 1.6}. Best is trial 192 with value: 0.5317621031331247.
[I 2023-10-18 11:21:36,865] Trial 245 finished with value: 0.5277428144184492 and parameters: {'w0': 0.186, 'w1': 0.883, 'w2': 0.299, 'w3': 0.398, 'w4': 0.882, 'w5': 0.654, 'w6': 0.9390000000000001, 'w7': 0.21, 'w8': 0.9390000000000001, 'max_depth': 9, 'min_child_weight': 16, 'subsample': 0.8, 'colsample_bytree': 0.8, 'gamma': 1.6}. Best is trial 192 with value: 0.5317621031331247.
[I 2023-10-18 11:21:37,331] Trial 244 finished with value: 0.5251661271796257 and parameters: {'w0': 0.195, 'w1': 0.882, 'w2': 0.35100000000000003, 'w3': 0.41300000000000003, 'w4': 0.875, 'w5': 0.657, 'w6': 0.9480000000000001, 'w7': 0.2, 'w8': 0.932, 'max_depth': 9, 'min_child_weight': 10, 'subsample': 0.8, 'colsample_bytree': 0.8, 'gamma': 1.6}. Best is trial 192 with value: 0.5317621031331247.
[I 2023-10-18 11:22:17,554] Trial 246 finished with value: 0.5096825584435714 and parameters: {'w0': 0.179, 'w1': 0.884, 'w2': 0.3, 'w3': 0.36, 'w4': 0.281, 'w5': 0.665, 'w6': 0.937, 'w7': 0.20900000000000002, 'w8': 0.9380000000000001, 'max_depth': 9, 'min_child_weight': 14, 'subsample': 0.8, 'colsample_bytree': 0.8, 'gamma': 1.6}. Best is trial 192 with value: 0.5317621031331247.
[I 2023-10-18 11:22:29,986] Trial 247 finished with value: 0.5027131303177316 and parameters: {'w0': 0.15, 'w1': 0.976, 'w2': 0.341, 'w3': 0.403, 'w4': 0.382, 'w5': 0.653, 'w6': 0.837, 'w7': 0.20700000000000002, 'w8': 0.9390000000000001, 'max_depth': 9, 'min_child_weight': 16, 'subsample': 0.8, 'colsample_bytree': 0.8, 'gamma': 1.6}. Best is trial 192 with value: 0.5317621031331247.
[I 2023-10-18 11:22:40,680] Trial 237 finished with value: 0.4932060261632157 and parameters: {'w0': 0.214, 'w1': 0.879, 'w2': 0.364, 'w3': 0.362, 'w4': 0.878, 'w5': 0.35200000000000004, 'w6': 0.871, 'w7': 0.20800000000000002, 'w8': 0.992, 'max_depth': 9, 'min_child_weight': 10, 'subsample': 0.2, 'colsample_bytree': 0.8, 'gamma': 1.6}. Best is trial 192 with value: 0.5317621031331247.
[I 2023-10-18 11:23:18,919] Trial 249 finished with value: 0.515949795859447 and parameters: {'w0': 0.32, 'w1': 0.881, 'w2': 0.295, 'w3': 0.383, 'w4': 0.8180000000000001, 'w5': 0.662, 'w6': 0.229, 'w7': 0.20400000000000001, 'w8': 0.934, 'max_depth': 9, 'min_child_weight': 16, 'subsample': 0.8, 'colsample_bytree': 0.8, 'gamma': 1.6}. Best is trial 192 with value: 0.5317621031331247.
[I 2023-10-18 11:23:33,356] Trial 248 finished with value: 0.5270226321290304 and parameters: {'w0': 0.171, 'w1': 0.979, 'w2': 0.296, 'w3': 0.40900000000000003, 'w4': 0.8210000000000001, 'w5': 0.656, 'w6': 0.836, 'w7': 0.20600000000000002, 'w8': 0.932, 'max_depth': 9, 'min_child_weight': 14, 'subsample': 0.8, 'colsample_bytree': 0.8, 'gamma': 1.6}. Best is trial 192 with value: 0.5317621031331247.
[I 2023-10-18 11:25:46,381] Trial 250 finished with value: 0.5066062155491616 and parameters: {'w0': 0.327, 'w1': 0.883, 'w2': 0.93, 'w3': 0.40900000000000003, 'w4': 0.8260000000000001, 'w5': 0.662, 'w6': 0.839, 'w7': 0.197, 'w8': 0.933, 'max_depth': 9, 'min_child_weight': 16, 'subsample': 0.8, 'colsample_bytree': 0.8, 'gamma': 1.6}. Best is trial 192 with value: 0.5317621031331247.
[I 2023-10-18 11:26:21,384] Trial 251 finished with value: 0.5079057074912428 and parameters: {'w0': 0.328, 'w1': 0.885, 'w2': 0.157, 'w3': 0.391, 'w4': 0.834, 'w5': 0.662, 'w6': 0.165, 'w7': 0.2, 'w8': 0.9450000000000001, 'max_depth': 9, 'min_child_weight': 14, 'subsample': 0.8, 'colsample_bytree': 0.8, 'gamma': 1.6}. Best is trial 192 with value: 0.5317621031331247.
[I 2023-10-18 11:28:06,481] Trial 253 finished with value: 0.5221565253096015 and parameters: {'w0': 0.335, 'w1': 0.982, 'w2': 0.296, 'w3': 0.358, 'w4': 0.88, 'w5': 0.648, 'w6': 0.845, 'w7': 0.156, 'w8': 0.844, 'max_depth': 9, 'min_child_weight': 14, 'subsample': 0.8, 'colsample_bytree': 0.8, 'gamma': 1.6}. Best is trial 192 with value: 0.5317621031331247.
[I 2023-10-18 11:29:42,131] Trial 254 finished with value: 0.5267920678026708 and parameters: {'w0': 0.316, 'w1': 0.983, 'w2': 0.228, 'w3': 0.364, 'w4': 0.8180000000000001, 'w5': 0.655, 'w6': 0.934, 'w7': 0.267, 'w8': 0.851, 'max_depth': 9, 'min_child_weight': 14, 'subsample': 0.8, 'colsample_bytree': 0.8, 'gamma': 1.4000000000000001}. Best is trial 192 with value: 0.5317621031331247.
[I 2023-10-18 11:29:58,212] Trial 252 finished with value: 0.49177345740815326 and parameters: {'w0': 0.19, 'w1': 0.98, 'w2': 0.231, 'w3': 0.373, 'w4': 0.888, 'w5': 0.622, 'w6': 0.9390000000000001, 'w7': 0.196, 'w8': 0.9410000000000001, 'max_depth': 9, 'min_child_weight': 14, 'subsample': 0.2, 'colsample_bytree': 0.8, 'gamma': 1.6}. Best is trial 192 with value: 0.5317621031331247.
[I 2023-10-18 11:30:33,411] Trial 256 finished with value: 0.5275600995769546 and parameters: {'w0': 0.326, 'w1': 0.982, 'w2': 0.294, 'w3': 0.387, 'w4': 0.835, 'w5': 0.667, 'w6': 0.9390000000000001, 'w7': 0.268, 'w8': 0.847, 'max_depth': 9, 'min_child_weight': 14, 'subsample': 0.8, 'colsample_bytree': 0.8, 'gamma': 1.4000000000000001}. Best is trial 192 with value: 0.5317621031331247.
[I 2023-10-18 11:31:03,124] Trial 257 finished with value: 0.5191164250842789 and parameters: {'w0': 0.157, 'w1': 0.893, 'w2': 0.295, 'w3': 0.371, 'w4': 0.8310000000000001, 'w5': 0.656, 'w6': 0.9390000000000001, 'w7': 0.152, 'w8': 0.9510000000000001, 'max_depth': 9, 'min_child_weight': 14, 'subsample': 0.8, 'colsample_bytree': 0.8, 'gamma': 1.6}. Best is trial 192 with value: 0.5317621031331247.
[I 2023-10-18 11:31:19,866] Trial 264 finished with value: 0.49241915487583426 and parameters: {'w0': 0.13, 'w1': 0.14, 'w2': 0.245, 'w3': 0.368, 'w4': 0.883, 'w5': 0.622, 'w6': 0.9390000000000001, 'w7': 0.17300000000000001, 'w8': 0.91, 'max_depth': 9, 'min_child_weight': 14, 'subsample': 0.8, 'colsample_bytree': 0.8, 'gamma': 2.2}. Best is trial 192 with value: 0.5317621031331247.
[I 2023-10-18 11:31:25,721] Trial 263 finished with value: 0.5201541231343744 and parameters: {'w0': 0.122, 'w1': 0.858, 'w2': 0.243, 'w3': 0.355, 'w4': 0.8330000000000001, 'w5': 0.619, 'w6': 0.935, 'w7': 0.17400000000000002, 'w8': 0.9530000000000001, 'max_depth': 9, 'min_child_weight': 16, 'subsample': 0.8, 'colsample_bytree': 0.8, 'gamma': 2.2}. Best is trial 192 with value: 0.5317621031331247.
[I 2023-10-18 11:31:56,116] Trial 255 finished with value: 0.5205452240946603 and parameters: {'w0': 0.148, 'w1': 0.984, 'w2': 0.229, 'w3': 0.4, 'w4': 0.8220000000000001, 'w5': 0.669, 'w6': 0.8320000000000001, 'w7': 0.194, 'w8': 0.9450000000000001, 'max_depth': 9, 'min_child_weight': 14, 'subsample': 0.4, 'colsample_bytree': 0.8, 'gamma': 1.6}. Best is trial 192 with value: 0.5317621031331247.
[I 2023-10-18 11:32:11,212] Trial 260 finished with value: 0.5220109160233428 and parameters: {'w0': 0.16, 'w1': 0.86, 'w2': 0.296, 'w3': 0.397, 'w4': 0.8310000000000001, 'w5': 0.67, 'w6': 0.841, 'w7': 0.164, 'w8': 0.9490000000000001, 'max_depth': 9, 'min_child_weight': 16, 'subsample': 0.8, 'colsample_bytree': 0.8, 'gamma': 1.6}. Best is trial 192 with value: 0.5317621031331247.
[I 2023-10-18 11:32:56,132] Trial 259 finished with value: 0.5239911804095974 and parameters: {'w0': 0.164, 'w1': 0.89, 'w2': 0.299, 'w3': 0.356, 'w4': 0.88, 'w5': 0.654, 'w6': 0.839, 'w7': 0.152, 'w8': 0.9480000000000001, 'max_depth': 9, 'min_child_weight': 16, 'subsample': 0.8, 'colsample_bytree': 0.8, 'gamma': 1.4000000000000001}. Best is trial 192 with value: 0.5317621031331247.
[I 2023-10-18 11:33:42,821] Trial 262 finished with value: 0.5315353763546644 and parameters: {'w0': 0.181, 'w1': 0.866, 'w2': 0.23700000000000002, 'w3': 0.36, 'w4': 0.883, 'w5': 0.628, 'w6': 0.928, 'w7': 0.181, 'w8': 0.917, 'max_depth': 9, 'min_child_weight': 14, 'subsample': 0.8, 'colsample_bytree': 0.8, 'gamma': 1.4000000000000001}. Best is trial 192 with value: 0.5317621031331247.
[I 2023-10-18 11:34:13,127] Trial 258 finished with value: 0.4829902607634913 and parameters: {'w0': 0.272, 'w1': 0.889, 'w2': 0.24000000000000002, 'w3': 0.363, 'w4': 0.84, 'w5': 0.654, 'w6': 0.338, 'w7': 0.157, 'w8': 0.846, 'max_depth': 9, 'min_child_weight': 14, 'subsample': 0.2, 'colsample_bytree': 0.8, 'gamma': 1.4000000000000001}. Best is trial 192 with value: 0.5317621031331247.
[I 2023-10-18 11:34:31,966] Trial 266 finished with value: 0.5146100541327964 and parameters: {'w0': 0.14, 'w1': 0.858, 'w2': 0.303, 'w3': 0.34800000000000003, 'w4': 0.884, 'w5': 0.626, 'w6': 0.933, 'w7': 0.16, 'w8': 0.913, 'max_depth': 9, 'min_child_weight': 14, 'subsample': 0.8, 'colsample_bytree': 0.8, 'gamma': 2.2}. Best is trial 192 with value: 0.5317621031331247.
[I 2023-10-18 11:34:41,755] Trial 265 finished with value: 0.5325571671639483 and parameters: {'w0': 0.186, 'w1': 0.923, 'w2': 0.233, 'w3': 0.378, 'w4': 0.836, 'w5': 0.629, 'w6': 0.9440000000000001, 'w7': 0.17, 'w8': 0.912, 'max_depth': 9, 'min_child_weight': 14, 'subsample': 0.8, 'colsample_bytree': 0.8, 'gamma': 1.4000000000000001}. Best is trial 265 with value: 0.5325571671639483.
[I 2023-10-18 11:35:14,319] Trial 267 finished with value: 0.524548230736155 and parameters: {'w0': 0.126, 'w1': 0.92, 'w2': 0.228, 'w3': 0.36, 'w4': 0.881, 'w5': 0.632, 'w6': 0.93, 'w7': 0.171, 'w8': 0.913, 'max_depth': 9, 'min_child_weight': 14, 'subsample': 0.8, 'colsample_bytree': 0.8, 'gamma': 2.2}. Best is trial 265 with value: 0.5325571671639483.
[I 2023-10-18 11:36:48,587] Trial 268 finished with value: 0.501701035903083 and parameters: {'w0': 0.266, 'w1': 0.11800000000000001, 'w2': 0.245, 'w3': 0.441, 'w4': 0.89, 'w5': 0.619, 'w6': 0.932, 'w7': 0.24000000000000002, 'w8': 0.911, 'max_depth': 9, 'min_child_weight': 14, 'subsample': 0.8, 'colsample_bytree': 0.8, 'gamma': 2.2}. Best is trial 265 with value: 0.5325571671639483.
[I 2023-10-18 11:37:38,207] Trial 271 finished with value: 0.4991240711148381 and parameters: {'w0': 0.261, 'w1': 0.853, 'w2': 0.23500000000000001, 'w3': 0.44, 'w4': 0.8, 'w5': 0.635, 'w6': 0.93, 'w7': 0.162, 'w8': 0.968, 'max_depth': 9, 'min_child_weight': 14, 'subsample': 0.8, 'colsample_bytree': 0.8, 'gamma': 5.6000000000000005}. Best is trial 265 with value: 0.5325571671639483.
[I 2023-10-18 11:38:15,237] Trial 269 finished with value: 0.4943134550946025 and parameters: {'w0': 0.189, 'w1': 0.122, 'w2': 0.241, 'w3': 0.339, 'w4': 0.835, 'w5': 0.629, 'w6': 0.889, 'w7': 0.166, 'w8': 0.916, 'max_depth': 9, 'min_child_weight': 14, 'subsample': 0.8, 'colsample_bytree': 0.8, 'gamma': 2.2}. Best is trial 265 with value: 0.5325571671639483.
[I 2023-10-18 11:39:12,469] Trial 270 finished with value: 0.5199359390134046 and parameters: {'w0': 0.14400000000000002, 'w1': 0.853, 'w2': 0.25, 'w3': 0.342, 'w4': 0.805, 'w5': 0.63, 'w6': 0.891, 'w7': 0.17300000000000001, 'w8': 0.91, 'max_depth': 9, 'min_child_weight': 14, 'subsample': 0.8, 'colsample_bytree': 0.8, 'gamma': 2.2}. Best is trial 265 with value: 0.5325571671639483.
[I 2023-10-18 11:39:53,670] Trial 277 finished with value: 0.4726775575347168 and parameters: {'w0': 0.189, 'w1': 0.9520000000000001, 'w2': 0.252, 'w3': 0.334, 'w4': 0.881, 'w5': 0.6890000000000001, 'w6': 0.888, 'w7': 0.302, 'w8': 0.846, 'max_depth': 9, 'min_child_weight': 16, 'subsample': 0.8, 'colsample_bytree': 0.8, 'gamma': 8.200000000000001}. Best is trial 265 with value: 0.5325571671639483.
[I 2023-10-18 11:40:37,418] Trial 261 finished with value: 0.46101456806917984 and parameters: {'w0': 0.14500000000000002, 'w1': 0.862, 'w2': 0.232, 'w3': 0.368, 'w4': 0.834, 'w5': 0.623, 'w6': 0.93, 'w7': 0.889, 'w8': 0.9510000000000001, 'max_depth': 9, 'min_child_weight': 16, 'subsample': 0.4, 'colsample_bytree': 0.8, 'gamma': 1.4000000000000001}. Best is trial 265 with value: 0.5325571671639483.
[I 2023-10-18 11:40:58,917] Trial 272 finished with value: 0.5298100371969953 and parameters: {'w0': 0.254, 'w1': 0.848, 'w2': 0.247, 'w3': 0.335, 'w4': 0.787, 'w5': 0.685, 'w6': 0.93, 'w7': 0.243, 'w8': 0.859, 'max_depth': 9, 'min_child_weight': 16, 'subsample': 0.8, 'colsample_bytree': 0.8, 'gamma': 2.2}. Best is trial 265 with value: 0.5325571671639483.
[I 2023-10-18 11:41:45,573] Trial 279 finished with value: 0.42013092531917284 and parameters: {'w0': 0.184, 'w1': 0.841, 'w2': 0.191, 'w3': 0.329, 'w4': 0.844, 'w5': 0.6920000000000001, 'w6': 0.8180000000000001, 'w7': 0.883, 'w8': 0.976, 'max_depth': 9, 'min_child_weight': 16, 'subsample': 0.8, 'colsample_bytree': 0.8, 'gamma': 6.2}. Best is trial 265 with value: 0.5325571671639483.
[I 2023-10-18 11:44:26,202] Trial 275 finished with value: 0.5293761254774205 and parameters: {'w0': 0.268, 'w1': 0.9540000000000001, 'w2': 0.221, 'w3': 0.331, 'w4': 0.794, 'w5': 0.6910000000000001, 'w6': 0.897, 'w7': 0.242, 'w8': 0.853, 'max_depth': 9, 'min_child_weight': 16, 'subsample': 0.8, 'colsample_bytree': 0.8, 'gamma': 1.4000000000000001}. Best is trial 265 with value: 0.5325571671639483.
[I 2023-10-18 11:44:57,382] Trial 276 finished with value: 0.5210411221859933 and parameters: {'w0': 0.257, 'w1': 0.919, 'w2': 0.254, 'w3': 0.333, 'w4': 0.807, 'w5': 0.6910000000000001, 'w6': 0.926, 'w7': 0.296, 'w8': 0.844, 'max_depth': 9, 'min_child_weight': 14, 'subsample': 0.8, 'colsample_bytree': 0.8, 'gamma': 1.4000000000000001}. Best is trial 265 with value: 0.5325571671639483.
[I 2023-10-18 11:45:13,041] Trial 278 finished with value: 0.5184781314639174 and parameters: {'w0': 0.19, 'w1': 0.853, 'w2': 0.255, 'w3': 0.386, 'w4': 0.787, 'w5': 0.635, 'w6': 0.893, 'w7': 0.138, 'w8': 0.851, 'max_depth': 9, 'min_child_weight': 16, 'subsample': 0.8, 'colsample_bytree': 0.8, 'gamma': 1.4000000000000001}. Best is trial 265 with value: 0.5325571671639483.
