[I 2023-10-19 06:49:25,690] Trial 1522 finished with value: 0.537981276083951 and parameters: {'w0': 0.243, 'w1': 0.9590000000000001, 'w2': 0.15, 'w3': 0.323, 'w4': 0.721, 'w5': 0.98, 'w6': 0.441, 'w7': 0.14400000000000002, 'w8': 0.869, 'max_depth': 9, 'min_child_weight': 18, 'subsample': 0.9000000000000001, 'colsample_bytree': 0.6000000000000001, 'gamma': 0.0}. Best is trial 1334 with value: 0.5442704750798081.
[I 2023-10-19 06:53:38,303] Trial 1524 finished with value: 0.5320498471060352 and parameters: {'w0': 0.234, 'w1': 0.97, 'w2': 0.127, 'w3': 0.308, 'w4': 0.726, 'w5': 0.967, 'w6': 0.445, 'w7': 0.152, 'w8': 0.842, 'max_depth': 9, 'min_child_weight': 18, 'subsample': 0.9000000000000001, 'colsample_bytree': 0.6000000000000001, 'gamma': 0.0}. Best is trial 1334 with value: 0.5442704750798081.
[I 2023-10-19 06:54:17,500] Trial 1538 finished with value: 0.4843098125643935 and parameters: {'w0': 0.21, 'w1': 0.9390000000000001, 'w2': 0.193, 'w3': 0.294, 'w4': 0.747, 'w5': 0.978, 'w6': 0.47000000000000003, 'w7': 0.201, 'w8': 0.876, 'max_depth': 8, 'min_child_weight': 18, 'subsample': 0.9000000000000001, 'colsample_bytree': 0.6000000000000001, 'gamma': 8.4}. Best is trial 1334 with value: 0.5442704750798081.
[I 2023-10-19 06:57:08,894] Trial 1525 finished with value: 0.5332829378626575 and parameters: {'w0': 0.231, 'w1': 0.9600000000000001, 'w2': 0.124, 'w3': 0.331, 'w4': 0.734, 'w5': 1.0, 'w6': 0.453, 'w7': 0.152, 'w8': 0.873, 'max_depth': 9, 'min_child_weight': 18, 'subsample': 0.9000000000000001, 'colsample_bytree': 0.6000000000000001, 'gamma': 0.0}. Best is trial 1334 with value: 0.5442704750798081.
[I 2023-10-19 06:57:33,360] Trial 1526 finished with value: 0.5367252001213676 and parameters: {'w0': 0.214, 'w1': 0.9570000000000001, 'w2': 0.12000000000000001, 'w3': 0.311, 'w4': 0.728, 'w5': 0.983, 'w6': 0.436, 'w7': 0.152, 'w8': 0.849, 'max_depth': 9, 'min_child_weight': 18, 'subsample': 0.9000000000000001, 'colsample_bytree': 0.6000000000000001, 'gamma': 0.0}. Best is trial 1334 with value: 0.5442704750798081.
[I 2023-10-19 06:59:42,475] Trial 1530 finished with value: 0.5361194242095556 and parameters: {'w0': 0.211, 'w1': 0.9400000000000001, 'w2': 0.124, 'w3': 0.303, 'w4': 0.722, 'w5': 0.983, 'w6': 0.452, 'w7': 0.14400000000000002, 'w8': 0.867, 'max_depth': 9, 'min_child_weight': 18, 'subsample': 0.9000000000000001, 'colsample_bytree': 0.6000000000000001, 'gamma': 0.4}. Best is trial 1334 with value: 0.5442704750798081.
[I 2023-10-19 07:00:04,388] Trial 1527 finished with value: 0.5303607810061267 and parameters: {'w0': 0.20800000000000002, 'w1': 0.9510000000000001, 'w2': 0.11800000000000001, 'w3': 0.313, 'w4': 0.718, 'w5': 0.984, 'w6': 0.447, 'w7': 0.151, 'w8': 0.87, 'max_depth': 9, 'min_child_weight': 18, 'subsample': 0.9000000000000001, 'colsample_bytree': 0.6000000000000001, 'gamma': 0.0}. Best is trial 1334 with value: 0.5442704750798081.
[I 2023-10-19 07:00:25,285] Trial 1532 finished with value: 0.5383629663537772 and parameters: {'w0': 0.211, 'w1': 0.9470000000000001, 'w2': 0.14100000000000001, 'w3': 0.3, 'w4': 0.718, 'w5': 0.973, 'w6': 0.453, 'w7': 0.14300000000000002, 'w8': 0.855, 'max_depth': 8, 'min_child_weight': 18, 'subsample': 0.9000000000000001, 'colsample_bytree': 0.6000000000000001, 'gamma': 0.4}. Best is trial 1334 with value: 0.5442704750798081.
[I 2023-10-19 07:00:29,137] Trial 1531 finished with value: 0.5354449410689941 and parameters: {'w0': 0.212, 'w1': 0.9440000000000001, 'w2': 0.193, 'w3': 0.302, 'w4': 0.721, 'w5': 0.961, 'w6': 0.435, 'w7': 0.138, 'w8': 0.852, 'max_depth': 8, 'min_child_weight': 18, 'subsample': 0.9000000000000001, 'colsample_bytree': 0.6000000000000001, 'gamma': 0.4}. Best is trial 1334 with value: 0.5442704750798081.
[I 2023-10-19 07:01:15,424] Trial 1528 finished with value: 0.5347328435254343 and parameters: {'w0': 0.214, 'w1': 0.9420000000000001, 'w2': 0.131, 'w3': 0.294, 'w4': 0.72, 'w5': 0.976, 'w6': 0.449, 'w7': 0.14, 'w8': 0.862, 'max_depth': 9, 'min_child_weight': 18, 'subsample': 0.9000000000000001, 'colsample_bytree': 0.6000000000000001, 'gamma': 0.0}. Best is trial 1334 with value: 0.5442704750798081.
[I 2023-10-19 07:01:20,182] Trial 1529 finished with value: 0.5302144643769279 and parameters: {'w0': 0.211, 'w1': 0.9420000000000001, 'w2': 0.125, 'w3': 0.308, 'w4': 0.721, 'w5': 0.97, 'w6': 0.456, 'w7': 0.153, 'w8': 0.86, 'max_depth': 9, 'min_child_weight': 18, 'subsample': 0.9000000000000001, 'colsample_bytree': 0.6000000000000001, 'gamma': 0.0}. Best is trial 1334 with value: 0.5442704750798081.
[I 2023-10-19 07:01:37,530] Trial 1533 finished with value: 0.5311423427857678 and parameters: {'w0': 0.20500000000000002, 'w1': 0.936, 'w2': 0.147, 'w3': 0.305, 'w4': 0.731, 'w5': 0.978, 'w6': 0.441, 'w7': 0.192, 'w8': 0.846, 'max_depth': 8, 'min_child_weight': 18, 'subsample': 0.9000000000000001, 'colsample_bytree': 0.6000000000000001, 'gamma': 0.4}. Best is trial 1334 with value: 0.5442704750798081.
[I 2023-10-19 07:02:46,109] Trial 1534 finished with value: 0.5337863817847485 and parameters: {'w0': 0.20700000000000002, 'w1': 0.9390000000000001, 'w2': 0.127, 'w3': 0.277, 'w4': 0.743, 'w5': 0.989, 'w6': 0.46900000000000003, 'w7': 0.14300000000000002, 'w8': 0.853, 'max_depth': 9, 'min_child_weight': 18, 'subsample': 0.9000000000000001, 'colsample_bytree': 0.6000000000000001, 'gamma': 0.4}. Best is trial 1334 with value: 0.5442704750798081.
[I 2023-10-19 07:02:48,615] Trial 1535 finished with value: 0.5346579582520266 and parameters: {'w0': 0.213, 'w1': 0.9400000000000001, 'w2': 0.19, 'w3': 0.302, 'w4': 0.726, 'w5': 0.971, 'w6': 0.448, 'w7': 0.14300000000000002, 'w8': 0.851, 'max_depth': 9, 'min_child_weight': 18, 'subsample': 0.9000000000000001, 'colsample_bytree': 0.6000000000000001, 'gamma': 0.4}. Best is trial 1334 with value: 0.5442704750798081.
[I 2023-10-19 07:02:54,029] Trial 1536 finished with value: 0.5377778614345948 and parameters: {'w0': 0.211, 'w1': 0.9430000000000001, 'w2': 0.182, 'w3': 0.307, 'w4': 0.73, 'w5': 0.972, 'w6': 0.442, 'w7': 0.139, 'w8': 0.842, 'max_depth': 9, 'min_child_weight': 18, 'subsample': 0.9000000000000001, 'colsample_bytree': 0.6000000000000001, 'gamma': 0.4}. Best is trial 1334 with value: 0.5442704750798081.
[I 2023-10-19 07:04:53,857] Trial 1539 finished with value: 0.5331913898940633 and parameters: {'w0': 0.213, 'w1': 0.9390000000000001, 'w2': 0.189, 'w3': 0.299, 'w4': 0.5640000000000001, 'w5': 0.977, 'w6': 0.47300000000000003, 'w7': 0.14, 'w8': 0.85, 'max_depth': 8, 'min_child_weight': 18, 'subsample': 0.9000000000000001, 'colsample_bytree': 0.6000000000000001, 'gamma': 0.4}. Best is trial 1334 with value: 0.5442704750798081.
[I 2023-10-19 07:05:11,761] Trial 1537 finished with value: 0.5072658627797663 and parameters: {'w0': 0.20500000000000002, 'w1': 0.9480000000000001, 'w2': 0.8270000000000001, 'w3': 0.293, 'w4': 0.744, 'w5': 0.98, 'w6': 0.456, 'w7': 0.20900000000000002, 'w8': 0.846, 'max_depth': 9, 'min_child_weight': 18, 'subsample': 0.9000000000000001, 'colsample_bytree': 0.6000000000000001, 'gamma': 0.4}. Best is trial 1334 with value: 0.5442704750798081.
[I 2023-10-19 07:09:02,690] Trial 1540 finished with value: 0.5373815290445868 and parameters: {'w0': 0.213, 'w1': 0.937, 'w2': 0.187, 'w3': 0.279, 'w4': 0.75, 'w5': 0.892, 'w6': 0.47100000000000003, 'w7': 0.14100000000000001, 'w8': 0.851, 'max_depth': 8, 'min_child_weight': 18, 'subsample': 0.9000000000000001, 'colsample_bytree': 0.6000000000000001, 'gamma': 0.4}. Best is trial 1334 with value: 0.5442704750798081.
[I 2023-10-19 07:09:44,054] Trial 1541 finished with value: 0.5370478349990049 and parameters: {'w0': 0.20900000000000002, 'w1': 0.9390000000000001, 'w2': 0.178, 'w3': 0.275, 'w4': 0.745, 'w5': 0.963, 'w6': 0.47400000000000003, 'w7': 0.136, 'w8': 0.849, 'max_depth': 8, 'min_child_weight': 18, 'subsample': 0.9000000000000001, 'colsample_bytree': 0.6000000000000001, 'gamma': 0.4}. Best is trial 1334 with value: 0.5442704750798081.
[I 2023-10-19 07:12:00,030] Trial 1542 finished with value: 0.5230478976228239 and parameters: {'w0': 0.21, 'w1': 0.19, 'w2': 0.183, 'w3': 0.28300000000000003, 'w4': 0.745, 'w5': 0.894, 'w6': 0.47200000000000003, 'w7': 0.14, 'w8': 0.852, 'max_depth': 8, 'min_child_weight': 18, 'subsample': 0.9000000000000001, 'colsample_bytree': 0.6000000000000001, 'gamma': 0.4}. Best is trial 1334 with value: 0.5442704750798081.
[I 2023-10-19 07:13:12,099] Trial 1543 finished with value: 0.536042011557879 and parameters: {'w0': 0.20400000000000001, 'w1': 0.9410000000000001, 'w2': 0.18, 'w3': 0.295, 'w4': 0.741, 'w5': 0.905, 'w6': 0.466, 'w7': 0.137, 'w8': 0.852, 'max_depth': 8, 'min_child_weight': 18, 'subsample': 0.9000000000000001, 'colsample_bytree': 0.6000000000000001, 'gamma': 0.4}. Best is trial 1334 with value: 0.5442704750798081.
[I 2023-10-19 07:15:08,172] Trial 1546 finished with value: 0.49676554675464996 and parameters: {'w0': 0.20400000000000001, 'w1': 0.905, 'w2': 0.185, 'w3': 0.267, 'w4': 0.271, 'w5': 0.9590000000000001, 'w6': 0.123, 'w7': 0.136, 'w8': 0.848, 'max_depth': 9, 'min_child_weight': 18, 'subsample': 0.9000000000000001, 'colsample_bytree': 0.6000000000000001, 'gamma': 0.4}. Best is trial 1334 with value: 0.5442704750798081.
[I 2023-10-19 07:15:56,581] Trial 1547 finished with value: 0.5386818362686274 and parameters: {'w0': 0.165, 'w1': 0.913, 'w2': 0.19, 'w3': 0.272, 'w4': 0.745, 'w5': 0.915, 'w6': 0.482, 'w7': 0.134, 'w8': 0.393, 'max_depth': 9, 'min_child_weight': 18, 'subsample': 0.9000000000000001, 'colsample_bytree': 0.6000000000000001, 'gamma': 0.4}. Best is trial 1334 with value: 0.5442704750798081.
[I 2023-10-19 07:15:59,971] Trial 1544 finished with value: 0.5389243693034989 and parameters: {'w0': 0.2, 'w1': 0.9390000000000001, 'w2': 0.181, 'w3': 0.278, 'w4': 0.748, 'w5': 0.895, 'w6': 0.467, 'w7': 0.136, 'w8': 0.85, 'max_depth': 9, 'min_child_weight': 18, 'subsample': 0.9000000000000001, 'colsample_bytree': 0.6000000000000001, 'gamma': 0.4}. Best is trial 1334 with value: 0.5442704750798081.
[I 2023-10-19 07:16:25,118] Trial 1545 finished with value: 0.538845413555679 and parameters: {'w0': 0.20700000000000002, 'w1': 0.907, 'w2': 0.179, 'w3': 0.273, 'w4': 0.746, 'w5': 0.893, 'w6': 0.47900000000000004, 'w7': 0.181, 'w8': 0.854, 'max_depth': 9, 'min_child_weight': 18, 'subsample': 0.9000000000000001, 'colsample_bytree': 0.6000000000000001, 'gamma': 0.4}. Best is trial 1334 with value: 0.5442704750798081.
[I 2023-10-19 07:16:31,345] Trial 1552 finished with value: 0.5307666445631875 and parameters: {'w0': 0.171, 'w1': 0.907, 'w2': 0.179, 'w3': 0.264, 'w4': 0.562, 'w5': 0.893, 'w6': 0.47200000000000003, 'w7': 0.17500000000000002, 'w8': 0.883, 'max_depth': 6, 'min_child_weight': 18, 'subsample': 0.9000000000000001, 'colsample_bytree': 0.4, 'gamma': 0.2}. Best is trial 1334 with value: 0.5442704750798081.
[I 2023-10-19 07:17:08,241] Trial 1550 finished with value: 0.5109325279816676 and parameters: {'w0': 0.17, 'w1': 0.913, 'w2': 0.183, 'w3': 0.271, 'w4': 0.28400000000000003, 'w5': 0.92, 'w6': 0.51, 'w7': 0.093, 'w8': 0.847, 'max_depth': 9, 'min_child_weight': 18, 'subsample': 0.9000000000000001, 'colsample_bytree': 0.6000000000000001, 'gamma': 0.4}. Best is trial 1334 with value: 0.5442704750798081.
[I 2023-10-19 07:17:17,875] Trial 1549 finished with value: 0.5299896731921196 and parameters: {'w0': 0.167, 'w1': 0.911, 'w2': 0.18, 'w3': 0.276, 'w4': 0.745, 'w5': 0.915, 'w6': 0.47500000000000003, 'w7': 0.184, 'w8': 0.28500000000000003, 'max_depth': 9, 'min_child_weight': 18, 'subsample': 0.9000000000000001, 'colsample_bytree': 0.6000000000000001, 'gamma': 0.4}. Best is trial 1334 with value: 0.5442704750798081.
[I 2023-10-19 07:17:39,195] Trial 1548 finished with value: 0.5379106299373818 and parameters: {'w0': 0.17, 'w1': 0.913, 'w2': 0.18, 'w3': 0.28300000000000003, 'w4': 0.747, 'w5': 0.894, 'w6': 0.47300000000000003, 'w7': 0.17200000000000001, 'w8': 0.851, 'max_depth': 9, 'min_child_weight': 18, 'subsample': 0.9000000000000001, 'colsample_bytree': 0.6000000000000001, 'gamma': 0.4}. Best is trial 1334 with value: 0.5442704750798081.
[I 2023-10-19 07:21:30,782] Trial 1551 finished with value: 0.5173907736075122 and parameters: {'w0': 0.601, 'w1': 0.919, 'w2': 0.17500000000000002, 'w3': 0.275, 'w4': 0.747, 'w5': 0.915, 'w6': 0.48000000000000004, 'w7': 0.095, 'w8': 0.841, 'max_depth': 9, 'min_child_weight': 18, 'subsample': 0.9000000000000001, 'colsample_bytree': 0.6000000000000001, 'gamma': 0.2}. Best is trial 1334 with value: 0.5442704750798081.
[I 2023-10-19 07:21:36,579] Trial 1553 finished with value: 0.5117766697398013 and parameters: {'w0': 0.998, 'w1': 0.921, 'w2': 0.097, 'w3': 0.278, 'w4': 0.752, 'w5': 0.916, 'w6': 0.512, 'w7': 0.094, 'w8': 0.882, 'max_depth': 9, 'min_child_weight': 18, 'subsample': 0.9000000000000001, 'colsample_bytree': 0.6000000000000001, 'gamma': 0.2}. Best is trial 1334 with value: 0.5442704750798081.
[I 2023-10-19 07:22:48,194] Trial 1554 finished with value: 0.5117048247240178 and parameters: {'w0': 0.164, 'w1': 0.20500000000000002, 'w2': 0.098, 'w3': 0.272, 'w4': 0.748, 'w5': 0.897, 'w6': 0.511, 'w7': 0.17400000000000002, 'w8': 0.843, 'max_depth': 9, 'min_child_weight': 18, 'subsample': 0.9000000000000001, 'colsample_bytree': 0.6000000000000001, 'gamma': 0.2}. Best is trial 1334 with value: 0.5442704750798081.
[I 2023-10-19 07:22:58,041] Trial 1563 finished with value: 0.48699267267562374 and parameters: {'w0': 0.17, 'w1': 0.91, 'w2': 0.097, 'w3': 0.255, 'w4': 0.759, 'w5': 0.921, 'w6': 0.511, 'w7': 0.092, 'w8': 0.592, 'max_depth': 9, 'min_child_weight': 10, 'subsample': 0.8, 'colsample_bytree': 0.6000000000000001, 'gamma': 7.6000000000000005}. Best is trial 1334 with value: 0.5442704750798081.
[I 2023-10-19 07:23:07,387] Trial 1559 finished with value: 0.5300659825825924 and parameters: {'w0': 0.169, 'w1': 0.91, 'w2': 0.098, 'w3': 0.263, 'w4': 0.758, 'w5': 0.922, 'w6': 0.505, 'w7': 0.093, 'w8': 0.879, 'max_depth': 9, 'min_child_weight': 18, 'subsample': 0.9000000000000001, 'colsample_bytree': 0.6000000000000001, 'gamma': 1.2000000000000002}. Best is trial 1334 with value: 0.5442704750798081.
[I 2023-10-19 07:23:34,645] Trial 1555 finished with value: 0.5396804007756411 and parameters: {'w0': 0.167, 'w1': 0.909, 'w2': 0.097, 'w3': 0.266, 'w4': 0.757, 'w5': 0.907, 'w6': 0.481, 'w7': 0.11, 'w8': 0.883, 'max_depth': 9, 'min_child_weight': 18, 'subsample': 0.9000000000000001, 'colsample_bytree': 0.6000000000000001, 'gamma': 0.2}. Best is trial 1334 with value: 0.5442704750798081.
[I 2023-10-19 07:24:28,537] Trial 1564 finished with value: 0.5215708156575743 and parameters: {'w0': 0.168, 'w1': 0.917, 'w2': 0.10300000000000001, 'w3': 0.254, 'w4': 0.763, 'w5': 0.914, 'w6': 0.512, 'w7': 0.093, 'w8': 0.806, 'max_depth': 9, 'min_child_weight': 18, 'subsample': 0.9000000000000001, 'colsample_bytree': 0.6000000000000001, 'gamma': 2.4000000000000004}. Best is trial 1334 with value: 0.5442704750798081.
[I 2023-10-19 07:27:30,642] Trial 1556 finished with value: 0.5394176301111113 and parameters: {'w0': 0.167, 'w1': 0.91, 'w2': 0.096, 'w3': 0.273, 'w4': 0.752, 'w5': 0.913, 'w6': 0.511, 'w7': 0.10500000000000001, 'w8': 0.84, 'max_depth': 9, 'min_child_weight': 18, 'subsample': 0.9000000000000001, 'colsample_bytree': 0.6000000000000001, 'gamma': 0.2}. Best is trial 1334 with value: 0.5442704750798081.
[I 2023-10-19 07:28:02,274] Trial 1557 finished with value: 0.5419948986658238 and parameters: {'w0': 0.165, 'w1': 0.91, 'w2': 0.099, 'w3': 0.27, 'w4': 0.757, 'w5': 0.906, 'w6': 0.511, 'w7': 0.094, 'w8': 0.888, 'max_depth': 9, 'min_child_weight': 18, 'subsample': 0.9000000000000001, 'colsample_bytree': 0.6000000000000001, 'gamma': 0.2}. Best is trial 1334 with value: 0.5442704750798081.
[I 2023-10-19 07:30:45,731] Trial 1558 finished with value: 0.5224287459832324 and parameters: {'w0': 0.17, 'w1': 0.907, 'w2': 0.1, 'w3': 0.271, 'w4': 0.756, 'w5': 0.917, 'w6': 0.51, 'w7': 0.178, 'w8': 0.88, 'max_depth': 9, 'min_child_weight': 18, 'subsample': 0.9000000000000001, 'colsample_bytree': 0.6000000000000001, 'gamma': 0.2}. Best is trial 1334 with value: 0.5442704750798081.
[I 2023-10-19 07:33:33,755] Trial 1560 finished with value: 0.5415301579283135 and parameters: {'w0': 0.167, 'w1': 0.905, 'w2': 0.098, 'w3': 0.257, 'w4': 0.758, 'w5': 0.922, 'w6': 0.512, 'w7': 0.093, 'w8': 0.879, 'max_depth': 9, 'min_child_weight': 18, 'subsample': 0.9000000000000001, 'colsample_bytree': 0.6000000000000001, 'gamma': 0.2}. Best is trial 1334 with value: 0.5442704750798081.
[I 2023-10-19 07:34:13,966] Trial 1561 finished with value: 0.5372451091240478 and parameters: {'w0': 0.169, 'w1': 0.904, 'w2': 0.162, 'w3': 0.258, 'w4': 0.764, 'w5': 0.889, 'w6': 0.503, 'w7': 0.094, 'w8': 0.511, 'max_depth': 9, 'min_child_weight': 18, 'subsample': 0.9000000000000001, 'colsample_bytree': 0.6000000000000001, 'gamma': 0.2}. Best is trial 1334 with value: 0.5442704750798081.
[I 2023-10-19 07:34:38,656] Trial 1565 finished with value: 0.5284728135140327 and parameters: {'w0': 0.146, 'w1': 0.984, 'w2': 0.1, 'w3': 0.263, 'w4': 0.762, 'w5': 0.92, 'w6': 0.511, 'w7': 0.109, 'w8': 0.801, 'max_depth': 9, 'min_child_weight': 18, 'subsample': 0.6000000000000001, 'colsample_bytree': 0.6000000000000001, 'gamma': 0.2}. Best is trial 1334 with value: 0.5442704750798081.
[I 2023-10-19 07:35:01,271] Trial 1567 finished with value: 0.5149060229372733 and parameters: {'w0': 0.14300000000000002, 'w1': 0.986, 'w2': 0.095, 'w3': 0.258, 'w4': 0.761, 'w5': 0.17400000000000002, 'w6': 0.51, 'w7': 0.112, 'w8': 0.802, 'max_depth': 9, 'min_child_weight': 18, 'subsample': 0.8, 'colsample_bytree': 0.6000000000000001, 'gamma': 0.2}. Best is trial 1334 with value: 0.5442704750798081.
[I 2023-10-19 07:35:59,488] Trial 1566 finished with value: 0.5194231690524224 and parameters: {'w0': 0.607, 'w1': 0.983, 'w2': 0.101, 'w3': 0.261, 'w4': 0.766, 'w5': 0.921, 'w6': 0.508, 'w7': 0.093, 'w8': 0.515, 'max_depth': 9, 'min_child_weight': 18, 'subsample': 0.8, 'colsample_bytree': 0.6000000000000001, 'gamma': 0.2}. Best is trial 1334 with value: 0.5442704750798081.
[I 2023-10-19 07:36:11,719] Trial 1562 finished with value: 0.5222907871102491 and parameters: {'w0': 0.168, 'w1': 0.912, 'w2': 0.10400000000000001, 'w3': 0.254, 'w4': 0.765, 'w5': 0.928, 'w6': 0.512, 'w7': 0.177, 'w8': 0.881, 'max_depth': 9, 'min_child_weight': 10, 'subsample': 0.9000000000000001, 'colsample_bytree': 0.6000000000000001, 'gamma': 0.2}. Best is trial 1334 with value: 0.5442704750798081.
[I 2023-10-19 07:38:56,051] Trial 1569 finished with value: 0.5360860038503484 and parameters: {'w0': 0.14500000000000002, 'w1': 0.985, 'w2': 0.098, 'w3': 0.253, 'w4': 0.771, 'w5': 0.921, 'w6': 0.535, 'w7': 0.10300000000000001, 'w8': 0.354, 'max_depth': 9, 'min_child_weight': 18, 'subsample': 0.8, 'colsample_bytree': 0.6000000000000001, 'gamma': 0.2}. Best is trial 1334 with value: 0.5442704750798081.
[I 2023-10-19 07:39:27,248] Trial 1568 finished with value: 0.5381862014118365 and parameters: {'w0': 0.149, 'w1': 0.981, 'w2': 0.096, 'w3': 0.254, 'w4': 0.767, 'w5': 0.9550000000000001, 'w6': 0.511, 'w7': 0.111, 'w8': 0.684, 'max_depth': 9, 'min_child_weight': 18, 'subsample': 0.8, 'colsample_bytree': 0.6000000000000001, 'gamma': 0.2}. Best is trial 1334 with value: 0.5442704750798081.
[I 2023-10-19 07:40:29,384] Trial 1570 finished with value: 0.5380652595317611 and parameters: {'w0': 0.14300000000000002, 'w1': 0.982, 'w2': 0.14200000000000002, 'w3': 0.254, 'w4': 0.772, 'w5': 0.9510000000000001, 'w6': 0.511, 'w7': 0.11, 'w8': 0.676, 'max_depth': 9, 'min_child_weight': 18, 'subsample': 0.8, 'colsample_bytree': 0.6000000000000001, 'gamma': 0.2}. Best is trial 1334 with value: 0.5442704750798081.
[I 2023-10-19 07:40:50,543] Trial 1571 finished with value: 0.5364933981589047 and parameters: {'w0': 0.14500000000000002, 'w1': 0.9600000000000001, 'w2': 0.14, 'w3': 0.252, 'w4': 0.775, 'w5': 0.9510000000000001, 'w6': 0.51, 'w7': 0.109, 'w8': 0.804, 'max_depth': 9, 'min_child_weight': 18, 'subsample': 0.9000000000000001, 'colsample_bytree': 0.6000000000000001, 'gamma': 0.2}. Best is trial 1334 with value: 0.5442704750798081.
[I 2023-10-19 07:41:20,800] Trial 1572 finished with value: 0.5364963071720267 and parameters: {'w0': 0.14200000000000002, 'w1': 0.983, 'w2': 0.14100000000000001, 'w3': 0.249, 'w4': 0.771, 'w5': 0.9570000000000001, 'w6': 0.512, 'w7': 0.11800000000000001, 'w8': 0.812, 'max_depth': 9, 'min_child_weight': 18, 'subsample': 0.9000000000000001, 'colsample_bytree': 0.6000000000000001, 'gamma': 0.2}. Best is trial 1334 with value: 0.5442704750798081.
[I 2023-10-19 07:41:31,525] Trial 1573 finished with value: 0.5042469699152848 and parameters: {'w0': 0.148, 'w1': 0.984, 'w2': 0.138, 'w3': 0.252, 'w4': 0.771, 'w5': 0.929, 'w6': 0.156, 'w7': 0.314, 'w8': 0.802, 'max_depth': 9, 'min_child_weight': 18, 'subsample': 0.8, 'colsample_bytree': 0.6000000000000001, 'gamma': 0.2}. Best is trial 1334 with value: 0.5442704750798081.
[I 2023-10-19 07:41:49,649] Trial 1581 finished with value: 0.5165737181773294 and parameters: {'w0': 0.146, 'w1': 0.895, 'w2': 0.117, 'w3': 0.244, 'w4': 0.774, 'w5': 0.9540000000000001, 'w6': 0.535, 'w7': 0.111, 'w8': 0.884, 'max_depth': 9, 'min_child_weight': 18, 'subsample': 0.9000000000000001, 'colsample_bytree': 0.6000000000000001, 'gamma': 3.2}. Best is trial 1334 with value: 0.5442704750798081.
[I 2023-10-19 07:41:51,814] Trial 1574 finished with value: 0.5388670053409309 and parameters: {'w0': 0.14, 'w1': 0.982, 'w2': 0.14500000000000002, 'w3': 0.253, 'w4': 0.781, 'w5': 0.9550000000000001, 'w6': 0.534, 'w7': 0.115, 'w8': 0.459, 'max_depth': 9, 'min_child_weight': 18, 'subsample': 0.8, 'colsample_bytree': 0.6000000000000001, 'gamma': 0.2}. Best is trial 1334 with value: 0.5442704750798081.
