[I 2023-10-19 12:19:29,708] Trial 1890 finished with value: 0.5265597799218255 and parameters: {'w0': 0.191, 'w1': 0.906, 'w2': 0.091, 'w3': 0.278, 'w4': 0.752, 'w5': 0.9480000000000001, 'w6': 0.511, 'w7': 0.167, 'w8': 0.872, 'max_depth': 9, 'min_child_weight': 18, 'subsample': 0.9000000000000001, 'colsample_bytree': 0.6000000000000001, 'gamma': 0.2}. Best is trial 1334 with value: 0.5442704750798081.
[I 2023-10-19 12:19:37,744] Trial 1891 finished with value: 0.5272091405453686 and parameters: {'w0': 0.241, 'w1': 0.9, 'w2': 0.095, 'w3': 0.275, 'w4': 0.798, 'w5': 0.9550000000000001, 'w6': 0.51, 'w7': 0.16, 'w8': 0.876, 'max_depth': 9, 'min_child_weight': 18, 'subsample': 0.9000000000000001, 'colsample_bytree': 0.6000000000000001, 'gamma': 0.2}. Best is trial 1334 with value: 0.5442704750798081.
[I 2023-10-19 12:20:18,797] Trial 1893 finished with value: 0.5226822857565174 and parameters: {'w0': 0.23900000000000002, 'w1': 0.908, 'w2': 0.093, 'w3': 0.277, 'w4': 0.752, 'w5': 0.9540000000000001, 'w6': 0.509, 'w7': 0.17200000000000001, 'w8': 0.88, 'max_depth': 9, 'min_child_weight': 18, 'subsample': 0.9000000000000001, 'colsample_bytree': 0.6000000000000001, 'gamma': 0.2}. Best is trial 1334 with value: 0.5442704750798081.
[I 2023-10-19 12:21:38,759] Trial 1895 finished with value: 0.5350292780735844 and parameters: {'w0': 0.116, 'w1': 0.962, 'w2': 0.08800000000000001, 'w3': 0.23, 'w4': 0.806, 'w5': 0.888, 'w6': 0.512, 'w7': 0.069, 'w8': 0.874, 'max_depth': 9, 'min_child_weight': 18, 'subsample': 0.9000000000000001, 'colsample_bytree': 0.6000000000000001, 'gamma': 0.2}. Best is trial 1334 with value: 0.5442704750798081.
[I 2023-10-19 12:22:07,434] Trial 1896 finished with value: 0.5336218503906464 and parameters: {'w0': 0.11800000000000001, 'w1': 0.9530000000000001, 'w2': 0.091, 'w3': 0.273, 'w4': 0.798, 'w5': 0.891, 'w6': 0.509, 'w7': 0.057, 'w8': 0.869, 'max_depth': 9, 'min_child_weight': 18, 'subsample': 0.9000000000000001, 'colsample_bytree': 0.6000000000000001, 'gamma': 0.2}. Best is trial 1334 with value: 0.5442704750798081.
[I 2023-10-19 12:22:09,260] Trial 1899 finished with value: 0.47756772921788593 and parameters: {'w0': 0.122, 'w1': 0.9460000000000001, 'w2': 0.024, 'w3': 0.23, 'w4': 0.802, 'w5': 0.893, 'w6': 0.51, 'w7': 0.049, 'w8': 0.108, 'max_depth': 9, 'min_child_weight': 18, 'subsample': 0.9000000000000001, 'colsample_bytree': 0.6000000000000001, 'gamma': 0.2}. Best is trial 1334 with value: 0.5442704750798081.
[I 2023-10-19 12:22:21,999] Trial 1894 finished with value: 0.5367707638862278 and parameters: {'w0': 0.234, 'w1': 0.905, 'w2': 0.221, 'w3': 0.28300000000000003, 'w4': 0.898, 'w5': 0.9430000000000001, 'w6': 0.512, 'w7': 0.168, 'w8': 0.874, 'max_depth': 9, 'min_child_weight': 18, 'subsample': 0.9000000000000001, 'colsample_bytree': 0.6000000000000001, 'gamma': 0.2}. Best is trial 1334 with value: 0.5442704750798081.
[I 2023-10-19 12:22:51,176] Trial 1897 finished with value: 0.5381000801057996 and parameters: {'w0': 0.117, 'w1': 0.9510000000000001, 'w2': 0.066, 'w3': 0.276, 'w4': 0.802, 'w5': 0.889, 'w6': 0.512, 'w7': 0.056, 'w8': 0.873, 'max_depth': 9, 'min_child_weight': 18, 'subsample': 0.9000000000000001, 'colsample_bytree': 0.6000000000000001, 'gamma': 0.2}. Best is trial 1334 with value: 0.5442704750798081.
[I 2023-10-19 12:23:20,433] Trial 1898 finished with value: 0.5256533645354081 and parameters: {'w0': 0.115, 'w1': 0.9470000000000001, 'w2': 0.095, 'w3': 0.232, 'w4': 0.898, 'w5': 0.907, 'w6': 0.51, 'w7': 0.044000000000000004, 'w8': 0.871, 'max_depth': 9, 'min_child_weight': 18, 'subsample': 0.9000000000000001, 'colsample_bytree': 0.6000000000000001, 'gamma': 0.2}. Best is trial 1334 with value: 0.5442704750798081.
[I 2023-10-19 12:24:53,418] Trial 1900 finished with value: 0.49210570614824733 and parameters: {'w0': 0.13, 'w1': 0.9470000000000001, 'w2': 0.019000000000000003, 'w3': 0.234, 'w4': 0.803, 'w5': 0.89, 'w6': 0.513, 'w7': 0.04, 'w8': 0.874, 'max_depth': 9, 'min_child_weight': 18, 'subsample': 0.9000000000000001, 'colsample_bytree': 0.6000000000000001, 'gamma': 0.2}. Best is trial 1334 with value: 0.5442704750798081.
[I 2023-10-19 12:27:38,884] Trial 1902 finished with value: 0.5302351557181031 and parameters: {'w0': 0.117, 'w1': 0.9430000000000001, 'w2': 0.074, 'w3': 0.229, 'w4': 0.753, 'w5': 0.895, 'w6': 0.511, 'w7': 0.047, 'w8': 0.8170000000000001, 'max_depth': 9, 'min_child_weight': 18, 'subsample': 0.9000000000000001, 'colsample_bytree': 0.6000000000000001, 'gamma': 0.2}. Best is trial 1334 with value: 0.5442704750798081.
[I 2023-10-19 12:30:28,736] Trial 1903 finished with value: 0.5336385076068245 and parameters: {'w0': 0.113, 'w1': 0.319, 'w2': 0.067, 'w3': 0.232, 'w4': 0.895, 'w5': 0.906, 'w6': 0.513, 'w7': 0.057, 'w8': 0.8190000000000001, 'max_depth': 9, 'min_child_weight': 18, 'subsample': 0.9000000000000001, 'colsample_bytree': 0.6000000000000001, 'gamma': 0.2}. Best is trial 1334 with value: 0.5442704750798081.
[I 2023-10-19 12:32:27,750] Trial 1904 finished with value: 0.516396564612472 and parameters: {'w0': 0.116, 'w1': 0.9450000000000001, 'w2': 0.060000000000000005, 'w3': 0.199, 'w4': 0.844, 'w5': 0.894, 'w6': 0.466, 'w7': 0.056, 'w8': 0.116, 'max_depth': 9, 'min_child_weight': 18, 'subsample': 0.9000000000000001, 'colsample_bytree': 0.6000000000000001, 'gamma': 0.2}. Best is trial 1334 with value: 0.5442704750798081.
[I 2023-10-19 12:33:57,480] Trial 1905 finished with value: 0.5353950959435025 and parameters: {'w0': 0.123, 'w1': 0.9470000000000001, 'w2': 0.078, 'w3': 0.195, 'w4': 0.841, 'w5': 0.91, 'w6': 0.462, 'w7': 0.053000000000000005, 'w8': 0.8190000000000001, 'max_depth': 9, 'min_child_weight': 18, 'subsample': 0.9000000000000001, 'colsample_bytree': 0.6000000000000001, 'gamma': 0.0}. Best is trial 1334 with value: 0.5442704750798081.
[I 2023-10-19 12:34:44,332] Trial 1906 finished with value: 0.5333903587108115 and parameters: {'w0': 0.112, 'w1': 0.9470000000000001, 'w2': 0.076, 'w3': 0.23, 'w4': 0.751, 'w5': 0.908, 'w6': 0.543, 'w7': 0.052000000000000005, 'w8': 0.8160000000000001, 'max_depth': 9, 'min_child_weight': 18, 'subsample': 0.9000000000000001, 'colsample_bytree': 0.6000000000000001, 'gamma': 0.0}. Best is trial 1334 with value: 0.5442704750798081.
[I 2023-10-19 12:34:46,480] Trial 1907 finished with value: 0.5038057874278103 and parameters: {'w0': 0.122, 'w1': 0.9480000000000001, 'w2': 0.059000000000000004, 'w3': 0.199, 'w4': 0.11800000000000001, 'w5': 0.905, 'w6': 0.463, 'w7': 0.047, 'w8': 0.8330000000000001, 'max_depth': 9, 'min_child_weight': 18, 'subsample': 0.9000000000000001, 'colsample_bytree': 0.6000000000000001, 'gamma': 0.0}. Best is trial 1334 with value: 0.5442704750798081.
[I 2023-10-19 12:34:55,177] Trial 1908 finished with value: 0.49127946937865224 and parameters: {'w0': 0.107, 'w1': 0.9450000000000001, 'w2': 0.016, 'w3': 0.201, 'w4': 0.802, 'w5': 0.895, 'w6': 0.422, 'w7': 0.045, 'w8': 0.8250000000000001, 'max_depth': 9, 'min_child_weight': 18, 'subsample': 0.9000000000000001, 'colsample_bytree': 0.6000000000000001, 'gamma': 0.0}. Best is trial 1334 with value: 0.5442704750798081.
[I 2023-10-19 12:35:25,765] Trial 1909 finished with value: 0.5318783237708177 and parameters: {'w0': 0.122, 'w1': 0.9460000000000001, 'w2': 0.062, 'w3': 0.196, 'w4': 0.847, 'w5': 0.891, 'w6': 0.549, 'w7': 0.047, 'w8': 0.8260000000000001, 'max_depth': 9, 'min_child_weight': 18, 'subsample': 0.9000000000000001, 'colsample_bytree': 0.6000000000000001, 'gamma': 0.0}. Best is trial 1334 with value: 0.5442704750798081.
[I 2023-10-19 12:36:04,186] Trial 1910 finished with value: 0.5325150751844677 and parameters: {'w0': 0.126, 'w1': 0.9420000000000001, 'w2': 0.068, 'w3': 0.229, 'w4': 0.838, 'w5': 0.89, 'w6': 0.543, 'w7': 0.045, 'w8': 0.8210000000000001, 'max_depth': 9, 'min_child_weight': 18, 'subsample': 0.9000000000000001, 'colsample_bytree': 0.6000000000000001, 'gamma': 0.0}. Best is trial 1334 with value: 0.5442704750798081.
[I 2023-10-19 12:37:29,179] Trial 1911 finished with value: 0.5262691765682338 and parameters: {'w0': 0.117, 'w1': 0.969, 'w2': 0.063, 'w3': 0.197, 'w4': 0.737, 'w5': 0.891, 'w6': 0.466, 'w7': 0.041, 'w8': 0.8220000000000001, 'max_depth': 9, 'min_child_weight': 18, 'subsample': 0.9000000000000001, 'colsample_bytree': 0.6000000000000001, 'gamma': 0.0}. Best is trial 1334 with value: 0.5442704750798081.
[I 2023-10-19 12:37:55,964] Trial 1912 finished with value: 0.5311616509547595 and parameters: {'w0': 0.109, 'w1': 0.9380000000000001, 'w2': 0.066, 'w3': 0.197, 'w4': 0.851, 'w5': 0.915, 'w6': 0.462, 'w7': 0.043000000000000003, 'w8': 0.8160000000000001, 'max_depth': 9, 'min_child_weight': 18, 'subsample': 0.9000000000000001, 'colsample_bytree': 0.6000000000000001, 'gamma': 0.0}. Best is trial 1334 with value: 0.5442704750798081.
[I 2023-10-19 12:37:57,747] Trial 1914 finished with value: 0.5357718700495868 and parameters: {'w0': 0.121, 'w1': 0.316, 'w2': 0.065, 'w3': 0.234, 'w4': 0.729, 'w5': 0.905, 'w6': 0.464, 'w7': 0.055, 'w8': 0.8210000000000001, 'max_depth': 9, 'min_child_weight': 18, 'subsample': 0.9000000000000001, 'colsample_bytree': 0.6000000000000001, 'gamma': 0.0}. Best is trial 1334 with value: 0.5442704750798081.
[I 2023-10-19 12:38:28,633] Trial 1913 finished with value: 0.48484199343365775 and parameters: {'w0': 0.491, 'w1': 0.9410000000000001, 'w2': 0.338, 'w3': 0.197, 'w4': 0.84, 'w5': 0.91, 'w6': 0.069, 'w7': 0.08600000000000001, 'w8': 0.8170000000000001, 'max_depth': 9, 'min_child_weight': 18, 'subsample': 0.9000000000000001, 'colsample_bytree': 0.6000000000000001, 'gamma': 0.0}. Best is trial 1334 with value: 0.5442704750798081.
[I 2023-10-19 12:38:44,306] Trial 1915 finished with value: 0.5251230572188309 and parameters: {'w0': 0.123, 'w1': 0.9460000000000001, 'w2': 0.07100000000000001, 'w3': 0.234, 'w4': 0.843, 'w5': 0.91, 'w6': 0.464, 'w7': 0.038, 'w8': 0.8220000000000001, 'max_depth': 9, 'min_child_weight': 18, 'subsample': 0.9000000000000001, 'colsample_bytree': 0.6000000000000001, 'gamma': 0.0}. Best is trial 1334 with value: 0.5442704750798081.
[I 2023-10-19 12:39:16,460] Trial 1916 finished with value: 0.5320143031619087 and parameters: {'w0': 0.116, 'w1': 0.9450000000000001, 'w2': 0.068, 'w3': 0.193, 'w4': 0.842, 'w5': 0.91, 'w6': 0.41500000000000004, 'w7': 0.047, 'w8': 0.8230000000000001, 'max_depth': 9, 'min_child_weight': 18, 'subsample': 0.9000000000000001, 'colsample_bytree': 0.6000000000000001, 'gamma': 0.0}. Best is trial 1334 with value: 0.5442704750798081.
[I 2023-10-19 12:40:39,935] Trial 1917 finished with value: 0.5348082330113911 and parameters: {'w0': 0.114, 'w1': 0.984, 'w2': 0.066, 'w3': 0.194, 'w4': 0.749, 'w5': 0.909, 'w6': 0.465, 'w7': 0.05, 'w8': 0.8170000000000001, 'max_depth': 9, 'min_child_weight': 18, 'subsample': 0.9000000000000001, 'colsample_bytree': 0.6000000000000001, 'gamma': 0.0}. Best is trial 1334 with value: 0.5442704750798081.
[I 2023-10-19 12:43:29,510] Trial 1918 finished with value: 0.5314893937591406 and parameters: {'w0': 0.08, 'w1': 0.976, 'w2': 0.067, 'w3': 0.20500000000000002, 'w4': 0.845, 'w5': 0.913, 'w6': 0.453, 'w7': 0.08800000000000001, 'w8': 0.8160000000000001, 'max_depth': 9, 'min_child_weight': 18, 'subsample': 0.8, 'colsample_bytree': 0.6000000000000001, 'gamma': 0.0}. Best is trial 1334 with value: 0.5442704750798081.
[I 2023-10-19 12:47:12,374] Trial 1919 finished with value: 0.5049911618735925 and parameters: {'w0': 0.781, 'w1': 0.982, 'w2': 0.11800000000000001, 'w3': 0.197, 'w4': 0.736, 'w5': 0.912, 'w6': 0.41500000000000004, 'w7': 0.082, 'w8': 0.8270000000000001, 'max_depth': 9, 'min_child_weight': 18, 'subsample': 0.8, 'colsample_bytree': 0.6000000000000001, 'gamma': 0.0}. Best is trial 1334 with value: 0.5442704750798081.
[I 2023-10-19 12:48:01,963] Trial 1920 finished with value: 0.5187555975130432 and parameters: {'w0': 0.078, 'w1': 0.981, 'w2': 0.12000000000000001, 'w3': 0.20800000000000002, 'w4': 0.846, 'w5': 0.914, 'w6': 0.418, 'w7': 0.08600000000000001, 'w8': 0.14100000000000001, 'max_depth': 9, 'min_child_weight': 18, 'subsample': 0.9000000000000001, 'colsample_bytree': 0.6000000000000001, 'gamma': 0.0}. Best is trial 1334 with value: 0.5442704750798081.
[I 2023-10-19 12:50:19,055] Trial 1923 finished with value: 0.5350024742090828 and parameters: {'w0': 0.082, 'w1': 0.975, 'w2': 0.12000000000000001, 'w3': 0.20800000000000002, 'w4': 0.735, 'w5': 0.917, 'w6': 0.543, 'w7': 0.08600000000000001, 'w8': 0.8300000000000001, 'max_depth': 9, 'min_child_weight': 20, 'subsample': 0.8, 'colsample_bytree': 0.6000000000000001, 'gamma': 0.0}. Best is trial 1334 with value: 0.5442704750798081.
[I 2023-10-19 12:50:38,250] Trial 1924 finished with value: 0.5330457856716401 and parameters: {'w0': 0.08, 'w1': 0.982, 'w2': 0.122, 'w3': 0.20400000000000001, 'w4': 0.739, 'w5': 0.919, 'w6': 0.543, 'w7': 0.083, 'w8': 0.804, 'max_depth': 9, 'min_child_weight': 20, 'subsample': 0.8, 'colsample_bytree': 0.6000000000000001, 'gamma': 0.0}. Best is trial 1334 with value: 0.5442704750798081.
[I 2023-10-19 12:50:45,802] Trial 1921 finished with value: 0.5078676814066219 and parameters: {'w0': 0.485, 'w1': 0.981, 'w2': 0.121, 'w3': 0.42, 'w4': 0.737, 'w5': 0.913, 'w6': 0.41400000000000003, 'w7': 0.252, 'w8': 0.8300000000000001, 'max_depth': 9, 'min_child_weight': 20, 'subsample': 0.8, 'colsample_bytree': 0.6000000000000001, 'gamma': 0.0}. Best is trial 1334 with value: 0.5442704750798081.
[I 2023-10-19 12:50:46,614] Trial 1922 finished with value: 0.5317186264151712 and parameters: {'w0': 0.07300000000000001, 'w1': 0.982, 'w2': 0.11900000000000001, 'w3': 0.199, 'w4': 0.727, 'w5': 0.915, 'w6': 0.543, 'w7': 0.08800000000000001, 'w8': 0.728, 'max_depth': 9, 'min_child_weight': 20, 'subsample': 0.9000000000000001, 'colsample_bytree': 0.6000000000000001, 'gamma': 0.0}. Best is trial 1334 with value: 0.5442704750798081.
[I 2023-10-19 12:51:03,833] Trial 1926 finished with value: 0.5244776428786998 and parameters: {'w0': 0.156, 'w1': 0.272, 'w2': 0.12000000000000001, 'w3': 0.264, 'w4': 0.757, 'w5': 0.912, 'w6': 0.447, 'w7': 0.082, 'w8': 0.838, 'max_depth': 9, 'min_child_weight': 20, 'subsample': 0.8, 'colsample_bytree': 0.6000000000000001, 'gamma': 0.0}. Best is trial 1334 with value: 0.5442704750798081.
[I 2023-10-19 12:51:04,886] Trial 1925 finished with value: 0.5313242868719468 and parameters: {'w0': 0.081, 'w1': 0.975, 'w2': 0.11900000000000001, 'w3': 0.23500000000000001, 'w4': 0.727, 'w5': 0.932, 'w6': 0.542, 'w7': 0.08700000000000001, 'w8': 0.796, 'max_depth': 9, 'min_child_weight': 20, 'subsample': 0.8, 'colsample_bytree': 0.6000000000000001, 'gamma': 0.0}. Best is trial 1334 with value: 0.5442704750798081.
[I 2023-10-19 12:51:54,367] Trial 1927 finished with value: 0.48788040893406115 and parameters: {'w0': 0.153, 'w1': 0.985, 'w2': 0.122, 'w3': 0.265, 'w4': 0.739, 'w5': 0.188, 'w6': 0.065, 'w7': 0.084, 'w8': 0.805, 'max_depth': 9, 'min_child_weight': 20, 'subsample': 0.8, 'colsample_bytree': 0.6000000000000001, 'gamma': 0.0}. Best is trial 1334 with value: 0.5442704750798081.
[I 2023-10-19 12:53:19,607] Trial 1929 finished with value: 0.5193801670074352 and parameters: {'w0': 0.156, 'w1': 0.98, 'w2': 0.339, 'w3': 0.266, 'w4': 0.684, 'w5': 0.912, 'w6': 0.546, 'w7': 0.083, 'w8': 0.795, 'max_depth': 8, 'min_child_weight': 20, 'subsample': 0.8, 'colsample_bytree': 0.6000000000000001, 'gamma': 0.0}. Best is trial 1334 with value: 0.5442704750798081.
[I 2023-10-19 12:53:26,111] Trial 1928 finished with value: 0.5315280531157928 and parameters: {'w0': 0.07300000000000001, 'w1': 0.978, 'w2': 0.116, 'w3': 0.262, 'w4': 0.73, 'w5': 0.916, 'w6': 0.445, 'w7': 0.084, 'w8': 0.798, 'max_depth': 9, 'min_child_weight': 20, 'subsample': 0.8, 'colsample_bytree': 0.6000000000000001, 'gamma': 0.0}. Best is trial 1334 with value: 0.5442704750798081.
[I 2023-10-19 12:54:20,956] Trial 1932 finished with value: 0.5316552031367289 and parameters: {'w0': 0.085, 'w1': 0.978, 'w2': 0.117, 'w3': 0.263, 'w4': 0.732, 'w5': 0.934, 'w6': 0.541, 'w7': 0.08600000000000001, 'w8': 0.793, 'max_depth': 8, 'min_child_weight': 20, 'subsample': 0.8, 'colsample_bytree': 0.6000000000000001, 'gamma': 0.2}. Best is trial 1334 with value: 0.5442704750798081.
[I 2023-10-19 12:54:23,923] Trial 1931 finished with value: 0.5338612354747074 and parameters: {'w0': 0.07300000000000001, 'w1': 0.976, 'w2': 0.127, 'w3': 0.302, 'w4': 0.732, 'w5': 0.935, 'w6': 0.54, 'w7': 0.09, 'w8': 0.73, 'max_depth': 9, 'min_child_weight': 20, 'subsample': 0.8, 'colsample_bytree': 0.6000000000000001, 'gamma': 0.0}. Best is trial 1334 with value: 0.5442704750798081.
[I 2023-10-19 12:54:33,852] Trial 1930 finished with value: 0.5324257998284858 and parameters: {'w0': 0.154, 'w1': 0.978, 'w2': 0.122, 'w3': 0.303, 'w4': 0.685, 'w5': 0.917, 'w6': 0.539, 'w7': 0.08600000000000001, 'w8': 0.744, 'max_depth': 9, 'min_child_weight': 20, 'subsample': 0.8, 'colsample_bytree': 0.6000000000000001, 'gamma': 0.0}. Best is trial 1334 with value: 0.5442704750798081.
[I 2023-10-19 12:56:09,962] Trial 1933 finished with value: 0.5144742027649495 and parameters: {'w0': 0.157, 'w1': 0.982, 'w2': 0.114, 'w3': 0.265, 'w4': 0.73, 'w5': 0.9390000000000001, 'w6': 0.533, 'w7': 0.23800000000000002, 'w8': 0.5740000000000001, 'max_depth': 8, 'min_child_weight': 20, 'subsample': 0.8, 'colsample_bytree': 0.6000000000000001, 'gamma': 0.2}. Best is trial 1334 with value: 0.5442704750798081.
[I 2023-10-19 13:00:31,936] Trial 1934 finished with value: 0.466286796529942 and parameters: {'w0': 0.155, 'w1': 0.982, 'w2': 0.116, 'w3': 0.266, 'w4': 0.759, 'w5': 0.9390000000000001, 'w6': 0.534, 'w7': 0.928, 'w8': 0.853, 'max_depth': 9, 'min_child_weight': 20, 'subsample': 0.8, 'colsample_bytree': 0.6000000000000001, 'gamma': 0.4}. Best is trial 1334 with value: 0.5442704750798081.
[I 2023-10-19 13:00:41,628] Trial 1940 finished with value: 0.43180787126426434 and parameters: {'w0': 0.157, 'w1': 0.917, 'w2': 0.031, 'w3': 0.264, 'w4': 0.684, 'w5': 0.998, 'w6': 0.491, 'w7': 0.11, 'w8': 0.856, 'max_depth': 8, 'min_child_weight': 20, 'subsample': 0.2, 'colsample_bytree': 0.6000000000000001, 'gamma': 0.4}. Best is trial 1334 with value: 0.5442704750798081.
[I 2023-10-19 13:01:37,789] Trial 1942 finished with value: 0.47683586071709616 and parameters: {'w0': 0.154, 'w1': 0.918, 'w2': 0.099, 'w3': 0.302, 'w4': 0.763, 'w5': 0.9420000000000001, 'w6': 0.491, 'w7': 0.11, 'w8': 0.855, 'max_depth': 8, 'min_child_weight': 20, 'subsample': 0.2, 'colsample_bytree': 0.6000000000000001, 'gamma': 0.4}. Best is trial 1334 with value: 0.5442704750798081.
[I 2023-10-19 13:02:46,058] Trial 1936 finished with value: 0.5362589334452479 and parameters: {'w0': 0.158, 'w1': 0.917, 'w2': 0.11800000000000001, 'w3': 0.299, 'w4': 0.682, 'w5': 0.933, 'w6': 0.54, 'w7': 0.091, 'w8': 0.725, 'max_depth': 8, 'min_child_weight': 20, 'subsample': 0.8, 'colsample_bytree': 0.6000000000000001, 'gamma': 0.4}. Best is trial 1334 with value: 0.5442704750798081.
[I 2023-10-19 13:03:21,930] Trial 1935 finished with value: 0.4621301425396918 and parameters: {'w0': 0.157, 'w1': 0.919, 'w2': 0.12000000000000001, 'w3': 0.267, 'w4': 0.76, 'w5': 0.9420000000000001, 'w6': 0.549, 'w7': 0.998, 'w8': 0.795, 'max_depth': 8, 'min_child_weight': 20, 'subsample': 0.9000000000000001, 'colsample_bytree': 0.6000000000000001, 'gamma': 0.4}. Best is trial 1334 with value: 0.5442704750798081.
[I 2023-10-19 13:03:35,036] Trial 1948 finished with value: 0.4913103234118164 and parameters: {'w0': 0.17200000000000001, 'w1': 0.918, 'w2': 0.030000000000000002, 'w3': 0.241, 'w4': 0.765, 'w5': 0.998, 'w6': 0.492, 'w7': 0.113, 'w8': 0.857, 'max_depth': 9, 'min_child_weight': 18, 'subsample': 1.0, 'colsample_bytree': 0.6000000000000001, 'gamma': 0.4}. Best is trial 1334 with value: 0.5442704750798081.
[I 2023-10-19 13:04:22,904] Trial 1939 finished with value: 0.532923039251636 and parameters: {'w0': 0.162, 'w1': 1.0, 'w2': 0.10400000000000001, 'w3': 0.297, 'w4': 0.6900000000000001, 'w5': 1.0, 'w6': 0.542, 'w7': 0.097, 'w8': 0.79, 'max_depth': 8, 'min_child_weight': 20, 'subsample': 0.9000000000000001, 'colsample_bytree': 0.6000000000000001, 'gamma': 0.4}. Best is trial 1334 with value: 0.5442704750798081.
[I 2023-10-19 13:04:26,751] Trial 1945 finished with value: 0.47944937259448295 and parameters: {'w0': 0.177, 'w1': 0.916, 'w2': 0.098, 'w3': 0.3, 'w4': 0.769, 'w5': 0.9410000000000001, 'w6': 0.482, 'w7': 0.117, 'w8': 0.851, 'max_depth': 9, 'min_child_weight': 18, 'subsample': 0.2, 'colsample_bytree': 0.6000000000000001, 'gamma': 0.4}. Best is trial 1334 with value: 0.5442704750798081.
[I 2023-10-19 13:04:36,405] Trial 1938 finished with value: 0.5361784723968596 and parameters: {'w0': 0.16, 'w1': 0.92, 'w2': 0.101, 'w3': 0.265, 'w4': 0.685, 'w5': 1.0, 'w6': 0.438, 'w7': 0.114, 'w8': 0.899, 'max_depth': 9, 'min_child_weight': 20, 'subsample': 0.9000000000000001, 'colsample_bytree': 0.6000000000000001, 'gamma': 0.4}. Best is trial 1334 with value: 0.5442704750798081.
[I 2023-10-19 13:05:14,073] Trial 1941 finished with value: 0.49332225135963015 and parameters: {'w0': 0.16, 'w1': 0.915, 'w2': 0.605, 'w3': 0.298, 'w4': 0.766, 'w5': 0.9440000000000001, 'w6': 0.179, 'w7': 0.113, 'w8': 0.242, 'max_depth': 8, 'min_child_weight': 20, 'subsample': 0.9000000000000001, 'colsample_bytree': 0.6000000000000001, 'gamma': 0.4}. Best is trial 1334 with value: 0.5442704750798081.
[I 2023-10-19 13:05:14,501] Trial 1947 finished with value: 0.46478194219321384 and parameters: {'w0': 0.177, 'w1': 0.914, 'w2': 0.162, 'w3': 0.338, 'w4': 0.768, 'w5': 0.078, 'w6': 0.493, 'w7': 0.116, 'w8': 0.859, 'max_depth': 9, 'min_child_weight': 18, 'subsample': 0.2, 'colsample_bytree': 0.6000000000000001, 'gamma': 0.4}. Best is trial 1334 with value: 0.5442704750798081.
