[I 2023-10-18 16:32:49,355] Trial 603 finished with value: 0.5337532351910114 and parameters: {'w0': 0.146, 'w1': 0.635, 'w2': 0.109, 'w3': 0.23700000000000002, 'w4': 0.454, 'w5': 0.8330000000000001, 'w6': 0.46, 'w7': 0.11800000000000001, 'w8': 0.986, 'max_depth': 10, 'min_child_weight': 16, 'subsample': 0.9000000000000001, 'colsample_bytree': 0.7, 'gamma': 0.0}. Best is trial 509 with value: 0.5405493914783132.
[I 2023-10-18 16:34:35,844] Trial 605 finished with value: 0.5377926930459747 and parameters: {'w0': 0.15, 'w1': 0.858, 'w2': 0.114, 'w3': 0.233, 'w4': 0.726, 'w5': 0.841, 'w6': 0.47800000000000004, 'w7': 0.125, 'w8': 1.0, 'max_depth': 10, 'min_child_weight': 16, 'subsample': 0.9000000000000001, 'colsample_bytree': 0.7, 'gamma': 0.0}. Best is trial 509 with value: 0.5405493914783132.
[I 2023-10-18 16:36:21,123] Trial 606 finished with value: 0.5368867744025594 and parameters: {'w0': 0.149, 'w1': 0.858, 'w2': 0.115, 'w3': 0.973, 'w4': 0.725, 'w5': 0.792, 'w6': 0.44, 'w7': 0.11900000000000001, 'w8': 0.986, 'max_depth': 10, 'min_child_weight': 16, 'subsample': 0.9000000000000001, 'colsample_bytree': 0.7, 'gamma': 0.0}. Best is trial 509 with value: 0.5405493914783132.
[I 2023-10-18 16:36:43,836] Trial 607 finished with value: 0.5367553965573714 and parameters: {'w0': 0.149, 'w1': 0.863, 'w2': 0.115, 'w3': 0.23700000000000002, 'w4': 0.652, 'w5': 0.791, 'w6': 0.47700000000000004, 'w7': 0.11900000000000001, 'w8': 1.0, 'max_depth': 10, 'min_child_weight': 16, 'subsample': 0.9000000000000001, 'colsample_bytree': 0.7, 'gamma': 0.0}. Best is trial 509 with value: 0.5405493914783132.
[I 2023-10-18 16:39:56,259] Trial 608 finished with value: 0.5385409886110412 and parameters: {'w0': 0.148, 'w1': 0.863, 'w2': 0.113, 'w3': 0.153, 'w4': 0.724, 'w5': 0.752, 'w6': 0.343, 'w7': 0.11800000000000001, 'w8': 0.978, 'max_depth': 10, 'min_child_weight': 16, 'subsample': 0.9000000000000001, 'colsample_bytree': 0.7, 'gamma': 0.0}. Best is trial 509 with value: 0.5405493914783132.
[I 2023-10-18 16:40:24,219] Trial 610 finished with value: 0.5131180404560169 and parameters: {'w0': 0.14100000000000001, 'w1': 0.499, 'w2': 0.11900000000000001, 'w3': 0.194, 'w4': 0.057, 'w5': 0.793, 'w6': 0.361, 'w7': 0.113, 'w8': 0.981, 'max_depth': 10, 'min_child_weight': 16, 'subsample': 0.9000000000000001, 'colsample_bytree': 0.7, 'gamma': 0.0}. Best is trial 509 with value: 0.5405493914783132.
[I 2023-10-18 16:40:42,760] Trial 609 finished with value: 0.5389890771728826 and parameters: {'w0': 0.151, 'w1': 0.858, 'w2': 0.112, 'w3': 0.154, 'w4': 0.727, 'w5': 0.791, 'w6': 0.353, 'w7': 0.117, 'w8': 0.984, 'max_depth': 10, 'min_child_weight': 16, 'subsample': 0.9000000000000001, 'colsample_bytree': 0.7, 'gamma': 0.0}. Best is trial 509 with value: 0.5405493914783132.
[I 2023-10-18 16:41:17,595] Trial 611 finished with value: 0.5358483904268623 and parameters: {'w0': 0.15, 'w1': 0.865, 'w2': 0.114, 'w3': 0.153, 'w4': 0.653, 'w5': 0.794, 'w6': 0.35200000000000004, 'w7': 0.123, 'w8': 0.999, 'max_depth': 10, 'min_child_weight': 16, 'subsample': 0.9000000000000001, 'colsample_bytree': 0.7, 'gamma': 0.0}. Best is trial 509 with value: 0.5405493914783132.
[I 2023-10-18 16:42:44,316] Trial 613 finished with value: 0.5394758707014577 and parameters: {'w0': 0.14, 'w1': 0.491, 'w2': 0.116, 'w3': 0.154, 'w4': 0.6900000000000001, 'w5': 0.79, 'w6': 0.47000000000000003, 'w7': 0.116, 'w8': 0.981, 'max_depth': 10, 'min_child_weight': 16, 'subsample': 0.9000000000000001, 'colsample_bytree': 0.7, 'gamma': 0.0}. Best is trial 509 with value: 0.5405493914783132.
[I 2023-10-18 16:43:07,192] Trial 612 finished with value: 0.5360437883946021 and parameters: {'w0': 0.156, 'w1': 0.857, 'w2': 0.11900000000000001, 'w3': 0.192, 'w4': 0.6880000000000001, 'w5': 0.795, 'w6': 0.48000000000000004, 'w7': 0.117, 'w8': 0.983, 'max_depth': 10, 'min_child_weight': 16, 'subsample': 0.9000000000000001, 'colsample_bytree': 0.7, 'gamma': 0.0}. Best is trial 509 with value: 0.5405493914783132.
[I 2023-10-18 16:43:32,831] Trial 615 finished with value: 0.486343421120303 and parameters: {'w0': 0.135, 'w1': 0.836, 'w2': 0.741, 'w3': 0.193, 'w4': 0.687, 'w5': 0.75, 'w6': 0.458, 'w7': 0.018000000000000002, 'w8': 1.0, 'max_depth': 10, 'min_child_weight': 16, 'subsample': 0.9000000000000001, 'colsample_bytree': 0.5, 'gamma': 0.0}. Best is trial 509 with value: 0.5405493914783132.
[I 2023-10-18 16:43:58,990] Trial 617 finished with value: 0.48770128556569176 and parameters: {'w0': 0.134, 'w1': 0.63, 'w2': 0.17200000000000001, 'w3': 0.194, 'w4': 0.618, 'w5': 0.755, 'w6': 0.461, 'w7': 0.012, 'w8': 0.228, 'max_depth': 10, 'min_child_weight': 16, 'subsample': 0.9000000000000001, 'colsample_bytree': 0.5, 'gamma': 0.0}. Best is trial 509 with value: 0.5405493914783132.
[I 2023-10-18 16:44:06,431] Trial 614 finished with value: 0.5035334771167802 and parameters: {'w0': 0.138, 'w1': 0.487, 'w2': 0.742, 'w3': 0.147, 'w4': 0.7010000000000001, 'w5': 0.788, 'w6': 0.458, 'w7': 0.11800000000000001, 'w8': 0.218, 'max_depth': 10, 'min_child_weight': 16, 'subsample': 0.9000000000000001, 'colsample_bytree': 0.7, 'gamma': 0.0}. Best is trial 509 with value: 0.5405493914783132.
[I 2023-10-18 16:44:32,328] Trial 616 finished with value: 0.5172462400251223 and parameters: {'w0': 0.138, 'w1': 0.84, 'w2': 0.11900000000000001, 'w3': 0.153, 'w4': 0.257, 'w5': 0.752, 'w6': 0.449, 'w7': 0.122, 'w8': 0.997, 'max_depth': 10, 'min_child_weight': 16, 'subsample': 0.9000000000000001, 'colsample_bytree': 0.7, 'gamma': 0.0}. Best is trial 509 with value: 0.5405493914783132.
[I 2023-10-18 16:48:14,919] Trial 618 finished with value: 0.5187199469195926 and parameters: {'w0': 0.171, 'w1': 0.837, 'w2': 0.125, 'w3': 0.198, 'w4': 0.267, 'w5': 0.798, 'w6': 0.772, 'w7': 0.112, 'w8': 0.996, 'max_depth': 10, 'min_child_weight': 18, 'subsample': 0.9000000000000001, 'colsample_bytree': 0.7, 'gamma': 0.0}. Best is trial 509 with value: 0.5405493914783132.
[I 2023-10-18 16:50:33,159] Trial 619 finished with value: 0.5142119930673814 and parameters: {'w0': 0.242, 'w1': 0.838, 'w2': 0.114, 'w3': 0.297, 'w4': 0.248, 'w5': 0.793, 'w6': 0.5730000000000001, 'w7': 0.115, 'w8': 0.984, 'max_depth': 10, 'min_child_weight': 18, 'subsample': 0.9000000000000001, 'colsample_bytree': 0.7, 'gamma': 0.0}. Best is trial 509 with value: 0.5405493914783132.
[I 2023-10-18 16:50:49,008] Trial 620 finished with value: 0.43773020545795144 and parameters: {'w0': 0.135, 'w1': 0.08, 'w2': 0.067, 'w3': 0.28600000000000003, 'w4': 0.6930000000000001, 'w5': 0.794, 'w6': 0.316, 'w7': 0.843, 'w8': 0.995, 'max_depth': 10, 'min_child_weight': 18, 'subsample': 0.9000000000000001, 'colsample_bytree': 0.7, 'gamma': 0.0}. Best is trial 509 with value: 0.5405493914783132.
[I 2023-10-18 16:52:03,451] Trial 621 finished with value: 0.49289549413702427 and parameters: {'w0': 0.226, 'w1': 0.834, 'w2': 0.047, 'w3': 0.294, 'w4': 0.718, 'w5': 0.794, 'w6': 0.47500000000000003, 'w7': 0.017, 'w8': 0.992, 'max_depth': 10, 'min_child_weight': 18, 'subsample': 0.9000000000000001, 'colsample_bytree': 0.7, 'gamma': 0.0}. Best is trial 509 with value: 0.5405493914783132.
[I 2023-10-18 16:54:32,912] Trial 622 finished with value: 0.5172805537404085 and parameters: {'w0': 0.224, 'w1': 0.836, 'w2': 0.076, 'w3': 0.26, 'w4': 0.6940000000000001, 'w5': 0.751, 'w6': 0.511, 'w7': 0.166, 'w8': 0.998, 'max_depth': 10, 'min_child_weight': 18, 'subsample': 0.9000000000000001, 'colsample_bytree': 0.7, 'gamma': 0.0}. Best is trial 509 with value: 0.5405493914783132.
[I 2023-10-18 16:55:18,236] Trial 623 finished with value: 0.5097276005822348 and parameters: {'w0': 0.222, 'w1': 0.85, 'w2': 0.042, 'w3': 0.988, 'w4': 0.6930000000000001, 'w5': 0.801, 'w6': 0.47600000000000003, 'w7': 0.11900000000000001, 'w8': 1.0, 'max_depth': 10, 'min_child_weight': 18, 'subsample': 0.9000000000000001, 'colsample_bytree': 0.7, 'gamma': 0.0}. Best is trial 509 with value: 0.5405493914783132.
[I 2023-10-18 16:57:46,492] Trial 624 finished with value: 0.5050602851619945 and parameters: {'w0': 0.219, 'w1': 0.868, 'w2': 0.075, 'w3': 0.28900000000000003, 'w4': 0.061, 'w5': 0.758, 'w6': 0.455, 'w7': 0.112, 'w8': 0.998, 'max_depth': 10, 'min_child_weight': 18, 'subsample': 0.9000000000000001, 'colsample_bytree': 0.7, 'gamma': 0.0}. Best is trial 509 with value: 0.5405493914783132.
[I 2023-10-18 16:58:27,306] Trial 625 finished with value: 0.5257894733027659 and parameters: {'w0': 0.245, 'w1': 0.866, 'w2': 0.07100000000000001, 'w3': 0.28700000000000003, 'w4': 0.721, 'w5': 0.753, 'w6': 0.489, 'w7': 0.10400000000000001, 'w8': 0.995, 'max_depth': 10, 'min_child_weight': 18, 'subsample': 0.9000000000000001, 'colsample_bytree': 0.7, 'gamma': 0.0}. Best is trial 509 with value: 0.5405493914783132.
[I 2023-10-18 16:58:42,159] Trial 626 finished with value: 0.5203898677557381 and parameters: {'w0': 0.17, 'w1': 0.869, 'w2': 0.055, 'w3': 0.151, 'w4': 0.72, 'w5': 0.75, 'w6': 0.489, 'w7': 0.10200000000000001, 'w8': 0.999, 'max_depth': 10, 'min_child_weight': 18, 'subsample': 0.9000000000000001, 'colsample_bytree': 0.7, 'gamma': 0.0}. Best is trial 509 with value: 0.5405493914783132.
[I 2023-10-18 16:59:00,455] Trial 627 finished with value: 0.5155257789447634 and parameters: {'w0': 0.244, 'w1': 0.87, 'w2': 0.049, 'w3': 0.148, 'w4': 0.6940000000000001, 'w5': 0.746, 'w6': 0.46900000000000003, 'w7': 0.10300000000000001, 'w8': 0.998, 'max_depth': 10, 'min_child_weight': 18, 'subsample': 0.9000000000000001, 'colsample_bytree': 0.7, 'gamma': 0.0}. Best is trial 509 with value: 0.5405493914783132.
[I 2023-10-18 16:59:36,360] Trial 628 finished with value: 0.4915108515693155 and parameters: {'w0': 0.24000000000000002, 'w1': 0.491, 'w2': 0.082, 'w3': 0.149, 'w4': 0.6920000000000001, 'w5': 0.753, 'w6': 0.461, 'w7': 0.014000000000000002, 'w8': 0.988, 'max_depth': 10, 'min_child_weight': 18, 'subsample': 0.9000000000000001, 'colsample_bytree': 0.7, 'gamma': 0.0}. Best is trial 509 with value: 0.5405493914783132.
[I 2023-10-18 17:01:24,689] Trial 630 finished with value: 0.5234088917377231 and parameters: {'w0': 0.23900000000000002, 'w1': 0.483, 'w2': 0.07, 'w3': 0.154, 'w4': 0.721, 'w5': 0.756, 'w6': 0.493, 'w7': 0.1, 'w8': 0.998, 'max_depth': 10, 'min_child_weight': 18, 'subsample': 0.9000000000000001, 'colsample_bytree': 0.7, 'gamma': 0.0}. Best is trial 509 with value: 0.5405493914783132.
[I 2023-10-18 17:01:47,959] Trial 631 finished with value: 0.5105916983850967 and parameters: {'w0': 0.243, 'w1': 0.47500000000000003, 'w2': 0.044000000000000004, 'w3': 0.152, 'w4': 0.72, 'w5': 0.75, 'w6': 0.47000000000000003, 'w7': 0.10200000000000001, 'w8': 0.991, 'max_depth': 10, 'min_child_weight': 18, 'subsample': 0.9000000000000001, 'colsample_bytree': 0.7, 'gamma': 0.0}. Best is trial 509 with value: 0.5405493914783132.
[I 2023-10-18 17:01:53,670] Trial 629 finished with value: 0.506183937335851 and parameters: {'w0': 0.245, 'w1': 0.499, 'w2': 0.732, 'w3': 0.154, 'w4': 0.721, 'w5': 0.753, 'w6': 0.454, 'w7': 0.096, 'w8': 0.998, 'max_depth': 10, 'min_child_weight': 18, 'subsample': 0.9000000000000001, 'colsample_bytree': 0.7, 'gamma': 0.0}. Best is trial 509 with value: 0.5405493914783132.
[I 2023-10-18 17:02:19,587] Trial 633 finished with value: 0.5251229898120496 and parameters: {'w0': 0.221, 'w1': 0.47600000000000003, 'w2': 0.07300000000000001, 'w3': 0.113, 'w4': 0.718, 'w5': 0.757, 'w6': 0.442, 'w7': 0.10200000000000001, 'w8': 0.998, 'max_depth': 10, 'min_child_weight': 18, 'subsample': 0.9000000000000001, 'colsample_bytree': 0.7, 'gamma': 0.0}. Best is trial 509 with value: 0.5405493914783132.
[I 2023-10-18 17:02:24,931] Trial 632 finished with value: 0.5219746533095029 and parameters: {'w0': 0.217, 'w1': 0.839, 'w2': 0.058, 'w3': 0.151, 'w4': 0.719, 'w5': 0.754, 'w6': 0.498, 'w7': 0.1, 'w8': 0.998, 'max_depth': 10, 'min_child_weight': 18, 'subsample': 0.9000000000000001, 'colsample_bytree': 0.7, 'gamma': 0.0}. Best is trial 509 with value: 0.5405493914783132.
[I 2023-10-18 17:05:30,818] Trial 643 finished with value: 0.47307092993428557 and parameters: {'w0': 0.177, 'w1': 0.494, 'w2': 0.10300000000000001, 'w3': 0.11, 'w4': 0.724, 'w5': 0.8130000000000001, 'w6': 0.333, 'w7': 0.166, 'w8': 0.975, 'max_depth': 10, 'min_child_weight': 16, 'subsample': 0.9000000000000001, 'colsample_bytree': 0.7, 'gamma': 4.0}. Best is trial 509 with value: 0.5405493914783132.
[I 2023-10-18 17:05:55,559] Trial 634 finished with value: 0.5142830902687691 and parameters: {'w0': 0.242, 'w1': 0.438, 'w2': 0.05, 'w3': 0.126, 'w4': 0.722, 'w5': 0.754, 'w6': 0.517, 'w7': 0.10200000000000001, 'w8': 0.998, 'max_depth': 10, 'min_child_weight': 18, 'subsample': 0.9000000000000001, 'colsample_bytree': 0.7, 'gamma': 0.0}. Best is trial 509 with value: 0.5405493914783132.
[I 2023-10-18 17:08:33,553] Trial 635 finished with value: 0.5286081833286311 and parameters: {'w0': 0.218, 'w1': 0.466, 'w2': 0.083, 'w3': 0.106, 'w4': 0.725, 'w5': 0.735, 'w6': 0.501, 'w7': 0.1, 'w8': 1.0, 'max_depth': 10, 'min_child_weight': 18, 'subsample': 0.9000000000000001, 'colsample_bytree': 0.7, 'gamma': 0.0}. Best is trial 509 with value: 0.5405493914783132.
[I 2023-10-18 17:09:00,845] Trial 649 finished with value: 0.47748878083091756 and parameters: {'w0': 0.177, 'w1': 0.516, 'w2': 0.1, 'w3': 0.107, 'w4': 0.7010000000000001, 'w5': 0.8150000000000001, 'w6': 0.41600000000000004, 'w7': 0.133, 'w8': 0.97, 'max_depth': 10, 'min_child_weight': 14, 'subsample': 0.9000000000000001, 'colsample_bytree': 0.7, 'gamma': 4.0}. Best is trial 509 with value: 0.5405493914783132.
[I 2023-10-18 17:09:10,209] Trial 636 finished with value: 0.5155532751463516 and parameters: {'w0': 0.222, 'w1': 0.538, 'w2': 0.07300000000000001, 'w3': 0.124, 'w4': 0.723, 'w5': 0.812, 'w6': 0.502, 'w7': 0.167, 'w8': 0.981, 'max_depth': 10, 'min_child_weight': 18, 'subsample': 0.9000000000000001, 'colsample_bytree': 0.7, 'gamma': 0.0}. Best is trial 509 with value: 0.5405493914783132.
[I 2023-10-18 17:10:17,385] Trial 637 finished with value: 0.5295829163784797 and parameters: {'w0': 0.219, 'w1': 0.559, 'w2': 0.079, 'w3': 0.12000000000000001, 'w4': 0.727, 'w5': 0.752, 'w6': 0.425, 'w7': 0.098, 'w8': 0.983, 'max_depth': 10, 'min_child_weight': 18, 'subsample': 0.9000000000000001, 'colsample_bytree': 0.7, 'gamma': 0.0}. Best is trial 509 with value: 0.5405493914783132.
[I 2023-10-18 17:12:37,351] Trial 639 finished with value: 0.5165501130348874 and parameters: {'w0': 0.17500000000000002, 'w1': 0.17400000000000002, 'w2': 0.07300000000000001, 'w3': 0.111, 'w4': 0.719, 'w5': 0.736, 'w6': 0.443, 'w7': 0.10200000000000001, 'w8': 0.977, 'max_depth': 10, 'min_child_weight': 18, 'subsample': 0.9000000000000001, 'colsample_bytree': 0.7, 'gamma': 0.0}. Best is trial 509 with value: 0.5405493914783132.
[I 2023-10-18 17:12:49,650] Trial 638 finished with value: 0.532231447138559 and parameters: {'w0': 0.17500000000000002, 'w1': 0.53, 'w2': 0.076, 'w3': 0.968, 'w4': 0.732, 'w5': 0.75, 'w6': 0.439, 'w7': 0.098, 'w8': 0.977, 'max_depth': 10, 'min_child_weight': 18, 'subsample': 0.9000000000000001, 'colsample_bytree': 0.7, 'gamma': 0.0}. Best is trial 509 with value: 0.5405493914783132.
[I 2023-10-18 17:15:40,287] Trial 640 finished with value: 0.5301570926715641 and parameters: {'w0': 0.17500000000000002, 'w1': 0.467, 'w2': 0.076, 'w3': 0.109, 'w4': 0.724, 'w5': 0.731, 'w6': 0.434, 'w7': 0.098, 'w8': 0.973, 'max_depth': 10, 'min_child_weight': 18, 'subsample': 0.9000000000000001, 'colsample_bytree': 0.7, 'gamma': 0.0}. Best is trial 509 with value: 0.5405493914783132.
[I 2023-10-18 17:17:15,722] Trial 641 finished with value: 0.531303791273207 and parameters: {'w0': 0.17300000000000001, 'w1': 0.513, 'w2': 0.1, 'w3': 0.901, 'w4': 0.723, 'w5': 0.734, 'w6': 0.429, 'w7': 0.095, 'w8': 0.161, 'max_depth': 10, 'min_child_weight': 14, 'subsample': 0.9000000000000001, 'colsample_bytree': 0.7, 'gamma': 0.0}. Best is trial 509 with value: 0.5405493914783132.
[I 2023-10-18 17:17:40,838] Trial 642 finished with value: 0.5382415311855596 and parameters: {'w0': 0.17500000000000002, 'w1': 0.902, 'w2': 0.095, 'w3': 0.11900000000000001, 'w4': 0.723, 'w5': 0.8150000000000001, 'w6': 0.326, 'w7': 0.092, 'w8': 0.977, 'max_depth': 10, 'min_child_weight': 14, 'subsample': 0.9000000000000001, 'colsample_bytree': 0.7, 'gamma': 0.0}. Best is trial 509 with value: 0.5405493914783132.
[I 2023-10-18 17:17:45,286] Trial 644 finished with value: 0.5402424160943425 and parameters: {'w0': 0.17500000000000002, 'w1': 0.906, 'w2': 0.097, 'w3': 0.098, 'w4': 0.728, 'w5': 0.81, 'w6': 0.314, 'w7': 0.092, 'w8': 0.422, 'max_depth': 10, 'min_child_weight': 14, 'subsample': 0.9000000000000001, 'colsample_bytree': 0.7, 'gamma': 0.2}. Best is trial 509 with value: 0.5405493914783132.
[I 2023-10-18 17:19:38,384] Trial 647 finished with value: 0.5108483168658604 and parameters: {'w0': 0.169, 'w1': 0.455, 'w2': 0.10400000000000001, 'w3': 0.116, 'w4': 0.733, 'w5': 0.812, 'w6': 0.338, 'w7': 0.166, 'w8': 0.136, 'max_depth': 10, 'min_child_weight': 16, 'subsample': 0.9000000000000001, 'colsample_bytree': 0.7, 'gamma': 0.2}. Best is trial 509 with value: 0.5405493914783132.
[I 2023-10-18 17:20:14,337] Trial 645 finished with value: 0.5389309674088979 and parameters: {'w0': 0.177, 'w1': 0.444, 'w2': 0.10300000000000001, 'w3': 0.853, 'w4': 0.735, 'w5': 0.8160000000000001, 'w6': 0.425, 'w7': 0.093, 'w8': 0.973, 'max_depth': 10, 'min_child_weight': 14, 'subsample': 0.9000000000000001, 'colsample_bytree': 0.7, 'gamma': 0.2}. Best is trial 509 with value: 0.5405493914783132.
[I 2023-10-18 17:20:40,452] Trial 646 finished with value: 0.5230943888125764 and parameters: {'w0': 0.17600000000000002, 'w1': 0.468, 'w2': 0.097, 'w3': 0.107, 'w4': 0.728, 'w5': 0.8130000000000001, 'w6': 0.365, 'w7': 0.165, 'w8': 0.969, 'max_depth': 10, 'min_child_weight': 14, 'subsample': 0.9000000000000001, 'colsample_bytree': 0.7, 'gamma': 0.2}. Best is trial 509 with value: 0.5405493914783132.
[I 2023-10-18 17:21:34,411] Trial 648 finished with value: 0.5203582250009781 and parameters: {'w0': 0.165, 'w1': 0.424, 'w2': 0.106, 'w3': 0.10300000000000001, 'w4': 0.731, 'w5': 0.812, 'w6': 0.432, 'w7': 0.171, 'w8': 0.975, 'max_depth': 10, 'min_child_weight': 14, 'subsample': 0.9000000000000001, 'colsample_bytree': 0.7, 'gamma': 0.2}. Best is trial 509 with value: 0.5405493914783132.
[I 2023-10-18 17:22:01,496] Trial 653 finished with value: 0.5279785493155744 and parameters: {'w0': 0.17, 'w1': 0.9, 'w2': 0.133, 'w3': 0.795, 'w4': 0.74, 'w5': 0.809, 'w6': 0.433, 'w7': 0.169, 'w8': 0.976, 'max_depth': 5, 'min_child_weight': 16, 'subsample': 0.9000000000000001, 'colsample_bytree': 0.7, 'gamma': 0.2}. Best is trial 509 with value: 0.5405493914783132.
[I 2023-10-18 17:23:39,762] Trial 655 finished with value: 0.5067938400907808 and parameters: {'w0': 0.17600000000000002, 'w1': 0.9, 'w2': 0.10400000000000001, 'w3': 0.17500000000000002, 'w4': 0.739, 'w5': 0.085, 'w6': 0.34700000000000003, 'w7': 0.137, 'w8': 0.973, 'max_depth': 10, 'min_child_weight': 16, 'subsample': 0.9000000000000001, 'colsample_bytree': 0.4, 'gamma': 0.4}. Best is trial 509 with value: 0.5405493914783132.
[I 2023-10-18 17:24:33,901] Trial 650 finished with value: 0.5243657125513352 and parameters: {'w0': 0.17300000000000001, 'w1': 0.906, 'w2': 0.097, 'w3': 0.127, 'w4': 0.73, 'w5': 0.8140000000000001, 'w6': 0.424, 'w7': 0.17, 'w8': 0.971, 'max_depth': 10, 'min_child_weight': 14, 'subsample': 0.9000000000000001, 'colsample_bytree': 0.7, 'gamma': 0.2}. Best is trial 509 with value: 0.5405493914783132.
[I 2023-10-18 17:25:29,760] Trial 651 finished with value: 0.5336201881633982 and parameters: {'w0': 0.17300000000000001, 'w1': 0.91, 'w2': 0.10400000000000001, 'w3': 0.856, 'w4': 0.725, 'w5': 0.812, 'w6': 0.427, 'w7': 0.136, 'w8': 0.975, 'max_depth': 10, 'min_child_weight': 14, 'subsample': 0.9000000000000001, 'colsample_bytree': 0.7, 'gamma': 0.2}. Best is trial 509 with value: 0.5405493914783132.
[I 2023-10-18 17:27:09,125] Trial 656 finished with value: 0.5147163481141674 and parameters: {'w0': 0.167, 'w1': 0.907, 'w2': 0.13, 'w3': 0.186, 'w4': 0.741, 'w5': 0.109, 'w6': 0.34, 'w7': 0.133, 'w8': 0.969, 'max_depth': 10, 'min_child_weight': 16, 'subsample': 0.9000000000000001, 'colsample_bytree': 0.7, 'gamma': 0.4}. Best is trial 509 with value: 0.5405493914783132.
[I 2023-10-18 17:27:36,750] Trial 652 finished with value: 0.5311120730680616 and parameters: {'w0': 0.17400000000000002, 'w1': 0.894, 'w2': 0.1, 'w3': 0.18, 'w4': 0.738, 'w5': 0.8140000000000001, 'w6': 0.35100000000000003, 'w7': 0.139, 'w8': 0.97, 'max_depth': 10, 'min_child_weight': 14, 'subsample': 0.9000000000000001, 'colsample_bytree': 0.7, 'gamma': 0.2}. Best is trial 509 with value: 0.5405493914783132.
[I 2023-10-18 17:28:00,194] Trial 654 finished with value: 0.5353612909115701 and parameters: {'w0': 0.165, 'w1': 0.892, 'w2': 0.134, 'w3': 0.806, 'w4': 0.736, 'w5': 0.812, 'w6': 0.355, 'w7': 0.131, 'w8': 0.971, 'max_depth': 10, 'min_child_weight': 16, 'subsample': 0.9000000000000001, 'colsample_bytree': 0.7, 'gamma': 0.2}. Best is trial 509 with value: 0.5405493914783132.
[I 2023-10-18 17:28:04,531] Trial 657 finished with value: 0.536369313690773 and parameters: {'w0': 0.155, 'w1': 0.881, 'w2': 0.13, 'w3': 0.168, 'w4': 0.736, 'w5': 0.78, 'w6': 0.376, 'w7': 0.133, 'w8': 0.969, 'max_depth': 10, 'min_child_weight': 16, 'subsample': 0.9000000000000001, 'colsample_bytree': 0.7, 'gamma': 0.4}. Best is trial 509 with value: 0.5405493914783132.
[I 2023-10-18 17:30:56,587] Trial 664 finished with value: 0.4898436739724688 and parameters: {'w0': 0.161, 'w1': 0.913, 'w2': 0.137, 'w3': 0.051000000000000004, 'w4': 0.762, 'w5': 0.115, 'w6': 0.305, 'w7': 0.07, 'w8': 0.427, 'max_depth': 5, 'min_child_weight': 14, 'subsample': 0.9000000000000001, 'colsample_bytree': 0.4, 'gamma': 0.4}. Best is trial 509 with value: 0.5405493914783132.
