[I 2023-10-18 13:06:51,405] Trial 386 finished with value: 0.5325246319434654 and parameters: {'w0': 0.134, 'w1': 0.847, 'w2': 0.185, 'w3': 0.14200000000000002, 'w4': 0.721, 'w5': 0.8300000000000001, 'w6': 0.893, 'w7': 0.127, 'w8': 0.934, 'max_depth': 10, 'min_child_weight': 16, 'subsample': 0.9000000000000001, 'colsample_bytree': 0.7, 'gamma': 0.4}. Best is trial 345 with value: 0.5390400618003858.
[I 2023-10-18 13:06:52,009] Trial 387 finished with value: 0.5370564144839451 and parameters: {'w0': 0.127, 'w1': 0.8310000000000001, 'w2': 0.192, 'w3': 0.152, 'w4': 0.706, 'w5': 0.809, 'w6': 0.899, 'w7': 0.129, 'w8': 0.9380000000000001, 'max_depth': 10, 'min_child_weight': 16, 'subsample': 0.9000000000000001, 'colsample_bytree': 0.7, 'gamma': 0.4}. Best is trial 345 with value: 0.5390400618003858.
[I 2023-10-18 13:07:16,598] Trial 388 finished with value: 0.5349693419375303 and parameters: {'w0': 0.134, 'w1': 0.8230000000000001, 'w2': 0.186, 'w3': 0.149, 'w4': 0.6930000000000001, 'w5': 0.8260000000000001, 'w6': 0.898, 'w7': 0.134, 'w8': 0.934, 'max_depth': 10, 'min_child_weight': 16, 'subsample': 0.9000000000000001, 'colsample_bytree': 0.7, 'gamma': 0.4}. Best is trial 345 with value: 0.5390400618003858.
[I 2023-10-18 13:08:54,352] Trial 390 finished with value: 0.5279026434378493 and parameters: {'w0': 0.125, 'w1': 0.8180000000000001, 'w2': 0.184, 'w3': 0.138, 'w4': 0.715, 'w5': 0.836, 'w6': 0.894, 'w7': 0.128, 'w8': 0.936, 'max_depth': 10, 'min_child_weight': 16, 'subsample': 0.9000000000000001, 'colsample_bytree': 0.7, 'gamma': 0.6000000000000001}. Best is trial 345 with value: 0.5390400618003858.
[I 2023-10-18 13:10:48,553] Trial 400 finished with value: 0.5220840759339593 and parameters: {'w0': 0.114, 'w1': 0.834, 'w2': 0.17500000000000002, 'w3': 0.13, 'w4': 0.7020000000000001, 'w5': 0.8310000000000001, 'w6': 0.895, 'w7': 0.10500000000000001, 'w8': 0.926, 'max_depth': 10, 'min_child_weight': 16, 'subsample': 1.0, 'colsample_bytree': 0.6000000000000001, 'gamma': 0.4}. Best is trial 345 with value: 0.5390400618003858.
[I 2023-10-18 13:11:26,496] Trial 392 finished with value: 0.5010397607517134 and parameters: {'w0': 0.115, 'w1': 0.8230000000000001, 'w2': 0.189, 'w3': 0.116, 'w4': 0.6970000000000001, 'w5': 0.835, 'w6': 0.887, 'w7': 0.126, 'w8': 0.091, 'max_depth': 10, 'min_child_weight': 16, 'subsample': 0.9000000000000001, 'colsample_bytree': 0.7, 'gamma': 0.4}. Best is trial 345 with value: 0.5390400618003858.
[I 2023-10-18 13:12:24,949] Trial 391 finished with value: 0.536320025725535 and parameters: {'w0': 0.122, 'w1': 0.8160000000000001, 'w2': 0.18, 'w3': 0.14, 'w4': 0.713, 'w5': 0.836, 'w6': 0.889, 'w7': 0.126, 'w8': 0.933, 'max_depth': 10, 'min_child_weight': 16, 'subsample': 0.9000000000000001, 'colsample_bytree': 0.7, 'gamma': 0.4}. Best is trial 345 with value: 0.5390400618003858.
[I 2023-10-18 13:13:44,295] Trial 393 finished with value: 0.534076410074434 and parameters: {'w0': 0.116, 'w1': 0.838, 'w2': 0.177, 'w3': 0.182, 'w4': 0.711, 'w5': 0.834, 'w6': 0.893, 'w7': 0.123, 'w8': 0.936, 'max_depth': 10, 'min_child_weight': 16, 'subsample': 0.9000000000000001, 'colsample_bytree': 0.7, 'gamma': 0.4}. Best is trial 345 with value: 0.5390400618003858.
[I 2023-10-18 13:13:45,299] Trial 394 finished with value: 0.5279889019216571 and parameters: {'w0': 0.12000000000000001, 'w1': 0.809, 'w2': 0.182, 'w3': 0.155, 'w4': 0.6980000000000001, 'w5': 0.836, 'w6': 0.892, 'w7': 0.092, 'w8': 0.931, 'max_depth': 10, 'min_child_weight': 16, 'subsample': 0.9000000000000001, 'colsample_bytree': 0.7, 'gamma': 0.4}. Best is trial 345 with value: 0.5390400618003858.
[I 2023-10-18 13:14:02,929] Trial 396 finished with value: 0.5291750188261661 and parameters: {'w0': 0.112, 'w1': 0.8170000000000001, 'w2': 0.18, 'w3': 0.135, 'w4': 0.72, 'w5': 0.8290000000000001, 'w6': 0.883, 'w7': 0.094, 'w8': 0.934, 'max_depth': 10, 'min_child_weight': 16, 'subsample': 0.9000000000000001, 'colsample_bytree': 0.7, 'gamma': 0.4}. Best is trial 345 with value: 0.5390400618003858.
[I 2023-10-18 13:14:07,531] Trial 397 finished with value: 0.5311853607315618 and parameters: {'w0': 0.126, 'w1': 0.8290000000000001, 'w2': 0.178, 'w3': 0.154, 'w4': 0.6990000000000001, 'w5': 0.834, 'w6': 0.887, 'w7': 0.096, 'w8': 0.933, 'max_depth': 10, 'min_child_weight': 16, 'subsample': 0.9000000000000001, 'colsample_bytree': 0.7, 'gamma': 0.4}. Best is trial 345 with value: 0.5390400618003858.
[I 2023-10-18 13:14:18,111] Trial 395 finished with value: 0.5331872838935444 and parameters: {'w0': 0.108, 'w1': 0.8270000000000001, 'w2': 0.181, 'w3': 0.14200000000000002, 'w4': 0.6990000000000001, 'w5': 0.8180000000000001, 'w6': 0.889, 'w7': 0.127, 'w8': 0.934, 'max_depth': 10, 'min_child_weight': 16, 'subsample': 0.9000000000000001, 'colsample_bytree': 0.7, 'gamma': 0.4}. Best is trial 345 with value: 0.5390400618003858.
[I 2023-10-18 13:16:00,240] Trial 398 finished with value: 0.5313890778265644 and parameters: {'w0': 0.117, 'w1': 0.8210000000000001, 'w2': 0.17600000000000002, 'w3': 0.188, 'w4': 0.6920000000000001, 'w5': 0.838, 'w6': 0.888, 'w7': 0.092, 'w8': 0.935, 'max_depth': 10, 'min_child_weight': 16, 'subsample': 0.9000000000000001, 'colsample_bytree': 0.7, 'gamma': 0.4}. Best is trial 345 with value: 0.5390400618003858.
[I 2023-10-18 13:17:15,241] Trial 405 finished with value: 0.5217917766606958 and parameters: {'w0': 0.112, 'w1': 0.8230000000000001, 'w2': 0.17, 'w3': 0.185, 'w4': 0.6940000000000001, 'w5': 0.848, 'w6': 0.879, 'w7': 0.093, 'w8': 0.93, 'max_depth': 10, 'min_child_weight': 16, 'subsample': 1.0, 'colsample_bytree': 0.6000000000000001, 'gamma': 0.4}. Best is trial 345 with value: 0.5390400618003858.
[I 2023-10-18 13:17:18,829] Trial 399 finished with value: 0.5258374735934538 and parameters: {'w0': 0.117, 'w1': 0.8190000000000001, 'w2': 0.17500000000000002, 'w3': 0.14500000000000002, 'w4': 0.6960000000000001, 'w5': 0.836, 'w6': 0.887, 'w7': 0.092, 'w8': 0.928, 'max_depth': 10, 'min_child_weight': 16, 'subsample': 0.9000000000000001, 'colsample_bytree': 0.7, 'gamma': 0.4}. Best is trial 345 with value: 0.5390400618003858.
[I 2023-10-18 13:18:49,116] Trial 401 finished with value: 0.5320472467870937 and parameters: {'w0': 0.122, 'w1': 0.8140000000000001, 'w2': 0.17500000000000002, 'w3': 0.184, 'w4': 0.6960000000000001, 'w5': 0.842, 'w6': 0.882, 'w7': 0.09, 'w8': 0.931, 'max_depth': 10, 'min_child_weight': 16, 'subsample': 0.9000000000000001, 'colsample_bytree': 0.6000000000000001, 'gamma': 0.4}. Best is trial 345 with value: 0.5390400618003858.
[I 2023-10-18 13:18:57,498] Trial 406 finished with value: 0.5205873258014115 and parameters: {'w0': 0.12000000000000001, 'w1': 0.806, 'w2': 0.167, 'w3': 0.182, 'w4': 0.6890000000000001, 'w5': 0.853, 'w6': 0.886, 'w7': 0.091, 'w8': 0.93, 'max_depth': 10, 'min_child_weight': 16, 'subsample': 1.0, 'colsample_bytree': 0.6000000000000001, 'gamma': 0.4}. Best is trial 345 with value: 0.5390400618003858.
[I 2023-10-18 13:20:19,612] Trial 403 finished with value: 0.5283547054674762 and parameters: {'w0': 0.125, 'w1': 0.805, 'w2': 0.171, 'w3': 0.184, 'w4': 0.707, 'w5': 0.851, 'w6': 0.886, 'w7': 0.097, 'w8': 0.932, 'max_depth': 10, 'min_child_weight': 16, 'subsample': 0.9000000000000001, 'colsample_bytree': 0.6000000000000001, 'gamma': 0.6000000000000001}. Best is trial 345 with value: 0.5390400618003858.
[I 2023-10-18 13:22:12,825] Trial 402 finished with value: 0.5303370467110968 and parameters: {'w0': 0.112, 'w1': 0.811, 'w2': 0.17500000000000002, 'w3': 0.202, 'w4': 0.6920000000000001, 'w5': 0.841, 'w6': 0.887, 'w7': 0.089, 'w8': 0.931, 'max_depth': 10, 'min_child_weight': 16, 'subsample': 0.9000000000000001, 'colsample_bytree': 0.6000000000000001, 'gamma': 0.4}. Best is trial 345 with value: 0.5390400618003858.
[I 2023-10-18 13:23:44,998] Trial 413 finished with value: 0.5274981783387201 and parameters: {'w0': 0.079, 'w1': 0.802, 'w2': 0.113, 'w3': 0.179, 'w4': 0.684, 'w5': 0.874, 'w6': 0.856, 'w7': 0.107, 'w8': 0.924, 'max_depth': 10, 'min_child_weight': 16, 'subsample': 1.0, 'colsample_bytree': 0.7, 'gamma': 0.4}. Best is trial 345 with value: 0.5390400618003858.
[I 2023-10-18 13:24:39,847] Trial 404 finished with value: 0.48408689823454454 and parameters: {'w0': 0.114, 'w1': 0.811, 'w2': 0.8260000000000001, 'w3': 0.030000000000000002, 'w4': 0.708, 'w5': 0.879, 'w6': 0.879, 'w7': 0.091, 'w8': 0.93, 'max_depth': 10, 'min_child_weight': 16, 'subsample': 0.9000000000000001, 'colsample_bytree': 0.6000000000000001, 'gamma': 0.4}. Best is trial 345 with value: 0.5390400618003858.
[I 2023-10-18 13:26:23,228] Trial 407 finished with value: 0.5286743661013811 and parameters: {'w0': 0.11800000000000001, 'w1': 0.811, 'w2': 0.161, 'w3': 0.184, 'w4': 0.682, 'w5': 0.859, 'w6': 0.877, 'w7': 0.091, 'w8': 0.929, 'max_depth': 10, 'min_child_weight': 16, 'subsample': 0.9000000000000001, 'colsample_bytree': 0.6000000000000001, 'gamma': 0.4}. Best is trial 345 with value: 0.5390400618003858.
[I 2023-10-18 13:27:40,809] Trial 409 finished with value: 0.5294170961188192 and parameters: {'w0': 0.112, 'w1': 0.8160000000000001, 'w2': 0.165, 'w3': 0.18, 'w4': 0.6940000000000001, 'w5': 0.887, 'w6': 0.876, 'w7': 0.09, 'w8': 0.928, 'max_depth': 10, 'min_child_weight': 16, 'subsample': 0.9000000000000001, 'colsample_bytree': 0.6000000000000001, 'gamma': 0.4}. Best is trial 345 with value: 0.5390400618003858.
[I 2023-10-18 13:28:45,581] Trial 411 finished with value: 0.5285004343962167 and parameters: {'w0': 0.08, 'w1': 0.808, 'w2': 0.162, 'w3': 0.17300000000000001, 'w4': 0.679, 'w5': 0.877, 'w6': 0.863, 'w7': 0.10400000000000001, 'w8': 0.928, 'max_depth': 10, 'min_child_weight': 16, 'subsample': 0.9000000000000001, 'colsample_bytree': 0.6000000000000001, 'gamma': 0.4}. Best is trial 345 with value: 0.5390400618003858.
[I 2023-10-18 13:29:02,221] Trial 410 finished with value: 0.5286259186401532 and parameters: {'w0': 0.10200000000000001, 'w1': 0.8170000000000001, 'w2': 0.161, 'w3': 0.17400000000000002, 'w4': 0.679, 'w5': 0.87, 'w6': 0.882, 'w7': 0.08800000000000001, 'w8': 0.928, 'max_depth': 10, 'min_child_weight': 16, 'subsample': 0.9000000000000001, 'colsample_bytree': 0.6000000000000001, 'gamma': 0.4}. Best is trial 345 with value: 0.5390400618003858.
[I 2023-10-18 13:29:56,991] Trial 408 finished with value: 0.5361215675782564 and parameters: {'w0': 0.115, 'w1': 0.836, 'w2': 0.171, 'w3': 0.217, 'w4': 0.677, 'w5': 0.853, 'w6': 0.855, 'w7': 0.094, 'w8': 0.923, 'max_depth': 10, 'min_child_weight': 16, 'subsample': 0.9000000000000001, 'colsample_bytree': 0.6000000000000001, 'gamma': 0.0}. Best is trial 345 with value: 0.5390400618003858.
[I 2023-10-18 13:31:42,640] Trial 415 finished with value: 0.4658180154389407 and parameters: {'w0': 0.10300000000000001, 'w1': 0.797, 'w2': 0.157, 'w3': 0.19, 'w4': 0.68, 'w5': 0.871, 'w6': 0.866, 'w7': 0.744, 'w8': 0.913, 'max_depth': 10, 'min_child_weight': 16, 'subsample': 1.0, 'colsample_bytree': 0.6000000000000001, 'gamma': 0.2}. Best is trial 345 with value: 0.5390400618003858.
[I 2023-10-18 13:32:02,616] Trial 412 finished with value: 0.5128774138888592 and parameters: {'w0': 0.07300000000000001, 'w1': 0.8130000000000001, 'w2': 0.159, 'w3': 0.181, 'w4': 0.6890000000000001, 'w5': 0.874, 'w6': 0.857, 'w7': 0.032, 'w8': 0.926, 'max_depth': 10, 'min_child_weight': 16, 'subsample': 0.9000000000000001, 'colsample_bytree': 0.6000000000000001, 'gamma': 0.0}. Best is trial 345 with value: 0.5390400618003858.
[I 2023-10-18 13:32:23,501] Trial 414 finished with value: 0.5331590641118855 and parameters: {'w0': 0.1, 'w1': 0.807, 'w2': 0.159, 'w3': 0.078, 'w4': 0.6930000000000001, 'w5': 0.853, 'w6': 0.863, 'w7': 0.092, 'w8': 0.924, 'max_depth': 10, 'min_child_weight': 16, 'subsample': 1.0, 'colsample_bytree': 0.6000000000000001, 'gamma': 0.0}. Best is trial 345 with value: 0.5390400618003858.
[I 2023-10-18 13:35:50,009] Trial 417 finished with value: 0.5364623237594021 and parameters: {'w0': 0.082, 'w1': 0.847, 'w2': 0.11800000000000001, 'w3': 0.17200000000000001, 'w4': 0.679, 'w5': 0.882, 'w6': 0.87, 'w7': 0.11, 'w8': 0.904, 'max_depth': 10, 'min_child_weight': 16, 'subsample': 0.9000000000000001, 'colsample_bytree': 0.6000000000000001, 'gamma': 0.0}. Best is trial 345 with value: 0.5390400618003858.
[I 2023-10-18 13:35:52,516] Trial 416 finished with value: 0.5323357758912547 and parameters: {'w0': 0.074, 'w1': 0.804, 'w2': 0.156, 'w3': 0.17300000000000001, 'w4': 0.667, 'w5': 0.867, 'w6': 0.867, 'w7': 0.107, 'w8': 0.914, 'max_depth': 10, 'min_child_weight': 16, 'subsample': 0.9000000000000001, 'colsample_bytree': 0.7, 'gamma': 0.0}. Best is trial 345 with value: 0.5390400618003858.
[I 2023-10-18 13:37:33,245] Trial 418 finished with value: 0.48935791122235034 and parameters: {'w0': 0.081, 'w1': 0.785, 'w2': 0.836, 'w3': 0.084, 'w4': 0.675, 'w5': 0.788, 'w6': 0.851, 'w7': 0.035, 'w8': 0.913, 'max_depth': 10, 'min_child_weight': 16, 'subsample': 0.9000000000000001, 'colsample_bytree': 0.7, 'gamma': 0.2}. Best is trial 345 with value: 0.5390400618003858.
[I 2023-10-18 13:37:33,362] Trial 419 finished with value: 0.5340613230987139 and parameters: {'w0': 0.077, 'w1': 0.787, 'w2': 0.11900000000000001, 'w3': 0.219, 'w4': 0.668, 'w5': 0.888, 'w6': 0.859, 'w7': 0.116, 'w8': 0.907, 'max_depth': 10, 'min_child_weight': 16, 'subsample': 0.9000000000000001, 'colsample_bytree': 0.7, 'gamma': 0.0}. Best is trial 345 with value: 0.5390400618003858.
[I 2023-10-18 13:38:15,728] Trial 420 finished with value: 0.5076770697281545 and parameters: {'w0': 0.07100000000000001, 'w1': 0.848, 'w2': 0.112, 'w3': 0.221, 'w4': 0.664, 'w5': 0.873, 'w6': 0.858, 'w7': 0.023, 'w8': 0.907, 'max_depth': 10, 'min_child_weight': 16, 'subsample': 0.9000000000000001, 'colsample_bytree': 0.7, 'gamma': 0.0}. Best is trial 345 with value: 0.5390400618003858.
[I 2023-10-18 13:40:10,728] Trial 422 finished with value: 0.4357382052089541 and parameters: {'w0': 0.15, 'w1': 0.843, 'w2': 0.002, 'w3': 0.226, 'w4': 0.658, 'w5': 0.867, 'w6': 0.853, 'w7': 0.016, 'w8': 0.913, 'max_depth': 10, 'min_child_weight': 16, 'subsample': 0.9000000000000001, 'colsample_bytree': 0.7, 'gamma': 0.0}. Best is trial 345 with value: 0.5390400618003858.
[I 2023-10-18 13:40:21,231] Trial 421 finished with value: 0.5332288689262685 and parameters: {'w0': 0.081, 'w1': 0.847, 'w2': 0.124, 'w3': 0.1, 'w4': 0.674, 'w5': 0.888, 'w6': 0.852, 'w7': 0.11, 'w8': 0.912, 'max_depth': 10, 'min_child_weight': 16, 'subsample': 0.9000000000000001, 'colsample_bytree': 0.7, 'gamma': 0.0}. Best is trial 345 with value: 0.5390400618003858.
[I 2023-10-18 13:43:28,452] Trial 423 finished with value: 0.530407085088971 and parameters: {'w0': 0.082, 'w1': 0.849, 'w2': 0.147, 'w3': 0.225, 'w4': 0.665, 'w5': 0.79, 'w6': 0.853, 'w7': 0.164, 'w8': 0.903, 'max_depth': 10, 'min_child_weight': 16, 'subsample': 0.9000000000000001, 'colsample_bytree': 0.7, 'gamma': 0.2}. Best is trial 345 with value: 0.5390400618003858.
[I 2023-10-18 13:44:26,952] Trial 424 finished with value: 0.5128368385453297 and parameters: {'w0': 0.077, 'w1': 0.785, 'w2': 0.137, 'w3': 0.09, 'w4': 0.664, 'w5': 0.79, 'w6': 0.913, 'w7': 0.031, 'w8': 0.902, 'max_depth': 10, 'min_child_weight': 16, 'subsample': 0.9000000000000001, 'colsample_bytree': 0.7, 'gamma': 0.0}. Best is trial 345 with value: 0.5390400618003858.
[I 2023-10-18 13:46:35,198] Trial 425 finished with value: 0.5244296677264573 and parameters: {'w0': 0.075, 'w1': 0.846, 'w2': 0.138, 'w3': 0.098, 'w4': 0.749, 'w5': 0.798, 'w6': 0.858, 'w7': 0.161, 'w8': 0.906, 'max_depth': 10, 'min_child_weight': 16, 'subsample': 0.9000000000000001, 'colsample_bytree': 0.7, 'gamma': 0.0}. Best is trial 345 with value: 0.5390400618003858.
[I 2023-10-18 13:48:17,761] Trial 428 finished with value: 0.524668852396865 and parameters: {'w0': 0.084, 'w1': 0.846, 'w2': 0.135, 'w3': 0.217, 'w4': 0.752, 'w5': 0.794, 'w6': 0.857, 'w7': 0.05, 'w8': 0.897, 'max_depth': 10, 'min_child_weight': 16, 'subsample': 0.9000000000000001, 'colsample_bytree': 0.7, 'gamma': 0.2}. Best is trial 345 with value: 0.5390400618003858.
[I 2023-10-18 13:49:08,263] Trial 427 finished with value: 0.5297600055444298 and parameters: {'w0': 0.152, 'w1': 0.846, 'w2': 0.136, 'w3': 0.23900000000000002, 'w4': 0.745, 'w5': 0.795, 'w6': 0.913, 'w7': 0.165, 'w8': 0.905, 'max_depth': 10, 'min_child_weight': 16, 'subsample': 0.9000000000000001, 'colsample_bytree': 0.7, 'gamma': 0.0}. Best is trial 345 with value: 0.5390400618003858.
[I 2023-10-18 13:49:23,584] Trial 426 finished with value: 0.476350274206998 and parameters: {'w0': 0.14500000000000002, 'w1': 0.856, 'w2': 0.23, 'w3': 0.079, 'w4': 0.748, 'w5': 0.791, 'w6': 0.85, 'w7': 0.785, 'w8': 0.975, 'max_depth': 10, 'min_child_weight': 16, 'subsample': 0.9000000000000001, 'colsample_bytree': 0.7, 'gamma': 0.2}. Best is trial 345 with value: 0.5390400618003858.
[I 2023-10-18 13:51:05,178] Trial 429 finished with value: 0.5351076626202985 and parameters: {'w0': 0.154, 'w1': 0.784, 'w2': 0.133, 'w3': 0.099, 'w4': 0.662, 'w5': 0.781, 'w6': 0.859, 'w7': 0.117, 'w8': 0.904, 'max_depth': 10, 'min_child_weight': 16, 'subsample': 0.9000000000000001, 'colsample_bytree': 0.7, 'gamma': 0.0}. Best is trial 345 with value: 0.5390400618003858.
[I 2023-10-18 13:51:16,051] Trial 430 finished with value: 0.5371108753134574 and parameters: {'w0': 0.15, 'w1': 0.844, 'w2': 0.131, 'w3': 0.096, 'w4': 0.75, 'w5': 0.789, 'w6': 0.856, 'w7': 0.11800000000000001, 'w8': 0.9, 'max_depth': 10, 'min_child_weight': 16, 'subsample': 0.9000000000000001, 'colsample_bytree': 0.7, 'gamma': 0.0}. Best is trial 345 with value: 0.5390400618003858.
[I 2023-10-18 13:52:02,802] Trial 431 finished with value: 0.5373033354646943 and parameters: {'w0': 0.152, 'w1': 0.844, 'w2': 0.131, 'w3': 0.223, 'w4': 0.66, 'w5': 0.791, 'w6': 0.914, 'w7': 0.113, 'w8': 0.902, 'max_depth': 10, 'min_child_weight': 16, 'subsample': 0.9000000000000001, 'colsample_bytree': 0.7, 'gamma': 0.0}. Best is trial 345 with value: 0.5390400618003858.
[I 2023-10-18 13:54:37,208] Trial 433 finished with value: 0.5152490557835333 and parameters: {'w0': 0.05, 'w1': 0.857, 'w2': 0.126, 'w3': 0.222, 'w4': 0.669, 'w5': 0.782, 'w6': 0.852, 'w7': 0.039, 'w8': 0.906, 'max_depth': 10, 'min_child_weight': 16, 'subsample': 0.9000000000000001, 'colsample_bytree': 0.7, 'gamma': 0.0}. Best is trial 345 with value: 0.5390400618003858.
[I 2023-10-18 13:55:25,609] Trial 432 finished with value: 0.5384078246144977 and parameters: {'w0': 0.158, 'w1': 0.783, 'w2': 0.132, 'w3': 0.215, 'w4': 0.657, 'w5': 0.792, 'w6': 0.854, 'w7': 0.116, 'w8': 0.907, 'max_depth': 10, 'min_child_weight': 16, 'subsample': 0.9000000000000001, 'colsample_bytree': 0.7, 'gamma': 0.0}. Best is trial 345 with value: 0.5390400618003858.
[I 2023-10-18 13:57:10,791] Trial 434 finished with value: 0.5392152241798003 and parameters: {'w0': 0.151, 'w1': 0.848, 'w2': 0.124, 'w3': 0.20900000000000002, 'w4': 0.744, 'w5': 0.793, 'w6': 0.916, 'w7': 0.12000000000000001, 'w8': 0.975, 'max_depth': 10, 'min_child_weight': 16, 'subsample': 0.9000000000000001, 'colsample_bytree': 0.7, 'gamma': 0.0}. Best is trial 434 with value: 0.5392152241798003.
[I 2023-10-18 13:57:20,001] Trial 435 finished with value: 0.5345499549972232 and parameters: {'w0': 0.155, 'w1': 0.846, 'w2': 0.1, 'w3': 0.20700000000000002, 'w4': 0.664, 'w5': 0.893, 'w6': 0.856, 'w7': 0.115, 'w8': 0.975, 'max_depth': 10, 'min_child_weight': 16, 'subsample': 0.9000000000000001, 'colsample_bytree': 0.7, 'gamma': 0.0}. Best is trial 434 with value: 0.5392152241798003.
[I 2023-10-18 13:57:28,462] Trial 436 finished with value: 0.5270674442486953 and parameters: {'w0': 0.046, 'w1': 0.847, 'w2': 0.129, 'w3': 0.22, 'w4': 0.655, 'w5': 0.8140000000000001, 'w6': 0.847, 'w7': 0.12000000000000001, 'w8': 0.903, 'max_depth': 10, 'min_child_weight': 16, 'subsample': 0.9000000000000001, 'colsample_bytree': 0.7, 'gamma': 0.0}. Best is trial 434 with value: 0.5392152241798003.
[I 2023-10-18 13:58:41,803] Trial 437 finished with value: 0.5205640341938965 and parameters: {'w0': 0.045, 'w1': 0.771, 'w2': 0.08800000000000001, 'w3': 0.214, 'w4': 0.653, 'w5': 0.785, 'w6': 0.917, 'w7': 0.052000000000000005, 'w8': 0.896, 'max_depth': 10, 'min_child_weight': 16, 'subsample': 0.9000000000000001, 'colsample_bytree': 0.7, 'gamma': 0.0}. Best is trial 434 with value: 0.5392152241798003.
[I 2023-10-18 13:58:54,994] Trial 438 finished with value: 0.5317118789667785 and parameters: {'w0': 0.155, 'w1': 0.771, 'w2': 0.132, 'w3': 0.215, 'w4': 0.719, 'w5': 0.8140000000000001, 'w6': 0.914, 'w7': 0.055, 'w8': 0.901, 'max_depth': 10, 'min_child_weight': 16, 'subsample': 0.9000000000000001, 'colsample_bytree': 0.7, 'gamma': 0.2}. Best is trial 434 with value: 0.5392152241798003.
[I 2023-10-18 13:59:51,981] Trial 441 finished with value: 0.5231695450488597 and parameters: {'w0': 0.157, 'w1': 0.765, 'w2': 0.10200000000000001, 'w3': 0.211, 'w4': 0.71, 'w5': 0.8160000000000001, 'w6': 0.914, 'w7': 0.061, 'w8': 0.973, 'max_depth': 10, 'min_child_weight': 16, 'subsample': 0.9000000000000001, 'colsample_bytree': 0.7, 'gamma': 0.6000000000000001}. Best is trial 434 with value: 0.5392152241798003.
[I 2023-10-18 14:01:48,537] Trial 442 finished with value: 0.5300126100363074 and parameters: {'w0': 0.156, 'w1': 0.773, 'w2': 0.093, 'w3': 0.21, 'w4': 0.734, 'w5': 0.8160000000000001, 'w6': 0.911, 'w7': 0.117, 'w8': 0.975, 'max_depth': 10, 'min_child_weight': 16, 'subsample': 0.9000000000000001, 'colsample_bytree': 0.7, 'gamma': 0.6000000000000001}. Best is trial 434 with value: 0.5392152241798003.
[I 2023-10-18 14:02:05,251] Trial 439 finished with value: 0.525226409691036 and parameters: {'w0': 0.053000000000000005, 'w1': 0.774, 'w2': 0.128, 'w3': 0.20600000000000002, 'w4': 0.715, 'w5': 0.8130000000000001, 'w6': 0.919, 'w7': 0.063, 'w8': 0.975, 'max_depth': 10, 'min_child_weight': 16, 'subsample': 0.9000000000000001, 'colsample_bytree': 0.7, 'gamma': 0.0}. Best is trial 434 with value: 0.5392152241798003.
