[I 2023-10-20 13:50:51,049] Trial 1695 finished with value: 0.4991423527269006 and parameters: {'w0': 0.185, 'w1': 0.871, 'w2': 0.101, 'w3': 0.552, 'w4': 0.598, 'w5': 0.976, 'w6': 0.336, 'w7': 0.113, 'w8': 0.727, 'max_depth': 9, 'min_child_weight': 16, 'subsample': 0.8, 'colsample_bytree': 0.9000000000000001, 'gamma': 0.2}. Best is trial 1267 with value: 0.5099314743075365.
[I 2023-10-20 13:51:45,503] Trial 1697 finished with value: 0.5051288703698504 and parameters: {'w0': 0.17200000000000001, 'w1': 0.744, 'w2': 0.109, 'w3': 0.58, 'w4': 0.93, 'w5': 0.984, 'w6': 0.339, 'w7': 0.111, 'w8': 0.726, 'max_depth': 9, 'min_child_weight': 16, 'subsample': 0.8, 'colsample_bytree': 0.9000000000000001, 'gamma': 0.2}. Best is trial 1267 with value: 0.5099314743075365.
[I 2023-10-20 13:52:53,896] Trial 1698 finished with value: 0.48113020865970163 and parameters: {'w0': 0.8160000000000001, 'w1': 0.873, 'w2': 0.11, 'w3': 0.5770000000000001, 'w4': 0.92, 'w5': 0.963, 'w6': 0.336, 'w7': 0.10500000000000001, 'w8': 0.724, 'max_depth': 9, 'min_child_weight': 16, 'subsample': 0.8, 'colsample_bytree': 0.9000000000000001, 'gamma': 0.4}. Best is trial 1267 with value: 0.5099314743075365.
[I 2023-10-20 13:53:33,969] Trial 1700 finished with value: 0.4995775198715948 and parameters: {'w0': 0.192, 'w1': 0.868, 'w2': 0.106, 'w3': 0.581, 'w4': 0.599, 'w5': 0.966, 'w6': 0.277, 'w7': 0.129, 'w8': 0.8140000000000001, 'max_depth': 8, 'min_child_weight': 16, 'subsample': 0.8, 'colsample_bytree': 0.9000000000000001, 'gamma': 0.4}. Best is trial 1267 with value: 0.5099314743075365.
[I 2023-10-20 13:53:34,551] Trial 1705 finished with value: 0.48846625951541967 and parameters: {'w0': 0.21, 'w1': 0.325, 'w2': 0.108, 'w3': 0.316, 'w4': 0.929, 'w5': 0.965, 'w6': 0.734, 'w7': 0.131, 'w8': 0.872, 'max_depth': 8, 'min_child_weight': 16, 'subsample': 1.0, 'colsample_bytree': 0.9000000000000001, 'gamma': 0.4}. Best is trial 1267 with value: 0.5099314743075365.
[I 2023-10-20 13:54:29,576] Trial 1701 finished with value: 0.43274342077886246 and parameters: {'w0': 0.216, 'w1': 0.87, 'w2': 0.108, 'w3': 0.5770000000000001, 'w4': 0.6980000000000001, 'w5': 0.964, 'w6': 0.775, 'w7': 0.013000000000000001, 'w8': 0.856, 'max_depth': 8, 'min_child_weight': 16, 'subsample': 0.4, 'colsample_bytree': 0.9000000000000001, 'gamma': 0.6000000000000001}. Best is trial 1267 with value: 0.5099314743075365.
[I 2023-10-20 13:54:44,265] Trial 1706 finished with value: 0.4937462422083969 and parameters: {'w0': 0.225, 'w1': 0.871, 'w2': 0.214, 'w3': 0.365, 'w4': 0.932, 'w5': 0.9560000000000001, 'w6': 0.756, 'w7': 0.126, 'w8': 0.864, 'max_depth': 8, 'min_child_weight': 16, 'subsample': 1.0, 'colsample_bytree': 0.9000000000000001, 'gamma': 0.4}. Best is trial 1267 with value: 0.5099314743075365.
[I 2023-10-20 13:55:47,500] Trial 1702 finished with value: 0.4212891756213103 and parameters: {'w0': 0.20400000000000001, 'w1': 0.88, 'w2': 0.018000000000000002, 'w3': 0.40900000000000003, 'w4': 0.927, 'w5': 0.962, 'w6': 0.772, 'w7': 0.008, 'w8': 0.86, 'max_depth': 8, 'min_child_weight': 16, 'subsample': 0.8, 'colsample_bytree': 0.9000000000000001, 'gamma': 0.4}. Best is trial 1267 with value: 0.5099314743075365.
[I 2023-10-20 13:57:50,069] Trial 1703 finished with value: 0.4952996672137636 and parameters: {'w0': 0.225, 'w1': 0.872, 'w2': 0.227, 'w3': 0.384, 'w4': 0.929, 'w5': 0.963, 'w6': 0.753, 'w7': 0.127, 'w8': 0.869, 'max_depth': 8, 'min_child_weight': 16, 'subsample': 0.4, 'colsample_bytree': 0.9000000000000001, 'gamma': 0.4}. Best is trial 1267 with value: 0.5099314743075365.
[I 2023-10-20 14:00:45,717] Trial 1704 finished with value: 0.4996744273000494 and parameters: {'w0': 0.224, 'w1': 0.875, 'w2': 0.229, 'w3': 0.267, 'w4': 0.7000000000000001, 'w5': 1.0, 'w6': 0.676, 'w7': 0.131, 'w8': 0.864, 'max_depth': 8, 'min_child_weight': 16, 'subsample': 0.8, 'colsample_bytree': 0.9000000000000001, 'gamma': 0.4}. Best is trial 1267 with value: 0.5099314743075365.
[I 2023-10-20 14:01:12,906] Trial 1707 finished with value: 0.5005576436491505 and parameters: {'w0': 0.243, 'w1': 0.619, 'w2': 0.111, 'w3': 0.385, 'w4': 0.927, 'w5': 0.887, 'w6': 0.776, 'w7': 0.126, 'w8': 0.85, 'max_depth': 8, 'min_child_weight': 16, 'subsample': 0.8, 'colsample_bytree': 0.9000000000000001, 'gamma': 0.4}. Best is trial 1267 with value: 0.5099314743075365.
[I 2023-10-20 14:01:35,831] Trial 1708 finished with value: 0.4904140944316937 and parameters: {'w0': 0.20600000000000002, 'w1': 0.918, 'w2': 0.231, 'w3': 0.329, 'w4': 0.9530000000000001, 'w5': 0.963, 'w6': 0.989, 'w7': 0.07, 'w8': 0.861, 'max_depth': 8, 'min_child_weight': 16, 'subsample': 0.8, 'colsample_bytree': 0.9000000000000001, 'gamma': 0.4}. Best is trial 1267 with value: 0.5099314743075365.
[I 2023-10-20 14:03:55,027] Trial 1710 finished with value: 0.4998376507997123 and parameters: {'w0': 0.218, 'w1': 0.902, 'w2': 0.075, 'w3': 0.268, 'w4': 0.966, 'w5': 0.882, 'w6': 0.323, 'w7': 0.069, 'w8': 0.845, 'max_depth': 8, 'min_child_weight': 16, 'subsample': 0.8, 'colsample_bytree': 0.9000000000000001, 'gamma': 0.4}. Best is trial 1267 with value: 0.5099314743075365.
[I 2023-10-20 14:03:59,102] Trial 1711 finished with value: 0.444554720012125 and parameters: {'w0': 0.22, 'w1': 0.9, 'w2': 0.010000000000000002, 'w3': 0.373, 'w4': 0.9580000000000001, 'w5': 0.9600000000000001, 'w6': 0.33, 'w7': 0.069, 'w8': 0.857, 'max_depth': 8, 'min_child_weight': 16, 'subsample': 0.8, 'colsample_bytree': 0.9000000000000001, 'gamma': 0.4}. Best is trial 1267 with value: 0.5099314743075365.
[I 2023-10-20 14:04:11,558] Trial 1712 finished with value: 0.48351861710984 and parameters: {'w0': 0.217, 'w1': 0.899, 'w2': 0.07300000000000001, 'w3': 0.279, 'w4': 0.9520000000000001, 'w5': 0.47000000000000003, 'w6': 0.8190000000000001, 'w7': 0.076, 'w8': 0.811, 'max_depth': 8, 'min_child_weight': 16, 'subsample': 0.4, 'colsample_bytree': 1.0, 'gamma': 0.0}. Best is trial 1267 with value: 0.5099314743075365.
[I 2023-10-20 14:05:01,993] Trial 1713 finished with value: 0.4535869148933844 and parameters: {'w0': 0.23, 'w1': 0.907, 'w2': 0.07, 'w3': 0.359, 'w4': 0.967, 'w5': 0.884, 'w6': 0.329, 'w7': 0.012, 'w8': 0.881, 'max_depth': 8, 'min_child_weight': 16, 'subsample': 0.8, 'colsample_bytree': 0.9000000000000001, 'gamma': 0.4}. Best is trial 1267 with value: 0.5099314743075365.
[I 2023-10-20 14:05:39,991] Trial 1709 finished with value: 0.5004987334365025 and parameters: {'w0': 0.218, 'w1': 0.907, 'w2': 0.231, 'w3': 0.518, 'w4': 0.9470000000000001, 'w5': 0.962, 'w6': 0.7030000000000001, 'w7': 0.136, 'w8': 0.864, 'max_depth': 8, 'min_child_weight': 16, 'subsample': 0.8, 'colsample_bytree': 0.9000000000000001, 'gamma': 0.4}. Best is trial 1267 with value: 0.5099314743075365.
[I 2023-10-20 14:07:39,126] Trial 1714 finished with value: 0.5036843612490751 and parameters: {'w0': 0.221, 'w1': 0.906, 'w2': 0.083, 'w3': 0.33, 'w4': 0.9510000000000001, 'w5': 0.9510000000000001, 'w6': 0.868, 'w7': 0.07100000000000001, 'w8': 0.84, 'max_depth': 8, 'min_child_weight': 16, 'subsample': 0.8, 'colsample_bytree': 1.0, 'gamma': 0.0}. Best is trial 1267 with value: 0.5099314743075365.
[I 2023-10-20 14:07:50,942] Trial 1715 finished with value: 0.45254782621691636 and parameters: {'w0': 0.20700000000000002, 'w1': 0.909, 'w2': 0.07300000000000001, 'w3': 0.34800000000000003, 'w4': 0.965, 'w5': 0.9590000000000001, 'w6': 0.777, 'w7': 0.015, 'w8': 0.868, 'max_depth': 8, 'min_child_weight': 16, 'subsample': 0.7, 'colsample_bytree': 1.0, 'gamma': 0.0}. Best is trial 1267 with value: 0.5099314743075365.
[I 2023-10-20 14:08:03,880] Trial 1716 finished with value: 0.4600495694450697 and parameters: {'w0': 0.225, 'w1': 0.904, 'w2': 0.07100000000000001, 'w3': 0.334, 'w4': 0.9590000000000001, 'w5': 0.895, 'w6': 0.325, 'w7': 0.016, 'w8': 0.8230000000000001, 'max_depth': 8, 'min_child_weight': 16, 'subsample': 0.8, 'colsample_bytree': 0.9000000000000001, 'gamma': 0.0}. Best is trial 1267 with value: 0.5099314743075365.
[I 2023-10-20 14:09:21,039] Trial 1718 finished with value: 0.49869161030315623 and parameters: {'w0': 0.191, 'w1': 0.915, 'w2': 0.075, 'w3': 0.518, 'w4': 0.962, 'w5': 0.894, 'w6': 0.315, 'w7': 0.076, 'w8': 0.846, 'max_depth': 8, 'min_child_weight': 16, 'subsample': 0.7, 'colsample_bytree': 1.0, 'gamma': 0.0}. Best is trial 1267 with value: 0.5099314743075365.
[I 2023-10-20 14:09:48,058] Trial 1717 finished with value: 0.4670707050038886 and parameters: {'w0': 0.216, 'w1': 0.905, 'w2': 0.069, 'w3': 0.37, 'w4': 0.961, 'w5': 0.888, 'w6': 0.783, 'w7': 0.307, 'w8': 0.857, 'max_depth': 8, 'min_child_weight': 16, 'subsample': 0.8, 'colsample_bytree': 1.0, 'gamma': 0.0}. Best is trial 1267 with value: 0.5099314743075365.
[I 2023-10-20 14:10:37,544] Trial 1719 finished with value: 0.4693115884558 and parameters: {'w0': 0.23800000000000002, 'w1': 0.908, 'w2': 0.9520000000000001, 'w3': 0.397, 'w4': 0.965, 'w5': 0.893, 'w6': 0.795, 'w7': 0.078, 'w8': 0.851, 'max_depth': 8, 'min_child_weight': 16, 'subsample': 0.7, 'colsample_bytree': 0.9000000000000001, 'gamma': 0.0}. Best is trial 1267 with value: 0.5099314743075365.
[I 2023-10-20 14:11:46,839] Trial 1720 finished with value: 0.5004230777787168 and parameters: {'w0': 0.214, 'w1': 0.908, 'w2': 0.076, 'w3': 0.34500000000000003, 'w4': 0.9550000000000001, 'w5': 0.9380000000000001, 'w6': 0.878, 'w7': 0.07200000000000001, 'w8': 0.809, 'max_depth': 8, 'min_child_weight': 12, 'subsample': 0.8, 'colsample_bytree': 1.0, 'gamma': 0.0}. Best is trial 1267 with value: 0.5099314743075365.
[I 2023-10-20 14:12:04,502] Trial 1725 finished with value: 0.4823321887090878 and parameters: {'w0': 0.241, 'w1': 0.904, 'w2': 0.08, 'w3': 0.335, 'w4': 0.9580000000000001, 'w5': 0.9430000000000001, 'w6': 0.842, 'w7': 0.08, 'w8': 0.8240000000000001, 'max_depth': 8, 'min_child_weight': 16, 'subsample': 0.8, 'colsample_bytree': 1.0, 'gamma': 1.8}. Best is trial 1267 with value: 0.5099314743075365.
[I 2023-10-20 14:12:40,119] Trial 1721 finished with value: 0.49678130195103737 and parameters: {'w0': 0.219, 'w1': 0.903, 'w2': 0.07200000000000001, 'w3': 0.325, 'w4': 0.963, 'w5': 0.9400000000000001, 'w6': 0.92, 'w7': 0.075, 'w8': 0.8220000000000001, 'max_depth': 8, 'min_child_weight': 16, 'subsample': 0.7, 'colsample_bytree': 0.9000000000000001, 'gamma': 0.0}. Best is trial 1267 with value: 0.5099314743075365.
[I 2023-10-20 14:15:58,654] Trial 1723 finished with value: 0.4984698796581206 and parameters: {'w0': 0.20900000000000002, 'w1': 0.91, 'w2': 0.10200000000000001, 'w3': 0.363, 'w4': 0.9530000000000001, 'w5': 0.46900000000000003, 'w6': 0.324, 'w7': 0.075, 'w8': 0.796, 'max_depth': 8, 'min_child_weight': 16, 'subsample': 0.7, 'colsample_bytree': 1.0, 'gamma': 0.0}. Best is trial 1267 with value: 0.5099314743075365.
[I 2023-10-20 14:16:16,136] Trial 1722 finished with value: 0.49919078625565927 and parameters: {'w0': 0.23700000000000002, 'w1': 0.912, 'w2': 0.07200000000000001, 'w3': 0.354, 'w4': 0.9510000000000001, 'w5': 0.9450000000000001, 'w6': 0.89, 'w7': 0.069, 'w8': 0.8190000000000001, 'max_depth': 8, 'min_child_weight': 16, 'subsample': 0.8, 'colsample_bytree': 1.0, 'gamma': 0.0}. Best is trial 1267 with value: 0.5099314743075365.
[I 2023-10-20 14:16:22,629] Trial 1724 finished with value: 0.4952912837830758 and parameters: {'w0': 0.262, 'w1': 0.905, 'w2': 0.07300000000000001, 'w3': 0.34700000000000003, 'w4': 0.9500000000000001, 'w5': 0.9460000000000001, 'w6': 0.325, 'w7': 0.069, 'w8': 0.801, 'max_depth': 8, 'min_child_weight': 16, 'subsample': 0.7, 'colsample_bytree': 0.9000000000000001, 'gamma': 0.0}. Best is trial 1267 with value: 0.5099314743075365.
[I 2023-10-20 14:17:52,443] Trial 1734 finished with value: 0.493883021014867 and parameters: {'w0': 0.201, 'w1': 0.927, 'w2': 0.099, 'w3': 0.53, 'w4': 0.9540000000000001, 'w5': 0.937, 'w6': 0.895, 'w7': 0.095, 'w8': 0.8200000000000001, 'max_depth': 8, 'min_child_weight': 12, 'subsample': 0.8, 'colsample_bytree': 0.8, 'gamma': 1.8}. Best is trial 1267 with value: 0.5099314743075365.
[I 2023-10-20 14:18:47,560] Trial 1727 finished with value: 0.49173046845850876 and parameters: {'w0': 0.212, 'w1': 0.896, 'w2': 0.079, 'w3': 0.522, 'w4': 0.967, 'w5': 0.262, 'w6': 0.307, 'w7': 0.07100000000000001, 'w8': 0.809, 'max_depth': 8, 'min_child_weight': 16, 'subsample': 0.7, 'colsample_bytree': 1.0, 'gamma': 0.0}. Best is trial 1267 with value: 0.5099314743075365.
[I 2023-10-20 14:19:07,352] Trial 1726 finished with value: 0.49684786836600175 and parameters: {'w0': 0.246, 'w1': 0.921, 'w2': 0.095, 'w3': 0.515, 'w4': 0.961, 'w5': 0.936, 'w6': 0.317, 'w7': 0.068, 'w8': 0.8130000000000001, 'max_depth': 8, 'min_child_weight': 16, 'subsample': 0.7, 'colsample_bytree': 1.0, 'gamma': 0.0}. Best is trial 1267 with value: 0.5099314743075365.
[I 2023-10-20 14:20:40,099] Trial 1728 finished with value: 0.49984136852324784 and parameters: {'w0': 0.20600000000000002, 'w1': 0.912, 'w2': 0.08600000000000001, 'w3': 0.515, 'w4': 0.9550000000000001, 'w5': 0.9400000000000001, 'w6': 0.882, 'w7': 0.074, 'w8': 0.8190000000000001, 'max_depth': 8, 'min_child_weight': 16, 'subsample': 0.7, 'colsample_bytree': 1.0, 'gamma': 0.0}. Best is trial 1267 with value: 0.5099314743075365.
[I 2023-10-20 14:21:06,931] Trial 1729 finished with value: 0.49716924413506114 and parameters: {'w0': 0.20500000000000002, 'w1': 0.908, 'w2': 0.076, 'w3': 0.395, 'w4': 0.968, 'w5': 0.9420000000000001, 'w6': 0.91, 'w7': 0.077, 'w8': 0.8140000000000001, 'max_depth': 8, 'min_child_weight': 16, 'subsample': 0.7, 'colsample_bytree': 1.0, 'gamma': 0.0}. Best is trial 1267 with value: 0.5099314743075365.
[I 2023-10-20 14:23:00,459] Trial 1730 finished with value: 0.4790136407547808 and parameters: {'w0': 0.212, 'w1': 0.917, 'w2': 0.079, 'w3': 0.392, 'w4': 0.969, 'w5': 0.766, 'w6': 0.91, 'w7': 0.038, 'w8': 0.8200000000000001, 'max_depth': 8, 'min_child_weight': 16, 'subsample': 0.7, 'colsample_bytree': 0.9000000000000001, 'gamma': 0.0}. Best is trial 1267 with value: 0.5099314743075365.
[I 2023-10-20 14:23:08,015] Trial 1731 finished with value: 0.5018037216239137 and parameters: {'w0': 0.197, 'w1': 0.919, 'w2': 0.076, 'w3': 0.54, 'w4': 0.9530000000000001, 'w5': 0.937, 'w6': 0.852, 'w7': 0.09, 'w8': 0.8160000000000001, 'max_depth': 8, 'min_child_weight': 16, 'subsample': 0.8, 'colsample_bytree': 0.9000000000000001, 'gamma': 0.0}. Best is trial 1267 with value: 0.5099314743075365.
[I 2023-10-20 14:23:27,574] Trial 1732 finished with value: 0.5079388930344189 and parameters: {'w0': 0.20500000000000002, 'w1': 0.921, 'w2': 0.099, 'w3': 0.406, 'w4': 0.9510000000000001, 'w5': 0.765, 'w6': 0.8170000000000001, 'w7': 0.093, 'w8': 0.808, 'max_depth': 8, 'min_child_weight': 12, 'subsample': 0.8, 'colsample_bytree': 0.8, 'gamma': 0.0}. Best is trial 1267 with value: 0.5099314743075365.
[I 2023-10-20 14:24:40,653] Trial 1733 finished with value: 0.5070955939693351 and parameters: {'w0': 0.20800000000000002, 'w1': 0.927, 'w2': 0.10500000000000001, 'w3': 0.398, 'w4': 0.9440000000000001, 'w5': 0.9390000000000001, 'w6': 0.307, 'w7': 0.093, 'w8': 0.8280000000000001, 'max_depth': 8, 'min_child_weight': 12, 'subsample': 0.8, 'colsample_bytree': 0.8, 'gamma': 0.0}. Best is trial 1267 with value: 0.5099314743075365.
[I 2023-10-20 14:26:10,639] Trial 1735 finished with value: 0.5009618670361796 and parameters: {'w0': 0.20600000000000002, 'w1': 0.929, 'w2': 0.095, 'w3': 0.397, 'w4': 0.9490000000000001, 'w5': 0.933, 'w6': 0.9, 'w7': 0.089, 'w8': 0.8150000000000001, 'max_depth': 8, 'min_child_weight': 12, 'subsample': 0.8, 'colsample_bytree': 0.8, 'gamma': 0.0}. Best is trial 1267 with value: 0.5099314743075365.
[I 2023-10-20 14:26:44,971] Trial 1736 finished with value: 0.5064464401740386 and parameters: {'w0': 0.199, 'w1': 0.927, 'w2': 0.099, 'w3': 0.526, 'w4': 0.9400000000000001, 'w5': 0.9380000000000001, 'w6': 0.315, 'w7': 0.095, 'w8': 0.8130000000000001, 'max_depth': 8, 'min_child_weight': 16, 'subsample': 0.8, 'colsample_bytree': 0.9000000000000001, 'gamma': 0.0}. Best is trial 1267 with value: 0.5099314743075365.
[I 2023-10-20 14:27:27,852] Trial 1737 finished with value: 0.5068139370724686 and parameters: {'w0': 0.19, 'w1': 0.927, 'w2': 0.121, 'w3': 0.396, 'w4': 0.9430000000000001, 'w5': 0.9400000000000001, 'w6': 0.846, 'w7': 0.096, 'w8': 0.806, 'max_depth': 8, 'min_child_weight': 16, 'subsample': 0.8, 'colsample_bytree': 0.9000000000000001, 'gamma': 0.2}. Best is trial 1267 with value: 0.5099314743075365.
[I 2023-10-20 14:27:35,917] Trial 1738 finished with value: 0.5061923697486833 and parameters: {'w0': 0.196, 'w1': 0.928, 'w2': 0.101, 'w3': 0.40900000000000003, 'w4': 0.911, 'w5': 0.9400000000000001, 'w6': 0.8210000000000001, 'w7': 0.093, 'w8': 0.799, 'max_depth': 8, 'min_child_weight': 16, 'subsample': 0.8, 'colsample_bytree': 0.9000000000000001, 'gamma': 0.2}. Best is trial 1267 with value: 0.5099314743075365.
[I 2023-10-20 14:29:30,630] Trial 1741 finished with value: 0.4689962712022767 and parameters: {'w0': 0.273, 'w1': 0.875, 'w2': 0.112, 'w3': 0.404, 'w4': 0.914, 'w5': 0.935, 'w6': 0.864, 'w7': 0.036000000000000004, 'w8': 0.79, 'max_depth': 8, 'min_child_weight': 16, 'subsample': 0.8, 'colsample_bytree': 0.8, 'gamma': 0.6000000000000001}. Best is trial 1267 with value: 0.5099314743075365.
[I 2023-10-20 14:30:05,234] Trial 1739 finished with value: 0.49858328855171963 and parameters: {'w0': 0.398, 'w1': 0.92, 'w2': 0.11800000000000001, 'w3': 0.405, 'w4': 0.91, 'w5': 0.937, 'w6': 0.597, 'w7': 0.093, 'w8': 0.798, 'max_depth': 8, 'min_child_weight': 16, 'subsample': 0.8, 'colsample_bytree': 0.9000000000000001, 'gamma': 0.6000000000000001}. Best is trial 1267 with value: 0.5099314743075365.
[I 2023-10-20 14:31:21,824] Trial 1740 finished with value: 0.5051899698167898 and parameters: {'w0': 0.171, 'w1': 0.922, 'w2': 0.12000000000000001, 'w3': 0.40700000000000003, 'w4': 0.913, 'w5': 0.9380000000000001, 'w6': 0.309, 'w7': 0.097, 'w8': 0.792, 'max_depth': 8, 'min_child_weight': 16, 'subsample': 0.8, 'colsample_bytree': 0.9000000000000001, 'gamma': 0.2}. Best is trial 1267 with value: 0.5099314743075365.
[I 2023-10-20 14:32:29,037] Trial 1744 finished with value: 0.5067322753938593 and parameters: {'w0': 0.178, 'w1': 0.923, 'w2': 0.121, 'w3': 0.463, 'w4': 0.909, 'w5': 0.937, 'w6': 0.602, 'w7': 0.097, 'w8': 0.798, 'max_depth': 8, 'min_child_weight': 16, 'subsample': 0.8, 'colsample_bytree': 0.9000000000000001, 'gamma': 0.6000000000000001}. Best is trial 1267 with value: 0.5099314743075365.
[I 2023-10-20 14:33:06,587] Trial 1742 finished with value: 0.5046751689433865 and parameters: {'w0': 0.179, 'w1': 0.925, 'w2': 0.11900000000000001, 'w3': 0.403, 'w4': 0.912, 'w5': 0.935, 'w6': 0.308, 'w7': 0.101, 'w8': 0.807, 'max_depth': 8, 'min_child_weight': 16, 'subsample': 0.8, 'colsample_bytree': 0.9000000000000001, 'gamma': 0.2}. Best is trial 1267 with value: 0.5099314743075365.
[I 2023-10-20 14:34:06,175] Trial 1746 finished with value: 0.5013992881970506 and parameters: {'w0': 0.177, 'w1': 0.852, 'w2': 0.121, 'w3': 0.467, 'w4': 0.911, 'w5': 1.0, 'w6': 0.342, 'w7': 0.098, 'w8': 0.789, 'max_depth': 8, 'min_child_weight': 16, 'subsample': 0.8, 'colsample_bytree': 0.9000000000000001, 'gamma': 0.6000000000000001}. Best is trial 1267 with value: 0.5099314743075365.
[I 2023-10-20 14:34:07,108] Trial 1743 finished with value: 0.48103052866872215 and parameters: {'w0': 0.17500000000000002, 'w1': 0.922, 'w2': 0.122, 'w3': 0.507, 'w4': 0.913, 'w5': 1.0, 'w6': 0.809, 'w7': 0.04, 'w8': 0.808, 'max_depth': 8, 'min_child_weight': 16, 'subsample': 0.8, 'colsample_bytree': 0.9000000000000001, 'gamma': 0.2}. Best is trial 1267 with value: 0.5099314743075365.
[I 2023-10-20 14:34:09,877] Trial 1745 finished with value: 0.4768090478722808 and parameters: {'w0': 0.17, 'w1': 0.927, 'w2': 0.124, 'w3': 0.41300000000000003, 'w4': 0.911, 'w5': 0.999, 'w6': 0.936, 'w7': 0.038, 'w8': 0.794, 'max_depth': 8, 'min_child_weight': 16, 'subsample': 0.8, 'colsample_bytree': 0.9000000000000001, 'gamma': 0.6000000000000001}. Best is trial 1267 with value: 0.5099314743075365.
[I 2023-10-20 14:35:56,701] Trial 1748 finished with value: 0.5056608982523684 and parameters: {'w0': 0.171, 'w1': 0.878, 'w2': 0.115, 'w3': 0.40700000000000003, 'w4': 0.911, 'w5': 0.969, 'w6': 0.307, 'w7': 0.099, 'w8': 0.794, 'max_depth': 8, 'min_child_weight': 16, 'subsample': 0.8, 'colsample_bytree': 0.9000000000000001, 'gamma': 0.6000000000000001}. Best is trial 1267 with value: 0.5099314743075365.
[I 2023-10-20 14:36:06,173] Trial 1747 finished with value: 0.5081391064113223 and parameters: {'w0': 0.17, 'w1': 0.86, 'w2': 0.112, 'w3': 0.466, 'w4': 0.911, 'w5': 0.999, 'w6': 0.307, 'w7': 0.10300000000000001, 'w8': 0.79, 'max_depth': 8, 'min_child_weight': 16, 'subsample': 0.8, 'colsample_bytree': 0.9000000000000001, 'gamma': 0.6000000000000001}. Best is trial 1267 with value: 0.5099314743075365.
[I 2023-10-20 14:38:35,490] Trial 1759 finished with value: 0.3877381703209241 and parameters: {'w0': 0.17, 'w1': 0.9600000000000001, 'w2': 0.039, 'w3': 0.389, 'w4': 0.974, 'w5': 0.444, 'w6': 0.843, 'w7': 0.034, 'w8': 0.79, 'max_depth': 8, 'min_child_weight': 12, 'subsample': 0.8, 'colsample_bytree': 0.8, 'gamma': 6.2}. Best is trial 1267 with value: 0.5099314743075365.
[I 2023-10-20 14:39:30,987] Trial 1749 finished with value: 0.45634866511709926 and parameters: {'w0': 0.17600000000000002, 'w1': 0.931, 'w2': 0.11900000000000001, 'w3': 0.402, 'w4': 0.989, 'w5': 0.984, 'w6': 0.717, 'w7': 0.645, 'w8': 0.792, 'max_depth': 8, 'min_child_weight': 12, 'subsample': 0.8, 'colsample_bytree': 0.8, 'gamma': 0.2}. Best is trial 1267 with value: 0.5099314743075365.
[I 2023-10-20 14:39:52,940] Trial 1750 finished with value: 0.4709398956203051 and parameters: {'w0': 0.334, 'w1': 0.924, 'w2': 0.122, 'w3': 0.40800000000000003, 'w4': 0.992, 'w5': 0.844, 'w6': 0.792, 'w7': 0.033, 'w8': 0.792, 'max_depth': 8, 'min_child_weight': 12, 'subsample': 0.8, 'colsample_bytree': 0.7, 'gamma': 0.2}. Best is trial 1267 with value: 0.5099314743075365.
