[I 2023-10-19 01:50:00,471] Trial 1197 finished with value: 0.5131808238993024 and parameters: {'w0': 0.10300000000000001, 'w1': 0.709, 'w2': 0.20700000000000002, 'w3': 0.183, 'w4': 0.8180000000000001, 'w5': 0.8180000000000001, 'w6': 0.756, 'w7': 0.069, 'w8': 0.934, 'max_depth': 10, 'min_child_weight': 20, 'subsample': 0.9000000000000001, 'colsample_bytree': 0.7, 'gamma': 0.8}. Best is trial 796 with value: 0.5427258797393881.
[I 2023-10-19 01:50:09,920] Trial 1198 finished with value: 0.5261136364149184 and parameters: {'w0': 0.10400000000000001, 'w1': 0.847, 'w2': 0.08600000000000001, 'w3': 0.188, 'w4': 0.812, 'w5': 0.796, 'w6': 0.799, 'w7': 0.064, 'w8': 0.934, 'max_depth': 10, 'min_child_weight': 20, 'subsample': 0.9000000000000001, 'colsample_bytree': 0.7, 'gamma': 0.8}. Best is trial 796 with value: 0.5427258797393881.
[I 2023-10-19 01:50:25,454] Trial 1195 finished with value: 0.5196161116643963 and parameters: {'w0': 0.10500000000000001, 'w1': 0.84, 'w2': 0.056, 'w3': 0.184, 'w4': 0.8140000000000001, 'w5': 0.8160000000000001, 'w6': 0.805, 'w7': 0.068, 'w8': 0.9400000000000001, 'max_depth': 10, 'min_child_weight': 20, 'subsample': 0.9000000000000001, 'colsample_bytree': 0.7, 'gamma': 0.6000000000000001}. Best is trial 796 with value: 0.5427258797393881.
[I 2023-10-19 01:50:41,179] Trial 1199 finished with value: 0.5296621114203278 and parameters: {'w0': 0.10400000000000001, 'w1': 0.846, 'w2': 0.085, 'w3': 0.224, 'w4': 0.812, 'w5': 0.8220000000000001, 'w6': 0.756, 'w7': 0.07, 'w8': 0.9380000000000001, 'max_depth': 10, 'min_child_weight': 18, 'subsample': 0.9000000000000001, 'colsample_bytree': 0.7, 'gamma': 0.8}. Best is trial 796 with value: 0.5427258797393881.
[I 2023-10-19 01:53:48,343] Trial 1201 finished with value: 0.47985455232008384 and parameters: {'w0': 0.027000000000000003, 'w1': 0.86, 'w2': 0.14200000000000002, 'w3': 0.227, 'w4': 0.8150000000000001, 'w5': 0.857, 'w6': 0.795, 'w7': 0.064, 'w8': 0.937, 'max_depth': 10, 'min_child_weight': 20, 'subsample': 0.9000000000000001, 'colsample_bytree': 0.7, 'gamma': 0.6000000000000001}. Best is trial 796 with value: 0.5427258797393881.
[I 2023-10-19 01:54:26,577] Trial 1202 finished with value: 0.5204873872666363 and parameters: {'w0': 0.106, 'w1': 0.849, 'w2': 0.147, 'w3': 0.225, 'w4': 0.812, 'w5': 0.854, 'w6': 0.799, 'w7': 0.066, 'w8': 0.9390000000000001, 'max_depth': 10, 'min_child_weight': 20, 'subsample': 0.9000000000000001, 'colsample_bytree': 0.6000000000000001, 'gamma': 0.6000000000000001}. Best is trial 796 with value: 0.5427258797393881.
[I 2023-10-19 01:54:55,442] Trial 1209 finished with value: 0.4575561498135744 and parameters: {'w0': 0.154, 'w1': 0.864, 'w2': 0.139, 'w3': 0.223, 'w4': 0.8140000000000001, 'w5': 0.857, 'w6': 0.798, 'w7': 0.067, 'w8': 0.928, 'max_depth': 10, 'min_child_weight': 20, 'subsample': 0.9000000000000001, 'colsample_bytree': 0.6000000000000001, 'gamma': 9.200000000000001}. Best is trial 796 with value: 0.5427258797393881.
[I 2023-10-19 01:55:31,799] Trial 1200 finished with value: 0.508909681112627 and parameters: {'w0': 0.10500000000000001, 'w1': 0.858, 'w2': 0.533, 'w3': 0.183, 'w4': 0.81, 'w5': 0.856, 'w6': 0.761, 'w7': 0.07, 'w8': 0.937, 'max_depth': 10, 'min_child_weight': 18, 'subsample': 0.9000000000000001, 'colsample_bytree': 0.7, 'gamma': 0.6000000000000001}. Best is trial 796 with value: 0.5427258797393881.
[I 2023-10-19 01:55:54,997] Trial 1204 finished with value: 0.5193785392235343 and parameters: {'w0': 0.109, 'w1': 0.855, 'w2': 0.14300000000000002, 'w3': 0.228, 'w4': 0.807, 'w5': 0.852, 'w6': 0.778, 'w7': 0.066, 'w8': 0.9390000000000001, 'max_depth': 10, 'min_child_weight': 18, 'subsample': 0.9000000000000001, 'colsample_bytree': 0.6000000000000001, 'gamma': 0.6000000000000001}. Best is trial 796 with value: 0.5427258797393881.
[I 2023-10-19 01:55:58,091] Trial 1203 finished with value: 0.5205465057559872 and parameters: {'w0': 0.20500000000000002, 'w1': 0.965, 'w2': 0.14400000000000002, 'w3': 0.225, 'w4': 0.8130000000000001, 'w5': 0.85, 'w6': 0.81, 'w7': 0.065, 'w8': 0.937, 'max_depth': 10, 'min_child_weight': 20, 'subsample': 0.9000000000000001, 'colsample_bytree': 0.6000000000000001, 'gamma': 0.6000000000000001}. Best is trial 796 with value: 0.5427258797393881.
[I 2023-10-19 01:57:38,804] Trial 1215 finished with value: 0.44661558767748105 and parameters: {'w0': 0.427, 'w1': 0.865, 'w2': 0.139, 'w3': 0.232, 'w4': 0.776, 'w5': 0.853, 'w6': 0.795, 'w7': 0.07100000000000001, 'w8': 0.934, 'max_depth': 10, 'min_child_weight': 18, 'subsample': 0.9000000000000001, 'colsample_bytree': 0.6000000000000001, 'gamma': 8.200000000000001}. Best is trial 796 with value: 0.5427258797393881.
[I 2023-10-19 02:02:15,102] Trial 1205 finished with value: 0.5381037830968753 and parameters: {'w0': 0.108, 'w1': 0.9580000000000001, 'w2': 0.084, 'w3': 0.224, 'w4': 0.809, 'w5': 0.851, 'w6': 0.71, 'w7': 0.07, 'w8': 0.936, 'max_depth': 10, 'min_child_weight': 18, 'subsample': 0.9000000000000001, 'colsample_bytree': 0.6000000000000001, 'gamma': 0.2}. Best is trial 796 with value: 0.5427258797393881.
[I 2023-10-19 02:03:42,669] Trial 1206 finished with value: 0.5339532296522698 and parameters: {'w0': 0.151, 'w1': 0.865, 'w2': 0.14500000000000002, 'w3': 0.185, 'w4': 0.801, 'w5': 0.852, 'w6': 0.674, 'w7': 0.07, 'w8': 0.936, 'max_depth': 10, 'min_child_weight': 18, 'subsample': 0.9000000000000001, 'colsample_bytree': 0.6000000000000001, 'gamma': 0.2}. Best is trial 796 with value: 0.5427258797393881.
[I 2023-10-19 02:03:57,875] Trial 1207 finished with value: 0.5249141194363122 and parameters: {'w0': 0.152, 'w1': 0.863, 'w2': 0.20900000000000002, 'w3': 0.228, 'w4': 0.811, 'w5': 0.786, 'w6': 0.799, 'w7': 0.068, 'w8': 0.934, 'max_depth': 10, 'min_child_weight': 18, 'subsample': 0.9000000000000001, 'colsample_bytree': 0.6000000000000001, 'gamma': 0.2}. Best is trial 796 with value: 0.5427258797393881.
[I 2023-10-19 02:05:10,440] Trial 1208 finished with value: 0.5261924312230639 and parameters: {'w0': 0.151, 'w1': 0.865, 'w2': 0.21, 'w3': 0.226, 'w4': 0.809, 'w5': 0.85, 'w6': 0.756, 'w7': 0.07200000000000001, 'w8': 0.9460000000000001, 'max_depth': 10, 'min_child_weight': 18, 'subsample': 0.9000000000000001, 'colsample_bytree': 0.6000000000000001, 'gamma': 0.2}. Best is trial 796 with value: 0.5427258797393881.
[I 2023-10-19 02:07:07,452] Trial 1211 finished with value: 0.5096379275578271 and parameters: {'w0': 0.029, 'w1': 0.861, 'w2': 0.08700000000000001, 'w3': 0.225, 'w4': 0.803, 'w5': 0.855, 'w6': 0.788, 'w7': 0.067, 'w8': 0.935, 'max_depth': 10, 'min_child_weight': 18, 'subsample': 0.9000000000000001, 'colsample_bytree': 0.6000000000000001, 'gamma': 0.2}. Best is trial 796 with value: 0.5427258797393881.
[I 2023-10-19 02:07:47,323] Trial 1212 finished with value: 0.4928098818553752 and parameters: {'w0': 0.030000000000000002, 'w1': 0.963, 'w2': 0.147, 'w3': 0.031, 'w4': 0.802, 'w5': 0.995, 'w6': 0.772, 'w7': 0.067, 'w8': 0.9380000000000001, 'max_depth': 10, 'min_child_weight': 18, 'subsample': 0.9000000000000001, 'colsample_bytree': 0.6000000000000001, 'gamma': 0.2}. Best is trial 796 with value: 0.5427258797393881.
[I 2023-10-19 02:08:13,338] Trial 1210 finished with value: 0.5348578454968568 and parameters: {'w0': 0.152, 'w1': 0.867, 'w2': 0.14200000000000002, 'w3': 0.222, 'w4': 0.8130000000000001, 'w5': 0.849, 'w6': 0.771, 'w7': 0.069, 'w8': 0.933, 'max_depth': 10, 'min_child_weight': 18, 'subsample': 0.9000000000000001, 'colsample_bytree': 0.6000000000000001, 'gamma': 0.2}. Best is trial 796 with value: 0.5427258797393881.
[I 2023-10-19 02:09:41,376] Trial 1213 finished with value: 0.5369658779927826 and parameters: {'w0': 0.158, 'w1': 0.853, 'w2': 0.14400000000000002, 'w3': 0.225, 'w4': 0.806, 'w5': 0.852, 'w6': 0.801, 'w7': 0.1, 'w8': 0.937, 'max_depth': 10, 'min_child_weight': 18, 'subsample': 0.9000000000000001, 'colsample_bytree': 0.6000000000000001, 'gamma': 0.2}. Best is trial 796 with value: 0.5427258797393881.
[I 2023-10-19 02:10:03,248] Trial 1214 finished with value: 0.5411840675277233 and parameters: {'w0': 0.148, 'w1': 0.867, 'w2': 0.14, 'w3': 0.225, 'w4': 0.775, 'w5': 0.853, 'w6': 0.785, 'w7': 0.096, 'w8': 0.9410000000000001, 'max_depth': 10, 'min_child_weight': 18, 'subsample': 0.9000000000000001, 'colsample_bytree': 0.6000000000000001, 'gamma': 0.2}. Best is trial 796 with value: 0.5427258797393881.
[I 2023-10-19 02:11:21,761] Trial 1226 finished with value: 0.49916036632058675 and parameters: {'w0': 0.20500000000000002, 'w1': 0.897, 'w2': 0.106, 'w3': 0.262, 'w4': 0.769, 'w5': 0.834, 'w6': 0.535, 'w7': 0.101, 'w8': 0.882, 'max_depth': 10, 'min_child_weight': 16, 'subsample': 0.9000000000000001, 'colsample_bytree': 0.6000000000000001, 'gamma': 5.4}. Best is trial 796 with value: 0.5427258797393881.
[I 2023-10-19 02:12:47,195] Trial 1216 finished with value: 0.5406579788453753 and parameters: {'w0': 0.154, 'w1': 0.865, 'w2': 0.14300000000000002, 'w3': 0.227, 'w4': 0.782, 'w5': 0.847, 'w6': 0.537, 'w7': 0.10400000000000001, 'w8': 0.936, 'max_depth': 10, 'min_child_weight': 18, 'subsample': 0.9000000000000001, 'colsample_bytree': 0.6000000000000001, 'gamma': 0.2}. Best is trial 796 with value: 0.5427258797393881.
[I 2023-10-19 02:13:15,135] Trial 1218 finished with value: 0.5382171822586673 and parameters: {'w0': 0.20700000000000002, 'w1': 0.963, 'w2': 0.11, 'w3': 0.138, 'w4': 0.774, 'w5': 0.84, 'w6': 0.506, 'w7': 0.098, 'w8': 0.985, 'max_depth': 10, 'min_child_weight': 18, 'subsample': 0.9000000000000001, 'colsample_bytree': 0.6000000000000001, 'gamma': 0.2}. Best is trial 796 with value: 0.5427258797393881.
[I 2023-10-19 02:13:39,372] Trial 1219 finished with value: 0.5398875912070052 and parameters: {'w0': 0.148, 'w1': 0.868, 'w2': 0.107, 'w3': 0.254, 'w4': 0.776, 'w5': 0.779, 'w6': 0.507, 'w7': 0.097, 'w8': 0.98, 'max_depth': 10, 'min_child_weight': 18, 'subsample': 0.9000000000000001, 'colsample_bytree': 0.6000000000000001, 'gamma': 0.2}. Best is trial 796 with value: 0.5427258797393881.
[I 2023-10-19 02:13:40,795] Trial 1217 finished with value: 0.5255319299908268 and parameters: {'w0': 0.625, 'w1': 0.871, 'w2': 0.108, 'w3': 0.223, 'w4': 0.778, 'w5': 0.842, 'w6': 0.777, 'w7': 0.101, 'w8': 0.981, 'max_depth': 10, 'min_child_weight': 18, 'subsample': 0.9000000000000001, 'colsample_bytree': 0.6000000000000001, 'gamma': 0.2}. Best is trial 796 with value: 0.5427258797393881.
[I 2023-10-19 02:14:20,763] Trial 1220 finished with value: 0.5407489610718246 and parameters: {'w0': 0.151, 'w1': 0.966, 'w2': 0.108, 'w3': 0.259, 'w4': 0.772, 'w5': 0.779, 'w6': 0.504, 'w7': 0.10200000000000001, 'w8': 0.887, 'max_depth': 10, 'min_child_weight': 18, 'subsample': 0.9000000000000001, 'colsample_bytree': 0.6000000000000001, 'gamma': 0.2}. Best is trial 796 with value: 0.5427258797393881.
[I 2023-10-19 02:14:21,737] Trial 1221 finished with value: 0.5382833823787357 and parameters: {'w0': 0.152, 'w1': 0.905, 'w2': 0.11, 'w3': 0.259, 'w4': 0.766, 'w5': 0.839, 'w6': 0.538, 'w7': 0.098, 'w8': 0.881, 'max_depth': 10, 'min_child_weight': 18, 'subsample': 0.9000000000000001, 'colsample_bytree': 0.6000000000000001, 'gamma': 0.2}. Best is trial 796 with value: 0.5427258797393881.
[I 2023-10-19 02:16:19,482] Trial 1222 finished with value: 0.5351032189937828 and parameters: {'w0': 0.153, 'w1': 0.899, 'w2': 0.108, 'w3': 0.253, 'w4': 0.77, 'w5': 0.786, 'w6': 0.539, 'w7': 0.10300000000000001, 'w8': 0.977, 'max_depth': 10, 'min_child_weight': 18, 'subsample': 0.9000000000000001, 'colsample_bytree': 0.6000000000000001, 'gamma': 0.2}. Best is trial 796 with value: 0.5427258797393881.
[I 2023-10-19 02:19:36,428] Trial 1233 finished with value: 0.4302636641200366 and parameters: {'w0': 0.154, 'w1': 0.878, 'w2': 0.164, 'w3': 0.261, 'w4': 0.774, 'w5': 0.878, 'w6': 0.539, 'w7': 0.6990000000000001, 'w8': 0.736, 'max_depth': 10, 'min_child_weight': 18, 'subsample': 0.9000000000000001, 'colsample_bytree': 0.6000000000000001, 'gamma': 4.800000000000001}. Best is trial 796 with value: 0.5427258797393881.
[I 2023-10-19 02:20:22,404] Trial 1223 finished with value: 0.5421424049783587 and parameters: {'w0': 0.146, 'w1': 0.893, 'w2': 0.108, 'w3': 0.258, 'w4': 0.775, 'w5': 0.779, 'w6': 0.512, 'w7': 0.1, 'w8': 0.98, 'max_depth': 10, 'min_child_weight': 18, 'subsample': 0.9000000000000001, 'colsample_bytree': 0.6000000000000001, 'gamma': 0.2}. Best is trial 796 with value: 0.5427258797393881.
[I 2023-10-19 02:21:27,343] Trial 1224 finished with value: 0.5370809690022678 and parameters: {'w0': 0.149, 'w1': 0.47700000000000004, 'w2': 0.10500000000000001, 'w3': 0.137, 'w4': 0.775, 'w5': 0.781, 'w6': 0.535, 'w7': 0.1, 'w8': 0.979, 'max_depth': 10, 'min_child_weight': 16, 'subsample': 0.9000000000000001, 'colsample_bytree': 0.6000000000000001, 'gamma': 0.2}. Best is trial 796 with value: 0.5427258797393881.
[I 2023-10-19 02:22:03,747] Trial 1225 finished with value: 0.537890113707398 and parameters: {'w0': 0.152, 'w1': 0.906, 'w2': 0.113, 'w3': 0.253, 'w4': 0.777, 'w5': 0.781, 'w6': 0.513, 'w7': 0.10300000000000001, 'w8': 0.89, 'max_depth': 10, 'min_child_weight': 16, 'subsample': 0.9000000000000001, 'colsample_bytree': 0.6000000000000001, 'gamma': 0.2}. Best is trial 796 with value: 0.5427258797393881.
[I 2023-10-19 02:25:27,846] Trial 1227 finished with value: 0.5361532912203789 and parameters: {'w0': 0.20500000000000002, 'w1': 0.887, 'w2': 0.11, 'w3': 0.159, 'w4': 0.774, 'w5': 0.778, 'w6': 0.505, 'w7': 0.1, 'w8': 0.975, 'max_depth': 10, 'min_child_weight': 16, 'subsample': 0.9000000000000001, 'colsample_bytree': 0.6000000000000001, 'gamma': 0.2}. Best is trial 796 with value: 0.5427258797393881.
[I 2023-10-19 02:26:10,744] Trial 1228 finished with value: 0.5369934336744174 and parameters: {'w0': 0.20400000000000001, 'w1': 0.902, 'w2': 0.111, 'w3': 0.257, 'w4': 0.768, 'w5': 0.775, 'w6': 0.509, 'w7': 0.1, 'w8': 0.984, 'max_depth': 10, 'min_child_weight': 16, 'subsample': 0.9000000000000001, 'colsample_bytree': 0.6000000000000001, 'gamma': 0.0}. Best is trial 796 with value: 0.5427258797393881.
[I 2023-10-19 02:26:41,258] Trial 1236 finished with value: 0.5315596752904416 and parameters: {'w0': 0.166, 'w1': 0.873, 'w2': 0.168, 'w3': 0.246, 'w4': 0.779, 'w5': 0.895, 'w6': 0.5, 'w7': 0.096, 'w8': 0.885, 'max_depth': 10, 'min_child_weight': 18, 'subsample': 0.9000000000000001, 'colsample_bytree': 0.6000000000000001, 'gamma': 0.6000000000000001}. Best is trial 796 with value: 0.5427258797393881.
[I 2023-10-19 02:27:17,954] Trial 1229 finished with value: 0.5247929233129486 and parameters: {'w0': 0.5710000000000001, 'w1': 0.9, 'w2': 0.11, 'w3': 0.253, 'w4': 0.777, 'w5': 0.781, 'w6': 0.534, 'w7': 0.094, 'w8': 0.877, 'max_depth': 10, 'min_child_weight': 16, 'subsample': 0.9000000000000001, 'colsample_bytree': 0.6000000000000001, 'gamma': 0.0}. Best is trial 796 with value: 0.5427258797393881.
[I 2023-10-19 02:27:44,279] Trial 1237 finished with value: 0.5347949215647952 and parameters: {'w0': 0.17, 'w1': 0.879, 'w2': 0.16, 'w3': 0.26, 'w4': 0.775, 'w5': 0.774, 'w6': 0.502, 'w7': 0.109, 'w8': 0.88, 'max_depth': 10, 'min_child_weight': 18, 'subsample': 0.9000000000000001, 'colsample_bytree': 0.6000000000000001, 'gamma': 0.6000000000000001}. Best is trial 796 with value: 0.5427258797393881.
[I 2023-10-19 02:27:49,072] Trial 1238 finished with value: 0.530495896984817 and parameters: {'w0': 0.171, 'w1': 0.996, 'w2': 0.162, 'w3': 0.259, 'w4': 0.779, 'w5': 0.776, 'w6': 0.512, 'w7': 0.101, 'w8': 0.874, 'max_depth': 10, 'min_child_weight': 18, 'subsample': 0.9000000000000001, 'colsample_bytree': 0.6000000000000001, 'gamma': 0.6000000000000001}. Best is trial 796 with value: 0.5427258797393881.
[I 2023-10-19 02:28:10,103] Trial 1230 finished with value: 0.5362221180956709 and parameters: {'w0': 0.20400000000000001, 'w1': 0.905, 'w2': 0.111, 'w3': 0.258, 'w4': 0.772, 'w5': 0.779, 'w6': 0.513, 'w7': 0.101, 'w8': 0.888, 'max_depth': 10, 'min_child_weight': 16, 'subsample': 0.9000000000000001, 'colsample_bytree': 0.6000000000000001, 'gamma': 0.0}. Best is trial 796 with value: 0.5427258797393881.
[I 2023-10-19 02:28:12,217] Trial 1231 finished with value: 0.5158258542363818 and parameters: {'w0': 0.491, 'w1': 0.899, 'w2': 0.166, 'w3': 0.25, 'w4': 0.777, 'w5': 0.878, 'w6': 0.775, 'w7': 0.1, 'w8': 0.877, 'max_depth': 10, 'min_child_weight': 18, 'subsample': 0.6000000000000001, 'colsample_bytree': 0.6000000000000001, 'gamma': 0.0}. Best is trial 796 with value: 0.5427258797393881.
[I 2023-10-19 02:28:35,504] Trial 1232 finished with value: 0.5241617089646726 and parameters: {'w0': 0.07200000000000001, 'w1': 0.901, 'w2': 0.155, 'w3': 0.26, 'w4': 0.783, 'w5': 0.874, 'w6': 0.77, 'w7': 0.10500000000000001, 'w8': 0.891, 'max_depth': 10, 'min_child_weight': 18, 'subsample': 0.6000000000000001, 'colsample_bytree': 0.6000000000000001, 'gamma': 0.0}. Best is trial 796 with value: 0.5427258797393881.
[I 2023-10-19 02:28:56,272] Trial 1235 finished with value: 0.5077149077069169 and parameters: {'w0': 0.769, 'w1': 0.897, 'w2': 0.17, 'w3': 0.259, 'w4': 0.781, 'w5': 0.896, 'w6': 0.528, 'w7': 0.097, 'w8': 0.47500000000000003, 'max_depth': 10, 'min_child_weight': 18, 'subsample': 0.9000000000000001, 'colsample_bytree': 0.6000000000000001, 'gamma': 0.6000000000000001}. Best is trial 796 with value: 0.5427258797393881.
[I 2023-10-19 02:30:16,257] Trial 1239 finished with value: 0.5331764342480931 and parameters: {'w0': 0.17, 'w1': 0.989, 'w2': 0.159, 'w3': 0.268, 'w4': 0.778, 'w5': 0.78, 'w6': 0.508, 'w7': 0.163, 'w8': 0.871, 'max_depth': 10, 'min_child_weight': 18, 'subsample': 0.9000000000000001, 'colsample_bytree': 0.6000000000000001, 'gamma': 0.6000000000000001}. Best is trial 796 with value: 0.5427258797393881.
[I 2023-10-19 02:31:41,292] Trial 1234 finished with value: 0.5366993586990179 and parameters: {'w0': 0.177, 'w1': 0.887, 'w2': 0.169, 'w3': 0.241, 'w4': 0.769, 'w5': 0.892, 'w6': 0.525, 'w7': 0.099, 'w8': 0.896, 'max_depth': 10, 'min_child_weight': 18, 'subsample': 0.9000000000000001, 'colsample_bytree': 0.6000000000000001, 'gamma': 0.2}. Best is trial 796 with value: 0.5427258797393881.
[I 2023-10-19 02:33:09,369] Trial 1240 finished with value: 0.538509491273645 and parameters: {'w0': 0.164, 'w1': 0.971, 'w2': 0.161, 'w3': 0.253, 'w4': 0.784, 'w5': 0.719, 'w6': 0.506, 'w7': 0.126, 'w8': 0.878, 'max_depth': 10, 'min_child_weight': 18, 'subsample': 0.9000000000000001, 'colsample_bytree': 0.6000000000000001, 'gamma': 0.6000000000000001}. Best is trial 796 with value: 0.5427258797393881.
[I 2023-10-19 02:34:53,503] Trial 1250 finished with value: 0.5115023370658679 and parameters: {'w0': 0.131, 'w1': 0.984, 'w2': 0.128, 'w3': 0.304, 'w4': 0.788, 'w5': 0.72, 'w6': 0.503, 'w7': 0.122, 'w8': 0.902, 'max_depth': 10, 'min_child_weight': 18, 'subsample': 0.8, 'colsample_bytree': 0.6000000000000001, 'gamma': 4.6000000000000005}. Best is trial 796 with value: 0.5427258797393881.
[I 2023-10-19 02:37:39,452] Trial 1242 finished with value: 0.5359059333095811 and parameters: {'w0': 0.17, 'w1': 0.982, 'w2': 0.157, 'w3': 0.263, 'w4': 0.786, 'w5': 0.774, 'w6': 0.512, 'w7': 0.10300000000000001, 'w8': 0.876, 'max_depth': 10, 'min_child_weight': 18, 'subsample': 0.9000000000000001, 'colsample_bytree': 0.6000000000000001, 'gamma': 0.4}. Best is trial 796 with value: 0.5427258797393881.
[I 2023-10-19 02:37:54,937] Trial 1241 finished with value: 0.5345581836437632 and parameters: {'w0': 0.171, 'w1': 0.997, 'w2': 0.159, 'w3': 0.258, 'w4': 0.778, 'w5': 0.716, 'w6': 0.511, 'w7': 0.1, 'w8': 0.879, 'max_depth': 10, 'min_child_weight': 18, 'subsample': 0.6000000000000001, 'colsample_bytree': 0.6000000000000001, 'gamma': 0.4}. Best is trial 796 with value: 0.5427258797393881.
[I 2023-10-19 02:38:06,006] Trial 1243 finished with value: 0.532921881481651 and parameters: {'w0': 0.17, 'w1': 0.993, 'w2': 0.16, 'w3': 0.26, 'w4': 0.785, 'w5': 0.724, 'w6': 0.515, 'w7': 0.097, 'w8': 0.864, 'max_depth': 10, 'min_child_weight': 18, 'subsample': 0.9000000000000001, 'colsample_bytree': 0.6000000000000001, 'gamma': 0.4}. Best is trial 796 with value: 0.5427258797393881.
[I 2023-10-19 02:41:49,801] Trial 1244 finished with value: 0.5374335869643403 and parameters: {'w0': 0.169, 'w1': 0.998, 'w2': 0.158, 'w3': 0.261, 'w4': 0.791, 'w5': 0.779, 'w6': 0.505, 'w7': 0.106, 'w8': 0.879, 'max_depth': 10, 'min_child_weight': 18, 'subsample': 0.9000000000000001, 'colsample_bytree': 0.6000000000000001, 'gamma': 0.4}. Best is trial 796 with value: 0.5427258797393881.
[I 2023-10-19 02:43:40,049] Trial 1245 finished with value: 0.5401997585478373 and parameters: {'w0': 0.17, 'w1': 0.987, 'w2': 0.132, 'w3': 0.26, 'w4': 0.787, 'w5': 0.731, 'w6': 0.507, 'w7': 0.117, 'w8': 0.89, 'max_depth': 10, 'min_child_weight': 18, 'subsample': 0.8, 'colsample_bytree': 0.6000000000000001, 'gamma': 0.4}. Best is trial 796 with value: 0.5427258797393881.
[I 2023-10-19 02:43:58,738] Trial 1248 finished with value: 0.5164088718192662 and parameters: {'w0': 0.13, 'w1': 0.979, 'w2': 0.128, 'w3': 0.254, 'w4': 0.788, 'w5': 0.716, 'w6': 0.513, 'w7': 0.041, 'w8': 0.901, 'max_depth': 10, 'min_child_weight': 18, 'subsample': 0.8, 'colsample_bytree': 0.6000000000000001, 'gamma': 0.4}. Best is trial 796 with value: 0.5427258797393881.
[I 2023-10-19 02:44:03,269] Trial 1249 finished with value: 0.5180580281252288 and parameters: {'w0': 0.131, 'w1': 0.97, 'w2': 0.132, 'w3': 0.273, 'w4': 0.792, 'w5': 0.724, 'w6': 0.516, 'w7': 0.04, 'w8': 0.899, 'max_depth': 10, 'min_child_weight': 18, 'subsample': 0.8, 'colsample_bytree': 0.6000000000000001, 'gamma': 0.4}. Best is trial 796 with value: 0.5427258797393881.
[I 2023-10-19 02:44:10,908] Trial 1246 finished with value: 0.5351810414553273 and parameters: {'w0': 0.169, 'w1': 0.98, 'w2': 0.13, 'w3': 0.303, 'w4': 0.785, 'w5': 0.711, 'w6': 0.518, 'w7': 0.124, 'w8': 0.88, 'max_depth': 10, 'min_child_weight': 18, 'subsample': 0.8, 'colsample_bytree': 0.6000000000000001, 'gamma': 0.4}. Best is trial 796 with value: 0.5427258797393881.
