[I 2023-10-20 06:58:13,536] Trial 1206 finished with value: 0.4837833136695877 and parameters: {'w0': 0.063, 'w1': 0.886, 'w2': 0.08700000000000001, 'w3': 0.49, 'w4': 0.937, 'w5': 0.937, 'w6': 0.365, 'w7': 0.147, 'w8': 0.6980000000000001, 'max_depth': 10, 'min_child_weight': 12, 'subsample': 0.8, 'colsample_bytree': 0.6000000000000001, 'gamma': 0.4}. Best is trial 556 with value: 0.5099189407344089.
[I 2023-10-20 06:58:58,331] Trial 1209 finished with value: 0.4934015747875381 and parameters: {'w0': 0.12000000000000001, 'w1': 0.889, 'w2': 0.08700000000000001, 'w3': 0.47700000000000004, 'w4': 0.9380000000000001, 'w5': 0.9380000000000001, 'w6': 0.375, 'w7': 0.14500000000000002, 'w8': 0.717, 'max_depth': 10, 'min_child_weight': 16, 'subsample': 0.8, 'colsample_bytree': 0.6000000000000001, 'gamma': 0.4}. Best is trial 556 with value: 0.5099189407344089.
[I 2023-10-20 06:58:58,446] Trial 1220 finished with value: 0.43753769242279966 and parameters: {'w0': 0.111, 'w1': 0.889, 'w2': 0.126, 'w3': 0.483, 'w4': 0.884, 'w5': 1.0, 'w6': 0.382, 'w7': 0.047, 'w8': 0.715, 'max_depth': 9, 'min_child_weight': 18, 'subsample': 0.8, 'colsample_bytree': 0.6000000000000001, 'gamma': 7.2}. Best is trial 556 with value: 0.5099189407344089.
[I 2023-10-20 06:59:11,751] Trial 1210 finished with value: 0.4862432017783392 and parameters: {'w0': 0.154, 'w1': 0.898, 'w2': 0.079, 'w3': 0.47900000000000004, 'w4': 0.9380000000000001, 'w5': 0.932, 'w6': 0.363, 'w7': 0.148, 'w8': 0.715, 'max_depth': 9, 'min_child_weight': 16, 'subsample': 0.8, 'colsample_bytree': 0.6000000000000001, 'gamma': 0.4}. Best is trial 556 with value: 0.5099189407344089.
[I 2023-10-20 07:00:00,856] Trial 1211 finished with value: 0.490264680240731 and parameters: {'w0': 0.117, 'w1': 0.887, 'w2': 0.081, 'w3': 0.487, 'w4': 0.9450000000000001, 'w5': 0.936, 'w6': 0.369, 'w7': 0.148, 'w8': 0.719, 'max_depth': 9, 'min_child_weight': 16, 'subsample': 0.8, 'colsample_bytree': 0.6000000000000001, 'gamma': 0.4}. Best is trial 556 with value: 0.5099189407344089.
[I 2023-10-20 07:00:06,055] Trial 1208 finished with value: 0.44594742627173634 and parameters: {'w0': 0.114, 'w1': 0.882, 'w2': 0.08800000000000001, 'w3': 0.219, 'w4': 0.9400000000000001, 'w5': 0.9400000000000001, 'w6': 0.369, 'w7': 0.53, 'w8': 0.7010000000000001, 'max_depth': 9, 'min_child_weight': 12, 'subsample': 0.8, 'colsample_bytree': 0.6000000000000001, 'gamma': 0.4}. Best is trial 556 with value: 0.5099189407344089.
[I 2023-10-20 07:00:33,081] Trial 1212 finished with value: 0.48706539447689307 and parameters: {'w0': 0.059000000000000004, 'w1': 0.998, 'w2': 0.092, 'w3': 0.467, 'w4': 0.9380000000000001, 'w5': 0.9400000000000001, 'w6': 0.379, 'w7': 0.14500000000000002, 'w8': 0.713, 'max_depth': 10, 'min_child_weight': 18, 'subsample': 0.8, 'colsample_bytree': 0.6000000000000001, 'gamma': 0.4}. Best is trial 556 with value: 0.5099189407344089.
[I 2023-10-20 07:00:33,474] Trial 1213 finished with value: 0.4911318506621051 and parameters: {'w0': 0.057, 'w1': 0.88, 'w2': 0.125, 'w3': 0.484, 'w4': 0.933, 'w5': 0.9400000000000001, 'w6': 0.376, 'w7': 0.148, 'w8': 0.715, 'max_depth': 10, 'min_child_weight': 16, 'subsample': 0.8, 'colsample_bytree': 0.6000000000000001, 'gamma': 0.4}. Best is trial 556 with value: 0.5099189407344089.
[I 2023-10-20 07:02:06,431] Trial 1207 finished with value: 0.4679696406205147 and parameters: {'w0': 0.156, 'w1': 0.914, 'w2': 0.5730000000000001, 'w3': 0.166, 'w4': 0.9420000000000001, 'w5': 0.932, 'w6': 0.378, 'w7': 0.538, 'w8': 0.6920000000000001, 'max_depth': 10, 'min_child_weight': 12, 'subsample': 0.8, 'colsample_bytree': 0.6000000000000001, 'gamma': 0.4}. Best is trial 556 with value: 0.5099189407344089.
[I 2023-10-20 07:02:16,522] Trial 1215 finished with value: 0.5058851155880342 and parameters: {'w0': 0.12000000000000001, 'w1': 0.894, 'w2': 0.121, 'w3': 0.257, 'w4': 0.936, 'w5': 0.9450000000000001, 'w6': 0.433, 'w7': 0.147, 'w8': 0.717, 'max_depth': 9, 'min_child_weight': 18, 'subsample': 0.8, 'colsample_bytree': 0.6000000000000001, 'gamma': 0.4}. Best is trial 556 with value: 0.5099189407344089.
[I 2023-10-20 07:02:19,028] Trial 1216 finished with value: 0.49703251585345926 and parameters: {'w0': 0.066, 'w1': 0.887, 'w2': 0.125, 'w3': 0.481, 'w4': 0.88, 'w5': 0.9440000000000001, 'w6': 0.43, 'w7': 0.132, 'w8': 0.715, 'max_depth': 9, 'min_child_weight': 18, 'subsample': 0.8, 'colsample_bytree': 0.6000000000000001, 'gamma': 0.4}. Best is trial 556 with value: 0.5099189407344089.
[I 2023-10-20 07:02:21,125] Trial 1214 finished with value: 0.4991332024502525 and parameters: {'w0': 0.11800000000000001, 'w1': 0.887, 'w2': 0.11800000000000001, 'w3': 0.47900000000000004, 'w4': 0.93, 'w5': 0.936, 'w6': 0.373, 'w7': 0.147, 'w8': 0.718, 'max_depth': 9, 'min_child_weight': 18, 'subsample': 0.8, 'colsample_bytree': 0.6000000000000001, 'gamma': 0.4}. Best is trial 556 with value: 0.5099189407344089.
[I 2023-10-20 07:03:43,608] Trial 1218 finished with value: 0.48756396308596606 and parameters: {'w0': 0.117, 'w1': 0.884, 'w2': 0.123, 'w3': 0.484, 'w4': 0.881, 'w5': 0.9560000000000001, 'w6': 0.434, 'w7': 0.047, 'w8': 0.713, 'max_depth': 10, 'min_child_weight': 18, 'subsample': 0.8, 'colsample_bytree': 0.6000000000000001, 'gamma': 0.4}. Best is trial 556 with value: 0.5099189407344089.
[I 2023-10-20 07:03:59,463] Trial 1217 finished with value: 0.5018335396397047 and parameters: {'w0': 0.121, 'w1': 0.888, 'w2': 0.12000000000000001, 'w3': 0.48000000000000004, 'w4': 0.881, 'w5': 0.9480000000000001, 'w6': 0.437, 'w7': 0.136, 'w8': 0.6990000000000001, 'max_depth': 10, 'min_child_weight': 18, 'subsample': 0.8, 'colsample_bytree': 0.6000000000000001, 'gamma': 0.4}. Best is trial 556 with value: 0.5099189407344089.
[I 2023-10-20 07:04:45,948] Trial 1219 finished with value: 0.503898593831167 and parameters: {'w0': 0.111, 'w1': 0.887, 'w2': 0.121, 'w3': 0.254, 'w4': 0.883, 'w5': 0.9570000000000001, 'w6': 0.394, 'w7': 0.132, 'w8': 0.715, 'max_depth': 9, 'min_child_weight': 18, 'subsample': 0.8, 'colsample_bytree': 0.6000000000000001, 'gamma': 0.4}. Best is trial 556 with value: 0.5099189407344089.
[I 2023-10-20 07:10:21,171] Trial 1221 finished with value: 0.48818970681076007 and parameters: {'w0': 0.113, 'w1': 0.884, 'w2': 0.125, 'w3': 0.482, 'w4': 0.88, 'w5': 0.9580000000000001, 'w6': 0.433, 'w7': 0.049, 'w8': 0.72, 'max_depth': 9, 'min_child_weight': 18, 'subsample': 0.8, 'colsample_bytree': 0.6000000000000001, 'gamma': 0.4}. Best is trial 556 with value: 0.5099189407344089.
[I 2023-10-20 07:13:13,563] Trial 1222 finished with value: 0.4897116832783144 and parameters: {'w0': 0.114, 'w1': 1.0, 'w2': 0.121, 'w3': 0.47800000000000004, 'w4': 0.874, 'w5': 0.9600000000000001, 'w6': 0.437, 'w7': 0.17200000000000001, 'w8': 0.723, 'max_depth': 9, 'min_child_weight': 18, 'subsample': 0.8, 'colsample_bytree': 0.6000000000000001, 'gamma': 0.4}. Best is trial 556 with value: 0.5099189407344089.
[I 2023-10-20 07:13:38,603] Trial 1223 finished with value: 0.4924481181785673 and parameters: {'w0': 0.11, 'w1': 0.983, 'w2': 0.126, 'w3': 0.47600000000000003, 'w4': 0.876, 'w5': 0.9560000000000001, 'w6': 0.361, 'w7': 0.056, 'w8': 0.717, 'max_depth': 9, 'min_child_weight': 18, 'subsample': 0.8, 'colsample_bytree': 0.6000000000000001, 'gamma': 0.2}. Best is trial 556 with value: 0.5099189407344089.
[I 2023-10-20 07:14:30,668] Trial 1224 finished with value: 0.5046001236722099 and parameters: {'w0': 0.156, 'w1': 0.987, 'w2': 0.123, 'w3': 0.503, 'w4': 0.875, 'w5': 0.9560000000000001, 'w6': 0.433, 'w7': 0.128, 'w8': 0.711, 'max_depth': 9, 'min_child_weight': 18, 'subsample': 0.8, 'colsample_bytree': 0.6000000000000001, 'gamma': 0.2}. Best is trial 556 with value: 0.5099189407344089.
[I 2023-10-20 07:14:53,136] Trial 1226 finished with value: 0.4949154774759977 and parameters: {'w0': 0.109, 'w1': 0.982, 'w2': 0.127, 'w3': 0.152, 'w4': 0.877, 'w5': 0.961, 'w6': 0.396, 'w7': 0.171, 'w8': 0.716, 'max_depth': 9, 'min_child_weight': 18, 'subsample': 0.8, 'colsample_bytree': 0.6000000000000001, 'gamma': 0.2}. Best is trial 556 with value: 0.5099189407344089.
[I 2023-10-20 07:14:54,882] Trial 1225 finished with value: 0.4953862490704568 and parameters: {'w0': 0.157, 'w1': 0.98, 'w2': 0.121, 'w3': 0.499, 'w4': 0.88, 'w5': 0.9590000000000001, 'w6': 0.394, 'w7': 0.171, 'w8': 0.719, 'max_depth': 9, 'min_child_weight': 18, 'subsample': 0.8, 'colsample_bytree': 0.6000000000000001, 'gamma': 0.2}. Best is trial 556 with value: 0.5099189407344089.
[I 2023-10-20 07:16:00,712] Trial 1229 finished with value: 0.49439775050832124 and parameters: {'w0': 0.159, 'w1': 0.981, 'w2': 0.17, 'w3': 0.14400000000000002, 'w4': 0.88, 'w5': 0.9600000000000001, 'w6': 0.863, 'w7': 0.177, 'w8': 0.722, 'max_depth': 9, 'min_child_weight': 18, 'subsample': 0.8, 'colsample_bytree': 0.6000000000000001, 'gamma': 0.2}. Best is trial 556 with value: 0.5099189407344089.
[I 2023-10-20 07:16:06,724] Trial 1227 finished with value: 0.44805697140498474 and parameters: {'w0': 0.159, 'w1': 0.983, 'w2': 0.125, 'w3': 0.463, 'w4': 0.875, 'w5': 0.9590000000000001, 'w6': 0.441, 'w7': 0.633, 'w8': 0.549, 'max_depth': 9, 'min_child_weight': 18, 'subsample': 0.8, 'colsample_bytree': 0.6000000000000001, 'gamma': 0.2}. Best is trial 556 with value: 0.5099189407344089.
[I 2023-10-20 07:16:13,674] Trial 1228 finished with value: 0.4979856955044405 and parameters: {'w0': 0.16, 'w1': 0.976, 'w2': 0.126, 'w3': 0.496, 'w4': 0.878, 'w5': 1.0, 'w6': 0.439, 'w7': 0.17400000000000002, 'w8': 0.719, 'max_depth': 9, 'min_child_weight': 18, 'subsample': 0.8, 'colsample_bytree': 0.6000000000000001, 'gamma': 0.2}. Best is trial 556 with value: 0.5099189407344089.
[I 2023-10-20 07:17:30,893] Trial 1231 finished with value: 0.49430452270856645 and parameters: {'w0': 0.158, 'w1': 0.971, 'w2': 0.11900000000000001, 'w3': 0.502, 'w4': 0.876, 'w5': 1.0, 'w6': 0.353, 'w7': 0.17500000000000002, 'w8': 0.718, 'max_depth': 9, 'min_child_weight': 18, 'subsample': 0.7, 'colsample_bytree': 0.6000000000000001, 'gamma': 0.2}. Best is trial 556 with value: 0.5099189407344089.
[I 2023-10-20 07:17:38,330] Trial 1230 finished with value: 0.4994685281533917 and parameters: {'w0': 0.157, 'w1': 0.972, 'w2': 0.203, 'w3': 0.506, 'w4': 0.88, 'w5': 0.962, 'w6': 0.434, 'w7': 0.17300000000000001, 'w8': 0.72, 'max_depth': 9, 'min_child_weight': 18, 'subsample': 0.7, 'colsample_bytree': 0.6000000000000001, 'gamma': 0.2}. Best is trial 556 with value: 0.5099189407344089.
[I 2023-10-20 07:17:39,696] Trial 1233 finished with value: 0.49719752850123455 and parameters: {'w0': 0.159, 'w1': 0.98, 'w2': 0.169, 'w3': 0.148, 'w4': 0.879, 'w5': 0.965, 'w6': 0.399, 'w7': 0.17300000000000001, 'w8': 0.719, 'max_depth': 9, 'min_child_weight': 18, 'subsample': 0.7, 'colsample_bytree': 0.6000000000000001, 'gamma': 0.2}. Best is trial 556 with value: 0.5099189407344089.
[I 2023-10-20 07:17:52,790] Trial 1232 finished with value: 0.5011294343705534 and parameters: {'w0': 0.155, 'w1': 0.977, 'w2': 0.169, 'w3': 0.498, 'w4': 0.879, 'w5': 0.962, 'w6': 0.428, 'w7': 0.171, 'w8': 0.714, 'max_depth': 9, 'min_child_weight': 18, 'subsample': 0.7, 'colsample_bytree': 0.6000000000000001, 'gamma': 0.2}. Best is trial 556 with value: 0.5099189407344089.
[I 2023-10-20 07:19:27,014] Trial 1234 finished with value: 0.4535860975348699 and parameters: {'w0': 0.156, 'w1': 0.785, 'w2': 0.20400000000000001, 'w3': 0.506, 'w4': 0.054, 'w5': 0.9600000000000001, 'w6': 0.357, 'w7': 0.41000000000000003, 'w8': 0.724, 'max_depth': 9, 'min_child_weight': 16, 'subsample': 0.7, 'colsample_bytree': 0.6000000000000001, 'gamma': 0.2}. Best is trial 556 with value: 0.5099189407344089.
[I 2023-10-20 07:19:35,094] Trial 1235 finished with value: 0.499908675252155 and parameters: {'w0': 0.161, 'w1': 0.72, 'w2': 0.168, 'w3': 0.496, 'w4': 0.912, 'w5': 0.964, 'w6': 0.388, 'w7': 0.181, 'w8': 0.661, 'max_depth': 9, 'min_child_weight': 16, 'subsample': 0.7, 'colsample_bytree': 0.6000000000000001, 'gamma': 0.2}. Best is trial 556 with value: 0.5099189407344089.
[I 2023-10-20 07:22:01,870] Trial 1236 finished with value: 0.5017857503789978 and parameters: {'w0': 0.157, 'w1': 0.974, 'w2': 0.169, 'w3': 0.503, 'w4': 0.878, 'w5': 0.963, 'w6': 0.39, 'w7': 0.184, 'w8': 0.663, 'max_depth': 9, 'min_child_weight': 8, 'subsample': 0.7, 'colsample_bytree': 0.6000000000000001, 'gamma': 0.2}. Best is trial 556 with value: 0.5099189407344089.
[I 2023-10-20 07:23:01,873] Trial 1241 finished with value: 0.4963727426764489 and parameters: {'w0': 0.157, 'w1': 0.782, 'w2': 0.167, 'w3': 0.503, 'w4': 0.914, 'w5': 0.999, 'w6': 0.392, 'w7': 0.129, 'w8': 0.669, 'max_depth': 9, 'min_child_weight': 16, 'subsample': 0.7, 'colsample_bytree': 0.6000000000000001, 'gamma': 1.8}. Best is trial 556 with value: 0.5099189407344089.
[I 2023-10-20 07:24:46,862] Trial 1246 finished with value: 0.49292537396149094 and parameters: {'w0': 0.155, 'w1': 0.912, 'w2': 0.196, 'w3': 0.449, 'w4': 0.915, 'w5': 0.985, 'w6': 0.354, 'w7': 0.126, 'w8': 0.5750000000000001, 'max_depth': 9, 'min_child_weight': 8, 'subsample': 0.8, 'colsample_bytree': 0.6000000000000001, 'gamma': 1.8}. Best is trial 556 with value: 0.5099189407344089.
[I 2023-10-20 07:25:14,507] Trial 1250 finished with value: 0.4788449656283135 and parameters: {'w0': 0.13, 'w1': 0.907, 'w2': 0.157, 'w3': 0.437, 'w4': 0.906, 'w5': 1.0, 'w6': 0.34900000000000003, 'w7': 0.124, 'w8': 0.666, 'max_depth': 9, 'min_child_weight': 16, 'subsample': 0.8, 'colsample_bytree': 0.6000000000000001, 'gamma': 4.0}. Best is trial 556 with value: 0.5099189407344089.
[I 2023-10-20 07:25:54,661] Trial 1237 finished with value: 0.5016691496918028 and parameters: {'w0': 0.157, 'w1': 0.9600000000000001, 'w2': 0.169, 'w3': 0.507, 'w4': 0.913, 'w5': 0.999, 'w6': 0.393, 'w7': 0.17200000000000001, 'w8': 0.658, 'max_depth': 9, 'min_child_weight': 16, 'subsample': 0.7, 'colsample_bytree': 0.6000000000000001, 'gamma': 0.2}. Best is trial 556 with value: 0.5099189407344089.
[I 2023-10-20 07:28:49,469] Trial 1239 finished with value: 0.49267418389698464 and parameters: {'w0': 0.152, 'w1': 0.912, 'w2': 0.161, 'w3': 0.506, 'w4': 0.438, 'w5': 1.0, 'w6': 0.388, 'w7': 0.177, 'w8': 0.579, 'max_depth': 9, 'min_child_weight': 16, 'subsample': 0.7, 'colsample_bytree': 0.6000000000000001, 'gamma': 0.2}. Best is trial 556 with value: 0.5099189407344089.
[I 2023-10-20 07:29:16,852] Trial 1238 finished with value: 0.506433473560287 and parameters: {'w0': 0.16, 'w1': 0.985, 'w2': 0.16, 'w3': 0.504, 'w4': 0.915, 'w5': 1.0, 'w6': 0.389, 'w7': 0.127, 'w8': 0.674, 'max_depth': 9, 'min_child_weight': 16, 'subsample': 0.8, 'colsample_bytree': 0.6000000000000001, 'gamma': 0.2}. Best is trial 556 with value: 0.5099189407344089.
[I 2023-10-20 07:29:59,414] Trial 1240 finished with value: 0.49866991127059257 and parameters: {'w0': 0.156, 'w1': 0.713, 'w2': 0.201, 'w3': 0.14400000000000002, 'w4': 0.921, 'w5': 0.999, 'w6': 0.395, 'w7': 0.171, 'w8': 0.587, 'max_depth': 9, 'min_child_weight': 16, 'subsample': 0.8, 'colsample_bytree': 0.6000000000000001, 'gamma': 0.2}. Best is trial 556 with value: 0.5099189407344089.
[I 2023-10-20 07:30:46,197] Trial 1242 finished with value: 0.5028684637222488 and parameters: {'w0': 0.162, 'w1': 0.908, 'w2': 0.166, 'w3': 0.964, 'w4': 0.914, 'w5': 1.0, 'w6': 0.34800000000000003, 'w7': 0.122, 'w8': 0.754, 'max_depth': 9, 'min_child_weight': 16, 'subsample': 0.7, 'colsample_bytree': 0.6000000000000001, 'gamma': 0.2}. Best is trial 556 with value: 0.5099189407344089.
[I 2023-10-20 07:31:08,982] Trial 1243 finished with value: 0.5028352049418269 and parameters: {'w0': 0.153, 'w1': 0.788, 'w2': 0.168, 'w3': 0.76, 'w4': 0.915, 'w5': 0.982, 'w6': 0.393, 'w7': 0.128, 'w8': 0.652, 'max_depth': 9, 'min_child_weight': 16, 'subsample': 0.7, 'colsample_bytree': 0.6000000000000001, 'gamma': 0.0}. Best is trial 556 with value: 0.5099189407344089.
[I 2023-10-20 07:31:33,756] Trial 1244 finished with value: 0.4813671033554864 and parameters: {'w0': 0.155, 'w1': 0.764, 'w2': 0.171, 'w3': 0.499, 'w4': 0.914, 'w5': 0.986, 'w6': 0.353, 'w7': 0.297, 'w8': 0.578, 'max_depth': 9, 'min_child_weight': 16, 'subsample': 0.7, 'colsample_bytree': 0.6000000000000001, 'gamma': 0.0}. Best is trial 556 with value: 0.5099189407344089.
[I 2023-10-20 07:32:01,922] Trial 1245 finished with value: 0.5027297812377589 and parameters: {'w0': 0.14400000000000002, 'w1': 0.908, 'w2': 0.201, 'w3': 0.449, 'w4': 0.914, 'w5': 0.984, 'w6': 0.387, 'w7': 0.125, 'w8': 0.673, 'max_depth': 9, 'min_child_weight': 16, 'subsample': 0.7, 'colsample_bytree': 0.6000000000000001, 'gamma': 0.0}. Best is trial 556 with value: 0.5099189407344089.
[I 2023-10-20 07:33:32,518] Trial 1248 finished with value: 0.5042514353806252 and parameters: {'w0': 0.129, 'w1': 0.911, 'w2': 0.17200000000000001, 'w3': 0.447, 'w4': 0.914, 'w5': 0.999, 'w6': 0.353, 'w7': 0.127, 'w8': 0.668, 'max_depth': 9, 'min_child_weight': 16, 'subsample': 0.8, 'colsample_bytree': 0.6000000000000001, 'gamma': 0.0}. Best is trial 556 with value: 0.5099189407344089.
[I 2023-10-20 07:33:37,157] Trial 1247 finished with value: 0.504015009821781 and parameters: {'w0': 0.192, 'w1': 0.786, 'w2': 0.168, 'w3': 0.45, 'w4': 0.915, 'w5': 0.981, 'w6': 0.385, 'w7': 0.131, 'w8': 0.655, 'max_depth': 9, 'min_child_weight': 16, 'subsample': 0.8, 'colsample_bytree': 0.6000000000000001, 'gamma': 0.0}. Best is trial 556 with value: 0.5099189407344089.
[I 2023-10-20 07:33:53,446] Trial 1249 finished with value: 0.4994922287220099 and parameters: {'w0': 0.19, 'w1': 0.78, 'w2': 0.198, 'w3': 0.454, 'w4': 0.916, 'w5': 0.982, 'w6': 0.388, 'w7': 0.128, 'w8': 0.658, 'max_depth': 9, 'min_child_weight': 16, 'subsample': 0.8, 'colsample_bytree': 0.6000000000000001, 'gamma': 0.0}. Best is trial 556 with value: 0.5099189407344089.
[I 2023-10-20 07:35:13,524] Trial 1251 finished with value: 0.5034623448148191 and parameters: {'w0': 0.131, 'w1': 0.911, 'w2': 0.169, 'w3': 0.448, 'w4': 0.918, 'w5': 1.0, 'w6': 0.35200000000000004, 'w7': 0.128, 'w8': 0.671, 'max_depth': 9, 'min_child_weight': 16, 'subsample': 0.8, 'colsample_bytree': 0.6000000000000001, 'gamma': 0.0}. Best is trial 556 with value: 0.5099189407344089.
[I 2023-10-20 07:37:32,794] Trial 1252 finished with value: 0.5000303224433202 and parameters: {'w0': 0.131, 'w1': 0.91, 'w2': 0.164, 'w3': 0.449, 'w4': 0.913, 'w5': 0.986, 'w6': 0.368, 'w7': 0.121, 'w8': 0.754, 'max_depth': 9, 'min_child_weight': 16, 'subsample': 0.8, 'colsample_bytree': 0.6000000000000001, 'gamma': 0.0}. Best is trial 556 with value: 0.5099189407344089.
[I 2023-10-20 07:39:39,395] Trial 1253 finished with value: 0.4562740131332281 and parameters: {'w0': 0.13, 'w1': 0.906, 'w2': 0.743, 'w3': 0.446, 'w4': 0.92, 'w5': 1.0, 'w6': 0.357, 'w7': 0.798, 'w8': 0.75, 'max_depth': 9, 'min_child_weight': 16, 'subsample': 0.8, 'colsample_bytree': 0.6000000000000001, 'gamma': 0.0}. Best is trial 556 with value: 0.5099189407344089.
[I 2023-10-20 07:40:12,371] Trial 1254 finished with value: 0.5017183520126491 and parameters: {'w0': 0.192, 'w1': 0.9570000000000001, 'w2': 0.10300000000000001, 'w3': 0.454, 'w4': 0.919, 'w5': 0.981, 'w6': 0.35200000000000004, 'w7': 0.125, 'w8': 0.752, 'max_depth': 9, 'min_child_weight': 16, 'subsample': 0.8, 'colsample_bytree': 0.6000000000000001, 'gamma': 0.0}. Best is trial 556 with value: 0.5099189407344089.
[I 2023-10-20 07:40:49,028] Trial 1256 finished with value: 0.491638837991468 and parameters: {'w0': 0.196, 'w1': 0.913, 'w2': 0.108, 'w3': 0.059000000000000004, 'w4': 0.915, 'w5': 0.982, 'w6': 0.35000000000000003, 'w7': 0.08, 'w8': 0.756, 'max_depth': 9, 'min_child_weight': 16, 'subsample': 0.8, 'colsample_bytree': 0.6000000000000001, 'gamma': 0.0}. Best is trial 556 with value: 0.5099189407344089.
[I 2023-10-20 07:40:49,175] Trial 1255 finished with value: 0.5025383497640102 and parameters: {'w0': 0.193, 'w1': 0.759, 'w2': 0.10400000000000001, 'w3': 0.45, 'w4': 0.919, 'w5': 1.0, 'w6': 0.35200000000000004, 'w7': 0.079, 'w8': 0.751, 'max_depth': 9, 'min_child_weight': 16, 'subsample': 0.8, 'colsample_bytree': 0.6000000000000001, 'gamma': 0.0}. Best is trial 556 with value: 0.5099189407344089.
[I 2023-10-20 07:44:26,420] Trial 1257 finished with value: 0.5018251066869246 and parameters: {'w0': 0.183, 'w1': 0.9460000000000001, 'w2': 0.106, 'w3': 0.457, 'w4': 0.915, 'w5': 0.984, 'w6': 0.388, 'w7': 0.128, 'w8': 0.755, 'max_depth': 9, 'min_child_weight': 16, 'subsample': 0.8, 'colsample_bytree': 0.6000000000000001, 'gamma': 0.0}. Best is trial 556 with value: 0.5099189407344089.
[I 2023-10-20 07:45:21,921] Trial 1258 finished with value: 0.47825400831527987 and parameters: {'w0': 0.194, 'w1': 0.91, 'w2': 0.109, 'w3': 0.453, 'w4': 0.919, 'w5': 0.585, 'w6': 0.355, 'w7': 0.28400000000000003, 'w8': 0.755, 'max_depth': 9, 'min_child_weight': 16, 'subsample': 0.8, 'colsample_bytree': 0.6000000000000001, 'gamma': 0.0}. Best is trial 556 with value: 0.5099189407344089.
[I 2023-10-20 07:45:25,015] Trial 1259 finished with value: 0.5046502474381301 and parameters: {'w0': 0.185, 'w1': 0.913, 'w2': 0.1, 'w3': 0.451, 'w4': 0.914, 'w5': 0.599, 'w6': 0.356, 'w7': 0.08700000000000001, 'w8': 0.753, 'max_depth': 9, 'min_child_weight': 16, 'subsample': 0.8, 'colsample_bytree': 0.6000000000000001, 'gamma': 0.0}. Best is trial 556 with value: 0.5099189407344089.
[I 2023-10-20 07:46:21,447] Trial 1261 finished with value: 0.5012847228377243 and parameters: {'w0': 0.194, 'w1': 0.9580000000000001, 'w2': 0.101, 'w3': 0.456, 'w4': 0.912, 'w5': 0.981, 'w6': 0.35100000000000003, 'w7': 0.077, 'w8': 0.45, 'max_depth': 9, 'min_child_weight': 16, 'subsample': 0.8, 'colsample_bytree': 0.6000000000000001, 'gamma': 0.0}. Best is trial 556 with value: 0.5099189407344089.
