[I 2023-10-18 14:02:32,367] Trial 443 finished with value: 0.5255885273732023 and parameters: {'w0': 0.159, 'w1': 0.838, 'w2': 0.084, 'w3': 0.211, 'w4': 0.713, 'w5': 0.8170000000000001, 'w6': 0.8300000000000001, 'w7': 0.115, 'w8': 0.968, 'max_depth': 10, 'min_child_weight': 16, 'subsample': 0.9000000000000001, 'colsample_bytree': 0.7, 'gamma': 0.6000000000000001}. Best is trial 434 with value: 0.5392152241798003.
[I 2023-10-18 14:02:36,920] Trial 445 finished with value: 0.5211365854281255 and parameters: {'w0': 0.154, 'w1': 0.771, 'w2': 0.093, 'w3': 0.117, 'w4': 0.712, 'w5': 0.8140000000000001, 'w6': 0.92, 'w7': 0.11900000000000001, 'w8': 0.972, 'max_depth': 10, 'min_child_weight': 16, 'subsample': 0.9000000000000001, 'colsample_bytree': 0.7, 'gamma': 0.8}. Best is trial 434 with value: 0.5392152241798003.
[I 2023-10-18 14:02:43,814] Trial 444 finished with value: 0.5282503257086835 and parameters: {'w0': 0.157, 'w1': 0.781, 'w2': 0.1, 'w3': 0.20400000000000001, 'w4': 0.714, 'w5': 0.77, 'w6': 0.914, 'w7': 0.11900000000000001, 'w8': 0.972, 'max_depth': 10, 'min_child_weight': 16, 'subsample': 0.9000000000000001, 'colsample_bytree': 0.7, 'gamma': 0.6000000000000001}. Best is trial 434 with value: 0.5392152241798003.
[I 2023-10-18 14:03:05,818] Trial 440 finished with value: 0.5262034901835657 and parameters: {'w0': 0.156, 'w1': 0.768, 'w2': 0.132, 'w3': 0.20800000000000002, 'w4': 0.716, 'w5': 0.8250000000000001, 'w6': 0.8260000000000001, 'w7': 0.048, 'w8': 0.976, 'max_depth': 10, 'min_child_weight': 16, 'subsample': 0.9000000000000001, 'colsample_bytree': 0.7, 'gamma': 0.2}. Best is trial 434 with value: 0.5392152241798003.
[I 2023-10-18 14:03:36,254] Trial 452 finished with value: 0.46195371531024704 and parameters: {'w0': 0.161, 'w1': 0.775, 'w2': 0.095, 'w3': 0.051000000000000004, 'w4': 0.627, 'w5': 0.8140000000000001, 'w6': 0.8280000000000001, 'w7': 0.059000000000000004, 'w8': 0.977, 'max_depth': 10, 'min_child_weight': 16, 'subsample': 0.9000000000000001, 'colsample_bytree': 0.7, 'gamma': 5.2}. Best is trial 434 with value: 0.5392152241798003.
[I 2023-10-18 14:07:52,549] Trial 448 finished with value: 0.5163242777757526 and parameters: {'w0': 0.154, 'w1': 0.772, 'w2': 0.11900000000000001, 'w3': 0.029, 'w4': 0.633, 'w5': 0.8170000000000001, 'w6': 0.8300000000000001, 'w7': 0.115, 'w8': 0.973, 'max_depth': 10, 'min_child_weight': 16, 'subsample': 0.9000000000000001, 'colsample_bytree': 0.7, 'gamma': 0.6000000000000001}. Best is trial 434 with value: 0.5392152241798003.
[I 2023-10-18 14:08:51,487] Trial 446 finished with value: 0.45926136694425157 and parameters: {'w0': 0.155, 'w1': 0.835, 'w2': 0.09, 'w3': 0.162, 'w4': 0.721, 'w5': 0.8150000000000001, 'w6': 0.917, 'w7': 0.966, 'w8': 0.97, 'max_depth': 10, 'min_child_weight': 16, 'subsample': 0.9000000000000001, 'colsample_bytree': 0.7, 'gamma': 0.6000000000000001}. Best is trial 434 with value: 0.5392152241798003.
[I 2023-10-18 14:09:40,486] Trial 447 finished with value: 0.523798333156114 and parameters: {'w0': 0.157, 'w1': 0.757, 'w2': 0.079, 'w3': 0.053000000000000005, 'w4': 0.63, 'w5': 0.8170000000000001, 'w6': 0.8180000000000001, 'w7': 0.059000000000000004, 'w8': 0.969, 'max_depth': 10, 'min_child_weight': 16, 'subsample': 0.9000000000000001, 'colsample_bytree': 0.7, 'gamma': 0.2}. Best is trial 434 with value: 0.5392152241798003.
[I 2023-10-18 14:13:31,185] Trial 449 finished with value: 0.5158987224467494 and parameters: {'w0': 0.163, 'w1': 0.782, 'w2': 0.09, 'w3': 0.032, 'w4': 0.651, 'w5': 0.8150000000000001, 'w6': 0.915, 'w7': 0.057, 'w8': 0.971, 'max_depth': 10, 'min_child_weight': 16, 'subsample': 0.9000000000000001, 'colsample_bytree': 0.7, 'gamma': 0.2}. Best is trial 434 with value: 0.5392152241798003.
[I 2023-10-18 14:14:04,095] Trial 463 finished with value: 0.4395787906961891 and parameters: {'w0': 0.137, 'w1': 0.838, 'w2': 0.045, 'w3': 0.241, 'w4': 0.658, 'w5': 0.766, 'w6': 0.8130000000000001, 'w7': 0.166, 'w8': 0.9490000000000001, 'max_depth': 10, 'min_child_weight': 16, 'subsample': 0.9000000000000001, 'colsample_bytree': 0.7, 'gamma': 6.800000000000001}. Best is trial 434 with value: 0.5392152241798003.
[I 2023-10-18 14:15:57,159] Trial 450 finished with value: 0.536667859060127 and parameters: {'w0': 0.154, 'w1': 0.768, 'w2': 0.111, 'w3': 0.20700000000000002, 'w4': 0.641, 'w5': 0.8150000000000001, 'w6': 0.298, 'w7': 0.12000000000000001, 'w8': 0.975, 'max_depth': 10, 'min_child_weight': 16, 'subsample': 0.9000000000000001, 'colsample_bytree': 0.7, 'gamma': 0.2}. Best is trial 434 with value: 0.5392152241798003.
[I 2023-10-18 14:16:24,903] Trial 451 finished with value: 0.5275132584823211 and parameters: {'w0': 0.156, 'w1': 0.765, 'w2': 0.075, 'w3': 0.202, 'w4': 0.645, 'w5': 0.8210000000000001, 'w6': 0.801, 'w7': 0.112, 'w8': 0.975, 'max_depth': 10, 'min_child_weight': 16, 'subsample': 0.9000000000000001, 'colsample_bytree': 0.7, 'gamma': 0.0}. Best is trial 434 with value: 0.5392152241798003.
[I 2023-10-18 14:17:02,746] Trial 453 finished with value: 0.5302342252551484 and parameters: {'w0': 0.155, 'w1': 0.76, 'w2': 0.091, 'w3': 0.116, 'w4': 0.615, 'w5': 0.8180000000000001, 'w6': 0.803, 'w7': 0.060000000000000005, 'w8': 0.975, 'max_depth': 10, 'min_child_weight': 16, 'subsample': 0.9000000000000001, 'colsample_bytree': 0.7, 'gamma': 0.2}. Best is trial 434 with value: 0.5392152241798003.
[I 2023-10-18 14:17:56,197] Trial 454 finished with value: 0.5355892308135632 and parameters: {'w0': 0.158, 'w1': 0.767, 'w2': 0.11800000000000001, 'w3': 0.115, 'w4': 0.646, 'w5': 0.768, 'w6': 0.791, 'w7': 0.117, 'w8': 0.969, 'max_depth': 10, 'min_child_weight': 16, 'subsample': 0.9000000000000001, 'colsample_bytree': 0.7, 'gamma': 0.2}. Best is trial 434 with value: 0.5392152241798003.
[I 2023-10-18 14:18:30,518] Trial 455 finished with value: 0.5294761816970289 and parameters: {'w0': 0.165, 'w1': 0.84, 'w2': 0.077, 'w3': 0.11900000000000001, 'w4': 0.621, 'w5': 0.767, 'w6': 0.8210000000000001, 'w7': 0.11, 'w8': 0.974, 'max_depth': 10, 'min_child_weight': 16, 'subsample': 0.9000000000000001, 'colsample_bytree': 0.7, 'gamma': 0.2}. Best is trial 434 with value: 0.5392152241798003.
[I 2023-10-18 14:21:07,220] Trial 456 finished with value: 0.5349525174806333 and parameters: {'w0': 0.156, 'w1': 0.843, 'w2': 0.08600000000000001, 'w3': 0.241, 'w4': 0.661, 'w5': 0.768, 'w6': 0.791, 'w7': 0.114, 'w8': 0.97, 'max_depth': 10, 'min_child_weight': 16, 'subsample': 0.9000000000000001, 'colsample_bytree': 0.7, 'gamma': 0.2}. Best is trial 434 with value: 0.5392152241798003.
[I 2023-10-18 14:21:14,634] Trial 457 finished with value: 0.5347573916782862 and parameters: {'w0': 0.164, 'w1': 0.838, 'w2': 0.094, 'w3': 0.243, 'w4': 0.666, 'w5': 0.927, 'w6': 0.807, 'w7': 0.113, 'w8': 0.974, 'max_depth': 10, 'min_child_weight': 16, 'subsample': 0.9000000000000001, 'colsample_bytree': 0.7, 'gamma': 0.2}. Best is trial 434 with value: 0.5392152241798003.
[I 2023-10-18 14:21:22,925] Trial 461 finished with value: 0.5372468257070042 and parameters: {'w0': 0.135, 'w1': 0.839, 'w2': 0.07200000000000001, 'w3': 0.111, 'w4': 0.622, 'w5': 0.761, 'w6': 0.8140000000000001, 'w7': 0.07300000000000001, 'w8': 0.9590000000000001, 'max_depth': 10, 'min_child_weight': 16, 'subsample': 0.9000000000000001, 'colsample_bytree': 0.7, 'gamma': 0.2}. Best is trial 434 with value: 0.5392152241798003.
[I 2023-10-18 14:21:40,009] Trial 460 finished with value: 0.5151891677364964 and parameters: {'w0': 0.136, 'w1': 0.838, 'w2': 0.113, 'w3': 0.036000000000000004, 'w4': 0.628, 'w5': 0.932, 'w6': 0.802, 'w7': 0.163, 'w8': 0.9490000000000001, 'max_depth': 10, 'min_child_weight': 16, 'subsample': 0.9000000000000001, 'colsample_bytree': 0.7, 'gamma': 0.2}. Best is trial 434 with value: 0.5392152241798003.
[I 2023-10-18 14:21:40,747] Trial 458 finished with value: 0.5315502507169211 and parameters: {'w0': 0.16, 'w1': 0.844, 'w2': 0.099, 'w3': 0.065, 'w4': 0.637, 'w5': 0.768, 'w6': 0.8210000000000001, 'w7': 0.114, 'w8': 0.976, 'max_depth': 10, 'min_child_weight': 16, 'subsample': 0.9000000000000001, 'colsample_bytree': 0.7, 'gamma': 0.2}. Best is trial 434 with value: 0.5392152241798003.
[I 2023-10-18 14:21:58,672] Trial 459 finished with value: 0.5261376146300487 and parameters: {'w0': 0.138, 'w1': 0.835, 'w2': 0.111, 'w3': 0.12000000000000001, 'w4': 0.639, 'w5': 0.934, 'w6': 0.8160000000000001, 'w7': 0.162, 'w8': 0.9490000000000001, 'max_depth': 10, 'min_child_weight': 16, 'subsample': 0.9000000000000001, 'colsample_bytree': 0.7, 'gamma': 0.2}. Best is trial 434 with value: 0.5392152241798003.
[I 2023-10-18 14:22:45,200] Trial 462 finished with value: 0.5378632321294673 and parameters: {'w0': 0.135, 'w1': 0.8330000000000001, 'w2': 0.106, 'w3': 0.242, 'w4': 0.619, 'w5': 0.77, 'w6': 0.8250000000000001, 'w7': 0.109, 'w8': 0.9500000000000001, 'max_depth': 10, 'min_child_weight': 16, 'subsample': 0.9000000000000001, 'colsample_bytree': 0.7, 'gamma': 0.2}. Best is trial 434 with value: 0.5392152241798003.
[I 2023-10-18 14:28:16,476] Trial 464 finished with value: 0.514255738856238 and parameters: {'w0': 0.134, 'w1': 0.852, 'w2': 0.074, 'w3': 0.114, 'w4': 0.641, 'w5': 0.927, 'w6': 0.8, 'w7': 0.164, 'w8': 0.9560000000000001, 'max_depth': 10, 'min_child_weight': 16, 'subsample': 0.9000000000000001, 'colsample_bytree': 0.7, 'gamma': 0.2}. Best is trial 434 with value: 0.5392152241798003.
[I 2023-10-18 14:29:20,735] Trial 465 finished with value: 0.5242487236874119 and parameters: {'w0': 0.132, 'w1': 0.84, 'w2': 0.108, 'w3': 0.121, 'w4': 0.644, 'w5': 0.765, 'w6': 0.802, 'w7': 0.162, 'w8': 0.9460000000000001, 'max_depth': 10, 'min_child_weight': 16, 'subsample': 0.9000000000000001, 'colsample_bytree': 0.7, 'gamma': 0.2}. Best is trial 434 with value: 0.5392152241798003.
[I 2023-10-18 14:29:31,022] Trial 469 finished with value: 0.5203109229541346 and parameters: {'w0': 0.13, 'w1': 0.801, 'w2': 0.108, 'w3': 0.117, 'w4': 0.617, 'w5': 0.769, 'w6': 0.872, 'w7': 0.16, 'w8': 0.9510000000000001, 'max_depth': 10, 'min_child_weight': 16, 'subsample': 1.0, 'colsample_bytree': 0.7, 'gamma': 0.2}. Best is trial 434 with value: 0.5392152241798003.
[I 2023-10-18 14:29:57,527] Trial 471 finished with value: 0.49316430102120146 and parameters: {'w0': 0.178, 'w1': 0.797, 'w2': 0.107, 'w3': 0.109, 'w4': 0.148, 'w5': 0.77, 'w6': 0.41200000000000003, 'w7': 0.163, 'w8': 0.9480000000000001, 'max_depth': 10, 'min_child_weight': 16, 'subsample': 1.0, 'colsample_bytree': 0.7, 'gamma': 0.2}. Best is trial 434 with value: 0.5392152241798003.
[I 2023-10-18 14:31:07,015] Trial 472 finished with value: 0.518546659014012 and parameters: {'w0': 0.097, 'w1': 0.798, 'w2': 0.112, 'w3': 0.133, 'w4': 0.635, 'w5': 0.771, 'w6': 0.298, 'w7': 0.161, 'w8': 0.9490000000000001, 'max_depth': 10, 'min_child_weight': 16, 'subsample': 1.0, 'colsample_bytree': 0.7, 'gamma': 0.2}. Best is trial 434 with value: 0.5392152241798003.
[I 2023-10-18 14:32:55,014] Trial 467 finished with value: 0.5077097741409603 and parameters: {'w0': 0.132, 'w1': 0.859, 'w2': 0.14100000000000001, 'w3': 0.124, 'w4': 0.106, 'w5': 0.768, 'w6': 0.793, 'w7': 0.159, 'w8': 0.9500000000000001, 'max_depth': 10, 'min_child_weight': 16, 'subsample': 0.9000000000000001, 'colsample_bytree': 0.7, 'gamma': 0.0}. Best is trial 434 with value: 0.5392152241798003.
[I 2023-10-18 14:33:21,652] Trial 466 finished with value: 0.5288007000472411 and parameters: {'w0': 0.139, 'w1': 0.837, 'w2': 0.12000000000000001, 'w3': 0.241, 'w4': 0.654, 'w5': 0.768, 'w6': 0.869, 'w7': 0.164, 'w8': 0.9460000000000001, 'max_depth': 10, 'min_child_weight': 16, 'subsample': 0.9000000000000001, 'colsample_bytree': 0.7, 'gamma': 0.0}. Best is trial 434 with value: 0.5392152241798003.
[I 2023-10-18 14:33:35,461] Trial 474 finished with value: 0.49596523860220376 and parameters: {'w0': 0.128, 'w1': 0.863, 'w2': 0.031, 'w3': 0.10300000000000001, 'w4': 0.598, 'w5': 0.769, 'w6': 0.786, 'w7': 0.077, 'w8': 0.89, 'max_depth': 10, 'min_child_weight': 16, 'subsample': 1.0, 'colsample_bytree': 0.7, 'gamma': 0.2}. Best is trial 434 with value: 0.5392152241798003.
[I 2023-10-18 14:34:29,930] Trial 468 finished with value: 0.5334467735772176 and parameters: {'w0': 0.1, 'w1': 0.8, 'w2': 0.14500000000000002, 'w3': 0.244, 'w4': 0.621, 'w5': 0.768, 'w6': 0.28500000000000003, 'w7': 0.156, 'w8': 0.9470000000000001, 'max_depth': 10, 'min_child_weight': 16, 'subsample': 0.9000000000000001, 'colsample_bytree': 0.7, 'gamma': 0.2}. Best is trial 434 with value: 0.5392152241798003.
[I 2023-10-18 14:35:32,395] Trial 470 finished with value: 0.5304156567562613 and parameters: {'w0': 0.096, 'w1': 0.858, 'w2': 0.112, 'w3': 0.11900000000000001, 'w4': 0.769, 'w5': 0.768, 'w6': 0.386, 'w7': 0.159, 'w8': 0.888, 'max_depth': 10, 'min_child_weight': 16, 'subsample': 0.9000000000000001, 'colsample_bytree': 0.7, 'gamma': 0.2}. Best is trial 434 with value: 0.5392152241798003.
[I 2023-10-18 14:39:17,302] Trial 475 finished with value: 0.5342355869575497 and parameters: {'w0': 0.129, 'w1': 0.733, 'w2': 0.14400000000000002, 'w3': 0.12000000000000001, 'w4': 0.584, 'w5': 0.773, 'w6': 0.35000000000000003, 'w7': 0.075, 'w8': 0.9430000000000001, 'max_depth': 10, 'min_child_weight': 16, 'subsample': 1.0, 'colsample_bytree': 0.7, 'gamma': 0.0}. Best is trial 434 with value: 0.5392152241798003.
[I 2023-10-18 14:39:30,964] Trial 479 finished with value: 0.4441633371720982 and parameters: {'w0': 0.003, 'w1': 0.747, 'w2': 0.14200000000000002, 'w3': 0.9390000000000001, 'w4': 0.628, 'w5': 0.777, 'w6': 0.293, 'w7': 0.084, 'w8': 0.891, 'max_depth': 10, 'min_child_weight': 16, 'subsample': 0.9000000000000001, 'colsample_bytree': 0.7, 'gamma': 0.0}. Best is trial 434 with value: 0.5392152241798003.
[I 2023-10-18 14:39:46,727] Trial 477 finished with value: 0.5125505459652087 and parameters: {'w0': 0.098, 'w1': 0.733, 'w2': 0.034, 'w3': 0.929, 'w4': 0.585, 'w5': 0.774, 'w6': 0.28200000000000003, 'w7': 0.081, 'w8': 0.893, 'max_depth': 10, 'min_child_weight': 16, 'subsample': 1.0, 'colsample_bytree': 0.7, 'gamma': 0.0}. Best is trial 434 with value: 0.5392152241798003.
[I 2023-10-18 14:40:14,325] Trial 473 finished with value: 0.5322878273368779 and parameters: {'w0': 0.132, 'w1': 0.735, 'w2': 0.113, 'w3': 0.24000000000000002, 'w4': 0.637, 'w5': 0.77, 'w6': 0.775, 'w7': 0.162, 'w8': 0.9500000000000001, 'max_depth': 10, 'min_child_weight': 16, 'subsample': 0.9000000000000001, 'colsample_bytree': 0.7, 'gamma': 0.2}. Best is trial 434 with value: 0.5392152241798003.
[I 2023-10-18 14:40:25,093] Trial 478 finished with value: 0.5294180626028243 and parameters: {'w0': 0.1, 'w1': 0.743, 'w2': 0.14400000000000002, 'w3': 0.091, 'w4': 0.59, 'w5': 0.767, 'w6': 0.772, 'w7': 0.07200000000000001, 'w8': 0.897, 'max_depth': 10, 'min_child_weight': 16, 'subsample': 0.9000000000000001, 'colsample_bytree': 0.7, 'gamma': 0.0}. Best is trial 434 with value: 0.5392152241798003.
[I 2023-10-18 14:41:38,255] Trial 476 finished with value: 0.4736259669908798 and parameters: {'w0': 0.098, 'w1': 0.793, 'w2': 0.122, 'w3': 0.919, 'w4': 0.603, 'w5': 0.768, 'w6': 0.8290000000000001, 'w7': 0.627, 'w8': 0.887, 'max_depth': 10, 'min_child_weight': 16, 'subsample': 1.0, 'colsample_bytree': 0.7, 'gamma': 0.0}. Best is trial 434 with value: 0.5392152241798003.
[I 2023-10-18 14:45:41,569] Trial 492 finished with value: 0.3719883106257871 and parameters: {'w0': 0.186, 'w1': 0.799, 'w2': 0.063, 'w3': 0.066, 'w4': 0.603, 'w5': 0.849, 'w6': 0.009000000000000001, 'w7': 0.10400000000000001, 'w8': 0.916, 'max_depth': 10, 'min_child_weight': 18, 'subsample': 0.9000000000000001, 'colsample_bytree': 0.5, 'gamma': 9.200000000000001}. Best is trial 434 with value: 0.5392152241798003.
[I 2023-10-18 14:46:51,326] Trial 480 finished with value: 0.5346266043282731 and parameters: {'w0': 0.092, 'w1': 0.866, 'w2': 0.11800000000000001, 'w3': 0.10400000000000001, 'w4': 0.586, 'w5': 0.769, 'w6': 0.782, 'w7': 0.078, 'w8': 0.883, 'max_depth': 10, 'min_child_weight': 16, 'subsample': 1.0, 'colsample_bytree': 0.7, 'gamma': 0.0}. Best is trial 434 with value: 0.5392152241798003.
[I 2023-10-18 14:47:11,683] Trial 482 finished with value: 0.5304343988007619 and parameters: {'w0': 0.1, 'w1': 0.863, 'w2': 0.14100000000000001, 'w3': 0.23900000000000002, 'w4': 0.589, 'w5': 0.781, 'w6': 0.278, 'w7': 0.07100000000000001, 'w8': 0.887, 'max_depth': 10, 'min_child_weight': 16, 'subsample': 1.0, 'colsample_bytree': 0.5, 'gamma': 0.0}. Best is trial 434 with value: 0.5392152241798003.
[I 2023-10-18 14:47:22,039] Trial 481 finished with value: 0.4148425981466166 and parameters: {'w0': 0.001, 'w1': 0.794, 'w2': 0.876, 'w3': 0.07, 'w4': 0.622, 'w5': 0.775, 'w6': 0.837, 'w7': 0.078, 'w8': 0.891, 'max_depth': 10, 'min_child_weight': 16, 'subsample': 1.0, 'colsample_bytree': 0.7, 'gamma': 0.0}. Best is trial 434 with value: 0.5392152241798003.
[I 2023-10-18 14:48:21,786] Trial 484 finished with value: 0.5284164114487688 and parameters: {'w0': 0.10200000000000001, 'w1': 0.794, 'w2': 0.137, 'w3': 0.092, 'w4': 0.5750000000000001, 'w5': 0.781, 'w6': 0.19, 'w7': 0.07300000000000001, 'w8': 0.886, 'max_depth': 10, 'min_child_weight': 16, 'subsample': 0.9000000000000001, 'colsample_bytree': 0.5, 'gamma': 0.0}. Best is trial 434 with value: 0.5392152241798003.
[I 2023-10-18 14:48:27,946] Trial 483 finished with value: 0.5343834613605117 and parameters: {'w0': 0.095, 'w1': 0.749, 'w2': 0.133, 'w3': 0.08800000000000001, 'w4': 0.678, 'w5': 0.786, 'w6': 0.8330000000000001, 'w7': 0.08600000000000001, 'w8': 0.898, 'max_depth': 10, 'min_child_weight': 16, 'subsample': 0.9000000000000001, 'colsample_bytree': 0.7, 'gamma': 0.0}. Best is trial 434 with value: 0.5392152241798003.
[I 2023-10-18 14:51:21,078] Trial 486 finished with value: 0.5098664352078278 and parameters: {'w0': 0.096, 'w1': 0.741, 'w2': 0.037000000000000005, 'w3': 0.074, 'w4': 0.5730000000000001, 'w5': 0.786, 'w6': 0.781, 'w7': 0.069, 'w8': 0.895, 'max_depth': 10, 'min_child_weight': 18, 'subsample': 0.9000000000000001, 'colsample_bytree': 0.7, 'gamma': 0.0}. Best is trial 434 with value: 0.5392152241798003.
[I 2023-10-18 14:51:50,256] Trial 485 finished with value: 0.5282909006648795 and parameters: {'w0': 0.10400000000000001, 'w1': 0.747, 'w2': 0.149, 'w3': 0.083, 'w4': 0.597, 'w5': 0.785, 'w6': 0.769, 'w7': 0.074, 'w8': 0.895, 'max_depth': 10, 'min_child_weight': 16, 'subsample': 0.9000000000000001, 'colsample_bytree': 0.7, 'gamma': 0.0}. Best is trial 434 with value: 0.5392152241798003.
[I 2023-10-18 14:52:47,417] Trial 488 finished with value: 0.5192924276983087 and parameters: {'w0': 0.099, 'w1': 0.793, 'w2': 0.051000000000000004, 'w3': 0.926, 'w4': 0.776, 'w5': 0.787, 'w6': 0.851, 'w7': 0.082, 'w8': 0.891, 'max_depth': 10, 'min_child_weight': 18, 'subsample': 0.9000000000000001, 'colsample_bytree': 0.5, 'gamma': 0.0}. Best is trial 434 with value: 0.5392152241798003.
[I 2023-10-18 14:53:15,792] Trial 487 finished with value: 0.47813091126959834 and parameters: {'w0': 0.107, 'w1': 0.801, 'w2': 0.148, 'w3': 0.08600000000000001, 'w4': 0.601, 'w5': 0.791, 'w6': 0.775, 'w7': 0.596, 'w8': 0.884, 'max_depth': 10, 'min_child_weight': 18, 'subsample': 0.9000000000000001, 'colsample_bytree': 0.7, 'gamma': 0.0}. Best is trial 434 with value: 0.5392152241798003.
[I 2023-10-18 14:54:32,530] Trial 493 finished with value: 0.5044853723672084 and parameters: {'w0': 0.182, 'w1': 0.866, 'w2': 0.053000000000000005, 'w3': 0.149, 'w4': 0.68, 'w5': 0.853, 'w6': 0.129, 'w7': 0.101, 'w8': 0.921, 'max_depth': 10, 'min_child_weight': 18, 'subsample': 0.9000000000000001, 'colsample_bytree': 0.7, 'gamma': 0.4}. Best is trial 434 with value: 0.5392152241798003.
[I 2023-10-18 14:54:43,151] Trial 489 finished with value: 0.487515180980886 and parameters: {'w0': 0.183, 'w1': 0.798, 'w2': 0.882, 'w3': 0.069, 'w4': 0.582, 'w5': 0.854, 'w6': 0.214, 'w7': 0.07200000000000001, 'w8': 0.912, 'max_depth': 10, 'min_child_weight': 16, 'subsample': 0.9000000000000001, 'colsample_bytree': 0.7, 'gamma': 0.0}. Best is trial 434 with value: 0.5392152241798003.
[I 2023-10-18 14:55:56,085] Trial 491 finished with value: 0.5202136293701823 and parameters: {'w0': 0.187, 'w1': 0.868, 'w2': 0.14300000000000002, 'w3': 0.07300000000000001, 'w4': 0.679, 'w5': 0.851, 'w6': 0.778, 'w7': 0.074, 'w8': 0.917, 'max_depth': 10, 'min_child_weight': 18, 'subsample': 0.9000000000000001, 'colsample_bytree': 0.7, 'gamma': 0.4}. Best is trial 434 with value: 0.5392152241798003.
[I 2023-10-18 14:56:31,641] Trial 494 finished with value: 0.5336481909389219 and parameters: {'w0': 0.186, 'w1': 0.788, 'w2': 0.132, 'w3': 0.166, 'w4': 0.606, 'w5': 0.851, 'w6': 0.743, 'w7': 0.098, 'w8': 0.916, 'max_depth': 10, 'min_child_weight': 18, 'subsample': 0.9000000000000001, 'colsample_bytree': 0.7, 'gamma': 0.4}. Best is trial 434 with value: 0.5392152241798003.
[I 2023-10-18 14:57:53,218] Trial 490 finished with value: 0.5255093261723529 and parameters: {'w0': 0.184, 'w1': 0.742, 'w2': 0.14500000000000002, 'w3': 0.07, 'w4': 0.672, 'w5': 0.846, 'w6': 0.775, 'w7': 0.081, 'w8': 0.909, 'max_depth': 10, 'min_child_weight': 18, 'subsample': 0.9000000000000001, 'colsample_bytree': 0.7, 'gamma': 0.0}. Best is trial 434 with value: 0.5392152241798003.
[I 2023-10-18 14:58:35,661] Trial 495 finished with value: 0.49664355323442716 and parameters: {'w0': 0.187, 'w1': 0.869, 'w2': 0.875, 'w3': 0.161, 'w4': 0.5650000000000001, 'w5': 0.85, 'w6': 0.202, 'w7': 0.1, 'w8': 0.917, 'max_depth': 10, 'min_child_weight': 18, 'subsample': 0.9000000000000001, 'colsample_bytree': 0.5, 'gamma': 0.4}. Best is trial 434 with value: 0.5392152241798003.
[I 2023-10-18 15:00:52,721] Trial 506 finished with value: 0.499603828096322 and parameters: {'w0': 0.182, 'w1': 0.8220000000000001, 'w2': 0.157, 'w3': 0.27, 'w4': 0.76, 'w5': 0.841, 'w6': 0.244, 'w7': 0.129, 'w8': 0.921, 'max_depth': 10, 'min_child_weight': 16, 'subsample': 0.9000000000000001, 'colsample_bytree': 0.6000000000000001, 'gamma': 4.4}. Best is trial 434 with value: 0.5392152241798003.
