[I 2023-10-18 19:12:01,067] Trial 766 finished with value: 0.5172211973568465 and parameters: {'w0': 0.16, 'w1': 0.782, 'w2': 0.124, 'w3': 0.20900000000000002, 'w4': 0.788, 'w5': 0.784, 'w6': 0.391, 'w7': 0.053000000000000005, 'w8': 0.9490000000000001, 'max_depth': 10, 'min_child_weight': 20, 'subsample': 0.9000000000000001, 'colsample_bytree': 0.7, 'gamma': 0.4}. Best is trial 690 with value: 0.5422266565969859.
[I 2023-10-18 19:12:11,583] Trial 764 finished with value: 0.535757704521623 and parameters: {'w0': 0.161, 'w1': 0.8270000000000001, 'w2': 0.123, 'w3': 0.21, 'w4': 0.6900000000000001, 'w5': 0.8240000000000001, 'w6': 0.293, 'w7': 0.13, 'w8': 0.9520000000000001, 'max_depth': 10, 'min_child_weight': 20, 'subsample': 0.9000000000000001, 'colsample_bytree': 0.7, 'gamma': 0.4}. Best is trial 690 with value: 0.5422266565969859.
[I 2023-10-18 19:12:31,284] Trial 763 finished with value: 0.5371044903174345 and parameters: {'w0': 0.16, 'w1': 0.785, 'w2': 0.124, 'w3': 0.21, 'w4': 0.792, 'w5': 0.8180000000000001, 'w6': 0.448, 'w7': 0.128, 'w8': 1.0, 'max_depth': 10, 'min_child_weight': 16, 'subsample': 0.9000000000000001, 'colsample_bytree': 0.7, 'gamma': 0.4}. Best is trial 690 with value: 0.5422266565969859.
[I 2023-10-18 19:12:43,288] Trial 767 finished with value: 0.5355946678927997 and parameters: {'w0': 0.159, 'w1': 0.79, 'w2': 0.124, 'w3': 0.214, 'w4': 0.784, 'w5': 0.8170000000000001, 'w6': 0.301, 'w7': 0.126, 'w8': 0.9500000000000001, 'max_depth': 10, 'min_child_weight': 20, 'subsample': 0.9000000000000001, 'colsample_bytree': 0.7, 'gamma': 0.4}. Best is trial 690 with value: 0.5422266565969859.
[I 2023-10-18 19:12:50,601] Trial 765 finished with value: 0.5379204267155195 and parameters: {'w0': 0.162, 'w1': 0.8310000000000001, 'w2': 0.126, 'w3': 0.256, 'w4': 0.786, 'w5': 0.8180000000000001, 'w6': 0.47100000000000003, 'w7': 0.128, 'w8': 0.9500000000000001, 'max_depth': 10, 'min_child_weight': 20, 'subsample': 0.9000000000000001, 'colsample_bytree': 0.7, 'gamma': 0.4}. Best is trial 690 with value: 0.5422266565969859.
[I 2023-10-18 19:15:35,314] Trial 770 finished with value: 0.532933886715589 and parameters: {'w0': 0.159, 'w1': 0.79, 'w2': 0.147, 'w3': 0.6970000000000001, 'w4': 0.647, 'w5': 0.8170000000000001, 'w6': 0.388, 'w7': 0.131, 'w8': 0.9550000000000001, 'max_depth': 10, 'min_child_weight': 16, 'subsample': 0.9000000000000001, 'colsample_bytree': 0.7, 'gamma': 0.4}. Best is trial 690 with value: 0.5422266565969859.
[I 2023-10-18 19:15:40,520] Trial 771 finished with value: 0.5377303408421173 and parameters: {'w0': 0.155, 'w1': 0.937, 'w2': 0.147, 'w3': 0.217, 'w4': 0.79, 'w5': 0.8170000000000001, 'w6': 0.388, 'w7': 0.131, 'w8': 0.9530000000000001, 'max_depth': 10, 'min_child_weight': 16, 'subsample': 0.9000000000000001, 'colsample_bytree': 0.7, 'gamma': 0.4}. Best is trial 690 with value: 0.5422266565969859.
[I 2023-10-18 19:17:46,720] Trial 781 finished with value: 0.48762467098698575 and parameters: {'w0': 0.12000000000000001, 'w1': 0.619, 'w2': 0.149, 'w3': 0.23800000000000002, 'w4': 0.791, 'w5': 0.812, 'w6': 0.31, 'w7': 0.08800000000000001, 'w8': 0.9520000000000001, 'max_depth': 10, 'min_child_weight': 16, 'subsample': 0.9000000000000001, 'colsample_bytree': 0.7, 'gamma': 4.4}. Best is trial 690 with value: 0.5422266565969859.
[I 2023-10-18 19:18:45,460] Trial 783 finished with value: 0.48622563134589597 and parameters: {'w0': 0.227, 'w1': 0.875, 'w2': 0.149, 'w3': 0.245, 'w4': 0.765, 'w5': 0.809, 'w6': 0.302, 'w7': 0.089, 'w8': 0.997, 'max_depth': 10, 'min_child_weight': 16, 'subsample': 0.9000000000000001, 'colsample_bytree': 0.7, 'gamma': 4.4}. Best is trial 690 with value: 0.5422266565969859.
[I 2023-10-18 19:19:06,301] Trial 773 finished with value: 0.5362112691434083 and parameters: {'w0': 0.154, 'w1': 0.79, 'w2': 0.165, 'w3': 0.247, 'w4': 0.789, 'w5': 0.8130000000000001, 'w6': 0.47800000000000004, 'w7': 0.131, 'w8': 0.9510000000000001, 'max_depth': 10, 'min_child_weight': 12, 'subsample': 0.9000000000000001, 'colsample_bytree': 0.7, 'gamma': 0.4}. Best is trial 690 with value: 0.5422266565969859.
[I 2023-10-18 19:19:59,181] Trial 774 finished with value: 0.5360314267803106 and parameters: {'w0': 0.152, 'w1': 0.787, 'w2': 0.146, 'w3': 0.246, 'w4': 0.788, 'w5': 0.8180000000000001, 'w6': 0.47500000000000003, 'w7': 0.132, 'w8': 0.9540000000000001, 'max_depth': 10, 'min_child_weight': 12, 'subsample': 0.9000000000000001, 'colsample_bytree': 0.7, 'gamma': 0.4}. Best is trial 690 with value: 0.5422266565969859.
[I 2023-10-18 19:21:11,720] Trial 777 finished with value: 0.5327669244914995 and parameters: {'w0': 0.122, 'w1': 0.935, 'w2': 0.146, 'w3': 0.245, 'w4': 0.6890000000000001, 'w5': 0.8160000000000001, 'w6': 0.3, 'w7': 0.08700000000000001, 'w8': 0.9500000000000001, 'max_depth': 10, 'min_child_weight': 20, 'subsample': 0.9000000000000001, 'colsample_bytree': 0.7, 'gamma': 0.4}. Best is trial 690 with value: 0.5422266565969859.
[I 2023-10-18 19:21:20,564] Trial 775 finished with value: 0.5376515573878967 and parameters: {'w0': 0.154, 'w1': 0.8290000000000001, 'w2': 0.15, 'w3': 0.249, 'w4': 0.686, 'w5': 0.8180000000000001, 'w6': 0.671, 'w7': 0.132, 'w8': 0.9530000000000001, 'max_depth': 10, 'min_child_weight': 12, 'subsample': 0.9000000000000001, 'colsample_bytree': 0.7, 'gamma': 0.4}. Best is trial 690 with value: 0.5422266565969859.
[I 2023-10-18 19:22:46,434] Trial 776 finished with value: 0.5360231156687514 and parameters: {'w0': 0.228, 'w1': 0.464, 'w2': 0.156, 'w3': 0.20500000000000002, 'w4': 0.762, 'w5': 0.8160000000000001, 'w6': 0.68, 'w7': 0.131, 'w8': 0.9550000000000001, 'max_depth': 10, 'min_child_weight': 16, 'subsample': 0.9000000000000001, 'colsample_bytree': 0.7, 'gamma': 0.4}. Best is trial 690 with value: 0.5422266565969859.
[I 2023-10-18 19:29:49,664] Trial 779 finished with value: 0.5332767066939806 and parameters: {'w0': 0.231, 'w1': 0.935, 'w2': 0.169, 'w3': 0.25, 'w4': 0.686, 'w5': 0.998, 'w6': 0.536, 'w7': 0.09, 'w8': 0.9570000000000001, 'max_depth': 10, 'min_child_weight': 16, 'subsample': 0.9000000000000001, 'colsample_bytree': 0.7, 'gamma': 0.2}. Best is trial 690 with value: 0.5422266565969859.
[I 2023-10-18 19:30:04,096] Trial 778 finished with value: 0.4866614655661756 and parameters: {'w0': 0.228, 'w1': 0.934, 'w2': 0.168, 'w3': 0.244, 'w4': 0.788, 'w5': 0.8220000000000001, 'w6': 0.686, 'w7': 0.8260000000000001, 'w8': 0.9550000000000001, 'max_depth': 10, 'min_child_weight': 16, 'subsample': 0.9000000000000001, 'colsample_bytree': 0.7, 'gamma': 0.2}. Best is trial 690 with value: 0.5422266565969859.
[I 2023-10-18 19:30:37,049] Trial 780 finished with value: 0.5367863121611587 and parameters: {'w0': 0.123, 'w1': 0.8280000000000001, 'w2': 0.167, 'w3': 0.26, 'w4': 0.687, 'w5': 0.8200000000000001, 'w6': 0.316, 'w7': 0.132, 'w8': 0.9490000000000001, 'max_depth': 10, 'min_child_weight': 16, 'subsample': 0.9000000000000001, 'colsample_bytree': 0.7, 'gamma': 0.2}. Best is trial 690 with value: 0.5422266565969859.
[I 2023-10-18 19:30:49,735] Trial 786 finished with value: 0.5216804905120707 and parameters: {'w0': 0.114, 'w1': 0.191, 'w2': 0.15, 'w3': 0.25, 'w4': 0.773, 'w5': 0.856, 'w6': 0.54, 'w7': 0.094, 'w8': 0.9600000000000001, 'max_depth': 10, 'min_child_weight': 20, 'subsample': 0.9000000000000001, 'colsample_bytree': 0.7, 'gamma': 0.2}. Best is trial 690 with value: 0.5422266565969859.
[I 2023-10-18 19:32:11,244] Trial 785 finished with value: 0.5376457278578892 and parameters: {'w0': 0.125, 'w1': 0.875, 'w2': 0.152, 'w3': 0.255, 'w4': 0.645, 'w5': 0.8, 'w6': 0.492, 'w7': 0.085, 'w8': 0.9540000000000001, 'max_depth': 10, 'min_child_weight': 16, 'subsample': 0.9000000000000001, 'colsample_bytree': 0.7, 'gamma': 0.2}. Best is trial 690 with value: 0.5422266565969859.
[I 2023-10-18 19:32:12,685] Trial 784 finished with value: 0.53314511992696 and parameters: {'w0': 0.123, 'w1': 0.932, 'w2': 0.15, 'w3': 0.777, 'w4': 0.654, 'w5': 0.804, 'w6': 0.301, 'w7': 0.08800000000000001, 'w8': 0.9580000000000001, 'max_depth': 10, 'min_child_weight': 16, 'subsample': 0.9000000000000001, 'colsample_bytree': 0.7, 'gamma': 0.2}. Best is trial 690 with value: 0.5422266565969859.
[I 2023-10-18 19:33:13,085] Trial 782 finished with value: 0.49450185725281 and parameters: {'w0': 0.7000000000000001, 'w1': 0.462, 'w2': 0.904, 'w3': 0.252, 'w4': 0.763, 'w5': 0.81, 'w6': 0.485, 'w7': 0.089, 'w8': 0.9470000000000001, 'max_depth': 10, 'min_child_weight': 16, 'subsample': 0.9000000000000001, 'colsample_bytree': 0.7, 'gamma': 0.2}. Best is trial 690 with value: 0.5422266565969859.
[I 2023-10-18 19:34:24,841] Trial 787 finished with value: 0.5368600714573791 and parameters: {'w0': 0.122, 'w1': 0.8290000000000001, 'w2': 0.149, 'w3': 0.247, 'w4': 0.767, 'w5': 0.85, 'w6': 0.48000000000000004, 'w7': 0.082, 'w8': 0.9590000000000001, 'max_depth': 10, 'min_child_weight': 20, 'subsample': 0.9000000000000001, 'colsample_bytree': 0.7, 'gamma': 0.2}. Best is trial 690 with value: 0.5422266565969859.
[I 2023-10-18 19:34:38,051] Trial 788 finished with value: 0.5360523050670469 and parameters: {'w0': 0.121, 'w1': 0.327, 'w2': 0.146, 'w3': 0.244, 'w4': 0.77, 'w5': 0.799, 'w6': 0.517, 'w7': 0.08600000000000001, 'w8': 0.961, 'max_depth': 10, 'min_child_weight': 16, 'subsample': 0.9000000000000001, 'colsample_bytree': 0.7, 'gamma': 0.2}. Best is trial 690 with value: 0.5422266565969859.
[I 2023-10-18 19:36:55,333] Trial 789 finished with value: 0.5351969835529076 and parameters: {'w0': 0.12000000000000001, 'w1': 0.934, 'w2': 0.167, 'w3': 0.243, 'w4': 0.784, 'w5': 0.795, 'w6': 0.442, 'w7': 0.089, 'w8': 0.962, 'max_depth': 10, 'min_child_weight': 20, 'subsample': 0.9000000000000001, 'colsample_bytree': 0.7, 'gamma': 0.2}. Best is trial 690 with value: 0.5422266565969859.
[I 2023-10-18 19:38:02,165] Trial 791 finished with value: 0.5370471004029547 and parameters: {'w0': 0.11800000000000001, 'w1': 0.929, 'w2': 0.10300000000000001, 'w3': 0.23800000000000002, 'w4': 0.766, 'w5': 0.794, 'w6': 0.485, 'w7': 0.08800000000000001, 'w8': 1.0, 'max_depth': 10, 'min_child_weight': 20, 'subsample': 0.9000000000000001, 'colsample_bytree': 0.7, 'gamma': 0.2}. Best is trial 690 with value: 0.5422266565969859.
[I 2023-10-18 19:38:46,881] Trial 790 finished with value: 0.5396139983117119 and parameters: {'w0': 0.121, 'w1': 0.9410000000000001, 'w2': 0.111, 'w3': 0.251, 'w4': 0.765, 'w5': 0.798, 'w6': 0.531, 'w7': 0.091, 'w8': 0.962, 'max_depth': 10, 'min_child_weight': 14, 'subsample': 0.9000000000000001, 'colsample_bytree': 0.7, 'gamma': 0.2}. Best is trial 690 with value: 0.5422266565969859.
[I 2023-10-18 19:38:48,239] Trial 792 finished with value: 0.5383728152374787 and parameters: {'w0': 0.121, 'w1': 0.927, 'w2': 0.10400000000000001, 'w3': 0.226, 'w4': 0.758, 'w5': 0.796, 'w6': 0.531, 'w7': 0.08800000000000001, 'w8': 0.962, 'max_depth': 10, 'min_child_weight': 20, 'subsample': 0.9000000000000001, 'colsample_bytree': 0.7, 'gamma': 0.2}. Best is trial 690 with value: 0.5422266565969859.
[I 2023-10-18 19:39:20,331] Trial 793 finished with value: 0.5386225720932175 and parameters: {'w0': 0.122, 'w1': 0.454, 'w2': 0.11, 'w3': 0.26, 'w4': 0.765, 'w5': 0.794, 'w6': 0.495, 'w7': 0.089, 'w8': 0.967, 'max_depth': 10, 'min_child_weight': 20, 'subsample': 0.9000000000000001, 'colsample_bytree': 0.7, 'gamma': 0.2}. Best is trial 690 with value: 0.5422266565969859.
[I 2023-10-18 19:39:53,497] Trial 794 finished with value: 0.5364526162853351 and parameters: {'w0': 0.121, 'w1': 0.456, 'w2': 0.115, 'w3': 0.229, 'w4': 0.768, 'w5': 0.79, 'w6': 0.517, 'w7': 0.089, 'w8': 1.0, 'max_depth': 10, 'min_child_weight': 20, 'subsample': 0.9000000000000001, 'colsample_bytree': 0.7, 'gamma': 0.2}. Best is trial 690 with value: 0.5422266565969859.
[I 2023-10-18 19:41:17,810] Trial 795 finished with value: 0.5333267759981166 and parameters: {'w0': 0.125, 'w1': 0.932, 'w2': 0.107, 'w3': 0.233, 'w4': 0.771, 'w5': 0.795, 'w6': 0.495, 'w7': 0.09, 'w8': 0.968, 'max_depth': 10, 'min_child_weight': 20, 'subsample': 0.9000000000000001, 'colsample_bytree': 0.7, 'gamma': 0.2}. Best is trial 690 with value: 0.5422266565969859.
[I 2023-10-18 19:41:49,893] Trial 797 finished with value: 0.5373378352326381 and parameters: {'w0': 0.133, 'w1': 0.875, 'w2': 0.10300000000000001, 'w3': 0.228, 'w4': 0.768, 'w5': 0.798, 'w6': 0.502, 'w7': 0.092, 'w8': 0.981, 'max_depth': 10, 'min_child_weight': 20, 'subsample': 0.9000000000000001, 'colsample_bytree': 0.7, 'gamma': 0.8}. Best is trial 690 with value: 0.5422266565969859.
[I 2023-10-18 19:41:52,700] Trial 799 finished with value: 0.5291293413443765 and parameters: {'w0': 0.121, 'w1': 0.41600000000000004, 'w2': 0.10500000000000001, 'w3': 0.228, 'w4': 0.806, 'w5': 0.791, 'w6': 0.497, 'w7': 0.084, 'w8': 0.98, 'max_depth': 10, 'min_child_weight': 20, 'subsample': 0.9000000000000001, 'colsample_bytree': 0.7, 'gamma': 0.8}. Best is trial 690 with value: 0.5422266565969859.
[I 2023-10-18 19:43:45,255] Trial 800 finished with value: 0.5311700141447088 and parameters: {'w0': 0.133, 'w1': 0.872, 'w2': 0.109, 'w3': 0.218, 'w4': 0.762, 'w5': 0.794, 'w6': 0.514, 'w7': 0.089, 'w8': 0.983, 'max_depth': 10, 'min_child_weight': 20, 'subsample': 0.9000000000000001, 'colsample_bytree': 0.7, 'gamma': 0.8}. Best is trial 690 with value: 0.5422266565969859.
[I 2023-10-18 19:45:10,804] Trial 802 finished with value: 0.5326370650634262 and parameters: {'w0': 0.138, 'w1': 0.867, 'w2': 0.10300000000000001, 'w3': 0.997, 'w4': 0.762, 'w5': 0.796, 'w6': 0.51, 'w7': 0.11, 'w8': 0.979, 'max_depth': 10, 'min_child_weight': 14, 'subsample': 0.9000000000000001, 'colsample_bytree': 0.7, 'gamma': 0.8}. Best is trial 690 with value: 0.5422266565969859.
[I 2023-10-18 19:45:20,239] Trial 801 finished with value: 0.529540792863436 and parameters: {'w0': 0.082, 'w1': 0.868, 'w2': 0.10500000000000001, 'w3': 0.227, 'w4': 0.773, 'w5': 0.793, 'w6': 0.431, 'w7': 0.112, 'w8': 0.999, 'max_depth': 10, 'min_child_weight': 20, 'subsample': 0.9000000000000001, 'colsample_bytree': 0.7, 'gamma': 0.6000000000000001}. Best is trial 690 with value: 0.5422266565969859.
[I 2023-10-18 19:45:40,772] Trial 804 finished with value: 0.5270882806923356 and parameters: {'w0': 0.076, 'w1': 0.869, 'w2': 0.10500000000000001, 'w3': 0.22, 'w4': 0.761, 'w5': 0.79, 'w6': 0.435, 'w7': 0.109, 'w8': 0.979, 'max_depth': 10, 'min_child_weight': 14, 'subsample': 0.9000000000000001, 'colsample_bytree': 0.7, 'gamma': 0.8}. Best is trial 690 with value: 0.5422266565969859.
[I 2023-10-18 19:45:57,669] Trial 803 finished with value: 0.5368275075842238 and parameters: {'w0': 0.136, 'w1': 0.875, 'w2': 0.10400000000000001, 'w3': 0.199, 'w4': 0.761, 'w5': 0.798, 'w6': 0.512, 'w7': 0.113, 'w8': 0.982, 'max_depth': 10, 'min_child_weight': 14, 'subsample': 0.9000000000000001, 'colsample_bytree': 0.7, 'gamma': 0.8}. Best is trial 690 with value: 0.5422266565969859.
[I 2023-10-18 19:48:17,261] Trial 796 finished with value: 0.5427258797393881 and parameters: {'w0': 0.11800000000000001, 'w1': 0.882, 'w2': 0.107, 'w3': 0.227, 'w4': 0.761, 'w5': 0.794, 'w6': 0.507, 'w7': 0.089, 'w8': 0.98, 'max_depth': 10, 'min_child_weight': 20, 'subsample': 0.9000000000000001, 'colsample_bytree': 0.7, 'gamma': 0.2}. Best is trial 796 with value: 0.5427258797393881.
[I 2023-10-18 19:48:55,569] Trial 806 finished with value: 0.532551826957395 and parameters: {'w0': 0.137, 'w1': 0.41500000000000004, 'w2': 0.106, 'w3': 0.203, 'w4': 0.811, 'w5': 0.848, 'w6': 0.436, 'w7': 0.112, 'w8': 0.98, 'max_depth': 10, 'min_child_weight': 14, 'subsample': 0.9000000000000001, 'colsample_bytree': 0.7, 'gamma': 0.8}. Best is trial 796 with value: 0.5427258797393881.
[I 2023-10-18 19:48:55,723] Trial 798 finished with value: 0.5396423756828794 and parameters: {'w0': 0.11900000000000001, 'w1': 0.88, 'w2': 0.10400000000000001, 'w3': 0.225, 'w4': 0.766, 'w5': 0.793, 'w6': 0.506, 'w7': 0.091, 'w8': 0.98, 'max_depth': 10, 'min_child_weight': 20, 'subsample': 0.9000000000000001, 'colsample_bytree': 0.7, 'gamma': 0.2}. Best is trial 796 with value: 0.5427258797393881.
[I 2023-10-18 19:49:28,006] Trial 809 finished with value: 0.48128420608070654 and parameters: {'w0': 0.08, 'w1': 0.419, 'w2': 0.034, 'w3': 0.127, 'w4': 0.805, 'w5': 0.787, 'w6': 0.522, 'w7': 0.07200000000000001, 'w8': 0.98, 'max_depth': 10, 'min_child_weight': 20, 'subsample': 0.9000000000000001, 'colsample_bytree': 0.7, 'gamma': 0.8}. Best is trial 796 with value: 0.5427258797393881.
[I 2023-10-18 19:49:50,488] Trial 807 finished with value: 0.532744421431161 and parameters: {'w0': 0.08700000000000001, 'w1': 0.872, 'w2': 0.10500000000000001, 'w3': 0.27, 'w4': 0.761, 'w5': 0.795, 'w6': 0.457, 'w7': 0.108, 'w8': 1.0, 'max_depth': 10, 'min_child_weight': 14, 'subsample': 0.9000000000000001, 'colsample_bytree': 0.7, 'gamma': 0.8}. Best is trial 796 with value: 0.5427258797393881.
[I 2023-10-18 19:49:59,202] Trial 808 finished with value: 0.5128307181070477 and parameters: {'w0': 0.060000000000000005, 'w1': 0.907, 'w2': 0.1, 'w3': 0.269, 'w4': 0.764, 'w5': 0.764, 'w6': 0.622, 'w7': 0.061, 'w8': 0.978, 'max_depth': 10, 'min_child_weight': 20, 'subsample': 0.9000000000000001, 'colsample_bytree': 0.7, 'gamma': 0.8}. Best is trial 796 with value: 0.5427258797393881.
[I 2023-10-18 19:50:29,486] Trial 810 finished with value: 0.5253681577956466 and parameters: {'w0': 0.094, 'w1': 0.456, 'w2': 0.1, 'w3': 0.271, 'w4': 0.761, 'w5': 0.769, 'w6': 0.54, 'w7': 0.07200000000000001, 'w8': 0.98, 'max_depth': 10, 'min_child_weight': 20, 'subsample': 0.9000000000000001, 'colsample_bytree': 0.7, 'gamma': 0.8}. Best is trial 796 with value: 0.5427258797393881.
[I 2023-10-18 19:50:59,074] Trial 816 finished with value: 0.42872185522385475 and parameters: {'w0': 0.095, 'w1': 0.486, 'w2': 0.10400000000000001, 'w3': 0.276, 'w4': 0.807, 'w5': 0.768, 'w6': 0.593, 'w7': 0.07, 'w8': 0.511, 'max_depth': 3, 'min_child_weight': 20, 'subsample': 0.9000000000000001, 'colsample_bytree': 0.7, 'gamma': 9.0}. Best is trial 796 with value: 0.5427258797393881.
[I 2023-10-18 19:51:28,207] Trial 818 finished with value: 0.37358309240840537 and parameters: {'w0': 0.108, 'w1': 0.47000000000000003, 'w2': 0.079, 'w3': 0.274, 'w4': 0.806, 'w5': 0.758, 'w6': 0.527, 'w7': 0.037000000000000005, 'w8': 0.936, 'max_depth': 10, 'min_child_weight': 20, 'subsample': 0.30000000000000004, 'colsample_bytree': 0.6000000000000001, 'gamma': 8.6}. Best is trial 796 with value: 0.5427258797393881.
[I 2023-10-18 19:51:57,174] Trial 811 finished with value: 0.4592797917829552 and parameters: {'w0': 0.14, 'w1': 0.9450000000000001, 'w2': 0.1, 'w3': 0.20400000000000001, 'w4': 0.76, 'w5': 0.787, 'w6': 0.5, 'w7': 0.056, 'w8': 0.98, 'max_depth': 10, 'min_child_weight': 20, 'subsample': 0.2, 'colsample_bytree': 0.7, 'gamma': 0.8}. Best is trial 796 with value: 0.5427258797393881.
[I 2023-10-18 19:53:21,897] Trial 812 finished with value: 0.5144402104865737 and parameters: {'w0': 0.064, 'w1': 0.9470000000000001, 'w2': 0.101, 'w3': 0.279, 'w4': 0.802, 'w5': 0.786, 'w6': 0.537, 'w7': 0.067, 'w8': 0.245, 'max_depth': 10, 'min_child_weight': 20, 'subsample': 0.9000000000000001, 'colsample_bytree': 0.7, 'gamma': 0.6000000000000001}. Best is trial 796 with value: 0.5427258797393881.
[I 2023-10-18 19:53:34,732] Trial 805 finished with value: 0.4619723101908325 and parameters: {'w0': 0.138, 'w1': 0.871, 'w2': 0.108, 'w3': 0.217, 'w4': 0.763, 'w5': 0.791, 'w6': 0.507, 'w7': 0.586, 'w8': 0.999, 'max_depth': 10, 'min_child_weight': 14, 'subsample': 0.30000000000000004, 'colsample_bytree': 0.7, 'gamma': 0.8}. Best is trial 796 with value: 0.5427258797393881.
[I 2023-10-18 19:54:16,196] Trial 813 finished with value: 0.5183185092874799 and parameters: {'w0': 0.069, 'w1': 0.49, 'w2': 0.10500000000000001, 'w3': 0.277, 'w4': 0.76, 'w5': 0.759, 'w6': 0.618, 'w7': 0.062, 'w8': 0.978, 'max_depth': 10, 'min_child_weight': 20, 'subsample': 0.9000000000000001, 'colsample_bytree': 0.7, 'gamma': 0.6000000000000001}. Best is trial 796 with value: 0.5427258797393881.
[I 2023-10-18 19:55:53,206] Trial 814 finished with value: 0.5247773296311565 and parameters: {'w0': 0.08600000000000001, 'w1': 0.46900000000000003, 'w2': 0.099, 'w3': 0.268, 'w4': 0.808, 'w5': 0.771, 'w6': 0.629, 'w7': 0.065, 'w8': 0.978, 'max_depth': 10, 'min_child_weight': 20, 'subsample': 0.9000000000000001, 'colsample_bytree': 0.7, 'gamma': 0.6000000000000001}. Best is trial 796 with value: 0.5427258797393881.
[I 2023-10-18 19:57:11,427] Trial 815 finished with value: 0.4876429577153195 and parameters: {'w0': 0.083, 'w1': 0.498, 'w2': 0.026000000000000002, 'w3': 0.273, 'w4': 0.808, 'w5': 0.77, 'w6': 0.578, 'w7': 0.061, 'w8': 0.976, 'max_depth': 10, 'min_child_weight': 20, 'subsample': 0.9000000000000001, 'colsample_bytree': 0.7, 'gamma': 0.6000000000000001}. Best is trial 796 with value: 0.5427258797393881.
[I 2023-10-18 19:59:34,738] Trial 817 finished with value: 0.49192745681317396 and parameters: {'w0': 0.059000000000000004, 'w1': 0.494, 'w2': 0.521, 'w3': 0.136, 'w4': 0.811, 'w5': 0.763, 'w6': 0.5670000000000001, 'w7': 0.062, 'w8': 0.937, 'max_depth': 10, 'min_child_weight': 20, 'subsample': 0.9000000000000001, 'colsample_bytree': 0.7, 'gamma': 0.6000000000000001}. Best is trial 796 with value: 0.5427258797393881.
[I 2023-10-18 20:04:52,660] Trial 819 finished with value: 0.4975533327668608 and parameters: {'w0': 0.083, 'w1': 0.483, 'w2': 0.022000000000000002, 'w3': 0.194, 'w4': 0.758, 'w5': 0.759, 'w6': 0.536, 'w7': 0.069, 'w8': 0.974, 'max_depth': 10, 'min_child_weight': 20, 'subsample': 0.9000000000000001, 'colsample_bytree': 0.6000000000000001, 'gamma': 0.0}. Best is trial 796 with value: 0.5427258797393881.
