[I 2023-10-21 08:47:12,271] Trial 855 finished with value: 0.40969107816541445 and parameters: {'w0': 0.23600000000000002, 'w1': 0.999, 'w2': 0.16, 'w3': 0.774, 'w4': 0.903, 'w5': 0.467, 'w6': 0.976, 'w7': 0.149, 'w8': 0.628, 'max_depth': 10, 'min_child_weight': 2, 'subsample': 0.30000000000000004, 'colsample_bytree': 0.8, 'gamma': 0.4}. Best is trial 620 with value: 0.41707743528659197.
[I 2023-10-21 08:47:18,307] Trial 856 finished with value: 0.4051905039944252 and parameters: {'w0': 0.245, 'w1': 0.457, 'w2': 0.162, 'w3': 0.755, 'w4': 0.902, 'w5': 0.457, 'w6': 0.978, 'w7': 0.146, 'w8': 0.5670000000000001, 'max_depth': 10, 'min_child_weight': 2, 'subsample': 0.2, 'colsample_bytree': 0.8, 'gamma': 0.4}. Best is trial 620 with value: 0.41707743528659197.
[I 2023-10-21 08:48:11,808] Trial 859 finished with value: 0.4063345029309248 and parameters: {'w0': 0.232, 'w1': 0.28800000000000003, 'w2': 0.157, 'w3': 0.668, 'w4': 0.9600000000000001, 'w5': 0.457, 'w6': 0.462, 'w7': 0.15, 'w8': 0.5660000000000001, 'max_depth': 10, 'min_child_weight': 2, 'subsample': 0.2, 'colsample_bytree': 0.8, 'gamma': 0.2}. Best is trial 620 with value: 0.41707743528659197.
[I 2023-10-21 08:49:32,142] Trial 864 finished with value: 0.4049135042228702 and parameters: {'w0': 0.253, 'w1': 0.998, 'w2': 0.159, 'w3': 0.772, 'w4': 0.9570000000000001, 'w5': 0.034, 'w6': 0.463, 'w7': 0.079, 'w8': 0.631, 'max_depth': 10, 'min_child_weight': 2, 'subsample': 0.30000000000000004, 'colsample_bytree': 0.7, 'gamma': 0.2}. Best is trial 620 with value: 0.41707743528659197.
[I 2023-10-21 08:49:39,924] Trial 860 finished with value: 0.4079211094990853 and parameters: {'w0': 0.244, 'w1': 0.998, 'w2': 0.165, 'w3': 0.776, 'w4': 0.9570000000000001, 'w5': 0.418, 'w6': 0.962, 'w7': 0.152, 'w8': 0.561, 'max_depth': 10, 'min_child_weight': 2, 'subsample': 0.2, 'colsample_bytree': 0.8, 'gamma': 0.2}. Best is trial 620 with value: 0.41707743528659197.
[I 2023-10-21 08:50:02,186] Trial 867 finished with value: 0.36656571979953945 and parameters: {'w0': 0.263, 'w1': 0.321, 'w2': 0.155, 'w3': 0.78, 'w4': 0.405, 'w5': 0.419, 'w6': 0.964, 'w7': 0.08, 'w8': 0.557, 'max_depth': 10, 'min_child_weight': 14, 'subsample': 0.2, 'colsample_bytree': 0.8, 'gamma': 0.2}. Best is trial 620 with value: 0.41707743528659197.
[I 2023-10-21 08:50:37,902] Trial 862 finished with value: 0.41081655133165274 and parameters: {'w0': 0.248, 'w1': 0.272, 'w2': 0.163, 'w3': 0.774, 'w4': 0.9560000000000001, 'w5': 0.42, 'w6': 0.9590000000000001, 'w7': 0.15, 'w8': 0.579, 'max_depth': 10, 'min_child_weight': 2, 'subsample': 0.30000000000000004, 'colsample_bytree': 0.8, 'gamma': 0.2}. Best is trial 620 with value: 0.41707743528659197.
[I 2023-10-21 08:50:39,244] Trial 858 finished with value: 0.41169343984499945 and parameters: {'w0': 0.249, 'w1': 1.0, 'w2': 0.159, 'w3': 0.774, 'w4': 0.9590000000000001, 'w5': 0.455, 'w6': 0.976, 'w7': 0.151, 'w8': 0.5770000000000001, 'max_depth': 10, 'min_child_weight': 2, 'subsample': 0.30000000000000004, 'colsample_bytree': 0.8, 'gamma': 0.2}. Best is trial 620 with value: 0.41707743528659197.
[I 2023-10-21 08:51:42,823] Trial 865 finished with value: 0.405667842120239 and parameters: {'w0': 0.257, 'w1': 0.422, 'w2': 0.155, 'w3': 0.772, 'w4': 0.964, 'w5': 0.456, 'w6': 0.9580000000000001, 'w7': 0.078, 'w8': 0.632, 'max_depth': 10, 'min_child_weight': 2, 'subsample': 0.2, 'colsample_bytree': 0.7, 'gamma': 0.2}. Best is trial 620 with value: 0.41707743528659197.
[I 2023-10-21 08:53:06,101] Trial 875 finished with value: 0.32693856187565185 and parameters: {'w0': 0.28200000000000003, 'w1': 0.157, 'w2': 0.164, 'w3': 0.79, 'w4': 0.898, 'w5': 0.203, 'w6': 0.9390000000000001, 'w7': 0.081, 'w8': 0.529, 'max_depth': 10, 'min_child_weight': 0, 'subsample': 0.30000000000000004, 'colsample_bytree': 0.8, 'gamma': 5.800000000000001}. Best is trial 620 with value: 0.41707743528659197.
[I 2023-10-21 08:53:42,566] Trial 876 finished with value: 0.3209855294688506 and parameters: {'w0': 0.269, 'w1': 0.322, 'w2': 0.168, 'w3': 0.772, 'w4': 0.871, 'w5': 0.41500000000000004, 'w6': 0.935, 'w7': 0.083, 'w8': 0.595, 'max_depth': 10, 'min_child_weight': 0, 'subsample': 0.30000000000000004, 'colsample_bytree': 0.8, 'gamma': 7.4}. Best is trial 620 with value: 0.41707743528659197.
[I 2023-10-21 08:54:27,212] Trial 866 finished with value: 0.4044006041441861 and parameters: {'w0': 0.269, 'w1': 0.9490000000000001, 'w2': 0.156, 'w3': 0.764, 'w4': 0.292, 'w5': 0.156, 'w6': 0.9590000000000001, 'w7': 0.149, 'w8': 0.623, 'max_depth': 10, 'min_child_weight': 2, 'subsample': 0.2, 'colsample_bytree': 0.7, 'gamma': 0.2}. Best is trial 620 with value: 0.41707743528659197.
[I 2023-10-21 08:55:18,764] Trial 869 finished with value: 0.38770367475522627 and parameters: {'w0': 0.268, 'w1': 0.327, 'w2': 0.152, 'w3': 0.784, 'w4': 0.894, 'w5': 0.195, 'w6': 0.963, 'w7': 0.117, 'w8': 0.613, 'max_depth': 10, 'min_child_weight': 14, 'subsample': 0.30000000000000004, 'colsample_bytree': 0.8, 'gamma': 0.2}. Best is trial 620 with value: 0.41707743528659197.
[I 2023-10-21 09:02:02,228] Trial 874 finished with value: 0.38693959781124204 and parameters: {'w0': 0.259, 'w1': 1.0, 'w2': 0.16, 'w3': 0.783, 'w4': 0.861, 'w5': 0.41500000000000004, 'w6': 0.935, 'w7': 0.081, 'w8': 0.6, 'max_depth': 10, 'min_child_weight': 14, 'subsample': 0.30000000000000004, 'colsample_bytree': 0.8, 'gamma': 0.2}. Best is trial 620 with value: 0.41707743528659197.
[I 2023-10-21 09:03:58,759] Trial 877 finished with value: 0.38454164539079666 and parameters: {'w0': 0.273, 'w1': 0.339, 'w2': 0.1, 'w3': 0.785, 'w4': 0.864, 'w5': 0.487, 'w6': 0.935, 'w7': 0.08600000000000001, 'w8': 0.595, 'max_depth': 10, 'min_child_weight': 14, 'subsample': 0.30000000000000004, 'colsample_bytree': 0.8, 'gamma': 0.2}. Best is trial 620 with value: 0.41707743528659197.
[I 2023-10-21 09:13:45,867] Trial 873 finished with value: 0.40687885196950563 and parameters: {'w0': 0.268, 'w1': 0.999, 'w2': 0.163, 'w3': 0.78, 'w4': 0.868, 'w5': 0.419, 'w6': 0.9590000000000001, 'w7': 0.084, 'w8': 0.638, 'max_depth': 10, 'min_child_weight': 0, 'subsample': 0.30000000000000004, 'colsample_bytree': 0.8, 'gamma': 0.4}. Best is trial 620 with value: 0.41707743528659197.
[I 2023-10-21 09:13:50,648] Trial 868 finished with value: 0.40458057512097484 and parameters: {'w0': 0.253, 'w1': 0.167, 'w2': 0.164, 'w3': 0.784, 'w4': 0.895, 'w5': 0.41600000000000004, 'w6': 0.9600000000000001, 'w7': 0.091, 'w8': 0.5670000000000001, 'max_depth': 10, 'min_child_weight': 0, 'subsample': 0.30000000000000004, 'colsample_bytree': 0.8, 'gamma': 0.2}. Best is trial 620 with value: 0.41707743528659197.
[I 2023-10-21 09:16:52,451] Trial 871 finished with value: 0.40102885003898703 and parameters: {'w0': 0.267, 'w1': 0.427, 'w2': 0.161, 'w3': 0.778, 'w4': 0.898, 'w5': 0.41700000000000004, 'w6': 0.301, 'w7': 0.084, 'w8': 0.603, 'max_depth': 10, 'min_child_weight': 0, 'subsample': 0.30000000000000004, 'colsample_bytree': 0.8, 'gamma': 0.2}. Best is trial 620 with value: 0.41707743528659197.
[I 2023-10-21 09:16:55,693] Trial 872 finished with value: 0.3959412199165948 and parameters: {'w0': 0.274, 'w1': 0.273, 'w2': 0.156, 'w3': 0.776, 'w4': 0.857, 'w5': 0.41700000000000004, 'w6': 0.109, 'w7': 0.082, 'w8': 0.603, 'max_depth': 10, 'min_child_weight': 0, 'subsample': 0.30000000000000004, 'colsample_bytree': 0.8, 'gamma': 0.2}. Best is trial 620 with value: 0.41707743528659197.
[I 2023-10-21 09:17:13,118] Trial 870 finished with value: 0.40001714879323413 and parameters: {'w0': 0.266, 'w1': 0.47900000000000004, 'w2': 0.158, 'w3': 0.776, 'w4': 0.903, 'w5': 0.28400000000000003, 'w6': 0.963, 'w7': 0.114, 'w8': 0.5660000000000001, 'max_depth': 10, 'min_child_weight': 0, 'subsample': 0.2, 'colsample_bytree': 0.8, 'gamma': 0.2}. Best is trial 620 with value: 0.41707743528659197.
[I 2023-10-21 09:20:03,235] Trial 885 finished with value: 0.4077355075698387 and parameters: {'w0': 0.214, 'w1': 0.9490000000000001, 'w2': 0.10500000000000001, 'w3': 0.747, 'w4': 0.86, 'w5': 0.487, 'w6': 1.0, 'w7': 0.11800000000000001, 'w8': 0.588, 'max_depth': 10, 'min_child_weight': 0, 'subsample': 0.30000000000000004, 'colsample_bytree': 0.8, 'gamma': 0.6000000000000001}. Best is trial 620 with value: 0.41707743528659197.
[I 2023-10-21 09:20:54,474] Trial 886 finished with value: 0.41018541354838345 and parameters: {'w0': 0.20900000000000002, 'w1': 0.9510000000000001, 'w2': 0.10300000000000001, 'w3': 0.751, 'w4': 0.856, 'w5': 0.486, 'w6': 0.999, 'w7': 0.116, 'w8': 0.535, 'max_depth': 10, 'min_child_weight': 0, 'subsample': 0.30000000000000004, 'colsample_bytree': 0.8, 'gamma': 0.6000000000000001}. Best is trial 620 with value: 0.41707743528659197.
[I 2023-10-21 09:23:23,863] Trial 893 finished with value: 0.3417804064521118 and parameters: {'w0': 0.21, 'w1': 0.076, 'w2': 0.116, 'w3': 0.743, 'w4': 0.908, 'w5': 0.47900000000000004, 'w6': 1.0, 'w7': 0.177, 'w8': 0.458, 'max_depth': 10, 'min_child_weight': 2, 'subsample': 0.30000000000000004, 'colsample_bytree': 0.8, 'gamma': 4.4}. Best is trial 620 with value: 0.41707743528659197.
[I 2023-10-21 09:24:32,450] Trial 878 finished with value: 0.4031264412708613 and parameters: {'w0': 0.276, 'w1': 0.161, 'w2': 0.092, 'w3': 0.789, 'w4': 0.864, 'w5': 0.41300000000000003, 'w6': 0.932, 'w7': 0.116, 'w8': 0.528, 'max_depth': 10, 'min_child_weight': 0, 'subsample': 0.30000000000000004, 'colsample_bytree': 0.8, 'gamma': 0.2}. Best is trial 620 with value: 0.41707743528659197.
[I 2023-10-21 09:25:18,118] Trial 879 finished with value: 0.4082391851781443 and parameters: {'w0': 0.20500000000000002, 'w1': 0.9540000000000001, 'w2': 0.115, 'w3': 0.75, 'w4': 0.901, 'w5': 0.199, 'w6': 0.9410000000000001, 'w7': 0.115, 'w8': 0.594, 'max_depth': 10, 'min_child_weight': 0, 'subsample': 0.30000000000000004, 'colsample_bytree': 0.8, 'gamma': 0.2}. Best is trial 620 with value: 0.41707743528659197.
[I 2023-10-21 09:26:02,157] Trial 880 finished with value: 0.4046283732227832 and parameters: {'w0': 0.20700000000000002, 'w1': 0.436, 'w2': 0.11800000000000001, 'w3': 0.748, 'w4': 0.867, 'w5': 0.41100000000000003, 'w6': 0.9390000000000001, 'w7': 0.117, 'w8': 0.522, 'max_depth': 10, 'min_child_weight': 0, 'subsample': 0.30000000000000004, 'colsample_bytree': 0.8, 'gamma': 0.2}. Best is trial 620 with value: 0.41707743528659197.
[I 2023-10-21 09:27:19,350] Trial 887 finished with value: 0.3963524921071938 and parameters: {'w0': 0.20800000000000002, 'w1': 0.9500000000000001, 'w2': 0.187, 'w3': 0.747, 'w4': 0.908, 'w5': 0.47600000000000003, 'w6': 0.099, 'w7': 0.177, 'w8': 0.524, 'max_depth': 10, 'min_child_weight': 0, 'subsample': 0.30000000000000004, 'colsample_bytree': 0.8, 'gamma': 0.6000000000000001}. Best is trial 620 with value: 0.41707743528659197.
[I 2023-10-21 09:27:22,058] Trial 881 finished with value: 0.40123061938602833 and parameters: {'w0': 0.212, 'w1': 0.9500000000000001, 'w2': 0.178, 'w3': 0.747, 'w4': 0.866, 'w5': 0.483, 'w6': 0.935, 'w7': 0.114, 'w8': 0.534, 'max_depth': 10, 'min_child_weight': 0, 'subsample': 0.30000000000000004, 'colsample_bytree': 0.8, 'gamma': 0.2}. Best is trial 620 with value: 0.41707743528659197.
[I 2023-10-21 09:27:29,273] Trial 882 finished with value: 0.40573521087306824 and parameters: {'w0': 0.28, 'w1': 0.9510000000000001, 'w2': 0.10500000000000001, 'w3': 0.746, 'w4': 0.86, 'w5': 0.40900000000000003, 'w6': 0.9380000000000001, 'w7': 0.114, 'w8': 0.595, 'max_depth': 10, 'min_child_weight': 0, 'subsample': 0.30000000000000004, 'colsample_bytree': 0.8, 'gamma': 0.2}. Best is trial 620 with value: 0.41707743528659197.
[I 2023-10-21 09:28:20,961] Trial 883 finished with value: 0.40509212767578956 and parameters: {'w0': 0.21, 'w1': 0.9560000000000001, 'w2': 0.106, 'w3': 0.748, 'w4': 0.867, 'w5': 0.47900000000000004, 'w6': 0.935, 'w7': 0.115, 'w8': 0.593, 'max_depth': 10, 'min_child_weight': 0, 'subsample': 0.30000000000000004, 'colsample_bytree': 0.8, 'gamma': 0.2}. Best is trial 620 with value: 0.41707743528659197.
[I 2023-10-21 09:28:35,194] Trial 884 finished with value: 0.4023940916029935 and parameters: {'w0': 0.22, 'w1': 0.9500000000000001, 'w2': 0.114, 'w3': 0.748, 'w4': 0.856, 'w5': 0.47800000000000004, 'w6': 0.511, 'w7': 0.11, 'w8': 0.611, 'max_depth': 10, 'min_child_weight': 0, 'subsample': 0.30000000000000004, 'colsample_bytree': 0.8, 'gamma': 0.2}. Best is trial 620 with value: 0.41707743528659197.
[I 2023-10-21 09:28:55,501] Trial 888 finished with value: 0.40770544781017193 and parameters: {'w0': 0.20500000000000002, 'w1': 0.9490000000000001, 'w2': 0.1, 'w3': 0.74, 'w4': 0.862, 'w5': 0.486, 'w6': 0.935, 'w7': 0.116, 'w8': 0.654, 'max_depth': 10, 'min_child_weight': 0, 'subsample': 0.30000000000000004, 'colsample_bytree': 0.8, 'gamma': 0.6000000000000001}. Best is trial 620 with value: 0.41707743528659197.
[I 2023-10-21 09:33:18,844] Trial 890 finished with value: 0.4130974017458511 and parameters: {'w0': 0.21, 'w1': 0.9510000000000001, 'w2': 0.117, 'w3': 0.743, 'w4': 0.914, 'w5': 0.40800000000000003, 'w6': 1.0, 'w7': 0.11800000000000001, 'w8': 0.54, 'max_depth': 10, 'min_child_weight': 2, 'subsample': 0.30000000000000004, 'colsample_bytree': 0.8, 'gamma': 0.6000000000000001}. Best is trial 620 with value: 0.41707743528659197.
[I 2023-10-21 09:35:52,194] Trial 892 finished with value: 0.4113333043881836 and parameters: {'w0': 0.20700000000000002, 'w1': 0.9500000000000001, 'w2': 0.109, 'w3': 0.736, 'w4': 0.914, 'w5': 0.44, 'w6': 1.0, 'w7': 0.111, 'w8': 0.544, 'max_depth': 10, 'min_child_weight': 2, 'subsample': 0.30000000000000004, 'colsample_bytree': 0.8, 'gamma': 0.6000000000000001}. Best is trial 620 with value: 0.41707743528659197.
[I 2023-10-21 09:36:03,084] Trial 891 finished with value: 0.4107652290688432 and parameters: {'w0': 0.217, 'w1': 0.37, 'w2': 0.187, 'w3': 0.742, 'w4': 0.915, 'w5': 0.487, 'w6': 0.931, 'w7': 0.123, 'w8': 0.537, 'max_depth': 10, 'min_child_weight': 2, 'subsample': 0.30000000000000004, 'colsample_bytree': 0.8, 'gamma': 0.6000000000000001}. Best is trial 620 with value: 0.41707743528659197.
[I 2023-10-21 09:37:33,168] Trial 889 finished with value: 0.4124633707373444 and parameters: {'w0': 0.20800000000000002, 'w1': 0.9480000000000001, 'w2': 0.10400000000000001, 'w3': 0.742, 'w4': 0.912, 'w5': 0.487, 'w6': 0.9400000000000001, 'w7': 0.11800000000000001, 'w8': 0.524, 'max_depth': 10, 'min_child_weight': 0, 'subsample': 0.30000000000000004, 'colsample_bytree': 0.8, 'gamma': 0.6000000000000001}. Best is trial 620 with value: 0.41707743528659197.
[I 2023-10-21 09:40:04,943] Trial 894 finished with value: 0.4083668685927347 and parameters: {'w0': 0.20400000000000001, 'w1': 0.9510000000000001, 'w2': 0.185, 'w3': 0.8260000000000001, 'w4': 0.913, 'w5': 0.483, 'w6': 0.933, 'w7': 0.179, 'w8': 0.457, 'max_depth': 10, 'min_child_weight': 2, 'subsample': 0.30000000000000004, 'colsample_bytree': 0.8, 'gamma': 0.6000000000000001}. Best is trial 620 with value: 0.41707743528659197.
[I 2023-10-21 09:40:52,316] Trial 895 finished with value: 0.4116806258351247 and parameters: {'w0': 0.20800000000000002, 'w1': 0.9560000000000001, 'w2': 0.188, 'w3': 0.8250000000000001, 'w4': 0.914, 'w5': 0.483, 'w6': 0.933, 'w7': 0.182, 'w8': 0.47200000000000003, 'max_depth': 10, 'min_child_weight': 2, 'subsample': 0.30000000000000004, 'colsample_bytree': 0.8, 'gamma': 0.6000000000000001}. Best is trial 620 with value: 0.41707743528659197.
[I 2023-10-21 09:43:02,618] Trial 896 finished with value: 0.41136882877457476 and parameters: {'w0': 0.20500000000000002, 'w1': 0.9500000000000001, 'w2': 0.185, 'w3': 0.8280000000000001, 'w4': 0.917, 'w5': 0.443, 'w6': 0.931, 'w7': 0.181, 'w8': 0.518, 'max_depth': 10, 'min_child_weight': 2, 'subsample': 0.30000000000000004, 'colsample_bytree': 0.8, 'gamma': 0.6000000000000001}. Best is trial 620 with value: 0.41707743528659197.
[I 2023-10-21 09:43:40,699] Trial 897 finished with value: 0.41606757197091176 and parameters: {'w0': 0.20600000000000002, 'w1': 0.9500000000000001, 'w2': 0.191, 'w3': 0.8260000000000001, 'w4': 0.914, 'w5': 0.444, 'w6': 0.9410000000000001, 'w7': 0.178, 'w8': 0.521, 'max_depth': 10, 'min_child_weight': 2, 'subsample': 0.30000000000000004, 'colsample_bytree': 0.7, 'gamma': 0.6000000000000001}. Best is trial 620 with value: 0.41707743528659197.
[I 2023-10-21 09:44:52,619] Trial 898 finished with value: 0.4113940504592589 and parameters: {'w0': 0.223, 'w1': 0.9500000000000001, 'w2': 0.18, 'w3': 0.724, 'w4': 0.917, 'w5': 0.436, 'w6': 0.98, 'w7': 0.181, 'w8': 0.524, 'max_depth': 10, 'min_child_weight': 2, 'subsample': 0.30000000000000004, 'colsample_bytree': 0.8, 'gamma': 0.6000000000000001}. Best is trial 620 with value: 0.41707743528659197.
[I 2023-10-21 09:45:08,715] Trial 899 finished with value: 0.41234523266635437 and parameters: {'w0': 0.221, 'w1': 0.362, 'w2': 0.193, 'w3': 0.721, 'w4': 0.918, 'w5': 0.446, 'w6': 0.98, 'w7': 0.181, 'w8': 0.666, 'max_depth': 10, 'min_child_weight': 2, 'subsample': 0.30000000000000004, 'colsample_bytree': 0.7, 'gamma': 0.6000000000000001}. Best is trial 620 with value: 0.41707743528659197.
[I 2023-10-21 09:45:25,181] Trial 901 finished with value: 0.399978864565098 and parameters: {'w0': 0.219, 'w1': 0.001, 'w2': 0.316, 'w3': 0.717, 'w4': 0.919, 'w5': 0.439, 'w6': 0.981, 'w7': 0.185, 'w8': 0.671, 'max_depth': 10, 'min_child_weight': 2, 'subsample': 0.30000000000000004, 'colsample_bytree': 0.7, 'gamma': 0.6000000000000001}. Best is trial 620 with value: 0.41707743528659197.
[I 2023-10-21 09:46:36,360] Trial 900 finished with value: 0.41026824231346215 and parameters: {'w0': 0.227, 'w1': 0.968, 'w2': 0.31, 'w3': 0.834, 'w4': 0.921, 'w5': 0.449, 'w6': 1.0, 'w7': 0.169, 'w8': 0.46900000000000003, 'max_depth': 10, 'min_child_weight': 2, 'subsample': 0.30000000000000004, 'colsample_bytree': 0.7, 'gamma': 0.6000000000000001}. Best is trial 620 with value: 0.41707743528659197.
[I 2023-10-21 09:47:06,022] Trial 903 finished with value: 0.40662747678934746 and parameters: {'w0': 0.23, 'w1': 0.977, 'w2': 0.187, 'w3': 0.835, 'w4': 0.918, 'w5': 0.44, 'w6': 0.981, 'w7': 0.17500000000000002, 'w8': 0.275, 'max_depth': 10, 'min_child_weight': 2, 'subsample': 0.30000000000000004, 'colsample_bytree': 0.7, 'gamma': 0.6000000000000001}. Best is trial 620 with value: 0.41707743528659197.
[I 2023-10-21 09:47:08,268] Trial 902 finished with value: 0.4111667365926328 and parameters: {'w0': 0.227, 'w1': 0.979, 'w2': 0.315, 'w3': 0.836, 'w4': 0.918, 'w5': 0.447, 'w6': 0.979, 'w7': 0.19, 'w8': 0.55, 'max_depth': 10, 'min_child_weight': 2, 'subsample': 0.30000000000000004, 'colsample_bytree': 0.7, 'gamma': 0.6000000000000001}. Best is trial 620 with value: 0.41707743528659197.
[I 2023-10-21 09:47:20,569] Trial 904 finished with value: 0.4158269755038909 and parameters: {'w0': 0.231, 'w1': 0.979, 'w2': 0.197, 'w3': 0.719, 'w4': 0.918, 'w5': 0.442, 'w6': 0.982, 'w7': 0.18, 'w8': 0.545, 'max_depth': 10, 'min_child_weight': 2, 'subsample': 0.30000000000000004, 'colsample_bytree': 0.7, 'gamma': 0.6000000000000001}. Best is trial 620 with value: 0.41707743528659197.
[I 2023-10-21 09:48:42,394] Trial 905 finished with value: 0.4057400850380892 and parameters: {'w0': 0.225, 'w1': 0.981, 'w2': 0.316, 'w3': 0.8270000000000001, 'w4': 0.919, 'w5': 0.444, 'w6': 0.98, 'w7': 0.179, 'w8': 0.484, 'max_depth': 10, 'min_child_weight': 2, 'subsample': 0.30000000000000004, 'colsample_bytree': 0.7, 'gamma': 0.6000000000000001}. Best is trial 620 with value: 0.41707743528659197.
[I 2023-10-21 09:52:11,369] Trial 906 finished with value: 0.4104807253793795 and parameters: {'w0': 0.166, 'w1': 0.978, 'w2': 0.318, 'w3': 0.721, 'w4': 0.922, 'w5': 0.402, 'w6': 0.976, 'w7': 0.179, 'w8': 0.549, 'max_depth': 10, 'min_child_weight': 2, 'subsample': 0.30000000000000004, 'colsample_bytree': 0.8, 'gamma': 0.8}. Best is trial 620 with value: 0.41707743528659197.
[I 2023-10-21 09:54:42,237] Trial 908 finished with value: 0.4077502627344021 and parameters: {'w0': 0.227, 'w1': 0.977, 'w2': 0.319, 'w3': 0.716, 'w4': 0.917, 'w5': 0.356, 'w6': 1.0, 'w7': 0.178, 'w8': 0.55, 'max_depth': 10, 'min_child_weight': 2, 'subsample': 0.30000000000000004, 'colsample_bytree': 0.8, 'gamma': 0.8}. Best is trial 620 with value: 0.41707743528659197.
[I 2023-10-21 09:56:04,074] Trial 907 finished with value: 0.37722120607044185 and parameters: {'w0': 0.167, 'w1': 0.98, 'w2': 0.32, 'w3': 0.725, 'w4': 0.92, 'w5': 0.403, 'w6': 0.982, 'w7': 0.9460000000000001, 'w8': 0.487, 'max_depth': 10, 'min_child_weight': 2, 'subsample': 0.30000000000000004, 'colsample_bytree': 0.8, 'gamma': 0.8}. Best is trial 620 with value: 0.41707743528659197.
[I 2023-10-21 09:56:08,439] Trial 909 finished with value: 0.4078470860221513 and parameters: {'w0': 0.165, 'w1': 0.98, 'w2': 0.314, 'w3': 0.718, 'w4': 0.925, 'w5': 0.358, 'w6': 0.982, 'w7': 0.179, 'w8': 0.5, 'max_depth': 10, 'min_child_weight': 2, 'subsample': 0.30000000000000004, 'colsample_bytree': 0.8, 'gamma': 0.8}. Best is trial 620 with value: 0.41707743528659197.
[I 2023-10-21 09:56:49,223] Trial 910 finished with value: 0.3829919602973168 and parameters: {'w0': 0.169, 'w1': 0.982, 'w2': 0.052000000000000005, 'w3': 0.714, 'w4': 0.926, 'w5': 0.35000000000000003, 'w6': 1.0, 'w7': 0.17500000000000002, 'w8': 0.546, 'max_depth': 10, 'min_child_weight': 2, 'subsample': 0.30000000000000004, 'colsample_bytree': 0.8, 'gamma': 0.8}. Best is trial 620 with value: 0.41707743528659197.
[I 2023-10-21 09:59:41,711] Trial 911 finished with value: 0.40797753874360726 and parameters: {'w0': 0.231, 'w1': 0.515, 'w2': 0.314, 'w3': 0.72, 'w4': 0.926, 'w5': 0.398, 'w6': 1.0, 'w7': 0.181, 'w8': 0.502, 'max_depth': 10, 'min_child_weight': 2, 'subsample': 0.30000000000000004, 'colsample_bytree': 0.8, 'gamma': 0.8}. Best is trial 620 with value: 0.41707743528659197.
