[I 2023-10-21 07:39:51,553] Trial 800 finished with value: 0.41115395081743933 and parameters: {'w0': 0.154, 'w1': 0.924, 'w2': 0.225, 'w3': 0.886, 'w4': 0.877, 'w5': 0.432, 'w6': 0.965, 'w7': 0.155, 'w8': 0.547, 'max_depth': 10, 'min_child_weight': 0, 'subsample': 0.30000000000000004, 'colsample_bytree': 0.7, 'gamma': 0.8}. Best is trial 620 with value: 0.41707743528659197.
[I 2023-10-21 07:40:17,086] Trial 801 finished with value: 0.40463562082047994 and parameters: {'w0': 0.154, 'w1': 0.923, 'w2': 0.217, 'w3': 0.881, 'w4': 0.877, 'w5': 0.44, 'w6': 0.966, 'w7': 0.09, 'w8': 0.607, 'max_depth': 10, 'min_child_weight': 0, 'subsample': 0.30000000000000004, 'colsample_bytree': 0.7, 'gamma': 0.8}. Best is trial 620 with value: 0.41707743528659197.
[I 2023-10-21 07:42:19,740] Trial 803 finished with value: 0.4057177461949385 and parameters: {'w0': 0.10500000000000001, 'w1': 0.929, 'w2': 0.227, 'w3': 0.885, 'w4': 0.884, 'w5': 0.43, 'w6': 0.967, 'w7': 0.166, 'w8': 0.539, 'max_depth': 10, 'min_child_weight': 0, 'subsample': 0.30000000000000004, 'colsample_bytree': 0.7, 'gamma': 0.8}. Best is trial 620 with value: 0.41707743528659197.
[I 2023-10-21 07:46:47,810] Trial 807 finished with value: 0.40977463812976506 and parameters: {'w0': 0.10500000000000001, 'w1': 0.933, 'w2': 0.223, 'w3': 0.874, 'w4': 0.9510000000000001, 'w5': 0.427, 'w6': 0.966, 'w7': 0.153, 'w8': 0.596, 'max_depth': 10, 'min_child_weight': 2, 'subsample': 0.30000000000000004, 'colsample_bytree': 0.7, 'gamma': 0.6000000000000001}. Best is trial 620 with value: 0.41707743528659197.
[I 2023-10-21 07:47:18,079] Trial 809 finished with value: 0.4003004507345321 and parameters: {'w0': 0.183, 'w1': 0.926, 'w2': 0.227, 'w3': 0.881, 'w4': 0.9530000000000001, 'w5': 0.37, 'w6': 0.14, 'w7': 0.169, 'w8': 0.364, 'max_depth': 10, 'min_child_weight': 2, 'subsample': 0.30000000000000004, 'colsample_bytree': 0.7, 'gamma': 0.6000000000000001}. Best is trial 620 with value: 0.41707743528659197.
[I 2023-10-21 07:48:40,043] Trial 812 finished with value: 0.4022413871388294 and parameters: {'w0': 0.11, 'w1': 0.929, 'w2': 0.225, 'w3': 0.723, 'w4': 0.9510000000000001, 'w5': 0.373, 'w6': 0.20700000000000002, 'w7': 0.20500000000000002, 'w8': 0.359, 'max_depth': 10, 'min_child_weight': 2, 'subsample': 0.30000000000000004, 'colsample_bytree': 0.6000000000000001, 'gamma': 0.6000000000000001}. Best is trial 620 with value: 0.41707743528659197.
[I 2023-10-21 07:49:12,072] Trial 810 finished with value: 0.4031508063761273 and parameters: {'w0': 0.098, 'w1': 0.969, 'w2': 0.20500000000000002, 'w3': 0.801, 'w4': 0.9480000000000001, 'w5': 0.37, 'w6': 0.999, 'w7': 0.20700000000000002, 'w8': 0.532, 'max_depth': 10, 'min_child_weight': 2, 'subsample': 0.30000000000000004, 'colsample_bytree': 0.7, 'gamma': 0.6000000000000001}. Best is trial 620 with value: 0.41707743528659197.
[I 2023-10-21 07:49:24,424] Trial 805 finished with value: 0.40181351955933114 and parameters: {'w0': 0.221, 'w1': 0.927, 'w2': 0.225, 'w3': 0.876, 'w4': 0.891, 'w5': 0.435, 'w6': 0.964, 'w7': 0.089, 'w8': 0.546, 'max_depth': 10, 'min_child_weight': 0, 'subsample': 0.30000000000000004, 'colsample_bytree': 0.7, 'gamma': 0.6000000000000001}. Best is trial 620 with value: 0.41707743528659197.
[I 2023-10-21 07:49:44,170] Trial 811 finished with value: 0.4127937685953375 and parameters: {'w0': 0.187, 'w1': 0.928, 'w2': 0.225, 'w3': 0.879, 'w4': 0.9430000000000001, 'w5': 0.373, 'w6': 0.987, 'w7': 0.17200000000000001, 'w8': 0.586, 'max_depth': 10, 'min_child_weight': 2, 'subsample': 0.30000000000000004, 'colsample_bytree': 0.7, 'gamma': 0.6000000000000001}. Best is trial 620 with value: 0.41707743528659197.
[I 2023-10-21 07:49:55,417] Trial 813 finished with value: 0.40222150130533263 and parameters: {'w0': 0.101, 'w1': 0.925, 'w2': 0.111, 'w3': 0.716, 'w4': 0.9520000000000001, 'w5': 0.376, 'w6': 0.985, 'w7': 0.169, 'w8': 0.542, 'max_depth': 10, 'min_child_weight': 2, 'subsample': 0.30000000000000004, 'colsample_bytree': 0.7, 'gamma': 0.6000000000000001}. Best is trial 620 with value: 0.41707743528659197.
[I 2023-10-21 07:50:02,627] Trial 814 finished with value: 0.39957395378410776 and parameters: {'w0': 0.10500000000000001, 'w1': 0.198, 'w2': 0.217, 'w3': 0.801, 'w4': 0.9490000000000001, 'w5': 0.37, 'w6': 0.985, 'w7': 0.20500000000000002, 'w8': 0.602, 'max_depth': 10, 'min_child_weight': 2, 'subsample': 0.30000000000000004, 'colsample_bytree': 0.7, 'gamma': 0.6000000000000001}. Best is trial 620 with value: 0.41707743528659197.
[I 2023-10-21 07:51:06,691] Trial 815 finished with value: 0.40595700197191054 and parameters: {'w0': 0.184, 'w1': 0.972, 'w2': 0.112, 'w3': 0.81, 'w4': 0.9480000000000001, 'w5': 0.373, 'w6': 1.0, 'w7': 0.165, 'w8': 0.394, 'max_depth': 10, 'min_child_weight': 2, 'subsample': 0.30000000000000004, 'colsample_bytree': 0.7, 'gamma': 0.6000000000000001}. Best is trial 620 with value: 0.41707743528659197.
[I 2023-10-21 07:51:33,893] Trial 816 finished with value: 0.4055419401062159 and parameters: {'w0': 0.10200000000000001, 'w1': 0.9390000000000001, 'w2': 0.228, 'w3': 0.805, 'w4': 0.9410000000000001, 'w5': 0.384, 'w6': 0.999, 'w7': 0.17500000000000002, 'w8': 0.602, 'max_depth': 10, 'min_child_weight': 2, 'subsample': 0.30000000000000004, 'colsample_bytree': 0.7, 'gamma': 0.6000000000000001}. Best is trial 620 with value: 0.41707743528659197.
[I 2023-10-21 07:54:01,004] Trial 817 finished with value: 0.40305084497313426 and parameters: {'w0': 0.22, 'w1': 0.9420000000000001, 'w2': 0.214, 'w3': 0.8160000000000001, 'w4': 0.466, 'w5': 0.385, 'w6': 0.981, 'w7': 0.201, 'w8': 0.389, 'max_depth': 10, 'min_child_weight': 2, 'subsample': 0.30000000000000004, 'colsample_bytree': 0.6000000000000001, 'gamma': 0.0}. Best is trial 620 with value: 0.41707743528659197.
[I 2023-10-21 07:57:53,865] Trial 818 finished with value: 0.41145726721170844 and parameters: {'w0': 0.123, 'w1': 0.9400000000000001, 'w2': 0.231, 'w3': 0.737, 'w4': 0.9380000000000001, 'w5': 0.382, 'w6': 0.9410000000000001, 'w7': 0.17600000000000002, 'w8': 0.389, 'max_depth': 10, 'min_child_weight': 2, 'subsample': 0.30000000000000004, 'colsample_bytree': 0.7, 'gamma': 0.0}. Best is trial 620 with value: 0.41707743528659197.
[I 2023-10-21 07:59:45,120] Trial 819 finished with value: 0.40496780777133895 and parameters: {'w0': 0.183, 'w1': 0.222, 'w2': 0.233, 'w3': 0.802, 'w4': 0.936, 'w5': 0.386, 'w6': 1.0, 'w7': 0.20800000000000002, 'w8': 0.384, 'max_depth': 10, 'min_child_weight': 2, 'subsample': 0.30000000000000004, 'colsample_bytree': 0.7, 'gamma': 0.0}. Best is trial 620 with value: 0.41707743528659197.
[I 2023-10-21 08:00:00,826] Trial 820 finished with value: 0.40022309750011076 and parameters: {'w0': 0.184, 'w1': 0.9450000000000001, 'w2': 0.202, 'w3': 0.809, 'w4': 0.936, 'w5': 0.374, 'w6': 0.146, 'w7': 0.20600000000000002, 'w8': 0.404, 'max_depth': 10, 'min_child_weight': 2, 'subsample': 0.30000000000000004, 'colsample_bytree': 0.7, 'gamma': 0.0}. Best is trial 620 with value: 0.41707743528659197.
[I 2023-10-21 08:00:47,097] Trial 821 finished with value: 0.4080483991785153 and parameters: {'w0': 0.116, 'w1': 0.9440000000000001, 'w2': 0.267, 'w3': 0.798, 'w4': 0.93, 'w5': 0.371, 'w6': 0.984, 'w7': 0.20400000000000001, 'w8': 0.391, 'max_depth': 10, 'min_child_weight': 2, 'subsample': 0.30000000000000004, 'colsample_bytree': 0.6000000000000001, 'gamma': 0.0}. Best is trial 620 with value: 0.41707743528659197.
[I 2023-10-21 08:02:45,217] Trial 822 finished with value: 0.4051346937997664 and parameters: {'w0': 0.18, 'w1': 0.969, 'w2': 0.20800000000000002, 'w3': 0.749, 'w4': 0.9380000000000001, 'w5': 0.373, 'w6': 1.0, 'w7': 0.20600000000000002, 'w8': 0.419, 'max_depth': 10, 'min_child_weight': 2, 'subsample': 0.30000000000000004, 'colsample_bytree': 0.6000000000000001, 'gamma': 0.0}. Best is trial 620 with value: 0.41707743528659197.
[I 2023-10-21 08:07:04,016] Trial 823 finished with value: 0.3991425626565342 and parameters: {'w0': 0.185, 'w1': 0.968, 'w2': 0.084, 'w3': 0.81, 'w4': 0.934, 'w5': 0.387, 'w6': 0.9420000000000001, 'w7': 0.20400000000000001, 'w8': 0.391, 'max_depth': 10, 'min_child_weight': 2, 'subsample': 0.30000000000000004, 'colsample_bytree': 0.6000000000000001, 'gamma': 0.0}. Best is trial 620 with value: 0.41707743528659197.
[I 2023-10-21 08:08:18,733] Trial 824 finished with value: 0.3924887352671832 and parameters: {'w0': 0.183, 'w1': 0.966, 'w2': 0.066, 'w3': 0.807, 'w4': 0.934, 'w5': 0.375, 'w6': 0.999, 'w7': 0.20800000000000002, 'w8': 0.393, 'max_depth': 10, 'min_child_weight': 2, 'subsample': 0.30000000000000004, 'colsample_bytree': 0.8, 'gamma': 0.0}. Best is trial 620 with value: 0.41707743528659197.
[I 2023-10-21 08:09:38,771] Trial 825 finished with value: 0.4125070572021131 and parameters: {'w0': 0.184, 'w1': 0.34800000000000003, 'w2': 0.198, 'w3': 0.8160000000000001, 'w4': 0.932, 'w5': 0.392, 'w6': 0.9410000000000001, 'w7': 0.20600000000000002, 'w8': 0.584, 'max_depth': 10, 'min_child_weight': 2, 'subsample': 0.30000000000000004, 'colsample_bytree': 0.8, 'gamma': 0.0}. Best is trial 620 with value: 0.41707743528659197.
[I 2023-10-21 08:09:39,429] Trial 826 finished with value: 0.40862138020928007 and parameters: {'w0': 0.181, 'w1': 0.969, 'w2': 0.266, 'w3': 0.796, 'w4': 0.932, 'w5': 0.391, 'w6': 0.9420000000000001, 'w7': 0.203, 'w8': 0.404, 'max_depth': 10, 'min_child_weight': 2, 'subsample': 0.30000000000000004, 'colsample_bytree': 0.6000000000000001, 'gamma': 0.0}. Best is trial 620 with value: 0.41707743528659197.
[I 2023-10-21 08:10:03,411] Trial 827 finished with value: 0.39855757951922427 and parameters: {'w0': 0.218, 'w1': 0.971, 'w2': 0.084, 'w3': 0.807, 'w4': 0.932, 'w5': 0.389, 'w6': 0.9400000000000001, 'w7': 0.20400000000000001, 'w8': 0.399, 'max_depth': 10, 'min_child_weight': 2, 'subsample': 0.30000000000000004, 'colsample_bytree': 0.8, 'gamma': 0.0}. Best is trial 620 with value: 0.41707743528659197.
[I 2023-10-21 08:10:16,626] Trial 830 finished with value: 0.4065761162845561 and parameters: {'w0': 0.188, 'w1': 0.971, 'w2': 0.197, 'w3': 0.8160000000000001, 'w4': 0.932, 'w5': 0.392, 'w6': 0.985, 'w7': 0.17, 'w8': 0.396, 'max_depth': 10, 'min_child_weight': 2, 'subsample': 0.30000000000000004, 'colsample_bytree': 0.6000000000000001, 'gamma': 0.0}. Best is trial 620 with value: 0.41707743528659197.
[I 2023-10-21 08:10:25,864] Trial 828 finished with value: 0.4076516855719321 and parameters: {'w0': 0.186, 'w1': 0.971, 'w2': 0.262, 'w3': 0.904, 'w4': 0.934, 'w5': 0.384, 'w6': 0.985, 'w7': 0.178, 'w8': 0.406, 'max_depth': 10, 'min_child_weight': 2, 'subsample': 0.30000000000000004, 'colsample_bytree': 0.7, 'gamma': 0.0}. Best is trial 620 with value: 0.41707743528659197.
[I 2023-10-21 08:10:39,153] Trial 838 finished with value: 0.3762431450277281 and parameters: {'w0': 0.218, 'w1': 0.971, 'w2': 0.28200000000000003, 'w3': 0.906, 'w4': 0.932, 'w5': 0.468, 'w6': 0.9400000000000001, 'w7': 0.129, 'w8': 0.51, 'max_depth': 10, 'min_child_weight': 2, 'subsample': 0.30000000000000004, 'colsample_bytree': 0.8, 'gamma': 3.6}. Best is trial 620 with value: 0.41707743528659197.
[I 2023-10-21 08:10:44,922] Trial 829 finished with value: 0.41238794199741513 and parameters: {'w0': 0.185, 'w1': 0.968, 'w2': 0.197, 'w3': 0.804, 'w4': 0.932, 'w5': 0.391, 'w6': 0.985, 'w7': 0.17500000000000002, 'w8': 0.405, 'max_depth': 10, 'min_child_weight': 2, 'subsample': 0.30000000000000004, 'colsample_bytree': 0.7, 'gamma': 0.0}. Best is trial 620 with value: 0.41707743528659197.
[I 2023-10-21 08:12:07,546] Trial 831 finished with value: 0.4127545001666129 and parameters: {'w0': 0.183, 'w1': 0.974, 'w2': 0.194, 'w3': 0.853, 'w4': 0.928, 'w5': 0.395, 'w6': 0.9390000000000001, 'w7': 0.17600000000000002, 'w8': 0.421, 'max_depth': 10, 'min_child_weight': 2, 'subsample': 0.30000000000000004, 'colsample_bytree': 0.7, 'gamma': 0.0}. Best is trial 620 with value: 0.41707743528659197.
[I 2023-10-21 08:12:14,973] Trial 832 finished with value: 0.40798664406058494 and parameters: {'w0': 0.186, 'w1': 0.97, 'w2': 0.194, 'w3': 0.8130000000000001, 'w4': 0.929, 'w5': 0.467, 'w6': 0.9460000000000001, 'w7': 0.17400000000000002, 'w8': 0.423, 'max_depth': 10, 'min_child_weight': 2, 'subsample': 0.30000000000000004, 'colsample_bytree': 0.7, 'gamma': 0.0}. Best is trial 620 with value: 0.41707743528659197.
[I 2023-10-21 08:14:52,187] Trial 833 finished with value: 0.4141099156718148 and parameters: {'w0': 0.184, 'w1': 0.974, 'w2': 0.199, 'w3': 0.753, 'w4': 0.93, 'w5': 0.468, 'w6': 0.9380000000000001, 'w7': 0.177, 'w8': 0.5740000000000001, 'max_depth': 10, 'min_child_weight': 2, 'subsample': 0.30000000000000004, 'colsample_bytree': 0.7, 'gamma': 0.0}. Best is trial 620 with value: 0.41707743528659197.
[I 2023-10-21 08:18:27,994] Trial 834 finished with value: 0.4117444864168027 and parameters: {'w0': 0.182, 'w1': 0.972, 'w2': 0.2, 'w3': 0.838, 'w4': 0.93, 'w5': 0.399, 'w6': 0.9440000000000001, 'w7': 0.128, 'w8': 0.506, 'max_depth': 10, 'min_child_weight': 2, 'subsample': 0.30000000000000004, 'colsample_bytree': 0.7, 'gamma': 0.0}. Best is trial 620 with value: 0.41707743528659197.
[I 2023-10-21 08:19:18,654] Trial 835 finished with value: 0.40529826339550995 and parameters: {'w0': 0.185, 'w1': 0.97, 'w2': 0.083, 'w3': 0.85, 'w4': 0.926, 'w5': 0.404, 'w6': 0.54, 'w7': 0.13, 'w8': 0.41700000000000004, 'max_depth': 10, 'min_child_weight': 2, 'subsample': 0.30000000000000004, 'colsample_bytree': 0.7, 'gamma': 0.2}. Best is trial 620 with value: 0.41707743528659197.
[I 2023-10-21 08:20:47,249] Trial 837 finished with value: 0.4156769431405041 and parameters: {'w0': 0.219, 'w1': 0.335, 'w2': 0.135, 'w3': 0.846, 'w4': 0.928, 'w5': 0.461, 'w6': 0.9430000000000001, 'w7': 0.132, 'w8': 0.581, 'max_depth': 10, 'min_child_weight': 2, 'subsample': 0.30000000000000004, 'colsample_bytree': 0.8, 'gamma': 0.4}. Best is trial 620 with value: 0.41707743528659197.
[I 2023-10-21 08:21:04,533] Trial 836 finished with value: 0.40867576346945417 and parameters: {'w0': 0.219, 'w1': 0.968, 'w2': 0.276, 'w3': 0.918, 'w4': 0.93, 'w5': 0.462, 'w6': 0.9420000000000001, 'w7': 0.126, 'w8': 0.581, 'max_depth': 10, 'min_child_weight': 2, 'subsample': 0.30000000000000004, 'colsample_bytree': 0.8, 'gamma': 0.2}. Best is trial 620 with value: 0.41707743528659197.
[I 2023-10-21 08:26:36,448] Trial 839 finished with value: 0.4101111424198918 and parameters: {'w0': 0.219, 'w1': 0.98, 'w2': 0.13, 'w3': 0.853, 'w4': 0.925, 'w5': 0.463, 'w6': 0.9440000000000001, 'w7': 0.14, 'w8': 0.499, 'max_depth': 10, 'min_child_weight': 2, 'subsample': 0.30000000000000004, 'colsample_bytree': 0.7, 'gamma': 0.4}. Best is trial 620 with value: 0.41707743528659197.
[I 2023-10-21 08:28:20,822] Trial 840 finished with value: 0.40806873302845115 and parameters: {'w0': 0.216, 'w1': 0.983, 'w2': 0.281, 'w3': 0.775, 'w4': 0.923, 'w5': 0.46900000000000003, 'w6': 0.9410000000000001, 'w7': 0.128, 'w8': 0.486, 'max_depth': 10, 'min_child_weight': 2, 'subsample': 0.30000000000000004, 'colsample_bytree': 0.7, 'gamma': 0.4}. Best is trial 620 with value: 0.41707743528659197.
[I 2023-10-21 08:28:47,880] Trial 841 finished with value: 0.41158374917843166 and parameters: {'w0': 0.216, 'w1': 0.982, 'w2': 0.129, 'w3': 0.914, 'w4': 0.904, 'w5': 0.464, 'w6': 0.9410000000000001, 'w7': 0.129, 'w8': 0.5650000000000001, 'max_depth': 10, 'min_child_weight': 2, 'subsample': 0.30000000000000004, 'colsample_bytree': 0.7, 'gamma': 0.4}. Best is trial 620 with value: 0.41707743528659197.
[I 2023-10-21 08:29:16,122] Trial 842 finished with value: 0.4103120619085351 and parameters: {'w0': 0.217, 'w1': 0.983, 'w2': 0.147, 'w3': 0.849, 'w4': 0.903, 'w5': 0.466, 'w6': 0.534, 'w7': 0.14300000000000002, 'w8': 0.48000000000000004, 'max_depth': 10, 'min_child_weight': 2, 'subsample': 0.30000000000000004, 'colsample_bytree': 0.7, 'gamma': 0.4}. Best is trial 620 with value: 0.41707743528659197.
[I 2023-10-21 08:29:22,138] Trial 843 finished with value: 0.4122541798872163 and parameters: {'w0': 0.214, 'w1': 1.0, 'w2': 0.133, 'w3': 0.916, 'w4': 0.904, 'w5': 0.463, 'w6': 0.982, 'w7': 0.14100000000000001, 'w8': 0.511, 'max_depth': 10, 'min_child_weight': 2, 'subsample': 0.30000000000000004, 'colsample_bytree': 0.7, 'gamma': 0.4}. Best is trial 620 with value: 0.41707743528659197.
[I 2023-10-21 08:29:38,447] Trial 847 finished with value: 0.3723443919572299 and parameters: {'w0': 0.24000000000000002, 'w1': 0.989, 'w2': 0.139, 'w3': 0.841, 'w4': 0.904, 'w5': 0.46, 'w6': 0.98, 'w7': 0.013000000000000001, 'w8': 0.579, 'max_depth': 10, 'min_child_weight': 2, 'subsample': 0.30000000000000004, 'colsample_bytree': 0.8, 'gamma': 0.4}. Best is trial 620 with value: 0.41707743528659197.
[I 2023-10-21 08:29:42,474] Trial 849 finished with value: 0.3573176021602441 and parameters: {'w0': 0.241, 'w1': 0.169, 'w2': 0.129, 'w3': 0.853, 'w4': 0.359, 'w5': 0.461, 'w6': 0.981, 'w7': 0.007, 'w8': 0.465, 'max_depth': 10, 'min_child_weight': 2, 'subsample': 0.30000000000000004, 'colsample_bytree': 0.8, 'gamma': 0.4}. Best is trial 620 with value: 0.41707743528659197.
[I 2023-10-21 08:29:46,373] Trial 844 finished with value: 0.41098683200165537 and parameters: {'w0': 0.24000000000000002, 'w1': 1.0, 'w2': 0.134, 'w3': 0.905, 'w4': 0.905, 'w5': 0.463, 'w6': 0.98, 'w7': 0.13, 'w8': 0.496, 'max_depth': 10, 'min_child_weight': 2, 'subsample': 0.30000000000000004, 'colsample_bytree': 0.7, 'gamma': 0.4}. Best is trial 620 with value: 0.41707743528659197.
[I 2023-10-21 08:30:04,158] Trial 845 finished with value: 0.4061790493257792 and parameters: {'w0': 0.23900000000000002, 'w1': 0.986, 'w2': 0.28500000000000003, 'w3': 0.154, 'w4': 0.9590000000000001, 'w5': 0.455, 'w6': 0.979, 'w7': 0.132, 'w8': 0.502, 'max_depth': 10, 'min_child_weight': 2, 'subsample': 0.30000000000000004, 'colsample_bytree': 0.7, 'gamma': 0.4}. Best is trial 620 with value: 0.41707743528659197.
[I 2023-10-21 08:30:24,099] Trial 846 finished with value: 0.41558577051471035 and parameters: {'w0': 0.214, 'w1': 0.986, 'w2': 0.14400000000000002, 'w3': 0.775, 'w4': 0.9600000000000001, 'w5': 0.41400000000000003, 'w6': 0.98, 'w7': 0.14400000000000002, 'w8': 0.598, 'max_depth': 10, 'min_child_weight': 2, 'subsample': 0.30000000000000004, 'colsample_bytree': 0.7, 'gamma': 0.4}. Best is trial 620 with value: 0.41707743528659197.
[I 2023-10-21 08:32:35,317] Trial 848 finished with value: 0.41079076729907005 and parameters: {'w0': 0.244, 'w1': 0.997, 'w2': 0.135, 'w3': 0.751, 'w4': 0.9560000000000001, 'w5': 0.465, 'w6': 0.983, 'w7': 0.14500000000000002, 'w8': 0.5770000000000001, 'max_depth': 10, 'min_child_weight': 2, 'subsample': 0.30000000000000004, 'colsample_bytree': 0.8, 'gamma': 0.4}. Best is trial 620 with value: 0.41707743528659197.
[I 2023-10-21 08:35:36,975] Trial 850 finished with value: 0.41502452414717117 and parameters: {'w0': 0.23900000000000002, 'w1': 0.988, 'w2': 0.161, 'w3': 0.778, 'w4': 0.908, 'w5': 0.459, 'w6': 0.9510000000000001, 'w7': 0.148, 'w8': 0.497, 'max_depth': 10, 'min_child_weight': 2, 'subsample': 0.30000000000000004, 'colsample_bytree': 0.8, 'gamma': 0.2}. Best is trial 620 with value: 0.41707743528659197.
[I 2023-10-21 08:38:33,033] Trial 851 finished with value: 0.41454674651607226 and parameters: {'w0': 0.23600000000000002, 'w1': 1.0, 'w2': 0.166, 'w3': 0.756, 'w4': 0.903, 'w5': 0.465, 'w6': 0.9580000000000001, 'w7': 0.146, 'w8': 0.5650000000000001, 'max_depth': 10, 'min_child_weight': 2, 'subsample': 0.30000000000000004, 'colsample_bytree': 0.8, 'gamma': 0.4}. Best is trial 620 with value: 0.41707743528659197.
[I 2023-10-21 08:39:02,984] Trial 852 finished with value: 0.4078478853331961 and parameters: {'w0': 0.243, 'w1': 0.991, 'w2': 0.13, 'w3': 0.769, 'w4': 0.912, 'w5': 0.464, 'w6': 0.9560000000000001, 'w7': 0.153, 'w8': 0.556, 'max_depth': 10, 'min_child_weight': 2, 'subsample': 0.30000000000000004, 'colsample_bytree': 0.8, 'gamma': 0.4}. Best is trial 620 with value: 0.41707743528659197.
[I 2023-10-21 08:41:18,619] Trial 854 finished with value: 0.40993914230962925 and parameters: {'w0': 0.242, 'w1': 0.999, 'w2': 0.132, 'w3': 0.774, 'w4': 0.961, 'w5': 0.467, 'w6': 0.961, 'w7': 0.151, 'w8': 0.5700000000000001, 'max_depth': 10, 'min_child_weight': 2, 'subsample': 0.30000000000000004, 'colsample_bytree': 0.8, 'gamma': 0.4}. Best is trial 620 with value: 0.41707743528659197.
[I 2023-10-21 08:41:21,242] Trial 853 finished with value: 0.40824687109396096 and parameters: {'w0': 0.234, 'w1': 0.997, 'w2': 0.129, 'w3': 0.776, 'w4': 0.903, 'w5': 0.463, 'w6': 0.975, 'w7': 0.135, 'w8': 0.62, 'max_depth': 10, 'min_child_weight': 2, 'subsample': 0.30000000000000004, 'colsample_bytree': 0.8, 'gamma': 0.4}. Best is trial 620 with value: 0.41707743528659197.
[I 2023-10-21 08:42:12,445] Trial 857 finished with value: 0.4060187767507593 and parameters: {'w0': 0.249, 'w1': 0.996, 'w2': 0.151, 'w3': 0.669, 'w4': 0.9600000000000001, 'w5': 0.465, 'w6': 0.978, 'w7': 0.147, 'w8': 0.5650000000000001, 'max_depth': 6, 'min_child_weight': 2, 'subsample': 0.2, 'colsample_bytree': 0.8, 'gamma': 0.4}. Best is trial 620 with value: 0.41707743528659197.
[I 2023-10-21 08:43:23,842] Trial 861 finished with value: 0.408670763698292 and parameters: {'w0': 0.251, 'w1': 0.9480000000000001, 'w2': 0.155, 'w3': 0.753, 'w4': 0.9530000000000001, 'w5': 0.41700000000000004, 'w6': 0.963, 'w7': 0.148, 'w8': 0.558, 'max_depth': 6, 'min_child_weight': 2, 'subsample': 0.2, 'colsample_bytree': 0.8, 'gamma': 0.2}. Best is trial 620 with value: 0.41707743528659197.
[I 2023-10-21 08:43:41,436] Trial 863 finished with value: 0.4060968432950423 and parameters: {'w0': 0.257, 'w1': 0.28600000000000003, 'w2': 0.155, 'w3': 0.714, 'w4': 0.961, 'w5': 0.419, 'w6': 0.961, 'w7': 0.147, 'w8': 0.5730000000000001, 'max_depth': 6, 'min_child_weight': 2, 'subsample': 0.2, 'colsample_bytree': 0.8, 'gamma': 0.2}. Best is trial 620 with value: 0.41707743528659197.
