[I 2023-10-20 19:08:55,331] Trial 84 finished with value: 0.3810236365080783 and parameters: {'w0': 0.292, 'w1': 0.64, 'w2': 0.873, 'w3': 0.855, 'w4': 0.52, 'w5': 0.491, 'w6': 0.533, 'w7': 0.931, 'w8': 0.8290000000000001, 'max_depth': 7, 'min_child_weight': 4, 'subsample': 0.9000000000000001, 'colsample_bytree': 0.4, 'gamma': 0.0}. Best is trial 53 with value: 0.3987551434071953.
[I 2023-10-20 19:10:41,953] Trial 85 finished with value: 0.393066815137942 and parameters: {'w0': 0.9530000000000001, 'w1': 0.652, 'w2': 0.878, 'w3': 0.863, 'w4': 0.515, 'w5': 0.511, 'w6': 0.756, 'w7': 0.884, 'w8': 0.8270000000000001, 'max_depth': 7, 'min_child_weight': 4, 'subsample': 0.9000000000000001, 'colsample_bytree': 0.5, 'gamma': 0.2}. Best is trial 53 with value: 0.3987551434071953.
[I 2023-10-20 19:11:33,544] Trial 86 finished with value: 0.38764644171582874 and parameters: {'w0': 0.965, 'w1': 0.652, 'w2': 0.899, 'w3': 0.874, 'w4': 0.531, 'w5': 0.496, 'w6': 0.746, 'w7': 0.908, 'w8': 0.8260000000000001, 'max_depth': 7, 'min_child_weight': 4, 'subsample': 0.9000000000000001, 'colsample_bytree': 0.4, 'gamma': 0.6000000000000001}. Best is trial 53 with value: 0.3987551434071953.
[I 2023-10-20 19:14:04,981] Trial 87 finished with value: 0.3835745176193036 and parameters: {'w0': 0.9500000000000001, 'w1': 0.659, 'w2': 0.906, 'w3': 0.838, 'w4': 0.535, 'w5': 0.489, 'w6': 0.507, 'w7': 0.929, 'w8': 0.8330000000000001, 'max_depth': 7, 'min_child_weight': 4, 'subsample': 0.9000000000000001, 'colsample_bytree': 0.4, 'gamma': 0.0}. Best is trial 53 with value: 0.3987551434071953.
[I 2023-10-20 19:14:25,245] Trial 95 finished with value: 0.3853481616834827 and parameters: {'w0': 0.965, 'w1': 0.522, 'w2': 0.923, 'w3': 0.8180000000000001, 'w4': 0.386, 'w5': 0.553, 'w6': 0.935, 'w7': 0.868, 'w8': 0.9530000000000001, 'max_depth': 7, 'min_child_weight': 0, 'subsample': 1.0, 'colsample_bytree': 0.4, 'gamma': 0.6000000000000001}. Best is trial 53 with value: 0.3987551434071953.
[I 2023-10-20 19:14:36,524] Trial 89 finished with value: 0.3858739583421442 and parameters: {'w0': 0.9460000000000001, 'w1': 0.53, 'w2': 0.9420000000000001, 'w3': 0.847, 'w4': 0.511, 'w5': 0.492, 'w6': 0.9440000000000001, 'w7': 0.926, 'w8': 0.547, 'max_depth': 7, 'min_child_weight': 4, 'subsample': 1.0, 'colsample_bytree': 0.4, 'gamma': 0.2}. Best is trial 53 with value: 0.3987551434071953.
[I 2023-10-20 19:14:56,368] Trial 94 finished with value: 0.38489481344041127 and parameters: {'w0': 0.964, 'w1': 0.538, 'w2': 0.917, 'w3': 0.8260000000000001, 'w4': 0.376, 'w5': 0.5640000000000001, 'w6': 0.9400000000000001, 'w7': 0.857, 'w8': 0.9500000000000001, 'max_depth': 7, 'min_child_weight': 4, 'subsample': 1.0, 'colsample_bytree': 0.4, 'gamma': 0.4}. Best is trial 53 with value: 0.3987551434071953.
[I 2023-10-20 19:15:04,808] Trial 96 finished with value: 0.3844086381026013 and parameters: {'w0': 0.966, 'w1': 0.526, 'w2': 0.913, 'w3': 0.8210000000000001, 'w4': 0.379, 'w5': 0.538, 'w6': 0.9430000000000001, 'w7': 0.855, 'w8': 0.9590000000000001, 'max_depth': 7, 'min_child_weight': 0, 'subsample': 1.0, 'colsample_bytree': 0.4, 'gamma': 0.6000000000000001}. Best is trial 53 with value: 0.3987551434071953.
[I 2023-10-20 19:15:24,655] Trial 88 finished with value: 0.3891004754403201 and parameters: {'w0': 0.9530000000000001, 'w1': 0.545, 'w2': 0.873, 'w3': 0.8330000000000001, 'w4': 0.516, 'w5': 0.432, 'w6': 0.748, 'w7': 0.861, 'w8': 0.799, 'max_depth': 7, 'min_child_weight': 4, 'subsample': 0.9000000000000001, 'colsample_bytree': 0.4, 'gamma': 0.0}. Best is trial 53 with value: 0.3987551434071953.
[I 2023-10-20 19:15:57,820] Trial 78 finished with value: 0.38297906793826103 and parameters: {'w0': 0.9540000000000001, 'w1': 0.643, 'w2': 0.876, 'w3': 0.85, 'w4': 0.531, 'w5': 0.532, 'w6': 0.516, 'w7': 0.763, 'w8': 0.8140000000000001, 'max_depth': 8, 'min_child_weight': 0, 'subsample': 0.9000000000000001, 'colsample_bytree': 0.5, 'gamma': 0.0}. Best is trial 53 with value: 0.3987551434071953.
[I 2023-10-20 19:16:03,490] Trial 97 finished with value: 0.38433684704103993 and parameters: {'w0': 0.781, 'w1': 0.544, 'w2': 0.926, 'w3': 0.8190000000000001, 'w4': 0.623, 'w5': 0.545, 'w6': 0.935, 'w7': 0.868, 'w8': 0.9550000000000001, 'max_depth': 7, 'min_child_weight': 0, 'subsample': 1.0, 'colsample_bytree': 0.5, 'gamma': 0.6000000000000001}. Best is trial 53 with value: 0.3987551434071953.
[I 2023-10-20 19:16:34,328] Trial 92 finished with value: 0.392432674488773 and parameters: {'w0': 0.9530000000000001, 'w1': 0.535, 'w2': 0.9, 'w3': 0.8200000000000001, 'w4': 0.634, 'w5': 0.534, 'w6': 0.9410000000000001, 'w7': 0.75, 'w8': 0.9480000000000001, 'max_depth': 7, 'min_child_weight': 4, 'subsample': 1.0, 'colsample_bytree': 0.4, 'gamma': 0.2}. Best is trial 53 with value: 0.3987551434071953.
[I 2023-10-20 19:16:45,160] Trial 90 finished with value: 0.3901726670748271 and parameters: {'w0': 0.9580000000000001, 'w1': 0.54, 'w2': 0.912, 'w3': 0.8220000000000001, 'w4': 0.508, 'w5': 0.47400000000000003, 'w6': 0.747, 'w7': 0.888, 'w8': 0.9450000000000001, 'max_depth': 7, 'min_child_weight': 4, 'subsample': 1.0, 'colsample_bytree': 0.4, 'gamma': 0.0}. Best is trial 53 with value: 0.3987551434071953.
[I 2023-10-20 19:16:50,959] Trial 93 finished with value: 0.3933419991083547 and parameters: {'w0': 0.961, 'w1': 0.525, 'w2': 0.904, 'w3': 0.8190000000000001, 'w4': 0.387, 'w5': 0.535, 'w6': 0.9420000000000001, 'w7': 0.753, 'w8': 0.9420000000000001, 'max_depth': 7, 'min_child_weight': 4, 'subsample': 1.0, 'colsample_bytree': 0.4, 'gamma': 0.2}. Best is trial 53 with value: 0.3987551434071953.
[I 2023-10-20 19:16:55,723] Trial 91 finished with value: 0.3951547001601069 and parameters: {'w0': 0.9540000000000001, 'w1': 0.658, 'w2': 0.907, 'w3': 0.8270000000000001, 'w4': 0.518, 'w5': 0.533, 'w6': 0.9470000000000001, 'w7': 0.894, 'w8': 0.9430000000000001, 'max_depth': 7, 'min_child_weight': 4, 'subsample': 1.0, 'colsample_bytree': 0.4, 'gamma': 0.0}. Best is trial 53 with value: 0.3987551434071953.
[I 2023-10-20 19:18:05,457] Trial 98 finished with value: 0.3776729284357909 and parameters: {'w0': 0.78, 'w1': 0.534, 'w2': 0.929, 'w3': 0.8250000000000001, 'w4': 0.626, 'w5': 0.459, 'w6': 0.437, 'w7': 0.852, 'w8': 0.791, 'max_depth': 7, 'min_child_weight': 0, 'subsample': 1.0, 'colsample_bytree': 0.5, 'gamma': 0.6000000000000001}. Best is trial 53 with value: 0.3987551434071953.
[I 2023-10-20 19:18:46,988] Trial 99 finished with value: 0.3775629007191302 and parameters: {'w0': 0.798, 'w1': 0.55, 'w2': 0.914, 'w3': 0.8160000000000001, 'w4': 0.381, 'w5': 0.556, 'w6': 0.443, 'w7': 0.845, 'w8': 0.9440000000000001, 'max_depth': 8, 'min_child_weight': 0, 'subsample': 1.0, 'colsample_bytree': 0.5, 'gamma': 0.6000000000000001}. Best is trial 53 with value: 0.3987551434071953.
[I 2023-10-20 19:19:14,738] Trial 100 finished with value: 0.3859463128572058 and parameters: {'w0': 0.974, 'w1': 0.545, 'w2': 0.917, 'w3': 0.804, 'w4': 0.366, 'w5': 0.546, 'w6': 0.9430000000000001, 'w7': 0.858, 'w8': 0.9400000000000001, 'max_depth': 8, 'min_child_weight': 8, 'subsample': 1.0, 'colsample_bytree': 0.5, 'gamma': 0.6000000000000001}. Best is trial 53 with value: 0.3987551434071953.
[I 2023-10-20 19:19:57,357] Trial 101 finished with value: 0.3875678248406483 and parameters: {'w0': 0.801, 'w1': 0.528, 'w2': 0.9460000000000001, 'w3': 0.743, 'w4': 0.381, 'w5': 0.546, 'w6': 0.931, 'w7': 0.853, 'w8': 0.9500000000000001, 'max_depth': 8, 'min_child_weight': 8, 'subsample': 1.0, 'colsample_bytree': 0.5, 'gamma': 0.6000000000000001}. Best is trial 53 with value: 0.3987551434071953.
[I 2023-10-20 19:21:39,575] Trial 111 finished with value: 0.344674839489992 and parameters: {'w0': 0.8160000000000001, 'w1': 0.6900000000000001, 'w2': 0.965, 'w3': 0.758, 'w4': 0.557, 'w5': 0.329, 'w6': 0.901, 'w7': 0.438, 'w8': 0.894, 'max_depth': 8, 'min_child_weight': 8, 'subsample': 1.0, 'colsample_bytree': 0.3, 'gamma': 7.2}. Best is trial 53 with value: 0.3987551434071953.
[I 2023-10-20 19:22:48,786] Trial 102 finished with value: 0.3875324907852619 and parameters: {'w0': 0.784, 'w1': 0.533, 'w2': 0.923, 'w3': 0.73, 'w4': 0.632, 'w5': 0.532, 'w6': 0.9460000000000001, 'w7': 0.86, 'w8': 0.9490000000000001, 'max_depth': 8, 'min_child_weight': 6, 'subsample': 1.0, 'colsample_bytree': 0.5, 'gamma': 0.6000000000000001}. Best is trial 53 with value: 0.3987551434071953.
[I 2023-10-20 19:23:29,827] Trial 106 finished with value: 0.38018933080424133 and parameters: {'w0': 0.804, 'w1': 0.7020000000000001, 'w2': 0.962, 'w3': 0.786, 'w4': 0.629, 'w5': 0.455, 'w6': 0.468, 'w7': 0.756, 'w8': 0.783, 'max_depth': 8, 'min_child_weight': 6, 'subsample': 1.0, 'colsample_bytree': 0.5, 'gamma': 0.6000000000000001}. Best is trial 53 with value: 0.3987551434071953.
[I 2023-10-20 19:23:33,520] Trial 105 finished with value: 0.37654516787497594 and parameters: {'w0': 0.766, 'w1': 0.7020000000000001, 'w2': 0.969, 'w3': 0.747, 'w4': 0.632, 'w5': 0.45, 'w6': 0.444, 'w7': 0.986, 'w8': 0.78, 'max_depth': 8, 'min_child_weight': 6, 'subsample': 1.0, 'colsample_bytree': 0.5, 'gamma': 0.6000000000000001}. Best is trial 53 with value: 0.3987551434071953.
[I 2023-10-20 19:24:56,040] Trial 117 finished with value: 0.35398423915267396 and parameters: {'w0': 0.856, 'w1': 0.488, 'w2': 0.988, 'w3': 0.774, 'w4': 0.47500000000000003, 'w5': 0.66, 'w6': 0.895, 'w7': 0.99, 'w8': 0.897, 'max_depth': 8, 'min_child_weight': 6, 'subsample': 1.0, 'colsample_bytree': 0.3, 'gamma': 7.800000000000001}. Best is trial 53 with value: 0.3987551434071953.
[I 2023-10-20 19:24:58,909] Trial 104 finished with value: 0.3801139338305193 and parameters: {'w0': 0.798, 'w1': 0.71, 'w2': 0.969, 'w3': 0.782, 'w4': 0.636, 'w5': 0.446, 'w6': 0.448, 'w7': 0.974, 'w8': 0.895, 'max_depth': 8, 'min_child_weight': 6, 'subsample': 1.0, 'colsample_bytree': 0.5, 'gamma': 0.4}. Best is trial 53 with value: 0.3987551434071953.
[I 2023-10-20 19:25:14,913] Trial 107 finished with value: 0.37137816187889716 and parameters: {'w0': 0.8150000000000001, 'w1': 0.6930000000000001, 'w2': 0.737, 'w3': 0.732, 'w4': 0.651, 'w5': 0.323, 'w6': 0.455, 'w7': 0.979, 'w8': 0.68, 'max_depth': 8, 'min_child_weight': 8, 'subsample': 1.0, 'colsample_bytree': 0.5, 'gamma': 0.4}. Best is trial 53 with value: 0.3987551434071953.
[I 2023-10-20 19:25:37,412] Trial 108 finished with value: 0.3861738024922504 and parameters: {'w0': 0.795, 'w1': 0.705, 'w2': 0.838, 'w3': 0.736, 'w4': 0.629, 'w5': 0.33, 'w6': 0.446, 'w7': 0.739, 'w8': 0.903, 'max_depth': 8, 'min_child_weight': 8, 'subsample': 1.0, 'colsample_bytree': 0.5, 'gamma': 0.4}. Best is trial 53 with value: 0.3987551434071953.
[I 2023-10-20 19:26:18,366] Trial 103 finished with value: 0.3866318644029174 and parameters: {'w0': 0.793, 'w1': 0.744, 'w2': 0.965, 'w3': 0.734, 'w4': 0.632, 'w5': 0.439, 'w6': 0.899, 'w7': 0.841, 'w8': 0.79, 'max_depth': 8, 'min_child_weight': 0, 'subsample': 1.0, 'colsample_bytree': 0.5, 'gamma': 0.4}. Best is trial 53 with value: 0.3987551434071953.
[I 2023-10-20 19:26:54,278] Trial 112 finished with value: 0.3902862817566512 and parameters: {'w0': 0.8220000000000001, 'w1': 0.47900000000000004, 'w2': 0.961, 'w3': 0.756, 'w4': 0.343, 'w5': 0.653, 'w6': 0.88, 'w7': 0.739, 'w8': 0.893, 'max_depth': 8, 'min_child_weight': 6, 'subsample': 1.0, 'colsample_bytree': 0.5, 'gamma': 0.4}. Best is trial 53 with value: 0.3987551434071953.
[I 2023-10-20 19:27:00,764] Trial 110 finished with value: 0.38422250548055775 and parameters: {'w0': 0.8320000000000001, 'w1': 0.716, 'w2': 0.9570000000000001, 'w3': 0.901, 'w4': 0.658, 'w5': 0.459, 'w6': 0.887, 'w7': 0.996, 'w8': 0.903, 'max_depth': 8, 'min_child_weight': 8, 'subsample': 1.0, 'colsample_bytree': 0.3, 'gamma': 0.4}. Best is trial 53 with value: 0.3987551434071953.
[I 2023-10-20 19:27:24,907] Trial 113 finished with value: 0.3843266933981547 and parameters: {'w0': 0.842, 'w1': 0.6910000000000001, 'w2': 0.9540000000000001, 'w3': 0.751, 'w4': 0.31, 'w5': 0.715, 'w6': 0.893, 'w7': 0.998, 'w8': 0.894, 'max_depth': 8, 'min_child_weight': 8, 'subsample': 1.0, 'colsample_bytree': 0.3, 'gamma': 0.4}. Best is trial 53 with value: 0.3987551434071953.
[I 2023-10-20 19:28:28,108] Trial 114 finished with value: 0.3832957144799227 and parameters: {'w0': 0.992, 'w1': 0.705, 'w2': 0.963, 'w3': 0.734, 'w4': 0.553, 'w5': 0.42, 'w6': 0.909, 'w7': 0.989, 'w8': 0.878, 'max_depth': 8, 'min_child_weight': 8, 'subsample': 1.0, 'colsample_bytree': 0.3, 'gamma': 0.4}. Best is trial 53 with value: 0.3987551434071953.
[I 2023-10-20 19:28:34,298] Trial 116 finished with value: 0.38379195507862746 and parameters: {'w0': 0.995, 'w1': 0.6940000000000001, 'w2': 0.9600000000000001, 'w3': 0.77, 'w4': 0.202, 'w5': 0.324, 'w6': 0.9, 'w7': 0.41700000000000004, 'w8': 0.897, 'max_depth': 8, 'min_child_weight': 6, 'subsample': 1.0, 'colsample_bytree': 0.5, 'gamma': 0.4}. Best is trial 53 with value: 0.3987551434071953.
[I 2023-10-20 19:29:02,563] Trial 115 finished with value: 0.3829405532133514 and parameters: {'w0': 0.995, 'w1': 0.49, 'w2': 0.966, 'w3': 0.751, 'w4': 0.28800000000000003, 'w5': 0.326, 'w6': 0.903, 'w7': 0.968, 'w8': 0.894, 'max_depth': 8, 'min_child_weight': 6, 'subsample': 1.0, 'colsample_bytree': 0.3, 'gamma': 0.4}. Best is trial 53 with value: 0.3987551434071953.
[I 2023-10-20 19:30:19,326] Trial 124 finished with value: 0.3557216488054438 and parameters: {'w0': 0.6970000000000001, 'w1': 0.726, 'w2': 0.834, 'w3': 0.538, 'w4': 0.338, 'w5': 0.404, 'w6': 0.966, 'w7': 0.743, 'w8': 0.914, 'max_depth': 9, 'min_child_weight': 20, 'subsample': 0.7, 'colsample_bytree': 0.4, 'gamma': 9.8}. Best is trial 53 with value: 0.3987551434071953.
[I 2023-10-20 19:31:27,224] Trial 118 finished with value: 0.3881228942807621 and parameters: {'w0': 1.0, 'w1': 0.488, 'w2': 0.725, 'w3': 0.775, 'w4': 0.337, 'w5': 0.651, 'w6': 0.901, 'w7': 0.738, 'w8': 0.976, 'max_depth': 8, 'min_child_weight': 6, 'subsample': 1.0, 'colsample_bytree': 0.3, 'gamma': 0.4}. Best is trial 53 with value: 0.3987551434071953.
[I 2023-10-20 19:35:53,439] Trial 109 finished with value: 0.39005789683012315 and parameters: {'w0': 0.803, 'w1': 0.73, 'w2': 0.9570000000000001, 'w3': 0.903, 'w4': 0.486, 'w5': 0.437, 'w6': 0.446, 'w7': 0.439, 'w8': 0.673, 'max_depth': 8, 'min_child_weight': 0, 'subsample': 0.7, 'colsample_bytree': 0.5, 'gamma': 0.4}. Best is trial 53 with value: 0.3987551434071953.
[I 2023-10-20 19:36:27,501] Trial 126 finished with value: 0.3906242085959856 and parameters: {'w0': 0.998, 'w1': 0.5670000000000001, 'w2': 0.765, 'w3': 0.899, 'w4': 0.318, 'w5': 0.41500000000000004, 'w6': 0.971, 'w7': 0.725, 'w8': 0.92, 'max_depth': 6, 'min_child_weight': 2, 'subsample': 0.7, 'colsample_bytree': 0.3, 'gamma': 1.4000000000000001}. Best is trial 53 with value: 0.3987551434071953.
[I 2023-10-20 19:36:40,810] Trial 125 finished with value: 0.391360995205044 and parameters: {'w0': 0.998, 'w1': 0.736, 'w2': 0.8330000000000001, 'w3': 0.898, 'w4': 0.314, 'w5': 0.579, 'w6': 0.97, 'w7': 0.508, 'w8': 0.981, 'max_depth': 7, 'min_child_weight': 20, 'subsample': 0.7, 'colsample_bytree': 0.3, 'gamma': 1.4000000000000001}. Best is trial 53 with value: 0.3987551434071953.
[I 2023-10-20 19:37:35,689] Trial 131 finished with value: 0.39007076617409664 and parameters: {'w0': 0.867, 'w1': 0.778, 'w2': 0.997, 'w3': 0.554, 'w4': 0.34, 'w5': 0.585, 'w6': 0.978, 'w7': 0.742, 'w8': 0.973, 'max_depth': 9, 'min_child_weight': 10, 'subsample': 0.9000000000000001, 'colsample_bytree': 0.4, 'gamma': 1.6}. Best is trial 53 with value: 0.3987551434071953.
[I 2023-10-20 19:38:14,008] Trial 119 finished with value: 0.3961969063987981 and parameters: {'w0': 0.992, 'w1': 0.714, 'w2': 0.836, 'w3': 0.899, 'w4': 0.245, 'w5': 0.685, 'w6': 0.97, 'w7': 0.738, 'w8': 0.906, 'max_depth': 8, 'min_child_weight': 4, 'subsample': 0.7, 'colsample_bytree': 0.3, 'gamma': 0.4}. Best is trial 53 with value: 0.3987551434071953.
[I 2023-10-20 19:38:23,192] Trial 120 finished with value: 0.3907405264714977 and parameters: {'w0': 0.845, 'w1': 0.48000000000000004, 'w2': 0.8320000000000001, 'w3': 0.898, 'w4': 0.20400000000000001, 'w5': 0.673, 'w6': 0.971, 'w7': 0.969, 'w8': 0.882, 'max_depth': 8, 'min_child_weight': 6, 'subsample': 0.7, 'colsample_bytree': 0.3, 'gamma': 0.4}. Best is trial 53 with value: 0.3987551434071953.
[I 2023-10-20 19:38:37,084] Trial 121 finished with value: 0.39591653226955803 and parameters: {'w0': 0.995, 'w1': 0.739, 'w2': 0.722, 'w3': 0.9400000000000001, 'w4': 0.278, 'w5': 0.583, 'w6': 0.972, 'w7': 0.743, 'w8': 0.923, 'max_depth': 8, 'min_child_weight': 6, 'subsample': 0.7, 'colsample_bytree': 0.3, 'gamma': 0.4}. Best is trial 53 with value: 0.3987551434071953.
[I 2023-10-20 19:38:54,205] Trial 133 finished with value: 0.38624222087030025 and parameters: {'w0': 0.867, 'w1': 0.448, 'w2': 0.8320000000000001, 'w3': 0.9400000000000001, 'w4': 0.488, 'w5': 0.587, 'w6': 0.977, 'w7': 0.496, 'w8': 0.976, 'max_depth': 7, 'min_child_weight': 2, 'subsample': 0.9000000000000001, 'colsample_bytree': 0.4, 'gamma': 1.4000000000000001}. Best is trial 53 with value: 0.3987551434071953.
[I 2023-10-20 19:39:12,671] Trial 134 finished with value: 0.3880254976906748 and parameters: {'w0': 0.367, 'w1': 0.5650000000000001, 'w2': 0.764, 'w3': 0.9400000000000001, 'w4': 0.486, 'w5': 0.582, 'w6': 0.973, 'w7': 0.383, 'w8': 0.972, 'max_depth': 7, 'min_child_weight': 2, 'subsample': 0.9000000000000001, 'colsample_bytree': 0.6000000000000001, 'gamma': 1.6}. Best is trial 53 with value: 0.3987551434071953.
[I 2023-10-20 19:39:16,054] Trial 122 finished with value: 0.39189877939016843 and parameters: {'w0': 0.984, 'w1': 0.752, 'w2': 0.837, 'w3': 0.706, 'w4': 0.269, 'w5': 0.584, 'w6': 0.973, 'w7': 0.741, 'w8': 0.917, 'max_depth': 8, 'min_child_weight': 10, 'subsample': 0.7, 'colsample_bytree': 0.3, 'gamma': 0.4}. Best is trial 53 with value: 0.3987551434071953.
[I 2023-10-20 19:39:18,319] Trial 127 finished with value: 0.3879407950282235 and parameters: {'w0': 0.992, 'w1': 0.5650000000000001, 'w2': 0.835, 'w3': 0.554, 'w4': 0.321, 'w5': 0.732, 'w6': 0.971, 'w7': 0.504, 'w8': 0.975, 'max_depth': 9, 'min_child_weight': 6, 'subsample': 0.7, 'colsample_bytree': 0.3, 'gamma': 1.4000000000000001}. Best is trial 53 with value: 0.3987551434071953.
[I 2023-10-20 19:40:24,682] Trial 129 finished with value: 0.39526571150088546 and parameters: {'w0': 0.989, 'w1': 0.5670000000000001, 'w2': 0.8300000000000001, 'w3': 0.9390000000000001, 'w4': 0.338, 'w5': 0.40700000000000003, 'w6': 0.969, 'w7': 0.728, 'w8': 0.875, 'max_depth': 9, 'min_child_weight': 2, 'subsample': 0.7, 'colsample_bytree': 0.4, 'gamma': 1.4000000000000001}. Best is trial 53 with value: 0.3987551434071953.
[I 2023-10-20 19:40:35,797] Trial 123 finished with value: 0.3908650123524561 and parameters: {'w0': 0.997, 'w1': 0.736, 'w2': 0.835, 'w3': 0.906, 'w4': 0.558, 'w5': 0.418, 'w6': 0.974, 'w7': 0.306, 'w8': 0.92, 'max_depth': 8, 'min_child_weight': 2, 'subsample': 0.7, 'colsample_bytree': 0.3, 'gamma': 0.4}. Best is trial 53 with value: 0.3987551434071953.
[I 2023-10-20 19:42:17,705] Trial 128 finished with value: 0.38873651035074885 and parameters: {'w0': 1.0, 'w1': 0.301, 'w2': 0.894, 'w3': 0.9380000000000001, 'w4': 0.32, 'w5': 0.41000000000000003, 'w6': 0.979, 'w7': 0.745, 'w8': 0.872, 'max_depth': 9, 'min_child_weight': 10, 'subsample': 0.7, 'colsample_bytree': 0.4, 'gamma': 0.8}. Best is trial 53 with value: 0.3987551434071953.
[I 2023-10-20 19:42:30,121] Trial 132 finished with value: 0.3964285640377542 and parameters: {'w0': 0.917, 'w1': 0.779, 'w2': 0.8310000000000001, 'w3': 0.9410000000000001, 'w4': 0.487, 'w5': 0.5740000000000001, 'w6': 0.961, 'w7': 0.74, 'w8': 0.922, 'max_depth': 9, 'min_child_weight': 2, 'subsample': 0.7, 'colsample_bytree': 0.4, 'gamma': 1.4000000000000001}. Best is trial 53 with value: 0.3987551434071953.
[I 2023-10-20 19:43:33,056] Trial 130 finished with value: 0.4016300481302931 and parameters: {'w0': 0.366, 'w1': 0.772, 'w2': 0.834, 'w3': 0.9460000000000001, 'w4': 0.226, 'w5': 0.41000000000000003, 'w6': 0.973, 'w7': 0.515, 'w8': 0.92, 'max_depth': 9, 'min_child_weight': 4, 'subsample': 0.7, 'colsample_bytree': 0.4, 'gamma': 0.8}. Best is trial 130 with value: 0.4016300481302931.
[I 2023-10-20 19:45:24,859] Trial 136 finished with value: 0.38964697956118965 and parameters: {'w0': 0.868, 'w1': 0.453, 'w2': 0.893, 'w3': 0.9380000000000001, 'w4': 0.553, 'w5': 0.5660000000000001, 'w6': 0.974, 'w7': 0.514, 'w8': 0.873, 'max_depth': 7, 'min_child_weight': 2, 'subsample': 0.9000000000000001, 'colsample_bytree': 0.6000000000000001, 'gamma': 1.4000000000000001}. Best is trial 130 with value: 0.4016300481302931.
[I 2023-10-20 19:45:27,673] Trial 135 finished with value: 0.3951666777207543 and parameters: {'w0': 0.918, 'w1': 0.8200000000000001, 'w2': 0.75, 'w3': 0.9430000000000001, 'w4': 0.23900000000000002, 'w5': 0.91, 'w6': 0.973, 'w7': 0.514, 'w8': 0.977, 'max_depth': 7, 'min_child_weight': 10, 'subsample': 0.9000000000000001, 'colsample_bytree': 0.6000000000000001, 'gamma': 1.4000000000000001}. Best is trial 130 with value: 0.4016300481302931.
[I 2023-10-20 19:47:44,972] Trial 138 finished with value: 0.3882579327245544 and parameters: {'w0': 0.918, 'w1': 0.669, 'w2': 0.766, 'w3': 0.9390000000000001, 'w4': 0.271, 'w5': 0.5770000000000001, 'w6': 0.968, 'w7': 0.497, 'w8': 0.983, 'max_depth': 6, 'min_child_weight': 16, 'subsample': 0.7, 'colsample_bytree': 0.3, 'gamma': 1.4000000000000001}. Best is trial 130 with value: 0.4016300481302931.
[I 2023-10-20 19:47:56,121] Trial 137 finished with value: 0.39592183668645986 and parameters: {'w0': 0.913, 'w1': 0.8210000000000001, 'w2': 0.767, 'w3': 0.9450000000000001, 'w4': 0.247, 'w5': 0.5680000000000001, 'w6': 0.967, 'w7': 0.558, 'w8': 0.982, 'max_depth': 7, 'min_child_weight': 16, 'subsample': 0.7, 'colsample_bytree': 0.3, 'gamma': 1.4000000000000001}. Best is trial 130 with value: 0.4016300481302931.
