[I 2023-10-20 13:05:45,060] Trial 1648 finished with value: 0.5043712716798104 and parameters: {'w0': 0.161, 'w1': 0.8320000000000001, 'w2': 0.091, 'w3': 0.435, 'w4': 0.803, 'w5': 0.919, 'w6': 0.357, 'w7': 0.094, 'w8': 0.746, 'max_depth': 6, 'min_child_weight': 16, 'subsample': 0.9000000000000001, 'colsample_bytree': 0.9000000000000001, 'gamma': 0.4}. Best is trial 1267 with value: 0.5099314743075365.
[I 2023-10-20 13:06:10,161] Trial 1652 finished with value: 0.4069286497237379 and parameters: {'w0': 0.154, 'w1': 0.834, 'w2': 0.08, 'w3': 0.424, 'w4': 0.878, 'w5': 0.624, 'w6': 0.326, 'w7': 0.14200000000000002, 'w8': 0.74, 'max_depth': 10, 'min_child_weight': 16, 'subsample': 0.8, 'colsample_bytree': 0.9000000000000001, 'gamma': 9.200000000000001}. Best is trial 1267 with value: 0.5099314743075365.
[I 2023-10-20 13:06:28,215] Trial 1647 finished with value: 0.40741029318380817 and parameters: {'w0': 0.093, 'w1': 0.848, 'w2': 0.096, 'w3': 0.001, 'w4': 0.8180000000000001, 'w5': 0.919, 'w6': 0.363, 'w7': 0.083, 'w8': 0.747, 'max_depth': 10, 'min_child_weight': 16, 'subsample': 0.9000000000000001, 'colsample_bytree': 0.9000000000000001, 'gamma': 0.4}. Best is trial 1267 with value: 0.5099314743075365.
[I 2023-10-20 13:06:38,421] Trial 1644 finished with value: 0.48205876068759146 and parameters: {'w0': 0.083, 'w1': 0.845, 'w2': 0.393, 'w3': 0.42, 'w4': 0.882, 'w5': 0.921, 'w6': 0.361, 'w7': 0.084, 'w8': 0.745, 'max_depth': 10, 'min_child_weight': 16, 'subsample': 0.9000000000000001, 'colsample_bytree': 0.9000000000000001, 'gamma': 0.4}. Best is trial 1267 with value: 0.5099314743075365.
[I 2023-10-20 13:06:42,893] Trial 1645 finished with value: 0.4810533092374222 and parameters: {'w0': 0.089, 'w1': 0.837, 'w2': 0.399, 'w3': 0.484, 'w4': 0.8250000000000001, 'w5': 0.925, 'w6': 0.358, 'w7': 0.089, 'w8': 0.773, 'max_depth': 10, 'min_child_weight': 16, 'subsample': 0.9000000000000001, 'colsample_bytree': 0.9000000000000001, 'gamma': 0.4}. Best is trial 1267 with value: 0.5099314743075365.
[I 2023-10-20 13:06:43,140] Trial 1641 finished with value: 0.4945890752517641 and parameters: {'w0': 0.078, 'w1': 0.866, 'w2': 0.18, 'w3': 0.773, 'w4': 0.876, 'w5': 0.926, 'w6': 0.36, 'w7': 0.08600000000000001, 'w8': 0.773, 'max_depth': 10, 'min_child_weight': 16, 'subsample': 0.9000000000000001, 'colsample_bytree': 0.9000000000000001, 'gamma': 0.0}. Best is trial 1267 with value: 0.5099314743075365.
[I 2023-10-20 13:06:46,594] Trial 1653 finished with value: 0.45779825524115314 and parameters: {'w0': 0.157, 'w1': 0.8310000000000001, 'w2': 0.08600000000000001, 'w3': 0.41600000000000004, 'w4': 0.8320000000000001, 'w5': 0.934, 'w6': 0.328, 'w7': 0.10400000000000001, 'w8': 0.771, 'max_depth': 10, 'min_child_weight': 16, 'subsample': 0.8, 'colsample_bytree': 0.9000000000000001, 'gamma': 4.4}. Best is trial 1267 with value: 0.5099314743075365.
[I 2023-10-20 13:07:24,496] Trial 1642 finished with value: 0.504676168491275 and parameters: {'w0': 0.091, 'w1': 0.864, 'w2': 0.091, 'w3': 0.418, 'w4': 0.81, 'w5': 0.92, 'w6': 0.393, 'w7': 0.094, 'w8': 0.77, 'max_depth': 10, 'min_child_weight': 16, 'subsample': 0.9000000000000001, 'colsample_bytree': 0.9000000000000001, 'gamma': 0.0}. Best is trial 1267 with value: 0.5099314743075365.
[I 2023-10-20 13:08:08,005] Trial 1643 finished with value: 0.5057236296624065 and parameters: {'w0': 0.08800000000000001, 'w1': 0.847, 'w2': 0.094, 'w3': 0.436, 'w4': 0.8280000000000001, 'w5': 0.918, 'w6': 0.391, 'w7': 0.084, 'w8': 0.771, 'max_depth': 10, 'min_child_weight': 16, 'subsample': 0.9000000000000001, 'colsample_bytree': 0.9000000000000001, 'gamma': 0.0}. Best is trial 1267 with value: 0.5099314743075365.
[I 2023-10-20 13:09:19,290] Trial 1656 finished with value: 0.4397890196257193 and parameters: {'w0': 0.161, 'w1': 0.834, 'w2': 0.092, 'w3': 0.484, 'w4': 0.879, 'w5': 0.92, 'w6': 0.328, 'w7': 0.135, 'w8': 0.768, 'max_depth': 10, 'min_child_weight': 14, 'subsample': 0.8, 'colsample_bytree': 0.9000000000000001, 'gamma': 6.6000000000000005}. Best is trial 1267 with value: 0.5099314743075365.
[I 2023-10-20 13:12:29,290] Trial 1650 finished with value: 0.5015781888824012 and parameters: {'w0': 0.16, 'w1': 0.8330000000000001, 'w2': 0.084, 'w3': 0.422, 'w4': 0.8190000000000001, 'w5': 0.927, 'w6': 0.356, 'w7': 0.089, 'w8': 0.74, 'max_depth': 10, 'min_child_weight': 16, 'subsample': 0.9000000000000001, 'colsample_bytree': 0.9000000000000001, 'gamma': 0.4}. Best is trial 1267 with value: 0.5099314743075365.
[I 2023-10-20 13:13:26,093] Trial 1651 finished with value: 0.49657086898988556 and parameters: {'w0': 0.161, 'w1': 0.847, 'w2': 0.08700000000000001, 'w3': 0.421, 'w4': 0.8280000000000001, 'w5': 0.917, 'w6': 0.325, 'w7': 0.060000000000000005, 'w8': 0.746, 'max_depth': 10, 'min_child_weight': 16, 'subsample': 0.8, 'colsample_bytree': 0.9000000000000001, 'gamma': 0.4}. Best is trial 1267 with value: 0.5099314743075365.
[I 2023-10-20 13:13:47,238] Trial 1649 finished with value: 0.47801642088917085 and parameters: {'w0': 0.085, 'w1': 0.838, 'w2': 0.535, 'w3': 0.434, 'w4': 0.802, 'w5': 0.924, 'w6': 0.359, 'w7': 0.096, 'w8': 0.767, 'max_depth': 10, 'min_child_weight': 16, 'subsample': 0.9000000000000001, 'colsample_bytree': 0.9000000000000001, 'gamma': 0.4}. Best is trial 1267 with value: 0.5099314743075365.
[I 2023-10-20 13:16:23,350] Trial 1654 finished with value: 0.4977812357295317 and parameters: {'w0': 0.153, 'w1': 0.843, 'w2': 0.092, 'w3': 0.482, 'w4': 0.8290000000000001, 'w5': 0.93, 'w6': 0.328, 'w7': 0.135, 'w8': 0.772, 'max_depth': 10, 'min_child_weight': 16, 'subsample': 0.8, 'colsample_bytree': 0.9000000000000001, 'gamma': 0.4}. Best is trial 1267 with value: 0.5099314743075365.
[I 2023-10-20 13:17:12,447] Trial 1655 finished with value: 0.4960939148506774 and parameters: {'w0': 0.153, 'w1': 0.841, 'w2': 0.091, 'w3': 0.42, 'w4': 0.879, 'w5': 0.92, 'w6': 0.324, 'w7': 0.14200000000000002, 'w8': 0.746, 'max_depth': 10, 'min_child_weight': 16, 'subsample': 0.8, 'colsample_bytree': 0.9000000000000001, 'gamma': 0.4}. Best is trial 1267 with value: 0.5099314743075365.
[I 2023-10-20 13:17:39,388] Trial 1658 finished with value: 0.5048841734909543 and parameters: {'w0': 0.155, 'w1': 0.891, 'w2': 0.129, 'w3': 0.488, 'w4': 0.881, 'w5': 0.916, 'w6': 0.328, 'w7': 0.14, 'w8': 0.774, 'max_depth': 10, 'min_child_weight': 16, 'subsample': 0.8, 'colsample_bytree': 0.9000000000000001, 'gamma': 0.8}. Best is trial 1267 with value: 0.5099314743075365.
[I 2023-10-20 13:17:55,084] Trial 1664 finished with value: 0.4890367155306462 and parameters: {'w0': 0.14200000000000002, 'w1': 0.785, 'w2': 0.134, 'w3': 0.487, 'w4': 0.882, 'w5': 0.9510000000000001, 'w6': 0.321, 'w7': 0.060000000000000005, 'w8': 0.839, 'max_depth': 10, 'min_child_weight': 14, 'subsample': 0.8, 'colsample_bytree': 0.9000000000000001, 'gamma': 0.8}. Best is trial 1267 with value: 0.5099314743075365.
[I 2023-10-20 13:17:59,462] Trial 1660 finished with value: 0.48244560629905003 and parameters: {'w0': 0.14100000000000001, 'w1': 0.785, 'w2': 0.129, 'w3': 0.486, 'w4': 0.881, 'w5': 0.9490000000000001, 'w6': 0.399, 'w7': 0.056, 'w8': 0.766, 'max_depth': 10, 'min_child_weight': 14, 'subsample': 0.8, 'colsample_bytree': 0.9000000000000001, 'gamma': 0.8}. Best is trial 1267 with value: 0.5099314743075365.
[I 2023-10-20 13:18:18,656] Trial 1662 finished with value: 0.48340589496811076 and parameters: {'w0': 0.148, 'w1': 0.786, 'w2': 0.146, 'w3': 0.522, 'w4': 0.878, 'w5': 0.9480000000000001, 'w6': 0.386, 'w7': 0.054, 'w8': 0.8310000000000001, 'max_depth': 10, 'min_child_weight': 14, 'subsample': 0.8, 'colsample_bytree': 0.9000000000000001, 'gamma': 0.8}. Best is trial 1267 with value: 0.5099314743075365.
[I 2023-10-20 13:18:22,105] Trial 1663 finished with value: 0.48386312886482663 and parameters: {'w0': 0.14200000000000002, 'w1': 0.891, 'w2': 0.127, 'w3': 0.485, 'w4': 0.887, 'w5': 0.9510000000000001, 'w6': 0.392, 'w7': 0.055, 'w8': 0.8310000000000001, 'max_depth': 10, 'min_child_weight': 14, 'subsample': 0.8, 'colsample_bytree': 0.9000000000000001, 'gamma': 0.8}. Best is trial 1267 with value: 0.5099314743075365.
[I 2023-10-20 13:18:56,511] Trial 1661 finished with value: 0.5026677283534062 and parameters: {'w0': 0.14200000000000002, 'w1': 0.836, 'w2': 0.127, 'w3': 0.482, 'w4': 0.879, 'w5': 0.9450000000000001, 'w6': 0.395, 'w7': 0.14400000000000002, 'w8': 0.773, 'max_depth': 10, 'min_child_weight': 16, 'subsample': 0.8, 'colsample_bytree': 0.9000000000000001, 'gamma': 0.8}. Best is trial 1267 with value: 0.5099314743075365.
[I 2023-10-20 13:19:25,159] Trial 1666 finished with value: 0.484312411003074 and parameters: {'w0': 0.147, 'w1': 0.788, 'w2': 0.131, 'w3': 0.524, 'w4': 0.881, 'w5': 0.865, 'w6': 0.311, 'w7': 0.055, 'w8': 0.684, 'max_depth': 10, 'min_child_weight': 14, 'subsample': 0.8, 'colsample_bytree': 0.9000000000000001, 'gamma': 0.8}. Best is trial 1267 with value: 0.5099314743075365.
[I 2023-10-20 13:19:53,324] Trial 1665 finished with value: 0.49941250228057943 and parameters: {'w0': 0.14200000000000002, 'w1': 0.891, 'w2': 0.13, 'w3': 0.522, 'w4': 0.883, 'w5': 0.9540000000000001, 'w6': 0.39, 'w7': 0.14300000000000002, 'w8': 0.835, 'max_depth': 10, 'min_child_weight': 14, 'subsample': 0.8, 'colsample_bytree': 0.9000000000000001, 'gamma': 0.8}. Best is trial 1267 with value: 0.5099314743075365.
[I 2023-10-20 13:20:15,149] Trial 1657 finished with value: 0.4923442394444801 and parameters: {'w0': 0.158, 'w1': 0.836, 'w2': 0.084, 'w3': 0.483, 'w4': 0.879, 'w5': 0.921, 'w6': 0.396, 'w7': 0.137, 'w8': 0.771, 'max_depth': 10, 'min_child_weight': 14, 'subsample': 0.8, 'colsample_bytree': 0.9000000000000001, 'gamma': 0.4}. Best is trial 1267 with value: 0.5099314743075365.
[I 2023-10-20 13:20:36,782] Trial 1667 finished with value: 0.4810483357862443 and parameters: {'w0': 0.14200000000000002, 'w1': 0.894, 'w2': 0.131, 'w3': 0.486, 'w4': 0.875, 'w5': 0.9530000000000001, 'w6': 0.396, 'w7': 0.052000000000000005, 'w8': 0.84, 'max_depth': 8, 'min_child_weight': 14, 'subsample': 0.8, 'colsample_bytree': 0.9000000000000001, 'gamma': 0.8}. Best is trial 1267 with value: 0.5099314743075365.
[I 2023-10-20 13:21:27,447] Trial 1659 finished with value: 0.49349805432858873 and parameters: {'w0': 0.14300000000000002, 'w1': 0.839, 'w2': 0.13, 'w3': 0.489, 'w4': 0.884, 'w5': 0.931, 'w6': 0.397, 'w7': 0.057, 'w8': 0.773, 'max_depth': 10, 'min_child_weight': 14, 'subsample': 0.8, 'colsample_bytree': 0.9000000000000001, 'gamma': 0.4}. Best is trial 1267 with value: 0.5099314743075365.
[I 2023-10-20 13:24:09,442] Trial 1673 finished with value: 0.46662118550462317 and parameters: {'w0': 0.139, 'w1': 0.895, 'w2': 0.154, 'w3': 0.521, 'w4': 0.884, 'w5': 0.9520000000000001, 'w6': 0.395, 'w7': 0.053000000000000005, 'w8': 0.837, 'max_depth': 8, 'min_child_weight': 14, 'subsample': 0.8, 'colsample_bytree': 0.9000000000000001, 'gamma': 2.8000000000000003}. Best is trial 1267 with value: 0.5099314743075365.
[I 2023-10-20 13:26:33,987] Trial 1668 finished with value: 0.488414813539096 and parameters: {'w0': 0.14, 'w1': 0.779, 'w2': 0.132, 'w3': 0.47800000000000004, 'w4': 0.778, 'w5': 0.9520000000000001, 'w6': 0.308, 'w7': 0.057, 'w8': 0.8250000000000001, 'max_depth': 8, 'min_child_weight': 14, 'subsample': 0.8, 'colsample_bytree': 0.9000000000000001, 'gamma': 0.4}. Best is trial 1267 with value: 0.5099314743075365.
[I 2023-10-20 13:26:55,359] Trial 1669 finished with value: 0.4788041757009891 and parameters: {'w0': 0.14, 'w1': 0.893, 'w2': 0.544, 'w3': 0.481, 'w4': 0.887, 'w5': 0.984, 'w6': 0.391, 'w7': 0.14300000000000002, 'w8': 0.8300000000000001, 'max_depth': 8, 'min_child_weight': 14, 'subsample': 0.8, 'colsample_bytree': 0.9000000000000001, 'gamma': 0.8}. Best is trial 1267 with value: 0.5099314743075365.
[I 2023-10-20 13:28:23,485] Trial 1671 finished with value: 0.49732323512174237 and parameters: {'w0': 0.131, 'w1': 0.791, 'w2': 0.13, 'w3': 0.551, 'w4': 0.887, 'w5': 0.866, 'w6': 0.8160000000000001, 'w7': 0.14100000000000001, 'w8': 0.8240000000000001, 'max_depth': 8, 'min_child_weight': 14, 'subsample': 0.8, 'colsample_bytree': 0.9000000000000001, 'gamma': 0.8}. Best is trial 1267 with value: 0.5099314743075365.
[I 2023-10-20 13:29:14,137] Trial 1672 finished with value: 0.4803819857630246 and parameters: {'w0': 0.14100000000000001, 'w1': 0.779, 'w2': 0.13, 'w3': 0.526, 'w4': 0.884, 'w5': 0.9540000000000001, 'w6': 0.8310000000000001, 'w7': 0.053000000000000005, 'w8': 0.834, 'max_depth': 8, 'min_child_weight': 14, 'subsample': 0.8, 'colsample_bytree': 0.9000000000000001, 'gamma': 0.8}. Best is trial 1267 with value: 0.5099314743075365.
[I 2023-10-20 13:29:36,509] Trial 1674 finished with value: 0.49778557392758427 and parameters: {'w0': 0.139, 'w1': 0.888, 'w2': 0.152, 'w3': 0.557, 'w4': 0.89, 'w5': 0.983, 'w6': 0.391, 'w7': 0.111, 'w8': 0.8270000000000001, 'max_depth': 8, 'min_child_weight': 14, 'subsample': 0.8, 'colsample_bytree': 0.9000000000000001, 'gamma': 0.8}. Best is trial 1267 with value: 0.5099314743075365.
[I 2023-10-20 13:30:09,365] Trial 1670 finished with value: 0.4357363320057625 and parameters: {'w0': 0.14, 'w1': 0.895, 'w2': 0.131, 'w3': 0.484, 'w4': 0.883, 'w5': 0.9520000000000001, 'w6': 0.392, 'w7': 0.931, 'w8': 0.839, 'max_depth': 8, 'min_child_weight': 14, 'subsample': 0.8, 'colsample_bytree': 0.9000000000000001, 'gamma': 0.2}. Best is trial 1267 with value: 0.5099314743075365.
[I 2023-10-20 13:33:28,978] Trial 1675 finished with value: 0.4895773643030857 and parameters: {'w0': 0.132, 'w1': 0.89, 'w2': 0.153, 'w3': 0.522, 'w4': 0.47300000000000003, 'w5': 0.987, 'w6': 0.387, 'w7': 0.20900000000000002, 'w8': 0.8310000000000001, 'max_depth': 8, 'min_child_weight': 14, 'subsample': 0.8, 'colsample_bytree': 0.9000000000000001, 'gamma': 0.2}. Best is trial 1267 with value: 0.5099314743075365.
[I 2023-10-20 13:33:45,540] Trial 1677 finished with value: 0.5048290749687302 and parameters: {'w0': 0.128, 'w1': 0.888, 'w2': 0.147, 'w3': 0.548, 'w4': 0.894, 'w5': 0.98, 'w6': 0.277, 'w7': 0.138, 'w8': 0.685, 'max_depth': 8, 'min_child_weight': 16, 'subsample': 0.8, 'colsample_bytree': 0.9000000000000001, 'gamma': 0.2}. Best is trial 1267 with value: 0.5099314743075365.
[I 2023-10-20 13:33:47,884] Trial 1676 finished with value: 0.5023322019890385 and parameters: {'w0': 0.135, 'w1': 0.893, 'w2': 0.151, 'w3': 0.522, 'w4': 0.889, 'w5': 0.866, 'w6': 0.308, 'w7': 0.14100000000000001, 'w8': 0.924, 'max_depth': 8, 'min_child_weight': 14, 'subsample': 0.8, 'colsample_bytree': 0.9000000000000001, 'gamma': 0.2}. Best is trial 1267 with value: 0.5099314743075365.
[I 2023-10-20 13:34:33,505] Trial 1679 finished with value: 0.5034832422701807 and parameters: {'w0': 0.131, 'w1': 0.89, 'w2': 0.154, 'w3': 0.372, 'w4': 0.895, 'w5': 0.986, 'w6': 0.306, 'w7': 0.11, 'w8': 0.725, 'max_depth': 8, 'min_child_weight': 16, 'subsample': 0.8, 'colsample_bytree': 0.9000000000000001, 'gamma': 0.2}. Best is trial 1267 with value: 0.5099314743075365.
[I 2023-10-20 13:34:37,900] Trial 1678 finished with value: 0.5041259039374311 and parameters: {'w0': 0.134, 'w1': 0.894, 'w2': 0.148, 'w3': 0.519, 'w4': 0.898, 'w5': 0.986, 'w6': 0.304, 'w7': 0.109, 'w8': 0.679, 'max_depth': 8, 'min_child_weight': 14, 'subsample': 0.8, 'colsample_bytree': 0.9000000000000001, 'gamma': 0.2}. Best is trial 1267 with value: 0.5099314743075365.
[I 2023-10-20 13:35:06,349] Trial 1681 finished with value: 0.4913105347033061 and parameters: {'w0': 0.057, 'w1': 0.892, 'w2': 0.153, 'w3': 0.388, 'w4': 0.778, 'w5': 0.983, 'w6': 0.28, 'w7': 0.113, 'w8': 0.8, 'max_depth': 8, 'min_child_weight': 16, 'subsample': 0.8, 'colsample_bytree': 0.9000000000000001, 'gamma': 0.2}. Best is trial 1267 with value: 0.5099314743075365.
[I 2023-10-20 13:35:25,793] Trial 1680 finished with value: 0.5019527099750822 and parameters: {'w0': 0.132, 'w1': 0.889, 'w2': 0.152, 'w3': 0.38, 'w4': 0.893, 'w5': 0.984, 'w6': 0.303, 'w7': 0.186, 'w8': 0.805, 'max_depth': 8, 'min_child_weight': 16, 'subsample': 0.8, 'colsample_bytree': 0.9000000000000001, 'gamma': 0.2}. Best is trial 1267 with value: 0.5099314743075365.
[I 2023-10-20 13:36:15,686] Trial 1682 finished with value: 0.506788231890894 and parameters: {'w0': 0.129, 'w1': 0.884, 'w2': 0.156, 'w3': 0.541, 'w4': 0.926, 'w5': 0.985, 'w6': 0.837, 'w7': 0.109, 'w8': 0.808, 'max_depth': 8, 'min_child_weight': 16, 'subsample': 0.8, 'colsample_bytree': 0.9000000000000001, 'gamma': 0.2}. Best is trial 1267 with value: 0.5099314743075365.
[I 2023-10-20 13:36:46,369] Trial 1683 finished with value: 0.5030682235406798 and parameters: {'w0': 0.188, 'w1': 0.759, 'w2': 0.152, 'w3': 0.552, 'w4': 0.927, 'w5': 0.985, 'w6': 0.303, 'w7': 0.111, 'w8': 0.8, 'max_depth': 8, 'min_child_weight': 16, 'subsample': 0.8, 'colsample_bytree': 0.9000000000000001, 'gamma': 0.2}. Best is trial 1267 with value: 0.5099314743075365.
[I 2023-10-20 13:39:08,376] Trial 1684 finished with value: 0.5088894651735022 and parameters: {'w0': 0.184, 'w1': 0.89, 'w2': 0.111, 'w3': 0.548, 'w4': 0.926, 'w5': 1.0, 'w6': 0.307, 'w7': 0.111, 'w8': 0.81, 'max_depth': 8, 'min_child_weight': 16, 'subsample': 0.8, 'colsample_bytree': 0.9000000000000001, 'gamma': 0.2}. Best is trial 1267 with value: 0.5099314743075365.
[I 2023-10-20 13:41:23,748] Trial 1686 finished with value: 0.47931672611942167 and parameters: {'w0': 0.188, 'w1': 0.753, 'w2': 0.157, 'w3': 0.556, 'w4': 0.058, 'w5': 0.978, 'w6': 0.28200000000000003, 'w7': 0.109, 'w8': 0.683, 'max_depth': 8, 'min_child_weight': 16, 'subsample': 0.8, 'colsample_bytree': 0.9000000000000001, 'gamma': 0.2}. Best is trial 1267 with value: 0.5099314743075365.
[I 2023-10-20 13:41:59,491] Trial 1685 finished with value: 0.5094761997518413 and parameters: {'w0': 0.19, 'w1': 0.892, 'w2': 0.155, 'w3': 0.366, 'w4': 0.927, 'w5': 0.984, 'w6': 0.8160000000000001, 'w7': 0.109, 'w8': 0.803, 'max_depth': 8, 'min_child_weight': 16, 'subsample': 0.8, 'colsample_bytree': 0.9000000000000001, 'gamma': 0.2}. Best is trial 1267 with value: 0.5099314743075365.
[I 2023-10-20 13:43:55,386] Trial 1687 finished with value: 0.5010422143087389 and parameters: {'w0': 0.187, 'w1': 0.881, 'w2': 0.112, 'w3': 0.381, 'w4': 0.532, 'w5': 0.988, 'w6': 0.309, 'w7': 0.109, 'w8': 0.8, 'max_depth': 9, 'min_child_weight': 16, 'subsample': 0.8, 'colsample_bytree': 0.9000000000000001, 'gamma': 0.2}. Best is trial 1267 with value: 0.5099314743075365.
[I 2023-10-20 13:45:16,548] Trial 1699 finished with value: 0.45480323107544635 and parameters: {'w0': 0.98, 'w1': 0.863, 'w2': 0.106, 'w3': 0.462, 'w4': 0.919, 'w5': 0.963, 'w6': 0.335, 'w7': 0.10500000000000001, 'w8': 0.727, 'max_depth': 3, 'min_child_weight': 16, 'subsample': 0.8, 'colsample_bytree': 0.9000000000000001, 'gamma': 0.4}. Best is trial 1267 with value: 0.5099314743075365.
[I 2023-10-20 13:45:32,832] Trial 1688 finished with value: 0.5025471084079034 and parameters: {'w0': 0.19, 'w1': 0.881, 'w2': 0.152, 'w3': 0.544, 'w4': 0.925, 'w5': 0.984, 'w6': 0.278, 'w7': 0.108, 'w8': 0.803, 'max_depth': 9, 'min_child_weight': 16, 'subsample': 0.8, 'colsample_bytree': 0.9000000000000001, 'gamma': 0.2}. Best is trial 1267 with value: 0.5099314743075365.
[I 2023-10-20 13:46:12,500] Trial 1690 finished with value: 0.5019616052373581 and parameters: {'w0': 0.187, 'w1': 0.869, 'w2': 0.153, 'w3': 0.582, 'w4': 0.708, 'w5': 0.986, 'w6': 0.28, 'w7': 0.11, 'w8': 0.806, 'max_depth': 9, 'min_child_weight': 16, 'subsample': 0.8, 'colsample_bytree': 0.9000000000000001, 'gamma': 0.2}. Best is trial 1267 with value: 0.5099314743075365.
[I 2023-10-20 13:46:12,697] Trial 1696 finished with value: 0.506564294567186 and parameters: {'w0': 0.186, 'w1': 0.876, 'w2': 0.112, 'w3': 0.553, 'w4': 0.9380000000000001, 'w5': 1.0, 'w6': 0.337, 'w7': 0.11, 'w8': 0.727, 'max_depth': 9, 'min_child_weight': 16, 'subsample': 1.0, 'colsample_bytree': 0.9000000000000001, 'gamma': 0.2}. Best is trial 1267 with value: 0.5099314743075365.
[I 2023-10-20 13:46:23,301] Trial 1689 finished with value: 0.4415969313463178 and parameters: {'w0': 0.169, 'w1': 0.752, 'w2': 0.154, 'w3': 0.547, 'w4': 0.926, 'w5': 0.981, 'w6': 0.28300000000000003, 'w7': 0.929, 'w8': 0.685, 'max_depth': 9, 'min_child_weight': 16, 'subsample': 0.8, 'colsample_bytree': 0.9000000000000001, 'gamma': 0.2}. Best is trial 1267 with value: 0.5099314743075365.
[I 2023-10-20 13:49:48,638] Trial 1692 finished with value: 0.4988898287002468 and parameters: {'w0': 0.187, 'w1': 0.76, 'w2': 0.113, 'w3': 0.811, 'w4': 0.533, 'w5': 0.976, 'w6': 0.28600000000000003, 'w7': 0.113, 'w8': 0.723, 'max_depth': 9, 'min_child_weight': 16, 'subsample': 0.8, 'colsample_bytree': 0.9000000000000001, 'gamma': 0.2}. Best is trial 1267 with value: 0.5099314743075365.
[I 2023-10-20 13:49:54,460] Trial 1693 finished with value: 0.5083016437110082 and parameters: {'w0': 0.19, 'w1': 0.876, 'w2': 0.11, 'w3': 0.547, 'w4': 0.9400000000000001, 'w5': 0.988, 'w6': 0.335, 'w7': 0.109, 'w8': 0.725, 'max_depth': 9, 'min_child_weight': 16, 'subsample': 0.8, 'colsample_bytree': 0.9000000000000001, 'gamma': 0.2}. Best is trial 1267 with value: 0.5099314743075365.
[I 2023-10-20 13:50:03,157] Trial 1691 finished with value: 0.5052011161565427 and parameters: {'w0': 0.181, 'w1': 0.872, 'w2': 0.112, 'w3': 0.363, 'w4': 0.927, 'w5': 1.0, 'w6': 0.997, 'w7': 0.113, 'w8': 0.724, 'max_depth': 9, 'min_child_weight': 16, 'subsample': 0.8, 'colsample_bytree': 0.9000000000000001, 'gamma': 0.2}. Best is trial 1267 with value: 0.5099314743075365.
[I 2023-10-20 13:50:37,345] Trial 1694 finished with value: 0.4622922363089568 and parameters: {'w0': 0.188, 'w1': 0.76, 'w2': 0.02, 'w3': 0.584, 'w4': 0.932, 'w5': 0.986, 'w6': 0.7030000000000001, 'w7': 0.113, 'w8': 0.8, 'max_depth': 9, 'min_child_weight': 16, 'subsample': 0.8, 'colsample_bytree': 0.9000000000000001, 'gamma': 0.2}. Best is trial 1267 with value: 0.5099314743075365.
