[I 2023-10-20 10:40:30,113] Trial 1477 finished with value: 0.4609082003085668 and parameters: {'w0': 0.195, 'w1': 0.933, 'w2': 0.852, 'w3': 0.605, 'w4': 0.927, 'w5': 0.847, 'w6': 0.316, 'w7': 0.08800000000000001, 'w8': 0.786, 'max_depth': 6, 'min_child_weight': 18, 'subsample': 0.9000000000000001, 'colsample_bytree': 0.9000000000000001, 'gamma': 1.0}. Best is trial 1267 with value: 0.5099314743075365.
[I 2023-10-20 10:41:56,709] Trial 1487 finished with value: 0.45331532915740314 and parameters: {'w0': 0.158, 'w1': 0.9380000000000001, 'w2': 0.078, 'w3': 0.588, 'w4': 0.9590000000000001, 'w5': 0.926, 'w6': 0.318, 'w7': 0.08800000000000001, 'w8': 0.765, 'max_depth': 6, 'min_child_weight': 18, 'subsample': 0.8, 'colsample_bytree': 0.9000000000000001, 'gamma': 5.2}. Best is trial 1267 with value: 0.5099314743075365.
[I 2023-10-20 10:42:08,097] Trial 1481 finished with value: 0.4933350580802131 and parameters: {'w0': 0.19, 'w1': 0.932, 'w2': 0.077, 'w3': 0.584, 'w4': 0.9600000000000001, 'w5': 0.865, 'w6': 0.322, 'w7': 0.084, 'w8': 0.785, 'max_depth': 9, 'min_child_weight': 18, 'subsample': 0.9000000000000001, 'colsample_bytree': 0.9000000000000001, 'gamma': 1.0}. Best is trial 1267 with value: 0.5099314743075365.
[I 2023-10-20 10:42:09,763] Trial 1480 finished with value: 0.49210052777360425 and parameters: {'w0': 0.186, 'w1': 0.595, 'w2': 0.081, 'w3': 0.589, 'w4': 0.966, 'w5': 0.885, 'w6': 0.32, 'w7': 0.089, 'w8': 0.793, 'max_depth': 7, 'min_child_weight': 18, 'subsample': 0.9000000000000001, 'colsample_bytree': 1.0, 'gamma': 0.8}. Best is trial 1267 with value: 0.5099314743075365.
[I 2023-10-20 10:43:49,620] Trial 1491 finished with value: 0.4426403310638437 and parameters: {'w0': 0.154, 'w1': 0.7010000000000001, 'w2': 0.076, 'w3': 0.55, 'w4': 0.9580000000000001, 'w5': 0.925, 'w6': 0.337, 'w7': 0.099, 'w8': 0.768, 'max_depth': 5, 'min_child_weight': 18, 'subsample': 0.8, 'colsample_bytree': 0.9000000000000001, 'gamma': 4.800000000000001}. Best is trial 1267 with value: 0.5099314743075365.
[I 2023-10-20 10:44:22,402] Trial 1492 finished with value: 0.38364888584921497 and parameters: {'w0': 0.152, 'w1': 0.846, 'w2': 0.069, 'w3': 0.586, 'w4': 0.966, 'w5': 0.926, 'w6': 0.339, 'w7': 0.614, 'w8': 0.671, 'max_depth': 6, 'min_child_weight': 18, 'subsample': 0.8, 'colsample_bytree': 0.9000000000000001, 'gamma': 4.800000000000001}. Best is trial 1267 with value: 0.5099314743075365.
[I 2023-10-20 10:44:25,161] Trial 1482 finished with value: 0.49200636966948774 and parameters: {'w0': 0.19, 'w1': 0.923, 'w2': 0.075, 'w3': 0.6, 'w4': 0.904, 'w5': 0.8240000000000001, 'w6': 0.324, 'w7': 0.095, 'w8': 0.788, 'max_depth': 6, 'min_child_weight': 18, 'subsample': 0.8, 'colsample_bytree': 1.0, 'gamma': 0.8}. Best is trial 1267 with value: 0.5099314743075365.
[I 2023-10-20 10:45:12,564] Trial 1483 finished with value: 0.48846072631381887 and parameters: {'w0': 0.155, 'w1': 0.927, 'w2': 0.07100000000000001, 'w3': 0.614, 'w4': 0.9550000000000001, 'w5': 0.872, 'w6': 0.314, 'w7': 0.08700000000000001, 'w8': 0.769, 'max_depth': 7, 'min_child_weight': 18, 'subsample': 0.8, 'colsample_bytree': 1.0, 'gamma': 0.8}. Best is trial 1267 with value: 0.5099314743075365.
[I 2023-10-20 10:45:37,347] Trial 1484 finished with value: 0.48991197858671054 and parameters: {'w0': 0.19, 'w1': 0.936, 'w2': 0.07200000000000001, 'w3': 0.5670000000000001, 'w4': 0.9550000000000001, 'w5': 0.879, 'w6': 0.316, 'w7': 0.089, 'w8': 0.773, 'max_depth': 7, 'min_child_weight': 18, 'subsample': 0.8, 'colsample_bytree': 1.0, 'gamma': 0.8}. Best is trial 1267 with value: 0.5099314743075365.
[I 2023-10-20 10:46:45,056] Trial 1485 finished with value: 0.48443315370451867 and parameters: {'w0': 0.157, 'w1': 0.9410000000000001, 'w2': 0.068, 'w3': 0.598, 'w4': 0.9580000000000001, 'w5': 0.852, 'w6': 0.313, 'w7': 0.084, 'w8': 0.766, 'max_depth': 7, 'min_child_weight': 18, 'subsample': 0.8, 'colsample_bytree': 0.9000000000000001, 'gamma': 0.8}. Best is trial 1267 with value: 0.5099314743075365.
[I 2023-10-20 10:46:53,498] Trial 1486 finished with value: 0.48949760358553146 and parameters: {'w0': 0.151, 'w1': 0.933, 'w2': 0.197, 'w3': 0.605, 'w4': 0.963, 'w5': 0.8290000000000001, 'w6': 0.316, 'w7': 0.08700000000000001, 'w8': 0.762, 'max_depth': 6, 'min_child_weight': 18, 'subsample': 0.8, 'colsample_bytree': 0.9000000000000001, 'gamma': 0.8}. Best is trial 1267 with value: 0.5099314743075365.
[I 2023-10-20 10:47:49,170] Trial 1496 finished with value: 0.46846517055404013 and parameters: {'w0': 0.146, 'w1': 0.8320000000000001, 'w2': 0.20400000000000001, 'w3': 0.5650000000000001, 'w4': 0.97, 'w5': 0.8200000000000001, 'w6': 0.467, 'w7': 0.109, 'w8': 0.682, 'max_depth': 6, 'min_child_weight': 20, 'subsample': 0.8, 'colsample_bytree': 0.9000000000000001, 'gamma': 3.4000000000000004}. Best is trial 1267 with value: 0.5099314743075365.
[I 2023-10-20 10:48:08,796] Trial 1493 finished with value: 0.4843750614197753 and parameters: {'w0': 0.149, 'w1': 0.842, 'w2': 0.196, 'w3': 0.56, 'w4': 0.9600000000000001, 'w5': 0.874, 'w6': 0.467, 'w7': 0.10500000000000001, 'w8': 0.68, 'max_depth': 5, 'min_child_weight': 18, 'subsample': 0.8, 'colsample_bytree': 0.9000000000000001, 'gamma': 1.4000000000000001}. Best is trial 1267 with value: 0.5099314743075365.
[I 2023-10-20 10:49:04,395] Trial 1490 finished with value: 0.4994047024869156 and parameters: {'w0': 0.153, 'w1': 0.934, 'w2': 0.077, 'w3': 0.589, 'w4': 0.902, 'w5': 0.874, 'w6': 0.464, 'w7': 0.09, 'w8': 0.765, 'max_depth': 5, 'min_child_weight': 18, 'subsample': 0.8, 'colsample_bytree': 0.9000000000000001, 'gamma': 0.2}. Best is trial 1267 with value: 0.5099314743075365.
[I 2023-10-20 10:49:32,936] Trial 1488 finished with value: 0.486666355981282 and parameters: {'w0': 0.153, 'w1': 0.935, 'w2': 0.219, 'w3': 0.587, 'w4': 0.961, 'w5': 0.875, 'w6': 0.327, 'w7': 0.08800000000000001, 'w8': 0.8150000000000001, 'max_depth': 6, 'min_child_weight': 18, 'subsample': 0.8, 'colsample_bytree': 0.9000000000000001, 'gamma': 0.2}. Best is trial 1267 with value: 0.5099314743075365.
[I 2023-10-20 10:51:02,697] Trial 1489 finished with value: 0.5027171165910231 and parameters: {'w0': 0.154, 'w1': 0.658, 'w2': 0.082, 'w3': 0.558, 'w4': 0.968, 'w5': 0.841, 'w6': 0.466, 'w7': 0.091, 'w8': 0.77, 'max_depth': 7, 'min_child_weight': 18, 'subsample': 0.8, 'colsample_bytree': 0.9000000000000001, 'gamma': 0.2}. Best is trial 1267 with value: 0.5099314743075365.
[I 2023-10-20 10:51:51,932] Trial 1494 finished with value: 0.4938395345975429 and parameters: {'w0': 0.154, 'w1': 0.8230000000000001, 'w2': 0.193, 'w3': 0.556, 'w4': 0.9570000000000001, 'w5': 0.8190000000000001, 'w6': 0.34, 'w7': 0.10400000000000001, 'w8': 0.678, 'max_depth': 5, 'min_child_weight': 12, 'subsample': 0.8, 'colsample_bytree': 0.9000000000000001, 'gamma': 0.2}. Best is trial 1267 with value: 0.5099314743075365.
[I 2023-10-20 10:52:47,964] Trial 1500 finished with value: 0.4968314806402123 and parameters: {'w0': 0.157, 'w1': 0.8270000000000001, 'w2': 0.201, 'w3': 0.425, 'w4': 0.899, 'w5': 0.933, 'w6': 0.447, 'w7': 0.15, 'w8': 0.764, 'max_depth': 6, 'min_child_weight': 20, 'subsample': 0.8, 'colsample_bytree': 0.9000000000000001, 'gamma': 1.4000000000000001}. Best is trial 1267 with value: 0.5099314743075365.
[I 2023-10-20 10:53:33,075] Trial 1495 finished with value: 0.5002197452598162 and parameters: {'w0': 0.155, 'w1': 0.8290000000000001, 'w2': 0.085, 'w3': 0.5650000000000001, 'w4': 0.961, 'w5': 0.926, 'w6': 0.34600000000000003, 'w7': 0.10400000000000001, 'w8': 0.673, 'max_depth': 6, 'min_child_weight': 12, 'subsample': 0.8, 'colsample_bytree': 0.9000000000000001, 'gamma': 0.2}. Best is trial 1267 with value: 0.5099314743075365.
[I 2023-10-20 10:53:42,652] Trial 1498 finished with value: 0.49998474339209675 and parameters: {'w0': 0.156, 'w1': 0.843, 'w2': 0.19, 'w3': 0.557, 'w4': 0.899, 'w5': 0.924, 'w6': 0.342, 'w7': 0.108, 'w8': 0.675, 'max_depth': 5, 'min_child_weight': 16, 'subsample': 0.8, 'colsample_bytree': 0.9000000000000001, 'gamma': 0.2}. Best is trial 1267 with value: 0.5099314743075365.
[I 2023-10-20 10:53:54,966] Trial 1497 finished with value: 0.4936081631939124 and parameters: {'w0': 0.153, 'w1': 0.859, 'w2': 0.191, 'w3': 0.561, 'w4': 0.899, 'w5': 0.926, 'w6': 0.459, 'w7': 0.111, 'w8': 0.672, 'max_depth': 5, 'min_child_weight': 16, 'subsample': 0.8, 'colsample_bytree': 1.0, 'gamma': 0.2}. Best is trial 1267 with value: 0.5099314743075365.
[I 2023-10-20 10:55:41,517] Trial 1505 finished with value: 0.452982009116454 and parameters: {'w0': 0.551, 'w1': 0.646, 'w2': 0.212, 'w3': 0.56, 'w4': 0.295, 'w5': 0.932, 'w6': 0.461, 'w7': 0.114, 'w8': 0.8160000000000001, 'max_depth': 5, 'min_child_weight': 16, 'subsample': 0.8, 'colsample_bytree': 0.9000000000000001, 'gamma': 1.4000000000000001}. Best is trial 1267 with value: 0.5099314743075365.
[I 2023-10-20 10:56:18,840] Trial 1501 finished with value: 0.482452519932066 and parameters: {'w0': 0.152, 'w1': 0.749, 'w2': 0.216, 'w3': 0.328, 'w4': 0.895, 'w5': 0.937, 'w6': 0.621, 'w7': 0.325, 'w8': 0.866, 'max_depth': 5, 'min_child_weight': 12, 'subsample': 0.8, 'colsample_bytree': 0.9000000000000001, 'gamma': 0.2}. Best is trial 1267 with value: 0.5099314743075365.
[I 2023-10-20 10:57:51,436] Trial 1502 finished with value: 0.49812509765724633 and parameters: {'w0': 0.155, 'w1': 0.8270000000000001, 'w2': 0.217, 'w3': 0.666, 'w4': 0.898, 'w5': 0.937, 'w6': 0.402, 'w7': 0.117, 'w8': 0.8180000000000001, 'max_depth': 6, 'min_child_weight': 20, 'subsample': 0.8, 'colsample_bytree': 0.9000000000000001, 'gamma': 0.2}. Best is trial 1267 with value: 0.5099314743075365.
[I 2023-10-20 10:58:17,139] Trial 1503 finished with value: 0.47339106354650556 and parameters: {'w0': 0.155, 'w1': 0.8330000000000001, 'w2': 0.216, 'w3': 0.562, 'w4': 0.10400000000000001, 'w5': 0.937, 'w6': 0.718, 'w7': 0.114, 'w8': 0.679, 'max_depth': 6, 'min_child_weight': 16, 'subsample': 0.8, 'colsample_bytree': 0.9000000000000001, 'gamma': 0.2}. Best is trial 1267 with value: 0.5099314743075365.
[I 2023-10-20 10:58:26,741] Trial 1504 finished with value: 0.424800718142969 and parameters: {'w0': 0.157, 'w1': 0.8290000000000001, 'w2': 0.195, 'w3': 0.558, 'w4': 0.898, 'w5': 0.936, 'w6': 0.447, 'w7': 0.889, 'w8': 0.8140000000000001, 'max_depth': 5, 'min_child_weight': 16, 'subsample': 0.8, 'colsample_bytree': 0.9000000000000001, 'gamma': 0.2}. Best is trial 1267 with value: 0.5099314743075365.
[I 2023-10-20 10:59:37,959] Trial 1506 finished with value: 0.49753522018461876 and parameters: {'w0': 0.158, 'w1': 0.8310000000000001, 'w2': 0.197, 'w3': 0.432, 'w4': 0.9, 'w5': 0.935, 'w6': 0.967, 'w7': 0.148, 'w8': 0.8140000000000001, 'max_depth': 5, 'min_child_weight': 12, 'subsample': 0.8, 'colsample_bytree': 0.9000000000000001, 'gamma': 0.2}. Best is trial 1267 with value: 0.5099314743075365.
[I 2023-10-20 11:00:02,345] Trial 1499 finished with value: 0.5048385697965612 and parameters: {'w0': 0.15, 'w1': 0.843, 'w2': 0.089, 'w3': 0.556, 'w4': 0.898, 'w5': 0.933, 'w6': 0.452, 'w7': 0.11, 'w8': 0.8160000000000001, 'max_depth': 9, 'min_child_weight': 16, 'subsample': 0.8, 'colsample_bytree': 0.9000000000000001, 'gamma': 0.2}. Best is trial 1267 with value: 0.5099314743075365.
[I 2023-10-20 11:04:30,024] Trial 1507 finished with value: 0.4995542461493967 and parameters: {'w0': 0.163, 'w1': 0.8280000000000001, 'w2': 0.089, 'w3': 0.425, 'w4': 0.898, 'w5': 0.935, 'w6': 0.392, 'w7': 0.148, 'w8': 0.808, 'max_depth': 9, 'min_child_weight': 16, 'subsample': 0.8, 'colsample_bytree': 0.9000000000000001, 'gamma': 0.2}. Best is trial 1267 with value: 0.5099314743075365.
[I 2023-10-20 11:05:38,653] Trial 1508 finished with value: 0.4372201287135119 and parameters: {'w0': 0.039, 'w1': 0.754, 'w2': 0.22, 'w3': 0.423, 'w4': 0.297, 'w5': 0.933, 'w6': 0.402, 'w7': 0.399, 'w8': 0.81, 'max_depth': 9, 'min_child_weight': 12, 'subsample': 0.8, 'colsample_bytree': 0.9000000000000001, 'gamma': 0.2}. Best is trial 1267 with value: 0.5099314743075365.
[I 2023-10-20 11:05:57,792] Trial 1509 finished with value: 0.49541626099761665 and parameters: {'w0': 0.163, 'w1': 0.8330000000000001, 'w2': 0.093, 'w3': 0.424, 'w4': 0.898, 'w5': 0.936, 'w6': 0.39, 'w7': 0.151, 'w8': 0.808, 'max_depth': 9, 'min_child_weight': 12, 'subsample': 0.8, 'colsample_bytree': 0.9000000000000001, 'gamma': 0.2}. Best is trial 1267 with value: 0.5099314743075365.
[I 2023-10-20 11:07:37,262] Trial 1511 finished with value: 0.39290772187417466 and parameters: {'w0': 0.046, 'w1': 0.029, 'w2': 0.127, 'w3': 0.43, 'w4': 0.896, 'w5': 0.936, 'w6': 0.397, 'w7': 0.887, 'w8': 0.8170000000000001, 'max_depth': 9, 'min_child_weight': 16, 'subsample': 0.8, 'colsample_bytree': 0.9000000000000001, 'gamma': 0.2}. Best is trial 1267 with value: 0.5099314743075365.
[I 2023-10-20 11:08:25,213] Trial 1510 finished with value: 0.4678011773065843 and parameters: {'w0': 0.167, 'w1': 0.852, 'w2': 0.124, 'w3': 0.41700000000000004, 'w4': 0.897, 'w5': 0.927, 'w6': 0.393, 'w7': 0.391, 'w8': 0.721, 'max_depth': 9, 'min_child_weight': 12, 'subsample': 0.8, 'colsample_bytree': 0.9000000000000001, 'gamma': 0.2}. Best is trial 1267 with value: 0.5099314743075365.
[I 2023-10-20 11:08:26,048] Trial 1512 finished with value: 0.5088447462271819 and parameters: {'w0': 0.11900000000000001, 'w1': 0.836, 'w2': 0.129, 'w3': 0.516, 'w4': 0.894, 'w5': 0.931, 'w6': 0.392, 'w7': 0.122, 'w8': 0.719, 'max_depth': 9, 'min_child_weight': 16, 'subsample': 0.8, 'colsample_bytree': 0.9000000000000001, 'gamma': 0.2}. Best is trial 1267 with value: 0.5099314743075365.
[I 2023-10-20 11:08:58,702] Trial 1515 finished with value: 0.48280438114184177 and parameters: {'w0': 0.043000000000000003, 'w1': 0.888, 'w2': 0.126, 'w3': 0.515, 'w4': 0.887, 'w5': 0.9420000000000001, 'w6': 0.403, 'w7': 0.14300000000000002, 'w8': 0.8140000000000001, 'max_depth': 9, 'min_child_weight': 16, 'subsample': 0.8, 'colsample_bytree': 0.9000000000000001, 'gamma': 0.4}. Best is trial 1267 with value: 0.5099314743075365.
[I 2023-10-20 11:09:08,726] Trial 1514 finished with value: 0.5021540289845942 and parameters: {'w0': 0.121, 'w1': 0.856, 'w2': 0.128, 'w3': 0.329, 'w4': 0.887, 'w5': 0.9410000000000001, 'w6': 0.511, 'w7': 0.148, 'w8': 0.8150000000000001, 'max_depth': 9, 'min_child_weight': 16, 'subsample': 0.8, 'colsample_bytree': 0.9000000000000001, 'gamma': 0.4}. Best is trial 1267 with value: 0.5099314743075365.
[I 2023-10-20 11:09:29,721] Trial 1517 finished with value: 0.4868728796667404 and parameters: {'w0': 0.051000000000000004, 'w1': 0.846, 'w2': 0.123, 'w3': 0.512, 'w4': 0.871, 'w5': 0.9430000000000001, 'w6': 0.256, 'w7': 0.148, 'w8': 0.72, 'max_depth': 9, 'min_child_weight': 16, 'subsample': 0.8, 'colsample_bytree': 0.4, 'gamma': 0.4}. Best is trial 1267 with value: 0.5099314743075365.
[I 2023-10-20 11:09:44,573] Trial 1513 finished with value: 0.5041358979804655 and parameters: {'w0': 0.211, 'w1': 0.852, 'w2': 0.123, 'w3': 0.517, 'w4': 0.897, 'w5': 0.9390000000000001, 'w6': 0.403, 'w7': 0.14500000000000002, 'w8': 0.803, 'max_depth': 9, 'min_child_weight': 16, 'subsample': 0.8, 'colsample_bytree': 0.9000000000000001, 'gamma': 0.2}. Best is trial 1267 with value: 0.5099314743075365.
[I 2023-10-20 11:11:33,751] Trial 1516 finished with value: 0.5001496338272713 and parameters: {'w0': 0.124, 'w1': 0.854, 'w2': 0.131, 'w3': 0.431, 'w4': 0.759, 'w5': 0.9480000000000001, 'w6': 0.62, 'w7': 0.14200000000000002, 'w8': 0.719, 'max_depth': 9, 'min_child_weight': 16, 'subsample': 0.8, 'colsample_bytree': 0.9000000000000001, 'gamma': 0.4}. Best is trial 1267 with value: 0.5099314743075365.
[I 2023-10-20 11:12:56,461] Trial 1520 finished with value: 0.48572629094940045 and parameters: {'w0': 0.046, 'w1': 0.854, 'w2': 0.131, 'w3': 0.428, 'w4': 0.871, 'w5': 0.9520000000000001, 'w6': 0.391, 'w7': 0.14400000000000002, 'w8': 0.718, 'max_depth': 9, 'min_child_weight': 16, 'subsample': 0.8, 'colsample_bytree': 0.9000000000000001, 'gamma': 0.4}. Best is trial 1267 with value: 0.5099314743075365.
[I 2023-10-20 11:14:05,318] Trial 1519 finished with value: 0.5003608781065817 and parameters: {'w0': 0.11800000000000001, 'w1': 0.852, 'w2': 0.129, 'w3': 0.428, 'w4': 0.871, 'w5': 0.9550000000000001, 'w6': 0.369, 'w7': 0.15, 'w8': 0.719, 'max_depth': 9, 'min_child_weight': 16, 'subsample': 0.8, 'colsample_bytree': 0.9000000000000001, 'gamma': 0.4}. Best is trial 1267 with value: 0.5099314743075365.
[I 2023-10-20 11:14:46,166] Trial 1518 finished with value: 0.4567352130267552 and parameters: {'w0': 0.037000000000000005, 'w1': 0.861, 'w2': 0.61, 'w3': 0.514, 'w4': 0.865, 'w5': 0.754, 'w6': 0.254, 'w7': 0.149, 'w8': 0.724, 'max_depth': 9, 'min_child_weight': 8, 'subsample': 0.8, 'colsample_bytree': 0.9000000000000001, 'gamma': 0.4}. Best is trial 1267 with value: 0.5099314743075365.
[I 2023-10-20 11:14:52,230] Trial 1522 finished with value: 0.48847559409876784 and parameters: {'w0': 0.046, 'w1': 0.858, 'w2': 0.125, 'w3': 0.519, 'w4': 0.867, 'w5': 0.9570000000000001, 'w6': 0.255, 'w7': 0.14500000000000002, 'w8': 0.711, 'max_depth': 9, 'min_child_weight': 16, 'subsample': 0.8, 'colsample_bytree': 0.9000000000000001, 'gamma': 0.4}. Best is trial 1267 with value: 0.5099314743075365.
[I 2023-10-20 11:15:20,603] Trial 1521 finished with value: 0.49971526300895985 and parameters: {'w0': 0.11900000000000001, 'w1': 0.851, 'w2': 0.126, 'w3': 0.519, 'w4': 0.885, 'w5': 0.9560000000000001, 'w6': 0.387, 'w7': 0.14, 'w8': 0.72, 'max_depth': 9, 'min_child_weight': 16, 'subsample': 0.8, 'colsample_bytree': 0.9000000000000001, 'gamma': 0.4}. Best is trial 1267 with value: 0.5099314743075365.
[I 2023-10-20 11:18:56,343] Trial 1525 finished with value: 0.5043329603983795 and parameters: {'w0': 0.121, 'w1': 0.883, 'w2': 0.128, 'w3': 0.52, 'w4': 0.87, 'w5': 0.9530000000000001, 'w6': 0.252, 'w7': 0.13, 'w8': 0.719, 'max_depth': 9, 'min_child_weight': 16, 'subsample': 0.8, 'colsample_bytree': 0.9000000000000001, 'gamma': 0.6000000000000001}. Best is trial 1267 with value: 0.5099314743075365.
[I 2023-10-20 11:19:17,669] Trial 1523 finished with value: 0.46853757776069554 and parameters: {'w0': 0.045, 'w1': 0.855, 'w2': 0.34600000000000003, 'w3': 0.515, 'w4': 0.873, 'w5': 0.9570000000000001, 'w6': 0.254, 'w7': 0.131, 'w8': 0.724, 'max_depth': 9, 'min_child_weight': 16, 'subsample': 0.8, 'colsample_bytree': 0.7, 'gamma': 0.4}. Best is trial 1267 with value: 0.5099314743075365.
[I 2023-10-20 11:19:33,209] Trial 1524 finished with value: 0.5019193271766809 and parameters: {'w0': 0.12000000000000001, 'w1': 0.851, 'w2': 0.13, 'w3': 0.511, 'w4': 0.868, 'w5': 0.9570000000000001, 'w6': 0.512, 'w7': 0.15, 'w8': 0.757, 'max_depth': 9, 'min_child_weight': 16, 'subsample': 0.8, 'colsample_bytree': 0.9000000000000001, 'gamma': 0.6000000000000001}. Best is trial 1267 with value: 0.5099314743075365.
[I 2023-10-20 11:20:38,233] Trial 1526 finished with value: 0.5045747063312394 and parameters: {'w0': 0.20700000000000002, 'w1': 0.882, 'w2': 0.122, 'w3': 0.516, 'w4': 0.867, 'w5': 0.9580000000000001, 'w6': 0.252, 'w7': 0.132, 'w8': 0.72, 'max_depth': 9, 'min_child_weight': 16, 'subsample': 0.8, 'colsample_bytree': 0.7, 'gamma': 0.6000000000000001}. Best is trial 1267 with value: 0.5099314743075365.
[I 2023-10-20 11:21:25,145] Trial 1527 finished with value: 0.5028211750831283 and parameters: {'w0': 0.213, 'w1': 0.792, 'w2': 0.126, 'w3': 0.514, 'w4': 0.864, 'w5': 0.9570000000000001, 'w6': 0.263, 'w7': 0.133, 'w8': 0.756, 'max_depth': 9, 'min_child_weight': 16, 'subsample': 0.8, 'colsample_bytree': 0.7, 'gamma': 0.6000000000000001}. Best is trial 1267 with value: 0.5099314743075365.
[I 2023-10-20 11:22:48,016] Trial 1528 finished with value: 0.49427798177591764 and parameters: {'w0': 0.059000000000000004, 'w1': 0.884, 'w2': 0.13, 'w3': 0.512, 'w4': 0.917, 'w5': 0.905, 'w6': 0.402, 'w7': 0.131, 'w8': 0.717, 'max_depth': 9, 'min_child_weight': 16, 'subsample': 0.8, 'colsample_bytree': 0.8, 'gamma': 0.4}. Best is trial 1267 with value: 0.5099314743075365.
[I 2023-10-20 11:23:31,707] Trial 1529 finished with value: 0.4967452207240035 and parameters: {'w0': 0.066, 'w1': 0.79, 'w2': 0.125, 'w3': 0.486, 'w4': 0.918, 'w5': 0.907, 'w6': 0.432, 'w7': 0.13, 'w8': 0.6950000000000001, 'max_depth': 9, 'min_child_weight': 16, 'subsample': 0.8, 'colsample_bytree': 0.7, 'gamma': 0.4}. Best is trial 1267 with value: 0.5099314743075365.
[I 2023-10-20 11:24:24,337] Trial 1532 finished with value: 0.49639385451348583 and parameters: {'w0': 0.066, 'w1': 0.882, 'w2': 0.129, 'w3': 0.48000000000000004, 'w4': 0.916, 'w5': 0.898, 'w6': 0.426, 'w7': 0.124, 'w8': 0.718, 'max_depth': 8, 'min_child_weight': 16, 'subsample': 0.8, 'colsample_bytree': 0.7, 'gamma': 0.0}. Best is trial 1267 with value: 0.5099314743075365.
[I 2023-10-20 11:24:37,526] Trial 1530 finished with value: 0.49790622713927923 and parameters: {'w0': 0.068, 'w1': 0.9520000000000001, 'w2': 0.129, 'w3': 0.513, 'w4': 0.913, 'w5': 0.898, 'w6': 0.424, 'w7': 0.128, 'w8': 0.719, 'max_depth': 9, 'min_child_weight': 16, 'subsample': 0.8, 'colsample_bytree': 0.7, 'gamma': 0.0}. Best is trial 1267 with value: 0.5099314743075365.
[I 2023-10-20 11:25:14,708] Trial 1531 finished with value: 0.501702479971964 and parameters: {'w0': 0.115, 'w1': 0.788, 'w2': 0.094, 'w3': 0.484, 'w4': 0.921, 'w5': 0.913, 'w6': 0.427, 'w7': 0.129, 'w8': 0.716, 'max_depth': 9, 'min_child_weight': 16, 'subsample': 0.8, 'colsample_bytree': 0.7, 'gamma': 0.0}. Best is trial 1267 with value: 0.5099314743075365.
[I 2023-10-20 11:26:11,644] Trial 1533 finished with value: 0.4914951735285508 and parameters: {'w0': 0.068, 'w1': 0.9530000000000001, 'w2': 0.095, 'w3': 0.486, 'w4': 0.997, 'w5': 0.91, 'w6': 0.425, 'w7': 0.133, 'w8': 0.6960000000000001, 'max_depth': 8, 'min_child_weight': 16, 'subsample': 0.8, 'colsample_bytree': 0.7, 'gamma': 0.0}. Best is trial 1267 with value: 0.5099314743075365.
