[I 2023-10-20 20:24:50,667] Trial 195 finished with value: 0.3957899678548239 and parameters: {'w0': 0.488, 'w1': 0.925, 'w2': 0.683, 'w3': 0.998, 'w4': 0.08, 'w5': 0.8170000000000001, 'w6': 0.767, 'w7': 0.529, 'w8': 0.962, 'max_depth': 10, 'min_child_weight': 16, 'subsample': 0.6000000000000001, 'colsample_bytree': 0.4, 'gamma': 2.6}. Best is trial 130 with value: 0.4016300481302931.
[I 2023-10-20 20:25:09,951] Trial 196 finished with value: 0.395527101712366 and parameters: {'w0': 0.499, 'w1': 0.9480000000000001, 'w2': 0.681, 'w3': 0.51, 'w4': 0.062, 'w5': 0.8, 'w6': 0.729, 'w7': 0.529, 'w8': 0.9570000000000001, 'max_depth': 10, 'min_child_weight': 18, 'subsample': 0.6000000000000001, 'colsample_bytree': 0.4, 'gamma': 2.6}. Best is trial 130 with value: 0.4016300481302931.
[I 2023-10-20 20:25:40,044] Trial 197 finished with value: 0.39502780780378965 and parameters: {'w0': 0.522, 'w1': 0.9490000000000001, 'w2': 0.673, 'w3': 0.994, 'w4': 0.098, 'w5': 0.9480000000000001, 'w6': 0.773, 'w7': 0.64, 'w8': 0.963, 'max_depth': 10, 'min_child_weight': 16, 'subsample': 0.6000000000000001, 'colsample_bytree': 0.4, 'gamma': 2.6}. Best is trial 130 with value: 0.4016300481302931.
[I 2023-10-20 20:26:41,453] Trial 198 finished with value: 0.3898151062243451 and parameters: {'w0': 0.52, 'w1': 0.9540000000000001, 'w2': 0.668, 'w3': 0.994, 'w4': 0.196, 'w5': 0.874, 'w6': 0.736, 'w7': 0.646, 'w8': 0.965, 'max_depth': 10, 'min_child_weight': 16, 'subsample': 0.6000000000000001, 'colsample_bytree': 0.4, 'gamma': 3.2}. Best is trial 130 with value: 0.4016300481302931.
[I 2023-10-20 20:28:11,253] Trial 199 finished with value: 0.39321423263919086 and parameters: {'w0': 0.527, 'w1': 0.9510000000000001, 'w2': 0.669, 'w3': 0.982, 'w4': 0.212, 'w5': 0.871, 'w6': 0.726, 'w7': 0.65, 'w8': 0.961, 'max_depth': 10, 'min_child_weight': 4, 'subsample': 0.6000000000000001, 'colsample_bytree': 0.4, 'gamma': 3.2}. Best is trial 130 with value: 0.4016300481302931.
[I 2023-10-20 20:28:37,479] Trial 202 finished with value: 0.394909232802654 and parameters: {'w0': 0.528, 'w1': 0.9560000000000001, 'w2': 0.601, 'w3': 1.0, 'w4': 0.214, 'w5': 0.772, 'w6': 0.721, 'w7': 0.626, 'w8': 0.967, 'max_depth': 9, 'min_child_weight': 4, 'subsample': 0.6000000000000001, 'colsample_bytree': 0.4, 'gamma': 3.2}. Best is trial 130 with value: 0.4016300481302931.
[I 2023-10-20 20:28:42,384] Trial 203 finished with value: 0.3845325868900953 and parameters: {'w0': 0.533, 'w1': 0.848, 'w2': 0.664, 'w3': 0.586, 'w4': 0.14, 'w5': 0.755, 'w6': 0.735, 'w7': 0.644, 'w8': 0.435, 'max_depth': 9, 'min_child_weight': 4, 'subsample': 0.6000000000000001, 'colsample_bytree': 0.4, 'gamma': 3.2}. Best is trial 130 with value: 0.4016300481302931.
[I 2023-10-20 20:28:46,715] Trial 201 finished with value: 0.39219567775357805 and parameters: {'w0': 0.589, 'w1': 0.9520000000000001, 'w2': 0.596, 'w3': 0.654, 'w4': 0.20900000000000002, 'w5': 0.773, 'w6': 0.73, 'w7': 0.642, 'w8': 0.964, 'max_depth': 9, 'min_child_weight': 16, 'subsample': 0.6000000000000001, 'colsample_bytree': 0.4, 'gamma': 3.0}. Best is trial 130 with value: 0.4016300481302931.
[I 2023-10-20 20:29:11,620] Trial 205 finished with value: 0.3896794236585274 and parameters: {'w0': 0.541, 'w1': 0.9490000000000001, 'w2': 0.586, 'w3': 0.5760000000000001, 'w4': 0.138, 'w5': 0.8320000000000001, 'w6': 0.845, 'w7': 0.642, 'w8': 0.621, 'max_depth': 9, 'min_child_weight': 4, 'subsample': 0.6000000000000001, 'colsample_bytree': 0.4, 'gamma': 3.2}. Best is trial 130 with value: 0.4016300481302931.
[I 2023-10-20 20:29:19,956] Trial 204 finished with value: 0.395743643587438 and parameters: {'w0': 0.456, 'w1': 0.963, 'w2': 0.663, 'w3': 0.917, 'w4': 0.20900000000000002, 'w5': 0.769, 'w6': 0.921, 'w7': 0.635, 'w8': 0.976, 'max_depth': 9, 'min_child_weight': 4, 'subsample': 0.6000000000000001, 'colsample_bytree': 0.4, 'gamma': 3.2}. Best is trial 130 with value: 0.4016300481302931.
[I 2023-10-20 20:29:28,747] Trial 206 finished with value: 0.3764793990955317 and parameters: {'w0': 0.46, 'w1': 0.9590000000000001, 'w2': 0.5740000000000001, 'w3': 0.539, 'w4': 0.146, 'w5': 0.8330000000000001, 'w6': 0.848, 'w7': 0.639, 'w8': 0.547, 'max_depth': 10, 'min_child_weight': 20, 'subsample': 0.6000000000000001, 'colsample_bytree': 0.4, 'gamma': 3.2}. Best is trial 130 with value: 0.4016300481302931.
[I 2023-10-20 20:29:29,517] Trial 200 finished with value: 0.3760554337254238 and parameters: {'w0': 0.537, 'w1': 0.854, 'w2': 0.5720000000000001, 'w3': 1.0, 'w4': 0.214, 'w5': 0.868, 'w6': 0.731, 'w7': 0.634, 'w8': 0.444, 'max_depth': 10, 'min_child_weight': 16, 'subsample': 0.6000000000000001, 'colsample_bytree': 0.4, 'gamma': 2.6}. Best is trial 130 with value: 0.4016300481302931.
[I 2023-10-20 20:31:00,613] Trial 207 finished with value: 0.3784357840349127 and parameters: {'w0': 0.526, 'w1': 0.9470000000000001, 'w2': 0.655, 'w3': 0.528, 'w4': 0.146, 'w5': 0.837, 'w6': 0.855, 'w7': 0.631, 'w8': 0.597, 'max_depth': 9, 'min_child_weight': 20, 'subsample': 0.4, 'colsample_bytree': 0.4, 'gamma': 3.2}. Best is trial 130 with value: 0.4016300481302931.
[I 2023-10-20 20:31:06,847] Trial 209 finished with value: 0.37380803491038694 and parameters: {'w0': 0.549, 'w1': 0.851, 'w2': 0.438, 'w3': 0.594, 'w4': 0.14200000000000002, 'w5': 0.836, 'w6': 0.848, 'w7': 0.63, 'w8': 0.46, 'max_depth': 9, 'min_child_weight': 4, 'subsample': 0.5, 'colsample_bytree': 0.4, 'gamma': 3.4000000000000004}. Best is trial 130 with value: 0.4016300481302931.
[I 2023-10-20 20:34:41,937] Trial 213 finished with value: 0.39868658604342705 and parameters: {'w0': 0.45, 'w1': 0.849, 'w2': 0.635, 'w3': 0.583, 'w4': 0.14500000000000002, 'w5': 0.846, 'w6': 0.84, 'w7': 0.624, 'w8': 0.981, 'max_depth': 9, 'min_child_weight': 4, 'subsample': 0.5, 'colsample_bytree': 0.4, 'gamma': 3.0}. Best is trial 130 with value: 0.4016300481302931.
[I 2023-10-20 20:35:39,902] Trial 220 finished with value: 0.375840357597171 and parameters: {'w0': 0.431, 'w1': 0.847, 'w2': 0.5660000000000001, 'w3': 0.623, 'w4': 0.151, 'w5': 0.844, 'w6': 0.858, 'w7': 0.618, 'w8': 0.987, 'max_depth': 9, 'min_child_weight': 20, 'subsample': 0.4, 'colsample_bytree': 0.4, 'gamma': 5.0}. Best is trial 130 with value: 0.4016300481302931.
[I 2023-10-20 20:36:18,242] Trial 212 finished with value: 0.39338233903458086 and parameters: {'w0': 0.533, 'w1': 0.849, 'w2': 0.607, 'w3': 0.648, 'w4': 0.147, 'w5': 0.757, 'w6': 0.862, 'w7': 0.629, 'w8': 0.5640000000000001, 'max_depth': 9, 'min_child_weight': 4, 'subsample': 0.4, 'colsample_bytree': 1.0, 'gamma': 3.4000000000000004}. Best is trial 130 with value: 0.4016300481302931.
[I 2023-10-20 20:36:25,979] Trial 211 finished with value: 0.4026885154994317 and parameters: {'w0': 0.523, 'w1': 0.847, 'w2': 0.655, 'w3': 0.541, 'w4': 0.20900000000000002, 'w5': 0.753, 'w6': 0.846, 'w7': 0.626, 'w8': 0.985, 'max_depth': 9, 'min_child_weight': 4, 'subsample': 0.4, 'colsample_bytree': 0.9000000000000001, 'gamma': 3.2}. Best is trial 211 with value: 0.4026885154994317.
[I 2023-10-20 20:36:36,888] Trial 210 finished with value: 0.39524361682784975 and parameters: {'w0': 0.532, 'w1': 0.9540000000000001, 'w2': 0.58, 'w3': 0.67, 'w4': 0.14, 'w5': 0.8280000000000001, 'w6': 0.848, 'w7': 0.627, 'w8': 0.595, 'max_depth': 9, 'min_child_weight': 4, 'subsample': 0.4, 'colsample_bytree': 0.4, 'gamma': 2.0}. Best is trial 211 with value: 0.4026885154994317.
[I 2023-10-20 20:36:49,748] Trial 208 finished with value: 0.3934608953696217 and parameters: {'w0': 0.523, 'w1': 0.9490000000000001, 'w2': 0.62, 'w3': 0.513, 'w4': 0.139, 'w5': 0.752, 'w6': 0.844, 'w7': 0.653, 'w8': 0.623, 'max_depth': 9, 'min_child_weight': 20, 'subsample': 0.5, 'colsample_bytree': 1.0, 'gamma': 2.0}. Best is trial 211 with value: 0.4026885154994317.
[I 2023-10-20 20:38:09,076] Trial 214 finished with value: 0.39453848858551743 and parameters: {'w0': 0.5750000000000001, 'w1': 0.839, 'w2': 0.5730000000000001, 'w3': 0.583, 'w4': 0.14200000000000002, 'w5': 0.837, 'w6': 0.851, 'w7': 0.621, 'w8': 0.509, 'max_depth': 9, 'min_child_weight': 4, 'subsample': 0.4, 'colsample_bytree': 1.0, 'gamma': 3.2}. Best is trial 211 with value: 0.4026885154994317.
[I 2023-10-20 20:41:23,081] Trial 218 finished with value: 0.3848088885603765 and parameters: {'w0': 0.435, 'w1': 0.844, 'w2': 0.624, 'w3': 0.9580000000000001, 'w4': 0.14100000000000001, 'w5': 0.836, 'w6': 0.853, 'w7': 0.613, 'w8': 0.498, 'max_depth': 9, 'min_child_weight': 4, 'subsample': 0.4, 'colsample_bytree': 0.4, 'gamma': 2.0}. Best is trial 211 with value: 0.4026885154994317.
[I 2023-10-20 20:41:28,524] Trial 219 finished with value: 0.3979334074969446 and parameters: {'w0': 0.445, 'w1': 0.843, 'w2': 0.5630000000000001, 'w3': 0.919, 'w4': 0.147, 'w5': 0.846, 'w6': 0.845, 'w7': 0.615, 'w8': 0.987, 'max_depth': 9, 'min_child_weight': 20, 'subsample': 0.5, 'colsample_bytree': 0.4, 'gamma': 1.8}. Best is trial 211 with value: 0.4026885154994317.
[I 2023-10-20 20:42:47,715] Trial 216 finished with value: 0.3941067708499186 and parameters: {'w0': 0.607, 'w1': 0.849, 'w2': 0.61, 'w3': 0.662, 'w4': 0.135, 'w5': 0.8250000000000001, 'w6': 0.856, 'w7': 0.622, 'w8': 0.602, 'max_depth': 9, 'min_child_weight': 20, 'subsample': 0.5, 'colsample_bytree': 0.9000000000000001, 'gamma': 1.8}. Best is trial 211 with value: 0.4026885154994317.
[I 2023-10-20 20:43:33,182] Trial 215 finished with value: 0.4018201428814187 and parameters: {'w0': 0.583, 'w1': 0.854, 'w2': 0.622, 'w3': 0.915, 'w4': 0.14300000000000002, 'w5': 0.754, 'w6': 0.86, 'w7': 0.624, 'w8': 0.98, 'max_depth': 9, 'min_child_weight': 4, 'subsample': 0.5, 'colsample_bytree': 0.4, 'gamma': 1.2000000000000002}. Best is trial 211 with value: 0.4026885154994317.
[I 2023-10-20 20:44:05,164] Trial 217 finished with value: 0.4034787118363615 and parameters: {'w0': 0.591, 'w1': 0.849, 'w2': 0.611, 'w3': 0.919, 'w4': 0.14, 'w5': 0.836, 'w6': 0.841, 'w7': 0.631, 'w8': 0.987, 'max_depth': 9, 'min_child_weight': 4, 'subsample': 0.5, 'colsample_bytree': 1.0, 'gamma': 2.0}. Best is trial 217 with value: 0.4034787118363615.
[I 2023-10-20 20:44:15,438] Trial 221 finished with value: 0.40349075730083217 and parameters: {'w0': 0.439, 'w1': 0.85, 'w2': 0.62, 'w3': 0.493, 'w4': 0.151, 'w5': 0.852, 'w6': 0.857, 'w7': 0.615, 'w8': 0.984, 'max_depth': 9, 'min_child_weight': 4, 'subsample': 0.5, 'colsample_bytree': 1.0, 'gamma': 2.0}. Best is trial 221 with value: 0.40349075730083217.
[I 2023-10-20 20:45:21,528] Trial 222 finished with value: 0.40286535905496873 and parameters: {'w0': 0.436, 'w1': 0.848, 'w2': 0.616, 'w3': 0.9510000000000001, 'w4': 0.121, 'w5': 0.849, 'w6': 0.887, 'w7': 0.607, 'w8': 0.986, 'max_depth': 9, 'min_child_weight': 6, 'subsample': 0.5, 'colsample_bytree': 1.0, 'gamma': 1.8}. Best is trial 221 with value: 0.40349075730083217.
[I 2023-10-20 20:46:00,950] Trial 223 finished with value: 0.40270162327001013 and parameters: {'w0': 0.435, 'w1': 0.849, 'w2': 0.532, 'w3': 0.9540000000000001, 'w4': 0.193, 'w5': 0.845, 'w6': 0.89, 'w7': 0.611, 'w8': 0.986, 'max_depth': 9, 'min_child_weight': 6, 'subsample': 0.5, 'colsample_bytree': 1.0, 'gamma': 2.0}. Best is trial 221 with value: 0.40349075730083217.
[I 2023-10-20 20:46:09,532] Trial 225 finished with value: 0.39769308695840233 and parameters: {'w0': 0.435, 'w1': 0.84, 'w2': 0.633, 'w3': 0.494, 'w4': 0.224, 'w5': 0.34900000000000003, 'w6': 0.888, 'w7': 0.5770000000000001, 'w8': 0.989, 'max_depth': 9, 'min_child_weight': 6, 'subsample': 0.5, 'colsample_bytree': 0.4, 'gamma': 2.0}. Best is trial 221 with value: 0.40349075730083217.
[I 2023-10-20 20:46:24,399] Trial 224 finished with value: 0.4046979205123188 and parameters: {'w0': 0.41600000000000004, 'w1': 0.848, 'w2': 0.643, 'w3': 0.9570000000000001, 'w4': 0.113, 'w5': 0.34500000000000003, 'w6': 0.882, 'w7': 0.607, 'w8': 0.986, 'max_depth': 9, 'min_child_weight': 6, 'subsample': 0.5, 'colsample_bytree': 1.0, 'gamma': 1.8}. Best is trial 224 with value: 0.4046979205123188.
[I 2023-10-20 20:47:28,108] Trial 226 finished with value: 0.40032497723505445 and parameters: {'w0': 0.447, 'w1': 0.883, 'w2': 0.536, 'w3': 0.623, 'w4': 0.11800000000000001, 'w5': 0.783, 'w6': 0.89, 'w7': 0.605, 'w8': 0.992, 'max_depth': 9, 'min_child_weight': 4, 'subsample': 0.5, 'colsample_bytree': 0.4, 'gamma': 2.0}. Best is trial 224 with value: 0.4046979205123188.
[I 2023-10-20 20:47:51,303] Trial 229 finished with value: 0.39999124202749053 and parameters: {'w0': 0.44, 'w1': 0.761, 'w2': 0.635, 'w3': 0.55, 'w4': 0.224, 'w5': 0.785, 'w6': 0.793, 'w7': 0.578, 'w8': 0.986, 'max_depth': 9, 'min_child_weight': 4, 'subsample': 0.5, 'colsample_bytree': 0.4, 'gamma': 2.2}. Best is trial 224 with value: 0.4046979205123188.
[I 2023-10-20 20:48:40,382] Trial 227 finished with value: 0.4020131169385655 and parameters: {'w0': 0.465, 'w1': 0.768, 'w2': 0.635, 'w3': 0.964, 'w4': 0.109, 'w5': 0.744, 'w6': 0.883, 'w7': 0.5740000000000001, 'w8': 0.991, 'max_depth': 9, 'min_child_weight': 4, 'subsample': 0.5, 'colsample_bytree': 0.4, 'gamma': 2.0}. Best is trial 224 with value: 0.4046979205123188.
[I 2023-10-20 20:48:42,393] Trial 228 finished with value: 0.37230917157548443 and parameters: {'w0': 0.454, 'w1': 0.869, 'w2': 0.113, 'w3': 0.503, 'w4': 0.115, 'w5': 0.74, 'w6': 0.89, 'w7': 0.5760000000000001, 'w8': 0.986, 'max_depth': 9, 'min_child_weight': 4, 'subsample': 0.5, 'colsample_bytree': 0.9000000000000001, 'gamma': 2.0}. Best is trial 224 with value: 0.4046979205123188.
[I 2023-10-20 20:51:11,383] Trial 231 finished with value: 0.3767427175953488 and parameters: {'w0': 0.622, 'w1': 0.875, 'w2': 0.636, 'w3': 0.622, 'w4': 0.225, 'w5': 0.6910000000000001, 'w6': 0.126, 'w7': 0.5740000000000001, 'w8': 0.987, 'max_depth': 9, 'min_child_weight': 4, 'subsample': 0.5, 'colsample_bytree': 0.9000000000000001, 'gamma': 2.2}. Best is trial 224 with value: 0.4046979205123188.
[I 2023-10-20 20:51:48,846] Trial 230 finished with value: 0.4042572827795923 and parameters: {'w0': 0.5710000000000001, 'w1': 0.877, 'w2': 0.631, 'w3': 0.613, 'w4': 0.227, 'w5': 0.779, 'w6': 0.886, 'w7': 0.5770000000000001, 'w8': 0.985, 'max_depth': 9, 'min_child_weight': 4, 'subsample': 0.5, 'colsample_bytree': 0.4, 'gamma': 1.2000000000000002}. Best is trial 224 with value: 0.4046979205123188.
[I 2023-10-20 20:54:53,079] Trial 233 finished with value: 0.40044426145019385 and parameters: {'w0': 0.618, 'w1': 0.877, 'w2': 0.548, 'w3': 0.497, 'w4': 0.112, 'w5': 0.353, 'w6': 0.788, 'w7': 0.578, 'w8': 0.989, 'max_depth': 9, 'min_child_weight': 6, 'subsample': 0.5, 'colsample_bytree': 0.4, 'gamma': 1.6}. Best is trial 224 with value: 0.4046979205123188.
[I 2023-10-20 20:57:20,832] Trial 234 finished with value: 0.4003831110502826 and parameters: {'w0': 0.41200000000000003, 'w1': 0.872, 'w2': 0.533, 'w3': 0.558, 'w4': 0.228, 'w5': 0.34700000000000003, 'w6': 0.792, 'w7': 0.5710000000000001, 'w8': 1.0, 'max_depth': 9, 'min_child_weight': 6, 'subsample': 0.5, 'colsample_bytree': 0.4, 'gamma': 1.2000000000000002}. Best is trial 224 with value: 0.4046979205123188.
[I 2023-10-20 20:57:24,507] Trial 236 finished with value: 0.40135682055289706 and parameters: {'w0': 0.395, 'w1': 0.875, 'w2': 0.511, 'w3': 0.92, 'w4': 0.109, 'w5': 0.788, 'w6': 0.8310000000000001, 'w7': 0.5730000000000001, 'w8': 0.987, 'max_depth': 9, 'min_child_weight': 4, 'subsample': 0.5, 'colsample_bytree': 0.4, 'gamma': 1.6}. Best is trial 224 with value: 0.4046979205123188.
[I 2023-10-20 20:57:58,607] Trial 232 finished with value: 0.4070148284590494 and parameters: {'w0': 0.446, 'w1': 0.873, 'w2': 0.636, 'w3': 0.5630000000000001, 'w4': 0.225, 'w5': 0.297, 'w6': 0.883, 'w7': 0.5710000000000001, 'w8': 0.99, 'max_depth': 9, 'min_child_weight': 6, 'subsample': 0.5, 'colsample_bytree': 0.9000000000000001, 'gamma': 1.2000000000000002}. Best is trial 232 with value: 0.4070148284590494.
[I 2023-10-20 20:58:35,175] Trial 235 finished with value: 0.4006160567411589 and parameters: {'w0': 0.391, 'w1': 0.764, 'w2': 0.644, 'w3': 0.503, 'w4': 0.108, 'w5': 0.788, 'w6': 0.888, 'w7': 0.5770000000000001, 'w8': 1.0, 'max_depth': 9, 'min_child_weight': 4, 'subsample': 0.5, 'colsample_bytree': 0.4, 'gamma': 1.2000000000000002}. Best is trial 232 with value: 0.4070148284590494.
[I 2023-10-20 21:00:19,512] Trial 237 finished with value: 0.4042915303495467 and parameters: {'w0': 0.466, 'w1': 0.872, 'w2': 0.533, 'w3': 0.489, 'w4': 0.107, 'w5': 0.787, 'w6': 0.891, 'w7': 0.601, 'w8': 0.984, 'max_depth': 9, 'min_child_weight': 4, 'subsample': 0.5, 'colsample_bytree': 0.9000000000000001, 'gamma': 1.6}. Best is trial 232 with value: 0.4070148284590494.
[I 2023-10-20 21:01:16,414] Trial 247 finished with value: 0.3951767832571911 and parameters: {'w0': 0.41200000000000003, 'w1': 0.769, 'w2': 0.529, 'w3': 0.555, 'w4': 0.108, 'w5': 0.791, 'w6': 0.883, 'w7': 0.609, 'w8': 0.997, 'max_depth': 4, 'min_child_weight': 6, 'subsample': 0.5, 'colsample_bytree': 1.0, 'gamma': 1.6}. Best is trial 232 with value: 0.4070148284590494.
[I 2023-10-20 21:03:08,906] Trial 241 finished with value: 0.401795517083415 and parameters: {'w0': 0.626, 'w1': 0.806, 'w2': 0.638, 'w3': 0.544, 'w4': 0.113, 'w5': 0.706, 'w6': 0.886, 'w7': 0.597, 'w8': 0.986, 'max_depth': 9, 'min_child_weight': 6, 'subsample': 0.5, 'colsample_bytree': 1.0, 'gamma': 1.6}. Best is trial 232 with value: 0.4070148284590494.
[I 2023-10-20 21:03:14,695] Trial 238 finished with value: 0.4056316871934286 and parameters: {'w0': 0.634, 'w1': 0.769, 'w2': 0.634, 'w3': 0.498, 'w4': 0.11900000000000001, 'w5': 0.785, 'w6': 0.889, 'w7': 0.5730000000000001, 'w8': 0.987, 'max_depth': 9, 'min_child_weight': 6, 'subsample': 0.5, 'colsample_bytree': 1.0, 'gamma': 1.2000000000000002}. Best is trial 232 with value: 0.4070148284590494.
[I 2023-10-20 21:03:48,874] Trial 239 finished with value: 0.4049881651070143 and parameters: {'w0': 0.41700000000000004, 'w1': 0.874, 'w2': 0.517, 'w3': 0.493, 'w4': 0.114, 'w5': 0.705, 'w6': 0.888, 'w7': 0.584, 'w8': 0.988, 'max_depth': 9, 'min_child_weight': 4, 'subsample': 0.5, 'colsample_bytree': 1.0, 'gamma': 1.2000000000000002}. Best is trial 232 with value: 0.4070148284590494.
[I 2023-10-20 21:04:07,718] Trial 240 finished with value: 0.4052169874021252 and parameters: {'w0': 0.625, 'w1': 0.771, 'w2': 0.545, 'w3': 0.554, 'w4': 0.107, 'w5': 0.888, 'w6': 0.886, 'w7': 0.599, 'w8': 0.998, 'max_depth': 9, 'min_child_weight': 4, 'subsample': 0.5, 'colsample_bytree': 1.0, 'gamma': 1.2000000000000002}. Best is trial 232 with value: 0.4070148284590494.
[I 2023-10-20 21:04:22,376] Trial 243 finished with value: 0.40544910456011185 and parameters: {'w0': 0.41200000000000003, 'w1': 0.811, 'w2': 0.519, 'w3': 0.542, 'w4': 0.107, 'w5': 0.782, 'w6': 0.886, 'w7': 0.5770000000000001, 'w8': 0.987, 'max_depth': 9, 'min_child_weight': 6, 'subsample': 0.5, 'colsample_bytree': 1.0, 'gamma': 1.6}. Best is trial 232 with value: 0.4070148284590494.
[I 2023-10-20 21:05:07,092] Trial 245 finished with value: 0.404505678356086 and parameters: {'w0': 0.40900000000000003, 'w1': 0.778, 'w2': 0.542, 'w3': 0.56, 'w4': 0.116, 'w5': 0.795, 'w6': 0.885, 'w7': 0.593, 'w8': 0.997, 'max_depth': 9, 'min_child_weight': 6, 'subsample': 0.5, 'colsample_bytree': 1.0, 'gamma': 1.6}. Best is trial 232 with value: 0.4070148284590494.
[I 2023-10-20 21:05:15,223] Trial 244 finished with value: 0.40291698506620355 and parameters: {'w0': 0.41400000000000003, 'w1': 0.776, 'w2': 0.518, 'w3': 0.62, 'w4': 0.09, 'w5': 0.74, 'w6': 0.885, 'w7': 0.595, 'w8': 0.999, 'max_depth': 9, 'min_child_weight': 6, 'subsample': 0.5, 'colsample_bytree': 1.0, 'gamma': 1.6}. Best is trial 232 with value: 0.4070148284590494.
[I 2023-10-20 21:05:27,069] Trial 242 finished with value: 0.4038584382222059 and parameters: {'w0': 0.41100000000000003, 'w1': 0.807, 'w2': 0.636, 'w3': 0.62, 'w4': 0.106, 'w5': 0.786, 'w6': 0.888, 'w7': 0.578, 'w8': 0.999, 'max_depth': 9, 'min_child_weight': 6, 'subsample': 0.5, 'colsample_bytree': 1.0, 'gamma': 1.2000000000000002}. Best is trial 232 with value: 0.4070148284590494.
[I 2023-10-20 21:08:43,400] Trial 246 finished with value: 0.40269037412422104 and parameters: {'w0': 0.40800000000000003, 'w1': 0.759, 'w2': 0.536, 'w3': 0.555, 'w4': 0.112, 'w5': 0.786, 'w6': 0.884, 'w7': 0.598, 'w8': 1.0, 'max_depth': 9, 'min_child_weight': 6, 'subsample': 0.5, 'colsample_bytree': 1.0, 'gamma': 1.2000000000000002}. Best is trial 232 with value: 0.4070148284590494.
[I 2023-10-20 21:11:33,255] Trial 248 finished with value: 0.4065024583425803 and parameters: {'w0': 0.406, 'w1': 0.881, 'w2': 0.532, 'w3': 0.562, 'w4': 0.095, 'w5': 0.78, 'w6': 0.884, 'w7': 0.592, 'w8': 0.999, 'max_depth': 9, 'min_child_weight': 6, 'subsample': 0.5, 'colsample_bytree': 1.0, 'gamma': 1.6}. Best is trial 232 with value: 0.4070148284590494.
[I 2023-10-20 21:13:37,155] Trial 250 finished with value: 0.40591858063153685 and parameters: {'w0': 0.396, 'w1': 0.773, 'w2': 0.559, 'w3': 0.551, 'w4': 0.091, 'w5': 0.785, 'w6': 0.881, 'w7': 0.597, 'w8': 0.984, 'max_depth': 9, 'min_child_weight': 6, 'subsample': 0.5, 'colsample_bytree': 1.0, 'gamma': 1.6}. Best is trial 232 with value: 0.4070148284590494.
[I 2023-10-20 21:13:44,663] Trial 249 finished with value: 0.402142620902983 and parameters: {'w0': 0.41000000000000003, 'w1': 0.759, 'w2': 0.542, 'w3': 0.557, 'w4': 0.10300000000000001, 'w5': 0.784, 'w6': 0.889, 'w7': 0.599, 'w8': 1.0, 'max_depth': 9, 'min_child_weight': 6, 'subsample': 0.5, 'colsample_bytree': 1.0, 'gamma': 1.6}. Best is trial 232 with value: 0.4070148284590494.
[I 2023-10-20 21:13:52,070] Trial 251 finished with value: 0.4055193185567127 and parameters: {'w0': 0.41500000000000004, 'w1': 0.886, 'w2': 0.529, 'w3': 0.522, 'w4': 0.099, 'w5': 0.294, 'w6': 0.887, 'w7': 0.6, 'w8': 0.999, 'max_depth': 9, 'min_child_weight': 6, 'subsample': 0.5, 'colsample_bytree': 1.0, 'gamma': 1.6}. Best is trial 232 with value: 0.4070148284590494.
