[I 2023-10-20 18:24:49,718] Trial 35 finished with value: 0.2883893102199615 and parameters: {'w0': 0.023, 'w1': 0.374, 'w2': 0.247, 'w3': 0.277, 'w4': 0.754, 'w5': 0.281, 'w6': 0.293, 'w7': 0.334, 'w8': 0.355, 'max_depth': 5, 'min_child_weight': 14, 'subsample': 0.7, 'colsample_bytree': 0.9000000000000001, 'gamma': 3.0}. Best is trial 6 with value: 0.372276229173748.
[I 2023-10-20 18:25:31,959] Trial 33 finished with value: 0.3073154249244932 and parameters: {'w0': 0.069, 'w1': 0.992, 'w2': 0.23500000000000001, 'w3': 0.354, 'w4': 0.707, 'w5': 0.296, 'w6': 0.262, 'w7': 0.35200000000000004, 'w8': 0.377, 'max_depth': 5, 'min_child_weight': 14, 'subsample': 0.4, 'colsample_bytree': 0.8, 'gamma': 2.8000000000000003}. Best is trial 6 with value: 0.372276229173748.
[I 2023-10-20 18:26:15,574] Trial 32 finished with value: 0.2929720984802796 and parameters: {'w0': 0.010000000000000002, 'w1': 0.991, 'w2': 0.20700000000000002, 'w3': 0.29, 'w4': 0.7040000000000001, 'w5': 0.604, 'w6': 0.341, 'w7': 0.339, 'w8': 0.335, 'max_depth': 5, 'min_child_weight': 14, 'subsample': 0.30000000000000004, 'colsample_bytree': 0.9000000000000001, 'gamma': 2.4000000000000004}. Best is trial 6 with value: 0.372276229173748.
[I 2023-10-20 18:27:13,620] Trial 30 finished with value: 0.3439435346177139 and parameters: {'w0': 0.112, 'w1': 0.981, 'w2': 0.277, 'w3': 0.336, 'w4': 0.734, 'w5': 0.599, 'w6': 0.34500000000000003, 'w7': 0.382, 'w8': 0.399, 'max_depth': 5, 'min_child_weight': 14, 'subsample': 0.30000000000000004, 'colsample_bytree': 0.8, 'gamma': 2.0}. Best is trial 6 with value: 0.372276229173748.
[I 2023-10-20 18:27:14,397] Trial 28 finished with value: 0.2897644676919433 and parameters: {'w0': 0.021, 'w1': 0.979, 'w2': 0.686, 'w3': 0.254, 'w4': 0.806, 'w5': 0.632, 'w6': 0.316, 'w7': 0.467, 'w8': 0.388, 'max_depth': 10, 'min_child_weight': 14, 'subsample': 0.2, 'colsample_bytree': 0.8, 'gamma': 1.8}. Best is trial 6 with value: 0.372276229173748.
[I 2023-10-20 18:28:54,736] Trial 37 finished with value: 0.3025996506009555 and parameters: {'w0': 0.128, 'w1': 0.016, 'w2': 0.623, 'w3': 0.317, 'w4': 0.678, 'w5': 0.599, 'w6': 0.215, 'w7': 0.616, 'w8': 0.374, 'max_depth': 10, 'min_child_weight': 14, 'subsample': 0.4, 'colsample_bytree': 0.8, 'gamma': 3.4000000000000004}. Best is trial 6 with value: 0.372276229173748.
[I 2023-10-20 18:29:38,840] Trial 38 finished with value: 0.2994702873428871 and parameters: {'w0': 0.081, 'w1': 0.372, 'w2': 0.649, 'w3': 0.214, 'w4': 0.712, 'w5': 0.249, 'w6': 0.23700000000000002, 'w7': 0.618, 'w8': 0.389, 'max_depth': 10, 'min_child_weight': 14, 'subsample': 0.7, 'colsample_bytree': 0.9000000000000001, 'gamma': 2.8000000000000003}. Best is trial 6 with value: 0.372276229173748.
[I 2023-10-20 18:29:42,684] Trial 36 finished with value: 0.27345115249418195 and parameters: {'w0': 0.009000000000000001, 'w1': 0.042, 'w2': 0.624, 'w3': 0.337, 'w4': 0.6920000000000001, 'w5': 0.229, 'w6': 0.23500000000000001, 'w7': 0.642, 'w8': 0.373, 'max_depth': 10, 'min_child_weight': 14, 'subsample': 0.30000000000000004, 'colsample_bytree': 0.8, 'gamma': 3.0}. Best is trial 6 with value: 0.372276229173748.
[I 2023-10-20 18:30:35,267] Trial 39 finished with value: 0.3128182286498678 and parameters: {'w0': 0.107, 'w1': 0.353, 'w2': 0.682, 'w3': 0.198, 'w4': 0.682, 'w5': 0.273, 'w6': 0.8260000000000001, 'w7': 0.67, 'w8': 0.335, 'max_depth': 10, 'min_child_weight': 14, 'subsample': 0.7, 'colsample_bytree': 0.7, 'gamma': 3.0}. Best is trial 6 with value: 0.372276229173748.
[I 2023-10-20 18:32:57,960] Trial 27 finished with value: 0.38460284827524 and parameters: {'w0': 0.999, 'w1': 0.429, 'w2': 0.6960000000000001, 'w3': 0.989, 'w4': 0.733, 'w5': 0.607, 'w6': 0.305, 'w7': 0.493, 'w8': 0.765, 'max_depth': 8, 'min_child_weight': 0, 'subsample': 0.2, 'colsample_bytree': 0.8, 'gamma': 2.0}. Best is trial 27 with value: 0.38460284827524.
[I 2023-10-20 18:33:20,086] Trial 46 finished with value: 0.33561798283388705 and parameters: {'w0': 0.423, 'w1': 0.111, 'w2': 0.661, 'w3': 0.19, 'w4': 0.437, 'w5': 0.20800000000000002, 'w6': 0.673, 'w7': 0.639, 'w8': 0.23600000000000002, 'max_depth': 9, 'min_child_weight': 12, 'subsample': 0.6000000000000001, 'colsample_bytree': 0.7, 'gamma': 4.0}. Best is trial 27 with value: 0.38460284827524.
[I 2023-10-20 18:33:22,234] Trial 47 finished with value: 0.34455195085665347 and parameters: {'w0': 0.405, 'w1': 0.113, 'w2': 0.497, 'w3': 0.436, 'w4': 0.428, 'w5': 0.218, 'w6': 0.844, 'w7': 0.595, 'w8': 0.247, 'max_depth': 9, 'min_child_weight': 12, 'subsample': 0.6000000000000001, 'colsample_bytree': 0.7, 'gamma': 3.8000000000000003}. Best is trial 27 with value: 0.38460284827524.
[I 2023-10-20 18:33:38,968] Trial 24 finished with value: 0.3501283112634665 and parameters: {'w0': 0.76, 'w1': 0.991, 'w2': 0.977, 'w3': 0.457, 'w4': 0.637, 'w5': 0.013000000000000001, 'w6': 0.022000000000000002, 'w7': 0.5750000000000001, 'w8': 0.164, 'max_depth': 8, 'min_child_weight': 0, 'subsample': 0.6000000000000001, 'colsample_bytree': 0.6000000000000001, 'gamma': 0.4}. Best is trial 27 with value: 0.38460284827524.
[I 2023-10-20 18:33:59,231] Trial 26 finished with value: 0.3598020224965161 and parameters: {'w0': 0.106, 'w1': 0.41600000000000004, 'w2': 0.33, 'w3': 0.982, 'w4': 0.679, 'w5': 0.628, 'w6': 0.983, 'w7': 0.661, 'w8': 0.993, 'max_depth': 10, 'min_child_weight': 0, 'subsample': 0.2, 'colsample_bytree': 1.0, 'gamma': 2.0}. Best is trial 27 with value: 0.38460284827524.
[I 2023-10-20 18:34:46,058] Trial 48 finished with value: 0.33255075596719963 and parameters: {'w0': 0.397, 'w1': 0.107, 'w2': 0.468, 'w3': 0.442, 'w4': 0.41400000000000003, 'w5': 0.23, 'w6': 0.6920000000000001, 'w7': 0.617, 'w8': 0.227, 'max_depth': 9, 'min_child_weight': 12, 'subsample': 0.6000000000000001, 'colsample_bytree': 0.7, 'gamma': 4.0}. Best is trial 27 with value: 0.38460284827524.
[I 2023-10-20 18:35:28,160] Trial 49 finished with value: 0.3377704782404078 and parameters: {'w0': 0.42, 'w1': 0.112, 'w2': 0.47500000000000003, 'w3': 0.481, 'w4': 0.445, 'w5': 0.191, 'w6': 0.712, 'w7': 0.622, 'w8': 0.248, 'max_depth': 9, 'min_child_weight': 12, 'subsample': 0.6000000000000001, 'colsample_bytree': 0.7, 'gamma': 4.2}. Best is trial 27 with value: 0.38460284827524.
[I 2023-10-20 18:35:33,409] Trial 50 finished with value: 0.3423563875132628 and parameters: {'w0': 0.434, 'w1': 0.125, 'w2': 0.528, 'w3': 0.437, 'w4': 0.468, 'w5': 0.177, 'w6': 0.713, 'w7': 0.541, 'w8': 0.233, 'max_depth': 9, 'min_child_weight': 12, 'subsample': 0.6000000000000001, 'colsample_bytree': 0.7, 'gamma': 4.2}. Best is trial 27 with value: 0.38460284827524.
[I 2023-10-20 18:35:59,930] Trial 43 finished with value: 0.34088528177901034 and parameters: {'w0': 0.399, 'w1': 0.083, 'w2': 0.663, 'w3': 0.181, 'w4': 0.463, 'w5': 0.225, 'w6': 0.852, 'w7': 0.632, 'w8': 0.242, 'max_depth': 9, 'min_child_weight': 12, 'subsample': 0.30000000000000004, 'colsample_bytree': 0.6000000000000001, 'gamma': 1.8}. Best is trial 27 with value: 0.38460284827524.
[I 2023-10-20 18:36:08,705] Trial 25 finished with value: 0.3870283946526855 and parameters: {'w0': 0.914, 'w1': 0.007, 'w2': 0.6910000000000001, 'w3': 0.9440000000000001, 'w4': 0.721, 'w5': 0.644, 'w6': 0.99, 'w7': 0.637, 'w8': 0.927, 'max_depth': 9, 'min_child_weight': 0, 'subsample': 0.2, 'colsample_bytree': 0.7, 'gamma': 1.4000000000000001}. Best is trial 25 with value: 0.3870283946526855.
[I 2023-10-20 18:36:11,132] Trial 51 finished with value: 0.340218839493017 and parameters: {'w0': 0.42, 'w1': 0.111, 'w2': 0.468, 'w3': 0.442, 'w4': 0.435, 'w5': 0.169, 'w6': 0.706, 'w7': 0.541, 'w8': 0.23800000000000002, 'max_depth': 9, 'min_child_weight': 12, 'subsample': 0.6000000000000001, 'colsample_bytree': 0.6000000000000001, 'gamma': 4.4}. Best is trial 25 with value: 0.3870283946526855.
[I 2023-10-20 18:36:19,450] Trial 41 finished with value: 0.33337975900090244 and parameters: {'w0': 0.17, 'w1': 0.97, 'w2': 0.722, 'w3': 0.2, 'w4': 0.444, 'w5': 0.255, 'w6': 0.6880000000000001, 'w7': 0.68, 'w8': 0.26, 'max_depth': 10, 'min_child_weight': 14, 'subsample': 0.30000000000000004, 'colsample_bytree': 0.7, 'gamma': 2.0}. Best is trial 25 with value: 0.3870283946526855.
[I 2023-10-20 18:36:31,516] Trial 44 finished with value: 0.3378252261443389 and parameters: {'w0': 0.399, 'w1': 0.10500000000000001, 'w2': 0.671, 'w3': 0.15, 'w4': 0.448, 'w5': 0.20900000000000002, 'w6': 0.847, 'w7': 0.621, 'w8': 0.22, 'max_depth': 9, 'min_child_weight': 12, 'subsample': 0.30000000000000004, 'colsample_bytree': 0.6000000000000001, 'gamma': 1.8}. Best is trial 25 with value: 0.3870283946526855.
[I 2023-10-20 18:36:32,611] Trial 42 finished with value: 0.35038594809868745 and parameters: {'w0': 0.404, 'w1': 0.084, 'w2': 0.6920000000000001, 'w3': 0.214, 'w4': 0.428, 'w5': 0.28300000000000003, 'w6': 0.864, 'w7': 0.632, 'w8': 0.242, 'max_depth': 9, 'min_child_weight': 12, 'subsample': 0.4, 'colsample_bytree': 0.6000000000000001, 'gamma': 1.6}. Best is trial 25 with value: 0.3870283946526855.
[I 2023-10-20 18:36:34,876] Trial 40 finished with value: 0.3439378647992778 and parameters: {'w0': 0.135, 'w1': 0.999, 'w2': 0.662, 'w3': 0.989, 'w4': 0.642, 'w5': 0.273, 'w6': 0.851, 'w7': 0.622, 'w8': 0.35000000000000003, 'max_depth': 10, 'min_child_weight': 14, 'subsample': 0.4, 'colsample_bytree': 0.7, 'gamma': 2.4000000000000004}. Best is trial 25 with value: 0.3870283946526855.
[I 2023-10-20 18:37:56,319] Trial 45 finished with value: 0.38121628294420973 and parameters: {'w0': 0.405, 'w1': 0.11800000000000001, 'w2': 0.6940000000000001, 'w3': 0.988, 'w4': 0.448, 'w5': 0.20700000000000002, 'w6': 0.849, 'w7': 0.642, 'w8': 0.6990000000000001, 'max_depth': 9, 'min_child_weight': 12, 'subsample': 0.7, 'colsample_bytree': 0.6000000000000001, 'gamma': 1.6}. Best is trial 25 with value: 0.3870283946526855.
[I 2023-10-20 18:43:53,369] Trial 55 finished with value: 0.3736433624413914 and parameters: {'w0': 0.197, 'w1': 0.593, 'w2': 0.795, 'w3': 0.489, 'w4': 0.602, 'w5': 0.364, 'w6': 0.62, 'w7': 0.8160000000000001, 'w8': 0.738, 'max_depth': 6, 'min_child_weight': 2, 'subsample': 0.8, 'colsample_bytree': 0.6000000000000001, 'gamma': 1.2000000000000002}. Best is trial 25 with value: 0.3870283946526855.
[I 2023-10-20 18:45:14,920] Trial 53 finished with value: 0.3987551434071953 and parameters: {'w0': 0.369, 'w1': 0.607, 'w2': 0.8, 'w3': 0.449, 'w4': 0.601, 'w5': 0.365, 'w6': 0.726, 'w7': 0.528, 'w8': 0.7040000000000001, 'max_depth': 9, 'min_child_weight': 8, 'subsample': 0.8, 'colsample_bytree': 0.6000000000000001, 'gamma': 1.2000000000000002}. Best is trial 53 with value: 0.3987551434071953.
[I 2023-10-20 18:45:47,275] Trial 54 finished with value: 0.3897697152248231 and parameters: {'w0': 0.225, 'w1': 0.607, 'w2': 0.806, 'w3': 0.99, 'w4': 0.593, 'w5': 0.389, 'w6': 1.0, 'w7': 0.545, 'w8': 0.725, 'max_depth': 8, 'min_child_weight': 2, 'subsample': 0.8, 'colsample_bytree': 0.7, 'gamma': 1.0}. Best is trial 53 with value: 0.3987551434071953.
[I 2023-10-20 18:45:57,816] Trial 52 finished with value: 0.37705216485018506 and parameters: {'w0': 0.405, 'w1': 0.115, 'w2': 0.796, 'w3': 0.431, 'w4': 0.453, 'w5': 0.18, 'w6': 0.6900000000000001, 'w7': 0.588, 'w8': 0.25, 'max_depth': 9, 'min_child_weight': 2, 'subsample': 0.8, 'colsample_bytree': 0.6000000000000001, 'gamma': 0.8}. Best is trial 53 with value: 0.3987551434071953.
[I 2023-10-20 18:46:32,526] Trial 61 finished with value: 0.3874252929718008 and parameters: {'w0': 0.898, 'w1': 0.20900000000000002, 'w2': 0.788, 'w3': 0.977, 'w4': 0.586, 'w5': 0.374, 'w6': 0.601, 'w7': 0.7030000000000001, 'w8': 0.718, 'max_depth': 6, 'min_child_weight': 2, 'subsample': 0.8, 'colsample_bytree': 0.6000000000000001, 'gamma': 1.2000000000000002}. Best is trial 53 with value: 0.3987551434071953.
[I 2023-10-20 18:47:15,093] Trial 60 finished with value: 0.3819485944623784 and parameters: {'w0': 0.20500000000000002, 'w1': 0.581, 'w2': 0.812, 'w3': 0.9480000000000001, 'w4': 0.5700000000000001, 'w5': 0.362, 'w6': 0.6, 'w7': 0.717, 'w8': 0.739, 'max_depth': 6, 'min_child_weight': 2, 'subsample': 0.8, 'colsample_bytree': 1.0, 'gamma': 1.2000000000000002}. Best is trial 53 with value: 0.3987551434071953.
[I 2023-10-20 18:47:27,533] Trial 58 finished with value: 0.37018339559256586 and parameters: {'w0': 0.22, 'w1': 0.428, 'w2': 0.806, 'w3': 0.988, 'w4': 0.585, 'w5': 0.376, 'w6': 0.626, 'w7': 0.8220000000000001, 'w8': 0.71, 'max_depth': 6, 'min_child_weight': 6, 'subsample': 0.30000000000000004, 'colsample_bytree': 0.6000000000000001, 'gamma': 1.0}. Best is trial 53 with value: 0.3987551434071953.
[I 2023-10-20 18:47:49,327] Trial 64 finished with value: 0.3888833015761299 and parameters: {'w0': 0.903, 'w1': 0.617, 'w2': 0.8140000000000001, 'w3': 0.968, 'w4': 0.5770000000000001, 'w5': 0.35000000000000003, 'w6': 0.611, 'w7': 0.801, 'w8': 0.73, 'max_depth': 8, 'min_child_weight': 2, 'subsample': 0.8, 'colsample_bytree': 0.5, 'gamma': 1.4000000000000001}. Best is trial 53 with value: 0.3987551434071953.
[I 2023-10-20 18:47:50,623] Trial 65 finished with value: 0.38997519080165177 and parameters: {'w0': 0.898, 'w1': 0.5760000000000001, 'w2': 0.784, 'w3': 0.967, 'w4': 0.602, 'w5': 0.383, 'w6': 0.602, 'w7': 0.783, 'w8': 0.724, 'max_depth': 6, 'min_child_weight': 2, 'subsample': 0.8, 'colsample_bytree': 0.5, 'gamma': 1.0}. Best is trial 53 with value: 0.3987551434071953.
[I 2023-10-20 18:48:25,879] Trial 59 finished with value: 0.37989191668880706 and parameters: {'w0': 0.183, 'w1': 0.41700000000000004, 'w2': 0.796, 'w3': 0.9560000000000001, 'w4': 0.603, 'w5': 0.371, 'w6': 0.996, 'w7': 0.719, 'w8': 0.998, 'max_depth': 6, 'min_child_weight': 2, 'subsample': 0.30000000000000004, 'colsample_bytree': 0.6000000000000001, 'gamma': 1.0}. Best is trial 53 with value: 0.3987551434071953.
[I 2023-10-20 18:48:53,616] Trial 62 finished with value: 0.38167536964854026 and parameters: {'w0': 0.856, 'w1': 0.183, 'w2': 0.79, 'w3': 0.997, 'w4': 0.597, 'w5': 0.398, 'w6': 0.607, 'w7': 0.798, 'w8': 0.725, 'max_depth': 8, 'min_child_weight': 2, 'subsample': 0.8, 'colsample_bytree': 0.5, 'gamma': 1.0}. Best is trial 53 with value: 0.3987551434071953.
[I 2023-10-20 18:49:12,621] Trial 63 finished with value: 0.38883283369555666 and parameters: {'w0': 0.885, 'w1': 0.606, 'w2': 0.809, 'w3': 0.989, 'w4': 0.583, 'w5': 0.372, 'w6': 0.553, 'w7': 0.804, 'w8': 0.75, 'max_depth': 8, 'min_child_weight': 2, 'subsample': 0.8, 'colsample_bytree': 0.5, 'gamma': 1.0}. Best is trial 53 with value: 0.3987551434071953.
[I 2023-10-20 18:50:30,801] Trial 67 finished with value: 0.38546066859057276 and parameters: {'w0': 0.849, 'w1': 0.189, 'w2': 0.798, 'w3': 0.919, 'w4': 0.581, 'w5': 0.357, 'w6': 0.622, 'w7': 0.795, 'w8': 0.717, 'max_depth': 8, 'min_child_weight': 2, 'subsample': 0.8, 'colsample_bytree': 0.5, 'gamma': 1.0}. Best is trial 53 with value: 0.3987551434071953.
[I 2023-10-20 18:50:42,182] Trial 57 finished with value: 0.376290124177078 and parameters: {'w0': 0.195, 'w1': 0.427, 'w2': 0.8140000000000001, 'w3': 0.993, 'w4': 0.598, 'w5': 0.374, 'w6': 0.603, 'w7': 0.798, 'w8': 0.744, 'max_depth': 8, 'min_child_weight': 2, 'subsample': 0.30000000000000004, 'colsample_bytree': 0.6000000000000001, 'gamma': 1.2000000000000002}. Best is trial 53 with value: 0.3987551434071953.
[I 2023-10-20 18:51:33,707] Trial 56 finished with value: 0.385096815847472 and parameters: {'w0': 0.19, 'w1': 0.6, 'w2': 0.766, 'w3': 0.997, 'w4': 0.491, 'w5': 0.376, 'w6': 0.998, 'w7': 0.6940000000000001, 'w8': 0.72, 'max_depth': 9, 'min_child_weight': 2, 'subsample': 0.30000000000000004, 'colsample_bytree': 0.6000000000000001, 'gamma': 1.0}. Best is trial 53 with value: 0.3987551434071953.
[I 2023-10-20 18:52:12,776] Trial 66 finished with value: 0.3972423128216576 and parameters: {'w0': 0.906, 'w1': 0.6, 'w2': 0.784, 'w3': 0.961, 'w4': 0.5770000000000001, 'w5': 0.366, 'w6': 0.982, 'w7': 0.789, 'w8': 0.995, 'max_depth': 8, 'min_child_weight': 2, 'subsample': 0.8, 'colsample_bytree': 1.0, 'gamma': 1.0}. Best is trial 53 with value: 0.3987551434071953.
[I 2023-10-20 18:54:58,199] Trial 68 finished with value: 0.3898011473742246 and parameters: {'w0': 0.878, 'w1': 0.581, 'w2': 0.808, 'w3': 0.923, 'w4': 0.588, 'w5': 0.371, 'w6': 0.616, 'w7': 0.8260000000000001, 'w8': 0.719, 'max_depth': 6, 'min_child_weight': 2, 'subsample': 0.8, 'colsample_bytree': 0.5, 'gamma': 1.0}. Best is trial 53 with value: 0.3987551434071953.
[I 2023-10-20 18:56:26,877] Trial 69 finished with value: 0.3902475136724986 and parameters: {'w0': 0.925, 'w1': 0.616, 'w2': 0.843, 'w3': 0.919, 'w4': 0.59, 'w5': 0.381, 'w6': 0.616, 'w7': 0.855, 'w8': 0.722, 'max_depth': 6, 'min_child_weight': 2, 'subsample': 0.8, 'colsample_bytree': 0.5, 'gamma': 1.0}. Best is trial 53 with value: 0.3987551434071953.
[I 2023-10-20 18:59:00,170] Trial 70 finished with value: 0.39155507971239106 and parameters: {'w0': 0.9380000000000001, 'w1': 0.605, 'w2': 0.799, 'w3': 0.92, 'w4': 0.607, 'w5': 0.41700000000000004, 'w6': 0.621, 'w7': 0.8140000000000001, 'w8': 0.733, 'max_depth': 8, 'min_child_weight': 2, 'subsample': 0.8, 'colsample_bytree': 0.5, 'gamma': 1.0}. Best is trial 53 with value: 0.3987551434071953.
[I 2023-10-20 19:00:08,727] Trial 73 finished with value: 0.38933846026013685 and parameters: {'w0': 0.896, 'w1': 0.6, 'w2': 0.863, 'w3': 0.924, 'w4': 0.536, 'w5': 0.425, 'w6': 0.594, 'w7': 0.467, 'w8': 0.847, 'max_depth': 6, 'min_child_weight': 2, 'subsample': 0.9000000000000001, 'colsample_bytree': 0.5, 'gamma': 0.0}. Best is trial 53 with value: 0.3987551434071953.
[I 2023-10-20 19:01:17,711] Trial 75 finished with value: 0.38899588809383695 and parameters: {'w0': 0.891, 'w1': 0.652, 'w2': 0.855, 'w3': 0.886, 'w4': 0.535, 'w5': 0.498, 'w6': 0.552, 'w7': 0.47400000000000003, 'w8': 0.857, 'max_depth': 8, 'min_child_weight': 2, 'subsample': 0.9000000000000001, 'colsample_bytree': 0.5, 'gamma': 0.6000000000000001}. Best is trial 53 with value: 0.3987551434071953.
[I 2023-10-20 19:02:48,345] Trial 71 finished with value: 0.39130183290485965 and parameters: {'w0': 0.904, 'w1': 0.182, 'w2': 0.856, 'w3': 0.907, 'w4': 0.5, 'w5': 0.521, 'w6': 0.999, 'w7': 0.47100000000000003, 'w8': 0.891, 'max_depth': 8, 'min_child_weight': 2, 'subsample': 0.9000000000000001, 'colsample_bytree': 0.5, 'gamma': 0.0}. Best is trial 53 with value: 0.3987551434071953.
[I 2023-10-20 19:03:19,578] Trial 72 finished with value: 0.3924493225941501 and parameters: {'w0': 0.923, 'w1': 0.181, 'w2': 0.865, 'w3': 0.9450000000000001, 'w4': 0.52, 'w5': 0.425, 'w6': 0.989, 'w7': 0.47000000000000003, 'w8': 0.866, 'max_depth': 8, 'min_child_weight': 2, 'subsample': 0.9000000000000001, 'colsample_bytree': 0.5, 'gamma': 0.0}. Best is trial 53 with value: 0.3987551434071953.
[I 2023-10-20 19:03:37,716] Trial 74 finished with value: 0.39037273143315476 and parameters: {'w0': 0.927, 'w1': 0.627, 'w2': 0.856, 'w3': 0.928, 'w4': 0.514, 'w5': 0.527, 'w6': 0.5660000000000001, 'w7': 0.723, 'w8': 0.839, 'max_depth': 8, 'min_child_weight': 2, 'subsample': 1.0, 'colsample_bytree': 0.5, 'gamma': 0.0}. Best is trial 53 with value: 0.3987551434071953.
[I 2023-10-20 19:04:23,785] Trial 80 finished with value: 0.38787232793858345 and parameters: {'w0': 0.9430000000000001, 'w1': 0.648, 'w2': 0.861, 'w3': 0.867, 'w4': 0.513, 'w5': 0.5, 'w6': 0.528, 'w7': 0.9390000000000001, 'w8': 0.861, 'max_depth': 7, 'min_child_weight': 4, 'subsample': 0.9000000000000001, 'colsample_bytree': 0.4, 'gamma': 0.0}. Best is trial 53 with value: 0.3987551434071953.
[I 2023-10-20 19:04:42,740] Trial 76 finished with value: 0.39159548524642157 and parameters: {'w0': 0.883, 'w1': 0.634, 'w2': 0.882, 'w3': 0.887, 'w4': 0.51, 'w5': 0.507, 'w6': 0.548, 'w7': 0.747, 'w8': 0.8180000000000001, 'max_depth': 8, 'min_child_weight': 2, 'subsample': 0.9000000000000001, 'colsample_bytree': 0.5, 'gamma': 0.2}. Best is trial 53 with value: 0.3987551434071953.
[I 2023-10-20 19:04:50,747] Trial 81 finished with value: 0.3884813573538637 and parameters: {'w0': 0.9400000000000001, 'w1': 0.646, 'w2': 0.878, 'w3': 0.877, 'w4': 0.518, 'w5': 0.492, 'w6': 0.556, 'w7': 0.899, 'w8': 0.846, 'max_depth': 7, 'min_child_weight': 4, 'subsample': 0.9000000000000001, 'colsample_bytree': 0.4, 'gamma': 0.2}. Best is trial 53 with value: 0.3987551434071953.
[I 2023-10-20 19:05:03,782] Trial 79 finished with value: 0.38995823115416856 and parameters: {'w0': 0.93, 'w1': 0.652, 'w2': 0.87, 'w3': 0.883, 'w4': 0.52, 'w5': 0.492, 'w6': 0.558, 'w7': 0.771, 'w8': 0.85, 'max_depth': 8, 'min_child_weight': 4, 'subsample': 0.9000000000000001, 'colsample_bytree': 0.5, 'gamma': 0.2}. Best is trial 53 with value: 0.3987551434071953.
[I 2023-10-20 19:05:45,977] Trial 82 finished with value: 0.3891418921959238 and parameters: {'w0': 0.9390000000000001, 'w1': 0.646, 'w2': 0.87, 'w3': 0.863, 'w4': 0.528, 'w5': 0.522, 'w6': 0.561, 'w7': 0.909, 'w8': 0.847, 'max_depth': 7, 'min_child_weight': 4, 'subsample': 0.9000000000000001, 'colsample_bytree': 0.4, 'gamma': 0.2}. Best is trial 53 with value: 0.3987551434071953.
[I 2023-10-20 19:06:24,018] Trial 83 finished with value: 0.3891214150900445 and parameters: {'w0': 0.9520000000000001, 'w1': 0.652, 'w2': 0.882, 'w3': 0.865, 'w4': 0.53, 'w5': 0.504, 'w6': 0.522, 'w7': 0.921, 'w8': 0.8260000000000001, 'max_depth': 7, 'min_child_weight': 4, 'subsample': 0.9000000000000001, 'colsample_bytree': 0.4, 'gamma': 0.0}. Best is trial 53 with value: 0.3987551434071953.
[I 2023-10-20 19:08:46,187] Trial 77 finished with value: 0.38473663242034706 and parameters: {'w0': 0.89, 'w1': 0.634, 'w2': 0.856, 'w3': 0.875, 'w4': 0.523, 'w5': 0.49, 'w6': 0.523, 'w7': 0.772, 'w8': 0.8300000000000001, 'max_depth': 8, 'min_child_weight': 0, 'subsample': 0.9000000000000001, 'colsample_bytree': 0.5, 'gamma': 0.2}. Best is trial 53 with value: 0.3987551434071953.
