[I 2023-10-11 03:29:34,045] Trial 772 finished with value: 0.6144890302751893 and parameters: {'w0': 0.342, 'w1': 0.666, 'w2': 0.387, 'w3': 0.917, 'w4': 0.971, 'w5': 0.458, 'w6': 0.974, 'w7': 0.328, 'w8': 0.7000000000000001, 'max_depth': 6, 'min_child_weight': 12, 'subsample': 1.0, 'colsample_bytree': 0.7, 'gamma': 0.2}. Best is trial 523 with value: 0.6234345839763995.
[I 2023-10-11 03:30:00,057] Trial 773 finished with value: 0.6200259751903261 and parameters: {'w0': 0.343, 'w1': 0.659, 'w2': 0.383, 'w3': 0.906, 'w4': 0.8280000000000001, 'w5': 0.393, 'w6': 0.997, 'w7': 0.28300000000000003, 'w8': 0.7000000000000001, 'max_depth': 6, 'min_child_weight': 12, 'subsample': 1.0, 'colsample_bytree': 0.9000000000000001, 'gamma': 0.2}. Best is trial 523 with value: 0.6234345839763995.
[I 2023-10-11 03:31:55,195] Trial 774 finished with value: 0.6157853573767286 and parameters: {'w0': 0.34700000000000003, 'w1': 0.525, 'w2': 0.381, 'w3': 0.917, 'w4': 0.8180000000000001, 'w5': 0.384, 'w6': 0.986, 'w7': 0.271, 'w8': 0.6970000000000001, 'max_depth': 6, 'min_child_weight': 12, 'subsample': 1.0, 'colsample_bytree': 0.9000000000000001, 'gamma': 0.2}. Best is trial 523 with value: 0.6234345839763995.
[I 2023-10-11 03:32:01,658] Trial 775 finished with value: 0.6117392562020826 and parameters: {'w0': 0.34700000000000003, 'w1': 0.657, 'w2': 0.387, 'w3': 0.184, 'w4': 0.8300000000000001, 'w5': 0.388, 'w6': 0.983, 'w7': 0.32, 'w8': 0.742, 'max_depth': 6, 'min_child_weight': 12, 'subsample': 1.0, 'colsample_bytree': 0.9000000000000001, 'gamma': 0.2}. Best is trial 523 with value: 0.6234345839763995.
[I 2023-10-11 03:33:54,494] Trial 776 finished with value: 0.6181509076919987 and parameters: {'w0': 0.342, 'w1': 0.661, 'w2': 0.383, 'w3': 0.914, 'w4': 0.969, 'w5': 0.455, 'w6': 0.984, 'w7': 0.327, 'w8': 0.743, 'max_depth': 6, 'min_child_weight': 10, 'subsample': 1.0, 'colsample_bytree': 0.9000000000000001, 'gamma': 0.2}. Best is trial 523 with value: 0.6234345839763995.
[I 2023-10-11 03:34:12,664] Trial 777 finished with value: 0.6163210817958205 and parameters: {'w0': 0.34500000000000003, 'w1': 0.658, 'w2': 0.386, 'w3': 0.999, 'w4': 0.968, 'w5': 0.394, 'w6': 0.967, 'w7': 0.331, 'w8': 0.743, 'max_depth': 6, 'min_child_weight': 12, 'subsample': 1.0, 'colsample_bytree': 0.9000000000000001, 'gamma': 0.2}. Best is trial 523 with value: 0.6234345839763995.
[I 2023-10-11 03:34:36,898] Trial 782 finished with value: 0.6090461353691026 and parameters: {'w0': 0.34500000000000003, 'w1': 0.652, 'w2': 0.38, 'w3': 0.6950000000000001, 'w4': 0.97, 'w5': 0.468, 'w6': 0.99, 'w7': 0.32, 'w8': 0.74, 'max_depth': 3, 'min_child_weight': 8, 'subsample': 1.0, 'colsample_bytree': 0.7, 'gamma': 0.2}. Best is trial 523 with value: 0.6234345839763995.
[I 2023-10-11 03:35:04,944] Trial 779 finished with value: 0.6198755046539438 and parameters: {'w0': 0.338, 'w1': 0.657, 'w2': 0.41200000000000003, 'w3': 0.923, 'w4': 0.969, 'w5': 0.391, 'w6': 0.972, 'w7': 0.326, 'w8': 0.744, 'max_depth': 6, 'min_child_weight': 12, 'subsample': 1.0, 'colsample_bytree': 0.9000000000000001, 'gamma': 0.2}. Best is trial 523 with value: 0.6234345839763995.
[I 2023-10-11 03:39:53,298] Trial 780 finished with value: 0.5777669962402696 and parameters: {'w0': 0.34400000000000003, 'w1': 0.001, 'w2': 0.715, 'w3': 0.6960000000000001, 'w4': 0.998, 'w5': 0.46, 'w6': 1.0, 'w7': 0.325, 'w8': 0.665, 'max_depth': 6, 'min_child_weight': 12, 'subsample': 1.0, 'colsample_bytree': 0.8, 'gamma': 0.2}. Best is trial 523 with value: 0.6234345839763995.
[I 2023-10-11 03:41:04,983] Trial 781 finished with value: 0.6205048769089092 and parameters: {'w0': 0.34900000000000003, 'w1': 0.676, 'w2': 0.386, 'w3': 0.914, 'w4': 0.969, 'w5': 0.454, 'w6': 0.993, 'w7': 0.33, 'w8': 0.6940000000000001, 'max_depth': 6, 'min_child_weight': 12, 'subsample': 1.0, 'colsample_bytree': 0.8, 'gamma': 0.2}. Best is trial 523 with value: 0.6234345839763995.
[I 2023-10-11 03:42:48,140] Trial 783 finished with value: 0.6143778947243406 and parameters: {'w0': 0.395, 'w1': 0.5770000000000001, 'w2': 0.377, 'w3': 0.998, 'w4': 0.967, 'w5': 0.447, 'w6': 0.989, 'w7': 0.33, 'w8': 0.6980000000000001, 'max_depth': 6, 'min_child_weight': 8, 'subsample': 1.0, 'colsample_bytree': 0.8, 'gamma': 0.2}. Best is trial 523 with value: 0.6234345839763995.
[I 2023-10-11 03:43:21,379] Trial 784 finished with value: 0.6190336659096342 and parameters: {'w0': 0.4, 'w1': 0.678, 'w2': 0.374, 'w3': 0.6960000000000001, 'w4': 0.967, 'w5': 0.41500000000000004, 'w6': 1.0, 'w7': 0.327, 'w8': 0.6950000000000001, 'max_depth': 6, 'min_child_weight': 12, 'subsample': 1.0, 'colsample_bytree': 0.7, 'gamma': 0.2}. Best is trial 523 with value: 0.6234345839763995.
[I 2023-10-11 03:43:52,656] Trial 790 finished with value: 0.5933786165554896 and parameters: {'w0': 0.329, 'w1': 0.687, 'w2': 0.406, 'w3': 0.058, 'w4': 0.842, 'w5': 0.40700000000000003, 'w6': 0.983, 'w7': 0.329, 'w8': 0.744, 'max_depth': 3, 'min_child_weight': 12, 'subsample': 1.0, 'colsample_bytree': 0.9000000000000001, 'gamma': 0.0}. Best is trial 523 with value: 0.6234345839763995.
[I 2023-10-11 03:45:08,261] Trial 785 finished with value: 0.6155032973343685 and parameters: {'w0': 0.342, 'w1': 0.5760000000000001, 'w2': 0.374, 'w3': 1.0, 'w4': 0.97, 'w5': 0.395, 'w6': 0.989, 'w7': 0.326, 'w8': 0.6930000000000001, 'max_depth': 6, 'min_child_weight': 12, 'subsample': 1.0, 'colsample_bytree': 0.7, 'gamma': 0.2}. Best is trial 523 with value: 0.6234345839763995.
[I 2023-10-11 03:45:37,849] Trial 786 finished with value: 0.6150080654053913 and parameters: {'w0': 0.34700000000000003, 'w1': 0.583, 'w2': 0.373, 'w3': 0.911, 'w4': 0.968, 'w5': 0.452, 'w6': 1.0, 'w7': 0.334, 'w8': 0.7000000000000001, 'max_depth': 6, 'min_child_weight': 8, 'subsample': 1.0, 'colsample_bytree': 0.8, 'gamma': 0.2}. Best is trial 523 with value: 0.6234345839763995.
[I 2023-10-11 03:48:36,165] Trial 788 finished with value: 0.6139895690212739 and parameters: {'w0': 0.404, 'w1': 0.33, 'w2': 0.403, 'w3': 0.999, 'w4': 1.0, 'w5': 0.46, 'w6': 0.997, 'w7': 0.322, 'w8': 0.742, 'max_depth': 9, 'min_child_weight': 10, 'subsample': 1.0, 'colsample_bytree': 0.7, 'gamma': 0.2}. Best is trial 523 with value: 0.6234345839763995.
[I 2023-10-11 03:48:48,883] Trial 796 finished with value: 0.6065414747849462 and parameters: {'w0': 0.389, 'w1': 0.685, 'w2': 0.40900000000000003, 'w3': 0.907, 'w4': 0.997, 'w5': 0.389, 'w6': 0.963, 'w7': 0.269, 'w8': 0.6970000000000001, 'max_depth': 6, 'min_child_weight': 12, 'subsample': 1.0, 'colsample_bytree': 0.9000000000000001, 'gamma': 0.6000000000000001}. Best is trial 523 with value: 0.6234345839763995.
[I 2023-10-11 03:48:51,310] Trial 787 finished with value: 0.6144740344438124 and parameters: {'w0': 0.34800000000000003, 'w1': 0.679, 'w2': 0.40700000000000003, 'w3': 0.912, 'w4': 0.854, 'w5': 0.452, 'w6': 0.966, 'w7': 0.325, 'w8': 0.743, 'max_depth': 9, 'min_child_weight': 10, 'subsample': 1.0, 'colsample_bytree': 0.8, 'gamma': 0.2}. Best is trial 523 with value: 0.6234345839763995.
[I 2023-10-11 03:49:04,148] Trial 797 finished with value: 0.5906350456826365 and parameters: {'w0': 0.312, 'w1': 0.683, 'w2': 0.403, 'w3': 0.254, 'w4': 0.996, 'w5': 0.403, 'w6': 0.9540000000000001, 'w7': 0.34800000000000003, 'w8': 0.6970000000000001, 'max_depth': 6, 'min_child_weight': 12, 'subsample': 1.0, 'colsample_bytree': 0.9000000000000001, 'gamma': 4.4}. Best is trial 523 with value: 0.6234345839763995.
[I 2023-10-11 03:50:58,234] Trial 789 finished with value: 0.615881575499663 and parameters: {'w0': 0.389, 'w1': 0.583, 'w2': 0.402, 'w3': 0.998, 'w4': 0.855, 'w5': 0.462, 'w6': 0.961, 'w7': 0.33, 'w8': 0.743, 'max_depth': 6, 'min_child_weight': 14, 'subsample': 1.0, 'colsample_bytree': 0.8, 'gamma': 0.0}. Best is trial 523 with value: 0.6234345839763995.
[I 2023-10-11 03:53:09,115] Trial 791 finished with value: 0.616168251914169 and parameters: {'w0': 0.35200000000000004, 'w1': 0.681, 'w2': 0.41400000000000003, 'w3': 0.6920000000000001, 'w4': 0.855, 'w5': 0.464, 'w6': 0.989, 'w7': 0.268, 'w8': 0.748, 'max_depth': 6, 'min_child_weight': 12, 'subsample': 1.0, 'colsample_bytree': 0.7, 'gamma': 0.0}. Best is trial 523 with value: 0.6234345839763995.
[I 2023-10-11 03:53:33,735] Trial 793 finished with value: 0.5582741638567523 and parameters: {'w0': 0.398, 'w1': 0.7010000000000001, 'w2': 0.41200000000000003, 'w3': 0.129, 'w4': 0.999, 'w5': 0.399, 'w6': 0.998, 'w7': 0.258, 'w8': 0.115, 'max_depth': 6, 'min_child_weight': 12, 'subsample': 0.30000000000000004, 'colsample_bytree': 0.7, 'gamma': 0.0}. Best is trial 523 with value: 0.6234345839763995.
[I 2023-10-11 03:53:54,825] Trial 792 finished with value: 0.6187781745184683 and parameters: {'w0': 0.402, 'w1': 0.679, 'w2': 0.40800000000000003, 'w3': 0.912, 'w4': 0.852, 'w5': 0.466, 'w6': 0.9590000000000001, 'w7': 0.337, 'w8': 0.744, 'max_depth': 6, 'min_child_weight': 12, 'subsample': 1.0, 'colsample_bytree': 0.9000000000000001, 'gamma': 0.0}. Best is trial 523 with value: 0.6234345839763995.
[I 2023-10-11 03:55:29,263] Trial 795 finished with value: 0.5908693604599143 and parameters: {'w0': 0.392, 'w1': 0.7020000000000001, 'w2': 0.41100000000000003, 'w3': 0.279, 'w4': 0.858, 'w5': 0.399, 'w6': 0.998, 'w7': 0.34900000000000003, 'w8': 0.6980000000000001, 'max_depth': 6, 'min_child_weight': 14, 'subsample': 0.30000000000000004, 'colsample_bytree': 0.9000000000000001, 'gamma': 0.0}. Best is trial 523 with value: 0.6234345839763995.
[I 2023-10-11 04:01:18,361] Trial 794 finished with value: 0.5963253387330013 and parameters: {'w0': 0.426, 'w1': 0.6970000000000001, 'w2': 0.40800000000000003, 'w3': 0.686, 'w4': 0.854, 'w5': 0.402, 'w6': 0.994, 'w7': 0.34400000000000003, 'w8': 0.6960000000000001, 'max_depth': 9, 'min_child_weight': 12, 'subsample': 0.30000000000000004, 'colsample_bytree': 0.9000000000000001, 'gamma': 0.0}. Best is trial 523 with value: 0.6234345839763995.
[I 2023-10-11 04:02:37,265] Trial 809 finished with value: 0.5665088869905104 and parameters: {'w0': 0.376, 'w1': 0.705, 'w2': 0.41200000000000003, 'w3': 0.901, 'w4': 0.985, 'w5': 0.41100000000000003, 'w6': 0.997, 'w7': 0.28800000000000003, 'w8': 0.72, 'max_depth': 6, 'min_child_weight': 14, 'subsample': 1.0, 'colsample_bytree': 0.8, 'gamma': 8.200000000000001}. Best is trial 523 with value: 0.6234345839763995.
[I 2023-10-11 04:04:39,313] Trial 799 finished with value: 0.5984133231802463 and parameters: {'w0': 0.422, 'w1': 0.7020000000000001, 'w2': 0.17300000000000001, 'w3': 0.918, 'w4': 0.995, 'w5': 0.459, 'w6': 0.999, 'w7': 0.255, 'w8': 0.7000000000000001, 'max_depth': 6, 'min_child_weight': 12, 'subsample': 0.30000000000000004, 'colsample_bytree': 0.8, 'gamma': 0.0}. Best is trial 523 with value: 0.6234345839763995.
[I 2023-10-11 04:06:32,398] Trial 802 finished with value: 0.6201995493258988 and parameters: {'w0': 0.364, 'w1': 0.678, 'w2': 0.41100000000000003, 'w3': 0.903, 'w4': 0.996, 'w5': 0.464, 'w6': 0.999, 'w7': 0.28400000000000003, 'w8': 0.73, 'max_depth': 6, 'min_child_weight': 14, 'subsample': 1.0, 'colsample_bytree': 0.7, 'gamma': 0.0}. Best is trial 523 with value: 0.6234345839763995.
[I 2023-10-11 04:06:45,163] Trial 798 finished with value: 0.5903741610184788 and parameters: {'w0': 0.391, 'w1': 0.7000000000000001, 'w2': 0.40900000000000003, 'w3': 0.08, 'w4': 0.986, 'w5': 0.457, 'w6': 0.994, 'w7': 0.27, 'w8': 0.6970000000000001, 'max_depth': 9, 'min_child_weight': 12, 'subsample': 0.30000000000000004, 'colsample_bytree': 0.8, 'gamma': 0.0}. Best is trial 523 with value: 0.6234345839763995.
[I 2023-10-11 04:07:10,549] Trial 810 finished with value: 0.5664462143463194 and parameters: {'w0': 0.322, 'w1': 0.6980000000000001, 'w2': 0.052000000000000005, 'w3': 0.279, 'w4': 0.983, 'w5': 0.41600000000000004, 'w6': 0.963, 'w7': 0.28700000000000003, 'w8': 0.726, 'max_depth': 6, 'min_child_weight': 14, 'subsample': 1.0, 'colsample_bytree': 0.8, 'gamma': 0.6000000000000001}. Best is trial 523 with value: 0.6234345839763995.
[I 2023-10-11 04:08:24,009] Trial 811 finished with value: 0.6068266082898826 and parameters: {'w0': 0.368, 'w1': 0.7020000000000001, 'w2': 0.442, 'w3': 0.904, 'w4': 0.999, 'w5': 0.41500000000000004, 'w6': 0.961, 'w7': 0.296, 'w8': 0.723, 'max_depth': 6, 'min_child_weight': 14, 'subsample': 1.0, 'colsample_bytree': 0.8, 'gamma': 0.6000000000000001}. Best is trial 523 with value: 0.6234345839763995.
[I 2023-10-11 04:09:27,959] Trial 812 finished with value: 0.6045446367322518 and parameters: {'w0': 0.365, 'w1': 0.71, 'w2': 0.439, 'w3': 0.899, 'w4': 0.983, 'w5': 0.41300000000000003, 'w6': 0.962, 'w7': 0.28600000000000003, 'w8': 0.723, 'max_depth': 6, 'min_child_weight': 14, 'subsample': 1.0, 'colsample_bytree': 0.5, 'gamma': 0.6000000000000001}. Best is trial 523 with value: 0.6234345839763995.
[I 2023-10-11 04:10:01,315] Trial 805 finished with value: 0.6165576671696529 and parameters: {'w0': 0.364, 'w1': 0.705, 'w2': 0.406, 'w3': 0.901, 'w4': 0.981, 'w5': 0.403, 'w6': 1.0, 'w7': 0.291, 'w8': 0.726, 'max_depth': 6, 'min_child_weight': 14, 'subsample': 1.0, 'colsample_bytree': 0.8, 'gamma': 0.0}. Best is trial 523 with value: 0.6234345839763995.
[I 2023-10-11 04:10:08,011] Trial 804 finished with value: 0.5989123968439165 and parameters: {'w0': 0.385, 'w1': 0.7010000000000001, 'w2': 0.406, 'w3': 0.905, 'w4': 0.999, 'w5': 0.402, 'w6': 0.9580000000000001, 'w7': 0.291, 'w8': 0.723, 'max_depth': 6, 'min_child_weight': 14, 'subsample': 0.30000000000000004, 'colsample_bytree': 0.8, 'gamma': 0.0}. Best is trial 523 with value: 0.6234345839763995.
[I 2023-10-11 04:10:23,650] Trial 807 finished with value: 0.5894939588892005 and parameters: {'w0': 0.387, 'w1': 0.707, 'w2': 0.41400000000000003, 'w3': 0.901, 'w4': 0.245, 'w5': 0.18, 'w6': 0.964, 'w7': 0.278, 'w8': 0.505, 'max_depth': 6, 'min_child_weight': 14, 'subsample': 1.0, 'colsample_bytree': 0.8, 'gamma': 0.0}. Best is trial 523 with value: 0.6234345839763995.
[I 2023-10-11 04:10:58,473] Trial 806 finished with value: 0.6176554769131906 and parameters: {'w0': 0.422, 'w1': 0.705, 'w2': 0.41300000000000003, 'w3': 0.902, 'w4': 0.983, 'w5': 0.40800000000000003, 'w6': 0.968, 'w7': 0.294, 'w8': 0.767, 'max_depth': 6, 'min_child_weight': 14, 'subsample': 1.0, 'colsample_bytree': 0.8, 'gamma': 0.0}. Best is trial 523 with value: 0.6234345839763995.
[I 2023-10-11 04:12:19,275] Trial 800 finished with value: 0.6190662717124538 and parameters: {'w0': 0.42, 'w1': 0.7030000000000001, 'w2': 0.406, 'w3': 0.244, 'w4': 0.998, 'w5': 0.461, 'w6': 0.961, 'w7': 0.267, 'w8': 0.6960000000000001, 'max_depth': 9, 'min_child_weight': 12, 'subsample': 1.0, 'colsample_bytree': 0.8, 'gamma': 0.0}. Best is trial 523 with value: 0.6234345839763995.
[I 2023-10-11 04:12:51,244] Trial 808 finished with value: 0.6159168264293793 and parameters: {'w0': 0.365, 'w1': 0.706, 'w2': 0.419, 'w3': 0.902, 'w4': 0.999, 'w5': 0.178, 'w6': 0.961, 'w7': 0.266, 'w8': 0.768, 'max_depth': 6, 'min_child_weight': 14, 'subsample': 1.0, 'colsample_bytree': 0.8, 'gamma': 0.0}. Best is trial 523 with value: 0.6234345839763995.
[I 2023-10-11 04:12:53,449] Trial 801 finished with value: 0.6161166010543245 and parameters: {'w0': 0.392, 'w1': 0.6990000000000001, 'w2': 0.41000000000000003, 'w3': 0.904, 'w4': 0.993, 'w5': 0.465, 'w6': 0.997, 'w7': 0.301, 'w8': 0.6960000000000001, 'max_depth': 9, 'min_child_weight': 12, 'subsample': 1.0, 'colsample_bytree': 0.8, 'gamma': 0.0}. Best is trial 523 with value: 0.6234345839763995.
[I 2023-10-11 04:13:30,777] Trial 803 finished with value: 0.6167694235105842 and parameters: {'w0': 0.41100000000000003, 'w1': 0.705, 'w2': 0.41000000000000003, 'w3': 0.904, 'w4': 0.999, 'w5': 0.399, 'w6': 0.968, 'w7': 0.28700000000000003, 'w8': 0.727, 'max_depth': 9, 'min_child_weight': 14, 'subsample': 1.0, 'colsample_bytree': 0.7, 'gamma': 0.0}. Best is trial 523 with value: 0.6234345839763995.
[I 2023-10-11 04:15:16,406] Trial 813 finished with value: 0.6066795898426052 and parameters: {'w0': 0.37, 'w1': 0.708, 'w2': 0.439, 'w3': 0.899, 'w4': 0.983, 'w5': 0.41000000000000003, 'w6': 0.966, 'w7': 0.303, 'w8': 0.722, 'max_depth': 6, 'min_child_weight': 14, 'subsample': 1.0, 'colsample_bytree': 0.8, 'gamma': 0.6000000000000001}. Best is trial 523 with value: 0.6234345839763995.
[I 2023-10-11 04:16:33,400] Trial 814 finished with value: 0.6196051964936955 and parameters: {'w0': 0.329, 'w1': 0.649, 'w2': 0.291, 'w3': 0.904, 'w4': 0.983, 'w5': 0.41000000000000003, 'w6': 0.9580000000000001, 'w7': 0.295, 'w8': 0.772, 'max_depth': 6, 'min_child_weight': 12, 'subsample': 1.0, 'colsample_bytree': 0.9000000000000001, 'gamma': 0.6000000000000001}. Best is trial 523 with value: 0.6234345839763995.
[I 2023-10-11 04:18:42,617] Trial 815 finished with value: 0.614010903674382 and parameters: {'w0': 0.364, 'w1': 0.648, 'w2': 0.29, 'w3': 0.929, 'w4': 0.982, 'w5': 0.41300000000000003, 'w6': 0.9580000000000001, 'w7': 0.294, 'w8': 0.727, 'max_depth': 6, 'min_child_weight': 14, 'subsample': 1.0, 'colsample_bytree': 0.9000000000000001, 'gamma': 0.6000000000000001}. Best is trial 523 with value: 0.6234345839763995.
[I 2023-10-11 04:19:21,347] Trial 816 finished with value: 0.6112212547625826 and parameters: {'w0': 0.37, 'w1': 0.653, 'w2': 0.28900000000000003, 'w3': 0.895, 'w4': 1.0, 'w5': 0.04, 'w6': 0.967, 'w7': 0.28800000000000003, 'w8': 0.769, 'max_depth': 6, 'min_child_weight': 14, 'subsample': 1.0, 'colsample_bytree': 0.7, 'gamma': 0.6000000000000001}. Best is trial 523 with value: 0.6234345839763995.
[I 2023-10-11 04:19:55,024] Trial 817 finished with value: 0.59802571518711 and parameters: {'w0': 0.366, 'w1': 0.65, 'w2': 0.367, 'w3': 0.878, 'w4': 0.999, 'w5': 0.421, 'w6': 0.166, 'w7': 0.28800000000000003, 'w8': 0.727, 'max_depth': 6, 'min_child_weight': 14, 'subsample': 1.0, 'colsample_bytree': 0.8, 'gamma': 0.6000000000000001}. Best is trial 523 with value: 0.6234345839763995.
[I 2023-10-11 04:19:56,892] Trial 818 finished with value: 0.603964665833048 and parameters: {'w0': 0.357, 'w1': 0.651, 'w2': 0.44, 'w3': 0.904, 'w4': 0.979, 'w5': 0.042, 'w6': 0.967, 'w7': 0.28900000000000003, 'w8': 0.521, 'max_depth': 6, 'min_child_weight': 14, 'subsample': 1.0, 'colsample_bytree': 0.7, 'gamma': 0.6000000000000001}. Best is trial 523 with value: 0.6234345839763995.
[I 2023-10-11 04:20:37,314] Trial 824 finished with value: 0.5892092450560351 and parameters: {'w0': 0.307, 'w1': 0.654, 'w2': 0.365, 'w3': 0.876, 'w4': 0.9590000000000001, 'w5': 0.489, 'w6': 0.925, 'w7': 0.271, 'w8': 0.77, 'max_depth': 6, 'min_child_weight': 14, 'subsample': 1.0, 'colsample_bytree': 0.7, 'gamma': 4.0}. Best is trial 523 with value: 0.6234345839763995.
[I 2023-10-11 04:24:09,255] Trial 819 finished with value: 0.6203251004481717 and parameters: {'w0': 0.31, 'w1': 0.651, 'w2': 0.28700000000000003, 'w3': 0.875, 'w4': 0.979, 'w5': 0.47000000000000003, 'w6': 0.972, 'w7': 0.294, 'w8': 0.766, 'max_depth': 6, 'min_child_weight': 14, 'subsample': 1.0, 'colsample_bytree': 0.7, 'gamma': 0.4}. Best is trial 523 with value: 0.6234345839763995.
[I 2023-10-11 04:24:51,916] Trial 820 finished with value: 0.6189917099384797 and parameters: {'w0': 0.314, 'w1': 0.652, 'w2': 0.299, 'w3': 0.562, 'w4': 0.97, 'w5': 0.47800000000000004, 'w6': 0.975, 'w7': 0.296, 'w8': 0.766, 'max_depth': 6, 'min_child_weight': 14, 'subsample': 1.0, 'colsample_bytree': 0.5, 'gamma': 0.4}. Best is trial 523 with value: 0.6234345839763995.
[I 2023-10-11 04:25:34,811] Trial 821 finished with value: 0.6140652107566216 and parameters: {'w0': 0.312, 'w1': 0.668, 'w2': 0.368, 'w3': 0.866, 'w4': 0.9540000000000001, 'w5': 0.389, 'w6': 0.973, 'w7': 0.232, 'w8': 0.766, 'max_depth': 6, 'min_child_weight': 14, 'subsample': 1.0, 'colsample_bytree': 0.7, 'gamma': 0.4}. Best is trial 523 with value: 0.6234345839763995.
[I 2023-10-11 04:25:53,696] Trial 822 finished with value: 0.5884445215311149 and parameters: {'w0': 0.311, 'w1': 0.65, 'w2': 0.367, 'w3': 0.871, 'w4': 0.241, 'w5': 0.47700000000000004, 'w6': 0.975, 'w7': 0.296, 'w8': 0.774, 'max_depth': 6, 'min_child_weight': 14, 'subsample': 1.0, 'colsample_bytree': 0.7, 'gamma': 0.4}. Best is trial 523 with value: 0.6234345839763995.
[I 2023-10-11 04:27:00,025] Trial 823 finished with value: 0.5974111906930069 and parameters: {'w0': 0.313, 'w1': 0.652, 'w2': 0.9400000000000001, 'w3': 0.869, 'w4': 0.9600000000000001, 'w5': 0.056, 'w6': 0.983, 'w7': 0.252, 'w8': 0.77, 'max_depth': 6, 'min_child_weight': 14, 'subsample': 1.0, 'colsample_bytree': 0.9000000000000001, 'gamma': 0.4}. Best is trial 523 with value: 0.6234345839763995.
[I 2023-10-11 04:27:47,142] Trial 827 finished with value: 0.6184384535532159 and parameters: {'w0': 0.319, 'w1': 0.649, 'w2': 0.281, 'w3': 0.881, 'w4': 0.9580000000000001, 'w5': 0.037000000000000005, 'w6': 0.932, 'w7': 0.248, 'w8': 0.763, 'max_depth': 6, 'min_child_weight': 14, 'subsample': 1.0, 'colsample_bytree': 0.7, 'gamma': 0.4}. Best is trial 523 with value: 0.6234345839763995.
[I 2023-10-11 04:28:35,647] Trial 825 finished with value: 0.6144072044552017 and parameters: {'w0': 0.311, 'w1': 0.659, 'w2': 0.372, 'w3': 0.873, 'w4': 0.961, 'w5': 0.485, 'w6': 0.922, 'w7': 0.303, 'w8': 0.759, 'max_depth': 6, 'min_child_weight': 14, 'subsample': 1.0, 'colsample_bytree': 0.7, 'gamma': 0.4}. Best is trial 523 with value: 0.6234345839763995.
[I 2023-10-11 04:28:38,322] Trial 828 finished with value: 0.5208919119188322 and parameters: {'w0': 0.313, 'w1': 0.648, 'w2': 0.367, 'w3': 0.003, 'w4': 0.969, 'w5': 0.363, 'w6': 0.927, 'w7': 0.312, 'w8': 0.76, 'max_depth': 6, 'min_child_weight': 14, 'subsample': 1.0, 'colsample_bytree': 0.9000000000000001, 'gamma': 0.4}. Best is trial 523 with value: 0.6234345839763995.
