[I 2023-10-12 20:46:39,177] Trial 1274 finished with value: 0.596557003379067 and parameters: {'w0': 0.357, 'w1': 0.834, 'w2': 0.3, 'w3': 0.706, 'w4': 0.835, 'w5': 0.14500000000000002, 'w6': 0.9430000000000001, 'w7': 0.316, 'w8': 0.768, 'max_depth': 9, 'min_child_weight': 2, 'subsample': 0.7, 'colsample_bytree': 0.8, 'gamma': 2.2}. Best is trial 848 with value: 0.6005661897687894.
[I 2023-10-12 20:46:57,752] Trial 1271 finished with value: 0.5567733726876796 and parameters: {'w0': 0.353, 'w1': 0.777, 'w2': 0.305, 'w3': 0.707, 'w4': 0.871, 'w5': 0.159, 'w6': 0.658, 'w7': 0.836, 'w8': 0.769, 'max_depth': 9, 'min_child_weight': 10, 'subsample': 0.7, 'colsample_bytree': 0.8, 'gamma': 2.2}. Best is trial 848 with value: 0.6005661897687894.
[I 2023-10-12 20:47:29,768] Trial 1275 finished with value: 0.5965064481109648 and parameters: {'w0': 0.35100000000000003, 'w1': 0.834, 'w2': 0.303, 'w3': 0.709, 'w4': 0.869, 'w5': 0.14500000000000002, 'w6': 0.9450000000000001, 'w7': 0.309, 'w8': 0.767, 'max_depth': 9, 'min_child_weight': 10, 'subsample': 0.7, 'colsample_bytree': 0.8, 'gamma': 2.2}. Best is trial 848 with value: 0.6005661897687894.
[I 2023-10-12 20:48:44,103] Trial 1278 finished with value: 0.5933360404198482 and parameters: {'w0': 0.354, 'w1': 0.841, 'w2': 0.302, 'w3': 0.708, 'w4': 0.8330000000000001, 'w5': 0.14500000000000002, 'w6': 0.9450000000000001, 'w7': 0.312, 'w8': 0.764, 'max_depth': 9, 'min_child_weight': 2, 'subsample': 0.7, 'colsample_bytree': 0.8, 'gamma': 2.2}. Best is trial 848 with value: 0.6005661897687894.
[I 2023-10-12 20:49:17,518] Trial 1279 finished with value: 0.5971391264253185 and parameters: {'w0': 0.35000000000000003, 'w1': 0.838, 'w2': 0.308, 'w3': 0.712, 'w4': 0.834, 'w5': 0.14, 'w6': 0.9450000000000001, 'w7': 0.306, 'w8': 0.767, 'max_depth': 9, 'min_child_weight': 2, 'subsample': 0.7, 'colsample_bytree': 0.8, 'gamma': 2.2}. Best is trial 848 with value: 0.6005661897687894.
[I 2023-10-12 20:50:57,640] Trial 1280 finished with value: 0.59513678416045 and parameters: {'w0': 0.35100000000000003, 'w1': 0.84, 'w2': 0.299, 'w3': 0.7020000000000001, 'w4': 0.838, 'w5': 0.14200000000000002, 'w6': 0.555, 'w7': 0.312, 'w8': 0.762, 'max_depth': 9, 'min_child_weight': 2, 'subsample': 0.7, 'colsample_bytree': 0.8, 'gamma': 2.2}. Best is trial 848 with value: 0.6005661897687894.
[I 2023-10-12 20:51:54,908] Trial 1282 finished with value: 0.5953475962809286 and parameters: {'w0': 0.343, 'w1': 0.8330000000000001, 'w2': 0.302, 'w3': 0.7040000000000001, 'w4': 0.8330000000000001, 'w5': 0.128, 'w6': 0.9410000000000001, 'w7': 0.316, 'w8': 0.762, 'max_depth': 9, 'min_child_weight': 2, 'subsample': 0.7, 'colsample_bytree': 0.8, 'gamma': 2.2}. Best is trial 848 with value: 0.6005661897687894.
[I 2023-10-12 20:53:30,021] Trial 1281 finished with value: 0.5608840069155139 and parameters: {'w0': 0.35200000000000004, 'w1': 0.842, 'w2': 0.299, 'w3': 0.6960000000000001, 'w4': 0.8330000000000001, 'w5': 0.14100000000000001, 'w6': 1.0, 'w7': 0.838, 'w8': 0.763, 'max_depth': 9, 'min_child_weight': 2, 'subsample': 0.7, 'colsample_bytree': 0.8, 'gamma': 2.2}. Best is trial 848 with value: 0.6005661897687894.
[I 2023-10-12 20:55:12,843] Trial 1283 finished with value: 0.5968683522770092 and parameters: {'w0': 0.354, 'w1': 0.839, 'w2': 0.301, 'w3': 0.668, 'w4': 0.84, 'w5': 0.136, 'w6': 0.9430000000000001, 'w7': 0.311, 'w8': 0.764, 'max_depth': 9, 'min_child_weight': 2, 'subsample': 0.7, 'colsample_bytree': 0.8, 'gamma': 2.2}. Best is trial 848 with value: 0.6005661897687894.
[I 2023-10-12 20:56:18,066] Trial 1284 finished with value: 0.5986739329499788 and parameters: {'w0': 0.34900000000000003, 'w1': 0.8290000000000001, 'w2': 0.305, 'w3': 0.668, 'w4': 0.8320000000000001, 'w5': 0.135, 'w6': 0.9410000000000001, 'w7': 0.309, 'w8': 0.76, 'max_depth': 9, 'min_child_weight': 2, 'subsample': 0.7, 'colsample_bytree': 0.8, 'gamma': 2.2}. Best is trial 848 with value: 0.6005661897687894.
[I 2023-10-12 20:56:39,520] Trial 1285 finished with value: 0.598579596280483 and parameters: {'w0': 0.243, 'w1': 0.935, 'w2': 0.301, 'w3': 0.6940000000000001, 'w4': 0.836, 'w5': 0.134, 'w6': 0.9460000000000001, 'w7': 0.26, 'w8': 0.764, 'max_depth': 9, 'min_child_weight': 2, 'subsample': 0.7, 'colsample_bytree': 0.8, 'gamma': 2.2}. Best is trial 848 with value: 0.6005661897687894.
[I 2023-10-12 20:56:59,686] Trial 1286 finished with value: 0.5969026542160093 and parameters: {'w0': 0.34500000000000003, 'w1': 0.935, 'w2': 0.296, 'w3': 0.666, 'w4': 0.837, 'w5': 0.133, 'w6': 0.66, 'w7': 0.312, 'w8': 0.761, 'max_depth': 9, 'min_child_weight': 2, 'subsample': 0.7, 'colsample_bytree': 0.8, 'gamma': 2.2}. Best is trial 848 with value: 0.6005661897687894.
[I 2023-10-12 20:57:50,571] Trial 1287 finished with value: 0.5959215722486514 and parameters: {'w0': 0.35000000000000003, 'w1': 0.9430000000000001, 'w2': 0.299, 'w3': 0.665, 'w4': 0.836, 'w5': 0.131, 'w6': 0.9420000000000001, 'w7': 0.312, 'w8': 0.755, 'max_depth': 9, 'min_child_weight': 2, 'subsample': 0.7, 'colsample_bytree': 0.8, 'gamma': 2.2}. Best is trial 848 with value: 0.6005661897687894.
[I 2023-10-12 20:59:05,475] Trial 1291 finished with value: 0.5798928322344229 and parameters: {'w0': 0.23700000000000002, 'w1': 0.932, 'w2': 0.329, 'w3': 0.662, 'w4': 0.928, 'w5': 0.12000000000000001, 'w6': 0.156, 'w7': 0.262, 'w8': 0.8140000000000001, 'max_depth': 9, 'min_child_weight': 2, 'subsample': 0.7, 'colsample_bytree': 0.8, 'gamma': 2.2}. Best is trial 848 with value: 0.6005661897687894.
[I 2023-10-12 20:59:34,500] Trial 1290 finished with value: 0.5976149433901176 and parameters: {'w0': 0.318, 'w1': 0.934, 'w2': 0.335, 'w3': 0.665, 'w4': 0.899, 'w5': 0.11900000000000001, 'w6': 1.0, 'w7': 0.26, 'w8': 0.76, 'max_depth': 9, 'min_child_weight': 2, 'subsample': 0.7, 'colsample_bytree': 0.8, 'gamma': 2.2}. Best is trial 848 with value: 0.6005661897687894.
[I 2023-10-12 20:59:42,501] Trial 1292 finished with value: 0.5943282467437857 and parameters: {'w0': 0.249, 'w1': 0.934, 'w2': 0.334, 'w3': 0.675, 'w4': 0.864, 'w5': 0.122, 'w6': 0.936, 'w7': 0.26, 'w8': 0.812, 'max_depth': 9, 'min_child_weight': 2, 'subsample': 0.7, 'colsample_bytree': 0.8, 'gamma': 2.2}. Best is trial 848 with value: 0.6005661897687894.
[I 2023-10-12 21:00:30,687] Trial 1288 finished with value: 0.5757219093038075 and parameters: {'w0': 0.353, 'w1': 0.9410000000000001, 'w2': 0.85, 'w3': 0.6900000000000001, 'w4': 0.899, 'w5': 0.121, 'w6': 0.9410000000000001, 'w7': 0.266, 'w8': 0.757, 'max_depth': 9, 'min_child_weight': 2, 'subsample': 0.7, 'colsample_bytree': 0.8, 'gamma': 2.2}. Best is trial 848 with value: 0.6005661897687894.
[I 2023-10-12 21:00:35,031] Trial 1289 finished with value: 0.5908327077821648 and parameters: {'w0': 0.908, 'w1': 0.932, 'w2': 0.327, 'w3': 0.684, 'w4': 0.901, 'w5': 0.124, 'w6': 0.9510000000000001, 'w7': 0.268, 'w8': 0.8200000000000001, 'max_depth': 9, 'min_child_weight': 2, 'subsample': 0.7, 'colsample_bytree': 0.8, 'gamma': 2.2}. Best is trial 848 with value: 0.6005661897687894.
[I 2023-10-12 21:00:48,140] Trial 1294 finished with value: 0.5962072784358384 and parameters: {'w0': 0.266, 'w1': 0.931, 'w2': 0.334, 'w3': 0.665, 'w4': 0.9, 'w5': 0.115, 'w6': 0.999, 'w7': 0.266, 'w8': 0.8210000000000001, 'max_depth': 9, 'min_child_weight': 2, 'subsample': 0.7, 'colsample_bytree': 0.8, 'gamma': 2.6}. Best is trial 848 with value: 0.6005661897687894.
[I 2023-10-12 21:01:38,699] Trial 1295 finished with value: 0.5932213683666503 and parameters: {'w0': 0.245, 'w1': 0.9420000000000001, 'w2': 0.335, 'w3': 0.664, 'w4': 0.901, 'w5': 0.117, 'w6': 0.9460000000000001, 'w7': 0.254, 'w8': 0.8230000000000001, 'max_depth': 9, 'min_child_weight': 2, 'subsample': 0.7, 'colsample_bytree': 0.8, 'gamma': 2.6}. Best is trial 848 with value: 0.6005661897687894.
[I 2023-10-12 21:02:26,379] Trial 1296 finished with value: 0.5366712265436673 and parameters: {'w0': 0.318, 'w1': 0.936, 'w2': 0.079, 'w3': 0.04, 'w4': 0.863, 'w5': 0.115, 'w6': 0.9440000000000001, 'w7': 0.257, 'w8': 0.8160000000000001, 'max_depth': 9, 'min_child_weight': 2, 'subsample': 0.7, 'colsample_bytree': 0.8, 'gamma': 2.6}. Best is trial 848 with value: 0.6005661897687894.
[I 2023-10-12 21:02:36,805] Trial 1293 finished with value: 0.591912870210985 and parameters: {'w0': 0.312, 'w1': 0.51, 'w2': 0.335, 'w3': 0.672, 'w4': 0.902, 'w5': 0.124, 'w6': 0.9500000000000001, 'w7': 0.262, 'w8': 0.8200000000000001, 'max_depth': 9, 'min_child_weight': 2, 'subsample': 0.7, 'colsample_bytree': 0.8, 'gamma': 1.6}. Best is trial 848 with value: 0.6005661897687894.
[I 2023-10-12 21:04:06,370] Trial 1297 finished with value: 0.5953636564775621 and parameters: {'w0': 0.244, 'w1': 0.936, 'w2': 0.333, 'w3': 0.675, 'w4': 0.902, 'w5': 0.116, 'w6': 1.0, 'w7': 0.262, 'w8': 0.8160000000000001, 'max_depth': 9, 'min_child_weight': 2, 'subsample': 0.7, 'colsample_bytree': 0.8, 'gamma': 2.6}. Best is trial 848 with value: 0.6005661897687894.
[I 2023-10-12 21:07:59,614] Trial 1301 finished with value: 0.5833402125877946 and parameters: {'w0': 0.20800000000000002, 'w1': 0.9400000000000001, 'w2': 0.327, 'w3': 0.673, 'w4': 0.8170000000000001, 'w5': 0.112, 'w6': 0.294, 'w7': 0.254, 'w8': 0.753, 'max_depth': 9, 'min_child_weight': 2, 'subsample': 0.7, 'colsample_bytree': 0.8, 'gamma': 2.6}. Best is trial 848 with value: 0.6005661897687894.
[I 2023-10-12 21:08:38,327] Trial 1298 finished with value: 0.5920901769089583 and parameters: {'w0': 0.253, 'w1': 0.933, 'w2': 0.333, 'w3': 0.664, 'w4': 0.923, 'w5': 0.11900000000000001, 'w6': 0.9500000000000001, 'w7': 0.263, 'w8': 0.8140000000000001, 'max_depth': 9, 'min_child_weight': 2, 'subsample': 0.7, 'colsample_bytree': 0.8, 'gamma': 1.6}. Best is trial 848 with value: 0.6005661897687894.
[I 2023-10-12 21:08:45,022] Trial 1302 finished with value: 0.5929673169312238 and parameters: {'w0': 0.202, 'w1': 0.935, 'w2': 0.33, 'w3': 0.685, 'w4': 0.8130000000000001, 'w5': 0.109, 'w6': 0.936, 'w7': 0.262, 'w8': 0.8180000000000001, 'max_depth': 9, 'min_child_weight': 2, 'subsample': 0.7, 'colsample_bytree': 0.8, 'gamma': 2.6}. Best is trial 848 with value: 0.6005661897687894.
[I 2023-10-12 21:09:27,784] Trial 1299 finished with value: 0.5889187268637903 and parameters: {'w0': 0.319, 'w1': 0.935, 'w2': 0.333, 'w3': 0.667, 'w4': 0.925, 'w5': 0.116, 'w6': 0.302, 'w7': 0.261, 'w8': 0.8160000000000001, 'max_depth': 9, 'min_child_weight': 2, 'subsample': 0.7, 'colsample_bytree': 0.8, 'gamma': 1.6}. Best is trial 848 with value: 0.6005661897687894.
[I 2023-10-12 21:09:49,670] Trial 1303 finished with value: 0.5194861453229624 and parameters: {'w0': 0.246, 'w1': 0.627, 'w2': 0.935, 'w3': 0.681, 'w4': 0.806, 'w5': 0.18, 'w6': 0.026000000000000002, 'w7': 0.261, 'w8': 0.8180000000000001, 'max_depth': 9, 'min_child_weight': 2, 'subsample': 0.7, 'colsample_bytree': 0.8, 'gamma': 2.6}. Best is trial 848 with value: 0.6005661897687894.
[I 2023-10-12 21:10:18,058] Trial 1300 finished with value: 0.5852321307087789 and parameters: {'w0': 0.23800000000000002, 'w1': 0.811, 'w2': 0.336, 'w3': 0.681, 'w4': 0.8130000000000001, 'w5': 0.113, 'w6': 0.295, 'w7': 0.258, 'w8': 0.8180000000000001, 'max_depth': 9, 'min_child_weight': 2, 'subsample': 0.7, 'colsample_bytree': 0.8, 'gamma': 1.6}. Best is trial 848 with value: 0.6005661897687894.
[I 2023-10-12 21:11:27,189] Trial 1305 finished with value: 0.5895143300738483 and parameters: {'w0': 0.23500000000000001, 'w1': 0.9490000000000001, 'w2': 0.359, 'w3': 0.6930000000000001, 'w4': 0.8150000000000001, 'w5': 0.184, 'w6': 0.9490000000000001, 'w7': 0.259, 'w8': 0.8180000000000001, 'max_depth': 9, 'min_child_weight': 2, 'subsample': 0.7, 'colsample_bytree': 0.8, 'gamma': 2.6}. Best is trial 848 with value: 0.6005661897687894.
[I 2023-10-12 21:11:47,166] Trial 1304 finished with value: 0.5882528334023742 and parameters: {'w0': 0.267, 'w1': 0.9440000000000001, 'w2': 0.332, 'w3': 0.6890000000000001, 'w4': 0.807, 'w5': 0.836, 'w6': 0.9400000000000001, 'w7': 0.271, 'w8': 0.751, 'max_depth': 9, 'min_child_weight': 2, 'subsample': 0.7, 'colsample_bytree': 0.8, 'gamma': 2.6}. Best is trial 848 with value: 0.6005661897687894.
[I 2023-10-12 21:11:57,813] Trial 1306 finished with value: 0.5837677534236237 and parameters: {'w0': 0.249, 'w1': 0.62, 'w2': 0.325, 'w3': 0.687, 'w4': 0.8200000000000001, 'w5': 0.918, 'w6': 0.9470000000000001, 'w7': 0.262, 'w8': 0.812, 'max_depth': 9, 'min_child_weight': 2, 'subsample': 0.7, 'colsample_bytree': 0.8, 'gamma': 2.6}. Best is trial 848 with value: 0.6005661897687894.
[I 2023-10-12 21:12:16,660] Trial 1307 finished with value: 0.5907830895928134 and parameters: {'w0': 0.226, 'w1': 0.9470000000000001, 'w2': 0.319, 'w3': 0.679, 'w4': 0.8190000000000001, 'w5': 0.17200000000000001, 'w6': 0.9470000000000001, 'w7': 0.262, 'w8': 0.753, 'max_depth': 9, 'min_child_weight': 2, 'subsample': 0.7, 'colsample_bytree': 0.8, 'gamma': 2.6}. Best is trial 848 with value: 0.6005661897687894.
[I 2023-10-12 21:12:21,456] Trial 1309 finished with value: 0.5932415799289167 and parameters: {'w0': 0.20500000000000002, 'w1': 0.9490000000000001, 'w2': 0.323, 'w3': 0.685, 'w4': 0.812, 'w5': 0.179, 'w6': 0.9450000000000001, 'w7': 0.27, 'w8': 0.754, 'max_depth': 9, 'min_child_weight': 2, 'subsample': 0.7, 'colsample_bytree': 0.8, 'gamma': 2.6}. Best is trial 848 with value: 0.6005661897687894.
[I 2023-10-12 21:12:23,472] Trial 1308 finished with value: 0.5893683895395413 and parameters: {'w0': 0.247, 'w1': 0.9410000000000001, 'w2': 0.361, 'w3': 0.687, 'w4': 0.8130000000000001, 'w5': 0.17500000000000002, 'w6': 0.9450000000000001, 'w7': 0.259, 'w8': 0.751, 'max_depth': 9, 'min_child_weight': 2, 'subsample': 0.7, 'colsample_bytree': 0.8, 'gamma': 2.6}. Best is trial 848 with value: 0.6005661897687894.
[I 2023-10-12 21:12:48,497] Trial 1310 finished with value: 0.5590711898838796 and parameters: {'w0': 0.20400000000000001, 'w1': 0.901, 'w2': 0.36, 'w3': 0.6880000000000001, 'w4': 0.8150000000000001, 'w5': 0.189, 'w6': 0.9510000000000001, 'w7': 0.26, 'w8': 0.15, 'max_depth': 9, 'min_child_weight': 2, 'subsample': 0.7, 'colsample_bytree': 0.8, 'gamma': 2.6}. Best is trial 848 with value: 0.6005661897687894.
[I 2023-10-12 21:14:04,543] Trial 1311 finished with value: 0.595837563726157 and parameters: {'w0': 0.253, 'w1': 0.91, 'w2': 0.28600000000000003, 'w3': 0.687, 'w4': 0.8220000000000001, 'w5': 0.181, 'w6': 0.9530000000000001, 'w7': 0.26, 'w8': 0.752, 'max_depth': 9, 'min_child_weight': 2, 'subsample': 0.7, 'colsample_bytree': 0.8, 'gamma': 2.6}. Best is trial 848 with value: 0.6005661897687894.
[I 2023-10-12 21:14:15,248] Trial 1312 finished with value: 0.5963999455459472 and parameters: {'w0': 0.255, 'w1': 0.907, 'w2': 0.28500000000000003, 'w3': 0.6880000000000001, 'w4': 0.8130000000000001, 'w5': 0.182, 'w6': 0.927, 'w7': 0.28500000000000003, 'w8': 0.754, 'max_depth': 9, 'min_child_weight': 2, 'subsample': 0.7, 'colsample_bytree': 0.8, 'gamma': 2.6}. Best is trial 848 with value: 0.6005661897687894.
[I 2023-10-12 21:15:57,234] Trial 1313 finished with value: 0.5949608427299459 and parameters: {'w0': 0.249, 'w1': 0.902, 'w2': 0.354, 'w3': 0.6880000000000001, 'w4': 0.85, 'w5': 0.17300000000000001, 'w6': 0.93, 'w7': 0.28600000000000003, 'w8': 0.751, 'max_depth': 9, 'min_child_weight': 2, 'subsample': 0.7, 'colsample_bytree': 0.8, 'gamma': 2.6}. Best is trial 848 with value: 0.6005661897687894.
[I 2023-10-12 21:18:05,892] Trial 1315 finished with value: 0.5770081343662229 and parameters: {'w0': 0.198, 'w1': 0.906, 'w2': 0.281, 'w3': 0.687, 'w4': 0.8210000000000001, 'w5': 0.17600000000000002, 'w6': 0.47100000000000003, 'w7': 0.279, 'w8': 0.786, 'max_depth': 9, 'min_child_weight': 2, 'subsample': 0.6000000000000001, 'colsample_bytree': 0.8, 'gamma': 6.4}. Best is trial 848 with value: 0.6005661897687894.
[I 2023-10-12 21:19:27,025] Trial 1317 finished with value: 0.5715624631780233 and parameters: {'w0': 0.851, 'w1': 0.907, 'w2': 0.363, 'w3': 0.6890000000000001, 'w4': 0.81, 'w5': 0.17400000000000002, 'w6': 0.9590000000000001, 'w7': 0.294, 'w8': 0.787, 'max_depth': 9, 'min_child_weight': 2, 'subsample': 0.6000000000000001, 'colsample_bytree': 0.8, 'gamma': 6.4}. Best is trial 848 with value: 0.6005661897687894.
[I 2023-10-12 21:19:29,881] Trial 1314 finished with value: 0.5831239493180677 and parameters: {'w0': 0.23500000000000001, 'w1': 0.34500000000000003, 'w2': 0.28200000000000003, 'w3': 0.6880000000000001, 'w4': 0.431, 'w5': 0.179, 'w6': 0.928, 'w7': 0.28900000000000003, 'w8': 0.792, 'max_depth': 9, 'min_child_weight': 2, 'subsample': 0.7, 'colsample_bytree': 0.8, 'gamma': 2.6}. Best is trial 848 with value: 0.6005661897687894.
[I 2023-10-12 21:19:40,946] Trial 1318 finished with value: 0.588855998058079 and parameters: {'w0': 0.23800000000000002, 'w1': 0.902, 'w2': 0.28800000000000003, 'w3': 0.727, 'w4': 0.853, 'w5': 0.177, 'w6': 0.9590000000000001, 'w7': 0.293, 'w8': 0.788, 'max_depth': 9, 'min_child_weight': 2, 'subsample': 0.6000000000000001, 'colsample_bytree': 0.8, 'gamma': 5.4}. Best is trial 848 with value: 0.6005661897687894.
[I 2023-10-12 21:22:03,870] Trial 1316 finished with value: 0.5899276181477447 and parameters: {'w0': 0.231, 'w1': 0.903, 'w2': 0.361, 'w3': 0.729, 'w4': 0.8140000000000001, 'w5': 0.169, 'w6': 1.0, 'w7': 0.292, 'w8': 0.623, 'max_depth': 9, 'min_child_weight': 2, 'subsample': 0.6000000000000001, 'colsample_bytree': 0.8, 'gamma': 2.4000000000000004}. Best is trial 848 with value: 0.6005661897687894.
[I 2023-10-12 21:24:07,488] Trial 1319 finished with value: 0.5756146459743063 and parameters: {'w0': 0.23800000000000002, 'w1': 0.902, 'w2': 0.28300000000000003, 'w3': 0.732, 'w4': 0.217, 'w5': 0.746, 'w6': 0.9590000000000001, 'w7': 0.28300000000000003, 'w8': 0.753, 'max_depth': 9, 'min_child_weight': 2, 'subsample': 0.6000000000000001, 'colsample_bytree': 0.8, 'gamma': 2.4000000000000004}. Best is trial 848 with value: 0.6005661897687894.
[I 2023-10-12 21:25:11,688] Trial 1323 finished with value: 0.589194460906273 and parameters: {'w0': 0.232, 'w1': 0.901, 'w2': 0.28600000000000003, 'w3': 0.726, 'w4': 0.86, 'w5': 0.177, 'w6': 0.985, 'w7': 0.28900000000000003, 'w8': 0.794, 'max_depth': 4, 'min_child_weight': 2, 'subsample': 0.6000000000000001, 'colsample_bytree': 0.8, 'gamma': 2.4000000000000004}. Best is trial 848 with value: 0.6005661897687894.
[I 2023-10-12 21:25:14,620] Trial 1320 finished with value: 0.5466478189056396 and parameters: {'w0': 0.263, 'w1': 0.905, 'w2': 0.362, 'w3': 0.727, 'w4': 0.8140000000000001, 'w5': 0.17500000000000002, 'w6': 0.961, 'w7': 0.29, 'w8': 0.127, 'max_depth': 9, 'min_child_weight': 16, 'subsample': 0.6000000000000001, 'colsample_bytree': 0.8, 'gamma': 2.4000000000000004}. Best is trial 848 with value: 0.6005661897687894.
[I 2023-10-12 21:25:17,875] Trial 1324 finished with value: 0.5919362864997941 and parameters: {'w0': 0.258, 'w1': 0.904, 'w2': 0.28700000000000003, 'w3': 0.725, 'w4': 0.85, 'w5': 0.17200000000000001, 'w6': 0.982, 'w7': 0.29, 'w8': 0.794, 'max_depth': 4, 'min_child_weight': 2, 'subsample': 0.6000000000000001, 'colsample_bytree': 0.8, 'gamma': 2.4000000000000004}. Best is trial 848 with value: 0.6005661897687894.
[I 2023-10-12 21:25:19,409] Trial 1322 finished with value: 0.5973341501194485 and parameters: {'w0': 0.271, 'w1': 0.901, 'w2': 0.28300000000000003, 'w3': 0.728, 'w4': 0.857, 'w5': 0.178, 'w6': 0.982, 'w7': 0.28200000000000003, 'w8': 0.787, 'max_depth': 9, 'min_child_weight': 2, 'subsample': 0.6000000000000001, 'colsample_bytree': 0.8, 'gamma': 2.4000000000000004}. Best is trial 848 with value: 0.6005661897687894.
[I 2023-10-12 21:25:46,050] Trial 1321 finished with value: 0.5860494327116746 and parameters: {'w0': 0.275, 'w1': 0.907, 'w2': 0.28700000000000003, 'w3': 0.725, 'w4': 0.851, 'w5': 0.914, 'w6': 0.961, 'w7': 0.29, 'w8': 0.788, 'max_depth': 4, 'min_child_weight': 2, 'subsample': 0.6000000000000001, 'colsample_bytree': 0.8, 'gamma': 2.4000000000000004}. Best is trial 848 with value: 0.6005661897687894.
[I 2023-10-12 21:26:04,499] Trial 1325 finished with value: 0.596094660167297 and parameters: {'w0': 0.269, 'w1': 0.904, 'w2': 0.28300000000000003, 'w3': 0.726, 'w4': 0.849, 'w5': 0.17200000000000001, 'w6': 0.982, 'w7': 0.291, 'w8': 0.794, 'max_depth': 9, 'min_child_weight': 2, 'subsample': 0.6000000000000001, 'colsample_bytree': 0.8, 'gamma': 2.4000000000000004}. Best is trial 848 with value: 0.6005661897687894.
[I 2023-10-12 21:27:44,863] Trial 1328 finished with value: 0.5964972071310588 and parameters: {'w0': 0.226, 'w1': 0.901, 'w2': 0.281, 'w3': 0.728, 'w4': 0.841, 'w5': 0.18, 'w6': 0.981, 'w7': 0.28900000000000003, 'w8': 0.787, 'max_depth': 9, 'min_child_weight': 2, 'subsample': 0.6000000000000001, 'colsample_bytree': 0.8, 'gamma': 2.4000000000000004}. Best is trial 848 with value: 0.6005661897687894.
[I 2023-10-12 21:28:41,898] Trial 1329 finished with value: 0.5895005722152524 and parameters: {'w0': 0.276, 'w1': 0.891, 'w2': 0.279, 'w3': 0.723, 'w4': 0.532, 'w5': 0.17, 'w6': 0.983, 'w7': 0.291, 'w8': 0.789, 'max_depth': 4, 'min_child_weight': 2, 'subsample': 0.6000000000000001, 'colsample_bytree': 0.8, 'gamma': 2.4000000000000004}. Best is trial 848 with value: 0.6005661897687894.
[I 2023-10-12 21:28:51,214] Trial 1327 finished with value: 0.5842918005161107 and parameters: {'w0': 0.86, 'w1': 0.907, 'w2': 0.29, 'w3': 0.733, 'w4': 0.854, 'w5': 0.17300000000000001, 'w6': 0.7020000000000001, 'w7': 0.28900000000000003, 'w8': 0.553, 'max_depth': 9, 'min_child_weight': 2, 'subsample': 0.6000000000000001, 'colsample_bytree': 0.8, 'gamma': 2.4000000000000004}. Best is trial 848 with value: 0.6005661897687894.
[I 2023-10-12 21:30:05,996] Trial 1326 finished with value: 0.579396411191112 and parameters: {'w0': 0.851, 'w1': 0.907, 'w2': 0.28700000000000003, 'w3': 0.727, 'w4': 0.855, 'w5': 0.17300000000000001, 'w6': 0.983, 'w7': 0.29, 'w8': 0.791, 'max_depth': 9, 'min_child_weight': 16, 'subsample': 0.6000000000000001, 'colsample_bytree': 0.8, 'gamma': 2.4000000000000004}. Best is trial 848 with value: 0.6005661897687894.
