[I 2023-10-13 20:14:26,787] Trial 728 finished with value: 0.5083840071970005 and parameters: {'w0': 0.21, 'w1': 0.606, 'w2': 0.20600000000000002, 'w3': 0.805, 'w4': 0.855, 'w5': 0.056, 'w6': 0.756, 'w7': 0.124, 'w8': 0.919, 'max_depth': 6, 'min_child_weight': 8, 'subsample': 0.8, 'colsample_bytree': 0.9000000000000001, 'gamma': 0.6000000000000001}. Best is trial 707 with value: 0.5140349745619505.
[I 2023-10-13 20:15:41,703] Trial 730 finished with value: 0.5061011521136491 and parameters: {'w0': 0.214, 'w1': 0.61, 'w2': 0.20600000000000002, 'w3': 0.801, 'w4': 0.874, 'w5': 0.055, 'w6': 0.751, 'w7': 0.11900000000000001, 'w8': 0.915, 'max_depth': 6, 'min_child_weight': 8, 'subsample': 0.8, 'colsample_bytree': 0.9000000000000001, 'gamma': 0.6000000000000001}. Best is trial 707 with value: 0.5140349745619505.
[I 2023-10-13 20:15:51,983] Trial 733 finished with value: 0.49881115100043605 and parameters: {'w0': 0.111, 'w1': 0.668, 'w2': 0.211, 'w3': 0.8170000000000001, 'w4': 0.85, 'w5': 0.059000000000000004, 'w6': 0.755, 'w7': 0.171, 'w8': 0.926, 'max_depth': 6, 'min_child_weight': 8, 'subsample': 0.8, 'colsample_bytree': 0.9000000000000001, 'gamma': 0.8}. Best is trial 707 with value: 0.5140349745619505.
[I 2023-10-13 20:16:01,082] Trial 731 finished with value: 0.5077716419380253 and parameters: {'w0': 0.213, 'w1': 0.619, 'w2': 0.20600000000000002, 'w3': 0.8, 'w4': 0.857, 'w5': 0.057, 'w6': 0.756, 'w7': 0.126, 'w8': 0.918, 'max_depth': 6, 'min_child_weight': 8, 'subsample': 0.8, 'colsample_bytree': 0.9000000000000001, 'gamma': 0.6000000000000001}. Best is trial 707 with value: 0.5140349745619505.
[I 2023-10-13 20:16:47,822] Trial 732 finished with value: 0.5080134162355529 and parameters: {'w0': 0.215, 'w1': 0.67, 'w2': 0.203, 'w3': 0.799, 'w4': 0.868, 'w5': 0.058, 'w6': 0.629, 'w7': 0.123, 'w8': 0.913, 'max_depth': 6, 'min_child_weight': 8, 'subsample': 0.8, 'colsample_bytree': 0.9000000000000001, 'gamma': 0.6000000000000001}. Best is trial 707 with value: 0.5140349745619505.
[I 2023-10-13 20:21:10,871] Trial 734 finished with value: 0.5102405327765551 and parameters: {'w0': 0.21, 'w1': 0.612, 'w2': 0.203, 'w3': 0.802, 'w4': 0.836, 'w5': 0.054, 'w6': 0.754, 'w7': 0.164, 'w8': 0.912, 'max_depth': 6, 'min_child_weight': 8, 'subsample': 0.8, 'colsample_bytree': 0.9000000000000001, 'gamma': 0.4}. Best is trial 707 with value: 0.5140349745619505.
[I 2023-10-13 20:22:39,557] Trial 735 finished with value: 0.5112157712240086 and parameters: {'w0': 0.216, 'w1': 0.665, 'w2': 0.20500000000000002, 'w3': 0.8, 'w4': 0.8310000000000001, 'w5': 0.061, 'w6': 0.758, 'w7': 0.17300000000000001, 'w8': 0.914, 'max_depth': 6, 'min_child_weight': 8, 'subsample': 0.8, 'colsample_bytree': 0.9000000000000001, 'gamma': 0.4}. Best is trial 707 with value: 0.5140349745619505.
[I 2023-10-13 20:22:57,665] Trial 736 finished with value: 0.4947647365928628 and parameters: {'w0': 0.217, 'w1': 0.659, 'w2': 0.20400000000000001, 'w3': 0.801, 'w4': 0.8320000000000001, 'w5': 0.056, 'w6': 0.619, 'w7': 0.17, 'w8': 0.159, 'max_depth': 6, 'min_child_weight': 8, 'subsample': 0.8, 'colsample_bytree': 0.9000000000000001, 'gamma': 0.4}. Best is trial 707 with value: 0.5140349745619505.
[I 2023-10-13 20:24:11,932] Trial 747 finished with value: 0.4456166420930086 and parameters: {'w0': 0.247, 'w1': 0.645, 'w2': 0.163, 'w3': 0.895, 'w4': 0.79, 'w5': 0.578, 'w6': 0.763, 'w7': 0.162, 'w8': 0.983, 'max_depth': 6, 'min_child_weight': 8, 'subsample': 0.8, 'colsample_bytree': 1.0, 'gamma': 10.0}. Best is trial 707 with value: 0.5140349745619505.
[I 2023-10-13 20:25:51,839] Trial 737 finished with value: 0.4994508952679019 and parameters: {'w0': 0.226, 'w1': 0.665, 'w2': 0.20400000000000001, 'w3': 0.801, 'w4': 0.8270000000000001, 'w5': 0.057, 'w6': 0.669, 'w7': 0.169, 'w8': 0.159, 'max_depth': 6, 'min_child_weight': 8, 'subsample': 0.8, 'colsample_bytree': 0.9000000000000001, 'gamma': 0.4}. Best is trial 707 with value: 0.5140349745619505.
[I 2023-10-13 20:26:23,281] Trial 738 finished with value: 0.5156142957917506 and parameters: {'w0': 0.215, 'w1': 0.661, 'w2': 0.20400000000000001, 'w3': 0.805, 'w4': 0.8270000000000001, 'w5': 0.051000000000000004, 'w6': 0.759, 'w7': 0.17, 'w8': 0.913, 'max_depth': 6, 'min_child_weight': 8, 'subsample': 0.8, 'colsample_bytree': 0.9000000000000001, 'gamma': 0.4}. Best is trial 738 with value: 0.5156142957917506.
[I 2023-10-13 20:27:45,093] Trial 739 finished with value: 0.5110023910143242 and parameters: {'w0': 0.224, 'w1': 0.658, 'w2': 0.171, 'w3': 0.8, 'w4': 0.8240000000000001, 'w5': 0.054, 'w6': 0.755, 'w7': 0.171, 'w8': 0.915, 'max_depth': 6, 'min_child_weight': 8, 'subsample': 0.8, 'colsample_bytree': 0.9000000000000001, 'gamma': 0.4}. Best is trial 738 with value: 0.5156142957917506.
[I 2023-10-13 20:28:27,786] Trial 740 finished with value: 0.5146277820404987 and parameters: {'w0': 0.22, 'w1': 0.66, 'w2': 0.20600000000000002, 'w3': 0.798, 'w4': 0.8280000000000001, 'w5': 0.054, 'w6': 0.763, 'w7': 0.171, 'w8': 0.984, 'max_depth': 6, 'min_child_weight': 8, 'subsample': 0.8, 'colsample_bytree': 0.9000000000000001, 'gamma': 0.4}. Best is trial 738 with value: 0.5156142957917506.
[I 2023-10-13 20:28:55,154] Trial 741 finished with value: 0.510349224991185 and parameters: {'w0': 0.222, 'w1': 0.657, 'w2': 0.167, 'w3': 0.803, 'w4': 0.8330000000000001, 'w5': 0.054, 'w6': 0.757, 'w7': 0.167, 'w8': 0.984, 'max_depth': 6, 'min_child_weight': 8, 'subsample': 0.8, 'colsample_bytree': 0.9000000000000001, 'gamma': 0.4}. Best is trial 738 with value: 0.5156142957917506.
[I 2023-10-13 20:29:39,823] Trial 742 finished with value: 0.50791768415659 and parameters: {'w0': 0.106, 'w1': 0.645, 'w2': 0.17500000000000002, 'w3': 0.805, 'w4': 0.792, 'w5': 0.052000000000000005, 'w6': 0.753, 'w7': 0.17600000000000002, 'w8': 0.98, 'max_depth': 6, 'min_child_weight': 8, 'subsample': 0.8, 'colsample_bytree': 0.9000000000000001, 'gamma': 0.4}. Best is trial 738 with value: 0.5156142957917506.
[I 2023-10-13 20:30:44,260] Trial 751 finished with value: 0.4228374503186465 and parameters: {'w0': 0.25, 'w1': 0.65, 'w2': 0.903, 'w3': 0.862, 'w4': 0.796, 'w5': 0.096, 'w6': 0.727, 'w7': 0.167, 'w8': 0.978, 'max_depth': 6, 'min_child_weight': 8, 'subsample': 0.8, 'colsample_bytree': 0.9000000000000001, 'gamma': 9.4}. Best is trial 738 with value: 0.5156142957917506.
[I 2023-10-13 20:30:58,125] Trial 743 finished with value: 0.5133939271804561 and parameters: {'w0': 0.221, 'w1': 0.641, 'w2': 0.17300000000000001, 'w3': 0.794, 'w4': 0.791, 'w5': 0.053000000000000005, 'w6': 0.67, 'w7': 0.17, 'w8': 0.981, 'max_depth': 6, 'min_child_weight': 8, 'subsample': 0.8, 'colsample_bytree': 1.0, 'gamma': 0.4}. Best is trial 738 with value: 0.5156142957917506.
[I 2023-10-13 20:32:24,131] Trial 744 finished with value: 0.5026174478822099 and parameters: {'w0': 0.224, 'w1': 0.647, 'w2': 0.162, 'w3': 0.8, 'w4': 0.795, 'w5': 0.868, 'w6': 0.751, 'w7': 0.171, 'w8': 0.98, 'max_depth': 6, 'min_child_weight': 8, 'subsample': 0.8, 'colsample_bytree': 0.9000000000000001, 'gamma': 0.4}. Best is trial 738 with value: 0.5156142957917506.
[I 2023-10-13 20:34:01,897] Trial 745 finished with value: 0.5141856823076055 and parameters: {'w0': 0.226, 'w1': 0.653, 'w2': 0.17300000000000001, 'w3': 0.795, 'w4': 0.794, 'w5': 0.092, 'w6': 0.763, 'w7': 0.169, 'w8': 0.978, 'max_depth': 6, 'min_child_weight': 8, 'subsample': 0.8, 'colsample_bytree': 0.9000000000000001, 'gamma': 0.4}. Best is trial 738 with value: 0.5156142957917506.
[I 2023-10-13 20:35:13,511] Trial 746 finished with value: 0.5119986314107419 and parameters: {'w0': 0.243, 'w1': 0.651, 'w2': 0.159, 'w3': 0.894, 'w4': 0.795, 'w5': 0.393, 'w6': 0.764, 'w7': 0.166, 'w8': 0.981, 'max_depth': 6, 'min_child_weight': 8, 'subsample': 0.8, 'colsample_bytree': 0.9000000000000001, 'gamma': 0.4}. Best is trial 738 with value: 0.5156142957917506.
[I 2023-10-13 20:35:52,394] Trial 748 finished with value: 0.5128742657905867 and parameters: {'w0': 0.281, 'w1': 0.641, 'w2': 0.181, 'w3': 0.883, 'w4': 0.797, 'w5': 0.096, 'w6': 0.726, 'w7': 0.169, 'w8': 0.982, 'max_depth': 6, 'min_child_weight': 8, 'subsample': 0.8, 'colsample_bytree': 1.0, 'gamma': 0.4}. Best is trial 738 with value: 0.5156142957917506.
[I 2023-10-13 20:36:17,590] Trial 749 finished with value: 0.5133957472091769 and parameters: {'w0': 0.248, 'w1': 0.649, 'w2': 0.161, 'w3': 0.892, 'w4': 0.793, 'w5': 0.098, 'w6': 0.73, 'w7': 0.17, 'w8': 0.985, 'max_depth': 6, 'min_child_weight': 10, 'subsample': 0.8, 'colsample_bytree': 0.9000000000000001, 'gamma': 0.4}. Best is trial 738 with value: 0.5156142957917506.
[I 2023-10-13 20:40:45,494] Trial 750 finished with value: 0.5112734986493235 and parameters: {'w0': 0.244, 'w1': 0.65, 'w2': 0.161, 'w3': 0.884, 'w4': 0.789, 'w5': 0.093, 'w6': 0.721, 'w7': 0.163, 'w8': 0.98, 'max_depth': 6, 'min_child_weight': 8, 'subsample': 0.8, 'colsample_bytree': 1.0, 'gamma': 0.4}. Best is trial 738 with value: 0.5156142957917506.
[I 2023-10-13 20:42:19,014] Trial 752 finished with value: 0.5150895635228163 and parameters: {'w0': 0.248, 'w1': 0.64, 'w2': 0.185, 'w3': 0.869, 'w4': 0.79, 'w5': 0.093, 'w6': 0.726, 'w7': 0.169, 'w8': 0.982, 'max_depth': 6, 'min_child_weight': 8, 'subsample': 0.8, 'colsample_bytree': 0.9000000000000001, 'gamma': 0.4}. Best is trial 738 with value: 0.5156142957917506.
[I 2023-10-13 20:44:02,401] Trial 753 finished with value: 0.5144604633258106 and parameters: {'w0': 0.252, 'w1': 0.595, 'w2': 0.179, 'w3': 0.868, 'w4': 0.797, 'w5': 0.093, 'w6': 0.723, 'w7': 0.164, 'w8': 0.982, 'max_depth': 6, 'min_child_weight': 8, 'subsample': 0.8, 'colsample_bytree': 0.9000000000000001, 'gamma': 0.4}. Best is trial 738 with value: 0.5156142957917506.
[I 2023-10-13 20:45:14,118] Trial 754 finished with value: 0.5150631905305886 and parameters: {'w0': 0.254, 'w1': 0.647, 'w2': 0.179, 'w3': 0.872, 'w4': 0.803, 'w5': 0.093, 'w6': 0.716, 'w7': 0.166, 'w8': 0.98, 'max_depth': 6, 'min_child_weight': 8, 'subsample': 0.8, 'colsample_bytree': 0.9000000000000001, 'gamma': 0.4}. Best is trial 738 with value: 0.5156142957917506.
[I 2023-10-13 20:45:30,995] Trial 755 finished with value: 0.4781033844421663 and parameters: {'w0': 0.248, 'w1': 0.651, 'w2': 0.184, 'w3': 0.865, 'w4': 0.889, 'w5': 0.095, 'w6': 0.722, 'w7': 0.177, 'w8': 0.051000000000000004, 'max_depth': 6, 'min_child_weight': 8, 'subsample': 0.8, 'colsample_bytree': 0.9000000000000001, 'gamma': 0.4}. Best is trial 738 with value: 0.5156142957917506.
[I 2023-10-13 20:47:38,583] Trial 756 finished with value: 0.5122273874112289 and parameters: {'w0': 0.244, 'w1': 0.653, 'w2': 0.165, 'w3': 0.875, 'w4': 0.801, 'w5': 0.094, 'w6': 0.725, 'w7': 0.168, 'w8': 0.913, 'max_depth': 6, 'min_child_weight': 8, 'subsample': 0.8, 'colsample_bytree': 0.9000000000000001, 'gamma': 0.4}. Best is trial 738 with value: 0.5156142957917506.
[I 2023-10-13 20:47:56,930] Trial 757 finished with value: 0.49523461037853006 and parameters: {'w0': 0.248, 'w1': 0.648, 'w2': 0.148, 'w3': 0.863, 'w4': 0.803, 'w5': 0.016, 'w6': 0.725, 'w7': 0.167, 'w8': 0.906, 'max_depth': 6, 'min_child_weight': 8, 'subsample': 0.8, 'colsample_bytree': 0.9000000000000001, 'gamma': 0.4}. Best is trial 738 with value: 0.5156142957917506.
[I 2023-10-13 20:48:32,848] Trial 758 finished with value: 0.4969764851725446 and parameters: {'w0': 0.248, 'w1': 0.646, 'w2': 0.161, 'w3': 0.793, 'w4': 0.797, 'w5': 0.015, 'w6': 0.721, 'w7': 0.167, 'w8': 0.983, 'max_depth': 6, 'min_child_weight': 8, 'subsample': 0.8, 'colsample_bytree': 1.0, 'gamma': 0.4}. Best is trial 738 with value: 0.5156142957917506.
[I 2023-10-13 20:49:28,264] Trial 759 finished with value: 0.5005593997409338 and parameters: {'w0': 0.248, 'w1': 0.65, 'w2': 0.165, 'w3': 0.785, 'w4': 0.8150000000000001, 'w5': 0.021, 'w6': 0.726, 'w7': 0.17, 'w8': 0.982, 'max_depth': 6, 'min_child_weight': 8, 'subsample': 0.8, 'colsample_bytree': 1.0, 'gamma': 0.4}. Best is trial 738 with value: 0.5156142957917506.
[I 2023-10-13 20:50:56,882] Trial 760 finished with value: 0.5084962473103067 and parameters: {'w0': 0.231, 'w1': 0.646, 'w2': 0.161, 'w3': 0.783, 'w4': 0.808, 'w5': 0.031, 'w6': 0.719, 'w7': 0.17200000000000001, 'w8': 0.984, 'max_depth': 6, 'min_child_weight': 8, 'subsample': 0.8, 'colsample_bytree': 1.0, 'gamma': 0.4}. Best is trial 738 with value: 0.5156142957917506.
[I 2023-10-13 20:50:58,469] Trial 761 finished with value: 0.5044698618698977 and parameters: {'w0': 0.254, 'w1': 0.643, 'w2': 0.163, 'w3': 0.783, 'w4': 0.891, 'w5': 0.026000000000000002, 'w6': 0.672, 'w7': 0.17300000000000001, 'w8': 0.982, 'max_depth': 6, 'min_child_weight': 8, 'subsample': 0.8, 'colsample_bytree': 1.0, 'gamma': 0.4}. Best is trial 738 with value: 0.5156142957917506.
[I 2023-10-13 20:51:15,472] Trial 762 finished with value: 0.46985052277938627 and parameters: {'w0': 0.245, 'w1': 0.633, 'w2': 0.169, 'w3': 0.778, 'w4': 0.805, 'w5': 0.019000000000000003, 'w6': 0.66, 'w7': 0.166, 'w8': 0.068, 'max_depth': 6, 'min_child_weight': 8, 'subsample': 0.8, 'colsample_bytree': 1.0, 'gamma': 0.4}. Best is trial 738 with value: 0.5156142957917506.
[I 2023-10-13 20:54:12,284] Trial 763 finished with value: 0.5019541377835972 and parameters: {'w0': 0.254, 'w1': 0.636, 'w2': 0.163, 'w3': 0.791, 'w4': 0.806, 'w5': 0.019000000000000003, 'w6': 0.724, 'w7': 0.17400000000000002, 'w8': 0.985, 'max_depth': 6, 'min_child_weight': 8, 'subsample': 0.8, 'colsample_bytree': 1.0, 'gamma': 0.4}. Best is trial 738 with value: 0.5156142957917506.
[I 2023-10-13 20:55:23,586] Trial 764 finished with value: 0.5097377428351796 and parameters: {'w0': 0.257, 'w1': 0.631, 'w2': 0.152, 'w3': 0.788, 'w4': 0.889, 'w5': 0.281, 'w6': 0.727, 'w7': 0.171, 'w8': 0.998, 'max_depth': 6, 'min_child_weight': 8, 'subsample': 0.8, 'colsample_bytree': 1.0, 'gamma': 0.4}. Best is trial 738 with value: 0.5156142957917506.
[I 2023-10-13 20:56:44,495] Trial 765 finished with value: 0.504137017182982 and parameters: {'w0': 0.256, 'w1': 0.631, 'w2': 0.158, 'w3': 0.787, 'w4': 0.81, 'w5': 0.311, 'w6': 0.718, 'w7': 0.167, 'w8': 0.985, 'max_depth': 6, 'min_child_weight': 8, 'subsample': 0.8, 'colsample_bytree': 1.0, 'gamma': 0.4}. Best is trial 738 with value: 0.5156142957917506.
[I 2023-10-13 20:57:18,551] Trial 766 finished with value: 0.5069295295636286 and parameters: {'w0': 0.254, 'w1': 0.632, 'w2': 0.156, 'w3': 0.786, 'w4': 0.8230000000000001, 'w5': 0.456, 'w6': 0.723, 'w7': 0.167, 'w8': 0.987, 'max_depth': 6, 'min_child_weight': 8, 'subsample': 0.8, 'colsample_bytree': 1.0, 'gamma': 0.4}. Best is trial 738 with value: 0.5156142957917506.
[I 2023-10-13 21:00:56,994] Trial 767 finished with value: 0.5006211082797979 and parameters: {'w0': 0.258, 'w1': 0.635, 'w2': 0.152, 'w3': 0.894, 'w4': 0.807, 'w5': 0.455, 'w6': 0.72, 'w7': 0.184, 'w8': 1.0, 'max_depth': 6, 'min_child_weight': 12, 'subsample': 0.8, 'colsample_bytree': 1.0, 'gamma': 0.4}. Best is trial 738 with value: 0.5156142957917506.
[I 2023-10-13 21:02:20,993] Trial 768 finished with value: 0.5114435645363671 and parameters: {'w0': 0.26, 'w1': 0.632, 'w2': 0.153, 'w3': 0.897, 'w4': 0.803, 'w5': 0.08600000000000001, 'w6': 0.714, 'w7': 0.14200000000000002, 'w8': 0.985, 'max_depth': 6, 'min_child_weight': 12, 'subsample': 0.8, 'colsample_bytree': 1.0, 'gamma': 0.4}. Best is trial 738 with value: 0.5156142957917506.
[I 2023-10-13 21:04:16,381] Trial 769 finished with value: 0.5020668974434375 and parameters: {'w0': 0.258, 'w1': 0.635, 'w2': 0.153, 'w3': 0.926, 'w4': 0.807, 'w5': 0.405, 'w6': 0.713, 'w7': 0.168, 'w8': 1.0, 'max_depth': 6, 'min_child_weight': 10, 'subsample': 0.8, 'colsample_bytree': 1.0, 'gamma': 0.4}. Best is trial 738 with value: 0.5156142957917506.
[I 2023-10-13 21:05:03,180] Trial 770 finished with value: 0.5099145206293376 and parameters: {'w0': 0.259, 'w1': 0.635, 'w2': 0.156, 'w3': 0.928, 'w4': 0.804, 'w5': 0.096, 'w6': 0.712, 'w7': 0.14300000000000002, 'w8': 0.98, 'max_depth': 6, 'min_child_weight': 10, 'subsample': 0.8, 'colsample_bytree': 1.0, 'gamma': 0.4}. Best is trial 738 with value: 0.5156142957917506.
[I 2023-10-13 21:05:51,549] Trial 771 finished with value: 0.5099360074036878 and parameters: {'w0': 0.262, 'w1': 0.635, 'w2': 0.153, 'w3': 0.922, 'w4': 0.809, 'w5': 0.47200000000000003, 'w6': 0.71, 'w7': 0.139, 'w8': 1.0, 'max_depth': 6, 'min_child_weight': 10, 'subsample': 0.8, 'colsample_bytree': 1.0, 'gamma': 0.4}. Best is trial 738 with value: 0.5156142957917506.
[I 2023-10-13 21:07:07,645] Trial 772 finished with value: 0.5112214492640816 and parameters: {'w0': 0.263, 'w1': 0.633, 'w2': 0.157, 'w3': 0.894, 'w4': 0.806, 'w5': 0.096, 'w6': 0.68, 'w7': 0.14300000000000002, 'w8': 0.985, 'max_depth': 6, 'min_child_weight': 10, 'subsample': 0.8, 'colsample_bytree': 1.0, 'gamma': 0.4}. Best is trial 738 with value: 0.5156142957917506.
[I 2023-10-13 21:08:31,756] Trial 774 finished with value: 0.5103087911707166 and parameters: {'w0': 0.263, 'w1': 0.624, 'w2': 0.165, 'w3': 0.889, 'w4': 0.8200000000000001, 'w5': 0.092, 'w6': 0.708, 'w7': 0.14300000000000002, 'w8': 0.982, 'max_depth': 6, 'min_child_weight': 10, 'subsample': 0.8, 'colsample_bytree': 1.0, 'gamma': 0.4}. Best is trial 738 with value: 0.5156142957917506.
[I 2023-10-13 21:08:33,769] Trial 773 finished with value: 0.50951102596544 and parameters: {'w0': 0.265, 'w1': 0.63, 'w2': 0.167, 'w3': 0.889, 'w4': 0.807, 'w5': 0.47600000000000003, 'w6': 0.711, 'w7': 0.152, 'w8': 0.976, 'max_depth': 6, 'min_child_weight': 8, 'subsample': 0.8, 'colsample_bytree': 1.0, 'gamma': 0.4}. Best is trial 738 with value: 0.5156142957917506.
[I 2023-10-13 21:09:20,028] Trial 775 finished with value: 0.5085440075498456 and parameters: {'w0': 0.268, 'w1': 0.632, 'w2': 0.161, 'w3': 0.927, 'w4': 0.8190000000000001, 'w5': 0.47700000000000004, 'w6': 0.718, 'w7': 0.147, 'w8': 0.981, 'max_depth': 6, 'min_child_weight': 10, 'subsample': 0.8, 'colsample_bytree': 1.0, 'gamma': 0.4}. Best is trial 738 with value: 0.5156142957917506.
[I 2023-10-13 21:09:45,613] Trial 777 finished with value: 0.5074802917365935 and parameters: {'w0': 0.269, 'w1': 0.621, 'w2': 0.17200000000000001, 'w3': 0.928, 'w4': 0.8150000000000001, 'w5': 0.096, 'w6': 0.681, 'w7': 0.14400000000000002, 'w8': 0.982, 'max_depth': 6, 'min_child_weight': 10, 'subsample': 0.8, 'colsample_bytree': 1.0, 'gamma': 0.6000000000000001}. Best is trial 738 with value: 0.5156142957917506.
[I 2023-10-13 21:09:46,934] Trial 778 finished with value: 0.5115671438097563 and parameters: {'w0': 0.27, 'w1': 0.627, 'w2': 0.17400000000000002, 'w3': 0.891, 'w4': 0.8190000000000001, 'w5': 0.1, 'w6': 0.68, 'w7': 0.148, 'w8': 0.985, 'max_depth': 6, 'min_child_weight': 10, 'subsample': 0.8, 'colsample_bytree': 1.0, 'gamma': 0.6000000000000001}. Best is trial 738 with value: 0.5156142957917506.
[I 2023-10-13 21:10:51,739] Trial 776 finished with value: 0.5085416147046684 and parameters: {'w0': 0.266, 'w1': 0.627, 'w2': 0.17, 'w3': 0.924, 'w4': 0.8190000000000001, 'w5': 0.42, 'w6': 0.708, 'w7': 0.14200000000000002, 'w8': 0.982, 'max_depth': 6, 'min_child_weight': 10, 'subsample': 0.8, 'colsample_bytree': 1.0, 'gamma': 0.4}. Best is trial 738 with value: 0.5156142957917506.
[I 2023-10-13 21:13:33,065] Trial 779 finished with value: 0.5079237695093791 and parameters: {'w0': 0.274, 'w1': 0.597, 'w2': 0.178, 'w3': 0.9, 'w4': 0.8230000000000001, 'w5': 0.28500000000000003, 'w6': 0.677, 'w7': 0.14200000000000002, 'w8': 1.0, 'max_depth': 6, 'min_child_weight': 10, 'subsample': 0.8, 'colsample_bytree': 1.0, 'gamma': 0.6000000000000001}. Best is trial 738 with value: 0.5156142957917506.
[I 2023-10-13 21:13:43,897] Trial 780 finished with value: 0.5099296185450463 and parameters: {'w0': 0.273, 'w1': 0.599, 'w2': 0.17500000000000002, 'w3': 0.888, 'w4': 0.8220000000000001, 'w5': 0.097, 'w6': 0.676, 'w7': 0.14300000000000002, 'w8': 0.977, 'max_depth': 6, 'min_child_weight': 10, 'subsample': 0.8, 'colsample_bytree': 1.0, 'gamma': 0.6000000000000001}. Best is trial 738 with value: 0.5156142957917506.
[I 2023-10-13 21:15:41,212] Trial 781 finished with value: 0.5096032268869737 and parameters: {'w0': 0.273, 'w1': 0.599, 'w2': 0.18, 'w3': 0.93, 'w4': 0.783, 'w5': 0.09, 'w6': 0.686, 'w7': 0.148, 'w8': 0.9550000000000001, 'max_depth': 6, 'min_child_weight': 10, 'subsample': 0.8, 'colsample_bytree': 1.0, 'gamma': 0.6000000000000001}. Best is trial 738 with value: 0.5156142957917506.
[I 2023-10-13 21:16:14,480] Trial 782 finished with value: 0.5061368221812403 and parameters: {'w0': 0.28, 'w1': 0.595, 'w2': 0.17500000000000002, 'w3': 0.921, 'w4': 0.79, 'w5': 0.10500000000000001, 'w6': 0.707, 'w7': 0.14100000000000001, 'w8': 0.9530000000000001, 'max_depth': 6, 'min_child_weight': 10, 'subsample': 0.8, 'colsample_bytree': 1.0, 'gamma': 0.6000000000000001}. Best is trial 738 with value: 0.5156142957917506.
[I 2023-10-13 21:19:35,156] Trial 783 finished with value: 0.5078523823526947 and parameters: {'w0': 0.222, 'w1': 0.601, 'w2': 0.177, 'w3': 0.888, 'w4': 0.786, 'w5': 0.081, 'w6': 0.681, 'w7': 0.14, 'w8': 0.963, 'max_depth': 6, 'min_child_weight': 10, 'subsample': 0.8, 'colsample_bytree': 1.0, 'gamma': 0.6000000000000001}. Best is trial 738 with value: 0.5156142957917506.
[I 2023-10-13 21:21:13,161] Trial 784 finished with value: 0.506401919003983 and parameters: {'w0': 0.28, 'w1': 0.596, 'w2': 0.178, 'w3': 0.892, 'w4': 0.786, 'w5': 0.098, 'w6': 0.68, 'w7': 0.14, 'w8': 0.978, 'max_depth': 6, 'min_child_weight': 12, 'subsample': 0.8, 'colsample_bytree': 1.0, 'gamma': 0.6000000000000001}. Best is trial 738 with value: 0.5156142957917506.
[I 2023-10-13 21:23:16,111] Trial 785 finished with value: 0.5131760332513307 and parameters: {'w0': 0.28400000000000003, 'w1': 0.597, 'w2': 0.17200000000000001, 'w3': 0.901, 'w4': 0.785, 'w5': 0.107, 'w6': 0.685, 'w7': 0.136, 'w8': 0.972, 'max_depth': 6, 'min_child_weight': 10, 'subsample': 0.8, 'colsample_bytree': 1.0, 'gamma': 0.6000000000000001}. Best is trial 738 with value: 0.5156142957917506.
