[I 2023-10-12 15:00:16,136] Trial 877 finished with value: 0.5926139036068465 and parameters: {'w0': 0.339, 'w1': 0.889, 'w2': 0.28700000000000003, 'w3': 0.781, 'w4': 0.684, 'w5': 0.28500000000000003, 'w6': 0.963, 'w7': 0.297, 'w8': 0.777, 'max_depth': 10, 'min_child_weight': 2, 'subsample': 0.8, 'colsample_bytree': 0.8, 'gamma': 2.2}. Best is trial 848 with value: 0.6005661897687894.
[I 2023-10-12 15:01:19,436] Trial 878 finished with value: 0.5605123006832995 and parameters: {'w0': 0.292, 'w1': 0.888, 'w2': 0.29, 'w3': 0.842, 'w4': 0.712, 'w5': 0.253, 'w6': 0.964, 'w7': 0.62, 'w8': 0.781, 'max_depth': 7, 'min_child_weight': 2, 'subsample': 0.8, 'colsample_bytree': 0.8, 'gamma': 2.2}. Best is trial 848 with value: 0.6005661897687894.
[I 2023-10-12 15:01:27,712] Trial 880 finished with value: 0.5917720081306589 and parameters: {'w0': 0.277, 'w1': 0.882, 'w2': 0.28800000000000003, 'w3': 0.789, 'w4': 0.6970000000000001, 'w5': 0.201, 'w6': 0.978, 'w7': 0.299, 'w8': 0.773, 'max_depth': 7, 'min_child_weight': 2, 'subsample': 0.8, 'colsample_bytree': 0.8, 'gamma': 2.2}. Best is trial 848 with value: 0.6005661897687894.
[I 2023-10-12 15:01:48,877] Trial 881 finished with value: 0.5869033471390139 and parameters: {'w0': 0.297, 'w1': 0.886, 'w2': 0.291, 'w3': 0.79, 'w4': 0.705, 'w5': 0.302, 'w6': 0.981, 'w7': 0.201, 'w8': 0.774, 'max_depth': 7, 'min_child_weight': 2, 'subsample': 0.8, 'colsample_bytree': 0.8, 'gamma': 2.2}. Best is trial 848 with value: 0.6005661897687894.
[I 2023-10-12 15:03:01,829] Trial 883 finished with value: 0.5661033666531423 and parameters: {'w0': 0.251, 'w1': 0.889, 'w2': 0.17400000000000002, 'w3': 0.787, 'w4': 0.708, 'w5': 0.297, 'w6': 0.981, 'w7': 0.297, 'w8': 0.768, 'max_depth': 9, 'min_child_weight': 2, 'subsample': 0.8, 'colsample_bytree': 0.7, 'gamma': 2.2}. Best is trial 848 with value: 0.6005661897687894.
[I 2023-10-12 15:03:04,041] Trial 882 finished with value: 0.5910939840058478 and parameters: {'w0': 0.297, 'w1': 0.893, 'w2': 0.29, 'w3': 0.846, 'w4': 0.671, 'w5': 0.275, 'w6': 0.963, 'w7': 0.301, 'w8': 0.771, 'max_depth': 9, 'min_child_weight': 2, 'subsample': 0.8, 'colsample_bytree': 0.7, 'gamma': 2.2}. Best is trial 848 with value: 0.6005661897687894.
[I 2023-10-12 15:03:12,357] Trial 884 finished with value: 0.573287709997496 and parameters: {'w0': 0.262, 'w1': 0.887, 'w2': 0.17600000000000002, 'w3': 0.787, 'w4': 0.766, 'w5': 0.2, 'w6': 0.98, 'w7': 0.299, 'w8': 0.769, 'max_depth': 10, 'min_child_weight': 2, 'subsample': 0.8, 'colsample_bytree': 0.8, 'gamma': 2.2}. Best is trial 848 with value: 0.6005661897687894.
[I 2023-10-12 15:05:27,352] Trial 885 finished with value: 0.593741040909154 and parameters: {'w0': 0.326, 'w1': 0.882, 'w2': 0.307, 'w3': 0.787, 'w4': 0.6890000000000001, 'w5': 0.214, 'w6': 0.98, 'w7': 0.297, 'w8': 0.767, 'max_depth': 10, 'min_child_weight': 2, 'subsample': 0.8, 'colsample_bytree': 0.7, 'gamma': 2.0}. Best is trial 848 with value: 0.6005661897687894.
[I 2023-10-12 15:07:57,581] Trial 886 finished with value: 0.5941438470533522 and parameters: {'w0': 0.314, 'w1': 0.882, 'w2': 0.295, 'w3': 0.787, 'w4': 0.767, 'w5': 0.203, 'w6': 0.981, 'w7': 0.305, 'w8': 0.774, 'max_depth': 7, 'min_child_weight': 2, 'subsample': 0.8, 'colsample_bytree': 0.7, 'gamma': 1.8}. Best is trial 848 with value: 0.6005661897687894.
[I 2023-10-12 15:08:27,894] Trial 887 finished with value: 0.5989288590107843 and parameters: {'w0': 0.335, 'w1': 0.883, 'w2': 0.314, 'w3': 0.792, 'w4': 0.766, 'w5': 0.20800000000000002, 'w6': 0.981, 'w7': 0.304, 'w8': 0.771, 'max_depth': 10, 'min_child_weight': 2, 'subsample': 0.8, 'colsample_bytree': 0.8, 'gamma': 2.0}. Best is trial 848 with value: 0.6005661897687894.
[I 2023-10-12 15:09:37,557] Trial 888 finished with value: 0.572308985298077 and parameters: {'w0': 0.254, 'w1': 0.889, 'w2': 0.307, 'w3': 0.788, 'w4': 0.767, 'w5': 0.279, 'w6': 0.256, 'w7': 0.177, 'w8': 0.763, 'max_depth': 10, 'min_child_weight': 2, 'subsample': 0.8, 'colsample_bytree': 0.7, 'gamma': 2.0}. Best is trial 848 with value: 0.6005661897687894.
[I 2023-10-12 15:10:29,504] Trial 889 finished with value: 0.5908215395406543 and parameters: {'w0': 0.337, 'w1': 0.876, 'w2': 0.227, 'w3': 0.787, 'w4': 0.687, 'w5': 0.313, 'w6': 0.981, 'w7': 0.183, 'w8': 0.765, 'max_depth': 9, 'min_child_weight': 2, 'subsample': 0.8, 'colsample_bytree': 0.7, 'gamma': 2.0}. Best is trial 848 with value: 0.6005661897687894.
[I 2023-10-12 15:11:27,285] Trial 890 finished with value: 0.5762325072512626 and parameters: {'w0': 0.327, 'w1': 0.88, 'w2': 0.147, 'w3': 0.804, 'w4': 0.6900000000000001, 'w5': 0.264, 'w6': 0.983, 'w7': 0.194, 'w8': 0.807, 'max_depth': 10, 'min_child_weight': 2, 'subsample': 0.8, 'colsample_bytree': 0.8, 'gamma': 2.0}. Best is trial 848 with value: 0.6005661897687894.
[I 2023-10-12 15:11:37,467] Trial 891 finished with value: 0.5787617689861125 and parameters: {'w0': 0.273, 'w1': 0.88, 'w2': 0.223, 'w3': 0.791, 'w4': 0.681, 'w5': 0.276, 'w6': 0.98, 'w7': 0.109, 'w8': 0.764, 'max_depth': 10, 'min_child_weight': 2, 'subsample': 0.8, 'colsample_bytree': 0.8, 'gamma': 1.8}. Best is trial 848 with value: 0.6005661897687894.
[I 2023-10-12 15:11:45,938] Trial 892 finished with value: 0.5955684462297416 and parameters: {'w0': 0.272, 'w1': 0.882, 'w2': 0.182, 'w3': 0.786, 'w4': 0.683, 'w5': 0.315, 'w6': 0.988, 'w7': 0.194, 'w8': 0.808, 'max_depth': 10, 'min_child_weight': 2, 'subsample': 0.8, 'colsample_bytree': 0.8, 'gamma': 2.0}. Best is trial 848 with value: 0.6005661897687894.
[I 2023-10-12 15:12:31,932] Trial 893 finished with value: 0.5876558302463368 and parameters: {'w0': 0.247, 'w1': 0.883, 'w2': 0.309, 'w3': 0.792, 'w4': 0.775, 'w5': 0.228, 'w6': 0.977, 'w7': 0.243, 'w8': 0.809, 'max_depth': 10, 'min_child_weight': 2, 'subsample': 0.8, 'colsample_bytree': 0.8, 'gamma': 2.0}. Best is trial 848 with value: 0.6005661897687894.
[I 2023-10-12 15:12:49,322] Trial 894 finished with value: 0.5828389606856614 and parameters: {'w0': 0.24000000000000002, 'w1': 0.881, 'w2': 0.31, 'w3': 0.8150000000000001, 'w4': 0.786, 'w5': 0.268, 'w6': 0.984, 'w7': 0.18, 'w8': 0.807, 'max_depth': 7, 'min_child_weight': 2, 'subsample': 0.8, 'colsample_bytree': 0.8, 'gamma': 1.8}. Best is trial 848 with value: 0.6005661897687894.
[I 2023-10-12 15:14:04,733] Trial 895 finished with value: 0.589127588939898 and parameters: {'w0': 0.332, 'w1': 0.875, 'w2': 0.184, 'w3': 0.811, 'w4': 0.783, 'w5': 0.23500000000000001, 'w6': 0.983, 'w7': 0.146, 'w8': 0.756, 'max_depth': 10, 'min_child_weight': 2, 'subsample': 0.8, 'colsample_bytree': 0.8, 'gamma': 1.8}. Best is trial 848 with value: 0.6005661897687894.
[I 2023-10-12 15:14:05,817] Trial 896 finished with value: 0.5876768138671609 and parameters: {'w0': 0.258, 'w1': 0.912, 'w2': 0.24000000000000002, 'w3': 0.809, 'w4': 0.772, 'w5': 0.228, 'w6': 0.985, 'w7': 0.158, 'w8': 0.8180000000000001, 'max_depth': 10, 'min_child_weight': 2, 'subsample': 0.8, 'colsample_bytree': 0.8, 'gamma': 1.8}. Best is trial 848 with value: 0.6005661897687894.
[I 2023-10-12 15:15:02,602] Trial 897 finished with value: 0.5888906449064069 and parameters: {'w0': 0.33, 'w1': 0.913, 'w2': 0.315, 'w3': 0.81, 'w4': 0.777, 'w5': 0.229, 'w6': 0.989, 'w7': 0.189, 'w8': 0.811, 'max_depth': 10, 'min_child_weight': 2, 'subsample': 0.8, 'colsample_bytree': 0.8, 'gamma': 1.8}. Best is trial 848 with value: 0.6005661897687894.
[I 2023-10-12 15:16:06,886] Trial 900 finished with value: 0.5999124121537841 and parameters: {'w0': 0.266, 'w1': 0.911, 'w2': 0.17, 'w3': 0.8200000000000001, 'w4': 0.774, 'w5': 0.22, 'w6': 0.983, 'w7': 0.182, 'w8': 0.8170000000000001, 'max_depth': 10, 'min_child_weight': 2, 'subsample': 0.8, 'colsample_bytree': 0.8, 'gamma': 1.8}. Best is trial 848 with value: 0.6005661897687894.
[I 2023-10-12 15:16:12,619] Trial 898 finished with value: 0.5973994981788928 and parameters: {'w0': 0.343, 'w1': 0.912, 'w2': 0.17600000000000002, 'w3': 0.803, 'w4': 0.789, 'w5': 0.266, 'w6': 0.984, 'w7': 0.181, 'w8': 0.809, 'max_depth': 10, 'min_child_weight': 2, 'subsample': 0.8, 'colsample_bytree': 0.8, 'gamma': 1.8}. Best is trial 848 with value: 0.6005661897687894.
[I 2023-10-12 15:16:24,784] Trial 899 finished with value: 0.5869670790118671 and parameters: {'w0': 0.356, 'w1': 0.913, 'w2': 0.314, 'w3': 0.807, 'w4': 0.775, 'w5': 0.191, 'w6': 0.979, 'w7': 0.191, 'w8': 0.807, 'max_depth': 10, 'min_child_weight': 2, 'subsample': 0.8, 'colsample_bytree': 0.8, 'gamma': 1.8}. Best is trial 848 with value: 0.6005661897687894.
[I 2023-10-12 15:18:53,360] Trial 901 finished with value: 0.5942195313690286 and parameters: {'w0': 0.335, 'w1': 0.912, 'w2': 0.229, 'w3': 0.809, 'w4': 0.773, 'w5': 0.233, 'w6': 1.0, 'w7': 0.19, 'w8': 0.809, 'max_depth': 9, 'min_child_weight': 2, 'subsample': 0.8, 'colsample_bytree': 0.8, 'gamma': 1.8}. Best is trial 848 with value: 0.6005661897687894.
[I 2023-10-12 15:21:11,729] Trial 902 finished with value: 0.5951497627079414 and parameters: {'w0': 0.264, 'w1': 0.847, 'w2': 0.23600000000000002, 'w3': 0.8130000000000001, 'w4': 0.789, 'w5': 0.233, 'w6': 1.0, 'w7': 0.184, 'w8': 0.8150000000000001, 'max_depth': 9, 'min_child_weight': 2, 'subsample': 0.8, 'colsample_bytree': 0.8, 'gamma': 1.8}. Best is trial 848 with value: 0.6005661897687894.
[I 2023-10-12 15:22:07,481] Trial 903 finished with value: 0.5853198950705584 and parameters: {'w0': 0.34700000000000003, 'w1': 0.914, 'w2': 0.23600000000000002, 'w3': 0.811, 'w4': 0.789, 'w5': 0.233, 'w6': 0.983, 'w7': 0.159, 'w8': 0.747, 'max_depth': 10, 'min_child_weight': 2, 'subsample': 0.8, 'colsample_bytree': 0.8, 'gamma': 1.8}. Best is trial 848 with value: 0.6005661897687894.
[I 2023-10-12 15:23:15,824] Trial 904 finished with value: 0.5819541674842825 and parameters: {'w0': 0.354, 'w1': 0.913, 'w2': 0.221, 'w3': 0.807, 'w4': 0.783, 'w5': 0.23500000000000001, 'w6': 0.984, 'w7': 0.124, 'w8': 0.811, 'max_depth': 10, 'min_child_weight': 2, 'subsample': 0.8, 'colsample_bytree': 0.8, 'gamma': 1.8}. Best is trial 848 with value: 0.6005661897687894.
[I 2023-10-12 15:23:42,471] Trial 905 finished with value: 0.5719498861199475 and parameters: {'w0': 0.359, 'w1': 0.911, 'w2': 0.264, 'w3': 0.8140000000000001, 'w4': 0.784, 'w5': 0.232, 'w6': 0.191, 'w7': 0.159, 'w8': 0.81, 'max_depth': 10, 'min_child_weight': 2, 'subsample': 0.8, 'colsample_bytree': 0.8, 'gamma': 1.8}. Best is trial 848 with value: 0.6005661897687894.
[I 2023-10-12 15:24:51,569] Trial 908 finished with value: 0.5754981162172104 and parameters: {'w0': 0.357, 'w1': 0.914, 'w2': 0.229, 'w3': 0.8160000000000001, 'w4': 0.791, 'w5': 0.22, 'w6': 0.185, 'w7': 0.154, 'w8': 0.6930000000000001, 'max_depth': 10, 'min_child_weight': 2, 'subsample': 0.8, 'colsample_bytree': 0.8, 'gamma': 1.8}. Best is trial 848 with value: 0.6005661897687894.
[I 2023-10-12 15:25:20,026] Trial 907 finished with value: 0.5944915493887166 and parameters: {'w0': 0.364, 'w1': 0.913, 'w2': 0.229, 'w3': 0.774, 'w4': 0.79, 'w5': 0.227, 'w6': 0.984, 'w7': 0.23600000000000002, 'w8': 0.81, 'max_depth': 9, 'min_child_weight': 2, 'subsample': 0.8, 'colsample_bytree': 0.8, 'gamma': 1.8}. Best is trial 848 with value: 0.6005661897687894.
[I 2023-10-12 15:25:33,690] Trial 906 finished with value: 0.5939372741925679 and parameters: {'w0': 0.34800000000000003, 'w1': 0.911, 'w2': 0.225, 'w3': 0.8140000000000001, 'w4': 0.783, 'w5': 0.23700000000000002, 'w6': 1.0, 'w7': 0.242, 'w8': 0.8150000000000001, 'max_depth': 10, 'min_child_weight': 2, 'subsample': 0.8, 'colsample_bytree': 0.8, 'gamma': 1.8}. Best is trial 848 with value: 0.6005661897687894.
[I 2023-10-12 15:26:29,507] Trial 909 finished with value: 0.5913515316015009 and parameters: {'w0': 0.366, 'w1': 0.916, 'w2': 0.244, 'w3': 0.808, 'w4': 0.78, 'w5': 0.196, 'w6': 0.981, 'w7': 0.261, 'w8': 0.744, 'max_depth': 10, 'min_child_weight': 2, 'subsample': 0.8, 'colsample_bytree': 0.8, 'gamma': 1.8}. Best is trial 848 with value: 0.6005661897687894.
[I 2023-10-12 15:26:41,957] Trial 910 finished with value: 0.5964182315241122 and parameters: {'w0': 0.36, 'w1': 0.91, 'w2': 0.234, 'w3': 0.805, 'w4': 0.79, 'w5': 0.217, 'w6': 0.9520000000000001, 'w7': 0.23600000000000002, 'w8': 0.602, 'max_depth': 10, 'min_child_weight': 2, 'subsample': 0.8, 'colsample_bytree': 0.8, 'gamma': 1.8}. Best is trial 848 with value: 0.6005661897687894.
[I 2023-10-12 15:27:59,201] Trial 912 finished with value: 0.5963449857823188 and parameters: {'w0': 0.363, 'w1': 0.849, 'w2': 0.26, 'w3': 0.804, 'w4': 0.796, 'w5': 0.23, 'w6': 1.0, 'w7': 0.241, 'w8': 0.614, 'max_depth': 10, 'min_child_weight': 2, 'subsample': 0.8, 'colsample_bytree': 0.8, 'gamma': 1.8}. Best is trial 848 with value: 0.6005661897687894.
[I 2023-10-12 15:28:13,803] Trial 911 finished with value: 0.5960973129313422 and parameters: {'w0': 0.366, 'w1': 0.917, 'w2': 0.261, 'w3': 0.808, 'w4': 0.791, 'w5': 0.234, 'w6': 1.0, 'w7': 0.23600000000000002, 'w8': 0.812, 'max_depth': 10, 'min_child_weight': 2, 'subsample': 0.8, 'colsample_bytree': 0.8, 'gamma': 1.8}. Best is trial 848 with value: 0.6005661897687894.
[I 2023-10-12 15:28:39,131] Trial 915 finished with value: 0.5894765882524929 and parameters: {'w0': 0.229, 'w1': 0.28600000000000003, 'w2': 0.136, 'w3': 0.8190000000000001, 'w4': 0.748, 'w5': 0.25, 'w6': 0.999, 'w7': 0.135, 'w8': 0.8140000000000001, 'max_depth': 10, 'min_child_weight': 2, 'subsample': 0.8, 'colsample_bytree': 0.8, 'gamma': 1.8}. Best is trial 848 with value: 0.6005661897687894.
[I 2023-10-12 15:28:47,869] Trial 913 finished with value: 0.594757241756646 and parameters: {'w0': 0.362, 'w1': 0.846, 'w2': 0.262, 'w3': 0.8150000000000001, 'w4': 0.8, 'w5': 0.232, 'w6': 0.999, 'w7': 0.225, 'w8': 0.741, 'max_depth': 9, 'min_child_weight': 2, 'subsample': 0.8, 'colsample_bytree': 0.8, 'gamma': 1.8}. Best is trial 848 with value: 0.6005661897687894.
[I 2023-10-12 15:29:27,774] Trial 914 finished with value: 0.5879761993040653 and parameters: {'w0': 0.34, 'w1': 0.842, 'w2': 0.166, 'w3': 0.8160000000000001, 'w4': 0.801, 'w5': 0.219, 'w6': 1.0, 'w7': 0.20500000000000002, 'w8': 0.7010000000000001, 'max_depth': 9, 'min_child_weight': 2, 'subsample': 0.8, 'colsample_bytree': 0.8, 'gamma': 1.8}. Best is trial 848 with value: 0.6005661897687894.
[I 2023-10-12 15:29:55,679] Trial 916 finished with value: 0.5965455183868346 and parameters: {'w0': 0.341, 'w1': 0.911, 'w2': 0.157, 'w3': 0.8220000000000001, 'w4': 0.795, 'w5': 0.251, 'w6': 0.9540000000000001, 'w7': 0.14200000000000002, 'w8': 0.8150000000000001, 'max_depth': 10, 'min_child_weight': 2, 'subsample': 0.8, 'colsample_bytree': 0.8, 'gamma': 1.8}. Best is trial 848 with value: 0.6005661897687894.
[I 2023-10-12 15:32:30,787] Trial 917 finished with value: 0.5913539864040154 and parameters: {'w0': 0.20600000000000002, 'w1': 0.916, 'w2': 0.171, 'w3': 0.8250000000000001, 'w4': 0.788, 'w5': 0.248, 'w6': 0.9510000000000001, 'w7': 0.195, 'w8': 0.8170000000000001, 'max_depth': 10, 'min_child_weight': 2, 'subsample': 0.8, 'colsample_bytree': 0.8, 'gamma': 1.6}. Best is trial 848 with value: 0.6005661897687894.
[I 2023-10-12 15:34:19,454] Trial 918 finished with value: 0.59264021948173 and parameters: {'w0': 0.223, 'w1': 0.915, 'w2': 0.149, 'w3': 0.8270000000000001, 'w4': 0.741, 'w5': 0.258, 'w6': 0.9520000000000001, 'w7': 0.168, 'w8': 0.812, 'max_depth': 10, 'min_child_weight': 2, 'subsample': 0.8, 'colsample_bytree': 0.8, 'gamma': 1.6}. Best is trial 848 with value: 0.6005661897687894.
[I 2023-10-12 15:36:13,580] Trial 919 finished with value: 0.5720084027235617 and parameters: {'w0': 0.228, 'w1': 0.28200000000000003, 'w2': 0.152, 'w3': 0.834, 'w4': 0.747, 'w5': 0.259, 'w6': 0.9520000000000001, 'w7': 0.23600000000000002, 'w8': 0.6, 'max_depth': 10, 'min_child_weight': 2, 'subsample': 0.8, 'colsample_bytree': 0.8, 'gamma': 1.2000000000000002}. Best is trial 848 with value: 0.6005661897687894.
[I 2023-10-12 15:37:39,422] Trial 920 finished with value: 0.596317835935101 and parameters: {'w0': 0.217, 'w1': 0.912, 'w2': 0.161, 'w3': 0.8330000000000001, 'w4': 0.744, 'w5': 0.262, 'w6': 0.9550000000000001, 'w7': 0.156, 'w8': 0.793, 'max_depth': 10, 'min_child_weight': 2, 'subsample': 0.8, 'colsample_bytree': 0.8, 'gamma': 1.2000000000000002}. Best is trial 848 with value: 0.6005661897687894.
[I 2023-10-12 15:38:20,021] Trial 922 finished with value: 0.594587655379659 and parameters: {'w0': 0.366, 'w1': 0.911, 'w2': 0.164, 'w3': 0.8310000000000001, 'w4': 0.804, 'w5': 0.262, 'w6': 0.9520000000000001, 'w7': 0.171, 'w8': 0.793, 'max_depth': 10, 'min_child_weight': 2, 'subsample': 0.8, 'colsample_bytree': 0.8, 'gamma': 1.6}. Best is trial 848 with value: 0.6005661897687894.
[I 2023-10-12 15:38:30,570] Trial 921 finished with value: 0.5943104157521828 and parameters: {'w0': 0.332, 'w1': 0.919, 'w2': 0.14, 'w3': 0.8280000000000001, 'w4': 0.75, 'w5': 0.26, 'w6': 0.9540000000000001, 'w7': 0.14100000000000001, 'w8': 0.797, 'max_depth': 10, 'min_child_weight': 2, 'subsample': 0.8, 'colsample_bytree': 0.8, 'gamma': 1.2000000000000002}. Best is trial 848 with value: 0.6005661897687894.
[I 2023-10-12 15:38:44,240] Trial 923 finished with value: 0.5670303523586606 and parameters: {'w0': 0.335, 'w1': 0.906, 'w2': 0.101, 'w3': 0.8270000000000001, 'w4': 0.805, 'w5': 0.249, 'w6': 0.9490000000000001, 'w7': 0.164, 'w8': 0.793, 'max_depth': 10, 'min_child_weight': 2, 'subsample': 0.8, 'colsample_bytree': 0.8, 'gamma': 1.6}. Best is trial 848 with value: 0.6005661897687894.
[I 2023-10-12 15:38:50,322] Trial 924 finished with value: 0.5833860976691627 and parameters: {'w0': 0.368, 'w1': 0.91, 'w2': 0.20700000000000002, 'w3': 0.844, 'w4': 0.753, 'w5': 0.26, 'w6': 0.9520000000000001, 'w7': 0.132, 'w8': 0.791, 'max_depth': 10, 'min_child_weight': 2, 'subsample': 0.8, 'colsample_bytree': 0.8, 'gamma': 1.6}. Best is trial 848 with value: 0.6005661897687894.
[I 2023-10-12 15:40:14,478] Trial 925 finished with value: 0.5944214902041031 and parameters: {'w0': 0.33, 'w1': 0.911, 'w2': 0.146, 'w3': 0.8250000000000001, 'w4': 0.761, 'w5': 0.251, 'w6': 0.9530000000000001, 'w7': 0.163, 'w8': 0.792, 'max_depth': 10, 'min_child_weight': 2, 'subsample': 0.8, 'colsample_bytree': 0.8, 'gamma': 1.4000000000000001}. Best is trial 848 with value: 0.6005661897687894.
[I 2023-10-12 15:40:54,315] Trial 926 finished with value: 0.5776553769617236 and parameters: {'w0': 0.219, 'w1': 0.848, 'w2': 0.128, 'w3': 0.852, 'w4': 0.74, 'w5': 0.256, 'w6': 1.0, 'w7': 0.198, 'w8': 0.788, 'max_depth': 10, 'min_child_weight': 2, 'subsample': 0.8, 'colsample_bytree': 0.8, 'gamma': 1.2000000000000002}. Best is trial 848 with value: 0.6005661897687894.
[I 2023-10-12 15:41:27,464] Trial 928 finished with value: 0.5948437890362684 and parameters: {'w0': 0.313, 'w1': 0.856, 'w2': 0.154, 'w3': 0.763, 'w4': 0.742, 'w5': 0.251, 'w6': 0.9530000000000001, 'w7': 0.17, 'w8': 0.798, 'max_depth': 10, 'min_child_weight': 2, 'subsample': 0.8, 'colsample_bytree': 0.8, 'gamma': 1.6}. Best is trial 848 with value: 0.6005661897687894.
[I 2023-10-12 15:42:01,592] Trial 932 finished with value: 0.5700401879019849 and parameters: {'w0': 0.28700000000000003, 'w1': 0.901, 'w2': 0.13, 'w3': 0.852, 'w4': 0.763, 'w5': 0.254, 'w6': 0.9530000000000001, 'w7': 0.21, 'w8': 0.784, 'max_depth': 10, 'min_child_weight': 2, 'subsample': 0.8, 'colsample_bytree': 0.8, 'gamma': 2.0}. Best is trial 848 with value: 0.6005661897687894.
[I 2023-10-12 15:42:19,951] Trial 927 finished with value: 0.5961774486245319 and parameters: {'w0': 0.326, 'w1': 0.908, 'w2': 0.138, 'w3': 0.853, 'w4': 0.752, 'w5': 0.263, 'w6': 0.9540000000000001, 'w7': 0.126, 'w8': 0.788, 'max_depth': 10, 'min_child_weight': 2, 'subsample': 0.8, 'colsample_bytree': 0.8, 'gamma': 1.2000000000000002}. Best is trial 848 with value: 0.6005661897687894.
[I 2023-10-12 15:42:20,750] Trial 929 finished with value: 0.5934437372319321 and parameters: {'w0': 0.333, 'w1': 0.905, 'w2': 0.159, 'w3': 0.8270000000000001, 'w4': 0.743, 'w5': 0.247, 'w6': 0.9530000000000001, 'w7': 0.151, 'w8': 0.802, 'max_depth': 10, 'min_child_weight': 2, 'subsample': 0.8, 'colsample_bytree': 0.8, 'gamma': 1.4000000000000001}. Best is trial 848 with value: 0.6005661897687894.
[I 2023-10-12 15:42:23,365] Trial 933 finished with value: 0.5406062608883271 and parameters: {'w0': 0.8140000000000001, 'w1': 0.902, 'w2': 0.136, 'w3': 0.862, 'w4': 0.743, 'w5': 0.263, 'w6': 0.9550000000000001, 'w7': 0.268, 'w8': 0.791, 'max_depth': 10, 'min_child_weight': 2, 'subsample': 0.8, 'colsample_bytree': 0.8, 'gamma': 6.2}. Best is trial 848 with value: 0.6005661897687894.
[I 2023-10-12 15:43:20,688] Trial 930 finished with value: 0.5943384076938178 and parameters: {'w0': 0.33, 'w1': 0.917, 'w2': 0.165, 'w3': 0.836, 'w4': 0.739, 'w5': 0.258, 'w6': 0.9550000000000001, 'w7': 0.14100000000000001, 'w8': 0.795, 'max_depth': 10, 'min_child_weight': 2, 'subsample': 0.8, 'colsample_bytree': 0.8, 'gamma': 1.2000000000000002}. Best is trial 848 with value: 0.6005661897687894.
[I 2023-10-12 15:43:59,885] Trial 931 finished with value: 0.5903438492697515 and parameters: {'w0': 0.325, 'w1': 0.906, 'w2': 0.131, 'w3': 0.847, 'w4': 0.744, 'w5': 0.265, 'w6': 0.9550000000000001, 'w7': 0.158, 'w8': 0.8, 'max_depth': 10, 'min_child_weight': 2, 'subsample': 0.8, 'colsample_bytree': 0.8, 'gamma': 1.2000000000000002}. Best is trial 848 with value: 0.6005661897687894.
[I 2023-10-12 15:48:15,649] Trial 934 finished with value: 0.5956826376227821 and parameters: {'w0': 0.325, 'w1': 0.864, 'w2': 0.127, 'w3': 0.861, 'w4': 0.755, 'w5': 0.20400000000000001, 'w6': 0.9550000000000001, 'w7': 0.131, 'w8': 0.783, 'max_depth': 10, 'min_child_weight': 2, 'subsample': 0.8, 'colsample_bytree': 0.8, 'gamma': 1.2000000000000002}. Best is trial 848 with value: 0.6005661897687894.
