[I 2023-10-10 12:41:45,772] Trial 55 finished with value: 0.5652483817615245 and parameters: {'w0': 0.134, 'w1': 0.186, 'w2': 0.48000000000000004, 'w3': 0.903, 'w4': 0.652, 'w5': 0.335, 'w6': 0.406, 'w7': 0.149, 'w8': 0.736, 'max_depth': 9, 'min_child_weight': 4, 'subsample': 1.0, 'colsample_bytree': 0.7, 'gamma': 2.2}. Best is trial 43 with value: 0.5999968932970393.
[I 2023-10-10 12:42:11,641] Trial 52 finished with value: 0.5583940907481733 and parameters: {'w0': 0.17, 'w1': 0.178, 'w2': 0.426, 'w3': 0.996, 'w4': 0.128, 'w5': 0.353, 'w6': 0.341, 'w7': 0.304, 'w8': 0.519, 'max_depth': 9, 'min_child_weight': 0, 'subsample': 0.7, 'colsample_bytree': 0.7, 'gamma': 2.4000000000000004}. Best is trial 43 with value: 0.5999968932970393.
[I 2023-10-10 12:42:14,725] Trial 50 finished with value: 0.5847185912100665 and parameters: {'w0': 0.163, 'w1': 0.195, 'w2': 0.419, 'w3': 1.0, 'w4': 0.642, 'w5': 0.336, 'w6': 0.37, 'w7': 0.334, 'w8': 0.742, 'max_depth': 9, 'min_child_weight': 4, 'subsample': 0.7, 'colsample_bytree': 0.7, 'gamma': 2.0}. Best is trial 43 with value: 0.5999968932970393.
[I 2023-10-10 12:45:00,479] Trial 39 finished with value: 0.5954217327186879 and parameters: {'w0': 0.41100000000000003, 'w1': 0.187, 'w2': 0.368, 'w3': 0.996, 'w4': 0.589, 'w5': 0.6930000000000001, 'w6': 0.374, 'w7': 0.312, 'w8': 0.862, 'max_depth': 8, 'min_child_weight': 8, 'subsample': 0.7, 'colsample_bytree': 0.8, 'gamma': 0.0}. Best is trial 43 with value: 0.5999968932970393.
[I 2023-10-10 12:47:41,622] Trial 56 finished with value: 0.5738761592802983 and parameters: {'w0': 0.137, 'w1': 0.19, 'w2': 0.462, 'w3': 0.92, 'w4': 0.645, 'w5': 0.343, 'w6': 0.358, 'w7': 0.179, 'w8': 0.728, 'max_depth': 9, 'min_child_weight': 6, 'subsample': 0.7, 'colsample_bytree': 0.7, 'gamma': 2.2}. Best is trial 43 with value: 0.5999968932970393.
[I 2023-10-10 12:52:25,772] Trial 60 finished with value: 0.5810414174376464 and parameters: {'w0': 0.117, 'w1': 0.649, 'w2': 0.294, 'w3': 0.926, 'w4': 0.8190000000000001, 'w5': 0.886, 'w6': 0.429, 'w7': 0.363, 'w8': 0.5770000000000001, 'max_depth': 9, 'min_child_weight': 4, 'subsample': 0.6000000000000001, 'colsample_bytree': 0.6000000000000001, 'gamma': 3.2}. Best is trial 43 with value: 0.5999968932970393.
[I 2023-10-10 12:53:22,075] Trial 61 finished with value: 0.5736917148582951 and parameters: {'w0': 0.117, 'w1': 0.559, 'w2': 0.268, 'w3': 0.921, 'w4': 0.64, 'w5': 0.881, 'w6': 0.404, 'w7': 0.364, 'w8': 0.586, 'max_depth': 9, 'min_child_weight': 4, 'subsample': 0.5, 'colsample_bytree': 0.6000000000000001, 'gamma': 3.0}. Best is trial 43 with value: 0.5999968932970393.
[I 2023-10-10 12:53:33,876] Trial 62 finished with value: 0.5639287007122396 and parameters: {'w0': 0.10500000000000001, 'w1': 0.667, 'w2': 0.293, 'w3': 0.918, 'w4': 0.654, 'w5': 0.918, 'w6': 0.419, 'w7': 0.41500000000000004, 'w8': 0.579, 'max_depth': 9, 'min_child_weight': 4, 'subsample': 0.5, 'colsample_bytree': 0.5, 'gamma': 3.2}. Best is trial 43 with value: 0.5999968932970393.
[I 2023-10-10 12:54:10,548] Trial 57 finished with value: 0.5762711966119193 and parameters: {'w0': 0.17, 'w1': 0.17200000000000001, 'w2': 0.445, 'w3': 0.912, 'w4': 0.787, 'w5': 0.5690000000000001, 'w6': 0.39, 'w7': 0.359, 'w8': 0.562, 'max_depth': 9, 'min_child_weight': 4, 'subsample': 0.5, 'colsample_bytree': 0.7, 'gamma': 2.4000000000000004}. Best is trial 43 with value: 0.5999968932970393.
[I 2023-10-10 12:54:35,718] Trial 63 finished with value: 0.5988457000923847 and parameters: {'w0': 0.225, 'w1': 0.665, 'w2': 0.306, 'w3': 0.879, 'w4': 0.656, 'w5': 0.904, 'w6': 0.437, 'w7': 0.361, 'w8': 0.734, 'max_depth': 9, 'min_child_weight': 4, 'subsample': 0.5, 'colsample_bytree': 0.5, 'gamma': 3.2}. Best is trial 43 with value: 0.5999968932970393.
[I 2023-10-10 12:54:48,271] Trial 67 finished with value: 0.5944350631126245 and parameters: {'w0': 0.222, 'w1': 0.667, 'w2': 0.28500000000000003, 'w3': 0.907, 'w4': 0.862, 'w5': 0.901, 'w6': 0.432, 'w7': 0.367, 'w8': 0.64, 'max_depth': 10, 'min_child_weight': 4, 'subsample': 0.6000000000000001, 'colsample_bytree': 0.5, 'gamma': 3.2}. Best is trial 43 with value: 0.5999968932970393.
[I 2023-10-10 12:55:18,175] Trial 64 finished with value: 0.6012506047077433 and parameters: {'w0': 0.20700000000000002, 'w1': 0.666, 'w2': 0.297, 'w3': 0.921, 'w4': 0.659, 'w5': 0.933, 'w6': 0.444, 'w7': 0.35100000000000003, 'w8': 0.756, 'max_depth': 10, 'min_child_weight': 4, 'subsample': 0.5, 'colsample_bytree': 0.5, 'gamma': 3.0}. Best is trial 64 with value: 0.6012506047077433.
[I 2023-10-10 12:55:36,522] Trial 65 finished with value: 0.5871598751201688 and parameters: {'w0': 0.223, 'w1': 0.661, 'w2': 0.276, 'w3': 0.908, 'w4': 0.846, 'w5': 0.903, 'w6': 0.445, 'w7': 0.374, 'w8': 0.73, 'max_depth': 10, 'min_child_weight': 4, 'subsample': 0.4, 'colsample_bytree': 0.5, 'gamma': 3.2}. Best is trial 64 with value: 0.6012506047077433.
[I 2023-10-10 12:55:36,795] Trial 66 finished with value: 0.59922425190778 and parameters: {'w0': 0.225, 'w1': 0.648, 'w2': 0.297, 'w3': 0.897, 'w4': 0.64, 'w5': 0.9390000000000001, 'w6': 0.438, 'w7': 0.365, 'w8': 0.74, 'max_depth': 10, 'min_child_weight': 4, 'subsample': 0.5, 'colsample_bytree': 0.5, 'gamma': 3.0}. Best is trial 64 with value: 0.6012506047077433.
[I 2023-10-10 12:55:48,787] Trial 68 finished with value: 0.5947546356726329 and parameters: {'w0': 0.226, 'w1': 0.653, 'w2': 0.28200000000000003, 'w3': 0.922, 'w4': 0.988, 'w5': 0.845, 'w6': 0.44, 'w7': 0.364, 'w8': 0.632, 'max_depth': 10, 'min_child_weight': 6, 'subsample': 0.6000000000000001, 'colsample_bytree': 0.5, 'gamma': 3.0}. Best is trial 64 with value: 0.6012506047077433.
[I 2023-10-10 12:55:50,887] Trial 69 finished with value: 0.5660290019326064 and parameters: {'w0': 0.095, 'w1': 0.652, 'w2': 0.296, 'w3': 0.803, 'w4': 0.982, 'w5': 0.902, 'w6': 0.43, 'w7': 0.368, 'w8': 0.594, 'max_depth': 10, 'min_child_weight': 6, 'subsample': 0.5, 'colsample_bytree': 0.5, 'gamma': 3.2}. Best is trial 64 with value: 0.6012506047077433.
[I 2023-10-10 12:56:20,691] Trial 70 finished with value: 0.5849321989633391 and parameters: {'w0': 0.248, 'w1': 0.661, 'w2': 0.326, 'w3': 0.79, 'w4': 0.845, 'w5': 0.9400000000000001, 'w6': 0.20400000000000001, 'w7': 0.367, 'w8': 0.637, 'max_depth': 10, 'min_child_weight': 6, 'subsample': 0.5, 'colsample_bytree': 0.6000000000000001, 'gamma': 3.4000000000000004}. Best is trial 64 with value: 0.6012506047077433.
[I 2023-10-10 12:57:46,687] Trial 58 finished with value: 0.5965559634260765 and parameters: {'w0': 0.18, 'w1': 0.678, 'w2': 0.456, 'w3': 0.932, 'w4': 0.639, 'w5': 0.864, 'w6': 0.40800000000000003, 'w7': 0.34900000000000003, 'w8': 0.56, 'max_depth': 9, 'min_child_weight': 4, 'subsample': 0.4, 'colsample_bytree': 0.9000000000000001, 'gamma': 2.6}. Best is trial 64 with value: 0.6012506047077433.
[I 2023-10-10 12:58:44,791] Trial 59 finished with value: 0.594899669455405 and parameters: {'w0': 0.19, 'w1': 0.644, 'w2': 0.459, 'w3': 0.913, 'w4': 0.784, 'w5': 0.878, 'w6': 0.394, 'w7': 0.358, 'w8': 0.557, 'max_depth': 9, 'min_child_weight': 4, 'subsample': 0.4, 'colsample_bytree': 0.7, 'gamma': 2.4000000000000004}. Best is trial 64 with value: 0.6012506047077433.
[I 2023-10-10 12:59:11,947] Trial 71 finished with value: 0.5797585748581146 and parameters: {'w0': 0.255, 'w1': 0.678, 'w2': 0.293, 'w3': 0.795, 'w4': 0.851, 'w5': 0.973, 'w6': 0.189, 'w7': 0.375, 'w8': 0.637, 'max_depth': 8, 'min_child_weight': 6, 'subsample': 0.5, 'colsample_bytree': 0.5, 'gamma': 3.2}. Best is trial 64 with value: 0.6012506047077433.
[I 2023-10-10 13:01:14,800] Trial 72 finished with value: 0.5816013248986618 and parameters: {'w0': 0.251, 'w1': 0.663, 'w2': 0.294, 'w3': 0.785, 'w4': 0.852, 'w5': 0.978, 'w6': 0.165, 'w7': 0.36, 'w8': 0.628, 'max_depth': 8, 'min_child_weight': 6, 'subsample': 0.6000000000000001, 'colsample_bytree': 0.5, 'gamma': 3.2}. Best is trial 64 with value: 0.6012506047077433.
[I 2023-10-10 13:04:50,731] Trial 75 finished with value: 0.5570858861407909 and parameters: {'w0': 0.242, 'w1': 0.311, 'w2': 0.334, 'w3': 0.775, 'w4': 0.847, 'w5': 0.41700000000000004, 'w6': 0.196, 'w7': 0.23800000000000002, 'w8': 0.645, 'max_depth': 10, 'min_child_weight': 6, 'subsample': 0.6000000000000001, 'colsample_bytree': 0.6000000000000001, 'gamma': 5.2}. Best is trial 64 with value: 0.6012506047077433.
[I 2023-10-10 13:04:54,932] Trial 73 finished with value: 0.5522935210221923 and parameters: {'w0': 0.261, 'w1': 0.547, 'w2': 0.297, 'w3': 0.805, 'w4': 0.884, 'w5': 0.9410000000000001, 'w6': 0.178, 'w7': 0.451, 'w8': 0.662, 'max_depth': 10, 'min_child_weight': 6, 'subsample': 0.5, 'colsample_bytree': 0.5, 'gamma': 4.6000000000000005}. Best is trial 64 with value: 0.6012506047077433.
[I 2023-10-10 13:05:14,638] Trial 74 finished with value: 0.5608960150642857 and parameters: {'w0': 0.277, 'w1': 0.326, 'w2': 0.338, 'w3': 0.804, 'w4': 0.861, 'w5': 0.9530000000000001, 'w6': 0.2, 'w7': 0.23900000000000002, 'w8': 0.638, 'max_depth': 10, 'min_child_weight': 6, 'subsample': 0.6000000000000001, 'colsample_bytree': 0.5, 'gamma': 4.4}. Best is trial 64 with value: 0.6012506047077433.
[I 2023-10-10 13:06:32,406] Trial 77 finished with value: 0.5616885492801389 and parameters: {'w0': 0.243, 'w1': 0.329, 'w2': 0.332, 'w3': 0.8130000000000001, 'w4': 0.875, 'w5': 0.999, 'w6': 0.28, 'w7': 0.23900000000000002, 'w8': 0.651, 'max_depth': 10, 'min_child_weight': 6, 'subsample': 0.4, 'colsample_bytree': 0.5, 'gamma': 4.6000000000000005}. Best is trial 64 with value: 0.6012506047077433.
[I 2023-10-10 13:07:01,155] Trial 80 finished with value: 0.5653381831466386 and parameters: {'w0': 0.281, 'w1': 0.599, 'w2': 0.198, 'w3': 0.79, 'w4': 0.733, 'w5': 0.999, 'w6': 0.198, 'w7': 0.242, 'w8': 0.633, 'max_depth': 8, 'min_child_weight': 2, 'subsample': 0.4, 'colsample_bytree': 0.5, 'gamma': 5.2}. Best is trial 64 with value: 0.6012506047077433.
[I 2023-10-10 13:07:13,870] Trial 78 finished with value: 0.5616758331638996 and parameters: {'w0': 0.258, 'w1': 0.596, 'w2': 0.516, 'w3': 0.782, 'w4': 0.856, 'w5': 0.986, 'w6': 0.28900000000000003, 'w7': 0.246, 'w8': 0.64, 'max_depth': 10, 'min_child_weight': 6, 'subsample': 0.4, 'colsample_bytree': 0.5, 'gamma': 4.6000000000000005}. Best is trial 64 with value: 0.6012506047077433.
[I 2023-10-10 13:07:50,839] Trial 79 finished with value: 0.553249271325443 and parameters: {'w0': 0.257, 'w1': 0.627, 'w2': 0.34400000000000003, 'w3': 0.79, 'w4': 0.503, 'w5': 0.982, 'w6': 0.28800000000000003, 'w7': 0.464, 'w8': 0.663, 'max_depth': 10, 'min_child_weight': 6, 'subsample': 0.4, 'colsample_bytree': 0.5, 'gamma': 4.800000000000001}. Best is trial 64 with value: 0.6012506047077433.
[I 2023-10-10 13:08:13,394] Trial 81 finished with value: 0.5527832776638001 and parameters: {'w0': 0.266, 'w1': 0.538, 'w2': 0.17600000000000002, 'w3': 0.789, 'w4': 0.731, 'w5': 0.988, 'w6': 0.488, 'w7': 0.47600000000000003, 'w8': 0.673, 'max_depth': 10, 'min_child_weight': 6, 'subsample': 0.4, 'colsample_bytree': 0.5, 'gamma': 4.4}. Best is trial 64 with value: 0.6012506047077433.
[I 2023-10-10 13:08:21,261] Trial 83 finished with value: 0.5793604914512455 and parameters: {'w0': 0.296, 'w1': 0.597, 'w2': 0.193, 'w3': 0.771, 'w4': 0.71, 'w5': 0.982, 'w6': 0.484, 'w7': 0.247, 'w8': 0.646, 'max_depth': 10, 'min_child_weight': 2, 'subsample': 0.4, 'colsample_bytree': 0.5, 'gamma': 4.4}. Best is trial 64 with value: 0.6012506047077433.
[I 2023-10-10 13:09:10,256] Trial 82 finished with value: 0.5557567617394499 and parameters: {'w0': 0.296, 'w1': 0.543, 'w2': 0.19, 'w3': 0.795, 'w4': 0.724, 'w5': 0.993, 'w6': 0.489, 'w7': 0.481, 'w8': 0.652, 'max_depth': 10, 'min_child_weight': 6, 'subsample': 0.4, 'colsample_bytree': 0.5, 'gamma': 4.2}. Best is trial 64 with value: 0.6012506047077433.
[I 2023-10-10 13:09:51,394] Trial 84 finished with value: 0.5641661515963765 and parameters: {'w0': 0.315, 'w1': 0.61, 'w2': 0.198, 'w3': 0.867, 'w4': 0.711, 'w5': 0.99, 'w6': 0.47200000000000003, 'w7': 0.486, 'w8': 0.669, 'max_depth': 10, 'min_child_weight': 2, 'subsample': 0.4, 'colsample_bytree': 0.5, 'gamma': 4.2}. Best is trial 64 with value: 0.6012506047077433.
[I 2023-10-10 13:10:26,235] Trial 86 finished with value: 0.5820140411363968 and parameters: {'w0': 0.31, 'w1': 0.59, 'w2': 0.211, 'w3': 0.871, 'w4': 0.6940000000000001, 'w5': 0.98, 'w6': 0.467, 'w7': 0.245, 'w8': 0.785, 'max_depth': 8, 'min_child_weight': 2, 'subsample': 0.4, 'colsample_bytree': 0.4, 'gamma': 4.6000000000000005}. Best is trial 64 with value: 0.6012506047077433.
[I 2023-10-10 13:10:37,466] Trial 85 finished with value: 0.5550721349975954 and parameters: {'w0': 0.316, 'w1': 0.587, 'w2': 0.202, 'w3': 0.855, 'w4': 0.722, 'w5': 0.988, 'w6': 0.486, 'w7': 0.511, 'w8': 0.785, 'max_depth': 8, 'min_child_weight': 2, 'subsample': 0.4, 'colsample_bytree': 0.4, 'gamma': 4.4}. Best is trial 64 with value: 0.6012506047077433.
[I 2023-10-10 13:12:12,582] Trial 87 finished with value: 0.5593026307845803 and parameters: {'w0': 0.309, 'w1': 0.5690000000000001, 'w2': 0.186, 'w3': 0.872, 'w4': 0.731, 'w5': 0.849, 'w6': 0.485, 'w7': 0.47700000000000004, 'w8': 0.792, 'max_depth': 10, 'min_child_weight': 2, 'subsample': 0.4, 'colsample_bytree': 0.4, 'gamma': 4.2}. Best is trial 64 with value: 0.6012506047077433.
[I 2023-10-10 13:14:18,731] Trial 88 finished with value: 0.5599138990937356 and parameters: {'w0': 0.307, 'w1': 0.607, 'w2': 0.191, 'w3': 0.857, 'w4': 0.725, 'w5': 0.999, 'w6': 0.482, 'w7': 0.47100000000000003, 'w8': 0.6880000000000001, 'max_depth': 10, 'min_child_weight': 2, 'subsample': 0.4, 'colsample_bytree': 0.4, 'gamma': 4.2}. Best is trial 64 with value: 0.6012506047077433.
[I 2023-10-10 13:15:14,074] Trial 76 finished with value: 0.5924840897960759 and parameters: {'w0': 0.254, 'w1': 0.317, 'w2': 0.34900000000000003, 'w3': 0.795, 'w4': 0.867, 'w5': 0.402, 'w6': 0.189, 'w7': 0.234, 'w8': 0.463, 'max_depth': 10, 'min_child_weight': 6, 'subsample': 0.6000000000000001, 'colsample_bytree': 0.5, 'gamma': 1.2000000000000002}. Best is trial 64 with value: 0.6012506047077433.
[I 2023-10-10 13:17:42,696] Trial 89 finished with value: 0.5521715316739026 and parameters: {'w0': 0.308, 'w1': 0.614, 'w2': 0.20700000000000002, 'w3': 0.873, 'w4': 0.722, 'w5': 0.849, 'w6': 0.298, 'w7': 0.512, 'w8': 0.686, 'max_depth': 10, 'min_child_weight': 2, 'subsample': 0.4, 'colsample_bytree': 0.4, 'gamma': 4.2}. Best is trial 64 with value: 0.6012506047077433.
[I 2023-10-10 13:17:56,614] Trial 90 finished with value: 0.5554350098482135 and parameters: {'w0': 0.304, 'w1': 0.62, 'w2': 0.191, 'w3': 0.875, 'w4': 0.723, 'w5': 0.84, 'w6': 0.3, 'w7': 0.489, 'w8': 0.796, 'max_depth': 8, 'min_child_weight': 2, 'subsample': 0.4, 'colsample_bytree': 0.4, 'gamma': 4.0}. Best is trial 64 with value: 0.6012506047077433.
[I 2023-10-10 13:20:58,265] Trial 94 finished with value: 0.5633320471369991 and parameters: {'w0': 0.325, 'w1': 0.745, 'w2': 0.251, 'w3': 0.872, 'w4': 0.52, 'w5': 0.855, 'w6': 0.481, 'w7': 0.494, 'w8': 0.6930000000000001, 'max_depth': 8, 'min_child_weight': 2, 'subsample': 0.30000000000000004, 'colsample_bytree': 0.4, 'gamma': 4.0}. Best is trial 64 with value: 0.6012506047077433.
[I 2023-10-10 13:21:54,779] Trial 95 finished with value: 0.5667724604265179 and parameters: {'w0': 0.32, 'w1': 0.8230000000000001, 'w2': 0.229, 'w3': 0.859, 'w4': 0.716, 'w5': 0.845, 'w6': 0.48000000000000004, 'w7': 0.529, 'w8': 0.782, 'max_depth': 8, 'min_child_weight': 2, 'subsample': 0.30000000000000004, 'colsample_bytree': 0.4, 'gamma': 4.0}. Best is trial 64 with value: 0.6012506047077433.
[I 2023-10-10 13:22:20,797] Trial 96 finished with value: 0.561327288536878 and parameters: {'w0': 0.21, 'w1': 0.752, 'w2': 0.24000000000000002, 'w3': 0.872, 'w4': 0.9410000000000001, 'w5': 0.849, 'w6': 0.524, 'w7': 0.513, 'w8': 0.79, 'max_depth': 8, 'min_child_weight': 2, 'subsample': 0.30000000000000004, 'colsample_bytree': 0.4, 'gamma': 3.8000000000000003}. Best is trial 64 with value: 0.6012506047077433.
[I 2023-10-10 13:22:29,729] Trial 98 finished with value: 0.5660136742549816 and parameters: {'w0': 0.335, 'w1': 0.757, 'w2': 0.242, 'w3': 0.87, 'w4': 0.686, 'w5': 0.857, 'w6': 0.536, 'w7': 0.516, 'w8': 0.777, 'max_depth': 8, 'min_child_weight': 10, 'subsample': 0.6000000000000001, 'colsample_bytree': 0.4, 'gamma': 3.8000000000000003}. Best is trial 64 with value: 0.6012506047077433.
[I 2023-10-10 13:22:59,462] Trial 97 finished with value: 0.5604431213416947 and parameters: {'w0': 0.359, 'w1': 0.8210000000000001, 'w2': 0.23900000000000002, 'w3': 0.876, 'w4': 0.934, 'w5': 0.843, 'w6': 0.452, 'w7': 0.55, 'w8': 0.485, 'max_depth': 8, 'min_child_weight': 2, 'subsample': 0.30000000000000004, 'colsample_bytree': 0.4, 'gamma': 3.8000000000000003}. Best is trial 64 with value: 0.6012506047077433.
[I 2023-10-10 13:23:12,054] Trial 99 finished with value: 0.5654496912845511 and parameters: {'w0': 0.2, 'w1': 0.84, 'w2': 0.256, 'w3': 0.877, 'w4': 0.933, 'w5': 0.858, 'w6': 0.546, 'w7': 0.538, 'w8': 0.776, 'max_depth': 8, 'min_child_weight': 2, 'subsample': 0.6000000000000001, 'colsample_bytree': 0.4, 'gamma': 3.8000000000000003}. Best is trial 64 with value: 0.6012506047077433.
[I 2023-10-10 13:31:57,099] Trial 104 finished with value: 0.5718629154232927 and parameters: {'w0': 0.197, 'w1': 0.763, 'w2': 0.231, 'w3': 0.9450000000000001, 'w4': 0.923, 'w5': 0.791, 'w6': 0.519, 'w7': 0.41600000000000004, 'w8': 0.705, 'max_depth': 7, 'min_child_weight': 4, 'subsample': 0.30000000000000004, 'colsample_bytree': 0.3, 'gamma': 2.8000000000000003}. Best is trial 64 with value: 0.6012506047077433.
[I 2023-10-10 13:32:01,053] Trial 91 finished with value: 0.590500260307277 and parameters: {'w0': 0.332, 'w1': 0.615, 'w2': 0.214, 'w3': 0.876, 'w4': 0.739, 'w5': 0.849, 'w6': 0.48000000000000004, 'w7': 0.523, 'w8': 0.779, 'max_depth': 8, 'min_child_weight': 2, 'subsample': 0.4, 'colsample_bytree': 0.4, 'gamma': 1.2000000000000002}. Best is trial 64 with value: 0.6012506047077433.
[I 2023-10-10 13:33:29,202] Trial 92 finished with value: 0.5873950696697738 and parameters: {'w0': 0.326, 'w1': 0.594, 'w2': 0.197, 'w3': 0.859, 'w4': 0.724, 'w5': 0.855, 'w6': 0.49, 'w7': 0.47400000000000003, 'w8': 0.788, 'max_depth': 8, 'min_child_weight': 2, 'subsample': 0.4, 'colsample_bytree': 0.4, 'gamma': 1.2000000000000002}. Best is trial 64 with value: 0.6012506047077433.
[I 2023-10-10 13:33:52,791] Trial 100 finished with value: 0.5926632322124743 and parameters: {'w0': 0.197, 'w1': 0.8280000000000001, 'w2': 0.516, 'w3': 0.88, 'w4': 0.928, 'w5': 0.843, 'w6': 0.539, 'w7': 0.556, 'w8': 0.791, 'max_depth': 7, 'min_child_weight': 2, 'subsample': 0.6000000000000001, 'colsample_bytree': 0.4, 'gamma': 1.2000000000000002}. Best is trial 64 with value: 0.6012506047077433.
[I 2023-10-10 13:33:59,674] Trial 101 finished with value: 0.5807106455568575 and parameters: {'w0': 0.195, 'w1': 0.756, 'w2': 0.366, 'w3': 0.74, 'w4': 0.917, 'w5': 0.844, 'w6': 0.526, 'w7': 0.41600000000000004, 'w8': 0.47800000000000004, 'max_depth': 7, 'min_child_weight': 10, 'subsample': 0.30000000000000004, 'colsample_bytree': 0.3, 'gamma': 1.2000000000000002}. Best is trial 64 with value: 0.6012506047077433.
[I 2023-10-10 13:35:10,461] Trial 93 finished with value: 0.5848930854723317 and parameters: {'w0': 0.33, 'w1': 0.835, 'w2': 0.241, 'w3': 0.852, 'w4': 0.7020000000000001, 'w5': 0.844, 'w6': 0.47900000000000004, 'w7': 0.56, 'w8': 0.79, 'max_depth': 8, 'min_child_weight': 2, 'subsample': 0.30000000000000004, 'colsample_bytree': 0.4, 'gamma': 1.2000000000000002}. Best is trial 64 with value: 0.6012506047077433.
[I 2023-10-10 13:36:04,526] Trial 108 finished with value: 0.5864217005373895 and parameters: {'w0': 0.20400000000000001, 'w1': 0.766, 'w2': 0.508, 'w3': 0.9490000000000001, 'w4': 0.9420000000000001, 'w5': 0.804, 'w6': 0.525, 'w7': 0.41700000000000004, 'w8': 0.41000000000000003, 'max_depth': 7, 'min_child_weight': 8, 'subsample': 0.6000000000000001, 'colsample_bytree': 0.9000000000000001, 'gamma': 3.6}. Best is trial 64 with value: 0.6012506047077433.
[I 2023-10-10 13:36:09,532] Trial 105 finished with value: 0.5750203202689781 and parameters: {'w0': 0.197, 'w1': 0.752, 'w2': 0.24000000000000002, 'w3': 0.733, 'w4': 0.9390000000000001, 'w5': 0.791, 'w6': 0.543, 'w7': 0.41500000000000004, 'w8': 0.486, 'max_depth': 7, 'min_child_weight': 10, 'subsample': 0.30000000000000004, 'colsample_bytree': 0.8, 'gamma': 2.8000000000000003}. Best is trial 64 with value: 0.6012506047077433.
[I 2023-10-10 13:37:56,538] Trial 106 finished with value: 0.5779398344627605 and parameters: {'w0': 0.20600000000000002, 'w1': 0.753, 'w2': 0.25, 'w3': 0.9570000000000001, 'w4': 0.923, 'w5': 0.799, 'w6': 0.525, 'w7': 0.42, 'w8': 0.499, 'max_depth': 9, 'min_child_weight': 8, 'subsample': 0.30000000000000004, 'colsample_bytree': 0.9000000000000001, 'gamma': 2.8000000000000003}. Best is trial 64 with value: 0.6012506047077433.
[I 2023-10-10 13:38:33,806] Trial 109 finished with value: 0.5945681108757088 and parameters: {'w0': 0.369, 'w1': 0.6910000000000001, 'w2': 0.376, 'w3': 0.738, 'w4': 0.616, 'w5': 0.806, 'w6': 0.448, 'w7': 0.403, 'w8': 0.484, 'max_depth': 7, 'min_child_weight': 10, 'subsample': 0.6000000000000001, 'colsample_bytree': 0.9000000000000001, 'gamma': 2.8000000000000003}. Best is trial 64 with value: 0.6012506047077433.
[I 2023-10-10 13:39:10,469] Trial 102 finished with value: 0.5859742102966269 and parameters: {'w0': 0.37, 'w1': 0.8320000000000001, 'w2': 0.245, 'w3': 0.9480000000000001, 'w4': 0.9500000000000001, 'w5': 0.805, 'w6': 0.528, 'w7': 0.424, 'w8': 0.452, 'max_depth': 10, 'min_child_weight': 10, 'subsample': 0.30000000000000004, 'colsample_bytree': 0.3, 'gamma': 1.2000000000000002}. Best is trial 64 with value: 0.6012506047077433.
