[I 2023-10-10 14:59:19,795] Trial 163 finished with value: 0.5993517114031044 and parameters: {'w0': 0.49, 'w1': 0.876, 'w2': 0.59, 'w3': 0.35000000000000003, 'w4': 0.6910000000000001, 'w5': 0.648, 'w6': 0.891, 'w7': 0.265, 'w8': 0.937, 'max_depth': 6, 'min_child_weight': 14, 'subsample': 0.6000000000000001, 'colsample_bytree': 0.8, 'gamma': 0.4}. Best is trial 137 with value: 0.6099567600187203.
[I 2023-10-10 15:01:13,528] Trial 166 finished with value: 0.6017967949818195 and parameters: {'w0': 0.493, 'w1': 0.887, 'w2': 0.586, 'w3': 0.406, 'w4': 0.6930000000000001, 'w5': 0.931, 'w6': 0.907, 'w7': 0.439, 'w8': 0.9450000000000001, 'max_depth': 6, 'min_child_weight': 16, 'subsample': 0.6000000000000001, 'colsample_bytree': 1.0, 'gamma': 1.8}. Best is trial 137 with value: 0.6099567600187203.
[I 2023-10-10 15:01:20,458] Trial 165 finished with value: 0.6023895983797717 and parameters: {'w0': 0.487, 'w1': 0.633, 'w2': 0.605, 'w3': 0.402, 'w4': 0.6900000000000001, 'w5': 0.934, 'w6': 0.886, 'w7': 0.447, 'w8': 0.9450000000000001, 'max_depth': 6, 'min_child_weight': 14, 'subsample': 0.6000000000000001, 'colsample_bytree': 0.8, 'gamma': 0.4}. Best is trial 137 with value: 0.6099567600187203.
[I 2023-10-10 15:02:11,139] Trial 167 finished with value: 0.6031642284019332 and parameters: {'w0': 0.498, 'w1': 0.9520000000000001, 'w2': 0.579, 'w3': 0.5760000000000001, 'w4': 0.7000000000000001, 'w5': 0.932, 'w6': 0.881, 'w7': 0.445, 'w8': 0.924, 'max_depth': 6, 'min_child_weight': 16, 'subsample': 0.6000000000000001, 'colsample_bytree': 1.0, 'gamma': 1.4000000000000001}. Best is trial 137 with value: 0.6099567600187203.
[I 2023-10-10 15:02:18,834] Trial 164 finished with value: 0.6036243206423457 and parameters: {'w0': 0.496, 'w1': 0.868, 'w2': 0.558, 'w3': 0.489, 'w4': 0.687, 'w5': 0.933, 'w6': 0.899, 'w7': 0.44, 'w8': 0.929, 'max_depth': 6, 'min_child_weight': 14, 'subsample': 0.6000000000000001, 'colsample_bytree': 1.0, 'gamma': 0.6000000000000001}. Best is trial 137 with value: 0.6099567600187203.
[I 2023-10-10 15:04:42,207] Trial 168 finished with value: 0.6012828394896641 and parameters: {'w0': 0.491, 'w1': 0.863, 'w2': 0.467, 'w3': 0.354, 'w4': 0.6910000000000001, 'w5': 0.935, 'w6': 0.891, 'w7': 0.273, 'w8': 0.93, 'max_depth': 6, 'min_child_weight': 16, 'subsample': 0.6000000000000001, 'colsample_bytree': 0.8, 'gamma': 1.4000000000000001}. Best is trial 137 with value: 0.6099567600187203.
[I 2023-10-10 15:06:07,458] Trial 169 finished with value: 0.6034589858298579 and parameters: {'w0': 0.496, 'w1': 0.93, 'w2': 0.498, 'w3': 0.38, 'w4': 0.5730000000000001, 'w5': 0.591, 'w6': 0.892, 'w7': 0.44, 'w8': 0.9380000000000001, 'max_depth': 6, 'min_child_weight': 16, 'subsample': 0.6000000000000001, 'colsample_bytree': 1.0, 'gamma': 0.4}. Best is trial 137 with value: 0.6099567600187203.
[I 2023-10-10 15:06:14,316] Trial 171 finished with value: 0.6006732296354927 and parameters: {'w0': 0.492, 'w1': 0.518, 'w2': 0.528, 'w3': 0.584, 'w4': 0.6930000000000001, 'w5': 0.588, 'w6': 0.89, 'w7': 0.443, 'w8': 0.996, 'max_depth': 5, 'min_child_weight': 16, 'subsample': 0.6000000000000001, 'colsample_bytree': 0.8, 'gamma': 0.4}. Best is trial 137 with value: 0.6099567600187203.
[I 2023-10-10 15:08:39,550] Trial 170 finished with value: 0.5992782787806193 and parameters: {'w0': 0.493, 'w1': 0.934, 'w2': 0.561, 'w3': 0.482, 'w4': 0.6880000000000001, 'w5': 0.932, 'w6': 0.897, 'w7': 0.456, 'w8': 1.0, 'max_depth': 6, 'min_child_weight': 16, 'subsample': 0.6000000000000001, 'colsample_bytree': 0.8, 'gamma': 0.4}. Best is trial 137 with value: 0.6099567600187203.
[I 2023-10-10 15:10:24,186] Trial 172 finished with value: 0.6036492509749746 and parameters: {'w0': 0.497, 'w1': 0.9510000000000001, 'w2': 0.558, 'w3': 0.368, 'w4': 0.6910000000000001, 'w5': 0.581, 'w6': 0.906, 'w7': 0.444, 'w8': 0.933, 'max_depth': 5, 'min_child_weight': 16, 'subsample': 0.6000000000000001, 'colsample_bytree': 0.8, 'gamma': 1.4000000000000001}. Best is trial 137 with value: 0.6099567600187203.
[I 2023-10-10 15:11:17,910] Trial 173 finished with value: 0.5960630037766205 and parameters: {'w0': 0.499, 'w1': 0.894, 'w2': 0.56, 'w3': 0.376, 'w4': 0.5720000000000001, 'w5': 0.543, 'w6': 0.899, 'w7': 0.466, 'w8': 0.9510000000000001, 'max_depth': 5, 'min_child_weight': 16, 'subsample': 0.6000000000000001, 'colsample_bytree': 0.8, 'gamma': 1.4000000000000001}. Best is trial 137 with value: 0.6099567600187203.
[I 2023-10-10 15:11:34,304] Trial 174 finished with value: 0.6022306812616323 and parameters: {'w0': 0.497, 'w1': 0.9420000000000001, 'w2': 0.556, 'w3': 0.372, 'w4': 0.586, 'w5': 0.618, 'w6': 0.896, 'w7': 0.445, 'w8': 0.9540000000000001, 'max_depth': 5, 'min_child_weight': 16, 'subsample': 0.6000000000000001, 'colsample_bytree': 0.8, 'gamma': 1.4000000000000001}. Best is trial 137 with value: 0.6099567600187203.
[I 2023-10-10 15:13:56,197] Trial 175 finished with value: 0.5998592421518153 and parameters: {'w0': 0.5, 'w1': 0.9420000000000001, 'w2': 0.551, 'w3': 0.35000000000000003, 'w4': 0.5770000000000001, 'w5': 0.607, 'w6': 0.888, 'w7': 0.434, 'w8': 1.0, 'max_depth': 5, 'min_child_weight': 14, 'subsample': 0.6000000000000001, 'colsample_bytree': 0.8, 'gamma': 1.4000000000000001}. Best is trial 137 with value: 0.6099567600187203.
[I 2023-10-10 15:14:36,867] Trial 176 finished with value: 0.601620126643723 and parameters: {'w0': 0.508, 'w1': 0.9480000000000001, 'w2': 0.537, 'w3': 0.597, 'w4': 0.5680000000000001, 'w5': 0.603, 'w6': 0.885, 'w7': 0.444, 'w8': 0.991, 'max_depth': 5, 'min_child_weight': 14, 'subsample': 0.6000000000000001, 'colsample_bytree': 0.8, 'gamma': 0.4}. Best is trial 137 with value: 0.6099567600187203.
[I 2023-10-10 15:17:22,154] Trial 177 finished with value: 0.6009574627862646 and parameters: {'w0': 0.395, 'w1': 0.935, 'w2': 0.5640000000000001, 'w3': 0.468, 'w4': 0.581, 'w5': 0.5680000000000001, 'w6': 0.894, 'w7': 0.438, 'w8': 0.9540000000000001, 'max_depth': 5, 'min_child_weight': 16, 'subsample': 0.6000000000000001, 'colsample_bytree': 0.8, 'gamma': 0.4}. Best is trial 137 with value: 0.6099567600187203.
[I 2023-10-10 15:19:12,471] Trial 178 finished with value: 0.6037758774895166 and parameters: {'w0': 0.491, 'w1': 0.931, 'w2': 0.5630000000000001, 'w3': 0.496, 'w4': 0.6960000000000001, 'w5': 0.598, 'w6': 0.905, 'w7': 0.442, 'w8': 0.909, 'max_depth': 5, 'min_child_weight': 16, 'subsample': 0.6000000000000001, 'colsample_bytree': 0.8, 'gamma': 1.4000000000000001}. Best is trial 137 with value: 0.6099567600187203.
[I 2023-10-10 15:19:23,092] Trial 179 finished with value: 0.6072233173241048 and parameters: {'w0': 0.386, 'w1': 0.915, 'w2': 0.53, 'w3': 0.483, 'w4': 0.751, 'w5': 0.594, 'w6': 0.913, 'w7': 0.44, 'w8': 0.906, 'max_depth': 5, 'min_child_weight': 16, 'subsample': 0.6000000000000001, 'colsample_bytree': 0.8, 'gamma': 1.4000000000000001}. Best is trial 137 with value: 0.6099567600187203.
[I 2023-10-10 15:20:59,364] Trial 181 finished with value: 0.6024395744168949 and parameters: {'w0': 0.387, 'w1': 0.932, 'w2': 0.52, 'w3': 0.358, 'w4': 0.6980000000000001, 'w5': 0.962, 'w6': 0.906, 'w7': 0.451, 'w8': 0.9540000000000001, 'max_depth': 5, 'min_child_weight': 16, 'subsample': 0.6000000000000001, 'colsample_bytree': 0.8, 'gamma': 1.4000000000000001}. Best is trial 137 with value: 0.6099567600187203.
[I 2023-10-10 15:21:12,603] Trial 180 finished with value: 0.5996374684414664 and parameters: {'w0': 0.396, 'w1': 0.924, 'w2': 0.562, 'w3': 0.358, 'w4': 0.584, 'w5': 0.549, 'w6': 0.913, 'w7': 0.447, 'w8': 0.907, 'max_depth': 5, 'min_child_weight': 16, 'subsample': 0.6000000000000001, 'colsample_bytree': 0.8, 'gamma': 1.4000000000000001}. Best is trial 137 with value: 0.6099567600187203.
[I 2023-10-10 15:22:16,482] Trial 183 finished with value: 0.6004357820796956 and parameters: {'w0': 0.395, 'w1': 0.9400000000000001, 'w2': 0.562, 'w3': 0.28600000000000003, 'w4': 0.771, 'w5': 0.9480000000000001, 'w6': 0.92, 'w7': 0.437, 'w8': 0.9550000000000001, 'max_depth': 5, 'min_child_weight': 16, 'subsample': 0.6000000000000001, 'colsample_bytree': 0.8, 'gamma': 1.4000000000000001}. Best is trial 137 with value: 0.6099567600187203.
[I 2023-10-10 15:22:39,777] Trial 182 finished with value: 0.5987190950156586 and parameters: {'w0': 0.387, 'w1': 0.9470000000000001, 'w2': 0.5630000000000001, 'w3': 0.589, 'w4': 0.584, 'w5': 0.962, 'w6': 0.931, 'w7': 0.457, 'w8': 0.997, 'max_depth': 5, 'min_child_weight': 16, 'subsample': 0.6000000000000001, 'colsample_bytree': 0.8, 'gamma': 0.4}. Best is trial 137 with value: 0.6099567600187203.
[I 2023-10-10 15:25:03,835] Trial 184 finished with value: 0.6046293355739405 and parameters: {'w0': 0.512, 'w1': 0.933, 'w2': 0.554, 'w3': 0.588, 'w4': 0.742, 'w5': 0.6, 'w6': 0.933, 'w7': 0.436, 'w8': 0.87, 'max_depth': 5, 'min_child_weight': 18, 'subsample': 0.6000000000000001, 'colsample_bytree': 0.8, 'gamma': 1.4000000000000001}. Best is trial 137 with value: 0.6099567600187203.
[I 2023-10-10 15:26:03,947] Trial 185 finished with value: 0.6054910893541119 and parameters: {'w0': 0.393, 'w1': 0.926, 'w2': 0.523, 'w3': 0.47300000000000003, 'w4': 0.757, 'w5': 0.593, 'w6': 0.924, 'w7': 0.433, 'w8': 0.996, 'max_depth': 5, 'min_child_weight': 16, 'subsample': 0.6000000000000001, 'colsample_bytree': 1.0, 'gamma': 1.4000000000000001}. Best is trial 137 with value: 0.6099567600187203.
[I 2023-10-10 15:26:22,080] Trial 186 finished with value: 0.6032064079298023 and parameters: {'w0': 0.385, 'w1': 0.932, 'w2': 0.5650000000000001, 'w3': 0.47900000000000004, 'w4': 0.749, 'w5': 0.61, 'w6': 0.922, 'w7': 0.463, 'w8': 0.918, 'max_depth': 5, 'min_child_weight': 16, 'subsample': 0.6000000000000001, 'colsample_bytree': 1.0, 'gamma': 1.4000000000000001}. Best is trial 137 with value: 0.6099567600187203.
[I 2023-10-10 15:27:52,218] Trial 187 finished with value: 0.5971230978574653 and parameters: {'w0': 0.516, 'w1': 0.912, 'w2': 0.649, 'w3': 0.304, 'w4': 0.642, 'w5': 0.9600000000000001, 'w6': 0.927, 'w7': 0.437, 'w8': 0.915, 'max_depth': 5, 'min_child_weight': 14, 'subsample': 0.6000000000000001, 'colsample_bytree': 1.0, 'gamma': 2.2}. Best is trial 137 with value: 0.6099567600187203.
[I 2023-10-10 15:29:50,067] Trial 189 finished with value: 0.6001179192594082 and parameters: {'w0': 0.388, 'w1': 0.917, 'w2': 0.637, 'w3': 0.332, 'w4': 0.75, 'w5': 0.609, 'w6': 0.916, 'w7': 0.425, 'w8': 0.908, 'max_depth': 5, 'min_child_weight': 18, 'subsample': 0.6000000000000001, 'colsample_bytree': 1.0, 'gamma': 2.2}. Best is trial 137 with value: 0.6099567600187203.
[I 2023-10-10 15:30:19,331] Trial 190 finished with value: 0.5966189632409944 and parameters: {'w0': 0.386, 'w1': 0.915, 'w2': 0.635, 'w3': 0.261, 'w4': 0.641, 'w5': 0.893, 'w6': 0.92, 'w7': 0.431, 'w8': 0.915, 'max_depth': 5, 'min_child_weight': 14, 'subsample': 0.6000000000000001, 'colsample_bytree': 1.0, 'gamma': 2.2}. Best is trial 137 with value: 0.6099567600187203.
[I 2023-10-10 15:30:19,956] Trial 188 finished with value: 0.6060275594380928 and parameters: {'w0': 0.392, 'w1': 0.913, 'w2': 0.554, 'w3': 0.364, 'w4': 0.747, 'w5': 0.536, 'w6': 0.921, 'w7': 0.434, 'w8': 0.913, 'max_depth': 5, 'min_child_weight': 18, 'subsample': 0.6000000000000001, 'colsample_bytree': 1.0, 'gamma': 1.4000000000000001}. Best is trial 137 with value: 0.6099567600187203.
[I 2023-10-10 15:30:52,052] Trial 192 finished with value: 0.5835231188947414 and parameters: {'w0': 0.389, 'w1': 0.922, 'w2': 0.654, 'w3': 0.252, 'w4': 0.745, 'w5': 0.9510000000000001, 'w6': 0.923, 'w7': 0.222, 'w8': 0.911, 'max_depth': 4, 'min_child_weight': 16, 'subsample': 0.6000000000000001, 'colsample_bytree': 1.0, 'gamma': 2.2}. Best is trial 137 with value: 0.6099567600187203.
[I 2023-10-10 15:33:12,285] Trial 191 finished with value: 0.5980474662027276 and parameters: {'w0': 0.39, 'w1': 0.901, 'w2': 0.519, 'w3': 0.292, 'w4': 0.745, 'w5': 0.964, 'w6': 0.926, 'w7': 0.494, 'w8': 0.875, 'max_depth': 5, 'min_child_weight': 18, 'subsample': 0.6000000000000001, 'colsample_bytree': 1.0, 'gamma': 2.0}. Best is trial 137 with value: 0.6099567600187203.
[I 2023-10-10 15:35:32,627] Trial 194 finished with value: 0.5987293289004454 and parameters: {'w0': 0.513, 'w1': 0.9600000000000001, 'w2': 0.508, 'w3': 0.3, 'w4': 0.639, 'w5': 0.9550000000000001, 'w6': 0.9390000000000001, 'w7': 0.428, 'w8': 0.872, 'max_depth': 4, 'min_child_weight': 18, 'subsample': 0.7, 'colsample_bytree': 1.0, 'gamma': 2.2}. Best is trial 137 with value: 0.6099567600187203.
[I 2023-10-10 15:36:39,291] Trial 199 finished with value: 0.5817278233856138 and parameters: {'w0': 0.524, 'w1': 0.91, 'w2': 0.639, 'w3': 0.326, 'w4': 0.746, 'w5': 0.583, 'w6': 0.865, 'w7': 0.211, 'w8': 0.878, 'max_depth': 3, 'min_child_weight': 18, 'subsample': 0.7, 'colsample_bytree': 1.0, 'gamma': 2.2}. Best is trial 137 with value: 0.6099567600187203.
[I 2023-10-10 15:37:03,053] Trial 195 finished with value: 0.6055407396050182 and parameters: {'w0': 0.52, 'w1': 0.911, 'w2': 0.518, 'w3': 0.3, 'w4': 0.753, 'w5': 0.506, 'w6': 0.75, 'w7': 0.483, 'w8': 0.867, 'max_depth': 5, 'min_child_weight': 16, 'subsample': 0.7, 'colsample_bytree': 1.0, 'gamma': 2.2}. Best is trial 137 with value: 0.6099567600187203.
[I 2023-10-10 15:38:29,028] Trial 197 finished with value: 0.6019574844959659 and parameters: {'w0': 0.524, 'w1': 0.904, 'w2': 0.645, 'w3': 0.489, 'w4': 0.782, 'w5': 0.889, 'w6': 0.9400000000000001, 'w7': 0.481, 'w8': 0.864, 'max_depth': 4, 'min_child_weight': 18, 'subsample': 0.7, 'colsample_bytree': 1.0, 'gamma': 2.0}. Best is trial 137 with value: 0.6099567600187203.
[I 2023-10-10 15:39:14,236] Trial 198 finished with value: 0.6049325269800785 and parameters: {'w0': 0.516, 'w1': 0.913, 'w2': 0.503, 'w3': 0.423, 'w4': 0.641, 'w5': 0.503, 'w6': 0.933, 'w7': 0.47800000000000004, 'w8': 0.918, 'max_depth': 4, 'min_child_weight': 18, 'subsample': 0.7, 'colsample_bytree': 1.0, 'gamma': 2.0}. Best is trial 137 with value: 0.6099567600187203.
[I 2023-10-10 15:39:35,492] Trial 193 finished with value: 0.6011511440650026 and parameters: {'w0': 0.382, 'w1': 0.911, 'w2': 0.636, 'w3': 0.665, 'w4': 0.751, 'w5': 0.9600000000000001, 'w6': 0.932, 'w7': 0.466, 'w8': 0.916, 'max_depth': 6, 'min_child_weight': 18, 'subsample': 0.6000000000000001, 'colsample_bytree': 1.0, 'gamma': 2.0}. Best is trial 137 with value: 0.6099567600187203.
[I 2023-10-10 15:40:20,396] Trial 196 finished with value: 0.599271053574658 and parameters: {'w0': 0.518, 'w1': 0.917, 'w2': 0.653, 'w3': 0.424, 'w4': 0.75, 'w5': 0.554, 'w6': 0.929, 'w7': 0.491, 'w8': 0.873, 'max_depth': 5, 'min_child_weight': 18, 'subsample': 0.6000000000000001, 'colsample_bytree': 1.0, 'gamma': 2.2}. Best is trial 137 with value: 0.6099567600187203.
[I 2023-10-10 15:42:22,206] Trial 200 finished with value: 0.6018234739007411 and parameters: {'w0': 0.522, 'w1': 0.912, 'w2': 0.643, 'w3': 0.633, 'w4': 0.751, 'w5': 0.587, 'w6': 0.961, 'w7': 0.491, 'w8': 0.884, 'max_depth': 4, 'min_child_weight': 18, 'subsample': 0.7, 'colsample_bytree': 1.0, 'gamma': 2.0}. Best is trial 137 with value: 0.6099567600187203.
[I 2023-10-10 15:45:17,747] Trial 202 finished with value: 0.6107280827834777 and parameters: {'w0': 0.524, 'w1': 0.902, 'w2': 0.513, 'w3': 0.49, 'w4': 0.75, 'w5': 0.525, 'w6': 0.9560000000000001, 'w7': 0.481, 'w8': 0.879, 'max_depth': 5, 'min_child_weight': 18, 'subsample': 0.7, 'colsample_bytree': 1.0, 'gamma': 2.0}. Best is trial 202 with value: 0.6107280827834777.
[I 2023-10-10 15:45:43,323] Trial 203 finished with value: 0.6075737960499425 and parameters: {'w0': 0.525, 'w1': 0.903, 'w2': 0.507, 'w3': 0.423, 'w4': 0.751, 'w5': 0.519, 'w6': 0.9470000000000001, 'w7': 0.49, 'w8': 0.874, 'max_depth': 4, 'min_child_weight': 18, 'subsample': 0.7, 'colsample_bytree': 1.0, 'gamma': 1.0}. Best is trial 202 with value: 0.6107280827834777.
[I 2023-10-10 15:46:07,453] Trial 201 finished with value: 0.6076159675803553 and parameters: {'w0': 0.526, 'w1': 0.903, 'w2': 0.513, 'w3': 0.622, 'w4': 0.75, 'w5': 0.5, 'w6': 0.9510000000000001, 'w7': 0.47900000000000004, 'w8': 0.862, 'max_depth': 5, 'min_child_weight': 18, 'subsample': 0.7, 'colsample_bytree': 1.0, 'gamma': 1.0}. Best is trial 202 with value: 0.6107280827834777.
[I 2023-10-10 15:47:32,094] Trial 204 finished with value: 0.605790211533043 and parameters: {'w0': 0.527, 'w1': 0.902, 'w2': 0.599, 'w3': 0.482, 'w4': 0.8220000000000001, 'w5': 0.5, 'w6': 0.9580000000000001, 'w7': 0.497, 'w8': 0.8190000000000001, 'max_depth': 4, 'min_child_weight': 18, 'subsample': 0.7, 'colsample_bytree': 1.0, 'gamma': 1.0}. Best is trial 202 with value: 0.6107280827834777.
[I 2023-10-10 15:48:01,753] Trial 205 finished with value: 0.6072823519611905 and parameters: {'w0': 0.34900000000000003, 'w1': 0.902, 'w2': 0.51, 'w3': 0.423, 'w4': 0.809, 'w5': 0.5750000000000001, 'w6': 0.9580000000000001, 'w7': 0.5, 'w8': 0.888, 'max_depth': 4, 'min_child_weight': 18, 'subsample': 0.7, 'colsample_bytree': 1.0, 'gamma': 1.0}. Best is trial 202 with value: 0.6107280827834777.
[I 2023-10-10 15:50:59,668] Trial 206 finished with value: 0.6066565675216522 and parameters: {'w0': 0.365, 'w1': 0.902, 'w2': 0.507, 'w3': 0.49, 'w4': 0.811, 'w5': 0.585, 'w6': 0.9550000000000001, 'w7': 0.47500000000000003, 'w8': 0.868, 'max_depth': 5, 'min_child_weight': 18, 'subsample': 0.7, 'colsample_bytree': 1.0, 'gamma': 1.0}. Best is trial 202 with value: 0.6107280827834777.
[I 2023-10-10 15:51:08,913] Trial 208 finished with value: 0.6054934795974517 and parameters: {'w0': 0.356, 'w1': 0.85, 'w2': 0.607, 'w3': 0.484, 'w4': 0.787, 'w5': 0.529, 'w6': 0.9600000000000001, 'w7': 0.5, 'w8': 0.869, 'max_depth': 4, 'min_child_weight': 18, 'subsample': 0.7, 'colsample_bytree': 1.0, 'gamma': 1.0}. Best is trial 202 with value: 0.6107280827834777.
[I 2023-10-10 15:51:18,853] Trial 207 finished with value: 0.6070697202618659 and parameters: {'w0': 0.35100000000000003, 'w1': 0.9, 'w2': 0.511, 'w3': 0.484, 'w4': 0.791, 'w5': 0.53, 'w6': 0.966, 'w7': 0.491, 'w8': 0.874, 'max_depth': 5, 'min_child_weight': 18, 'subsample': 0.7, 'colsample_bytree': 1.0, 'gamma': 1.0}. Best is trial 202 with value: 0.6107280827834777.
[I 2023-10-10 15:55:40,210] Trial 213 finished with value: 0.6035510448384553 and parameters: {'w0': 0.363, 'w1': 0.888, 'w2': 0.539, 'w3': 0.435, 'w4': 0.809, 'w5': 0.47600000000000003, 'w6': 0.962, 'w7': 0.506, 'w8': 0.841, 'max_depth': 4, 'min_child_weight': 20, 'subsample': 0.7, 'colsample_bytree': 0.7, 'gamma': 1.8}. Best is trial 202 with value: 0.6107280827834777.
[I 2023-10-10 15:55:57,316] Trial 209 finished with value: 0.6049581670068668 and parameters: {'w0': 0.356, 'w1': 0.896, 'w2': 0.6, 'w3': 0.495, 'w4': 0.805, 'w5': 0.578, 'w6': 0.9490000000000001, 'w7': 0.47400000000000003, 'w8': 0.837, 'max_depth': 5, 'min_child_weight': 18, 'subsample': 0.7, 'colsample_bytree': 1.0, 'gamma': 1.0}. Best is trial 202 with value: 0.6107280827834777.
[I 2023-10-10 15:56:13,073] Trial 214 finished with value: 0.6035665156715845 and parameters: {'w0': 0.5740000000000001, 'w1': 0.86, 'w2': 0.536, 'w3': 0.41600000000000004, 'w4': 0.8220000000000001, 'w5': 0.49, 'w6': 0.961, 'w7': 0.5, 'w8': 0.896, 'max_depth': 4, 'min_child_weight': 20, 'subsample': 0.7, 'colsample_bytree': 0.7, 'gamma': 1.0}. Best is trial 202 with value: 0.6107280827834777.
[I 2023-10-10 15:56:57,463] Trial 210 finished with value: 0.6050383538763906 and parameters: {'w0': 0.426, 'w1': 0.849, 'w2': 0.599, 'w3': 0.482, 'w4': 0.807, 'w5': 0.491, 'w6': 0.968, 'w7': 0.46900000000000003, 'w8': 0.8190000000000001, 'max_depth': 5, 'min_child_weight': 18, 'subsample': 0.6000000000000001, 'colsample_bytree': 1.0, 'gamma': 1.0}. Best is trial 202 with value: 0.6107280827834777.
[I 2023-10-10 15:57:20,058] Trial 211 finished with value: 0.6049380967561517 and parameters: {'w0': 0.533, 'w1': 0.853, 'w2': 0.604, 'w3': 0.626, 'w4': 0.8, 'w5': 0.506, 'w6': 0.961, 'w7': 0.47300000000000003, 'w8': 0.8190000000000001, 'max_depth': 5, 'min_child_weight': 18, 'subsample': 0.7, 'colsample_bytree': 1.0, 'gamma': 1.2000000000000002}. Best is trial 202 with value: 0.6107280827834777.
[I 2023-10-10 15:57:23,390] Trial 215 finished with value: 0.6025927971689032 and parameters: {'w0': 0.581, 'w1': 0.89, 'w2': 0.532, 'w3': 0.488, 'w4': 0.807, 'w5': 0.504, 'w6': 0.719, 'w7': 0.5, 'w8': 0.8260000000000001, 'max_depth': 4, 'min_child_weight': 20, 'subsample': 0.7, 'colsample_bytree': 0.7, 'gamma': 1.0}. Best is trial 202 with value: 0.6107280827834777.
[I 2023-10-10 15:58:04,143] Trial 212 finished with value: 0.6073869281572382 and parameters: {'w0': 0.581, 'w1': 0.892, 'w2': 0.528, 'w3': 0.667, 'w4': 0.8180000000000001, 'w5': 0.515, 'w6': 0.964, 'w7': 0.502, 'w8': 0.8190000000000001, 'max_depth': 5, 'min_child_weight': 20, 'subsample': 0.7, 'colsample_bytree': 0.7, 'gamma': 1.0}. Best is trial 202 with value: 0.6107280827834777.
[I 2023-10-10 16:02:03,860] Trial 216 finished with value: 0.6077125845455058 and parameters: {'w0': 0.587, 'w1': 0.892, 'w2': 0.536, 'w3': 0.418, 'w4': 0.8140000000000001, 'w5': 0.526, 'w6': 0.759, 'w7': 0.47500000000000003, 'w8': 0.8200000000000001, 'max_depth': 5, 'min_child_weight': 16, 'subsample': 0.7, 'colsample_bytree': 1.0, 'gamma': 1.6}. Best is trial 202 with value: 0.6107280827834777.
[I 2023-10-10 16:02:25,872] Trial 219 finished with value: 0.5966009517512407 and parameters: {'w0': 0.558, 'w1': 0.863, 'w2': 0.533, 'w3': 0.233, 'w4': 0.801, 'w5': 0.507, 'w6': 0.967, 'w7': 0.536, 'w8': 0.842, 'max_depth': 4, 'min_child_weight': 20, 'subsample': 0.7, 'colsample_bytree': 0.7, 'gamma': 1.2000000000000002}. Best is trial 202 with value: 0.6107280827834777.
[I 2023-10-10 16:02:38,757] Trial 218 finished with value: 0.6044209409728435 and parameters: {'w0': 0.35000000000000003, 'w1': 0.888, 'w2': 0.538, 'w3': 0.423, 'w4': 0.8210000000000001, 'w5': 0.509, 'w6': 0.9570000000000001, 'w7': 0.507, 'w8': 0.837, 'max_depth': 4, 'min_child_weight': 20, 'subsample': 0.7, 'colsample_bytree': 0.7, 'gamma': 1.0}. Best is trial 202 with value: 0.6107280827834777.
