[I 2023-10-13 23:42:51,320] Trial 896 finished with value: 0.5127577261564565 and parameters: {'w0': 0.19, 'w1': 0.683, 'w2': 0.181, 'w3': 0.8160000000000001, 'w4': 0.848, 'w5': 0.078, 'w6': 0.524, 'w7': 0.164, 'w8': 0.9430000000000001, 'max_depth': 7, 'min_child_weight': 10, 'subsample': 0.8, 'colsample_bytree': 0.9000000000000001, 'gamma': 0.2}. Best is trial 817 with value: 0.5176405896505221.
[I 2023-10-13 23:43:48,150] Trial 897 finished with value: 0.5099878021649804 and parameters: {'w0': 0.188, 'w1': 0.6880000000000001, 'w2': 0.148, 'w3': 0.8160000000000001, 'w4': 0.855, 'w5': 0.074, 'w6': 0.706, 'w7': 0.167, 'w8': 0.9480000000000001, 'max_depth': 7, 'min_child_weight': 10, 'subsample': 0.8, 'colsample_bytree': 0.9000000000000001, 'gamma': 0.2}. Best is trial 817 with value: 0.5176405896505221.
[I 2023-10-13 23:44:12,055] Trial 898 finished with value: 0.5128145283804247 and parameters: {'w0': 0.198, 'w1': 0.682, 'w2': 0.14200000000000002, 'w3': 0.177, 'w4': 0.852, 'w5': 0.076, 'w6': 0.709, 'w7': 0.161, 'w8': 0.9480000000000001, 'max_depth': 7, 'min_child_weight': 10, 'subsample': 0.8, 'colsample_bytree': 0.9000000000000001, 'gamma': 0.2}. Best is trial 817 with value: 0.5176405896505221.
[I 2023-10-13 23:45:17,998] Trial 899 finished with value: 0.5141735082825252 and parameters: {'w0': 0.191, 'w1': 0.6880000000000001, 'w2': 0.179, 'w3': 0.857, 'w4': 0.854, 'w5': 0.077, 'w6': 0.561, 'w7': 0.165, 'w8': 0.9480000000000001, 'max_depth': 7, 'min_child_weight': 10, 'subsample': 0.8, 'colsample_bytree': 0.9000000000000001, 'gamma': 0.2}. Best is trial 817 with value: 0.5176405896505221.
[I 2023-10-13 23:46:59,750] Trial 900 finished with value: 0.5153620616482427 and parameters: {'w0': 0.187, 'w1': 0.684, 'w2': 0.15, 'w3': 0.191, 'w4': 0.853, 'w5': 0.07200000000000001, 'w6': 0.707, 'w7': 0.17, 'w8': 0.9460000000000001, 'max_depth': 7, 'min_child_weight': 10, 'subsample': 0.8, 'colsample_bytree': 0.9000000000000001, 'gamma': 0.2}. Best is trial 817 with value: 0.5176405896505221.
[I 2023-10-13 23:47:13,187] Trial 901 finished with value: 0.5064156291138645 and parameters: {'w0': 0.194, 'w1': 0.644, 'w2': 0.18, 'w3': 0.858, 'w4': 0.854, 'w5': 0.075, 'w6': 0.71, 'w7': 0.166, 'w8': 0.9440000000000001, 'max_depth': 7, 'min_child_weight': 10, 'subsample': 0.4, 'colsample_bytree': 0.9000000000000001, 'gamma': 0.2}. Best is trial 817 with value: 0.5176405896505221.
[I 2023-10-13 23:48:52,690] Trial 902 finished with value: 0.514197155855924 and parameters: {'w0': 0.217, 'w1': 0.651, 'w2': 0.177, 'w3': 0.861, 'w4': 0.859, 'w5': 0.074, 'w6': 0.711, 'w7': 0.17600000000000002, 'w8': 0.9460000000000001, 'max_depth': 7, 'min_child_weight': 10, 'subsample': 0.8, 'colsample_bytree': 0.9000000000000001, 'gamma': 0.2}. Best is trial 817 with value: 0.5176405896505221.
[I 2023-10-13 23:51:49,450] Trial 904 finished with value: 0.510668899527334 and parameters: {'w0': 0.214, 'w1': 0.64, 'w2': 0.185, 'w3': 0.86, 'w4': 0.855, 'w5': 0.074, 'w6': 0.717, 'w7': 0.179, 'w8': 0.9470000000000001, 'max_depth': 7, 'min_child_weight': 10, 'subsample': 0.8, 'colsample_bytree': 0.9000000000000001, 'gamma': 0.2}. Best is trial 817 with value: 0.5176405896505221.
[I 2023-10-13 23:51:52,323] Trial 903 finished with value: 0.5100616783067676 and parameters: {'w0': 0.217, 'w1': 0.645, 'w2': 0.17600000000000002, 'w3': 0.861, 'w4': 0.853, 'w5': 0.07100000000000001, 'w6': 0.718, 'w7': 0.177, 'w8': 0.9460000000000001, 'max_depth': 7, 'min_child_weight': 10, 'subsample': 0.8, 'colsample_bytree': 0.9000000000000001, 'gamma': 0.2}. Best is trial 817 with value: 0.5176405896505221.
[I 2023-10-13 23:52:43,516] Trial 905 finished with value: 0.5101466679697764 and parameters: {'w0': 0.198, 'w1': 0.65, 'w2': 0.17300000000000001, 'w3': 0.8300000000000001, 'w4': 0.851, 'w5': 0.07200000000000001, 'w6': 0.712, 'w7': 0.179, 'w8': 0.9410000000000001, 'max_depth': 7, 'min_child_weight': 10, 'subsample': 0.8, 'colsample_bytree': 0.9000000000000001, 'gamma': 0.2}. Best is trial 817 with value: 0.5176405896505221.
[I 2023-10-13 23:53:58,952] Trial 915 finished with value: 0.45012125744884074 and parameters: {'w0': 0.213, 'w1': 0.653, 'w2': 0.17400000000000002, 'w3': 0.78, 'w4': 0.871, 'w5': 0.064, 'w6': 0.726, 'w7': 0.181, 'w8': 0.9390000000000001, 'max_depth': 7, 'min_child_weight': 12, 'subsample': 0.8, 'colsample_bytree': 0.9000000000000001, 'gamma': 8.6}. Best is trial 817 with value: 0.5176405896505221.
[I 2023-10-13 23:54:06,906] Trial 907 finished with value: 0.5059478030821905 and parameters: {'w0': 0.21, 'w1': 0.656, 'w2': 0.17600000000000002, 'w3': 0.8320000000000001, 'w4': 0.882, 'w5': 0.075, 'w6': 0.71, 'w7': 0.184, 'w8': 0.9440000000000001, 'max_depth': 7, 'min_child_weight': 12, 'subsample': 0.8, 'colsample_bytree': 0.9000000000000001, 'gamma': 0.2}. Best is trial 817 with value: 0.5176405896505221.
[I 2023-10-13 23:54:16,622] Trial 912 finished with value: 0.45959655180507075 and parameters: {'w0': 0.213, 'w1': 0.657, 'w2': 0.113, 'w3': 0.79, 'w4': 0.887, 'w5': 0.07200000000000001, 'w6': 0.7010000000000001, 'w7': 0.182, 'w8': 0.9430000000000001, 'max_depth': 7, 'min_child_weight': 12, 'subsample': 0.4, 'colsample_bytree': 0.9000000000000001, 'gamma': 3.8000000000000003}. Best is trial 817 with value: 0.5176405896505221.
[I 2023-10-13 23:54:19,989] Trial 906 finished with value: 0.5064909927537193 and parameters: {'w0': 0.098, 'w1': 0.654, 'w2': 0.182, 'w3': 0.834, 'w4': 0.877, 'w5': 0.07200000000000001, 'w6': 0.712, 'w7': 0.182, 'w8': 0.9430000000000001, 'max_depth': 7, 'min_child_weight': 10, 'subsample': 0.8, 'colsample_bytree': 0.9000000000000001, 'gamma': 0.2}. Best is trial 817 with value: 0.5176405896505221.
[I 2023-10-13 23:56:57,800] Trial 908 finished with value: 0.5123985307412516 and parameters: {'w0': 0.215, 'w1': 0.642, 'w2': 0.177, 'w3': 0.839, 'w4': 0.888, 'w5': 0.07300000000000001, 'w6': 0.761, 'w7': 0.195, 'w8': 0.9490000000000001, 'max_depth': 7, 'min_child_weight': 10, 'subsample': 0.8, 'colsample_bytree': 0.9000000000000001, 'gamma': 0.2}. Best is trial 817 with value: 0.5176405896505221.
[I 2023-10-13 23:57:07,265] Trial 909 finished with value: 0.5009525553971799 and parameters: {'w0': 0.219, 'w1': 0.65, 'w2': 0.113, 'w3': 0.245, 'w4': 0.876, 'w5': 0.07100000000000001, 'w6': 0.712, 'w7': 0.188, 'w8': 0.9420000000000001, 'max_depth': 7, 'min_child_weight': 10, 'subsample': 0.8, 'colsample_bytree': 0.9000000000000001, 'gamma': 0.2}. Best is trial 817 with value: 0.5176405896505221.
[I 2023-10-13 23:59:45,213] Trial 910 finished with value: 0.5020189755594435 and parameters: {'w0': 0.215, 'w1': 0.653, 'w2': 0.111, 'w3': 0.8290000000000001, 'w4': 0.878, 'w5': 0.07, 'w6': 0.6950000000000001, 'w7': 0.182, 'w8': 0.934, 'max_depth': 7, 'min_child_weight': 10, 'subsample': 0.8, 'colsample_bytree': 0.9000000000000001, 'gamma': 0.2}. Best is trial 817 with value: 0.5176405896505221.
[I 2023-10-14 00:01:57,355] Trial 911 finished with value: 0.5055176877451455 and parameters: {'w0': 0.214, 'w1': 0.65, 'w2': 0.177, 'w3': 0.782, 'w4': 0.887, 'w5': 1.0, 'w6': 0.6970000000000001, 'w7': 0.157, 'w8': 0.9400000000000001, 'max_depth': 7, 'min_child_weight': 12, 'subsample': 0.8, 'colsample_bytree': 0.9000000000000001, 'gamma': 0.2}. Best is trial 817 with value: 0.5176405896505221.
[I 2023-10-14 00:06:18,444] Trial 913 finished with value: 0.5013252456097869 and parameters: {'w0': 0.095, 'w1': 0.65, 'w2': 0.17200000000000001, 'w3': 0.779, 'w4': 0.882, 'w5': 0.07100000000000001, 'w6': 0.707, 'w7': 0.183, 'w8': 0.9440000000000001, 'max_depth': 7, 'min_child_weight': 10, 'subsample': 0.4, 'colsample_bytree': 0.9000000000000001, 'gamma': 0.2}. Best is trial 817 with value: 0.5176405896505221.
[I 2023-10-14 00:06:36,354] Trial 914 finished with value: 0.505576786933839 and parameters: {'w0': 0.20900000000000002, 'w1': 0.656, 'w2': 0.17500000000000002, 'w3': 0.788, 'w4': 0.887, 'w5': 0.07100000000000001, 'w6': 0.301, 'w7': 0.177, 'w8': 0.9400000000000001, 'max_depth': 7, 'min_child_weight': 12, 'subsample': 0.8, 'colsample_bytree': 0.9000000000000001, 'gamma': 0.2}. Best is trial 817 with value: 0.5176405896505221.
[I 2023-10-14 00:09:15,214] Trial 917 finished with value: 0.5128365642688328 and parameters: {'w0': 0.213, 'w1': 0.651, 'w2': 0.17300000000000001, 'w3': 0.203, 'w4': 0.89, 'w5': 0.074, 'w6': 0.6950000000000001, 'w7': 0.183, 'w8': 0.933, 'max_depth': 7, 'min_child_weight': 12, 'subsample': 0.8, 'colsample_bytree': 0.9000000000000001, 'gamma': 0.2}. Best is trial 817 with value: 0.5176405896505221.
[I 2023-10-14 00:09:16,940] Trial 916 finished with value: 0.5007427869555949 and parameters: {'w0': 0.21, 'w1': 0.653, 'w2': 0.109, 'w3': 0.779, 'w4': 0.878, 'w5': 0.069, 'w6': 0.6960000000000001, 'w7': 0.186, 'w8': 0.928, 'max_depth': 7, 'min_child_weight': 12, 'subsample': 0.8, 'colsample_bytree': 0.9000000000000001, 'gamma': 0.2}. Best is trial 817 with value: 0.5176405896505221.
[I 2023-10-14 00:10:44,244] Trial 918 finished with value: 0.48708265096299425 and parameters: {'w0': 0.203, 'w1': 0.655, 'w2': 0.079, 'w3': 0.128, 'w4': 0.885, 'w5': 0.068, 'w6': 0.723, 'w7': 0.183, 'w8': 0.931, 'max_depth': 7, 'min_child_weight': 12, 'subsample': 0.8, 'colsample_bytree': 0.9000000000000001, 'gamma': 0.2}. Best is trial 817 with value: 0.5176405896505221.
[I 2023-10-14 00:13:11,378] Trial 919 finished with value: 0.5098627430462339 and parameters: {'w0': 0.202, 'w1': 0.656, 'w2': 0.151, 'w3': 0.154, 'w4': 0.881, 'w5': 0.07, 'w6': 0.6960000000000001, 'w7': 0.184, 'w8': 0.909, 'max_depth': 7, 'min_child_weight': 12, 'subsample': 0.8, 'colsample_bytree': 0.9000000000000001, 'gamma': 0.2}. Best is trial 817 with value: 0.5176405896505221.
[I 2023-10-14 00:13:36,134] Trial 920 finished with value: 0.4947366964959304 and parameters: {'w0': 0.20800000000000002, 'w1': 0.659, 'w2': 0.113, 'w3': 0.837, 'w4': 0.881, 'w5': 0.068, 'w6': 0.5680000000000001, 'w7': 0.187, 'w8': 0.911, 'max_depth': 7, 'min_child_weight': 12, 'subsample': 0.8, 'colsample_bytree': 0.9000000000000001, 'gamma': 0.2}. Best is trial 817 with value: 0.5176405896505221.
[I 2023-10-14 00:14:38,586] Trial 921 finished with value: 0.5129988000401398 and parameters: {'w0': 0.215, 'w1': 0.677, 'w2': 0.15, 'w3': 0.839, 'w4': 0.879, 'w5': 0.067, 'w6': 0.6960000000000001, 'w7': 0.154, 'w8': 0.93, 'max_depth': 7, 'min_child_weight': 12, 'subsample': 0.8, 'colsample_bytree': 0.9000000000000001, 'gamma': 0.2}. Best is trial 817 with value: 0.5176405896505221.
[I 2023-10-14 00:14:39,194] Trial 930 finished with value: 0.38017710908186686 and parameters: {'w0': 0.191, 'w1': 0.675, 'w2': 0.14500000000000002, 'w3': 0.197, 'w4': 0.887, 'w5': 0.097, 'w6': 0.73, 'w7': 0.883, 'w8': 0.911, 'max_depth': 7, 'min_child_weight': 10, 'subsample': 0.9000000000000001, 'colsample_bytree': 0.9000000000000001, 'gamma': 6.4}. Best is trial 817 with value: 0.5176405896505221.
[I 2023-10-14 00:15:06,583] Trial 923 finished with value: 0.5071473966007976 and parameters: {'w0': 0.121, 'w1': 0.671, 'w2': 0.11, 'w3': 0.196, 'w4': 0.884, 'w5': 0.068, 'w6': 0.513, 'w7': 0.156, 'w8': 0.914, 'max_depth': 7, 'min_child_weight': 10, 'subsample': 0.9000000000000001, 'colsample_bytree': 0.9000000000000001, 'gamma': 0.2}. Best is trial 817 with value: 0.5176405896505221.
[I 2023-10-14 00:15:50,586] Trial 922 finished with value: 0.48367150902925105 and parameters: {'w0': 0.20900000000000002, 'w1': 0.674, 'w2': 0.962, 'w3': 0.20700000000000002, 'w4': 0.892, 'w5': 0.065, 'w6': 0.509, 'w7': 0.159, 'w8': 0.919, 'max_depth': 7, 'min_child_weight': 12, 'subsample': 0.8, 'colsample_bytree': 0.9000000000000001, 'gamma': 0.2}. Best is trial 817 with value: 0.5176405896505221.
[I 2023-10-14 00:16:19,721] Trial 925 finished with value: 0.5064159322182862 and parameters: {'w0': 0.197, 'w1': 0.676, 'w2': 0.11900000000000001, 'w3': 0.20700000000000002, 'w4': 0.875, 'w5': 0.066, 'w6': 0.6910000000000001, 'w7': 0.16, 'w8': 0.908, 'max_depth': 7, 'min_child_weight': 10, 'subsample': 0.8, 'colsample_bytree': 0.9000000000000001, 'gamma': 0.2}. Best is trial 817 with value: 0.5176405896505221.
[I 2023-10-14 00:16:20,860] Trial 924 finished with value: 0.5055547420437976 and parameters: {'w0': 0.11900000000000001, 'w1': 0.672, 'w2': 0.122, 'w3': 0.126, 'w4': 0.883, 'w5': 0.064, 'w6': 0.513, 'w7': 0.157, 'w8': 0.912, 'max_depth': 7, 'min_child_weight': 10, 'subsample': 0.8, 'colsample_bytree': 0.9000000000000001, 'gamma': 0.2}. Best is trial 817 with value: 0.5176405896505221.
[I 2023-10-14 00:17:52,800] Trial 927 finished with value: 0.49427271778489523 and parameters: {'w0': 0.196, 'w1': 0.674, 'w2': 0.074, 'w3': 0.132, 'w4': 0.883, 'w5': 0.065, 'w6': 0.6940000000000001, 'w7': 0.155, 'w8': 0.91, 'max_depth': 7, 'min_child_weight': 10, 'subsample': 0.9000000000000001, 'colsample_bytree': 0.9000000000000001, 'gamma': 0.2}. Best is trial 817 with value: 0.5176405896505221.
[I 2023-10-14 00:18:08,913] Trial 926 finished with value: 0.5096089189084437 and parameters: {'w0': 0.194, 'w1': 0.671, 'w2': 0.11800000000000001, 'w3': 0.20400000000000001, 'w4': 0.886, 'w5': 0.074, 'w6': 0.602, 'w7': 0.159, 'w8': 0.922, 'max_depth': 7, 'min_child_weight': 10, 'subsample': 0.9000000000000001, 'colsample_bytree': 0.9000000000000001, 'gamma': 0.2}. Best is trial 817 with value: 0.5176405896505221.
[I 2023-10-14 00:20:39,118] Trial 928 finished with value: 0.5046922575371517 and parameters: {'w0': 0.197, 'w1': 0.677, 'w2': 0.126, 'w3': 0.152, 'w4': 0.883, 'w5': 0.9500000000000001, 'w6': 0.458, 'w7': 0.153, 'w8': 0.914, 'max_depth': 7, 'min_child_weight': 10, 'subsample': 0.9000000000000001, 'colsample_bytree': 0.9000000000000001, 'gamma': 0.2}. Best is trial 817 with value: 0.5176405896505221.
[I 2023-10-14 00:22:40,783] Trial 929 finished with value: 0.48796961897104285 and parameters: {'w0': 0.198, 'w1': 0.676, 'w2': 0.063, 'w3': 0.859, 'w4': 0.886, 'w5': 0.061, 'w6': 0.507, 'w7': 0.152, 'w8': 0.93, 'max_depth': 7, 'min_child_weight': 10, 'subsample': 0.9000000000000001, 'colsample_bytree': 0.9000000000000001, 'gamma': 0.2}. Best is trial 817 with value: 0.5176405896505221.
[I 2023-10-14 00:27:13,670] Trial 931 finished with value: 0.516963862649521 and parameters: {'w0': 0.188, 'w1': 0.676, 'w2': 0.15, 'w3': 0.19, 'w4': 0.838, 'w5': 0.060000000000000005, 'w6': 0.552, 'w7': 0.155, 'w8': 0.406, 'max_depth': 7, 'min_child_weight': 10, 'subsample': 0.9000000000000001, 'colsample_bytree': 0.9000000000000001, 'gamma': 0.2}. Best is trial 817 with value: 0.5176405896505221.
[I 2023-10-14 00:29:44,200] Trial 932 finished with value: 0.5151035780842023 and parameters: {'w0': 0.195, 'w1': 0.677, 'w2': 0.149, 'w3': 0.231, 'w4': 0.835, 'w5': 0.101, 'w6': 0.603, 'w7': 0.155, 'w8': 0.41400000000000003, 'max_depth': 7, 'min_child_weight': 10, 'subsample': 0.9000000000000001, 'colsample_bytree': 0.9000000000000001, 'gamma': 0.0}. Best is trial 817 with value: 0.5176405896505221.
[I 2023-10-14 00:30:11,512] Trial 933 finished with value: 0.5131462420013899 and parameters: {'w0': 0.158, 'w1': 0.68, 'w2': 0.146, 'w3': 0.171, 'w4': 0.8330000000000001, 'w5': 0.10300000000000001, 'w6': 0.542, 'w7': 0.152, 'w8': 0.901, 'max_depth': 7, 'min_child_weight': 10, 'subsample': 0.9000000000000001, 'colsample_bytree': 0.9000000000000001, 'gamma': 0.0}. Best is trial 817 with value: 0.5176405896505221.
[I 2023-10-14 00:31:46,891] Trial 934 finished with value: 0.5099522647831053 and parameters: {'w0': 0.188, 'w1': 0.677, 'w2': 0.154, 'w3': 0.129, 'w4': 0.8330000000000001, 'w5': 0.091, 'w6': 0.5640000000000001, 'w7': 0.155, 'w8': 0.924, 'max_depth': 7, 'min_child_weight': 10, 'subsample': 0.9000000000000001, 'colsample_bytree': 0.9000000000000001, 'gamma': 0.0}. Best is trial 817 with value: 0.5176405896505221.
[I 2023-10-14 00:33:52,109] Trial 935 finished with value: 0.5075705117080731 and parameters: {'w0': 0.19, 'w1': 0.676, 'w2': 0.124, 'w3': 0.856, 'w4': 0.834, 'w5': 0.097, 'w6': 0.423, 'w7': 0.154, 'w8': 0.907, 'max_depth': 7, 'min_child_weight': 10, 'subsample': 0.9000000000000001, 'colsample_bytree': 0.9000000000000001, 'gamma': 0.0}. Best is trial 817 with value: 0.5176405896505221.
[I 2023-10-14 00:34:40,174] Trial 936 finished with value: 0.5209191336622977 and parameters: {'w0': 0.161, 'w1': 0.733, 'w2': 0.154, 'w3': 0.244, 'w4': 0.835, 'w5': 0.097, 'w6': 0.753, 'w7': 0.155, 'w8': 0.905, 'max_depth': 7, 'min_child_weight': 10, 'subsample': 0.9000000000000001, 'colsample_bytree': 0.9000000000000001, 'gamma': 0.0}. Best is trial 936 with value: 0.5209191336622977.
[I 2023-10-14 00:35:39,059] Trial 939 finished with value: 0.49877838734696134 and parameters: {'w0': 0.184, 'w1': 0.731, 'w2': 0.067, 'w3': 0.20900000000000002, 'w4': 0.836, 'w5': 0.101, 'w6': 0.752, 'w7': 0.124, 'w8': 0.913, 'max_depth': 7, 'min_child_weight': 10, 'subsample': 0.8, 'colsample_bytree': 0.9000000000000001, 'gamma': 0.0}. Best is trial 936 with value: 0.5209191336622977.
[I 2023-10-14 00:35:49,025] Trial 937 finished with value: 0.5179098899191806 and parameters: {'w0': 0.19, 'w1': 0.677, 'w2': 0.125, 'w3': 0.23, 'w4': 0.8310000000000001, 'w5': 0.10300000000000001, 'w6': 0.75, 'w7': 0.131, 'w8': 0.907, 'max_depth': 7, 'min_child_weight': 10, 'subsample': 0.9000000000000001, 'colsample_bytree': 0.9000000000000001, 'gamma': 0.0}. Best is trial 936 with value: 0.5209191336622977.
[I 2023-10-14 00:36:01,557] Trial 938 finished with value: 0.5063311196069122 and parameters: {'w0': 0.152, 'w1': 0.681, 'w2': 0.156, 'w3': 0.853, 'w4': 0.8310000000000001, 'w5': 0.097, 'w6': 0.5740000000000001, 'w7': 0.212, 'w8': 0.908, 'max_depth': 7, 'min_child_weight': 10, 'subsample': 0.9000000000000001, 'colsample_bytree': 0.9000000000000001, 'gamma': 0.0}. Best is trial 936 with value: 0.5209191336622977.
[I 2023-10-14 00:36:24,451] Trial 940 finished with value: 0.5166532100800991 and parameters: {'w0': 0.153, 'w1': 0.739, 'w2': 0.14300000000000002, 'w3': 0.231, 'w4': 0.8310000000000001, 'w5': 0.099, 'w6': 0.552, 'w7': 0.127, 'w8': 0.908, 'max_depth': 7, 'min_child_weight': 10, 'subsample': 0.8, 'colsample_bytree': 0.9000000000000001, 'gamma': 0.0}. Best is trial 936 with value: 0.5209191336622977.
[I 2023-10-14 00:37:43,926] Trial 948 finished with value: 0.4523357781176692 and parameters: {'w0': 0.165, 'w1': 0.734, 'w2': 0.146, 'w3': 0.17, 'w4': 0.8310000000000001, 'w5': 0.871, 'w6': 0.624, 'w7': 0.133, 'w8': 0.33, 'max_depth': 7, 'min_child_weight': 10, 'subsample': 1.0, 'colsample_bytree': 0.9000000000000001, 'gamma': 4.2}. Best is trial 936 with value: 0.5209191336622977.
[I 2023-10-14 00:37:44,603] Trial 942 finished with value: 0.5141845997770518 and parameters: {'w0': 0.154, 'w1': 0.728, 'w2': 0.14500000000000002, 'w3': 0.852, 'w4': 0.834, 'w5': 0.1, 'w6': 0.758, 'w7': 0.13, 'w8': 0.9570000000000001, 'max_depth': 7, 'min_child_weight': 10, 'subsample': 0.8, 'colsample_bytree': 0.9000000000000001, 'gamma': 0.0}. Best is trial 936 with value: 0.5209191336622977.
[I 2023-10-14 00:37:52,941] Trial 941 finished with value: 0.5148109849810524 and parameters: {'w0': 0.151, 'w1': 0.734, 'w2': 0.14500000000000002, 'w3': 0.857, 'w4': 0.835, 'w5': 0.10200000000000001, 'w6': 0.595, 'w7': 0.127, 'w8': 0.902, 'max_depth': 7, 'min_child_weight': 10, 'subsample': 0.8, 'colsample_bytree': 0.9000000000000001, 'gamma': 0.0}. Best is trial 936 with value: 0.5209191336622977.
[I 2023-10-14 00:38:48,560] Trial 944 finished with value: 0.5177709974422229 and parameters: {'w0': 0.168, 'w1': 0.736, 'w2': 0.153, 'w3': 0.17200000000000001, 'w4': 0.8300000000000001, 'w5': 0.096, 'w6': 0.752, 'w7': 0.127, 'w8': 0.9580000000000001, 'max_depth': 7, 'min_child_weight': 10, 'subsample': 0.8, 'colsample_bytree': 0.9000000000000001, 'gamma': 0.0}. Best is trial 936 with value: 0.5209191336622977.
[I 2023-10-14 00:38:54,889] Trial 943 finished with value: 0.5139793579151266 and parameters: {'w0': 0.164, 'w1': 0.737, 'w2': 0.149, 'w3': 0.854, 'w4': 0.8330000000000001, 'w5': 0.099, 'w6': 0.6, 'w7': 0.133, 'w8': 0.9580000000000001, 'max_depth': 7, 'min_child_weight': 10, 'subsample': 0.8, 'colsample_bytree': 0.9000000000000001, 'gamma': 0.0}. Best is trial 936 with value: 0.5209191336622977.
[I 2023-10-14 00:41:47,123] Trial 945 finished with value: 0.5153971068340379 and parameters: {'w0': 0.161, 'w1': 0.74, 'w2': 0.149, 'w3': 0.856, 'w4': 0.8330000000000001, 'w5': 0.098, 'w6': 0.581, 'w7': 0.123, 'w8': 0.9580000000000001, 'max_depth': 7, 'min_child_weight': 10, 'subsample': 0.8, 'colsample_bytree': 0.9000000000000001, 'gamma': 0.0}. Best is trial 936 with value: 0.5209191336622977.
[I 2023-10-14 00:43:39,006] Trial 946 finished with value: 0.5080722772854201 and parameters: {'w0': 0.156, 'w1': 0.263, 'w2': 0.149, 'w3': 0.81, 'w4': 0.8330000000000001, 'w5': 0.1, 'w6': 0.553, 'w7': 0.123, 'w8': 0.9580000000000001, 'max_depth': 7, 'min_child_weight': 10, 'subsample': 0.8, 'colsample_bytree': 0.9000000000000001, 'gamma': 0.0}. Best is trial 936 with value: 0.5209191336622977.
[I 2023-10-14 00:47:55,932] Trial 947 finished with value: 0.5050874731810375 and parameters: {'w0': 0.154, 'w1': 0.727, 'w2': 0.153, 'w3': 0.17500000000000002, 'w4': 0.8290000000000001, 'w5': 0.901, 'w6': 0.753, 'w7': 0.128, 'w8': 0.9590000000000001, 'max_depth': 7, 'min_child_weight': 10, 'subsample': 1.0, 'colsample_bytree': 0.9000000000000001, 'gamma': 0.0}. Best is trial 936 with value: 0.5209191336622977.
[I 2023-10-14 00:50:48,885] Trial 949 finished with value: 0.512346079162769 and parameters: {'w0': 0.162, 'w1': 0.735, 'w2': 0.148, 'w3': 0.185, 'w4': 0.836, 'w5': 0.10300000000000001, 'w6': 0.544, 'w7': 0.115, 'w8': 0.356, 'max_depth': 7, 'min_child_weight': 10, 'subsample': 1.0, 'colsample_bytree': 0.9000000000000001, 'gamma': 0.0}. Best is trial 936 with value: 0.5209191336622977.
