[I 2023-10-10 19:45:53,163] Trial 386 finished with value: 0.6142560781775355 and parameters: {'w0': 0.21, 'w1': 0.6880000000000001, 'w2': 0.354, 'w3': 0.746, 'w4': 0.991, 'w5': 0.108, 'w6': 0.619, 'w7': 0.424, 'w8': 0.739, 'max_depth': 7, 'min_child_weight': 16, 'subsample': 1.0, 'colsample_bytree': 0.9000000000000001, 'gamma': 0.2}. Best is trial 343 with value: 0.6167806850833912.
[I 2023-10-10 19:47:22,921] Trial 387 finished with value: 0.6140213065875249 and parameters: {'w0': 0.20700000000000002, 'w1': 0.682, 'w2': 0.326, 'w3': 0.78, 'w4': 0.999, 'w5': 0.084, 'w6': 0.611, 'w7': 0.41500000000000004, 'w8': 0.71, 'max_depth': 7, 'min_child_weight': 16, 'subsample': 1.0, 'colsample_bytree': 0.9000000000000001, 'gamma': 0.2}. Best is trial 343 with value: 0.6167806850833912.
[I 2023-10-10 19:48:08,813] Trial 388 finished with value: 0.6140794352362262 and parameters: {'w0': 0.216, 'w1': 0.687, 'w2': 0.342, 'w3': 0.809, 'w4': 0.998, 'w5': 0.113, 'w6': 0.613, 'w7': 0.41400000000000003, 'w8': 0.712, 'max_depth': 7, 'min_child_weight': 16, 'subsample': 1.0, 'colsample_bytree': 0.9000000000000001, 'gamma': 0.2}. Best is trial 343 with value: 0.6167806850833912.
[I 2023-10-10 19:49:04,835] Trial 389 finished with value: 0.6123144024692818 and parameters: {'w0': 0.214, 'w1': 0.808, 'w2': 0.333, 'w3': 0.795, 'w4': 0.981, 'w5': 0.125, 'w6': 0.909, 'w7': 0.41700000000000004, 'w8': 0.705, 'max_depth': 7, 'min_child_weight': 16, 'subsample': 1.0, 'colsample_bytree': 0.9000000000000001, 'gamma': 0.2}. Best is trial 343 with value: 0.6167806850833912.
[I 2023-10-10 19:49:42,347] Trial 390 finished with value: 0.6145788649772439 and parameters: {'w0': 0.20700000000000002, 'w1': 0.681, 'w2': 0.329, 'w3': 0.743, 'w4': 0.987, 'w5': 0.131, 'w6': 0.913, 'w7': 0.41500000000000004, 'w8': 0.7040000000000001, 'max_depth': 7, 'min_child_weight': 16, 'subsample': 1.0, 'colsample_bytree': 0.9000000000000001, 'gamma': 0.2}. Best is trial 343 with value: 0.6167806850833912.
[I 2023-10-10 19:50:33,814] Trial 391 finished with value: 0.6111196137502062 and parameters: {'w0': 0.211, 'w1': 0.683, 'w2': 0.358, 'w3': 0.811, 'w4': 0.963, 'w5': 0.299, 'w6': 0.612, 'w7': 0.41700000000000004, 'w8': 0.709, 'max_depth': 7, 'min_child_weight': 16, 'subsample': 1.0, 'colsample_bytree': 0.9000000000000001, 'gamma': 0.2}. Best is trial 343 with value: 0.6167806850833912.
[I 2023-10-10 19:52:07,151] Trial 398 finished with value: 0.5397494701660613 and parameters: {'w0': 0.201, 'w1': 0.6910000000000001, 'w2': 0.318, 'w3': 0.8200000000000001, 'w4': 0.975, 'w5': 0.1, 'w6': 0.616, 'w7': 0.40900000000000003, 'w8': 0.652, 'max_depth': 7, 'min_child_weight': 16, 'subsample': 1.0, 'colsample_bytree': 0.9000000000000001, 'gamma': 9.8}. Best is trial 343 with value: 0.6167806850833912.
[I 2023-10-10 19:52:35,661] Trial 392 finished with value: 0.6167939009036116 and parameters: {'w0': 0.259, 'w1': 0.685, 'w2': 0.357, 'w3': 0.803, 'w4': 0.9560000000000001, 'w5': 0.25, 'w6': 0.869, 'w7': 0.418, 'w8': 0.71, 'max_depth': 7, 'min_child_weight': 16, 'subsample': 1.0, 'colsample_bytree': 0.9000000000000001, 'gamma': 0.2}. Best is trial 392 with value: 0.6167939009036116.
[I 2023-10-10 19:53:58,284] Trial 393 finished with value: 0.6163035745331918 and parameters: {'w0': 0.21, 'w1': 0.6910000000000001, 'w2': 0.363, 'w3': 0.8, 'w4': 0.9580000000000001, 'w5': 0.076, 'w6': 0.915, 'w7': 0.40900000000000003, 'w8': 0.712, 'max_depth': 7, 'min_child_weight': 16, 'subsample': 1.0, 'colsample_bytree': 0.9000000000000001, 'gamma': 0.2}. Best is trial 392 with value: 0.6167939009036116.
[I 2023-10-10 19:55:09,526] Trial 394 finished with value: 0.618315494389823 and parameters: {'w0': 0.255, 'w1': 0.808, 'w2': 0.363, 'w3': 0.8150000000000001, 'w4': 0.963, 'w5': 0.098, 'w6': 0.909, 'w7': 0.41400000000000003, 'w8': 0.715, 'max_depth': 7, 'min_child_weight': 16, 'subsample': 1.0, 'colsample_bytree': 0.9000000000000001, 'gamma': 0.2}. Best is trial 394 with value: 0.618315494389823.
[I 2023-10-10 20:03:00,257] Trial 395 finished with value: 0.6119978681904706 and parameters: {'w0': 0.257, 'w1': 0.674, 'w2': 0.365, 'w3': 0.808, 'w4': 0.9600000000000001, 'w5': 0.058, 'w6': 0.911, 'w7': 0.421, 'w8': 0.711, 'max_depth': 7, 'min_child_weight': 16, 'subsample': 1.0, 'colsample_bytree': 0.9000000000000001, 'gamma': 0.2}. Best is trial 394 with value: 0.618315494389823.
[I 2023-10-10 20:03:40,011] Trial 396 finished with value: 0.6175195740750486 and parameters: {'w0': 0.20500000000000002, 'w1': 0.68, 'w2': 0.365, 'w3': 0.8200000000000001, 'w4': 0.967, 'w5': 0.10400000000000001, 'w6': 0.619, 'w7': 0.41200000000000003, 'w8': 0.655, 'max_depth': 7, 'min_child_weight': 16, 'subsample': 1.0, 'colsample_bytree': 0.9000000000000001, 'gamma': 0.2}. Best is trial 394 with value: 0.618315494389823.
[I 2023-10-10 20:04:44,913] Trial 397 finished with value: 0.6142181245544507 and parameters: {'w0': 0.20600000000000002, 'w1': 0.6950000000000001, 'w2': 0.361, 'w3': 0.807, 'w4': 0.9600000000000001, 'w5': 0.112, 'w6': 0.906, 'w7': 0.423, 'w8': 0.664, 'max_depth': 7, 'min_child_weight': 16, 'subsample': 1.0, 'colsample_bytree': 0.9000000000000001, 'gamma': 0.2}. Best is trial 394 with value: 0.618315494389823.
[I 2023-10-10 20:07:28,906] Trial 399 finished with value: 0.6115132596765906 and parameters: {'w0': 0.177, 'w1': 0.6990000000000001, 'w2': 0.313, 'w3': 0.801, 'w4': 0.974, 'w5': 0.10500000000000001, 'w6': 0.612, 'w7': 0.41200000000000003, 'w8': 0.656, 'max_depth': 7, 'min_child_weight': 16, 'subsample': 1.0, 'colsample_bytree': 0.9000000000000001, 'gamma': 0.0}. Best is trial 394 with value: 0.618315494389823.
[I 2023-10-10 20:08:40,827] Trial 401 finished with value: 0.611344758756514 and parameters: {'w0': 0.21, 'w1': 0.707, 'w2': 0.302, 'w3': 0.8130000000000001, 'w4': 0.971, 'w5': 0.053000000000000005, 'w6': 0.861, 'w7': 0.41500000000000004, 'w8': 0.659, 'max_depth': 7, 'min_child_weight': 16, 'subsample': 1.0, 'colsample_bytree': 0.9000000000000001, 'gamma': 0.0}. Best is trial 394 with value: 0.618315494389823.
[I 2023-10-10 20:08:56,758] Trial 400 finished with value: 0.6090416204259168 and parameters: {'w0': 0.17, 'w1': 0.663, 'w2': 0.305, 'w3': 0.796, 'w4': 0.975, 'w5': 0.10400000000000001, 'w6': 0.612, 'w7': 0.41300000000000003, 'w8': 0.707, 'max_depth': 7, 'min_child_weight': 16, 'subsample': 1.0, 'colsample_bytree': 0.9000000000000001, 'gamma': 0.0}. Best is trial 394 with value: 0.618315494389823.
[I 2023-10-10 20:09:56,783] Trial 402 finished with value: 0.6111398230366579 and parameters: {'w0': 0.202, 'w1': 0.668, 'w2': 0.28500000000000003, 'w3': 0.806, 'w4': 0.966, 'w5': 0.10300000000000001, 'w6': 0.625, 'w7': 0.40800000000000003, 'w8': 0.709, 'max_depth': 7, 'min_child_weight': 16, 'subsample': 1.0, 'colsample_bytree': 0.9000000000000001, 'gamma': 0.0}. Best is trial 394 with value: 0.618315494389823.
[I 2023-10-10 20:11:03,338] Trial 403 finished with value: 0.6115297448171174 and parameters: {'w0': 0.164, 'w1': 0.678, 'w2': 0.306, 'w3': 0.803, 'w4': 0.974, 'w5': 0.111, 'w6': 0.609, 'w7': 0.41000000000000003, 'w8': 0.661, 'max_depth': 7, 'min_child_weight': 16, 'subsample': 1.0, 'colsample_bytree': 0.9000000000000001, 'gamma': 0.0}. Best is trial 394 with value: 0.618315494389823.
[I 2023-10-10 20:11:44,765] Trial 404 finished with value: 0.6111041495254597 and parameters: {'w0': 0.196, 'w1': 0.6990000000000001, 'w2': 0.293, 'w3': 0.8130000000000001, 'w4': 0.97, 'w5': 0.083, 'w6': 0.615, 'w7': 0.404, 'w8': 0.658, 'max_depth': 7, 'min_child_weight': 16, 'subsample': 1.0, 'colsample_bytree': 0.9000000000000001, 'gamma': 0.0}. Best is trial 394 with value: 0.618315494389823.
[I 2023-10-10 20:13:03,537] Trial 405 finished with value: 0.6074168597023109 and parameters: {'w0': 0.17200000000000001, 'w1': 0.68, 'w2': 0.297, 'w3': 0.807, 'w4': 0.968, 'w5': 0.078, 'w6': 0.608, 'w7': 0.436, 'w8': 0.655, 'max_depth': 7, 'min_child_weight': 16, 'subsample': 1.0, 'colsample_bytree': 0.9000000000000001, 'gamma': 0.0}. Best is trial 394 with value: 0.618315494389823.
[I 2023-10-10 20:14:25,289] Trial 406 finished with value: 0.6090247066083213 and parameters: {'w0': 0.19, 'w1': 0.666, 'w2': 0.295, 'w3': 0.8230000000000001, 'w4': 0.963, 'w5': 0.107, 'w6': 0.609, 'w7': 0.41600000000000004, 'w8': 0.707, 'max_depth': 7, 'min_child_weight': 14, 'subsample': 1.0, 'colsample_bytree': 0.9000000000000001, 'gamma': 0.0}. Best is trial 394 with value: 0.618315494389823.
[I 2023-10-10 20:14:58,910] Trial 407 finished with value: 0.6120793675798522 and parameters: {'w0': 0.17, 'w1': 0.672, 'w2': 0.3, 'w3': 0.8140000000000001, 'w4': 0.969, 'w5': 0.111, 'w6': 0.614, 'w7': 0.404, 'w8': 0.655, 'max_depth': 7, 'min_child_weight': 16, 'subsample': 1.0, 'colsample_bytree': 0.9000000000000001, 'gamma': 0.0}. Best is trial 394 with value: 0.618315494389823.
[I 2023-10-10 20:16:21,238] Trial 408 finished with value: 0.6118877041175098 and parameters: {'w0': 0.17300000000000001, 'w1': 0.668, 'w2': 0.292, 'w3': 0.807, 'w4': 0.9600000000000001, 'w5': 0.049, 'w6': 0.595, 'w7': 0.433, 'w8': 0.665, 'max_depth': 7, 'min_child_weight': 14, 'subsample': 1.0, 'colsample_bytree': 0.9000000000000001, 'gamma': 0.0}. Best is trial 394 with value: 0.618315494389823.
[I 2023-10-10 20:16:31,625] Trial 409 finished with value: 0.6142298209906802 and parameters: {'w0': 0.171, 'w1': 0.663, 'w2': 0.305, 'w3': 0.81, 'w4': 0.963, 'w5': 0.056, 'w6': 0.615, 'w7': 0.404, 'w8': 0.71, 'max_depth': 7, 'min_child_weight': 14, 'subsample': 1.0, 'colsample_bytree': 0.9000000000000001, 'gamma': 0.0}. Best is trial 394 with value: 0.618315494389823.
[I 2023-10-10 20:18:15,352] Trial 410 finished with value: 0.6085894264494983 and parameters: {'w0': 0.171, 'w1': 0.675, 'w2': 0.304, 'w3': 0.797, 'w4': 0.962, 'w5': 0.109, 'w6': 0.234, 'w7': 0.40900000000000003, 'w8': 0.714, 'max_depth': 7, 'min_child_weight': 14, 'subsample': 1.0, 'colsample_bytree': 0.9000000000000001, 'gamma': 0.0}. Best is trial 394 with value: 0.618315494389823.
[I 2023-10-10 20:21:39,951] Trial 411 finished with value: 0.6135620800289358 and parameters: {'w0': 0.189, 'w1': 0.652, 'w2': 0.291, 'w3': 0.811, 'w4': 0.966, 'w5': 0.04, 'w6': 0.867, 'w7': 0.402, 'w8': 0.71, 'max_depth': 8, 'min_child_weight': 14, 'subsample': 1.0, 'colsample_bytree': 0.9000000000000001, 'gamma': 0.0}. Best is trial 394 with value: 0.618315494389823.
[I 2023-10-10 20:22:10,670] Trial 421 finished with value: 0.5625408861718791 and parameters: {'w0': 0.186, 'w1': 0.649, 'w2': 0.355, 'w3': 0.839, 'w4': 0.9530000000000001, 'w5': 0.241, 'w6': 0.876, 'w7': 0.393, 'w8': 0.722, 'max_depth': 8, 'min_child_weight': 14, 'subsample': 1.0, 'colsample_bytree': 0.9000000000000001, 'gamma': 9.0}. Best is trial 394 with value: 0.618315494389823.
[I 2023-10-10 20:25:14,613] Trial 419 finished with value: 0.6098720851499707 and parameters: {'w0': 0.193, 'w1': 0.649, 'w2': 0.353, 'w3': 0.841, 'w4': 0.9540000000000001, 'w5': 0.247, 'w6': 0.869, 'w7': 0.398, 'w8': 0.719, 'max_depth': 8, 'min_child_weight': 14, 'subsample': 1.0, 'colsample_bytree': 0.9000000000000001, 'gamma': 0.6000000000000001}. Best is trial 394 with value: 0.618315494389823.
[I 2023-10-10 20:25:42,202] Trial 420 finished with value: 0.6114089267347806 and parameters: {'w0': 0.187, 'w1': 0.647, 'w2': 0.353, 'w3': 0.741, 'w4': 0.9560000000000001, 'w5': 0.243, 'w6': 0.862, 'w7': 0.369, 'w8': 0.716, 'max_depth': 8, 'min_child_weight': 14, 'subsample': 1.0, 'colsample_bytree': 0.9000000000000001, 'gamma': 0.6000000000000001}. Best is trial 394 with value: 0.618315494389823.
[I 2023-10-10 20:27:38,629] Trial 412 finished with value: 0.6121310418926038 and parameters: {'w0': 0.178, 'w1': 0.674, 'w2': 0.307, 'w3': 0.81, 'w4': 0.965, 'w5': 0.246, 'w6': 0.607, 'w7': 0.399, 'w8': 0.655, 'max_depth': 7, 'min_child_weight': 14, 'subsample': 1.0, 'colsample_bytree': 0.9000000000000001, 'gamma': 0.0}. Best is trial 394 with value: 0.618315494389823.
[I 2023-10-10 20:28:23,048] Trial 422 finished with value: 0.6062376113430484 and parameters: {'w0': 0.182, 'w1': 0.651, 'w2': 0.354, 'w3': 0.8290000000000001, 'w4': 0.9540000000000001, 'w5': 0.246, 'w6': 0.5750000000000001, 'w7': 0.385, 'w8': 0.726, 'max_depth': 7, 'min_child_weight': 14, 'subsample': 1.0, 'colsample_bytree': 0.9000000000000001, 'gamma': 0.6000000000000001}. Best is trial 394 with value: 0.618315494389823.
[I 2023-10-10 20:28:23,103] Trial 413 finished with value: 0.611010844774333 and parameters: {'w0': 0.16, 'w1': 0.664, 'w2': 0.297, 'w3': 0.839, 'w4': 0.964, 'w5': 0.114, 'w6': 0.869, 'w7': 0.402, 'w8': 0.713, 'max_depth': 7, 'min_child_weight': 14, 'subsample': 1.0, 'colsample_bytree': 0.9000000000000001, 'gamma': 0.0}. Best is trial 394 with value: 0.618315494389823.
[I 2023-10-10 20:29:01,348] Trial 423 finished with value: 0.6073956214664857 and parameters: {'w0': 0.184, 'w1': 0.657, 'w2': 0.355, 'w3': 0.842, 'w4': 0.9540000000000001, 'w5': 0.245, 'w6': 0.871, 'w7': 0.376, 'w8': 0.721, 'max_depth': 7, 'min_child_weight': 14, 'subsample': 1.0, 'colsample_bytree': 0.9000000000000001, 'gamma': 0.6000000000000001}. Best is trial 394 with value: 0.618315494389823.
[I 2023-10-10 20:29:04,264] Trial 414 finished with value: 0.6109831980163865 and parameters: {'w0': 0.198, 'w1': 0.662, 'w2': 0.298, 'w3': 0.805, 'w4': 0.964, 'w5': 0.10500000000000001, 'w6': 0.869, 'w7': 0.405, 'w8': 0.66, 'max_depth': 7, 'min_child_weight': 14, 'subsample': 1.0, 'colsample_bytree': 0.9000000000000001, 'gamma': 0.0}. Best is trial 394 with value: 0.618315494389823.
[I 2023-10-10 20:30:44,661] Trial 424 finished with value: 0.6060092584230211 and parameters: {'w0': 0.14300000000000002, 'w1': 0.706, 'w2': 0.355, 'w3': 0.836, 'w4': 0.9550000000000001, 'w5': 0.244, 'w6': 0.886, 'w7': 0.379, 'w8': 0.723, 'max_depth': 8, 'min_child_weight': 14, 'subsample': 1.0, 'colsample_bytree': 0.9000000000000001, 'gamma': 0.6000000000000001}. Best is trial 394 with value: 0.618315494389823.
[I 2023-10-10 20:30:50,453] Trial 427 finished with value: 0.5549394655316652 and parameters: {'w0': 0.15, 'w1': 0.7040000000000001, 'w2': 0.357, 'w3': 0.843, 'w4': 0.9500000000000001, 'w5': 0.245, 'w6': 0.877, 'w7': 0.377, 'w8': 0.724, 'max_depth': 7, 'min_child_weight': 16, 'subsample': 1.0, 'colsample_bytree': 0.9000000000000001, 'gamma': 9.200000000000001}. Best is trial 394 with value: 0.618315494389823.
[I 2023-10-10 20:30:53,141] Trial 417 finished with value: 0.6123433196550501 and parameters: {'w0': 0.19, 'w1': 0.664, 'w2': 0.29, 'w3': 0.842, 'w4': 0.961, 'w5': 0.077, 'w6': 0.873, 'w7': 0.373, 'w8': 0.716, 'max_depth': 8, 'min_child_weight': 14, 'subsample': 1.0, 'colsample_bytree': 0.9000000000000001, 'gamma': 0.2}. Best is trial 394 with value: 0.618315494389823.
[I 2023-10-10 20:32:12,494] Trial 418 finished with value: 0.6162220407087131 and parameters: {'w0': 0.185, 'w1': 0.653, 'w2': 0.353, 'w3': 0.847, 'w4': 0.9600000000000001, 'w5': 0.248, 'w6': 0.875, 'w7': 0.361, 'w8': 0.662, 'max_depth': 7, 'min_child_weight': 14, 'subsample': 1.0, 'colsample_bytree': 0.9000000000000001, 'gamma': 0.2}. Best is trial 394 with value: 0.618315494389823.
[I 2023-10-10 20:32:42,455] Trial 426 finished with value: 0.6128029318801678 and parameters: {'w0': 0.199, 'w1': 0.7020000000000001, 'w2': 0.358, 'w3': 0.847, 'w4': 0.9520000000000001, 'w5': 0.248, 'w6': 0.876, 'w7': 0.368, 'w8': 0.724, 'max_depth': 8, 'min_child_weight': 14, 'subsample': 1.0, 'colsample_bytree': 0.9000000000000001, 'gamma': 0.6000000000000001}. Best is trial 394 with value: 0.618315494389823.
[I 2023-10-10 20:34:24,885] Trial 415 finished with value: 0.6150114213964287 and parameters: {'w0': 0.163, 'w1': 0.663, 'w2': 0.28600000000000003, 'w3': 0.8280000000000001, 'w4': 0.962, 'w5': 0.075, 'w6': 0.87, 'w7': 0.37, 'w8': 0.661, 'max_depth': 8, 'min_child_weight': 14, 'subsample': 1.0, 'colsample_bytree': 0.9000000000000001, 'gamma': 0.0}. Best is trial 394 with value: 0.618315494389823.
[I 2023-10-10 20:35:02,272] Trial 416 finished with value: 0.612379298496102 and parameters: {'w0': 0.162, 'w1': 0.658, 'w2': 0.279, 'w3': 0.8230000000000001, 'w4': 0.9600000000000001, 'w5': 0.082, 'w6': 0.601, 'w7': 0.367, 'w8': 0.711, 'max_depth': 8, 'min_child_weight': 14, 'subsample': 1.0, 'colsample_bytree': 0.9000000000000001, 'gamma': 0.0}. Best is trial 394 with value: 0.618315494389823.
[I 2023-10-10 20:36:00,460] Trial 428 finished with value: 0.6036530378664886 and parameters: {'w0': 0.14, 'w1': 0.6890000000000001, 'w2': 0.354, 'w3': 0.842, 'w4': 0.9510000000000001, 'w5': 0.273, 'w6': 0.58, 'w7': 0.363, 'w8': 0.73, 'max_depth': 7, 'min_child_weight': 16, 'subsample': 1.0, 'colsample_bytree': 0.9000000000000001, 'gamma': 0.6000000000000001}. Best is trial 394 with value: 0.618315494389823.
[I 2023-10-10 20:38:55,208] Trial 425 finished with value: 0.6068811451182204 and parameters: {'w0': 0.131, 'w1': 0.65, 'w2': 0.355, 'w3': 0.841, 'w4': 0.9560000000000001, 'w5': 0.247, 'w6': 0.874, 'w7': 0.401, 'w8': 0.723, 'max_depth': 8, 'min_child_weight': 14, 'subsample': 1.0, 'colsample_bytree': 0.9000000000000001, 'gamma': 0.2}. Best is trial 394 with value: 0.618315494389823.
[I 2023-10-10 20:46:43,578] Trial 429 finished with value: 0.6053096447869915 and parameters: {'w0': 0.138, 'w1': 0.705, 'w2': 0.325, 'w3': 0.742, 'w4': 0.984, 'w5': 0.266, 'w6': 0.5740000000000001, 'w7': 0.367, 'w8': 0.371, 'max_depth': 7, 'min_child_weight': 16, 'subsample': 1.0, 'colsample_bytree': 0.9000000000000001, 'gamma': 0.2}. Best is trial 394 with value: 0.618315494389823.
[I 2023-10-10 20:47:46,178] Trial 438 finished with value: 0.6010750011960782 and parameters: {'w0': 0.254, 'w1': 0.48000000000000004, 'w2': 0.323, 'w3': 0.745, 'w4': 0.986, 'w5': 0.278, 'w6': 0.559, 'w7': 0.434, 'w8': 0.6930000000000001, 'max_depth': 7, 'min_child_weight': 16, 'subsample': 1.0, 'colsample_bytree': 0.9000000000000001, 'gamma': 0.4}. Best is trial 394 with value: 0.618315494389823.
[I 2023-10-10 20:48:20,891] Trial 430 finished with value: 0.6129895571896152 and parameters: {'w0': 0.261, 'w1': 0.6990000000000001, 'w2': 0.325, 'w3': 0.842, 'w4': 0.981, 'w5': 0.07200000000000001, 'w6': 0.552, 'w7': 0.434, 'w8': 0.6940000000000001, 'max_depth': 7, 'min_child_weight': 16, 'subsample': 1.0, 'colsample_bytree': 0.9000000000000001, 'gamma': 0.2}. Best is trial 394 with value: 0.618315494389823.
[I 2023-10-10 20:49:00,460] Trial 439 finished with value: 0.6168032826314898 and parameters: {'w0': 0.257, 'w1': 0.7010000000000001, 'w2': 0.331, 'w3': 0.747, 'w4': 0.982, 'w5': 0.28300000000000003, 'w6': 0.561, 'w7': 0.35200000000000004, 'w8': 0.6890000000000001, 'max_depth': 7, 'min_child_weight': 16, 'subsample': 1.0, 'colsample_bytree': 0.9000000000000001, 'gamma': 0.4}. Best is trial 394 with value: 0.618315494389823.
[I 2023-10-10 20:49:32,876] Trial 440 finished with value: 0.6011831122073598 and parameters: {'w0': 0.248, 'w1': 0.47400000000000003, 'w2': 0.327, 'w3': 0.742, 'w4': 0.924, 'w5': 0.28500000000000003, 'w6': 0.579, 'w7': 0.432, 'w8': 0.6970000000000001, 'max_depth': 7, 'min_child_weight': 16, 'subsample': 1.0, 'colsample_bytree': 0.9000000000000001, 'gamma': 0.4}. Best is trial 394 with value: 0.618315494389823.
[I 2023-10-10 20:50:45,503] Trial 433 finished with value: 0.6122363375140296 and parameters: {'w0': 0.253, 'w1': 0.47600000000000003, 'w2': 0.326, 'w3': 0.743, 'w4': 0.983, 'w5': 0.065, 'w6': 0.549, 'w7': 0.432, 'w8': 0.6940000000000001, 'max_depth': 7, 'min_child_weight': 16, 'subsample': 1.0, 'colsample_bytree': 0.9000000000000001, 'gamma': 0.2}. Best is trial 394 with value: 0.618315494389823.
[I 2023-10-10 20:50:54,033] Trial 442 finished with value: 0.5996511208874385 and parameters: {'w0': 0.258, 'w1': 0.616, 'w2': 0.324, 'w3': 0.743, 'w4': 0.981, 'w5': 0.023, 'w6': 0.663, 'w7': 0.428, 'w8': 0.6900000000000001, 'max_depth': 7, 'min_child_weight': 16, 'subsample': 1.0, 'colsample_bytree': 0.9000000000000001, 'gamma': 0.4}. Best is trial 394 with value: 0.618315494389823.
[I 2023-10-10 20:50:58,312] Trial 431 finished with value: 0.6186104975389769 and parameters: {'w0': 0.257, 'w1': 0.6910000000000001, 'w2': 0.323, 'w3': 0.742, 'w4': 0.98, 'w5': 0.278, 'w6': 0.579, 'w7': 0.372, 'w8': 0.6920000000000001, 'max_depth': 7, 'min_child_weight': 16, 'subsample': 1.0, 'colsample_bytree': 0.9000000000000001, 'gamma': 0.2}. Best is trial 431 with value: 0.6186104975389769.
[I 2023-10-10 20:51:11,873] Trial 441 finished with value: 0.6064014654193979 and parameters: {'w0': 0.26, 'w1': 0.6940000000000001, 'w2': 0.259, 'w3': 0.748, 'w4': 0.984, 'w5': 0.274, 'w6': 0.56, 'w7': 0.35200000000000004, 'w8': 0.633, 'max_depth': 7, 'min_child_weight': 16, 'subsample': 1.0, 'colsample_bytree': 0.9000000000000001, 'gamma': 0.4}. Best is trial 431 with value: 0.6186104975389769.
[I 2023-10-10 20:51:12,547] Trial 434 finished with value: 0.6058708809471501 and parameters: {'w0': 0.134, 'w1': 0.707, 'w2': 0.328, 'w3': 0.738, 'w4': 0.984, 'w5': 0.07300000000000001, 'w6': 0.586, 'w7': 0.43, 'w8': 0.6950000000000001, 'max_depth': 7, 'min_child_weight': 16, 'subsample': 1.0, 'colsample_bytree': 0.9000000000000001, 'gamma': 0.2}. Best is trial 431 with value: 0.6186104975389769.
[I 2023-10-10 20:51:24,952] Trial 432 finished with value: 0.6115648866683496 and parameters: {'w0': 0.153, 'w1': 0.6950000000000001, 'w2': 0.324, 'w3': 0.744, 'w4': 0.982, 'w5': 0.275, 'w6': 0.558, 'w7': 0.376, 'w8': 0.6880000000000001, 'max_depth': 7, 'min_child_weight': 16, 'subsample': 1.0, 'colsample_bytree': 0.9000000000000001, 'gamma': 0.2}. Best is trial 431 with value: 0.6186104975389769.
[I 2023-10-10 20:51:56,871] Trial 443 finished with value: 0.6069029647555478 and parameters: {'w0': 0.256, 'w1': 0.625, 'w2': 0.327, 'w3': 0.788, 'w4': 0.981, 'w5': 0.019000000000000003, 'w6': 0.672, 'w7': 0.34700000000000003, 'w8': 0.6910000000000001, 'max_depth': 7, 'min_child_weight': 16, 'subsample': 1.0, 'colsample_bytree': 0.9000000000000001, 'gamma': 0.4}. Best is trial 431 with value: 0.6186104975389769.
