[I 2023-10-12 01:57:10,762] Trial 1991 finished with value: 0.6261744645292437 and parameters: {'w0': 0.264, 'w1': 0.856, 'w2': 0.28700000000000003, 'w3': 0.661, 'w4': 0.764, 'w5': 0.093, 'w6': 0.768, 'w7': 0.273, 'w8': 0.721, 'max_depth': 6, 'min_child_weight': 4, 'subsample': 0.8, 'colsample_bytree': 1.0, 'gamma': 1.0}. Best is trial 1801 with value: 0.629468387989737.
[I 2023-10-12 01:57:46,438] Trial 1993 finished with value: 0.6217549239266553 and parameters: {'w0': 0.297, 'w1': 0.858, 'w2': 0.28300000000000003, 'w3': 0.66, 'w4': 0.76, 'w5': 0.051000000000000004, 'w6': 0.754, 'w7': 0.281, 'w8': 0.719, 'max_depth': 6, 'min_child_weight': 4, 'subsample': 0.8, 'colsample_bytree': 1.0, 'gamma': 1.0}. Best is trial 1801 with value: 0.629468387989737.
[I 2023-10-12 01:58:06,580] Trial 1994 finished with value: 0.6176738786031234 and parameters: {'w0': 0.224, 'w1': 0.919, 'w2': 0.28, 'w3': 0.653, 'w4': 0.764, 'w5': 0.052000000000000005, 'w6': 0.759, 'w7': 0.20500000000000002, 'w8': 0.713, 'max_depth': 6, 'min_child_weight': 4, 'subsample': 0.8, 'colsample_bytree': 1.0, 'gamma': 1.0}. Best is trial 1801 with value: 0.629468387989737.
[I 2023-10-12 01:58:11,302] Trial 1995 finished with value: 0.6235388626943614 and parameters: {'w0': 0.223, 'w1': 0.918, 'w2': 0.28800000000000003, 'w3': 0.649, 'w4': 0.763, 'w5': 0.048, 'w6': 0.758, 'w7': 0.20900000000000002, 'w8': 0.728, 'max_depth': 6, 'min_child_weight': 4, 'subsample': 0.8, 'colsample_bytree': 1.0, 'gamma': 1.0}. Best is trial 1801 with value: 0.629468387989737.
[I 2023-10-12 01:58:21,001] Trial 1989 finished with value: 0.617081502612691 and parameters: {'w0': 0.532, 'w1': 0.91, 'w2': 0.231, 'w3': 0.65, 'w4': 0.731, 'w5': 0.10200000000000001, 'w6': 0.761, 'w7': 0.259, 'w8': 0.724, 'max_depth': 6, 'min_child_weight': 4, 'subsample': 0.8, 'colsample_bytree': 1.0, 'gamma': 0.6000000000000001}. Best is trial 1801 with value: 0.629468387989737.
[I 2023-10-12 01:58:41,494] Trial 1996 finished with value: 0.625143330104907 and parameters: {'w0': 0.221, 'w1': 0.9410000000000001, 'w2': 0.28600000000000003, 'w3': 0.66, 'w4': 0.765, 'w5': 0.052000000000000005, 'w6': 0.758, 'w7': 0.20800000000000002, 'w8': 0.714, 'max_depth': 6, 'min_child_weight': 4, 'subsample': 0.8, 'colsample_bytree': 1.0, 'gamma': 1.0}. Best is trial 1801 with value: 0.629468387989737.
[I 2023-10-12 01:58:57,918] Trial 1990 finished with value: 0.6216673020531097 and parameters: {'w0': 0.267, 'w1': 0.862, 'w2': 0.23, 'w3': 0.66, 'w4': 0.735, 'w5': 0.10300000000000001, 'w6': 0.766, 'w7': 0.269, 'w8': 0.72, 'max_depth': 6, 'min_child_weight': 4, 'subsample': 0.8, 'colsample_bytree': 1.0, 'gamma': 0.6000000000000001}. Best is trial 1801 with value: 0.629468387989737.
[I 2023-10-12 01:59:20,146] Trial 1992 finished with value: 0.615933181495636 and parameters: {'w0': 0.225, 'w1': 0.861, 'w2': 0.28600000000000003, 'w3': 0.662, 'w4': 0.682, 'w5': 0.054, 'w6': 0.762, 'w7': 0.279, 'w8': 0.72, 'max_depth': 6, 'min_child_weight': 4, 'subsample': 0.8, 'colsample_bytree': 1.0, 'gamma': 0.6000000000000001}. Best is trial 1801 with value: 0.629468387989737.
[I 2023-10-12 02:00:12,427] Trial 1997 finished with value: 0.6148470470461657 and parameters: {'w0': 0.484, 'w1': 0.916, 'w2': 0.28700000000000003, 'w3': 0.648, 'w4': 0.768, 'w5': 0.057, 'w6': 0.756, 'w7': 0.20900000000000002, 'w8': 0.714, 'max_depth': 6, 'min_child_weight': 4, 'subsample': 0.8, 'colsample_bytree': 1.0, 'gamma': 1.0}. Best is trial 1801 with value: 0.629468387989737.
[I 2023-10-12 02:00:30,268] Trial 1998 finished with value: 0.6227912709263984 and parameters: {'w0': 0.221, 'w1': 0.92, 'w2': 0.28900000000000003, 'w3': 0.657, 'w4': 0.762, 'w5': 0.053000000000000005, 'w6': 0.758, 'w7': 0.20800000000000002, 'w8': 0.711, 'max_depth': 6, 'min_child_weight': 4, 'subsample': 0.8, 'colsample_bytree': 1.0, 'gamma': 1.0}. Best is trial 1801 with value: 0.629468387989737.
[I 2023-10-12 02:17:31,036] Trial 1999 finished with value: 0.624535213032918 and parameters: {'w0': 0.222, 'w1': 0.92, 'w2': 0.281, 'w3': 0.651, 'w4': 0.761, 'w5': 0.059000000000000004, 'w6': 0.765, 'w7': 0.202, 'w8': 0.717, 'max_depth': 6, 'min_child_weight': 4, 'subsample': 0.8, 'colsample_bytree': 1.0, 'gamma': 0.6000000000000001}. Best is trial 1801 with value: 0.629468387989737.
[I 2023-10-12 02:22:57,440] A new study created in memory with name: no-name-4b7eed9c-854e-45d5-9962-41e9bf56d473
[I 2023-10-12 02:32:08,867] Trial 0 finished with value: 0.3880337329715265 and parameters: {'w0': 0.848, 'w1': 0.681, 'w2': 0.211, 'w3': 0.111, 'w4': 0.362, 'w5': 0.801, 'w6': 0.10200000000000001, 'w7': 0.61, 'w8': 0.17300000000000001, 'max_depth': 3, 'min_child_weight': 14, 'subsample': 1.0, 'colsample_bytree': 0.6000000000000001, 'gamma': 7.4}. Best is trial 0 with value: 0.3880337329715265.
[I 2023-10-12 02:32:37,822] Trial 12 finished with value: 0.444659811608804 and parameters: {'w0': 0.05, 'w1': 0.674, 'w2': 0.515, 'w3': 0.9550000000000001, 'w4': 0.931, 'w5': 0.582, 'w6': 0.747, 'w7': 0.271, 'w8': 0.232, 'max_depth': 3, 'min_child_weight': 4, 'subsample': 0.2, 'colsample_bytree': 0.9000000000000001, 'gamma': 9.4}. Best is trial 12 with value: 0.444659811608804.
[I 2023-10-12 02:32:51,990] Trial 7 finished with value: 0.48241911191232534 and parameters: {'w0': 0.796, 'w1': 0.592, 'w2': 0.275, 'w3': 0.363, 'w4': 0.929, 'w5': 0.244, 'w6': 0.21, 'w7': 0.904, 'w8': 0.602, 'max_depth': 6, 'min_child_weight': 10, 'subsample': 1.0, 'colsample_bytree': 0.6000000000000001, 'gamma': 5.6000000000000005}. Best is trial 7 with value: 0.48241911191232534.
[I 2023-10-12 02:33:00,041] Trial 11 finished with value: 0.45256247432434515 and parameters: {'w0': 0.46, 'w1': 0.924, 'w2': 0.017, 'w3': 0.274, 'w4': 0.738, 'w5': 0.389, 'w6': 0.8320000000000001, 'w7': 0.399, 'w8': 0.063, 'max_depth': 5, 'min_child_weight': 0, 'subsample': 0.6000000000000001, 'colsample_bytree': 0.5, 'gamma': 9.4}. Best is trial 7 with value: 0.48241911191232534.
[I 2023-10-12 02:33:17,168] Trial 10 finished with value: 0.5155797664131039 and parameters: {'w0': 0.179, 'w1': 0.444, 'w2': 0.48000000000000004, 'w3': 0.628, 'w4': 0.8180000000000001, 'w5': 0.089, 'w6': 0.294, 'w7': 0.20600000000000002, 'w8': 0.9400000000000001, 'max_depth': 3, 'min_child_weight': 12, 'subsample': 0.7, 'colsample_bytree': 1.0, 'gamma': 6.6000000000000005}. Best is trial 10 with value: 0.5155797664131039.
[I 2023-10-12 02:33:30,054] Trial 5 finished with value: 0.5299858971370128 and parameters: {'w0': 0.6960000000000001, 'w1': 0.452, 'w2': 0.367, 'w3': 0.555, 'w4': 0.896, 'w5': 0.845, 'w6': 0.46, 'w7': 0.292, 'w8': 0.6990000000000001, 'max_depth': 7, 'min_child_weight': 10, 'subsample': 1.0, 'colsample_bytree': 0.3, 'gamma': 6.6000000000000005}. Best is trial 5 with value: 0.5299858971370128.
[I 2023-10-12 02:33:31,583] Trial 13 finished with value: 0.49708467496590725 and parameters: {'w0': 0.28200000000000003, 'w1': 0.223, 'w2': 0.714, 'w3': 0.279, 'w4': 0.535, 'w5': 0.318, 'w6': 0.67, 'w7': 0.6930000000000001, 'w8': 0.663, 'max_depth': 6, 'min_child_weight': 20, 'subsample': 0.8, 'colsample_bytree': 0.8, 'gamma': 9.0}. Best is trial 5 with value: 0.5299858971370128.
[I 2023-10-12 02:33:42,109] Trial 4 finished with value: 0.461969623677642 and parameters: {'w0': 0.116, 'w1': 0.769, 'w2': 0.656, 'w3': 0.687, 'w4': 0.753, 'w5': 0.442, 'w6': 0.747, 'w7': 0.6910000000000001, 'w8': 0.046, 'max_depth': 5, 'min_child_weight': 4, 'subsample': 0.7, 'colsample_bytree': 0.7, 'gamma': 7.800000000000001}. Best is trial 5 with value: 0.5299858971370128.
[I 2023-10-12 02:33:50,261] Trial 15 finished with value: 0.4637211446767271 and parameters: {'w0': 0.497, 'w1': 0.8160000000000001, 'w2': 0.449, 'w3': 0.243, 'w4': 0.054, 'w5': 0.392, 'w6': 0.333, 'w7': 0.129, 'w8': 0.187, 'max_depth': 6, 'min_child_weight': 12, 'subsample': 0.2, 'colsample_bytree': 1.0, 'gamma': 5.2}. Best is trial 5 with value: 0.5299858971370128.
[I 2023-10-12 02:34:25,228] Trial 9 finished with value: 0.4824784702635704 and parameters: {'w0': 0.422, 'w1': 0.881, 'w2': 0.247, 'w3': 0.986, 'w4': 0.598, 'w5': 0.14300000000000002, 'w6': 0.933, 'w7': 0.859, 'w8': 0.705, 'max_depth': 4, 'min_child_weight': 20, 'subsample': 0.2, 'colsample_bytree': 0.5, 'gamma': 6.0}. Best is trial 5 with value: 0.5299858971370128.
[I 2023-10-12 02:34:38,365] Trial 1 finished with value: 0.5426080332023545 and parameters: {'w0': 0.273, 'w1': 0.493, 'w2': 0.5710000000000001, 'w3': 0.787, 'w4': 1.0, 'w5': 0.917, 'w6': 0.333, 'w7': 0.458, 'w8': 0.519, 'max_depth': 8, 'min_child_weight': 8, 'subsample': 0.8, 'colsample_bytree': 0.6000000000000001, 'gamma': 5.0}. Best is trial 1 with value: 0.5426080332023545.
[I 2023-10-12 02:35:17,637] Trial 2 finished with value: 0.5247548147952532 and parameters: {'w0': 0.304, 'w1': 0.191, 'w2': 0.84, 'w3': 0.9510000000000001, 'w4': 0.788, 'w5': 0.313, 'w6': 0.5680000000000001, 'w7': 0.894, 'w8': 0.976, 'max_depth': 6, 'min_child_weight': 0, 'subsample': 0.5, 'colsample_bytree': 0.3, 'gamma': 5.6000000000000005}. Best is trial 1 with value: 0.5426080332023545.
[I 2023-10-12 02:35:20,962] Trial 3 finished with value: 0.49937339112414936 and parameters: {'w0': 0.055, 'w1': 0.992, 'w2': 0.846, 'w3': 0.811, 'w4': 0.714, 'w5': 0.749, 'w6': 0.535, 'w7': 0.19, 'w8': 0.527, 'max_depth': 10, 'min_child_weight': 0, 'subsample': 1.0, 'colsample_bytree': 1.0, 'gamma': 4.4}. Best is trial 1 with value: 0.5426080332023545.
[I 2023-10-12 02:35:44,174] Trial 6 finished with value: 0.5169939463175992 and parameters: {'w0': 0.723, 'w1': 0.5630000000000001, 'w2': 0.372, 'w3': 0.41200000000000003, 'w4': 0.8280000000000001, 'w5': 0.423, 'w6': 0.658, 'w7': 0.41500000000000004, 'w8': 0.013000000000000001, 'max_depth': 5, 'min_child_weight': 20, 'subsample': 0.9000000000000001, 'colsample_bytree': 0.8, 'gamma': 2.2}. Best is trial 1 with value: 0.5426080332023545.
[I 2023-10-12 02:35:50,115] Trial 8 finished with value: 0.4763407444727479 and parameters: {'w0': 0.855, 'w1': 0.839, 'w2': 0.98, 'w3': 0.242, 'w4': 0.526, 'w5': 0.432, 'w6': 0.224, 'w7': 0.867, 'w8': 0.057, 'max_depth': 6, 'min_child_weight': 12, 'subsample': 0.7, 'colsample_bytree': 1.0, 'gamma': 5.2}. Best is trial 1 with value: 0.5426080332023545.
[I 2023-10-12 02:37:24,663] Trial 14 finished with value: 0.4780361506223075 and parameters: {'w0': 0.935, 'w1': 0.481, 'w2': 0.189, 'w3': 0.531, 'w4': 0.592, 'w5': 0.739, 'w6': 0.23700000000000002, 'w7': 0.279, 'w8': 0.1, 'max_depth': 9, 'min_child_weight': 18, 'subsample': 0.6000000000000001, 'colsample_bytree': 0.4, 'gamma': 2.4000000000000004}. Best is trial 1 with value: 0.5426080332023545.
[I 2023-10-12 02:41:06,260] Trial 16 finished with value: 0.43372762214128624 and parameters: {'w0': 0.212, 'w1': 0.458, 'w2': 0.378, 'w3': 0.748, 'w4': 0.381, 'w5': 0.203, 'w6': 0.989, 'w7': 0.924, 'w8': 0.113, 'max_depth': 9, 'min_child_weight': 16, 'subsample': 1.0, 'colsample_bytree': 0.6000000000000001, 'gamma': 6.2}. Best is trial 1 with value: 0.5426080332023545.
[I 2023-10-12 02:41:45,004] Trial 17 finished with value: 0.47469159013499185 and parameters: {'w0': 0.069, 'w1': 0.466, 'w2': 0.113, 'w3': 0.746, 'w4': 0.024, 'w5': 0.932, 'w6': 0.419, 'w7': 0.127, 'w8': 0.892, 'max_depth': 8, 'min_child_weight': 6, 'subsample': 0.4, 'colsample_bytree': 0.6000000000000001, 'gamma': 7.6000000000000005}. Best is trial 1 with value: 0.5426080332023545.
[I 2023-10-12 02:42:07,779] Trial 22 finished with value: 0.5194048488531384 and parameters: {'w0': 0.648, 'w1': 0.106, 'w2': 0.42, 'w3': 0.269, 'w4': 0.84, 'w5': 0.486, 'w6': 0.432, 'w7': 0.41400000000000003, 'w8': 0.776, 'max_depth': 6, 'min_child_weight': 2, 'subsample': 1.0, 'colsample_bytree': 1.0, 'gamma': 10.0}. Best is trial 1 with value: 0.5426080332023545.
[I 2023-10-12 02:42:29,064] Trial 20 finished with value: 0.45627075118661453 and parameters: {'w0': 0.585, 'w1': 0.17300000000000001, 'w2': 0.131, 'w3': 0.461, 'w4': 0.988, 'w5': 0.16, 'w6': 0.496, 'w7': 0.639, 'w8': 0.17400000000000002, 'max_depth': 10, 'min_child_weight': 0, 'subsample': 0.30000000000000004, 'colsample_bytree': 1.0, 'gamma': 8.4}. Best is trial 1 with value: 0.5426080332023545.
[I 2023-10-12 02:42:59,595] Trial 24 finished with value: 0.4758600463242749 and parameters: {'w0': 0.527, 'w1': 0.9400000000000001, 'w2': 0.318, 'w3': 0.849, 'w4': 0.648, 'w5': 0.531, 'w6': 0.12000000000000001, 'w7': 0.76, 'w8': 0.458, 'max_depth': 8, 'min_child_weight': 6, 'subsample': 0.8, 'colsample_bytree': 0.4, 'gamma': 8.6}. Best is trial 1 with value: 0.5426080332023545.
[I 2023-10-12 02:43:13,072] Trial 23 finished with value: 0.518925392042358 and parameters: {'w0': 0.191, 'w1': 0.857, 'w2': 0.481, 'w3': 0.762, 'w4': 0.544, 'w5': 0.9470000000000001, 'w6': 0.437, 'w7': 0.211, 'w8': 0.5680000000000001, 'max_depth': 10, 'min_child_weight': 8, 'subsample': 0.5, 'colsample_bytree': 0.7, 'gamma': 7.800000000000001}. Best is trial 1 with value: 0.5426080332023545.
[I 2023-10-12 02:43:55,673] Trial 19 finished with value: 0.5003382380414372 and parameters: {'w0': 0.324, 'w1': 0.84, 'w2': 0.111, 'w3': 0.224, 'w4': 0.8290000000000001, 'w5': 0.784, 'w6': 0.31, 'w7': 0.425, 'w8': 0.343, 'max_depth': 8, 'min_child_weight': 12, 'subsample': 0.5, 'colsample_bytree': 0.4, 'gamma': 4.0}. Best is trial 1 with value: 0.5426080332023545.
[I 2023-10-12 02:45:07,282] Trial 18 finished with value: 0.4402950633261904 and parameters: {'w0': 0.968, 'w1': 0.254, 'w2': 0.254, 'w3': 0.914, 'w4': 0.779, 'w5': 0.894, 'w6': 0.749, 'w7': 0.059000000000000004, 'w8': 0.127, 'max_depth': 3, 'min_child_weight': 20, 'subsample': 0.30000000000000004, 'colsample_bytree': 0.4, 'gamma': 1.6}. Best is trial 1 with value: 0.5426080332023545.
[I 2023-10-12 02:46:33,200] Trial 30 finished with value: 0.4998372384300544 and parameters: {'w0': 0.653, 'w1': 0.383, 'w2': 0.5670000000000001, 'w3': 0.5650000000000001, 'w4': 0.994, 'w5': 0.985, 'w6': 0.398, 'w7': 0.055, 'w8': 0.354, 'max_depth': 8, 'min_child_weight': 8, 'subsample': 0.9000000000000001, 'colsample_bytree': 0.3, 'gamma': 3.2}. Best is trial 1 with value: 0.5426080332023545.
[I 2023-10-12 02:47:19,958] Trial 26 finished with value: 0.5359554576757805 and parameters: {'w0': 0.6930000000000001, 'w1': 0.376, 'w2': 0.892, 'w3': 0.747, 'w4': 0.992, 'w5': 0.981, 'w6': 0.493, 'w7': 0.448, 'w8': 0.432, 'max_depth': 9, 'min_child_weight': 8, 'subsample': 0.9000000000000001, 'colsample_bytree': 0.3, 'gamma': 2.4000000000000004}. Best is trial 1 with value: 0.5426080332023545.
[I 2023-10-12 02:47:23,250] Trial 29 finished with value: 0.4882289041315605 and parameters: {'w0': 0.685, 'w1': 0.401, 'w2': 0.988, 'w3': 0.612, 'w4': 0.979, 'w5': 0.9430000000000001, 'w6': 0.402, 'w7': 0.007, 'w8': 0.39, 'max_depth': 8, 'min_child_weight': 8, 'subsample': 0.8, 'colsample_bytree': 0.3, 'gamma': 3.4000000000000004}. Best is trial 1 with value: 0.5426080332023545.
[I 2023-10-12 02:47:35,610] Trial 27 finished with value: 0.526969393482029 and parameters: {'w0': 0.748, 'w1': 0.4, 'w2': 0.974, 'w3': 0.721, 'w4': 0.995, 'w5': 0.992, 'w6': 0.429, 'w7': 0.39, 'w8': 0.40900000000000003, 'max_depth': 9, 'min_child_weight': 8, 'subsample': 0.9000000000000001, 'colsample_bytree': 0.3, 'gamma': 2.8000000000000003}. Best is trial 1 with value: 0.5426080332023545.
[I 2023-10-12 02:47:44,937] Trial 31 finished with value: 0.4628451423972248 and parameters: {'w0': 0.623, 'w1': 0.357, 'w2': 0.642, 'w3': 0.767, 'w4': 0.322, 'w5': 0.981, 'w6': 0.41000000000000003, 'w7': 0.006, 'w8': 0.384, 'max_depth': 8, 'min_child_weight': 8, 'subsample': 0.9000000000000001, 'colsample_bytree': 0.3, 'gamma': 3.6}. Best is trial 1 with value: 0.5426080332023545.
[I 2023-10-12 02:47:47,730] Trial 21 finished with value: 0.3981782153418969 and parameters: {'w0': 0.974, 'w1': 0.079, 'w2': 0.632, 'w3': 0.014000000000000002, 'w4': 0.583, 'w5': 0.215, 'w6': 0.124, 'w7': 0.224, 'w8': 0.041, 'max_depth': 7, 'min_child_weight': 4, 'subsample': 0.4, 'colsample_bytree': 0.3, 'gamma': 2.0}. Best is trial 1 with value: 0.5426080332023545.
[I 2023-10-12 02:49:22,634] Trial 28 finished with value: 0.5374446772554927 and parameters: {'w0': 0.657, 'w1': 0.383, 'w2': 0.995, 'w3': 0.531, 'w4': 0.994, 'w5': 0.965, 'w6': 0.428, 'w7': 0.424, 'w8': 0.385, 'max_depth': 9, 'min_child_weight': 8, 'subsample': 0.8, 'colsample_bytree': 0.3, 'gamma': 2.2}. Best is trial 1 with value: 0.5426080332023545.
[I 2023-10-12 02:51:52,968] Trial 33 finished with value: 0.4485160720617755 and parameters: {'w0': 0.64, 'w1': 0.34600000000000003, 'w2': 0.624, 'w3': 0.5720000000000001, 'w4': 0.9600000000000001, 'w5': 0.991, 'w6': 0.017, 'w7': 0.023, 'w8': 0.43, 'max_depth': 8, 'min_child_weight': 8, 'subsample': 0.8, 'colsample_bytree': 0.3, 'gamma': 3.6}. Best is trial 1 with value: 0.5426080332023545.
[I 2023-10-12 02:52:09,945] Trial 32 finished with value: 0.4869655815580778 and parameters: {'w0': 0.641, 'w1': 0.338, 'w2': 0.596, 'w3': 0.581, 'w4': 0.99, 'w5': 0.984, 'w6': 0.391, 'w7': 0.008, 'w8': 0.365, 'max_depth': 8, 'min_child_weight': 8, 'subsample': 0.4, 'colsample_bytree': 0.3, 'gamma': 3.8000000000000003}. Best is trial 1 with value: 0.5426080332023545.
[I 2023-10-12 02:52:38,197] Trial 35 finished with value: 0.41450447912045063 and parameters: {'w0': 0.995, 'w1': 0.339, 'w2': 0.658, 'w3': 0.578, 'w4': 0.266, 'w5': 0.998, 'w6': 0.018000000000000002, 'w7': 0.032, 'w8': 0.359, 'max_depth': 8, 'min_child_weight': 8, 'subsample': 0.8, 'colsample_bytree': 0.3, 'gamma': 4.0}. Best is trial 1 with value: 0.5426080332023545.
[I 2023-10-12 02:52:41,493] Trial 34 finished with value: 0.5061498699632557 and parameters: {'w0': 0.638, 'w1': 0.317, 'w2': 0.582, 'w3': 0.579, 'w4': 0.999, 'w5': 0.994, 'w6': 0.063, 'w7': 0.534, 'w8': 0.443, 'max_depth': 8, 'min_child_weight': 8, 'subsample': 0.8, 'colsample_bytree': 0.3, 'gamma': 4.0}. Best is trial 1 with value: 0.5426080332023545.
[I 2023-10-12 02:54:10,981] Trial 36 finished with value: 0.49241417942160354 and parameters: {'w0': 0.297, 'w1': 0.337, 'w2': 0.602, 'w3': 0.871, 'w4': 0.965, 'w5': 0.9400000000000001, 'w6': 0.5650000000000001, 'w7': 0.001, 'w8': 0.387, 'max_depth': 7, 'min_child_weight': 8, 'subsample': 0.5, 'colsample_bytree': 0.3, 'gamma': 3.6}. Best is trial 1 with value: 0.5426080332023545.
[I 2023-10-12 02:54:13,032] Trial 37 finished with value: 0.5393503115520392 and parameters: {'w0': 0.355, 'w1': 0.318, 'w2': 0.604, 'w3': 0.585, 'w4': 0.995, 'w5': 0.853, 'w6': 0.5710000000000001, 'w7': 0.522, 'w8': 0.392, 'max_depth': 7, 'min_child_weight': 10, 'subsample': 0.5, 'colsample_bytree': 0.3, 'gamma': 4.2}. Best is trial 1 with value: 0.5426080332023545.
[I 2023-10-12 02:54:14,285] Trial 25 finished with value: 0.46480018905864473 and parameters: {'w0': 0.6880000000000001, 'w1': 0.007, 'w2': 0.991, 'w3': 0.56, 'w4': 0.31, 'w5': 0.921, 'w6': 0.546, 'w7': 0.003, 'w8': 0.977, 'max_depth': 9, 'min_child_weight': 8, 'subsample': 0.5, 'colsample_bytree': 0.3, 'gamma': 1.8}. Best is trial 1 with value: 0.5426080332023545.
[I 2023-10-12 02:54:42,907] Trial 38 finished with value: 0.5117409801392034 and parameters: {'w0': 0.355, 'w1': 0.327, 'w2': 0.598, 'w3': 0.917, 'w4': 0.9480000000000001, 'w5': 0.617, 'w6': 0.604, 'w7': 0.026000000000000002, 'w8': 0.84, 'max_depth': 7, 'min_child_weight': 8, 'subsample': 0.8, 'colsample_bytree': 0.3, 'gamma': 3.2}. Best is trial 1 with value: 0.5426080332023545.
[I 2023-10-12 02:55:30,010] Trial 39 finished with value: 0.5570851843322622 and parameters: {'w0': 0.365, 'w1': 0.326, 'w2': 0.5680000000000001, 'w3': 0.5650000000000001, 'w4': 0.993, 'w5': 0.642, 'w6': 0.554, 'w7': 0.533, 'w8': 0.853, 'max_depth': 7, 'min_child_weight': 8, 'subsample': 0.9000000000000001, 'colsample_bytree': 0.3, 'gamma': 3.6}. Best is trial 39 with value: 0.5570851843322622.
[I 2023-10-12 02:57:33,752] Trial 40 finished with value: 0.5293076971899031 and parameters: {'w0': 0.369, 'w1': 0.333, 'w2': 0.777, 'w3': 0.871, 'w4': 0.909, 'w5': 0.632, 'w6': 0.602, 'w7': 0.998, 'w8': 0.8220000000000001, 'max_depth': 7, 'min_child_weight': 8, 'subsample': 0.8, 'colsample_bytree': 0.3, 'gamma': 4.0}. Best is trial 39 with value: 0.5570851843322622.
[I 2023-10-12 02:57:40,590] Trial 41 finished with value: 0.5466280092417544 and parameters: {'w0': 0.749, 'w1': 0.34700000000000003, 'w2': 0.603, 'w3': 0.627, 'w4': 0.906, 'w5': 0.856, 'w6': 0.598, 'w7': 0.537, 'w8': 0.437, 'max_depth': 7, 'min_child_weight': 8, 'subsample': 0.9000000000000001, 'colsample_bytree': 0.3, 'gamma': 3.6}. Best is trial 39 with value: 0.5570851843322622.
[I 2023-10-12 03:04:39,416] Trial 44 finished with value: 0.42750602145761557 and parameters: {'w0': 0.394, 'w1': 0.303, 'w2': 0.768, 'w3': 0.002, 'w4': 0.886, 'w5': 0.663, 'w6': 0.049, 'w7': 0.498, 'w8': 0.724, 'max_depth': 7, 'min_child_weight': 14, 'subsample': 0.8, 'colsample_bytree': 0.5, 'gamma': 1.2000000000000002}. Best is trial 39 with value: 0.5570851843322622.
[I 2023-10-12 03:06:49,109] Trial 42 finished with value: 0.5602261891779995 and parameters: {'w0': 0.758, 'w1': 0.323, 'w2': 0.631, 'w3': 0.684, 'w4': 0.885, 'w5': 0.655, 'w6': 0.597, 'w7': 0.535, 'w8': 0.444, 'max_depth': 7, 'min_child_weight': 10, 'subsample': 0.9000000000000001, 'colsample_bytree': 0.5, 'gamma': 0.8}. Best is trial 42 with value: 0.5602261891779995.
[I 2023-10-12 03:08:28,998] Trial 57 finished with value: 0.5412582113798802 and parameters: {'w0': 0.41400000000000003, 'w1': 0.544, 'w2': 0.715, 'w3': 0.658, 'w4': 0.898, 'w5': 0.848, 'w6': 0.677, 'w7': 0.536, 'w8': 0.295, 'max_depth': 7, 'min_child_weight': 10, 'subsample': 0.7, 'colsample_bytree': 0.5, 'gamma': 4.6000000000000005}. Best is trial 42 with value: 0.5602261891779995.
