[I 2023-10-11 04:29:13,476] Trial 829 finished with value: 0.5869132196663244 and parameters: {'w0': 0.312, 'w1': 0.654, 'w2': 0.28200000000000003, 'w3': 0.877, 'w4': 0.060000000000000005, 'w5': 0.046, 'w6': 0.924, 'w7': 0.23800000000000002, 'w8': 0.77, 'max_depth': 6, 'min_child_weight': 14, 'subsample': 1.0, 'colsample_bytree': 0.7, 'gamma': 0.4}. Best is trial 523 with value: 0.6234345839763995.
[I 2023-10-11 04:30:14,148] Trial 826 finished with value: 0.582957544375621 and parameters: {'w0': 0.312, 'w1': 0.654, 'w2': 0.23600000000000002, 'w3': 0.872, 'w4': 0.9570000000000001, 'w5': 0.364, 'w6': 0.927, 'w7': 0.7020000000000001, 'w8': 0.772, 'max_depth': 6, 'min_child_weight': 14, 'subsample': 1.0, 'colsample_bytree': 0.7, 'gamma': 0.4}. Best is trial 523 with value: 0.6234345839763995.
[I 2023-10-11 04:32:10,753] Trial 832 finished with value: 0.6184773829525877 and parameters: {'w0': 0.321, 'w1': 0.67, 'w2': 0.277, 'w3': 0.932, 'w4': 0.962, 'w5': 0.444, 'w6': 0.982, 'w7': 0.262, 'w8': 0.75, 'max_depth': 6, 'min_child_weight': 12, 'subsample': 1.0, 'colsample_bytree': 0.9000000000000001, 'gamma': 0.8}. Best is trial 523 with value: 0.6234345839763995.
[I 2023-10-11 04:32:46,863] Trial 833 finished with value: 0.6147278965049515 and parameters: {'w0': 0.319, 'w1': 0.667, 'w2': 0.216, 'w3': 0.874, 'w4': 0.9590000000000001, 'w5': 0.485, 'w6': 0.98, 'w7': 0.24000000000000002, 'w8': 0.763, 'max_depth': 6, 'min_child_weight': 12, 'subsample': 1.0, 'colsample_bytree': 0.7, 'gamma': 0.8}. Best is trial 523 with value: 0.6234345839763995.
[I 2023-10-11 04:36:39,171] Trial 836 finished with value: 0.6156829237417742 and parameters: {'w0': 0.32, 'w1': 0.673, 'w2': 0.306, 'w3': 0.871, 'w4': 0.9540000000000001, 'w5': 0.47200000000000003, 'w6': 0.98, 'w7': 0.248, 'w8': 0.796, 'max_depth': 6, 'min_child_weight': 12, 'subsample': 1.0, 'colsample_bytree': 0.7, 'gamma': 0.8}. Best is trial 523 with value: 0.6234345839763995.
[I 2023-10-11 04:37:38,114] Trial 837 finished with value: 0.6115371666550059 and parameters: {'w0': 0.319, 'w1': 0.675, 'w2': 0.296, 'w3': 0.867, 'w4': 0.9550000000000001, 'w5': 0.446, 'w6': 0.978, 'w7': 0.309, 'w8': 0.808, 'max_depth': 6, 'min_child_weight': 12, 'subsample': 1.0, 'colsample_bytree': 0.7, 'gamma': 0.8}. Best is trial 523 with value: 0.6234345839763995.
[I 2023-10-11 04:38:05,902] Trial 838 finished with value: 0.5778815729407565 and parameters: {'w0': 0.323, 'w1': 0.669, 'w2': 0.382, 'w3': 0.036000000000000004, 'w4': 0.9580000000000001, 'w5': 0.443, 'w6': 0.982, 'w7': 0.259, 'w8': 0.788, 'max_depth': 6, 'min_child_weight': 12, 'subsample': 1.0, 'colsample_bytree': 0.7, 'gamma': 0.8}. Best is trial 523 with value: 0.6234345839763995.
[I 2023-10-11 04:38:37,313] Trial 839 finished with value: 0.6156775840378357 and parameters: {'w0': 0.329, 'w1': 0.681, 'w2': 0.254, 'w3': 0.927, 'w4': 0.9500000000000001, 'w5': 0.446, 'w6': 0.933, 'w7': 0.249, 'w8': 0.773, 'max_depth': 6, 'min_child_weight': 12, 'subsample': 1.0, 'colsample_bytree': 0.7, 'gamma': 0.8}. Best is trial 523 with value: 0.6234345839763995.
[I 2023-10-11 04:39:05,569] Trial 830 finished with value: 0.6152239952498074 and parameters: {'w0': 0.314, 'w1': 0.657, 'w2': 0.254, 'w3': 0.937, 'w4': 0.963, 'w5': 0.443, 'w6': 0.983, 'w7': 0.231, 'w8': 0.768, 'max_depth': 6, 'min_child_weight': 12, 'subsample': 0.4, 'colsample_bytree': 0.9000000000000001, 'gamma': 0.8}. Best is trial 523 with value: 0.6234345839763995.
[I 2023-10-11 04:40:03,362] Trial 840 finished with value: 0.6164916719549816 and parameters: {'w0': 0.327, 'w1': 0.669, 'w2': 0.259, 'w3': 0.935, 'w4': 0.9550000000000001, 'w5': 0.443, 'w6': 0.935, 'w7': 0.248, 'w8': 0.797, 'max_depth': 6, 'min_child_weight': 12, 'subsample': 1.0, 'colsample_bytree': 0.9000000000000001, 'gamma': 0.8}. Best is trial 523 with value: 0.6234345839763995.
[I 2023-10-11 04:40:40,926] Trial 841 finished with value: 0.6176723100967941 and parameters: {'w0': 0.332, 'w1': 0.673, 'w2': 0.277, 'w3': 0.929, 'w4': 0.9460000000000001, 'w5': 0.502, 'w6': 0.9420000000000001, 'w7': 0.26, 'w8': 0.805, 'max_depth': 6, 'min_child_weight': 12, 'subsample': 1.0, 'colsample_bytree': 0.9000000000000001, 'gamma': 0.8}. Best is trial 523 with value: 0.6234345839763995.
[I 2023-10-11 04:41:01,067] Trial 831 finished with value: 0.607749346942889 and parameters: {'w0': 0.32, 'w1': 0.671, 'w2': 0.226, 'w3': 0.873, 'w4': 0.9600000000000001, 'w5': 0.47400000000000003, 'w6': 0.929, 'w7': 0.308, 'w8': 0.772, 'max_depth': 6, 'min_child_weight': 12, 'subsample': 0.4, 'colsample_bytree': 0.7, 'gamma': 0.8}. Best is trial 523 with value: 0.6234345839763995.
[I 2023-10-11 04:42:13,695] Trial 834 finished with value: 0.6116720891028163 and parameters: {'w0': 0.321, 'w1': 0.669, 'w2': 0.308, 'w3': 0.561, 'w4': 0.9580000000000001, 'w5': 0.491, 'w6': 0.932, 'w7': 0.234, 'w8': 0.808, 'max_depth': 6, 'min_child_weight': 12, 'subsample': 0.4, 'colsample_bytree': 0.9000000000000001, 'gamma': 0.4}. Best is trial 523 with value: 0.6234345839763995.
[I 2023-10-11 04:42:19,637] Trial 842 finished with value: 0.5768431596060767 and parameters: {'w0': 0.332, 'w1': 0.672, 'w2': 0.28900000000000003, 'w3': 0.931, 'w4': 0.9490000000000001, 'w5': 0.462, 'w6': 0.98, 'w7': 0.6930000000000001, 'w8': 0.807, 'max_depth': 6, 'min_child_weight': 12, 'subsample': 1.0, 'colsample_bytree': 0.7, 'gamma': 0.8}. Best is trial 523 with value: 0.6234345839763995.
[I 2023-10-11 04:42:26,533] Trial 845 finished with value: 0.5771969967225807 and parameters: {'w0': 0.331, 'w1': 0.675, 'w2': 0.232, 'w3': 0.931, 'w4': 0.129, 'w5': 0.444, 'w6': 0.983, 'w7': 0.253, 'w8': 0.746, 'max_depth': 6, 'min_child_weight': 12, 'subsample': 1.0, 'colsample_bytree': 0.7, 'gamma': 0.8}. Best is trial 523 with value: 0.6234345839763995.
[I 2023-10-11 04:43:35,630] Trial 835 finished with value: 0.6085200325527818 and parameters: {'w0': 0.323, 'w1': 0.67, 'w2': 0.294, 'w3': 0.932, 'w4': 0.9490000000000001, 'w5': 0.442, 'w6': 0.981, 'w7': 0.309, 'w8': 0.767, 'max_depth': 6, 'min_child_weight': 12, 'subsample': 0.4, 'colsample_bytree': 0.9000000000000001, 'gamma': 0.4}. Best is trial 523 with value: 0.6234345839763995.
[I 2023-10-11 04:50:19,763] Trial 849 finished with value: 0.6098942015828841 and parameters: {'w0': 0.33, 'w1': 0.676, 'w2': 0.23600000000000002, 'w3': 0.931, 'w4': 0.972, 'w5': 0.441, 'w6': 0.9460000000000001, 'w7': 0.261, 'w8': 0.797, 'max_depth': 6, 'min_child_weight': 12, 'subsample': 1.0, 'colsample_bytree': 0.7, 'gamma': 0.8}. Best is trial 523 with value: 0.6234345839763995.
[I 2023-10-11 04:50:40,426] Trial 843 finished with value: 0.6103572544554225 and parameters: {'w0': 0.331, 'w1': 0.675, 'w2': 0.212, 'w3': 0.926, 'w4': 0.9460000000000001, 'w5': 0.451, 'w6': 0.981, 'w7': 0.25, 'w8': 0.785, 'max_depth': 6, 'min_child_weight': 12, 'subsample': 0.4, 'colsample_bytree': 0.7, 'gamma': 0.8}. Best is trial 523 with value: 0.6234345839763995.
[I 2023-10-11 04:51:29,289] Trial 844 finished with value: 0.6118641309442688 and parameters: {'w0': 0.331, 'w1': 0.675, 'w2': 0.262, 'w3': 0.93, 'w4': 0.9460000000000001, 'w5': 0.445, 'w6': 0.985, 'w7': 0.247, 'w8': 0.798, 'max_depth': 6, 'min_child_weight': 12, 'subsample': 0.4, 'colsample_bytree': 0.7, 'gamma': 0.8}. Best is trial 523 with value: 0.6234345839763995.
[I 2023-10-11 04:54:26,135] Trial 846 finished with value: 0.6090062483873002 and parameters: {'w0': 0.335, 'w1': 0.68, 'w2': 0.279, 'w3': 0.937, 'w4': 0.9430000000000001, 'w5': 0.441, 'w6': 0.9460000000000001, 'w7': 0.308, 'w8': 0.798, 'max_depth': 6, 'min_child_weight': 12, 'subsample': 0.4, 'colsample_bytree': 0.7, 'gamma': 0.8}. Best is trial 523 with value: 0.6234345839763995.
[I 2023-10-11 04:54:28,450] Trial 847 finished with value: 0.6077816732513264 and parameters: {'w0': 0.329, 'w1': 0.672, 'w2': 0.26, 'w3': 0.929, 'w4': 0.937, 'w5': 0.446, 'w6': 0.9440000000000001, 'w7': 0.26, 'w8': 0.787, 'max_depth': 6, 'min_child_weight': 12, 'subsample': 0.4, 'colsample_bytree': 0.7, 'gamma': 0.8}. Best is trial 523 with value: 0.6234345839763995.
[I 2023-10-11 04:54:40,946] Trial 851 finished with value: 0.614681578334308 and parameters: {'w0': 0.334, 'w1': 0.631, 'w2': 0.294, 'w3': 0.931, 'w4': 0.937, 'w5': 0.436, 'w6': 0.9490000000000001, 'w7': 0.312, 'w8': 0.745, 'max_depth': 6, 'min_child_weight': 12, 'subsample': 1.0, 'colsample_bytree': 0.7, 'gamma': 0.4}. Best is trial 523 with value: 0.6234345839763995.
[I 2023-10-11 04:55:29,612] Trial 853 finished with value: 0.6168669599686315 and parameters: {'w0': 0.29, 'w1': 0.632, 'w2': 0.23700000000000002, 'w3': 0.93, 'w4': 0.937, 'w5': 0.496, 'w6': 0.9490000000000001, 'w7': 0.277, 'w8': 0.801, 'max_depth': 6, 'min_child_weight': 12, 'subsample': 1.0, 'colsample_bytree': 0.7, 'gamma': 0.4}. Best is trial 523 with value: 0.6234345839763995.
[I 2023-10-11 04:56:50,890] Trial 855 finished with value: 0.621106040025538 and parameters: {'w0': 0.293, 'w1': 0.631, 'w2': 0.304, 'w3': 0.924, 'w4': 0.933, 'w5': 0.431, 'w6': 0.9500000000000001, 'w7': 0.274, 'w8': 0.738, 'max_depth': 6, 'min_child_weight': 6, 'subsample': 1.0, 'colsample_bytree': 0.9000000000000001, 'gamma': 0.4}. Best is trial 523 with value: 0.6234345839763995.
[I 2023-10-11 04:56:52,683] Trial 854 finished with value: 0.6176764489654938 and parameters: {'w0': 0.34600000000000003, 'w1': 0.631, 'w2': 0.39, 'w3': 0.926, 'w4': 0.934, 'w5': 0.434, 'w6': 0.9500000000000001, 'w7': 0.315, 'w8': 0.742, 'max_depth': 6, 'min_child_weight': 12, 'subsample': 1.0, 'colsample_bytree': 0.7, 'gamma': 0.4}. Best is trial 523 with value: 0.6234345839763995.
[I 2023-10-11 04:58:40,828] Trial 850 finished with value: 0.6168838149617724 and parameters: {'w0': 0.333, 'w1': 0.629, 'w2': 0.3, 'w3': 0.181, 'w4': 0.9380000000000001, 'w5': 0.46, 'w6': 0.9420000000000001, 'w7': 0.315, 'w8': 0.798, 'max_depth': 6, 'min_child_weight': 12, 'subsample': 1.0, 'colsample_bytree': 0.7, 'gamma': 0.2}. Best is trial 523 with value: 0.6234345839763995.
[I 2023-10-11 04:59:05,176] Trial 848 finished with value: 0.6100983742670019 and parameters: {'w0': 0.339, 'w1': 0.632, 'w2': 0.309, 'w3': 0.93, 'w4': 0.9450000000000001, 'w5': 0.441, 'w6': 0.9410000000000001, 'w7': 0.309, 'w8': 0.802, 'max_depth': 6, 'min_child_weight': 12, 'subsample': 0.4, 'colsample_bytree': 0.7, 'gamma': 0.8}. Best is trial 523 with value: 0.6234345839763995.
[I 2023-10-11 04:59:41,416] Trial 860 finished with value: 0.5407794097567237 and parameters: {'w0': 0.28900000000000003, 'w1': 0.634, 'w2': 0.39, 'w3': 0.922, 'w4': 0.937, 'w5': 0.422, 'w6': 0.9540000000000001, 'w7': 0.651, 'w8': 0.731, 'max_depth': 6, 'min_child_weight': 6, 'subsample': 1.0, 'colsample_bytree': 0.9000000000000001, 'gamma': 6.6000000000000005}. Best is trial 523 with value: 0.6234345839763995.
[I 2023-10-11 05:00:29,303] Trial 852 finished with value: 0.6166714370317466 and parameters: {'w0': 0.333, 'w1': 0.632, 'w2': 0.299, 'w3': 0.931, 'w4': 0.9410000000000001, 'w5': 0.5, 'w6': 0.9480000000000001, 'w7': 0.306, 'w8': 0.799, 'max_depth': 6, 'min_child_weight': 12, 'subsample': 1.0, 'colsample_bytree': 0.9000000000000001, 'gamma': 0.2}. Best is trial 523 with value: 0.6234345839763995.
[I 2023-10-11 05:01:13,539] Trial 856 finished with value: 0.5371092645893398 and parameters: {'w0': 0.353, 'w1': 0.632, 'w2': 0.294, 'w3': 0.923, 'w4': 0.934, 'w5': 0.002, 'w6': 1.0, 'w7': 0.31, 'w8': 0.74, 'max_depth': 6, 'min_child_weight': 6, 'subsample': 1.0, 'colsample_bytree': 0.7, 'gamma': 0.2}. Best is trial 523 with value: 0.6234345839763995.
[I 2023-10-11 05:01:25,037] Trial 862 finished with value: 0.5961757118823449 and parameters: {'w0': 0.28900000000000003, 'w1': 0.635, 'w2': 0.35100000000000003, 'w3': 0.917, 'w4': 0.935, 'w5': 0.424, 'w6': 0.9500000000000001, 'w7': 0.313, 'w8': 0.739, 'max_depth': 6, 'min_child_weight': 12, 'subsample': 1.0, 'colsample_bytree': 0.9000000000000001, 'gamma': 3.0}. Best is trial 523 with value: 0.6234345839763995.
[I 2023-10-11 05:03:26,376] Trial 857 finished with value: 0.6172339362016265 and parameters: {'w0': 0.294, 'w1': 0.631, 'w2': 0.34400000000000003, 'w3': 0.923, 'w4': 0.973, 'w5': 0.427, 'w6': 0.9490000000000001, 'w7': 0.31, 'w8': 0.671, 'max_depth': 6, 'min_child_weight': 6, 'subsample': 1.0, 'colsample_bytree': 0.9000000000000001, 'gamma': 0.2}. Best is trial 523 with value: 0.6234345839763995.
[I 2023-10-11 05:04:17,740] Trial 858 finished with value: 0.6177501144715651 and parameters: {'w0': 0.293, 'w1': 0.631, 'w2': 0.34600000000000003, 'w3': 0.921, 'w4': 0.9400000000000001, 'w5': 0.427, 'w6': 0.9500000000000001, 'w7': 0.322, 'w8': 0.749, 'max_depth': 6, 'min_child_weight': 12, 'subsample': 1.0, 'colsample_bytree': 0.9000000000000001, 'gamma': 0.2}. Best is trial 523 with value: 0.6234345839763995.
[I 2023-10-11 05:04:51,215] Trial 865 finished with value: 0.6014152650742599 and parameters: {'w0': 0.356, 'w1': 0.629, 'w2': 0.34500000000000003, 'w3': 0.913, 'w4': 0.977, 'w5': 0.391, 'w6': 0.9540000000000001, 'w7': 0.281, 'w8': 0.675, 'max_depth': 6, 'min_child_weight': 14, 'subsample': 1.0, 'colsample_bytree': 0.9000000000000001, 'gamma': 2.6}. Best is trial 523 with value: 0.6234345839763995.
[I 2023-10-11 05:05:33,794] Trial 859 finished with value: 0.6184034854471548 and parameters: {'w0': 0.359, 'w1': 0.631, 'w2': 0.35000000000000003, 'w3': 0.921, 'w4': 0.9380000000000001, 'w5': 0.423, 'w6': 0.9530000000000001, 'w7': 0.313, 'w8': 0.732, 'max_depth': 6, 'min_child_weight': 12, 'subsample': 1.0, 'colsample_bytree': 0.9000000000000001, 'gamma': 0.2}. Best is trial 523 with value: 0.6234345839763995.
[I 2023-10-11 05:05:36,477] Trial 866 finished with value: 0.5999853135173503 and parameters: {'w0': 0.354, 'w1': 0.639, 'w2': 0.342, 'w3': 0.918, 'w4': 0.977, 'w5': 0.42, 'w6': 0.9550000000000001, 'w7': 0.34, 'w8': 0.741, 'max_depth': 6, 'min_child_weight': 14, 'subsample': 1.0, 'colsample_bytree': 0.9000000000000001, 'gamma': 3.0}. Best is trial 523 with value: 0.6234345839763995.
[I 2023-10-11 05:06:45,985] Trial 868 finished with value: 0.6003419824652412 and parameters: {'w0': 0.293, 'w1': 0.632, 'w2': 0.338, 'w3': 0.181, 'w4': 0.982, 'w5': 0.386, 'w6': 0.9560000000000001, 'w7': 0.28, 'w8': 0.675, 'max_depth': 6, 'min_child_weight': 4, 'subsample': 1.0, 'colsample_bytree': 0.9000000000000001, 'gamma': 3.0}. Best is trial 523 with value: 0.6234345839763995.
[I 2023-10-11 05:09:01,666] Trial 871 finished with value: 0.5762567452203233 and parameters: {'w0': 0.28900000000000003, 'w1': 0.639, 'w2': 0.34600000000000003, 'w3': 0.891, 'w4': 0.977, 'w5': 0.388, 'w6': 0.923, 'w7': 0.22, 'w8': 0.675, 'max_depth': 6, 'min_child_weight': 14, 'subsample': 1.0, 'colsample_bytree': 0.9000000000000001, 'gamma': 4.800000000000001}. Best is trial 523 with value: 0.6234345839763995.
[I 2023-10-11 05:10:14,765] Trial 872 finished with value: 0.5992679096768301 and parameters: {'w0': 0.28700000000000003, 'w1': 0.639, 'w2': 0.34, 'w3': 0.892, 'w4': 0.98, 'w5': 0.391, 'w6': 0.921, 'w7': 0.275, 'w8': 0.671, 'max_depth': 6, 'min_child_weight': 6, 'subsample': 1.0, 'colsample_bytree': 0.9000000000000001, 'gamma': 3.0}. Best is trial 523 with value: 0.6234345839763995.
[I 2023-10-11 05:11:56,140] Trial 861 finished with value: 0.6174282648687146 and parameters: {'w0': 0.29, 'w1': 0.633, 'w2': 0.341, 'w3': 0.919, 'w4': 0.9380000000000001, 'w5': 0.425, 'w6': 0.9520000000000001, 'w7': 0.276, 'w8': 0.74, 'max_depth': 6, 'min_child_weight': 12, 'subsample': 1.0, 'colsample_bytree': 0.9000000000000001, 'gamma': 0.2}. Best is trial 523 with value: 0.6234345839763995.
[I 2023-10-11 05:16:15,996] Trial 863 finished with value: 0.618107396793437 and parameters: {'w0': 0.294, 'w1': 0.634, 'w2': 0.343, 'w3': 0.917, 'w4': 0.934, 'w5': 0.389, 'w6': 0.9520000000000001, 'w7': 0.278, 'w8': 0.746, 'max_depth': 6, 'min_child_weight': 12, 'subsample': 1.0, 'colsample_bytree': 0.9000000000000001, 'gamma': 0.2}. Best is trial 523 with value: 0.6234345839763995.
[I 2023-10-11 05:17:04,154] Trial 873 finished with value: 0.613421907237645 and parameters: {'w0': 0.295, 'w1': 0.639, 'w2': 0.339, 'w3': 0.89, 'w4': 0.972, 'w5': 0.39, 'w6': 0.916, 'w7': 0.281, 'w8': 0.678, 'max_depth': 6, 'min_child_weight': 0, 'subsample': 1.0, 'colsample_bytree': 0.9000000000000001, 'gamma': 0.6000000000000001}. Best is trial 523 with value: 0.6234345839763995.
[I 2023-10-11 05:17:09,097] Trial 864 finished with value: 0.616733951101321 and parameters: {'w0': 0.291, 'w1': 0.633, 'w2': 0.339, 'w3': 0.911, 'w4': 0.98, 'w5': 0.422, 'w6': 0.9490000000000001, 'w7': 0.312, 'w8': 0.742, 'max_depth': 6, 'min_child_weight': 12, 'subsample': 1.0, 'colsample_bytree': 0.9000000000000001, 'gamma': 0.2}. Best is trial 523 with value: 0.6234345839763995.
[I 2023-10-11 05:17:19,033] Trial 874 finished with value: 0.6138537724549081 and parameters: {'w0': 0.28900000000000003, 'w1': 0.644, 'w2': 0.353, 'w3': 0.891, 'w4': 0.976, 'w5': 0.394, 'w6': 0.92, 'w7': 0.28, 'w8': 0.669, 'max_depth': 6, 'min_child_weight': 0, 'subsample': 1.0, 'colsample_bytree': 0.9000000000000001, 'gamma': 0.6000000000000001}. Best is trial 523 with value: 0.6234345839763995.
[I 2023-10-11 05:18:36,586] Trial 875 finished with value: 0.6071813439084156 and parameters: {'w0': 0.6920000000000001, 'w1': 0.6880000000000001, 'w2': 0.35200000000000004, 'w3': 0.897, 'w4': 0.976, 'w5': 0.388, 'w6': 0.909, 'w7': 0.278, 'w8': 0.713, 'max_depth': 6, 'min_child_weight': 4, 'subsample': 1.0, 'colsample_bytree': 0.9000000000000001, 'gamma': 0.6000000000000001}. Best is trial 523 with value: 0.6234345839763995.
[I 2023-10-11 05:18:45,867] Trial 870 finished with value: 0.5937026164609641 and parameters: {'w0': 0.28900000000000003, 'w1': 0.642, 'w2': 0.34900000000000003, 'w3': 0.891, 'w4': 0.979, 'w5': 0.007, 'w6': 0.922, 'w7': 0.28300000000000003, 'w8': 0.676, 'max_depth': 6, 'min_child_weight': 4, 'subsample': 1.0, 'colsample_bytree': 0.9000000000000001, 'gamma': 0.2}. Best is trial 523 with value: 0.6234345839763995.
[I 2023-10-11 05:18:54,333] Trial 867 finished with value: 0.6154955680149826 and parameters: {'w0': 0.292, 'w1': 0.637, 'w2': 0.34400000000000003, 'w3': 0.919, 'w4': 0.978, 'w5': 0.426, 'w6': 0.9540000000000001, 'w7': 0.203, 'w8': 0.676, 'max_depth': 6, 'min_child_weight': 14, 'subsample': 1.0, 'colsample_bytree': 0.9000000000000001, 'gamma': 0.2}. Best is trial 523 with value: 0.6234345839763995.
[I 2023-10-11 05:19:17,229] Trial 877 finished with value: 0.6110161515705348 and parameters: {'w0': 0.28600000000000003, 'w1': 0.687, 'w2': 0.332, 'w3': 0.898, 'w4': 0.501, 'w5': 0.389, 'w6': 0.922, 'w7': 0.268, 'w8': 0.714, 'max_depth': 6, 'min_child_weight': 14, 'subsample': 1.0, 'colsample_bytree': 0.9000000000000001, 'gamma': 0.6000000000000001}. Best is trial 523 with value: 0.6234345839763995.
[I 2023-10-11 05:19:31,896] Trial 876 finished with value: 0.6122818835955497 and parameters: {'w0': 0.6890000000000001, 'w1': 0.649, 'w2': 0.311, 'w3': 0.89, 'w4': 0.97, 'w5': 0.382, 'w6': 1.0, 'w7': 0.275, 'w8': 0.714, 'max_depth': 6, 'min_child_weight': 6, 'subsample': 1.0, 'colsample_bytree': 0.9000000000000001, 'gamma': 0.6000000000000001}. Best is trial 523 with value: 0.6234345839763995.
[I 2023-10-11 05:19:43,543] Trial 869 finished with value: 0.6210920556170371 and parameters: {'w0': 0.28400000000000003, 'w1': 0.636, 'w2': 0.342, 'w3': 0.896, 'w4': 0.977, 'w5': 0.393, 'w6': 0.999, 'w7': 0.274, 'w8': 0.675, 'max_depth': 6, 'min_child_weight': 6, 'subsample': 1.0, 'colsample_bytree': 0.9000000000000001, 'gamma': 0.2}. Best is trial 523 with value: 0.6234345839763995.
[I 2023-10-11 05:20:16,730] Trial 879 finished with value: 0.6201797446421095 and parameters: {'w0': 0.28700000000000003, 'w1': 0.6880000000000001, 'w2': 0.278, 'w3': 0.894, 'w4': 0.978, 'w5': 0.387, 'w6': 0.921, 'w7': 0.272, 'w8': 0.71, 'max_depth': 6, 'min_child_weight': 6, 'subsample': 1.0, 'colsample_bytree': 0.9000000000000001, 'gamma': 0.6000000000000001}. Best is trial 523 with value: 0.6234345839763995.
[I 2023-10-11 05:20:17,241] Trial 878 finished with value: 0.606007557753051 and parameters: {'w0': 0.28900000000000003, 'w1': 0.39, 'w2': 0.334, 'w3': 0.901, 'w4': 0.971, 'w5': 0.387, 'w6': 1.0, 'w7': 0.28, 'w8': 0.679, 'max_depth': 6, 'min_child_weight': 14, 'subsample': 1.0, 'colsample_bytree': 0.9000000000000001, 'gamma': 0.6000000000000001}. Best is trial 523 with value: 0.6234345839763995.
[I 2023-10-11 05:22:58,008] Trial 880 finished with value: 0.6156892650632931 and parameters: {'w0': 0.267, 'w1': 0.686, 'w2': 0.308, 'w3': 0.9500000000000001, 'w4': 0.981, 'w5': 0.388, 'w6': 0.919, 'w7': 0.275, 'w8': 0.714, 'max_depth': 6, 'min_child_weight': 0, 'subsample': 1.0, 'colsample_bytree': 0.9000000000000001, 'gamma': 0.6000000000000001}. Best is trial 523 with value: 0.6234345839763995.
[I 2023-10-11 05:23:41,704] Trial 881 finished with value: 0.6132222104362747 and parameters: {'w0': 0.264, 'w1': 0.6940000000000001, 'w2': 0.365, 'w3': 0.89, 'w4': 0.906, 'w5': 0.393, 'w6': 0.911, 'w7': 0.277, 'w8': 0.716, 'max_depth': 6, 'min_child_weight': 14, 'subsample': 1.0, 'colsample_bytree': 0.9000000000000001, 'gamma': 0.6000000000000001}. Best is trial 523 with value: 0.6234345839763995.
[I 2023-10-11 05:26:16,434] Trial 883 finished with value: 0.615758813356034 and parameters: {'w0': 0.264, 'w1': 0.656, 'w2': 0.277, 'w3': 0.891, 'w4': 0.91, 'w5': 0.369, 'w6': 0.999, 'w7': 0.28400000000000003, 'w8': 0.715, 'max_depth': 6, 'min_child_weight': 14, 'subsample': 1.0, 'colsample_bytree': 0.9000000000000001, 'gamma': 0.6000000000000001}. Best is trial 523 with value: 0.6234345839763995.
[I 2023-10-11 05:27:08,225] Trial 882 finished with value: 0.6057655094262577 and parameters: {'w0': 0.686, 'w1': 0.6880000000000001, 'w2': 0.313, 'w3': 0.895, 'w4': 0.91, 'w5': 0.47300000000000003, 'w6': 0.916, 'w7': 0.28700000000000003, 'w8': 0.715, 'max_depth': 6, 'min_child_weight': 0, 'subsample': 1.0, 'colsample_bytree': 0.9000000000000001, 'gamma': 0.6000000000000001}. Best is trial 523 with value: 0.6234345839763995.
