[I 2023-10-12 07:02:42,710] Trial 270 finished with value: 0.5707762857597033 and parameters: {'w0': 0.484, 'w1': 0.91, 'w2': 0.492, 'w3': 0.902, 'w4': 0.623, 'w5': 0.117, 'w6': 0.77, 'w7': 0.531, 'w8': 0.999, 'max_depth': 6, 'min_child_weight': 0, 'subsample': 1.0, 'colsample_bytree': 1.0, 'gamma': 2.6}. Best is trial 239 with value: 0.5932478838521709.
[I 2023-10-12 07:02:45,485] Trial 271 finished with value: 0.5749792695198995 and parameters: {'w0': 0.47400000000000003, 'w1': 0.906, 'w2': 0.488, 'w3': 0.906, 'w4': 0.61, 'w5': 0.114, 'w6': 0.775, 'w7': 0.536, 'w8': 1.0, 'max_depth': 6, 'min_child_weight': 0, 'subsample': 1.0, 'colsample_bytree': 1.0, 'gamma': 2.6}. Best is trial 239 with value: 0.5932478838521709.
[I 2023-10-12 07:03:33,128] Trial 268 finished with value: 0.5857471470311592 and parameters: {'w0': 0.49, 'w1': 0.909, 'w2': 0.495, 'w3': 0.89, 'w4': 0.52, 'w5': 0.12000000000000001, 'w6': 0.777, 'w7': 0.537, 'w8': 0.9550000000000001, 'max_depth': 6, 'min_child_weight': 0, 'subsample': 0.9000000000000001, 'colsample_bytree': 1.0, 'gamma': 2.0}. Best is trial 239 with value: 0.5932478838521709.
[I 2023-10-12 07:05:10,689] Trial 274 finished with value: 0.5720681821995394 and parameters: {'w0': 0.494, 'w1': 0.905, 'w2': 0.441, 'w3': 0.903, 'w4': 0.616, 'w5': 0.12000000000000001, 'w6': 0.774, 'w7': 0.547, 'w8': 0.999, 'max_depth': 6, 'min_child_weight': 0, 'subsample': 1.0, 'colsample_bytree': 1.0, 'gamma': 2.0}. Best is trial 239 with value: 0.5932478838521709.
[I 2023-10-12 07:06:04,490] Trial 269 finished with value: 0.5871564457129975 and parameters: {'w0': 0.493, 'w1': 0.906, 'w2': 0.492, 'w3': 0.906, 'w4': 0.594, 'w5': 0.127, 'w6': 0.775, 'w7': 0.523, 'w8': 1.0, 'max_depth': 6, 'min_child_weight': 0, 'subsample': 0.9000000000000001, 'colsample_bytree': 1.0, 'gamma': 2.0}. Best is trial 239 with value: 0.5932478838521709.
[I 2023-10-12 07:07:21,593] Trial 275 finished with value: 0.5680688046931839 and parameters: {'w0': 0.46900000000000003, 'w1': 0.9, 'w2': 0.456, 'w3': 0.905, 'w4': 0.583, 'w5': 0.213, 'w6': 0.779, 'w7': 0.547, 'w8': 0.997, 'max_depth': 6, 'min_child_weight': 0, 'subsample': 1.0, 'colsample_bytree': 1.0, 'gamma': 2.0}. Best is trial 239 with value: 0.5932478838521709.
[I 2023-10-12 07:08:34,608] Trial 276 finished with value: 0.5680928858589075 and parameters: {'w0': 0.482, 'w1': 0.902, 'w2': 0.437, 'w3': 0.895, 'w4': 0.614, 'w5': 0.10500000000000001, 'w6': 0.775, 'w7': 0.55, 'w8': 0.999, 'max_depth': 6, 'min_child_weight': 0, 'subsample': 1.0, 'colsample_bytree': 1.0, 'gamma': 2.0}. Best is trial 239 with value: 0.5932478838521709.
[I 2023-10-12 07:08:51,283] Trial 278 finished with value: 0.5753452083861348 and parameters: {'w0': 0.483, 'w1': 0.898, 'w2': 0.463, 'w3': 0.915, 'w4': 0.601, 'w5': 0.20900000000000002, 'w6': 0.851, 'w7': 0.52, 'w8': 1.0, 'max_depth': 6, 'min_child_weight': 0, 'subsample': 1.0, 'colsample_bytree': 1.0, 'gamma': 3.0}. Best is trial 239 with value: 0.5932478838521709.
[I 2023-10-12 07:09:36,758] Trial 279 finished with value: 0.5006124889688212 and parameters: {'w0': 0.017, 'w1': 0.892, 'w2': 0.46, 'w3': 0.965, 'w4': 0.584, 'w5': 0.218, 'w6': 0.783, 'w7': 0.55, 'w8': 0.997, 'max_depth': 6, 'min_child_weight': 0, 'subsample': 1.0, 'colsample_bytree': 1.0, 'gamma': 2.0}. Best is trial 239 with value: 0.5932478838521709.
[I 2023-10-12 07:09:57,762] Trial 280 finished with value: 0.5686381360276015 and parameters: {'w0': 0.47700000000000004, 'w1': 0.891, 'w2': 0.454, 'w3': 0.935, 'w4': 0.629, 'w5': 0.215, 'w6': 0.776, 'w7': 0.541, 'w8': 0.996, 'max_depth': 6, 'min_child_weight': 0, 'subsample': 1.0, 'colsample_bytree': 1.0, 'gamma': 3.0}. Best is trial 239 with value: 0.5932478838521709.
[I 2023-10-12 07:10:54,215] Trial 281 finished with value: 0.576833945120253 and parameters: {'w0': 0.499, 'w1': 0.892, 'w2': 0.456, 'w3': 0.965, 'w4': 0.617, 'w5': 0.212, 'w6': 0.783, 'w7': 0.514, 'w8': 0.996, 'max_depth': 6, 'min_child_weight': 0, 'subsample': 1.0, 'colsample_bytree': 1.0, 'gamma': 2.0}. Best is trial 239 with value: 0.5932478838521709.
[I 2023-10-12 07:12:49,677] Trial 283 finished with value: 0.5813124941077173 and parameters: {'w0': 0.424, 'w1': 0.888, 'w2': 0.455, 'w3': 0.961, 'w4': 0.9550000000000001, 'w5': 0.217, 'w6': 0.778, 'w7': 0.514, 'w8': 0.999, 'max_depth': 6, 'min_child_weight': 0, 'subsample': 1.0, 'colsample_bytree': 1.0, 'gamma': 2.0}. Best is trial 239 with value: 0.5932478838521709.
[I 2023-10-12 07:13:54,344] Trial 284 finished with value: 0.5736639495465711 and parameters: {'w0': 0.457, 'w1': 0.89, 'w2': 0.455, 'w3': 0.9600000000000001, 'w4': 0.61, 'w5': 0.20500000000000002, 'w6': 0.785, 'w7': 0.554, 'w8': 0.987, 'max_depth': 6, 'min_child_weight': 0, 'subsample': 1.0, 'colsample_bytree': 1.0, 'gamma': 2.0}. Best is trial 239 with value: 0.5932478838521709.
[I 2023-10-12 07:14:37,895] Trial 272 finished with value: 0.5744070105452819 and parameters: {'w0': 0.487, 'w1': 0.909, 'w2': 0.448, 'w3': 0.896, 'w4': 0.6, 'w5': 0.122, 'w6': 0.779, 'w7': 0.532, 'w8': 0.995, 'max_depth': 6, 'min_child_weight': 0, 'subsample': 0.2, 'colsample_bytree': 1.0, 'gamma': 3.0}. Best is trial 239 with value: 0.5932478838521709.
[I 2023-10-12 07:14:45,902] Trial 285 finished with value: 0.5709620534731998 and parameters: {'w0': 0.427, 'w1': 0.888, 'w2': 0.461, 'w3': 0.966, 'w4': 0.612, 'w5': 0.223, 'w6': 0.853, 'w7': 0.562, 'w8': 0.987, 'max_depth': 6, 'min_child_weight': 0, 'subsample': 0.9000000000000001, 'colsample_bytree': 1.0, 'gamma': 3.2}. Best is trial 239 with value: 0.5932478838521709.
[I 2023-10-12 07:15:32,404] Trial 273 finished with value: 0.5747570942706981 and parameters: {'w0': 0.47200000000000003, 'w1': 0.901, 'w2': 0.44, 'w3': 0.895, 'w4': 0.514, 'w5': 0.12000000000000001, 'w6': 0.78, 'w7': 0.531, 'w8': 0.998, 'max_depth': 6, 'min_child_weight': 0, 'subsample': 0.30000000000000004, 'colsample_bytree': 1.0, 'gamma': 2.8000000000000003}. Best is trial 239 with value: 0.5932478838521709.
[I 2023-10-12 07:17:12,202] Trial 287 finished with value: 0.5856866356546616 and parameters: {'w0': 0.423, 'w1': 0.974, 'w2': 0.464, 'w3': 0.964, 'w4': 0.587, 'w5': 0.217, 'w6': 0.854, 'w7': 0.47600000000000003, 'w8': 0.985, 'max_depth': 6, 'min_child_weight': 0, 'subsample': 0.9000000000000001, 'colsample_bytree': 1.0, 'gamma': 3.0}. Best is trial 239 with value: 0.5932478838521709.
[I 2023-10-12 07:17:51,873] Trial 286 finished with value: 0.5883977469111653 and parameters: {'w0': 0.422, 'w1': 0.887, 'w2': 0.46900000000000003, 'w3': 0.963, 'w4': 0.581, 'w5': 0.221, 'w6': 0.853, 'w7': 0.47600000000000003, 'w8': 0.986, 'max_depth': 6, 'min_child_weight': 0, 'subsample': 0.9000000000000001, 'colsample_bytree': 1.0, 'gamma': 1.8}. Best is trial 239 with value: 0.5932478838521709.
[I 2023-10-12 07:19:54,623] Trial 277 finished with value: 0.5780666612051993 and parameters: {'w0': 0.482, 'w1': 0.891, 'w2': 0.45, 'w3': 0.909, 'w4': 0.5690000000000001, 'w5': 0.212, 'w6': 0.793, 'w7': 0.546, 'w8': 1.0, 'max_depth': 6, 'min_child_weight': 0, 'subsample': 0.2, 'colsample_bytree': 1.0, 'gamma': 3.2}. Best is trial 239 with value: 0.5932478838521709.
[I 2023-10-12 07:20:33,721] Trial 288 finished with value: 0.5896309823517875 and parameters: {'w0': 0.424, 'w1': 0.976, 'w2': 0.456, 'w3': 0.964, 'w4': 0.9530000000000001, 'w5': 0.214, 'w6': 0.852, 'w7': 0.47100000000000003, 'w8': 0.983, 'max_depth': 6, 'min_child_weight': 0, 'subsample': 0.9000000000000001, 'colsample_bytree': 1.0, 'gamma': 1.8}. Best is trial 239 with value: 0.5932478838521709.
[I 2023-10-12 07:20:54,122] Trial 282 finished with value: 0.5741392567076258 and parameters: {'w0': 0.421, 'w1': 0.89, 'w2': 0.457, 'w3': 0.961, 'w4': 0.656, 'w5': 0.098, 'w6': 0.787, 'w7': 0.546, 'w8': 0.99, 'max_depth': 6, 'min_child_weight': 0, 'subsample': 0.2, 'colsample_bytree': 1.0, 'gamma': 3.2}. Best is trial 239 with value: 0.5932478838521709.
[I 2023-10-12 07:21:43,547] Trial 289 finished with value: 0.5773170361844115 and parameters: {'w0': 0.423, 'w1': 0.976, 'w2': 0.531, 'w3': 0.963, 'w4': 0.171, 'w5': 0.20600000000000002, 'w6': 0.854, 'w7': 0.47300000000000003, 'w8': 0.984, 'max_depth': 6, 'min_child_weight': 0, 'subsample': 0.9000000000000001, 'colsample_bytree': 1.0, 'gamma': 1.8}. Best is trial 239 with value: 0.5932478838521709.
[I 2023-10-12 07:22:49,114] Trial 290 finished with value: 0.5891170531785964 and parameters: {'w0': 0.384, 'w1': 0.97, 'w2': 0.468, 'w3': 0.967, 'w4': 0.664, 'w5': 0.224, 'w6': 0.853, 'w7': 0.47600000000000003, 'w8': 0.9400000000000001, 'max_depth': 6, 'min_child_weight': 0, 'subsample': 0.9000000000000001, 'colsample_bytree': 1.0, 'gamma': 1.8}. Best is trial 239 with value: 0.5932478838521709.
[I 2023-10-12 07:24:56,888] Trial 294 finished with value: 0.5763311124165843 and parameters: {'w0': 0.425, 'w1': 0.975, 'w2': 0.53, 'w3': 0.936, 'w4': 0.9580000000000001, 'w5': 0.241, 'w6': 0.35200000000000004, 'w7': 0.47200000000000003, 'w8': 0.937, 'max_depth': 6, 'min_child_weight': 0, 'subsample': 0.9000000000000001, 'colsample_bytree': 1.0, 'gamma': 1.8}. Best is trial 239 with value: 0.5932478838521709.
[I 2023-10-12 07:27:00,223] Trial 295 finished with value: 0.5804098274379333 and parameters: {'w0': 0.385, 'w1': 0.972, 'w2': 0.534, 'w3': 0.9410000000000001, 'w4': 0.927, 'w5': 0.243, 'w6': 0.359, 'w7': 0.481, 'w8': 0.937, 'max_depth': 6, 'min_child_weight': 0, 'subsample': 0.9000000000000001, 'colsample_bytree': 1.0, 'gamma': 1.8}. Best is trial 239 with value: 0.5932478838521709.
[I 2023-10-12 07:28:11,688] Trial 296 finished with value: 0.5902544700674148 and parameters: {'w0': 0.422, 'w1': 0.971, 'w2': 0.537, 'w3': 0.93, 'w4': 0.9540000000000001, 'w5': 0.084, 'w6': 0.853, 'w7': 0.468, 'w8': 0.93, 'max_depth': 6, 'min_child_weight': 0, 'subsample': 0.9000000000000001, 'colsample_bytree': 1.0, 'gamma': 1.8}. Best is trial 239 with value: 0.5932478838521709.
[I 2023-10-12 07:29:33,236] Trial 298 finished with value: 0.5904513935780921 and parameters: {'w0': 0.384, 'w1': 0.972, 'w2': 0.535, 'w3': 0.936, 'w4': 0.661, 'w5': 0.194, 'w6': 0.84, 'w7': 0.47400000000000003, 'w8': 0.9400000000000001, 'max_depth': 6, 'min_child_weight': 0, 'subsample': 0.9000000000000001, 'colsample_bytree': 1.0, 'gamma': 1.8}. Best is trial 239 with value: 0.5932478838521709.
[I 2023-10-12 07:29:36,128] Trial 297 finished with value: 0.5851392037247711 and parameters: {'w0': 0.42, 'w1': 0.974, 'w2': 0.533, 'w3': 0.936, 'w4': 0.655, 'w5': 0.23700000000000002, 'w6': 0.855, 'w7': 0.47200000000000003, 'w8': 0.9380000000000001, 'max_depth': 6, 'min_child_weight': 0, 'subsample': 0.9000000000000001, 'colsample_bytree': 1.0, 'gamma': 1.8}. Best is trial 239 with value: 0.5932478838521709.
[I 2023-10-12 07:30:00,898] Trial 299 finished with value: 0.5788048001728545 and parameters: {'w0': 0.385, 'w1': 0.969, 'w2': 0.537, 'w3': 0.935, 'w4': 0.927, 'w5': 0.024, 'w6': 0.855, 'w7': 0.468, 'w8': 0.9390000000000001, 'max_depth': 6, 'min_child_weight': 0, 'subsample': 0.9000000000000001, 'colsample_bytree': 1.0, 'gamma': 1.8}. Best is trial 239 with value: 0.5932478838521709.
[I 2023-10-12 07:31:08,866] Trial 301 finished with value: 0.5724019110929306 and parameters: {'w0': 0.385, 'w1': 0.17, 'w2': 0.532, 'w3': 0.937, 'w4': 0.9550000000000001, 'w5': 0.242, 'w6': 0.834, 'w7': 0.47200000000000003, 'w8': 0.9390000000000001, 'max_depth': 6, 'min_child_weight': 2, 'subsample': 0.9000000000000001, 'colsample_bytree': 1.0, 'gamma': 1.8}. Best is trial 239 with value: 0.5932478838521709.
[I 2023-10-12 07:31:37,993] Trial 300 finished with value: 0.5607516722426402 and parameters: {'w0': 0.385, 'w1': 0.9420000000000001, 'w2': 0.54, 'w3': 0.935, 'w4': 0.655, 'w5': 0.013000000000000001, 'w6': 0.837, 'w7': 0.47800000000000004, 'w8': 0.9420000000000001, 'max_depth': 6, 'min_child_weight': 0, 'subsample': 0.9000000000000001, 'colsample_bytree': 1.0, 'gamma': 1.8}. Best is trial 239 with value: 0.5932478838521709.
[I 2023-10-12 07:33:27,881] Trial 291 finished with value: 0.5831851147557635 and parameters: {'w0': 0.424, 'w1': 0.937, 'w2': 0.532, 'w3': 0.964, 'w4': 0.9560000000000001, 'w5': 0.227, 'w6': 0.855, 'w7': 0.47500000000000003, 'w8': 0.9390000000000001, 'max_depth': 6, 'min_child_weight': 0, 'subsample': 0.4, 'colsample_bytree': 1.0, 'gamma': 1.8}. Best is trial 239 with value: 0.5932478838521709.
[I 2023-10-12 07:33:52,057] Trial 302 finished with value: 0.5917677346698865 and parameters: {'w0': 0.428, 'w1': 0.935, 'w2': 0.534, 'w3': 0.937, 'w4': 0.925, 'w5': 0.23800000000000002, 'w6': 0.835, 'w7': 0.47600000000000003, 'w8': 0.9520000000000001, 'max_depth': 6, 'min_child_weight': 2, 'subsample': 0.9000000000000001, 'colsample_bytree': 1.0, 'gamma': 1.8}. Best is trial 239 with value: 0.5932478838521709.
[I 2023-10-12 07:34:35,311] Trial 303 finished with value: 0.5870314744887474 and parameters: {'w0': 0.385, 'w1': 0.933, 'w2': 0.533, 'w3': 0.934, 'w4': 0.928, 'w5': 0.243, 'w6': 0.8330000000000001, 'w7': 0.47600000000000003, 'w8': 0.9390000000000001, 'max_depth': 6, 'min_child_weight': 2, 'subsample': 0.9000000000000001, 'colsample_bytree': 1.0, 'gamma': 1.8}. Best is trial 239 with value: 0.5932478838521709.
[I 2023-10-12 07:34:45,762] Trial 304 finished with value: 0.5920306883022135 and parameters: {'w0': 0.387, 'w1': 0.93, 'w2': 0.53, 'w3': 0.934, 'w4': 0.927, 'w5': 0.23600000000000002, 'w6': 0.837, 'w7': 0.47300000000000003, 'w8': 0.9390000000000001, 'max_depth': 6, 'min_child_weight': 2, 'subsample': 0.9000000000000001, 'colsample_bytree': 1.0, 'gamma': 1.8}. Best is trial 239 with value: 0.5932478838521709.
[I 2023-10-12 07:34:48,492] Trial 293 finished with value: 0.5847629963677053 and parameters: {'w0': 0.423, 'w1': 0.935, 'w2': 0.532, 'w3': 0.963, 'w4': 0.653, 'w5': 0.23600000000000002, 'w6': 0.857, 'w7': 0.47400000000000003, 'w8': 0.9420000000000001, 'max_depth': 6, 'min_child_weight': 0, 'subsample': 0.4, 'colsample_bytree': 1.0, 'gamma': 1.8}. Best is trial 239 with value: 0.5932478838521709.
[I 2023-10-12 07:35:38,842] Trial 305 finished with value: 0.5893237598808886 and parameters: {'w0': 0.384, 'w1': 0.928, 'w2': 0.539, 'w3': 0.931, 'w4': 0.928, 'w5': 0.23800000000000002, 'w6': 0.837, 'w7': 0.46900000000000003, 'w8': 0.93, 'max_depth': 6, 'min_child_weight': 2, 'subsample': 0.9000000000000001, 'colsample_bytree': 1.0, 'gamma': 1.8}. Best is trial 239 with value: 0.5932478838521709.
[I 2023-10-12 07:35:50,050] Trial 306 finished with value: 0.55293006450719 and parameters: {'w0': 0.38, 'w1': 0.166, 'w2': 0.534, 'w3': 0.931, 'w4': 0.66, 'w5': 0.234, 'w6': 0.186, 'w7': 0.467, 'w8': 0.9390000000000001, 'max_depth': 6, 'min_child_weight': 2, 'subsample': 0.9000000000000001, 'colsample_bytree': 1.0, 'gamma': 1.8}. Best is trial 239 with value: 0.5932478838521709.
[I 2023-10-12 07:35:55,901] Trial 292 finished with value: 0.5737187118658404 and parameters: {'w0': 0.423, 'w1': 0.973, 'w2': 0.531, 'w3': 0.937, 'w4': 0.637, 'w5': 0.225, 'w6': 0.856, 'w7': 0.47300000000000003, 'w8': 0.9410000000000001, 'max_depth': 6, 'min_child_weight': 0, 'subsample': 0.2, 'colsample_bytree': 1.0, 'gamma': 1.8}. Best is trial 239 with value: 0.5932478838521709.
[I 2023-10-12 07:38:04,046] Trial 307 finished with value: 0.5572953866538836 and parameters: {'w0': 0.383, 'w1': 0.182, 'w2': 0.536, 'w3': 0.929, 'w4': 0.927, 'w5': 0.02, 'w6': 0.8330000000000001, 'w7': 0.46900000000000003, 'w8': 0.9420000000000001, 'max_depth': 6, 'min_child_weight': 2, 'subsample': 0.9000000000000001, 'colsample_bytree': 1.0, 'gamma': 1.8}. Best is trial 239 with value: 0.5932478838521709.
[I 2023-10-12 07:42:42,001] Trial 308 finished with value: 0.5919829421798284 and parameters: {'w0': 0.39, 'w1': 0.932, 'w2': 0.537, 'w3': 0.933, 'w4': 0.927, 'w5': 0.195, 'w6': 0.836, 'w7': 0.464, 'w8': 0.9410000000000001, 'max_depth': 6, 'min_child_weight': 2, 'subsample': 0.9000000000000001, 'colsample_bytree': 1.0, 'gamma': 1.4000000000000001}. Best is trial 239 with value: 0.5932478838521709.
[I 2023-10-12 07:43:20,058] Trial 309 finished with value: 0.5865887638062915 and parameters: {'w0': 0.383, 'w1': 0.933, 'w2': 0.54, 'w3': 0.931, 'w4': 0.928, 'w5': 0.068, 'w6': 0.835, 'w7': 0.464, 'w8': 0.931, 'max_depth': 6, 'min_child_weight': 2, 'subsample': 0.9000000000000001, 'colsample_bytree': 1.0, 'gamma': 1.4000000000000001}. Best is trial 239 with value: 0.5932478838521709.
[I 2023-10-12 07:44:15,224] Trial 311 finished with value: 0.5890449192577603 and parameters: {'w0': 0.386, 'w1': 0.934, 'w2': 0.555, 'w3': 0.929, 'w4': 0.673, 'w5': 0.196, 'w6': 0.836, 'w7': 0.457, 'w8': 0.9400000000000001, 'max_depth': 6, 'min_child_weight': 2, 'subsample': 0.9000000000000001, 'colsample_bytree': 1.0, 'gamma': 1.6}. Best is trial 239 with value: 0.5932478838521709.
[I 2023-10-12 07:44:36,081] Trial 310 finished with value: 0.5736464983253224 and parameters: {'w0': 0.382, 'w1': 0.9400000000000001, 'w2': 0.539, 'w3': 0.931, 'w4': 0.654, 'w5': 0.193, 'w6': 0.213, 'w7': 0.462, 'w8': 0.9410000000000001, 'max_depth': 6, 'min_child_weight': 2, 'subsample': 0.9000000000000001, 'colsample_bytree': 1.0, 'gamma': 1.4000000000000001}. Best is trial 239 with value: 0.5932478838521709.
[I 2023-10-12 07:44:47,460] Trial 312 finished with value: 0.5710959050038897 and parameters: {'w0': 0.364, 'w1': 0.147, 'w2': 0.556, 'w3': 0.935, 'w4': 0.9500000000000001, 'w5': 0.074, 'w6': 0.84, 'w7': 0.466, 'w8': 0.92, 'max_depth': 6, 'min_child_weight': 2, 'subsample': 0.9000000000000001, 'colsample_bytree': 1.0, 'gamma': 1.4000000000000001}. Best is trial 239 with value: 0.5932478838521709.
[I 2023-10-12 07:45:57,214] Trial 313 finished with value: 0.5765700928248261 and parameters: {'w0': 0.357, 'w1': 0.9410000000000001, 'w2': 0.539, 'w3': 0.925, 'w4': 0.667, 'w5': 0.194, 'w6': 0.23800000000000002, 'w7': 0.458, 'w8': 0.9470000000000001, 'max_depth': 6, 'min_child_weight': 2, 'subsample': 0.9000000000000001, 'colsample_bytree': 1.0, 'gamma': 1.4000000000000001}. Best is trial 239 with value: 0.5932478838521709.
[I 2023-10-12 07:47:54,849] Trial 314 finished with value: 0.5885536495889928 and parameters: {'w0': 0.358, 'w1': 0.999, 'w2': 0.549, 'w3': 0.927, 'w4': 0.9550000000000001, 'w5': 0.084, 'w6': 0.836, 'w7': 0.455, 'w8': 0.912, 'max_depth': 6, 'min_child_weight': 0, 'subsample': 0.9000000000000001, 'colsample_bytree': 1.0, 'gamma': 1.4000000000000001}. Best is trial 239 with value: 0.5932478838521709.
[I 2023-10-12 07:48:17,780] Trial 322 finished with value: 0.5858109868590206 and parameters: {'w0': 0.356, 'w1': 0.922, 'w2': 0.557, 'w3': 0.878, 'w4': 0.9570000000000001, 'w5': 0.062, 'w6': 0.834, 'w7': 0.509, 'w8': 0.912, 'max_depth': 6, 'min_child_weight': 2, 'subsample': 0.9000000000000001, 'colsample_bytree': 1.0, 'gamma': 2.4000000000000004}. Best is trial 239 with value: 0.5932478838521709.
[I 2023-10-12 07:48:36,308] Trial 316 finished with value: 0.5864623875387541 and parameters: {'w0': 0.362, 'w1': 0.93, 'w2': 0.552, 'w3': 0.876, 'w4': 0.673, 'w5': 0.068, 'w6': 0.836, 'w7': 0.454, 'w8': 0.918, 'max_depth': 6, 'min_child_weight': 2, 'subsample': 0.9000000000000001, 'colsample_bytree': 1.0, 'gamma': 1.4000000000000001}. Best is trial 239 with value: 0.5932478838521709.
[I 2023-10-12 07:49:00,696] Trial 315 finished with value: 0.5892976315314287 and parameters: {'w0': 0.36, 'w1': 0.932, 'w2': 0.56, 'w3': 0.926, 'w4': 0.929, 'w5': 0.185, 'w6': 0.8320000000000001, 'w7': 0.51, 'w8': 0.921, 'max_depth': 6, 'min_child_weight': 2, 'subsample': 0.9000000000000001, 'colsample_bytree': 1.0, 'gamma': 1.4000000000000001}. Best is trial 239 with value: 0.5932478838521709.
[I 2023-10-12 07:50:08,856] Trial 317 finished with value: 0.5912146215611997 and parameters: {'w0': 0.37, 'w1': 0.998, 'w2': 0.557, 'w3': 0.925, 'w4': 0.9590000000000001, 'w5': 0.191, 'w6': 0.865, 'w7': 0.459, 'w8': 0.914, 'max_depth': 6, 'min_child_weight': 2, 'subsample': 0.9000000000000001, 'colsample_bytree': 1.0, 'gamma': 1.4000000000000001}. Best is trial 239 with value: 0.5932478838521709.
[I 2023-10-12 07:50:14,260] Trial 318 finished with value: 0.5869721497974643 and parameters: {'w0': 0.35100000000000003, 'w1': 0.99, 'w2': 0.555, 'w3': 0.878, 'w4': 0.677, 'w5': 0.192, 'w6': 0.84, 'w7': 0.454, 'w8': 0.916, 'max_depth': 6, 'min_child_weight': 2, 'subsample': 0.9000000000000001, 'colsample_bytree': 1.0, 'gamma': 1.4000000000000001}. Best is trial 239 with value: 0.5932478838521709.
[I 2023-10-12 07:50:33,486] Trial 319 finished with value: 0.5893677911259075 and parameters: {'w0': 0.378, 'w1': 0.988, 'w2': 0.559, 'w3': 0.927, 'w4': 0.9570000000000001, 'w5': 0.192, 'w6': 0.837, 'w7': 0.455, 'w8': 0.917, 'max_depth': 6, 'min_child_weight': 2, 'subsample': 0.9000000000000001, 'colsample_bytree': 1.0, 'gamma': 1.4000000000000001}. Best is trial 239 with value: 0.5932478838521709.
[I 2023-10-12 07:50:55,436] Trial 320 finished with value: 0.5894819575448331 and parameters: {'w0': 0.358, 'w1': 0.922, 'w2': 0.559, 'w3': 0.921, 'w4': 0.9550000000000001, 'w5': 0.083, 'w6': 0.8330000000000001, 'w7': 0.458, 'w8': 0.915, 'max_depth': 6, 'min_child_weight': 2, 'subsample': 0.9000000000000001, 'colsample_bytree': 1.0, 'gamma': 1.4000000000000001}. Best is trial 239 with value: 0.5932478838521709.
[I 2023-10-12 07:51:45,985] Trial 321 finished with value: 0.5861724657018423 and parameters: {'w0': 0.36, 'w1': 0.926, 'w2': 0.552, 'w3': 0.876, 'w4': 0.9570000000000001, 'w5': 0.192, 'w6': 0.838, 'w7': 0.511, 'w8': 0.916, 'max_depth': 6, 'min_child_weight': 2, 'subsample': 0.9000000000000001, 'colsample_bytree': 1.0, 'gamma': 1.4000000000000001}. Best is trial 239 with value: 0.5932478838521709.
[I 2023-10-12 07:53:18,885] Trial 323 finished with value: 0.5879886646745797 and parameters: {'w0': 0.353, 'w1': 0.997, 'w2': 0.56, 'w3': 0.881, 'w4': 0.9580000000000001, 'w5': 0.067, 'w6': 0.805, 'w7': 0.512, 'w8': 0.914, 'max_depth': 6, 'min_child_weight': 2, 'subsample': 0.9000000000000001, 'colsample_bytree': 1.0, 'gamma': 1.4000000000000001}. Best is trial 239 with value: 0.5932478838521709.
