[I 2023-10-13 19:13:10,523] Trial 674 finished with value: 0.5003479181959417 and parameters: {'w0': 0.223, 'w1': 0.587, 'w2': 0.188, 'w3': 0.9510000000000001, 'w4': 0.761, 'w5': 0.046, 'w6': 0.763, 'w7': 0.221, 'w8': 0.9590000000000001, 'max_depth': 6, 'min_child_weight': 10, 'subsample': 0.8, 'colsample_bytree': 1.0, 'gamma': 1.0}. Best is trial 600 with value: 0.5139281937245695.
[I 2023-10-13 19:15:26,730] Trial 682 finished with value: 0.4978736094231749 and parameters: {'w0': 0.169, 'w1': 0.655, 'w2': 0.219, 'w3': 0.88, 'w4': 0.734, 'w5': 0.028, 'w6': 0.7040000000000001, 'w7': 0.14300000000000002, 'w8': 0.9500000000000001, 'max_depth': 6, 'min_child_weight': 8, 'subsample': 1.0, 'colsample_bytree': 0.9000000000000001, 'gamma': 0.2}. Best is trial 600 with value: 0.5139281937245695.
[I 2023-10-13 19:17:19,228] Trial 676 finished with value: 0.5013614066365175 and parameters: {'w0': 0.18, 'w1': 0.558, 'w2': 0.189, 'w3': 0.884, 'w4': 0.85, 'w5': 0.042, 'w6': 0.6950000000000001, 'w7': 0.227, 'w8': 0.9540000000000001, 'max_depth': 6, 'min_child_weight': 10, 'subsample': 0.8, 'colsample_bytree': 0.9000000000000001, 'gamma': 0.0}. Best is trial 600 with value: 0.5139281937245695.
[I 2023-10-13 19:17:23,938] Trial 677 finished with value: 0.5050404983641728 and parameters: {'w0': 0.167, 'w1': 0.588, 'w2': 0.219, 'w3': 0.878, 'w4': 0.772, 'w5': 0.038, 'w6': 0.764, 'w7': 0.148, 'w8': 0.9550000000000001, 'max_depth': 6, 'min_child_weight': 10, 'subsample': 0.8, 'colsample_bytree': 0.9000000000000001, 'gamma': 0.0}. Best is trial 600 with value: 0.5139281937245695.
[I 2023-10-13 19:17:39,403] Trial 678 finished with value: 0.5047246245697913 and parameters: {'w0': 0.217, 'w1': 0.592, 'w2': 0.218, 'w3': 0.89, 'w4': 0.772, 'w5': 0.030000000000000002, 'w6': 0.677, 'w7': 0.217, 'w8': 0.9550000000000001, 'max_depth': 6, 'min_child_weight': 10, 'subsample': 0.8, 'colsample_bytree': 0.9000000000000001, 'gamma': 0.0}. Best is trial 600 with value: 0.5139281937245695.
[I 2023-10-13 19:17:44,111] Trial 675 finished with value: 0.5096392097733203 and parameters: {'w0': 0.228, 'w1': 0.5700000000000001, 'w2': 0.221, 'w3': 0.881, 'w4': 0.838, 'w5': 0.044000000000000004, 'w6': 0.783, 'w7': 0.222, 'w8': 0.9570000000000001, 'max_depth': 6, 'min_child_weight': 8, 'subsample': 0.8, 'colsample_bytree': 0.9000000000000001, 'gamma': 0.0}. Best is trial 600 with value: 0.5139281937245695.
[I 2023-10-13 19:19:09,861] Trial 679 finished with value: 0.506053868087496 and parameters: {'w0': 0.16, 'w1': 0.586, 'w2': 0.222, 'w3': 0.9470000000000001, 'w4': 0.737, 'w5': 0.035, 'w6': 0.6960000000000001, 'w7': 0.224, 'w8': 0.9530000000000001, 'max_depth': 6, 'min_child_weight': 8, 'subsample': 0.8, 'colsample_bytree': 0.9000000000000001, 'gamma': 0.0}. Best is trial 600 with value: 0.5139281937245695.
[I 2023-10-13 19:19:36,603] Trial 680 finished with value: 0.505857259401598 and parameters: {'w0': 0.152, 'w1': 0.581, 'w2': 0.223, 'w3': 0.9530000000000001, 'w4': 0.764, 'w5': 0.034, 'w6': 0.6920000000000001, 'w7': 0.15, 'w8': 0.9570000000000001, 'max_depth': 6, 'min_child_weight': 8, 'subsample': 0.8, 'colsample_bytree': 0.9000000000000001, 'gamma': 0.0}. Best is trial 600 with value: 0.5139281937245695.
[I 2023-10-13 19:20:33,728] Trial 688 finished with value: 0.4538013275903704 and parameters: {'w0': 0.234, 'w1': 0.5740000000000001, 'w2': 0.222, 'w3': 0.9420000000000001, 'w4': 0.733, 'w5': 0.029, 'w6': 0.6900000000000001, 'w7': 0.14300000000000002, 'w8': 0.9440000000000001, 'max_depth': 6, 'min_child_weight': 8, 'subsample': 0.8, 'colsample_bytree': 0.9000000000000001, 'gamma': 4.0}. Best is trial 600 with value: 0.5139281937245695.
[I 2023-10-13 19:21:22,320] Trial 683 finished with value: 0.5021794077542076 and parameters: {'w0': 0.129, 'w1': 0.556, 'w2': 0.222, 'w3': 0.851, 'w4': 0.771, 'w5': 0.030000000000000002, 'w6': 0.6940000000000001, 'w7': 0.149, 'w8': 0.9530000000000001, 'max_depth': 6, 'min_child_weight': 8, 'subsample': 0.8, 'colsample_bytree': 0.9000000000000001, 'gamma': 0.2}. Best is trial 600 with value: 0.5139281937245695.
[I 2023-10-13 19:22:39,337] Trial 684 finished with value: 0.49816647034010864 and parameters: {'w0': 0.228, 'w1': 0.579, 'w2': 0.221, 'w3': 0.848, 'w4': 0.771, 'w5': 0.045, 'w6': 0.755, 'w7': 0.14400000000000002, 'w8': 0.9490000000000001, 'max_depth': 6, 'min_child_weight': 8, 'subsample': 1.0, 'colsample_bytree': 0.9000000000000001, 'gamma': 0.2}. Best is trial 600 with value: 0.5139281937245695.
[I 2023-10-13 19:27:51,995] Trial 685 finished with value: 0.5027229749529502 and parameters: {'w0': 0.164, 'w1': 0.5720000000000001, 'w2': 0.214, 'w3': 0.852, 'w4': 0.835, 'w5': 0.031, 'w6': 0.705, 'w7': 0.156, 'w8': 0.371, 'max_depth': 6, 'min_child_weight': 8, 'subsample': 0.8, 'colsample_bytree': 0.9000000000000001, 'gamma': 0.2}. Best is trial 600 with value: 0.5139281937245695.
[I 2023-10-13 19:28:51,349] Trial 686 finished with value: 0.5056558852720898 and parameters: {'w0': 0.159, 'w1': 0.5650000000000001, 'w2': 0.227, 'w3': 0.885, 'w4': 0.775, 'w5': 0.026000000000000002, 'w6': 0.7010000000000001, 'w7': 0.14400000000000002, 'w8': 0.9480000000000001, 'max_depth': 6, 'min_child_weight': 8, 'subsample': 0.8, 'colsample_bytree': 0.9000000000000001, 'gamma': 0.2}. Best is trial 600 with value: 0.5139281937245695.
[I 2023-10-13 19:31:28,414] Trial 687 finished with value: 0.5042115221697403 and parameters: {'w0': 0.179, 'w1': 0.655, 'w2': 0.221, 'w3': 0.852, 'w4': 0.74, 'w5': 0.032, 'w6': 0.6950000000000001, 'w7': 0.156, 'w8': 0.393, 'max_depth': 6, 'min_child_weight': 8, 'subsample': 0.8, 'colsample_bytree': 0.9000000000000001, 'gamma': 0.2}. Best is trial 600 with value: 0.5139281937245695.
[I 2023-10-13 19:32:43,587] Trial 689 finished with value: 0.5009210467425398 and parameters: {'w0': 0.22, 'w1': 0.5700000000000001, 'w2': 0.22, 'w3': 0.849, 'w4': 0.744, 'w5': 0.027000000000000003, 'w6': 0.6960000000000001, 'w7': 0.15, 'w8': 0.375, 'max_depth': 6, 'min_child_weight': 8, 'subsample': 0.8, 'colsample_bytree': 0.9000000000000001, 'gamma': 0.2}. Best is trial 600 with value: 0.5139281937245695.
[I 2023-10-13 19:32:44,351] Trial 690 finished with value: 0.5020347194109663 and parameters: {'w0': 0.232, 'w1': 0.646, 'w2': 0.227, 'w3': 0.851, 'w4': 0.736, 'w5': 0.027000000000000003, 'w6': 0.711, 'w7': 0.14200000000000002, 'w8': 0.9410000000000001, 'max_depth': 6, 'min_child_weight': 8, 'subsample': 0.8, 'colsample_bytree': 0.9000000000000001, 'gamma': 0.2}. Best is trial 600 with value: 0.5139281937245695.
[I 2023-10-13 19:32:56,018] Trial 691 finished with value: 0.5052960117033719 and parameters: {'w0': 0.157, 'w1': 0.652, 'w2': 0.216, 'w3': 0.838, 'w4': 0.734, 'w5': 0.026000000000000002, 'w6': 0.6950000000000001, 'w7': 0.156, 'w8': 0.9420000000000001, 'max_depth': 6, 'min_child_weight': 8, 'subsample': 0.8, 'colsample_bytree': 0.9000000000000001, 'gamma': 0.2}. Best is trial 600 with value: 0.5139281937245695.
[I 2023-10-13 19:35:47,744] Trial 692 finished with value: 0.5046009116831826 and parameters: {'w0': 0.23700000000000002, 'w1': 0.683, 'w2': 0.228, 'w3': 0.855, 'w4': 0.736, 'w5': 0.515, 'w6': 0.655, 'w7': 0.149, 'w8': 0.936, 'max_depth': 6, 'min_child_weight': 8, 'subsample': 0.8, 'colsample_bytree': 0.9000000000000001, 'gamma': 0.2}. Best is trial 600 with value: 0.5139281937245695.
[I 2023-10-13 19:37:00,315] Trial 694 finished with value: 0.5117472864451138 and parameters: {'w0': 0.23600000000000002, 'w1': 0.687, 'w2': 0.225, 'w3': 0.853, 'w4': 0.733, 'w5': 0.076, 'w6': 0.811, 'w7': 0.157, 'w8': 0.9380000000000001, 'max_depth': 6, 'min_child_weight': 8, 'subsample': 0.8, 'colsample_bytree': 0.9000000000000001, 'gamma': 0.4}. Best is trial 600 with value: 0.5139281937245695.
[I 2023-10-13 19:37:10,579] Trial 693 finished with value: 0.5050444610190812 and parameters: {'w0': 0.229, 'w1': 0.6980000000000001, 'w2': 0.224, 'w3': 0.849, 'w4': 0.745, 'w5': 0.026000000000000002, 'w6': 0.755, 'w7': 0.154, 'w8': 0.934, 'max_depth': 6, 'min_child_weight': 8, 'subsample': 0.8, 'colsample_bytree': 0.9000000000000001, 'gamma': 0.2}. Best is trial 600 with value: 0.5139281937245695.
[I 2023-10-13 19:37:12,531] Trial 695 finished with value: 0.5083040998259659 and parameters: {'w0': 0.232, 'w1': 0.552, 'w2': 0.234, 'w3': 0.846, 'w4': 0.735, 'w5': 0.079, 'w6': 0.809, 'w7': 0.148, 'w8': 0.936, 'max_depth': 6, 'min_child_weight': 8, 'subsample': 0.8, 'colsample_bytree': 0.9000000000000001, 'gamma': 0.2}. Best is trial 600 with value: 0.5139281937245695.
[I 2023-10-13 19:37:15,009] Trial 696 finished with value: 0.504223618140253 and parameters: {'w0': 0.241, 'w1': 0.653, 'w2': 0.23600000000000002, 'w3': 0.846, 'w4': 0.842, 'w5': 0.029, 'w6': 0.655, 'w7': 0.159, 'w8': 0.935, 'max_depth': 6, 'min_child_weight': 8, 'subsample': 0.8, 'colsample_bytree': 0.9000000000000001, 'gamma': 0.4}. Best is trial 600 with value: 0.5139281937245695.
[I 2023-10-13 19:38:46,901] Trial 697 finished with value: 0.5095803509770869 and parameters: {'w0': 0.23900000000000002, 'w1': 0.611, 'w2': 0.23600000000000002, 'w3': 0.851, 'w4': 0.8290000000000001, 'w5': 0.077, 'w6': 0.754, 'w7': 0.153, 'w8': 0.9380000000000001, 'max_depth': 6, 'min_child_weight': 8, 'subsample': 0.8, 'colsample_bytree': 0.9000000000000001, 'gamma': 0.4}. Best is trial 600 with value: 0.5139281937245695.
[I 2023-10-13 19:39:04,604] Trial 698 finished with value: 0.5099646153292016 and parameters: {'w0': 0.23900000000000002, 'w1': 0.647, 'w2': 0.23600000000000002, 'w3': 0.849, 'w4': 0.737, 'w5': 0.08, 'w6': 0.723, 'w7': 0.153, 'w8': 0.93, 'max_depth': 6, 'min_child_weight': 8, 'subsample': 0.8, 'colsample_bytree': 0.9000000000000001, 'gamma': 0.4}. Best is trial 600 with value: 0.5139281937245695.
[I 2023-10-13 19:40:25,461] Trial 699 finished with value: 0.5064925492152648 and parameters: {'w0': 0.243, 'w1': 0.6890000000000001, 'w2': 0.247, 'w3': 0.85, 'w4': 0.741, 'w5': 0.081, 'w6': 0.807, 'w7': 0.158, 'w8': 0.934, 'max_depth': 6, 'min_child_weight': 8, 'subsample': 0.8, 'colsample_bytree': 0.9000000000000001, 'gamma': 0.4}. Best is trial 600 with value: 0.5139281937245695.
[I 2023-10-13 19:41:19,738] Trial 700 finished with value: 0.5095039240568637 and parameters: {'w0': 0.181, 'w1': 0.686, 'w2': 0.241, 'w3': 0.835, 'w4': 0.838, 'w5': 0.075, 'w6': 0.756, 'w7': 0.154, 'w8': 0.933, 'max_depth': 6, 'min_child_weight': 8, 'subsample': 0.8, 'colsample_bytree': 0.9000000000000001, 'gamma': 0.4}. Best is trial 600 with value: 0.5139281937245695.
[I 2023-10-13 19:42:07,726] Trial 701 finished with value: 0.49825556959483575 and parameters: {'w0': 0.19, 'w1': 0.652, 'w2': 0.23700000000000002, 'w3': 0.854, 'w4': 0.743, 'w5': 0.519, 'w6': 0.652, 'w7': 0.164, 'w8': 0.277, 'max_depth': 6, 'min_child_weight': 8, 'subsample': 0.8, 'colsample_bytree': 0.9000000000000001, 'gamma': 0.4}. Best is trial 600 with value: 0.5139281937245695.
[I 2023-10-13 19:45:43,870] Trial 712 finished with value: 0.4690531961884354 and parameters: {'w0': 0.203, 'w1': 0.614, 'w2': 0.246, 'w3': 0.811, 'w4': 0.717, 'w5': 0.076, 'w6': 0.806, 'w7': 0.197, 'w8': 0.932, 'max_depth': 6, 'min_child_weight': 8, 'subsample': 0.8, 'colsample_bytree': 0.9000000000000001, 'gamma': 5.2}. Best is trial 600 with value: 0.5139281937245695.
[I 2023-10-13 19:46:12,572] Trial 702 finished with value: 0.4994434634145469 and parameters: {'w0': 0.23700000000000002, 'w1': 0.002, 'w2': 0.241, 'w3': 0.847, 'w4': 0.836, 'w5': 0.075, 'w6': 0.806, 'w7': 0.201, 'w8': 0.9390000000000001, 'max_depth': 6, 'min_child_weight': 8, 'subsample': 0.8, 'colsample_bytree': 0.9000000000000001, 'gamma': 0.4}. Best is trial 600 with value: 0.5139281937245695.
[I 2023-10-13 19:48:32,765] Trial 703 finished with value: 0.5098041196676351 and parameters: {'w0': 0.244, 'w1': 0.65, 'w2': 0.245, 'w3': 0.8220000000000001, 'w4': 0.739, 'w5': 0.07300000000000001, 'w6': 0.659, 'w7': 0.202, 'w8': 0.929, 'max_depth': 6, 'min_child_weight': 8, 'subsample': 0.8, 'colsample_bytree': 0.9000000000000001, 'gamma': 0.4}. Best is trial 600 with value: 0.5139281937245695.
[I 2023-10-13 19:50:54,385] Trial 704 finished with value: 0.513603908108169 and parameters: {'w0': 0.24000000000000002, 'w1': 0.683, 'w2': 0.241, 'w3': 0.8140000000000001, 'w4': 0.722, 'w5': 0.075, 'w6': 0.651, 'w7': 0.20600000000000002, 'w8': 0.931, 'max_depth': 6, 'min_child_weight': 8, 'subsample': 0.8, 'colsample_bytree': 0.9000000000000001, 'gamma': 0.6000000000000001}. Best is trial 600 with value: 0.5139281937245695.
[I 2023-10-13 19:51:55,927] Trial 705 finished with value: 0.5051238614426344 and parameters: {'w0': 0.242, 'w1': 0.682, 'w2': 0.241, 'w3': 0.8310000000000001, 'w4': 0.721, 'w5': 0.074, 'w6': 0.809, 'w7': 0.2, 'w8': 0.303, 'max_depth': 6, 'min_child_weight': 8, 'subsample': 0.8, 'colsample_bytree': 0.9000000000000001, 'gamma': 0.6000000000000001}. Best is trial 600 with value: 0.5139281937245695.
[I 2023-10-13 19:52:34,941] Trial 707 finished with value: 0.5140349745619505 and parameters: {'w0': 0.24000000000000002, 'w1': 0.607, 'w2': 0.23700000000000002, 'w3': 0.8290000000000001, 'w4': 0.8330000000000001, 'w5': 0.079, 'w6': 0.811, 'w7': 0.2, 'w8': 0.935, 'max_depth': 6, 'min_child_weight': 8, 'subsample': 0.8, 'colsample_bytree': 0.9000000000000001, 'gamma': 0.6000000000000001}. Best is trial 707 with value: 0.5140349745619505.
[I 2023-10-13 19:52:48,712] Trial 706 finished with value: 0.5106426824321545 and parameters: {'w0': 0.246, 'w1': 0.683, 'w2': 0.248, 'w3': 0.803, 'w4': 0.721, 'w5': 0.078, 'w6': 0.807, 'w7': 0.195, 'w8': 0.931, 'max_depth': 6, 'min_child_weight': 8, 'subsample': 0.8, 'colsample_bytree': 0.9000000000000001, 'gamma': 0.6000000000000001}. Best is trial 707 with value: 0.5140349745619505.
[I 2023-10-13 19:53:57,538] Trial 711 finished with value: 0.4906341332691378 and parameters: {'w0': 0.202, 'w1': 0.551, 'w2': 0.245, 'w3': 0.8300000000000001, 'w4': 0.724, 'w5': 0.079, 'w6': 0.805, 'w7': 0.091, 'w8': 0.928, 'max_depth': 6, 'min_child_weight': 8, 'subsample': 0.9000000000000001, 'colsample_bytree': 0.9000000000000001, 'gamma': 0.6000000000000001}. Best is trial 707 with value: 0.5140349745619505.
[I 2023-10-13 19:54:16,870] Trial 714 finished with value: 0.494409179067004 and parameters: {'w0': 0.19, 'w1': 0.541, 'w2': 0.244, 'w3': 0.8280000000000001, 'w4': 0.721, 'w5': 0.076, 'w6': 0.8150000000000001, 'w7': 0.124, 'w8': 0.928, 'max_depth': 6, 'min_child_weight': 8, 'subsample': 0.9000000000000001, 'colsample_bytree': 0.9000000000000001, 'gamma': 0.8}. Best is trial 707 with value: 0.5140349745619505.
[I 2023-10-13 19:54:54,701] Trial 710 finished with value: 0.507548037365569 and parameters: {'w0': 0.196, 'w1': 0.6920000000000001, 'w2': 0.246, 'w3': 0.8260000000000001, 'w4': 0.714, 'w5': 0.077, 'w6': 0.808, 'w7': 0.202, 'w8': 0.926, 'max_depth': 6, 'min_child_weight': 8, 'subsample': 0.9000000000000001, 'colsample_bytree': 0.9000000000000001, 'gamma': 0.6000000000000001}. Best is trial 707 with value: 0.5140349745619505.
[I 2023-10-13 19:55:46,107] Trial 708 finished with value: 0.5131591067807009 and parameters: {'w0': 0.241, 'w1': 0.613, 'w2': 0.245, 'w3': 0.8250000000000001, 'w4': 0.836, 'w5': 0.078, 'w6': 0.811, 'w7': 0.2, 'w8': 0.932, 'max_depth': 6, 'min_child_weight': 8, 'subsample': 0.8, 'colsample_bytree': 0.9000000000000001, 'gamma': 0.6000000000000001}. Best is trial 707 with value: 0.5140349745619505.
[I 2023-10-13 19:56:23,053] Trial 709 finished with value: 0.4810598381140638 and parameters: {'w0': 0.243, 'w1': 0.6930000000000001, 'w2': 0.989, 'w3': 0.8230000000000001, 'w4': 0.722, 'w5': 0.082, 'w6': 0.809, 'w7': 0.196, 'w8': 0.927, 'max_depth': 6, 'min_child_weight': 8, 'subsample': 0.9000000000000001, 'colsample_bytree': 0.9000000000000001, 'gamma': 0.6000000000000001}. Best is trial 707 with value: 0.5140349745619505.
[I 2023-10-13 19:57:40,624] Trial 717 finished with value: 0.4931709398604174 and parameters: {'w0': 0.199, 'w1': 0.681, 'w2': 0.234, 'w3': 0.8260000000000001, 'w4': 0.717, 'w5': 0.07300000000000001, 'w6': 0.808, 'w7': 0.122, 'w8': 0.926, 'max_depth': 6, 'min_child_weight': 8, 'subsample': 0.9000000000000001, 'colsample_bytree': 0.9000000000000001, 'gamma': 0.8}. Best is trial 707 with value: 0.5140349745619505.
[I 2023-10-13 19:57:42,938] Trial 715 finished with value: 0.4952025685627966 and parameters: {'w0': 0.192, 'w1': 0.549, 'w2': 0.244, 'w3': 0.8210000000000001, 'w4': 0.717, 'w5': 0.074, 'w6': 0.812, 'w7': 0.1, 'w8': 0.925, 'max_depth': 6, 'min_child_weight': 8, 'subsample': 0.9000000000000001, 'colsample_bytree': 0.9000000000000001, 'gamma': 0.6000000000000001}. Best is trial 707 with value: 0.5140349745619505.
[I 2023-10-13 19:58:27,154] Trial 713 finished with value: 0.4954694601691677 and parameters: {'w0': 0.192, 'w1': 0.615, 'w2': 0.244, 'w3': 0.8280000000000001, 'w4': 0.716, 'w5': 0.077, 'w6': 0.808, 'w7': 0.098, 'w8': 0.931, 'max_depth': 6, 'min_child_weight': 8, 'subsample': 0.8, 'colsample_bytree': 0.9000000000000001, 'gamma': 0.6000000000000001}. Best is trial 707 with value: 0.5140349745619505.
[I 2023-10-13 19:59:09,664] Trial 716 finished with value: 0.5012738027382985 and parameters: {'w0': 0.193, 'w1': 0.615, 'w2': 0.243, 'w3': 0.8260000000000001, 'w4': 0.716, 'w5': 0.074, 'w6': 0.804, 'w7': 0.127, 'w8': 0.936, 'max_depth': 6, 'min_child_weight': 8, 'subsample': 0.9000000000000001, 'colsample_bytree': 0.9000000000000001, 'gamma': 0.6000000000000001}. Best is trial 707 with value: 0.5140349745619505.
[I 2023-10-13 20:02:06,796] Trial 719 finished with value: 0.49277802790326675 and parameters: {'w0': 0.194, 'w1': 0.684, 'w2': 0.248, 'w3': 0.8240000000000001, 'w4': 0.717, 'w5': 0.076, 'w6': 0.727, 'w7': 0.122, 'w8': 0.926, 'max_depth': 6, 'min_child_weight': 8, 'subsample': 0.9000000000000001, 'colsample_bytree': 0.9000000000000001, 'gamma': 0.8}. Best is trial 707 with value: 0.5140349745619505.
[I 2023-10-13 20:03:21,698] Trial 718 finished with value: 0.49786087743215707 and parameters: {'w0': 0.197, 'w1': 0.617, 'w2': 0.245, 'w3': 0.866, 'w4': 0.867, 'w5': 0.07, 'w6': 0.75, 'w7': 0.121, 'w8': 0.931, 'max_depth': 6, 'min_child_weight': 8, 'subsample': 0.9000000000000001, 'colsample_bytree': 0.9000000000000001, 'gamma': 0.6000000000000001}. Best is trial 707 with value: 0.5140349745619505.
[I 2023-10-13 20:03:55,910] Trial 720 finished with value: 0.4882010816052951 and parameters: {'w0': 0.197, 'w1': 0.538, 'w2': 0.246, 'w3': 0.8250000000000001, 'w4': 0.857, 'w5': 0.063, 'w6': 0.755, 'w7': 0.095, 'w8': 0.924, 'max_depth': 6, 'min_child_weight': 8, 'subsample': 0.9000000000000001, 'colsample_bytree': 0.9000000000000001, 'gamma': 0.8}. Best is trial 707 with value: 0.5140349745619505.
[I 2023-10-13 20:07:06,273] Trial 723 finished with value: 0.496864931617347 and parameters: {'w0': 0.202, 'w1': 0.616, 'w2': 0.201, 'w3': 0.8240000000000001, 'w4': 0.851, 'w5': 0.061, 'w6': 0.637, 'w7': 0.121, 'w8': 0.92, 'max_depth': 6, 'min_child_weight': 8, 'subsample': 0.9000000000000001, 'colsample_bytree': 0.9000000000000001, 'gamma': 0.8}. Best is trial 707 with value: 0.5140349745619505.
[I 2023-10-13 20:07:06,415] Trial 722 finished with value: 0.49914259439396497 and parameters: {'w0': 0.198, 'w1': 0.681, 'w2': 0.20900000000000002, 'w3': 0.8250000000000001, 'w4': 0.86, 'w5': 0.060000000000000005, 'w6': 0.727, 'w7': 0.123, 'w8': 0.924, 'max_depth': 6, 'min_child_weight': 8, 'subsample': 0.9000000000000001, 'colsample_bytree': 0.9000000000000001, 'gamma': 0.8}. Best is trial 707 with value: 0.5140349745619505.
[I 2023-10-13 20:08:33,392] Trial 726 finished with value: 0.49536525778673607 and parameters: {'w0': 0.20800000000000002, 'w1': 0.611, 'w2': 0.203, 'w3': 0.806, 'w4': 0.861, 'w5': 0.057, 'w6': 0.725, 'w7': 0.12000000000000001, 'w8': 0.922, 'max_depth': 6, 'min_child_weight': 8, 'subsample': 0.9000000000000001, 'colsample_bytree': 0.9000000000000001, 'gamma': 0.8}. Best is trial 707 with value: 0.5140349745619505.
[I 2023-10-13 20:08:48,473] Trial 721 finished with value: 0.4932632438797705 and parameters: {'w0': 0.184, 'w1': 0.679, 'w2': 0.247, 'w3': 0.8240000000000001, 'w4': 0.869, 'w5': 0.060000000000000005, 'w6': 0.753, 'w7': 0.093, 'w8': 0.913, 'max_depth': 6, 'min_child_weight': 8, 'subsample': 0.8, 'colsample_bytree': 0.9000000000000001, 'gamma': 0.8}. Best is trial 707 with value: 0.5140349745619505.
[I 2023-10-13 20:09:30,388] Trial 724 finished with value: 0.49889049532807267 and parameters: {'w0': 0.201, 'w1': 0.67, 'w2': 0.248, 'w3': 0.8200000000000001, 'w4': 0.8320000000000001, 'w5': 0.062, 'w6': 0.617, 'w7': 0.122, 'w8': 0.928, 'max_depth': 6, 'min_child_weight': 8, 'subsample': 0.9000000000000001, 'colsample_bytree': 0.9000000000000001, 'gamma': 0.6000000000000001}. Best is trial 707 with value: 0.5140349745619505.
[I 2023-10-13 20:10:37,198] Trial 725 finished with value: 0.5075499253003815 and parameters: {'w0': 0.184, 'w1': 0.6900000000000001, 'w2': 0.203, 'w3': 0.81, 'w4': 0.865, 'w5': 0.061, 'w6': 0.616, 'w7': 0.132, 'w8': 0.923, 'max_depth': 6, 'min_child_weight': 8, 'subsample': 0.8, 'colsample_bytree': 0.9000000000000001, 'gamma': 0.8}. Best is trial 707 with value: 0.5140349745619505.
[I 2023-10-13 20:11:29,327] Trial 727 finished with value: 0.5036086315296828 and parameters: {'w0': 0.18, 'w1': 0.676, 'w2': 0.20600000000000002, 'w3': 0.802, 'w4': 0.837, 'w5': 0.058, 'w6': 0.622, 'w7': 0.125, 'w8': 0.92, 'max_depth': 6, 'min_child_weight': 8, 'subsample': 0.8, 'colsample_bytree': 0.9000000000000001, 'gamma': 0.8}. Best is trial 707 with value: 0.5140349745619505.
[I 2023-10-13 20:12:44,655] Trial 729 finished with value: 0.5018334081097864 and parameters: {'w0': 0.20800000000000002, 'w1': 0.615, 'w2': 0.203, 'w3': 0.809, 'w4': 0.8320000000000001, 'w5': 0.056, 'w6': 0.62, 'w7': 0.124, 'w8': 0.921, 'max_depth': 6, 'min_child_weight': 8, 'subsample': 0.8, 'colsample_bytree': 0.9000000000000001, 'gamma': 0.8}. Best is trial 707 with value: 0.5140349745619505.
