[I 2023-10-13 01:46:41,381] Trial 1616 finished with value: 0.5672078552198064 and parameters: {'w0': 0.41400000000000003, 'w1': 0.791, 'w2': 0.294, 'w3': 0.5630000000000001, 'w4': 0.917, 'w5': 0.191, 'w6': 0.888, 'w7': 0.246, 'w8': 0.896, 'max_depth': 10, 'min_child_weight': 0, 'subsample': 0.7, 'colsample_bytree': 0.8, 'gamma': 9.8}. Best is trial 848 with value: 0.6005661897687894.
[I 2023-10-13 01:46:50,357] Trial 1612 finished with value: 0.5840844564533694 and parameters: {'w0': 0.363, 'w1': 0.8160000000000001, 'w2': 0.296, 'w3': 0.562, 'w4': 0.454, 'w5': 0.187, 'w6': 0.882, 'w7': 0.195, 'w8': 0.897, 'max_depth': 10, 'min_child_weight': 0, 'subsample': 0.7, 'colsample_bytree': 0.8, 'gamma': 2.6}. Best is trial 848 with value: 0.6005661897687894.
[I 2023-10-13 01:48:37,944] Trial 1614 finished with value: 0.5924119113537024 and parameters: {'w0': 0.368, 'w1': 0.8220000000000001, 'w2': 0.292, 'w3': 0.5770000000000001, 'w4': 0.919, 'w5': 0.19, 'w6': 0.84, 'w7': 0.20800000000000002, 'w8': 0.896, 'max_depth': 10, 'min_child_weight': 0, 'subsample': 0.7, 'colsample_bytree': 0.8, 'gamma': 2.6}. Best is trial 848 with value: 0.6005661897687894.
[I 2023-10-13 01:49:07,387] Trial 1613 finished with value: 0.5759923770237567 and parameters: {'w0': 0.366, 'w1': 0.789, 'w2': 0.6900000000000001, 'w3': 0.5640000000000001, 'w4': 0.924, 'w5': 0.186, 'w6': 0.893, 'w7': 0.246, 'w8': 0.849, 'max_depth': 10, 'min_child_weight': 0, 'subsample': 0.7, 'colsample_bytree': 0.8, 'gamma': 2.6}. Best is trial 848 with value: 0.6005661897687894.
[I 2023-10-13 01:50:54,957] Trial 1615 finished with value: 0.5928628077603898 and parameters: {'w0': 0.41200000000000003, 'w1': 0.79, 'w2': 0.28900000000000003, 'w3': 0.526, 'w4': 0.923, 'w5': 0.188, 'w6': 0.835, 'w7': 0.24000000000000002, 'w8': 0.893, 'max_depth': 10, 'min_child_weight': 0, 'subsample': 0.7, 'colsample_bytree': 0.8, 'gamma': 2.2}. Best is trial 848 with value: 0.6005661897687894.
[I 2023-10-13 01:52:11,734] Trial 1617 finished with value: 0.5978881907594646 and parameters: {'w0': 0.366, 'w1': 0.789, 'w2': 0.299, 'w3': 0.553, 'w4': 0.9590000000000001, 'w5': 0.188, 'w6': 0.889, 'w7': 0.246, 'w8': 0.902, 'max_depth': 10, 'min_child_weight': 0, 'subsample': 0.7, 'colsample_bytree': 0.8, 'gamma': 2.2}. Best is trial 848 with value: 0.6005661897687894.
[I 2023-10-13 01:52:32,190] Trial 1618 finished with value: 0.5969616787161832 and parameters: {'w0': 0.368, 'w1': 0.788, 'w2': 0.296, 'w3': 0.5680000000000001, 'w4': 0.92, 'w5': 0.19, 'w6': 0.89, 'w7': 0.252, 'w8': 0.903, 'max_depth': 10, 'min_child_weight': 0, 'subsample': 0.7, 'colsample_bytree': 0.8, 'gamma': 2.2}. Best is trial 848 with value: 0.6005661897687894.
[I 2023-10-13 01:53:29,911] Trial 1619 finished with value: 0.5833267984480468 and parameters: {'w0': 0.41500000000000004, 'w1': 0.788, 'w2': 0.294, 'w3': 0.556, 'w4': 0.34900000000000003, 'w5': 0.191, 'w6': 0.88, 'w7': 0.202, 'w8': 0.9, 'max_depth': 10, 'min_child_weight': 0, 'subsample': 0.7, 'colsample_bytree': 0.8, 'gamma': 2.2}. Best is trial 848 with value: 0.6005661897687894.
[I 2023-10-13 01:53:59,844] Trial 1620 finished with value: 0.5951753400122253 and parameters: {'w0': 0.41600000000000004, 'w1': 0.733, 'w2': 0.292, 'w3': 0.559, 'w4': 0.927, 'w5': 0.203, 'w6': 0.923, 'w7': 0.247, 'w8': 0.893, 'max_depth': 10, 'min_child_weight': 0, 'subsample': 0.7, 'colsample_bytree': 0.8, 'gamma': 2.2}. Best is trial 848 with value: 0.6005661897687894.
[I 2023-10-13 01:54:15,015] Trial 1621 finished with value: 0.5978218705899975 and parameters: {'w0': 0.365, 'w1': 0.787, 'w2': 0.293, 'w3': 0.552, 'w4': 0.924, 'w5': 0.19, 'w6': 0.921, 'w7': 0.254, 'w8': 0.897, 'max_depth': 10, 'min_child_weight': 0, 'subsample': 0.7, 'colsample_bytree': 0.8, 'gamma': 2.2}. Best is trial 848 with value: 0.6005661897687894.
[I 2023-10-13 01:54:23,014] Trial 1622 finished with value: 0.598528699266007 and parameters: {'w0': 0.41600000000000004, 'w1': 0.786, 'w2': 0.299, 'w3': 0.556, 'w4': 0.918, 'w5': 0.189, 'w6': 0.923, 'w7': 0.248, 'w8': 0.895, 'max_depth': 10, 'min_child_weight': 0, 'subsample': 0.7, 'colsample_bytree': 0.8, 'gamma': 2.2}. Best is trial 848 with value: 0.6005661897687894.
[I 2023-10-13 01:55:27,423] Trial 1623 finished with value: 0.5700957059801883 and parameters: {'w0': 0.418, 'w1': 0.787, 'w2': 0.296, 'w3': 0.59, 'w4': 0.10200000000000001, 'w5': 0.191, 'w6': 0.925, 'w7': 0.24000000000000002, 'w8': 0.909, 'max_depth': 10, 'min_child_weight': 0, 'subsample': 0.7, 'colsample_bytree': 0.8, 'gamma': 2.2}. Best is trial 848 with value: 0.6005661897687894.
[I 2023-10-13 01:56:47,476] Trial 1626 finished with value: 0.591688241664307 and parameters: {'w0': 0.41500000000000004, 'w1': 0.789, 'w2': 0.307, 'w3': 0.591, 'w4': 0.909, 'w5': 0.265, 'w6': 0.851, 'w7': 0.241, 'w8': 0.85, 'max_depth': 10, 'min_child_weight': 0, 'subsample': 0.7, 'colsample_bytree': 0.8, 'gamma': 2.8000000000000003}. Best is trial 848 with value: 0.6005661897687894.
[I 2023-10-13 01:57:12,001] Trial 1624 finished with value: 0.5970861738171587 and parameters: {'w0': 0.41600000000000004, 'w1': 0.797, 'w2': 0.296, 'w3': 0.535, 'w4': 0.917, 'w5': 0.196, 'w6': 0.922, 'w7': 0.241, 'w8': 0.902, 'max_depth': 10, 'min_child_weight': 0, 'subsample': 0.7, 'colsample_bytree': 0.8, 'gamma': 2.2}. Best is trial 848 with value: 0.6005661897687894.
[I 2023-10-13 01:58:19,970] Trial 1625 finished with value: 0.5949567814266538 and parameters: {'w0': 0.41400000000000003, 'w1': 0.859, 'w2': 0.301, 'w3': 0.839, 'w4': 0.918, 'w5': 0.313, 'w6': 0.921, 'w7': 0.248, 'w8': 0.851, 'max_depth': 10, 'min_child_weight': 0, 'subsample': 0.7, 'colsample_bytree': 0.8, 'gamma': 2.2}. Best is trial 848 with value: 0.6005661897687894.
[I 2023-10-13 01:59:01,740] Trial 1627 finished with value: 0.5928270529405966 and parameters: {'w0': 0.41100000000000003, 'w1': 0.784, 'w2': 0.304, 'w3': 0.595, 'w4': 0.917, 'w5': 0.257, 'w6': 0.889, 'w7': 0.244, 'w8': 0.846, 'max_depth': 10, 'min_child_weight': 0, 'subsample': 0.7, 'colsample_bytree': 0.8, 'gamma': 2.8000000000000003}. Best is trial 848 with value: 0.6005661897687894.
[I 2023-10-13 01:59:48,349] Trial 1628 finished with value: 0.5937094141075847 and parameters: {'w0': 0.418, 'w1': 0.787, 'w2': 0.308, 'w3': 0.578, 'w4': 0.914, 'w5': 0.185, 'w6': 0.578, 'w7': 0.253, 'w8': 0.85, 'max_depth': 10, 'min_child_weight': 0, 'subsample': 0.7, 'colsample_bytree': 0.8, 'gamma': 2.8000000000000003}. Best is trial 848 with value: 0.6005661897687894.
[I 2023-10-13 02:00:14,949] Trial 1629 finished with value: 0.5890465135681876 and parameters: {'w0': 0.41500000000000004, 'w1': 0.734, 'w2': 0.305, 'w3': 0.586, 'w4': 0.914, 'w5': 0.28, 'w6': 0.586, 'w7': 0.247, 'w8': 0.849, 'max_depth': 10, 'min_child_weight': 0, 'subsample': 0.7, 'colsample_bytree': 0.8, 'gamma': 2.8000000000000003}. Best is trial 848 with value: 0.6005661897687894.
[I 2023-10-13 02:03:06,172] Trial 1631 finished with value: 0.5930785013052249 and parameters: {'w0': 0.744, 'w1': 0.781, 'w2': 0.297, 'w3': 0.837, 'w4': 0.914, 'w5': 0.265, 'w6': 0.866, 'w7': 0.273, 'w8': 0.848, 'max_depth': 10, 'min_child_weight': 0, 'subsample': 0.7, 'colsample_bytree': 0.8, 'gamma': 2.8000000000000003}. Best is trial 848 with value: 0.6005661897687894.
[I 2023-10-13 02:03:26,058] Trial 1630 finished with value: 0.5941056989801493 and parameters: {'w0': 0.42, 'w1': 0.786, 'w2': 0.308, 'w3': 0.589, 'w4': 0.914, 'w5': 0.302, 'w6': 0.869, 'w7': 0.248, 'w8': 0.851, 'max_depth': 10, 'min_child_weight': 0, 'subsample': 0.7, 'colsample_bytree': 0.8, 'gamma': 2.2}. Best is trial 848 with value: 0.6005661897687894.
[I 2023-10-13 02:04:18,425] Trial 1632 finished with value: 0.593269524667326 and parameters: {'w0': 0.41700000000000004, 'w1': 0.738, 'w2': 0.309, 'w3': 0.595, 'w4': 0.784, 'w5': 0.268, 'w6': 0.923, 'w7': 0.275, 'w8': 0.845, 'max_depth': 10, 'min_child_weight': 0, 'subsample': 0.7, 'colsample_bytree': 0.8, 'gamma': 2.8000000000000003}. Best is trial 848 with value: 0.6005661897687894.
[I 2023-10-13 02:05:00,346] Trial 1633 finished with value: 0.5883801817338414 and parameters: {'w0': 0.421, 'w1': 0.366, 'w2': 0.31, 'w3': 0.596, 'w4': 0.783, 'w5': 0.253, 'w6': 0.8280000000000001, 'w7': 0.271, 'w8': 0.85, 'max_depth': 10, 'min_child_weight': 0, 'subsample': 0.7, 'colsample_bytree': 0.8, 'gamma': 2.8000000000000003}. Best is trial 848 with value: 0.6005661897687894.
[I 2023-10-13 02:06:12,605] Trial 1634 finished with value: 0.5921017001259469 and parameters: {'w0': 0.41700000000000004, 'w1': 0.865, 'w2': 0.312, 'w3': 0.595, 'w4': 0.9590000000000001, 'w5': 0.27, 'w6': 0.923, 'w7': 0.277, 'w8': 0.857, 'max_depth': 10, 'min_child_weight': 0, 'subsample': 0.7, 'colsample_bytree': 0.8, 'gamma': 2.8000000000000003}. Best is trial 848 with value: 0.6005661897687894.
[I 2023-10-13 02:06:49,470] Trial 1635 finished with value: 0.5918405945578255 and parameters: {'w0': 0.41100000000000003, 'w1': 0.804, 'w2': 0.313, 'w3': 0.589, 'w4': 0.785, 'w5': 0.271, 'w6': 0.918, 'w7': 0.274, 'w8': 0.849, 'max_depth': 10, 'min_child_weight': 0, 'subsample': 0.7, 'colsample_bytree': 0.8, 'gamma': 2.8000000000000003}. Best is trial 848 with value: 0.6005661897687894.
[I 2023-10-13 02:07:13,229] Trial 1636 finished with value: 0.5957967897761358 and parameters: {'w0': 0.366, 'w1': 0.856, 'w2': 0.313, 'w3': 0.602, 'w4': 0.783, 'w5': 0.269, 'w6': 0.8190000000000001, 'w7': 0.279, 'w8': 0.847, 'max_depth': 10, 'min_child_weight': 0, 'subsample': 0.7, 'colsample_bytree': 0.8, 'gamma': 2.8000000000000003}. Best is trial 848 with value: 0.6005661897687894.
[I 2023-10-13 02:07:23,617] Trial 1638 finished with value: 0.5957174243938621 and parameters: {'w0': 0.41100000000000003, 'w1': 0.748, 'w2': 0.308, 'w3': 0.536, 'w4': 0.593, 'w5': 0.23500000000000001, 'w6': 0.923, 'w7': 0.275, 'w8': 0.909, 'max_depth': 10, 'min_child_weight': 0, 'subsample': 0.7, 'colsample_bytree': 0.8, 'gamma': 2.8000000000000003}. Best is trial 848 with value: 0.6005661897687894.
[I 2023-10-13 02:07:28,888] Trial 1637 finished with value: 0.5578364168167219 and parameters: {'w0': 0.124, 'w1': 0.86, 'w2': 0.625, 'w3': 0.591, 'w4': 0.9580000000000001, 'w5': 0.268, 'w6': 0.8210000000000001, 'w7': 0.277, 'w8': 0.858, 'max_depth': 10, 'min_child_weight': 0, 'subsample': 0.7, 'colsample_bytree': 0.8, 'gamma': 2.8000000000000003}. Best is trial 848 with value: 0.6005661897687894.
[I 2023-10-13 02:07:49,879] Trial 1639 finished with value: 0.5722450126663666 and parameters: {'w0': 0.41100000000000003, 'w1': 0.746, 'w2': 0.307, 'w3': 0.607, 'w4': 0.59, 'w5': 0.256, 'w6': 0.58, 'w7': 0.272, 'w8': 0.201, 'max_depth': 10, 'min_child_weight': 0, 'subsample': 0.7, 'colsample_bytree': 0.8, 'gamma': 2.8000000000000003}. Best is trial 848 with value: 0.6005661897687894.
[I 2023-10-13 02:10:11,779] Trial 1640 finished with value: 0.5957334615892899 and parameters: {'w0': 0.404, 'w1': 0.773, 'w2': 0.308, 'w3': 0.589, 'w4': 0.9580000000000001, 'w5': 0.273, 'w6': 0.924, 'w7': 0.273, 'w8': 0.919, 'max_depth': 10, 'min_child_weight': 0, 'subsample': 0.7, 'colsample_bytree': 0.8, 'gamma': 2.8000000000000003}. Best is trial 848 with value: 0.6005661897687894.
[I 2023-10-13 02:10:32,375] Trial 1641 finished with value: 0.5960267567742068 and parameters: {'w0': 0.41600000000000004, 'w1': 0.759, 'w2': 0.318, 'w3': 0.5760000000000001, 'w4': 0.9560000000000001, 'w5': 0.261, 'w6': 0.864, 'w7': 0.28300000000000003, 'w8': 0.919, 'max_depth': 10, 'min_child_weight': 0, 'subsample': 0.7, 'colsample_bytree': 0.8, 'gamma': 2.8000000000000003}. Best is trial 848 with value: 0.6005661897687894.
[I 2023-10-13 02:12:07,475] Trial 1643 finished with value: 0.5962801290850146 and parameters: {'w0': 0.40700000000000003, 'w1': 0.737, 'w2': 0.309, 'w3': 0.587, 'w4': 0.9580000000000001, 'w5': 0.257, 'w6': 0.864, 'w7': 0.279, 'w8': 0.881, 'max_depth': 10, 'min_child_weight': 0, 'subsample': 0.7, 'colsample_bytree': 0.8, 'gamma': 2.8000000000000003}. Best is trial 848 with value: 0.6005661897687894.
[I 2023-10-13 02:13:05,308] Trial 1644 finished with value: 0.5965131977317006 and parameters: {'w0': 0.366, 'w1': 0.751, 'w2': 0.326, 'w3': 0.587, 'w4': 0.98, 'w5': 0.261, 'w6': 0.8290000000000001, 'w7': 0.274, 'w8': 0.918, 'max_depth': 10, 'min_child_weight': 0, 'subsample': 0.7, 'colsample_bytree': 0.8, 'gamma': 2.8000000000000003}. Best is trial 848 with value: 0.6005661897687894.
[I 2023-10-13 02:13:13,344] Trial 1642 finished with value: 0.5938862845903194 and parameters: {'w0': 0.41000000000000003, 'w1': 0.746, 'w2': 0.311, 'w3': 0.582, 'w4': 0.966, 'w5': 0.259, 'w6': 0.8290000000000001, 'w7': 0.28200000000000003, 'w8': 0.918, 'max_depth': 10, 'min_child_weight': 0, 'subsample': 0.7, 'colsample_bytree': 0.8, 'gamma': 2.2}. Best is trial 848 with value: 0.6005661897687894.
[I 2023-10-13 02:13:27,864] Trial 1645 finished with value: 0.5979350478075081 and parameters: {'w0': 0.4, 'w1': 0.746, 'w2': 0.315, 'w3': 0.592, 'w4': 0.983, 'w5': 0.259, 'w6': 0.876, 'w7': 0.274, 'w8': 0.918, 'max_depth': 10, 'min_child_weight': 0, 'subsample': 0.7, 'colsample_bytree': 0.8, 'gamma': 2.8000000000000003}. Best is trial 848 with value: 0.6005661897687894.
[I 2023-10-13 02:15:57,472] Trial 1647 finished with value: 0.5992424459317566 and parameters: {'w0': 0.364, 'w1': 0.734, 'w2': 0.317, 'w3': 0.6, 'w4': 0.9560000000000001, 'w5': 0.253, 'w6': 0.8260000000000001, 'w7': 0.28800000000000003, 'w8': 0.873, 'max_depth': 10, 'min_child_weight': 0, 'subsample': 0.7, 'colsample_bytree': 0.8, 'gamma': 3.2}. Best is trial 848 with value: 0.6005661897687894.
[I 2023-10-13 02:16:23,910] Trial 1648 finished with value: 0.5770950601847731 and parameters: {'w0': 0.368, 'w1': 0.751, 'w2': 0.317, 'w3': 0.535, 'w4': 0.961, 'w5': 0.245, 'w6': 0.924, 'w7': 0.276, 'w8': 0.198, 'max_depth': 10, 'min_child_weight': 0, 'subsample': 0.7, 'colsample_bytree': 0.8, 'gamma': 3.2}. Best is trial 848 with value: 0.6005661897687894.
[I 2023-10-13 02:17:56,318] Trial 1646 finished with value: 0.5613696635375184 and parameters: {'w0': 0.123, 'w1': 0.728, 'w2': 0.647, 'w3': 0.583, 'w4': 0.9570000000000001, 'w5': 0.296, 'w6': 0.8270000000000001, 'w7': 0.275, 'w8': 0.916, 'max_depth': 10, 'min_child_weight': 0, 'subsample': 0.7, 'colsample_bytree': 0.8, 'gamma': 2.2}. Best is trial 848 with value: 0.6005661897687894.
[I 2023-10-13 02:18:49,947] Trial 1650 finished with value: 0.5874380386500573 and parameters: {'w0': 0.367, 'w1': 0.77, 'w2': 0.242, 'w3': 0.605, 'w4': 0.9580000000000001, 'w5': 0.255, 'w6': 0.532, 'w7': 0.28900000000000003, 'w8': 0.885, 'max_depth': 10, 'min_child_weight': 0, 'subsample': 0.7, 'colsample_bytree': 0.8, 'gamma': 3.2}. Best is trial 848 with value: 0.6005661897687894.
[I 2023-10-13 02:19:05,650] Trial 1649 finished with value: 0.5677216819765291 and parameters: {'w0': 0.372, 'w1': 0.752, 'w2': 0.149, 'w3': 0.539, 'w4': 0.9470000000000001, 'w5': 0.257, 'w6': 0.918, 'w7': 0.28, 'w8': 0.92, 'max_depth': 10, 'min_child_weight': 0, 'subsample': 0.7, 'colsample_bytree': 0.8, 'gamma': 2.4000000000000004}. Best is trial 848 with value: 0.6005661897687894.
[I 2023-10-13 02:19:26,506] Trial 1652 finished with value: 0.5643387681033778 and parameters: {'w0': 0.191, 'w1': 0.753, 'w2': 0.167, 'w3': 0.548, 'w4': 0.962, 'w5': 0.226, 'w6': 0.896, 'w7': 0.292, 'w8': 0.885, 'max_depth': 10, 'min_child_weight': 0, 'subsample': 0.7, 'colsample_bytree': 0.8, 'gamma': 3.2}. Best is trial 848 with value: 0.6005661897687894.
[I 2023-10-13 02:20:14,654] Trial 1654 finished with value: 0.5938528334000353 and parameters: {'w0': 0.367, 'w1': 0.809, 'w2': 0.28, 'w3': 0.546, 'w4': 0.9600000000000001, 'w5': 0.244, 'w6': 0.893, 'w7': 0.295, 'w8': 0.88, 'max_depth': 10, 'min_child_weight': 0, 'subsample': 0.7, 'colsample_bytree': 0.8, 'gamma': 3.2}. Best is trial 848 with value: 0.6005661897687894.
[I 2023-10-13 02:20:17,277] Trial 1657 finished with value: 0.532507543360176 and parameters: {'w0': 0.361, 'w1': 0.805, 'w2': 0.14200000000000002, 'w3': 0.533, 'w4': 0.984, 'w5': 0.243, 'w6': 0.487, 'w7': 0.292, 'w8': 0.88, 'max_depth': 10, 'min_child_weight': 0, 'subsample': 0.7, 'colsample_bytree': 0.8, 'gamma': 9.0}. Best is trial 848 with value: 0.6005661897687894.
[I 2023-10-13 02:20:18,830] Trial 1655 finished with value: 0.5892421477359984 and parameters: {'w0': 0.359, 'w1': 0.7040000000000001, 'w2': 0.245, 'w3': 0.5720000000000001, 'w4': 0.985, 'w5': 0.23700000000000002, 'w6': 0.528, 'w7': 0.291, 'w8': 0.917, 'max_depth': 10, 'min_child_weight': 0, 'subsample': 0.7, 'colsample_bytree': 0.8, 'gamma': 3.2}. Best is trial 848 with value: 0.6005661897687894.
[I 2023-10-13 02:21:14,838] Trial 1651 finished with value: 0.5930846620614435 and parameters: {'w0': 0.361, 'w1': 0.712, 'w2': 0.248, 'w3': 0.538, 'w4': 0.985, 'w5': 0.244, 'w6': 0.898, 'w7': 0.28900000000000003, 'w8': 0.915, 'max_depth': 10, 'min_child_weight': 0, 'subsample': 0.7, 'colsample_bytree': 0.8, 'gamma': 2.4000000000000004}. Best is trial 848 with value: 0.6005661897687894.
[I 2023-10-13 02:21:25,214] Trial 1653 finished with value: 0.5691933101759027 and parameters: {'w0': 0.366, 'w1': 0.757, 'w2': 0.167, 'w3': 0.542, 'w4': 0.9560000000000001, 'w5': 0.247, 'w6': 0.869, 'w7': 0.29, 'w8': 0.881, 'max_depth': 10, 'min_child_weight': 0, 'subsample': 0.7, 'colsample_bytree': 0.8, 'gamma': 2.4000000000000004}. Best is trial 848 with value: 0.6005661897687894.
[I 2023-10-13 02:24:34,590] Trial 1658 finished with value: 0.5527118811144127 and parameters: {'w0': 0.368, 'w1': 0.807, 'w2': 0.137, 'w3': 0.8240000000000001, 'w4': 0.9500000000000001, 'w5': 0.24000000000000002, 'w6': 0.899, 'w7': 0.294, 'w8': 0.356, 'max_depth': 10, 'min_child_weight': 0, 'subsample': 0.7, 'colsample_bytree': 0.8, 'gamma': 3.2}. Best is trial 848 with value: 0.6005661897687894.
[I 2023-10-13 02:24:55,807] Trial 1656 finished with value: 0.5922745388325492 and parameters: {'w0': 0.374, 'w1': 0.808, 'w2': 0.255, 'w3': 0.578, 'w4': 0.9530000000000001, 'w5': 0.244, 'w6': 0.9, 'w7': 0.297, 'w8': 0.876, 'max_depth': 10, 'min_child_weight': 0, 'subsample': 0.7, 'colsample_bytree': 0.8, 'gamma': 2.4000000000000004}. Best is trial 848 with value: 0.6005661897687894.
[I 2023-10-13 02:25:21,496] Trial 1660 finished with value: 0.5379722997651115 and parameters: {'w0': 0.089, 'w1': 0.806, 'w2': 0.121, 'w3': 0.541, 'w4': 0.9480000000000001, 'w5': 0.233, 'w6': 0.902, 'w7': 0.301, 'w8': 0.868, 'max_depth': 10, 'min_child_weight': 0, 'subsample': 0.7, 'colsample_bytree': 0.8, 'gamma': 3.2}. Best is trial 848 with value: 0.6005661897687894.
[I 2023-10-13 02:27:06,609] Trial 1659 finished with value: 0.5877127805954677 and parameters: {'w0': 0.185, 'w1': 0.6980000000000001, 'w2': 0.25, 'w3': 0.539, 'w4': 0.985, 'w5': 0.23700000000000002, 'w6': 0.9, 'w7': 0.292, 'w8': 0.882, 'max_depth': 10, 'min_child_weight': 0, 'subsample': 0.7, 'colsample_bytree': 0.8, 'gamma': 2.4000000000000004}. Best is trial 848 with value: 0.6005661897687894.
[I 2023-10-13 02:28:18,887] Trial 1661 finished with value: 0.5883208300347835 and parameters: {'w0': 0.356, 'w1': 0.801, 'w2': 0.243, 'w3': 0.8260000000000001, 'w4': 0.9400000000000001, 'w5': 0.23600000000000002, 'w6': 0.901, 'w7': 0.292, 'w8': 0.884, 'max_depth': 10, 'min_child_weight': 0, 'subsample': 0.7, 'colsample_bytree': 0.8, 'gamma': 2.4000000000000004}. Best is trial 848 with value: 0.6005661897687894.
[I 2023-10-13 02:29:11,350] Trial 1662 finished with value: 0.5947613883369822 and parameters: {'w0': 0.353, 'w1': 0.771, 'w2': 0.34, 'w3': 0.613, 'w4': 0.981, 'w5': 0.242, 'w6': 0.838, 'w7': 0.293, 'w8': 0.883, 'max_depth': 10, 'min_child_weight': 0, 'subsample': 0.7, 'colsample_bytree': 0.8, 'gamma': 3.0}. Best is trial 848 with value: 0.6005661897687894.
[I 2023-10-13 02:29:20,250] Trial 1663 finished with value: 0.5613603158079242 and parameters: {'w0': 0.35100000000000003, 'w1': 0.725, 'w2': 0.135, 'w3': 0.547, 'w4': 0.989, 'w5': 0.28600000000000003, 'w6': 0.8240000000000001, 'w7': 0.297, 'w8': 0.872, 'max_depth': 10, 'min_child_weight': 0, 'subsample': 0.7, 'colsample_bytree': 0.8, 'gamma': 3.2}. Best is trial 848 with value: 0.6005661897687894.
[I 2023-10-13 02:31:51,461] Trial 1664 finished with value: 0.5594803561884186 and parameters: {'w0': 0.34500000000000003, 'w1': 0.8, 'w2': 0.12000000000000001, 'w3': 0.535, 'w4': 0.995, 'w5': 0.291, 'w6': 0.84, 'w7': 0.296, 'w8': 0.879, 'max_depth': 10, 'min_child_weight': 0, 'subsample': 0.7, 'colsample_bytree': 0.8, 'gamma': 2.4000000000000004}. Best is trial 848 with value: 0.6005661897687894.
[I 2023-10-13 02:32:03,296] Trial 1666 finished with value: 0.595798350277367 and parameters: {'w0': 0.359, 'w1': 0.776, 'w2': 0.335, 'w3': 0.612, 'w4': 0.985, 'w5': 0.295, 'w6': 0.794, 'w7': 0.298, 'w8': 0.88, 'max_depth': 10, 'min_child_weight': 0, 'subsample': 0.7, 'colsample_bytree': 0.8, 'gamma': 3.2}. Best is trial 848 with value: 0.6005661897687894.
[I 2023-10-13 02:32:03,820] Trial 1665 finished with value: 0.593224028442718 and parameters: {'w0': 0.35100000000000003, 'w1': 0.797, 'w2': 0.337, 'w3': 0.5650000000000001, 'w4': 0.9480000000000001, 'w5': 0.241, 'w6': 0.853, 'w7': 0.29, 'w8': 0.88, 'max_depth': 10, 'min_child_weight': 0, 'subsample': 0.7, 'colsample_bytree': 0.8, 'gamma': 3.2}. Best is trial 848 with value: 0.6005661897687894.
[I 2023-10-13 02:32:18,272] Trial 1667 finished with value: 0.5963707349365034 and parameters: {'w0': 0.358, 'w1': 0.722, 'w2': 0.333, 'w3': 0.5670000000000001, 'w4': 0.986, 'w5': 0.24000000000000002, 'w6': 0.851, 'w7': 0.296, 'w8': 0.879, 'max_depth': 10, 'min_child_weight': 0, 'subsample': 0.7, 'colsample_bytree': 0.8, 'gamma': 3.2}. Best is trial 848 with value: 0.6005661897687894.
