[I 2023-10-13 06:34:53,800] Trial 1949 finished with value: 0.5957975853720118 and parameters: {'w0': 0.316, 'w1': 0.8260000000000001, 'w2': 0.34, 'w3': 0.653, 'w4': 0.901, 'w5': 0.18, 'w6': 0.9500000000000001, 'w7': 0.305, 'w8': 0.998, 'max_depth': 10, 'min_child_weight': 2, 'subsample': 0.7, 'colsample_bytree': 0.9000000000000001, 'gamma': 2.4000000000000004}. Best is trial 848 with value: 0.6005661897687894.
[I 2023-10-13 06:35:12,165] Trial 1951 finished with value: 0.5834250077916453 and parameters: {'w0': 0.41400000000000003, 'w1': 0.26, 'w2': 0.342, 'w3': 0.654, 'w4': 0.9, 'w5': 0.183, 'w6': 0.782, 'w7': 0.337, 'w8': 0.969, 'max_depth': 10, 'min_child_weight': 2, 'subsample': 0.7, 'colsample_bytree': 0.9000000000000001, 'gamma': 3.2}. Best is trial 848 with value: 0.6005661897687894.
[I 2023-10-13 06:36:39,299] Trial 1953 finished with value: 0.5921354963503551 and parameters: {'w0': 0.308, 'w1': 0.843, 'w2': 0.341, 'w3': 0.657, 'w4': 0.9, 'w5': 0.183, 'w6': 0.64, 'w7': 0.304, 'w8': 0.961, 'max_depth': 10, 'min_child_weight': 2, 'subsample': 0.7, 'colsample_bytree': 0.9000000000000001, 'gamma': 3.6}. Best is trial 848 with value: 0.6005661897687894.
[I 2023-10-13 06:37:52,164] Trial 1954 finished with value: 0.5419100507143755 and parameters: {'w0': 0.31, 'w1': 0.845, 'w2': 0.057, 'w3': 0.256, 'w4': 0.9, 'w5': 0.184, 'w6': 0.88, 'w7': 0.337, 'w8': 0.967, 'max_depth': 10, 'min_child_weight': 2, 'subsample': 0.7, 'colsample_bytree': 0.9000000000000001, 'gamma': 3.4000000000000004}. Best is trial 848 with value: 0.6005661897687894.
[I 2023-10-13 06:38:56,106] Trial 1955 finished with value: 0.5918836423142982 and parameters: {'w0': 0.315, 'w1': 0.846, 'w2': 0.338, 'w3': 0.653, 'w4': 0.901, 'w5': 0.182, 'w6': 0.893, 'w7': 0.34400000000000003, 'w8': 0.974, 'max_depth': 10, 'min_child_weight': 2, 'subsample': 0.7, 'colsample_bytree': 0.9000000000000001, 'gamma': 3.2}. Best is trial 848 with value: 0.6005661897687894.
[I 2023-10-13 06:38:58,831] Trial 1952 finished with value: 0.5971975948323512 and parameters: {'w0': 0.40900000000000003, 'w1': 0.842, 'w2': 0.326, 'w3': 0.648, 'w4': 0.898, 'w5': 0.183, 'w6': 0.888, 'w7': 0.343, 'w8': 0.977, 'max_depth': 10, 'min_child_weight': 2, 'subsample': 0.7, 'colsample_bytree': 0.9000000000000001, 'gamma': 2.4000000000000004}. Best is trial 848 with value: 0.6005661897687894.
[I 2023-10-13 06:41:56,262] Trial 1956 finished with value: 0.5654604096210466 and parameters: {'w0': 0.311, 'w1': 0.84, 'w2': 0.343, 'w3': 0.63, 'w4': 0.05, 'w5': 0.183, 'w6': 0.885, 'w7': 0.34700000000000003, 'w8': 0.998, 'max_depth': 10, 'min_child_weight': 2, 'subsample': 0.7, 'colsample_bytree': 0.9000000000000001, 'gamma': 3.4000000000000004}. Best is trial 848 with value: 0.6005661897687894.
[I 2023-10-13 06:42:12,247] Trial 1959 finished with value: 0.5752817283798402 and parameters: {'w0': 0.40800000000000003, 'w1': 0.845, 'w2': 0.336, 'w3': 0.653, 'w4': 0.908, 'w5': 0.14500000000000002, 'w6': 0.183, 'w7': 0.303, 'w8': 0.997, 'max_depth': 10, 'min_child_weight': 2, 'subsample': 0.7, 'colsample_bytree': 0.9000000000000001, 'gamma': 3.2}. Best is trial 848 with value: 0.6005661897687894.
[I 2023-10-13 06:42:47,025] Trial 1958 finished with value: 0.5940928970973549 and parameters: {'w0': 0.41400000000000003, 'w1': 0.843, 'w2': 0.34600000000000003, 'w3': 0.654, 'w4': 0.899, 'w5': 0.14500000000000002, 'w6': 0.897, 'w7': 0.301, 'w8': 0.978, 'max_depth': 10, 'min_child_weight': 2, 'subsample': 0.7, 'colsample_bytree': 0.9000000000000001, 'gamma': 3.2}. Best is trial 848 with value: 0.6005661897687894.
[I 2023-10-13 06:43:03,372] Trial 1960 finished with value: 0.5956940851024726 and parameters: {'w0': 0.41200000000000003, 'w1': 0.892, 'w2': 0.33, 'w3': 0.652, 'w4': 0.897, 'w5': 0.148, 'w6': 0.889, 'w7': 0.299, 'w8': 0.998, 'max_depth': 10, 'min_child_weight': 2, 'subsample': 0.7, 'colsample_bytree': 0.9000000000000001, 'gamma': 3.4000000000000004}. Best is trial 848 with value: 0.6005661897687894.
[I 2023-10-13 06:43:11,887] Trial 1961 finished with value: 0.5787036594844756 and parameters: {'w0': 0.405, 'w1': 0.853, 'w2': 0.338, 'w3': 0.651, 'w4': 0.554, 'w5': 0.14100000000000001, 'w6': 0.899, 'w7': 0.299, 'w8': 0.261, 'max_depth': 10, 'min_child_weight': 2, 'subsample': 0.7, 'colsample_bytree': 0.9000000000000001, 'gamma': 2.8000000000000003}. Best is trial 848 with value: 0.6005661897687894.
[I 2023-10-13 06:43:55,140] Trial 1962 finished with value: 0.594999133628724 and parameters: {'w0': 0.314, 'w1': 0.849, 'w2': 0.343, 'w3': 0.651, 'w4': 0.898, 'w5': 0.167, 'w6': 0.899, 'w7': 0.303, 'w8': 1.0, 'max_depth': 10, 'min_child_weight': 2, 'subsample': 0.7, 'colsample_bytree': 0.9000000000000001, 'gamma': 2.8000000000000003}. Best is trial 848 with value: 0.6005661897687894.
[I 2023-10-13 06:44:27,588] Trial 1957 finished with value: 0.5951178257414242 and parameters: {'w0': 0.313, 'w1': 0.841, 'w2': 0.342, 'w3': 0.631, 'w4': 0.899, 'w5': 0.182, 'w6': 0.89, 'w7': 0.301, 'w8': 0.964, 'max_depth': 10, 'min_child_weight': 2, 'subsample': 0.7, 'colsample_bytree': 0.9000000000000001, 'gamma': 2.2}. Best is trial 848 with value: 0.6005661897687894.
[I 2023-10-13 06:45:19,881] Trial 1963 finished with value: 0.5946643294798222 and parameters: {'w0': 0.41100000000000003, 'w1': 0.844, 'w2': 0.34700000000000003, 'w3': 0.625, 'w4': 0.893, 'w5': 0.159, 'w6': 0.899, 'w7': 0.307, 'w8': 0.97, 'max_depth': 10, 'min_child_weight': 2, 'subsample': 0.7, 'colsample_bytree': 0.9000000000000001, 'gamma': 2.8000000000000003}. Best is trial 848 with value: 0.6005661897687894.
[I 2023-10-13 06:45:40,352] Trial 1964 finished with value: 0.5794630271201473 and parameters: {'w0': 0.315, 'w1': 0.854, 'w2': 0.338, 'w3': 0.624, 'w4': 0.894, 'w5': 0.14300000000000002, 'w6': 0.9, 'w7': 0.147, 'w8': 0.966, 'max_depth': 10, 'min_child_weight': 2, 'subsample': 0.7, 'colsample_bytree': 0.9000000000000001, 'gamma': 2.8000000000000003}. Best is trial 848 with value: 0.6005661897687894.
[I 2023-10-13 06:46:33,723] Trial 1965 finished with value: 0.5897866031982711 and parameters: {'w0': 0.315, 'w1': 0.848, 'w2': 0.342, 'w3': 0.259, 'w4': 0.866, 'w5': 0.155, 'w6': 0.898, 'w7': 0.304, 'w8': 0.975, 'max_depth': 10, 'min_child_weight': 2, 'subsample': 0.7, 'colsample_bytree': 0.9000000000000001, 'gamma': 3.4000000000000004}. Best is trial 848 with value: 0.6005661897687894.
[I 2023-10-13 06:48:08,118] Trial 1966 finished with value: 0.5930664585270919 and parameters: {'w0': 0.41400000000000003, 'w1': 0.848, 'w2': 0.343, 'w3': 0.626, 'w4': 0.86, 'w5': 0.146, 'w6': 0.9, 'w7': 0.305, 'w8': 0.979, 'max_depth': 10, 'min_child_weight': 2, 'subsample': 0.7, 'colsample_bytree': 0.9000000000000001, 'gamma': 2.8000000000000003}. Best is trial 848 with value: 0.6005661897687894.
[I 2023-10-13 06:49:22,319] Trial 1967 finished with value: 0.5989016138054863 and parameters: {'w0': 0.4, 'w1': 0.849, 'w2': 0.298, 'w3': 0.629, 'w4': 0.87, 'w5': 0.15, 'w6': 0.9, 'w7': 0.303, 'w8': 0.973, 'max_depth': 10, 'min_child_weight': 2, 'subsample': 0.7, 'colsample_bytree': 0.9000000000000001, 'gamma': 2.2}. Best is trial 848 with value: 0.6005661897687894.
[I 2023-10-13 06:50:20,546] Trial 1968 finished with value: 0.5951096204013888 and parameters: {'w0': 0.399, 'w1': 0.849, 'w2': 0.297, 'w3': 0.616, 'w4': 0.863, 'w5': 0.14, 'w6': 0.895, 'w7': 0.301, 'w8': 0.999, 'max_depth': 10, 'min_child_weight': 2, 'subsample': 0.7, 'colsample_bytree': 0.8, 'gamma': 2.2}. Best is trial 848 with value: 0.6005661897687894.
[I 2023-10-13 06:50:29,299] Trial 1969 finished with value: 0.5960356613148736 and parameters: {'w0': 0.418, 'w1': 0.858, 'w2': 0.296, 'w3': 0.636, 'w4': 0.9440000000000001, 'w5': 0.147, 'w6': 0.7000000000000001, 'w7': 0.303, 'w8': 0.972, 'max_depth': 10, 'min_child_weight': 2, 'subsample': 0.7, 'colsample_bytree': 0.9000000000000001, 'gamma': 2.8000000000000003}. Best is trial 848 with value: 0.6005661897687894.
[I 2023-10-13 06:50:58,398] Trial 1970 finished with value: 0.5846783823341747 and parameters: {'w0': 0.419, 'w1': 0.853, 'w2': 0.301, 'w3': 0.129, 'w4': 0.866, 'w5': 0.14500000000000002, 'w6': 0.902, 'w7': 0.302, 'w8': 0.976, 'max_depth': 10, 'min_child_weight': 2, 'subsample': 0.7, 'colsample_bytree': 0.9000000000000001, 'gamma': 2.8000000000000003}. Best is trial 848 with value: 0.6005661897687894.
[I 2023-10-13 06:51:54,069] Trial 1971 finished with value: 0.5769964879274337 and parameters: {'w0': 0.403, 'w1': 0.858, 'w2': 0.752, 'w3': 0.376, 'w4': 0.866, 'w5': 0.14300000000000002, 'w6': 0.911, 'w7': 0.296, 'w8': 0.9470000000000001, 'max_depth': 10, 'min_child_weight': 2, 'subsample': 0.7, 'colsample_bytree': 0.9000000000000001, 'gamma': 2.8000000000000003}. Best is trial 848 with value: 0.6005661897687894.
[I 2023-10-13 06:53:57,027] Trial 1972 finished with value: 0.5965119678994295 and parameters: {'w0': 0.399, 'w1': 0.86, 'w2': 0.296, 'w3': 0.614, 'w4': 0.9410000000000001, 'w5': 0.14300000000000002, 'w6': 0.903, 'w7': 0.303, 'w8': 0.9540000000000001, 'max_depth': 10, 'min_child_weight': 2, 'subsample': 0.7, 'colsample_bytree': 0.7, 'gamma': 2.8000000000000003}. Best is trial 848 with value: 0.6005661897687894.
[I 2023-10-13 06:54:32,088] Trial 1975 finished with value: 0.5401720443238115 and parameters: {'w0': 0.398, 'w1': 0.86, 'w2': 0.293, 'w3': 0.628, 'w4': 0.869, 'w5': 0.14100000000000001, 'w6': 0.839, 'w7': 0.031, 'w8': 0.9380000000000001, 'max_depth': 10, 'min_child_weight': 2, 'subsample': 0.7, 'colsample_bytree': 0.5, 'gamma': 2.8000000000000003}. Best is trial 848 with value: 0.6005661897687894.
[I 2023-10-13 06:54:45,795] Trial 1974 finished with value: 0.5949488580470408 and parameters: {'w0': 0.396, 'w1': 0.868, 'w2': 0.297, 'w3': 0.623, 'w4': 0.855, 'w5': 0.14, 'w6': 0.9, 'w7': 0.303, 'w8': 0.9540000000000001, 'max_depth': 10, 'min_child_weight': 2, 'subsample': 0.7, 'colsample_bytree': 0.7, 'gamma': 2.8000000000000003}. Best is trial 848 with value: 0.6005661897687894.
[I 2023-10-13 06:55:17,698] Trial 1979 finished with value: 0.5675001856264463 and parameters: {'w0': 0.386, 'w1': 0.892, 'w2': 0.298, 'w3': 0.618, 'w4': 0.865, 'w5': 0.14500000000000002, 'w6': 0.8250000000000001, 'w7': 0.39, 'w8': 0.9500000000000001, 'max_depth': 10, 'min_child_weight': 2, 'subsample': 0.7, 'colsample_bytree': 0.5, 'gamma': 5.6000000000000005}. Best is trial 848 with value: 0.6005661897687894.
[I 2023-10-13 06:56:08,590] Trial 1976 finished with value: 0.5931694017967537 and parameters: {'w0': 0.387, 'w1': 0.865, 'w2': 0.298, 'w3': 0.14400000000000002, 'w4': 0.859, 'w5': 0.149, 'w6': 0.906, 'w7': 0.291, 'w8': 0.9420000000000001, 'max_depth': 10, 'min_child_weight': 2, 'subsample': 0.7, 'colsample_bytree': 0.7, 'gamma': 2.2}. Best is trial 848 with value: 0.6005661897687894.
[I 2023-10-13 06:57:08,939] Trial 1977 finished with value: 0.5943313661806964 and parameters: {'w0': 0.399, 'w1': 0.867, 'w2': 0.296, 'w3': 0.614, 'w4': 0.859, 'w5': 0.14100000000000001, 'w6': 0.902, 'w7': 0.302, 'w8': 0.9440000000000001, 'max_depth': 10, 'min_child_weight': 2, 'subsample': 0.7, 'colsample_bytree': 0.7, 'gamma': 2.2}. Best is trial 848 with value: 0.6005661897687894.
[I 2023-10-13 06:57:30,600] Trial 1978 finished with value: 0.5931658781768708 and parameters: {'w0': 0.395, 'w1': 0.864, 'w2': 0.293, 'w3': 0.622, 'w4': 0.854, 'w5': 0.153, 'w6': 0.915, 'w7': 0.303, 'w8': 0.9480000000000001, 'max_depth': 10, 'min_child_weight': 2, 'subsample': 0.7, 'colsample_bytree': 0.5, 'gamma': 2.2}. Best is trial 848 with value: 0.6005661897687894.
[I 2023-10-13 06:57:44,500] Trial 1973 finished with value: 0.5672951869787107 and parameters: {'w0': 0.398, 'w1': 0.858, 'w2': 0.295, 'w3': 0.623, 'w4': 0.868, 'w5': 0.146, 'w6': 0.905, 'w7': 0.6920000000000001, 'w8': 0.999, 'max_depth': 10, 'min_child_weight': 2, 'subsample': 0.7, 'colsample_bytree': 0.9000000000000001, 'gamma': 2.2}. Best is trial 848 with value: 0.6005661897687894.
[I 2023-10-13 06:58:22,785] Trial 1980 finished with value: 0.5864921152372817 and parameters: {'w0': 0.394, 'w1': 0.892, 'w2': 0.304, 'w3': 0.614, 'w4': 0.857, 'w5': 0.227, 'w6': 0.846, 'w7': 0.28800000000000003, 'w8': 0.934, 'max_depth': 3, 'min_child_weight': 0, 'subsample': 0.7, 'colsample_bytree': 0.7, 'gamma': 2.0}. Best is trial 848 with value: 0.6005661897687894.
[I 2023-10-13 07:01:47,205] Trial 1981 finished with value: 0.5930278938360988 and parameters: {'w0': 0.388, 'w1': 0.867, 'w2': 0.303, 'w3': 0.614, 'w4': 0.86, 'w5': 0.225, 'w6': 0.92, 'w7': 0.28600000000000003, 'w8': 0.9540000000000001, 'max_depth': 10, 'min_child_weight': 0, 'subsample': 0.7, 'colsample_bytree': 0.7, 'gamma': 2.0}. Best is trial 848 with value: 0.6005661897687894.
[I 2023-10-13 07:01:49,001] Trial 1985 finished with value: 0.5835027315820385 and parameters: {'w0': 0.427, 'w1': 0.891, 'w2': 0.302, 'w3': 0.619, 'w4': 0.887, 'w5': 0.14500000000000002, 'w6': 0.834, 'w7': 0.357, 'w8': 0.9410000000000001, 'max_depth': 10, 'min_child_weight': 0, 'subsample': 0.7, 'colsample_bytree': 0.9000000000000001, 'gamma': 5.2}. Best is trial 848 with value: 0.6005661897687894.
[I 2023-10-13 07:02:01,351] Trial 1982 finished with value: 0.5881927302354802 and parameters: {'w0': 0.384, 'w1': 0.89, 'w2': 0.301, 'w3': 0.608, 'w4': 0.862, 'w5': 0.222, 'w6': 0.8300000000000001, 'w7': 0.28500000000000003, 'w8': 0.9480000000000001, 'max_depth': 10, 'min_child_weight': 0, 'subsample': 0.7, 'colsample_bytree': 0.5, 'gamma': 2.2}. Best is trial 848 with value: 0.6005661897687894.
[I 2023-10-13 07:04:41,480] Trial 1983 finished with value: 0.5935592175861814 and parameters: {'w0': 0.426, 'w1': 0.868, 'w2': 0.299, 'w3': 0.618, 'w4': 0.863, 'w5': 0.137, 'w6': 0.8300000000000001, 'w7': 0.317, 'w8': 0.933, 'max_depth': 5, 'min_child_weight': 0, 'subsample': 0.7, 'colsample_bytree': 0.9000000000000001, 'gamma': 2.0}. Best is trial 848 with value: 0.6005661897687894.
[I 2023-10-13 07:05:15,601] Trial 1984 finished with value: 0.5434787914118039 and parameters: {'w0': 0.437, 'w1': 0.885, 'w2': 0.297, 'w3': 0.629, 'w4': 0.863, 'w5': 0.138, 'w6': 0.151, 'w7': 0.385, 'w8': 0.162, 'max_depth': 10, 'min_child_weight': 0, 'subsample': 0.7, 'colsample_bytree': 0.9000000000000001, 'gamma': 2.0}. Best is trial 848 with value: 0.6005661897687894.
[I 2023-10-13 07:07:49,044] Trial 1987 finished with value: 0.5959307728323039 and parameters: {'w0': 0.439, 'w1': 0.885, 'w2': 0.299, 'w3': 0.606, 'w4': 0.86, 'w5': 0.14500000000000002, 'w6': 0.8200000000000001, 'w7': 0.328, 'w8': 0.9520000000000001, 'max_depth': 10, 'min_child_weight': 0, 'subsample': 0.7, 'colsample_bytree': 0.9000000000000001, 'gamma': 2.2}. Best is trial 848 with value: 0.6005661897687894.
[I 2023-10-13 07:08:31,525] Trial 1989 finished with value: 0.5781238578231176 and parameters: {'w0': 0.441, 'w1': 0.20900000000000002, 'w2': 0.386, 'w3': 0.608, 'w4': 0.854, 'w5': 0.135, 'w6': 0.8290000000000001, 'w7': 0.357, 'w8': 0.9530000000000001, 'max_depth': 10, 'min_child_weight': 10, 'subsample': 0.8, 'colsample_bytree': 0.9000000000000001, 'gamma': 2.0}. Best is trial 848 with value: 0.6005661897687894.
[I 2023-10-13 07:08:40,964] Trial 1986 finished with value: 0.5889809812824041 and parameters: {'w0': 0.445, 'w1': 0.892, 'w2': 0.376, 'w3': 0.619, 'w4': 0.864, 'w5': 0.138, 'w6': 0.843, 'w7': 0.389, 'w8': 0.9570000000000001, 'max_depth': 10, 'min_child_weight': 0, 'subsample': 0.7, 'colsample_bytree': 0.9000000000000001, 'gamma': 2.0}. Best is trial 848 with value: 0.6005661897687894.
[I 2023-10-13 07:10:02,770] Trial 1993 finished with value: 0.5805357048437969 and parameters: {'w0': 0.433, 'w1': 0.891, 'w2': 0.388, 'w3': 0.605, 'w4': 0.876, 'w5': 0.164, 'w6': 0.393, 'w7': 0.329, 'w8': 0.9490000000000001, 'max_depth': 3, 'min_child_weight': 0, 'subsample': 0.8, 'colsample_bytree': 0.9000000000000001, 'gamma': 2.0}. Best is trial 848 with value: 0.6005661897687894.
[I 2023-10-13 07:10:44,544] Trial 1990 finished with value: 0.5944821110961083 and parameters: {'w0': 0.439, 'w1': 0.898, 'w2': 0.387, 'w3': 0.607, 'w4': 0.869, 'w5': 0.134, 'w6': 0.836, 'w7': 0.358, 'w8': 0.9470000000000001, 'max_depth': 10, 'min_child_weight': 0, 'subsample': 0.8, 'colsample_bytree': 0.9000000000000001, 'gamma': 2.0}. Best is trial 848 with value: 0.6005661897687894.
[I 2023-10-13 07:10:51,061] Trial 1991 finished with value: 0.593065469419557 and parameters: {'w0': 0.445, 'w1': 0.894, 'w2': 0.406, 'w3': 0.61, 'w4': 0.854, 'w5': 0.163, 'w6': 0.834, 'w7': 0.361, 'w8': 0.9450000000000001, 'max_depth': 10, 'min_child_weight': 0, 'subsample': 0.8, 'colsample_bytree': 0.9000000000000001, 'gamma': 2.2}. Best is trial 848 with value: 0.6005661897687894.
[I 2023-10-13 07:11:08,772] Trial 1992 finished with value: 0.5947782044348356 and parameters: {'w0': 0.439, 'w1': 0.893, 'w2': 0.382, 'w3': 0.606, 'w4': 0.873, 'w5': 0.165, 'w6': 0.869, 'w7': 0.333, 'w8': 0.9460000000000001, 'max_depth': 10, 'min_child_weight': 0, 'subsample': 0.8, 'colsample_bytree': 0.7, 'gamma': 2.0}. Best is trial 848 with value: 0.6005661897687894.
[I 2023-10-13 07:11:42,519] Trial 1995 finished with value: 0.5926573825086313 and parameters: {'w0': 0.441, 'w1': 0.886, 'w2': 0.41200000000000003, 'w3': 0.596, 'w4': 0.878, 'w5': 0.17, 'w6': 0.875, 'w7': 0.359, 'w8': 0.536, 'max_depth': 5, 'min_child_weight': 0, 'subsample': 0.8, 'colsample_bytree': 0.9000000000000001, 'gamma': 2.0}. Best is trial 848 with value: 0.6005661897687894.
[I 2023-10-13 07:11:50,305] Trial 1996 finished with value: 0.5901720097909149 and parameters: {'w0': 0.43, 'w1': 0.884, 'w2': 0.315, 'w3': 0.592, 'w4': 0.882, 'w5': 0.167, 'w6': 0.372, 'w7': 0.333, 'w8': 0.962, 'max_depth': 5, 'min_child_weight': 4, 'subsample': 0.8, 'colsample_bytree': 0.9000000000000001, 'gamma': 2.0}. Best is trial 848 with value: 0.6005661897687894.
[I 2023-10-13 07:12:13,269] Trial 1988 finished with value: 0.5729608044290485 and parameters: {'w0': 0.424, 'w1': 0.891, 'w2': 0.837, 'w3': 0.613, 'w4': 0.863, 'w5': 0.134, 'w6': 0.865, 'w7': 0.88, 'w8': 0.9540000000000001, 'max_depth': 10, 'min_child_weight': 0, 'subsample': 0.8, 'colsample_bytree': 0.9000000000000001, 'gamma': 2.2}. Best is trial 848 with value: 0.6005661897687894.
[I 2023-10-13 07:14:01,100] Trial 1997 finished with value: 0.5941216193204223 and parameters: {'w0': 0.444, 'w1': 0.892, 'w2': 0.387, 'w3': 0.581, 'w4': 0.912, 'w5': 0.124, 'w6': 0.752, 'w7': 0.354, 'w8': 0.999, 'max_depth': 10, 'min_child_weight': 4, 'subsample': 0.8, 'colsample_bytree': 0.9000000000000001, 'gamma': 2.0}. Best is trial 848 with value: 0.6005661897687894.
[I 2023-10-13 07:14:04,132] Trial 1998 finished with value: 0.5475372333101391 and parameters: {'w0': 0.439, 'w1': 0.396, 'w2': 0.40800000000000003, 'w3': 0.588, 'w4': 0.873, 'w5': 0.165, 'w6': 0.47000000000000003, 'w7': 0.771, 'w8': 0.964, 'max_depth': 5, 'min_child_weight': 4, 'subsample': 0.8, 'colsample_bytree': 0.9000000000000001, 'gamma': 2.0}. Best is trial 848 with value: 0.6005661897687894.
[I 2023-10-13 07:14:17,377] Trial 1999 finished with value: 0.5953974118701336 and parameters: {'w0': 0.44, 'w1': 0.893, 'w2': 0.382, 'w3': 0.593, 'w4': 0.878, 'w5': 0.375, 'w6': 0.878, 'w7': 0.332, 'w8': 0.999, 'max_depth': 10, 'min_child_weight': 4, 'subsample': 0.8, 'colsample_bytree': 0.9000000000000001, 'gamma': 2.0}. Best is trial 848 with value: 0.6005661897687894.
[I 2023-10-13 07:17:10,821] Trial 1994 finished with value: 0.5792528472861486 and parameters: {'w0': 0.431, 'w1': 0.895, 'w2': 0.382, 'w3': 0.596, 'w4': 0.89, 'w5': 0.165, 'w6': 0.871, 'w7': 0.326, 'w8': 0.979, 'max_depth': 10, 'min_child_weight': 0, 'subsample': 0.2, 'colsample_bytree': 0.9000000000000001, 'gamma': 2.0}. Best is trial 848 with value: 0.6005661897687894.
[I 2023-10-13 07:24:22,429] A new study created in memory with name: no-name-40dbc2a5-2890-439f-978a-69db8ed4198f
[I 2023-10-13 07:32:59,769] Trial 7 finished with value: 0.30580444542594065 and parameters: {'w0': 0.181, 'w1': 0.67, 'w2': 0.202, 'w3': 0.030000000000000002, 'w4': 0.277, 'w5': 0.552, 'w6': 0.194, 'w7': 0.554, 'w8': 0.801, 'max_depth': 5, 'min_child_weight': 20, 'subsample': 1.0, 'colsample_bytree': 0.9000000000000001, 'gamma': 4.800000000000001}. Best is trial 7 with value: 0.30580444542594065.
[I 2023-10-13 07:33:27,454] Trial 13 finished with value: 0.37504498116498686 and parameters: {'w0': 0.418, 'w1': 0.001, 'w2': 0.273, 'w3': 0.632, 'w4': 0.909, 'w5': 0.672, 'w6': 0.483, 'w7': 0.681, 'w8': 0.116, 'max_depth': 8, 'min_child_weight': 12, 'subsample': 1.0, 'colsample_bytree': 0.7, 'gamma': 7.800000000000001}. Best is trial 13 with value: 0.37504498116498686.
[I 2023-10-13 07:33:27,456] Trial 9 finished with value: 0.3671155005770874 and parameters: {'w0': 0.8180000000000001, 'w1': 0.756, 'w2': 0.5720000000000001, 'w3': 0.075, 'w4': 0.057, 'w5': 0.191, 'w6': 0.436, 'w7': 0.594, 'w8': 0.6, 'max_depth': 9, 'min_child_weight': 6, 'subsample': 0.2, 'colsample_bytree': 0.5, 'gamma': 9.200000000000001}. Best is trial 13 with value: 0.37504498116498686.
[I 2023-10-13 07:33:37,128] Trial 2 finished with value: 0.39974147126747595 and parameters: {'w0': 0.40800000000000003, 'w1': 0.86, 'w2': 0.722, 'w3': 0.9500000000000001, 'w4': 0.154, 'w5': 0.322, 'w6': 0.324, 'w7': 0.253, 'w8': 0.261, 'max_depth': 7, 'min_child_weight': 12, 'subsample': 0.4, 'colsample_bytree': 0.7, 'gamma': 8.6}. Best is trial 2 with value: 0.39974147126747595.
[I 2023-10-13 07:33:50,745] Trial 15 finished with value: 0.4078017437035604 and parameters: {'w0': 0.303, 'w1': 0.763, 'w2': 0.983, 'w3': 0.34, 'w4': 0.315, 'w5': 0.395, 'w6': 0.902, 'w7': 0.578, 'w8': 0.26, 'max_depth': 9, 'min_child_weight': 16, 'subsample': 0.5, 'colsample_bytree': 0.5, 'gamma': 10.0}. Best is trial 15 with value: 0.4078017437035604.
