[I 2023-10-13 00:07:12,002] Trial 1499 finished with value: 0.561921662637064 and parameters: {'w0': 0.4, 'w1': 0.804, 'w2': 0.3, 'w3': 0.614, 'w4': 0.9400000000000001, 'w5': 0.20900000000000002, 'w6': 0.886, 'w7': 0.8, 'w8': 0.883, 'max_depth': 10, 'min_child_weight': 0, 'subsample': 0.7, 'colsample_bytree': 0.8, 'gamma': 2.4000000000000004}. Best is trial 848 with value: 0.6005661897687894.
[I 2023-10-13 00:07:14,714] Trial 1501 finished with value: 0.600467920377791 and parameters: {'w0': 0.39, 'w1': 0.8140000000000001, 'w2': 0.306, 'w3': 0.585, 'w4': 0.9450000000000001, 'w5': 0.20500000000000002, 'w6': 0.914, 'w7': 0.281, 'w8': 0.885, 'max_depth': 10, 'min_child_weight': 0, 'subsample': 0.7, 'colsample_bytree': 0.8, 'gamma': 2.4000000000000004}. Best is trial 848 with value: 0.6005661897687894.
[I 2023-10-13 00:08:02,194] Trial 1504 finished with value: 0.5829928082239604 and parameters: {'w0': 0.39, 'w1': 0.8140000000000001, 'w2': 0.295, 'w3': 0.843, 'w4': 0.928, 'w5': 0.20500000000000002, 'w6': 0.883, 'w7': 0.28700000000000003, 'w8': 0.885, 'max_depth': 10, 'min_child_weight': 0, 'subsample': 0.7, 'colsample_bytree': 0.8, 'gamma': 6.800000000000001}. Best is trial 848 with value: 0.6005661897687894.
[I 2023-10-13 00:09:20,842] Trial 1502 finished with value: 0.5946197920565752 and parameters: {'w0': 0.385, 'w1': 0.8190000000000001, 'w2': 0.301, 'w3': 0.788, 'w4': 0.93, 'w5': 0.20800000000000002, 'w6': 0.909, 'w7': 0.28700000000000003, 'w8': 0.871, 'max_depth': 10, 'min_child_weight': 0, 'subsample': 0.7, 'colsample_bytree': 0.8, 'gamma': 2.4000000000000004}. Best is trial 848 with value: 0.6005661897687894.
[I 2023-10-13 00:10:07,707] Trial 1509 finished with value: 0.5840591506447916 and parameters: {'w0': 0.391, 'w1': 0.802, 'w2': 0.301, 'w3': 0.589, 'w4': 0.933, 'w5': 0.20600000000000002, 'w6': 0.886, 'w7': 0.28600000000000003, 'w8': 0.884, 'max_depth': 10, 'min_child_weight': 0, 'subsample': 0.7, 'colsample_bytree': 0.8, 'gamma': 6.800000000000001}. Best is trial 848 with value: 0.6005661897687894.
[I 2023-10-13 00:10:58,134] Trial 1503 finished with value: 0.5997661737121865 and parameters: {'w0': 0.394, 'w1': 0.809, 'w2': 0.295, 'w3': 0.606, 'w4': 0.9380000000000001, 'w5': 0.183, 'w6': 0.897, 'w7': 0.28500000000000003, 'w8': 0.892, 'max_depth': 10, 'min_child_weight': 0, 'subsample': 0.7, 'colsample_bytree': 0.8, 'gamma': 2.4000000000000004}. Best is trial 848 with value: 0.6005661897687894.
[I 2023-10-13 00:12:49,767] Trial 1505 finished with value: 0.5959271390552172 and parameters: {'w0': 0.401, 'w1': 0.8220000000000001, 'w2': 0.296, 'w3': 0.595, 'w4': 0.9440000000000001, 'w5': 0.196, 'w6': 0.893, 'w7': 0.28800000000000003, 'w8': 0.837, 'max_depth': 10, 'min_child_weight': 0, 'subsample': 0.7, 'colsample_bytree': 0.8, 'gamma': 2.4000000000000004}. Best is trial 848 with value: 0.6005661897687894.
[I 2023-10-13 00:12:52,176] Trial 1506 finished with value: 0.5976833836479142 and parameters: {'w0': 0.39, 'w1': 0.8130000000000001, 'w2': 0.293, 'w3': 0.606, 'w4': 0.9500000000000001, 'w5': 0.194, 'w6': 0.891, 'w7': 0.28500000000000003, 'w8': 0.881, 'max_depth': 10, 'min_child_weight': 0, 'subsample': 0.7, 'colsample_bytree': 0.8, 'gamma': 2.4000000000000004}. Best is trial 848 with value: 0.6005661897687894.
[I 2023-10-13 00:13:04,123] Trial 1507 finished with value: 0.5976843832891735 and parameters: {'w0': 0.4, 'w1': 0.8190000000000001, 'w2': 0.301, 'w3': 0.788, 'w4': 0.9470000000000001, 'w5': 0.228, 'w6': 0.901, 'w7': 0.28700000000000003, 'w8': 0.884, 'max_depth': 10, 'min_child_weight': 0, 'subsample': 0.7, 'colsample_bytree': 0.8, 'gamma': 2.4000000000000004}. Best is trial 848 with value: 0.6005661897687894.
[I 2023-10-13 00:13:23,567] Trial 1510 finished with value: 0.5984803659701998 and parameters: {'w0': 0.385, 'w1': 0.8220000000000001, 'w2': 0.291, 'w3': 0.838, 'w4': 0.933, 'w5': 0.211, 'w6': 0.903, 'w7': 0.28300000000000003, 'w8': 0.841, 'max_depth': 10, 'min_child_weight': 2, 'subsample': 0.7, 'colsample_bytree': 0.8, 'gamma': 2.4000000000000004}. Best is trial 848 with value: 0.6005661897687894.
[I 2023-10-13 00:13:29,216] Trial 1508 finished with value: 0.5956258108506769 and parameters: {'w0': 0.381, 'w1': 0.8200000000000001, 'w2': 0.292, 'w3': 0.605, 'w4': 0.9400000000000001, 'w5': 0.20400000000000001, 'w6': 0.891, 'w7': 0.291, 'w8': 0.835, 'max_depth': 10, 'min_child_weight': 0, 'subsample': 0.7, 'colsample_bytree': 0.8, 'gamma': 2.4000000000000004}. Best is trial 848 with value: 0.6005661897687894.
[I 2023-10-13 00:13:38,903] Trial 1512 finished with value: 0.5990574068508998 and parameters: {'w0': 0.388, 'w1': 0.872, 'w2': 0.28700000000000003, 'w3': 0.593, 'w4': 0.9410000000000001, 'w5': 0.20600000000000002, 'w6': 0.918, 'w7': 0.281, 'w8': 0.872, 'max_depth': 10, 'min_child_weight': 2, 'subsample': 0.7, 'colsample_bytree': 0.8, 'gamma': 2.4000000000000004}. Best is trial 848 with value: 0.6005661897687894.
[I 2023-10-13 00:15:19,459] Trial 1511 finished with value: 0.5669799233166816 and parameters: {'w0': 0.387, 'w1': 0.8270000000000001, 'w2': 0.969, 'w3': 0.604, 'w4': 0.933, 'w5': 0.2, 'w6': 0.905, 'w7': 0.28400000000000003, 'w8': 0.882, 'max_depth': 10, 'min_child_weight': 2, 'subsample': 0.7, 'colsample_bytree': 0.8, 'gamma': 2.4000000000000004}. Best is trial 848 with value: 0.6005661897687894.
[I 2023-10-13 00:15:31,418] Trial 1513 finished with value: 0.5987844911979143 and parameters: {'w0': 0.382, 'w1': 0.8250000000000001, 'w2': 0.291, 'w3': 0.837, 'w4': 0.784, 'w5': 0.20800000000000002, 'w6': 0.907, 'w7': 0.28500000000000003, 'w8': 0.8330000000000001, 'max_depth': 10, 'min_child_weight': 2, 'subsample': 0.7, 'colsample_bytree': 0.8, 'gamma': 2.4000000000000004}. Best is trial 848 with value: 0.6005661897687894.
[I 2023-10-13 00:16:09,677] Trial 1514 finished with value: 0.5978413145397662 and parameters: {'w0': 0.385, 'w1': 0.869, 'w2': 0.294, 'w3': 0.445, 'w4': 0.9520000000000001, 'w5': 0.227, 'w6': 0.896, 'w7': 0.28900000000000003, 'w8': 0.882, 'max_depth': 10, 'min_child_weight': 2, 'subsample': 0.7, 'colsample_bytree': 0.8, 'gamma': 2.4000000000000004}. Best is trial 848 with value: 0.6005661897687894.
[I 2023-10-13 00:19:41,281] Trial 1519 finished with value: 0.5839087791353924 and parameters: {'w0': 0.384, 'w1': 0.788, 'w2': 0.28300000000000003, 'w3': 0.608, 'w4': 0.9540000000000001, 'w5': 0.225, 'w6': 0.9, 'w7': 0.275, 'w8': 0.887, 'max_depth': 10, 'min_child_weight': 0, 'subsample': 0.7, 'colsample_bytree': 0.8, 'gamma': 6.0}. Best is trial 848 with value: 0.6005661897687894.
[I 2023-10-13 00:19:52,558] Trial 1515 finished with value: 0.5955454830050256 and parameters: {'w0': 0.392, 'w1': 0.868, 'w2': 0.293, 'w3': 0.791, 'w4': 0.784, 'w5': 0.20600000000000002, 'w6': 0.902, 'w7': 0.281, 'w8': 0.8330000000000001, 'max_depth': 10, 'min_child_weight': 2, 'subsample': 0.7, 'colsample_bytree': 0.8, 'gamma': 2.4000000000000004}. Best is trial 848 with value: 0.6005661897687894.
[I 2023-10-13 00:21:07,246] Trial 1516 finished with value: 0.5950631149931443 and parameters: {'w0': 0.382, 'w1': 0.869, 'w2': 0.34400000000000003, 'w3': 0.785, 'w4': 0.81, 'w5': 0.20900000000000002, 'w6': 0.896, 'w7': 0.277, 'w8': 0.878, 'max_depth': 10, 'min_child_weight': 2, 'subsample': 0.7, 'colsample_bytree': 0.8, 'gamma': 2.2}. Best is trial 848 with value: 0.6005661897687894.
[I 2023-10-13 00:22:00,012] Trial 1517 finished with value: 0.5981259407760384 and parameters: {'w0': 0.384, 'w1': 0.8260000000000001, 'w2': 0.29, 'w3': 0.599, 'w4': 0.9450000000000001, 'w5': 0.227, 'w6': 0.917, 'w7': 0.275, 'w8': 0.893, 'max_depth': 10, 'min_child_weight': 0, 'subsample': 0.7, 'colsample_bytree': 0.8, 'gamma': 2.2}. Best is trial 848 with value: 0.6005661897687894.
[I 2023-10-13 00:22:47,670] Trial 1518 finished with value: 0.5950550468600008 and parameters: {'w0': 0.434, 'w1': 0.8290000000000001, 'w2': 0.294, 'w3': 0.595, 'w4': 0.9530000000000001, 'w5': 0.222, 'w6': 0.904, 'w7': 0.271, 'w8': 0.895, 'max_depth': 10, 'min_child_weight': 0, 'subsample': 0.7, 'colsample_bytree': 0.8, 'gamma': 2.2}. Best is trial 848 with value: 0.6005661897687894.
[I 2023-10-13 00:22:50,961] Trial 1520 finished with value: 0.5831192127818079 and parameters: {'w0': 0.377, 'w1': 0.8230000000000001, 'w2': 0.28800000000000003, 'w3': 0.619, 'w4': 0.9490000000000001, 'w5': 0.20900000000000002, 'w6': 0.903, 'w7': 0.181, 'w8': 0.885, 'max_depth': 10, 'min_child_weight': 0, 'subsample': 0.7, 'colsample_bytree': 0.8, 'gamma': 2.8000000000000003}. Best is trial 848 with value: 0.6005661897687894.
[I 2023-10-13 00:24:11,346] Trial 1521 finished with value: 0.5974635760371539 and parameters: {'w0': 0.39, 'w1': 0.8260000000000001, 'w2': 0.28200000000000003, 'w3': 0.611, 'w4': 0.9480000000000001, 'w5': 0.227, 'w6': 0.897, 'w7': 0.277, 'w8': 0.899, 'max_depth': 10, 'min_child_weight': 0, 'subsample': 0.7, 'colsample_bytree': 0.8, 'gamma': 2.8000000000000003}. Best is trial 848 with value: 0.6005661897687894.
[I 2023-10-13 00:25:42,451] Trial 1523 finished with value: 0.5864537394854146 and parameters: {'w0': 0.382, 'w1': 0.842, 'w2': 0.277, 'w3': 0.578, 'w4': 0.915, 'w5': 0.219, 'w6': 0.9, 'w7': 0.182, 'w8': 0.902, 'max_depth': 10, 'min_child_weight': 0, 'subsample': 0.7, 'colsample_bytree': 0.8, 'gamma': 2.8000000000000003}. Best is trial 848 with value: 0.6005661897687894.
[I 2023-10-13 00:26:31,669] Trial 1525 finished with value: 0.5958719313806636 and parameters: {'w0': 0.382, 'w1': 0.8310000000000001, 'w2': 0.281, 'w3': 0.5650000000000001, 'w4': 0.9530000000000001, 'w5': 0.213, 'w6': 0.897, 'w7': 0.308, 'w8': 0.869, 'max_depth': 10, 'min_child_weight': 0, 'subsample': 0.7, 'colsample_bytree': 0.8, 'gamma': 2.8000000000000003}. Best is trial 848 with value: 0.6005661897687894.
[I 2023-10-13 00:27:21,778] Trial 1522 finished with value: 0.5977982126696507 and parameters: {'w0': 0.386, 'w1': 0.8310000000000001, 'w2': 0.292, 'w3': 0.5720000000000001, 'w4': 0.9460000000000001, 'w5': 0.229, 'w6': 0.903, 'w7': 0.269, 'w8': 0.899, 'max_depth': 10, 'min_child_weight': 0, 'subsample': 0.7, 'colsample_bytree': 0.8, 'gamma': 2.2}. Best is trial 848 with value: 0.6005661897687894.
[I 2023-10-13 00:27:34,989] Trial 1524 finished with value: 0.5930777381464196 and parameters: {'w0': 0.432, 'w1': 0.845, 'w2': 0.28400000000000003, 'w3': 0.608, 'w4': 0.9490000000000001, 'w5': 0.219, 'w6': 0.913, 'w7': 0.247, 'w8': 0.883, 'max_depth': 10, 'min_child_weight': 0, 'subsample': 0.7, 'colsample_bytree': 0.8, 'gamma': 2.2}. Best is trial 848 with value: 0.6005661897687894.
[I 2023-10-13 00:28:23,934] Trial 1526 finished with value: 0.5735136293857412 and parameters: {'w0': 0.431, 'w1': 0.844, 'w2': 0.981, 'w3': 0.5650000000000001, 'w4': 0.926, 'w5': 0.22, 'w6': 0.862, 'w7': 0.309, 'w8': 0.885, 'max_depth': 10, 'min_child_weight': 0, 'subsample': 0.7, 'colsample_bytree': 0.8, 'gamma': 2.8000000000000003}. Best is trial 848 with value: 0.6005661897687894.
[I 2023-10-13 00:28:25,862] Trial 1527 finished with value: 0.5946292372860439 and parameters: {'w0': 0.421, 'w1': 0.835, 'w2': 0.28, 'w3': 0.553, 'w4': 0.9460000000000001, 'w5': 0.223, 'w6': 0.9, 'w7': 0.311, 'w8': 0.9, 'max_depth': 10, 'min_child_weight': 0, 'subsample': 0.7, 'colsample_bytree': 0.8, 'gamma': 2.2}. Best is trial 848 with value: 0.6005661897687894.
[I 2023-10-13 00:29:13,701] Trial 1529 finished with value: 0.5999115670791286 and parameters: {'w0': 0.382, 'w1': 0.789, 'w2': 0.291, 'w3': 0.5650000000000001, 'w4': 0.9550000000000001, 'w5': 0.225, 'w6': 0.869, 'w7': 0.271, 'w8': 0.914, 'max_depth': 10, 'min_child_weight': 0, 'subsample': 0.7, 'colsample_bytree': 0.8, 'gamma': 2.6}. Best is trial 848 with value: 0.6005661897687894.
[I 2023-10-13 00:29:35,314] Trial 1530 finished with value: 0.596260007138838 and parameters: {'w0': 0.379, 'w1': 0.784, 'w2': 0.28, 'w3': 0.885, 'w4': 0.9460000000000001, 'w5': 0.23, 'w6': 0.876, 'w7': 0.268, 'w8': 0.886, 'max_depth': 10, 'min_child_weight': 0, 'subsample': 0.7, 'colsample_bytree': 0.8, 'gamma': 2.8000000000000003}. Best is trial 848 with value: 0.6005661897687894.
[I 2023-10-13 00:33:41,526] Trial 1531 finished with value: 0.5957363242580888 and parameters: {'w0': 0.38, 'w1': 0.8280000000000001, 'w2': 0.272, 'w3': 0.5700000000000001, 'w4': 0.9550000000000001, 'w5': 0.227, 'w6': 0.879, 'w7': 0.305, 'w8': 0.89, 'max_depth': 10, 'min_child_weight': 0, 'subsample': 0.7, 'colsample_bytree': 0.8, 'gamma': 2.8000000000000003}. Best is trial 848 with value: 0.6005661897687894.
[I 2023-10-13 00:33:46,131] Trial 1532 finished with value: 0.5938620861053265 and parameters: {'w0': 0.38, 'w1': 0.838, 'w2': 0.28500000000000003, 'w3': 0.578, 'w4': 0.9540000000000001, 'w5': 0.228, 'w6': 0.87, 'w7': 0.307, 'w8': 0.894, 'max_depth': 10, 'min_child_weight': 0, 'subsample': 0.7, 'colsample_bytree': 0.8, 'gamma': 2.8000000000000003}. Best is trial 848 with value: 0.6005661897687894.
[I 2023-10-13 00:35:27,046] Trial 1533 finished with value: 0.5904944496954365 and parameters: {'w0': 0.427, 'w1': 0.791, 'w2': 0.278, 'w3': 0.862, 'w4': 0.9530000000000001, 'w5': 0.227, 'w6': 0.875, 'w7': 0.304, 'w8': 0.901, 'max_depth': 10, 'min_child_weight': 0, 'subsample': 0.7, 'colsample_bytree': 0.8, 'gamma': 2.8000000000000003}. Best is trial 848 with value: 0.6005661897687894.
[I 2023-10-13 00:35:45,605] Trial 1534 finished with value: 0.5806865864815199 and parameters: {'w0': 0.423, 'w1': 0.792, 'w2': 0.241, 'w3': 0.852, 'w4': 0.9580000000000001, 'w5': 0.245, 'w6': 0.855, 'w7': 0.307, 'w8': 0.91, 'max_depth': 10, 'min_child_weight': 0, 'subsample': 0.7, 'colsample_bytree': 0.8, 'gamma': 3.0}. Best is trial 848 with value: 0.6005661897687894.
[I 2023-10-13 00:36:50,368] Trial 1535 finished with value: 0.594119997017706 and parameters: {'w0': 0.424, 'w1': 0.79, 'w2': 0.28300000000000003, 'w3': 0.5670000000000001, 'w4': 0.9510000000000001, 'w5': 0.249, 'w6': 0.898, 'w7': 0.301, 'w8': 0.904, 'max_depth': 10, 'min_child_weight': 0, 'subsample': 0.7, 'colsample_bytree': 0.8, 'gamma': 2.8000000000000003}. Best is trial 848 with value: 0.6005661897687894.
[I 2023-10-13 00:36:56,245] Trial 1536 finished with value: 0.5920922757808661 and parameters: {'w0': 0.421, 'w1': 0.836, 'w2': 0.279, 'w3': 0.876, 'w4': 0.9460000000000001, 'w5': 0.229, 'w6': 0.868, 'w7': 0.309, 'w8': 0.883, 'max_depth': 10, 'min_child_weight': 0, 'subsample': 0.7, 'colsample_bytree': 0.8, 'gamma': 2.8000000000000003}. Best is trial 848 with value: 0.6005661897687894.
[I 2023-10-13 00:38:24,721] Trial 1537 finished with value: 0.5904407791838334 and parameters: {'w0': 0.424, 'w1': 0.79, 'w2': 0.277, 'w3': 0.85, 'w4': 0.9540000000000001, 'w5': 0.243, 'w6': 0.854, 'w7': 0.311, 'w8': 0.89, 'max_depth': 10, 'min_child_weight': 0, 'subsample': 0.7, 'colsample_bytree': 0.8, 'gamma': 2.8000000000000003}. Best is trial 848 with value: 0.6005661897687894.
[I 2023-10-13 00:39:42,670] Trial 1538 finished with value: 0.5827636596474997 and parameters: {'w0': 0.41200000000000003, 'w1': 0.793, 'w2': 0.245, 'w3': 0.846, 'w4': 0.9390000000000001, 'w5': 0.245, 'w6': 0.866, 'w7': 0.306, 'w8': 0.909, 'max_depth': 10, 'min_child_weight': 0, 'subsample': 0.7, 'colsample_bytree': 0.8, 'gamma': 2.8000000000000003}. Best is trial 848 with value: 0.6005661897687894.
[I 2023-10-13 00:40:59,416] Trial 1539 finished with value: 0.5834918823688042 and parameters: {'w0': 0.422, 'w1': 0.776, 'w2': 0.247, 'w3': 0.864, 'w4': 0.9530000000000001, 'w5': 0.223, 'w6': 0.873, 'w7': 0.311, 'w8': 0.911, 'max_depth': 10, 'min_child_weight': 0, 'subsample': 0.7, 'colsample_bytree': 0.8, 'gamma': 2.8000000000000003}. Best is trial 848 with value: 0.6005661897687894.
[I 2023-10-13 00:41:35,058] Trial 1540 finished with value: 0.5919956174684844 and parameters: {'w0': 0.425, 'w1': 0.798, 'w2': 0.28, 'w3': 0.8310000000000001, 'w4': 0.9540000000000001, 'w5': 0.217, 'w6': 0.88, 'w7': 0.303, 'w8': 0.892, 'max_depth': 10, 'min_child_weight': 0, 'subsample': 0.7, 'colsample_bytree': 0.8, 'gamma': 2.8000000000000003}. Best is trial 848 with value: 0.6005661897687894.
[I 2023-10-13 00:42:04,499] Trial 1541 finished with value: 0.5856191729154989 and parameters: {'w0': 0.41000000000000003, 'w1': 0.791, 'w2': 0.247, 'w3': 0.854, 'w4': 0.9580000000000001, 'w5': 0.23500000000000001, 'w6': 0.87, 'w7': 0.31, 'w8': 0.908, 'max_depth': 10, 'min_child_weight': 0, 'subsample': 0.7, 'colsample_bytree': 0.8, 'gamma': 2.8000000000000003}. Best is trial 848 with value: 0.6005661897687894.
[I 2023-10-13 00:42:30,567] Trial 1542 finished with value: 0.5807161194967134 and parameters: {'w0': 0.41500000000000004, 'w1': 0.777, 'w2': 0.23900000000000002, 'w3': 0.867, 'w4': 0.9560000000000001, 'w5': 0.23, 'w6': 0.868, 'w7': 0.309, 'w8': 0.91, 'max_depth': 10, 'min_child_weight': 0, 'subsample': 0.7, 'colsample_bytree': 0.8, 'gamma': 2.8000000000000003}. Best is trial 848 with value: 0.6005661897687894.
[I 2023-10-13 00:42:36,675] Trial 1543 finished with value: 0.584389413612915 and parameters: {'w0': 0.40900000000000003, 'w1': 0.842, 'w2': 0.247, 'w3': 0.8250000000000001, 'w4': 0.965, 'w5': 0.201, 'w6': 0.91, 'w7': 0.312, 'w8': 0.873, 'max_depth': 10, 'min_child_weight': 0, 'subsample': 0.7, 'colsample_bytree': 0.8, 'gamma': 2.8000000000000003}. Best is trial 848 with value: 0.6005661897687894.
[I 2023-10-13 00:43:33,704] Trial 1545 finished with value: 0.5947776612093303 and parameters: {'w0': 0.401, 'w1': 0.801, 'w2': 0.243, 'w3': 0.8260000000000001, 'w4': 0.9600000000000001, 'w5': 0.246, 'w6': 0.856, 'w7': 0.256, 'w8': 0.914, 'max_depth': 10, 'min_child_weight': 0, 'subsample': 0.7, 'colsample_bytree': 0.8, 'gamma': 2.8000000000000003}. Best is trial 848 with value: 0.6005661897687894.
[I 2023-10-13 00:43:34,010] Trial 1544 finished with value: 0.5936272675156649 and parameters: {'w0': 0.403, 'w1': 0.796, 'w2': 0.256, 'w3': 0.877, 'w4': 0.962, 'w5': 0.252, 'w6': 0.874, 'w7': 0.254, 'w8': 0.901, 'max_depth': 10, 'min_child_weight': 0, 'subsample': 0.7, 'colsample_bytree': 0.8, 'gamma': 2.8000000000000003}. Best is trial 848 with value: 0.6005661897687894.
[I 2023-10-13 00:47:08,090] Trial 1547 finished with value: 0.5938349306177065 and parameters: {'w0': 0.406, 'w1': 0.802, 'w2': 0.242, 'w3': 0.871, 'w4': 0.9590000000000001, 'w5': 0.253, 'w6': 0.852, 'w7': 0.251, 'w8': 0.906, 'max_depth': 10, 'min_child_weight': 0, 'subsample': 0.7, 'colsample_bytree': 0.8, 'gamma': 3.0}. Best is trial 848 with value: 0.6005661897687894.
[I 2023-10-13 00:47:49,195] Trial 1546 finished with value: 0.5915219415254375 and parameters: {'w0': 0.40700000000000003, 'w1': 0.794, 'w2': 0.23800000000000002, 'w3': 0.871, 'w4': 0.964, 'w5': 0.245, 'w6': 0.871, 'w7': 0.261, 'w8': 0.923, 'max_depth': 10, 'min_child_weight': 0, 'subsample': 0.7, 'colsample_bytree': 0.8, 'gamma': 2.6}. Best is trial 848 with value: 0.6005661897687894.
[I 2023-10-13 00:48:54,092] Trial 1548 finished with value: 0.5954054117405191 and parameters: {'w0': 0.403, 'w1': 0.802, 'w2': 0.253, 'w3': 0.853, 'w4': 0.962, 'w5': 0.244, 'w6': 0.854, 'w7': 0.249, 'w8': 0.907, 'max_depth': 10, 'min_child_weight': 0, 'subsample': 0.7, 'colsample_bytree': 0.8, 'gamma': 3.0}. Best is trial 848 with value: 0.6005661897687894.
[I 2023-10-13 00:49:19,771] Trial 1549 finished with value: 0.5985792224848521 and parameters: {'w0': 0.405, 'w1': 0.796, 'w2': 0.247, 'w3': 0.55, 'w4': 0.969, 'w5': 0.24000000000000002, 'w6': 0.89, 'w7': 0.259, 'w8': 0.912, 'max_depth': 10, 'min_child_weight': 0, 'subsample': 0.7, 'colsample_bytree': 0.8, 'gamma': 2.8000000000000003}. Best is trial 848 with value: 0.6005661897687894.
[I 2023-10-13 00:49:22,147] Trial 1550 finished with value: 0.5870295268000151 and parameters: {'w0': 0.406, 'w1': 0.765, 'w2': 0.242, 'w3': 0.5770000000000001, 'w4': 0.966, 'w5': 0.213, 'w6': 0.883, 'w7': 0.255, 'w8': 0.904, 'max_depth': 10, 'min_child_weight': 0, 'subsample': 0.7, 'colsample_bytree': 0.4, 'gamma': 2.6}. Best is trial 848 with value: 0.6005661897687894.
[I 2023-10-13 00:49:27,069] Trial 1551 finished with value: 0.585787147380112 and parameters: {'w0': 0.405, 'w1': 0.804, 'w2': 0.248, 'w3': 0.556, 'w4': 0.93, 'w5': 0.243, 'w6': 0.848, 'w7': 0.253, 'w8': 0.906, 'max_depth': 10, 'min_child_weight': 0, 'subsample': 0.7, 'colsample_bytree': 0.4, 'gamma': 2.6}. Best is trial 848 with value: 0.6005661897687894.
[I 2023-10-13 00:52:12,578] Trial 1552 finished with value: 0.5936688309339482 and parameters: {'w0': 0.402, 'w1': 0.809, 'w2': 0.25, 'w3': 0.839, 'w4': 0.9580000000000001, 'w5': 0.23900000000000002, 'w6': 0.874, 'w7': 0.257, 'w8': 0.865, 'max_depth': 10, 'min_child_weight': 0, 'subsample': 0.7, 'colsample_bytree': 0.8, 'gamma': 2.6}. Best is trial 848 with value: 0.6005661897687894.
[I 2023-10-13 00:53:29,424] Trial 1553 finished with value: 0.5963639976678938 and parameters: {'w0': 0.402, 'w1': 0.808, 'w2': 0.251, 'w3': 0.546, 'w4': 0.967, 'w5': 0.254, 'w6': 0.883, 'w7': 0.253, 'w8': 0.906, 'max_depth': 10, 'min_child_weight': 0, 'subsample': 0.7, 'colsample_bytree': 0.8, 'gamma': 2.6}. Best is trial 848 with value: 0.6005661897687894.
[I 2023-10-13 00:54:08,509] Trial 1555 finished with value: 0.5892888576568182 and parameters: {'w0': 0.398, 'w1': 0.8210000000000001, 'w2': 0.248, 'w3': 0.587, 'w4': 0.9600000000000001, 'w5': 0.247, 'w6': 0.876, 'w7': 0.26, 'w8': 0.868, 'max_depth': 10, 'min_child_weight': 0, 'subsample': 0.7, 'colsample_bytree': 0.4, 'gamma': 2.6}. Best is trial 848 with value: 0.6005661897687894.
[I 2023-10-13 00:54:44,707] Trial 1554 finished with value: 0.5971648662934033 and parameters: {'w0': 0.402, 'w1': 0.803, 'w2': 0.247, 'w3': 0.585, 'w4': 0.965, 'w5': 0.241, 'w6': 0.879, 'w7': 0.255, 'w8': 0.913, 'max_depth': 10, 'min_child_weight': 0, 'subsample': 0.7, 'colsample_bytree': 0.8, 'gamma': 2.6}. Best is trial 848 with value: 0.6005661897687894.
