[I 2023-10-11 07:17:06,891] Trial 992 finished with value: 0.6129442413352444 and parameters: {'w0': 0.178, 'w1': 0.773, 'w2': 0.14400000000000002, 'w3': 0.527, 'w4': 0.862, 'w5': 0.247, 'w6': 0.997, 'w7': 0.107, 'w8': 0.551, 'max_depth': 6, 'min_child_weight': 4, 'subsample': 0.9000000000000001, 'colsample_bytree': 0.9000000000000001, 'gamma': 1.4000000000000001}. Best is trial 960 with value: 0.6263637785842772.
[I 2023-10-11 07:19:39,018] Trial 993 finished with value: 0.619373276407688 and parameters: {'w0': 0.179, 'w1': 0.777, 'w2': 0.133, 'w3': 0.562, 'w4': 0.873, 'w5': 0.273, 'w6': 0.999, 'w7': 0.125, 'w8': 0.5750000000000001, 'max_depth': 6, 'min_child_weight': 4, 'subsample': 0.9000000000000001, 'colsample_bytree': 0.9000000000000001, 'gamma': 1.4000000000000001}. Best is trial 960 with value: 0.6263637785842772.
[I 2023-10-11 07:20:11,468] Trial 994 finished with value: 0.6156646193502239 and parameters: {'w0': 0.17500000000000002, 'w1': 0.769, 'w2': 0.131, 'w3': 0.555, 'w4': 0.863, 'w5': 0.23600000000000002, 'w6': 0.999, 'w7': 0.101, 'w8': 0.548, 'max_depth': 6, 'min_child_weight': 4, 'subsample': 0.9000000000000001, 'colsample_bytree': 0.9000000000000001, 'gamma': 1.4000000000000001}. Best is trial 960 with value: 0.6263637785842772.
[I 2023-10-11 07:21:10,711] Trial 995 finished with value: 0.61575664060092 and parameters: {'w0': 0.171, 'w1': 0.767, 'w2': 0.129, 'w3': 0.551, 'w4': 0.856, 'w5': 0.251, 'w6': 1.0, 'w7': 0.10200000000000001, 'w8': 0.548, 'max_depth': 6, 'min_child_weight': 4, 'subsample': 0.9000000000000001, 'colsample_bytree': 0.9000000000000001, 'gamma': 1.4000000000000001}. Best is trial 960 with value: 0.6263637785842772.
[I 2023-10-11 07:24:09,881] Trial 997 finished with value: 0.6177877037310686 and parameters: {'w0': 0.164, 'w1': 0.765, 'w2': 0.13, 'w3': 0.547, 'w4': 0.855, 'w5': 0.23500000000000001, 'w6': 0.998, 'w7': 0.109, 'w8': 0.587, 'max_depth': 6, 'min_child_weight': 4, 'subsample': 0.9000000000000001, 'colsample_bytree': 0.9000000000000001, 'gamma': 1.4000000000000001}. Best is trial 960 with value: 0.6263637785842772.
[I 2023-10-11 07:24:14,837] Trial 998 finished with value: 0.6189545344912649 and parameters: {'w0': 0.17400000000000002, 'w1': 0.734, 'w2': 0.135, 'w3': 0.524, 'w4': 0.856, 'w5': 0.23500000000000001, 'w6': 0.999, 'w7': 0.11800000000000001, 'w8': 0.533, 'max_depth': 6, 'min_child_weight': 4, 'subsample': 0.9000000000000001, 'colsample_bytree': 0.9000000000000001, 'gamma': 1.4000000000000001}. Best is trial 960 with value: 0.6263637785842772.
[I 2023-10-11 07:24:40,314] Trial 996 finished with value: 0.6218657942061354 and parameters: {'w0': 0.181, 'w1': 0.771, 'w2': 0.11900000000000001, 'w3': 0.555, 'w4': 0.858, 'w5': 0.23500000000000001, 'w6': 0.996, 'w7': 0.096, 'w8': 0.585, 'max_depth': 6, 'min_child_weight': 4, 'subsample': 0.9000000000000001, 'colsample_bytree': 0.9000000000000001, 'gamma': 1.0}. Best is trial 960 with value: 0.6263637785842772.
[I 2023-10-11 07:25:31,271] Trial 999 finished with value: 0.6194848595396572 and parameters: {'w0': 0.171, 'w1': 0.74, 'w2': 0.126, 'w3': 0.525, 'w4': 0.862, 'w5': 0.223, 'w6': 0.971, 'w7': 0.121, 'w8': 0.583, 'max_depth': 6, 'min_child_weight': 4, 'subsample': 0.9000000000000001, 'colsample_bytree': 0.9000000000000001, 'gamma': 1.4000000000000001}. Best is trial 960 with value: 0.6263637785842772.
[I 2023-10-11 07:26:42,513] Trial 1000 finished with value: 0.6006589674133792 and parameters: {'w0': 0.17300000000000001, 'w1': 0.734, 'w2': 0.136, 'w3': 0.522, 'w4': 0.863, 'w5': 0.227, 'w6': 0.971, 'w7': 0.065, 'w8': 0.542, 'max_depth': 6, 'min_child_weight': 4, 'subsample': 0.9000000000000001, 'colsample_bytree': 0.9000000000000001, 'gamma': 1.2000000000000002}. Best is trial 960 with value: 0.6263637785842772.
[I 2023-10-11 07:27:21,869] Trial 1001 finished with value: 0.6087387249673583 and parameters: {'w0': 0.182, 'w1': 0.735, 'w2': 0.214, 'w3': 0.532, 'w4': 0.855, 'w5': 0.228, 'w6': 0.968, 'w7': 0.117, 'w8': 0.596, 'max_depth': 6, 'min_child_weight': 4, 'subsample': 0.9000000000000001, 'colsample_bytree': 0.9000000000000001, 'gamma': 1.4000000000000001}. Best is trial 960 with value: 0.6263637785842772.
[I 2023-10-11 07:28:16,870] Trial 1003 finished with value: 0.6198336552524649 and parameters: {'w0': 0.182, 'w1': 0.731, 'w2': 0.147, 'w3': 0.543, 'w4': 0.847, 'w5': 0.243, 'w6': 0.967, 'w7': 0.148, 'w8': 0.592, 'max_depth': 6, 'min_child_weight': 4, 'subsample': 0.9000000000000001, 'colsample_bytree': 0.9000000000000001, 'gamma': 1.4000000000000001}. Best is trial 960 with value: 0.6263637785842772.
[I 2023-10-11 07:29:18,096] Trial 1002 finished with value: 0.6223285526353571 and parameters: {'w0': 0.182, 'w1': 0.769, 'w2': 0.212, 'w3': 0.525, 'w4': 0.847, 'w5': 0.231, 'w6': 0.968, 'w7': 0.157, 'w8': 0.546, 'max_depth': 6, 'min_child_weight': 4, 'subsample': 0.9000000000000001, 'colsample_bytree': 0.9000000000000001, 'gamma': 1.0}. Best is trial 960 with value: 0.6263637785842772.
[I 2023-10-11 07:30:54,515] Trial 1004 finished with value: 0.6198401700713528 and parameters: {'w0': 0.181, 'w1': 0.735, 'w2': 0.22, 'w3': 0.525, 'w4': 0.849, 'w5': 0.232, 'w6': 0.968, 'w7': 0.156, 'w8': 0.592, 'max_depth': 6, 'min_child_weight': 4, 'subsample': 0.9000000000000001, 'colsample_bytree': 0.9000000000000001, 'gamma': 1.0}. Best is trial 960 with value: 0.6263637785842772.
[I 2023-10-11 07:31:14,317] Trial 1005 finished with value: 0.6192043903969674 and parameters: {'w0': 0.17600000000000002, 'w1': 0.732, 'w2': 0.213, 'w3': 0.607, 'w4': 0.896, 'w5': 0.28500000000000003, 'w6': 0.966, 'w7': 0.155, 'w8': 0.537, 'max_depth': 6, 'min_child_weight': 4, 'subsample': 0.9000000000000001, 'colsample_bytree': 0.9000000000000001, 'gamma': 1.0}. Best is trial 960 with value: 0.6263637785842772.
[I 2023-10-11 07:31:58,277] Trial 1006 finished with value: 0.6194750201779464 and parameters: {'w0': 0.169, 'w1': 0.776, 'w2': 0.22, 'w3': 0.525, 'w4': 0.898, 'w5': 0.28600000000000003, 'w6': 0.968, 'w7': 0.16, 'w8': 0.59, 'max_depth': 6, 'min_child_weight': 4, 'subsample': 0.9000000000000001, 'colsample_bytree': 0.9000000000000001, 'gamma': 1.0}. Best is trial 960 with value: 0.6263637785842772.
[I 2023-10-11 07:32:20,250] Trial 1007 finished with value: 0.6125267729316219 and parameters: {'w0': 0.146, 'w1': 0.733, 'w2': 0.226, 'w3': 0.52, 'w4': 0.845, 'w5': 0.28400000000000003, 'w6': 0.972, 'w7': 0.155, 'w8': 0.589, 'max_depth': 6, 'min_child_weight': 4, 'subsample': 0.9000000000000001, 'colsample_bytree': 0.9000000000000001, 'gamma': 1.0}. Best is trial 960 with value: 0.6263637785842772.
[I 2023-10-11 07:32:33,571] Trial 1008 finished with value: 0.61730920174576 and parameters: {'w0': 0.137, 'w1': 0.734, 'w2': 0.216, 'w3': 0.61, 'w4': 0.899, 'w5': 0.222, 'w6': 0.968, 'w7': 0.152, 'w8': 0.587, 'max_depth': 6, 'min_child_weight': 4, 'subsample': 0.9000000000000001, 'colsample_bytree': 0.9000000000000001, 'gamma': 1.0}. Best is trial 960 with value: 0.6263637785842772.
[I 2023-10-11 07:35:14,661] Trial 1009 finished with value: 0.6193366271535952 and parameters: {'w0': 0.146, 'w1': 0.731, 'w2': 0.221, 'w3': 0.604, 'w4': 0.896, 'w5': 0.291, 'w6': 0.967, 'w7': 0.163, 'w8': 0.585, 'max_depth': 6, 'min_child_weight': 4, 'subsample': 0.9000000000000001, 'colsample_bytree': 0.9000000000000001, 'gamma': 1.0}. Best is trial 960 with value: 0.6263637785842772.
[I 2023-10-11 07:35:56,758] Trial 1010 finished with value: 0.6212563633554896 and parameters: {'w0': 0.163, 'w1': 0.731, 'w2': 0.222, 'w3': 0.606, 'w4': 0.896, 'w5': 0.29, 'w6': 0.968, 'w7': 0.162, 'w8': 0.588, 'max_depth': 6, 'min_child_weight': 4, 'subsample': 0.9000000000000001, 'colsample_bytree': 0.9000000000000001, 'gamma': 1.0}. Best is trial 960 with value: 0.6263637785842772.
[I 2023-10-11 07:37:13,508] Trial 1011 finished with value: 0.6223490769348557 and parameters: {'w0': 0.17600000000000002, 'w1': 0.728, 'w2': 0.218, 'w3': 0.606, 'w4': 0.895, 'w5': 0.28600000000000003, 'w6': 0.965, 'w7': 0.194, 'w8': 0.6, 'max_depth': 6, 'min_child_weight': 4, 'subsample': 0.9000000000000001, 'colsample_bytree': 0.9000000000000001, 'gamma': 1.0}. Best is trial 960 with value: 0.6263637785842772.
[I 2023-10-11 07:39:54,001] Trial 1013 finished with value: 0.6175914254309325 and parameters: {'w0': 0.147, 'w1': 0.733, 'w2': 0.221, 'w3': 0.609, 'w4': 0.898, 'w5': 0.28600000000000003, 'w6': 0.967, 'w7': 0.156, 'w8': 0.592, 'max_depth': 6, 'min_child_weight': 4, 'subsample': 0.9000000000000001, 'colsample_bytree': 0.9000000000000001, 'gamma': 1.0}. Best is trial 960 with value: 0.6263637785842772.
[I 2023-10-11 07:40:16,447] Trial 1012 finished with value: 0.6214506374376212 and parameters: {'w0': 0.217, 'w1': 0.727, 'w2': 0.218, 'w3': 0.606, 'w4': 0.903, 'w5': 0.28600000000000003, 'w6': 0.971, 'w7': 0.16, 'w8': 0.596, 'max_depth': 6, 'min_child_weight': 4, 'subsample': 0.9000000000000001, 'colsample_bytree': 0.9000000000000001, 'gamma': 1.0}. Best is trial 960 with value: 0.6263637785842772.
[I 2023-10-11 07:40:30,976] Trial 1014 finished with value: 0.6239176854005996 and parameters: {'w0': 0.213, 'w1': 0.728, 'w2': 0.221, 'w3': 0.617, 'w4': 0.896, 'w5': 0.28600000000000003, 'w6': 0.968, 'w7': 0.154, 'w8': 0.6, 'max_depth': 6, 'min_child_weight': 4, 'subsample': 0.9000000000000001, 'colsample_bytree': 0.9000000000000001, 'gamma': 1.0}. Best is trial 960 with value: 0.6263637785842772.
[I 2023-10-11 07:40:53,105] Trial 1015 finished with value: 0.6205116592197738 and parameters: {'w0': 0.14100000000000001, 'w1': 0.726, 'w2': 0.213, 'w3': 0.61, 'w4': 0.904, 'w5': 0.28800000000000003, 'w6': 0.97, 'w7': 0.155, 'w8': 0.604, 'max_depth': 6, 'min_child_weight': 4, 'subsample': 0.9000000000000001, 'colsample_bytree': 0.9000000000000001, 'gamma': 1.0}. Best is trial 960 with value: 0.6263637785842772.
[I 2023-10-11 07:42:00,624] Trial 1016 finished with value: 0.6236212782093606 and parameters: {'w0': 0.212, 'w1': 0.733, 'w2': 0.22, 'w3': 0.608, 'w4': 0.899, 'w5': 0.28900000000000003, 'w6': 0.967, 'w7': 0.156, 'w8': 0.608, 'max_depth': 6, 'min_child_weight': 2, 'subsample': 0.9000000000000001, 'colsample_bytree': 0.9000000000000001, 'gamma': 1.0}. Best is trial 960 with value: 0.6263637785842772.
[I 2023-10-11 07:42:54,209] Trial 1017 finished with value: 0.6176842279079319 and parameters: {'w0': 0.211, 'w1': 0.727, 'w2': 0.216, 'w3': 0.611, 'w4': 0.902, 'w5': 0.28800000000000003, 'w6': 0.971, 'w7': 0.156, 'w8': 0.598, 'max_depth': 6, 'min_child_weight': 4, 'subsample': 0.9000000000000001, 'colsample_bytree': 0.9000000000000001, 'gamma': 1.0}. Best is trial 960 with value: 0.6263637785842772.
[I 2023-10-11 07:43:37,087] Trial 1018 finished with value: 0.6192715169915071 and parameters: {'w0': 0.14500000000000002, 'w1': 0.722, 'w2': 0.225, 'w3': 0.595, 'w4': 0.897, 'w5': 0.28800000000000003, 'w6': 0.966, 'w7': 0.194, 'w8': 0.611, 'max_depth': 6, 'min_child_weight': 4, 'subsample': 0.9000000000000001, 'colsample_bytree': 0.9000000000000001, 'gamma': 1.0}. Best is trial 960 with value: 0.6263637785842772.
[I 2023-10-11 07:44:37,306] Trial 1019 finished with value: 0.6228194122917153 and parameters: {'w0': 0.211, 'w1': 0.787, 'w2': 0.219, 'w3': 0.61, 'w4': 0.901, 'w5': 0.312, 'w6': 0.969, 'w7': 0.168, 'w8': 0.52, 'max_depth': 6, 'min_child_weight': 2, 'subsample': 0.9000000000000001, 'colsample_bytree': 0.9000000000000001, 'gamma': 1.0}. Best is trial 960 with value: 0.6263637785842772.
[I 2023-10-11 07:45:04,463] Trial 1024 finished with value: 0.6157367303595316 and parameters: {'w0': 0.15, 'w1': 0.781, 'w2': 0.186, 'w3': 0.61, 'w4': 0.904, 'w5': 0.313, 'w6': 0.965, 'w7': 0.195, 'w8': 0.611, 'max_depth': 6, 'min_child_weight': 2, 'subsample': 0.9000000000000001, 'colsample_bytree': 0.9000000000000001, 'gamma': 1.8}. Best is trial 960 with value: 0.6263637785842772.
[I 2023-10-11 07:45:49,049] Trial 1020 finished with value: 0.6131410445147312 and parameters: {'w0': 0.11900000000000001, 'w1': 0.729, 'w2': 0.226, 'w3': 0.609, 'w4': 0.898, 'w5': 0.312, 'w6': 0.965, 'w7': 0.161, 'w8': 0.615, 'max_depth': 6, 'min_child_weight': 2, 'subsample': 0.9000000000000001, 'colsample_bytree': 0.9000000000000001, 'gamma': 1.0}. Best is trial 960 with value: 0.6263637785842772.
[I 2023-10-11 07:46:08,900] Trial 1021 finished with value: 0.6175422929602409 and parameters: {'w0': 0.122, 'w1': 0.782, 'w2': 0.222, 'w3': 0.607, 'w4': 0.898, 'w5': 0.306, 'w6': 0.966, 'w7': 0.192, 'w8': 0.622, 'max_depth': 6, 'min_child_weight': 2, 'subsample': 0.9000000000000001, 'colsample_bytree': 0.9000000000000001, 'gamma': 1.0}. Best is trial 960 with value: 0.6263637785842772.
[I 2023-10-11 07:46:48,026] Trial 1022 finished with value: 0.6182238918262912 and parameters: {'w0': 0.124, 'w1': 0.724, 'w2': 0.224, 'w3': 0.62, 'w4': 0.902, 'w5': 0.31, 'w6': 0.966, 'w7': 0.194, 'w8': 0.499, 'max_depth': 6, 'min_child_weight': 2, 'subsample': 0.9000000000000001, 'colsample_bytree': 0.9000000000000001, 'gamma': 1.0}. Best is trial 960 with value: 0.6263637785842772.
[I 2023-10-11 07:49:20,753] Trial 1023 finished with value: 0.6248077639907532 and parameters: {'w0': 0.215, 'w1': 0.719, 'w2': 0.221, 'w3': 0.618, 'w4': 0.901, 'w5': 0.312, 'w6': 0.963, 'w7': 0.195, 'w8': 0.615, 'max_depth': 6, 'min_child_weight': 2, 'subsample': 0.9000000000000001, 'colsample_bytree': 0.9000000000000001, 'gamma': 0.8}. Best is trial 960 with value: 0.6263637785842772.
[I 2023-10-11 07:51:40,141] Trial 1025 finished with value: 0.59809531607589 and parameters: {'w0': 0.214, 'w1': 0.718, 'w2': 0.093, 'w3': 0.505, 'w4': 0.902, 'w5': 0.314, 'w6': 0.969, 'w7': 0.201, 'w8': 0.616, 'max_depth': 6, 'min_child_weight': 4, 'subsample': 0.9000000000000001, 'colsample_bytree': 0.9000000000000001, 'gamma': 0.8}. Best is trial 960 with value: 0.6263637785842772.
[I 2023-10-11 07:52:04,806] Trial 1026 finished with value: 0.6229369446955881 and parameters: {'w0': 0.214, 'w1': 0.71, 'w2': 0.185, 'w3': 0.597, 'w4': 0.899, 'w5': 0.311, 'w6': 0.965, 'w7': 0.194, 'w8': 0.513, 'max_depth': 6, 'min_child_weight': 2, 'subsample': 0.9000000000000001, 'colsample_bytree': 0.9000000000000001, 'gamma': 0.8}. Best is trial 960 with value: 0.6263637785842772.
[I 2023-10-11 07:52:27,949] Trial 1029 finished with value: 0.6087654069625872 and parameters: {'w0': 0.117, 'w1': 0.714, 'w2': 0.186, 'w3': 0.504, 'w4': 0.903, 'w5': 0.313, 'w6': 0.966, 'w7': 0.191, 'w8': 0.609, 'max_depth': 5, 'min_child_weight': 2, 'subsample': 0.9000000000000001, 'colsample_bytree': 0.9000000000000001, 'gamma': 1.8}. Best is trial 960 with value: 0.6263637785842772.
[I 2023-10-11 07:53:22,396] Trial 1027 finished with value: 0.620145708881353 and parameters: {'w0': 0.212, 'w1': 0.722, 'w2': 0.186, 'w3': 0.618, 'w4': 0.905, 'w5': 0.311, 'w6': 0.963, 'w7': 0.194, 'w8': 0.611, 'max_depth': 6, 'min_child_weight': 2, 'subsample': 0.9000000000000001, 'colsample_bytree': 0.9000000000000001, 'gamma': 0.8}. Best is trial 960 with value: 0.6263637785842772.
[I 2023-10-11 07:55:17,528] Trial 1033 finished with value: 0.6157072429208381 and parameters: {'w0': 0.203, 'w1': 0.713, 'w2': 0.186, 'w3': 0.629, 'w4': 0.91, 'w5': 0.312, 'w6': 0.964, 'w7': 0.188, 'w8': 0.618, 'max_depth': 5, 'min_child_weight': 2, 'subsample': 0.9000000000000001, 'colsample_bytree': 0.9000000000000001, 'gamma': 1.8}. Best is trial 960 with value: 0.6263637785842772.
[I 2023-10-11 07:55:54,889] Trial 1028 finished with value: 0.6220607566106051 and parameters: {'w0': 0.215, 'w1': 0.717, 'w2': 0.183, 'w3': 0.619, 'w4': 0.899, 'w5': 0.315, 'w6': 0.965, 'w7': 0.199, 'w8': 0.621, 'max_depth': 6, 'min_child_weight': 2, 'subsample': 0.9000000000000001, 'colsample_bytree': 0.9000000000000001, 'gamma': 0.8}. Best is trial 960 with value: 0.6263637785842772.
[I 2023-10-11 07:55:58,345] Trial 1034 finished with value: 0.6175452264871826 and parameters: {'w0': 0.20400000000000001, 'w1': 0.715, 'w2': 0.188, 'w3': 0.502, 'w4': 0.914, 'w5': 0.311, 'w6': 0.967, 'w7': 0.19, 'w8': 0.621, 'max_depth': 5, 'min_child_weight': 2, 'subsample': 0.9000000000000001, 'colsample_bytree': 0.9000000000000001, 'gamma': 1.8}. Best is trial 960 with value: 0.6263637785842772.
[I 2023-10-11 07:56:20,822] Trial 1030 finished with value: 0.6112008408460758 and parameters: {'w0': 0.1, 'w1': 0.786, 'w2': 0.188, 'w3': 0.631, 'w4': 0.908, 'w5': 0.314, 'w6': 0.966, 'w7': 0.202, 'w8': 0.616, 'max_depth': 5, 'min_child_weight': 2, 'subsample': 0.9000000000000001, 'colsample_bytree': 0.9000000000000001, 'gamma': 0.8}. Best is trial 960 with value: 0.6263637785842772.
[I 2023-10-11 07:56:53,770] Trial 1031 finished with value: 0.6259384894509972 and parameters: {'w0': 0.196, 'w1': 0.787, 'w2': 0.184, 'w3': 0.626, 'w4': 0.905, 'w5': 0.314, 'w6': 0.965, 'w7': 0.194, 'w8': 0.615, 'max_depth': 6, 'min_child_weight': 2, 'subsample': 0.9000000000000001, 'colsample_bytree': 0.9000000000000001, 'gamma': 0.8}. Best is trial 960 with value: 0.6263637785842772.
[I 2023-10-11 07:58:13,367] Trial 1032 finished with value: 0.6192170042721131 and parameters: {'w0': 0.20400000000000001, 'w1': 0.718, 'w2': 0.179, 'w3': 0.633, 'w4': 0.906, 'w5': 0.311, 'w6': 0.963, 'w7': 0.197, 'w8': 0.613, 'max_depth': 5, 'min_child_weight': 2, 'subsample': 0.9000000000000001, 'colsample_bytree': 0.9000000000000001, 'gamma': 0.8}. Best is trial 960 with value: 0.6263637785842772.
[I 2023-10-11 08:00:39,671] Trial 1035 finished with value: 0.6228838099171916 and parameters: {'w0': 0.20600000000000002, 'w1': 0.794, 'w2': 0.179, 'w3': 0.635, 'w4': 0.904, 'w5': 0.314, 'w6': 0.964, 'w7': 0.188, 'w8': 0.496, 'max_depth': 5, 'min_child_weight': 2, 'subsample': 0.9000000000000001, 'colsample_bytree': 0.9000000000000001, 'gamma': 0.8}. Best is trial 960 with value: 0.6263637785842772.
[I 2023-10-11 08:01:41,142] Trial 1036 finished with value: 0.6215500925700341 and parameters: {'w0': 0.213, 'w1': 0.715, 'w2': 0.184, 'w3': 0.627, 'w4': 0.913, 'w5': 0.306, 'w6': 0.964, 'w7': 0.191, 'w8': 0.622, 'max_depth': 5, 'min_child_weight': 2, 'subsample': 0.9000000000000001, 'colsample_bytree': 0.9000000000000001, 'gamma': 0.8}. Best is trial 960 with value: 0.6263637785842772.
[I 2023-10-11 08:02:29,729] Trial 1037 finished with value: 0.6217080199908707 and parameters: {'w0': 0.20600000000000002, 'w1': 0.787, 'w2': 0.183, 'w3': 0.637, 'w4': 0.911, 'w5': 0.318, 'w6': 0.963, 'w7': 0.195, 'w8': 0.622, 'max_depth': 5, 'min_child_weight': 2, 'subsample': 0.9000000000000001, 'colsample_bytree': 0.9000000000000001, 'gamma': 0.8}. Best is trial 960 with value: 0.6263637785842772.
[I 2023-10-11 08:02:47,823] Trial 1038 finished with value: 0.6214422843644412 and parameters: {'w0': 0.20600000000000002, 'w1': 0.712, 'w2': 0.185, 'w3': 0.621, 'w4': 0.907, 'w5': 0.32, 'w6': 0.964, 'w7': 0.189, 'w8': 0.507, 'max_depth': 6, 'min_child_weight': 2, 'subsample': 0.9000000000000001, 'colsample_bytree': 0.9000000000000001, 'gamma': 0.8}. Best is trial 960 with value: 0.6263637785842772.
[I 2023-10-11 08:03:21,253] Trial 1039 finished with value: 0.6218174754259957 and parameters: {'w0': 0.20900000000000002, 'w1': 0.707, 'w2': 0.184, 'w3': 0.642, 'w4': 0.913, 'w5': 0.318, 'w6': 0.965, 'w7': 0.177, 'w8': 0.625, 'max_depth': 5, 'min_child_weight': 2, 'subsample': 0.9000000000000001, 'colsample_bytree': 0.9000000000000001, 'gamma': 0.8}. Best is trial 960 with value: 0.6263637785842772.
[I 2023-10-11 08:06:07,105] Trial 1040 finished with value: 0.625304759965456 and parameters: {'w0': 0.20900000000000002, 'w1': 0.79, 'w2': 0.186, 'w3': 0.506, 'w4': 0.912, 'w5': 0.312, 'w6': 0.8130000000000001, 'w7': 0.179, 'w8': 0.628, 'max_depth': 6, 'min_child_weight': 2, 'subsample': 0.9000000000000001, 'colsample_bytree': 0.9000000000000001, 'gamma': 0.8}. Best is trial 960 with value: 0.6263637785842772.
[I 2023-10-11 08:06:34,274] Trial 1042 finished with value: 0.6190848451954449 and parameters: {'w0': 0.2, 'w1': 0.786, 'w2': 0.182, 'w3': 0.631, 'w4': 0.881, 'w5': 0.316, 'w6': 0.9580000000000001, 'w7': 0.18, 'w8': 0.626, 'max_depth': 5, 'min_child_weight': 2, 'subsample': 0.9000000000000001, 'colsample_bytree': 0.9000000000000001, 'gamma': 1.2000000000000002}. Best is trial 960 with value: 0.6263637785842772.
[I 2023-10-11 08:07:46,497] Trial 1044 finished with value: 0.6231401543036346 and parameters: {'w0': 0.197, 'w1': 0.791, 'w2': 0.182, 'w3': 0.623, 'w4': 0.881, 'w5': 0.315, 'w6': 0.805, 'w7': 0.17600000000000002, 'w8': 0.624, 'max_depth': 5, 'min_child_weight': 2, 'subsample': 0.9000000000000001, 'colsample_bytree': 0.9000000000000001, 'gamma': 1.2000000000000002}. Best is trial 960 with value: 0.6263637785842772.
[I 2023-10-11 08:08:45,322] Trial 1041 finished with value: 0.6237886262882781 and parameters: {'w0': 0.199, 'w1': 0.794, 'w2': 0.186, 'w3': 0.633, 'w4': 0.915, 'w5': 0.315, 'w6': 0.963, 'w7': 0.178, 'w8': 0.624, 'max_depth': 5, 'min_child_weight': 2, 'subsample': 0.9000000000000001, 'colsample_bytree': 0.9000000000000001, 'gamma': 0.8}. Best is trial 960 with value: 0.6263637785842772.
[I 2023-10-11 08:09:52,159] Trial 1043 finished with value: 0.6266149442384139 and parameters: {'w0': 0.201, 'w1': 0.781, 'w2': 0.184, 'w3': 0.641, 'w4': 0.877, 'w5': 0.315, 'w6': 0.8190000000000001, 'w7': 0.181, 'w8': 0.62, 'max_depth': 6, 'min_child_weight': 2, 'subsample': 0.9000000000000001, 'colsample_bytree': 0.9000000000000001, 'gamma': 0.8}. Best is trial 1043 with value: 0.6266149442384139.
[I 2023-10-11 08:09:59,687] Trial 1045 finished with value: 0.6237428957598984 and parameters: {'w0': 0.197, 'w1': 0.766, 'w2': 0.184, 'w3': 0.637, 'w4': 0.878, 'w5': 0.317, 'w6': 0.978, 'w7': 0.177, 'w8': 0.516, 'max_depth': 6, 'min_child_weight': 2, 'subsample': 0.9000000000000001, 'colsample_bytree': 0.9000000000000001, 'gamma': 1.2000000000000002}. Best is trial 1043 with value: 0.6266149442384139.
