[I 2023-10-13 14:13:37,837] Trial 397 finished with value: 0.5016626437285727 and parameters: {'w0': 0.513, 'w1': 0.843, 'w2': 0.331, 'w3': 0.555, 'w4': 0.036000000000000004, 'w5': 0.157, 'w6': 0.975, 'w7': 0.361, 'w8': 0.786, 'max_depth': 6, 'min_child_weight': 8, 'subsample': 0.7, 'colsample_bytree': 0.6000000000000001, 'gamma': 1.2000000000000002}. Best is trial 350 with value: 0.5050306048397601.
[I 2023-10-13 14:14:46,043] Trial 396 finished with value: 0.5038122295471217 and parameters: {'w0': 0.511, 'w1': 0.848, 'w2': 0.33, 'w3': 0.557, 'w4': 0.042, 'w5': 0.219, 'w6': 0.971, 'w7': 0.36, 'w8': 0.8130000000000001, 'max_depth': 6, 'min_child_weight': 6, 'subsample': 0.6000000000000001, 'colsample_bytree': 0.6000000000000001, 'gamma': 0.8}. Best is trial 350 with value: 0.5050306048397601.
[I 2023-10-13 14:15:05,401] Trial 395 finished with value: 0.498624124372255 and parameters: {'w0': 0.528, 'w1': 0.468, 'w2': 0.317, 'w3': 0.554, 'w4': 0.04, 'w5': 0.22, 'w6': 0.966, 'w7': 0.369, 'w8': 0.804, 'max_depth': 6, 'min_child_weight': 8, 'subsample': 0.6000000000000001, 'colsample_bytree': 0.6000000000000001, 'gamma': 0.8}. Best is trial 350 with value: 0.5050306048397601.
[I 2023-10-13 14:18:13,006] Trial 398 finished with value: 0.5036237327524228 and parameters: {'w0': 0.52, 'w1': 0.865, 'w2': 0.338, 'w3': 0.557, 'w4': 0.049, 'w5': 0.156, 'w6': 0.972, 'w7': 0.364, 'w8': 0.871, 'max_depth': 6, 'min_child_weight': 6, 'subsample': 0.6000000000000001, 'colsample_bytree': 0.6000000000000001, 'gamma': 1.2000000000000002}. Best is trial 350 with value: 0.5050306048397601.
[I 2023-10-13 14:19:28,965] Trial 400 finished with value: 0.5027454415666037 and parameters: {'w0': 0.524, 'w1': 0.47900000000000004, 'w2': 0.334, 'w3': 0.515, 'w4': 0.048, 'w5': 0.146, 'w6': 0.976, 'w7': 0.361, 'w8': 0.776, 'max_depth': 6, 'min_child_weight': 8, 'subsample': 0.7, 'colsample_bytree': 0.6000000000000001, 'gamma': 0.8}. Best is trial 350 with value: 0.5050306048397601.
[I 2023-10-13 14:19:40,833] Trial 399 finished with value: 0.5001509445291875 and parameters: {'w0': 0.514, 'w1': 0.535, 'w2': 0.331, 'w3': 0.551, 'w4': 0.028, 'w5': 0.227, 'w6': 0.975, 'w7': 0.364, 'w8': 0.777, 'max_depth': 6, 'min_child_weight': 6, 'subsample': 0.6000000000000001, 'colsample_bytree': 0.6000000000000001, 'gamma': 0.8}. Best is trial 350 with value: 0.5050306048397601.
[I 2023-10-13 14:20:02,470] Trial 401 finished with value: 0.4997891202846213 and parameters: {'w0': 0.51, 'w1': 0.511, 'w2': 0.334, 'w3': 0.548, 'w4': 0.04, 'w5': 0.369, 'w6': 0.976, 'w7': 0.355, 'w8': 0.809, 'max_depth': 6, 'min_child_weight': 8, 'subsample': 0.6000000000000001, 'colsample_bytree': 0.6000000000000001, 'gamma': 0.8}. Best is trial 350 with value: 0.5050306048397601.
[I 2023-10-13 14:21:07,049] Trial 402 finished with value: 0.5006804779959133 and parameters: {'w0': 0.513, 'w1': 0.542, 'w2': 0.339, 'w3': 0.559, 'w4': 0.031, 'w5': 0.367, 'w6': 0.973, 'w7': 0.36, 'w8': 0.77, 'max_depth': 6, 'min_child_weight': 6, 'subsample': 0.7, 'colsample_bytree': 0.6000000000000001, 'gamma': 0.8}. Best is trial 350 with value: 0.5050306048397601.
[I 2023-10-13 14:21:45,562] Trial 403 finished with value: 0.49970211118844476 and parameters: {'w0': 0.587, 'w1': 0.483, 'w2': 0.336, 'w3': 0.558, 'w4': 0.037000000000000005, 'w5': 0.162, 'w6': 0.974, 'w7': 0.359, 'w8': 0.782, 'max_depth': 6, 'min_child_weight': 6, 'subsample': 0.7, 'colsample_bytree': 0.6000000000000001, 'gamma': 0.8}. Best is trial 350 with value: 0.5050306048397601.
[I 2023-10-13 14:21:49,756] Trial 406 finished with value: 0.49690527977184357 and parameters: {'w0': 0.613, 'w1': 0.524, 'w2': 0.336, 'w3': 0.5650000000000001, 'w4': 0.468, 'w5': 0.161, 'w6': 0.974, 'w7': 0.358, 'w8': 0.8190000000000001, 'max_depth': 5, 'min_child_weight': 6, 'subsample': 0.7, 'colsample_bytree': 0.6000000000000001, 'gamma': 0.8}. Best is trial 350 with value: 0.5050306048397601.
[I 2023-10-13 14:22:07,105] Trial 404 finished with value: 0.49953611048961155 and parameters: {'w0': 0.609, 'w1': 0.47500000000000003, 'w2': 0.335, 'w3': 0.553, 'w4': 0.033, 'w5': 0.159, 'w6': 0.975, 'w7': 0.358, 'w8': 0.778, 'max_depth': 6, 'min_child_weight': 6, 'subsample': 0.7, 'colsample_bytree': 0.6000000000000001, 'gamma': 0.8}. Best is trial 350 with value: 0.5050306048397601.
[I 2023-10-13 14:22:16,723] Trial 405 finished with value: 0.5026148651657678 and parameters: {'w0': 0.51, 'w1': 0.497, 'w2': 0.336, 'w3': 0.556, 'w4': 0.032, 'w5': 0.162, 'w6': 0.974, 'w7': 0.355, 'w8': 0.874, 'max_depth': 6, 'min_child_weight': 8, 'subsample': 0.7, 'colsample_bytree': 0.6000000000000001, 'gamma': 0.8}. Best is trial 350 with value: 0.5050306048397601.
[I 2023-10-13 14:26:11,281] Trial 408 finished with value: 0.5030207685294072 and parameters: {'w0': 0.51, 'w1': 0.848, 'w2': 0.34, 'w3': 0.555, 'w4': 0.027000000000000003, 'w5': 0.161, 'w6': 0.972, 'w7': 0.34600000000000003, 'w8': 0.867, 'max_depth': 5, 'min_child_weight': 6, 'subsample': 0.7, 'colsample_bytree': 0.6000000000000001, 'gamma': 0.6000000000000001}. Best is trial 350 with value: 0.5050306048397601.
[I 2023-10-13 14:27:12,729] Trial 409 finished with value: 0.5023947344376674 and parameters: {'w0': 0.586, 'w1': 0.856, 'w2': 0.34, 'w3': 0.558, 'w4': 0.029, 'w5': 0.161, 'w6': 0.967, 'w7': 0.34400000000000003, 'w8': 0.875, 'max_depth': 5, 'min_child_weight': 6, 'subsample': 0.7, 'colsample_bytree': 0.6000000000000001, 'gamma': 0.8}. Best is trial 350 with value: 0.5050306048397601.
[I 2023-10-13 14:27:39,315] Trial 407 finished with value: 0.5032218017600478 and parameters: {'w0': 0.506, 'w1': 0.516, 'w2': 0.339, 'w3': 0.556, 'w4': 0.037000000000000005, 'w5': 0.16, 'w6': 0.97, 'w7': 0.36, 'w8': 0.874, 'max_depth': 6, 'min_child_weight': 6, 'subsample': 0.7, 'colsample_bytree': 0.6000000000000001, 'gamma': 0.6000000000000001}. Best is trial 350 with value: 0.5050306048397601.
[I 2023-10-13 14:28:08,194] Trial 410 finished with value: 0.5020520745783407 and parameters: {'w0': 0.511, 'w1': 0.839, 'w2': 0.341, 'w3': 0.52, 'w4': 0.025, 'w5': 0.154, 'w6': 0.963, 'w7': 0.34, 'w8': 0.874, 'max_depth': 5, 'min_child_weight': 6, 'subsample': 0.7, 'colsample_bytree': 0.6000000000000001, 'gamma': 0.6000000000000001}. Best is trial 350 with value: 0.5050306048397601.
[I 2023-10-13 14:32:16,144] Trial 411 finished with value: 0.5062317940416567 and parameters: {'w0': 0.517, 'w1': 0.866, 'w2': 0.337, 'w3': 0.5630000000000001, 'w4': 0.028, 'w5': 0.157, 'w6': 0.9600000000000001, 'w7': 0.341, 'w8': 0.771, 'max_depth': 6, 'min_child_weight': 6, 'subsample': 0.7, 'colsample_bytree': 0.6000000000000001, 'gamma': 0.6000000000000001}. Best is trial 411 with value: 0.5062317940416567.
[I 2023-10-13 14:33:20,145] Trial 412 finished with value: 0.49927844595051524 and parameters: {'w0': 0.506, 'w1': 0.85, 'w2': 0.243, 'w3': 0.562, 'w4': 0.026000000000000002, 'w5': 0.162, 'w6': 0.9510000000000001, 'w7': 0.343, 'w8': 0.876, 'max_depth': 6, 'min_child_weight': 6, 'subsample': 0.6000000000000001, 'colsample_bytree': 0.6000000000000001, 'gamma': 0.6000000000000001}. Best is trial 411 with value: 0.5062317940416567.
[I 2023-10-13 14:33:51,539] Trial 413 finished with value: 0.4998979669062045 and parameters: {'w0': 0.507, 'w1': 0.841, 'w2': 0.255, 'w3': 0.5650000000000001, 'w4': 0.027000000000000003, 'w5': 0.155, 'w6': 0.9470000000000001, 'w7': 0.335, 'w8': 0.873, 'max_depth': 6, 'min_child_weight': 6, 'subsample': 0.6000000000000001, 'colsample_bytree': 0.6000000000000001, 'gamma': 0.6000000000000001}. Best is trial 411 with value: 0.5062317940416567.
[I 2023-10-13 14:34:47,712] Trial 414 finished with value: 0.496196154553439 and parameters: {'w0': 0.508, 'w1': 0.845, 'w2': 0.254, 'w3': 0.5630000000000001, 'w4': 0.022000000000000002, 'w5': 0.162, 'w6': 0.9530000000000001, 'w7': 0.34400000000000003, 'w8': 0.883, 'max_depth': 5, 'min_child_weight': 6, 'subsample': 0.6000000000000001, 'colsample_bytree': 0.6000000000000001, 'gamma': 0.6000000000000001}. Best is trial 411 with value: 0.5062317940416567.
[I 2023-10-13 14:35:50,461] Trial 415 finished with value: 0.4928675955101746 and parameters: {'w0': 0.507, 'w1': 0.53, 'w2': 0.262, 'w3': 0.555, 'w4': 0.053000000000000005, 'w5': 0.16, 'w6': 0.9450000000000001, 'w7': 0.338, 'w8': 0.764, 'max_depth': 5, 'min_child_weight': 8, 'subsample': 0.6000000000000001, 'colsample_bytree': 0.6000000000000001, 'gamma': 0.6000000000000001}. Best is trial 411 with value: 0.5062317940416567.
[I 2023-10-13 14:35:52,829] Trial 416 finished with value: 0.49697312884453765 and parameters: {'w0': 0.502, 'w1': 0.856, 'w2': 0.257, 'w3': 0.5650000000000001, 'w4': 0.025, 'w5': 0.16, 'w6': 0.9490000000000001, 'w7': 0.34, 'w8': 0.87, 'max_depth': 5, 'min_child_weight': 8, 'subsample': 0.6000000000000001, 'colsample_bytree': 0.6000000000000001, 'gamma': 0.6000000000000001}. Best is trial 411 with value: 0.5062317940416567.
[I 2023-10-13 14:36:34,972] Trial 417 finished with value: 0.5005182849236174 and parameters: {'w0': 0.588, 'w1': 0.848, 'w2': 0.304, 'w3': 0.5630000000000001, 'w4': 0.024, 'w5': 0.158, 'w6': 0.9470000000000001, 'w7': 0.331, 'w8': 0.874, 'max_depth': 5, 'min_child_weight': 8, 'subsample': 0.6000000000000001, 'colsample_bytree': 0.6000000000000001, 'gamma': 0.6000000000000001}. Best is trial 411 with value: 0.5062317940416567.
[I 2023-10-13 14:37:12,490] Trial 418 finished with value: 0.5015847885621434 and parameters: {'w0': 0.503, 'w1': 0.8250000000000001, 'w2': 0.298, 'w3': 0.5640000000000001, 'w4': 0.026000000000000002, 'w5': 0.159, 'w6': 0.9460000000000001, 'w7': 0.339, 'w8': 0.872, 'max_depth': 5, 'min_child_weight': 8, 'subsample': 0.6000000000000001, 'colsample_bytree': 0.6000000000000001, 'gamma': 0.6000000000000001}. Best is trial 411 with value: 0.5062317940416567.
[I 2023-10-13 14:38:18,017] Trial 419 finished with value: 0.4976950028403358 and parameters: {'w0': 0.505, 'w1': 0.85, 'w2': 0.262, 'w3': 0.581, 'w4': 0.20400000000000001, 'w5': 0.154, 'w6': 0.9430000000000001, 'w7': 0.337, 'w8': 0.873, 'max_depth': 5, 'min_child_weight': 8, 'subsample': 0.6000000000000001, 'colsample_bytree': 0.6000000000000001, 'gamma': 0.6000000000000001}. Best is trial 411 with value: 0.5062317940416567.
[I 2023-10-13 14:39:50,671] Trial 423 finished with value: 0.4938158129003249 and parameters: {'w0': 0.505, 'w1': 0.8290000000000001, 'w2': 0.29, 'w3': 0.578, 'w4': 0.057, 'w5': 0.20700000000000002, 'w6': 0.9410000000000001, 'w7': 0.342, 'w8': 0.874, 'max_depth': 4, 'min_child_weight': 8, 'subsample': 0.6000000000000001, 'colsample_bytree': 0.6000000000000001, 'gamma': 0.2}. Best is trial 411 with value: 0.5062317940416567.
[I 2023-10-13 14:39:51,805] Trial 421 finished with value: 0.5019380247201652 and parameters: {'w0': 0.506, 'w1': 0.85, 'w2': 0.298, 'w3': 0.5770000000000001, 'w4': 0.055, 'w5': 0.158, 'w6': 0.9400000000000001, 'w7': 0.332, 'w8': 0.868, 'max_depth': 6, 'min_child_weight': 8, 'subsample': 0.6000000000000001, 'colsample_bytree': 0.6000000000000001, 'gamma': 1.2000000000000002}. Best is trial 411 with value: 0.5062317940416567.
[I 2023-10-13 14:40:42,125] Trial 420 finished with value: 0.5012049535459917 and parameters: {'w0': 0.506, 'w1': 0.8230000000000001, 'w2': 0.253, 'w3': 0.578, 'w4': 0.058, 'w5': 0.163, 'w6': 0.9440000000000001, 'w7': 0.333, 'w8': 0.874, 'max_depth': 6, 'min_child_weight': 8, 'subsample': 0.6000000000000001, 'colsample_bytree': 0.6000000000000001, 'gamma': 0.6000000000000001}. Best is trial 411 with value: 0.5062317940416567.
[I 2023-10-13 14:40:52,303] Trial 422 finished with value: 0.5010718668006464 and parameters: {'w0': 0.505, 'w1': 0.844, 'w2': 0.28700000000000003, 'w3': 0.5740000000000001, 'w4': 0.018000000000000002, 'w5': 0.202, 'w6': 0.9470000000000001, 'w7': 0.334, 'w8': 0.873, 'max_depth': 6, 'min_child_weight': 8, 'subsample': 0.6000000000000001, 'colsample_bytree': 0.6000000000000001, 'gamma': 0.6000000000000001}. Best is trial 411 with value: 0.5062317940416567.
[I 2023-10-13 14:44:01,485] Trial 424 finished with value: 0.497989462848191 and parameters: {'w0': 0.496, 'w1': 0.848, 'w2': 0.258, 'w3': 0.5670000000000001, 'w4': 0.063, 'w5': 0.198, 'w6': 0.9480000000000001, 'w7': 0.336, 'w8': 0.867, 'max_depth': 5, 'min_child_weight': 6, 'subsample': 0.6000000000000001, 'colsample_bytree': 0.6000000000000001, 'gamma': 0.6000000000000001}. Best is trial 411 with value: 0.5062317940416567.
[I 2023-10-13 14:44:23,755] Trial 425 finished with value: 0.5016042115859636 and parameters: {'w0': 0.503, 'w1': 0.844, 'w2': 0.297, 'w3': 0.603, 'w4': 0.058, 'w5': 0.196, 'w6': 0.9460000000000001, 'w7': 0.335, 'w8': 0.878, 'max_depth': 5, 'min_child_weight': 6, 'subsample': 0.6000000000000001, 'colsample_bytree': 0.6000000000000001, 'gamma': 0.2}. Best is trial 411 with value: 0.5062317940416567.
[I 2023-10-13 14:44:48,856] Trial 426 finished with value: 0.5019842669184799 and parameters: {'w0': 0.502, 'w1': 0.8140000000000001, 'w2': 0.293, 'w3': 0.5760000000000001, 'w4': 0.057, 'w5': 0.197, 'w6': 0.9380000000000001, 'w7': 0.329, 'w8': 0.868, 'max_depth': 5, 'min_child_weight': 6, 'subsample': 0.6000000000000001, 'colsample_bytree': 0.6000000000000001, 'gamma': 0.2}. Best is trial 411 with value: 0.5062317940416567.
[I 2023-10-13 14:49:01,493] Trial 428 finished with value: 0.4633631361347326 and parameters: {'w0': 0.51, 'w1': 0.8260000000000001, 'w2': 0.28800000000000003, 'w3': 0.579, 'w4': 0.054, 'w5': 0.203, 'w6': 0.013000000000000001, 'w7': 0.333, 'w8': 0.867, 'max_depth': 5, 'min_child_weight': 6, 'subsample': 0.6000000000000001, 'colsample_bytree': 0.6000000000000001, 'gamma': 0.2}. Best is trial 411 with value: 0.5062317940416567.
[I 2023-10-13 14:49:04,061] Trial 427 finished with value: 0.5014112570690684 and parameters: {'w0': 0.506, 'w1': 0.8200000000000001, 'w2': 0.29, 'w3': 0.5740000000000001, 'w4': 0.060000000000000005, 'w5': 0.20400000000000001, 'w6': 0.9440000000000001, 'w7': 0.333, 'w8': 0.874, 'max_depth': 5, 'min_child_weight': 6, 'subsample': 0.6000000000000001, 'colsample_bytree': 0.6000000000000001, 'gamma': 0.2}. Best is trial 411 with value: 0.5062317940416567.
[I 2023-10-13 14:50:32,811] Trial 431 finished with value: 0.493240046527282 and parameters: {'w0': 0.586, 'w1': 0.8200000000000001, 'w2': 0.293, 'w3': 0.583, 'w4': 0.061, 'w5': 0.197, 'w6': 0.9380000000000001, 'w7': 0.329, 'w8': 0.877, 'max_depth': 4, 'min_child_weight': 6, 'subsample': 0.6000000000000001, 'colsample_bytree': 0.6000000000000001, 'gamma': 0.2}. Best is trial 411 with value: 0.5062317940416567.
[I 2023-10-13 14:50:44,150] Trial 429 finished with value: 0.4988472610574094 and parameters: {'w0': 0.586, 'w1': 0.8290000000000001, 'w2': 0.298, 'w3': 0.584, 'w4': 0.055, 'w5': 0.20600000000000002, 'w6': 0.9450000000000001, 'w7': 0.338, 'w8': 0.875, 'max_depth': 5, 'min_child_weight': 6, 'subsample': 0.6000000000000001, 'colsample_bytree': 0.6000000000000001, 'gamma': 0.2}. Best is trial 411 with value: 0.5062317940416567.
[I 2023-10-13 14:51:17,214] Trial 433 finished with value: 0.4941433653897975 and parameters: {'w0': 0.584, 'w1': 0.8, 'w2': 0.292, 'w3': 0.589, 'w4': 0.055, 'w5': 0.214, 'w6': 0.937, 'w7': 0.336, 'w8': 0.861, 'max_depth': 4, 'min_child_weight': 6, 'subsample': 0.6000000000000001, 'colsample_bytree': 0.6000000000000001, 'gamma': 0.2}. Best is trial 411 with value: 0.5062317940416567.
[I 2023-10-13 14:51:44,866] Trial 430 finished with value: 0.4970596641090974 and parameters: {'w0': 0.581, 'w1': 0.852, 'w2': 0.29, 'w3': 0.608, 'w4': 0.049, 'w5': 0.21, 'w6': 0.9440000000000001, 'w7': 0.337, 'w8': 0.878, 'max_depth': 5, 'min_child_weight': 6, 'subsample': 0.6000000000000001, 'colsample_bytree': 0.6000000000000001, 'gamma': 0.4}. Best is trial 411 with value: 0.5062317940416567.
[I 2023-10-13 14:52:19,192] Trial 432 finished with value: 0.4986584861641565 and parameters: {'w0': 0.586, 'w1': 0.8200000000000001, 'w2': 0.31, 'w3': 0.606, 'w4': 0.05, 'w5': 0.196, 'w6': 0.935, 'w7': 0.341, 'w8': 0.866, 'max_depth': 5, 'min_child_weight': 6, 'subsample': 0.6000000000000001, 'colsample_bytree': 0.6000000000000001, 'gamma': 0.4}. Best is trial 411 with value: 0.5062317940416567.
[I 2023-10-13 14:52:50,321] Trial 435 finished with value: 0.49423943227063977 and parameters: {'w0': 0.584, 'w1': 0.8150000000000001, 'w2': 0.374, 'w3': 0.5770000000000001, 'w4': 0.058, 'w5': 0.20400000000000001, 'w6': 0.934, 'w7': 0.331, 'w8': 0.891, 'max_depth': 4, 'min_child_weight': 6, 'subsample': 0.7, 'colsample_bytree': 0.6000000000000001, 'gamma': 0.2}. Best is trial 411 with value: 0.5062317940416567.
[I 2023-10-13 14:53:58,105] Trial 434 finished with value: 0.49788949438895563 and parameters: {'w0': 0.583, 'w1': 0.8280000000000001, 'w2': 0.31, 'w3': 0.532, 'w4': 0.063, 'w5': 0.197, 'w6': 0.931, 'w7': 0.333, 'w8': 0.858, 'max_depth': 5, 'min_child_weight': 6, 'subsample': 0.7, 'colsample_bytree': 0.6000000000000001, 'gamma': 0.2}. Best is trial 411 with value: 0.5062317940416567.
[I 2023-10-13 14:56:13,013] Trial 436 finished with value: 0.49919130950773594 and parameters: {'w0': 0.584, 'w1': 0.8130000000000001, 'w2': 0.297, 'w3': 0.61, 'w4': 0.052000000000000005, 'w5': 0.196, 'w6': 0.924, 'w7': 0.334, 'w8': 0.858, 'max_depth': 5, 'min_child_weight': 6, 'subsample': 0.7, 'colsample_bytree': 0.6000000000000001, 'gamma': 0.6000000000000001}. Best is trial 411 with value: 0.5062317940416567.
[I 2023-10-13 14:56:36,596] Trial 437 finished with value: 0.4971122107554118 and parameters: {'w0': 0.59, 'w1': 0.8220000000000001, 'w2': 0.297, 'w3': 0.591, 'w4': 0.062, 'w5': 0.195, 'w6': 0.919, 'w7': 0.335, 'w8': 0.893, 'max_depth': 5, 'min_child_weight': 6, 'subsample': 0.7, 'colsample_bytree': 0.6000000000000001, 'gamma': 0.4}. Best is trial 411 with value: 0.5062317940416567.
[I 2023-10-13 14:57:11,304] Trial 438 finished with value: 0.4964114203864378 and parameters: {'w0': 0.582, 'w1': 0.811, 'w2': 0.293, 'w3': 0.604, 'w4': 0.060000000000000005, 'w5': 0.775, 'w6': 0.924, 'w7': 0.281, 'w8': 0.895, 'max_depth': 5, 'min_child_weight': 6, 'subsample': 0.7, 'colsample_bytree': 0.6000000000000001, 'gamma': 0.4}. Best is trial 411 with value: 0.5062317940416567.
[I 2023-10-13 14:57:17,415] Trial 439 finished with value: 0.4983424402544407 and parameters: {'w0': 0.587, 'w1': 0.795, 'w2': 0.299, 'w3': 0.53, 'w4': 0.054, 'w5': 0.19, 'w6': 0.92, 'w7': 0.34400000000000003, 'w8': 0.892, 'max_depth': 5, 'min_child_weight': 6, 'subsample': 0.7, 'colsample_bytree': 0.6000000000000001, 'gamma': 0.4}. Best is trial 411 with value: 0.5062317940416567.
[I 2023-10-13 15:00:34,124] Trial 440 finished with value: 0.49972398416456343 and parameters: {'w0': 0.556, 'w1': 0.8210000000000001, 'w2': 0.303, 'w3': 0.611, 'w4': 0.092, 'w5': 0.127, 'w6': 0.919, 'w7': 0.35000000000000003, 'w8': 0.9, 'max_depth': 5, 'min_child_weight': 6, 'subsample': 0.7, 'colsample_bytree': 0.6000000000000001, 'gamma': 0.2}. Best is trial 411 with value: 0.5062317940416567.
[I 2023-10-13 15:00:45,252] Trial 441 finished with value: 0.5029890779425042 and parameters: {'w0': 0.554, 'w1': 0.859, 'w2': 0.373, 'w3': 0.614, 'w4': 0.097, 'w5': 0.128, 'w6': 0.922, 'w7': 0.34800000000000003, 'w8': 0.888, 'max_depth': 5, 'min_child_weight': 6, 'subsample': 0.7, 'colsample_bytree': 0.6000000000000001, 'gamma': 0.2}. Best is trial 411 with value: 0.5062317940416567.
[I 2023-10-13 15:03:11,530] Trial 442 finished with value: 0.5041445372628701 and parameters: {'w0': 0.552, 'w1': 0.807, 'w2': 0.37, 'w3': 0.527, 'w4': 0.093, 'w5': 0.126, 'w6': 0.916, 'w7': 0.28600000000000003, 'w8': 0.9, 'max_depth': 6, 'min_child_weight': 6, 'subsample': 0.7, 'colsample_bytree': 0.6000000000000001, 'gamma': 0.2}. Best is trial 411 with value: 0.5062317940416567.
[I 2023-10-13 15:04:54,462] Trial 444 finished with value: 0.49673093230601695 and parameters: {'w0': 0.596, 'w1': 0.338, 'w2': 0.367, 'w3': 0.534, 'w4': 0.015, 'w5': 0.124, 'w6': 0.929, 'w7': 0.34900000000000003, 'w8': 0.895, 'max_depth': 5, 'min_child_weight': 6, 'subsample': 0.7, 'colsample_bytree': 0.6000000000000001, 'gamma': 0.4}. Best is trial 411 with value: 0.5062317940416567.
[I 2023-10-13 15:05:50,902] Trial 443 finished with value: 0.5010207456320803 and parameters: {'w0': 0.551, 'w1': 0.869, 'w2': 0.374, 'w3': 0.524, 'w4': 0.21, 'w5': 0.125, 'w6': 0.911, 'w7': 0.281, 'w8': 0.904, 'max_depth': 5, 'min_child_weight': 6, 'subsample': 0.7, 'colsample_bytree': 0.6000000000000001, 'gamma': 0.2}. Best is trial 411 with value: 0.5062317940416567.
[I 2023-10-13 15:06:48,299] Trial 449 finished with value: 0.49779645122099725 and parameters: {'w0': 0.55, 'w1': 0.37, 'w2': 0.371, 'w3': 0.526, 'w4': 0.1, 'w5': 0.129, 'w6': 0.916, 'w7': 0.277, 'w8': 0.9, 'max_depth': 5, 'min_child_weight': 6, 'subsample': 0.7, 'colsample_bytree': 0.6000000000000001, 'gamma': 1.2000000000000002}. Best is trial 411 with value: 0.5062317940416567.
[I 2023-10-13 15:07:02,704] Trial 445 finished with value: 0.5041149762874038 and parameters: {'w0': 0.47500000000000003, 'w1': 0.865, 'w2': 0.374, 'w3': 0.615, 'w4': 0.082, 'w5': 0.126, 'w6': 0.919, 'w7': 0.28500000000000003, 'w8': 0.85, 'max_depth': 5, 'min_child_weight': 6, 'subsample': 0.7, 'colsample_bytree': 0.6000000000000001, 'gamma': 0.4}. Best is trial 411 with value: 0.5062317940416567.
[I 2023-10-13 15:07:10,502] Trial 446 finished with value: 0.5029863708880515 and parameters: {'w0': 0.556, 'w1': 0.874, 'w2': 0.371, 'w3': 0.613, 'w4': 0.212, 'w5': 0.128, 'w6': 0.918, 'w7': 0.35200000000000004, 'w8': 0.896, 'max_depth': 5, 'min_child_weight': 6, 'subsample': 0.7, 'colsample_bytree': 0.6000000000000001, 'gamma': 0.8}. Best is trial 411 with value: 0.5062317940416567.
[I 2023-10-13 15:07:47,280] Trial 447 finished with value: 0.50289028174759 and parameters: {'w0': 0.547, 'w1': 0.868, 'w2': 0.34600000000000003, 'w3': 0.531, 'w4': 0.244, 'w5': 0.125, 'w6': 0.912, 'w7': 0.354, 'w8': 0.899, 'max_depth': 5, 'min_child_weight': 6, 'subsample': 0.7, 'colsample_bytree': 0.6000000000000001, 'gamma': 0.4}. Best is trial 411 with value: 0.5062317940416567.
