[I 2023-10-12 08:36:26,589] Trial 375 finished with value: 0.5916784558530319 and parameters: {'w0': 0.516, 'w1': 0.996, 'w2': 0.496, 'w3': 0.897, 'w4': 0.987, 'w5': 0.136, 'w6': 0.906, 'w7': 0.448, 'w8': 0.976, 'max_depth': 8, 'min_child_weight': 2, 'subsample': 0.9000000000000001, 'colsample_bytree': 1.0, 'gamma': 2.0}. Best is trial 374 with value: 0.5972984243800201.
[I 2023-10-12 08:36:42,674] Trial 378 finished with value: 0.588760439124075 and parameters: {'w0': 0.436, 'w1': 0.994, 'w2': 0.491, 'w3': 0.979, 'w4': 0.995, 'w5': 0.101, 'w6': 0.916, 'w7': 0.446, 'w8': 0.979, 'max_depth': 7, 'min_child_weight': 2, 'subsample': 0.9000000000000001, 'colsample_bytree': 1.0, 'gamma': 2.2}. Best is trial 374 with value: 0.5972984243800201.
[I 2023-10-12 08:37:26,109] Trial 379 finished with value: 0.593644085757023 and parameters: {'w0': 0.509, 'w1': 0.996, 'w2': 0.486, 'w3': 0.898, 'w4': 0.995, 'w5': 0.111, 'w6': 0.905, 'w7': 0.447, 'w8': 0.976, 'max_depth': 8, 'min_child_weight': 2, 'subsample': 0.9000000000000001, 'colsample_bytree': 1.0, 'gamma': 2.2}. Best is trial 374 with value: 0.5972984243800201.
[I 2023-10-12 08:38:09,635] Trial 381 finished with value: 0.5829755067701023 and parameters: {'w0': 0.551, 'w1': 0.977, 'w2': 0.485, 'w3': 0.587, 'w4': 0.902, 'w5': 0.13, 'w6': 0.912, 'w7': 0.449, 'w8': 0.41100000000000003, 'max_depth': 7, 'min_child_weight': 4, 'subsample': 0.9000000000000001, 'colsample_bytree': 0.8, 'gamma': 2.2}. Best is trial 374 with value: 0.5972984243800201.
[I 2023-10-12 08:38:15,456] Trial 380 finished with value: 0.5900692688706969 and parameters: {'w0': 0.432, 'w1': 0.997, 'w2': 0.485, 'w3': 0.978, 'w4': 0.997, 'w5': 0.136, 'w6': 0.913, 'w7': 0.454, 'w8': 0.977, 'max_depth': 7, 'min_child_weight': 2, 'subsample': 0.9000000000000001, 'colsample_bytree': 0.9000000000000001, 'gamma': 2.2}. Best is trial 374 with value: 0.5972984243800201.
[I 2023-10-12 08:39:25,044] Trial 383 finished with value: 0.5963761258580005 and parameters: {'w0': 0.532, 'w1': 1.0, 'w2': 0.489, 'w3': 0.979, 'w4': 0.991, 'w5': 0.10400000000000001, 'w6': 0.915, 'w7': 0.452, 'w8': 0.978, 'max_depth': 7, 'min_child_weight': 4, 'subsample': 0.9000000000000001, 'colsample_bytree': 0.9000000000000001, 'gamma': 2.2}. Best is trial 374 with value: 0.5972984243800201.
[I 2023-10-12 08:39:33,147] Trial 382 finished with value: 0.5884910816346498 and parameters: {'w0': 0.517, 'w1': 0.998, 'w2': 0.487, 'w3': 0.98, 'w4': 0.999, 'w5': 0.10400000000000001, 'w6': 0.892, 'w7': 0.455, 'w8': 0.932, 'max_depth': 7, 'min_child_weight': 4, 'subsample': 0.9000000000000001, 'colsample_bytree': 0.9000000000000001, 'gamma': 2.2}. Best is trial 374 with value: 0.5972984243800201.
[I 2023-10-12 08:39:54,416] Trial 384 finished with value: 0.5950007590013794 and parameters: {'w0': 0.511, 'w1': 0.994, 'w2': 0.481, 'w3': 0.612, 'w4': 0.989, 'w5': 0.132, 'w6': 0.913, 'w7': 0.446, 'w8': 0.975, 'max_depth': 8, 'min_child_weight': 4, 'subsample': 0.9000000000000001, 'colsample_bytree': 0.9000000000000001, 'gamma': 2.2}. Best is trial 374 with value: 0.5972984243800201.
[I 2023-10-12 08:43:03,328] Trial 386 finished with value: 0.5924498701440917 and parameters: {'w0': 0.513, 'w1': 0.918, 'w2': 0.481, 'w3': 0.988, 'w4': 0.989, 'w5': 0.11900000000000001, 'w6': 0.898, 'w7': 0.446, 'w8': 0.978, 'max_depth': 7, 'min_child_weight': 4, 'subsample': 0.9000000000000001, 'colsample_bytree': 0.9000000000000001, 'gamma': 2.4000000000000004}. Best is trial 374 with value: 0.5972984243800201.
[I 2023-10-12 08:43:09,348] Trial 385 finished with value: 0.5933162503368797 and parameters: {'w0': 0.47300000000000003, 'w1': 0.918, 'w2': 0.482, 'w3': 0.974, 'w4': 0.996, 'w5': 0.10400000000000001, 'w6': 0.918, 'w7': 0.443, 'w8': 0.979, 'max_depth': 7, 'min_child_weight': 4, 'subsample': 0.9000000000000001, 'colsample_bytree': 1.0, 'gamma': 2.2}. Best is trial 374 with value: 0.5972984243800201.
[I 2023-10-12 08:44:06,441] Trial 387 finished with value: 0.5969465476109355 and parameters: {'w0': 0.518, 'w1': 0.993, 'w2': 0.47700000000000004, 'w3': 0.629, 'w4': 0.995, 'w5': 0.10200000000000001, 'w6': 0.909, 'w7': 0.448, 'w8': 0.981, 'max_depth': 7, 'min_child_weight': 4, 'subsample': 0.9000000000000001, 'colsample_bytree': 0.9000000000000001, 'gamma': 2.4000000000000004}. Best is trial 374 with value: 0.5972984243800201.
[I 2023-10-12 08:44:53,943] Trial 388 finished with value: 0.5897254317433158 and parameters: {'w0': 0.514, 'w1': 0.984, 'w2': 0.47400000000000003, 'w3': 0.553, 'w4': 0.989, 'w5': 0.111, 'w6': 0.913, 'w7': 0.449, 'w8': 0.894, 'max_depth': 7, 'min_child_weight': 4, 'subsample': 0.9000000000000001, 'colsample_bytree': 0.9000000000000001, 'gamma': 2.4000000000000004}. Best is trial 374 with value: 0.5972984243800201.
[I 2023-10-12 08:45:58,754] Trial 389 finished with value: 0.589651446990834 and parameters: {'w0': 0.514, 'w1': 1.0, 'w2': 0.424, 'w3': 0.979, 'w4': 0.998, 'w5': 0.106, 'w6': 0.917, 'w7': 0.448, 'w8': 0.895, 'max_depth': 8, 'min_child_weight': 4, 'subsample': 0.9000000000000001, 'colsample_bytree': 0.9000000000000001, 'gamma': 2.2}. Best is trial 374 with value: 0.5972984243800201.
[I 2023-10-12 08:47:06,131] Trial 390 finished with value: 0.5932887808625401 and parameters: {'w0': 0.551, 'w1': 0.994, 'w2': 0.482, 'w3': 0.514, 'w4': 0.999, 'w5': 0.10300000000000001, 'w6': 0.915, 'w7': 0.453, 'w8': 0.892, 'max_depth': 7, 'min_child_weight': 4, 'subsample': 0.9000000000000001, 'colsample_bytree': 0.9000000000000001, 'gamma': 2.4000000000000004}. Best is trial 374 with value: 0.5972984243800201.
[I 2023-10-12 08:47:08,935] Trial 391 finished with value: 0.5433183775297536 and parameters: {'w0': 0.508, 'w1': 1.0, 'w2': 0.483, 'w3': 0.594, 'w4': 0.997, 'w5': 0.112, 'w6': 0.917, 'w7': 0.441, 'w8': 0.022000000000000002, 'max_depth': 7, 'min_child_weight': 4, 'subsample': 0.9000000000000001, 'colsample_bytree': 0.9000000000000001, 'gamma': 2.4000000000000004}. Best is trial 374 with value: 0.5972984243800201.
[I 2023-10-12 08:48:13,088] Trial 392 finished with value: 0.594755823111838 and parameters: {'w0': 0.517, 'w1': 0.995, 'w2': 0.422, 'w3': 0.5700000000000001, 'w4': 0.997, 'w5': 0.101, 'w6': 0.92, 'w7': 0.446, 'w8': 0.897, 'max_depth': 7, 'min_child_weight': 4, 'subsample': 0.9000000000000001, 'colsample_bytree': 0.9000000000000001, 'gamma': 2.4000000000000004}. Best is trial 374 with value: 0.5972984243800201.
[I 2023-10-12 08:48:29,873] Trial 393 finished with value: 0.5903608936602153 and parameters: {'w0': 0.525, 'w1': 0.996, 'w2': 0.429, 'w3': 0.608, 'w4': 0.996, 'w5': 0.108, 'w6': 0.922, 'w7': 0.441, 'w8': 0.933, 'max_depth': 8, 'min_child_weight': 2, 'subsample': 0.9000000000000001, 'colsample_bytree': 0.9000000000000001, 'gamma': 2.4000000000000004}. Best is trial 374 with value: 0.5972984243800201.
[I 2023-10-12 08:49:00,120] Trial 394 finished with value: 0.5905237047979436 and parameters: {'w0': 0.52, 'w1': 0.996, 'w2': 0.425, 'w3': 0.893, 'w4': 1.0, 'w5': 0.115, 'w6': 0.906, 'w7': 0.446, 'w8': 0.931, 'max_depth': 8, 'min_child_weight': 2, 'subsample': 0.9000000000000001, 'colsample_bytree': 0.9000000000000001, 'gamma': 2.4000000000000004}. Best is trial 374 with value: 0.5972984243800201.
[I 2023-10-12 08:49:33,149] Trial 395 finished with value: 0.5950375802035925 and parameters: {'w0': 0.521, 'w1': 0.997, 'w2': 0.432, 'w3': 0.629, 'w4': 0.998, 'w5': 0.1, 'w6': 0.921, 'w7': 0.41500000000000004, 'w8': 0.934, 'max_depth': 8, 'min_child_weight': 4, 'subsample': 0.9000000000000001, 'colsample_bytree': 0.9000000000000001, 'gamma': 2.4000000000000004}. Best is trial 374 with value: 0.5972984243800201.
[I 2023-10-12 08:50:21,691] Trial 397 finished with value: 0.5925335288261845 and parameters: {'w0': 0.513, 'w1': 0.982, 'w2': 0.47300000000000003, 'w3': 0.621, 'w4': 0.987, 'w5': 0.109, 'w6': 0.916, 'w7': 0.41100000000000003, 'w8': 0.895, 'max_depth': 8, 'min_child_weight': 2, 'subsample': 0.9000000000000001, 'colsample_bytree': 0.9000000000000001, 'gamma': 2.4000000000000004}. Best is trial 374 with value: 0.5972984243800201.
[I 2023-10-12 08:50:28,073] Trial 396 finished with value: 0.5845931812900103 and parameters: {'w0': 0.555, 'w1': 0.997, 'w2': 0.47400000000000003, 'w3': 0.862, 'w4': 0.997, 'w5': 0.114, 'w6': 0.468, 'w7': 0.442, 'w8': 0.894, 'max_depth': 8, 'min_child_weight': 2, 'subsample': 0.9000000000000001, 'colsample_bytree': 0.9000000000000001, 'gamma': 2.4000000000000004}. Best is trial 374 with value: 0.5972984243800201.
[I 2023-10-12 08:51:07,424] Trial 398 finished with value: 0.5921264560224332 and parameters: {'w0': 0.522, 'w1': 0.98, 'w2': 0.424, 'w3': 0.591, 'w4': 0.995, 'w5': 0.04, 'w6': 0.924, 'w7': 0.41200000000000003, 'w8': 0.925, 'max_depth': 8, 'min_child_weight': 4, 'subsample': 0.9000000000000001, 'colsample_bytree': 0.9000000000000001, 'gamma': 2.4000000000000004}. Best is trial 374 with value: 0.5972984243800201.
[I 2023-10-12 08:51:23,127] Trial 399 finished with value: 0.594783652349302 and parameters: {'w0': 0.552, 'w1': 0.978, 'w2': 0.419, 'w3': 0.604, 'w4': 0.998, 'w5': 0.1, 'w6': 0.922, 'w7': 0.447, 'w8': 0.934, 'max_depth': 7, 'min_child_weight': 4, 'subsample': 0.9000000000000001, 'colsample_bytree': 0.9000000000000001, 'gamma': 2.4000000000000004}. Best is trial 374 with value: 0.5972984243800201.
[I 2023-10-12 08:51:56,240] Trial 400 finished with value: 0.5911132342770032 and parameters: {'w0': 0.555, 'w1': 0.978, 'w2': 0.47500000000000003, 'w3': 0.628, 'w4': 0.998, 'w5': 0.1, 'w6': 0.915, 'w7': 0.41000000000000003, 'w8': 0.978, 'max_depth': 8, 'min_child_weight': 4, 'subsample': 0.9000000000000001, 'colsample_bytree': 0.9000000000000001, 'gamma': 2.4000000000000004}. Best is trial 374 with value: 0.5972984243800201.
[I 2023-10-12 08:54:26,369] Trial 403 finished with value: 0.5863676540638595 and parameters: {'w0': 0.543, 'w1': 0.981, 'w2': 0.439, 'w3': 0.625, 'w4': 0.995, 'w5': 0.10300000000000001, 'w6': 0.925, 'w7': 0.41100000000000003, 'w8': 0.981, 'max_depth': 8, 'min_child_weight': 4, 'subsample': 1.0, 'colsample_bytree': 0.9000000000000001, 'gamma': 2.4000000000000004}. Best is trial 374 with value: 0.5972984243800201.
[I 2023-10-12 08:54:56,677] Trial 402 finished with value: 0.5448017107491182 and parameters: {'w0': 0.555, 'w1': 0.982, 'w2': 0.423, 'w3': 0.654, 'w4': 0.994, 'w5': 0.097, 'w6': 0.925, 'w7': 0.40800000000000003, 'w8': 0.013000000000000001, 'max_depth': 8, 'min_child_weight': 4, 'subsample': 0.9000000000000001, 'colsample_bytree': 0.9000000000000001, 'gamma': 2.4000000000000004}. Best is trial 374 with value: 0.5972984243800201.
[I 2023-10-12 08:55:21,778] Trial 404 finished with value: 0.5881602791042794 and parameters: {'w0': 0.542, 'w1': 0.976, 'w2': 0.423, 'w3': 0.441, 'w4': 0.999, 'w5': 0.054, 'w6': 0.922, 'w7': 0.418, 'w8': 0.977, 'max_depth': 8, 'min_child_weight': 4, 'subsample': 1.0, 'colsample_bytree': 0.9000000000000001, 'gamma': 2.4000000000000004}. Best is trial 374 with value: 0.5972984243800201.
[I 2023-10-12 08:55:52,807] Trial 401 finished with value: 0.5937987662312706 and parameters: {'w0': 0.538, 'w1': 0.982, 'w2': 0.495, 'w3': 0.633, 'w4': 1.0, 'w5': 0.097, 'w6': 0.918, 'w7': 0.40700000000000003, 'w8': 0.979, 'max_depth': 8, 'min_child_weight': 2, 'subsample': 0.9000000000000001, 'colsample_bytree': 0.9000000000000001, 'gamma': 2.4000000000000004}. Best is trial 374 with value: 0.5972984243800201.
[I 2023-10-12 08:56:44,851] Trial 406 finished with value: 0.5715233198188281 and parameters: {'w0': 0.543, 'w1': 0.976, 'w2': 0.435, 'w3': 0.627, 'w4': 0.994, 'w5': 0.045, 'w6': 0.919, 'w7': 0.40800000000000003, 'w8': 0.926, 'max_depth': 8, 'min_child_weight': 4, 'subsample': 1.0, 'colsample_bytree': 0.9000000000000001, 'gamma': 8.0}. Best is trial 374 with value: 0.5972984243800201.
[I 2023-10-12 08:56:58,651] Trial 405 finished with value: 0.5895773970448412 and parameters: {'w0': 0.561, 'w1': 0.975, 'w2': 0.424, 'w3': 0.509, 'w4': 0.994, 'w5': 0.096, 'w6': 0.928, 'w7': 0.404, 'w8': 0.976, 'max_depth': 8, 'min_child_weight': 4, 'subsample': 1.0, 'colsample_bytree': 0.9000000000000001, 'gamma': 2.4000000000000004}. Best is trial 374 with value: 0.5972984243800201.
[I 2023-10-12 08:58:49,216] Trial 408 finished with value: 0.5848372971114497 and parameters: {'w0': 0.5770000000000001, 'w1': 0.973, 'w2': 0.433, 'w3': 0.615, 'w4': 0.993, 'w5': 0.051000000000000004, 'w6': 0.928, 'w7': 0.419, 'w8': 0.934, 'max_depth': 8, 'min_child_weight': 6, 'subsample': 1.0, 'colsample_bytree': 0.9000000000000001, 'gamma': 2.8000000000000003}. Best is trial 374 with value: 0.5972984243800201.
[I 2023-10-12 08:59:16,733] Trial 407 finished with value: 0.5951991472137508 and parameters: {'w0': 0.5670000000000001, 'w1': 0.978, 'w2': 0.427, 'w3': 0.649, 'w4': 0.999, 'w5': 0.092, 'w6': 0.924, 'w7': 0.41200000000000003, 'w8': 0.928, 'max_depth': 8, 'min_child_weight': 4, 'subsample': 0.9000000000000001, 'colsample_bytree': 0.9000000000000001, 'gamma': 2.8000000000000003}. Best is trial 374 with value: 0.5972984243800201.
[I 2023-10-12 08:59:55,224] Trial 410 finished with value: 0.5868800577048549 and parameters: {'w0': 0.557, 'w1': 0.977, 'w2': 0.397, 'w3': 0.548, 'w4': 1.0, 'w5': 0.093, 'w6': 0.929, 'w7': 0.40700000000000003, 'w8': 0.887, 'max_depth': 8, 'min_child_weight': 4, 'subsample': 1.0, 'colsample_bytree': 0.9000000000000001, 'gamma': 2.4000000000000004}. Best is trial 374 with value: 0.5972984243800201.
[I 2023-10-12 09:00:56,840] Trial 409 finished with value: 0.5925297976586815 and parameters: {'w0': 0.537, 'w1': 0.978, 'w2': 0.427, 'w3': 0.635, 'w4': 1.0, 'w5': 0.094, 'w6': 0.921, 'w7': 0.405, 'w8': 0.924, 'max_depth': 7, 'min_child_weight': 4, 'subsample': 0.9000000000000001, 'colsample_bytree': 0.9000000000000001, 'gamma': 2.4000000000000004}. Best is trial 374 with value: 0.5972984243800201.
[I 2023-10-12 09:01:01,695] Trial 412 finished with value: 0.5883725097785291 and parameters: {'w0': 0.558, 'w1': 0.979, 'w2': 0.47100000000000003, 'w3': 0.626, 'w4': 1.0, 'w5': 0.09, 'w6': 0.931, 'w7': 0.41400000000000003, 'w8': 0.927, 'max_depth': 8, 'min_child_weight': 4, 'subsample': 1.0, 'colsample_bytree': 0.9000000000000001, 'gamma': 2.8000000000000003}. Best is trial 374 with value: 0.5972984243800201.
[I 2023-10-12 09:01:02,705] Trial 413 finished with value: 0.5846827802571561 and parameters: {'w0': 0.5740000000000001, 'w1': 0.978, 'w2': 0.398, 'w3': 0.621, 'w4': 0.997, 'w5': 0.046, 'w6': 0.937, 'w7': 0.403, 'w8': 0.978, 'max_depth': 8, 'min_child_weight': 4, 'subsample': 1.0, 'colsample_bytree': 0.9000000000000001, 'gamma': 2.8000000000000003}. Best is trial 374 with value: 0.5972984243800201.
[I 2023-10-12 09:01:17,387] Trial 411 finished with value: 0.584479885131223 and parameters: {'w0': 0.5630000000000001, 'w1': 0.976, 'w2': 0.42, 'w3': 0.621, 'w4': 0.98, 'w5': 0.041, 'w6': 0.468, 'w7': 0.426, 'w8': 0.925, 'max_depth': 8, 'min_child_weight': 4, 'subsample': 0.9000000000000001, 'colsample_bytree': 0.9000000000000001, 'gamma': 2.8000000000000003}. Best is trial 374 with value: 0.5972984243800201.
[I 2023-10-12 09:01:50,887] Trial 414 finished with value: 0.5850628316994916 and parameters: {'w0': 0.582, 'w1': 0.974, 'w2': 0.381, 'w3': 0.631, 'w4': 0.999, 'w5': 0.059000000000000004, 'w6': 0.932, 'w7': 0.395, 'w8': 0.927, 'max_depth': 8, 'min_child_weight': 4, 'subsample': 1.0, 'colsample_bytree': 0.9000000000000001, 'gamma': 2.8000000000000003}. Best is trial 374 with value: 0.5972984243800201.
[I 2023-10-12 09:01:56,327] Trial 415 finished with value: 0.5847688829557306 and parameters: {'w0': 0.581, 'w1': 0.979, 'w2': 0.381, 'w3': 0.632, 'w4': 1.0, 'w5': 0.057, 'w6': 0.933, 'w7': 0.418, 'w8': 0.925, 'max_depth': 8, 'min_child_weight': 4, 'subsample': 1.0, 'colsample_bytree': 0.9000000000000001, 'gamma': 3.0}. Best is trial 374 with value: 0.5972984243800201.
[I 2023-10-12 09:02:25,185] Trial 416 finished with value: 0.5860102563683934 and parameters: {'w0': 0.5730000000000001, 'w1': 0.977, 'w2': 0.418, 'w3': 0.644, 'w4': 1.0, 'w5': 0.093, 'w6': 0.929, 'w7': 0.40900000000000003, 'w8': 0.884, 'max_depth': 8, 'min_child_weight': 4, 'subsample': 1.0, 'colsample_bytree': 0.9000000000000001, 'gamma': 2.8000000000000003}. Best is trial 374 with value: 0.5972984243800201.
[I 2023-10-12 09:05:01,367] Trial 417 finished with value: 0.5830881907201387 and parameters: {'w0': 0.584, 'w1': 0.982, 'w2': 0.375, 'w3': 0.637, 'w4': 0.999, 'w5': 0.044000000000000004, 'w6': 0.93, 'w7': 0.404, 'w8': 0.888, 'max_depth': 8, 'min_child_weight': 6, 'subsample': 1.0, 'colsample_bytree': 0.9000000000000001, 'gamma': 2.8000000000000003}. Best is trial 374 with value: 0.5972984243800201.
[I 2023-10-12 09:05:23,754] Trial 418 finished with value: 0.5854995744213055 and parameters: {'w0': 0.588, 'w1': 0.978, 'w2': 0.4, 'w3': 0.5770000000000001, 'w4': 0.999, 'w5': 0.059000000000000004, 'w6': 0.933, 'w7': 0.403, 'w8': 0.926, 'max_depth': 8, 'min_child_weight': 6, 'subsample': 1.0, 'colsample_bytree': 0.9000000000000001, 'gamma': 2.8000000000000003}. Best is trial 374 with value: 0.5972984243800201.
[I 2023-10-12 09:07:12,924] Trial 419 finished with value: 0.5894081873372814 and parameters: {'w0': 0.582, 'w1': 0.981, 'w2': 0.406, 'w3': 0.554, 'w4': 0.975, 'w5': 0.039, 'w6': 0.934, 'w7': 0.403, 'w8': 0.927, 'max_depth': 9, 'min_child_weight': 6, 'subsample': 0.9000000000000001, 'colsample_bytree': 0.9000000000000001, 'gamma': 2.8000000000000003}. Best is trial 374 with value: 0.5972984243800201.
[I 2023-10-12 09:07:36,933] Trial 420 finished with value: 0.5919285694816895 and parameters: {'w0': 0.578, 'w1': 0.977, 'w2': 0.41600000000000004, 'w3': 0.5660000000000001, 'w4': 0.976, 'w5': 0.047, 'w6': 0.9390000000000001, 'w7': 0.391, 'w8': 0.927, 'max_depth': 9, 'min_child_weight': 6, 'subsample': 0.9000000000000001, 'colsample_bytree': 0.9000000000000001, 'gamma': 2.8000000000000003}. Best is trial 374 with value: 0.5972984243800201.
[I 2023-10-12 09:08:17,549] Trial 421 finished with value: 0.5900317461780626 and parameters: {'w0': 0.584, 'w1': 0.979, 'w2': 0.365, 'w3': 0.642, 'w4': 0.974, 'w5': 0.04, 'w6': 0.936, 'w7': 0.392, 'w8': 0.887, 'max_depth': 8, 'min_child_weight': 6, 'subsample': 0.9000000000000001, 'colsample_bytree': 0.9000000000000001, 'gamma': 2.8000000000000003}. Best is trial 374 with value: 0.5972984243800201.
[I 2023-10-12 09:08:28,804] Trial 422 finished with value: 0.5953366201359873 and parameters: {'w0': 0.534, 'w1': 0.973, 'w2': 0.395, 'w3': 0.5670000000000001, 'w4': 1.0, 'w5': 0.08700000000000001, 'w6': 0.9430000000000001, 'w7': 0.391, 'w8': 0.893, 'max_depth': 8, 'min_child_weight': 6, 'subsample': 0.9000000000000001, 'colsample_bytree': 0.9000000000000001, 'gamma': 2.8000000000000003}. Best is trial 374 with value: 0.5972984243800201.
[I 2023-10-12 09:10:21,025] Trial 423 finished with value: 0.5854588894483191 and parameters: {'w0': 0.587, 'w1': 0.977, 'w2': 0.369, 'w3': 0.5670000000000001, 'w4': 0.974, 'w5': 0.047, 'w6': 0.9520000000000001, 'w7': 0.391, 'w8': 0.891, 'max_depth': 8, 'min_child_weight': 4, 'subsample': 0.9000000000000001, 'colsample_bytree': 0.9000000000000001, 'gamma': 2.8000000000000003}. Best is trial 374 with value: 0.5972984243800201.
[I 2023-10-12 09:10:41,891] Trial 424 finished with value: 0.5957618171299245 and parameters: {'w0': 0.592, 'w1': 0.984, 'w2': 0.391, 'w3': 0.5670000000000001, 'w4': 0.973, 'w5': 0.079, 'w6': 0.9530000000000001, 'w7': 0.394, 'w8': 0.925, 'max_depth': 8, 'min_child_weight': 4, 'subsample': 0.9000000000000001, 'colsample_bytree': 0.9000000000000001, 'gamma': 2.8000000000000003}. Best is trial 374 with value: 0.5972984243800201.
[I 2023-10-12 09:11:23,884] Trial 425 finished with value: 0.5683810046392856 and parameters: {'w0': 0.601, 'w1': 1.0, 'w2': 0.377, 'w3': 0.5680000000000001, 'w4': 0.974, 'w5': 0.07100000000000001, 'w6': 0.9480000000000001, 'w7': 0.406, 'w8': 0.22, 'max_depth': 8, 'min_child_weight': 6, 'subsample': 0.9000000000000001, 'colsample_bytree': 0.9000000000000001, 'gamma': 2.6}. Best is trial 374 with value: 0.5972984243800201.
[I 2023-10-12 09:12:50,976] Trial 427 finished with value: 0.5921588203896573 and parameters: {'w0': 0.592, 'w1': 0.974, 'w2': 0.368, 'w3': 0.5770000000000001, 'w4': 0.972, 'w5': 0.046, 'w6': 0.9570000000000001, 'w7': 0.385, 'w8': 0.894, 'max_depth': 9, 'min_child_weight': 6, 'subsample': 0.9000000000000001, 'colsample_bytree': 0.9000000000000001, 'gamma': 2.8000000000000003}. Best is trial 374 with value: 0.5972984243800201.
[I 2023-10-12 09:12:51,033] Trial 426 finished with value: 0.5898056657718452 and parameters: {'w0': 0.5760000000000001, 'w1': 1.0, 'w2': 0.37, 'w3': 0.5750000000000001, 'w4': 0.975, 'w5': 0.036000000000000004, 'w6': 0.9490000000000001, 'w7': 0.384, 'w8': 0.92, 'max_depth': 9, 'min_child_weight': 6, 'subsample': 0.9000000000000001, 'colsample_bytree': 0.9000000000000001, 'gamma': 2.8000000000000003}. Best is trial 374 with value: 0.5972984243800201.
[I 2023-10-12 09:13:00,384] Trial 428 finished with value: 0.5952160988457375 and parameters: {'w0': 0.53, 'w1': 0.976, 'w2': 0.405, 'w3': 0.647, 'w4': 0.974, 'w5': 0.078, 'w6': 0.9550000000000001, 'w7': 0.39, 'w8': 0.898, 'max_depth': 8, 'min_child_weight': 6, 'subsample': 0.9000000000000001, 'colsample_bytree': 0.9000000000000001, 'gamma': 2.8000000000000003}. Best is trial 374 with value: 0.5972984243800201.
[I 2023-10-12 09:13:07,456] Trial 429 finished with value: 0.5898383012580644 and parameters: {'w0': 0.596, 'w1': 0.977, 'w2': 0.365, 'w3': 0.5710000000000001, 'w4': 0.972, 'w5': 0.081, 'w6': 0.9540000000000001, 'w7': 0.394, 'w8': 0.91, 'max_depth': 9, 'min_child_weight': 6, 'subsample': 0.9000000000000001, 'colsample_bytree': 0.9000000000000001, 'gamma': 2.8000000000000003}. Best is trial 374 with value: 0.5972984243800201.
