[I 2023-10-10 13:39:15,892] Trial 110 finished with value: 0.5834266699569703 and parameters: {'w0': 0.193, 'w1': 0.7010000000000001, 'w2': 0.36, 'w3': 0.734, 'w4': 0.613, 'w5': 0.81, 'w6': 0.32, 'w7': 0.41200000000000003, 'w8': 0.423, 'max_depth': 7, 'min_child_weight': 8, 'subsample': 0.5, 'colsample_bytree': 0.9000000000000001, 'gamma': 2.8000000000000003}. Best is trial 64 with value: 0.6012506047077433.
[I 2023-10-10 13:40:56,229] Trial 112 finished with value: 0.5900839440772531 and parameters: {'w0': 0.405, 'w1': 0.6960000000000001, 'w2': 0.38, 'w3': 0.9420000000000001, 'w4': 0.607, 'w5': 0.79, 'w6': 0.315, 'w7': 0.422, 'w8': 0.496, 'max_depth': 7, 'min_child_weight': 8, 'subsample': 0.5, 'colsample_bytree': 0.9000000000000001, 'gamma': 2.8000000000000003}. Best is trial 64 with value: 0.6012506047077433.
[I 2023-10-10 13:41:32,212] Trial 107 finished with value: 0.5879503601811819 and parameters: {'w0': 0.195, 'w1': 0.847, 'w2': 0.372, 'w3': 0.741, 'w4': 0.9480000000000001, 'w5': 0.808, 'w6': 0.528, 'w7': 0.40900000000000003, 'w8': 0.491, 'max_depth': 9, 'min_child_weight': 10, 'subsample': 0.30000000000000004, 'colsample_bytree': 0.9000000000000001, 'gamma': 2.8000000000000003}. Best is trial 64 with value: 0.6012506047077433.
[I 2023-10-10 13:42:51,604] Trial 111 finished with value: 0.565629389548761 and parameters: {'w0': 0.189, 'w1': 0.6950000000000001, 'w2': 0.374, 'w3': 0.9440000000000001, 'w4': 0.609, 'w5': 0.802, 'w6': 0.314, 'w7': 0.41500000000000004, 'w8': 0.9530000000000001, 'max_depth': 7, 'min_child_weight': 8, 'subsample': 0.2, 'colsample_bytree': 0.9000000000000001, 'gamma': 2.8000000000000003}. Best is trial 64 with value: 0.6012506047077433.
[I 2023-10-10 13:44:27,135] Trial 103 finished with value: 0.5975326324859774 and parameters: {'w0': 0.368, 'w1': 0.8320000000000001, 'w2': 0.364, 'w3': 0.734, 'w4': 0.92, 'w5': 0.802, 'w6': 0.527, 'w7': 0.41400000000000003, 'w8': 0.47500000000000003, 'max_depth': 8, 'min_child_weight': 4, 'subsample': 0.30000000000000004, 'colsample_bytree': 0.8, 'gamma': 1.2000000000000002}. Best is trial 64 with value: 0.6012506047077433.
[I 2023-10-10 13:47:34,989] Trial 113 finished with value: 0.5893391511777962 and parameters: {'w0': 0.185, 'w1': 0.706, 'w2': 0.378, 'w3': 0.834, 'w4': 0.619, 'w5': 0.808, 'w6': 0.314, 'w7': 0.334, 'w8': 0.422, 'max_depth': 9, 'min_child_weight': 8, 'subsample': 0.5, 'colsample_bytree': 0.9000000000000001, 'gamma': 2.8000000000000003}. Best is trial 64 with value: 0.6012506047077433.
[I 2023-10-10 13:49:14,567] Trial 115 finished with value: 0.5915959701925421 and parameters: {'w0': 0.182, 'w1': 0.6930000000000001, 'w2': 0.377, 'w3': 0.9550000000000001, 'w4': 0.602, 'w5': 0.809, 'w6': 0.32, 'w7': 0.341, 'w8': 0.41700000000000004, 'max_depth': 9, 'min_child_weight': 8, 'subsample': 0.5, 'colsample_bytree': 0.9000000000000001, 'gamma': 2.8000000000000003}. Best is trial 64 with value: 0.6012506047077433.
[I 2023-10-10 13:50:11,996] Trial 117 finished with value: 0.5796459109296663 and parameters: {'w0': 0.181, 'w1': 0.7020000000000001, 'w2': 0.507, 'w3': 0.9570000000000001, 'w4': 0.623, 'w5': 0.81, 'w6': 0.315, 'w7': 0.326, 'w8': 0.41700000000000004, 'max_depth': 9, 'min_child_weight': 8, 'subsample': 0.5, 'colsample_bytree': 0.9000000000000001, 'gamma': 2.8000000000000003}. Best is trial 64 with value: 0.6012506047077433.
[I 2023-10-10 13:51:42,415] Trial 116 finished with value: 0.6069775687006506 and parameters: {'w0': 0.398, 'w1': 0.6980000000000001, 'w2': 0.505, 'w3': 0.9550000000000001, 'w4': 0.613, 'w5': 0.81, 'w6': 0.989, 'w7': 0.432, 'w8': 0.9410000000000001, 'max_depth': 7, 'min_child_weight': 8, 'subsample': 0.6000000000000001, 'colsample_bytree': 0.9000000000000001, 'gamma': 2.8000000000000003}. Best is trial 116 with value: 0.6069775687006506.
[I 2023-10-10 13:52:28,969] Trial 125 finished with value: 0.5729593783742946 and parameters: {'w0': 0.519, 'w1': 0.727, 'w2': 0.312, 'w3': 0.8240000000000001, 'w4': 0.538, 'w5': 0.756, 'w6': 0.9480000000000001, 'w7': 0.337, 'w8': 0.927, 'max_depth': 9, 'min_child_weight': 14, 'subsample': 0.5, 'colsample_bytree': 0.8, 'gamma': 6.800000000000001}. Best is trial 116 with value: 0.6069775687006506.
[I 2023-10-10 13:53:04,512] Trial 114 finished with value: 0.547738714629461 and parameters: {'w0': 0.068, 'w1': 0.123, 'w2': 0.374, 'w3': 0.8320000000000001, 'w4': 0.608, 'w5': 0.8150000000000001, 'w6': 0.439, 'w7': 0.326, 'w8': 0.431, 'max_depth': 9, 'min_child_weight': 8, 'subsample': 0.5, 'colsample_bytree': 0.9000000000000001, 'gamma': 1.6}. Best is trial 116 with value: 0.6069775687006506.
[I 2023-10-10 13:55:26,932] Trial 119 finished with value: 0.5535599977218842 and parameters: {'w0': 0.085, 'w1': 0.6990000000000001, 'w2': 0.581, 'w3': 0.964, 'w4': 0.61, 'w5': 0.744, 'w6': 0.447, 'w7': 0.584, 'w8': 0.615, 'max_depth': 9, 'min_child_weight': 8, 'subsample': 0.5, 'colsample_bytree': 0.9000000000000001, 'gamma': 2.8000000000000003}. Best is trial 116 with value: 0.6069775687006506.
[I 2023-10-10 13:59:56,336] Trial 128 finished with value: 0.5959566433268909 and parameters: {'w0': 0.54, 'w1': 0.72, 'w2': 0.313, 'w3': 0.628, 'w4': 0.761, 'w5': 0.764, 'w6': 0.439, 'w7': 0.338, 'w8': 0.562, 'max_depth': 9, 'min_child_weight': 12, 'subsample': 0.5, 'colsample_bytree': 0.8, 'gamma': 3.4000000000000004}. Best is trial 116 with value: 0.6069775687006506.
[I 2023-10-10 14:01:37,428] Trial 129 finished with value: 0.5568502028161232 and parameters: {'w0': 0.074, 'w1': 0.929, 'w2': 0.442, 'w3': 0.598, 'w4': 0.763, 'w5': 0.741, 'w6': 0.443, 'w7': 0.338, 'w8': 0.606, 'max_depth': 9, 'min_child_weight': 12, 'subsample': 0.6000000000000001, 'colsample_bytree': 0.8, 'gamma': 3.4000000000000004}. Best is trial 116 with value: 0.6069775687006506.
[I 2023-10-10 14:01:39,359] Trial 126 finished with value: 0.5851471708429312 and parameters: {'w0': 0.091, 'w1': 0.902, 'w2': 0.454, 'w3': 0.836, 'w4': 0.624, 'w5': 0.753, 'w6': 0.441, 'w7': 0.333, 'w8': 0.617, 'max_depth': 6, 'min_child_weight': 4, 'subsample': 0.6000000000000001, 'colsample_bytree': 0.8, 'gamma': 1.6}. Best is trial 116 with value: 0.6069775687006506.
[I 2023-10-10 14:03:04,383] Trial 122 finished with value: 0.5912400463092331 and parameters: {'w0': 0.419, 'w1': 0.705, 'w2': 0.38, 'w3': 0.97, 'w4': 0.619, 'w5': 0.723, 'w6': 0.312, 'w7': 0.323, 'w8': 0.41300000000000003, 'max_depth': 9, 'min_child_weight': 12, 'subsample': 0.5, 'colsample_bytree': 0.9000000000000001, 'gamma': 1.8}. Best is trial 116 with value: 0.6069775687006506.
[I 2023-10-10 14:03:10,030] Trial 121 finished with value: 0.5743914075112411 and parameters: {'w0': 0.07300000000000001, 'w1': 0.7040000000000001, 'w2': 0.621, 'w3': 0.969, 'w4': 0.615, 'w5': 0.74, 'w6': 0.9390000000000001, 'w7': 0.34500000000000003, 'w8': 0.604, 'max_depth': 9, 'min_child_weight': 4, 'subsample': 0.5, 'colsample_bytree': 0.9000000000000001, 'gamma': 1.6}. Best is trial 116 with value: 0.6069775687006506.
[I 2023-10-10 14:04:03,738] Trial 120 finished with value: 0.5701153945902944 and parameters: {'w0': 0.094, 'w1': 0.6960000000000001, 'w2': 0.55, 'w3': 0.962, 'w4': 0.618, 'w5': 0.909, 'w6': 0.441, 'w7': 0.626, 'w8': 0.608, 'max_depth': 9, 'min_child_weight': 8, 'subsample': 0.5, 'colsample_bytree': 0.9000000000000001, 'gamma': 1.6}. Best is trial 116 with value: 0.6069775687006506.
[I 2023-10-10 14:04:37,658] Trial 118 finished with value: 0.6050491122901251 and parameters: {'w0': 0.418, 'w1': 0.7020000000000001, 'w2': 0.614, 'w3': 0.963, 'w4': 0.619, 'w5': 0.748, 'w6': 0.909, 'w7': 0.332, 'w8': 0.9420000000000001, 'max_depth': 9, 'min_child_weight': 8, 'subsample': 0.5, 'colsample_bytree': 0.9000000000000001, 'gamma': 1.6}. Best is trial 116 with value: 0.6069775687006506.
[I 2023-10-10 14:04:40,051] Trial 124 finished with value: 0.6001193317860883 and parameters: {'w0': 0.42, 'w1': 0.726, 'w2': 0.382, 'w3': 0.5630000000000001, 'w4': 0.619, 'w5': 0.729, 'w6': 0.435, 'w7': 0.33, 'w8': 0.613, 'max_depth': 9, 'min_child_weight': 12, 'subsample': 0.5, 'colsample_bytree': 0.9000000000000001, 'gamma': 1.8}. Best is trial 116 with value: 0.6069775687006506.
[I 2023-10-10 14:05:23,246] Trial 127 finished with value: 0.5976136806948096 and parameters: {'w0': 0.542, 'w1': 0.914, 'w2': 0.532, 'w3': 0.835, 'w4': 0.54, 'w5': 0.759, 'w6': 0.433, 'w7': 0.593, 'w8': 0.612, 'max_depth': 6, 'min_child_weight': 4, 'subsample': 0.6000000000000001, 'colsample_bytree': 0.8, 'gamma': 1.8}. Best is trial 116 with value: 0.6069775687006506.
[I 2023-10-10 14:05:59,575] Trial 123 finished with value: 0.599342637403586 and parameters: {'w0': 0.41200000000000003, 'w1': 0.6900000000000001, 'w2': 0.382, 'w3': 0.608, 'w4': 0.537, 'w5': 0.759, 'w6': 0.441, 'w7': 0.338, 'w8': 0.61, 'max_depth': 9, 'min_child_weight': 12, 'subsample': 0.5, 'colsample_bytree': 0.9000000000000001, 'gamma': 1.6}. Best is trial 116 with value: 0.6069775687006506.
[I 2023-10-10 14:11:18,216] Trial 131 finished with value: 0.6068704786613325 and parameters: {'w0': 0.403, 'w1': 0.9, 'w2': 0.315, 'w3': 0.588, 'w4': 0.548, 'w5': 0.747, 'w6': 0.443, 'w7': 0.392, 'w8': 0.606, 'max_depth': 6, 'min_child_weight': 4, 'subsample': 0.6000000000000001, 'colsample_bytree': 0.8, 'gamma': 1.6}. Best is trial 116 with value: 0.6069775687006506.
[I 2023-10-10 14:13:34,603] Trial 130 finished with value: 0.6005372424620838 and parameters: {'w0': 0.41400000000000003, 'w1': 0.64, 'w2': 0.449, 'w3': 0.973, 'w4': 0.669, 'w5': 0.746, 'w6': 0.421, 'w7': 0.389, 'w8': 0.605, 'max_depth': 6, 'min_child_weight': 12, 'subsample': 0.6000000000000001, 'colsample_bytree': 0.8, 'gamma': 0.8}. Best is trial 116 with value: 0.6069775687006506.
[I 2023-10-10 14:13:47,072] Trial 133 finished with value: 0.6077326922074155 and parameters: {'w0': 0.389, 'w1': 0.889, 'w2': 0.45, 'w3': 0.602, 'w4': 0.769, 'w5': 0.921, 'w6': 0.765, 'w7': 0.27, 'w8': 0.611, 'max_depth': 6, 'min_child_weight': 4, 'subsample': 0.6000000000000001, 'colsample_bytree': 0.8, 'gamma': 1.6}. Best is trial 133 with value: 0.6077326922074155.
[I 2023-10-10 14:13:50,939] Trial 132 finished with value: 0.6025023961423853 and parameters: {'w0': 0.429, 'w1': 0.631, 'w2': 0.313, 'w3': 0.8320000000000001, 'w4': 0.547, 'w5': 0.928, 'w6': 0.993, 'w7': 0.388, 'w8': 0.6, 'max_depth': 6, 'min_child_weight': 4, 'subsample': 0.6000000000000001, 'colsample_bytree': 0.8, 'gamma': 1.6}. Best is trial 133 with value: 0.6077326922074155.
[I 2023-10-10 14:14:51,829] Trial 136 finished with value: 0.6051704231809967 and parameters: {'w0': 0.423, 'w1': 0.64, 'w2': 0.45, 'w3': 0.585, 'w4': 0.754, 'w5': 0.91, 'w6': 0.84, 'w7': 0.388, 'w8': 0.885, 'max_depth': 6, 'min_child_weight': 12, 'subsample': 0.6000000000000001, 'colsample_bytree': 0.8, 'gamma': 3.4000000000000004}. Best is trial 133 with value: 0.6077326922074155.
[I 2023-10-10 14:15:49,433] Trial 134 finished with value: 0.6045310891780149 and parameters: {'w0': 0.436, 'w1': 0.642, 'w2': 0.541, 'w3': 0.899, 'w4': 0.668, 'w5': 0.919, 'w6': 0.418, 'w7': 0.396, 'w8': 0.605, 'max_depth': 10, 'min_child_weight': 4, 'subsample': 0.6000000000000001, 'colsample_bytree': 0.8, 'gamma': 1.8}. Best is trial 133 with value: 0.6077326922074155.
[I 2023-10-10 14:18:12,393] Trial 141 finished with value: 0.5940919779092303 and parameters: {'w0': 0.552, 'w1': 0.634, 'w2': 0.487, 'w3': 0.536, 'w4': 0.669, 'w5': 0.88, 'w6': 0.777, 'w7': 0.39, 'w8': 0.558, 'max_depth': 6, 'min_child_weight': 12, 'subsample': 0.6000000000000001, 'colsample_bytree': 0.8, 'gamma': 3.6}. Best is trial 133 with value: 0.6077326922074155.
[I 2023-10-10 14:18:37,455] Trial 135 finished with value: 0.604421855684119 and parameters: {'w0': 0.444, 'w1': 0.896, 'w2': 0.448, 'w3': 0.904, 'w4': 0.671, 'w5': 0.921, 'w6': 0.883, 'w7': 0.389, 'w8': 0.607, 'max_depth': 10, 'min_child_weight': 4, 'subsample': 0.6000000000000001, 'colsample_bytree': 0.8, 'gamma': 1.8}. Best is trial 133 with value: 0.6077326922074155.
[I 2023-10-10 14:21:49,912] Trial 137 finished with value: 0.6099567600187203 and parameters: {'w0': 0.464, 'w1': 0.79, 'w2': 0.314, 'w3': 0.436, 'w4': 0.675, 'w5': 0.902, 'w6': 0.751, 'w7': 0.264, 'w8': 0.979, 'max_depth': 6, 'min_child_weight': 12, 'subsample': 0.6000000000000001, 'colsample_bytree': 0.8, 'gamma': 1.8}. Best is trial 137 with value: 0.6099567600187203.
[I 2023-10-10 14:22:27,337] Trial 140 finished with value: 0.5545470214605368 and parameters: {'w0': 0.464, 'w1': 0.795, 'w2': 0.538, 'w3': 0.5720000000000001, 'w4': 0.674, 'w5': 0.915, 'w6': 0.722, 'w7': 0.392, 'w8': 0.515, 'max_depth': 6, 'min_child_weight': 16, 'subsample': 0.2, 'colsample_bytree': 0.8, 'gamma': 2.6}. Best is trial 137 with value: 0.6099567600187203.
[I 2023-10-10 14:25:08,086] Trial 138 finished with value: 0.6029551067661152 and parameters: {'w0': 0.455, 'w1': 0.637, 'w2': 0.313, 'w3': 0.466, 'w4': 0.675, 'w5': 0.921, 'w6': 0.801, 'w7': 0.389, 'w8': 0.5700000000000001, 'max_depth': 6, 'min_child_weight': 12, 'subsample': 0.6000000000000001, 'colsample_bytree': 1.0, 'gamma': 0.8}. Best is trial 137 with value: 0.6099567600187203.
[I 2023-10-10 14:26:29,805] Trial 143 finished with value: 0.5580119230545135 and parameters: {'w0': 0.451, 'w1': 0.637, 'w2': 0.762, 'w3': 0.453, 'w4': 0.661, 'w5': 0.681, 'w6': 0.993, 'w7': 0.384, 'w8': 0.978, 'max_depth': 9, 'min_child_weight': 12, 'subsample': 0.2, 'colsample_bytree': 1.0, 'gamma': 3.4000000000000004}. Best is trial 137 with value: 0.6099567600187203.
[I 2023-10-10 14:26:42,330] Trial 142 finished with value: 0.5584128604414078 and parameters: {'w0': 0.634, 'w1': 0.637, 'w2': 0.724, 'w3': 0.47400000000000003, 'w4': 0.671, 'w5': 0.874, 'w6': 0.8160000000000001, 'w7': 0.386, 'w8': 0.889, 'max_depth': 6, 'min_child_weight': 12, 'subsample': 0.2, 'colsample_bytree': 1.0, 'gamma': 0.8}. Best is trial 137 with value: 0.6099567600187203.
[I 2023-10-10 14:29:04,983] Trial 144 finished with value: 0.6013720297855283 and parameters: {'w0': 0.468, 'w1': 0.785, 'w2': 0.481, 'w3': 0.897, 'w4': 0.676, 'w5': 0.646, 'w6': 0.8150000000000001, 'w7': 0.272, 'w8': 0.903, 'max_depth': 6, 'min_child_weight': 12, 'subsample': 0.5, 'colsample_bytree': 0.8, 'gamma': 0.8}. Best is trial 137 with value: 0.6099567600187203.
[I 2023-10-10 14:29:23,438] Trial 145 finished with value: 0.5940127052162131 and parameters: {'w0': 0.458, 'w1': 0.797, 'w2': 0.315, 'w3': 0.558, 'w4': 0.47400000000000003, 'w5': 0.682, 'w6': 0.845, 'w7': 0.388, 'w8': 0.907, 'max_depth': 6, 'min_child_weight': 12, 'subsample': 0.5, 'colsample_bytree': 1.0, 'gamma': 0.8}. Best is trial 137 with value: 0.6099567600187203.
[I 2023-10-10 14:32:48,040] Trial 146 finished with value: 0.5658841029648196 and parameters: {'w0': 0.465, 'w1': 0.993, 'w2': 0.317, 'w3': 0.546, 'w4': 0.47100000000000003, 'w5': 0.686, 'w6': 0.986, 'w7': 0.387, 'w8': 0.891, 'max_depth': 6, 'min_child_weight': 12, 'subsample': 0.2, 'colsample_bytree': 0.8, 'gamma': 0.8}. Best is trial 137 with value: 0.6099567600187203.
[I 2023-10-10 14:35:15,045] Trial 139 finished with value: 0.6003418248456684 and parameters: {'w0': 0.47400000000000003, 'w1': 0.644, 'w2': 0.273, 'w3': 0.542, 'w4': 0.67, 'w5': 0.913, 'w6': 0.839, 'w7': 0.388, 'w8': 0.5670000000000001, 'max_depth': 10, 'min_child_weight': 16, 'subsample': 0.6000000000000001, 'colsample_bytree': 1.0, 'gamma': 0.8}. Best is trial 137 with value: 0.6099567600187203.
[I 2023-10-10 14:35:50,957] Trial 147 finished with value: 0.5603770536926398 and parameters: {'w0': 0.5750000000000001, 'w1': 0.79, 'w2': 0.485, 'w3': 0.516, 'w4': 0.673, 'w5': 0.6950000000000001, 'w6': 0.986, 'w7': 0.385, 'w8': 0.5750000000000001, 'max_depth': 6, 'min_child_weight': 12, 'subsample': 0.2, 'colsample_bytree': 0.8, 'gamma': 0.8}. Best is trial 137 with value: 0.6099567600187203.
[I 2023-10-10 14:37:48,632] Trial 151 finished with value: 0.6026948880242246 and parameters: {'w0': 0.465, 'w1': 0.638, 'w2': 0.487, 'w3': 0.553, 'w4': 0.671, 'w5': 0.932, 'w6': 0.894, 'w7': 0.389, 'w8': 0.926, 'max_depth': 6, 'min_child_weight': 14, 'subsample': 0.6000000000000001, 'colsample_bytree': 1.0, 'gamma': 2.0}. Best is trial 137 with value: 0.6099567600187203.
[I 2023-10-10 14:37:51,146] Trial 148 finished with value: 0.5968886268899298 and parameters: {'w0': 0.45, 'w1': 0.874, 'w2': 0.486, 'w3': 0.532, 'w4': 0.47100000000000003, 'w5': 0.661, 'w6': 0.79, 'w7': 0.271, 'w8': 0.517, 'max_depth': 6, 'min_child_weight': 12, 'subsample': 0.6000000000000001, 'colsample_bytree': 1.0, 'gamma': 0.8}. Best is trial 137 with value: 0.6099567600187203.
[I 2023-10-10 14:38:04,527] Trial 149 finished with value: 0.5945134696096187 and parameters: {'w0': 0.465, 'w1': 0.985, 'w2': 0.629, 'w3': 0.536, 'w4': 0.455, 'w5': 0.686, 'w6': 0.993, 'w7': 0.391, 'w8': 0.713, 'max_depth': 6, 'min_child_weight': 12, 'subsample': 0.6000000000000001, 'colsample_bytree': 0.8, 'gamma': 0.8}. Best is trial 137 with value: 0.6099567600187203.
[I 2023-10-10 14:38:14,426] Trial 150 finished with value: 0.5975245191014464 and parameters: {'w0': 0.462, 'w1': 0.9540000000000001, 'w2': 0.618, 'w3': 0.542, 'w4': 0.482, 'w5': 0.6970000000000001, 'w6': 0.8320000000000001, 'w7': 0.444, 'w8': 0.973, 'max_depth': 6, 'min_child_weight': 14, 'subsample': 0.6000000000000001, 'colsample_bytree': 1.0, 'gamma': 1.8}. Best is trial 137 with value: 0.6099567600187203.
[I 2023-10-10 14:41:53,827] Trial 152 finished with value: 0.5973055916282568 and parameters: {'w0': 0.457, 'w1': 0.979, 'w2': 0.581, 'w3': 0.442, 'w4': 0.495, 'w5': 0.673, 'w6': 0.972, 'w7': 0.274, 'w8': 0.97, 'max_depth': 6, 'min_child_weight': 14, 'subsample': 0.6000000000000001, 'colsample_bytree': 1.0, 'gamma': 0.8}. Best is trial 137 with value: 0.6099567600187203.
[I 2023-10-10 14:42:29,138] Trial 153 finished with value: 0.6027166388451118 and parameters: {'w0': 0.47300000000000003, 'w1': 0.985, 'w2': 0.485, 'w3': 0.579, 'w4': 0.67, 'w5': 0.646, 'w6': 0.847, 'w7': 0.443, 'w8': 0.981, 'max_depth': 6, 'min_child_weight': 14, 'subsample': 0.6000000000000001, 'colsample_bytree': 1.0, 'gamma': 0.8}. Best is trial 137 with value: 0.6099567600187203.
[I 2023-10-10 14:44:50,451] Trial 155 finished with value: 0.5789932265345904 and parameters: {'w0': 0.446, 'w1': 0.97, 'w2': 0.589, 'w3': 0.385, 'w4': 0.43, 'w5': 0.655, 'w6': 0.837, 'w7': 0.274, 'w8': 0.929, 'max_depth': 6, 'min_child_weight': 14, 'subsample': 0.6000000000000001, 'colsample_bytree': 1.0, 'gamma': 1.8}. Best is trial 137 with value: 0.6099567600187203.
[I 2023-10-10 14:45:44,309] Trial 154 finished with value: 0.5895998341955656 and parameters: {'w0': 0.456, 'w1': 0.866, 'w2': 0.674, 'w3': 0.444, 'w4': 0.461, 'w5': 0.651, 'w6': 0.8320000000000001, 'w7': 0.28, 'w8': 0.978, 'max_depth': 6, 'min_child_weight': 14, 'subsample': 0.6000000000000001, 'colsample_bytree': 1.0, 'gamma': 0.6000000000000001}. Best is trial 137 with value: 0.6099567600187203.
[I 2023-10-10 14:49:42,599] Trial 156 finished with value: 0.600582291107638 and parameters: {'w0': 0.448, 'w1': 0.9460000000000001, 'w2': 0.58, 'w3': 0.444, 'w4': 0.546, 'w5': 0.64, 'w6': 0.845, 'w7': 0.445, 'w8': 0.983, 'max_depth': 6, 'min_child_weight': 14, 'subsample': 0.6000000000000001, 'colsample_bytree': 1.0, 'gamma': 0.8}. Best is trial 137 with value: 0.6099567600187203.
[I 2023-10-10 14:50:36,931] Trial 158 finished with value: 0.6026006856716835 and parameters: {'w0': 0.494, 'w1': 0.9540000000000001, 'w2': 0.4, 'w3': 0.392, 'w4': 0.546, 'w5': 0.93, 'w6': 0.892, 'w7': 0.447, 'w8': 0.921, 'max_depth': 6, 'min_child_weight': 14, 'subsample': 0.6000000000000001, 'colsample_bytree': 0.8, 'gamma': 0.8}. Best is trial 137 with value: 0.6099567600187203.
[I 2023-10-10 14:50:57,862] Trial 157 finished with value: 0.5984381060816794 and parameters: {'w0': 0.44, 'w1': 0.973, 'w2': 0.481, 'w3': 0.41300000000000003, 'w4': 0.464, 'w5': 0.929, 'w6': 0.834, 'w7': 0.272, 'w8': 0.931, 'max_depth': 6, 'min_child_weight': 12, 'subsample': 0.6000000000000001, 'colsample_bytree': 1.0, 'gamma': 0.8}. Best is trial 137 with value: 0.6099567600187203.
[I 2023-10-10 14:53:25,466] Trial 159 finished with value: 0.5945526656589744 and parameters: {'w0': 0.483, 'w1': 0.875, 'w2': 0.613, 'w3': 0.388, 'w4': 0.47700000000000004, 'w5': 0.643, 'w6': 0.853, 'w7': 0.261, 'w8': 0.936, 'max_depth': 6, 'min_child_weight': 12, 'subsample': 0.6000000000000001, 'colsample_bytree': 0.8, 'gamma': 0.8}. Best is trial 137 with value: 0.6099567600187203.
[I 2023-10-10 14:53:50,006] Trial 160 finished with value: 0.6020116989038433 and parameters: {'w0': 0.431, 'w1': 0.982, 'w2': 0.48000000000000004, 'w3': 0.505, 'w4': 0.5750000000000001, 'w5': 0.928, 'w6': 0.889, 'w7': 0.453, 'w8': 0.966, 'max_depth': 6, 'min_child_weight': 14, 'subsample': 0.6000000000000001, 'colsample_bytree': 0.8, 'gamma': 0.6000000000000001}. Best is trial 137 with value: 0.6099567600187203.
[I 2023-10-10 14:56:33,957] Trial 161 finished with value: 0.5931532980310671 and parameters: {'w0': 0.499, 'w1': 0.879, 'w2': 0.488, 'w3': 0.514, 'w4': 0.5650000000000001, 'w5': 0.647, 'w6': 0.873, 'w7': 0.265, 'w8': 0.9510000000000001, 'max_depth': 6, 'min_child_weight': 14, 'subsample': 0.6000000000000001, 'colsample_bytree': 0.8, 'gamma': 1.4000000000000001}. Best is trial 137 with value: 0.6099567600187203.
[I 2023-10-10 14:58:45,190] Trial 162 finished with value: 0.6079960384824746 and parameters: {'w0': 0.489, 'w1': 0.869, 'w2': 0.587, 'w3': 0.368, 'w4': 0.686, 'w5': 0.654, 'w6': 0.894, 'w7': 0.444, 'w8': 0.93, 'max_depth': 6, 'min_child_weight': 14, 'subsample': 0.6000000000000001, 'colsample_bytree': 0.8, 'gamma': 0.6000000000000001}. Best is trial 137 with value: 0.6099567600187203.
