[I 2023-10-13 13:11:11,407] Trial 338 finished with value: 0.4622377696503271 and parameters: {'w0': 0.673, 'w1': 0.899, 'w2': 0.388, 'w3': 0.468, 'w4': 0.453, 'w5': 0.14300000000000002, 'w6': 0.9450000000000001, 'w7': 0.40900000000000003, 'w8': 0.053000000000000005, 'max_depth': 6, 'min_child_weight': 0, 'subsample': 0.7, 'colsample_bytree': 0.5, 'gamma': 1.8}. Best is trial 237 with value: 0.5045344311819274.
[I 2023-10-13 13:11:15,352] Trial 342 finished with value: 0.4828299985302432 and parameters: {'w0': 0.524, 'w1': 0.937, 'w2': 0.392, 'w3': 0.494, 'w4': 0.447, 'w5': 0.11800000000000001, 'w6': 0.9500000000000001, 'w7': 0.395, 'w8': 0.915, 'max_depth': 6, 'min_child_weight': 6, 'subsample': 1.0, 'colsample_bytree': 0.3, 'gamma': 1.4000000000000001}. Best is trial 237 with value: 0.5045344311819274.
[I 2023-10-13 13:11:42,615] Trial 339 finished with value: 0.49796467131906863 and parameters: {'w0': 0.41300000000000003, 'w1': 0.9, 'w2': 0.385, 'w3': 0.493, 'w4': 0.24000000000000002, 'w5': 0.14200000000000002, 'w6': 0.9530000000000001, 'w7': 0.40900000000000003, 'w8': 0.917, 'max_depth': 6, 'min_child_weight': 16, 'subsample': 0.7, 'colsample_bytree': 0.5, 'gamma': 1.8}. Best is trial 237 with value: 0.5045344311819274.
[I 2023-10-13 13:16:01,305] Trial 344 finished with value: 0.501731699114136 and parameters: {'w0': 0.52, 'w1': 0.937, 'w2': 0.365, 'w3': 0.468, 'w4': 0.003, 'w5': 0.117, 'w6': 0.9590000000000001, 'w7': 0.382, 'w8': 0.917, 'max_depth': 6, 'min_child_weight': 6, 'subsample': 0.7, 'colsample_bytree': 0.5, 'gamma': 1.8}. Best is trial 237 with value: 0.5045344311819274.
[I 2023-10-13 13:16:12,128] Trial 341 finished with value: 0.4951472511851165 and parameters: {'w0': 0.658, 'w1': 0.935, 'w2': 0.396, 'w3': 0.47400000000000003, 'w4': 0.227, 'w5': 0.115, 'w6': 0.9590000000000001, 'w7': 0.399, 'w8': 0.91, 'max_depth': 6, 'min_child_weight': 6, 'subsample': 0.7, 'colsample_bytree': 0.3, 'gamma': 1.4000000000000001}. Best is trial 237 with value: 0.5045344311819274.
[I 2023-10-13 13:17:53,919] Trial 345 finished with value: 0.5026373111611177 and parameters: {'w0': 0.521, 'w1': 0.932, 'w2': 0.373, 'w3': 0.489, 'w4': 0.001, 'w5': 0.109, 'w6': 0.9560000000000001, 'w7': 0.386, 'w8': 0.84, 'max_depth': 6, 'min_child_weight': 6, 'subsample': 0.7, 'colsample_bytree': 0.5, 'gamma': 1.4000000000000001}. Best is trial 237 with value: 0.5045344311819274.
[I 2023-10-13 13:19:01,841] Trial 346 finished with value: 0.5020102793514764 and parameters: {'w0': 0.522, 'w1': 0.9, 'w2': 0.363, 'w3': 0.422, 'w4': 0.232, 'w5': 0.11900000000000001, 'w6': 0.9550000000000001, 'w7': 0.38, 'w8': 0.92, 'max_depth': 6, 'min_child_weight': 6, 'subsample': 0.7, 'colsample_bytree': 0.6000000000000001, 'gamma': 1.4000000000000001}. Best is trial 237 with value: 0.5045344311819274.
[I 2023-10-13 13:20:43,126] Trial 347 finished with value: 0.5013411092752573 and parameters: {'w0': 0.532, 'w1': 0.933, 'w2': 0.357, 'w3': 0.494, 'w4': 0.463, 'w5': 0.115, 'w6': 0.961, 'w7': 0.385, 'w8': 0.996, 'max_depth': 6, 'min_child_weight': 6, 'subsample': 0.7, 'colsample_bytree': 0.6000000000000001, 'gamma': 1.4000000000000001}. Best is trial 237 with value: 0.5045344311819274.
[I 2023-10-13 13:21:22,753] Trial 349 finished with value: 0.5012645395683333 and parameters: {'w0': 0.526, 'w1': 0.899, 'w2': 0.361, 'w3': 0.494, 'w4': 0.464, 'w5': 0.115, 'w6': 0.9590000000000001, 'w7': 0.382, 'w8': 0.8300000000000001, 'max_depth': 6, 'min_child_weight': 6, 'subsample': 0.7, 'colsample_bytree': 0.5, 'gamma': 1.4000000000000001}. Best is trial 237 with value: 0.5045344311819274.
[I 2023-10-13 13:21:25,092] Trial 350 finished with value: 0.5050306048397601 and parameters: {'w0': 0.522, 'w1': 0.927, 'w2': 0.362, 'w3': 0.497, 'w4': 0.468, 'w5': 0.11900000000000001, 'w6': 0.9600000000000001, 'w7': 0.377, 'w8': 0.914, 'max_depth': 6, 'min_child_weight': 6, 'subsample': 0.7, 'colsample_bytree': 0.6000000000000001, 'gamma': 1.4000000000000001}. Best is trial 350 with value: 0.5050306048397601.
[I 2023-10-13 13:21:37,098] Trial 348 finished with value: 0.5046114373147964 and parameters: {'w0': 0.524, 'w1': 0.905, 'w2': 0.364, 'w3': 0.499, 'w4': 0.218, 'w5': 0.121, 'w6': 0.962, 'w7': 0.382, 'w8': 0.914, 'max_depth': 6, 'min_child_weight': 6, 'subsample': 0.7, 'colsample_bytree': 0.6000000000000001, 'gamma': 1.4000000000000001}. Best is trial 350 with value: 0.5050306048397601.
[I 2023-10-13 13:23:36,419] Trial 351 finished with value: 0.5010472203672653 and parameters: {'w0': 0.481, 'w1': 0.47200000000000003, 'w2': 0.359, 'w3': 0.503, 'w4': 0.428, 'w5': 0.112, 'w6': 0.9590000000000001, 'w7': 0.379, 'w8': 0.92, 'max_depth': 6, 'min_child_weight': 6, 'subsample': 0.7, 'colsample_bytree': 0.6000000000000001, 'gamma': 1.4000000000000001}. Best is trial 350 with value: 0.5050306048397601.
[I 2023-10-13 13:24:53,929] Trial 352 finished with value: 0.49832543665334644 and parameters: {'w0': 0.67, 'w1': 0.902, 'w2': 0.363, 'w3': 0.502, 'w4': 0.465, 'w5': 0.112, 'w6': 0.9530000000000001, 'w7': 0.426, 'w8': 0.8260000000000001, 'max_depth': 6, 'min_child_weight': 6, 'subsample': 0.7, 'colsample_bytree': 0.6000000000000001, 'gamma': 1.4000000000000001}. Best is trial 350 with value: 0.5050306048397601.
[I 2023-10-13 13:25:16,920] Trial 353 finished with value: 0.4994846490007713 and parameters: {'w0': 0.663, 'w1': 0.902, 'w2': 0.361, 'w3': 0.499, 'w4': 0.47600000000000003, 'w5': 0.121, 'w6': 0.961, 'w7': 0.421, 'w8': 0.995, 'max_depth': 6, 'min_child_weight': 6, 'subsample': 0.7, 'colsample_bytree': 0.6000000000000001, 'gamma': 1.4000000000000001}. Best is trial 350 with value: 0.5050306048397601.
[I 2023-10-13 13:25:17,932] Trial 354 finished with value: 0.49442472997242337 and parameters: {'w0': 0.678, 'w1': 0.905, 'w2': 0.359, 'w3': 0.465, 'w4': 0.321, 'w5': 0.123, 'w6': 0.961, 'w7': 0.46, 'w8': 0.991, 'max_depth': 6, 'min_child_weight': 6, 'subsample': 0.7, 'colsample_bytree': 0.6000000000000001, 'gamma': 1.4000000000000001}. Best is trial 350 with value: 0.5050306048397601.
[I 2023-10-13 13:27:20,356] Trial 358 finished with value: 0.499537876335875 and parameters: {'w0': 0.482, 'w1': 0.441, 'w2': 0.364, 'w3': 0.41600000000000004, 'w4': 0.419, 'w5': 0.18, 'w6': 0.97, 'w7': 0.381, 'w8': 0.838, 'max_depth': 6, 'min_child_weight': 6, 'subsample': 0.7, 'colsample_bytree': 0.6000000000000001, 'gamma': 1.4000000000000001}. Best is trial 350 with value: 0.5050306048397601.
[I 2023-10-13 13:27:23,785] Trial 356 finished with value: 0.49973768239259236 and parameters: {'w0': 0.562, 'w1': 0.904, 'w2': 0.356, 'w3': 0.499, 'w4': 0.001, 'w5': 0.179, 'w6': 0.9600000000000001, 'w7': 0.463, 'w8': 0.998, 'max_depth': 6, 'min_child_weight': 6, 'subsample': 0.7, 'colsample_bytree': 0.6000000000000001, 'gamma': 1.4000000000000001}. Best is trial 350 with value: 0.5050306048397601.
[I 2023-10-13 13:27:29,316] Trial 355 finished with value: 0.4997434192965361 and parameters: {'w0': 0.679, 'w1': 0.904, 'w2': 0.361, 'w3': 0.503, 'w4': 0.299, 'w5': 0.123, 'w6': 0.961, 'w7': 0.424, 'w8': 0.995, 'max_depth': 6, 'min_child_weight': 6, 'subsample': 0.7, 'colsample_bytree': 0.6000000000000001, 'gamma': 1.4000000000000001}. Best is trial 350 with value: 0.5050306048397601.
[I 2023-10-13 13:27:31,922] Trial 357 finished with value: 0.5011649562912812 and parameters: {'w0': 0.484, 'w1': 0.901, 'w2': 0.356, 'w3': 0.505, 'w4': 0.41000000000000003, 'w5': 0.178, 'w6': 0.965, 'w7': 0.424, 'w8': 0.8320000000000001, 'max_depth': 6, 'min_child_weight': 6, 'subsample': 0.7, 'colsample_bytree': 0.6000000000000001, 'gamma': 1.4000000000000001}. Best is trial 350 with value: 0.5050306048397601.
[I 2023-10-13 13:31:22,685] Trial 359 finished with value: 0.4968492976385243 and parameters: {'w0': 0.229, 'w1': 0.907, 'w2': 0.35000000000000003, 'w3': 0.465, 'w4': 0.003, 'w5': 0.178, 'w6': 0.965, 'w7': 0.426, 'w8': 0.99, 'max_depth': 6, 'min_child_weight': 6, 'subsample': 0.7, 'colsample_bytree': 0.6000000000000001, 'gamma': 1.4000000000000001}. Best is trial 350 with value: 0.5050306048397601.
[I 2023-10-13 13:32:53,224] Trial 360 finished with value: 0.5019302028880479 and parameters: {'w0': 0.489, 'w1': 0.903, 'w2': 0.37, 'w3': 0.466, 'w4': 0.421, 'w5': 0.181, 'w6': 0.979, 'w7': 0.427, 'w8': 0.835, 'max_depth': 6, 'min_child_weight': 6, 'subsample': 0.7, 'colsample_bytree': 0.6000000000000001, 'gamma': 1.4000000000000001}. Best is trial 350 with value: 0.5050306048397601.
[I 2023-10-13 13:33:12,787] Trial 361 finished with value: 0.4892287239690128 and parameters: {'w0': 0.221, 'w1': 0.904, 'w2': 0.28500000000000003, 'w3': 0.506, 'w4': 0.424, 'w5': 0.17600000000000002, 'w6': 0.967, 'w7': 0.426, 'w8': 0.8320000000000001, 'max_depth': 6, 'min_child_weight': 6, 'subsample': 0.7, 'colsample_bytree': 0.6000000000000001, 'gamma': 1.4000000000000001}. Best is trial 350 with value: 0.5050306048397601.
[I 2023-10-13 13:34:41,353] Trial 362 finished with value: 0.49947221148845344 and parameters: {'w0': 0.5640000000000001, 'w1': 0.908, 'w2': 0.353, 'w3': 0.41600000000000004, 'w4': 0.003, 'w5': 0.182, 'w6': 0.974, 'w7': 0.428, 'w8': 0.836, 'max_depth': 6, 'min_child_weight': 6, 'subsample': 0.7, 'colsample_bytree': 0.6000000000000001, 'gamma': 1.4000000000000001}. Best is trial 350 with value: 0.5050306048397601.
[I 2023-10-13 13:37:31,322] Trial 363 finished with value: 0.49497215746367573 and parameters: {'w0': 0.561, 'w1': 0.458, 'w2': 0.36, 'w3': 0.421, 'w4': 0.001, 'w5': 0.178, 'w6': 1.0, 'w7': 0.458, 'w8': 0.8160000000000001, 'max_depth': 6, 'min_child_weight': 6, 'subsample': 0.7, 'colsample_bytree': 0.6000000000000001, 'gamma': 1.2000000000000002}. Best is trial 350 with value: 0.5050306048397601.
[I 2023-10-13 13:38:15,077] Trial 365 finished with value: 0.49956356185893086 and parameters: {'w0': 0.5700000000000001, 'w1': 0.905, 'w2': 0.36, 'w3': 0.504, 'w4': 0.005, 'w5': 0.127, 'w6': 0.97, 'w7': 0.46, 'w8': 0.994, 'max_depth': 6, 'min_child_weight': 6, 'subsample': 0.7, 'colsample_bytree': 0.6000000000000001, 'gamma': 1.2000000000000002}. Best is trial 350 with value: 0.5050306048397601.
[I 2023-10-13 13:38:25,394] Trial 364 finished with value: 0.4975143291395619 and parameters: {'w0': 0.557, 'w1': 0.903, 'w2': 0.34900000000000003, 'w3': 0.507, 'w4': 0.006, 'w5': 0.181, 'w6': 0.981, 'w7': 0.464, 'w8': 0.837, 'max_depth': 6, 'min_child_weight': 6, 'subsample': 0.7, 'colsample_bytree': 0.6000000000000001, 'gamma': 1.2000000000000002}. Best is trial 350 with value: 0.5050306048397601.
[I 2023-10-13 13:39:39,543] Trial 366 finished with value: 0.49766260992713207 and parameters: {'w0': 0.5640000000000001, 'w1': 0.899, 'w2': 0.353, 'w3': 0.505, 'w4': 0.001, 'w5': 0.166, 'w6': 0.996, 'w7': 0.466, 'w8': 0.871, 'max_depth': 6, 'min_child_weight': 6, 'subsample': 0.7, 'colsample_bytree': 0.6000000000000001, 'gamma': 1.0}. Best is trial 350 with value: 0.5050306048397601.
[I 2023-10-13 13:41:54,946] Trial 367 finished with value: 0.49699911712090056 and parameters: {'w0': 0.545, 'w1': 0.458, 'w2': 0.35100000000000003, 'w3': 0.503, 'w4': 0.43, 'w5': 0.187, 'w6': 1.0, 'w7': 0.422, 'w8': 0.8240000000000001, 'max_depth': 6, 'min_child_weight': 6, 'subsample': 0.7, 'colsample_bytree': 0.6000000000000001, 'gamma': 1.0}. Best is trial 350 with value: 0.5050306048397601.
[I 2023-10-13 13:42:10,148] Trial 369 finished with value: 0.47306719450223955 and parameters: {'w0': 0.5680000000000001, 'w1': 0.433, 'w2': 0.299, 'w3': 0.081, 'w4': 0.431, 'w5': 0.179, 'w6': 1.0, 'w7': 0.463, 'w8': 0.843, 'max_depth': 6, 'min_child_weight': 6, 'subsample': 0.7, 'colsample_bytree': 0.6000000000000001, 'gamma': 1.2000000000000002}. Best is trial 350 with value: 0.5050306048397601.
[I 2023-10-13 13:42:21,191] Trial 370 finished with value: 0.49834394439183693 and parameters: {'w0': 0.562, 'w1': 0.397, 'w2': 0.35000000000000003, 'w3': 0.507, 'w4': 0.42, 'w5': 0.17400000000000002, 'w6': 1.0, 'w7': 0.371, 'w8': 0.848, 'max_depth': 6, 'min_child_weight': 6, 'subsample': 0.7, 'colsample_bytree': 0.6000000000000001, 'gamma': 1.2000000000000002}. Best is trial 350 with value: 0.5050306048397601.
[I 2023-10-13 13:42:44,055] Trial 368 finished with value: 0.49429487171989506 and parameters: {'w0': 0.539, 'w1': 0.43, 'w2': 0.28500000000000003, 'w3': 0.507, 'w4': 0.418, 'w5': 0.17600000000000002, 'w6': 0.978, 'w7': 0.428, 'w8': 0.999, 'max_depth': 6, 'min_child_weight': 6, 'subsample': 0.7, 'colsample_bytree': 0.6000000000000001, 'gamma': 1.0}. Best is trial 350 with value: 0.5050306048397601.
[I 2023-10-13 13:43:39,307] Trial 372 finished with value: 0.4639976279674034 and parameters: {'w0': 0.5660000000000001, 'w1': 0.875, 'w2': 0.276, 'w3': 0.056, 'w4': 0.004, 'w5': 0.184, 'w6': 0.998, 'w7': 0.464, 'w8': 0.843, 'max_depth': 6, 'min_child_weight': 6, 'subsample': 0.7, 'colsample_bytree': 0.6000000000000001, 'gamma': 1.2000000000000002}. Best is trial 350 with value: 0.5050306048397601.
[I 2023-10-13 13:44:01,916] Trial 373 finished with value: 0.49048865248972745 and parameters: {'w0': 0.549, 'w1': 0.499, 'w2': 0.276, 'w3': 0.53, 'w4': 0.281, 'w5': 0.135, 'w6': 0.99, 'w7': 0.43, 'w8': 0.841, 'max_depth': 6, 'min_child_weight': 6, 'subsample': 0.7, 'colsample_bytree': 0.6000000000000001, 'gamma': 1.2000000000000002}. Best is trial 350 with value: 0.5050306048397601.
[I 2023-10-13 13:44:54,282] Trial 374 finished with value: 0.4772556249017186 and parameters: {'w0': 0.5660000000000001, 'w1': 0.47900000000000004, 'w2': 0.334, 'w3': 0.07, 'w4': 0.421, 'w5': 0.164, 'w6': 0.995, 'w7': 0.372, 'w8': 0.835, 'max_depth': 6, 'min_child_weight': 6, 'subsample': 0.7, 'colsample_bytree': 0.6000000000000001, 'gamma': 1.0}. Best is trial 350 with value: 0.5050306048397601.
[I 2023-10-13 13:45:31,600] Trial 371 finished with value: 0.5011700257492405 and parameters: {'w0': 0.5650000000000001, 'w1': 0.47600000000000003, 'w2': 0.35000000000000003, 'w3': 0.509, 'w4': 0.43, 'w5': 0.18, 'w6': 0.996, 'w7': 0.372, 'w8': 0.8150000000000001, 'max_depth': 6, 'min_child_weight': 6, 'subsample': 0.7, 'colsample_bytree': 0.6000000000000001, 'gamma': 1.0}. Best is trial 350 with value: 0.5050306048397601.
[I 2023-10-13 13:49:23,459] Trial 375 finished with value: 0.5028175106226426 and parameters: {'w0': 0.56, 'w1': 0.856, 'w2': 0.326, 'w3': 0.53, 'w4': 0.43, 'w5': 0.168, 'w6': 0.999, 'w7': 0.379, 'w8': 0.805, 'max_depth': 6, 'min_child_weight': 6, 'subsample': 0.7, 'colsample_bytree': 0.6000000000000001, 'gamma': 1.0}. Best is trial 350 with value: 0.5050306048397601.
[I 2023-10-13 13:50:02,733] Trial 377 finished with value: 0.4795583708628629 and parameters: {'w0': 0.559, 'w1': 0.499, 'w2': 0.292, 'w3': 0.094, 'w4': 0.423, 'w5': 0.135, 'w6': 0.995, 'w7': 0.379, 'w8': 0.843, 'max_depth': 6, 'min_child_weight': 6, 'subsample': 0.7, 'colsample_bytree': 0.6000000000000001, 'gamma': 1.0}. Best is trial 350 with value: 0.5050306048397601.
[I 2023-10-13 13:51:05,966] Trial 376 finished with value: 0.5016877268944011 and parameters: {'w0': 0.54, 'w1': 0.47400000000000003, 'w2': 0.332, 'w3': 0.528, 'w4': 0.41700000000000004, 'w5': 0.158, 'w6': 0.993, 'w7': 0.375, 'w8': 0.8250000000000001, 'max_depth': 6, 'min_child_weight': 6, 'subsample': 0.7, 'colsample_bytree': 0.6000000000000001, 'gamma': 1.0}. Best is trial 350 with value: 0.5050306048397601.
[I 2023-10-13 13:52:21,739] Trial 378 finished with value: 0.4910685937624925 and parameters: {'w0': 0.536, 'w1': 0.49, 'w2': 0.309, 'w3': 0.53, 'w4': 0.424, 'w5': 0.138, 'w6': 0.99, 'w7': 0.459, 'w8': 0.798, 'max_depth': 6, 'min_child_weight': 8, 'subsample': 0.7, 'colsample_bytree': 0.6000000000000001, 'gamma': 1.0}. Best is trial 350 with value: 0.5050306048397601.
[I 2023-10-13 13:55:06,644] Trial 379 finished with value: 0.47992411336927915 and parameters: {'w0': 0.538, 'w1': 0.468, 'w2': 0.321, 'w3': 0.07300000000000001, 'w4': 0.423, 'w5': 0.136, 'w6': 0.996, 'w7': 0.372, 'w8': 0.851, 'max_depth': 6, 'min_child_weight': 8, 'subsample': 0.7, 'colsample_bytree': 0.6000000000000001, 'gamma': 1.0}. Best is trial 350 with value: 0.5050306048397601.
[I 2023-10-13 13:55:30,814] Trial 380 finished with value: 0.49553116454016466 and parameters: {'w0': 0.532, 'w1': 0.41000000000000003, 'w2': 0.307, 'w3': 0.534, 'w4': 0.036000000000000004, 'w5': 0.159, 'w6': 0.991, 'w7': 0.373, 'w8': 0.803, 'max_depth': 6, 'min_child_weight': 8, 'subsample': 0.7, 'colsample_bytree': 0.6000000000000001, 'gamma': 1.0}. Best is trial 350 with value: 0.5050306048397601.
[I 2023-10-13 13:55:34,076] Trial 381 finished with value: 0.5015063296089146 and parameters: {'w0': 0.536, 'w1': 0.868, 'w2': 0.334, 'w3': 0.529, 'w4': 0.028, 'w5': 0.14100000000000001, 'w6': 0.999, 'w7': 0.376, 'w8': 0.803, 'max_depth': 6, 'min_child_weight': 8, 'subsample': 0.7, 'colsample_bytree': 0.6000000000000001, 'gamma': 1.2000000000000002}. Best is trial 350 with value: 0.5050306048397601.
[I 2023-10-13 13:59:04,312] Trial 382 finished with value: 0.4709296520828696 and parameters: {'w0': 0.537, 'w1': 0.834, 'w2': 0.308, 'w3': 0.529, 'w4': 0.418, 'w5': 0.138, 'w6': 0.985, 'w7': 0.894, 'w8': 0.8130000000000001, 'max_depth': 6, 'min_child_weight': 8, 'subsample': 0.7, 'colsample_bytree': 0.6000000000000001, 'gamma': 1.0}. Best is trial 350 with value: 0.5050306048397601.
[I 2023-10-13 14:00:30,597] Trial 385 finished with value: 0.5013460877137307 and parameters: {'w0': 0.536, 'w1': 0.492, 'w2': 0.324, 'w3': 0.532, 'w4': 0.037000000000000005, 'w5': 0.14300000000000002, 'w6': 0.982, 'w7': 0.376, 'w8': 0.798, 'max_depth': 6, 'min_child_weight': 6, 'subsample': 0.7, 'colsample_bytree': 0.6000000000000001, 'gamma': 1.0}. Best is trial 350 with value: 0.5050306048397601.
[I 2023-10-13 14:00:36,528] Trial 384 finished with value: 0.5036108677787657 and parameters: {'w0': 0.533, 'w1': 0.863, 'w2': 0.33, 'w3': 0.529, 'w4': 0.031, 'w5': 0.14, 'w6': 0.98, 'w7': 0.371, 'w8': 0.856, 'max_depth': 6, 'min_child_weight': 8, 'subsample': 0.7, 'colsample_bytree': 0.6000000000000001, 'gamma': 1.0}. Best is trial 350 with value: 0.5050306048397601.
[I 2023-10-13 14:00:42,691] Trial 383 finished with value: 0.4986168922871247 and parameters: {'w0': 0.536, 'w1': 0.39, 'w2': 0.326, 'w3': 0.529, 'w4': 0.267, 'w5': 0.134, 'w6': 0.98, 'w7': 0.376, 'w8': 0.8, 'max_depth': 6, 'min_child_weight': 6, 'subsample': 0.7, 'colsample_bytree': 0.6000000000000001, 'gamma': 1.0}. Best is trial 350 with value: 0.5050306048397601.
[I 2023-10-13 14:02:11,176] Trial 386 finished with value: 0.49848007552520224 and parameters: {'w0': 0.532, 'w1': 0.47200000000000003, 'w2': 0.329, 'w3': 0.552, 'w4': 0.265, 'w5': 0.135, 'w6': 0.978, 'w7': 0.378, 'w8': 0.811, 'max_depth': 6, 'min_child_weight': 8, 'subsample': 0.6000000000000001, 'colsample_bytree': 0.6000000000000001, 'gamma': 1.0}. Best is trial 350 with value: 0.5050306048397601.
[I 2023-10-13 14:03:21,704] Trial 387 finished with value: 0.5008739679843532 and parameters: {'w0': 0.522, 'w1': 0.875, 'w2': 0.328, 'w3': 0.553, 'w4': 0.264, 'w5': 0.15, 'w6': 0.977, 'w7': 0.376, 'w8': 0.808, 'max_depth': 6, 'min_child_weight': 8, 'subsample': 0.6000000000000001, 'colsample_bytree': 0.6000000000000001, 'gamma': 1.0}. Best is trial 350 with value: 0.5050306048397601.
[I 2023-10-13 14:03:40,861] Trial 388 finished with value: 0.5007759792431232 and parameters: {'w0': 0.532, 'w1': 0.867, 'w2': 0.322, 'w3': 0.552, 'w4': 0.255, 'w5': 0.14, 'w6': 0.98, 'w7': 0.377, 'w8': 0.792, 'max_depth': 6, 'min_child_weight': 8, 'subsample': 0.6000000000000001, 'colsample_bytree': 0.6000000000000001, 'gamma': 1.0}. Best is trial 350 with value: 0.5050306048397601.
[I 2023-10-13 14:04:26,824] Trial 389 finished with value: 0.5027042515445771 and parameters: {'w0': 0.525, 'w1': 0.863, 'w2': 0.328, 'w3': 0.545, 'w4': 0.265, 'w5': 0.14400000000000002, 'w6': 0.976, 'w7': 0.378, 'w8': 0.875, 'max_depth': 6, 'min_child_weight': 8, 'subsample': 0.6000000000000001, 'colsample_bytree': 0.6000000000000001, 'gamma': 1.0}. Best is trial 350 with value: 0.5050306048397601.
[I 2023-10-13 14:04:54,669] Trial 390 finished with value: 0.4983278819332201 and parameters: {'w0': 0.532, 'w1': 0.47300000000000003, 'w2': 0.341, 'w3': 0.548, 'w4': 0.037000000000000005, 'w5': 0.14400000000000002, 'w6': 0.98, 'w7': 0.38, 'w8': 0.792, 'max_depth': 6, 'min_child_weight': 8, 'subsample': 0.6000000000000001, 'colsample_bytree': 0.6000000000000001, 'gamma': 1.0}. Best is trial 350 with value: 0.5050306048397601.
[I 2023-10-13 14:09:35,941] Trial 391 finished with value: 0.4997640992046838 and parameters: {'w0': 0.528, 'w1': 0.467, 'w2': 0.319, 'w3': 0.547, 'w4': 0.46900000000000003, 'w5': 0.149, 'w6': 0.978, 'w7': 0.369, 'w8': 0.792, 'max_depth': 6, 'min_child_weight': 8, 'subsample': 0.6000000000000001, 'colsample_bytree': 0.6000000000000001, 'gamma': 1.0}. Best is trial 350 with value: 0.5050306048397601.
[I 2023-10-13 14:10:06,493] Trial 392 finished with value: 0.4983635641762054 and parameters: {'w0': 0.529, 'w1': 0.48000000000000004, 'w2': 0.326, 'w3': 0.533, 'w4': 0.036000000000000004, 'w5': 0.226, 'w6': 0.977, 'w7': 0.364, 'w8': 0.805, 'max_depth': 6, 'min_child_weight': 8, 'subsample': 0.6000000000000001, 'colsample_bytree': 0.6000000000000001, 'gamma': 0.8}. Best is trial 350 with value: 0.5050306048397601.
[I 2023-10-13 14:11:06,273] Trial 393 finished with value: 0.5006930858510895 and parameters: {'w0': 0.533, 'w1': 0.463, 'w2': 0.307, 'w3': 0.557, 'w4': 0.044000000000000004, 'w5': 0.14300000000000002, 'w6': 0.98, 'w7': 0.362, 'w8': 0.793, 'max_depth': 6, 'min_child_weight': 8, 'subsample': 0.7, 'colsample_bytree': 0.6000000000000001, 'gamma': 0.8}. Best is trial 350 with value: 0.5050306048397601.
[I 2023-10-13 14:12:18,012] Trial 394 finished with value: 0.497999931404111 and parameters: {'w0': 0.515, 'w1': 0.468, 'w2': 0.322, 'w3': 0.555, 'w4': 0.04, 'w5': 0.364, 'w6': 0.974, 'w7': 0.365, 'w8': 0.8, 'max_depth': 6, 'min_child_weight': 8, 'subsample': 0.6000000000000001, 'colsample_bytree': 0.6000000000000001, 'gamma': 0.8}. Best is trial 350 with value: 0.5050306048397601.
