[I 2023-10-12 18:13:28,803] Trial 1104 finished with value: 0.5885481797779035 and parameters: {'w0': 0.242, 'w1': 0.857, 'w2': 0.34500000000000003, 'w3': 0.737, 'w4': 0.878, 'w5': 0.526, 'w6': 0.98, 'w7': 0.307, 'w8': 0.762, 'max_depth': 7, 'min_child_weight': 2, 'subsample': 0.8, 'colsample_bytree': 0.8, 'gamma': 2.0}. Best is trial 848 with value: 0.6005661897687894.
[I 2023-10-12 18:13:50,748] Trial 1107 finished with value: 0.5596471485341592 and parameters: {'w0': 0.34400000000000003, 'w1': 0.856, 'w2': 0.10500000000000001, 'w3': 0.804, 'w4': 0.881, 'w5': 0.214, 'w6': 0.997, 'w7': 0.301, 'w8': 0.719, 'max_depth': 7, 'min_child_weight': 2, 'subsample': 0.8, 'colsample_bytree': 0.8, 'gamma': 2.0}. Best is trial 848 with value: 0.6005661897687894.
[I 2023-10-12 18:13:51,458] Trial 1106 finished with value: 0.5748503766715878 and parameters: {'w0': 0.452, 'w1': 0.859, 'w2': 0.34, 'w3': 0.74, 'w4': 0.882, 'w5': 0.455, 'w6': 1.0, 'w7': 0.151, 'w8': 0.849, 'max_depth': 7, 'min_child_weight': 2, 'subsample': 0.8, 'colsample_bytree': 0.8, 'gamma': 2.0}. Best is trial 848 with value: 0.6005661897687894.
[I 2023-10-12 18:15:18,398] Trial 1109 finished with value: 0.580178517222455 and parameters: {'w0': 0.34700000000000003, 'w1': 0.859, 'w2': 0.243, 'w3': 0.741, 'w4': 0.791, 'w5': 0.20400000000000001, 'w6': 0.919, 'w7': 0.148, 'w8': 0.761, 'max_depth': 7, 'min_child_weight': 2, 'subsample': 0.8, 'colsample_bytree': 0.8, 'gamma': 2.0}. Best is trial 848 with value: 0.6005661897687894.
[I 2023-10-12 18:15:34,180] Trial 1111 finished with value: 0.5799099624124555 and parameters: {'w0': 0.34800000000000003, 'w1': 0.855, 'w2': 0.28, 'w3': 0.736, 'w4': 0.797, 'w5': 0.20900000000000002, 'w6': 0.924, 'w7': 0.157, 'w8': 0.748, 'max_depth': 7, 'min_child_weight': 2, 'subsample': 0.8, 'colsample_bytree': 0.8, 'gamma': 2.0}. Best is trial 848 with value: 0.6005661897687894.
[I 2023-10-12 18:15:56,238] Trial 1108 finished with value: 0.5808918230884796 and parameters: {'w0': 0.453, 'w1': 0.855, 'w2': 0.34600000000000003, 'w3': 0.741, 'w4': 0.88, 'w5': 0.212, 'w6': 1.0, 'w7': 0.164, 'w8': 0.851, 'max_depth': 7, 'min_child_weight': 2, 'subsample': 0.8, 'colsample_bytree': 0.8, 'gamma': 1.6}. Best is trial 848 with value: 0.6005661897687894.
[I 2023-10-12 18:16:12,003] Trial 1110 finished with value: 0.590242956175319 and parameters: {'w0': 0.343, 'w1': 0.852, 'w2': 0.23700000000000002, 'w3': 0.808, 'w4': 0.801, 'w5': 0.203, 'w6': 0.914, 'w7': 0.161, 'w8': 0.72, 'max_depth': 7, 'min_child_weight': 2, 'subsample': 0.8, 'colsample_bytree': 0.8, 'gamma': 1.6}. Best is trial 848 with value: 0.6005661897687894.
[I 2023-10-12 18:18:06,300] Trial 1112 finished with value: 0.5370363922950101 and parameters: {'w0': 0.042, 'w1': 0.856, 'w2': 0.247, 'w3': 0.747, 'w4': 0.783, 'w5': 0.202, 'w6': 0.923, 'w7': 0.163, 'w8': 0.718, 'max_depth': 7, 'min_child_weight': 2, 'subsample': 0.8, 'colsample_bytree': 0.8, 'gamma': 2.0}. Best is trial 848 with value: 0.6005661897687894.
[I 2023-10-12 18:20:07,683] Trial 1113 finished with value: 0.5859224432867416 and parameters: {'w0': 0.34600000000000003, 'w1': 0.858, 'w2': 0.246, 'w3': 0.739, 'w4': 0.786, 'w5': 0.20400000000000001, 'w6': 0.922, 'w7': 0.296, 'w8': 0.718, 'max_depth': 7, 'min_child_weight': 2, 'subsample': 0.8, 'colsample_bytree': 0.8, 'gamma': 2.0}. Best is trial 848 with value: 0.6005661897687894.
[I 2023-10-12 18:21:06,706] Trial 1117 finished with value: 0.5709162235953114 and parameters: {'w0': 0.34600000000000003, 'w1': 0.871, 'w2': 0.253, 'w3': 0.807, 'w4': 0.878, 'w5': 0.20900000000000002, 'w6': 0.927, 'w7': 0.23700000000000002, 'w8': 0.72, 'max_depth': 7, 'min_child_weight': 2, 'subsample': 0.8, 'colsample_bytree': 0.8, 'gamma': 9.8}. Best is trial 848 with value: 0.6005661897687894.
[I 2023-10-12 18:21:07,232] Trial 1114 finished with value: 0.5977416054951341 and parameters: {'w0': 0.34700000000000003, 'w1': 0.863, 'w2': 0.249, 'w3': 0.737, 'w4': 0.791, 'w5': 0.193, 'w6': 0.929, 'w7': 0.241, 'w8': 0.72, 'max_depth': 7, 'min_child_weight': 2, 'subsample': 0.8, 'colsample_bytree': 0.8, 'gamma': 2.0}. Best is trial 848 with value: 0.6005661897687894.
[I 2023-10-12 18:22:55,047] Trial 1115 finished with value: 0.586530823903583 and parameters: {'w0': 0.342, 'w1': 0.86, 'w2': 0.248, 'w3': 0.735, 'w4': 0.796, 'w5': 0.20800000000000002, 'w6': 0.924, 'w7': 0.232, 'w8': 0.343, 'max_depth': 7, 'min_child_weight': 2, 'subsample': 0.8, 'colsample_bytree': 0.8, 'gamma': 2.0}. Best is trial 848 with value: 0.6005661897687894.
[I 2023-10-12 18:23:44,476] Trial 1122 finished with value: 0.5858317898875859 and parameters: {'w0': 0.374, 'w1': 0.882, 'w2': 0.241, 'w3': 0.811, 'w4': 0.77, 'w5': 0.197, 'w6': 0.928, 'w7': 0.243, 'w8': 0.85, 'max_depth': 7, 'min_child_weight': 2, 'subsample': 0.8, 'colsample_bytree': 0.8, 'gamma': 5.2}. Best is trial 848 with value: 0.6005661897687894.
[I 2023-10-12 18:23:53,419] Trial 1116 finished with value: 0.5830644812991078 and parameters: {'w0': 0.196, 'w1': 0.877, 'w2': 0.246, 'w3': 0.748, 'w4': 0.798, 'w5': 0.203, 'w6': 0.931, 'w7': 0.297, 'w8': 0.76, 'max_depth': 7, 'min_child_weight': 2, 'subsample': 0.8, 'colsample_bytree': 0.8, 'gamma': 2.0}. Best is trial 848 with value: 0.6005661897687894.
[I 2023-10-12 18:24:52,017] Trial 1118 finished with value: 0.5991436499314957 and parameters: {'w0': 0.338, 'w1': 0.877, 'w2': 0.244, 'w3': 0.752, 'w4': 0.879, 'w5': 0.20800000000000002, 'w6': 0.929, 'w7': 0.23900000000000002, 'w8': 0.757, 'max_depth': 7, 'min_child_weight': 2, 'subsample': 0.8, 'colsample_bytree': 0.8, 'gamma': 2.0}. Best is trial 848 with value: 0.6005661897687894.
[I 2023-10-12 18:24:55,575] Trial 1119 finished with value: 0.5960186676443165 and parameters: {'w0': 0.339, 'w1': 0.881, 'w2': 0.241, 'w3': 0.804, 'w4': 0.773, 'w5': 0.20800000000000002, 'w6': 0.928, 'w7': 0.23900000000000002, 'w8': 0.712, 'max_depth': 7, 'min_child_weight': 2, 'subsample': 0.8, 'colsample_bytree': 0.8, 'gamma': 2.0}. Best is trial 848 with value: 0.6005661897687894.
[I 2023-10-12 18:26:29,888] Trial 1120 finished with value: 0.5950918761176739 and parameters: {'w0': 0.342, 'w1': 0.878, 'w2': 0.28600000000000003, 'w3': 0.805, 'w4': 0.756, 'w5': 0.213, 'w6': 0.924, 'w7': 0.243, 'w8': 0.715, 'max_depth': 7, 'min_child_weight': 2, 'subsample': 0.8, 'colsample_bytree': 0.8, 'gamma': 1.6}. Best is trial 848 with value: 0.6005661897687894.
[I 2023-10-12 18:27:27,618] Trial 1121 finished with value: 0.592624199393531 and parameters: {'w0': 0.342, 'w1': 0.879, 'w2': 0.24000000000000002, 'w3': 0.8240000000000001, 'w4': 0.753, 'w5': 0.215, 'w6': 0.93, 'w7': 0.244, 'w8': 0.718, 'max_depth': 7, 'min_child_weight': 2, 'subsample': 0.8, 'colsample_bytree': 0.8, 'gamma': 1.6}. Best is trial 848 with value: 0.6005661897687894.
[I 2023-10-12 18:27:37,797] Trial 1123 finished with value: 0.5967402561415313 and parameters: {'w0': 0.343, 'w1': 0.879, 'w2': 0.243, 'w3': 0.8180000000000001, 'w4': 0.448, 'w5': 0.201, 'w6': 0.932, 'w7': 0.23800000000000002, 'w8': 0.763, 'max_depth': 8, 'min_child_weight': 2, 'subsample': 0.8, 'colsample_bytree': 0.8, 'gamma': 1.6}. Best is trial 848 with value: 0.6005661897687894.
[I 2023-10-12 18:28:13,855] Trial 1128 finished with value: 0.586712070793763 and parameters: {'w0': 0.40900000000000003, 'w1': 0.88, 'w2': 0.294, 'w3': 0.836, 'w4': 0.767, 'w5': 0.146, 'w6': 0.971, 'w7': 0.23900000000000002, 'w8': 0.854, 'max_depth': 8, 'min_child_weight': 2, 'subsample': 0.8, 'colsample_bytree': 0.8, 'gamma': 4.800000000000001}. Best is trial 848 with value: 0.6005661897687894.
[I 2023-10-12 18:29:09,847] Trial 1124 finished with value: 0.5975623531479133 and parameters: {'w0': 0.341, 'w1': 0.881, 'w2': 0.243, 'w3': 0.797, 'w4': 0.76, 'w5': 0.192, 'w6': 0.934, 'w7': 0.23500000000000001, 'w8': 0.855, 'max_depth': 8, 'min_child_weight': 2, 'subsample': 0.8, 'colsample_bytree': 0.8, 'gamma': 1.6}. Best is trial 848 with value: 0.6005661897687894.
[I 2023-10-12 18:29:41,770] Trial 1125 finished with value: 0.5936469236640423 and parameters: {'w0': 0.41400000000000003, 'w1': 0.88, 'w2': 0.247, 'w3': 0.801, 'w4': 0.763, 'w5': 0.147, 'w6': 0.934, 'w7': 0.246, 'w8': 0.851, 'max_depth': 8, 'min_child_weight': 2, 'subsample': 0.8, 'colsample_bytree': 0.8, 'gamma': 1.6}. Best is trial 848 with value: 0.6005661897687894.
[I 2023-10-12 18:29:53,160] Trial 1127 finished with value: 0.5974302607674499 and parameters: {'w0': 0.339, 'w1': 0.876, 'w2': 0.24000000000000002, 'w3': 0.8300000000000001, 'w4': 0.769, 'w5': 0.146, 'w6': 0.936, 'w7': 0.244, 'w8': 0.807, 'max_depth': 8, 'min_child_weight': 2, 'subsample': 0.8, 'colsample_bytree': 0.8, 'gamma': 1.6}. Best is trial 848 with value: 0.6005661897687894.
[I 2023-10-12 18:33:05,034] Trial 1129 finished with value: 0.5858736354087185 and parameters: {'w0': 0.41500000000000004, 'w1': 0.887, 'w2': 0.291, 'w3': 0.6890000000000001, 'w4': 0.749, 'w5': 0.146, 'w6': 0.932, 'w7': 0.23900000000000002, 'w8': 0.304, 'max_depth': 7, 'min_child_weight': 2, 'subsample': 0.8, 'colsample_bytree': 0.8, 'gamma': 1.6}. Best is trial 848 with value: 0.6005661897687894.
[I 2023-10-12 18:33:30,089] Trial 1131 finished with value: 0.594219400055533 and parameters: {'w0': 0.385, 'w1': 0.882, 'w2': 0.29, 'w3': 0.679, 'w4': 0.756, 'w5': 0.17200000000000001, 'w6': 0.907, 'w7': 0.23900000000000002, 'w8': 0.738, 'max_depth': 7, 'min_child_weight': 0, 'subsample': 0.8, 'colsample_bytree': 0.8, 'gamma': 2.4000000000000004}. Best is trial 848 with value: 0.6005661897687894.
[I 2023-10-12 18:34:53,015] Trial 1126 finished with value: 0.5684254600666434 and parameters: {'w0': 0.41400000000000003, 'w1': 0.196, 'w2': 0.241, 'w3': 0.803, 'w4': 0.761, 'w5': 0.171, 'w6': 0.933, 'w7': 0.23900000000000002, 'w8': 0.716, 'max_depth': 8, 'min_child_weight': 12, 'subsample': 0.5, 'colsample_bytree': 0.8, 'gamma': 1.6}. Best is trial 848 with value: 0.6005661897687894.
[I 2023-10-12 18:35:35,608] Trial 1133 finished with value: 0.5959574745240411 and parameters: {'w0': 0.196, 'w1': 0.883, 'w2': 0.28700000000000003, 'w3': 0.6890000000000001, 'w4': 0.758, 'w5': 0.167, 'w6': 0.905, 'w7': 0.245, 'w8': 0.736, 'max_depth': 8, 'min_child_weight': 0, 'subsample': 0.8, 'colsample_bytree': 0.8, 'gamma': 2.4000000000000004}. Best is trial 848 with value: 0.6005661897687894.
[I 2023-10-12 18:35:51,462] Trial 1130 finished with value: 0.5957820055424536 and parameters: {'w0': 0.41100000000000003, 'w1': 0.883, 'w2': 0.28800000000000003, 'w3': 0.835, 'w4': 0.747, 'w5': 0.14300000000000002, 'w6': 0.933, 'w7': 0.244, 'w8': 0.764, 'max_depth': 8, 'min_child_weight': 0, 'subsample': 0.8, 'colsample_bytree': 0.8, 'gamma': 1.6}. Best is trial 848 with value: 0.6005661897687894.
[I 2023-10-12 18:36:15,668] Trial 1134 finished with value: 0.5919799521735197 and parameters: {'w0': 0.41100000000000003, 'w1': 0.882, 'w2': 0.28700000000000003, 'w3': 0.6890000000000001, 'w4': 0.76, 'w5': 0.17, 'w6': 0.908, 'w7': 0.248, 'w8': 0.446, 'max_depth': 8, 'min_child_weight': 0, 'subsample': 0.8, 'colsample_bytree': 0.8, 'gamma': 2.4000000000000004}. Best is trial 848 with value: 0.6005661897687894.
[I 2023-10-12 18:37:27,933] Trial 1139 finished with value: 0.5809183832981203 and parameters: {'w0': 0.41100000000000003, 'w1': 0.834, 'w2': 0.28300000000000003, 'w3': 0.6960000000000001, 'w4': 0.8230000000000001, 'w5': 0.17500000000000002, 'w6': 0.907, 'w7': 0.275, 'w8': 0.737, 'max_depth': 7, 'min_child_weight': 0, 'subsample': 0.8, 'colsample_bytree': 0.4, 'gamma': 4.800000000000001}. Best is trial 848 with value: 0.6005661897687894.
[I 2023-10-12 18:38:27,097] Trial 1136 finished with value: 0.5909230782435791 and parameters: {'w0': 0.41200000000000003, 'w1': 0.8170000000000001, 'w2': 0.28900000000000003, 'w3': 0.6910000000000001, 'w4': 0.8260000000000001, 'w5': 0.168, 'w6': 0.905, 'w7': 0.23800000000000002, 'w8': 0.732, 'max_depth': 8, 'min_child_weight': 0, 'subsample': 0.8, 'colsample_bytree': 0.4, 'gamma': 1.6}. Best is trial 848 with value: 0.6005661897687894.
[I 2023-10-12 18:38:42,215] Trial 1132 finished with value: 0.5869048856073102 and parameters: {'w0': 0.41100000000000003, 'w1': 0.881, 'w2': 0.27, 'w3': 0.681, 'w4': 0.757, 'w5': 0.166, 'w6': 0.905, 'w7': 0.28900000000000003, 'w8': 0.735, 'max_depth': 7, 'min_child_weight': 0, 'subsample': 0.5, 'colsample_bytree': 0.8, 'gamma': 2.4000000000000004}. Best is trial 848 with value: 0.6005661897687894.
[I 2023-10-12 18:39:07,258] Trial 1137 finished with value: 0.5939632392909003 and parameters: {'w0': 0.41700000000000004, 'w1': 0.8190000000000001, 'w2': 0.219, 'w3': 0.6960000000000001, 'w4': 0.8290000000000001, 'w5': 0.17400000000000002, 'w6': 0.9380000000000001, 'w7': 0.23600000000000002, 'w8': 0.742, 'max_depth': 8, 'min_child_weight': 0, 'subsample': 0.8, 'colsample_bytree': 0.8, 'gamma': 2.4000000000000004}. Best is trial 848 with value: 0.6005661897687894.
[I 2023-10-12 18:40:02,318] Trial 1138 finished with value: 0.5944985340302926 and parameters: {'w0': 0.41100000000000003, 'w1': 0.8260000000000001, 'w2': 0.29, 'w3': 0.6940000000000001, 'w4': 0.8250000000000001, 'w5': 0.17200000000000001, 'w6': 0.906, 'w7': 0.23800000000000002, 'w8': 0.686, 'max_depth': 8, 'min_child_weight': 0, 'subsample': 0.8, 'colsample_bytree': 0.8, 'gamma': 2.4000000000000004}. Best is trial 848 with value: 0.6005661897687894.
[I 2023-10-12 18:40:23,535] Trial 1140 finished with value: 0.5781367284428508 and parameters: {'w0': 0.41500000000000004, 'w1': 0.801, 'w2': 0.219, 'w3': 0.6980000000000001, 'w4': 0.8320000000000001, 'w5': 0.171, 'w6': 0.911, 'w7': 0.277, 'w8': 0.686, 'max_depth': 7, 'min_child_weight': 0, 'subsample': 0.8, 'colsample_bytree': 0.8, 'gamma': 2.4000000000000004}. Best is trial 848 with value: 0.6005661897687894.
[I 2023-10-12 18:44:10,396] Trial 1142 finished with value: 0.593152951746667 and parameters: {'w0': 0.377, 'w1': 0.846, 'w2': 0.20800000000000002, 'w3': 0.785, 'w4': 0.907, 'w5': 0.17, 'w6': 0.905, 'w7': 0.229, 'w8': 0.735, 'max_depth': 8, 'min_child_weight': 0, 'subsample': 0.8, 'colsample_bytree': 0.8, 'gamma': 1.6}. Best is trial 848 with value: 0.6005661897687894.
[I 2023-10-12 18:44:19,353] Trial 1141 finished with value: 0.5952199478933392 and parameters: {'w0': 0.376, 'w1': 0.8280000000000001, 'w2': 0.221, 'w3': 0.686, 'w4': 0.8310000000000001, 'w5': 0.179, 'w6': 0.9410000000000001, 'w7': 0.196, 'w8': 0.685, 'max_depth': 8, 'min_child_weight': 0, 'subsample': 0.8, 'colsample_bytree': 0.8, 'gamma': 1.4000000000000001}. Best is trial 848 with value: 0.6005661897687894.
[I 2023-10-12 18:45:36,814] Trial 1143 finished with value: 0.5875954236939049 and parameters: {'w0': 0.373, 'w1': 0.804, 'w2': 0.223, 'w3': 0.685, 'w4': 0.909, 'w5': 0.17300000000000001, 'w6': 0.967, 'w7': 0.276, 'w8': 0.747, 'max_depth': 8, 'min_child_weight': 0, 'subsample': 0.8, 'colsample_bytree': 0.8, 'gamma': 1.4000000000000001}. Best is trial 848 with value: 0.6005661897687894.
[I 2023-10-12 18:46:25,014] Trial 1135 finished with value: 0.5946929083308932 and parameters: {'w0': 0.41400000000000003, 'w1': 0.882, 'w2': 0.28800000000000003, 'w3': 0.686, 'w4': 0.8260000000000001, 'w5': 0.171, 'w6': 0.907, 'w7': 0.23900000000000002, 'w8': 0.734, 'max_depth': 8, 'min_child_weight': 0, 'subsample': 0.8, 'colsample_bytree': 0.8, 'gamma': 0.8}. Best is trial 848 with value: 0.6005661897687894.
[I 2023-10-12 18:49:08,347] Trial 1144 finished with value: 0.5879751744652053 and parameters: {'w0': 0.379, 'w1': 0.8190000000000001, 'w2': 0.223, 'w3': 0.786, 'w4': 0.835, 'w5': 0.17, 'w6': 0.899, 'w7': 0.281, 'w8': 0.732, 'max_depth': 8, 'min_child_weight': 0, 'subsample': 0.8, 'colsample_bytree': 0.8, 'gamma': 1.4000000000000001}. Best is trial 848 with value: 0.6005661897687894.
[I 2023-10-12 18:49:35,964] Trial 1145 finished with value: 0.5942524720719199 and parameters: {'w0': 0.377, 'w1': 0.808, 'w2': 0.20800000000000002, 'w3': 0.756, 'w4': 0.907, 'w5': 0.17600000000000002, 'w6': 0.97, 'w7': 0.192, 'w8': 0.751, 'max_depth': 8, 'min_child_weight': 12, 'subsample': 0.8, 'colsample_bytree': 0.8, 'gamma': 1.4000000000000001}. Best is trial 848 with value: 0.6005661897687894.
[I 2023-10-12 18:49:47,356] Trial 1147 finished with value: 0.591728534993758 and parameters: {'w0': 0.379, 'w1': 0.8260000000000001, 'w2': 0.231, 'w3': 0.785, 'w4': 0.91, 'w5': 0.183, 'w6': 0.524, 'w7': 0.2, 'w8': 0.743, 'max_depth': 9, 'min_child_weight': 0, 'subsample': 0.8, 'colsample_bytree': 0.8, 'gamma': 1.8}. Best is trial 848 with value: 0.6005661897687894.
[I 2023-10-12 18:51:00,587] Trial 1148 finished with value: 0.5910492671462186 and parameters: {'w0': 0.371, 'w1': 0.8300000000000001, 'w2': 0.227, 'w3': 0.758, 'w4': 0.909, 'w5': 0.181, 'w6': 0.973, 'w7': 0.277, 'w8': 0.6980000000000001, 'max_depth': 9, 'min_child_weight': 2, 'subsample': 0.8, 'colsample_bytree': 0.8, 'gamma': 1.4000000000000001}. Best is trial 848 with value: 0.6005661897687894.
[I 2023-10-12 18:51:13,391] Trial 1146 finished with value: 0.5512846214655235 and parameters: {'w0': 0.38, 'w1': 0.842, 'w2': 0.060000000000000005, 'w3': 0.783, 'w4': 0.902, 'w5': 0.77, 'w6': 0.902, 'w7': 0.197, 'w8': 0.751, 'max_depth': 9, 'min_child_weight': 0, 'subsample': 0.8, 'colsample_bytree': 0.8, 'gamma': 1.4000000000000001}. Best is trial 848 with value: 0.6005661897687894.
[I 2023-10-12 18:53:06,630] Trial 1151 finished with value: 0.5971700232412773 and parameters: {'w0': 0.378, 'w1': 0.8170000000000001, 'w2': 0.217, 'w3': 0.783, 'w4': 0.907, 'w5': 0.187, 'w6': 0.968, 'w7': 0.191, 'w8': 0.686, 'max_depth': 9, 'min_child_weight': 2, 'subsample': 0.8, 'colsample_bytree': 0.8, 'gamma': 1.4000000000000001}. Best is trial 848 with value: 0.6005661897687894.
[I 2023-10-12 18:53:09,270] Trial 1149 finished with value: 0.554098989975572 and parameters: {'w0': 0.375, 'w1': 0.8130000000000001, 'w2': 0.056, 'w3': 0.758, 'w4': 0.911, 'w5': 0.185, 'w6': 0.967, 'w7': 0.28, 'w8': 0.6980000000000001, 'max_depth': 9, 'min_child_weight': 2, 'subsample': 0.8, 'colsample_bytree': 0.8, 'gamma': 1.0}. Best is trial 848 with value: 0.6005661897687894.
[I 2023-10-12 18:54:46,815] Trial 1152 finished with value: 0.5947023912227244 and parameters: {'w0': 0.377, 'w1': 0.842, 'w2': 0.227, 'w3': 0.758, 'w4': 0.902, 'w5': 0.186, 'w6': 0.969, 'w7': 0.199, 'w8': 0.748, 'max_depth': 9, 'min_child_weight': 2, 'subsample': 0.7, 'colsample_bytree': 0.8, 'gamma': 1.4000000000000001}. Best is trial 848 with value: 0.6005661897687894.
[I 2023-10-12 18:55:15,078] Trial 1153 finished with value: 0.5968436278715632 and parameters: {'w0': 0.379, 'w1': 0.805, 'w2': 0.213, 'w3': 0.787, 'w4': 0.914, 'w5': 0.183, 'w6': 0.967, 'w7': 0.197, 'w8': 0.6940000000000001, 'max_depth': 9, 'min_child_weight': 2, 'subsample': 0.7, 'colsample_bytree': 0.8, 'gamma': 1.4000000000000001}. Best is trial 848 with value: 0.6005661897687894.
[I 2023-10-12 18:56:42,253] Trial 1154 finished with value: 0.5858465828538507 and parameters: {'w0': 0.378, 'w1': 0.7020000000000001, 'w2': 0.215, 'w3': 0.777, 'w4': 0.911, 'w5': 0.185, 'w6': 0.967, 'w7': 0.276, 'w8': 0.7000000000000001, 'max_depth': 9, 'min_child_weight': 2, 'subsample': 0.7, 'colsample_bytree': 0.8, 'gamma': 1.4000000000000001}. Best is trial 848 with value: 0.6005661897687894.
[I 2023-10-12 18:58:10,098] Trial 1150 finished with value: 0.5712135480993671 and parameters: {'w0': 0.374, 'w1': 0.8320000000000001, 'w2': 0.216, 'w3': 0.787, 'w4': 0.87, 'w5': 0.185, 'w6': 0.082, 'w7': 0.20700000000000002, 'w8': 0.682, 'max_depth': 9, 'min_child_weight': 2, 'subsample': 0.7, 'colsample_bytree': 0.8, 'gamma': 0.8}. Best is trial 848 with value: 0.6005661897687894.
[I 2023-10-12 18:58:40,586] Trial 1157 finished with value: 0.5999124216051056 and parameters: {'w0': 0.328, 'w1': 0.796, 'w2': 0.226, 'w3': 0.76, 'w4': 0.87, 'w5': 0.189, 'w6': 0.973, 'w7': 0.20800000000000002, 'w8': 0.758, 'max_depth': 9, 'min_child_weight': 2, 'subsample': 0.7, 'colsample_bytree': 0.8, 'gamma': 1.8}. Best is trial 848 with value: 0.6005661897687894.
[I 2023-10-12 18:59:41,614] Trial 1155 finished with value: 0.5946715713779717 and parameters: {'w0': 0.371, 'w1': 0.8220000000000001, 'w2': 0.218, 'w3': 0.784, 'w4': 0.904, 'w5': 0.188, 'w6': 0.967, 'w7': 0.20400000000000001, 'w8': 0.6910000000000001, 'max_depth': 9, 'min_child_weight': 2, 'subsample': 0.7, 'colsample_bytree': 0.8, 'gamma': 1.0}. Best is trial 848 with value: 0.6005661897687894.
[I 2023-10-12 19:00:58,668] Trial 1159 finished with value: 0.5944236956843826 and parameters: {'w0': 0.323, 'w1': 0.92, 'w2': 0.268, 'w3': 0.768, 'w4': 0.872, 'w5': 0.189, 'w6': 0.967, 'w7': 0.199, 'w8': 0.757, 'max_depth': 9, 'min_child_weight': 2, 'subsample': 0.7, 'colsample_bytree': 0.8, 'gamma': 1.8}. Best is trial 848 with value: 0.6005661897687894.
[I 2023-10-12 19:02:10,528] Trial 1156 finished with value: 0.5762171266633145 and parameters: {'w0': 0.372, 'w1': 0.115, 'w2': 0.216, 'w3': 0.755, 'w4': 0.869, 'w5': 0.189, 'w6': 0.969, 'w7': 0.198, 'w8': 0.6960000000000001, 'max_depth': 9, 'min_child_weight': 2, 'subsample': 0.7, 'colsample_bytree': 0.8, 'gamma': 1.0}. Best is trial 848 with value: 0.6005661897687894.
[I 2023-10-12 19:02:47,179] Trial 1163 finished with value: 0.5925135908781742 and parameters: {'w0': 0.252, 'w1': 0.914, 'w2': 0.262, 'w3': 0.757, 'w4': 0.884, 'w5': 0.14100000000000001, 'w6': 0.967, 'w7': 0.3, 'w8': 0.766, 'max_depth': 9, 'min_child_weight': 2, 'subsample': 0.8, 'colsample_bytree': 0.8, 'gamma': 2.2}. Best is trial 848 with value: 0.6005661897687894.
[I 2023-10-12 19:03:02,322] Trial 1162 finished with value: 0.5895835908886381 and parameters: {'w0': 0.326, 'w1': 0.916, 'w2': 0.265, 'w3': 0.76, 'w4': 0.867, 'w5': 0.14400000000000002, 'w6': 0.968, 'w7': 0.314, 'w8': 0.707, 'max_depth': 7, 'min_child_weight': 2, 'subsample': 0.7, 'colsample_bytree': 0.8, 'gamma': 2.2}. Best is trial 848 with value: 0.6005661897687894.
