[I 2023-10-13 02:33:23,549] Trial 1670 finished with value: 0.5925866562322337 and parameters: {'w0': 0.35000000000000003, 'w1': 0.687, 'w2': 0.336, 'w3': 0.608, 'w4': 0.991, 'w5': 0.294, 'w6': 0.811, 'w7': 0.257, 'w8': 0.589, 'max_depth': 10, 'min_child_weight': 0, 'subsample': 0.7, 'colsample_bytree': 0.8, 'gamma': 3.0}. Best is trial 848 with value: 0.6005661897687894.
[I 2023-10-13 02:33:27,354] Trial 1668 finished with value: 0.5919056959814928 and parameters: {'w0': 0.34700000000000003, 'w1': 0.712, 'w2': 0.337, 'w3': 0.619, 'w4': 0.994, 'w5': 0.326, 'w6': 0.8130000000000001, 'w7': 0.296, 'w8': 0.908, 'max_depth': 10, 'min_child_weight': 0, 'subsample': 0.7, 'colsample_bytree': 0.8, 'gamma': 3.2}. Best is trial 848 with value: 0.6005661897687894.
[I 2023-10-13 02:33:28,653] Trial 1669 finished with value: 0.5733118291811026 and parameters: {'w0': 0.34700000000000003, 'w1': 0.781, 'w2': 0.328, 'w3': 0.609, 'w4': 0.23, 'w5': 0.304, 'w6': 0.8, 'w7': 0.245, 'w8': 0.876, 'max_depth': 10, 'min_child_weight': 0, 'subsample': 0.7, 'colsample_bytree': 0.8, 'gamma': 3.0}. Best is trial 848 with value: 0.6005661897687894.
[I 2023-10-13 02:34:11,071] Trial 1671 finished with value: 0.5889186566647147 and parameters: {'w0': 0.34800000000000003, 'w1': 0.72, 'w2': 0.333, 'w3': 0.616, 'w4': 0.984, 'w5': 0.233, 'w6': 0.794, 'w7': 0.252, 'w8': 0.876, 'max_depth': 10, 'min_child_weight': 0, 'subsample': 0.7, 'colsample_bytree': 0.8, 'gamma': 3.0}. Best is trial 848 with value: 0.6005661897687894.
[I 2023-10-13 02:34:31,967] Trial 1672 finished with value: 0.5932471828028223 and parameters: {'w0': 0.34600000000000003, 'w1': 0.6890000000000001, 'w2': 0.334, 'w3': 0.623, 'w4': 0.987, 'w5': 0.28600000000000003, 'w6': 0.841, 'w7': 0.255, 'w8': 0.875, 'max_depth': 10, 'min_child_weight': 0, 'subsample': 0.7, 'colsample_bytree': 0.8, 'gamma': 3.0}. Best is trial 848 with value: 0.6005661897687894.
[I 2023-10-13 02:37:00,857] Trial 1673 finished with value: 0.5923250786019727 and parameters: {'w0': 0.34800000000000003, 'w1': 0.718, 'w2': 0.332, 'w3': 0.613, 'w4': 0.992, 'w5': 0.221, 'w6': 0.843, 'w7': 0.252, 'w8': 0.88, 'max_depth': 10, 'min_child_weight': 0, 'subsample': 0.7, 'colsample_bytree': 0.8, 'gamma': 3.2}. Best is trial 848 with value: 0.6005661897687894.
[I 2023-10-13 02:37:51,372] Trial 1674 finished with value: 0.5968088065146703 and parameters: {'w0': 0.388, 'w1': 0.767, 'w2': 0.325, 'w3': 0.603, 'w4': 0.993, 'w5': 0.278, 'w6': 0.847, 'w7': 0.253, 'w8': 0.877, 'max_depth': 10, 'min_child_weight': 0, 'subsample': 0.7, 'colsample_bytree': 0.8, 'gamma': 3.0}. Best is trial 848 with value: 0.6005661897687894.
[I 2023-10-13 02:38:00,686] Trial 1675 finished with value: 0.5929716398017875 and parameters: {'w0': 0.35200000000000004, 'w1': 0.677, 'w2': 0.338, 'w3': 0.607, 'w4': 0.988, 'w5': 0.216, 'w6': 0.8180000000000001, 'w7': 0.254, 'w8': 0.879, 'max_depth': 10, 'min_child_weight': 0, 'subsample': 0.7, 'colsample_bytree': 0.8, 'gamma': 3.0}. Best is trial 848 with value: 0.6005661897687894.
[I 2023-10-13 02:42:05,668] Trial 1676 finished with value: 0.5920823145260083 and parameters: {'w0': 0.35100000000000003, 'w1': 0.768, 'w2': 0.334, 'w3': 0.5650000000000001, 'w4': 0.986, 'w5': 0.219, 'w6': 0.8190000000000001, 'w7': 0.253, 'w8': 0.884, 'max_depth': 10, 'min_child_weight': 0, 'subsample': 0.7, 'colsample_bytree': 0.8, 'gamma': 2.0}. Best is trial 848 with value: 0.6005661897687894.
[I 2023-10-13 02:43:52,565] Trial 1677 finished with value: 0.5940634508944617 and parameters: {'w0': 0.391, 'w1': 0.774, 'w2': 0.333, 'w3': 0.609, 'w4': 0.984, 'w5': 0.215, 'w6': 0.807, 'w7': 0.252, 'w8': 0.902, 'max_depth': 10, 'min_child_weight': 0, 'subsample': 0.7, 'colsample_bytree': 0.8, 'gamma': 2.0}. Best is trial 848 with value: 0.6005661897687894.
[I 2023-10-13 02:44:21,123] Trial 1679 finished with value: 0.5987796875449035 and parameters: {'w0': 0.393, 'w1': 0.768, 'w2': 0.279, 'w3': 0.5680000000000001, 'w4': 0.93, 'w5': 0.217, 'w6': 0.862, 'w7': 0.258, 'w8': 0.893, 'max_depth': 10, 'min_child_weight': 0, 'subsample': 0.7, 'colsample_bytree': 0.8, 'gamma': 2.0}. Best is trial 848 with value: 0.6005661897687894.
[I 2023-10-13 02:44:25,426] Trial 1678 finished with value: 0.592722703077065 and parameters: {'w0': 0.34400000000000003, 'w1': 0.764, 'w2': 0.332, 'w3': 0.607, 'w4': 0.998, 'w5': 0.28600000000000003, 'w6': 0.8150000000000001, 'w7': 0.253, 'w8': 0.873, 'max_depth': 10, 'min_child_weight': 0, 'subsample': 0.7, 'colsample_bytree': 0.8, 'gamma': 2.0}. Best is trial 848 with value: 0.6005661897687894.
[I 2023-10-13 02:44:44,961] Trial 1682 finished with value: 0.5778712921465543 and parameters: {'w0': 0.392, 'w1': 0.767, 'w2': 0.329, 'w3': 0.608, 'w4': 0.241, 'w5': 0.215, 'w6': 0.854, 'w7': 0.254, 'w8': 0.91, 'max_depth': 10, 'min_child_weight': 0, 'subsample': 0.7, 'colsample_bytree': 0.8, 'gamma': 3.0}. Best is trial 848 with value: 0.6005661897687894.
[I 2023-10-13 02:46:08,144] Trial 1681 finished with value: 0.5654745213224653 and parameters: {'w0': 0.39, 'w1': 0.792, 'w2': 0.332, 'w3': 0.624, 'w4': 0.907, 'w5': 0.218, 'w6': 0.848, 'w7': 0.642, 'w8': 0.865, 'max_depth': 10, 'min_child_weight': 0, 'subsample': 0.7, 'colsample_bytree': 0.8, 'gamma': 3.0}. Best is trial 848 with value: 0.6005661897687894.
[I 2023-10-13 02:46:23,653] Trial 1683 finished with value: 0.5818904502614833 and parameters: {'w0': 0.931, 'w1': 0.775, 'w2': 0.333, 'w3': 0.616, 'w4': 0.93, 'w5': 0.313, 'w6': 0.866, 'w7': 0.256, 'w8': 0.901, 'max_depth': 10, 'min_child_weight': 0, 'subsample': 0.7, 'colsample_bytree': 0.8, 'gamma': 3.0}. Best is trial 848 with value: 0.6005661897687894.
[I 2023-10-13 02:47:11,382] Trial 1680 finished with value: 0.5929156816722541 and parameters: {'w0': 0.391, 'w1': 0.774, 'w2': 0.33, 'w3': 0.612, 'w4': 0.906, 'w5': 0.217, 'w6': 0.849, 'w7': 0.25, 'w8': 0.904, 'max_depth': 10, 'min_child_weight': 0, 'subsample': 0.7, 'colsample_bytree': 0.8, 'gamma': 2.0}. Best is trial 848 with value: 0.6005661897687894.
[I 2023-10-13 02:48:03,979] Trial 1686 finished with value: 0.5815079432084969 and parameters: {'w0': 0.385, 'w1': 0.774, 'w2': 0.273, 'w3': 0.62, 'w4': 0.188, 'w5': 0.216, 'w6': 0.842, 'w7': 0.212, 'w8': 0.897, 'max_depth': 10, 'min_child_weight': 0, 'subsample': 0.7, 'colsample_bytree': 0.8, 'gamma': 2.0}. Best is trial 848 with value: 0.6005661897687894.
[I 2023-10-13 02:48:13,321] Trial 1684 finished with value: 0.5955692321389581 and parameters: {'w0': 0.395, 'w1': 0.796, 'w2': 0.279, 'w3': 0.62, 'w4': 0.907, 'w5': 0.219, 'w6': 0.863, 'w7': 0.218, 'w8': 0.894, 'max_depth': 10, 'min_child_weight': 0, 'subsample': 0.7, 'colsample_bytree': 0.8, 'gamma': 2.0}. Best is trial 848 with value: 0.6005661897687894.
[I 2023-10-13 02:48:31,990] Trial 1685 finished with value: 0.5977731073191626 and parameters: {'w0': 0.387, 'w1': 0.78, 'w2': 0.276, 'w3': 0.616, 'w4': 0.909, 'w5': 0.216, 'w6': 0.862, 'w7': 0.252, 'w8': 0.908, 'max_depth': 10, 'min_child_weight': 0, 'subsample': 0.7, 'colsample_bytree': 0.8, 'gamma': 2.0}. Best is trial 848 with value: 0.6005661897687894.
[I 2023-10-13 02:49:01,814] Trial 1687 finished with value: 0.5870393190971266 and parameters: {'w0': 0.393, 'w1': 0.793, 'w2': 0.278, 'w3': 0.5660000000000001, 'w4': 0.507, 'w5': 0.214, 'w6': 0.868, 'w7': 0.223, 'w8': 0.898, 'max_depth': 10, 'min_child_weight': 0, 'subsample': 0.7, 'colsample_bytree': 0.8, 'gamma': 2.0}. Best is trial 848 with value: 0.6005661897687894.
[I 2023-10-13 02:49:42,553] Trial 1688 finished with value: 0.5914874707694108 and parameters: {'w0': 0.39, 'w1': 0.768, 'w2': 0.279, 'w3': 0.62, 'w4': 0.929, 'w5': 0.315, 'w6': 0.926, 'w7': 0.232, 'w8': 0.898, 'max_depth': 10, 'min_child_weight': 0, 'subsample': 0.7, 'colsample_bytree': 0.8, 'gamma': 2.0}. Best is trial 848 with value: 0.6005661897687894.
[I 2023-10-13 02:52:30,375] Trial 1689 finished with value: 0.5926863023415273 and parameters: {'w0': 0.393, 'w1': 0.77, 'w2': 0.277, 'w3': 0.5740000000000001, 'w4': 0.908, 'w5': 0.514, 'w6': 0.867, 'w7': 0.223, 'w8': 0.904, 'max_depth': 10, 'min_child_weight': 0, 'subsample': 0.7, 'colsample_bytree': 0.8, 'gamma': 2.0}. Best is trial 848 with value: 0.6005661897687894.
[I 2023-10-13 02:52:40,231] Trial 1690 finished with value: 0.5948582404607472 and parameters: {'w0': 0.39, 'w1': 0.806, 'w2': 0.277, 'w3': 0.5700000000000001, 'w4': 0.905, 'w5': 0.20800000000000002, 'w6': 0.768, 'w7': 0.225, 'w8': 0.899, 'max_depth': 10, 'min_child_weight': 0, 'subsample': 0.7, 'colsample_bytree': 0.8, 'gamma': 2.0}. Best is trial 848 with value: 0.6005661897687894.
[I 2023-10-13 02:52:48,874] Trial 1691 finished with value: 0.5948963193581214 and parameters: {'w0': 0.39, 'w1': 0.782, 'w2': 0.28, 'w3': 0.56, 'w4': 0.912, 'w5': 0.211, 'w6': 0.872, 'w7': 0.211, 'w8': 0.925, 'max_depth': 10, 'min_child_weight': 0, 'subsample': 0.7, 'colsample_bytree': 0.8, 'gamma': 2.0}. Best is trial 848 with value: 0.6005661897687894.
[I 2023-10-13 02:57:01,458] Trial 1692 finished with value: 0.5955637867782207 and parameters: {'w0': 0.398, 'w1': 0.778, 'w2': 0.276, 'w3': 0.58, 'w4': 0.902, 'w5': 0.18, 'w6': 0.863, 'w7': 0.221, 'w8': 0.91, 'max_depth': 10, 'min_child_weight': 0, 'subsample': 0.7, 'colsample_bytree': 0.8, 'gamma': 2.0}. Best is trial 848 with value: 0.6005661897687894.
[I 2023-10-13 02:58:26,685] Trial 1693 finished with value: 0.5934701658502022 and parameters: {'w0': 0.397, 'w1': 0.788, 'w2': 0.279, 'w3': 0.5730000000000001, 'w4': 0.912, 'w5': 0.183, 'w6': 0.875, 'w7': 0.215, 'w8': 0.9400000000000001, 'max_depth': 10, 'min_child_weight': 0, 'subsample': 0.7, 'colsample_bytree': 0.8, 'gamma': 2.2}. Best is trial 848 with value: 0.6005661897687894.
[I 2023-10-13 02:59:20,585] Trial 1695 finished with value: 0.5943983115022384 and parameters: {'w0': 0.382, 'w1': 0.747, 'w2': 0.28, 'w3': 0.5720000000000001, 'w4': 0.931, 'w5': 0.214, 'w6': 0.863, 'w7': 0.223, 'w8': 0.904, 'max_depth': 10, 'min_child_weight': 0, 'subsample': 0.7, 'colsample_bytree': 0.8, 'gamma': 2.0}. Best is trial 848 with value: 0.6005661897687894.
[I 2023-10-13 02:59:25,975] Trial 1694 finished with value: 0.5942995287143393 and parameters: {'w0': 0.387, 'w1': 0.758, 'w2': 0.278, 'w3': 0.585, 'w4': 0.933, 'w5': 0.219, 'w6': 0.856, 'w7': 0.224, 'w8': 0.9390000000000001, 'max_depth': 10, 'min_child_weight': 0, 'subsample': 0.7, 'colsample_bytree': 0.8, 'gamma': 2.0}. Best is trial 848 with value: 0.6005661897687894.
[I 2023-10-13 02:59:35,200] Trial 1696 finished with value: 0.5962595379795532 and parameters: {'w0': 0.382, 'w1': 0.608, 'w2': 0.278, 'w3': 0.623, 'w4': 0.934, 'w5': 0.217, 'w6': 0.769, 'w7': 0.225, 'w8': 0.932, 'max_depth': 10, 'min_child_weight': 0, 'subsample': 0.7, 'colsample_bytree': 0.8, 'gamma': 2.0}. Best is trial 848 with value: 0.6005661897687894.
[I 2023-10-13 03:01:22,928] Trial 1698 finished with value: 0.5937468750564722 and parameters: {'w0': 0.382, 'w1': 0.743, 'w2': 0.278, 'w3': 0.5740000000000001, 'w4': 0.935, 'w5': 0.213, 'w6': 0.866, 'w7': 0.213, 'w8': 0.9390000000000001, 'max_depth': 10, 'min_child_weight': 0, 'subsample': 0.7, 'colsample_bytree': 0.8, 'gamma': 2.0}. Best is trial 848 with value: 0.6005661897687894.
[I 2023-10-13 03:01:32,833] Trial 1697 finished with value: 0.5937382903125412 and parameters: {'w0': 0.386, 'w1': 0.606, 'w2': 0.278, 'w3': 0.582, 'w4': 0.936, 'w5': 0.20800000000000002, 'w6': 0.862, 'w7': 0.32, 'w8': 0.9, 'max_depth': 10, 'min_child_weight': 0, 'subsample': 0.7, 'colsample_bytree': 0.8, 'gamma': 2.0}. Best is trial 848 with value: 0.6005661897687894.
[I 2023-10-13 03:01:35,461] Trial 1699 finished with value: 0.5938353459951774 and parameters: {'w0': 0.213, 'w1': 0.748, 'w2': 0.281, 'w3': 0.5690000000000001, 'w4': 0.935, 'w5': 0.20800000000000002, 'w6': 0.876, 'w7': 0.219, 'w8': 0.9400000000000001, 'max_depth': 10, 'min_child_weight': 0, 'subsample': 0.7, 'colsample_bytree': 0.8, 'gamma': 2.0}. Best is trial 848 with value: 0.6005661897687894.
[I 2023-10-13 03:02:16,453] Trial 1701 finished with value: 0.590538951599017 and parameters: {'w0': 0.377, 'w1': 0.863, 'w2': 0.28400000000000003, 'w3': 0.5770000000000001, 'w4': 0.9390000000000001, 'w5': 0.185, 'w6': 0.87, 'w7': 0.332, 'w8': 0.9430000000000001, 'max_depth': 10, 'min_child_weight': 0, 'subsample': 0.7, 'colsample_bytree': 0.8, 'gamma': 2.6}. Best is trial 848 with value: 0.6005661897687894.
[I 2023-10-13 03:02:31,359] Trial 1702 finished with value: 0.5752838425840611 and parameters: {'w0': 0.378, 'w1': 0.732, 'w2': 0.225, 'w3': 0.592, 'w4': 0.934, 'w5': 0.181, 'w6': 0.872, 'w7': 0.336, 'w8': 0.85, 'max_depth': 10, 'min_child_weight': 0, 'subsample': 0.7, 'colsample_bytree': 0.8, 'gamma': 2.6}. Best is trial 848 with value: 0.6005661897687894.
[I 2023-10-13 03:02:57,200] Trial 1703 finished with value: 0.5834400147550575 and parameters: {'w0': 0.385, 'w1': 0.749, 'w2': 0.231, 'w3': 0.5740000000000001, 'w4': 0.9590000000000001, 'w5': 0.185, 'w6': 0.875, 'w7': 0.322, 'w8': 0.9380000000000001, 'max_depth': 10, 'min_child_weight': 0, 'subsample': 0.7, 'colsample_bytree': 0.8, 'gamma': 2.6}. Best is trial 848 with value: 0.6005661897687894.
[I 2023-10-13 03:03:06,173] Trial 1704 finished with value: 0.5763465614749184 and parameters: {'w0': 0.212, 'w1': 0.741, 'w2': 0.231, 'w3': 0.5720000000000001, 'w4': 0.9380000000000001, 'w5': 0.181, 'w6': 0.76, 'w7': 0.322, 'w8': 0.9470000000000001, 'max_depth': 10, 'min_child_weight': 0, 'subsample': 0.7, 'colsample_bytree': 0.8, 'gamma': 2.6}. Best is trial 848 with value: 0.6005661897687894.
[I 2023-10-13 03:04:16,126] Trial 1700 finished with value: 0.5884420463325685 and parameters: {'w0': 0.378, 'w1': 0.604, 'w2': 0.281, 'w3': 0.58, 'w4': 0.932, 'w5': 0.376, 'w6': 0.858, 'w7': 0.331, 'w8': 0.929, 'max_depth': 10, 'min_child_weight': 0, 'subsample': 0.7, 'colsample_bytree': 0.8, 'gamma': 2.0}. Best is trial 848 with value: 0.6005661897687894.
[I 2023-10-13 03:06:14,636] Trial 1705 finished with value: 0.5816290938369051 and parameters: {'w0': 0.215, 'w1': 0.859, 'w2': 0.25, 'w3': 0.581, 'w4': 0.969, 'w5': 0.179, 'w6': 0.882, 'w7': 0.329, 'w8': 0.856, 'max_depth': 10, 'min_child_weight': 0, 'subsample': 0.7, 'colsample_bytree': 0.8, 'gamma': 2.6}. Best is trial 848 with value: 0.6005661897687894.
[I 2023-10-13 03:06:17,307] Trial 1706 finished with value: 0.5753260120427676 and parameters: {'w0': 0.372, 'w1': 0.527, 'w2': 0.223, 'w3': 0.586, 'w4': 0.9390000000000001, 'w5': 0.182, 'w6': 0.881, 'w7': 0.331, 'w8': 0.934, 'max_depth': 10, 'min_child_weight': 0, 'subsample': 0.7, 'colsample_bytree': 0.8, 'gamma': 2.6}. Best is trial 848 with value: 0.6005661897687894.
[I 2023-10-13 03:07:32,608] Trial 1707 finished with value: 0.575207182570635 and parameters: {'w0': 0.8330000000000001, 'w1': 0.601, 'w2': 0.25, 'w3': 0.579, 'w4': 0.9450000000000001, 'w5': 0.185, 'w6': 0.632, 'w7': 0.328, 'w8': 0.936, 'max_depth': 10, 'min_child_weight': 0, 'subsample': 0.7, 'colsample_bytree': 0.8, 'gamma': 2.6}. Best is trial 848 with value: 0.6005661897687894.
[I 2023-10-13 03:11:06,119] Trial 1708 finished with value: 0.5836342118817659 and parameters: {'w0': 0.446, 'w1': 0.861, 'w2': 0.258, 'w3': 0.587, 'w4': 0.9450000000000001, 'w5': 0.183, 'w6': 0.889, 'w7': 0.327, 'w8': 0.9470000000000001, 'max_depth': 10, 'min_child_weight': 0, 'subsample': 0.7, 'colsample_bytree': 0.8, 'gamma': 2.6}. Best is trial 848 with value: 0.6005661897687894.
[I 2023-10-13 03:12:33,994] Trial 1709 finished with value: 0.5755348132252465 and parameters: {'w0': 0.368, 'w1': 0.863, 'w2': 0.232, 'w3': 0.593, 'w4': 0.9390000000000001, 'w5': 0.263, 'w6': 0.876, 'w7': 0.333, 'w8': 0.9440000000000001, 'max_depth': 10, 'min_child_weight': 0, 'subsample': 0.7, 'colsample_bytree': 0.8, 'gamma': 2.6}. Best is trial 848 with value: 0.6005661897687894.
[I 2023-10-13 03:13:13,299] Trial 1710 finished with value: 0.5816678733595649 and parameters: {'w0': 0.373, 'w1': 0.858, 'w2': 0.24000000000000002, 'w3': 0.5740000000000001, 'w4': 0.964, 'w5': 0.265, 'w6': 0.874, 'w7': 0.315, 'w8': 0.9430000000000001, 'max_depth': 10, 'min_child_weight': 0, 'subsample': 0.7, 'colsample_bytree': 0.8, 'gamma': 2.6}. Best is trial 848 with value: 0.6005661897687894.
[I 2023-10-13 03:13:25,575] Trial 1716 finished with value: 0.5654803177014486 and parameters: {'w0': 0.436, 'w1': 0.859, 'w2': 0.232, 'w3': 0.596, 'w4': 0.969, 'w5': 0.177, 'w6': 0.835, 'w7': 0.324, 'w8': 0.86, 'max_depth': 10, 'min_child_weight': 0, 'subsample': 0.7, 'colsample_bytree': 0.8, 'gamma': 5.2}. Best is trial 848 with value: 0.6005661897687894.
[I 2023-10-13 03:13:28,911] Trial 1711 finished with value: 0.5806658654277582 and parameters: {'w0': 0.37, 'w1': 0.861, 'w2': 0.23600000000000002, 'w3': 0.597, 'w4': 0.966, 'w5': 0.257, 'w6': 0.8250000000000001, 'w7': 0.328, 'w8': 0.854, 'max_depth': 10, 'min_child_weight': 0, 'subsample': 0.7, 'colsample_bytree': 0.8, 'gamma': 2.6}. Best is trial 848 with value: 0.6005661897687894.
[I 2023-10-13 03:13:41,249] Trial 1712 finished with value: 0.5880971453774726 and parameters: {'w0': 0.444, 'w1': 0.86, 'w2': 0.262, 'w3': 0.595, 'w4': 0.962, 'w5': 0.182, 'w6': 0.8290000000000001, 'w7': 0.329, 'w8': 0.856, 'max_depth': 10, 'min_child_weight': 0, 'subsample': 0.7, 'colsample_bytree': 0.8, 'gamma': 2.6}. Best is trial 848 with value: 0.6005661897687894.
[I 2023-10-13 03:14:35,619] Trial 1713 finished with value: 0.5850757592848584 and parameters: {'w0': 0.21, 'w1': 0.866, 'w2': 0.252, 'w3': 0.586, 'w4': 0.964, 'w5': 0.183, 'w6': 0.835, 'w7': 0.334, 'w8': 0.856, 'max_depth': 10, 'min_child_weight': 0, 'subsample': 0.7, 'colsample_bytree': 0.8, 'gamma': 2.6}. Best is trial 848 with value: 0.6005661897687894.
[I 2023-10-13 03:15:00,418] Trial 1714 finished with value: 0.5814246349557646 and parameters: {'w0': 0.368, 'w1': 0.856, 'w2': 0.228, 'w3': 0.593, 'w4': 0.775, 'w5': 0.179, 'w6': 0.8310000000000001, 'w7': 0.319, 'w8': 0.855, 'max_depth': 10, 'min_child_weight': 0, 'subsample': 0.7, 'colsample_bytree': 0.8, 'gamma': 2.6}. Best is trial 848 with value: 0.6005661897687894.
[I 2023-10-13 03:15:21,990] Trial 1715 finished with value: 0.5762221246153337 and parameters: {'w0': 0.431, 'w1': 0.861, 'w2': 0.231, 'w3': 0.593, 'w4': 0.962, 'w5': 0.262, 'w6': 0.888, 'w7': 0.33, 'w8': 0.857, 'max_depth': 10, 'min_child_weight': 12, 'subsample': 0.7, 'colsample_bytree': 0.8, 'gamma': 2.6}. Best is trial 848 with value: 0.6005661897687894.
[I 2023-10-13 03:15:58,162] Trial 1717 finished with value: 0.5810656567131365 and parameters: {'w0': 0.433, 'w1': 0.853, 'w2': 0.25, 'w3': 0.6, 'w4': 0.775, 'w5': 0.268, 'w6': 0.835, 'w7': 0.319, 'w8': 0.856, 'max_depth': 10, 'min_child_weight': 12, 'subsample': 0.7, 'colsample_bytree': 0.8, 'gamma': 2.6}. Best is trial 848 with value: 0.6005661897687894.
[I 2023-10-13 03:16:01,276] Trial 1718 finished with value: 0.5946886220908302 and parameters: {'w0': 0.443, 'w1': 0.859, 'w2': 0.246, 'w3': 0.593, 'w4': 0.966, 'w5': 0.266, 'w6': 0.93, 'w7': 0.269, 'w8': 0.861, 'max_depth': 10, 'min_child_weight': 2, 'subsample': 0.7, 'colsample_bytree': 0.8, 'gamma': 2.4000000000000004}. Best is trial 848 with value: 0.6005661897687894.
[I 2023-10-13 03:16:14,109] Trial 1719 finished with value: 0.5881042725588759 and parameters: {'w0': 0.444, 'w1': 0.863, 'w2': 0.25, 'w3': 0.593, 'w4': 0.782, 'w5': 0.268, 'w6': 0.421, 'w7': 0.27, 'w8': 0.855, 'max_depth': 10, 'min_child_weight': 12, 'subsample': 0.7, 'colsample_bytree': 0.8, 'gamma': 2.4000000000000004}. Best is trial 848 with value: 0.6005661897687894.
[I 2023-10-13 03:17:06,939] Trial 1720 finished with value: 0.5987813144990839 and parameters: {'w0': 0.443, 'w1': 0.645, 'w2': 0.259, 'w3': 0.59, 'w4': 0.961, 'w5': 0.26, 'w6': 0.928, 'w7': 0.272, 'w8': 0.854, 'max_depth': 10, 'min_child_weight': 2, 'subsample': 0.7, 'colsample_bytree': 0.8, 'gamma': 2.4000000000000004}. Best is trial 848 with value: 0.6005661897687894.
[I 2023-10-13 03:18:38,049] Trial 1722 finished with value: 0.5646089607713782 and parameters: {'w0': 0.442, 'w1': 0.035, 'w2': 0.312, 'w3': 0.599, 'w4': 0.786, 'w5': 0.261, 'w6': 0.8330000000000001, 'w7': 0.271, 'w8': 0.8320000000000001, 'max_depth': 10, 'min_child_weight': 2, 'subsample': 0.7, 'colsample_bytree': 0.8, 'gamma': 2.4000000000000004}. Best is trial 848 with value: 0.6005661897687894.
[I 2023-10-13 03:19:10,963] Trial 1721 finished with value: 0.5927618944125481 and parameters: {'w0': 0.445, 'w1': 0.865, 'w2': 0.255, 'w3': 0.597, 'w4': 0.788, 'w5': 0.252, 'w6': 0.93, 'w7': 0.272, 'w8': 0.835, 'max_depth': 10, 'min_child_weight': 2, 'subsample': 0.7, 'colsample_bytree': 0.8, 'gamma': 2.4000000000000004}. Best is trial 848 with value: 0.6005661897687894.
[I 2023-10-13 03:20:22,040] Trial 1723 finished with value: 0.5930186290833532 and parameters: {'w0': 0.442, 'w1': 0.861, 'w2': 0.311, 'w3': 0.599, 'w4': 0.774, 'w5': 0.275, 'w6': 0.839, 'w7': 0.269, 'w8': 0.835, 'max_depth': 10, 'min_child_weight': 2, 'subsample': 0.7, 'colsample_bytree': 0.8, 'gamma': 2.4000000000000004}. Best is trial 848 with value: 0.6005661897687894.
[I 2023-10-13 03:23:55,838] Trial 1724 finished with value: 0.5587093138342573 and parameters: {'w0': 0.44, 'w1': 0.8160000000000001, 'w2': 0.09, 'w3': 0.601, 'w4': 0.969, 'w5': 0.258, 'w6': 0.84, 'w7': 0.272, 'w8': 0.84, 'max_depth': 10, 'min_child_weight': 2, 'subsample': 0.7, 'colsample_bytree': 0.8, 'gamma': 2.4000000000000004}. Best is trial 848 with value: 0.6005661897687894.
[I 2023-10-13 03:24:59,223] Trial 1730 finished with value: 0.5677010513804959 and parameters: {'w0': 0.424, 'w1': 0.091, 'w2': 0.313, 'w3': 0.627, 'w4': 0.781, 'w5': 0.23800000000000002, 'w6': 0.925, 'w7': 0.272, 'w8': 0.845, 'max_depth': 10, 'min_child_weight': 2, 'subsample': 0.7, 'colsample_bytree': 0.8, 'gamma': 4.0}. Best is trial 848 with value: 0.6005661897687894.
