[I 2023-10-11 19:07:36,724] Trial 1645 finished with value: 0.6133211274637085 and parameters: {'w0': 0.22, 'w1': 0.978, 'w2': 0.194, 'w3': 0.662, 'w4': 0.71, 'w5': 0.075, 'w6': 0.668, 'w7': 0.12000000000000001, 'w8': 0.684, 'max_depth': 6, 'min_child_weight': 4, 'subsample': 0.8, 'colsample_bytree': 1.0, 'gamma': 1.0}. Best is trial 1567 with value: 0.6283160415739565.
[I 2023-10-11 19:07:58,590] Trial 1644 finished with value: 0.6248101910065414 and parameters: {'w0': 0.222, 'w1': 0.9580000000000001, 'w2': 0.2, 'w3': 0.66, 'w4': 0.6940000000000001, 'w5': 0.075, 'w6': 0.658, 'w7': 0.157, 'w8': 0.677, 'max_depth': 6, 'min_child_weight': 8, 'subsample': 0.8, 'colsample_bytree': 1.0, 'gamma': 1.0}. Best is trial 1567 with value: 0.6283160415739565.
[I 2023-10-11 19:08:21,582] Trial 1646 finished with value: 0.6108942554166946 and parameters: {'w0': 0.231, 'w1': 0.916, 'w2': 0.20900000000000002, 'w3': 0.617, 'w4': 0.747, 'w5': 0.11900000000000001, 'w6': 0.667, 'w7': 0.1, 'w8': 0.6910000000000001, 'max_depth': 6, 'min_child_weight': 6, 'subsample': 0.8, 'colsample_bytree': 1.0, 'gamma': 1.0}. Best is trial 1567 with value: 0.6283160415739565.
[I 2023-10-11 19:09:44,425] Trial 1647 finished with value: 0.6066024202577059 and parameters: {'w0': 0.277, 'w1': 0.971, 'w2': 0.20700000000000002, 'w3': 0.6960000000000001, 'w4': 0.745, 'w5': 0.084, 'w6': 0.677, 'w7': 0.106, 'w8': 0.676, 'max_depth': 6, 'min_child_weight': 6, 'subsample': 0.8, 'colsample_bytree': 1.0, 'gamma': 1.0}. Best is trial 1567 with value: 0.6283160415739565.
[I 2023-10-11 19:11:40,116] Trial 1649 finished with value: 0.6235583856532403 and parameters: {'w0': 0.28200000000000003, 'w1': 0.9510000000000001, 'w2': 0.20400000000000001, 'w3': 0.656, 'w4': 0.713, 'w5': 0.11900000000000001, 'w6': 0.669, 'w7': 0.155, 'w8': 0.685, 'max_depth': 6, 'min_child_weight': 6, 'subsample': 0.8, 'colsample_bytree': 1.0, 'gamma': 1.0}. Best is trial 1567 with value: 0.6283160415739565.
[I 2023-10-11 19:13:33,526] Trial 1648 finished with value: 0.5827386594195851 and parameters: {'w0': 0.23900000000000002, 'w1': 0.9500000000000001, 'w2': 0.203, 'w3': 0.6950000000000001, 'w4': 0.746, 'w5': 0.045, 'w6': 0.676, 'w7': 0.714, 'w8': 0.687, 'max_depth': 6, 'min_child_weight': 6, 'subsample': 0.8, 'colsample_bytree': 1.0, 'gamma': 1.0}. Best is trial 1567 with value: 0.6283160415739565.
[I 2023-10-11 19:13:47,238] Trial 1652 finished with value: 0.6223390296193168 and parameters: {'w0': 0.23800000000000002, 'w1': 0.922, 'w2': 0.189, 'w3': 0.657, 'w4': 0.742, 'w5': 0.078, 'w6': 0.67, 'w7': 0.158, 'w8': 0.68, 'max_depth': 6, 'min_child_weight': 6, 'subsample': 0.8, 'colsample_bytree': 1.0, 'gamma': 1.0}. Best is trial 1567 with value: 0.6283160415739565.
[I 2023-10-11 19:15:03,573] Trial 1658 finished with value: 0.5884330742287933 and parameters: {'w0': 0.241, 'w1': 0.916, 'w2': 0.23, 'w3': 0.612, 'w4': 0.788, 'w5': 0.115, 'w6': 0.717, 'w7': 0.155, 'w8': 0.669, 'max_depth': 6, 'min_child_weight': 6, 'subsample': 0.8, 'colsample_bytree': 1.0, 'gamma': 5.800000000000001}. Best is trial 1567 with value: 0.6283160415739565.
[I 2023-10-11 19:15:19,040] Trial 1653 finished with value: 0.6215819612030239 and parameters: {'w0': 0.242, 'w1': 0.9460000000000001, 'w2': 0.188, 'w3': 0.62, 'w4': 0.741, 'w5': 0.113, 'w6': 0.67, 'w7': 0.155, 'w8': 0.671, 'max_depth': 6, 'min_child_weight': 6, 'subsample': 0.8, 'colsample_bytree': 1.0, 'gamma': 1.0}. Best is trial 1567 with value: 0.6283160415739565.
[I 2023-10-11 19:18:36,698] Trial 1654 finished with value: 0.5853215772064805 and parameters: {'w0': 0.246, 'w1': 0.922, 'w2': 0.191, 'w3': 0.63, 'w4': 0.742, 'w5': 0.116, 'w6': 0.723, 'w7': 0.156, 'w8': 0.074, 'max_depth': 6, 'min_child_weight': 6, 'subsample': 0.8, 'colsample_bytree': 1.0, 'gamma': 1.0}. Best is trial 1567 with value: 0.6283160415739565.
[I 2023-10-11 19:22:58,152] Trial 1655 finished with value: 0.6209729288673157 and parameters: {'w0': 0.234, 'w1': 0.922, 'w2': 0.191, 'w3': 0.7030000000000001, 'w4': 0.723, 'w5': 0.122, 'w6': 0.673, 'w7': 0.124, 'w8': 0.673, 'max_depth': 6, 'min_child_weight': 6, 'subsample': 0.8, 'colsample_bytree': 1.0, 'gamma': 0.8}. Best is trial 1567 with value: 0.6283160415739565.
[I 2023-10-11 19:23:48,488] Trial 1656 finished with value: 0.6242370162265449 and parameters: {'w0': 0.245, 'w1': 0.9420000000000001, 'w2': 0.187, 'w3': 0.71, 'w4': 0.714, 'w5': 0.047, 'w6': 0.725, 'w7': 0.149, 'w8': 0.666, 'max_depth': 6, 'min_child_weight': 6, 'subsample': 0.8, 'colsample_bytree': 1.0, 'gamma': 0.8}. Best is trial 1567 with value: 0.6283160415739565.
[I 2023-10-11 19:24:09,374] Trial 1657 finished with value: 0.62700180580913 and parameters: {'w0': 0.244, 'w1': 0.917, 'w2': 0.191, 'w3': 0.7000000000000001, 'w4': 0.72, 'w5': 0.10400000000000001, 'w6': 0.719, 'w7': 0.148, 'w8': 0.67, 'max_depth': 6, 'min_child_weight': 6, 'subsample': 0.8, 'colsample_bytree': 1.0, 'gamma': 0.8}. Best is trial 1567 with value: 0.6283160415739565.
[I 2023-10-11 19:26:13,371] Trial 1659 finished with value: 0.6192802022532314 and parameters: {'w0': 0.25, 'w1': 0.9400000000000001, 'w2': 0.245, 'w3': 0.619, 'w4': 0.715, 'w5': 0.116, 'w6': 0.721, 'w7': 0.158, 'w8': 0.671, 'max_depth': 6, 'min_child_weight': 6, 'subsample': 0.8, 'colsample_bytree': 1.0, 'gamma': 0.8}. Best is trial 1567 with value: 0.6283160415739565.
[I 2023-10-11 19:26:14,408] Trial 1660 finished with value: 0.6208351178386653 and parameters: {'w0': 0.245, 'w1': 0.919, 'w2': 0.243, 'w3': 0.621, 'w4': 0.721, 'w5': 0.112, 'w6': 0.725, 'w7': 0.154, 'w8': 0.668, 'max_depth': 6, 'min_child_weight': 6, 'subsample': 0.8, 'colsample_bytree': 1.0, 'gamma': 0.8}. Best is trial 1567 with value: 0.6283160415739565.
[I 2023-10-11 19:27:13,699] Trial 1661 finished with value: 0.6186307914506908 and parameters: {'w0': 0.246, 'w1': 0.922, 'w2': 0.23800000000000002, 'w3': 0.624, 'w4': 0.793, 'w5': 0.097, 'w6': 0.725, 'w7': 0.155, 'w8': 0.624, 'max_depth': 6, 'min_child_weight': 6, 'subsample': 0.8, 'colsample_bytree': 1.0, 'gamma': 0.8}. Best is trial 1567 with value: 0.6283160415739565.
[I 2023-10-11 19:27:35,925] Trial 1662 finished with value: 0.6142857665342105 and parameters: {'w0': 0.244, 'w1': 0.925, 'w2': 0.245, 'w3': 0.621, 'w4': 0.79, 'w5': 0.101, 'w6': 0.724, 'w7': 0.159, 'w8': 0.34800000000000003, 'max_depth': 6, 'min_child_weight': 6, 'subsample': 0.8, 'colsample_bytree': 1.0, 'gamma': 0.8}. Best is trial 1567 with value: 0.6283160415739565.
[I 2023-10-11 19:27:56,905] Trial 1663 finished with value: 0.6163572381086602 and parameters: {'w0': 0.245, 'w1': 0.916, 'w2': 0.248, 'w3': 0.7020000000000001, 'w4': 0.793, 'w5': 0.094, 'w6': 0.722, 'w7': 0.152, 'w8': 0.622, 'max_depth': 6, 'min_child_weight': 6, 'subsample': 0.8, 'colsample_bytree': 1.0, 'gamma': 0.8}. Best is trial 1567 with value: 0.6283160415739565.
[I 2023-10-11 19:28:16,329] Trial 1664 finished with value: 0.6231151405955047 and parameters: {'w0': 0.244, 'w1': 0.926, 'w2': 0.233, 'w3': 0.625, 'w4': 0.788, 'w5': 0.093, 'w6': 0.728, 'w7': 0.156, 'w8': 0.618, 'max_depth': 6, 'min_child_weight': 6, 'subsample': 0.8, 'colsample_bytree': 1.0, 'gamma': 0.8}. Best is trial 1567 with value: 0.6283160415739565.
[I 2023-10-11 19:29:47,393] Trial 1665 finished with value: 0.6189004271263698 and parameters: {'w0': 0.247, 'w1': 0.924, 'w2': 0.226, 'w3': 0.624, 'w4': 0.787, 'w5': 0.10500000000000001, 'w6': 0.722, 'w7': 0.163, 'w8': 0.62, 'max_depth': 6, 'min_child_weight': 6, 'subsample': 0.8, 'colsample_bytree': 1.0, 'gamma': 0.8}. Best is trial 1567 with value: 0.6283160415739565.
[I 2023-10-11 19:34:16,638] Trial 1666 finished with value: 0.6038721398508471 and parameters: {'w0': 0.246, 'w1': 0.929, 'w2': 0.687, 'w3': 0.635, 'w4': 0.78, 'w5': 0.096, 'w6': 0.721, 'w7': 0.164, 'w8': 0.622, 'max_depth': 6, 'min_child_weight': 6, 'subsample': 0.8, 'colsample_bytree': 1.0, 'gamma': 0.6000000000000001}. Best is trial 1567 with value: 0.6283160415739565.
[I 2023-10-11 19:35:51,924] Trial 1667 finished with value: 0.6196931096326872 and parameters: {'w0': 0.244, 'w1': 0.92, 'w2': 0.245, 'w3': 0.614, 'w4': 0.783, 'w5': 0.10200000000000001, 'w6': 0.722, 'w7': 0.153, 'w8': 0.624, 'max_depth': 6, 'min_child_weight': 6, 'subsample': 0.8, 'colsample_bytree': 1.0, 'gamma': 0.6000000000000001}. Best is trial 1567 with value: 0.6283160415739565.
[I 2023-10-11 19:36:21,687] Trial 1668 finished with value: 0.6253058873859976 and parameters: {'w0': 0.252, 'w1': 0.876, 'w2': 0.242, 'w3': 0.622, 'w4': 0.777, 'w5': 0.106, 'w6': 0.725, 'w7': 0.166, 'w8': 0.624, 'max_depth': 6, 'min_child_weight': 6, 'subsample': 0.8, 'colsample_bytree': 1.0, 'gamma': 0.6000000000000001}. Best is trial 1567 with value: 0.6283160415739565.
[I 2023-10-11 19:37:27,191] Trial 1669 finished with value: 0.6216090297081122 and parameters: {'w0': 0.249, 'w1': 0.934, 'w2': 0.245, 'w3': 0.623, 'w4': 0.786, 'w5': 0.099, 'w6': 0.724, 'w7': 0.177, 'w8': 0.621, 'max_depth': 6, 'min_child_weight': 6, 'subsample': 0.8, 'colsample_bytree': 1.0, 'gamma': 0.6000000000000001}. Best is trial 1567 with value: 0.6283160415739565.
[I 2023-10-11 19:37:52,693] Trial 1670 finished with value: 0.605250990071484 and parameters: {'w0': 0.248, 'w1': 0.928, 'w2': 0.6970000000000001, 'w3': 0.615, 'w4': 0.788, 'w5': 0.048, 'w6': 0.729, 'w7': 0.17500000000000002, 'w8': 0.623, 'max_depth': 6, 'min_child_weight': 6, 'subsample': 0.8, 'colsample_bytree': 1.0, 'gamma': 0.6000000000000001}. Best is trial 1567 with value: 0.6283160415739565.
[I 2023-10-11 19:38:06,271] Trial 1680 finished with value: 0.5780354652582603 and parameters: {'w0': 0.279, 'w1': 0.866, 'w2': 0.18, 'w3': 0.6900000000000001, 'w4': 0.756, 'w5': 0.135, 'w6': 0.708, 'w7': 0.131, 'w8': 0.664, 'max_depth': 6, 'min_child_weight': 6, 'subsample': 0.8, 'colsample_bytree': 1.0, 'gamma': 7.4}. Best is trial 1567 with value: 0.6283160415739565.
[I 2023-10-11 19:41:04,385] Trial 1671 finished with value: 0.6247879144366849 and parameters: {'w0': 0.254, 'w1': 0.93, 'w2': 0.244, 'w3': 0.627, 'w4': 0.783, 'w5': 0.10500000000000001, 'w6': 0.726, 'w7': 0.17600000000000002, 'w8': 0.623, 'max_depth': 6, 'min_child_weight': 6, 'subsample': 0.8, 'colsample_bytree': 1.0, 'gamma': 0.6000000000000001}. Best is trial 1567 with value: 0.6283160415739565.
[I 2023-10-11 19:44:58,998] Trial 1672 finished with value: 0.6211913978942383 and parameters: {'w0': 0.254, 'w1': 0.872, 'w2': 0.243, 'w3': 0.62, 'w4': 0.789, 'w5': 0.096, 'w6': 0.723, 'w7': 0.178, 'w8': 0.62, 'max_depth': 6, 'min_child_weight': 4, 'subsample': 0.8, 'colsample_bytree': 1.0, 'gamma': 0.6000000000000001}. Best is trial 1567 with value: 0.6283160415739565.
[I 2023-10-11 19:45:26,975] Trial 1673 finished with value: 0.6234497432140347 and parameters: {'w0': 0.252, 'w1': 0.876, 'w2': 0.242, 'w3': 0.623, 'w4': 0.791, 'w5': 0.10200000000000001, 'w6': 0.726, 'w7': 0.177, 'w8': 0.621, 'max_depth': 6, 'min_child_weight': 4, 'subsample': 0.8, 'colsample_bytree': 1.0, 'gamma': 0.6000000000000001}. Best is trial 1567 with value: 0.6283160415739565.
[I 2023-10-11 19:45:53,389] Trial 1674 finished with value: 0.6154116562185833 and parameters: {'w0': 0.253, 'w1': 0.874, 'w2': 0.247, 'w3': 0.625, 'w4': 0.724, 'w5': 0.093, 'w6': 0.727, 'w7': 0.13, 'w8': 0.668, 'max_depth': 6, 'min_child_weight': 6, 'subsample': 0.8, 'colsample_bytree': 1.0, 'gamma': 0.6000000000000001}. Best is trial 1567 with value: 0.6283160415739565.
[I 2023-10-11 19:47:53,982] Trial 1676 finished with value: 0.6184929296468453 and parameters: {'w0': 0.274, 'w1': 0.881, 'w2': 0.234, 'w3': 0.621, 'w4': 0.789, 'w5': 0.1, 'w6': 0.707, 'w7': 0.14400000000000002, 'w8': 0.625, 'max_depth': 6, 'min_child_weight': 6, 'subsample': 0.8, 'colsample_bytree': 1.0, 'gamma': 0.6000000000000001}. Best is trial 1567 with value: 0.6283160415739565.
[I 2023-10-11 19:48:11,589] Trial 1675 finished with value: 0.6195524993793533 and parameters: {'w0': 0.278, 'w1': 0.879, 'w2': 0.244, 'w3': 0.6920000000000001, 'w4': 0.728, 'w5': 0.093, 'w6': 0.705, 'w7': 0.135, 'w8': 0.624, 'max_depth': 6, 'min_child_weight': 6, 'subsample': 0.8, 'colsample_bytree': 1.0, 'gamma': 0.6000000000000001}. Best is trial 1567 with value: 0.6283160415739565.
[I 2023-10-11 19:48:47,603] Trial 1677 finished with value: 0.6143616339280672 and parameters: {'w0': 0.28, 'w1': 0.872, 'w2': 0.228, 'w3': 0.631, 'w4': 0.789, 'w5': 0.10300000000000001, 'w6': 0.6960000000000001, 'w7': 0.128, 'w8': 0.623, 'max_depth': 6, 'min_child_weight': 6, 'subsample': 0.8, 'colsample_bytree': 1.0, 'gamma': 0.6000000000000001}. Best is trial 1567 with value: 0.6283160415739565.
[I 2023-10-11 19:49:17,749] Trial 1679 finished with value: 0.6164153598019746 and parameters: {'w0': 0.276, 'w1': 0.874, 'w2': 0.226, 'w3': 0.6950000000000001, 'w4': 0.761, 'w5': 0.099, 'w6': 0.6920000000000001, 'w7': 0.131, 'w8': 0.663, 'max_depth': 6, 'min_child_weight': 6, 'subsample': 0.8, 'colsample_bytree': 1.0, 'gamma': 0.6000000000000001}. Best is trial 1567 with value: 0.6283160415739565.
[I 2023-10-11 19:50:01,233] Trial 1678 finished with value: 0.6024081421754911 and parameters: {'w0': 0.271, 'w1': 0.881, 'w2': 0.6960000000000001, 'w3': 0.6980000000000001, 'w4': 0.782, 'w5': 0.047, 'w6': 0.7000000000000001, 'w7': 0.17600000000000002, 'w8': 0.625, 'max_depth': 6, 'min_child_weight': 6, 'subsample': 0.8, 'colsample_bytree': 1.0, 'gamma': 0.6000000000000001}. Best is trial 1567 with value: 0.6283160415739565.
[I 2023-10-11 19:50:32,493] Trial 1681 finished with value: 0.6175712402989784 and parameters: {'w0': 0.279, 'w1': 0.876, 'w2': 0.226, 'w3': 0.7020000000000001, 'w4': 0.724, 'w5': 0.053000000000000005, 'w6': 0.7030000000000001, 'w7': 0.125, 'w8': 0.667, 'max_depth': 6, 'min_child_weight': 6, 'subsample': 0.8, 'colsample_bytree': 1.0, 'gamma': 0.6000000000000001}. Best is trial 1567 with value: 0.6283160415739565.
[I 2023-10-11 19:55:19,637] Trial 1682 finished with value: 0.6153965578829887 and parameters: {'w0': 0.281, 'w1': 0.871, 'w2': 0.228, 'w3': 0.712, 'w4': 0.759, 'w5': 0.048, 'w6': 0.591, 'w7': 0.126, 'w8': 0.666, 'max_depth': 6, 'min_child_weight': 6, 'subsample': 0.8, 'colsample_bytree': 1.0, 'gamma': 0.6000000000000001}. Best is trial 1567 with value: 0.6283160415739565.
[I 2023-10-11 19:57:01,985] Trial 1683 finished with value: 0.6166203375288002 and parameters: {'w0': 0.28, 'w1': 0.871, 'w2': 0.222, 'w3': 0.715, 'w4': 0.727, 'w5': 0.05, 'w6': 0.6990000000000001, 'w7': 0.128, 'w8': 0.671, 'max_depth': 6, 'min_child_weight': 6, 'subsample': 0.8, 'colsample_bytree': 1.0, 'gamma': 0.6000000000000001}. Best is trial 1567 with value: 0.6283160415739565.
[I 2023-10-11 19:59:58,386] Trial 1684 finished with value: 0.6192543756948518 and parameters: {'w0': 0.266, 'w1': 0.874, 'w2': 0.227, 'w3': 0.713, 'w4': 0.735, 'w5': 0.138, 'w6': 0.708, 'w7': 0.125, 'w8': 0.663, 'max_depth': 6, 'min_child_weight': 6, 'subsample': 0.8, 'colsample_bytree': 1.0, 'gamma': 0.4}. Best is trial 1567 with value: 0.6283160415739565.
[I 2023-10-11 20:00:17,842] Trial 1685 finished with value: 0.6192085212256008 and parameters: {'w0': 0.281, 'w1': 0.869, 'w2': 0.223, 'w3': 0.712, 'w4': 0.675, 'w5': 0.052000000000000005, 'w6': 0.596, 'w7': 0.133, 'w8': 0.665, 'max_depth': 6, 'min_child_weight': 6, 'subsample': 0.8, 'colsample_bytree': 1.0, 'gamma': 0.4}. Best is trial 1567 with value: 0.6283160415739565.
[I 2023-10-11 20:01:08,151] Trial 1686 finished with value: 0.6186476436993721 and parameters: {'w0': 0.28, 'w1': 0.872, 'w2': 0.223, 'w3': 0.687, 'w4': 0.724, 'w5': 0.133, 'w6': 0.6950000000000001, 'w7': 0.13, 'w8': 0.663, 'max_depth': 6, 'min_child_weight': 6, 'subsample': 0.8, 'colsample_bytree': 1.0, 'gamma': 0.4}. Best is trial 1567 with value: 0.6283160415739565.
[I 2023-10-11 20:01:13,422] Trial 1687 finished with value: 0.6211435237322502 and parameters: {'w0': 0.28300000000000003, 'w1': 0.868, 'w2': 0.178, 'w3': 0.5770000000000001, 'w4': 0.717, 'w5': 0.075, 'w6': 0.6990000000000001, 'w7': 0.13, 'w8': 0.666, 'max_depth': 6, 'min_child_weight': 6, 'subsample': 0.8, 'colsample_bytree': 1.0, 'gamma': 0.4}. Best is trial 1567 with value: 0.6283160415739565.
[I 2023-10-11 20:03:40,935] Trial 1695 finished with value: 0.620527162963027 and parameters: {'w0': 0.213, 'w1': 0.903, 'w2': 0.177, 'w3': 0.653, 'w4': 0.733, 'w5': 0.046, 'w6': 0.588, 'w7': 0.199, 'w8': 0.663, 'max_depth': 6, 'min_child_weight': 4, 'subsample': 0.8, 'colsample_bytree': 1.0, 'gamma': 1.4000000000000001}. Best is trial 1567 with value: 0.6283160415739565.
[I 2023-10-11 20:03:47,742] Trial 1694 finished with value: 0.6174254133815981 and parameters: {'w0': 0.273, 'w1': 0.901, 'w2': 0.177, 'w3': 0.717, 'w4': 0.675, 'w5': 0.053000000000000005, 'w6': 0.597, 'w7': 0.2, 'w8': 0.653, 'max_depth': 6, 'min_child_weight': 4, 'subsample': 0.8, 'colsample_bytree': 1.0, 'gamma': 1.4000000000000001}. Best is trial 1567 with value: 0.6283160415739565.
[I 2023-10-11 20:03:59,819] Trial 1693 finished with value: 0.6146188568094534 and parameters: {'w0': 0.277, 'w1': 0.907, 'w2': 0.218, 'w3': 0.7000000000000001, 'w4': 0.76, 'w5': 0.052000000000000005, 'w6': 0.6970000000000001, 'w7': 0.124, 'w8': 0.653, 'max_depth': 6, 'min_child_weight': 4, 'subsample': 0.8, 'colsample_bytree': 1.0, 'gamma': 1.2000000000000002}. Best is trial 1567 with value: 0.6283160415739565.
[I 2023-10-11 20:04:21,012] Trial 1696 finished with value: 0.5927103494388601 and parameters: {'w0': 0.20800000000000002, 'w1': 0.91, 'w2': 0.17600000000000002, 'w3': 0.7030000000000001, 'w4': 0.749, 'w5': 0.065, 'w6': 0.607, 'w7': 0.054, 'w8': 0.674, 'max_depth': 6, 'min_child_weight': 4, 'subsample': 0.8, 'colsample_bytree': 1.0, 'gamma': 1.4000000000000001}. Best is trial 1567 with value: 0.6283160415739565.
[I 2023-10-11 20:04:38,975] Trial 1688 finished with value: 0.6132555893892362 and parameters: {'w0': 0.278, 'w1': 0.869, 'w2': 0.224, 'w3': 0.6990000000000001, 'w4': 0.729, 'w5': 0.069, 'w6': 0.6960000000000001, 'w7': 0.126, 'w8': 0.66, 'max_depth': 6, 'min_child_weight': 6, 'subsample': 0.8, 'colsample_bytree': 1.0, 'gamma': 0.4}. Best is trial 1567 with value: 0.6283160415739565.
[I 2023-10-11 20:06:33,355] Trial 1697 finished with value: 0.6174227304037327 and parameters: {'w0': 0.20800000000000002, 'w1': 0.904, 'w2': 0.182, 'w3': 0.649, 'w4': 0.679, 'w5': 0.133, 'w6': 0.6980000000000001, 'w7': 0.20900000000000002, 'w8': 0.426, 'max_depth': 6, 'min_child_weight': 4, 'subsample': 0.8, 'colsample_bytree': 1.0, 'gamma': 1.2000000000000002}. Best is trial 1567 with value: 0.6283160415739565.
[I 2023-10-11 20:08:48,528] Trial 1689 finished with value: 0.619694196685485 and parameters: {'w0': 0.281, 'w1': 0.877, 'w2': 0.228, 'w3': 0.655, 'w4': 0.726, 'w5': 0.046, 'w6': 0.6930000000000001, 'w7': 0.135, 'w8': 0.667, 'max_depth': 6, 'min_child_weight': 6, 'subsample': 0.8, 'colsample_bytree': 1.0, 'gamma': 0.4}. Best is trial 1567 with value: 0.6283160415739565.
[I 2023-10-11 20:08:58,590] Trial 1690 finished with value: 0.6173322004473228 and parameters: {'w0': 0.28400000000000003, 'w1': 0.904, 'w2': 0.178, 'w3': 0.6980000000000001, 'w4': 0.73, 'w5': 0.069, 'w6': 0.6990000000000001, 'w7': 0.129, 'w8': 0.661, 'max_depth': 6, 'min_child_weight': 6, 'subsample': 0.8, 'colsample_bytree': 1.0, 'gamma': 0.4}. Best is trial 1567 with value: 0.6283160415739565.
[I 2023-10-11 20:09:36,152] Trial 1691 finished with value: 0.6209665362825844 and parameters: {'w0': 0.28200000000000003, 'w1': 0.899, 'w2': 0.18, 'w3': 0.6920000000000001, 'w4': 0.727, 'w5': 0.05, 'w6': 0.596, 'w7': 0.139, 'w8': 0.661, 'max_depth': 6, 'min_child_weight': 4, 'subsample': 0.8, 'colsample_bytree': 1.0, 'gamma': 0.4}. Best is trial 1567 with value: 0.6283160415739565.
[I 2023-10-11 20:10:32,222] Trial 1698 finished with value: 0.6159214131725611 and parameters: {'w0': 0.20900000000000002, 'w1': 0.903, 'w2': 0.181, 'w3': 0.714, 'w4': 0.734, 'w5': 0.07100000000000001, 'w6': 0.6980000000000001, 'w7': 0.21, 'w8': 0.644, 'max_depth': 6, 'min_child_weight': 4, 'subsample': 0.8, 'colsample_bytree': 1.0, 'gamma': 1.4000000000000001}. Best is trial 1567 with value: 0.6283160415739565.
[I 2023-10-11 20:11:41,537] Trial 1692 finished with value: 0.6163314495793604 and parameters: {'w0': 0.279, 'w1': 0.908, 'w2': 0.222, 'w3': 0.643, 'w4': 0.725, 'w5': 0.132, 'w6': 0.7010000000000001, 'w7': 0.126, 'w8': 0.663, 'max_depth': 6, 'min_child_weight': 4, 'subsample': 0.8, 'colsample_bytree': 1.0, 'gamma': 0.4}. Best is trial 1567 with value: 0.6283160415739565.
[I 2023-10-11 20:12:06,051] Trial 1699 finished with value: 0.6220210640754258 and parameters: {'w0': 0.20500000000000002, 'w1': 0.902, 'w2': 0.17500000000000002, 'w3': 0.655, 'w4': 0.733, 'w5': 0.064, 'w6': 0.685, 'w7': 0.199, 'w8': 0.659, 'max_depth': 6, 'min_child_weight': 4, 'subsample': 0.8, 'colsample_bytree': 1.0, 'gamma': 1.4000000000000001}. Best is trial 1567 with value: 0.6283160415739565.
[I 2023-10-11 20:14:40,108] Trial 1700 finished with value: 0.5617030353896741 and parameters: {'w0': 0.211, 'w1': 0.904, 'w2': 0.015, 'w3': 0.651, 'w4': 0.669, 'w5': 0.07200000000000001, 'w6': 0.6910000000000001, 'w7': 0.197, 'w8': 0.643, 'max_depth': 6, 'min_child_weight': 4, 'subsample': 0.8, 'colsample_bytree': 1.0, 'gamma': 1.4000000000000001}. Best is trial 1567 with value: 0.6283160415739565.
[I 2023-10-11 20:15:15,513] Trial 1701 finished with value: 0.6212661811734936 and parameters: {'w0': 0.20900000000000002, 'w1': 0.904, 'w2': 0.178, 'w3': 0.646, 'w4': 0.758, 'w5': 0.07100000000000001, 'w6': 0.739, 'w7': 0.201, 'w8': 0.644, 'max_depth': 6, 'min_child_weight': 4, 'subsample': 0.8, 'colsample_bytree': 1.0, 'gamma': 1.4000000000000001}. Best is trial 1567 with value: 0.6283160415739565.
