[I 2023-10-12 05:18:29,410] Trial 156 finished with value: 0.571954006858292 and parameters: {'w0': 0.339, 'w1': 0.369, 'w2': 0.71, 'w3': 0.909, 'w4': 0.915, 'w5': 0.391, 'w6': 0.9450000000000001, 'w7': 0.422, 'w8': 0.809, 'max_depth': 5, 'min_child_weight': 0, 'subsample': 0.8, 'colsample_bytree': 1.0, 'gamma': 0.8}. Best is trial 155 with value: 0.5785777312387095.
[I 2023-10-12 05:18:56,219] Trial 157 finished with value: 0.5782738846463725 and parameters: {'w0': 0.277, 'w1': 0.915, 'w2': 0.62, 'w3': 0.924, 'w4': 0.914, 'w5': 0.41200000000000003, 'w6': 0.9450000000000001, 'w7': 0.426, 'w8': 0.805, 'max_depth': 5, 'min_child_weight': 0, 'subsample': 0.8, 'colsample_bytree': 1.0, 'gamma': 0.8}. Best is trial 155 with value: 0.5785777312387095.
[I 2023-10-12 05:20:24,528] Trial 165 finished with value: 0.5679065648781475 and parameters: {'w0': 0.20500000000000002, 'w1': 0.835, 'w2': 0.672, 'w3': 0.864, 'w4': 0.999, 'w5': 0.499, 'w6': 0.9430000000000001, 'w7': 0.271, 'w8': 0.847, 'max_depth': 5, 'min_child_weight': 0, 'subsample': 0.9000000000000001, 'colsample_bytree': 1.0, 'gamma': 1.2000000000000002}. Best is trial 155 with value: 0.5785777312387095.
[I 2023-10-12 05:21:04,130] Trial 159 finished with value: 0.5731553325693152 and parameters: {'w0': 0.27, 'w1': 0.902, 'w2': 0.715, 'w3': 0.901, 'w4': 0.912, 'w5': 0.41200000000000003, 'w6': 0.9560000000000001, 'w7': 0.429, 'w8': 0.8, 'max_depth': 5, 'min_child_weight': 0, 'subsample': 0.8, 'colsample_bytree': 1.0, 'gamma': 0.8}. Best is trial 155 with value: 0.5785777312387095.
[I 2023-10-12 05:21:08,775] Trial 161 finished with value: 0.5792397985298137 and parameters: {'w0': 0.369, 'w1': 0.855, 'w2': 0.632, 'w3': 0.746, 'w4': 0.995, 'w5': 0.37, 'w6': 0.9460000000000001, 'w7': 0.425, 'w8': 0.856, 'max_depth': 5, 'min_child_weight': 0, 'subsample': 0.9000000000000001, 'colsample_bytree': 1.0, 'gamma': 0.8}. Best is trial 161 with value: 0.5792397985298137.
[I 2023-10-12 05:21:39,170] Trial 162 finished with value: 0.5774753019629387 and parameters: {'w0': 0.353, 'w1': 0.896, 'w2': 0.716, 'w3': 0.87, 'w4': 0.916, 'w5': 0.507, 'w6': 0.9440000000000001, 'w7': 0.423, 'w8': 0.877, 'max_depth': 5, 'min_child_weight': 0, 'subsample': 0.9000000000000001, 'colsample_bytree': 1.0, 'gamma': 0.8}. Best is trial 161 with value: 0.5792397985298137.
[I 2023-10-12 05:22:32,160] Trial 163 finished with value: 0.5766864669514189 and parameters: {'w0': 0.378, 'w1': 0.868, 'w2': 0.713, 'w3': 0.874, 'w4': 0.998, 'w5': 0.5, 'w6': 0.933, 'w7': 0.434, 'w8': 0.86, 'max_depth': 5, 'min_child_weight': 0, 'subsample': 0.9000000000000001, 'colsample_bytree': 1.0, 'gamma': 0.8}. Best is trial 161 with value: 0.5792397985298137.
[I 2023-10-12 05:24:39,660] Trial 164 finished with value: 0.5794714149142438 and parameters: {'w0': 0.366, 'w1': 0.85, 'w2': 0.672, 'w3': 0.982, 'w4': 0.995, 'w5': 0.499, 'w6': 0.9380000000000001, 'w7': 0.428, 'w8': 0.857, 'max_depth': 5, 'min_child_weight': 0, 'subsample': 0.9000000000000001, 'colsample_bytree': 1.0, 'gamma': 0.8}. Best is trial 164 with value: 0.5794714149142438.
[I 2023-10-12 05:28:46,922] Trial 166 finished with value: 0.5712186310253893 and parameters: {'w0': 0.376, 'w1': 0.77, 'w2': 0.669, 'w3': 0.9480000000000001, 'w4': 0.919, 'w5': 0.506, 'w6': 0.936, 'w7': 0.274, 'w8': 0.725, 'max_depth': 5, 'min_child_weight': 0, 'subsample': 0.9000000000000001, 'colsample_bytree': 1.0, 'gamma': 0.8}. Best is trial 164 with value: 0.5794714149142438.
[I 2023-10-12 05:30:04,302] Trial 169 finished with value: 0.5684840204812708 and parameters: {'w0': 0.376, 'w1': 0.41700000000000004, 'w2': 0.716, 'w3': 0.9470000000000001, 'w4': 0.907, 'w5': 0.506, 'w6': 0.9480000000000001, 'w7': 0.42, 'w8': 0.886, 'max_depth': 5, 'min_child_weight': 0, 'subsample': 0.9000000000000001, 'colsample_bytree': 1.0, 'gamma': 1.2000000000000002}. Best is trial 164 with value: 0.5794714149142438.
[I 2023-10-12 05:32:29,745] Trial 171 finished with value: 0.5707354262078881 and parameters: {'w0': 0.218, 'w1': 0.674, 'w2': 0.5670000000000001, 'w3': 0.917, 'w4': 0.912, 'w5': 0.502, 'w6': 0.9400000000000001, 'w7': 0.258, 'w8': 0.727, 'max_depth': 5, 'min_child_weight': 0, 'subsample': 0.9000000000000001, 'colsample_bytree': 1.0, 'gamma': 1.2000000000000002}. Best is trial 164 with value: 0.5794714149142438.
[I 2023-10-12 05:33:06,073] Trial 167 finished with value: 0.5678750853401695 and parameters: {'w0': 0.216, 'w1': 0.835, 'w2': 0.72, 'w3': 0.961, 'w4': 0.916, 'w5': 0.502, 'w6': 0.9410000000000001, 'w7': 0.248, 'w8': 0.72, 'max_depth': 5, 'min_child_weight': 0, 'subsample': 0.8, 'colsample_bytree': 1.0, 'gamma': 0.8}. Best is trial 164 with value: 0.5794714149142438.
[I 2023-10-12 05:33:13,494] Trial 172 finished with value: 0.5752676775268957 and parameters: {'w0': 0.20900000000000002, 'w1': 0.9460000000000001, 'w2': 0.56, 'w3': 0.923, 'w4': 0.905, 'w5': 0.514, 'w6': 0.9450000000000001, 'w7': 0.255, 'w8': 0.876, 'max_depth': 5, 'min_child_weight': 2, 'subsample': 0.9000000000000001, 'colsample_bytree': 1.0, 'gamma': 1.2000000000000002}. Best is trial 164 with value: 0.5794714149142438.
[I 2023-10-12 05:33:32,294] Trial 173 finished with value: 0.5704204713543645 and parameters: {'w0': 0.215, 'w1': 0.842, 'w2': 0.603, 'w3': 0.9380000000000001, 'w4': 0.909, 'w5': 0.501, 'w6': 0.897, 'w7': 0.247, 'w8': 0.875, 'max_depth': 5, 'min_child_weight': 2, 'subsample': 0.9000000000000001, 'colsample_bytree': 1.0, 'gamma': 1.2000000000000002}. Best is trial 164 with value: 0.5794714149142438.
[I 2023-10-12 05:33:32,903] Trial 170 finished with value: 0.5739149825812484 and parameters: {'w0': 0.373, 'w1': 0.848, 'w2': 0.584, 'w3': 0.9580000000000001, 'w4': 0.913, 'w5': 0.502, 'w6': 0.9420000000000001, 'w7': 0.261, 'w8': 0.884, 'max_depth': 5, 'min_child_weight': 0, 'subsample': 0.9000000000000001, 'colsample_bytree': 1.0, 'gamma': 1.2000000000000002}. Best is trial 164 with value: 0.5794714149142438.
[I 2023-10-12 05:33:41,457] Trial 168 finished with value: 0.5713802003249334 and parameters: {'w0': 0.374, 'w1': 0.873, 'w2': 0.556, 'w3': 0.9570000000000001, 'w4': 0.916, 'w5': 0.501, 'w6': 0.9410000000000001, 'w7': 0.18, 'w8': 0.845, 'max_depth': 5, 'min_child_weight': 0, 'subsample': 0.8, 'colsample_bytree': 1.0, 'gamma': 0.8}. Best is trial 164 with value: 0.5794714149142438.
[I 2023-10-12 05:35:08,748] Trial 175 finished with value: 0.5736829847510715 and parameters: {'w0': 0.215, 'w1': 0.866, 'w2': 0.595, 'w3': 0.9510000000000001, 'w4': 0.909, 'w5': 0.356, 'w6': 0.895, 'w7': 0.221, 'w8': 0.895, 'max_depth': 5, 'min_child_weight': 0, 'subsample': 0.9000000000000001, 'colsample_bytree': 1.0, 'gamma': 1.2000000000000002}. Best is trial 164 with value: 0.5794714149142438.
[I 2023-10-12 05:35:56,604] Trial 174 finished with value: 0.5751502924957885 and parameters: {'w0': 0.376, 'w1': 0.963, 'w2': 0.608, 'w3': 0.929, 'w4': 0.912, 'w5': 0.502, 'w6': 0.898, 'w7': 0.275, 'w8': 0.864, 'max_depth': 5, 'min_child_weight': 0, 'subsample': 0.9000000000000001, 'colsample_bytree': 1.0, 'gamma': 1.2000000000000002}. Best is trial 164 with value: 0.5794714149142438.
[I 2023-10-12 05:37:55,214] Trial 176 finished with value: 0.5868889395623788 and parameters: {'w0': 0.365, 'w1': 0.998, 'w2': 0.5760000000000001, 'w3': 0.988, 'w4': 0.907, 'w5': 0.279, 'w6': 0.903, 'w7': 0.425, 'w8': 0.902, 'max_depth': 5, 'min_child_weight': 0, 'subsample': 0.9000000000000001, 'colsample_bytree': 1.0, 'gamma': 1.2000000000000002}. Best is trial 176 with value: 0.5868889395623788.
[I 2023-10-12 05:38:40,989] Trial 178 finished with value: 0.5856476833467574 and parameters: {'w0': 0.299, 'w1': 0.873, 'w2': 0.582, 'w3': 0.9450000000000001, 'w4': 0.902, 'w5': 0.29, 'w6': 0.89, 'w7': 0.426, 'w8': 0.885, 'max_depth': 5, 'min_child_weight': 0, 'subsample': 0.9000000000000001, 'colsample_bytree': 1.0, 'gamma': 1.2000000000000002}. Best is trial 176 with value: 0.5868889395623788.
[I 2023-10-12 05:38:44,889] Trial 177 finished with value: 0.5827619172798487 and parameters: {'w0': 0.305, 'w1': 0.894, 'w2': 0.589, 'w3': 0.919, 'w4': 0.908, 'w5': 0.31, 'w6': 0.935, 'w7': 0.423, 'w8': 0.871, 'max_depth': 5, 'min_child_weight': 0, 'subsample': 0.9000000000000001, 'colsample_bytree': 1.0, 'gamma': 1.2000000000000002}. Best is trial 176 with value: 0.5868889395623788.
[I 2023-10-12 05:40:09,882] Trial 180 finished with value: 0.5824666794512018 and parameters: {'w0': 0.372, 'w1': 0.873, 'w2': 0.561, 'w3': 0.922, 'w4': 0.907, 'w5': 0.339, 'w6': 0.891, 'w7': 0.426, 'w8': 0.905, 'max_depth': 5, 'min_child_weight': 0, 'subsample': 0.9000000000000001, 'colsample_bytree': 1.0, 'gamma': 1.2000000000000002}. Best is trial 176 with value: 0.5868889395623788.
[I 2023-10-12 05:40:43,445] Trial 179 finished with value: 0.5846323351333897 and parameters: {'w0': 0.377, 'w1': 0.871, 'w2': 0.549, 'w3': 0.9400000000000001, 'w4': 0.911, 'w5': 0.332, 'w6': 0.891, 'w7': 0.425, 'w8': 0.896, 'max_depth': 5, 'min_child_weight': 0, 'subsample': 0.9000000000000001, 'colsample_bytree': 1.0, 'gamma': 1.0}. Best is trial 176 with value: 0.5868889395623788.
[I 2023-10-12 05:43:18,789] Trial 181 finished with value: 0.5737824101104098 and parameters: {'w0': 0.421, 'w1': 0.879, 'w2': 0.59, 'w3': 0.862, 'w4': 0.908, 'w5': 0.496, 'w6': 0.936, 'w7': 0.253, 'w8': 0.882, 'max_depth': 5, 'min_child_weight': 0, 'subsample': 0.9000000000000001, 'colsample_bytree': 1.0, 'gamma': 1.0}. Best is trial 176 with value: 0.5868889395623788.
[I 2023-10-12 05:46:41,785] Trial 188 finished with value: 0.5677522895334203 and parameters: {'w0': 0.17600000000000002, 'w1': 0.871, 'w2': 0.545, 'w3': 0.984, 'w4': 0.865, 'w5': 0.305, 'w6': 0.9, 'w7': 0.169, 'w8': 0.906, 'max_depth': 5, 'min_child_weight': 0, 'subsample': 0.9000000000000001, 'colsample_bytree': 1.0, 'gamma': 1.8}. Best is trial 176 with value: 0.5868889395623788.
[I 2023-10-12 05:47:49,914] Trial 189 finished with value: 0.5630907818944543 and parameters: {'w0': 0.156, 'w1': 0.981, 'w2': 0.589, 'w3': 0.868, 'w4': 0.871, 'w5': 0.539, 'w6': 0.898, 'w7': 0.427, 'w8': 0.925, 'max_depth': 5, 'min_child_weight': 0, 'subsample': 0.9000000000000001, 'colsample_bytree': 1.0, 'gamma': 1.8}. Best is trial 176 with value: 0.5868889395623788.
[I 2023-10-12 05:47:55,686] Trial 182 finished with value: 0.5797126533848481 and parameters: {'w0': 0.421, 'w1': 0.858, 'w2': 0.579, 'w3': 0.937, 'w4': 0.904, 'w5': 0.493, 'w6': 0.883, 'w7': 0.431, 'w8': 0.885, 'max_depth': 5, 'min_child_weight': 0, 'subsample': 0.9000000000000001, 'colsample_bytree': 1.0, 'gamma': 1.0}. Best is trial 176 with value: 0.5868889395623788.
[I 2023-10-12 05:48:03,262] Trial 183 finished with value: 0.57506140830409 and parameters: {'w0': 0.422, 'w1': 0.875, 'w2': 0.586, 'w3': 0.93, 'w4': 1.0, 'w5': 0.35100000000000003, 'w6': 0.927, 'w7': 0.24000000000000002, 'w8': 0.9400000000000001, 'max_depth': 5, 'min_child_weight': 0, 'subsample': 0.9000000000000001, 'colsample_bytree': 1.0, 'gamma': 1.0}. Best is trial 176 with value: 0.5868889395623788.
[I 2023-10-12 05:49:14,667] Trial 191 finished with value: 0.5628822142960079 and parameters: {'w0': 0.168, 'w1': 0.961, 'w2': 0.484, 'w3': 0.976, 'w4': 0.894, 'w5': 0.529, 'w6': 0.907, 'w7': 0.195, 'w8': 0.9480000000000001, 'max_depth': 4, 'min_child_weight': 0, 'subsample': 0.9000000000000001, 'colsample_bytree': 1.0, 'gamma': 1.8}. Best is trial 176 with value: 0.5868889395623788.
[I 2023-10-12 05:49:33,102] Trial 184 finished with value: 0.577190273571398 and parameters: {'w0': 0.294, 'w1': 0.866, 'w2': 0.649, 'w3': 0.972, 'w4': 0.994, 'w5': 0.303, 'w6': 0.914, 'w7': 0.43, 'w8': 0.9450000000000001, 'max_depth': 5, 'min_child_weight': 0, 'subsample': 0.9000000000000001, 'colsample_bytree': 1.0, 'gamma': 1.2000000000000002}. Best is trial 176 with value: 0.5868889395623788.
[I 2023-10-12 05:50:19,867] Trial 185 finished with value: 0.5826859714965554 and parameters: {'w0': 0.306, 'w1': 0.876, 'w2': 0.648, 'w3': 0.983, 'w4': 0.9530000000000001, 'w5': 0.357, 'w6': 0.905, 'w7': 0.436, 'w8': 0.89, 'max_depth': 5, 'min_child_weight': 0, 'subsample': 0.9000000000000001, 'colsample_bytree': 1.0, 'gamma': 1.2000000000000002}. Best is trial 176 with value: 0.5868889395623788.
[I 2023-10-12 05:50:36,108] Trial 186 finished with value: 0.5754363812383559 and parameters: {'w0': 0.297, 'w1': 0.996, 'w2': 0.616, 'w3': 0.987, 'w4': 0.9510000000000001, 'w5': 0.533, 'w6': 0.896, 'w7': 0.434, 'w8': 0.876, 'max_depth': 5, 'min_child_weight': 0, 'subsample': 0.9000000000000001, 'colsample_bytree': 1.0, 'gamma': 1.2000000000000002}. Best is trial 176 with value: 0.5868889395623788.
[I 2023-10-12 05:51:27,682] Trial 192 finished with value: 0.5714150433878274 and parameters: {'w0': 0.298, 'w1': 0.978, 'w2': 0.588, 'w3': 0.991, 'w4': 0.869, 'w5': 0.322, 'w6': 0.901, 'w7': 0.215, 'w8': 0.919, 'max_depth': 5, 'min_child_weight': 0, 'subsample': 0.9000000000000001, 'colsample_bytree': 1.0, 'gamma': 1.8}. Best is trial 176 with value: 0.5868889395623788.
[I 2023-10-12 05:51:39,304] Trial 190 finished with value: 0.5704229737295594 and parameters: {'w0': 0.178, 'w1': 0.967, 'w2': 0.596, 'w3': 0.999, 'w4': 0.871, 'w5': 0.28400000000000003, 'w6': 0.893, 'w7': 0.434, 'w8': 0.871, 'max_depth': 5, 'min_child_weight': 0, 'subsample': 0.9000000000000001, 'colsample_bytree': 1.0, 'gamma': 1.2000000000000002}. Best is trial 176 with value: 0.5868889395623788.
[I 2023-10-12 05:51:42,563] Trial 187 finished with value: 0.572607884114748 and parameters: {'w0': 0.171, 'w1': 0.977, 'w2': 0.581, 'w3': 0.992, 'w4': 0.9520000000000001, 'w5': 0.362, 'w6': 0.903, 'w7': 0.43, 'w8': 0.93, 'max_depth': 5, 'min_child_weight': 0, 'subsample': 0.9000000000000001, 'colsample_bytree': 1.0, 'gamma': 1.0}. Best is trial 176 with value: 0.5868889395623788.
[I 2023-10-12 05:51:57,420] Trial 194 finished with value: 0.5633375318596464 and parameters: {'w0': 0.162, 'w1': 1.0, 'w2': 0.581, 'w3': 0.981, 'w4': 0.874, 'w5': 0.234, 'w6': 0.895, 'w7': 0.429, 'w8': 0.9460000000000001, 'max_depth': 4, 'min_child_weight': 0, 'subsample': 0.9000000000000001, 'colsample_bytree': 1.0, 'gamma': 2.0}. Best is trial 176 with value: 0.5868889395623788.
[I 2023-10-12 05:55:09,475] Trial 193 finished with value: 0.5786331633631018 and parameters: {'w0': 0.40800000000000003, 'w1': 0.985, 'w2': 0.484, 'w3': 0.97, 'w4': 0.868, 'w5': 0.275, 'w6': 0.896, 'w7': 0.218, 'w8': 0.919, 'max_depth': 6, 'min_child_weight': 0, 'subsample': 0.9000000000000001, 'colsample_bytree': 1.0, 'gamma': 1.2000000000000002}. Best is trial 176 with value: 0.5868889395623788.
[I 2023-10-12 05:55:14,555] Trial 196 finished with value: 0.5860333128628367 and parameters: {'w0': 0.427, 'w1': 0.985, 'w2': 0.547, 'w3': 0.986, 'w4': 0.873, 'w5': 0.28300000000000003, 'w6': 0.887, 'w7': 0.436, 'w8': 0.923, 'max_depth': 5, 'min_child_weight': 0, 'subsample': 0.9000000000000001, 'colsample_bytree': 1.0, 'gamma': 1.8}. Best is trial 176 with value: 0.5868889395623788.
[I 2023-10-12 05:56:22,230] Trial 195 finished with value: 0.5851949257316884 and parameters: {'w0': 0.401, 'w1': 0.983, 'w2': 0.548, 'w3': 0.995, 'w4': 0.872, 'w5': 0.293, 'w6': 0.886, 'w7': 0.368, 'w8': 0.934, 'max_depth': 4, 'min_child_weight': 0, 'subsample': 0.9000000000000001, 'colsample_bytree': 1.0, 'gamma': 1.2000000000000002}. Best is trial 176 with value: 0.5868889395623788.
[I 2023-10-12 05:57:00,301] Trial 197 finished with value: 0.5750658204355942 and parameters: {'w0': 0.404, 'w1': 0.968, 'w2': 0.55, 'w3': 0.985, 'w4': 0.867, 'w5': 0.275, 'w6': 0.891, 'w7': 0.199, 'w8': 0.93, 'max_depth': 5, 'min_child_weight': 0, 'subsample': 0.9000000000000001, 'colsample_bytree': 1.0, 'gamma': 1.8}. Best is trial 176 with value: 0.5868889395623788.
[I 2023-10-12 06:00:22,281] Trial 198 finished with value: 0.5737031528144187 and parameters: {'w0': 0.425, 'w1': 0.988, 'w2': 0.505, 'w3': 0.998, 'w4': 0.889, 'w5': 0.307, 'w6': 0.882, 'w7': 0.202, 'w8': 0.931, 'max_depth': 5, 'min_child_weight': 0, 'subsample': 0.9000000000000001, 'colsample_bytree': 1.0, 'gamma': 1.8}. Best is trial 176 with value: 0.5868889395623788.
[I 2023-10-12 06:03:39,140] Trial 201 finished with value: 0.576162448738384 and parameters: {'w0': 0.40900000000000003, 'w1': 0.9410000000000001, 'w2': 0.47400000000000003, 'w3': 1.0, 'w4': 0.894, 'w5': 0.295, 'w6': 0.919, 'w7': 0.20800000000000002, 'w8': 0.9590000000000001, 'max_depth': 4, 'min_child_weight': 0, 'subsample': 0.9000000000000001, 'colsample_bytree': 1.0, 'gamma': 1.2000000000000002}. Best is trial 176 with value: 0.5868889395623788.
[I 2023-10-12 06:03:45,816] Trial 200 finished with value: 0.5768901462921389 and parameters: {'w0': 0.421, 'w1': 0.9450000000000001, 'w2': 0.486, 'w3': 0.998, 'w4': 0.874, 'w5': 0.277, 'w6': 0.877, 'w7': 0.197, 'w8': 0.965, 'max_depth': 5, 'min_child_weight': 0, 'subsample': 0.9000000000000001, 'colsample_bytree': 1.0, 'gamma': 1.2000000000000002}. Best is trial 176 with value: 0.5868889395623788.
[I 2023-10-12 06:04:01,121] Trial 199 finished with value: 0.5723374558881302 and parameters: {'w0': 0.364, 'w1': 0.9390000000000001, 'w2': 0.5710000000000001, 'w3': 0.982, 'w4': 0.896, 'w5': 0.259, 'w6': 0.882, 'w7': 0.2, 'w8': 0.863, 'max_depth': 5, 'min_child_weight': 0, 'subsample': 0.9000000000000001, 'colsample_bytree': 1.0, 'gamma': 1.2000000000000002}. Best is trial 176 with value: 0.5868889395623788.
[I 2023-10-12 06:04:02,149] Trial 204 finished with value: 0.5816270378384646 and parameters: {'w0': 0.40700000000000003, 'w1': 0.934, 'w2': 0.5730000000000001, 'w3': 0.933, 'w4': 0.889, 'w5': 0.291, 'w6': 0.885, 'w7': 0.368, 'w8': 0.9540000000000001, 'max_depth': 5, 'min_child_weight': 0, 'subsample': 0.9000000000000001, 'colsample_bytree': 1.0, 'gamma': 2.0}. Best is trial 176 with value: 0.5868889395623788.
[I 2023-10-12 06:05:52,634] Trial 205 finished with value: 0.5870193753116673 and parameters: {'w0': 0.40700000000000003, 'w1': 0.995, 'w2': 0.546, 'w3': 0.998, 'w4': 0.9480000000000001, 'w5': 0.308, 'w6': 0.882, 'w7': 0.437, 'w8': 0.9580000000000001, 'max_depth': 5, 'min_child_weight': 0, 'subsample': 0.9000000000000001, 'colsample_bytree': 1.0, 'gamma': 1.6}. Best is trial 205 with value: 0.5870193753116673.
[I 2023-10-12 06:06:54,196] Trial 203 finished with value: 0.5836133453482302 and parameters: {'w0': 0.357, 'w1': 0.928, 'w2': 0.5730000000000001, 'w3': 0.936, 'w4': 0.886, 'w5': 0.277, 'w6': 0.882, 'w7': 0.437, 'w8': 0.999, 'max_depth': 5, 'min_child_weight': 0, 'subsample': 0.9000000000000001, 'colsample_bytree': 1.0, 'gamma': 1.2000000000000002}. Best is trial 205 with value: 0.5870193753116673.
[I 2023-10-12 06:07:00,632] Trial 202 finished with value: 0.5851331688520113 and parameters: {'w0': 0.40700000000000003, 'w1': 0.933, 'w2': 0.5680000000000001, 'w3': 0.926, 'w4': 0.884, 'w5': 0.275, 'w6': 0.888, 'w7': 0.444, 'w8': 0.866, 'max_depth': 5, 'min_child_weight': 0, 'subsample': 0.9000000000000001, 'colsample_bytree': 1.0, 'gamma': 1.2000000000000002}. Best is trial 205 with value: 0.5870193753116673.
[I 2023-10-12 06:07:06,535] Trial 207 finished with value: 0.5874991868925646 and parameters: {'w0': 0.41100000000000003, 'w1': 0.933, 'w2': 0.5670000000000001, 'w3': 0.926, 'w4': 0.9490000000000001, 'w5': 0.23700000000000002, 'w6': 0.876, 'w7': 0.446, 'w8': 0.9550000000000001, 'max_depth': 5, 'min_child_weight': 0, 'subsample': 0.9000000000000001, 'colsample_bytree': 1.0, 'gamma': 1.6}. Best is trial 207 with value: 0.5874991868925646.
[I 2023-10-12 06:07:30,701] Trial 208 finished with value: 0.5901672546719368 and parameters: {'w0': 0.41700000000000004, 'w1': 0.9400000000000001, 'w2': 0.554, 'w3': 0.934, 'w4': 0.9440000000000001, 'w5': 0.262, 'w6': 0.878, 'w7': 0.496, 'w8': 0.99, 'max_depth': 5, 'min_child_weight': 0, 'subsample': 0.9000000000000001, 'colsample_bytree': 1.0, 'gamma': 1.6}. Best is trial 208 with value: 0.5901672546719368.
[I 2023-10-12 06:09:35,953] Trial 206 finished with value: 0.585123949056611 and parameters: {'w0': 0.404, 'w1': 0.937, 'w2': 0.613, 'w3': 0.999, 'w4': 0.9430000000000001, 'w5': 0.28300000000000003, 'w6': 0.877, 'w7': 0.439, 'w8': 0.865, 'max_depth': 5, 'min_child_weight': 0, 'subsample': 0.9000000000000001, 'colsample_bytree': 1.0, 'gamma': 1.2000000000000002}. Best is trial 208 with value: 0.5901672546719368.
[I 2023-10-12 06:10:06,427] Trial 209 finished with value: 0.5879728081980229 and parameters: {'w0': 0.403, 'w1': 0.933, 'w2': 0.552, 'w3': 0.922, 'w4': 0.9490000000000001, 'w5': 0.324, 'w6': 0.874, 'w7': 0.445, 'w8': 0.962, 'max_depth': 5, 'min_child_weight': 0, 'subsample': 0.9000000000000001, 'colsample_bytree': 1.0, 'gamma': 1.2000000000000002}. Best is trial 208 with value: 0.5901672546719368.
[I 2023-10-12 06:12:20,666] Trial 210 finished with value: 0.5905964271514332 and parameters: {'w0': 0.404, 'w1': 0.933, 'w2': 0.544, 'w3': 0.928, 'w4': 0.9430000000000001, 'w5': 0.303, 'w6': 0.87, 'w7': 0.493, 'w8': 0.971, 'max_depth': 6, 'min_child_weight': 0, 'subsample': 0.9000000000000001, 'colsample_bytree': 1.0, 'gamma': 1.6}. Best is trial 210 with value: 0.5905964271514332.
[I 2023-10-12 06:12:25,060] Trial 211 finished with value: 0.5890818682827019 and parameters: {'w0': 0.421, 'w1': 0.933, 'w2': 0.499, 'w3': 0.929, 'w4': 0.93, 'w5': 0.276, 'w6': 0.872, 'w7': 0.489, 'w8': 0.991, 'max_depth': 6, 'min_child_weight': 0, 'subsample': 0.9000000000000001, 'colsample_bytree': 1.0, 'gamma': 1.6}. Best is trial 210 with value: 0.5905964271514332.
[I 2023-10-12 06:13:12,300] Trial 212 finished with value: 0.5856434182246766 and parameters: {'w0': 0.405, 'w1': 0.931, 'w2': 0.545, 'w3': 0.925, 'w4': 0.887, 'w5': 0.264, 'w6': 0.874, 'w7': 0.368, 'w8': 0.862, 'max_depth': 6, 'min_child_weight': 0, 'subsample': 0.9000000000000001, 'colsample_bytree': 1.0, 'gamma': 1.6}. Best is trial 210 with value: 0.5905964271514332.
