[I 2023-10-12 19:04:34,905] Trial 1160 finished with value: 0.5566534891654153 and parameters: {'w0': 0.332, 'w1': 0.836, 'w2': 0.267, 'w3': 0.755, 'w4': 0.872, 'w5': 0.14, 'w6': 0.226, 'w7': 0.636, 'w8': 0.759, 'max_depth': 9, 'min_child_weight': 2, 'subsample': 0.7, 'colsample_bytree': 0.8, 'gamma': 1.8}. Best is trial 848 with value: 0.6005661897687894.
[I 2023-10-12 19:04:34,939] Trial 1158 finished with value: 0.5924991583057179 and parameters: {'w0': 0.322, 'w1': 0.919, 'w2': 0.274, 'w3': 0.759, 'w4': 0.868, 'w5': 0.191, 'w6': 0.969, 'w7': 0.201, 'w8': 0.755, 'max_depth': 9, 'min_child_weight': 2, 'subsample': 0.8, 'colsample_bytree': 0.8, 'gamma': 0.8}. Best is trial 848 with value: 0.6005661897687894.
[I 2023-10-12 19:06:21,344] Trial 1166 finished with value: 0.5905050359508628 and parameters: {'w0': 0.325, 'w1': 0.92, 'w2': 0.266, 'w3': 0.862, 'w4': 0.868, 'w5': 0.14400000000000002, 'w6': 0.968, 'w7': 0.314, 'w8': 0.764, 'max_depth': 7, 'min_child_weight': 2, 'subsample': 0.7, 'colsample_bytree': 0.8, 'gamma': 2.2}. Best is trial 848 with value: 0.6005661897687894.
[I 2023-10-12 19:06:52,739] Trial 1161 finished with value: 0.5480396043696713 and parameters: {'w0': 0.325, 'w1': 0.919, 'w2': 0.265, 'w3': 0.326, 'w4': 0.867, 'w5': 0.14400000000000002, 'w6': 0.968, 'w7': 0.967, 'w8': 0.708, 'max_depth': 9, 'min_child_weight': 2, 'subsample': 0.7, 'colsample_bytree': 0.8, 'gamma': 1.8}. Best is trial 848 with value: 0.6005661897687894.
[I 2023-10-12 19:07:44,202] Trial 1167 finished with value: 0.5825118025395664 and parameters: {'w0': 0.257, 'w1': 0.92, 'w2': 0.268, 'w3': 0.754, 'w4': 0.861, 'w5': 0.14300000000000002, 'w6': 0.226, 'w7': 0.303, 'w8': 0.521, 'max_depth': 7, 'min_child_weight': 2, 'subsample': 0.7, 'colsample_bytree': 0.8, 'gamma': 1.8}. Best is trial 848 with value: 0.6005661897687894.
[I 2023-10-12 19:07:50,106] Trial 1168 finished with value: 0.5876118397886885 and parameters: {'w0': 0.257, 'w1': 0.919, 'w2': 0.261, 'w3': 0.653, 'w4': 0.889, 'w5': 0.134, 'w6': 0.972, 'w7': 0.315, 'w8': 0.525, 'max_depth': 7, 'min_child_weight': 2, 'subsample': 0.8, 'colsample_bytree': 0.8, 'gamma': 1.8}. Best is trial 848 with value: 0.6005661897687894.
[I 2023-10-12 19:09:10,984] Trial 1164 finished with value: 0.5817831133673828 and parameters: {'w0': 0.252, 'w1': 0.922, 'w2': 0.267, 'w3': 0.273, 'w4': 0.867, 'w5': 0.14500000000000002, 'w6': 0.967, 'w7': 0.317, 'w8': 0.271, 'max_depth': 7, 'min_child_weight': 2, 'subsample': 0.7, 'colsample_bytree': 0.8, 'gamma': 1.0}. Best is trial 848 with value: 0.6005661897687894.
[I 2023-10-12 19:09:46,673] Trial 1169 finished with value: 0.5955613782905325 and parameters: {'w0': 0.357, 'w1': 0.918, 'w2': 0.265, 'w3': 0.86, 'w4': 0.872, 'w5': 0.148, 'w6': 0.9470000000000001, 'w7': 0.297, 'w8': 0.764, 'max_depth': 7, 'min_child_weight': 2, 'subsample': 0.8, 'colsample_bytree': 0.8, 'gamma': 1.8}. Best is trial 848 with value: 0.6005661897687894.
[I 2023-10-12 19:10:08,356] Trial 1170 finished with value: 0.5913684458113377 and parameters: {'w0': 0.33, 'w1': 0.921, 'w2': 0.267, 'w3': 0.656, 'w4': 0.869, 'w5': 0.152, 'w6': 0.9450000000000001, 'w7': 0.318, 'w8': 0.761, 'max_depth': 7, 'min_child_weight': 2, 'subsample': 0.8, 'colsample_bytree': 0.8, 'gamma': 2.2}. Best is trial 848 with value: 0.6005661897687894.
[I 2023-10-12 19:12:15,057] Trial 1171 finished with value: 0.5972290430614393 and parameters: {'w0': 0.322, 'w1': 0.923, 'w2': 0.338, 'w3': 0.756, 'w4': 0.868, 'w5': 0.14400000000000002, 'w6': 0.981, 'w7': 0.317, 'w8': 0.767, 'max_depth': 9, 'min_child_weight': 2, 'subsample': 0.7, 'colsample_bytree': 0.8, 'gamma': 2.2}. Best is trial 848 with value: 0.6005661897687894.
[I 2023-10-12 19:12:41,563] Trial 1165 finished with value: 0.5954077524009487 and parameters: {'w0': 0.256, 'w1': 0.918, 'w2': 0.265, 'w3': 0.657, 'w4': 0.87, 'w5': 0.15, 'w6': 0.973, 'w7': 0.295, 'w8': 0.766, 'max_depth': 9, 'min_child_weight': 2, 'subsample': 0.7, 'colsample_bytree': 0.8, 'gamma': 1.0}. Best is trial 848 with value: 0.6005661897687894.
[I 2023-10-12 19:12:50,694] Trial 1172 finished with value: 0.5933565091916557 and parameters: {'w0': 0.252, 'w1': 0.92, 'w2': 0.339, 'w3': 0.66, 'w4': 0.871, 'w5': 0.14300000000000002, 'w6': 0.978, 'w7': 0.316, 'w8': 0.763, 'max_depth': 7, 'min_child_weight': 2, 'subsample': 0.7, 'colsample_bytree': 0.8, 'gamma': 2.2}. Best is trial 848 with value: 0.6005661897687894.
[I 2023-10-12 19:14:36,843] Trial 1173 finished with value: 0.598000160780812 and parameters: {'w0': 0.33, 'w1': 0.917, 'w2': 0.34500000000000003, 'w3': 0.661, 'w4': 0.871, 'w5': 0.138, 'w6': 0.974, 'w7': 0.316, 'w8': 0.767, 'max_depth': 9, 'min_child_weight': 2, 'subsample': 0.7, 'colsample_bytree': 0.8, 'gamma': 2.2}. Best is trial 848 with value: 0.6005661897687894.
[I 2023-10-12 19:15:47,213] Trial 1174 finished with value: 0.5979315938212859 and parameters: {'w0': 0.316, 'w1': 0.914, 'w2': 0.332, 'w3': 0.656, 'w4': 0.87, 'w5': 0.14100000000000001, 'w6': 0.98, 'w7': 0.307, 'w8': 0.769, 'max_depth': 9, 'min_child_weight': 2, 'subsample': 0.7, 'colsample_bytree': 0.8, 'gamma': 2.2}. Best is trial 848 with value: 0.6005661897687894.
[I 2023-10-12 19:16:16,928] Trial 1175 finished with value: 0.5994166318357947 and parameters: {'w0': 0.326, 'w1': 0.922, 'w2': 0.34400000000000003, 'w3': 0.654, 'w4': 0.868, 'w5': 0.152, 'w6': 0.981, 'w7': 0.32, 'w8': 0.765, 'max_depth': 9, 'min_child_weight': 2, 'subsample': 0.7, 'colsample_bytree': 0.8, 'gamma': 2.2}. Best is trial 848 with value: 0.6005661897687894.
[I 2023-10-12 19:17:52,116] Trial 1176 finished with value: 0.5962923554382444 and parameters: {'w0': 0.327, 'w1': 0.863, 'w2': 0.336, 'w3': 0.653, 'w4': 0.883, 'w5': 0.14400000000000002, 'w6': 0.981, 'w7': 0.313, 'w8': 0.766, 'max_depth': 9, 'min_child_weight': 2, 'subsample': 0.7, 'colsample_bytree': 0.8, 'gamma': 1.8}. Best is trial 848 with value: 0.6005661897687894.
[I 2023-10-12 19:18:28,132] Trial 1179 finished with value: 0.5966787819792259 and parameters: {'w0': 0.299, 'w1': 0.766, 'w2': 0.332, 'w3': 0.656, 'w4': 0.845, 'w5': 0.146, 'w6': 0.983, 'w7': 0.3, 'w8': 0.772, 'max_depth': 7, 'min_child_weight': 2, 'subsample': 0.8, 'colsample_bytree': 0.8, 'gamma': 2.2}. Best is trial 848 with value: 0.6005661897687894.
[I 2023-10-12 19:19:27,503] Trial 1178 finished with value: 0.5958517560734049 and parameters: {'w0': 0.261, 'w1': 0.792, 'w2': 0.336, 'w3': 0.73, 'w4': 0.887, 'w5': 0.15, 'w6': 0.985, 'w7': 0.321, 'w8': 0.757, 'max_depth': 9, 'min_child_weight': 2, 'subsample': 0.6000000000000001, 'colsample_bytree': 0.8, 'gamma': 2.2}. Best is trial 848 with value: 0.6005661897687894.
[I 2023-10-12 19:19:29,886] Trial 1177 finished with value: 0.5986144823373257 and parameters: {'w0': 0.317, 'w1': 0.775, 'w2': 0.34900000000000003, 'w3': 0.726, 'w4': 0.884, 'w5': 0.156, 'w6': 0.982, 'w7': 0.305, 'w8': 0.77, 'max_depth': 9, 'min_child_weight': 2, 'subsample': 0.6000000000000001, 'colsample_bytree': 0.8, 'gamma': 2.2}. Best is trial 848 with value: 0.6005661897687894.
[I 2023-10-12 19:20:30,707] Trial 1182 finished with value: 0.5900533204022624 and parameters: {'w0': 0.303, 'w1': 0.857, 'w2': 0.353, 'w3': 0.659, 'w4': 0.887, 'w5': 0.153, 'w6': 0.983, 'w7': 0.219, 'w8': 0.771, 'max_depth': 9, 'min_child_weight': 2, 'subsample': 0.8, 'colsample_bytree': 0.8, 'gamma': 2.2}. Best is trial 848 with value: 0.6005661897687894.
[I 2023-10-12 19:20:39,405] Trial 1181 finished with value: 0.5962428928378981 and parameters: {'w0': 0.464, 'w1': 0.785, 'w2': 0.331, 'w3': 0.66, 'w4': 0.883, 'w5': 0.155, 'w6': 0.985, 'w7': 0.3, 'w8': 0.77, 'max_depth': 9, 'min_child_weight': 2, 'subsample': 0.8, 'colsample_bytree': 0.8, 'gamma': 2.2}. Best is trial 848 with value: 0.6005661897687894.
[I 2023-10-12 19:21:32,717] Trial 1180 finished with value: 0.5958457566766795 and parameters: {'w0': 0.304, 'w1': 0.863, 'w2': 0.328, 'w3': 0.73, 'w4': 0.881, 'w5': 0.152, 'w6': 0.9480000000000001, 'w7': 0.295, 'w8': 0.767, 'max_depth': 9, 'min_child_weight': 2, 'subsample': 0.6000000000000001, 'colsample_bytree': 0.8, 'gamma': 2.2}. Best is trial 848 with value: 0.6005661897687894.
[I 2023-10-12 19:22:18,161] Trial 1184 finished with value: 0.5974806201468009 and parameters: {'w0': 0.301, 'w1': 0.865, 'w2': 0.333, 'w3': 0.659, 'w4': 0.887, 'w5': 0.156, 'w6': 0.983, 'w7': 0.27, 'w8': 0.774, 'max_depth': 9, 'min_child_weight': 2, 'subsample': 0.8, 'colsample_bytree': 0.8, 'gamma': 2.2}. Best is trial 848 with value: 0.6005661897687894.
[I 2023-10-12 19:23:51,520] Trial 1183 finished with value: 0.5964611014419164 and parameters: {'w0': 0.299, 'w1': 0.789, 'w2': 0.333, 'w3': 0.657, 'w4': 0.843, 'w5': 0.155, 'w6': 0.982, 'w7': 0.267, 'w8': 0.776, 'max_depth': 9, 'min_child_weight': 2, 'subsample': 0.6000000000000001, 'colsample_bytree': 0.8, 'gamma': 2.2}. Best is trial 848 with value: 0.6005661897687894.
[I 2023-10-12 19:24:46,456] Trial 1185 finished with value: 0.587821404696789 and parameters: {'w0': 0.3, 'w1': 0.774, 'w2': 0.335, 'w3': 0.726, 'w4': 0.844, 'w5': 0.16, 'w6': 0.984, 'w7': 0.223, 'w8': 0.779, 'max_depth': 9, 'min_child_weight': 2, 'subsample': 0.6000000000000001, 'colsample_bytree': 0.8, 'gamma': 2.2}. Best is trial 848 with value: 0.6005661897687894.
[I 2023-10-12 19:25:48,157] Trial 1187 finished with value: 0.5887527314692607 and parameters: {'w0': 0.294, 'w1': 0.864, 'w2': 0.337, 'w3': 0.726, 'w4': 0.838, 'w5': 0.221, 'w6': 0.981, 'w7': 0.217, 'w8': 0.774, 'max_depth': 9, 'min_child_weight': 2, 'subsample': 0.8, 'colsample_bytree': 0.8, 'gamma': 2.0}. Best is trial 848 with value: 0.6005661897687894.
[I 2023-10-12 19:25:55,898] Trial 1188 finished with value: 0.5883366943554875 and parameters: {'w0': 0.291, 'w1': 0.865, 'w2': 0.34, 'w3': 0.724, 'w4': 0.884, 'w5': 0.222, 'w6': 0.985, 'w7': 0.223, 'w8': 0.725, 'max_depth': 9, 'min_child_weight': 2, 'subsample': 0.8, 'colsample_bytree': 0.8, 'gamma': 2.0}. Best is trial 848 with value: 0.6005661897687894.
[I 2023-10-12 19:27:17,777] Trial 1186 finished with value: 0.5512190268172876 and parameters: {'w0': 0.461, 'w1': 0.868, 'w2': 0.332, 'w3': 0.732, 'w4': 0.884, 'w5': 0.159, 'w6': 0.982, 'w7': 0.295, 'w8': 0.066, 'max_depth': 9, 'min_child_weight': 2, 'subsample': 0.6000000000000001, 'colsample_bytree': 0.8, 'gamma': 2.0}. Best is trial 848 with value: 0.6005661897687894.
[I 2023-10-12 19:28:42,688] Trial 1189 finished with value: 0.5967314693141456 and parameters: {'w0': 0.303, 'w1': 0.772, 'w2': 0.299, 'w3': 0.73, 'w4': 0.89, 'w5': 0.217, 'w6': 0.986, 'w7': 0.263, 'w8': 0.727, 'max_depth': 9, 'min_child_weight': 2, 'subsample': 0.7, 'colsample_bytree': 0.8, 'gamma': 2.0}. Best is trial 848 with value: 0.6005661897687894.
[I 2023-10-12 19:29:30,869] Trial 1191 finished with value: 0.59584448203497 and parameters: {'w0': 0.276, 'w1': 0.768, 'w2': 0.358, 'w3': 0.665, 'w4': 0.89, 'w5': 0.11, 'w6': 0.985, 'w7': 0.328, 'w8': 0.777, 'max_depth': 9, 'min_child_weight': 2, 'subsample': 0.7, 'colsample_bytree': 0.8, 'gamma': 2.2}. Best is trial 848 with value: 0.6005661897687894.
[I 2023-10-12 19:31:15,633] Trial 1190 finished with value: 0.5974196583274548 and parameters: {'w0': 0.302, 'w1': 0.784, 'w2': 0.34700000000000003, 'w3': 0.664, 'w4': 0.845, 'w5': 0.117, 'w6': 1.0, 'w7': 0.291, 'w8': 0.774, 'max_depth': 9, 'min_child_weight': 2, 'subsample': 0.6000000000000001, 'colsample_bytree': 0.8, 'gamma': 2.0}. Best is trial 848 with value: 0.6005661897687894.
[I 2023-10-12 19:31:28,700] Trial 1193 finished with value: 0.5923207248995274 and parameters: {'w0': 0.294, 'w1': 0.9410000000000001, 'w2': 0.353, 'w3': 0.648, 'w4': 0.891, 'w5': 0.117, 'w6': 0.435, 'w7': 0.326, 'w8': 0.787, 'max_depth': 9, 'min_child_weight': 2, 'subsample': 0.7, 'colsample_bytree': 0.8, 'gamma': 2.2}. Best is trial 848 with value: 0.6005661897687894.
[I 2023-10-12 19:31:31,552] Trial 1192 finished with value: 0.5968449935917942 and parameters: {'w0': 0.299, 'w1': 0.9480000000000001, 'w2': 0.353, 'w3': 0.654, 'w4': 0.842, 'w5': 0.116, 'w6': 0.984, 'w7': 0.327, 'w8': 0.777, 'max_depth': 9, 'min_child_weight': 2, 'subsample': 0.7, 'colsample_bytree': 0.8, 'gamma': 2.2}. Best is trial 848 with value: 0.6005661897687894.
[I 2023-10-12 19:32:40,375] Trial 1195 finished with value: 0.5932349628166838 and parameters: {'w0': 0.28900000000000003, 'w1': 0.711, 'w2': 0.354, 'w3': 0.652, 'w4': 0.889, 'w5': 0.11, 'w6': 1.0, 'w7': 0.321, 'w8': 0.778, 'max_depth': 9, 'min_child_weight': 2, 'subsample': 0.6000000000000001, 'colsample_bytree': 0.8, 'gamma': 2.6}. Best is trial 848 with value: 0.6005661897687894.
[I 2023-10-12 19:33:27,216] Trial 1194 finished with value: 0.5980015998460361 and parameters: {'w0': 0.314, 'w1': 0.9450000000000001, 'w2': 0.357, 'w3': 0.663, 'w4': 0.837, 'w5': 0.109, 'w6': 0.984, 'w7': 0.295, 'w8': 0.778, 'max_depth': 9, 'min_child_weight': 2, 'subsample': 0.6000000000000001, 'colsample_bytree': 0.8, 'gamma': 2.4000000000000004}. Best is trial 848 with value: 0.6005661897687894.
[I 2023-10-12 19:33:58,611] Trial 1197 finished with value: 0.5981743845916231 and parameters: {'w0': 0.292, 'w1': 0.787, 'w2': 0.356, 'w3': 0.668, 'w4': 0.893, 'w5': 0.11800000000000001, 'w6': 0.999, 'w7': 0.327, 'w8': 0.741, 'max_depth': 9, 'min_child_weight': 2, 'subsample': 0.6000000000000001, 'colsample_bytree': 0.8, 'gamma': 2.6}. Best is trial 848 with value: 0.6005661897687894.
[I 2023-10-12 19:34:07,086] Trial 1196 finished with value: 0.5961941266572643 and parameters: {'w0': 0.301, 'w1': 0.755, 'w2': 0.361, 'w3': 0.646, 'w4': 0.886, 'w5': 0.112, 'w6': 0.985, 'w7': 0.329, 'w8': 0.739, 'max_depth': 9, 'min_child_weight': 2, 'subsample': 0.6000000000000001, 'colsample_bytree': 0.8, 'gamma': 2.6}. Best is trial 848 with value: 0.6005661897687894.
[I 2023-10-12 19:34:57,560] Trial 1198 finished with value: 0.5969341976689445 and parameters: {'w0': 0.28800000000000003, 'w1': 0.784, 'w2': 0.367, 'w3': 0.663, 'w4': 0.848, 'w5': 0.11800000000000001, 'w6': 0.987, 'w7': 0.318, 'w8': 0.749, 'max_depth': 9, 'min_child_weight': 2, 'subsample': 0.6000000000000001, 'colsample_bytree': 0.8, 'gamma': 2.6}. Best is trial 848 with value: 0.6005661897687894.
[I 2023-10-12 19:35:40,299] Trial 1199 finished with value: 0.5917572665448535 and parameters: {'w0': 0.281, 'w1': 0.751, 'w2': 0.358, 'w3': 0.67, 'w4': 0.848, 'w5': 0.113, 'w6': 1.0, 'w7': 0.328, 'w8': 0.742, 'max_depth': 9, 'min_child_weight': 2, 'subsample': 0.6000000000000001, 'colsample_bytree': 0.8, 'gamma': 2.6}. Best is trial 848 with value: 0.6005661897687894.
[I 2023-10-12 19:36:09,594] Trial 1200 finished with value: 0.5968355025705854 and parameters: {'w0': 0.277, 'w1': 0.9520000000000001, 'w2': 0.35100000000000003, 'w3': 0.671, 'w4': 0.892, 'w5': 0.113, 'w6': 0.988, 'w7': 0.327, 'w8': 0.739, 'max_depth': 9, 'min_child_weight': 2, 'subsample': 0.7, 'colsample_bytree': 0.8, 'gamma': 2.6}. Best is trial 848 with value: 0.6005661897687894.
[I 2023-10-12 19:36:59,863] Trial 1201 finished with value: 0.5944356400343132 and parameters: {'w0': 0.28300000000000003, 'w1': 0.793, 'w2': 0.359, 'w3': 0.673, 'w4': 0.89, 'w5': 0.124, 'w6': 0.984, 'w7': 0.33, 'w8': 0.741, 'max_depth': 9, 'min_child_weight': 2, 'subsample': 0.7, 'colsample_bytree': 0.8, 'gamma': 2.6}. Best is trial 848 with value: 0.6005661897687894.
[I 2023-10-12 19:37:55,788] Trial 1203 finished with value: 0.5958806404671125 and parameters: {'w0': 0.28300000000000003, 'w1': 0.735, 'w2': 0.368, 'w3': 0.673, 'w4': 0.891, 'w5': 0.11800000000000001, 'w6': 0.987, 'w7': 0.327, 'w8': 0.74, 'max_depth': 9, 'min_child_weight': 2, 'subsample': 0.7, 'colsample_bytree': 0.8, 'gamma': 2.6}. Best is trial 848 with value: 0.6005661897687894.
[I 2023-10-12 19:38:56,625] Trial 1202 finished with value: 0.5910835345759546 and parameters: {'w0': 0.314, 'w1': 0.771, 'w2': 0.38, 'w3': 0.67, 'w4': 0.893, 'w5': 0.108, 'w6': 0.998, 'w7': 0.324, 'w8': 0.748, 'max_depth': 9, 'min_child_weight': 2, 'subsample': 0.6000000000000001, 'colsample_bytree': 0.8, 'gamma': 2.6}. Best is trial 848 with value: 0.6005661897687894.
[I 2023-10-12 19:40:37,637] Trial 1204 finished with value: 0.5937409352952823 and parameters: {'w0': 0.281, 'w1': 0.9510000000000001, 'w2': 0.374, 'w3': 0.669, 'w4': 0.896, 'w5': 0.131, 'w6': 0.997, 'w7': 0.323, 'w8': 0.746, 'max_depth': 9, 'min_child_weight': 2, 'subsample': 0.6000000000000001, 'colsample_bytree': 0.8, 'gamma': 2.6}. Best is trial 848 with value: 0.6005661897687894.
[I 2023-10-12 19:40:39,353] Trial 1208 finished with value: 0.5710960574569454 and parameters: {'w0': 0.323, 'w1': 0.9450000000000001, 'w2': 0.365, 'w3': 0.68, 'w4': 0.856, 'w5': 0.11800000000000001, 'w6': 1.0, 'w7': 0.328, 'w8': 0.744, 'max_depth': 9, 'min_child_weight': 2, 'subsample': 0.6000000000000001, 'colsample_bytree': 0.8, 'gamma': 9.4}. Best is trial 848 with value: 0.6005661897687894.
[I 2023-10-12 19:41:44,683] Trial 1206 finished with value: 0.5963438745263931 and parameters: {'w0': 0.292, 'w1': 0.751, 'w2': 0.377, 'w3': 0.672, 'w4': 0.851, 'w5': 0.125, 'w6': 0.998, 'w7': 0.328, 'w8': 0.742, 'max_depth': 9, 'min_child_weight': 2, 'subsample': 0.7, 'colsample_bytree': 0.8, 'gamma': 2.6}. Best is trial 848 with value: 0.6005661897687894.
[I 2023-10-12 19:43:03,124] Trial 1205 finished with value: 0.5950503003029544 and parameters: {'w0': 0.296, 'w1': 0.9460000000000001, 'w2': 0.367, 'w3': 0.672, 'w4': 0.893, 'w5': 0.115, 'w6': 1.0, 'w7': 0.33, 'w8': 0.739, 'max_depth': 9, 'min_child_weight': 2, 'subsample': 0.6000000000000001, 'colsample_bytree': 0.8, 'gamma': 2.4000000000000004}. Best is trial 848 with value: 0.6005661897687894.
[I 2023-10-12 19:44:34,113] Trial 1207 finished with value: 0.5954568570537413 and parameters: {'w0': 0.32, 'w1': 0.764, 'w2': 0.368, 'w3': 0.672, 'w4': 0.854, 'w5': 0.114, 'w6': 0.9520000000000001, 'w7': 0.329, 'w8': 0.75, 'max_depth': 9, 'min_child_weight': 2, 'subsample': 0.6000000000000001, 'colsample_bytree': 0.8, 'gamma': 2.6}. Best is trial 848 with value: 0.6005661897687894.
[I 2023-10-12 19:45:01,934] Trial 1210 finished with value: 0.5940106197652723 and parameters: {'w0': 0.32, 'w1': 0.762, 'w2': 0.373, 'w3': 0.678, 'w4': 0.861, 'w5': 0.127, 'w6': 0.999, 'w7': 0.33, 'w8': 0.747, 'max_depth': 9, 'min_child_weight': 2, 'subsample': 0.7, 'colsample_bytree': 0.8, 'gamma': 2.6}. Best is trial 848 with value: 0.6005661897687894.
[I 2023-10-12 19:46:06,972] Trial 1209 finished with value: 0.5927018483390134 and parameters: {'w0': 0.318, 'w1': 0.9410000000000001, 'w2': 0.34600000000000003, 'w3': 0.677, 'w4': 0.855, 'w5': 0.124, 'w6': 1.0, 'w7': 0.318, 'w8': 0.746, 'max_depth': 9, 'min_child_weight': 2, 'subsample': 0.5, 'colsample_bytree': 0.8, 'gamma': 2.6}. Best is trial 848 with value: 0.6005661897687894.
[I 2023-10-12 19:47:11,126] Trial 1212 finished with value: 0.5940806717022966 and parameters: {'w0': 0.276, 'w1': 0.782, 'w2': 0.372, 'w3': 0.678, 'w4': 0.847, 'w5': 0.124, 'w6': 0.997, 'w7': 0.326, 'w8': 0.74, 'max_depth': 9, 'min_child_weight': 2, 'subsample': 0.6000000000000001, 'colsample_bytree': 0.8, 'gamma': 2.6}. Best is trial 848 with value: 0.6005661897687894.
[I 2023-10-12 19:47:25,972] Trial 1211 finished with value: 0.595645416649393 and parameters: {'w0': 0.312, 'w1': 0.9430000000000001, 'w2': 0.373, 'w3': 0.6890000000000001, 'w4': 0.853, 'w5': 0.124, 'w6': 0.998, 'w7': 0.3, 'w8': 0.743, 'max_depth': 9, 'min_child_weight': 2, 'subsample': 0.6000000000000001, 'colsample_bytree': 0.8, 'gamma': 2.4000000000000004}. Best is trial 848 with value: 0.6005661897687894.
[I 2023-10-12 19:47:26,507] Trial 1213 finished with value: 0.5965514379357558 and parameters: {'w0': 0.28400000000000003, 'w1': 0.748, 'w2': 0.35000000000000003, 'w3': 0.681, 'w4': 0.859, 'w5': 0.124, 'w6': 0.997, 'w7': 0.326, 'w8': 0.74, 'max_depth': 9, 'min_child_weight': 2, 'subsample': 0.6000000000000001, 'colsample_bytree': 0.8, 'gamma': 2.6}. Best is trial 848 with value: 0.6005661897687894.
[I 2023-10-12 19:48:34,594] Trial 1214 finished with value: 0.5930134440646637 and parameters: {'w0': 0.273, 'w1': 0.78, 'w2': 0.381, 'w3': 0.672, 'w4': 0.858, 'w5': 0.126, 'w6': 1.0, 'w7': 0.301, 'w8': 0.738, 'max_depth': 9, 'min_child_weight': 2, 'subsample': 0.6000000000000001, 'colsample_bytree': 0.8, 'gamma': 2.4000000000000004}. Best is trial 848 with value: 0.6005661897687894.
[I 2023-10-12 19:48:36,775] Trial 1215 finished with value: 0.5344596603998538 and parameters: {'w0': 0.279, 'w1': 0.797, 'w2': 0.003, 'w3': 0.678, 'w4': 0.848, 'w5': 0.127, 'w6': 1.0, 'w7': 0.304, 'w8': 0.74, 'max_depth': 9, 'min_child_weight': 2, 'subsample': 0.6000000000000001, 'colsample_bytree': 0.8, 'gamma': 2.4000000000000004}. Best is trial 848 with value: 0.6005661897687894.
[I 2023-10-12 19:49:45,399] Trial 1216 finished with value: 0.5926899815406196 and parameters: {'w0': 0.264, 'w1': 0.79, 'w2': 0.384, 'w3': 0.679, 'w4': 0.861, 'w5': 0.128, 'w6': 1.0, 'w7': 0.307, 'w8': 0.748, 'max_depth': 9, 'min_child_weight': 2, 'subsample': 0.6000000000000001, 'colsample_bytree': 0.8, 'gamma': 2.4000000000000004}. Best is trial 848 with value: 0.6005661897687894.
[I 2023-10-12 19:50:33,987] Trial 1217 finished with value: 0.5950002700888637 and parameters: {'w0': 0.31, 'w1': 0.768, 'w2': 0.354, 'w3': 0.6920000000000001, 'w4': 0.855, 'w5': 0.131, 'w6': 0.999, 'w7': 0.297, 'w8': 0.74, 'max_depth': 9, 'min_child_weight': 2, 'subsample': 0.6000000000000001, 'colsample_bytree': 0.8, 'gamma': 2.4000000000000004}. Best is trial 848 with value: 0.6005661897687894.
[I 2023-10-12 19:51:44,272] Trial 1218 finished with value: 0.5946698721359629 and parameters: {'w0': 0.319, 'w1': 0.741, 'w2': 0.364, 'w3': 0.678, 'w4': 0.858, 'w5': 0.133, 'w6': 0.9510000000000001, 'w7': 0.302, 'w8': 0.751, 'max_depth': 9, 'min_child_weight': 2, 'subsample': 0.6000000000000001, 'colsample_bytree': 0.8, 'gamma': 2.4000000000000004}. Best is trial 848 with value: 0.6005661897687894.
