[I 2023-10-12 09:13:48,408] Trial 430 finished with value: 0.5896766249468198 and parameters: {'w0': 0.538, 'w1': 0.998, 'w2': 0.375, 'w3': 0.584, 'w4': 0.97, 'w5': 0.08700000000000001, 'w6': 0.9530000000000001, 'w7': 0.386, 'w8': 0.894, 'max_depth': 9, 'min_child_weight': 6, 'subsample': 0.9000000000000001, 'colsample_bytree': 0.9000000000000001, 'gamma': 2.6}. Best is trial 374 with value: 0.5972984243800201.
[I 2023-10-12 09:14:03,229] Trial 432 finished with value: 0.5914785599947239 and parameters: {'w0': 0.524, 'w1': 1.0, 'w2': 0.358, 'w3': 0.579, 'w4': 0.972, 'w5': 0.081, 'w6': 0.9580000000000001, 'w7': 0.382, 'w8': 0.893, 'max_depth': 9, 'min_child_weight': 6, 'subsample': 0.9000000000000001, 'colsample_bytree': 0.9000000000000001, 'gamma': 2.6}. Best is trial 374 with value: 0.5972984243800201.
[I 2023-10-12 09:14:03,542] Trial 431 finished with value: 0.5916347172731646 and parameters: {'w0': 0.534, 'w1': 0.996, 'w2': 0.388, 'w3': 0.58, 'w4': 0.973, 'w5': 0.079, 'w6': 0.965, 'w7': 0.39, 'w8': 0.914, 'max_depth': 9, 'min_child_weight': 6, 'subsample': 0.9000000000000001, 'colsample_bytree': 0.9000000000000001, 'gamma': 2.6}. Best is trial 374 with value: 0.5972984243800201.
[I 2023-10-12 09:16:36,439] Trial 434 finished with value: 0.595443131438873 and parameters: {'w0': 0.527, 'w1': 0.991, 'w2': 0.444, 'w3': 0.595, 'w4': 0.971, 'w5': 0.082, 'w6': 0.894, 'w7': 0.388, 'w8': 0.896, 'max_depth': 7, 'min_child_weight': 4, 'subsample': 0.9000000000000001, 'colsample_bytree': 0.9000000000000001, 'gamma': 2.6}. Best is trial 374 with value: 0.5972984243800201.
[I 2023-10-12 09:16:42,769] Trial 433 finished with value: 0.5932329777256798 and parameters: {'w0': 0.534, 'w1': 0.997, 'w2': 0.444, 'w3': 0.5740000000000001, 'w4': 0.973, 'w5': 0.085, 'w6': 0.9550000000000001, 'w7': 0.396, 'w8': 0.911, 'max_depth': 9, 'min_child_weight': 6, 'subsample': 0.9000000000000001, 'colsample_bytree': 0.9000000000000001, 'gamma': 2.6}. Best is trial 374 with value: 0.5972984243800201.
[I 2023-10-12 09:18:44,506] Trial 435 finished with value: 0.5940131243583531 and parameters: {'w0': 0.531, 'w1': 0.995, 'w2': 0.451, 'w3': 0.597, 'w4': 0.973, 'w5': 0.076, 'w6': 0.9470000000000001, 'w7': 0.432, 'w8': 0.841, 'max_depth': 7, 'min_child_weight': 4, 'subsample': 0.9000000000000001, 'colsample_bytree': 0.9000000000000001, 'gamma': 2.6}. Best is trial 374 with value: 0.5972984243800201.
[I 2023-10-12 09:19:03,794] Trial 436 finished with value: 0.5873674377546613 and parameters: {'w0': 0.535, 'w1': 0.994, 'w2': 0.35100000000000003, 'w3': 0.681, 'w4': 0.97, 'w5': 0.079, 'w6': 0.9550000000000001, 'w7': 0.39, 'w8': 0.876, 'max_depth': 7, 'min_child_weight': 4, 'subsample': 0.9000000000000001, 'colsample_bytree': 0.9000000000000001, 'gamma': 2.6}. Best is trial 374 with value: 0.5972984243800201.
[I 2023-10-12 09:19:13,268] Trial 438 finished with value: 0.5966073486768578 and parameters: {'w0': 0.533, 'w1': 1.0, 'w2': 0.443, 'w3': 0.68, 'w4': 0.973, 'w5': 0.07300000000000001, 'w6': 0.9570000000000001, 'w7': 0.384, 'w8': 0.905, 'max_depth': 7, 'min_child_weight': 4, 'subsample': 0.9000000000000001, 'colsample_bytree': 0.8, 'gamma': 3.4000000000000004}. Best is trial 374 with value: 0.5972984243800201.
[I 2023-10-12 09:20:07,381] Trial 437 finished with value: 0.5955342996216444 and parameters: {'w0': 0.523, 'w1': 1.0, 'w2': 0.451, 'w3': 0.599, 'w4': 0.971, 'w5': 0.076, 'w6': 0.9570000000000001, 'w7': 0.428, 'w8': 0.904, 'max_depth': 7, 'min_child_weight': 4, 'subsample': 0.9000000000000001, 'colsample_bytree': 0.9000000000000001, 'gamma': 2.6}. Best is trial 374 with value: 0.5972984243800201.
[I 2023-10-12 09:21:43,249] Trial 439 finished with value: 0.5886000642938429 and parameters: {'w0': 0.534, 'w1': 1.0, 'w2': 0.451, 'w3': 0.604, 'w4': 0.969, 'w5': 0.07200000000000001, 'w6': 0.961, 'w7': 0.339, 'w8': 0.91, 'max_depth': 7, 'min_child_weight': 4, 'subsample': 0.9000000000000001, 'colsample_bytree': 0.8, 'gamma': 2.6}. Best is trial 374 with value: 0.5972984243800201.
[I 2023-10-12 09:22:02,459] Trial 440 finished with value: 0.5960545337743793 and parameters: {'w0': 0.614, 'w1': 0.966, 'w2': 0.359, 'w3': 0.54, 'w4': 0.969, 'w5': 0.078, 'w6': 0.9550000000000001, 'w7': 0.339, 'w8': 0.896, 'max_depth': 7, 'min_child_weight': 4, 'subsample': 0.9000000000000001, 'colsample_bytree': 0.8, 'gamma': 2.6}. Best is trial 374 with value: 0.5972984243800201.
[I 2023-10-12 09:22:54,916] Trial 442 finished with value: 0.5911065295514052 and parameters: {'w0': 0.532, 'w1': 0.999, 'w2': 0.334, 'w3': 0.678, 'w4': 0.966, 'w5': 0.082, 'w6': 0.962, 'w7': 0.34700000000000003, 'w8': 0.837, 'max_depth': 7, 'min_child_weight': 4, 'subsample': 0.9000000000000001, 'colsample_bytree': 0.8, 'gamma': 3.6}. Best is trial 374 with value: 0.5972984243800201.
[I 2023-10-12 09:23:39,679] Trial 445 finished with value: 0.589774785041129 and parameters: {'w0': 0.535, 'w1': 1.0, 'w2': 0.445, 'w3': 0.676, 'w4': 0.967, 'w5': 0.079, 'w6': 0.901, 'w7': 0.34600000000000003, 'w8': 0.874, 'max_depth': 7, 'min_child_weight': 8, 'subsample': 0.9000000000000001, 'colsample_bytree': 0.8, 'gamma': 3.2}. Best is trial 374 with value: 0.5972984243800201.
[I 2023-10-12 09:25:44,283] Trial 444 finished with value: 0.5926355730963001 and parameters: {'w0': 0.535, 'w1': 0.999, 'w2': 0.39, 'w3': 0.604, 'w4': 0.965, 'w5': 0.083, 'w6': 0.897, 'w7': 0.353, 'w8': 0.901, 'max_depth': 7, 'min_child_weight': 4, 'subsample': 0.5, 'colsample_bytree': 0.8, 'gamma': 3.8000000000000003}. Best is trial 374 with value: 0.5972984243800201.
[I 2023-10-12 09:27:04,888] Trial 443 finished with value: 0.5732251809066162 and parameters: {'w0': 0.623, 'w1': 0.968, 'w2': 0.444, 'w3': 0.66, 'w4': 0.334, 'w5': 0.079, 'w6': 0.961, 'w7': 0.34700000000000003, 'w8': 0.903, 'max_depth': 7, 'min_child_weight': 4, 'subsample': 0.5, 'colsample_bytree': 0.9000000000000001, 'gamma': 3.4000000000000004}. Best is trial 374 with value: 0.5972984243800201.
[I 2023-10-12 09:27:13,449] Trial 449 finished with value: 0.5928332810894598 and parameters: {'w0': 0.629, 'w1': 0.999, 'w2': 0.447, 'w3': 0.669, 'w4': 0.967, 'w5': 0.084, 'w6': 0.897, 'w7': 0.431, 'w8': 0.85, 'max_depth': 7, 'min_child_weight': 4, 'subsample': 0.9000000000000001, 'colsample_bytree': 0.8, 'gamma': 3.4000000000000004}. Best is trial 374 with value: 0.5972984243800201.
[I 2023-10-12 09:27:55,391] Trial 450 finished with value: 0.5847161888120775 and parameters: {'w0': 0.624, 'w1': 0.963, 'w2': 0.45, 'w3': 0.664, 'w4': 0.963, 'w5': 0.079, 'w6': 0.983, 'w7': 0.343, 'w8': 0.852, 'max_depth': 10, 'min_child_weight': 4, 'subsample': 0.9000000000000001, 'colsample_bytree': 0.8, 'gamma': 3.2}. Best is trial 374 with value: 0.5972984243800201.
[I 2023-10-12 09:28:18,580] Trial 451 finished with value: 0.5540322061884742 and parameters: {'w0': 0.5, 'w1': 0.967, 'w2': 0.445, 'w3': 0.532, 'w4': 0.187, 'w5': 0.07300000000000001, 'w6': 0.966, 'w7': 0.34600000000000003, 'w8': 0.865, 'max_depth': 7, 'min_child_weight': 8, 'subsample': 0.9000000000000001, 'colsample_bytree': 0.8, 'gamma': 4.2}. Best is trial 374 with value: 0.5972984243800201.
[I 2023-10-12 09:28:23,114] Trial 446 finished with value: 0.5835492515765147 and parameters: {'w0': 0.641, 'w1': 1.0, 'w2': 0.327, 'w3': 0.677, 'w4': 0.966, 'w5': 0.079, 'w6': 0.897, 'w7': 0.337, 'w8': 0.876, 'max_depth': 7, 'min_child_weight': 8, 'subsample': 0.5, 'colsample_bytree': 0.8, 'gamma': 3.2}. Best is trial 374 with value: 0.5972984243800201.
[I 2023-10-12 09:28:23,599] Trial 441 finished with value: 0.5924519212751871 and parameters: {'w0': 0.534, 'w1': 0.996, 'w2': 0.451, 'w3': 0.665, 'w4': 0.969, 'w5': 0.08600000000000001, 'w6': 0.9600000000000001, 'w7': 0.381, 'w8': 0.904, 'max_depth': 7, 'min_child_weight': 4, 'subsample': 0.5, 'colsample_bytree': 0.8, 'gamma': 2.6}. Best is trial 374 with value: 0.5972984243800201.
[I 2023-10-12 09:29:23,727] Trial 453 finished with value: 0.5697749616018759 and parameters: {'w0': 0.502, 'w1': 0.999, 'w2': 0.452, 'w3': 0.534, 'w4': 0.326, 'w5': 0.074, 'w6': 0.986, 'w7': 0.34800000000000003, 'w8': 0.869, 'max_depth': 10, 'min_child_weight': 4, 'subsample': 0.9000000000000001, 'colsample_bytree': 0.8, 'gamma': 4.2}. Best is trial 374 with value: 0.5972984243800201.
[I 2023-10-12 09:29:37,855] Trial 452 finished with value: 0.5900761735085172 and parameters: {'w0': 0.505, 'w1': 1.0, 'w2': 0.45, 'w3': 0.6, 'w4': 0.9580000000000001, 'w5': 0.07300000000000001, 'w6': 0.981, 'w7': 0.34900000000000003, 'w8': 0.868, 'max_depth': 7, 'min_child_weight': 4, 'subsample': 0.9000000000000001, 'colsample_bytree': 0.8, 'gamma': 3.2}. Best is trial 374 with value: 0.5972984243800201.
[I 2023-10-12 09:29:39,469] Trial 448 finished with value: 0.5895239773307318 and parameters: {'w0': 0.535, 'w1': 0.966, 'w2': 0.444, 'w3': 0.676, 'w4': 0.961, 'w5': 0.095, 'w6': 0.898, 'w7': 0.429, 'w8': 0.854, 'max_depth': 7, 'min_child_weight': 4, 'subsample': 0.5, 'colsample_bytree': 0.8, 'gamma': 3.0}. Best is trial 374 with value: 0.5972984243800201.
[I 2023-10-12 09:29:49,017] Trial 447 finished with value: 0.5894545166475647 and parameters: {'w0': 0.504, 'w1': 1.0, 'w2': 0.446, 'w3': 0.6940000000000001, 'w4': 0.963, 'w5': 0.08, 'w6': 0.974, 'w7': 0.376, 'w8': 0.87, 'max_depth': 7, 'min_child_weight': 8, 'subsample': 0.5, 'colsample_bytree': 0.9000000000000001, 'gamma': 3.0}. Best is trial 374 with value: 0.5972984243800201.
[I 2023-10-12 09:32:42,991] Trial 455 finished with value: 0.5644116747017309 and parameters: {'w0': 0.614, 'w1': 0.969, 'w2': 0.397, 'w3': 0.664, 'w4': 0.136, 'w5': 0.077, 'w6': 0.981, 'w7': 0.34500000000000003, 'w8': 0.84, 'max_depth': 10, 'min_child_weight': 4, 'subsample': 0.9000000000000001, 'colsample_bytree': 0.8, 'gamma': 3.4000000000000004}. Best is trial 374 with value: 0.5972984243800201.
[I 2023-10-12 09:32:52,775] Trial 456 finished with value: 0.45282457775423124 and parameters: {'w0': 0.63, 'w1': 1.0, 'w2': 0.402, 'w3': 0.537, 'w4': 0.9560000000000001, 'w5': 0.002, 'w6': 0.981, 'w7': 0.342, 'w8': 0.838, 'max_depth': 10, 'min_child_weight': 4, 'subsample': 0.9000000000000001, 'colsample_bytree': 0.8, 'gamma': 3.4000000000000004}. Best is trial 374 with value: 0.5972984243800201.
[I 2023-10-12 09:33:37,764] Trial 457 finished with value: 0.5872355302740873 and parameters: {'w0': 0.62, 'w1': 0.966, 'w2': 0.442, 'w3': 0.53, 'w4': 0.9550000000000001, 'w5': 0.074, 'w6': 0.985, 'w7': 0.34500000000000003, 'w8': 0.866, 'max_depth': 7, 'min_child_weight': 8, 'subsample': 0.9000000000000001, 'colsample_bytree': 0.8, 'gamma': 3.2}. Best is trial 374 with value: 0.5972984243800201.
[I 2023-10-12 09:34:59,163] Trial 454 finished with value: 0.5899751875225456 and parameters: {'w0': 0.499, 'w1': 0.999, 'w2': 0.445, 'w3': 0.533, 'w4': 0.9580000000000001, 'w5': 0.07200000000000001, 'w6': 0.975, 'w7': 0.35200000000000004, 'w8': 0.843, 'max_depth': 10, 'min_child_weight': 8, 'subsample': 0.5, 'colsample_bytree': 0.8, 'gamma': 3.4000000000000004}. Best is trial 374 with value: 0.5972984243800201.
[I 2023-10-12 09:35:02,915] Trial 458 finished with value: 0.48021280701723956 and parameters: {'w0': 0.614, 'w1': 0.968, 'w2': 0.443, 'w3': 0.534, 'w4': 0.9540000000000001, 'w5': 0.003, 'w6': 0.983, 'w7': 0.363, 'w8': 0.855, 'max_depth': 10, 'min_child_weight': 4, 'subsample': 0.9000000000000001, 'colsample_bytree': 0.8, 'gamma': 3.0}. Best is trial 374 with value: 0.5972984243800201.
[I 2023-10-12 09:37:07,153] Trial 459 finished with value: 0.5933713109002188 and parameters: {'w0': 0.641, 'w1': 0.969, 'w2': 0.40800000000000003, 'w3': 0.498, 'w4': 0.9510000000000001, 'w5': 0.095, 'w6': 0.976, 'w7': 0.364, 'w8': 0.85, 'max_depth': 7, 'min_child_weight': 4, 'subsample': 0.9000000000000001, 'colsample_bytree': 0.9000000000000001, 'gamma': 3.2}. Best is trial 374 with value: 0.5972984243800201.
[I 2023-10-12 09:38:00,598] Trial 460 finished with value: 0.47551421167340635 and parameters: {'w0': 0.627, 'w1': 0.967, 'w2': 0.40700000000000003, 'w3': 0.542, 'w4': 0.9550000000000001, 'w5': 0.003, 'w6': 0.984, 'w7': 0.373, 'w8': 0.877, 'max_depth': 7, 'min_child_weight': 4, 'subsample': 0.9000000000000001, 'colsample_bytree': 0.9000000000000001, 'gamma': 3.2}. Best is trial 374 with value: 0.5972984243800201.
[I 2023-10-12 09:38:04,166] Trial 461 finished with value: 0.5887203401318872 and parameters: {'w0': 0.498, 'w1': 0.967, 'w2': 0.41200000000000003, 'w3': 0.542, 'w4': 0.9520000000000001, 'w5': 0.099, 'w6': 0.981, 'w7': 0.335, 'w8': 0.888, 'max_depth': 7, 'min_child_weight': 4, 'subsample': 0.9000000000000001, 'colsample_bytree': 0.7, 'gamma': 3.0}. Best is trial 374 with value: 0.5972984243800201.
[I 2023-10-12 09:39:22,352] Trial 462 finished with value: 0.5921212637602027 and parameters: {'w0': 0.499, 'w1': 0.97, 'w2': 0.418, 'w3': 0.535, 'w4': 0.9470000000000001, 'w5': 0.063, 'w6': 0.965, 'w7': 0.368, 'w8': 0.86, 'max_depth': 7, 'min_child_weight': 4, 'subsample': 0.9000000000000001, 'colsample_bytree': 0.9000000000000001, 'gamma': 3.0}. Best is trial 374 with value: 0.5972984243800201.
[I 2023-10-12 09:39:33,561] Trial 463 finished with value: 0.5820613652214636 and parameters: {'w0': 0.496, 'w1': 0.975, 'w2': 0.405, 'w3': 0.505, 'w4': 0.9500000000000001, 'w5': 0.022000000000000002, 'w6': 0.989, 'w7': 0.373, 'w8': 0.614, 'max_depth': 7, 'min_child_weight': 4, 'subsample': 0.9000000000000001, 'colsample_bytree': 0.7, 'gamma': 3.0}. Best is trial 374 with value: 0.5972984243800201.
[I 2023-10-12 09:40:04,627] Trial 464 finished with value: 0.596303869366601 and parameters: {'w0': 0.5, 'w1': 0.971, 'w2': 0.41200000000000003, 'w3': 0.529, 'w4': 0.9510000000000001, 'w5': 0.101, 'w6': 0.986, 'w7': 0.374, 'w8': 0.857, 'max_depth': 7, 'min_child_weight': 4, 'subsample': 0.9000000000000001, 'colsample_bytree': 0.9000000000000001, 'gamma': 3.0}. Best is trial 374 with value: 0.5972984243800201.
[I 2023-10-12 09:40:22,102] Trial 465 finished with value: 0.5948348298785868 and parameters: {'w0': 0.498, 'w1': 0.971, 'w2': 0.40900000000000003, 'w3': 0.533, 'w4': 0.9510000000000001, 'w5': 0.10300000000000001, 'w6': 0.981, 'w7': 0.372, 'w8': 0.874, 'max_depth': 7, 'min_child_weight': 4, 'subsample': 0.9000000000000001, 'colsample_bytree': 0.7, 'gamma': 2.6}. Best is trial 374 with value: 0.5972984243800201.
[I 2023-10-12 09:41:19,296] Trial 466 finished with value: 0.5944593665844184 and parameters: {'w0': 0.557, 'w1': 0.968, 'w2': 0.401, 'w3': 0.51, 'w4': 0.9510000000000001, 'w5': 0.106, 'w6': 0.991, 'w7': 0.371, 'w8': 0.838, 'max_depth': 7, 'min_child_weight': 4, 'subsample': 0.9000000000000001, 'colsample_bytree': 0.9000000000000001, 'gamma': 3.0}. Best is trial 374 with value: 0.5972984243800201.
[I 2023-10-12 09:41:21,333] Trial 468 finished with value: 0.5213562421299514 and parameters: {'w0': 0.557, 'w1': 0.97, 'w2': 0.404, 'w3': 0.543, 'w4': 0.9510000000000001, 'w5': 0.005, 'w6': 0.98, 'w7': 0.365, 'w8': 0.841, 'max_depth': 7, 'min_child_weight': 4, 'subsample': 0.9000000000000001, 'colsample_bytree': 0.7, 'gamma': 2.6}. Best is trial 374 with value: 0.5972984243800201.
[I 2023-10-12 09:41:26,473] Trial 467 finished with value: 0.5625151004952038 and parameters: {'w0': 0.554, 'w1': 0.968, 'w2': 0.402, 'w3': 0.496, 'w4': 0.055, 'w5': 0.10200000000000001, 'w6': 0.997, 'w7': 0.43, 'w8': 0.878, 'max_depth': 7, 'min_child_weight': 4, 'subsample': 0.9000000000000001, 'colsample_bytree': 0.9000000000000001, 'gamma': 3.0}. Best is trial 374 with value: 0.5972984243800201.
[I 2023-10-12 09:41:40,572] Trial 469 finished with value: 0.5880834997121587 and parameters: {'w0': 0.557, 'w1': 0.97, 'w2': 0.41200000000000003, 'w3': 0.492, 'w4': 0.9500000000000001, 'w5': 0.113, 'w6': 0.989, 'w7': 0.428, 'w8': 0.841, 'max_depth': 8, 'min_child_weight': 4, 'subsample': 0.9000000000000001, 'colsample_bytree': 0.9000000000000001, 'gamma': 3.0}. Best is trial 374 with value: 0.5972984243800201.
[I 2023-10-12 09:44:06,929] Trial 470 finished with value: 0.5894901175657988 and parameters: {'w0': 0.495, 'w1': 0.971, 'w2': 0.398, 'w3': 0.498, 'w4': 0.9520000000000001, 'w5': 0.109, 'w6': 0.996, 'w7': 0.427, 'w8': 0.8290000000000001, 'max_depth': 7, 'min_child_weight': 4, 'subsample': 0.9000000000000001, 'colsample_bytree': 0.7, 'gamma': 3.0}. Best is trial 374 with value: 0.5972984243800201.
[I 2023-10-12 09:44:10,461] Trial 471 finished with value: 0.572881829510443 and parameters: {'w0': 0.555, 'w1': 0.968, 'w2': 0.3, 'w3': 0.513, 'w4': 0.9530000000000001, 'w5': 0.107, 'w6': 0.9450000000000001, 'w7': 0.431, 'w8': 0.885, 'max_depth': 7, 'min_child_weight': 4, 'subsample': 0.9000000000000001, 'colsample_bytree': 0.7, 'gamma': 3.0}. Best is trial 374 with value: 0.5972984243800201.
[I 2023-10-12 09:45:07,875] Trial 472 finished with value: 0.5928811291503551 and parameters: {'w0': 0.561, 'w1': 0.97, 'w2': 0.406, 'w3': 0.494, 'w4': 0.9490000000000001, 'w5': 0.108, 'w6': 0.9420000000000001, 'w7': 0.425, 'w8': 0.903, 'max_depth': 8, 'min_child_weight': 4, 'subsample': 0.9000000000000001, 'colsample_bytree': 0.9000000000000001, 'gamma': 3.0}. Best is trial 374 with value: 0.5972984243800201.
[I 2023-10-12 09:46:53,742] Trial 473 finished with value: 0.5922713251472349 and parameters: {'w0': 0.558, 'w1': 0.973, 'w2': 0.41200000000000003, 'w3': 0.549, 'w4': 0.979, 'w5': 0.107, 'w6': 0.9460000000000001, 'w7': 0.427, 'w8': 0.905, 'max_depth': 8, 'min_child_weight': 4, 'subsample': 0.9000000000000001, 'colsample_bytree': 0.9000000000000001, 'gamma': 3.0}. Best is trial 374 with value: 0.5972984243800201.
[I 2023-10-12 09:46:59,629] Trial 474 finished with value: 0.5901853153986423 and parameters: {'w0': 0.556, 'w1': 0.973, 'w2': 0.41300000000000003, 'w3': 0.503, 'w4': 0.979, 'w5': 0.10400000000000001, 'w6': 0.9480000000000001, 'w7': 0.427, 'w8': 0.885, 'max_depth': 8, 'min_child_weight': 4, 'subsample': 0.9000000000000001, 'colsample_bytree': 0.9000000000000001, 'gamma': 3.0}. Best is trial 374 with value: 0.5972984243800201.
[I 2023-10-12 09:48:47,399] Trial 475 finished with value: 0.5920348861164266 and parameters: {'w0': 0.561, 'w1': 0.966, 'w2': 0.40900000000000003, 'w3': 0.505, 'w4': 0.981, 'w5': 0.109, 'w6': 0.9380000000000001, 'w7': 0.425, 'w8': 0.876, 'max_depth': 8, 'min_child_weight': 4, 'subsample': 0.9000000000000001, 'colsample_bytree': 0.9000000000000001, 'gamma': 3.0}. Best is trial 374 with value: 0.5972984243800201.
[I 2023-10-12 09:49:28,430] Trial 476 finished with value: 0.5913115368018981 and parameters: {'w0': 0.551, 'w1': 0.977, 'w2': 0.40900000000000003, 'w3': 0.495, 'w4': 0.981, 'w5': 0.11, 'w6': 0.9490000000000001, 'w7': 0.423, 'w8': 0.8300000000000001, 'max_depth': 8, 'min_child_weight': 4, 'subsample': 0.9000000000000001, 'colsample_bytree': 0.9000000000000001, 'gamma': 3.0}. Best is trial 374 with value: 0.5972984243800201.
[I 2023-10-12 09:49:36,158] Trial 477 finished with value: 0.5607236536241469 and parameters: {'w0': 0.6940000000000001, 'w1': 0.977, 'w2': 0.41300000000000003, 'w3': 0.5, 'w4': 0.98, 'w5': 0.111, 'w6': 0.084, 'w7': 0.43, 'w8': 0.898, 'max_depth': 8, 'min_child_weight': 4, 'subsample': 0.9000000000000001, 'colsample_bytree': 0.9000000000000001, 'gamma': 2.6}. Best is trial 374 with value: 0.5972984243800201.
[I 2023-10-12 09:50:36,278] Trial 478 finished with value: 0.593302613385792 and parameters: {'w0': 0.557, 'w1': 0.978, 'w2': 0.41100000000000003, 'w3': 0.5, 'w4': 0.981, 'w5': 0.108, 'w6': 0.9440000000000001, 'w7': 0.428, 'w8': 0.8320000000000001, 'max_depth': 8, 'min_child_weight': 4, 'subsample': 0.9000000000000001, 'colsample_bytree': 0.9000000000000001, 'gamma': 3.0}. Best is trial 374 with value: 0.5972984243800201.
[I 2023-10-12 09:51:06,275] Trial 480 finished with value: 0.5734532505764731 and parameters: {'w0': 0.554, 'w1': 0.979, 'w2': 0.305, 'w3': 0.488, 'w4': 0.981, 'w5': 0.111, 'w6': 0.9440000000000001, 'w7': 0.428, 'w8': 0.891, 'max_depth': 8, 'min_child_weight': 4, 'subsample': 0.9000000000000001, 'colsample_bytree': 0.9000000000000001, 'gamma': 3.0}. Best is trial 374 with value: 0.5972984243800201.
[I 2023-10-12 09:51:18,534] Trial 481 finished with value: 0.5924417095424739 and parameters: {'w0': 0.557, 'w1': 0.9560000000000001, 'w2': 0.393, 'w3': 0.598, 'w4': 0.978, 'w5': 0.112, 'w6': 0.9500000000000001, 'w7': 0.319, 'w8': 0.8280000000000001, 'max_depth': 8, 'min_child_weight': 4, 'subsample': 0.9000000000000001, 'colsample_bytree': 0.9000000000000001, 'gamma': 3.0}. Best is trial 374 with value: 0.5972984243800201.
[I 2023-10-12 09:51:21,735] Trial 479 finished with value: 0.5775737695287197 and parameters: {'w0': 0.687, 'w1': 0.975, 'w2': 0.307, 'w3': 0.491, 'w4': 0.977, 'w5': 0.106, 'w6': 0.9390000000000001, 'w7': 0.42, 'w8': 0.9, 'max_depth': 8, 'min_child_weight': 4, 'subsample': 0.9000000000000001, 'colsample_bytree': 0.9000000000000001, 'gamma': 2.6}. Best is trial 374 with value: 0.5972984243800201.
[I 2023-10-12 09:51:41,438] Trial 482 finished with value: 0.5776881328928296 and parameters: {'w0': 0.553, 'w1': 0.962, 'w2': 0.298, 'w3': 0.483, 'w4': 0.978, 'w5': 0.117, 'w6': 0.997, 'w7': 0.377, 'w8': 0.8290000000000001, 'max_depth': 8, 'min_child_weight': 4, 'subsample': 0.9000000000000001, 'colsample_bytree': 0.6000000000000001, 'gamma': 3.6}. Best is trial 374 with value: 0.5972984243800201.
[I 2023-10-12 09:51:44,817] Trial 484 finished with value: 0.5884801551968287 and parameters: {'w0': 0.561, 'w1': 0.9520000000000001, 'w2': 0.39, 'w3': 0.597, 'w4': 0.977, 'w5': 0.11800000000000001, 'w6': 0.9460000000000001, 'w7': 0.311, 'w8': 0.88, 'max_depth': 8, 'min_child_weight': 4, 'subsample': 0.9000000000000001, 'colsample_bytree': 0.6000000000000001, 'gamma': 3.8000000000000003}. Best is trial 374 with value: 0.5972984243800201.
