[I 2023-10-14 03:03:31,526] Trial 1056 finished with value: 0.5076385623278854 and parameters: {'w0': 0.07200000000000001, 'w1': 0.745, 'w2': 0.07200000000000001, 'w3': 0.20600000000000002, 'w4': 0.84, 'w5': 0.17500000000000002, 'w6': 0.5750000000000001, 'w7': 0.074, 'w8': 0.541, 'max_depth': 8, 'min_child_weight': 10, 'subsample': 1.0, 'colsample_bytree': 0.9000000000000001, 'gamma': 0.0}. Best is trial 936 with value: 0.5209191336622977.
[I 2023-10-14 03:03:38,434] Trial 1057 finished with value: 0.48998201068587377 and parameters: {'w0': 0.185, 'w1': 0.796, 'w2': 0.077, 'w3': 0.035, 'w4': 0.845, 'w5': 0.116, 'w6': 0.585, 'w7': 0.08, 'w8': 0.543, 'max_depth': 7, 'min_child_weight': 10, 'subsample': 0.9000000000000001, 'colsample_bytree': 0.9000000000000001, 'gamma': 0.0}. Best is trial 936 with value: 0.5209191336622977.
[I 2023-10-14 03:03:43,714] Trial 1054 finished with value: 0.516040570044967 and parameters: {'w0': 0.112, 'w1': 0.756, 'w2': 0.126, 'w3': 0.198, 'w4': 0.836, 'w5': 0.171, 'w6': 0.5750000000000001, 'w7': 0.099, 'w8': 0.54, 'max_depth': 8, 'min_child_weight': 10, 'subsample': 0.9000000000000001, 'colsample_bytree': 0.9000000000000001, 'gamma': 0.0}. Best is trial 936 with value: 0.5209191336622977.
[I 2023-10-14 03:04:10,216] Trial 1053 finished with value: 0.515756489321691 and parameters: {'w0': 0.116, 'w1': 0.803, 'w2': 0.132, 'w3': 0.109, 'w4': 0.842, 'w5': 0.131, 'w6': 0.5660000000000001, 'w7': 0.099, 'w8': 0.533, 'max_depth': 9, 'min_child_weight': 10, 'subsample': 0.9000000000000001, 'colsample_bytree': 0.9000000000000001, 'gamma': 0.0}. Best is trial 936 with value: 0.5209191336622977.
[I 2023-10-14 03:04:21,787] Trial 1058 finished with value: 0.5111901434418501 and parameters: {'w0': 0.106, 'w1': 0.751, 'w2': 0.059000000000000004, 'w3': 0.197, 'w4': 0.839, 'w5': 0.122, 'w6': 0.58, 'w7': 0.069, 'w8': 0.5710000000000001, 'max_depth': 7, 'min_child_weight': 10, 'subsample': 0.9000000000000001, 'colsample_bytree': 0.9000000000000001, 'gamma': 0.0}. Best is trial 936 with value: 0.5209191336622977.
[I 2023-10-14 03:06:34,911] Trial 1065 finished with value: 0.4892107316654809 and parameters: {'w0': 0.074, 'w1': 0.8130000000000001, 'w2': 0.065, 'w3': 0.197, 'w4': 0.875, 'w5': 0.185, 'w6': 0.46900000000000003, 'w7': 0.07, 'w8': 0.512, 'max_depth': 8, 'min_child_weight': 10, 'subsample': 1.0, 'colsample_bytree': 0.9000000000000001, 'gamma': 0.4}. Best is trial 936 with value: 0.5209191336622977.
[I 2023-10-14 03:06:55,036] Trial 1066 finished with value: 0.4836877100151181 and parameters: {'w0': 0.089, 'w1': 0.758, 'w2': 0.056, 'w3': 0.197, 'w4': 0.87, 'w5': 0.184, 'w6': 0.497, 'w7': 0.075, 'w8': 0.561, 'max_depth': 8, 'min_child_weight': 10, 'subsample': 1.0, 'colsample_bytree': 0.9000000000000001, 'gamma': 0.4}. Best is trial 936 with value: 0.5209191336622977.
[I 2023-10-14 03:08:00,031] Trial 1059 finished with value: 0.5119033084657318 and parameters: {'w0': 0.08800000000000001, 'w1': 0.805, 'w2': 0.081, 'w3': 0.20500000000000002, 'w4': 0.843, 'w5': 0.192, 'w6': 0.482, 'w7': 0.076, 'w8': 0.5730000000000001, 'max_depth': 8, 'min_child_weight': 10, 'subsample': 0.9000000000000001, 'colsample_bytree': 0.9000000000000001, 'gamma': 0.0}. Best is trial 936 with value: 0.5209191336622977.
[I 2023-10-14 03:11:04,323] Trial 1060 finished with value: 0.5034448425614595 and parameters: {'w0': 0.08700000000000001, 'w1': 0.796, 'w2': 0.057, 'w3': 0.164, 'w4': 0.843, 'w5': 0.189, 'w6': 0.526, 'w7': 0.084, 'w8': 0.5630000000000001, 'max_depth': 8, 'min_child_weight': 10, 'subsample': 0.9000000000000001, 'colsample_bytree': 0.9000000000000001, 'gamma': 0.0}. Best is trial 936 with value: 0.5209191336622977.
[I 2023-10-14 03:15:37,837] Trial 1078 finished with value: 0.44983122622337085 and parameters: {'w0': 0.10200000000000001, 'w1': 0.755, 'w2': 0.13, 'w3': 0.228, 'w4': 0.897, 'w5': 0.218, 'w6': 0.516, 'w7': 0.044000000000000004, 'w8': 0.491, 'max_depth': 8, 'min_child_weight': 10, 'subsample': 0.9000000000000001, 'colsample_bytree': 0.9000000000000001, 'gamma': 3.2}. Best is trial 936 with value: 0.5209191336622977.
[I 2023-10-14 03:17:48,940] Trial 1063 finished with value: 0.5092832440883146 and parameters: {'w0': 0.11900000000000001, 'w1': 0.803, 'w2': 0.05, 'w3': 0.201, 'w4': 0.869, 'w5': 0.184, 'w6': 0.524, 'w7': 0.060000000000000005, 'w8': 0.486, 'max_depth': 8, 'min_child_weight': 10, 'subsample': 0.9000000000000001, 'colsample_bytree': 0.9000000000000001, 'gamma': 0.0}. Best is trial 936 with value: 0.5209191336622977.
[I 2023-10-14 03:18:09,050] Trial 1064 finished with value: 0.5062917377658784 and parameters: {'w0': 0.065, 'w1': 0.804, 'w2': 0.067, 'w3': 0.201, 'w4': 0.871, 'w5': 0.19, 'w6': 0.492, 'w7': 0.07100000000000001, 'w8': 0.5630000000000001, 'max_depth': 8, 'min_child_weight': 10, 'subsample': 0.9000000000000001, 'colsample_bytree': 0.9000000000000001, 'gamma': 0.0}. Best is trial 936 with value: 0.5209191336622977.
[I 2023-10-14 03:19:40,183] Trial 1067 finished with value: 0.5084261452825263 and parameters: {'w0': 0.069, 'w1': 0.804, 'w2': 0.069, 'w3': 0.234, 'w4': 0.845, 'w5': 0.128, 'w6': 0.463, 'w7': 0.065, 'w8': 0.485, 'max_depth': 8, 'min_child_weight': 10, 'subsample': 1.0, 'colsample_bytree': 0.9000000000000001, 'gamma': 0.0}. Best is trial 936 with value: 0.5209191336622977.
[I 2023-10-14 03:23:33,164] Trial 1069 finished with value: 0.5038949774235469 and parameters: {'w0': 0.092, 'w1': 0.755, 'w2': 0.08, 'w3': 0.049, 'w4': 0.87, 'w5': 0.131, 'w6': 0.514, 'w7': 0.07, 'w8': 0.47400000000000003, 'max_depth': 8, 'min_child_weight': 10, 'subsample': 0.9000000000000001, 'colsample_bytree': 0.9000000000000001, 'gamma': 0.0}. Best is trial 936 with value: 0.5209191336622977.
[I 2023-10-14 03:24:04,134] Trial 1068 finished with value: 0.5089638600517027 and parameters: {'w0': 0.066, 'w1': 0.753, 'w2': 0.129, 'w3': 0.23900000000000002, 'w4': 0.871, 'w5': 0.123, 'w6': 0.514, 'w7': 0.08, 'w8': 0.483, 'max_depth': 8, 'min_child_weight': 10, 'subsample': 0.9000000000000001, 'colsample_bytree': 0.9000000000000001, 'gamma': 0.0}. Best is trial 936 with value: 0.5209191336622977.
[I 2023-10-14 03:24:53,891] Trial 1070 finished with value: 0.5160930164040911 and parameters: {'w0': 0.077, 'w1': 0.745, 'w2': 0.084, 'w3': 0.242, 'w4': 0.876, 'w5': 0.127, 'w6': 0.47000000000000003, 'w7': 0.079, 'w8': 0.48000000000000004, 'max_depth': 8, 'min_child_weight': 10, 'subsample': 0.9000000000000001, 'colsample_bytree': 0.9000000000000001, 'gamma': 0.0}. Best is trial 936 with value: 0.5209191336622977.
[I 2023-10-14 03:25:05,523] Trial 1071 finished with value: 0.5151510781676165 and parameters: {'w0': 0.10500000000000001, 'w1': 0.751, 'w2': 0.07, 'w3': 0.23500000000000001, 'w4': 0.861, 'w5': 0.129, 'w6': 0.48000000000000004, 'w7': 0.07100000000000001, 'w8': 0.47400000000000003, 'max_depth': 8, 'min_child_weight': 10, 'subsample': 0.9000000000000001, 'colsample_bytree': 0.9000000000000001, 'gamma': 0.0}. Best is trial 936 with value: 0.5209191336622977.
[I 2023-10-14 03:26:03,794] Trial 1072 finished with value: 0.5129650960634301 and parameters: {'w0': 0.089, 'w1': 0.758, 'w2': 0.079, 'w3': 0.242, 'w4': 0.872, 'w5': 0.111, 'w6': 0.496, 'w7': 0.083, 'w8': 0.47800000000000004, 'max_depth': 8, 'min_child_weight': 10, 'subsample': 0.9000000000000001, 'colsample_bytree': 0.9000000000000001, 'gamma': 0.0}. Best is trial 936 with value: 0.5209191336622977.
[I 2023-10-14 03:26:43,743] Trial 1074 finished with value: 0.44279696217371756 and parameters: {'w0': 0.101, 'w1': 0.745, 'w2': 0.13, 'w3': 0.232, 'w4': 0.872, 'w5': 0.177, 'w6': 0.501, 'w7': 0.675, 'w8': 0.485, 'max_depth': 8, 'min_child_weight': 10, 'subsample': 0.9000000000000001, 'colsample_bytree': 0.9000000000000001, 'gamma': 0.4}. Best is trial 936 with value: 0.5209191336622977.
[I 2023-10-14 03:27:00,905] Trial 1073 finished with value: 0.5087437086895396 and parameters: {'w0': 0.10400000000000001, 'w1': 0.756, 'w2': 0.131, 'w3': 0.23800000000000002, 'w4': 0.871, 'w5': 0.129, 'w6': 0.47400000000000003, 'w7': 0.074, 'w8': 0.46, 'max_depth': 8, 'min_child_weight': 10, 'subsample': 0.9000000000000001, 'colsample_bytree': 0.9000000000000001, 'gamma': 0.0}. Best is trial 936 with value: 0.5209191336622977.
[I 2023-10-14 03:28:38,584] Trial 1076 finished with value: 0.5024194277708902 and parameters: {'w0': 0.08, 'w1': 0.761, 'w2': 0.085, 'w3': 0.055, 'w4': 0.873, 'w5': 0.2, 'w6': 0.462, 'w7': 0.054, 'w8': 0.481, 'max_depth': 9, 'min_child_weight': 10, 'subsample': 0.9000000000000001, 'colsample_bytree': 0.9000000000000001, 'gamma': 0.0}. Best is trial 936 with value: 0.5209191336622977.
[I 2023-10-14 03:28:40,915] Trial 1075 finished with value: 0.5097471744803805 and parameters: {'w0': 0.098, 'w1': 0.762, 'w2': 0.128, 'w3': 0.20500000000000002, 'w4': 0.872, 'w5': 0.17600000000000002, 'w6': 0.519, 'w7': 0.07100000000000001, 'w8': 0.47700000000000004, 'max_depth': 9, 'min_child_weight': 10, 'subsample': 0.9000000000000001, 'colsample_bytree': 0.9000000000000001, 'gamma': 0.0}. Best is trial 936 with value: 0.5209191336622977.
[I 2023-10-14 03:33:22,880] Trial 1077 finished with value: 0.5102760710029022 and parameters: {'w0': 0.089, 'w1': 0.751, 'w2': 0.127, 'w3': 0.22, 'w4': 0.87, 'w5': 0.186, 'w6': 0.52, 'w7': 0.069, 'w8': 0.548, 'max_depth': 10, 'min_child_weight': 10, 'subsample': 0.9000000000000001, 'colsample_bytree': 0.9000000000000001, 'gamma': 0.0}. Best is trial 936 with value: 0.5209191336622977.
[I 2023-10-14 03:34:27,493] Trial 1079 finished with value: 0.5051330253316695 and parameters: {'w0': 0.111, 'w1': 0.765, 'w2': 0.126, 'w3': 0.232, 'w4': 0.872, 'w5': 0.168, 'w6': 0.524, 'w7': 0.053000000000000005, 'w8': 0.481, 'max_depth': 10, 'min_child_weight': 10, 'subsample': 0.9000000000000001, 'colsample_bytree': 0.9000000000000001, 'gamma': 0.0}. Best is trial 936 with value: 0.5209191336622977.
[I 2023-10-14 03:34:30,349] Trial 1091 finished with value: 0.36040545994302997 and parameters: {'w0': 0.031, 'w1': 0.739, 'w2': 0.022000000000000002, 'w3': 0.266, 'w4': 0.89, 'w5': 0.17600000000000002, 'w6': 0.454, 'w7': 0.092, 'w8': 0.509, 'max_depth': 9, 'min_child_weight': 10, 'subsample': 0.9000000000000001, 'colsample_bytree': 0.9000000000000001, 'gamma': 9.600000000000001}. Best is trial 936 with value: 0.5209191336622977.
[I 2023-10-14 03:36:54,931] Trial 1080 finished with value: 0.5098482040460035 and parameters: {'w0': 0.113, 'w1': 0.762, 'w2': 0.123, 'w3': 0.057, 'w4': 0.869, 'w5': 0.125, 'w6': 0.505, 'w7': 0.091, 'w8': 0.486, 'max_depth': 10, 'min_child_weight': 10, 'subsample': 0.9000000000000001, 'colsample_bytree': 0.9000000000000001, 'gamma': 0.0}. Best is trial 936 with value: 0.5209191336622977.
[I 2023-10-14 03:41:32,947] Trial 1086 finished with value: 0.46789939463707136 and parameters: {'w0': 0.108, 'w1': 0.737, 'w2': 0.128, 'w3': 0.17300000000000001, 'w4': 0.866, 'w5': 0.216, 'w6': 0.538, 'w7': 0.009000000000000001, 'w8': 0.459, 'max_depth': 9, 'min_child_weight': 10, 'subsample': 0.9000000000000001, 'colsample_bytree': 0.9000000000000001, 'gamma': 0.4}. Best is trial 936 with value: 0.5209191336622977.
[I 2023-10-14 03:42:16,768] Trial 1081 finished with value: 0.5103980342220864 and parameters: {'w0': 0.1, 'w1': 0.759, 'w2': 0.129, 'w3': 0.24000000000000002, 'w4': 0.878, 'w5': 0.17, 'w6': 0.532, 'w7': 0.08600000000000001, 'w8': 0.49, 'max_depth': 10, 'min_child_weight': 10, 'subsample': 0.9000000000000001, 'colsample_bytree': 0.9000000000000001, 'gamma': 0.0}. Best is trial 936 with value: 0.5209191336622977.
[I 2023-10-14 03:42:25,130] Trial 1082 finished with value: 0.5080780375997456 and parameters: {'w0': 0.10200000000000001, 'w1': 0.744, 'w2': 0.132, 'w3': 0.233, 'w4': 0.873, 'w5': 0.32, 'w6': 0.505, 'w7': 0.076, 'w8': 0.462, 'max_depth': 9, 'min_child_weight': 10, 'subsample': 0.9000000000000001, 'colsample_bytree': 0.9000000000000001, 'gamma': 0.0}. Best is trial 936 with value: 0.5209191336622977.
[I 2023-10-14 03:44:44,840] Trial 1083 finished with value: 0.5133948893160523 and parameters: {'w0': 0.107, 'w1': 0.764, 'w2': 0.125, 'w3': 0.232, 'w4': 0.87, 'w5': 0.167, 'w6': 0.536, 'w7': 0.08700000000000001, 'w8': 0.46900000000000003, 'max_depth': 10, 'min_child_weight': 10, 'subsample': 0.9000000000000001, 'colsample_bytree': 0.9000000000000001, 'gamma': 0.0}. Best is trial 936 with value: 0.5209191336622977.
[I 2023-10-14 03:44:53,733] Trial 1084 finished with value: 0.44103279772643694 and parameters: {'w0': 0.10400000000000001, 'w1': 0.763, 'w2': 0.129, 'w3': 0.067, 'w4': 0.869, 'w5': 0.123, 'w6': 0.542, 'w7': 0.682, 'w8': 0.462, 'max_depth': 9, 'min_child_weight': 10, 'subsample': 0.9000000000000001, 'colsample_bytree': 0.9000000000000001, 'gamma': 0.0}. Best is trial 936 with value: 0.5209191336622977.
[I 2023-10-14 03:47:40,310] Trial 1088 finished with value: 0.5079262423038577 and parameters: {'w0': 0.097, 'w1': 0.763, 'w2': 0.08, 'w3': 0.257, 'w4': 0.898, 'w5': 0.22, 'w6': 0.443, 'w7': 0.057, 'w8': 0.467, 'max_depth': 8, 'min_child_weight': 10, 'subsample': 0.9000000000000001, 'colsample_bytree': 0.9000000000000001, 'gamma': 0.0}. Best is trial 936 with value: 0.5209191336622977.
[I 2023-10-14 03:48:15,693] Trial 1085 finished with value: 0.5163120964058008 and parameters: {'w0': 0.10400000000000001, 'w1': 0.735, 'w2': 0.127, 'w3': 0.234, 'w4': 0.871, 'w5': 0.24000000000000002, 'w6': 0.538, 'w7': 0.097, 'w8': 0.507, 'max_depth': 9, 'min_child_weight': 10, 'subsample': 0.9000000000000001, 'colsample_bytree': 0.9000000000000001, 'gamma': 0.0}. Best is trial 936 with value: 0.5209191336622977.
[I 2023-10-14 03:48:50,043] Trial 1087 finished with value: 0.4851336557653233 and parameters: {'w0': 0.108, 'w1': 0.736, 'w2': 0.028, 'w3': 0.261, 'w4': 0.899, 'w5': 0.214, 'w6': 0.427, 'w7': 0.089, 'w8': 0.493, 'max_depth': 9, 'min_child_weight': 10, 'subsample': 0.9000000000000001, 'colsample_bytree': 0.9000000000000001, 'gamma': 0.0}. Best is trial 936 with value: 0.5209191336622977.
[I 2023-10-14 03:49:38,309] Trial 1089 finished with value: 0.49924498176737453 and parameters: {'w0': 0.099, 'w1': 0.761, 'w2': 0.044000000000000004, 'w3': 0.269, 'w4': 0.892, 'w5': 0.171, 'w6': 0.459, 'w7': 0.08700000000000001, 'w8': 0.508, 'max_depth': 9, 'min_child_weight': 10, 'subsample': 0.9000000000000001, 'colsample_bytree': 0.9000000000000001, 'gamma': 0.0}. Best is trial 936 with value: 0.5209191336622977.
[I 2023-10-14 03:50:07,764] Trial 1090 finished with value: 0.46795363443494387 and parameters: {'w0': 0.10400000000000001, 'w1': 0.763, 'w2': 0.077, 'w3': 0.17, 'w4': 0.897, 'w5': 0.17600000000000002, 'w6': 0.427, 'w7': 0.004, 'w8': 0.503, 'max_depth': 9, 'min_child_weight': 10, 'subsample': 0.9000000000000001, 'colsample_bytree': 0.9000000000000001, 'gamma': 0.0}. Best is trial 936 with value: 0.5209191336622977.
[I 2023-10-14 03:51:50,750] Trial 1092 finished with value: 0.480159295041743 and parameters: {'w0': 0.053000000000000005, 'w1': 0.739, 'w2': 0.035, 'w3': 0.278, 'w4': 0.908, 'w5': 0.171, 'w6': 0.482, 'w7': 0.015, 'w8': 0.465, 'max_depth': 9, 'min_child_weight': 10, 'subsample': 0.9000000000000001, 'colsample_bytree': 0.9000000000000001, 'gamma': 0.0}. Best is trial 936 with value: 0.5209191336622977.
