[I 2023-10-12 17:27:10,203] Trial 1050 finished with value: 0.5697501072937534 and parameters: {'w0': 0.4, 'w1': 0.906, 'w2': 0.28900000000000003, 'w3': 0.748, 'w4': 0.901, 'w5': 0.152, 'w6': 0.982, 'w7': 0.249, 'w8': 0.194, 'max_depth': 7, 'min_child_weight': 18, 'subsample': 0.8, 'colsample_bytree': 0.8, 'gamma': 1.4000000000000001}. Best is trial 848 with value: 0.6005661897687894.
[I 2023-10-12 17:27:30,027] Trial 1051 finished with value: 0.5968884540734943 and parameters: {'w0': 0.399, 'w1': 0.9420000000000001, 'w2': 0.28600000000000003, 'w3': 0.747, 'w4': 0.903, 'w5': 0.152, 'w6': 0.982, 'w7': 0.253, 'w8': 0.759, 'max_depth': 7, 'min_child_weight': 2, 'subsample': 0.8, 'colsample_bytree': 0.8, 'gamma': 1.4000000000000001}. Best is trial 848 with value: 0.6005661897687894.
[I 2023-10-12 17:30:16,918] Trial 1055 finished with value: 0.5710251578073965 and parameters: {'w0': 0.39, 'w1': 0.9380000000000001, 'w2': 0.28500000000000003, 'w3': 0.776, 'w4': 0.855, 'w5': 0.15, 'w6': 0.982, 'w7': 0.089, 'w8': 0.8130000000000001, 'max_depth': 7, 'min_child_weight': 2, 'subsample': 0.8, 'colsample_bytree': 0.8, 'gamma': 1.4000000000000001}. Best is trial 848 with value: 0.6005661897687894.
[I 2023-10-12 17:31:05,899] Trial 1058 finished with value: 0.5944521300877303 and parameters: {'w0': 0.395, 'w1': 0.936, 'w2': 0.28500000000000003, 'w3': 0.6900000000000001, 'w4': 0.907, 'w5': 0.166, 'w6': 0.98, 'w7': 0.32, 'w8': 0.755, 'max_depth': 7, 'min_child_weight': 2, 'subsample': 0.8, 'colsample_bytree': 0.8, 'gamma': 2.0}. Best is trial 848 with value: 0.6005661897687894.
[I 2023-10-12 17:31:20,552] Trial 1059 finished with value: 0.5611163329109196 and parameters: {'w0': 0.4, 'w1': 0.9440000000000001, 'w2': 0.316, 'w3': 0.686, 'w4': 0.8130000000000001, 'w5': 0.157, 'w6': 0.981, 'w7': 0.068, 'w8': 0.809, 'max_depth': 7, 'min_child_weight': 2, 'subsample': 0.8, 'colsample_bytree': 0.8, 'gamma': 2.0}. Best is trial 848 with value: 0.6005661897687894.
[I 2023-10-12 17:31:23,217] Trial 1054 finished with value: 0.5954128013207771 and parameters: {'w0': 0.435, 'w1': 0.9490000000000001, 'w2': 0.28500000000000003, 'w3': 0.771, 'w4': 0.8130000000000001, 'w5': 0.159, 'w6': 0.984, 'w7': 0.324, 'w8': 0.8170000000000001, 'max_depth': 7, 'min_child_weight': 2, 'subsample': 0.8, 'colsample_bytree': 0.8, 'gamma': 1.4000000000000001}. Best is trial 848 with value: 0.6005661897687894.
[I 2023-10-12 17:32:03,292] Trial 1057 finished with value: 0.592887354741692 and parameters: {'w0': 0.393, 'w1': 0.9390000000000001, 'w2': 0.312, 'w3': 0.687, 'w4': 0.8140000000000001, 'w5': 0.154, 'w6': 0.982, 'w7': 0.323, 'w8': 0.797, 'max_depth': 7, 'min_child_weight': 2, 'subsample': 0.8, 'colsample_bytree': 0.8, 'gamma': 1.4000000000000001}. Best is trial 848 with value: 0.6005661897687894.
[I 2023-10-12 17:32:15,173] Trial 1060 finished with value: 0.5605588028186425 and parameters: {'w0': 0.076, 'w1': 0.936, 'w2': 0.311, 'w3': 0.773, 'w4': 0.811, 'w5': 0.15, 'w6': 0.973, 'w7': 0.325, 'w8': 0.8160000000000001, 'max_depth': 7, 'min_child_weight': 2, 'subsample': 0.8, 'colsample_bytree': 0.8, 'gamma': 2.0}. Best is trial 848 with value: 0.6005661897687894.
[I 2023-10-12 17:32:51,725] Trial 1053 finished with value: 0.5927513712304372 and parameters: {'w0': 0.392, 'w1': 0.9400000000000001, 'w2': 0.28500000000000003, 'w3': 0.768, 'w4': 0.855, 'w5': 0.156, 'w6': 0.982, 'w7': 0.317, 'w8': 0.653, 'max_depth': 7, 'min_child_weight': 2, 'subsample': 0.8, 'colsample_bytree': 0.8, 'gamma': 1.0}. Best is trial 848 with value: 0.6005661897687894.
[I 2023-10-12 17:33:14,733] Trial 1048 finished with value: 0.5743724670906629 and parameters: {'w0': 0.392, 'w1': 0.879, 'w2': 0.28400000000000003, 'w3': 0.744, 'w4': 0.807, 'w5': 0.152, 'w6': 0.981, 'w7': 0.25, 'w8': 0.218, 'max_depth': 7, 'min_child_weight': 2, 'subsample': 0.30000000000000004, 'colsample_bytree': 0.8, 'gamma': 1.4000000000000001}. Best is trial 848 with value: 0.6005661897687894.
[I 2023-10-12 17:33:46,703] Trial 1056 finished with value: 0.5655650177183674 and parameters: {'w0': 0.395, 'w1': 0.882, 'w2': 0.28500000000000003, 'w3': 0.771, 'w4': 0.859, 'w5': 0.158, 'w6': 0.984, 'w7': 0.791, 'w8': 0.675, 'max_depth': 7, 'min_child_weight': 2, 'subsample': 0.8, 'colsample_bytree': 0.8, 'gamma': 1.4000000000000001}. Best is trial 848 with value: 0.6005661897687894.
[I 2023-10-12 17:34:05,571] Trial 1052 finished with value: 0.571933664215829 and parameters: {'w0': 0.391, 'w1': 0.9490000000000001, 'w2': 0.28300000000000003, 'w3': 0.772, 'w4': 0.862, 'w5': 0.156, 'w6': 0.98, 'w7': 0.663, 'w8': 0.759, 'max_depth': 7, 'min_child_weight': 2, 'subsample': 0.8, 'colsample_bytree': 0.8, 'gamma': 1.0}. Best is trial 848 with value: 0.6005661897687894.
[I 2023-10-12 17:35:21,426] Trial 1061 finished with value: 0.5947081635564283 and parameters: {'w0': 0.394, 'w1': 0.878, 'w2': 0.29, 'w3': 0.774, 'w4': 0.8210000000000001, 'w5': 0.121, 'w6': 0.979, 'w7': 0.254, 'w8': 0.758, 'max_depth': 7, 'min_child_weight': 2, 'subsample': 0.8, 'colsample_bytree': 0.8, 'gamma': 1.4000000000000001}. Best is trial 848 with value: 0.6005661897687894.
[I 2023-10-12 17:35:25,891] Trial 1062 finished with value: 0.5934830049338419 and parameters: {'w0': 0.392, 'w1': 0.876, 'w2': 0.313, 'w3': 0.768, 'w4': 0.8170000000000001, 'w5': 0.125, 'w6': 0.98, 'w7': 0.216, 'w8': 0.673, 'max_depth': 7, 'min_child_weight': 2, 'subsample': 0.8, 'colsample_bytree': 0.8, 'gamma': 1.6}. Best is trial 848 with value: 0.6005661897687894.
[I 2023-10-12 17:39:06,132] Trial 1063 finished with value: 0.5972806757339575 and parameters: {'w0': 0.393, 'w1': 0.9420000000000001, 'w2': 0.28200000000000003, 'w3': 0.771, 'w4': 0.8180000000000001, 'w5': 0.123, 'w6': 0.9570000000000001, 'w7': 0.25, 'w8': 0.758, 'max_depth': 7, 'min_child_weight': 2, 'subsample': 0.8, 'colsample_bytree': 0.8, 'gamma': 1.2000000000000002}. Best is trial 848 with value: 0.6005661897687894.
[I 2023-10-12 17:40:55,951] Trial 1066 finished with value: 0.5892428441088573 and parameters: {'w0': 0.399, 'w1': 0.641, 'w2': 0.307, 'w3': 0.6930000000000001, 'w4': 0.857, 'w5': 0.121, 'w6': 0.9590000000000001, 'w7': 0.214, 'w8': 0.8130000000000001, 'max_depth': 7, 'min_child_weight': 2, 'subsample': 0.8, 'colsample_bytree': 0.8, 'gamma': 1.8}. Best is trial 848 with value: 0.6005661897687894.
[I 2023-10-12 17:41:22,370] Trial 1064 finished with value: 0.593052632499505 and parameters: {'w0': 0.395, 'w1': 0.9380000000000001, 'w2': 0.312, 'w3': 0.774, 'w4': 0.851, 'w5': 0.14200000000000002, 'w6': 0.9580000000000001, 'w7': 0.20600000000000002, 'w8': 0.812, 'max_depth': 7, 'min_child_weight': 2, 'subsample': 0.8, 'colsample_bytree': 0.8, 'gamma': 1.2000000000000002}. Best is trial 848 with value: 0.6005661897687894.
[I 2023-10-12 17:41:22,834] Trial 1070 finished with value: 0.5807950817601792 and parameters: {'w0': 0.296, 'w1': 0.873, 'w2': 0.312, 'w3': 0.777, 'w4': 0.854, 'w5': 0.122, 'w6': 0.9530000000000001, 'w7': 0.255, 'w8': 0.793, 'max_depth': 7, 'min_child_weight': 2, 'subsample': 0.8, 'colsample_bytree': 0.8, 'gamma': 5.800000000000001}. Best is trial 848 with value: 0.6005661897687894.
[I 2023-10-12 17:42:50,174] Trial 1074 finished with value: 0.5741797931745927 and parameters: {'w0': 0.302, 'w1': 0.879, 'w2': 0.309, 'w3': 0.763, 'w4': 0.857, 'w5': 0.123, 'w6': 0.9530000000000001, 'w7': 0.213, 'w8': 0.794, 'max_depth': 7, 'min_child_weight': 2, 'subsample': 0.8, 'colsample_bytree': 0.8, 'gamma': 5.800000000000001}. Best is trial 848 with value: 0.6005661897687894.
[I 2023-10-12 17:43:19,647] Trial 1065 finished with value: 0.5929992727920554 and parameters: {'w0': 0.395, 'w1': 0.9440000000000001, 'w2': 0.312, 'w3': 0.765, 'w4': 0.8130000000000001, 'w5': 0.127, 'w6': 0.9530000000000001, 'w7': 0.20600000000000002, 'w8': 0.812, 'max_depth': 7, 'min_child_weight': 2, 'subsample': 0.8, 'colsample_bytree': 0.8, 'gamma': 1.2000000000000002}. Best is trial 848 with value: 0.6005661897687894.
[I 2023-10-12 17:45:12,390] Trial 1071 finished with value: 0.5918612494609671 and parameters: {'w0': 0.314, 'w1': 0.878, 'w2': 0.306, 'w3': 0.768, 'w4': 0.856, 'w5': 0.133, 'w6': 0.9560000000000001, 'w7': 0.216, 'w8': 0.796, 'max_depth': 7, 'min_child_weight': 2, 'subsample': 0.8, 'colsample_bytree': 0.8, 'gamma': 1.8}. Best is trial 848 with value: 0.6005661897687894.
[I 2023-10-12 17:45:32,582] Trial 1073 finished with value: 0.5939168374035366 and parameters: {'w0': 0.298, 'w1': 0.877, 'w2': 0.313, 'w3': 0.773, 'w4': 0.853, 'w5': 0.11900000000000001, 'w6': 0.9520000000000001, 'w7': 0.214, 'w8': 0.788, 'max_depth': 7, 'min_child_weight': 2, 'subsample': 0.8, 'colsample_bytree': 0.8, 'gamma': 1.8}. Best is trial 848 with value: 0.6005661897687894.
[I 2023-10-12 17:46:21,349] Trial 1067 finished with value: 0.5937062021066261 and parameters: {'w0': 0.307, 'w1': 0.88, 'w2': 0.312, 'w3': 0.768, 'w4': 0.851, 'w5': 0.131, 'w6': 0.9590000000000001, 'w7': 0.216, 'w8': 0.789, 'max_depth': 7, 'min_child_weight': 2, 'subsample': 0.8, 'colsample_bytree': 0.8, 'gamma': 1.2000000000000002}. Best is trial 848 with value: 0.6005661897687894.
[I 2023-10-12 17:47:22,572] Trial 1069 finished with value: 0.5949241803773051 and parameters: {'w0': 0.316, 'w1': 0.885, 'w2': 0.315, 'w3': 0.775, 'w4': 0.852, 'w5': 0.122, 'w6': 0.9520000000000001, 'w7': 0.222, 'w8': 0.79, 'max_depth': 7, 'min_child_weight': 2, 'subsample': 0.8, 'colsample_bytree': 0.8, 'gamma': 1.2000000000000002}. Best is trial 848 with value: 0.6005661897687894.
[I 2023-10-12 17:47:51,361] Trial 1072 finished with value: 0.5930477536521014 and parameters: {'w0': 0.298, 'w1': 0.881, 'w2': 0.31, 'w3': 0.775, 'w4': 0.854, 'w5': 0.124, 'w6': 0.9540000000000001, 'w7': 0.224, 'w8': 0.791, 'max_depth': 7, 'min_child_weight': 2, 'subsample': 0.8, 'colsample_bytree': 0.8, 'gamma': 1.2000000000000002}. Best is trial 848 with value: 0.6005661897687894.
[I 2023-10-12 17:48:16,998] Trial 1078 finished with value: 0.5928696534176847 and parameters: {'w0': 0.304, 'w1': 0.903, 'w2': 0.309, 'w3': 0.716, 'w4': 0.855, 'w5': 0.115, 'w6': 0.9560000000000001, 'w7': 0.218, 'w8': 0.79, 'max_depth': 7, 'min_child_weight': 2, 'subsample': 0.8, 'colsample_bytree': 0.8, 'gamma': 1.8}. Best is trial 848 with value: 0.6005661897687894.
[I 2023-10-12 17:49:02,451] Trial 1075 finished with value: 0.5944164660944734 and parameters: {'w0': 0.311, 'w1': 0.898, 'w2': 0.307, 'w3': 0.774, 'w4': 0.853, 'w5': 0.123, 'w6': 0.9560000000000001, 'w7': 0.223, 'w8': 0.788, 'max_depth': 7, 'min_child_weight': 2, 'subsample': 0.8, 'colsample_bytree': 0.8, 'gamma': 1.2000000000000002}. Best is trial 848 with value: 0.6005661897687894.
[I 2023-10-12 17:49:49,387] Trial 1076 finished with value: 0.5957471300467614 and parameters: {'w0': 0.312, 'w1': 0.898, 'w2': 0.313, 'w3': 0.771, 'w4': 0.8320000000000001, 'w5': 0.11900000000000001, 'w6': 0.9520000000000001, 'w7': 0.255, 'w8': 0.791, 'max_depth': 7, 'min_child_weight': 2, 'subsample': 0.8, 'colsample_bytree': 0.8, 'gamma': 1.2000000000000002}. Best is trial 848 with value: 0.6005661897687894.
[I 2023-10-12 17:50:11,308] Trial 1068 finished with value: 0.5574281970701713 and parameters: {'w0': 0.296, 'w1': 0.875, 'w2': 0.313, 'w3': 0.785, 'w4': 0.8240000000000001, 'w5': 0.14, 'w6': 0.9500000000000001, 'w7': 0.993, 'w8': 0.792, 'max_depth': 7, 'min_child_weight': 2, 'subsample': 0.8, 'colsample_bytree': 0.8, 'gamma': 1.2000000000000002}. Best is trial 848 with value: 0.6005661897687894.
[I 2023-10-12 17:50:45,141] Trial 1077 finished with value: 0.5913488661911722 and parameters: {'w0': 0.319, 'w1': 0.902, 'w2': 0.312, 'w3': 0.708, 'w4': 0.854, 'w5': 0.115, 'w6': 0.9490000000000001, 'w7': 0.225, 'w8': 0.79, 'max_depth': 7, 'min_child_weight': 2, 'subsample': 0.8, 'colsample_bytree': 0.8, 'gamma': 1.2000000000000002}. Best is trial 848 with value: 0.6005661897687894.
[I 2023-10-12 17:53:35,346] Trial 1081 finished with value: 0.5779042672394117 and parameters: {'w0': 0.314, 'w1': 0.901, 'w2': 0.316, 'w3': 0.712, 'w4': 0.201, 'w5': 0.124, 'w6': 0.9520000000000001, 'w7': 0.223, 'w8': 0.79, 'max_depth': 7, 'min_child_weight': 2, 'subsample': 0.8, 'colsample_bytree': 0.8, 'gamma': 1.8}. Best is trial 848 with value: 0.6005661897687894.
[I 2023-10-12 17:53:47,233] Trial 1082 finished with value: 0.595405422909534 and parameters: {'w0': 0.304, 'w1': 0.903, 'w2': 0.317, 'w3': 0.709, 'w4': 0.8270000000000001, 'w5': 0.125, 'w6': 0.9520000000000001, 'w7': 0.222, 'w8': 0.79, 'max_depth': 7, 'min_child_weight': 2, 'subsample': 0.8, 'colsample_bytree': 0.8, 'gamma': 1.8}. Best is trial 848 with value: 0.6005661897687894.
[I 2023-10-12 17:53:56,966] Trial 1079 finished with value: 0.5931885512980122 and parameters: {'w0': 0.308, 'w1': 0.897, 'w2': 0.319, 'w3': 0.71, 'w4': 0.853, 'w5': 0.11900000000000001, 'w6': 0.9540000000000001, 'w7': 0.216, 'w8': 0.786, 'max_depth': 7, 'min_child_weight': 2, 'subsample': 0.8, 'colsample_bytree': 0.8, 'gamma': 1.2000000000000002}. Best is trial 848 with value: 0.6005661897687894.
[I 2023-10-12 17:55:34,632] Trial 1083 finished with value: 0.596252107057266 and parameters: {'w0': 0.323, 'w1': 0.9, 'w2': 0.319, 'w3': 0.71, 'w4': 0.8270000000000001, 'w5': 0.179, 'w6': 0.9510000000000001, 'w7': 0.256, 'w8': 0.788, 'max_depth': 7, 'min_child_weight': 2, 'subsample': 0.8, 'colsample_bytree': 0.8, 'gamma': 1.8}. Best is trial 848 with value: 0.6005661897687894.
[I 2023-10-12 17:55:50,834] Trial 1084 finished with value: 0.5870985206214433 and parameters: {'w0': 0.15, 'w1': 0.902, 'w2': 0.314, 'w3': 0.711, 'w4': 0.801, 'w5': 0.177, 'w6': 0.9550000000000001, 'w7': 0.259, 'w8': 0.787, 'max_depth': 7, 'min_child_weight': 2, 'subsample': 0.8, 'colsample_bytree': 0.8, 'gamma': 1.8}. Best is trial 848 with value: 0.6005661897687894.
[I 2023-10-12 17:58:09,142] Trial 1085 finished with value: 0.5925550197870093 and parameters: {'w0': 0.427, 'w1': 0.907, 'w2': 0.318, 'w3': 0.708, 'w4': 0.839, 'w5': 0.18, 'w6': 0.497, 'w7': 0.256, 'w8': 0.788, 'max_depth': 7, 'min_child_weight': 2, 'subsample': 0.8, 'colsample_bytree': 0.8, 'gamma': 1.8}. Best is trial 848 with value: 0.6005661897687894.
[I 2023-10-12 17:58:43,196] Trial 1086 finished with value: 0.5962036253951449 and parameters: {'w0': 0.429, 'w1': 0.904, 'w2': 0.325, 'w3': 0.71, 'w4': 0.8, 'w5': 0.17300000000000001, 'w6': 0.9520000000000001, 'w7': 0.255, 'w8': 0.786, 'max_depth': 7, 'min_child_weight': 2, 'subsample': 0.8, 'colsample_bytree': 0.8, 'gamma': 1.8}. Best is trial 848 with value: 0.6005661897687894.
[I 2023-10-12 17:59:14,032] Trial 1080 finished with value: 0.5871246831990469 and parameters: {'w0': 0.317, 'w1': 0.902, 'w2': 0.32, 'w3': 0.714, 'w4': 0.852, 'w5': 0.128, 'w6': 0.9530000000000001, 'w7': 0.20600000000000002, 'w8': 0.79, 'max_depth': 7, 'min_child_weight': 2, 'subsample': 0.4, 'colsample_bytree': 0.8, 'gamma': 1.8}. Best is trial 848 with value: 0.6005661897687894.
[I 2023-10-12 17:59:33,389] Trial 1087 finished with value: 0.5948019531324615 and parameters: {'w0': 0.433, 'w1': 0.902, 'w2': 0.325, 'w3': 0.711, 'w4': 0.8300000000000001, 'w5': 0.171, 'w6': 0.92, 'w7': 0.258, 'w8': 0.8240000000000001, 'max_depth': 7, 'min_child_weight': 2, 'subsample': 0.8, 'colsample_bytree': 0.8, 'gamma': 1.8}. Best is trial 848 with value: 0.6005661897687894.
[I 2023-10-12 17:59:52,615] Trial 1089 finished with value: 0.5366888042109572 and parameters: {'w0': 0.434, 'w1': 0.902, 'w2': 0.264, 'w3': 0.714, 'w4': 0.291, 'w5': 0.20800000000000002, 'w6': 0.917, 'w7': 0.026000000000000002, 'w8': 0.8270000000000001, 'max_depth': 7, 'min_child_weight': 2, 'subsample': 0.8, 'colsample_bytree': 0.8, 'gamma': 1.8}. Best is trial 848 with value: 0.6005661897687894.
[I 2023-10-12 18:00:00,008] Trial 1094 finished with value: 0.5781412134432595 and parameters: {'w0': 0.434, 'w1': 0.857, 'w2': 0.252, 'w3': 0.707, 'w4': 0.789, 'w5': 0.212, 'w6': 0.917, 'w7': 0.263, 'w8': 0.8250000000000001, 'max_depth': 7, 'min_child_weight': 2, 'subsample': 0.8, 'colsample_bytree': 0.8, 'gamma': 6.6000000000000005}. Best is trial 848 with value: 0.6005661897687894.
[I 2023-10-12 18:00:27,859] Trial 1088 finished with value: 0.5939872641623293 and parameters: {'w0': 0.432, 'w1': 0.899, 'w2': 0.265, 'w3': 0.712, 'w4': 0.794, 'w5': 0.428, 'w6': 0.964, 'w7': 0.255, 'w8': 0.761, 'max_depth': 7, 'min_child_weight': 2, 'subsample': 0.8, 'colsample_bytree': 0.8, 'gamma': 1.8}. Best is trial 848 with value: 0.6005661897687894.
[I 2023-10-12 18:00:49,275] Trial 1090 finished with value: 0.5932215927280236 and parameters: {'w0': 0.418, 'w1': 0.904, 'w2': 0.267, 'w3': 0.718, 'w4': 0.8330000000000001, 'w5': 0.171, 'w6': 0.966, 'w7': 0.265, 'w8': 0.8250000000000001, 'max_depth': 7, 'min_child_weight': 2, 'subsample': 0.8, 'colsample_bytree': 0.8, 'gamma': 2.0}. Best is trial 848 with value: 0.6005661897687894.
[I 2023-10-12 18:01:20,874] Trial 1091 finished with value: 0.5942354986036038 and parameters: {'w0': 0.423, 'w1': 0.904, 'w2': 0.27, 'w3': 0.717, 'w4': 0.8290000000000001, 'w5': 0.177, 'w6': 0.968, 'w7': 0.269, 'w8': 0.765, 'max_depth': 7, 'min_child_weight': 2, 'subsample': 0.8, 'colsample_bytree': 0.8, 'gamma': 2.0}. Best is trial 848 with value: 0.6005661897687894.
[I 2023-10-12 18:02:34,027] Trial 1093 finished with value: 0.5974873845018995 and parameters: {'w0': 0.427, 'w1': 0.902, 'w2': 0.265, 'w3': 0.72, 'w4': 0.796, 'w5': 0.177, 'w6': 0.919, 'w7': 0.261, 'w8': 0.8280000000000001, 'max_depth': 7, 'min_child_weight': 2, 'subsample': 0.8, 'colsample_bytree': 0.8, 'gamma': 2.0}. Best is trial 848 with value: 0.6005661897687894.
[I 2023-10-12 18:02:41,593] Trial 1097 finished with value: 0.5682494927494354 and parameters: {'w0': 0.436, 'w1': 0.85, 'w2': 0.265, 'w3': 0.74, 'w4': 0.794, 'w5': 0.17500000000000002, 'w6': 0.922, 'w7': 0.268, 'w8': 0.8280000000000001, 'max_depth': 7, 'min_child_weight': 2, 'subsample': 0.8, 'colsample_bytree': 0.8, 'gamma': 8.8}. Best is trial 848 with value: 0.6005661897687894.
[I 2023-10-12 18:02:47,341] Trial 1092 finished with value: 0.5899169728252401 and parameters: {'w0': 0.15, 'w1': 0.853, 'w2': 0.266, 'w3': 0.714, 'w4': 0.795, 'w5': 0.17400000000000002, 'w6': 0.997, 'w7': 0.268, 'w8': 0.8250000000000001, 'max_depth': 7, 'min_child_weight': 2, 'subsample': 0.8, 'colsample_bytree': 0.8, 'gamma': 1.6}. Best is trial 848 with value: 0.6005661897687894.
[I 2023-10-12 18:05:53,207] Trial 1095 finished with value: 0.5950076367482486 and parameters: {'w0': 0.427, 'w1': 0.852, 'w2': 0.269, 'w3': 0.711, 'w4': 0.79, 'w5': 0.17500000000000002, 'w6': 0.919, 'w7': 0.258, 'w8': 0.8250000000000001, 'max_depth': 7, 'min_child_weight': 2, 'subsample': 0.8, 'colsample_bytree': 0.8, 'gamma': 2.0}. Best is trial 848 with value: 0.6005661897687894.
[I 2023-10-12 18:06:41,762] Trial 1096 finished with value: 0.5847022046952934 and parameters: {'w0': 0.15, 'w1': 0.909, 'w2': 0.341, 'w3': 0.155, 'w4': 0.79, 'w5': 0.17300000000000001, 'w6': 0.918, 'w7': 0.265, 'w8': 0.8310000000000001, 'max_depth': 7, 'min_child_weight': 2, 'subsample': 0.8, 'colsample_bytree': 0.8, 'gamma': 1.6}. Best is trial 848 with value: 0.6005661897687894.
[I 2023-10-12 18:07:48,615] Trial 1099 finished with value: 0.5684614231702618 and parameters: {'w0': 0.424, 'w1': 0.857, 'w2': 0.252, 'w3': 0.803, 'w4': 0.261, 'w5': 0.20900000000000002, 'w6': 0.999, 'w7': 0.152, 'w8': 0.8270000000000001, 'max_depth': 7, 'min_child_weight': 2, 'subsample': 0.8, 'colsample_bytree': 0.8, 'gamma': 2.0}. Best is trial 848 with value: 0.6005661897687894.
[I 2023-10-12 18:10:18,345] Trial 1098 finished with value: 0.5922135820119797 and parameters: {'w0': 0.43, 'w1': 0.851, 'w2': 0.341, 'w3': 0.733, 'w4': 0.788, 'w5': 0.55, 'w6': 0.999, 'w7': 0.265, 'w8': 0.8210000000000001, 'max_depth': 7, 'min_child_weight': 2, 'subsample': 0.8, 'colsample_bytree': 0.8, 'gamma': 1.6}. Best is trial 848 with value: 0.6005661897687894.
[I 2023-10-12 18:11:13,391] Trial 1100 finished with value: 0.568490424374843 and parameters: {'w0': 0.448, 'w1': 0.852, 'w2': 0.268, 'w3': 0.737, 'w4': 0.358, 'w5': 0.547, 'w6': 1.0, 'w7': 0.147, 'w8': 0.8220000000000001, 'max_depth': 7, 'min_child_weight': 2, 'subsample': 0.8, 'colsample_bytree': 0.8, 'gamma': 2.0}. Best is trial 848 with value: 0.6005661897687894.
[I 2023-10-12 18:11:41,405] Trial 1102 finished with value: 0.5656363547397891 and parameters: {'w0': 0.442, 'w1': 0.255, 'w2': 0.269, 'w3': 0.736, 'w4': 0.793, 'w5': 0.37, 'w6': 0.915, 'w7': 0.152, 'w8': 0.8220000000000001, 'max_depth': 7, 'min_child_weight': 2, 'subsample': 0.8, 'colsample_bytree': 0.8, 'gamma': 2.0}. Best is trial 848 with value: 0.6005661897687894.
[I 2023-10-12 18:11:51,347] Trial 1101 finished with value: 0.5489668165631609 and parameters: {'w0': 0.439, 'w1': 0.861, 'w2': 0.25, 'w3': 0.739, 'w4': 0.791, 'w5': 0.202, 'w6': 0.999, 'w7': 0.167, 'w8': 0.096, 'max_depth': 7, 'min_child_weight': 2, 'subsample': 0.8, 'colsample_bytree': 0.8, 'gamma': 1.6}. Best is trial 848 with value: 0.6005661897687894.
[I 2023-10-12 18:12:16,073] Trial 1105 finished with value: 0.4994460164975697 and parameters: {'w0': 0.037000000000000005, 'w1': 0.855, 'w2': 0.098, 'w3': 0.739, 'w4': 0.881, 'w5': 0.20500000000000002, 'w6': 0.999, 'w7': 0.296, 'w8': 0.752, 'max_depth': 7, 'min_child_weight': 2, 'subsample': 0.8, 'colsample_bytree': 0.8, 'gamma': 2.0}. Best is trial 848 with value: 0.6005661897687894.
[I 2023-10-12 18:12:25,403] Trial 1103 finished with value: 0.5634621724855544 and parameters: {'w0': 0.453, 'w1': 0.854, 'w2': 0.097, 'w3': 0.735, 'w4': 0.878, 'w5': 0.20900000000000002, 'w6': 0.998, 'w7': 0.156, 'w8': 0.8240000000000001, 'max_depth': 7, 'min_child_weight': 2, 'subsample': 0.8, 'colsample_bytree': 0.8, 'gamma': 2.0}. Best is trial 848 with value: 0.6005661897687894.
