[I 2023-10-11 05:30:58,298] Trial 885 finished with value: 0.6001535045160341 and parameters: {'w0': 0.26, 'w1': 0.652, 'w2': 0.277, 'w3': 0.892, 'w4': 0.492, 'w5': 0.47200000000000003, 'w6': 0.907, 'w7': 0.343, 'w8': 0.711, 'max_depth': 6, 'min_child_weight': 14, 'subsample': 1.0, 'colsample_bytree': 0.9000000000000001, 'gamma': 0.6000000000000001}. Best is trial 523 with value: 0.6234345839763995.
[I 2023-10-11 05:31:08,077] Trial 886 finished with value: 0.6130443826746272 and parameters: {'w0': 0.261, 'w1': 0.684, 'w2': 0.388, 'w3': 0.636, 'w4': 0.91, 'w5': 0.47000000000000003, 'w6': 0.918, 'w7': 0.336, 'w8': 0.712, 'max_depth': 6, 'min_child_weight': 6, 'subsample': 1.0, 'colsample_bytree': 0.9000000000000001, 'gamma': 0.6000000000000001}. Best is trial 523 with value: 0.6234345839763995.
[I 2023-10-11 05:31:11,095] Trial 884 finished with value: 0.6102941103173195 and parameters: {'w0': 0.264, 'w1': 0.684, 'w2': 0.273, 'w3': 0.89, 'w4': 0.908, 'w5': 0.468, 'w6': 0.999, 'w7': 0.189, 'w8': 0.717, 'max_depth': 6, 'min_child_weight': 0, 'subsample': 1.0, 'colsample_bytree': 0.9000000000000001, 'gamma': 0.6000000000000001}. Best is trial 523 with value: 0.6234345839763995.
[I 2023-10-11 05:33:33,726] Trial 888 finished with value: 0.622463078955259 and parameters: {'w0': 0.265, 'w1': 0.6890000000000001, 'w2': 0.281, 'w3': 0.9460000000000001, 'w4': 0.909, 'w5': 0.358, 'w6': 0.903, 'w7': 0.216, 'w8': 0.706, 'max_depth': 6, 'min_child_weight': 2, 'subsample': 1.0, 'colsample_bytree': 0.9000000000000001, 'gamma': 0.4}. Best is trial 523 with value: 0.6234345839763995.
[I 2023-10-11 05:33:47,961] Trial 887 finished with value: 0.6162842278918951 and parameters: {'w0': 0.263, 'w1': 0.721, 'w2': 0.394, 'w3': 0.9510000000000001, 'w4': 0.909, 'w5': 0.362, 'w6': 0.891, 'w7': 0.34600000000000003, 'w8': 0.711, 'max_depth': 6, 'min_child_weight': 14, 'subsample': 1.0, 'colsample_bytree': 0.9000000000000001, 'gamma': 0.4}. Best is trial 523 with value: 0.6234345839763995.
[I 2023-10-11 05:34:25,464] Trial 889 finished with value: 0.6089145967230158 and parameters: {'w0': 0.267, 'w1': 0.686, 'w2': 0.308, 'w3': 0.9480000000000001, 'w4': 0.497, 'w5': 0.47200000000000003, 'w6': 0.997, 'w7': 0.336, 'w8': 0.715, 'max_depth': 6, 'min_child_weight': 2, 'subsample': 1.0, 'colsample_bytree': 0.9000000000000001, 'gamma': 0.4}. Best is trial 523 with value: 0.6234345839763995.
[I 2023-10-11 05:34:34,092] Trial 893 finished with value: 0.5845261138591867 and parameters: {'w0': 0.258, 'w1': 0.687, 'w2': 0.304, 'w3': 0.861, 'w4': 0.013000000000000001, 'w5': 0.362, 'w6': 0.999, 'w7': 0.297, 'w8': 0.711, 'max_depth': 6, 'min_child_weight': 6, 'subsample': 1.0, 'colsample_bytree': 0.9000000000000001, 'gamma': 0.4}. Best is trial 523 with value: 0.6234345839763995.
[I 2023-10-11 05:34:35,062] Trial 890 finished with value: 0.6117560544875608 and parameters: {'w0': 0.27, 'w1': 0.6890000000000001, 'w2': 0.277, 'w3': 0.848, 'w4': 0.908, 'w5': 0.364, 'w6': 1.0, 'w7': 0.34600000000000003, 'w8': 0.709, 'max_depth': 6, 'min_child_weight': 2, 'subsample': 1.0, 'colsample_bytree': 0.9000000000000001, 'gamma': 0.4}. Best is trial 523 with value: 0.6234345839763995.
[I 2023-10-11 05:34:48,005] Trial 891 finished with value: 0.6147040273017068 and parameters: {'w0': 0.26, 'w1': 0.6880000000000001, 'w2': 0.389, 'w3': 0.9570000000000001, 'w4': 0.883, 'w5': 0.364, 'w6': 0.999, 'w7': 0.338, 'w8': 0.714, 'max_depth': 6, 'min_child_weight': 6, 'subsample': 1.0, 'colsample_bytree': 0.4, 'gamma': 0.4}. Best is trial 523 with value: 0.6234345839763995.
[I 2023-10-11 05:35:21,284] Trial 894 finished with value: 0.6152526262509322 and parameters: {'w0': 0.266, 'w1': 0.717, 'w2': 0.319, 'w3': 0.846, 'w4': 1.0, 'w5': 0.35000000000000003, 'w6': 0.999, 'w7': 0.20900000000000002, 'w8': 0.707, 'max_depth': 6, 'min_child_weight': 6, 'subsample': 1.0, 'colsample_bytree': 0.8, 'gamma': 0.4}. Best is trial 523 with value: 0.6234345839763995.
[I 2023-10-11 05:35:37,035] Trial 895 finished with value: 0.5870679727058561 and parameters: {'w0': 0.263, 'w1': 0.718, 'w2': 0.10400000000000001, 'w3': 0.851, 'w4': 0.999, 'w5': 0.361, 'w6': 1.0, 'w7': 0.342, 'w8': 0.707, 'max_depth': 6, 'min_child_weight': 6, 'subsample': 1.0, 'colsample_bytree': 0.9000000000000001, 'gamma': 0.4}. Best is trial 523 with value: 0.6234345839763995.
[I 2023-10-11 05:36:21,098] Trial 892 finished with value: 0.619316107787968 and parameters: {'w0': 0.259, 'w1': 0.6900000000000001, 'w2': 0.392, 'w3': 0.853, 'w4': 0.908, 'w5': 0.468, 'w6': 0.886, 'w7': 0.34600000000000003, 'w8': 0.712, 'max_depth': 6, 'min_child_weight': 14, 'subsample': 1.0, 'colsample_bytree': 0.9000000000000001, 'gamma': 0.4}. Best is trial 523 with value: 0.6234345839763995.
[I 2023-10-11 05:37:53,697] Trial 897 finished with value: 0.6046255423232259 and parameters: {'w0': 0.249, 'w1': 0.681, 'w2': 0.38, 'w3': 0.857, 'w4': 0.916, 'w5': 0.36, 'w6': 0.888, 'w7': 0.196, 'w8': 0.363, 'max_depth': 6, 'min_child_weight': 6, 'subsample': 1.0, 'colsample_bytree': 0.4, 'gamma': 0.4}. Best is trial 523 with value: 0.6234345839763995.
[I 2023-10-11 05:39:53,358] Trial 896 finished with value: 0.6052337420484142 and parameters: {'w0': 0.267, 'w1': 0.718, 'w2': 0.743, 'w3': 0.865, 'w4': 0.912, 'w5': 0.36, 'w6': 0.982, 'w7': 0.338, 'w8': 0.705, 'max_depth': 6, 'min_child_weight': 6, 'subsample': 1.0, 'colsample_bytree': 0.9000000000000001, 'gamma': 0.4}. Best is trial 523 with value: 0.6234345839763995.
[I 2023-10-11 05:41:19,216] Trial 898 finished with value: 0.6049271831073217 and parameters: {'w0': 0.244, 'w1': 0.717, 'w2': 0.313, 'w3': 0.858, 'w4': 0.312, 'w5': 0.359, 'w6': 0.887, 'w7': 0.342, 'w8': 0.646, 'max_depth': 6, 'min_child_weight': 6, 'subsample': 1.0, 'colsample_bytree': 0.8, 'gamma': 0.4}. Best is trial 523 with value: 0.6234345839763995.
[I 2023-10-11 05:42:10,259] Trial 899 finished with value: 0.6063657395916349 and parameters: {'w0': 0.262, 'w1': 0.717, 'w2': 0.375, 'w3': 0.9450000000000001, 'w4': 0.999, 'w5': 0.365, 'w6': 0.889, 'w7': 0.198, 'w8': 0.641, 'max_depth': 6, 'min_child_weight': 6, 'subsample': 1.0, 'colsample_bytree': 0.8, 'gamma': 0.4}. Best is trial 523 with value: 0.6234345839763995.
[I 2023-10-11 05:45:22,422] Trial 903 finished with value: 0.6170372475774221 and parameters: {'w0': 0.262, 'w1': 0.724, 'w2': 0.24000000000000002, 'w3': 0.859, 'w4': 0.889, 'w5': 0.353, 'w6': 0.979, 'w7': 0.23600000000000002, 'w8': 0.6880000000000001, 'max_depth': 6, 'min_child_weight': 2, 'subsample': 1.0, 'colsample_bytree': 0.8, 'gamma': 1.0}. Best is trial 523 with value: 0.6234345839763995.
[I 2023-10-11 05:45:58,648] Trial 900 finished with value: 0.6116956119451136 and parameters: {'w0': 0.246, 'w1': 0.712, 'w2': 0.373, 'w3': 0.851, 'w4': 0.9580000000000001, 'w5': 0.356, 'w6': 0.888, 'w7': 0.201, 'w8': 0.633, 'max_depth': 6, 'min_child_weight': 6, 'subsample': 1.0, 'colsample_bytree': 0.8, 'gamma': 0.4}. Best is trial 523 with value: 0.6234345839763995.
[I 2023-10-11 05:46:15,645] Trial 908 finished with value: 0.5997237725069662 and parameters: {'w0': 0.242, 'w1': 0.718, 'w2': 0.305, 'w3': 0.856, 'w4': 0.923, 'w5': 0.337, 'w6': 0.885, 'w7': 0.151, 'w8': 0.631, 'max_depth': 6, 'min_child_weight': 6, 'subsample': 1.0, 'colsample_bytree': 0.8, 'gamma': 1.0}. Best is trial 523 with value: 0.6234345839763995.
[I 2023-10-11 05:46:24,671] Trial 902 finished with value: 0.6103959167745102 and parameters: {'w0': 0.24000000000000002, 'w1': 0.718, 'w2': 0.374, 'w3': 0.856, 'w4': 0.998, 'w5': 0.35200000000000004, 'w6': 0.885, 'w7': 0.231, 'w8': 0.6920000000000001, 'max_depth': 6, 'min_child_weight': 6, 'subsample': 1.0, 'colsample_bytree': 0.8, 'gamma': 0.4}. Best is trial 523 with value: 0.6234345839763995.
[I 2023-10-11 05:46:28,437] Trial 901 finished with value: 0.6125178208111606 and parameters: {'w0': 0.27, 'w1': 0.6890000000000001, 'w2': 0.381, 'w3': 0.85, 'w4': 0.963, 'w5': 0.356, 'w6': 0.888, 'w7': 0.214, 'w8': 0.6940000000000001, 'max_depth': 6, 'min_child_weight': 6, 'subsample': 1.0, 'colsample_bytree': 0.8, 'gamma': 0.4}. Best is trial 523 with value: 0.6234345839763995.
[I 2023-10-11 05:47:33,233] Trial 910 finished with value: 0.6101002612813875 and parameters: {'w0': 0.271, 'w1': 0.71, 'w2': 0.28, 'w3': 0.876, 'w4': 0.92, 'w5': 0.333, 'w6': 0.883, 'w7': 0.2, 'w8': 0.632, 'max_depth': 6, 'min_child_weight': 2, 'subsample': 1.0, 'colsample_bytree': 0.8, 'gamma': 1.0}. Best is trial 523 with value: 0.6234345839763995.
[I 2023-10-11 05:48:10,950] Trial 911 finished with value: 0.6173393661960391 and parameters: {'w0': 0.249, 'w1': 0.725, 'w2': 0.261, 'w3': 0.607, 'w4': 0.929, 'w5': 0.341, 'w6': 0.879, 'w7': 0.246, 'w8': 0.643, 'max_depth': 6, 'min_child_weight': 6, 'subsample': 1.0, 'colsample_bytree': 0.8, 'gamma': 1.0}. Best is trial 523 with value: 0.6234345839763995.
[I 2023-10-11 05:49:13,433] Trial 904 finished with value: 0.6190677339766874 and parameters: {'w0': 0.246, 'w1': 0.723, 'w2': 0.23900000000000002, 'w3': 0.859, 'w4': 0.89, 'w5': 0.34800000000000003, 'w6': 0.89, 'w7': 0.257, 'w8': 0.639, 'max_depth': 6, 'min_child_weight': 14, 'subsample': 1.0, 'colsample_bytree': 0.8, 'gamma': 0.4}. Best is trial 523 with value: 0.6234345839763995.
[I 2023-10-11 05:49:25,689] Trial 905 finished with value: 0.6192196450183872 and parameters: {'w0': 0.24000000000000002, 'w1': 0.726, 'w2': 0.261, 'w3': 0.858, 'w4': 0.887, 'w5': 0.342, 'w6': 0.886, 'w7': 0.19, 'w8': 0.634, 'max_depth': 6, 'min_child_weight': 6, 'subsample': 1.0, 'colsample_bytree': 0.8, 'gamma': 0.4}. Best is trial 523 with value: 0.6234345839763995.
[I 2023-10-11 05:49:41,235] Trial 907 finished with value: 0.6197455393917453 and parameters: {'w0': 0.243, 'w1': 0.719, 'w2': 0.265, 'w3': 0.603, 'w4': 1.0, 'w5': 0.338, 'w6': 0.889, 'w7': 0.20400000000000001, 'w8': 0.6890000000000001, 'max_depth': 6, 'min_child_weight': 6, 'subsample': 1.0, 'colsample_bytree': 0.8, 'gamma': 0.4}. Best is trial 523 with value: 0.6234345839763995.
[I 2023-10-11 05:50:11,435] Trial 909 finished with value: 0.6140987069778513 and parameters: {'w0': 0.23700000000000002, 'w1': 0.706, 'w2': 0.253, 'w3': 0.849, 'w4': 0.888, 'w5': 0.34700000000000003, 'w6': 0.885, 'w7': 0.169, 'w8': 0.6890000000000001, 'max_depth': 6, 'min_child_weight': 6, 'subsample': 1.0, 'colsample_bytree': 0.8, 'gamma': 0.4}. Best is trial 523 with value: 0.6234345839763995.
[I 2023-10-11 05:50:25,391] Trial 906 finished with value: 0.603942360256327 and parameters: {'w0': 0.248, 'w1': 0.717, 'w2': 0.6940000000000001, 'w3': 0.855, 'w4': 0.889, 'w5': 0.34900000000000003, 'w6': 0.888, 'w7': 0.233, 'w8': 0.644, 'max_depth': 6, 'min_child_weight': 6, 'subsample': 1.0, 'colsample_bytree': 0.8, 'gamma': 0.4}. Best is trial 523 with value: 0.6234345839763995.
[I 2023-10-11 05:51:53,495] Trial 913 finished with value: 0.617859470845585 and parameters: {'w0': 0.23700000000000002, 'w1': 0.725, 'w2': 0.268, 'w3': 0.308, 'w4': 0.885, 'w5': 0.341, 'w6': 0.887, 'w7': 0.217, 'w8': 0.653, 'max_depth': 6, 'min_child_weight': 2, 'subsample': 1.0, 'colsample_bytree': 0.8, 'gamma': 1.0}. Best is trial 523 with value: 0.6234345839763995.
[I 2023-10-11 05:54:38,102] Trial 915 finished with value: 0.6174266025426867 and parameters: {'w0': 0.23700000000000002, 'w1': 0.723, 'w2': 0.261, 'w3': 0.9430000000000001, 'w4': 0.888, 'w5': 0.341, 'w6': 0.972, 'w7': 0.243, 'w8': 0.684, 'max_depth': 6, 'min_child_weight': 4, 'subsample': 1.0, 'colsample_bytree': 0.9000000000000001, 'gamma': 1.0}. Best is trial 523 with value: 0.6234345839763995.
[I 2023-10-11 05:57:04,244] Trial 912 finished with value: 0.6146821457860137 and parameters: {'w0': 0.28200000000000003, 'w1': 0.726, 'w2': 0.263, 'w3': 0.9440000000000001, 'w4': 0.924, 'w5': 0.343, 'w6': 0.89, 'w7': 0.164, 'w8': 0.683, 'max_depth': 6, 'min_child_weight': 6, 'subsample': 1.0, 'colsample_bytree': 0.8, 'gamma': 0.2}. Best is trial 523 with value: 0.6234345839763995.
[I 2023-10-11 06:00:21,823] Trial 914 finished with value: 0.6200707802916303 and parameters: {'w0': 0.23700000000000002, 'w1': 0.729, 'w2': 0.28, 'w3': 0.9430000000000001, 'w4': 0.894, 'w5': 0.341, 'w6': 0.889, 'w7': 0.223, 'w8': 0.635, 'max_depth': 6, 'min_child_weight': 2, 'subsample': 1.0, 'colsample_bytree': 0.8, 'gamma': 0.2}. Best is trial 523 with value: 0.6234345839763995.
[I 2023-10-11 06:04:59,898] Trial 916 finished with value: 0.6245714155755172 and parameters: {'w0': 0.23500000000000001, 'w1': 0.666, 'w2': 0.23900000000000002, 'w3': 0.614, 'w4': 0.928, 'w5': 0.343, 'w6': 0.974, 'w7': 0.23, 'w8': 0.683, 'max_depth': 6, 'min_child_weight': 6, 'subsample': 1.0, 'colsample_bytree': 0.9000000000000001, 'gamma': 0.2}. Best is trial 916 with value: 0.6245714155755172.
[I 2023-10-11 06:05:37,775] Trial 918 finished with value: 0.6235698923942412 and parameters: {'w0': 0.23800000000000002, 'w1': 0.666, 'w2': 0.245, 'w3': 0.9430000000000001, 'w4': 0.928, 'w5': 0.376, 'w6': 0.975, 'w7': 0.214, 'w8': 0.684, 'max_depth': 6, 'min_child_weight': 4, 'subsample': 1.0, 'colsample_bytree': 0.9000000000000001, 'gamma': 0.2}. Best is trial 916 with value: 0.6245714155755172.
[I 2023-10-11 06:05:41,862] Trial 920 finished with value: 0.6209070805290848 and parameters: {'w0': 0.3, 'w1': 0.667, 'w2': 0.255, 'w3': 0.604, 'w4': 0.892, 'w5': 0.326, 'w6': 0.977, 'w7': 0.18, 'w8': 0.668, 'max_depth': 6, 'min_child_weight': 2, 'subsample': 1.0, 'colsample_bytree': 0.9000000000000001, 'gamma': 0.2}. Best is trial 916 with value: 0.6245714155755172.
[I 2023-10-11 06:05:51,109] Trial 919 finished with value: 0.6223215974919445 and parameters: {'w0': 0.23700000000000002, 'w1': 0.661, 'w2': 0.254, 'w3': 0.9420000000000001, 'w4': 0.891, 'w5': 0.335, 'w6': 0.976, 'w7': 0.251, 'w8': 0.667, 'max_depth': 6, 'min_child_weight': 4, 'subsample': 1.0, 'colsample_bytree': 0.9000000000000001, 'gamma': 0.2}. Best is trial 916 with value: 0.6245714155755172.
[I 2023-10-11 06:06:11,273] Trial 917 finished with value: 0.6226674100200947 and parameters: {'w0': 0.28300000000000003, 'w1': 0.664, 'w2': 0.28900000000000003, 'w3': 0.9430000000000001, 'w4': 0.921, 'w5': 0.34900000000000003, 'w6': 0.976, 'w7': 0.258, 'w8': 0.683, 'max_depth': 6, 'min_child_weight': 6, 'subsample': 1.0, 'colsample_bytree': 0.9000000000000001, 'gamma': 0.2}. Best is trial 916 with value: 0.6245714155755172.
[I 2023-10-11 06:07:53,174] Trial 922 finished with value: 0.6227148568149511 and parameters: {'w0': 0.24000000000000002, 'w1': 0.662, 'w2': 0.255, 'w3': 0.9440000000000001, 'w4': 0.894, 'w5': 0.329, 'w6': 0.973, 'w7': 0.257, 'w8': 0.676, 'max_depth': 6, 'min_child_weight': 4, 'subsample': 1.0, 'colsample_bytree': 0.9000000000000001, 'gamma': 0.2}. Best is trial 916 with value: 0.6245714155755172.
[I 2023-10-11 06:09:02,638] Trial 925 finished with value: 0.618812536441983 and parameters: {'w0': 0.23, 'w1': 0.665, 'w2': 0.28200000000000003, 'w3': 0.622, 'w4': 0.969, 'w5': 0.379, 'w6': 0.971, 'w7': 0.23700000000000002, 'w8': 0.671, 'max_depth': 6, 'min_child_weight': 4, 'subsample': 1.0, 'colsample_bytree': 0.8, 'gamma': 0.2}. Best is trial 916 with value: 0.6245714155755172.
[I 2023-10-11 06:11:05,622] Trial 921 finished with value: 0.6214792107394909 and parameters: {'w0': 0.23500000000000001, 'w1': 0.67, 'w2': 0.274, 'w3': 0.91, 'w4': 0.883, 'w5': 0.513, 'w6': 0.979, 'w7': 0.23500000000000001, 'w8': 0.668, 'max_depth': 6, 'min_child_weight': 4, 'subsample': 0.9000000000000001, 'colsample_bytree': 0.9000000000000001, 'gamma': 0.2}. Best is trial 916 with value: 0.6245714155755172.
[I 2023-10-11 06:13:02,978] Trial 926 finished with value: 0.5348460463367345 and parameters: {'w0': 0.004, 'w1': 0.666, 'w2': 0.245, 'w3': 0.911, 'w4': 0.964, 'w5': 0.315, 'w6': 0.854, 'w7': 0.231, 'w8': 0.666, 'max_depth': 6, 'min_child_weight': 4, 'subsample': 0.9000000000000001, 'colsample_bytree': 0.8, 'gamma': 0.2}. Best is trial 916 with value: 0.6245714155755172.
[I 2023-10-11 06:13:03,489] Trial 923 finished with value: 0.6204465804605657 and parameters: {'w0': 0.3, 'w1': 0.665, 'w2': 0.259, 'w3': 0.9430000000000001, 'w4': 0.887, 'w5': 0.511, 'w6': 0.973, 'w7': 0.259, 'w8': 0.665, 'max_depth': 6, 'min_child_weight': 4, 'subsample': 0.9000000000000001, 'colsample_bytree': 0.9000000000000001, 'gamma': 0.2}. Best is trial 916 with value: 0.6245714155755172.
[I 2023-10-11 06:13:17,821] Trial 927 finished with value: 0.6188364157667601 and parameters: {'w0': 0.23600000000000002, 'w1': 0.671, 'w2': 0.281, 'w3': 0.579, 'w4': 1.0, 'w5': 0.325, 'w6': 0.971, 'w7': 0.229, 'w8': 0.669, 'max_depth': 6, 'min_child_weight': 2, 'subsample': 0.9000000000000001, 'colsample_bytree': 0.8, 'gamma': 0.2}. Best is trial 916 with value: 0.6245714155755172.
[I 2023-10-11 06:13:20,701] Trial 924 finished with value: 0.6159356848616249 and parameters: {'w0': 0.303, 'w1': 0.667, 'w2': 0.323, 'w3': 0.9470000000000001, 'w4': 0.9530000000000001, 'w5': 0.514, 'w6': 0.973, 'w7': 0.255, 'w8': 0.664, 'max_depth': 6, 'min_child_weight': 4, 'subsample': 0.9000000000000001, 'colsample_bytree': 0.9000000000000001, 'gamma': 0.2}. Best is trial 916 with value: 0.6245714155755172.
[I 2023-10-11 06:14:36,181] Trial 928 finished with value: 0.6190104856888582 and parameters: {'w0': 0.229, 'w1': 0.659, 'w2': 0.28200000000000003, 'w3': 0.906, 'w4': 0.963, 'w5': 0.376, 'w6': 0.848, 'w7': 0.186, 'w8': 0.672, 'max_depth': 6, 'min_child_weight': 6, 'subsample': 0.9000000000000001, 'colsample_bytree': 0.8, 'gamma': 0.2}. Best is trial 916 with value: 0.6245714155755172.
[I 2023-10-11 06:14:43,939] Trial 932 finished with value: 0.5736497292437583 and parameters: {'w0': 0.231, 'w1': 0.755, 'w2': 0.163, 'w3': 0.559, 'w4': 1.0, 'w5': 0.306, 'w6': 0.856, 'w7': 0.213, 'w8': 0.675, 'max_depth': 6, 'min_child_weight': 2, 'subsample': 0.9000000000000001, 'colsample_bytree': 0.8, 'gamma': 6.0}. Best is trial 916 with value: 0.6245714155755172.
[I 2023-10-11 06:17:36,566] Trial 929 finished with value: 0.6230454934267603 and parameters: {'w0': 0.28300000000000003, 'w1': 0.665, 'w2': 0.22, 'w3': 0.661, 'w4': 1.0, 'w5': 0.322, 'w6': 0.845, 'w7': 0.199, 'w8': 0.67, 'max_depth': 6, 'min_child_weight': 6, 'subsample': 0.9000000000000001, 'colsample_bytree': 0.8, 'gamma': 0.2}. Best is trial 916 with value: 0.6245714155755172.
[I 2023-10-11 06:19:35,935] Trial 930 finished with value: 0.6196670513208249 and parameters: {'w0': 0.229, 'w1': 0.666, 'w2': 0.246, 'w3': 0.623, 'w4': 1.0, 'w5': 0.373, 'w6': 0.972, 'w7': 0.216, 'w8': 0.673, 'max_depth': 6, 'min_child_weight': 6, 'subsample': 0.9000000000000001, 'colsample_bytree': 0.8, 'gamma': 0.2}. Best is trial 916 with value: 0.6245714155755172.
[I 2023-10-11 06:22:48,327] Trial 931 finished with value: 0.6248614582687078 and parameters: {'w0': 0.23, 'w1': 0.754, 'w2': 0.221, 'w3': 0.909, 'w4': 0.963, 'w5': 0.318, 'w6': 0.846, 'w7': 0.218, 'w8': 0.681, 'max_depth': 6, 'min_child_weight': 4, 'subsample': 0.9000000000000001, 'colsample_bytree': 0.8, 'gamma': 0.2}. Best is trial 931 with value: 0.6248614582687078.
[I 2023-10-11 06:26:50,400] Trial 937 finished with value: 0.6240180304878606 and parameters: {'w0': 0.23, 'w1': 0.667, 'w2': 0.17400000000000002, 'w3': 0.537, 'w4': 0.893, 'w5': 0.326, 'w6': 0.98, 'w7': 0.179, 'w8': 0.665, 'max_depth': 6, 'min_child_weight': 4, 'subsample': 0.9000000000000001, 'colsample_bytree': 0.9000000000000001, 'gamma': 0.6000000000000001}. Best is trial 931 with value: 0.6248614582687078.
[I 2023-10-11 06:27:23,196] Trial 938 finished with value: 0.6201679862342313 and parameters: {'w0': 0.231, 'w1': 0.668, 'w2': 0.184, 'w3': 0.638, 'w4': 0.899, 'w5': 0.298, 'w6': 0.98, 'w7': 0.179, 'w8': 0.656, 'max_depth': 6, 'min_child_weight': 2, 'subsample': 0.9000000000000001, 'colsample_bytree': 0.9000000000000001, 'gamma': 0.6000000000000001}. Best is trial 931 with value: 0.6248614582687078.
[I 2023-10-11 06:29:27,131] Trial 933 finished with value: 0.6188573132070848 and parameters: {'w0': 0.23900000000000002, 'w1': 0.661, 'w2': 0.23700000000000002, 'w3': 0.913, 'w4': 0.9490000000000001, 'w5': 0.325, 'w6': 0.967, 'w7': 0.17600000000000002, 'w8': 0.678, 'max_depth': 6, 'min_child_weight': 2, 'subsample': 0.9000000000000001, 'colsample_bytree': 0.9000000000000001, 'gamma': 0.2}. Best is trial 931 with value: 0.6248614582687078.
[I 2023-10-11 06:29:42,017] Trial 935 finished with value: 0.619393193545677 and parameters: {'w0': 0.23, 'w1': 0.664, 'w2': 0.254, 'w3': 0.545, 'w4': 0.89, 'w5': 0.306, 'w6': 0.982, 'w7': 0.167, 'w8': 0.663, 'max_depth': 6, 'min_child_weight': 2, 'subsample': 0.9000000000000001, 'colsample_bytree': 0.9000000000000001, 'gamma': 0.2}. Best is trial 931 with value: 0.6248614582687078.
[I 2023-10-11 06:29:54,004] Trial 934 finished with value: 0.6193938416255388 and parameters: {'w0': 0.232, 'w1': 0.663, 'w2': 0.20900000000000002, 'w3': 0.625, 'w4': 0.928, 'w5': 0.303, 'w6': 0.976, 'w7': 0.17, 'w8': 0.658, 'max_depth': 6, 'min_child_weight': 2, 'subsample': 0.9000000000000001, 'colsample_bytree': 0.9000000000000001, 'gamma': 0.2}. Best is trial 931 with value: 0.6248614582687078.
[I 2023-10-11 06:29:59,101] Trial 936 finished with value: 0.6213655011102549 and parameters: {'w0': 0.241, 'w1': 0.667, 'w2': 0.203, 'w3': 0.539, 'w4': 0.892, 'w5': 0.319, 'w6': 0.982, 'w7': 0.17400000000000002, 'w8': 0.662, 'max_depth': 6, 'min_child_weight': 2, 'subsample': 0.9000000000000001, 'colsample_bytree': 0.9000000000000001, 'gamma': 0.2}. Best is trial 931 with value: 0.6248614582687078.
[I 2023-10-11 06:30:49,845] Trial 939 finished with value: 0.6229875845161728 and parameters: {'w0': 0.232, 'w1': 0.666, 'w2': 0.202, 'w3': 0.91, 'w4': 0.889, 'w5': 0.308, 'w6': 0.982, 'w7': 0.22, 'w8': 0.652, 'max_depth': 6, 'min_child_weight': 4, 'subsample': 0.9000000000000001, 'colsample_bytree': 0.9000000000000001, 'gamma': 0.6000000000000001}. Best is trial 931 with value: 0.6248614582687078.
