[I 2023-10-13 05:03:47,045] Trial 1836 finished with value: 0.5880287192040642 and parameters: {'w0': 0.34800000000000003, 'w1': 0.872, 'w2': 0.279, 'w3': 0.598, 'w4': 0.927, 'w5': 0.223, 'w6': 0.877, 'w7': 0.34, 'w8': 0.926, 'max_depth': 10, 'min_child_weight': 0, 'subsample': 0.7, 'colsample_bytree': 0.8, 'gamma': 1.8}. Best is trial 848 with value: 0.6005661897687894.
[I 2023-10-13 05:05:29,842] Trial 1837 finished with value: 0.5867140202693722 and parameters: {'w0': 0.34700000000000003, 'w1': 0.869, 'w2': 0.279, 'w3': 0.592, 'w4': 0.927, 'w5': 0.227, 'w6': 0.89, 'w7': 0.365, 'w8': 0.992, 'max_depth': 10, 'min_child_weight': 18, 'subsample': 0.7, 'colsample_bytree': 0.8, 'gamma': 1.8}. Best is trial 848 with value: 0.6005661897687894.
[I 2023-10-13 05:06:08,595] Trial 1839 finished with value: 0.5819889932820812 and parameters: {'w0': 0.34800000000000003, 'w1': 0.864, 'w2': 0.28, 'w3': 0.592, 'w4': 0.935, 'w5': 0.222, 'w6': 0.881, 'w7': 0.381, 'w8': 0.998, 'max_depth': 10, 'min_child_weight': 0, 'subsample': 0.7, 'colsample_bytree': 0.8, 'gamma': 1.8}. Best is trial 848 with value: 0.6005661897687894.
[I 2023-10-13 05:07:42,680] Trial 1840 finished with value: 0.5901715334219885 and parameters: {'w0': 0.382, 'w1': 0.87, 'w2': 0.273, 'w3': 0.595, 'w4': 0.933, 'w5': 0.222, 'w6': 0.878, 'w7': 0.343, 'w8': 0.999, 'max_depth': 10, 'min_child_weight': 0, 'subsample': 0.7, 'colsample_bytree': 0.8, 'gamma': 1.8}. Best is trial 848 with value: 0.6005661897687894.
[I 2023-10-13 05:07:55,820] Trial 1841 finished with value: 0.5915789644800367 and parameters: {'w0': 0.385, 'w1': 0.866, 'w2': 0.275, 'w3': 0.593, 'w4': 0.922, 'w5': 0.225, 'w6': 0.88, 'w7': 0.341, 'w8': 0.99, 'max_depth': 10, 'min_child_weight': 0, 'subsample': 0.7, 'colsample_bytree': 0.8, 'gamma': 1.8}. Best is trial 848 with value: 0.6005661897687894.
[I 2023-10-13 05:09:34,927] Trial 1844 finished with value: 0.5615796505503579 and parameters: {'w0': 0.386, 'w1': 0.869, 'w2': 0.109, 'w3': 0.596, 'w4': 0.9380000000000001, 'w5': 0.223, 'w6': 0.888, 'w7': 0.342, 'w8': 0.996, 'max_depth': 10, 'min_child_weight': 0, 'subsample': 0.7, 'colsample_bytree': 0.8, 'gamma': 2.2}. Best is trial 848 with value: 0.6005661897687894.
[I 2023-10-13 05:10:07,066] Trial 1843 finished with value: 0.587747905600335 and parameters: {'w0': 0.35200000000000004, 'w1': 0.87, 'w2': 0.268, 'w3': 0.596, 'w4': 0.937, 'w5': 0.203, 'w6': 0.88, 'w7': 0.34600000000000003, 'w8': 0.9430000000000001, 'max_depth': 10, 'min_child_weight': 0, 'subsample': 0.7, 'colsample_bytree': 0.8, 'gamma': 1.8}. Best is trial 848 with value: 0.6005661897687894.
[I 2023-10-13 05:10:59,464] Trial 1845 finished with value: 0.5791149725624825 and parameters: {'w0': 0.354, 'w1': 0.869, 'w2': 0.273, 'w3': 0.596, 'w4': 0.41400000000000003, 'w5': 0.218, 'w6': 0.881, 'w7': 0.378, 'w8': 0.99, 'max_depth': 10, 'min_child_weight': 0, 'subsample': 0.7, 'colsample_bytree': 0.8, 'gamma': 2.2}. Best is trial 848 with value: 0.6005661897687894.
[I 2023-10-13 05:11:11,120] Trial 1846 finished with value: 0.5912768926664175 and parameters: {'w0': 0.384, 'w1': 0.87, 'w2': 0.296, 'w3': 0.613, 'w4': 0.915, 'w5': 0.22, 'w6': 0.889, 'w7': 0.34700000000000003, 'w8': 0.995, 'max_depth': 10, 'min_child_weight': 0, 'subsample': 0.7, 'colsample_bytree': 0.8, 'gamma': 2.2}. Best is trial 848 with value: 0.6005661897687894.
[I 2023-10-13 05:11:30,162] Trial 1847 finished with value: 0.5843939864028848 and parameters: {'w0': 0.385, 'w1': 0.861, 'w2': 0.267, 'w3': 0.611, 'w4': 0.914, 'w5': 0.222, 'w6': 0.892, 'w7': 0.369, 'w8': 0.967, 'max_depth': 10, 'min_child_weight': 0, 'subsample': 0.7, 'colsample_bytree': 0.8, 'gamma': 2.2}. Best is trial 848 with value: 0.6005661897687894.
[I 2023-10-13 05:12:20,948] Trial 1848 finished with value: 0.586041571449599 and parameters: {'w0': 0.375, 'w1': 0.872, 'w2': 0.265, 'w3': 0.614, 'w4': 0.9390000000000001, 'w5': 0.219, 'w6': 0.882, 'w7': 0.359, 'w8': 0.986, 'max_depth': 10, 'min_child_weight': 0, 'subsample': 0.7, 'colsample_bytree': 0.8, 'gamma': 2.2}. Best is trial 848 with value: 0.6005661897687894.
[I 2023-10-13 05:12:49,399] Trial 1849 finished with value: 0.586988065711073 and parameters: {'w0': 0.385, 'w1': 0.851, 'w2': 0.273, 'w3': 0.601, 'w4': 0.9420000000000001, 'w5': 0.223, 'w6': 0.897, 'w7': 0.375, 'w8': 0.976, 'max_depth': 10, 'min_child_weight': 0, 'subsample': 0.7, 'colsample_bytree': 0.8, 'gamma': 2.2}. Best is trial 848 with value: 0.6005661897687894.
[I 2023-10-13 05:14:29,500] Trial 1850 finished with value: 0.5879437793451584 and parameters: {'w0': 0.388, 'w1': 0.87, 'w2': 0.301, 'w3': 0.616, 'w4': 0.9440000000000001, 'w5': 0.211, 'w6': 0.896, 'w7': 0.371, 'w8': 1.0, 'max_depth': 10, 'min_child_weight': 14, 'subsample': 0.7, 'colsample_bytree': 0.8, 'gamma': 2.2}. Best is trial 848 with value: 0.6005661897687894.
[I 2023-10-13 05:18:22,615] Trial 1851 finished with value: 0.5928097361967654 and parameters: {'w0': 0.39, 'w1': 0.872, 'w2': 0.304, 'w3': 0.618, 'w4': 0.907, 'w5': 0.21, 'w6': 0.897, 'w7': 0.354, 'w8': 0.978, 'max_depth': 10, 'min_child_weight': 0, 'subsample': 0.7, 'colsample_bytree': 0.8, 'gamma': 2.2}. Best is trial 848 with value: 0.6005661897687894.
[I 2023-10-13 05:18:31,643] Trial 1853 finished with value: 0.5942208625791732 and parameters: {'w0': 0.387, 'w1': 0.87, 'w2': 0.301, 'w3': 0.609, 'w4': 0.9410000000000001, 'w5': 0.194, 'w6': 0.881, 'w7': 0.308, 'w8': 0.982, 'max_depth': 10, 'min_child_weight': 0, 'subsample': 0.7, 'colsample_bytree': 0.8, 'gamma': 2.2}. Best is trial 848 with value: 0.6005661897687894.
[I 2023-10-13 05:18:40,523] Trial 1852 finished with value: 0.5908401958780436 and parameters: {'w0': 0.391, 'w1': 0.846, 'w2': 0.302, 'w3': 0.613, 'w4': 0.9460000000000001, 'w5': 0.196, 'w6': 0.88, 'w7': 0.364, 'w8': 0.999, 'max_depth': 10, 'min_child_weight': 0, 'subsample': 0.7, 'colsample_bytree': 0.8, 'gamma': 2.2}. Best is trial 848 with value: 0.6005661897687894.
[I 2023-10-13 05:19:07,875] Trial 1854 finished with value: 0.5879589831655414 and parameters: {'w0': 0.387, 'w1': 0.8250000000000001, 'w2': 0.305, 'w3': 0.624, 'w4': 0.9490000000000001, 'w5': 0.2, 'w6': 0.897, 'w7': 0.376, 'w8': 0.996, 'max_depth': 10, 'min_child_weight': 0, 'subsample': 0.7, 'colsample_bytree': 0.8, 'gamma': 2.2}. Best is trial 848 with value: 0.6005661897687894.
[I 2023-10-13 05:19:12,515] Trial 1856 finished with value: 0.5911879936615406 and parameters: {'w0': 0.388, 'w1': 0.852, 'w2': 0.305, 'w3': 0.623, 'w4': 0.9450000000000001, 'w5': 0.194, 'w6': 0.863, 'w7': 0.366, 'w8': 0.986, 'max_depth': 10, 'min_child_weight': 2, 'subsample': 0.7, 'colsample_bytree': 0.8, 'gamma': 2.6}. Best is trial 848 with value: 0.6005661897687894.
[I 2023-10-13 05:20:36,296] Trial 1855 finished with value: 0.589373838299021 and parameters: {'w0': 0.39, 'w1': 0.856, 'w2': 0.303, 'w3': 0.5710000000000001, 'w4': 0.908, 'w5': 0.199, 'w6': 0.901, 'w7': 0.365, 'w8': 0.979, 'max_depth': 10, 'min_child_weight': 0, 'subsample': 0.7, 'colsample_bytree': 0.8, 'gamma': 2.2}. Best is trial 848 with value: 0.6005661897687894.
[I 2023-10-13 05:21:36,260] Trial 1857 finished with value: 0.5937767113797363 and parameters: {'w0': 0.389, 'w1': 0.852, 'w2': 0.304, 'w3': 0.615, 'w4': 0.9460000000000001, 'w5': 0.194, 'w6': 0.898, 'w7': 0.357, 'w8': 0.977, 'max_depth': 10, 'min_child_weight': 2, 'subsample': 0.7, 'colsample_bytree': 0.8, 'gamma': 2.2}. Best is trial 848 with value: 0.6005661897687894.
[I 2023-10-13 05:21:52,345] Trial 1858 finished with value: 0.590204613679904 and parameters: {'w0': 0.387, 'w1': 0.837, 'w2': 0.306, 'w3': 0.618, 'w4': 0.908, 'w5': 0.196, 'w6': 0.896, 'w7': 0.375, 'w8': 0.969, 'max_depth': 10, 'min_child_weight': 2, 'subsample': 0.7, 'colsample_bytree': 0.8, 'gamma': 2.2}. Best is trial 848 with value: 0.6005661897687894.
[I 2023-10-13 05:23:41,336] Trial 1860 finished with value: 0.5988600414943507 and parameters: {'w0': 0.38, 'w1': 0.839, 'w2': 0.303, 'w3': 0.625, 'w4': 0.911, 'w5': 0.193, 'w6': 0.902, 'w7': 0.294, 'w8': 0.983, 'max_depth': 10, 'min_child_weight': 2, 'subsample': 0.7, 'colsample_bytree': 0.8, 'gamma': 2.2}. Best is trial 848 with value: 0.6005661897687894.
[I 2023-10-13 05:23:53,276] Trial 1859 finished with value: 0.5894746426427008 and parameters: {'w0': 0.43, 'w1': 0.838, 'w2': 0.301, 'w3': 0.612, 'w4': 0.91, 'w5': 0.197, 'w6': 0.901, 'w7': 0.371, 'w8': 0.98, 'max_depth': 10, 'min_child_weight': 2, 'subsample': 0.7, 'colsample_bytree': 0.8, 'gamma': 2.2}. Best is trial 848 with value: 0.6005661897687894.
[I 2023-10-13 05:24:00,892] Trial 1862 finished with value: 0.5722865138079591 and parameters: {'w0': 0.433, 'w1': 0.841, 'w2': 0.233, 'w3': 0.5630000000000001, 'w4': 0.909, 'w5': 0.185, 'w6': 0.904, 'w7': 0.367, 'w8': 0.992, 'max_depth': 10, 'min_child_weight': 2, 'subsample': 0.7, 'colsample_bytree': 0.8, 'gamma': 2.6}. Best is trial 848 with value: 0.6005661897687894.
[I 2023-10-13 05:24:28,381] Trial 1863 finished with value: 0.5906245037717175 and parameters: {'w0': 0.426, 'w1': 0.834, 'w2': 0.305, 'w3': 0.622, 'w4': 0.9460000000000001, 'w5': 0.191, 'w6': 0.85, 'w7': 0.362, 'w8': 0.977, 'max_depth': 10, 'min_child_weight': 2, 'subsample': 0.7, 'colsample_bytree': 0.8, 'gamma': 2.6}. Best is trial 848 with value: 0.6005661897687894.
[I 2023-10-13 05:25:06,475] Trial 1861 finished with value: 0.5895291599416133 and parameters: {'w0': 0.431, 'w1': 0.837, 'w2': 0.303, 'w3': 0.616, 'w4': 0.912, 'w5': 0.189, 'w6': 0.899, 'w7': 0.356, 'w8': 0.967, 'max_depth': 10, 'min_child_weight': 2, 'subsample': 0.7, 'colsample_bytree': 0.8, 'gamma': 2.2}. Best is trial 848 with value: 0.6005661897687894.
[I 2023-10-13 05:25:39,955] Trial 1865 finished with value: 0.5938981274909781 and parameters: {'w0': 0.43, 'w1': 0.835, 'w2': 0.302, 'w3': 0.5720000000000001, 'w4': 0.903, 'w5': 0.197, 'w6': 0.8140000000000001, 'w7': 0.314, 'w8': 0.991, 'max_depth': 10, 'min_child_weight': 2, 'subsample': 0.7, 'colsample_bytree': 0.8, 'gamma': 2.6}. Best is trial 848 with value: 0.6005661897687894.
[I 2023-10-13 05:25:53,416] Trial 1864 finished with value: 0.5828260226440214 and parameters: {'w0': 0.436, 'w1': 0.847, 'w2': 0.608, 'w3': 0.621, 'w4': 0.909, 'w5': 0.196, 'w6': 0.855, 'w7': 0.31, 'w8': 0.967, 'max_depth': 10, 'min_child_weight': 2, 'subsample': 0.7, 'colsample_bytree': 0.8, 'gamma': 2.6}. Best is trial 848 with value: 0.6005661897687894.
[I 2023-10-13 05:26:44,510] Trial 1866 finished with value: 0.584055522662981 and parameters: {'w0': 0.43, 'w1': 0.834, 'w2': 0.302, 'w3': 0.5730000000000001, 'w4': 0.91, 'w5': 0.185, 'w6': 0.21, 'w7': 0.31, 'w8': 0.98, 'max_depth': 10, 'min_child_weight': 2, 'subsample': 0.7, 'colsample_bytree': 0.8, 'gamma': 2.6}. Best is trial 848 with value: 0.6005661897687894.
[I 2023-10-13 05:28:53,713] Trial 1871 finished with value: 0.5585872638605438 and parameters: {'w0': 0.424, 'w1': 0.8330000000000001, 'w2': 0.234, 'w3': 0.5770000000000001, 'w4': 0.913, 'w5': 0.184, 'w6': 0.9460000000000001, 'w7': 0.312, 'w8': 0.977, 'max_depth': 10, 'min_child_weight': 2, 'subsample': 0.7, 'colsample_bytree': 0.8, 'gamma': 7.2}. Best is trial 848 with value: 0.6005661897687894.
[I 2023-10-13 05:30:21,571] Trial 1869 finished with value: 0.5344916093860025 and parameters: {'w0': 0.427, 'w1': 0.834, 'w2': 0.026000000000000002, 'w3': 0.5750000000000001, 'w4': 0.911, 'w5': 0.186, 'w6': 0.854, 'w7': 0.11800000000000001, 'w8': 0.968, 'max_depth': 10, 'min_child_weight': 2, 'subsample': 0.7, 'colsample_bytree': 0.8, 'gamma': 2.6}. Best is trial 848 with value: 0.6005661897687894.
[I 2023-10-13 05:30:54,006] Trial 1868 finished with value: 0.5753758634826912 and parameters: {'w0': 0.439, 'w1': 0.837, 'w2': 0.303, 'w3': 0.5690000000000001, 'w4': 0.123, 'w5': 0.15, 'w6': 0.8180000000000001, 'w7': 0.297, 'w8': 0.972, 'max_depth': 10, 'min_child_weight': 2, 'subsample': 0.7, 'colsample_bytree': 0.8, 'gamma': 2.6}. Best is trial 848 with value: 0.6005661897687894.
[I 2023-10-13 05:31:04,393] Trial 1867 finished with value: 0.5954988492668034 and parameters: {'w0': 0.432, 'w1': 0.834, 'w2': 0.305, 'w3': 0.5650000000000001, 'w4': 0.626, 'w5': 0.192, 'w6': 0.9390000000000001, 'w7': 0.314, 'w8': 0.982, 'max_depth': 10, 'min_child_weight': 2, 'subsample': 0.7, 'colsample_bytree': 0.8, 'gamma': 2.6}. Best is trial 848 with value: 0.6005661897687894.
[I 2023-10-13 05:31:48,755] Trial 1870 finished with value: 0.5879702882914322 and parameters: {'w0': 0.43, 'w1': 0.8320000000000001, 'w2': 0.23900000000000002, 'w3': 0.621, 'w4': 0.906, 'w5': 0.147, 'w6': 0.805, 'w7': 0.293, 'w8': 0.975, 'max_depth': 10, 'min_child_weight': 2, 'subsample': 0.7, 'colsample_bytree': 0.8, 'gamma': 2.6}. Best is trial 848 with value: 0.6005661897687894.
[I 2023-10-13 05:32:52,313] Trial 1872 finished with value: 0.5793297194139582 and parameters: {'w0': 0.439, 'w1': 0.843, 'w2': 0.23500000000000001, 'w3': 0.578, 'w4': 0.907, 'w5': 0.15, 'w6': 0.319, 'w7': 0.295, 'w8': 0.971, 'max_depth': 10, 'min_child_weight': 2, 'subsample': 0.7, 'colsample_bytree': 0.8, 'gamma': 2.6}. Best is trial 848 with value: 0.6005661897687894.
[I 2023-10-13 05:34:22,631] Trial 1874 finished with value: 0.5792578504361657 and parameters: {'w0': 0.426, 'w1': 0.834, 'w2': 0.341, 'w3': 0.5680000000000001, 'w4': 0.902, 'w5': 0.15, 'w6': 0.937, 'w7': 0.171, 'w8': 0.967, 'max_depth': 10, 'min_child_weight': 2, 'subsample': 0.7, 'colsample_bytree': 0.8, 'gamma': 2.6}. Best is trial 848 with value: 0.6005661897687894.
[I 2023-10-13 05:34:37,796] Trial 1873 finished with value: 0.5851630098144932 and parameters: {'w0': 0.43, 'w1': 0.8330000000000001, 'w2': 0.23800000000000002, 'w3': 0.649, 'w4': 0.904, 'w5': 0.152, 'w6': 0.9400000000000001, 'w7': 0.316, 'w8': 0.9540000000000001, 'max_depth': 10, 'min_child_weight': 2, 'subsample': 0.7, 'colsample_bytree': 0.8, 'gamma': 2.6}. Best is trial 848 with value: 0.6005661897687894.
[I 2023-10-13 05:36:10,228] Trial 1875 finished with value: 0.5892822644943526 and parameters: {'w0': 0.437, 'w1': 0.8290000000000001, 'w2': 0.23800000000000002, 'w3': 0.5750000000000001, 'w4': 0.906, 'w5': 0.181, 'w6': 0.853, 'w7': 0.291, 'w8': 0.975, 'max_depth': 10, 'min_child_weight': 2, 'subsample': 0.7, 'colsample_bytree': 0.8, 'gamma': 2.6}. Best is trial 848 with value: 0.6005661897687894.
[I 2023-10-13 05:36:34,849] Trial 1877 finished with value: 0.5670138596532912 and parameters: {'w0': 0.436, 'w1': 0.41400000000000003, 'w2': 0.242, 'w3': 0.5630000000000001, 'w4': 0.903, 'w5': 0.878, 'w6': 0.853, 'w7': 0.14200000000000002, 'w8': 0.9550000000000001, 'max_depth': 10, 'min_child_weight': 2, 'subsample': 0.7, 'colsample_bytree': 0.8, 'gamma': 2.6}. Best is trial 848 with value: 0.6005661897687894.
[I 2023-10-13 05:36:56,904] Trial 1876 finished with value: 0.5908013778501718 and parameters: {'w0': 0.426, 'w1': 0.8300000000000001, 'w2': 0.241, 'w3': 0.5650000000000001, 'w4': 0.907, 'w5': 0.185, 'w6': 0.907, 'w7': 0.292, 'w8': 0.963, 'max_depth': 10, 'min_child_weight': 2, 'subsample': 0.7, 'colsample_bytree': 0.8, 'gamma': 2.4000000000000004}. Best is trial 848 with value: 0.6005661897687894.
[I 2023-10-13 05:37:42,106] Trial 1878 finished with value: 0.5805700194065704 and parameters: {'w0': 0.426, 'w1': 0.8290000000000001, 'w2': 0.603, 'w3': 0.581, 'w4': 0.908, 'w5': 0.184, 'w6': 0.84, 'w7': 0.291, 'w8': 0.9590000000000001, 'max_depth': 10, 'min_child_weight': 2, 'subsample': 0.7, 'colsample_bytree': 0.8, 'gamma': 2.6}. Best is trial 848 with value: 0.6005661897687894.
[I 2023-10-13 05:37:43,653] Trial 1879 finished with value: 0.5877692181296263 and parameters: {'w0': 0.436, 'w1': 0.8280000000000001, 'w2': 0.34600000000000003, 'w3': 0.623, 'w4': 0.372, 'w5': 0.181, 'w6': 0.914, 'w7': 0.28900000000000003, 'w8': 0.9560000000000001, 'max_depth': 10, 'min_child_weight': 2, 'subsample': 0.7, 'colsample_bytree': 0.8, 'gamma': 2.6}. Best is trial 848 with value: 0.6005661897687894.
[I 2023-10-13 05:38:16,919] Trial 1881 finished with value: 0.5882110234015954 and parameters: {'w0': 0.404, 'w1': 0.8280000000000001, 'w2': 0.244, 'w3': 0.228, 'w4': 0.906, 'w5': 0.162, 'w6': 0.846, 'w7': 0.293, 'w8': 0.9530000000000001, 'max_depth': 10, 'min_child_weight': 2, 'subsample': 0.7, 'colsample_bytree': 0.8, 'gamma': 2.6}. Best is trial 848 with value: 0.6005661897687894.
[I 2023-10-13 05:38:38,710] Trial 1880 finished with value: 0.5869755617195535 and parameters: {'w0': 0.426, 'w1': 0.8190000000000001, 'w2': 0.23700000000000002, 'w3': 0.578, 'w4': 0.908, 'w5': 0.179, 'w6': 0.851, 'w7': 0.28900000000000003, 'w8': 0.964, 'max_depth': 10, 'min_child_weight': 2, 'subsample': 0.7, 'colsample_bytree': 0.8, 'gamma': 2.4000000000000004}. Best is trial 848 with value: 0.6005661897687894.
[I 2023-10-13 05:39:36,445] Trial 1882 finished with value: 0.6001121961564306 and parameters: {'w0': 0.456, 'w1': 0.8200000000000001, 'w2': 0.333, 'w3': 0.5740000000000001, 'w4': 0.906, 'w5': 0.17200000000000001, 'w6': 0.855, 'w7': 0.294, 'w8': 0.9460000000000001, 'max_depth': 10, 'min_child_weight': 2, 'subsample': 0.7, 'colsample_bytree': 0.8, 'gamma': 2.6}. Best is trial 848 with value: 0.6005661897687894.
[I 2023-10-13 05:41:58,707] Trial 1883 finished with value: 0.594503954672726 and parameters: {'w0': 0.403, 'w1': 0.8250000000000001, 'w2': 0.336, 'w3': 0.5680000000000001, 'w4': 0.9, 'w5': 0.17200000000000001, 'w6': 0.859, 'w7': 0.28900000000000003, 'w8': 0.9560000000000001, 'max_depth': 10, 'min_child_weight': 2, 'subsample': 0.7, 'colsample_bytree': 0.8, 'gamma': 2.4000000000000004}. Best is trial 848 with value: 0.6005661897687894.
[I 2023-10-13 05:43:21,259] Trial 1884 finished with value: 0.5944446534795105 and parameters: {'w0': 0.454, 'w1': 0.855, 'w2': 0.335, 'w3': 0.58, 'w4': 0.9530000000000001, 'w5': 0.168, 'w6': 0.805, 'w7': 0.28800000000000003, 'w8': 0.9450000000000001, 'max_depth': 10, 'min_child_weight': 2, 'subsample': 0.7, 'colsample_bytree': 0.8, 'gamma': 2.4000000000000004}. Best is trial 848 with value: 0.6005661897687894.
[I 2023-10-13 05:43:50,142] Trial 1885 finished with value: 0.5865798920115775 and parameters: {'w0': 0.399, 'w1': 0.8180000000000001, 'w2': 0.242, 'w3': 0.579, 'w4': 0.903, 'w5': 0.247, 'w6': 0.91, 'w7': 0.28900000000000003, 'w8': 0.9560000000000001, 'max_depth': 10, 'min_child_weight': 2, 'subsample': 0.7, 'colsample_bytree': 0.8, 'gamma': 2.4000000000000004}. Best is trial 848 with value: 0.6005661897687894.
[I 2023-10-13 05:44:10,689] Trial 1886 finished with value: 0.5933506568204057 and parameters: {'w0': 0.458, 'w1': 0.81, 'w2': 0.34, 'w3': 0.5730000000000001, 'w4': 0.9530000000000001, 'w5': 0.253, 'w6': 0.862, 'w7': 0.28900000000000003, 'w8': 0.9510000000000001, 'max_depth': 10, 'min_child_weight': 2, 'subsample': 0.7, 'colsample_bytree': 0.8, 'gamma': 2.4000000000000004}. Best is trial 848 with value: 0.6005661897687894.
[I 2023-10-13 05:44:56,490] Trial 1887 finished with value: 0.5970164143747919 and parameters: {'w0': 0.404, 'w1': 0.808, 'w2': 0.336, 'w3': 0.5770000000000001, 'w4': 0.9510000000000001, 'w5': 0.17200000000000001, 'w6': 0.869, 'w7': 0.291, 'w8': 0.9510000000000001, 'max_depth': 10, 'min_child_weight': 2, 'subsample': 0.7, 'colsample_bytree': 0.8, 'gamma': 2.4000000000000004}. Best is trial 848 with value: 0.6005661897687894.
[I 2023-10-13 05:45:29,516] Trial 1890 finished with value: 0.568498840979459 and parameters: {'w0': 0.366, 'w1': 0.8130000000000001, 'w2': 0.153, 'w3': 0.646, 'w4': 0.9510000000000001, 'w5': 0.256, 'w6': 0.86, 'w7': 0.28900000000000003, 'w8': 0.9480000000000001, 'max_depth': 10, 'min_child_weight': 2, 'subsample': 1.0, 'colsample_bytree': 0.8, 'gamma': 1.6}. Best is trial 848 with value: 0.6005661897687894.
[I 2023-10-13 05:45:32,491] Trial 1888 finished with value: 0.5775804179027773 and parameters: {'w0': 0.459, 'w1': 0.806, 'w2': 0.336, 'w3': 0.649, 'w4': 0.899, 'w5': 0.252, 'w6': 0.85, 'w7': 0.17300000000000001, 'w8': 0.9460000000000001, 'max_depth': 10, 'min_child_weight': 2, 'subsample': 0.7, 'colsample_bytree': 0.8, 'gamma': 2.4000000000000004}. Best is trial 848 with value: 0.6005661897687894.
[I 2023-10-13 05:48:09,279] Trial 1895 finished with value: 0.5726066463835333 and parameters: {'w0': 0.403, 'w1': 0.804, 'w2': 0.334, 'w3': 0.647, 'w4': 0.9510000000000001, 'w5': 0.258, 'w6': 0.874, 'w7': 0.17400000000000002, 'w8': 0.9490000000000001, 'max_depth': 10, 'min_child_weight': 2, 'subsample': 1.0, 'colsample_bytree': 0.8, 'gamma': 2.4000000000000004}. Best is trial 848 with value: 0.6005661897687894.
[I 2023-10-13 05:50:25,995] Trial 1889 finished with value: 0.5934175421448765 and parameters: {'w0': 0.462, 'w1': 0.804, 'w2': 0.337, 'w3': 0.644, 'w4': 0.9490000000000001, 'w5': 0.249, 'w6': 0.503, 'w7': 0.28500000000000003, 'w8': 0.9570000000000001, 'max_depth': 10, 'min_child_weight': 2, 'subsample': 0.7, 'colsample_bytree': 0.8, 'gamma': 1.6}. Best is trial 848 with value: 0.6005661897687894.
[I 2023-10-13 05:50:28,279] Trial 1893 finished with value: 0.5922593305426673 and parameters: {'w0': 0.459, 'w1': 0.809, 'w2': 0.339, 'w3': 0.627, 'w4': 0.9520000000000001, 'w5': 0.251, 'w6': 0.863, 'w7': 0.295, 'w8': 0.9550000000000001, 'max_depth': 10, 'min_child_weight': 2, 'subsample': 0.7, 'colsample_bytree': 0.8, 'gamma': 2.4000000000000004}. Best is trial 848 with value: 0.6005661897687894.
[I 2023-10-13 05:51:17,642] Trial 1897 finished with value: 0.5828053118280019 and parameters: {'w0': 0.457, 'w1': 0.88, 'w2': 0.333, 'w3': 0.626, 'w4': 0.9530000000000001, 'w5': 0.255, 'w6': 0.509, 'w7': 0.26, 'w8': 0.9580000000000001, 'max_depth': 10, 'min_child_weight': 0, 'subsample': 1.0, 'colsample_bytree': 0.8, 'gamma': 1.6}. Best is trial 848 with value: 0.6005661897687894.
