[I 2023-10-13 08:34:31,798] Trial 63 finished with value: 0.49156575248228446 and parameters: {'w0': 0.877, 'w1': 0.661, 'w2': 0.662, 'w3': 0.6910000000000001, 'w4': 0.799, 'w5': 0.257, 'w6': 0.6, 'w7': 0.63, 'w8': 0.6900000000000001, 'max_depth': 8, 'min_child_weight': 8, 'subsample': 0.4, 'colsample_bytree': 0.8, 'gamma': 2.0}. Best is trial 63 with value: 0.49156575248228446.
[I 2023-10-13 08:34:41,635] Trial 58 finished with value: 0.4861838454075508 and parameters: {'w0': 0.803, 'w1': 0.543, 'w2': 0.631, 'w3': 0.893, 'w4': 0.862, 'w5': 0.291, 'w6': 0.526, 'w7': 0.849, 'w8': 0.846, 'max_depth': 8, 'min_child_weight': 8, 'subsample': 0.7, 'colsample_bytree': 0.9000000000000001, 'gamma': 0.0}. Best is trial 63 with value: 0.49156575248228446.
[I 2023-10-13 08:35:17,869] Trial 62 finished with value: 0.4870442313818968 and parameters: {'w0': 0.845, 'w1': 0.6880000000000001, 'w2': 0.654, 'w3': 0.8240000000000001, 'w4': 0.787, 'w5': 0.255, 'w6': 0.604, 'w7': 0.639, 'w8': 0.6910000000000001, 'max_depth': 8, 'min_child_weight': 6, 'subsample': 0.30000000000000004, 'colsample_bytree': 0.8, 'gamma': 1.8}. Best is trial 63 with value: 0.49156575248228446.
[I 2023-10-13 08:35:56,964] Trial 69 finished with value: 0.47975421914014876 and parameters: {'w0': 0.901, 'w1': 0.707, 'w2': 0.532, 'w3': 0.9430000000000001, 'w4': 0.766, 'w5': 0.217, 'w6': 0.45, 'w7': 0.626, 'w8': 0.78, 'max_depth': 8, 'min_child_weight': 8, 'subsample': 0.9000000000000001, 'colsample_bytree': 0.8, 'gamma': 1.8}. Best is trial 63 with value: 0.49156575248228446.
[I 2023-10-13 08:36:20,398] Trial 68 finished with value: 0.47456432620460415 and parameters: {'w0': 0.877, 'w1': 0.6970000000000001, 'w2': 0.524, 'w3': 0.935, 'w4': 0.993, 'w5': 0.232, 'w6': 0.612, 'w7': 0.787, 'w8': 0.8130000000000001, 'max_depth': 8, 'min_child_weight': 8, 'subsample': 0.9000000000000001, 'colsample_bytree': 0.8, 'gamma': 1.6}. Best is trial 63 with value: 0.49156575248228446.
[I 2023-10-13 08:40:45,193] Trial 64 finished with value: 0.4880778734883997 and parameters: {'w0': 0.871, 'w1': 0.635, 'w2': 0.668, 'w3': 0.5760000000000001, 'w4': 0.794, 'w5': 0.258, 'w6': 0.601, 'w7': 0.623, 'w8': 0.6920000000000001, 'max_depth': 8, 'min_child_weight': 8, 'subsample': 0.4, 'colsample_bytree': 0.8, 'gamma': 2.0}. Best is trial 63 with value: 0.49156575248228446.
[I 2023-10-13 08:40:53,729] Trial 65 finished with value: 0.4854534395538049 and parameters: {'w0': 0.879, 'w1': 0.649, 'w2': 0.523, 'w3': 0.5640000000000001, 'w4': 0.795, 'w5': 0.233, 'w6': 0.453, 'w7': 0.621, 'w8': 0.79, 'max_depth': 8, 'min_child_weight': 8, 'subsample': 0.4, 'colsample_bytree': 0.8, 'gamma': 1.8}. Best is trial 63 with value: 0.49156575248228446.
[I 2023-10-13 08:42:22,114] Trial 66 finished with value: 0.48463631271765895 and parameters: {'w0': 0.894, 'w1': 0.651, 'w2': 0.536, 'w3': 0.9410000000000001, 'w4': 0.793, 'w5': 0.23600000000000002, 'w6': 0.613, 'w7': 0.775, 'w8': 0.8150000000000001, 'max_depth': 8, 'min_child_weight': 8, 'subsample': 0.6000000000000001, 'colsample_bytree': 0.8, 'gamma': 1.8}. Best is trial 63 with value: 0.49156575248228446.
[I 2023-10-13 08:43:08,291] Trial 67 finished with value: 0.4866587075621062 and parameters: {'w0': 0.888, 'w1': 0.67, 'w2': 0.523, 'w3': 0.937, 'w4': 0.794, 'w5': 0.228, 'w6': 0.454, 'w7': 0.792, 'w8': 0.807, 'max_depth': 8, 'min_child_weight': 8, 'subsample': 0.6000000000000001, 'colsample_bytree': 0.8, 'gamma': 1.6}. Best is trial 63 with value: 0.49156575248228446.
[I 2023-10-13 08:49:04,126] Trial 70 finished with value: 0.48551458088407146 and parameters: {'w0': 0.873, 'w1': 0.668, 'w2': 0.533, 'w3': 0.9380000000000001, 'w4': 0.995, 'w5': 0.192, 'w6': 0.616, 'w7': 0.779, 'w8': 0.796, 'max_depth': 8, 'min_child_weight': 6, 'subsample': 0.4, 'colsample_bytree': 0.8, 'gamma': 1.6}. Best is trial 63 with value: 0.49156575248228446.
[I 2023-10-13 08:49:31,444] Trial 71 finished with value: 0.4918274393363752 and parameters: {'w0': 0.88, 'w1': 0.681, 'w2': 0.528, 'w3': 0.9450000000000001, 'w4': 1.0, 'w5': 0.23, 'w6': 0.61, 'w7': 0.625, 'w8': 0.801, 'max_depth': 8, 'min_child_weight': 2, 'subsample': 0.4, 'colsample_bytree': 0.8, 'gamma': 1.8}. Best is trial 71 with value: 0.4918274393363752.
[I 2023-10-13 08:50:56,686] Trial 72 finished with value: 0.49236297742358187 and parameters: {'w0': 0.884, 'w1': 0.7020000000000001, 'w2': 0.528, 'w3': 0.8180000000000001, 'w4': 0.983, 'w5': 0.23700000000000002, 'w6': 0.612, 'w7': 0.613, 'w8': 0.8, 'max_depth': 8, 'min_child_weight': 10, 'subsample': 0.4, 'colsample_bytree': 0.8, 'gamma': 1.6}. Best is trial 72 with value: 0.49236297742358187.
[I 2023-10-13 08:51:19,946] Trial 74 finished with value: 0.485641571389341 and parameters: {'w0': 0.879, 'w1': 0.677, 'w2': 0.734, 'w3': 0.9430000000000001, 'w4': 0.994, 'w5': 0.218, 'w6': 0.47000000000000003, 'w7': 0.632, 'w8': 0.646, 'max_depth': 8, 'min_child_weight': 10, 'subsample': 0.4, 'colsample_bytree': 0.8, 'gamma': 1.4000000000000001}. Best is trial 72 with value: 0.49236297742358187.
[I 2023-10-13 08:52:23,374] Trial 75 finished with value: 0.48913507346849006 and parameters: {'w0': 0.89, 'w1': 0.677, 'w2': 0.735, 'w3': 0.967, 'w4': 0.988, 'w5': 0.23600000000000002, 'w6': 0.456, 'w7': 0.617, 'w8': 0.794, 'max_depth': 8, 'min_child_weight': 10, 'subsample': 0.4, 'colsample_bytree': 0.8, 'gamma': 1.6}. Best is trial 72 with value: 0.49236297742358187.
[I 2023-10-13 08:52:47,336] Trial 73 finished with value: 0.4828211303018102 and parameters: {'w0': 0.879, 'w1': 0.7020000000000001, 'w2': 0.528, 'w3': 0.9480000000000001, 'w4': 0.995, 'w5': 0.21, 'w6': 0.445, 'w7': 0.773, 'w8': 0.784, 'max_depth': 8, 'min_child_weight': 6, 'subsample': 0.4, 'colsample_bytree': 0.8, 'gamma': 1.4000000000000001}. Best is trial 72 with value: 0.49236297742358187.
[I 2023-10-13 08:56:32,555] Trial 76 finished with value: 0.4872992770829315 and parameters: {'w0': 0.872, 'w1': 0.675, 'w2': 0.724, 'w3': 0.9460000000000001, 'w4': 0.774, 'w5': 0.225, 'w6': 0.437, 'w7': 0.632, 'w8': 0.5690000000000001, 'max_depth': 8, 'min_child_weight': 10, 'subsample': 0.6000000000000001, 'colsample_bytree': 0.8, 'gamma': 1.6}. Best is trial 72 with value: 0.49236297742358187.
[I 2023-10-13 08:57:32,874] Trial 78 finished with value: 0.48473967471887974 and parameters: {'w0': 0.885, 'w1': 0.673, 'w2': 0.751, 'w3': 0.9480000000000001, 'w4': 0.97, 'w5': 0.233, 'w6': 0.451, 'w7': 0.628, 'w8': 0.5740000000000001, 'max_depth': 8, 'min_child_weight': 10, 'subsample': 0.6000000000000001, 'colsample_bytree': 0.8, 'gamma': 1.6}. Best is trial 72 with value: 0.49236297742358187.
[I 2023-10-13 08:57:50,447] Trial 77 finished with value: 0.484901504377913 and parameters: {'w0': 0.892, 'w1': 0.6940000000000001, 'w2': 0.731, 'w3': 0.9470000000000001, 'w4': 0.769, 'w5': 0.222, 'w6': 0.451, 'w7': 0.626, 'w8': 0.586, 'max_depth': 8, 'min_child_weight': 10, 'subsample': 0.6000000000000001, 'colsample_bytree': 0.8, 'gamma': 1.6}. Best is trial 72 with value: 0.49236297742358187.
[I 2023-10-13 08:58:13,894] Trial 79 finished with value: 0.4918211231129044 and parameters: {'w0': 0.907, 'w1': 0.72, 'w2': 0.729, 'w3': 0.6950000000000001, 'w4': 0.992, 'w5': 0.191, 'w6': 0.454, 'w7': 0.544, 'w8': 0.586, 'max_depth': 8, 'min_child_weight': 10, 'subsample': 0.6000000000000001, 'colsample_bytree': 0.8, 'gamma': 1.4000000000000001}. Best is trial 72 with value: 0.49236297742358187.
[I 2023-10-13 09:00:27,947] Trial 80 finished with value: 0.48804087165858423 and parameters: {'w0': 0.88, 'w1': 0.81, 'w2': 0.725, 'w3': 0.6930000000000001, 'w4': 0.981, 'w5': 0.14100000000000001, 'w6': 0.49, 'w7': 0.779, 'w8': 0.618, 'max_depth': 8, 'min_child_weight': 10, 'subsample': 0.6000000000000001, 'colsample_bytree': 0.8, 'gamma': 1.4000000000000001}. Best is trial 72 with value: 0.49236297742358187.
[I 2023-10-13 09:03:04,257] Trial 81 finished with value: 0.49374448181606195 and parameters: {'w0': 0.999, 'w1': 0.64, 'w2': 0.725, 'w3': 0.996, 'w4': 0.9580000000000001, 'w5': 0.546, 'w6': 0.636, 'w7': 0.532, 'w8': 0.587, 'max_depth': 8, 'min_child_weight': 6, 'subsample': 0.6000000000000001, 'colsample_bytree': 0.8, 'gamma': 1.0}. Best is trial 81 with value: 0.49374448181606195.
[I 2023-10-13 09:04:44,296] Trial 87 finished with value: 0.47994404325618717 and parameters: {'w0': 0.978, 'w1': 0.8160000000000001, 'w2': 0.724, 'w3': 0.992, 'w4': 0.9590000000000001, 'w5': 0.163, 'w6': 0.684, 'w7': 0.534, 'w8': 0.584, 'max_depth': 9, 'min_child_weight': 10, 'subsample': 0.5, 'colsample_bytree': 0.7, 'gamma': 3.6}. Best is trial 81 with value: 0.49374448181606195.
[I 2023-10-13 09:05:36,632] Trial 83 finished with value: 0.49211030672664896 and parameters: {'w0': 0.726, 'w1': 0.513, 'w2': 0.713, 'w3': 0.6980000000000001, 'w4': 0.898, 'w5': 0.526, 'w6': 0.494, 'w7': 0.541, 'w8': 0.56, 'max_depth': 9, 'min_child_weight': 10, 'subsample': 0.6000000000000001, 'colsample_bytree': 0.7, 'gamma': 1.2000000000000002}. Best is trial 81 with value: 0.49374448181606195.
[I 2023-10-13 09:06:27,641] Trial 82 finished with value: 0.4922629746395105 and parameters: {'w0': 0.989, 'w1': 0.809, 'w2': 0.729, 'w3': 0.972, 'w4': 0.903, 'w5': 0.14300000000000002, 'w6': 0.6930000000000001, 'w7': 0.515, 'w8': 0.5660000000000001, 'max_depth': 9, 'min_child_weight': 10, 'subsample': 0.6000000000000001, 'colsample_bytree': 0.7, 'gamma': 1.2000000000000002}. Best is trial 81 with value: 0.49374448181606195.
[I 2023-10-13 09:08:03,513] Trial 84 finished with value: 0.4933999441318861 and parameters: {'w0': 0.981, 'w1': 0.8, 'w2': 0.722, 'w3': 0.7010000000000001, 'w4': 0.961, 'w5': 0.133, 'w6': 0.6890000000000001, 'w7': 0.542, 'w8': 0.5750000000000001, 'max_depth': 9, 'min_child_weight': 10, 'subsample': 0.6000000000000001, 'colsample_bytree': 0.7, 'gamma': 1.0}. Best is trial 81 with value: 0.49374448181606195.
[I 2023-10-13 09:09:19,256] Trial 85 finished with value: 0.4880901714627628 and parameters: {'w0': 0.9530000000000001, 'w1': 0.793, 'w2': 0.733, 'w3': 0.999, 'w4': 0.9560000000000001, 'w5': 0.163, 'w6': 0.6910000000000001, 'w7': 0.533, 'w8': 0.58, 'max_depth': 9, 'min_child_weight': 10, 'subsample': 0.5, 'colsample_bytree': 0.7, 'gamma': 1.0}. Best is trial 81 with value: 0.49374448181606195.
[I 2023-10-13 09:15:20,421] Trial 86 finished with value: 0.4906403628406437 and parameters: {'w0': 0.999, 'w1': 0.806, 'w2': 0.719, 'w3': 0.6950000000000001, 'w4': 0.905, 'w5': 0.146, 'w6': 0.489, 'w7': 0.515, 'w8': 0.5730000000000001, 'max_depth': 9, 'min_child_weight': 10, 'subsample': 0.5, 'colsample_bytree': 0.7, 'gamma': 1.0}. Best is trial 81 with value: 0.49374448181606195.
[I 2023-10-13 09:16:24,527] Trial 88 finished with value: 0.48528777979675564 and parameters: {'w0': 0.971, 'w1': 0.805, 'w2': 0.729, 'w3': 0.7000000000000001, 'w4': 0.9600000000000001, 'w5': 0.133, 'w6': 0.492, 'w7': 0.524, 'w8': 0.585, 'max_depth': 9, 'min_child_weight': 10, 'subsample': 0.4, 'colsample_bytree': 0.7, 'gamma': 1.0}. Best is trial 81 with value: 0.49374448181606195.
[I 2023-10-13 09:17:38,580] Trial 89 finished with value: 0.490843166357759 and parameters: {'w0': 0.993, 'w1': 0.728, 'w2': 0.58, 'w3': 0.994, 'w4': 0.898, 'w5': 0.151, 'w6': 0.6950000000000001, 'w7': 0.558, 'w8': 0.585, 'max_depth': 9, 'min_child_weight': 10, 'subsample': 0.5, 'colsample_bytree': 0.7, 'gamma': 0.8}. Best is trial 81 with value: 0.49374448181606195.
[I 2023-10-13 09:17:39,533] Trial 90 finished with value: 0.48687053692702226 and parameters: {'w0': 0.975, 'w1': 0.81, 'w2': 0.5770000000000001, 'w3': 0.6990000000000001, 'w4': 0.961, 'w5': 0.129, 'w6': 0.6890000000000001, 'w7': 0.525, 'w8': 0.56, 'max_depth': 9, 'min_child_weight': 10, 'subsample': 0.4, 'colsample_bytree': 0.7, 'gamma': 0.8}. Best is trial 81 with value: 0.49374448181606195.
[I 2023-10-13 09:19:27,865] Trial 91 finished with value: 0.49017934022564585 and parameters: {'w0': 0.996, 'w1': 0.803, 'w2': 0.772, 'w3': 0.991, 'w4': 0.9570000000000001, 'w5': 0.122, 'w6': 0.6880000000000001, 'w7': 0.523, 'w8': 0.59, 'max_depth': 9, 'min_child_weight': 10, 'subsample': 0.6000000000000001, 'colsample_bytree': 0.7, 'gamma': 0.8}. Best is trial 81 with value: 0.49374448181606195.
[I 2023-10-13 09:22:32,936] Trial 95 finished with value: 0.4879446926694574 and parameters: {'w0': 0.9570000000000001, 'w1': 0.792, 'w2': 0.581, 'w3': 0.681, 'w4': 0.902, 'w5': 0.149, 'w6': 0.672, 'w7': 0.525, 'w8': 0.742, 'max_depth': 9, 'min_child_weight': 12, 'subsample': 0.30000000000000004, 'colsample_bytree': 0.7, 'gamma': 0.8}. Best is trial 81 with value: 0.49374448181606195.
[I 2023-10-13 09:23:19,684] Trial 92 finished with value: 0.4918018798052714 and parameters: {'w0': 0.995, 'w1': 0.802, 'w2': 0.58, 'w3': 0.989, 'w4': 0.911, 'w5': 0.137, 'w6': 0.685, 'w7': 0.534, 'w8': 0.733, 'max_depth': 9, 'min_child_weight': 10, 'subsample': 0.5, 'colsample_bytree': 0.7, 'gamma': 1.0}. Best is trial 81 with value: 0.49374448181606195.
[I 2023-10-13 09:24:23,114] Trial 93 finished with value: 0.4913536431143395 and parameters: {'w0': 0.99, 'w1': 0.803, 'w2': 0.5700000000000001, 'w3': 0.986, 'w4': 0.907, 'w5': 0.137, 'w6': 0.6910000000000001, 'w7': 0.535, 'w8': 0.738, 'max_depth': 9, 'min_child_weight': 10, 'subsample': 0.5, 'colsample_bytree': 0.7, 'gamma': 1.0}. Best is trial 81 with value: 0.49374448181606195.
[I 2023-10-13 09:25:02,021] Trial 94 finished with value: 0.48823111327171737 and parameters: {'w0': 0.999, 'w1': 0.779, 'w2': 0.801, 'w3': 0.997, 'w4': 0.926, 'w5': 0.136, 'w6': 0.705, 'w7': 0.52, 'w8': 0.758, 'max_depth': 9, 'min_child_weight': 12, 'subsample': 0.5, 'colsample_bytree': 0.7, 'gamma': 0.8}. Best is trial 81 with value: 0.49374448181606195.
[I 2023-10-13 09:28:16,442] Trial 96 finished with value: 0.4906837038014765 and parameters: {'w0': 0.9540000000000001, 'w1': 0.793, 'w2': 0.795, 'w3': 0.994, 'w4': 0.909, 'w5': 0.36, 'w6': 0.676, 'w7': 0.528, 'w8': 0.754, 'max_depth': 9, 'min_child_weight': 12, 'subsample': 0.5, 'colsample_bytree': 0.7, 'gamma': 0.8}. Best is trial 81 with value: 0.49374448181606195.
[I 2023-10-13 09:29:39,652] Trial 97 finished with value: 0.48770507470210195 and parameters: {'w0': 0.9490000000000001, 'w1': 0.727, 'w2': 0.79, 'w3': 0.994, 'w4': 0.904, 'w5': 0.552, 'w6': 0.6900000000000001, 'w7': 0.546, 'w8': 0.745, 'max_depth': 9, 'min_child_weight': 12, 'subsample': 0.4, 'colsample_bytree': 0.7, 'gamma': 0.8}. Best is trial 81 with value: 0.49374448181606195.
[I 2023-10-13 09:30:55,430] Trial 99 finished with value: 0.48554272247504787 and parameters: {'w0': 0.931, 'w1': 0.734, 'w2': 0.806, 'w3': 0.8220000000000001, 'w4': 0.909, 'w5': 0.546, 'w6': 0.649, 'w7': 0.551, 'w8': 0.531, 'max_depth': 9, 'min_child_weight': 12, 'subsample': 0.4, 'colsample_bytree': 0.7, 'gamma': 0.8}. Best is trial 81 with value: 0.49374448181606195.
[I 2023-10-13 09:31:11,435] Trial 98 finished with value: 0.4890438123346423 and parameters: {'w0': 1.0, 'w1': 0.749, 'w2': 0.5760000000000001, 'w3': 0.8230000000000001, 'w4': 0.895, 'w5': 0.536, 'w6': 0.64, 'w7': 0.531, 'w8': 0.744, 'max_depth': 9, 'min_child_weight': 12, 'subsample': 0.4, 'colsample_bytree': 0.7, 'gamma': 1.0}. Best is trial 81 with value: 0.49374448181606195.
[I 2023-10-13 09:33:14,861] Trial 100 finished with value: 0.4830758181693203 and parameters: {'w0': 0.931, 'w1': 0.731, 'w2': 0.8240000000000001, 'w3': 0.671, 'w4': 0.905, 'w5': 0.562, 'w6': 0.71, 'w7': 0.535, 'w8': 0.525, 'max_depth': 9, 'min_child_weight': 12, 'subsample': 0.4, 'colsample_bytree': 0.7, 'gamma': 1.0}. Best is trial 81 with value: 0.49374448181606195.
[I 2023-10-13 09:33:34,513] Trial 101 finished with value: 0.48770725181732605 and parameters: {'w0': 0.998, 'w1': 0.737, 'w2': 0.8160000000000001, 'w3': 0.651, 'w4': 0.902, 'w5': 0.112, 'w6': 0.6960000000000001, 'w7': 0.533, 'w8': 0.503, 'max_depth': 9, 'min_child_weight': 12, 'subsample': 0.5, 'colsample_bytree': 0.7, 'gamma': 0.8}. Best is trial 81 with value: 0.49374448181606195.
[I 2023-10-13 09:35:52,869] Trial 102 finished with value: 0.48640696158281227 and parameters: {'w0': 0.987, 'w1': 0.732, 'w2': 0.8150000000000001, 'w3': 0.685, 'w4': 0.888, 'w5': 0.10400000000000001, 'w6': 0.774, 'w7': 0.58, 'w8': 0.53, 'max_depth': 9, 'min_child_weight': 12, 'subsample': 0.6000000000000001, 'colsample_bytree': 0.7, 'gamma': 0.6000000000000001}. Best is trial 81 with value: 0.49374448181606195.
[I 2023-10-13 09:41:42,617] Trial 103 finished with value: 0.49007392708859565 and parameters: {'w0': 0.991, 'w1': 0.746, 'w2': 0.8170000000000001, 'w3': 0.685, 'w4': 0.916, 'w5': 0.10300000000000001, 'w6': 0.643, 'w7': 0.5720000000000001, 'w8': 0.504, 'max_depth': 9, 'min_child_weight': 12, 'subsample': 0.6000000000000001, 'colsample_bytree': 0.7, 'gamma': 0.8}. Best is trial 81 with value: 0.49374448181606195.
[I 2023-10-13 09:42:10,755] Trial 106 finished with value: 0.473380286952492 and parameters: {'w0': 0.925, 'w1': 0.733, 'w2': 0.8150000000000001, 'w3': 0.628, 'w4': 0.901, 'w5': 0.024, 'w6': 0.754, 'w7': 0.5710000000000001, 'w8': 0.529, 'max_depth': 9, 'min_child_weight': 12, 'subsample': 0.6000000000000001, 'colsample_bytree': 0.6000000000000001, 'gamma': 0.8}. Best is trial 81 with value: 0.49374448181606195.
[I 2023-10-13 09:43:07,699] Trial 104 finished with value: 0.4855030913367009 and parameters: {'w0': 1.0, 'w1': 0.756, 'w2': 0.812, 'w3': 0.633, 'w4': 0.905, 'w5': 0.555, 'w6': 0.738, 'w7': 0.559, 'w8': 0.535, 'max_depth': 9, 'min_child_weight': 12, 'subsample': 0.6000000000000001, 'colsample_bytree': 0.6000000000000001, 'gamma': 0.8}. Best is trial 81 with value: 0.49374448181606195.
[I 2023-10-13 09:43:57,885] Trial 105 finished with value: 0.4837383645161083 and parameters: {'w0': 0.926, 'w1': 0.742, 'w2': 0.808, 'w3': 0.65, 'w4': 0.903, 'w5': 0.532, 'w6': 0.645, 'w7': 0.5760000000000001, 'w8': 0.519, 'max_depth': 9, 'min_child_weight': 12, 'subsample': 0.6000000000000001, 'colsample_bytree': 0.6000000000000001, 'gamma': 0.6000000000000001}. Best is trial 81 with value: 0.49374448181606195.
[I 2023-10-13 09:45:46,323] Trial 107 finished with value: 0.4888439898782435 and parameters: {'w0': 0.926, 'w1': 0.862, 'w2': 0.8260000000000001, 'w3': 0.641, 'w4': 0.919, 'w5': 0.531, 'w6': 0.641, 'w7': 0.58, 'w8': 0.511, 'max_depth': 9, 'min_child_weight': 12, 'subsample': 0.6000000000000001, 'colsample_bytree': 0.6000000000000001, 'gamma': 0.4}. Best is trial 81 with value: 0.49374448181606195.
[I 2023-10-13 09:50:47,901] Trial 108 finished with value: 0.48927436498615595 and parameters: {'w0': 0.927, 'w1': 0.739, 'w2': 0.784, 'w3': 0.638, 'w4': 0.925, 'w5': 0.547, 'w6': 0.81, 'w7': 0.578, 'w8': 0.519, 'max_depth': 10, 'min_child_weight': 12, 'subsample': 0.6000000000000001, 'colsample_bytree': 0.6000000000000001, 'gamma': 0.4}. Best is trial 81 with value: 0.49374448181606195.
[I 2023-10-13 09:50:49,853] Trial 109 finished with value: 0.4577204181333425 and parameters: {'w0': 0.927, 'w1': 0.729, 'w2': 0.8220000000000001, 'w3': 0.647, 'w4': 0.923, 'w5': 0.013000000000000001, 'w6': 0.754, 'w7': 0.5760000000000001, 'w8': 0.535, 'max_depth': 10, 'min_child_weight': 12, 'subsample': 0.6000000000000001, 'colsample_bytree': 0.6000000000000001, 'gamma': 0.4}. Best is trial 81 with value: 0.49374448181606195.
[I 2023-10-13 09:52:10,268] Trial 110 finished with value: 0.46841398601408013 and parameters: {'w0': 0.926, 'w1': 0.861, 'w2': 0.8220000000000001, 'w3': 0.649, 'w4': 0.928, 'w5': 0.018000000000000002, 'w6': 0.752, 'w7': 0.579, 'w8': 0.518, 'max_depth': 10, 'min_child_weight': 12, 'subsample': 0.6000000000000001, 'colsample_bytree': 0.6000000000000001, 'gamma': 0.4}. Best is trial 81 with value: 0.49374448181606195.
[I 2023-10-13 09:52:11,610] Trial 111 finished with value: 0.42830403495843505 and parameters: {'w0': 0.931, 'w1': 0.87, 'w2': 0.81, 'w3': 0.64, 'w4': 0.934, 'w5': 0.006, 'w6': 0.767, 'w7': 0.47900000000000004, 'w8': 0.529, 'max_depth': 10, 'min_child_weight': 12, 'subsample': 0.6000000000000001, 'colsample_bytree': 0.6000000000000001, 'gamma': 0.4}. Best is trial 81 with value: 0.49374448181606195.
[I 2023-10-13 09:56:33,217] Trial 113 finished with value: 0.48192923153064826 and parameters: {'w0': 0.934, 'w1': 0.856, 'w2': 0.881, 'w3': 0.657, 'w4': 0.932, 'w5': 0.589, 'w6': 0.778, 'w7': 0.584, 'w8': 0.52, 'max_depth': 10, 'min_child_weight': 14, 'subsample': 0.6000000000000001, 'colsample_bytree': 0.6000000000000001, 'gamma': 1.2000000000000002}. Best is trial 81 with value: 0.49374448181606195.
[I 2023-10-13 09:57:14,796] Trial 112 finished with value: 0.4853677649145043 and parameters: {'w0': 0.924, 'w1': 0.855, 'w2': 0.47400000000000003, 'w3': 0.521, 'w4': 0.928, 'w5': 0.581, 'w6': 0.738, 'w7': 0.5760000000000001, 'w8': 0.497, 'max_depth': 10, 'min_child_weight': 12, 'subsample': 0.6000000000000001, 'colsample_bytree': 0.6000000000000001, 'gamma': 0.4}. Best is trial 81 with value: 0.49374448181606195.
[I 2023-10-13 09:57:37,601] Trial 114 finished with value: 0.47593226699824814 and parameters: {'w0': 0.919, 'w1': 0.863, 'w2': 0.47100000000000003, 'w3': 0.63, 'w4': 0.932, 'w5': 0.032, 'w6': 0.769, 'w7': 0.584, 'w8': 0.491, 'max_depth': 10, 'min_child_weight': 14, 'subsample': 0.6000000000000001, 'colsample_bytree': 0.6000000000000001, 'gamma': 0.4}. Best is trial 81 with value: 0.49374448181606195.
[I 2023-10-13 09:58:35,769] Trial 115 finished with value: 0.46814513719183737 and parameters: {'w0': 0.912, 'w1': 0.884, 'w2': 0.47500000000000003, 'w3': 0.623, 'w4': 0.935, 'w5': 0.019000000000000003, 'w6': 0.765, 'w7': 0.586, 'w8': 0.511, 'max_depth': 10, 'min_child_weight': 14, 'subsample': 0.6000000000000001, 'colsample_bytree': 0.6000000000000001, 'gamma': 0.4}. Best is trial 81 with value: 0.49374448181606195.
