[I 2023-10-12 06:14:00,007] Trial 213 finished with value: 0.5805725525827081 and parameters: {'w0': 0.392, 'w1': 0.934, 'w2': 0.616, 'w3': 0.926, 'w4': 0.886, 'w5': 0.252, 'w6': 0.877, 'w7': 0.366, 'w8': 0.988, 'max_depth': 6, 'min_child_weight': 0, 'subsample': 0.9000000000000001, 'colsample_bytree': 1.0, 'gamma': 1.6}. Best is trial 210 with value: 0.5905964271514332.
[I 2023-10-12 06:16:29,160] Trial 214 finished with value: 0.5839866940263884 and parameters: {'w0': 0.403, 'w1': 0.92, 'w2': 0.465, 'w3': 0.927, 'w4': 0.9430000000000001, 'w5': 0.264, 'w6': 0.871, 'w7': 0.358, 'w8': 0.864, 'max_depth': 6, 'min_child_weight': 0, 'subsample': 0.9000000000000001, 'colsample_bytree': 1.0, 'gamma': 1.6}. Best is trial 210 with value: 0.5905964271514332.
[I 2023-10-12 06:18:50,595] Trial 216 finished with value: 0.5725595601363473 and parameters: {'w0': 0.4, 'w1': 0.92, 'w2': 0.46, 'w3': 0.966, 'w4': 0.889, 'w5': 0.261, 'w6': 0.872, 'w7': 0.169, 'w8': 0.983, 'max_depth': 4, 'min_child_weight': 0, 'subsample': 0.9000000000000001, 'colsample_bytree': 1.0, 'gamma': 1.6}. Best is trial 210 with value: 0.5905964271514332.
[I 2023-10-12 06:18:51,013] Trial 218 finished with value: 0.5713491578387601 and parameters: {'w0': 0.41100000000000003, 'w1': 0.894, 'w2': 0.48000000000000004, 'w3': 0.965, 'w4': 0.886, 'w5': 0.28900000000000003, 'w6': 0.864, 'w7': 0.166, 'w8': 0.971, 'max_depth': 4, 'min_child_weight': 0, 'subsample': 0.9000000000000001, 'colsample_bytree': 1.0, 'gamma': 1.6}. Best is trial 210 with value: 0.5905964271514332.
[I 2023-10-12 06:19:28,304] Trial 217 finished with value: 0.5884939427804486 and parameters: {'w0': 0.395, 'w1': 0.93, 'w2': 0.453, 'w3': 0.972, 'w4': 0.9390000000000001, 'w5': 0.279, 'w6': 0.8260000000000001, 'w7': 0.366, 'w8': 1.0, 'max_depth': 4, 'min_child_weight': 0, 'subsample': 0.9000000000000001, 'colsample_bytree': 1.0, 'gamma': 1.6}. Best is trial 210 with value: 0.5905964271514332.
[I 2023-10-12 06:19:30,844] Trial 215 finished with value: 0.5868223531623185 and parameters: {'w0': 0.397, 'w1': 0.935, 'w2': 0.524, 'w3': 0.971, 'w4': 0.5630000000000001, 'w5': 0.263, 'w6': 0.868, 'w7': 0.493, 'w8': 0.99, 'max_depth': 4, 'min_child_weight': 0, 'subsample': 0.9000000000000001, 'colsample_bytree': 1.0, 'gamma': 1.6}. Best is trial 210 with value: 0.5905964271514332.
[I 2023-10-12 06:21:17,961] Trial 219 finished with value: 0.5893048264794951 and parameters: {'w0': 0.395, 'w1': 0.927, 'w2': 0.468, 'w3': 0.966, 'w4': 0.887, 'w5': 0.28900000000000003, 'w6': 0.8320000000000001, 'w7': 0.37, 'w8': 0.978, 'max_depth': 4, 'min_child_weight': 0, 'subsample': 0.9000000000000001, 'colsample_bytree': 1.0, 'gamma': 1.6}. Best is trial 210 with value: 0.5905964271514332.
[I 2023-10-12 06:22:18,592] Trial 220 finished with value: 0.5654827788691793 and parameters: {'w0': 0.399, 'w1': 0.924, 'w2': 0.53, 'w3': 0.972, 'w4': 0.9400000000000001, 'w5': 0.328, 'w6': 0.8320000000000001, 'w7': 0.128, 'w8': 0.998, 'max_depth': 6, 'min_child_weight': 0, 'subsample': 0.9000000000000001, 'colsample_bytree': 1.0, 'gamma': 1.6}. Best is trial 210 with value: 0.5905964271514332.
[I 2023-10-12 06:23:23,864] Trial 221 finished with value: 0.5892072925849652 and parameters: {'w0': 0.399, 'w1': 0.925, 'w2': 0.526, 'w3': 0.967, 'w4': 0.885, 'w5': 0.331, 'w6': 0.8280000000000001, 'w7': 0.361, 'w8': 0.989, 'max_depth': 6, 'min_child_weight': 0, 'subsample': 0.9000000000000001, 'colsample_bytree': 1.0, 'gamma': 1.6}. Best is trial 210 with value: 0.5905964271514332.
[I 2023-10-12 06:23:34,941] Trial 222 finished with value: 0.5832775213967918 and parameters: {'w0': 0.403, 'w1': 0.897, 'w2': 0.54, 'w3': 0.964, 'w4': 0.934, 'w5': 0.328, 'w6': 0.857, 'w7': 0.363, 'w8': 0.996, 'max_depth': 6, 'min_child_weight': 0, 'subsample': 0.9000000000000001, 'colsample_bytree': 1.0, 'gamma': 1.6}. Best is trial 210 with value: 0.5905964271514332.
[I 2023-10-12 06:24:01,399] Trial 223 finished with value: 0.5920623589887304 and parameters: {'w0': 0.395, 'w1': 0.922, 'w2': 0.534, 'w3': 0.933, 'w4': 0.929, 'w5': 0.192, 'w6': 0.855, 'w7': 0.488, 'w8': 0.998, 'max_depth': 6, 'min_child_weight': 0, 'subsample': 0.9000000000000001, 'colsample_bytree': 1.0, 'gamma': 1.6}. Best is trial 223 with value: 0.5920623589887304.
[I 2023-10-12 06:25:45,630] Trial 224 finished with value: 0.5905311712563555 and parameters: {'w0': 0.392, 'w1': 0.918, 'w2': 0.517, 'w3': 0.937, 'w4': 0.934, 'w5': 0.183, 'w6': 0.835, 'w7': 0.494, 'w8': 0.988, 'max_depth': 6, 'min_child_weight': 0, 'subsample': 0.9000000000000001, 'colsample_bytree': 1.0, 'gamma': 1.6}. Best is trial 223 with value: 0.5920623589887304.
[I 2023-10-12 06:26:03,020] Trial 225 finished with value: 0.5901900458713427 and parameters: {'w0': 0.398, 'w1': 0.933, 'w2': 0.536, 'w3': 0.965, 'w4': 0.937, 'w5': 0.191, 'w6': 0.837, 'w7': 0.492, 'w8': 0.906, 'max_depth': 6, 'min_child_weight': 0, 'subsample': 0.9000000000000001, 'colsample_bytree': 1.0, 'gamma': 1.6}. Best is trial 223 with value: 0.5920623589887304.
[I 2023-10-12 06:27:44,513] Trial 226 finished with value: 0.5848841085462109 and parameters: {'w0': 0.396, 'w1': 0.924, 'w2': 0.539, 'w3': 0.961, 'w4': 0.935, 'w5': 0.328, 'w6': 0.8270000000000001, 'w7': 0.365, 'w8': 1.0, 'max_depth': 6, 'min_child_weight': 0, 'subsample': 0.9000000000000001, 'colsample_bytree': 1.0, 'gamma': 1.6}. Best is trial 223 with value: 0.5920623589887304.
[I 2023-10-12 06:27:57,155] Trial 227 finished with value: 0.5866124991228774 and parameters: {'w0': 0.395, 'w1': 0.934, 'w2': 0.531, 'w3': 0.966, 'w4': 0.936, 'w5': 0.191, 'w6': 0.8260000000000001, 'w7': 0.448, 'w8': 0.981, 'max_depth': 6, 'min_child_weight': 0, 'subsample': 0.9000000000000001, 'colsample_bytree': 1.0, 'gamma': 1.6}. Best is trial 223 with value: 0.5920623589887304.
[I 2023-10-12 06:28:40,330] Trial 228 finished with value: 0.5902438076951254 and parameters: {'w0': 0.396, 'w1': 0.931, 'w2': 0.533, 'w3': 0.9380000000000001, 'w4': 0.932, 'w5': 0.213, 'w6': 0.835, 'w7': 0.486, 'w8': 0.998, 'max_depth': 6, 'min_child_weight': 0, 'subsample': 0.9000000000000001, 'colsample_bytree': 1.0, 'gamma': 1.6}. Best is trial 223 with value: 0.5920623589887304.
[I 2023-10-12 06:29:37,135] Trial 229 finished with value: 0.5889950013385127 and parameters: {'w0': 0.435, 'w1': 0.93, 'w2': 0.531, 'w3': 0.9380000000000001, 'w4': 0.894, 'w5': 0.17, 'w6': 0.8190000000000001, 'w7': 0.49, 'w8': 0.994, 'max_depth': 6, 'min_child_weight': 0, 'subsample': 0.9000000000000001, 'colsample_bytree': 1.0, 'gamma': 1.6}. Best is trial 223 with value: 0.5920623589887304.
[I 2023-10-12 06:32:03,968] Trial 230 finished with value: 0.5893335978961629 and parameters: {'w0': 0.397, 'w1': 0.927, 'w2': 0.53, 'w3': 0.9400000000000001, 'w4': 0.935, 'w5': 0.20800000000000002, 'w6': 0.8260000000000001, 'w7': 0.492, 'w8': 0.998, 'max_depth': 6, 'min_child_weight': 0, 'subsample': 0.9000000000000001, 'colsample_bytree': 1.0, 'gamma': 1.6}. Best is trial 223 with value: 0.5920623589887304.
[I 2023-10-12 06:32:53,697] Trial 231 finished with value: 0.5914077453129686 and parameters: {'w0': 0.434, 'w1': 0.934, 'w2': 0.533, 'w3': 0.9390000000000001, 'w4': 0.936, 'w5': 0.20700000000000002, 'w6': 0.8290000000000001, 'w7': 0.497, 'w8': 0.992, 'max_depth': 6, 'min_child_weight': 0, 'subsample': 0.9000000000000001, 'colsample_bytree': 1.0, 'gamma': 2.0}. Best is trial 223 with value: 0.5920623589887304.
[I 2023-10-12 06:33:06,047] Trial 232 finished with value: 0.5922575520799311 and parameters: {'w0': 0.437, 'w1': 0.932, 'w2': 0.53, 'w3': 0.9380000000000001, 'w4': 0.9380000000000001, 'w5': 0.215, 'w6': 0.8330000000000001, 'w7': 0.502, 'w8': 0.988, 'max_depth': 6, 'min_child_weight': 0, 'subsample': 0.9000000000000001, 'colsample_bytree': 1.0, 'gamma': 2.0}. Best is trial 232 with value: 0.5922575520799311.
[I 2023-10-12 06:33:14,546] Trial 233 finished with value: 0.590581709932875 and parameters: {'w0': 0.439, 'w1': 0.928, 'w2': 0.532, 'w3': 0.9450000000000001, 'w4': 0.932, 'w5': 0.197, 'w6': 0.839, 'w7': 0.495, 'w8': 0.996, 'max_depth': 6, 'min_child_weight': 0, 'subsample': 0.9000000000000001, 'colsample_bytree': 1.0, 'gamma': 2.2}. Best is trial 232 with value: 0.5922575520799311.
[I 2023-10-12 06:33:15,801] Trial 234 finished with value: 0.5872032695974443 and parameters: {'w0': 0.437, 'w1': 0.932, 'w2': 0.528, 'w3': 0.9440000000000001, 'w4': 0.548, 'w5': 0.20400000000000001, 'w6': 0.837, 'w7': 0.499, 'w8': 0.998, 'max_depth': 6, 'min_child_weight': 0, 'subsample': 0.9000000000000001, 'colsample_bytree': 1.0, 'gamma': 2.2}. Best is trial 232 with value: 0.5922575520799311.
[I 2023-10-12 06:34:36,516] Trial 235 finished with value: 0.5906407409099754 and parameters: {'w0': 0.438, 'w1': 0.926, 'w2': 0.524, 'w3': 0.9470000000000001, 'w4': 0.936, 'w5': 0.20600000000000002, 'w6': 0.8240000000000001, 'w7': 0.501, 'w8': 0.999, 'max_depth': 6, 'min_child_weight': 0, 'subsample': 0.9000000000000001, 'colsample_bytree': 1.0, 'gamma': 2.2}. Best is trial 232 with value: 0.5922575520799311.
[I 2023-10-12 06:35:59,169] Trial 236 finished with value: 0.5914507240546717 and parameters: {'w0': 0.435, 'w1': 0.929, 'w2': 0.517, 'w3': 0.937, 'w4': 0.933, 'w5': 0.183, 'w6': 0.8190000000000001, 'w7': 0.498, 'w8': 0.974, 'max_depth': 6, 'min_child_weight': 0, 'subsample': 0.9000000000000001, 'colsample_bytree': 1.0, 'gamma': 2.2}. Best is trial 232 with value: 0.5922575520799311.
[I 2023-10-12 06:36:50,230] Trial 238 finished with value: 0.5811912426194508 and parameters: {'w0': 0.429, 'w1': 0.9, 'w2': 0.403, 'w3': 0.9480000000000001, 'w4': 0.935, 'w5': 0.226, 'w6': 0.8190000000000001, 'w7': 0.499, 'w8': 0.977, 'max_depth': 6, 'min_child_weight': 0, 'subsample': 0.9000000000000001, 'colsample_bytree': 1.0, 'gamma': 2.2}. Best is trial 232 with value: 0.5922575520799311.
[I 2023-10-12 06:39:04,858] Trial 237 finished with value: 0.5894212044865245 and parameters: {'w0': 0.442, 'w1': 0.893, 'w2': 0.541, 'w3': 0.9510000000000001, 'w4': 0.935, 'w5': 0.186, 'w6': 0.843, 'w7': 0.503, 'w8': 0.999, 'max_depth': 6, 'min_child_weight': 0, 'subsample': 0.9000000000000001, 'colsample_bytree': 1.0, 'gamma': 1.6}. Best is trial 232 with value: 0.5922575520799311.
[I 2023-10-12 06:39:10,449] Trial 241 finished with value: 0.5843978509991132 and parameters: {'w0': 0.439, 'w1': 0.9520000000000001, 'w2': 0.406, 'w3': 0.9450000000000001, 'w4': 0.559, 'w5': 0.191, 'w6': 0.8190000000000001, 'w7': 0.503, 'w8': 0.979, 'max_depth': 6, 'min_child_weight': 0, 'subsample': 0.9000000000000001, 'colsample_bytree': 1.0, 'gamma': 2.2}. Best is trial 232 with value: 0.5922575520799311.
[I 2023-10-12 06:39:27,601] Trial 240 finished with value: 0.5816187371124387 and parameters: {'w0': 0.438, 'w1': 0.927, 'w2': 0.399, 'w3': 0.9480000000000001, 'w4': 0.933, 'w5': 0.181, 'w6': 0.8310000000000001, 'w7': 0.501, 'w8': 1.0, 'max_depth': 6, 'min_child_weight': 0, 'subsample': 0.9000000000000001, 'colsample_bytree': 1.0, 'gamma': 2.0}. Best is trial 232 with value: 0.5922575520799311.
[I 2023-10-12 06:39:46,174] Trial 239 finished with value: 0.5932478838521709 and parameters: {'w0': 0.437, 'w1': 0.895, 'w2': 0.514, 'w3': 0.9490000000000001, 'w4': 0.611, 'w5': 0.178, 'w6': 0.837, 'w7': 0.51, 'w8': 0.998, 'max_depth': 6, 'min_child_weight': 0, 'subsample': 0.9000000000000001, 'colsample_bytree': 1.0, 'gamma': 1.6}. Best is trial 239 with value: 0.5932478838521709.
[I 2023-10-12 06:41:14,583] Trial 242 finished with value: 0.586027300220451 and parameters: {'w0': 0.434, 'w1': 0.9540000000000001, 'w2': 0.514, 'w3': 0.9500000000000001, 'w4': 0.383, 'w5': 0.17300000000000001, 'w6': 0.849, 'w7': 0.508, 'w8': 0.978, 'max_depth': 6, 'min_child_weight': 0, 'subsample': 0.9000000000000001, 'colsample_bytree': 1.0, 'gamma': 2.2}. Best is trial 239 with value: 0.5932478838521709.
[I 2023-10-12 06:41:29,918] Trial 243 finished with value: 0.5820232665436058 and parameters: {'w0': 0.444, 'w1': 0.9560000000000001, 'w2': 0.516, 'w3': 0.9500000000000001, 'w4': 0.268, 'w5': 0.178, 'w6': 0.8280000000000001, 'w7': 0.49, 'w8': 0.969, 'max_depth': 6, 'min_child_weight': 0, 'subsample': 0.9000000000000001, 'colsample_bytree': 1.0, 'gamma': 2.2}. Best is trial 239 with value: 0.5932478838521709.
[I 2023-10-12 06:43:17,748] Trial 244 finished with value: 0.5884212706009339 and parameters: {'w0': 0.441, 'w1': 0.9530000000000001, 'w2': 0.517, 'w3': 0.9560000000000001, 'w4': 0.55, 'w5': 0.169, 'w6': 0.8260000000000001, 'w7': 0.497, 'w8': 0.975, 'max_depth': 6, 'min_child_weight': 0, 'subsample': 0.9000000000000001, 'colsample_bytree': 1.0, 'gamma': 2.0}. Best is trial 239 with value: 0.5932478838521709.
[I 2023-10-12 06:43:23,906] Trial 245 finished with value: 0.5881171581892425 and parameters: {'w0': 0.434, 'w1': 0.9420000000000001, 'w2': 0.51, 'w3': 0.9490000000000001, 'w4': 0.541, 'w5': 0.163, 'w6': 0.8180000000000001, 'w7': 0.507, 'w8': 0.969, 'max_depth': 6, 'min_child_weight': 0, 'subsample': 0.9000000000000001, 'colsample_bytree': 1.0, 'gamma': 2.2}. Best is trial 239 with value: 0.5932478838521709.
[I 2023-10-12 06:45:55,737] Trial 246 finished with value: 0.5858489795931194 and parameters: {'w0': 0.437, 'w1': 0.9520000000000001, 'w2': 0.516, 'w3': 0.9490000000000001, 'w4': 0.381, 'w5': 0.17200000000000001, 'w6': 0.8330000000000001, 'w7': 0.494, 'w8': 0.975, 'max_depth': 6, 'min_child_weight': 0, 'subsample': 0.9000000000000001, 'colsample_bytree': 1.0, 'gamma': 2.2}. Best is trial 239 with value: 0.5932478838521709.
[I 2023-10-12 06:46:19,592] Trial 247 finished with value: 0.5866404029934575 and parameters: {'w0': 0.438, 'w1': 0.9540000000000001, 'w2': 0.514, 'w3': 0.179, 'w4': 0.932, 'w5': 0.157, 'w6': 0.8200000000000001, 'w7': 0.495, 'w8': 0.968, 'max_depth': 6, 'min_child_weight': 0, 'subsample': 0.9000000000000001, 'colsample_bytree': 1.0, 'gamma': 2.2}. Best is trial 239 with value: 0.5932478838521709.
[I 2023-10-12 06:46:54,392] Trial 248 finished with value: 0.5867709836226077 and parameters: {'w0': 0.439, 'w1': 0.961, 'w2': 0.516, 'w3': 0.9530000000000001, 'w4': 0.929, 'w5': 0.188, 'w6': 0.8180000000000001, 'w7': 0.507, 'w8': 0.975, 'max_depth': 6, 'min_child_weight': 0, 'subsample': 0.9000000000000001, 'colsample_bytree': 1.0, 'gamma': 2.2}. Best is trial 239 with value: 0.5932478838521709.
[I 2023-10-12 06:47:06,183] Trial 250 finished with value: 0.5878672901003715 and parameters: {'w0': 0.44, 'w1': 0.9560000000000001, 'w2': 0.505, 'w3': 0.9500000000000001, 'w4': 0.54, 'w5': 0.17400000000000002, 'w6': 0.812, 'w7': 0.497, 'w8': 0.974, 'max_depth': 6, 'min_child_weight': 0, 'subsample': 0.9000000000000001, 'colsample_bytree': 1.0, 'gamma': 2.2}. Best is trial 239 with value: 0.5932478838521709.
[I 2023-10-12 06:47:42,763] Trial 249 finished with value: 0.59042909701347 and parameters: {'w0': 0.441, 'w1': 0.9590000000000001, 'w2': 0.518, 'w3': 0.9490000000000001, 'w4': 0.931, 'w5': 0.17200000000000001, 'w6': 0.8180000000000001, 'w7': 0.494, 'w8': 0.967, 'max_depth': 6, 'min_child_weight': 0, 'subsample': 0.9000000000000001, 'colsample_bytree': 1.0, 'gamma': 2.0}. Best is trial 239 with value: 0.5932478838521709.
[I 2023-10-12 06:47:45,079] Trial 251 finished with value: 0.5766692667962671 and parameters: {'w0': 0.439, 'w1': 0.9560000000000001, 'w2': 0.515, 'w3': 0.166, 'w4': 0.385, 'w5': 0.17200000000000001, 'w6': 0.8200000000000001, 'w7': 0.495, 'w8': 0.968, 'max_depth': 6, 'min_child_weight': 0, 'subsample': 0.9000000000000001, 'colsample_bytree': 1.0, 'gamma': 2.2}. Best is trial 239 with value: 0.5932478838521709.
[I 2023-10-12 06:49:30,013] Trial 253 finished with value: 0.557128187386248 and parameters: {'w0': 0.443, 'w1': 0.9570000000000001, 'w2': 0.506, 'w3': 0.049, 'w4': 0.543, 'w5': 0.185, 'w6': 0.8160000000000001, 'w7': 0.492, 'w8': 0.973, 'max_depth': 6, 'min_child_weight': 0, 'subsample': 0.9000000000000001, 'colsample_bytree': 1.0, 'gamma': 2.6}. Best is trial 239 with value: 0.5932478838521709.
[I 2023-10-12 06:52:18,506] Trial 254 finished with value: 0.5880367523784674 and parameters: {'w0': 0.441, 'w1': 0.9570000000000001, 'w2': 0.509, 'w3': 0.9490000000000001, 'w4': 0.58, 'w5': 0.169, 'w6': 0.846, 'w7': 0.494, 'w8': 0.972, 'max_depth': 6, 'min_child_weight': 0, 'subsample': 0.9000000000000001, 'colsample_bytree': 1.0, 'gamma': 2.6}. Best is trial 239 with value: 0.5932478838521709.
[I 2023-10-12 06:52:29,892] Trial 255 finished with value: 0.5902058307880076 and parameters: {'w0': 0.443, 'w1': 0.9570000000000001, 'w2': 0.51, 'w3': 0.911, 'w4': 0.9510000000000001, 'w5': 0.139, 'w6': 0.845, 'w7': 0.494, 'w8': 0.962, 'max_depth': 6, 'min_child_weight': 0, 'subsample': 0.9000000000000001, 'colsample_bytree': 1.0, 'gamma': 2.6}. Best is trial 239 with value: 0.5932478838521709.
[I 2023-10-12 06:52:34,691] Trial 256 finished with value: 0.5861170598957917 and parameters: {'w0': 0.45, 'w1': 0.9500000000000001, 'w2': 0.513, 'w3': 0.907, 'w4': 0.498, 'w5': 0.14200000000000002, 'w6': 0.844, 'w7': 0.492, 'w8': 0.967, 'max_depth': 6, 'min_child_weight': 0, 'subsample': 0.9000000000000001, 'colsample_bytree': 1.0, 'gamma': 2.6}. Best is trial 239 with value: 0.5932478838521709.
[I 2023-10-12 06:53:03,480] Trial 257 finished with value: 0.5915146848036017 and parameters: {'w0': 0.448, 'w1': 0.906, 'w2': 0.511, 'w3': 0.904, 'w4': 0.598, 'w5': 0.151, 'w6': 0.844, 'w7': 0.495, 'w8': 0.967, 'max_depth': 6, 'min_child_weight': 0, 'subsample': 0.9000000000000001, 'colsample_bytree': 1.0, 'gamma': 2.6}. Best is trial 239 with value: 0.5932478838521709.
[I 2023-10-12 06:54:10,234] Trial 259 finished with value: 0.5784046652035478 and parameters: {'w0': 0.464, 'w1': 0.91, 'w2': 0.502, 'w3': 0.188, 'w4': 0.58, 'w5': 0.13, 'w6': 0.844, 'w7': 0.526, 'w8': 0.963, 'max_depth': 6, 'min_child_weight': 0, 'subsample': 0.9000000000000001, 'colsample_bytree': 1.0, 'gamma': 2.6}. Best is trial 239 with value: 0.5932478838521709.
[I 2023-10-12 06:54:12,104] Trial 258 finished with value: 0.5862940211211924 and parameters: {'w0': 0.454, 'w1': 0.9570000000000001, 'w2': 0.505, 'w3': 0.906, 'w4': 0.596, 'w5': 0.153, 'w6': 0.845, 'w7': 0.489, 'w8': 0.965, 'max_depth': 6, 'min_child_weight': 0, 'subsample': 0.9000000000000001, 'colsample_bytree': 1.0, 'gamma': 2.6}. Best is trial 239 with value: 0.5932478838521709.
[I 2023-10-12 06:56:08,300] Trial 261 finished with value: 0.5835392501311342 and parameters: {'w0': 0.49, 'w1': 0.909, 'w2': 0.501, 'w3': 0.899, 'w4': 0.499, 'w5': 0.128, 'w6': 0.805, 'w7': 0.523, 'w8': 0.961, 'max_depth': 6, 'min_child_weight': 0, 'subsample': 0.9000000000000001, 'colsample_bytree': 1.0, 'gamma': 2.6}. Best is trial 239 with value: 0.5932478838521709.
[I 2023-10-12 06:57:36,567] Trial 260 finished with value: 0.5841446161066177 and parameters: {'w0': 0.462, 'w1': 0.907, 'w2': 0.5, 'w3': 0.91, 'w4': 0.501, 'w5': 0.14400000000000002, 'w6': 0.806, 'w7': 0.536, 'w8': 0.964, 'max_depth': 6, 'min_child_weight': 0, 'subsample': 0.9000000000000001, 'colsample_bytree': 1.0, 'gamma': 2.0}. Best is trial 239 with value: 0.5932478838521709.
[I 2023-10-12 06:58:25,650] Trial 252 finished with value: 0.5789976561219105 and parameters: {'w0': 0.441, 'w1': 0.9560000000000001, 'w2': 0.511, 'w3': 0.9450000000000001, 'w4': 0.5650000000000001, 'w5': 0.158, 'w6': 0.8160000000000001, 'w7': 0.489, 'w8': 0.976, 'max_depth': 6, 'min_child_weight': 0, 'subsample': 0.30000000000000004, 'colsample_bytree': 1.0, 'gamma': 2.6}. Best is trial 239 with value: 0.5932478838521709.
[I 2023-10-12 06:58:29,981] Trial 262 finished with value: 0.5839101290848796 and parameters: {'w0': 0.465, 'w1': 0.905, 'w2': 0.497, 'w3': 0.901, 'w4': 0.505, 'w5': 0.11900000000000001, 'w6': 0.8, 'w7': 0.532, 'w8': 0.962, 'max_depth': 6, 'min_child_weight': 0, 'subsample': 0.9000000000000001, 'colsample_bytree': 1.0, 'gamma': 2.6}. Best is trial 239 with value: 0.5932478838521709.
[I 2023-10-12 06:59:08,218] Trial 263 finished with value: 0.5803003671800362 and parameters: {'w0': 0.486, 'w1': 0.907, 'w2': 0.442, 'w3': 0.908, 'w4': 0.518, 'w5': 0.21, 'w6': 0.846, 'w7': 0.529, 'w8': 0.9600000000000001, 'max_depth': 6, 'min_child_weight': 0, 'subsample': 0.9000000000000001, 'colsample_bytree': 1.0, 'gamma': 2.6}. Best is trial 239 with value: 0.5932478838521709.
[I 2023-10-12 06:59:44,160] Trial 264 finished with value: 0.5854449777141809 and parameters: {'w0': 0.47100000000000003, 'w1': 0.908, 'w2': 0.501, 'w3': 0.916, 'w4': 0.502, 'w5': 0.123, 'w6': 0.846, 'w7': 0.53, 'w8': 0.9590000000000001, 'max_depth': 6, 'min_child_weight': 0, 'subsample': 0.9000000000000001, 'colsample_bytree': 1.0, 'gamma': 2.6}. Best is trial 239 with value: 0.5932478838521709.
[I 2023-10-12 06:59:59,137] Trial 265 finished with value: 0.5854533479407626 and parameters: {'w0': 0.47600000000000003, 'w1': 0.908, 'w2': 0.496, 'w3': 0.91, 'w4': 0.505, 'w5': 0.122, 'w6': 0.799, 'w7': 0.53, 'w8': 0.999, 'max_depth': 6, 'min_child_weight': 0, 'subsample': 0.9000000000000001, 'colsample_bytree': 1.0, 'gamma': 2.6}. Best is trial 239 with value: 0.5932478838521709.
[I 2023-10-12 07:00:29,894] Trial 267 finished with value: 0.5861693608635294 and parameters: {'w0': 0.486, 'w1': 0.915, 'w2': 0.5, 'w3': 0.903, 'w4': 0.521, 'w5': 0.14400000000000002, 'w6': 0.797, 'w7': 0.532, 'w8': 0.9550000000000001, 'max_depth': 6, 'min_child_weight': 0, 'subsample': 0.9000000000000001, 'colsample_bytree': 1.0, 'gamma': 2.6}. Best is trial 239 with value: 0.5932478838521709.
[I 2023-10-12 07:01:47,551] Trial 266 finished with value: 0.5861927575659014 and parameters: {'w0': 0.489, 'w1': 0.899, 'w2': 0.499, 'w3': 0.906, 'w4': 0.561, 'w5': 0.111, 'w6': 0.805, 'w7': 0.536, 'w8': 0.9560000000000001, 'max_depth': 6, 'min_child_weight': 0, 'subsample': 0.9000000000000001, 'colsample_bytree': 1.0, 'gamma': 2.0}. Best is trial 239 with value: 0.5932478838521709.
