[I 2023-10-11 09:06:25,680] Trial 1100 finished with value: 0.6168946406978703 and parameters: {'w0': 0.225, 'w1': 0.812, 'w2': 0.17300000000000001, 'w3': 0.618, 'w4': 0.868, 'w5': 0.326, 'w6': 0.783, 'w7': 0.213, 'w8': 0.634, 'max_depth': 5, 'min_child_weight': 2, 'subsample': 0.9000000000000001, 'colsample_bytree': 0.9000000000000001, 'gamma': 1.0}. Best is trial 1043 with value: 0.6266149442384139.
[I 2023-10-11 09:06:34,052] Trial 1101 finished with value: 0.6105188515138622 and parameters: {'w0': 0.225, 'w1': 0.8250000000000001, 'w2': 0.177, 'w3': 0.623, 'w4': 0.437, 'w5': 0.328, 'w6': 0.784, 'w7': 0.217, 'w8': 0.608, 'max_depth': 5, 'min_child_weight': 2, 'subsample': 0.9000000000000001, 'colsample_bytree': 0.9000000000000001, 'gamma': 1.0}. Best is trial 1043 with value: 0.6266149442384139.
[I 2023-10-11 09:07:10,653] Trial 1103 finished with value: 0.5984766305784784 and parameters: {'w0': 0.075, 'w1': 0.8220000000000001, 'w2': 0.17600000000000002, 'w3': 0.544, 'w4': 0.863, 'w5': 0.327, 'w6': 0.687, 'w7': 0.213, 'w8': 0.609, 'max_depth': 5, 'min_child_weight': 2, 'subsample': 0.9000000000000001, 'colsample_bytree': 0.9000000000000001, 'gamma': 1.0}. Best is trial 1043 with value: 0.6266149442384139.
[I 2023-10-11 09:07:23,741] Trial 1102 finished with value: 0.6175704928415001 and parameters: {'w0': 0.227, 'w1': 0.8250000000000001, 'w2': 0.179, 'w3': 0.541, 'w4': 0.849, 'w5': 0.317, 'w6': 0.806, 'w7': 0.216, 'w8': 0.606, 'max_depth': 5, 'min_child_weight': 2, 'subsample': 0.9000000000000001, 'colsample_bytree': 0.9000000000000001, 'gamma': 1.0}. Best is trial 1043 with value: 0.6266149442384139.
[I 2023-10-11 09:08:12,139] Trial 1104 finished with value: 0.6205068983807346 and parameters: {'w0': 0.23, 'w1': 0.8200000000000001, 'w2': 0.17500000000000002, 'w3': 0.627, 'w4': 0.856, 'w5': 0.328, 'w6': 0.77, 'w7': 0.167, 'w8': 0.611, 'max_depth': 5, 'min_child_weight': 2, 'subsample': 0.9000000000000001, 'colsample_bytree': 0.9000000000000001, 'gamma': 1.0}. Best is trial 1043 with value: 0.6266149442384139.
[I 2023-10-11 09:08:24,879] Trial 1105 finished with value: 0.6227206726643815 and parameters: {'w0': 0.23, 'w1': 0.8170000000000001, 'w2': 0.17300000000000001, 'w3': 0.484, 'w4': 0.855, 'w5': 0.332, 'w6': 0.9500000000000001, 'w7': 0.16, 'w8': 0.608, 'max_depth': 5, 'min_child_weight': 2, 'subsample': 0.9000000000000001, 'colsample_bytree': 0.9000000000000001, 'gamma': 1.0}. Best is trial 1043 with value: 0.6266149442384139.
[I 2023-10-11 09:11:21,373] Trial 1106 finished with value: 0.6247506721341528 and parameters: {'w0': 0.222, 'w1': 0.788, 'w2': 0.168, 'w3': 0.56, 'w4': 0.866, 'w5': 0.324, 'w6': 0.7020000000000001, 'w7': 0.164, 'w8': 0.607, 'max_depth': 5, 'min_child_weight': 2, 'subsample': 0.9000000000000001, 'colsample_bytree': 0.9000000000000001, 'gamma': 1.0}. Best is trial 1043 with value: 0.6266149442384139.
[I 2023-10-11 09:11:30,457] Trial 1108 finished with value: 0.6129929089750545 and parameters: {'w0': 0.084, 'w1': 0.812, 'w2': 0.17500000000000002, 'w3': 0.5650000000000001, 'w4': 0.859, 'w5': 0.323, 'w6': 0.8300000000000001, 'w7': 0.167, 'w8': 0.607, 'max_depth': 5, 'min_child_weight': 2, 'subsample': 0.9000000000000001, 'colsample_bytree': 0.9000000000000001, 'gamma': 1.0}. Best is trial 1043 with value: 0.6266149442384139.
[I 2023-10-11 09:11:35,968] Trial 1107 finished with value: 0.6194074734486815 and parameters: {'w0': 0.228, 'w1': 0.792, 'w2': 0.17400000000000002, 'w3': 0.562, 'w4': 0.863, 'w5': 0.32, 'w6': 0.791, 'w7': 0.157, 'w8': 0.612, 'max_depth': 5, 'min_child_weight': 2, 'subsample': 0.9000000000000001, 'colsample_bytree': 0.9000000000000001, 'gamma': 1.0}. Best is trial 1043 with value: 0.6266149442384139.
[I 2023-10-11 09:12:36,443] Trial 1109 finished with value: 0.6236605918847186 and parameters: {'w0': 0.227, 'w1': 0.8200000000000001, 'w2': 0.17400000000000002, 'w3': 0.5650000000000001, 'w4': 0.921, 'w5': 0.324, 'w6': 0.789, 'w7': 0.163, 'w8': 0.605, 'max_depth': 5, 'min_child_weight': 2, 'subsample': 0.9000000000000001, 'colsample_bytree': 0.9000000000000001, 'gamma': 1.0}. Best is trial 1043 with value: 0.6266149442384139.
[I 2023-10-11 09:14:06,489] Trial 1111 finished with value: 0.6216517466315634 and parameters: {'w0': 0.226, 'w1': 0.8160000000000001, 'w2': 0.17600000000000002, 'w3': 0.489, 'w4': 0.919, 'w5': 0.324, 'w6': 0.789, 'w7': 0.167, 'w8': 0.607, 'max_depth': 5, 'min_child_weight': 2, 'subsample': 0.9000000000000001, 'colsample_bytree': 0.9000000000000001, 'gamma': 1.2000000000000002}. Best is trial 1043 with value: 0.6266149442384139.
[I 2023-10-11 09:14:30,840] Trial 1110 finished with value: 0.6236409675570931 and parameters: {'w0': 0.22, 'w1': 0.8140000000000001, 'w2': 0.17400000000000002, 'w3': 0.5670000000000001, 'w4': 0.92, 'w5': 0.326, 'w6': 0.795, 'w7': 0.161, 'w8': 0.602, 'max_depth': 5, 'min_child_weight': 2, 'subsample': 0.9000000000000001, 'colsample_bytree': 0.9000000000000001, 'gamma': 1.0}. Best is trial 1043 with value: 0.6266149442384139.
[I 2023-10-11 09:15:00,783] Trial 1112 finished with value: 0.6222454088762156 and parameters: {'w0': 0.186, 'w1': 0.811, 'w2': 0.17600000000000002, 'w3': 0.5650000000000001, 'w4': 0.919, 'w5': 0.327, 'w6': 0.9500000000000001, 'w7': 0.163, 'w8': 0.613, 'max_depth': 5, 'min_child_weight': 2, 'subsample': 0.9000000000000001, 'colsample_bytree': 0.9000000000000001, 'gamma': 1.0}. Best is trial 1043 with value: 0.6266149442384139.
[I 2023-10-11 09:16:15,833] Trial 1114 finished with value: 0.569769966516104 and parameters: {'w0': 0.032, 'w1': 0.8160000000000001, 'w2': 0.17500000000000002, 'w3': 0.678, 'w4': 0.873, 'w5': 0.323, 'w6': 0.836, 'w7': 0.165, 'w8': 0.605, 'max_depth': 5, 'min_child_weight': 2, 'subsample': 0.9000000000000001, 'colsample_bytree': 0.9000000000000001, 'gamma': 1.0}. Best is trial 1043 with value: 0.6266149442384139.
[I 2023-10-11 09:16:35,672] Trial 1113 finished with value: 0.6228146326996955 and parameters: {'w0': 0.185, 'w1': 0.8160000000000001, 'w2': 0.17200000000000001, 'w3': 0.5660000000000001, 'w4': 0.921, 'w5': 0.331, 'w6': 0.791, 'w7': 0.163, 'w8': 0.611, 'max_depth': 5, 'min_child_weight': 2, 'subsample': 0.9000000000000001, 'colsample_bytree': 0.9000000000000001, 'gamma': 1.0}. Best is trial 1043 with value: 0.6266149442384139.
[I 2023-10-11 09:17:48,820] Trial 1115 finished with value: 0.6245581071888717 and parameters: {'w0': 0.186, 'w1': 0.788, 'w2': 0.166, 'w3': 0.505, 'w4': 0.875, 'w5': 0.328, 'w6': 0.845, 'w7': 0.163, 'w8': 0.609, 'max_depth': 5, 'min_child_weight': 2, 'subsample': 0.9000000000000001, 'colsample_bytree': 0.9000000000000001, 'gamma': 1.0}. Best is trial 1043 with value: 0.6266149442384139.
[I 2023-10-11 09:19:37,873] Trial 1117 finished with value: 0.6214494027900522 and parameters: {'w0': 0.189, 'w1': 0.789, 'w2': 0.17400000000000002, 'w3': 0.558, 'w4': 0.874, 'w5': 0.329, 'w6': 0.8290000000000001, 'w7': 0.163, 'w8': 0.599, 'max_depth': 5, 'min_child_weight': 2, 'subsample': 0.9000000000000001, 'colsample_bytree': 0.9000000000000001, 'gamma': 1.4000000000000001}. Best is trial 1043 with value: 0.6266149442384139.
[I 2023-10-11 09:20:15,556] Trial 1118 finished with value: 0.6202801979665149 and parameters: {'w0': 0.184, 'w1': 0.792, 'w2': 0.168, 'w3': 0.5640000000000001, 'w4': 0.874, 'w5': 0.33, 'w6': 0.8330000000000001, 'w7': 0.161, 'w8': 0.605, 'max_depth': 5, 'min_child_weight': 2, 'subsample': 0.9000000000000001, 'colsample_bytree': 0.9000000000000001, 'gamma': 1.4000000000000001}. Best is trial 1043 with value: 0.6266149442384139.
[I 2023-10-11 09:20:26,572] Trial 1120 finished with value: 0.6162694046341626 and parameters: {'w0': 0.185, 'w1': 0.791, 'w2': 0.171, 'w3': 0.677, 'w4': 0.389, 'w5': 0.329, 'w6': 0.8310000000000001, 'w7': 0.17300000000000001, 'w8': 0.597, 'max_depth': 5, 'min_child_weight': 2, 'subsample': 0.9000000000000001, 'colsample_bytree': 0.5, 'gamma': 1.4000000000000001}. Best is trial 1043 with value: 0.6266149442384139.
[I 2023-10-11 09:20:27,764] Trial 1119 finished with value: 0.6181308168325893 and parameters: {'w0': 0.182, 'w1': 0.79, 'w2': 0.17600000000000002, 'w3': 0.679, 'w4': 0.793, 'w5': 0.324, 'w6': 0.8230000000000001, 'w7': 0.166, 'w8': 0.598, 'max_depth': 5, 'min_child_weight': 2, 'subsample': 0.9000000000000001, 'colsample_bytree': 0.9000000000000001, 'gamma': 1.4000000000000001}. Best is trial 1043 with value: 0.6266149442384139.
[I 2023-10-11 09:21:03,422] Trial 1116 finished with value: 0.6247928260738466 and parameters: {'w0': 0.183, 'w1': 0.791, 'w2': 0.17400000000000002, 'w3': 0.562, 'w4': 0.922, 'w5': 0.321, 'w6': 0.789, 'w7': 0.165, 'w8': 0.608, 'max_depth': 5, 'min_child_weight': 2, 'subsample': 0.9000000000000001, 'colsample_bytree': 0.9000000000000001, 'gamma': 1.0}. Best is trial 1043 with value: 0.6266149442384139.
[I 2023-10-11 09:22:31,852] Trial 1121 finished with value: 0.6216218179883223 and parameters: {'w0': 0.19, 'w1': 0.8, 'w2': 0.171, 'w3': 0.676, 'w4': 0.923, 'w5': 0.324, 'w6': 0.844, 'w7': 0.165, 'w8': 0.594, 'max_depth': 5, 'min_child_weight': 2, 'subsample': 0.9000000000000001, 'colsample_bytree': 0.9000000000000001, 'gamma': 1.2000000000000002}. Best is trial 1043 with value: 0.6266149442384139.
[I 2023-10-11 09:23:21,968] Trial 1122 finished with value: 0.6172114533590263 and parameters: {'w0': 0.184, 'w1': 0.783, 'w2': 0.17300000000000001, 'w3': 0.558, 'w4': 0.875, 'w5': 0.328, 'w6': 0.812, 'w7': 0.16, 'w8': 0.591, 'max_depth': 5, 'min_child_weight': 2, 'subsample': 0.9000000000000001, 'colsample_bytree': 0.5, 'gamma': 1.4000000000000001}. Best is trial 1043 with value: 0.6266149442384139.
[I 2023-10-11 09:24:21,318] Trial 1124 finished with value: 0.611410348097495 and parameters: {'w0': 0.184, 'w1': 0.788, 'w2': 0.14100000000000001, 'w3': 0.503, 'w4': 0.525, 'w5': 0.303, 'w6': 0.8190000000000001, 'w7': 0.164, 'w8': 0.599, 'max_depth': 5, 'min_child_weight': 2, 'subsample': 0.9000000000000001, 'colsample_bytree': 0.9000000000000001, 'gamma': 1.4000000000000001}. Best is trial 1043 with value: 0.6266149442384139.
[I 2023-10-11 09:25:02,854] Trial 1123 finished with value: 0.6208827297846901 and parameters: {'w0': 0.185, 'w1': 0.79, 'w2': 0.17200000000000001, 'w3': 0.5650000000000001, 'w4': 0.839, 'w5': 0.305, 'w6': 0.8230000000000001, 'w7': 0.161, 'w8': 0.59, 'max_depth': 5, 'min_child_weight': 2, 'subsample': 0.9000000000000001, 'colsample_bytree': 0.9000000000000001, 'gamma': 1.2000000000000002}. Best is trial 1043 with value: 0.6266149442384139.
[I 2023-10-11 09:25:38,213] Trial 1125 finished with value: 0.6144368094403088 and parameters: {'w0': 0.186, 'w1': 0.792, 'w2': 0.14, 'w3': 0.68, 'w4': 0.878, 'w5': 0.327, 'w6': 0.8310000000000001, 'w7': 0.161, 'w8': 0.588, 'max_depth': 5, 'min_child_weight': 2, 'subsample': 0.9000000000000001, 'colsample_bytree': 0.9000000000000001, 'gamma': 1.4000000000000001}. Best is trial 1043 with value: 0.6266149442384139.
[I 2023-10-11 09:26:28,727] Trial 1128 finished with value: 0.6084410531487673 and parameters: {'w0': 0.196, 'w1': 0.796, 'w2': 0.138, 'w3': 0.501, 'w4': 0.803, 'w5': 0.334, 'w6': 0.839, 'w7': 0.115, 'w8': 0.586, 'max_depth': 5, 'min_child_weight': 2, 'subsample': 0.9000000000000001, 'colsample_bytree': 0.9000000000000001, 'gamma': 2.0}. Best is trial 1043 with value: 0.6266149442384139.
[I 2023-10-11 09:27:08,802] Trial 1126 finished with value: 0.6168713675674571 and parameters: {'w0': 0.182, 'w1': 0.863, 'w2': 0.137, 'w3': 0.672, 'w4': 0.876, 'w5': 0.28300000000000003, 'w6': 0.839, 'w7': 0.11900000000000001, 'w8': 0.59, 'max_depth': 5, 'min_child_weight': 2, 'subsample': 0.9000000000000001, 'colsample_bytree': 0.9000000000000001, 'gamma': 1.4000000000000001}. Best is trial 1043 with value: 0.6266149442384139.
[I 2023-10-11 09:27:42,964] Trial 1127 finished with value: 0.6097069038285468 and parameters: {'w0': 0.184, 'w1': 0.8130000000000001, 'w2': 0.14300000000000002, 'w3': 0.551, 'w4': 0.919, 'w5': 0.33, 'w6': 0.838, 'w7': 0.165, 'w8': 0.587, 'max_depth': 5, 'min_child_weight': 2, 'subsample': 0.9000000000000001, 'colsample_bytree': 0.5, 'gamma': 1.2000000000000002}. Best is trial 1043 with value: 0.6266149442384139.
[I 2023-10-11 09:28:59,804] Trial 1129 finished with value: 0.6191895361369515 and parameters: {'w0': 0.177, 'w1': 0.871, 'w2': 0.151, 'w3': 0.545, 'w4': 0.922, 'w5': 0.304, 'w6': 0.721, 'w7': 0.123, 'w8': 0.59, 'max_depth': 5, 'min_child_weight': 2, 'subsample': 0.9000000000000001, 'colsample_bytree': 0.9000000000000001, 'gamma': 1.4000000000000001}. Best is trial 1043 with value: 0.6266149442384139.
[I 2023-10-11 09:30:27,060] Trial 1130 finished with value: 0.6153518110036605 and parameters: {'w0': 0.18, 'w1': 0.8, 'w2': 0.156, 'w3': 0.51, 'w4': 0.876, 'w5': 0.303, 'w6': 0.728, 'w7': 0.185, 'w8': 0.583, 'max_depth': 5, 'min_child_weight': 2, 'subsample': 0.9000000000000001, 'colsample_bytree': 0.9000000000000001, 'gamma': 1.2000000000000002}. Best is trial 1043 with value: 0.6266149442384139.
[I 2023-10-11 09:30:57,530] Trial 1131 finished with value: 0.6106419438344929 and parameters: {'w0': 0.181, 'w1': 0.791, 'w2': 0.108, 'w3': 0.541, 'w4': 0.838, 'w5': 0.332, 'w6': 0.8300000000000001, 'w7': 0.11900000000000001, 'w8': 0.582, 'max_depth': 5, 'min_child_weight': 2, 'subsample': 0.9000000000000001, 'colsample_bytree': 0.9000000000000001, 'gamma': 1.4000000000000001}. Best is trial 1043 with value: 0.6266149442384139.
[I 2023-10-11 09:33:23,498] Trial 1136 finished with value: 0.6125397003554597 and parameters: {'w0': 0.186, 'w1': 0.864, 'w2': 0.139, 'w3': 0.508, 'w4': 0.837, 'w5': 0.299, 'w6': 0.716, 'w7': 0.11900000000000001, 'w8': 0.579, 'max_depth': 5, 'min_child_weight': 2, 'subsample': 0.9000000000000001, 'colsample_bytree': 0.9000000000000001, 'gamma': 2.0}. Best is trial 1043 with value: 0.6266149442384139.
[I 2023-10-11 09:34:02,187] Trial 1133 finished with value: 0.6043951709573752 and parameters: {'w0': 0.183, 'w1': 0.859, 'w2': 0.139, 'w3': 0.489, 'w4': 0.809, 'w5': 0.305, 'w6': 0.842, 'w7': 0.185, 'w8': 0.584, 'max_depth': 5, 'min_child_weight': 2, 'subsample': 0.9000000000000001, 'colsample_bytree': 0.9000000000000001, 'gamma': 1.4000000000000001}. Best is trial 1043 with value: 0.6266149442384139.
[I 2023-10-11 09:34:04,234] Trial 1135 finished with value: 0.6179263204600339 and parameters: {'w0': 0.182, 'w1': 0.859, 'w2': 0.14300000000000002, 'w3': 0.493, 'w4': 0.839, 'w5': 0.31, 'w6': 0.708, 'w7': 0.117, 'w8': 0.581, 'max_depth': 5, 'min_child_weight': 2, 'subsample': 0.9000000000000001, 'colsample_bytree': 0.9000000000000001, 'gamma': 1.4000000000000001}. Best is trial 1043 with value: 0.6266149442384139.
[I 2023-10-11 09:34:15,573] Trial 1134 finished with value: 0.6044317918057017 and parameters: {'w0': 0.187, 'w1': 0.86, 'w2': 0.137, 'w3': 0.49, 'w4': 0.8330000000000001, 'w5': 0.304, 'w6': 0.8210000000000001, 'w7': 0.184, 'w8': 0.582, 'max_depth': 5, 'min_child_weight': 2, 'subsample': 0.9000000000000001, 'colsample_bytree': 0.9000000000000001, 'gamma': 1.4000000000000001}. Best is trial 1043 with value: 0.6266149442384139.
[I 2023-10-11 09:34:40,584] Trial 1132 finished with value: 0.6072172631922886 and parameters: {'w0': 0.182, 'w1': 0.792, 'w2': 0.149, 'w3': 0.5, 'w4': 0.386, 'w5': 0.327, 'w6': 0.844, 'w7': 0.188, 'w8': 0.582, 'max_depth': 5, 'min_child_weight': 2, 'subsample': 0.9000000000000001, 'colsample_bytree': 0.9000000000000001, 'gamma': 1.0}. Best is trial 1043 with value: 0.6266149442384139.
[I 2023-10-11 09:35:36,878] Trial 1138 finished with value: 0.6017203173217303 and parameters: {'w0': 0.17600000000000002, 'w1': 0.788, 'w2': 0.14300000000000002, 'w3': 0.52, 'w4': 0.801, 'w5': 0.304, 'w6': 0.739, 'w7': 0.188, 'w8': 0.562, 'max_depth': 5, 'min_child_weight': 2, 'subsample': 0.9000000000000001, 'colsample_bytree': 0.9000000000000001, 'gamma': 2.0}. Best is trial 1043 with value: 0.6266149442384139.
[I 2023-10-11 09:36:01,323] Trial 1137 finished with value: 0.6061067779505316 and parameters: {'w0': 0.179, 'w1': 0.865, 'w2': 0.14, 'w3': 0.496, 'w4': 0.849, 'w5': 0.304, 'w6': 0.753, 'w7': 0.188, 'w8': 0.5700000000000001, 'max_depth': 5, 'min_child_weight': 2, 'subsample': 0.9000000000000001, 'colsample_bytree': 0.9000000000000001, 'gamma': 1.4000000000000001}. Best is trial 1043 with value: 0.6266149442384139.
[I 2023-10-11 09:37:15,538] Trial 1140 finished with value: 0.5988127272770393 and parameters: {'w0': 0.202, 'w1': 0.85, 'w2': 0.135, 'w3': 0.511, 'w4': 0.798, 'w5': 0.302, 'w6': 0.796, 'w7': 0.186, 'w8': 0.5690000000000001, 'max_depth': 5, 'min_child_weight': 2, 'subsample': 0.9000000000000001, 'colsample_bytree': 0.9000000000000001, 'gamma': 2.0}. Best is trial 1043 with value: 0.6266149442384139.
[I 2023-10-11 09:38:18,782] Trial 1139 finished with value: 0.6080102768270184 and parameters: {'w0': 0.136, 'w1': 0.793, 'w2': 0.14200000000000002, 'w3': 0.507, 'w4': 0.797, 'w5': 0.299, 'w6': 0.731, 'w7': 0.189, 'w8': 0.553, 'max_depth': 5, 'min_child_weight': 2, 'subsample': 0.9000000000000001, 'colsample_bytree': 0.9000000000000001, 'gamma': 1.2000000000000002}. Best is trial 1043 with value: 0.6266149442384139.
[I 2023-10-11 09:39:39,227] Trial 1141 finished with value: 0.6194344096361395 and parameters: {'w0': 0.132, 'w1': 0.871, 'w2': 0.147, 'w3': 0.506, 'w4': 0.8330000000000001, 'w5': 0.28200000000000003, 'w6': 0.804, 'w7': 0.121, 'w8': 0.5690000000000001, 'max_depth': 5, 'min_child_weight': 2, 'subsample': 0.9000000000000001, 'colsample_bytree': 0.9000000000000001, 'gamma': 1.2000000000000002}. Best is trial 1043 with value: 0.6266149442384139.
[I 2023-10-11 09:40:21,945] Trial 1143 finished with value: 0.596461800143732 and parameters: {'w0': 0.20900000000000002, 'w1': 0.869, 'w2': 0.11, 'w3': 0.517, 'w4': 0.835, 'w5': 0.299, 'w6': 0.761, 'w7': 0.181, 'w8': 0.558, 'max_depth': 5, 'min_child_weight': 2, 'subsample': 0.9000000000000001, 'colsample_bytree': 0.9000000000000001, 'gamma': 1.4000000000000001}. Best is trial 1043 with value: 0.6266149442384139.
[I 2023-10-11 09:40:33,761] Trial 1142 finished with value: 0.6091667083368886 and parameters: {'w0': 0.20800000000000002, 'w1': 0.852, 'w2': 0.14200000000000002, 'w3': 0.515, 'w4': 0.8330000000000001, 'w5': 0.28400000000000003, 'w6': 0.758, 'w7': 0.186, 'w8': 0.5640000000000001, 'max_depth': 5, 'min_child_weight': 2, 'subsample': 0.9000000000000001, 'colsample_bytree': 0.9000000000000001, 'gamma': 1.2000000000000002}. Best is trial 1043 with value: 0.6266149442384139.
[I 2023-10-11 09:41:23,196] Trial 1144 finished with value: 0.59473118909402 and parameters: {'w0': 0.132, 'w1': 0.862, 'w2': 0.11, 'w3': 0.509, 'w4': 0.803, 'w5': 0.20600000000000002, 'w6': 0.742, 'w7': 0.189, 'w8': 0.553, 'max_depth': 5, 'min_child_weight': 2, 'subsample': 0.9000000000000001, 'colsample_bytree': 0.9000000000000001, 'gamma': 1.2000000000000002}. Best is trial 1043 with value: 0.6266149442384139.
[I 2023-10-11 09:42:36,114] Trial 1145 finished with value: 0.5972540095435462 and parameters: {'w0': 0.14, 'w1': 0.85, 'w2': 0.116, 'w3': 0.503, 'w4': 0.796, 'w5': 0.281, 'w6': 0.745, 'w7': 0.194, 'w8': 0.5630000000000001, 'max_depth': 5, 'min_child_weight': 2, 'subsample': 0.9000000000000001, 'colsample_bytree': 0.9000000000000001, 'gamma': 1.2000000000000002}. Best is trial 1043 with value: 0.6266149442384139.
[I 2023-10-11 09:45:04,531] Trial 1146 finished with value: 0.5716452434185478 and parameters: {'w0': 0.135, 'w1': 0.77, 'w2': 0.038, 'w3': 0.532, 'w4': 0.805, 'w5': 0.274, 'w6': 0.787, 'w7': 0.187, 'w8': 0.557, 'max_depth': 5, 'min_child_weight': 2, 'subsample': 0.8, 'colsample_bytree': 0.9000000000000001, 'gamma': 1.2000000000000002}. Best is trial 1043 with value: 0.6266149442384139.
[I 2023-10-11 09:45:48,193] Trial 1147 finished with value: 0.602532651518727 and parameters: {'w0': 0.14100000000000001, 'w1': 0.851, 'w2': 0.11, 'w3': 0.508, 'w4': 0.803, 'w5': 0.28, 'w6': 0.796, 'w7': 0.187, 'w8': 0.56, 'max_depth': 5, 'min_child_weight': 2, 'subsample': 0.8, 'colsample_bytree': 0.9000000000000001, 'gamma': 1.2000000000000002}. Best is trial 1043 with value: 0.6266149442384139.
[I 2023-10-11 09:47:46,771] Trial 1150 finished with value: 0.6187897806999516 and parameters: {'w0': 0.14300000000000002, 'w1': 0.768, 'w2': 0.189, 'w3': 0.47400000000000003, 'w4': 0.848, 'w5': 0.28200000000000003, 'w6': 0.803, 'w7': 0.189, 'w8': 0.555, 'max_depth': 5, 'min_child_weight': 2, 'subsample': 0.9000000000000001, 'colsample_bytree': 0.9000000000000001, 'gamma': 1.2000000000000002}. Best is trial 1043 with value: 0.6266149442384139.
[I 2023-10-11 09:48:58,473] Trial 1148 finished with value: 0.6226584437443342 and parameters: {'w0': 0.20700000000000002, 'w1': 0.854, 'w2': 0.195, 'w3': 0.47100000000000003, 'w4': 0.806, 'w5': 0.28300000000000003, 'w6': 0.759, 'w7': 0.187, 'w8': 0.546, 'max_depth': 5, 'min_child_weight': 2, 'subsample': 0.8, 'colsample_bytree': 0.9000000000000001, 'gamma': 1.2000000000000002}. Best is trial 1043 with value: 0.6266149442384139.
[I 2023-10-11 09:49:44,057] Trial 1152 finished with value: 0.5629850104140861 and parameters: {'w0': 0.136, 'w1': 0.77, 'w2': 0.02, 'w3': 0.523, 'w4': 0.795, 'w5': 0.278, 'w6': 0.749, 'w7': 0.183, 'w8': 0.552, 'max_depth': 5, 'min_child_weight': 0, 'subsample': 0.8, 'colsample_bytree': 0.9000000000000001, 'gamma': 1.2000000000000002}. Best is trial 1043 with value: 0.6266149442384139.
[I 2023-10-11 09:49:52,938] Trial 1149 finished with value: 0.6205042713870346 and parameters: {'w0': 0.20700000000000002, 'w1': 0.767, 'w2': 0.195, 'w3': 0.516, 'w4': 0.843, 'w5': 0.217, 'w6': 0.799, 'w7': 0.183, 'w8': 0.64, 'max_depth': 5, 'min_child_weight': 2, 'subsample': 0.8, 'colsample_bytree': 0.9000000000000001, 'gamma': 1.2000000000000002}. Best is trial 1043 with value: 0.6266149442384139.
