[I 2023-10-10 21:45:01,857] Trial 505 finished with value: 0.5744572286910488 and parameters: {'w0': 0.183, 'w1': 0.6970000000000001, 'w2': 0.341, 'w3': 0.886, 'w4': 0.976, 'w5': 0.353, 'w6': 0.47500000000000003, 'w7': 0.277, 'w8': 0.623, 'max_depth': 8, 'min_child_weight': 16, 'subsample': 1.0, 'colsample_bytree': 0.9000000000000001, 'gamma': 7.2}. Best is trial 435 with value: 0.6193888035562585.
[I 2023-10-10 21:45:07,461] Trial 496 finished with value: 0.6120411117787005 and parameters: {'w0': 0.189, 'w1': 0.708, 'w2': 0.342, 'w3': 0.8250000000000001, 'w4': 0.971, 'w5': 0.321, 'w6': 0.8180000000000001, 'w7': 0.292, 'w8': 0.618, 'max_depth': 8, 'min_child_weight': 16, 'subsample': 1.0, 'colsample_bytree': 0.9000000000000001, 'gamma': 0.8}. Best is trial 435 with value: 0.6193888035562585.
[I 2023-10-10 21:45:36,129] Trial 497 finished with value: 0.610879828951296 and parameters: {'w0': 0.187, 'w1': 0.747, 'w2': 0.343, 'w3': 0.867, 'w4': 0.972, 'w5': 0.332, 'w6': 0.498, 'w7': 0.318, 'w8': 0.619, 'max_depth': 7, 'min_child_weight': 16, 'subsample': 1.0, 'colsample_bytree': 0.9000000000000001, 'gamma': 0.8}. Best is trial 435 with value: 0.6193888035562585.
[I 2023-10-10 21:45:52,594] Trial 498 finished with value: 0.6098476831135113 and parameters: {'w0': 0.186, 'w1': 0.5670000000000001, 'w2': 0.34600000000000003, 'w3': 0.873, 'w4': 0.969, 'w5': 0.334, 'w6': 0.8320000000000001, 'w7': 0.29, 'w8': 0.622, 'max_depth': 8, 'min_child_weight': 16, 'subsample': 1.0, 'colsample_bytree': 0.9000000000000001, 'gamma': 0.8}. Best is trial 435 with value: 0.6193888035562585.
[I 2023-10-10 21:46:17,392] Trial 500 finished with value: 0.611009609373047 and parameters: {'w0': 0.188, 'w1': 0.708, 'w2': 0.341, 'w3': 0.883, 'w4': 0.971, 'w5': 0.35000000000000003, 'w6': 0.8250000000000001, 'w7': 0.293, 'w8': 0.581, 'max_depth': 7, 'min_child_weight': 16, 'subsample': 1.0, 'colsample_bytree': 0.9000000000000001, 'gamma': 0.8}. Best is trial 435 with value: 0.6193888035562585.
[I 2023-10-10 21:46:22,777] Trial 501 finished with value: 0.6135706487710507 and parameters: {'w0': 0.185, 'w1': 0.71, 'w2': 0.357, 'w3': 0.8250000000000001, 'w4': 0.969, 'w5': 0.339, 'w6': 0.8230000000000001, 'w7': 0.276, 'w8': 0.646, 'max_depth': 8, 'min_child_weight': 16, 'subsample': 1.0, 'colsample_bytree': 0.9000000000000001, 'gamma': 0.8}. Best is trial 435 with value: 0.6193888035562585.
[I 2023-10-10 21:46:28,481] Trial 499 finished with value: 0.6110486529959664 and parameters: {'w0': 0.189, 'w1': 0.705, 'w2': 0.34600000000000003, 'w3': 0.8250000000000001, 'w4': 0.972, 'w5': 0.34800000000000003, 'w6': 0.856, 'w7': 0.28, 'w8': 0.614, 'max_depth': 8, 'min_child_weight': 16, 'subsample': 1.0, 'colsample_bytree': 0.9000000000000001, 'gamma': 0.8}. Best is trial 435 with value: 0.6193888035562585.
[I 2023-10-10 21:47:16,206] Trial 502 finished with value: 0.6093811010255075 and parameters: {'w0': 0.192, 'w1': 0.7030000000000001, 'w2': 0.34600000000000003, 'w3': 0.895, 'w4': 0.973, 'w5': 0.34800000000000003, 'w6': 0.468, 'w7': 0.291, 'w8': 0.62, 'max_depth': 7, 'min_child_weight': 16, 'subsample': 1.0, 'colsample_bytree': 0.9000000000000001, 'gamma': 0.8}. Best is trial 435 with value: 0.6193888035562585.
[I 2023-10-10 21:48:09,233] Trial 503 finished with value: 0.6078334826947857 and parameters: {'w0': 0.186, 'w1': 0.707, 'w2': 0.34500000000000003, 'w3': 0.905, 'w4': 0.972, 'w5': 0.338, 'w6': 0.88, 'w7': 0.335, 'w8': 0.584, 'max_depth': 8, 'min_child_weight': 16, 'subsample': 1.0, 'colsample_bytree': 0.9000000000000001, 'gamma': 0.8}. Best is trial 435 with value: 0.6193888035562585.
[I 2023-10-10 21:49:27,697] Trial 504 finished with value: 0.6095801261156443 and parameters: {'w0': 0.191, 'w1': 0.587, 'w2': 0.35000000000000003, 'w3': 0.8210000000000001, 'w4': 0.973, 'w5': 0.341, 'w6': 0.858, 'w7': 0.274, 'w8': 0.613, 'max_depth': 8, 'min_child_weight': 16, 'subsample': 1.0, 'colsample_bytree': 0.9000000000000001, 'gamma': 0.6000000000000001}. Best is trial 435 with value: 0.6193888035562585.
[I 2023-10-10 21:49:29,780] Trial 506 finished with value: 0.6084905718904172 and parameters: {'w0': 0.186, 'w1': 0.709, 'w2': 0.357, 'w3': 0.889, 'w4': 0.975, 'w5': 0.342, 'w6': 0.496, 'w7': 0.269, 'w8': 0.643, 'max_depth': 7, 'min_child_weight': 16, 'subsample': 1.0, 'colsample_bytree': 0.9000000000000001, 'gamma': 0.8}. Best is trial 435 with value: 0.6193888035562585.
[I 2023-10-10 21:54:05,853] Trial 510 finished with value: 0.5666553158413401 and parameters: {'w0': 0.17400000000000002, 'w1': 0.707, 'w2': 0.365, 'w3': 0.8230000000000001, 'w4': 0.973, 'w5': 0.341, 'w6': 0.47300000000000003, 'w7': 0.329, 'w8': 0.618, 'max_depth': 8, 'min_child_weight': 16, 'subsample': 1.0, 'colsample_bytree': 0.9000000000000001, 'gamma': 7.6000000000000005}. Best is trial 435 with value: 0.6193888035562585.
[I 2023-10-10 21:54:37,917] Trial 507 finished with value: 0.6180932476246483 and parameters: {'w0': 0.192, 'w1': 0.707, 'w2': 0.358, 'w3': 0.903, 'w4': 0.974, 'w5': 0.338, 'w6': 0.856, 'w7': 0.252, 'w8': 0.618, 'max_depth': 8, 'min_child_weight': 16, 'subsample': 1.0, 'colsample_bytree': 0.9000000000000001, 'gamma': 0.4}. Best is trial 435 with value: 0.6193888035562585.
[I 2023-10-10 21:56:15,209] Trial 508 finished with value: 0.6132942144191545 and parameters: {'w0': 0.161, 'w1': 0.543, 'w2': 0.34400000000000003, 'w3': 0.894, 'w4': 0.97, 'w5': 0.333, 'w6': 0.857, 'w7': 0.276, 'w8': 0.614, 'max_depth': 8, 'min_child_weight': 16, 'subsample': 1.0, 'colsample_bytree': 0.9000000000000001, 'gamma': 0.4}. Best is trial 435 with value: 0.6193888035562585.
[I 2023-10-10 21:59:11,660] Trial 509 finished with value: 0.5541886643965765 and parameters: {'w0': 0.162, 'w1': 0.7010000000000001, 'w2': 0.35200000000000004, 'w3': 0.114, 'w4': 0.971, 'w5': 0.34600000000000003, 'w6': 0.002, 'w7': 0.336, 'w8': 0.617, 'max_depth': 8, 'min_child_weight': 16, 'subsample': 1.0, 'colsample_bytree': 0.9000000000000001, 'gamma': 0.4}. Best is trial 435 with value: 0.6193888035562585.
[I 2023-10-10 22:00:44,374] Trial 513 finished with value: 0.6095569040994984 and parameters: {'w0': 0.162, 'w1': 0.562, 'w2': 0.356, 'w3': 0.8210000000000001, 'w4': 0.91, 'w5': 0.08800000000000001, 'w6': 0.883, 'w7': 0.334, 'w8': 0.643, 'max_depth': 7, 'min_child_weight': 16, 'subsample': 1.0, 'colsample_bytree': 0.9000000000000001, 'gamma': 0.4}. Best is trial 435 with value: 0.6193888035562585.
[I 2023-10-10 22:00:52,417] Trial 511 finished with value: 0.6160725026760547 and parameters: {'w0': 0.161, 'w1': 0.706, 'w2': 0.34700000000000003, 'w3': 0.8280000000000001, 'w4': 0.972, 'w5': 0.092, 'w6': 0.877, 'w7': 0.332, 'w8': 0.616, 'max_depth': 8, 'min_child_weight': 16, 'subsample': 1.0, 'colsample_bytree': 0.9000000000000001, 'gamma': 0.4}. Best is trial 435 with value: 0.6193888035562585.
[I 2023-10-10 22:01:35,343] Trial 515 finished with value: 0.5678545449587559 and parameters: {'w0': 0.156, 'w1': 0.681, 'w2': 0.364, 'w3': 0.8220000000000001, 'w4': 0.913, 'w5': 0.09, 'w6': 0.885, 'w7': 0.355, 'w8': 0.075, 'max_depth': 7, 'min_child_weight': 16, 'subsample': 1.0, 'colsample_bytree': 0.9000000000000001, 'gamma': 0.4}. Best is trial 435 with value: 0.6193888035562585.
[I 2023-10-10 22:02:36,603] Trial 512 finished with value: 0.5891582490012682 and parameters: {'w0': 0.20400000000000001, 'w1': 0.709, 'w2': 0.995, 'w3': 0.8280000000000001, 'w4': 0.911, 'w5': 0.343, 'w6': 0.505, 'w7': 0.334, 'w8': 0.648, 'max_depth': 7, 'min_child_weight': 16, 'subsample': 1.0, 'colsample_bytree': 0.9000000000000001, 'gamma': 0.4}. Best is trial 435 with value: 0.6193888035562585.
[I 2023-10-10 22:02:45,228] Trial 518 finished with value: 0.5616583946584943 and parameters: {'w0': 0.161, 'w1': 0.593, 'w2': 0.312, 'w3': 0.796, 'w4': 0.909, 'w5': 0.28700000000000003, 'w6': 0.884, 'w7': 0.333, 'w8': 0.055, 'max_depth': 7, 'min_child_weight': 14, 'subsample': 1.0, 'colsample_bytree': 0.9000000000000001, 'gamma': 0.4}. Best is trial 435 with value: 0.6193888035562585.
[I 2023-10-10 22:02:49,579] Trial 514 finished with value: 0.6121834994397679 and parameters: {'w0': 0.724, 'w1': 0.706, 'w2': 0.356, 'w3': 0.8230000000000001, 'w4': 0.916, 'w5': 0.097, 'w6': 0.883, 'w7': 0.253, 'w8': 0.6940000000000001, 'max_depth': 7, 'min_child_weight': 16, 'subsample': 1.0, 'colsample_bytree': 0.9000000000000001, 'gamma': 0.4}. Best is trial 435 with value: 0.6193888035562585.
[I 2023-10-10 22:03:00,595] Trial 517 finished with value: 0.6125187984342195 and parameters: {'w0': 0.157, 'w1': 0.54, 'w2': 0.314, 'w3': 0.798, 'w4': 0.913, 'w5': 0.28700000000000003, 'w6': 0.867, 'w7': 0.339, 'w8': 0.6950000000000001, 'max_depth': 7, 'min_child_weight': 14, 'subsample': 1.0, 'colsample_bytree': 0.9000000000000001, 'gamma': 0.4}. Best is trial 435 with value: 0.6193888035562585.
[I 2023-10-10 22:03:00,936] Trial 516 finished with value: 0.6136955346439049 and parameters: {'w0': 0.211, 'w1': 0.544, 'w2': 0.363, 'w3': 0.8200000000000001, 'w4': 0.907, 'w5': 0.091, 'w6': 0.876, 'w7': 0.334, 'w8': 0.647, 'max_depth': 7, 'min_child_weight': 16, 'subsample': 1.0, 'colsample_bytree': 0.9000000000000001, 'gamma': 0.4}. Best is trial 435 with value: 0.6193888035562585.
[I 2023-10-10 22:03:15,621] Trial 519 finished with value: 0.6154720283513735 and parameters: {'w0': 0.162, 'w1': 0.589, 'w2': 0.37, 'w3': 0.793, 'w4': 0.911, 'w5': 0.083, 'w6': 0.887, 'w7': 0.331, 'w8': 0.6970000000000001, 'max_depth': 7, 'min_child_weight': 14, 'subsample': 1.0, 'colsample_bytree': 0.9000000000000001, 'gamma': 0.4}. Best is trial 435 with value: 0.6193888035562585.
[I 2023-10-10 22:04:24,340] Trial 524 finished with value: 0.5552404685168589 and parameters: {'w0': 0.277, 'w1': 0.53, 'w2': 0.777, 'w3': 0.726, 'w4': 0.91, 'w5': 0.28700000000000003, 'w6': 0.888, 'w7': 0.339, 'w8': 0.6920000000000001, 'max_depth': 7, 'min_child_weight': 16, 'subsample': 1.0, 'colsample_bytree': 0.9000000000000001, 'gamma': 6.2}. Best is trial 435 with value: 0.6193888035562585.
[I 2023-10-10 22:05:26,839] Trial 522 finished with value: 0.6136822231114426 and parameters: {'w0': 0.152, 'w1': 0.674, 'w2': 0.316, 'w3': 0.798, 'w4': 0.909, 'w5': 0.074, 'w6': 0.875, 'w7': 0.325, 'w8': 0.6900000000000001, 'max_depth': 7, 'min_child_weight': 14, 'subsample': 1.0, 'colsample_bytree': 0.9000000000000001, 'gamma': 0.4}. Best is trial 435 with value: 0.6193888035562585.
[I 2023-10-10 22:05:37,872] Trial 520 finished with value: 0.6081317363841157 and parameters: {'w0': 0.997, 'w1': 0.6880000000000001, 'w2': 0.367, 'w3': 0.812, 'w4': 0.918, 'w5': 0.08700000000000001, 'w6': 0.878, 'w7': 0.248, 'w8': 0.6900000000000001, 'max_depth': 7, 'min_child_weight': 14, 'subsample': 1.0, 'colsample_bytree': 0.9000000000000001, 'gamma': 0.4}. Best is trial 435 with value: 0.6193888035562585.
[I 2023-10-10 22:06:07,943] Trial 521 finished with value: 0.6099235977797259 and parameters: {'w0': 0.151, 'w1': 0.68, 'w2': 0.368, 'w3': 0.8, 'w4': 0.903, 'w5': 0.266, 'w6': 0.883, 'w7': 0.34, 'w8': 0.7020000000000001, 'max_depth': 7, 'min_child_weight': 14, 'subsample': 1.0, 'colsample_bytree': 0.9000000000000001, 'gamma': 0.4}. Best is trial 435 with value: 0.6193888035562585.
[I 2023-10-10 22:10:01,751] Trial 523 finished with value: 0.6234345839763995 and parameters: {'w0': 0.276, 'w1': 0.676, 'w2': 0.318, 'w3': 0.726, 'w4': 0.917, 'w5': 0.093, 'w6': 0.884, 'w7': 0.339, 'w8': 0.6880000000000001, 'max_depth': 7, 'min_child_weight': 14, 'subsample': 1.0, 'colsample_bytree': 0.9000000000000001, 'gamma': 0.4}. Best is trial 523 with value: 0.6234345839763995.
[I 2023-10-10 22:12:19,218] Trial 535 finished with value: 0.4232678760816773 and parameters: {'w0': 0.241, 'w1': 0.683, 'w2': 0.405, 'w3': 0.726, 'w4': 0.993, 'w5': 0.002, 'w6': 0.913, 'w7': 0.20900000000000002, 'w8': 0.6900000000000001, 'max_depth': 7, 'min_child_weight': 14, 'subsample': 1.0, 'colsample_bytree': 0.9000000000000001, 'gamma': 6.4}. Best is trial 523 with value: 0.6234345839763995.
[I 2023-10-10 22:12:26,445] Trial 525 finished with value: 0.5954230688832877 and parameters: {'w0': 0.276, 'w1': 0.095, 'w2': 0.41000000000000003, 'w3': 0.723, 'w4': 0.912, 'w5': 0.38, 'w6': 0.883, 'w7': 0.335, 'w8': 0.6910000000000001, 'max_depth': 7, 'min_child_weight': 16, 'subsample': 1.0, 'colsample_bytree': 0.9000000000000001, 'gamma': 0.4}. Best is trial 523 with value: 0.6234345839763995.
[I 2023-10-10 22:15:55,757] Trial 526 finished with value: 0.6204705037182636 and parameters: {'w0': 0.279, 'w1': 0.678, 'w2': 0.369, 'w3': 0.926, 'w4': 0.921, 'w5': 0.376, 'w6': 0.886, 'w7': 0.342, 'w8': 0.6940000000000001, 'max_depth': 7, 'min_child_weight': 16, 'subsample': 1.0, 'colsample_bytree': 0.9000000000000001, 'gamma': 0.4}. Best is trial 523 with value: 0.6234345839763995.
[I 2023-10-10 22:16:40,038] Trial 527 finished with value: 0.6077466477219908 and parameters: {'w0': 0.275, 'w1': 0.686, 'w2': 0.40900000000000003, 'w3': 0.794, 'w4': 0.999, 'w5': 0.375, 'w6': 0.535, 'w7': 0.223, 'w8': 0.6950000000000001, 'max_depth': 7, 'min_child_weight': 16, 'subsample': 1.0, 'colsample_bytree': 0.9000000000000001, 'gamma': 0.4}. Best is trial 523 with value: 0.6234345839763995.
[I 2023-10-10 22:23:05,952] Trial 529 finished with value: 0.5991426689281949 and parameters: {'w0': 0.272, 'w1': 0.136, 'w2': 0.315, 'w3': 0.795, 'w4': 0.996, 'w5': 0.28400000000000003, 'w6': 0.886, 'w7': 0.248, 'w8': 0.6920000000000001, 'max_depth': 7, 'min_child_weight': 16, 'subsample': 1.0, 'colsample_bytree': 0.9000000000000001, 'gamma': 0.2}. Best is trial 523 with value: 0.6234345839763995.
[I 2023-10-10 22:23:20,357] Trial 530 finished with value: 0.5858986261256378 and parameters: {'w0': 0.275, 'w1': 0.096, 'w2': 0.314, 'w3': 0.796, 'w4': 0.998, 'w5': 0.28400000000000003, 'w6': 0.889, 'w7': 0.252, 'w8': 0.2, 'max_depth': 7, 'min_child_weight': 16, 'subsample': 1.0, 'colsample_bytree': 0.9000000000000001, 'gamma': 0.2}. Best is trial 523 with value: 0.6234345839763995.
[I 2023-10-10 22:24:37,440] Trial 528 finished with value: 0.6187600809947802 and parameters: {'w0': 0.279, 'w1': 0.685, 'w2': 0.40800000000000003, 'w3': 0.798, 'w4': 1.0, 'w5': 0.384, 'w6': 0.883, 'w7': 0.343, 'w8': 0.6980000000000001, 'max_depth': 7, 'min_child_weight': 16, 'subsample': 1.0, 'colsample_bytree': 0.9000000000000001, 'gamma': 0.2}. Best is trial 523 with value: 0.6234345839763995.
[I 2023-10-10 22:26:01,062] Trial 536 finished with value: 0.6115629026049237 and parameters: {'w0': 0.272, 'w1': 0.511, 'w2': 0.41100000000000003, 'w3': 0.795, 'w4': 0.999, 'w5': 0.27, 'w6': 0.911, 'w7': 0.23600000000000002, 'w8': 0.549, 'max_depth': 7, 'min_child_weight': 10, 'subsample': 1.0, 'colsample_bytree': 0.9000000000000001, 'gamma': 0.2}. Best is trial 523 with value: 0.6234345839763995.
[I 2023-10-10 22:26:07,436] Trial 532 finished with value: 0.613439428646702 and parameters: {'w0': 0.278, 'w1': 0.68, 'w2': 0.40800000000000003, 'w3': 0.729, 'w4': 0.997, 'w5': 0.381, 'w6': 0.897, 'w7': 0.243, 'w8': 0.6920000000000001, 'max_depth': 7, 'min_child_weight': 16, 'subsample': 1.0, 'colsample_bytree': 0.9000000000000001, 'gamma': 0.2}. Best is trial 523 with value: 0.6234345839763995.
[I 2023-10-10 22:26:49,242] Trial 534 finished with value: 0.6221270515330919 and parameters: {'w0': 0.23700000000000002, 'w1': 0.678, 'w2': 0.40800000000000003, 'w3': 0.724, 'w4': 1.0, 'w5': 0.265, 'w6': 0.899, 'w7': 0.365, 'w8': 0.726, 'max_depth': 7, 'min_child_weight': 16, 'subsample': 1.0, 'colsample_bytree': 0.9000000000000001, 'gamma': 0.2}. Best is trial 523 with value: 0.6234345839763995.
[I 2023-10-10 22:26:56,755] Trial 533 finished with value: 0.6200059859511475 and parameters: {'w0': 0.275, 'w1': 0.68, 'w2': 0.41400000000000003, 'w3': 0.79, 'w4': 0.999, 'w5': 0.376, 'w6': 0.912, 'w7': 0.363, 'w8': 0.728, 'max_depth': 7, 'min_child_weight': 16, 'subsample': 1.0, 'colsample_bytree': 0.9000000000000001, 'gamma': 0.2}. Best is trial 523 with value: 0.6234345839763995.
[I 2023-10-10 22:27:02,374] Trial 531 finished with value: 0.6168824900406968 and parameters: {'w0': 0.279, 'w1': 0.679, 'w2': 0.41000000000000003, 'w3': 0.934, 'w4': 0.998, 'w5': 0.376, 'w6': 0.887, 'w7': 0.357, 'w8': 0.724, 'max_depth': 7, 'min_child_weight': 16, 'subsample': 1.0, 'colsample_bytree': 0.9000000000000001, 'gamma': 0.2}. Best is trial 523 with value: 0.6234345839763995.
[I 2023-10-10 22:27:29,942] Trial 538 finished with value: 0.6126280180940962 and parameters: {'w0': 0.273, 'w1': 0.682, 'w2': 0.41200000000000003, 'w3': 0.792, 'w4': 0.999, 'w5': 0.378, 'w6': 0.912, 'w7': 0.2, 'w8': 0.723, 'max_depth': 7, 'min_child_weight': 16, 'subsample': 1.0, 'colsample_bytree': 0.3, 'gamma': 0.2}. Best is trial 523 with value: 0.6234345839763995.
[I 2023-10-10 22:28:30,625] Trial 537 finished with value: 0.6169762026042626 and parameters: {'w0': 0.272, 'w1': 0.683, 'w2': 0.41200000000000003, 'w3': 0.92, 'w4': 1.0, 'w5': 0.378, 'w6': 0.901, 'w7': 0.227, 'w8': 0.714, 'max_depth': 7, 'min_child_weight': 16, 'subsample': 1.0, 'colsample_bytree': 0.9000000000000001, 'gamma': 0.2}. Best is trial 523 with value: 0.6234345839763995.
[I 2023-10-10 22:30:12,280] Trial 539 finished with value: 0.6186149837078424 and parameters: {'w0': 0.23600000000000002, 'w1': 0.764, 'w2': 0.41000000000000003, 'w3': 0.727, 'w4': 0.996, 'w5': 0.369, 'w6': 0.908, 'w7': 0.359, 'w8': 0.722, 'max_depth': 7, 'min_child_weight': 16, 'subsample': 1.0, 'colsample_bytree': 0.9000000000000001, 'gamma': 0.2}. Best is trial 523 with value: 0.6234345839763995.
[I 2023-10-10 22:32:34,926] Trial 540 finished with value: 0.6200056230920912 and parameters: {'w0': 0.273, 'w1': 0.685, 'w2': 0.322, 'w3': 0.722, 'w4': 0.887, 'w5': 0.061, 'w6': 0.909, 'w7': 0.359, 'w8': 0.708, 'max_depth': 7, 'min_child_weight': 14, 'subsample': 1.0, 'colsample_bytree': 0.9000000000000001, 'gamma': 0.2}. Best is trial 523 with value: 0.6234345839763995.
[I 2023-10-10 22:33:23,310] Trial 542 finished with value: 0.5689942939635756 and parameters: {'w0': 0.273, 'w1': 0.65, 'w2': 0.314, 'w3': 0.014000000000000002, 'w4': 0.885, 'w5': 0.060000000000000005, 'w6': 0.91, 'w7': 0.357, 'w8': 0.54, 'max_depth': 7, 'min_child_weight': 14, 'subsample': 1.0, 'colsample_bytree': 0.9000000000000001, 'gamma': 0.2}. Best is trial 523 with value: 0.6234345839763995.
[I 2023-10-10 22:36:20,098] Trial 541 finished with value: 0.6152505501151997 and parameters: {'w0': 0.273, 'w1': 0.68, 'w2': 0.321, 'w3': 0.78, 'w4': 0.886, 'w5': 0.38, 'w6': 0.913, 'w7': 0.363, 'w8': 0.718, 'max_depth': 7, 'min_child_weight': 14, 'subsample': 1.0, 'colsample_bytree': 0.9000000000000001, 'gamma': 0.2}. Best is trial 523 with value: 0.6234345839763995.
[I 2023-10-10 22:38:59,469] Trial 544 finished with value: 0.6152708399043391 and parameters: {'w0': 0.276, 'w1': 0.445, 'w2': 0.324, 'w3': 0.925, 'w4': 0.878, 'w5': 0.379, 'w6': 0.912, 'w7': 0.364, 'w8': 0.715, 'max_depth': 7, 'min_child_weight': 14, 'subsample': 1.0, 'colsample_bytree': 0.3, 'gamma': 0.2}. Best is trial 523 with value: 0.6234345839763995.
[I 2023-10-10 22:39:22,445] Trial 543 finished with value: 0.6154353897319383 and parameters: {'w0': 0.269, 'w1': 0.652, 'w2': 0.322, 'w3': 0.912, 'w4': 0.889, 'w5': 0.373, 'w6': 0.908, 'w7': 0.361, 'w8': 0.706, 'max_depth': 7, 'min_child_weight': 14, 'subsample': 1.0, 'colsample_bytree': 0.9000000000000001, 'gamma': 0.2}. Best is trial 523 with value: 0.6234345839763995.
[I 2023-10-10 22:45:24,455] Trial 546 finished with value: 0.6174449438444349 and parameters: {'w0': 0.242, 'w1': 0.66, 'w2': 0.324, 'w3': 0.733, 'w4': 0.885, 'w5': 0.365, 'w6': 0.912, 'w7': 0.368, 'w8': 0.724, 'max_depth': 7, 'min_child_weight': 10, 'subsample': 1.0, 'colsample_bytree': 0.9000000000000001, 'gamma': 0.2}. Best is trial 523 with value: 0.6234345839763995.
[I 2023-10-10 22:45:54,295] Trial 545 finished with value: 0.6077555175322201 and parameters: {'w0': 0.277, 'w1': 0.648, 'w2': 0.323, 'w3': 0.92, 'w4': 0.998, 'w5': 0.367, 'w6': 0.915, 'w7': 0.359, 'w8': 0.339, 'max_depth': 7, 'min_child_weight': 14, 'subsample': 1.0, 'colsample_bytree': 0.9000000000000001, 'gamma': 0.2}. Best is trial 523 with value: 0.6234345839763995.
[I 2023-10-10 22:47:15,297] Trial 547 finished with value: 0.6140117259319884 and parameters: {'w0': 0.277, 'w1': 0.651, 'w2': 0.32, 'w3': 0.932, 'w4': 0.888, 'w5': 0.377, 'w6': 0.907, 'w7': 0.362, 'w8': 0.72, 'max_depth': 8, 'min_child_weight': 10, 'subsample': 1.0, 'colsample_bytree': 0.9000000000000001, 'gamma': 0.2}. Best is trial 523 with value: 0.6234345839763995.
[I 2023-10-10 22:50:03,421] Trial 551 finished with value: 0.6176207936856658 and parameters: {'w0': 0.31, 'w1': 0.648, 'w2': 0.41400000000000003, 'w3': 0.935, 'w4': 0.983, 'w5': 0.371, 'w6': 0.912, 'w7': 0.367, 'w8': 0.718, 'max_depth': 7, 'min_child_weight': 16, 'subsample': 1.0, 'colsample_bytree': 0.3, 'gamma': 0.0}. Best is trial 523 with value: 0.6234345839763995.
[I 2023-10-10 22:50:49,831] Trial 548 finished with value: 0.6169535777843236 and parameters: {'w0': 0.309, 'w1': 0.671, 'w2': 0.335, 'w3': 0.735, 'w4': 0.892, 'w5': 0.382, 'w6': 0.905, 'w7': 0.362, 'w8': 0.72, 'max_depth': 7, 'min_child_weight': 14, 'subsample': 1.0, 'colsample_bytree': 0.9000000000000001, 'gamma': 0.0}. Best is trial 523 with value: 0.6234345839763995.
[I 2023-10-10 22:50:56,126] Trial 549 finished with value: 0.6156829974859009 and parameters: {'w0': 0.244, 'w1': 0.448, 'w2': 0.321, 'w3': 0.928, 'w4': 0.886, 'w5': 0.372, 'w6': 0.918, 'w7': 0.354, 'w8': 0.72, 'max_depth': 7, 'min_child_weight': 14, 'subsample': 1.0, 'colsample_bytree': 0.9000000000000001, 'gamma': 0.0}. Best is trial 523 with value: 0.6234345839763995.
[I 2023-10-10 22:51:23,075] Trial 550 finished with value: 0.6172647195658298 and parameters: {'w0': 0.299, 'w1': 0.648, 'w2': 0.325, 'w3': 0.722, 'w4': 0.882, 'w5': 0.367, 'w6': 0.915, 'w7': 0.365, 'w8': 0.721, 'max_depth': 7, 'min_child_weight': 16, 'subsample': 1.0, 'colsample_bytree': 0.9000000000000001, 'gamma': 0.0}. Best is trial 523 with value: 0.6234345839763995.
