[I 2023-10-13 07:33:56,259] Trial 3 finished with value: 0.31932347513144477 and parameters: {'w0': 0.011, 'w1': 0.853, 'w2': 0.10200000000000001, 'w3': 0.547, 'w4': 0.465, 'w5': 0.664, 'w6': 0.222, 'w7': 0.903, 'w8': 0.537, 'max_depth': 9, 'min_child_weight': 12, 'subsample': 0.6000000000000001, 'colsample_bytree': 0.5, 'gamma': 7.800000000000001}. Best is trial 15 with value: 0.4078017437035604.
[I 2023-10-13 07:34:08,616] Trial 4 finished with value: 0.4494545445697154 and parameters: {'w0': 0.322, 'w1': 0.41300000000000003, 'w2': 0.529, 'w3': 0.329, 'w4': 0.737, 'w5': 0.22, 'w6': 0.735, 'w7': 0.168, 'w8': 0.644, 'max_depth': 10, 'min_child_weight': 18, 'subsample': 0.9000000000000001, 'colsample_bytree': 0.8, 'gamma': 5.0}. Best is trial 4 with value: 0.4494545445697154.
[I 2023-10-13 07:34:11,566] Trial 8 finished with value: 0.43471835971530154 and parameters: {'w0': 0.9600000000000001, 'w1': 0.4, 'w2': 0.164, 'w3': 0.611, 'w4': 0.723, 'w5': 0.14400000000000002, 'w6': 0.6, 'w7': 0.223, 'w8': 0.752, 'max_depth': 5, 'min_child_weight': 8, 'subsample': 0.6000000000000001, 'colsample_bytree': 0.8, 'gamma': 5.6000000000000005}. Best is trial 4 with value: 0.4494545445697154.
[I 2023-10-13 07:34:46,877] Trial 1 finished with value: 0.43725875731863156 and parameters: {'w0': 0.984, 'w1': 0.858, 'w2': 0.856, 'w3': 0.8320000000000001, 'w4': 0.765, 'w5': 0.5730000000000001, 'w6': 0.081, 'w7': 0.8150000000000001, 'w8': 0.9540000000000001, 'max_depth': 4, 'min_child_weight': 20, 'subsample': 0.7, 'colsample_bytree': 0.4, 'gamma': 6.0}. Best is trial 4 with value: 0.4494545445697154.
[I 2023-10-13 07:34:51,803] Trial 5 finished with value: 0.3726686460592599 and parameters: {'w0': 0.123, 'w1': 0.132, 'w2': 0.79, 'w3': 0.492, 'w4': 0.758, 'w5': 0.045, 'w6': 0.894, 'w7': 0.8260000000000001, 'w8': 0.18, 'max_depth': 3, 'min_child_weight': 8, 'subsample': 0.9000000000000001, 'colsample_bytree': 0.4, 'gamma': 2.4000000000000004}. Best is trial 4 with value: 0.4494545445697154.
[I 2023-10-13 07:35:25,882] Trial 11 finished with value: 0.41840836224074207 and parameters: {'w0': 0.486, 'w1': 0.029, 'w2': 0.036000000000000004, 'w3': 0.9440000000000001, 'w4': 0.501, 'w5': 0.079, 'w6': 0.462, 'w7': 0.496, 'w8': 0.789, 'max_depth': 9, 'min_child_weight': 20, 'subsample': 1.0, 'colsample_bytree': 0.3, 'gamma': 1.0}. Best is trial 4 with value: 0.4494545445697154.
[I 2023-10-13 07:36:00,818] Trial 14 finished with value: 0.43676866268978326 and parameters: {'w0': 0.23900000000000002, 'w1': 0.6970000000000001, 'w2': 0.008, 'w3': 0.07200000000000001, 'w4': 0.538, 'w5': 0.399, 'w6': 0.67, 'w7': 0.124, 'w8': 0.604, 'max_depth': 4, 'min_child_weight': 10, 'subsample': 0.9000000000000001, 'colsample_bytree': 0.5, 'gamma': 1.2000000000000002}. Best is trial 4 with value: 0.4494545445697154.
[I 2023-10-13 07:36:06,180] Trial 10 finished with value: 0.4459728546066085 and parameters: {'w0': 0.921, 'w1': 0.019000000000000003, 'w2': 0.784, 'w3': 0.148, 'w4': 0.9410000000000001, 'w5': 0.8250000000000001, 'w6': 0.9600000000000001, 'w7': 0.9410000000000001, 'w8': 0.969, 'max_depth': 9, 'min_child_weight': 0, 'subsample': 0.7, 'colsample_bytree': 0.6000000000000001, 'gamma': 6.6000000000000005}. Best is trial 4 with value: 0.4494545445697154.
[I 2023-10-13 07:37:34,116] Trial 12 finished with value: 0.45892282185023775 and parameters: {'w0': 0.465, 'w1': 0.885, 'w2': 0.222, 'w3': 0.657, 'w4': 0.022000000000000002, 'w5': 0.989, 'w6': 0.293, 'w7': 0.17500000000000002, 'w8': 0.936, 'max_depth': 3, 'min_child_weight': 16, 'subsample': 0.5, 'colsample_bytree': 0.4, 'gamma': 1.0}. Best is trial 12 with value: 0.45892282185023775.
[I 2023-10-13 07:38:00,647] Trial 6 finished with value: 0.44960476497981433 and parameters: {'w0': 0.6, 'w1': 0.341, 'w2': 0.715, 'w3': 0.966, 'w4': 0.042, 'w5': 0.603, 'w6': 0.647, 'w7': 0.5640000000000001, 'w8': 0.211, 'max_depth': 3, 'min_child_weight': 12, 'subsample': 0.6000000000000001, 'colsample_bytree': 1.0, 'gamma': 0.4}. Best is trial 12 with value: 0.45892282185023775.
[I 2023-10-13 07:40:42,368] Trial 0 finished with value: 0.46135543206523316 and parameters: {'w0': 0.499, 'w1': 0.597, 'w2': 0.448, 'w3': 0.666, 'w4': 0.929, 'w5': 0.374, 'w6': 0.5660000000000001, 'w7': 0.722, 'w8': 0.518, 'max_depth': 4, 'min_child_weight': 6, 'subsample': 0.2, 'colsample_bytree': 0.9000000000000001, 'gamma': 1.8}. Best is trial 0 with value: 0.46135543206523316.
[I 2023-10-13 07:41:57,554] Trial 18 finished with value: 0.2624550935472526 and parameters: {'w0': 0.019000000000000003, 'w1': 0.14, 'w2': 0.865, 'w3': 0.027000000000000003, 'w4': 0.098, 'w5': 0.778, 'w6': 0.776, 'w7': 0.281, 'w8': 0.418, 'max_depth': 5, 'min_child_weight': 14, 'subsample': 0.4, 'colsample_bytree': 0.6000000000000001, 'gamma': 9.8}. Best is trial 0 with value: 0.46135543206523316.
[I 2023-10-13 07:42:32,499] Trial 22 finished with value: 0.3845154120422234 and parameters: {'w0': 0.001, 'w1': 0.8320000000000001, 'w2': 0.852, 'w3': 0.2, 'w4': 0.518, 'w5': 0.060000000000000005, 'w6': 0.659, 'w7': 0.35200000000000004, 'w8': 0.988, 'max_depth': 10, 'min_child_weight': 14, 'subsample': 1.0, 'colsample_bytree': 0.5, 'gamma': 9.0}. Best is trial 0 with value: 0.46135543206523316.
[I 2023-10-13 07:42:47,099] Trial 16 finished with value: 0.3857983053337676 and parameters: {'w0': 0.525, 'w1': 0.406, 'w2': 0.466, 'w3': 0.449, 'w4': 0.20900000000000002, 'w5': 0.8260000000000001, 'w6': 0.081, 'w7': 0.9570000000000001, 'w8': 0.494, 'max_depth': 6, 'min_child_weight': 2, 'subsample': 0.4, 'colsample_bytree': 0.4, 'gamma': 7.4}. Best is trial 0 with value: 0.46135543206523316.
[I 2023-10-13 07:44:03,081] Trial 17 finished with value: 0.4178753611961793 and parameters: {'w0': 0.729, 'w1': 0.484, 'w2': 0.847, 'w3': 0.726, 'w4': 0.232, 'w5': 0.136, 'w6': 0.314, 'w7': 0.11800000000000001, 'w8': 0.724, 'max_depth': 9, 'min_child_weight': 14, 'subsample': 0.7, 'colsample_bytree': 0.6000000000000001, 'gamma': 4.0}. Best is trial 0 with value: 0.46135543206523316.
[I 2023-10-13 07:44:32,627] Trial 23 finished with value: 0.4522436284268604 and parameters: {'w0': 0.9580000000000001, 'w1': 0.758, 'w2': 0.554, 'w3': 0.369, 'w4': 0.023, 'w5': 0.074, 'w6': 0.836, 'w7': 0.465, 'w8': 0.249, 'max_depth': 10, 'min_child_weight': 12, 'subsample': 0.8, 'colsample_bytree': 0.7, 'gamma': 4.2}. Best is trial 0 with value: 0.46135543206523316.
[I 2023-10-13 07:44:57,812] Trial 26 finished with value: 0.38531711470860064 and parameters: {'w0': 0.6920000000000001, 'w1': 0.439, 'w2': 0.396, 'w3': 0.302, 'w4': 0.707, 'w5': 0.874, 'w6': 0.046, 'w7': 0.027000000000000003, 'w8': 0.994, 'max_depth': 3, 'min_child_weight': 0, 'subsample': 0.8, 'colsample_bytree': 1.0, 'gamma': 5.6000000000000005}. Best is trial 0 with value: 0.46135543206523316.
[I 2023-10-13 07:45:58,299] Trial 20 finished with value: 0.46862050256921906 and parameters: {'w0': 0.738, 'w1': 0.921, 'w2': 0.6880000000000001, 'w3': 0.888, 'w4': 0.674, 'w5': 0.65, 'w6': 0.401, 'w7': 0.861, 'w8': 0.869, 'max_depth': 8, 'min_child_weight': 10, 'subsample': 0.8, 'colsample_bytree': 0.9000000000000001, 'gamma': 4.0}. Best is trial 20 with value: 0.46862050256921906.
[I 2023-10-13 07:46:52,559] Trial 27 finished with value: 0.450864299672655 and parameters: {'w0': 0.667, 'w1': 0.425, 'w2': 0.41400000000000003, 'w3': 0.777, 'w4': 0.927, 'w5': 0.774, 'w6': 0.1, 'w7': 0.391, 'w8': 0.97, 'max_depth': 6, 'min_child_weight': 0, 'subsample': 0.8, 'colsample_bytree': 1.0, 'gamma': 5.0}. Best is trial 20 with value: 0.46862050256921906.
[I 2023-10-13 07:47:12,274] Trial 21 finished with value: 0.47644374156135727 and parameters: {'w0': 0.58, 'w1': 0.46900000000000003, 'w2': 0.75, 'w3': 0.996, 'w4': 0.936, 'w5': 0.39, 'w6': 0.8, 'w7': 0.482, 'w8': 0.747, 'max_depth': 4, 'min_child_weight': 2, 'subsample': 1.0, 'colsample_bytree': 0.7, 'gamma': 0.6000000000000001}. Best is trial 21 with value: 0.47644374156135727.
[I 2023-10-13 07:48:26,684] Trial 28 finished with value: 0.4209799307386917 and parameters: {'w0': 0.686, 'w1': 0.319, 'w2': 0.492, 'w3': 0.28600000000000003, 'w4': 0.978, 'w5': 0.962, 'w6': 0.99, 'w7': 0.004, 'w8': 0.399, 'max_depth': 10, 'min_child_weight': 0, 'subsample': 0.8, 'colsample_bytree': 1.0, 'gamma': 4.0}. Best is trial 21 with value: 0.47644374156135727.
[I 2023-10-13 07:49:48,991] Trial 19 finished with value: 0.4106505196129785 and parameters: {'w0': 0.936, 'w1': 0.991, 'w2': 0.855, 'w3': 0.042, 'w4': 0.106, 'w5': 0.449, 'w6': 0.026000000000000002, 'w7': 0.75, 'w8': 0.935, 'max_depth': 6, 'min_child_weight': 12, 'subsample': 0.8, 'colsample_bytree': 0.4, 'gamma': 1.2000000000000002}. Best is trial 21 with value: 0.47644374156135727.
[I 2023-10-13 07:49:56,757] Trial 30 finished with value: 0.4383911800202712 and parameters: {'w0': 0.654, 'w1': 0.995, 'w2': 0.366, 'w3': 0.755, 'w4': 0.04, 'w5': 0.973, 'w6': 0.311, 'w7': 0.391, 'w8': 0.365, 'max_depth': 3, 'min_child_weight': 16, 'subsample': 0.30000000000000004, 'colsample_bytree': 1.0, 'gamma': 3.2}. Best is trial 21 with value: 0.47644374156135727.
[I 2023-10-13 07:50:40,756] Trial 24 finished with value: 0.3988567433968011 and parameters: {'w0': 0.592, 'w1': 0.28600000000000003, 'w2': 0.067, 'w3': 0.23700000000000002, 'w4': 0.024, 'w5': 0.748, 'w6': 0.609, 'w7': 0.447, 'w8': 0.019000000000000003, 'max_depth': 6, 'min_child_weight': 4, 'subsample': 0.30000000000000004, 'colsample_bytree': 0.6000000000000001, 'gamma': 1.6}. Best is trial 21 with value: 0.47644374156135727.
[I 2023-10-13 07:51:18,254] Trial 29 finished with value: 0.4170803332080065 and parameters: {'w0': 0.658, 'w1': 0.459, 'w2': 0.388, 'w3': 0.276, 'w4': 0.663, 'w5': 0.922, 'w6': 0.735, 'w7': 0.003, 'w8': 0.47200000000000003, 'max_depth': 6, 'min_child_weight': 16, 'subsample': 0.30000000000000004, 'colsample_bytree': 1.0, 'gamma': 3.4000000000000004}. Best is trial 21 with value: 0.47644374156135727.
[I 2023-10-13 07:55:50,569] Trial 34 finished with value: 0.4342798760428483 and parameters: {'w0': 0.654, 'w1': 0.995, 'w2': 0.357, 'w3': 0.784, 'w4': 0.378, 'w5': 0.9570000000000001, 'w6': 0.35000000000000003, 'w7': 0.41600000000000004, 'w8': 0.012, 'max_depth': 4, 'min_child_weight': 4, 'subsample': 0.2, 'colsample_bytree': 1.0, 'gamma': 3.0}. Best is trial 21 with value: 0.47644374156135727.
[I 2023-10-13 07:55:59,391] Trial 31 finished with value: 0.42534039947814084 and parameters: {'w0': 0.631, 'w1': 0.511, 'w2': 0.358, 'w3': 0.753, 'w4': 0.365, 'w5': 0.916, 'w6': 0.34800000000000003, 'w7': 0.010000000000000002, 'w8': 0.4, 'max_depth': 6, 'min_child_weight': 2, 'subsample': 0.2, 'colsample_bytree': 1.0, 'gamma': 2.8000000000000003}. Best is trial 21 with value: 0.47644374156135727.
[I 2023-10-13 07:56:43,859] Trial 32 finished with value: 0.46729441423530427 and parameters: {'w0': 0.651, 'w1': 0.985, 'w2': 0.363, 'w3': 0.748, 'w4': 0.322, 'w5': 0.451, 'w6': 0.315, 'w7': 0.42, 'w8': 0.403, 'max_depth': 6, 'min_child_weight': 4, 'subsample': 0.30000000000000004, 'colsample_bytree': 1.0, 'gamma': 3.2}. Best is trial 21 with value: 0.47644374156135727.
[I 2023-10-13 07:57:16,619] Trial 33 finished with value: 0.4219734037329774 and parameters: {'w0': 0.628, 'w1': 0.997, 'w2': 0.373, 'w3': 0.744, 'w4': 0.257, 'w5': 0.994, 'w6': 0.34500000000000003, 'w7': 0.001, 'w8': 0.382, 'max_depth': 6, 'min_child_weight': 2, 'subsample': 0.2, 'colsample_bytree': 1.0, 'gamma': 3.2}. Best is trial 21 with value: 0.47644374156135727.
[I 2023-10-13 07:57:20,027] Trial 35 finished with value: 0.3861379245081057 and parameters: {'w0': 0.68, 'w1': 0.588, 'w2': 0.44, 'w3': 0.757, 'w4': 0.39, 'w5': 0.965, 'w6': 0.37, 'w7': 0.008, 'w8': 0.009000000000000001, 'max_depth': 4, 'min_child_weight': 4, 'subsample': 0.2, 'colsample_bytree': 1.0, 'gamma': 2.6}. Best is trial 21 with value: 0.47644374156135727.
[I 2023-10-13 07:57:48,853] Trial 36 finished with value: 0.44602153204299877 and parameters: {'w0': 0.675, 'w1': 0.985, 'w2': 0.391, 'w3': 0.751, 'w4': 0.001, 'w5': 0.992, 'w6': 0.56, 'w7': 0.40900000000000003, 'w8': 0.018000000000000002, 'max_depth': 4, 'min_child_weight': 6, 'subsample': 0.2, 'colsample_bytree': 1.0, 'gamma': 2.6}. Best is trial 21 with value: 0.47644374156135727.
[I 2023-10-13 07:57:52,307] Trial 37 finished with value: 0.44494821276204854 and parameters: {'w0': 0.646, 'w1': 0.974, 'w2': 0.34400000000000003, 'w3': 0.755, 'w4': 0.003, 'w5': 0.993, 'w6': 0.549, 'w7': 0.369, 'w8': 0.002, 'max_depth': 4, 'min_child_weight': 4, 'subsample': 0.2, 'colsample_bytree': 0.8, 'gamma': 2.6}. Best is trial 21 with value: 0.47644374156135727.
[I 2023-10-13 08:00:30,026] Trial 25 finished with value: 0.44594679431374 and parameters: {'w0': 0.63, 'w1': 0.41000000000000003, 'w2': 0.423, 'w3': 0.23, 'w4': 0.559, 'w5': 0.981, 'w6': 0.717, 'w7': 0.032, 'w8': 0.434, 'max_depth': 10, 'min_child_weight': 16, 'subsample': 0.8, 'colsample_bytree': 1.0, 'gamma': 0.6000000000000001}. Best is trial 21 with value: 0.47644374156135727.
[I 2023-10-13 08:03:38,959] Trial 44 finished with value: 0.47706888619539634 and parameters: {'w0': 0.8210000000000001, 'w1': 0.58, 'w2': 0.618, 'w3': 0.865, 'w4': 0.838, 'w5': 0.334, 'w6': 0.522, 'w7': 0.685, 'w8': 0.841, 'max_depth': 4, 'min_child_weight': 4, 'subsample': 0.7, 'colsample_bytree': 0.9000000000000001, 'gamma': 2.6}. Best is trial 44 with value: 0.47706888619539634.
[I 2023-10-13 08:05:41,863] Trial 38 finished with value: 0.46406400601606346 and parameters: {'w0': 0.621, 'w1': 0.9510000000000001, 'w2': 0.35000000000000003, 'w3': 0.789, 'w4': 0.885, 'w5': 0.976, 'w6': 0.383, 'w7': 0.731, 'w8': 0.882, 'max_depth': 7, 'min_child_weight': 6, 'subsample': 0.2, 'colsample_bytree': 0.9000000000000001, 'gamma': 2.6}. Best is trial 44 with value: 0.47706888619539634.
[I 2023-10-13 08:06:32,343] Trial 45 finished with value: 0.48358985720488157 and parameters: {'w0': 0.778, 'w1': 0.5670000000000001, 'w2': 0.615, 'w3': 0.868, 'w4': 0.856, 'w5': 0.295, 'w6': 0.541, 'w7': 0.682, 'w8': 0.891, 'max_depth': 4, 'min_child_weight': 6, 'subsample': 0.7, 'colsample_bytree': 0.9000000000000001, 'gamma': 0.0}. Best is trial 45 with value: 0.48358985720488157.
[I 2023-10-13 08:06:45,855] Trial 39 finished with value: 0.4641518929265843 and parameters: {'w0': 0.554, 'w1': 0.98, 'w2': 0.29, 'w3': 0.853, 'w4': 0.616, 'w5': 0.997, 'w6': 0.378, 'w7': 0.711, 'w8': 0.886, 'max_depth': 7, 'min_child_weight': 4, 'subsample': 0.30000000000000004, 'colsample_bytree': 0.9000000000000001, 'gamma': 2.8000000000000003}. Best is trial 45 with value: 0.48358985720488157.
[I 2023-10-13 08:08:15,696] Trial 40 finished with value: 0.4881990304095833 and parameters: {'w0': 0.801, 'w1': 0.996, 'w2': 0.64, 'w3': 0.858, 'w4': 1.0, 'w5': 0.45, 'w6': 0.5650000000000001, 'w7': 0.6990000000000001, 'w8': 0.844, 'max_depth': 7, 'min_child_weight': 4, 'subsample': 0.2, 'colsample_bytree': 0.9000000000000001, 'gamma': 2.6}. Best is trial 40 with value: 0.4881990304095833.
[I 2023-10-13 08:09:17,404] Trial 42 finished with value: 0.48698388819360144 and parameters: {'w0': 0.5740000000000001, 'w1': 0.612, 'w2': 0.628, 'w3': 0.85, 'w4': 0.849, 'w5': 0.292, 'w6': 0.579, 'w7': 0.669, 'w8': 0.86, 'max_depth': 7, 'min_child_weight': 4, 'subsample': 0.2, 'colsample_bytree': 0.9000000000000001, 'gamma': 2.8000000000000003}. Best is trial 40 with value: 0.4881990304095833.
[I 2023-10-13 08:09:43,178] Trial 41 finished with value: 0.4861257028352129 and parameters: {'w0': 0.5740000000000001, 'w1': 0.994, 'w2': 0.663, 'w3': 0.862, 'w4': 0.854, 'w5': 0.457, 'w6': 0.5640000000000001, 'w7': 0.6910000000000001, 'w8': 0.6930000000000001, 'max_depth': 7, 'min_child_weight': 4, 'subsample': 0.2, 'colsample_bytree': 0.9000000000000001, 'gamma': 2.2}. Best is trial 40 with value: 0.4881990304095833.
[I 2023-10-13 08:11:08,288] Trial 43 finished with value: 0.4888951078201801 and parameters: {'w0': 0.5680000000000001, 'w1': 0.59, 'w2': 0.643, 'w3': 0.858, 'w4': 0.852, 'w5': 0.272, 'w6': 0.552, 'w7': 0.68, 'w8': 0.669, 'max_depth': 7, 'min_child_weight': 4, 'subsample': 0.2, 'colsample_bytree': 0.9000000000000001, 'gamma': 2.0}. Best is trial 43 with value: 0.4888951078201801.
[I 2023-10-13 08:11:26,665] Trial 47 finished with value: 0.47346604374531737 and parameters: {'w0': 0.782, 'w1': 0.581, 'w2': 0.638, 'w3': 0.91, 'w4': 0.852, 'w5': 0.293, 'w6': 0.545, 'w7': 0.847, 'w8': 0.878, 'max_depth': 4, 'min_child_weight': 8, 'subsample': 0.5, 'colsample_bytree': 0.9000000000000001, 'gamma': 0.0}. Best is trial 43 with value: 0.4888951078201801.
[I 2023-10-13 08:11:31,444] Trial 46 finished with value: 0.48283687446552814 and parameters: {'w0': 0.834, 'w1': 0.591, 'w2': 0.609, 'w3': 0.888, 'w4': 0.873, 'w5': 0.336, 'w6': 0.554, 'w7': 0.6980000000000001, 'w8': 0.876, 'max_depth': 4, 'min_child_weight': 6, 'subsample': 0.5, 'colsample_bytree': 0.9000000000000001, 'gamma': 0.0}. Best is trial 43 with value: 0.4888951078201801.
[I 2023-10-13 08:17:28,444] Trial 48 finished with value: 0.48837609193583137 and parameters: {'w0': 0.794, 'w1': 0.5750000000000001, 'w2': 0.63, 'w3': 0.882, 'w4': 0.859, 'w5': 0.304, 'w6': 0.539, 'w7': 0.674, 'w8': 0.854, 'max_depth': 7, 'min_child_weight': 6, 'subsample': 0.5, 'colsample_bytree': 0.9000000000000001, 'gamma': 2.2}. Best is trial 43 with value: 0.4888951078201801.
[I 2023-10-13 08:18:27,335] Trial 49 finished with value: 0.48628978182645505 and parameters: {'w0': 0.787, 'w1': 0.636, 'w2': 0.636, 'w3': 0.875, 'w4': 0.857, 'w5': 0.281, 'w6': 0.531, 'w7': 0.849, 'w8': 0.892, 'max_depth': 7, 'min_child_weight': 6, 'subsample': 0.5, 'colsample_bytree': 0.9000000000000001, 'gamma': 2.0}. Best is trial 43 with value: 0.4888951078201801.
[I 2023-10-13 08:20:15,959] Trial 51 finished with value: 0.4878796948284859 and parameters: {'w0': 0.836, 'w1': 0.901, 'w2': 0.63, 'w3': 0.894, 'w4': 0.841, 'w5': 0.326, 'w6': 0.535, 'w7': 0.836, 'w8': 0.844, 'max_depth': 7, 'min_child_weight': 8, 'subsample': 0.9000000000000001, 'colsample_bytree': 0.9000000000000001, 'gamma': 0.0}. Best is trial 43 with value: 0.4888951078201801.
[I 2023-10-13 08:20:17,048] Trial 52 finished with value: 0.4780269309638176 and parameters: {'w0': 0.795, 'w1': 0.5700000000000001, 'w2': 0.635, 'w3': 0.876, 'w4': 0.838, 'w5': 0.298, 'w6': 0.228, 'w7': 0.867, 'w8': 0.889, 'max_depth': 7, 'min_child_weight': 8, 'subsample': 0.9000000000000001, 'colsample_bytree': 0.9000000000000001, 'gamma': 0.0}. Best is trial 43 with value: 0.4888951078201801.
[I 2023-10-13 08:20:51,768] Trial 50 finished with value: 0.48777852098299657 and parameters: {'w0': 0.786, 'w1': 0.5720000000000001, 'w2': 0.625, 'w3': 0.889, 'w4': 0.8270000000000001, 'w5': 0.292, 'w6': 0.55, 'w7': 0.837, 'w8': 0.858, 'max_depth': 7, 'min_child_weight': 6, 'subsample': 0.9000000000000001, 'colsample_bytree': 0.9000000000000001, 'gamma': 0.2}. Best is trial 43 with value: 0.4888951078201801.
[I 2023-10-13 08:22:06,480] Trial 57 finished with value: 0.4584362803997037 and parameters: {'w0': 0.81, 'w1': 0.555, 'w2': 0.618, 'w3': 0.887, 'w4': 0.8330000000000001, 'w5': 0.28500000000000003, 'w6': 0.187, 'w7': 0.8310000000000001, 'w8': 0.862, 'max_depth': 5, 'min_child_weight': 8, 'subsample': 0.7, 'colsample_bytree': 0.9000000000000001, 'gamma': 2.2}. Best is trial 43 with value: 0.4888951078201801.
[I 2023-10-13 08:23:32,477] Trial 53 finished with value: 0.4779889838729706 and parameters: {'w0': 0.783, 'w1': 0.554, 'w2': 0.626, 'w3': 0.888, 'w4': 0.798, 'w5': 0.28400000000000003, 'w6': 0.211, 'w7': 0.8310000000000001, 'w8': 0.852, 'max_depth': 7, 'min_child_weight': 8, 'subsample': 0.9000000000000001, 'colsample_bytree': 0.9000000000000001, 'gamma': 0.0}. Best is trial 43 with value: 0.4888951078201801.
[I 2023-10-13 08:24:42,898] Trial 56 finished with value: 0.4730853375597667 and parameters: {'w0': 0.797, 'w1': 0.551, 'w2': 0.628, 'w3': 0.882, 'w4': 0.8310000000000001, 'w5': 0.297, 'w6': 0.199, 'w7': 0.862, 'w8': 0.873, 'max_depth': 5, 'min_child_weight': 8, 'subsample': 0.7, 'colsample_bytree': 0.9000000000000001, 'gamma': 0.0}. Best is trial 43 with value: 0.4888951078201801.
[I 2023-10-13 08:26:58,651] Trial 54 finished with value: 0.4830212846905774 and parameters: {'w0': 0.779, 'w1': 0.562, 'w2': 0.681, 'w3': 0.887, 'w4': 0.836, 'w5': 0.316, 'w6': 0.243, 'w7': 0.845, 'w8': 0.856, 'max_depth': 7, 'min_child_weight': 8, 'subsample': 0.7, 'colsample_bytree': 0.9000000000000001, 'gamma': 0.0}. Best is trial 43 with value: 0.4888951078201801.
[I 2023-10-13 08:27:27,966] Trial 59 finished with value: 0.48816238188879574 and parameters: {'w0': 0.835, 'w1': 0.5660000000000001, 'w2': 0.628, 'w3': 0.913, 'w4': 0.835, 'w5': 0.31, 'w6': 0.531, 'w7': 0.623, 'w8': 0.708, 'max_depth': 5, 'min_child_weight': 8, 'subsample': 0.5, 'colsample_bytree': 0.8, 'gamma': 0.0}. Best is trial 43 with value: 0.4888951078201801.
[I 2023-10-13 08:27:28,970] Trial 60 finished with value: 0.48857638942362386 and parameters: {'w0': 0.8320000000000001, 'w1': 0.5670000000000001, 'w2': 0.656, 'w3': 0.911, 'w4': 0.8240000000000001, 'w5': 0.28900000000000003, 'w6': 0.539, 'w7': 0.638, 'w8': 0.7010000000000001, 'max_depth': 7, 'min_child_weight': 8, 'subsample': 0.7, 'colsample_bytree': 0.9000000000000001, 'gamma': 2.0}. Best is trial 43 with value: 0.4888951078201801.
[I 2023-10-13 08:28:51,433] Trial 55 finished with value: 0.4807659280162491 and parameters: {'w0': 0.802, 'w1': 0.586, 'w2': 0.617, 'w3': 0.893, 'w4': 0.841, 'w5': 0.291, 'w6': 0.217, 'w7': 0.8200000000000001, 'w8': 0.673, 'max_depth': 7, 'min_child_weight': 8, 'subsample': 0.7, 'colsample_bytree': 0.9000000000000001, 'gamma': 0.0}. Best is trial 43 with value: 0.4888951078201801.
[I 2023-10-13 08:33:47,556] Trial 61 finished with value: 0.4902759916054794 and parameters: {'w0': 0.842, 'w1': 0.65, 'w2': 0.622, 'w3': 0.912, 'w4': 0.8290000000000001, 'w5': 0.266, 'w6': 0.618, 'w7': 0.643, 'w8': 0.662, 'max_depth': 8, 'min_child_weight': 8, 'subsample': 0.5, 'colsample_bytree': 0.8, 'gamma': 2.0}. Best is trial 61 with value: 0.4902759916054794.
