[I 2023-10-12 16:30:34,937] Trial 991 finished with value: 0.5818738954376382 and parameters: {'w0': 0.421, 'w1': 0.895, 'w2': 0.293, 'w3': 0.20800000000000002, 'w4': 0.401, 'w5': 0.217, 'w6': 0.9420000000000001, 'w7': 0.23500000000000001, 'w8': 0.718, 'max_depth': 7, 'min_child_weight': 2, 'subsample': 0.8, 'colsample_bytree': 0.8, 'gamma': 2.2}. Best is trial 848 with value: 0.6005661897687894.
[I 2023-10-12 16:31:19,688] Trial 996 finished with value: 0.5739369366776959 and parameters: {'w0': 0.424, 'w1': 0.896, 'w2': 0.275, 'w3': 0.675, 'w4': 0.72, 'w5': 0.218, 'w6': 0.936, 'w7': 0.231, 'w8': 0.771, 'max_depth': 7, 'min_child_weight': 2, 'subsample': 0.8, 'colsample_bytree': 0.8, 'gamma': 7.4}. Best is trial 848 with value: 0.6005661897687894.
[I 2023-10-12 16:31:21,825] Trial 990 finished with value: 0.5639847475769861 and parameters: {'w0': 0.34800000000000003, 'w1': 0.896, 'w2': 0.305, 'w3': 0.674, 'w4': 0.804, 'w5': 0.23600000000000002, 'w6': 0.9430000000000001, 'w7': 0.722, 'w8': 0.779, 'max_depth': 7, 'min_child_weight': 2, 'subsample': 0.8, 'colsample_bytree': 0.8, 'gamma': 2.2}. Best is trial 848 with value: 0.6005661897687894.
[I 2023-10-12 16:31:22,952] Trial 994 finished with value: 0.5949668029167394 and parameters: {'w0': 0.421, 'w1': 0.8300000000000001, 'w2': 0.265, 'w3': 0.673, 'w4': 0.711, 'w5': 0.23800000000000002, 'w6': 0.9440000000000001, 'w7': 0.23500000000000001, 'w8': 0.71, 'max_depth': 7, 'min_child_weight': 2, 'subsample': 0.8, 'colsample_bytree': 0.8, 'gamma': 2.2}. Best is trial 848 with value: 0.6005661897687894.
[I 2023-10-12 16:32:35,992] Trial 995 finished with value: 0.5678263765431915 and parameters: {'w0': 0.34600000000000003, 'w1': 0.896, 'w2': 0.273, 'w3': 0.67, 'w4': 0.115, 'w5': 0.23600000000000002, 'w6': 0.9380000000000001, 'w7': 0.246, 'w8': 0.772, 'max_depth': 7, 'min_child_weight': 2, 'subsample': 0.8, 'colsample_bytree': 0.8, 'gamma': 2.2}. Best is trial 848 with value: 0.6005661897687894.
[I 2023-10-12 16:33:33,118] Trial 993 finished with value: 0.5570913531830832 and parameters: {'w0': 0.423, 'w1': 0.895, 'w2': 0.293, 'w3': 0.761, 'w4': 0.72, 'w5': 0.225, 'w6': 0.935, 'w7': 0.921, 'w8': 0.775, 'max_depth': 7, 'min_child_weight': 2, 'subsample': 0.8, 'colsample_bytree': 0.8, 'gamma': 2.2}. Best is trial 848 with value: 0.6005661897687894.
[I 2023-10-12 16:36:18,403] Trial 997 finished with value: 0.5965652784070044 and parameters: {'w0': 0.356, 'w1': 0.8280000000000001, 'w2': 0.273, 'w3': 0.758, 'w4': 0.801, 'w5': 0.225, 'w6': 0.9390000000000001, 'w7': 0.246, 'w8': 0.778, 'max_depth': 7, 'min_child_weight': 2, 'subsample': 0.8, 'colsample_bytree': 0.8, 'gamma': 2.2}. Best is trial 848 with value: 0.6005661897687894.
[I 2023-10-12 16:36:54,873] Trial 998 finished with value: 0.597466385853313 and parameters: {'w0': 0.34800000000000003, 'w1': 0.903, 'w2': 0.269, 'w3': 0.755, 'w4': 0.718, 'w5': 0.223, 'w6': 0.936, 'w7': 0.25, 'w8': 0.779, 'max_depth': 7, 'min_child_weight': 2, 'subsample': 0.8, 'colsample_bytree': 0.8, 'gamma': 2.2}. Best is trial 848 with value: 0.6005661897687894.
[I 2023-10-12 16:37:22,237] Trial 999 finished with value: 0.5831091142944178 and parameters: {'w0': 0.421, 'w1': 0.8320000000000001, 'w2': 0.291, 'w3': 0.759, 'w4': 0.884, 'w5': 0.227, 'w6': 0.9380000000000001, 'w7': 0.18, 'w8': 0.77, 'max_depth': 7, 'min_child_weight': 2, 'subsample': 0.8, 'colsample_bytree': 0.8, 'gamma': 2.2}. Best is trial 848 with value: 0.6005661897687894.
[I 2023-10-12 16:38:54,352] Trial 1000 finished with value: 0.568883389509565 and parameters: {'w0': 0.424, 'w1': 0.836, 'w2': 0.271, 'w3': 0.761, 'w4': 0.092, 'w5': 0.232, 'w6': 0.9390000000000001, 'w7': 0.252, 'w8': 0.779, 'max_depth': 7, 'min_child_weight': 2, 'subsample': 0.8, 'colsample_bytree': 0.8, 'gamma': 1.6}. Best is trial 848 with value: 0.6005661897687894.
[I 2023-10-12 16:42:02,670] Trial 1001 finished with value: 0.5932923019305908 and parameters: {'w0': 0.428, 'w1': 0.8290000000000001, 'w2': 0.265, 'w3': 0.67, 'w4': 0.722, 'w5': 0.23900000000000002, 'w6': 0.9380000000000001, 'w7': 0.257, 'w8': 0.771, 'max_depth': 7, 'min_child_weight': 2, 'subsample': 0.8, 'colsample_bytree': 0.8, 'gamma': 1.6}. Best is trial 848 with value: 0.6005661897687894.
[I 2023-10-12 16:42:34,273] Trial 1002 finished with value: 0.5972479913702698 and parameters: {'w0': 0.418, 'w1': 0.846, 'w2': 0.264, 'w3': 0.754, 'w4': 0.873, 'w5': 0.226, 'w6': 0.937, 'w7': 0.255, 'w8': 0.775, 'max_depth': 7, 'min_child_weight': 2, 'subsample': 0.8, 'colsample_bytree': 0.8, 'gamma': 1.6}. Best is trial 848 with value: 0.6005661897687894.
[I 2023-10-12 16:42:37,258] Trial 1003 finished with value: 0.5914327542643271 and parameters: {'w0': 0.424, 'w1': 0.911, 'w2': 0.259, 'w3': 0.671, 'w4': 0.873, 'w5': 0.5750000000000001, 'w6': 0.9390000000000001, 'w7': 0.279, 'w8': 0.777, 'max_depth': 7, 'min_child_weight': 2, 'subsample': 0.8, 'colsample_bytree': 0.8, 'gamma': 2.0}. Best is trial 848 with value: 0.6005661897687894.
[I 2023-10-12 16:43:16,463] Trial 1005 finished with value: 0.5902237095465381 and parameters: {'w0': 0.329, 'w1': 0.916, 'w2': 0.272, 'w3': 0.665, 'w4': 0.799, 'w5': 0.139, 'w6': 0.964, 'w7': 0.178, 'w8': 0.772, 'max_depth': 7, 'min_child_weight': 2, 'subsample': 0.8, 'colsample_bytree': 0.8, 'gamma': 1.6}. Best is trial 848 with value: 0.6005661897687894.
[I 2023-10-12 16:43:17,792] Trial 1006 finished with value: 0.5936607666812357 and parameters: {'w0': 0.322, 'w1': 0.835, 'w2': 0.257, 'w3': 0.673, 'w4': 0.871, 'w5': 0.135, 'w6': 0.963, 'w7': 0.183, 'w8': 0.775, 'max_depth': 7, 'min_child_weight': 2, 'subsample': 0.8, 'colsample_bytree': 0.8, 'gamma': 1.6}. Best is trial 848 with value: 0.6005661897687894.
[I 2023-10-12 16:43:35,296] Trial 1004 finished with value: 0.5745347505270028 and parameters: {'w0': 0.424, 'w1': 0.149, 'w2': 0.254, 'w3': 0.678, 'w4': 0.804, 'w5': 0.721, 'w6': 0.9380000000000001, 'w7': 0.257, 'w8': 0.774, 'max_depth': 7, 'min_child_weight': 2, 'subsample': 0.8, 'colsample_bytree': 0.8, 'gamma': 1.6}. Best is trial 848 with value: 0.6005661897687894.
[I 2023-10-12 16:44:21,916] Trial 1007 finished with value: 0.5971787226623984 and parameters: {'w0': 0.328, 'w1': 0.845, 'w2': 0.271, 'w3': 0.672, 'w4': 0.876, 'w5': 0.138, 'w6': 0.964, 'w7': 0.273, 'w8': 0.803, 'max_depth': 7, 'min_child_weight': 2, 'subsample': 0.8, 'colsample_bytree': 0.8, 'gamma': 1.6}. Best is trial 848 with value: 0.6005661897687894.
[I 2023-10-12 16:44:40,706] Trial 1009 finished with value: 0.5936427645440666 and parameters: {'w0': 0.326, 'w1': 0.917, 'w2': 0.261, 'w3': 0.763, 'w4': 0.873, 'w5': 0.129, 'w6': 0.967, 'w7': 0.184, 'w8': 0.805, 'max_depth': 7, 'min_child_weight': 2, 'subsample': 0.8, 'colsample_bytree': 0.8, 'gamma': 1.6}. Best is trial 848 with value: 0.6005661897687894.
[I 2023-10-12 16:44:41,034] Trial 1010 finished with value: 0.5940021763138417 and parameters: {'w0': 0.329, 'w1': 0.834, 'w2': 0.255, 'w3': 0.76, 'w4': 0.873, 'w5': 0.137, 'w6': 0.97, 'w7': 0.182, 'w8': 0.5740000000000001, 'max_depth': 7, 'min_child_weight': 2, 'subsample': 0.8, 'colsample_bytree': 0.8, 'gamma': 1.6}. Best is trial 848 with value: 0.6005661897687894.
[I 2023-10-12 16:44:45,987] Trial 1008 finished with value: 0.5940394981397851 and parameters: {'w0': 0.336, 'w1': 0.841, 'w2': 0.253, 'w3': 0.757, 'w4': 0.879, 'w5': 0.135, 'w6': 0.964, 'w7': 0.185, 'w8': 0.774, 'max_depth': 7, 'min_child_weight': 2, 'subsample': 0.8, 'colsample_bytree': 0.8, 'gamma': 1.6}. Best is trial 848 with value: 0.6005661897687894.
[I 2023-10-12 16:45:31,647] Trial 1011 finished with value: 0.5979321532741633 and parameters: {'w0': 0.321, 'w1': 0.84, 'w2': 0.251, 'w3': 0.767, 'w4': 0.875, 'w5': 0.135, 'w6': 0.963, 'w7': 0.184, 'w8': 0.803, 'max_depth': 7, 'min_child_weight': 2, 'subsample': 0.8, 'colsample_bytree': 0.8, 'gamma': 1.6}. Best is trial 848 with value: 0.6005661897687894.
[I 2023-10-12 16:47:16,022] Trial 1012 finished with value: 0.5954590252461536 and parameters: {'w0': 0.323, 'w1': 0.8300000000000001, 'w2': 0.247, 'w3': 0.722, 'w4': 0.872, 'w5': 0.275, 'w6': 0.966, 'w7': 0.265, 'w8': 0.802, 'max_depth': 7, 'min_child_weight': 2, 'subsample': 0.8, 'colsample_bytree': 0.8, 'gamma': 1.6}. Best is trial 848 with value: 0.6005661897687894.
[I 2023-10-12 16:49:13,363] Trial 1013 finished with value: 0.5879192236019717 and parameters: {'w0': 0.324, 'w1': 0.846, 'w2': 0.263, 'w3': 0.725, 'w4': 0.874, 'w5': 0.133, 'w6': 0.338, 'w7': 0.184, 'w8': 0.801, 'max_depth': 7, 'min_child_weight': 2, 'subsample': 0.8, 'colsample_bytree': 0.8, 'gamma': 1.6}. Best is trial 848 with value: 0.6005661897687894.
[I 2023-10-12 16:51:00,209] Trial 1014 finished with value: 0.5979360527091447 and parameters: {'w0': 0.323, 'w1': 0.916, 'w2': 0.256, 'w3': 0.721, 'w4': 0.872, 'w5': 0.136, 'w6': 0.966, 'w7': 0.264, 'w8': 0.731, 'max_depth': 7, 'min_child_weight': 2, 'subsample': 0.8, 'colsample_bytree': 0.8, 'gamma': 1.6}. Best is trial 848 with value: 0.6005661897687894.
[I 2023-10-12 16:52:29,661] Trial 1015 finished with value: 0.5900852056289713 and parameters: {'w0': 0.361, 'w1': 0.919, 'w2': 0.26, 'w3': 0.726, 'w4': 0.874, 'w5': 0.995, 'w6': 0.75, 'w7': 0.272, 'w8': 0.729, 'max_depth': 7, 'min_child_weight': 2, 'subsample': 0.8, 'colsample_bytree': 0.8, 'gamma': 1.6}. Best is trial 848 with value: 0.6005661897687894.
[I 2023-10-12 16:52:54,470] Trial 1016 finished with value: 0.5938675604992149 and parameters: {'w0': 0.36, 'w1': 0.526, 'w2': 0.255, 'w3': 0.718, 'w4': 0.871, 'w5': 0.133, 'w6': 0.965, 'w7': 0.273, 'w8': 0.726, 'max_depth': 7, 'min_child_weight': 2, 'subsample': 0.8, 'colsample_bytree': 0.8, 'gamma': 1.6}. Best is trial 848 with value: 0.6005661897687894.
[I 2023-10-12 16:56:14,796] Trial 1017 finished with value: 0.593484147672336 and parameters: {'w0': 0.366, 'w1': 0.603, 'w2': 0.251, 'w3': 0.723, 'w4': 0.878, 'w5': 0.134, 'w6': 0.965, 'w7': 0.28200000000000003, 'w8': 0.5750000000000001, 'max_depth': 7, 'min_child_weight': 2, 'subsample': 0.8, 'colsample_bytree': 0.8, 'gamma': 1.6}. Best is trial 848 with value: 0.6005661897687894.
[I 2023-10-12 16:57:55,223] Trial 1020 finished with value: 0.5840819209844745 and parameters: {'w0': 0.35100000000000003, 'w1': 0.919, 'w2': 0.215, 'w3': 0.721, 'w4': 0.876, 'w5': 0.138, 'w6': 0.966, 'w7': 0.28800000000000003, 'w8': 0.804, 'max_depth': 7, 'min_child_weight': 0, 'subsample': 0.8, 'colsample_bytree': 0.8, 'gamma': 1.8}. Best is trial 848 with value: 0.6005661897687894.
[I 2023-10-12 16:57:56,451] Trial 1018 finished with value: 0.5943842546441992 and parameters: {'w0': 0.331, 'w1': 0.922, 'w2': 0.248, 'w3': 0.732, 'w4': 0.667, 'w5': 0.132, 'w6': 0.9590000000000001, 'w7': 0.278, 'w8': 0.73, 'max_depth': 7, 'min_child_weight': 0, 'subsample': 0.8, 'colsample_bytree': 0.8, 'gamma': 1.6}. Best is trial 848 with value: 0.6005661897687894.
[I 2023-10-12 16:58:17,436] Trial 1021 finished with value: 0.572250047338128 and parameters: {'w0': 0.362, 'w1': 0.384, 'w2': 0.216, 'w3': 0.727, 'w4': 0.863, 'w5': 0.664, 'w6': 0.966, 'w7': 0.28, 'w8': 0.801, 'max_depth': 7, 'min_child_weight': 0, 'subsample': 0.8, 'colsample_bytree': 0.8, 'gamma': 1.8}. Best is trial 848 with value: 0.6005661897687894.
[I 2023-10-12 16:58:28,359] Trial 1026 finished with value: 0.5649229624923627 and parameters: {'w0': 0.364, 'w1': 0.011, 'w2': 0.34400000000000003, 'w3': 0.718, 'w4': 0.722, 'w5': 0.189, 'w6': 0.975, 'w7': 0.272, 'w8': 0.733, 'max_depth': 7, 'min_child_weight': 0, 'subsample': 0.8, 'colsample_bytree': 0.8, 'gamma': 2.0}. Best is trial 848 with value: 0.6005661897687894.
[I 2023-10-12 16:58:28,890] Trial 1019 finished with value: 0.594339943599474 and parameters: {'w0': 0.369, 'w1': 0.918, 'w2': 0.343, 'w3': 0.729, 'w4': 0.674, 'w5': 0.132, 'w6': 0.964, 'w7': 0.271, 'w8': 0.73, 'max_depth': 7, 'min_child_weight': 0, 'subsample': 0.8, 'colsample_bytree': 0.8, 'gamma': 1.6}. Best is trial 848 with value: 0.6005661897687894.
[I 2023-10-12 16:58:43,880] Trial 1022 finished with value: 0.5951054510135986 and parameters: {'w0': 0.359, 'w1': 0.924, 'w2': 0.343, 'w3': 0.729, 'w4': 0.89, 'w5': 0.192, 'w6': 0.968, 'w7': 0.28800000000000003, 'w8': 0.733, 'max_depth': 7, 'min_child_weight': 0, 'subsample': 0.8, 'colsample_bytree': 0.8, 'gamma': 1.8}. Best is trial 848 with value: 0.6005661897687894.
[I 2023-10-12 16:58:45,955] Trial 1025 finished with value: 0.5556624936652274 and parameters: {'w0': 0.368, 'w1': 0.922, 'w2': 0.223, 'w3': 0.717, 'w4': 0.025, 'w5': 0.188, 'w6': 0.967, 'w7': 0.28, 'w8': 0.73, 'max_depth': 7, 'min_child_weight': 0, 'subsample': 0.8, 'colsample_bytree': 0.8, 'gamma': 2.0}. Best is trial 848 with value: 0.6005661897687894.
[I 2023-10-12 16:59:13,004] Trial 1023 finished with value: 0.5832642464658497 and parameters: {'w0': 0.363, 'w1': 0.919, 'w2': 0.217, 'w3': 0.722, 'w4': 0.728, 'w5': 0.193, 'w6': 0.964, 'w7': 0.28400000000000003, 'w8': 0.807, 'max_depth': 7, 'min_child_weight': 0, 'subsample': 0.8, 'colsample_bytree': 0.8, 'gamma': 1.8}. Best is trial 848 with value: 0.6005661897687894.
[I 2023-10-12 16:59:43,013] Trial 1024 finished with value: 0.5927875628338086 and parameters: {'w0': 0.361, 'w1': 0.924, 'w2': 0.34400000000000003, 'w3': 0.722, 'w4': 0.732, 'w5': 0.192, 'w6': 0.965, 'w7': 0.28500000000000003, 'w8': 0.738, 'max_depth': 7, 'min_child_weight': 0, 'subsample': 0.8, 'colsample_bytree': 0.8, 'gamma': 1.8}. Best is trial 848 with value: 0.6005661897687894.
[I 2023-10-12 17:04:31,861] Trial 1029 finished with value: 0.5973409294724306 and parameters: {'w0': 0.366, 'w1': 0.925, 'w2': 0.341, 'w3': 0.724, 'w4': 0.89, 'w5': 0.188, 'w6': 1.0, 'w7': 0.28700000000000003, 'w8': 0.845, 'max_depth': 7, 'min_child_weight': 0, 'subsample': 0.8, 'colsample_bytree': 0.8, 'gamma': 1.8}. Best is trial 848 with value: 0.6005661897687894.
[I 2023-10-12 17:05:40,308] Trial 1027 finished with value: 0.596557200434723 and parameters: {'w0': 0.364, 'w1': 0.922, 'w2': 0.34700000000000003, 'w3': 0.716, 'w4': 0.892, 'w5': 0.135, 'w6': 1.0, 'w7': 0.27, 'w8': 0.808, 'max_depth': 7, 'min_child_weight': 0, 'subsample': 0.8, 'colsample_bytree': 0.8, 'gamma': 1.0}. Best is trial 848 with value: 0.6005661897687894.
[I 2023-10-12 17:05:53,882] Trial 1028 finished with value: 0.5720783154596064 and parameters: {'w0': 0.367, 'w1': 0.92, 'w2': 0.221, 'w3': 0.054, 'w4': 0.891, 'w5': 0.185, 'w6': 0.915, 'w7': 0.28400000000000003, 'w8': 0.841, 'max_depth': 7, 'min_child_weight': 0, 'subsample': 0.8, 'colsample_bytree': 0.8, 'gamma': 1.0}. Best is trial 848 with value: 0.6005661897687894.
[I 2023-10-12 17:07:40,878] Trial 1030 finished with value: 0.588345799739202 and parameters: {'w0': 0.365, 'w1': 0.92, 'w2': 0.233, 'w3': 0.723, 'w4': 0.862, 'w5': 0.403, 'w6': 1.0, 'w7': 0.28300000000000003, 'w8': 0.843, 'max_depth': 7, 'min_child_weight': 0, 'subsample': 0.8, 'colsample_bytree': 0.8, 'gamma': 1.4000000000000001}. Best is trial 848 with value: 0.6005661897687894.
[I 2023-10-12 17:08:02,968] Trial 1032 finished with value: 0.5871139548017998 and parameters: {'w0': 0.371, 'w1': 0.924, 'w2': 0.217, 'w3': 0.73, 'w4': 0.899, 'w5': 0.191, 'w6': 1.0, 'w7': 0.291, 'w8': 0.845, 'max_depth': 7, 'min_child_weight': 2, 'subsample': 0.8, 'colsample_bytree': 0.8, 'gamma': 1.4000000000000001}. Best is trial 848 with value: 0.6005661897687894.
[I 2023-10-12 17:10:58,610] Trial 1034 finished with value: 0.5868891604164025 and parameters: {'w0': 0.365, 'w1': 0.924, 'w2': 0.225, 'w3': 0.731, 'w4': 0.897, 'w5': 0.188, 'w6': 0.979, 'w7': 0.28700000000000003, 'w8': 0.742, 'max_depth': 7, 'min_child_weight': 2, 'subsample': 0.8, 'colsample_bytree': 0.8, 'gamma': 1.8}. Best is trial 848 with value: 0.6005661897687894.
[I 2023-10-12 17:11:14,926] Trial 1033 finished with value: 0.5818778739799214 and parameters: {'w0': 0.365, 'w1': 0.389, 'w2': 0.234, 'w3': 0.743, 'w4': 0.86, 'w5': 0.189, 'w6': 0.999, 'w7': 0.293, 'w8': 0.737, 'max_depth': 7, 'min_child_weight': 0, 'subsample': 0.8, 'colsample_bytree': 0.8, 'gamma': 1.4000000000000001}. Best is trial 848 with value: 0.6005661897687894.
[I 2023-10-12 17:11:55,000] Trial 1037 finished with value: 0.5982248512121932 and parameters: {'w0': 0.384, 'w1': 0.91, 'w2': 0.28800000000000003, 'w3': 0.745, 'w4': 0.897, 'w5': 0.181, 'w6': 0.982, 'w7': 0.28600000000000003, 'w8': 0.753, 'max_depth': 7, 'min_child_weight': 2, 'subsample': 0.8, 'colsample_bytree': 0.8, 'gamma': 1.8}. Best is trial 848 with value: 0.6005661897687894.
[I 2023-10-12 17:12:54,560] Trial 1036 finished with value: 0.5904144621321391 and parameters: {'w0': 0.364, 'w1': 0.913, 'w2': 0.23700000000000002, 'w3': 0.744, 'w4': 0.887, 'w5': 0.186, 'w6': 0.978, 'w7': 0.294, 'w8': 0.84, 'max_depth': 7, 'min_child_weight': 2, 'subsample': 0.8, 'colsample_bytree': 0.8, 'gamma': 1.4000000000000001}. Best is trial 848 with value: 0.6005661897687894.
[I 2023-10-12 17:13:40,740] Trial 1035 finished with value: 0.5885347963508567 and parameters: {'w0': 0.37, 'w1': 0.918, 'w2': 0.223, 'w3': 0.744, 'w4': 0.894, 'w5': 0.189, 'w6': 0.977, 'w7': 0.28400000000000003, 'w8': 0.838, 'max_depth': 7, 'min_child_weight': 0, 'subsample': 0.8, 'colsample_bytree': 0.8, 'gamma': 1.4000000000000001}. Best is trial 848 with value: 0.6005661897687894.
[I 2023-10-12 17:14:35,299] Trial 1031 finished with value: 0.585165302647906 and parameters: {'w0': 0.368, 'w1': 0.921, 'w2': 0.234, 'w3': 0.721, 'w4': 0.894, 'w5': 0.192, 'w6': 0.967, 'w7': 0.278, 'w8': 0.732, 'max_depth': 7, 'min_child_weight': 0, 'subsample': 0.30000000000000004, 'colsample_bytree': 0.8, 'gamma': 1.8}. Best is trial 848 with value: 0.6005661897687894.
[I 2023-10-12 17:15:42,702] Trial 1038 finished with value: 0.5920361271352893 and parameters: {'w0': 0.367, 'w1': 0.921, 'w2': 0.23800000000000002, 'w3': 0.742, 'w4': 0.859, 'w5': 0.187, 'w6': 0.982, 'w7': 0.291, 'w8': 0.652, 'max_depth': 7, 'min_child_weight': 2, 'subsample': 0.8, 'colsample_bytree': 0.8, 'gamma': 1.0}. Best is trial 848 with value: 0.6005661897687894.
[I 2023-10-12 17:15:50,330] Trial 1039 finished with value: 0.5912793953128499 and parameters: {'w0': 0.34600000000000003, 'w1': 0.737, 'w2': 0.23, 'w3': 0.751, 'w4': 0.895, 'w5': 0.183, 'w6': 0.999, 'w7': 0.264, 'w8': 0.846, 'max_depth': 7, 'min_child_weight': 2, 'subsample': 0.8, 'colsample_bytree': 0.8, 'gamma': 1.0}. Best is trial 848 with value: 0.6005661897687894.
[I 2023-10-12 17:15:55,335] Trial 1042 finished with value: 0.574830063370603 and parameters: {'w0': 0.34600000000000003, 'w1': 0.908, 'w2': 1.0, 'w3': 0.771, 'w4': 0.895, 'w5': 0.148, 'w6': 1.0, 'w7': 0.255, 'w8': 0.841, 'max_depth': 7, 'min_child_weight': 2, 'subsample': 0.8, 'colsample_bytree': 0.8, 'gamma': 1.4000000000000001}. Best is trial 848 with value: 0.6005661897687894.
[I 2023-10-12 17:16:23,235] Trial 1041 finished with value: 0.5941635458959141 and parameters: {'w0': 0.387, 'w1': 0.877, 'w2': 0.243, 'w3': 0.749, 'w4': 0.863, 'w5': 0.152, 'w6': 0.999, 'w7': 0.293, 'w8': 0.844, 'max_depth': 7, 'min_child_weight': 2, 'subsample': 0.8, 'colsample_bytree': 0.8, 'gamma': 1.0}. Best is trial 848 with value: 0.6005661897687894.
[I 2023-10-12 17:18:01,540] Trial 1040 finished with value: 0.5715441853222131 and parameters: {'w0': 0.382, 'w1': 0.908, 'w2': 0.291, 'w3': 0.75, 'w4': 0.893, 'w5': 0.185, 'w6': 1.0, 'w7': 0.099, 'w8': 0.841, 'max_depth': 7, 'min_child_weight': 2, 'subsample': 0.30000000000000004, 'colsample_bytree': 0.8, 'gamma': 1.8}. Best is trial 848 with value: 0.6005661897687894.
[I 2023-10-12 17:19:01,488] Trial 1043 finished with value: 0.5964806958168422 and parameters: {'w0': 0.387, 'w1': 0.88, 'w2': 0.292, 'w3': 0.752, 'w4': 0.899, 'w5': 0.158, 'w6': 0.983, 'w7': 0.258, 'w8': 0.841, 'max_depth': 7, 'min_child_weight': 2, 'subsample': 0.8, 'colsample_bytree': 0.8, 'gamma': 1.4000000000000001}. Best is trial 848 with value: 0.6005661897687894.
[I 2023-10-12 17:19:35,127] Trial 1045 finished with value: 0.5703416917598929 and parameters: {'w0': 0.341, 'w1': 0.881, 'w2': 0.28500000000000003, 'w3': 0.742, 'w4': 0.862, 'w5': 0.158, 'w6': 1.0, 'w7': 0.08800000000000001, 'w8': 0.839, 'max_depth': 7, 'min_child_weight': 2, 'subsample': 0.8, 'colsample_bytree': 0.8, 'gamma': 1.4000000000000001}. Best is trial 848 with value: 0.6005661897687894.
[I 2023-10-12 17:20:05,996] Trial 1044 finished with value: 0.5981526931616509 and parameters: {'w0': 0.342, 'w1': 0.876, 'w2': 0.28400000000000003, 'w3': 0.744, 'w4': 0.857, 'w5': 0.153, 'w6': 0.984, 'w7': 0.253, 'w8': 0.846, 'max_depth': 7, 'min_child_weight': 2, 'subsample': 0.8, 'colsample_bytree': 0.8, 'gamma': 1.4000000000000001}. Best is trial 848 with value: 0.6005661897687894.
[I 2023-10-12 17:21:17,580] Trial 1046 finished with value: 0.5740825292382519 and parameters: {'w0': 0.338, 'w1': 0.876, 'w2': 0.28200000000000003, 'w3': 0.752, 'w4': 0.897, 'w5': 0.157, 'w6': 0.98, 'w7': 0.1, 'w8': 0.754, 'max_depth': 7, 'min_child_weight': 2, 'subsample': 0.8, 'colsample_bytree': 0.8, 'gamma': 1.4000000000000001}. Best is trial 848 with value: 0.6005661897687894.
[I 2023-10-12 17:22:49,428] Trial 1047 finished with value: 0.5945388727638542 and parameters: {'w0': 0.342, 'w1': 0.9, 'w2': 0.28600000000000003, 'w3': 0.749, 'w4': 0.812, 'w5': 0.151, 'w6': 0.982, 'w7': 0.318, 'w8': 0.67, 'max_depth': 7, 'min_child_weight': 2, 'subsample': 0.8, 'colsample_bytree': 0.8, 'gamma': 1.4000000000000001}. Best is trial 848 with value: 0.6005661897687894.
[I 2023-10-12 17:24:51,369] Trial 1049 finished with value: 0.5747861203774488 and parameters: {'w0': 0.342, 'w1': 0.878, 'w2': 0.28400000000000003, 'w3': 0.75, 'w4': 0.81, 'w5': 0.158, 'w6': 0.981, 'w7': 0.099, 'w8': 0.838, 'max_depth': 7, 'min_child_weight': 2, 'subsample': 0.8, 'colsample_bytree': 0.8, 'gamma': 1.4000000000000001}. Best is trial 848 with value: 0.6005661897687894.
