[I 2023-10-10 16:03:31,052] Trial 217 finished with value: 0.6056083374708691 and parameters: {'w0': 0.35200000000000004, 'w1': 0.847, 'w2': 0.542, 'w3': 0.431, 'w4': 0.8130000000000001, 'w5': 0.508, 'w6': 0.751, 'w7': 0.47300000000000003, 'w8': 0.8240000000000001, 'max_depth': 5, 'min_child_weight': 20, 'subsample': 0.7, 'colsample_bytree': 0.7, 'gamma': 1.6}. Best is trial 202 with value: 0.6107280827834777.
[I 2023-10-10 16:04:20,789] Trial 220 finished with value: 0.6023675209493989 and parameters: {'w0': 0.585, 'w1': 0.847, 'w2': 0.534, 'w3': 0.428, 'w4': 0.807, 'w5': 0.495, 'w6': 0.967, 'w7': 0.509, 'w8': 0.8210000000000001, 'max_depth': 4, 'min_child_weight': 20, 'subsample': 0.7, 'colsample_bytree': 0.7, 'gamma': 1.0}. Best is trial 202 with value: 0.6107280827834777.
[I 2023-10-10 16:05:08,926] Trial 221 finished with value: 0.6026319078189467 and parameters: {'w0': 0.592, 'w1': 0.849, 'w2': 0.534, 'w3': 0.426, 'w4': 0.783, 'w5': 0.498, 'w6': 0.9590000000000001, 'w7': 0.505, 'w8': 0.8180000000000001, 'max_depth': 4, 'min_child_weight': 20, 'subsample': 0.7, 'colsample_bytree': 1.0, 'gamma': 1.0}. Best is trial 202 with value: 0.6107280827834777.
[I 2023-10-10 16:07:54,910] Trial 222 finished with value: 0.6000708882387038 and parameters: {'w0': 0.595, 'w1': 0.856, 'w2': 0.532, 'w3': 0.427, 'w4': 0.8240000000000001, 'w5': 0.5, 'w6': 0.964, 'w7': 0.529, 'w8': 0.8200000000000001, 'max_depth': 4, 'min_child_weight': 20, 'subsample': 0.7, 'colsample_bytree': 1.0, 'gamma': 1.0}. Best is trial 202 with value: 0.6107280827834777.
[I 2023-10-10 16:08:24,834] Trial 224 finished with value: 0.6027928102020288 and parameters: {'w0': 0.34800000000000003, 'w1': 0.854, 'w2': 0.524, 'w3': 0.426, 'w4': 0.805, 'w5': 0.505, 'w6': 0.966, 'w7': 0.525, 'w8': 0.8160000000000001, 'max_depth': 4, 'min_child_weight': 20, 'subsample': 0.7, 'colsample_bytree': 1.0, 'gamma': 1.0}. Best is trial 202 with value: 0.6107280827834777.
[I 2023-10-10 16:08:47,861] Trial 223 finished with value: 0.6026072305863878 and parameters: {'w0': 0.5730000000000001, 'w1': 0.856, 'w2': 0.532, 'w3': 0.46, 'w4': 0.8230000000000001, 'w5': 0.504, 'w6': 0.966, 'w7': 0.504, 'w8': 0.835, 'max_depth': 4, 'min_child_weight': 18, 'subsample': 0.7, 'colsample_bytree': 1.0, 'gamma': 1.0}. Best is trial 202 with value: 0.6107280827834777.
[I 2023-10-10 16:13:37,838] Trial 226 finished with value: 0.6030455318992475 and parameters: {'w0': 0.35000000000000003, 'w1': 0.844, 'w2': 0.603, 'w3': 0.424, 'w4': 0.8300000000000001, 'w5': 0.508, 'w6': 0.737, 'w7': 0.541, 'w8': 0.852, 'max_depth': 4, 'min_child_weight': 18, 'subsample': 0.7, 'colsample_bytree': 1.0, 'gamma': 1.2000000000000002}. Best is trial 202 with value: 0.6107280827834777.
[I 2023-10-10 16:13:39,484] Trial 227 finished with value: 0.6052491181854829 and parameters: {'w0': 0.34400000000000003, 'w1': 0.886, 'w2': 0.506, 'w3': 0.459, 'w4': 0.794, 'w5': 0.518, 'w6': 0.747, 'w7': 0.541, 'w8': 0.8200000000000001, 'max_depth': 4, 'min_child_weight': 18, 'subsample': 0.7, 'colsample_bytree': 1.0, 'gamma': 1.0}. Best is trial 202 with value: 0.6107280827834777.
[I 2023-10-10 16:13:39,806] Trial 225 finished with value: 0.6041997375064774 and parameters: {'w0': 0.5640000000000001, 'w1': 0.848, 'w2': 0.504, 'w3': 0.456, 'w4': 0.8250000000000001, 'w5': 0.509, 'w6': 0.964, 'w7': 0.538, 'w8': 0.8210000000000001, 'max_depth': 4, 'min_child_weight': 18, 'subsample': 0.7, 'colsample_bytree': 1.0, 'gamma': 1.0}. Best is trial 202 with value: 0.6107280827834777.
[I 2023-10-10 16:14:23,149] Trial 228 finished with value: 0.6036487919198921 and parameters: {'w0': 0.35100000000000003, 'w1': 0.844, 'w2': 0.601, 'w3': 0.466, 'w4': 0.802, 'w5': 0.448, 'w6': 0.744, 'w7': 0.52, 'w8': 0.8250000000000001, 'max_depth': 4, 'min_child_weight': 18, 'subsample': 0.7, 'colsample_bytree': 1.0, 'gamma': 1.0}. Best is trial 202 with value: 0.6107280827834777.
[I 2023-10-10 16:14:28,095] Trial 230 finished with value: 0.6008665469371361 and parameters: {'w0': 0.342, 'w1': 0.859, 'w2': 0.603, 'w3': 0.456, 'w4': 0.79, 'w5': 0.452, 'w6': 0.971, 'w7': 0.526, 'w8': 0.812, 'max_depth': 4, 'min_child_weight': 18, 'subsample': 0.7, 'colsample_bytree': 1.0, 'gamma': 1.0}. Best is trial 202 with value: 0.6107280827834777.
[I 2023-10-10 16:14:40,734] Trial 229 finished with value: 0.6014210436914003 and parameters: {'w0': 0.35100000000000003, 'w1': 0.857, 'w2': 0.606, 'w3': 0.456, 'w4': 0.794, 'w5': 0.449, 'w6': 0.965, 'w7': 0.53, 'w8': 0.8140000000000001, 'max_depth': 4, 'min_child_weight': 18, 'subsample': 0.7, 'colsample_bytree': 1.0, 'gamma': 1.0}. Best is trial 202 with value: 0.6107280827834777.
[I 2023-10-10 16:15:31,434] Trial 231 finished with value: 0.6069659103564351 and parameters: {'w0': 0.34800000000000003, 'w1': 0.8150000000000001, 'w2': 0.601, 'w3': 0.461, 'w4': 0.834, 'w5': 0.52, 'w6': 0.977, 'w7': 0.535, 'w8': 0.812, 'max_depth': 4, 'min_child_weight': 18, 'subsample': 0.8, 'colsample_bytree': 1.0, 'gamma': 1.0}. Best is trial 202 with value: 0.6107280827834777.
[I 2023-10-10 16:19:46,828] Trial 232 finished with value: 0.601352383114357 and parameters: {'w0': 0.625, 'w1': 0.854, 'w2': 0.518, 'w3': 0.512, 'w4': 0.8270000000000001, 'w5': 0.524, 'w6': 0.75, 'w7': 0.536, 'w8': 0.805, 'max_depth': 4, 'min_child_weight': 18, 'subsample': 0.8, 'colsample_bytree': 1.0, 'gamma': 1.0}. Best is trial 202 with value: 0.6107280827834777.
[I 2023-10-10 16:19:48,233] Trial 233 finished with value: 0.6062790441294356 and parameters: {'w0': 0.601, 'w1': 0.854, 'w2': 0.516, 'w3': 0.457, 'w4': 0.8270000000000001, 'w5': 0.455, 'w6': 0.758, 'w7': 0.528, 'w8': 0.8250000000000001, 'max_depth': 4, 'min_child_weight': 18, 'subsample': 0.8, 'colsample_bytree': 1.0, 'gamma': 1.0}. Best is trial 202 with value: 0.6107280827834777.
[I 2023-10-10 16:20:06,613] Trial 234 finished with value: 0.60716835498253 and parameters: {'w0': 0.63, 'w1': 0.8150000000000001, 'w2': 0.524, 'w3': 0.451, 'w4': 0.778, 'w5': 0.437, 'w6': 0.764, 'w7': 0.509, 'w8': 0.8180000000000001, 'max_depth': 4, 'min_child_weight': 18, 'subsample': 0.8, 'colsample_bytree': 1.0, 'gamma': 1.0}. Best is trial 202 with value: 0.6107280827834777.
[I 2023-10-10 16:20:43,467] Trial 235 finished with value: 0.6004712949042329 and parameters: {'w0': 0.596, 'w1': 0.8170000000000001, 'w2': 0.509, 'w3': 0.517, 'w4': 0.834, 'w5': 0.532, 'w6': 0.729, 'w7': 0.534, 'w8': 0.852, 'max_depth': 4, 'min_child_weight': 18, 'subsample': 0.7, 'colsample_bytree': 1.0, 'gamma': 1.6}. Best is trial 202 with value: 0.6107280827834777.
[I 2023-10-10 16:23:54,837] Trial 243 finished with value: 0.5811950208562804 and parameters: {'w0': 0.367, 'w1': 0.8140000000000001, 'w2': 0.507, 'w3': 0.178, 'w4': 0.779, 'w5': 0.451, 'w6': 0.736, 'w7': 0.486, 'w8': 0.849, 'max_depth': 5, 'min_child_weight': 18, 'subsample': 0.8, 'colsample_bytree': 1.0, 'gamma': 6.0}. Best is trial 202 with value: 0.6107280827834777.
[I 2023-10-10 16:24:10,424] Trial 236 finished with value: 0.6093279962669647 and parameters: {'w0': 0.34, 'w1': 0.81, 'w2': 0.509, 'w3': 0.459, 'w4': 0.781, 'w5': 0.529, 'w6': 0.73, 'w7': 0.53, 'w8': 0.81, 'max_depth': 5, 'min_child_weight': 18, 'subsample': 0.8, 'colsample_bytree': 1.0, 'gamma': 1.2000000000000002}. Best is trial 202 with value: 0.6107280827834777.
[I 2023-10-10 16:24:54,335] Trial 237 finished with value: 0.6027182465091404 and parameters: {'w0': 0.638, 'w1': 0.8230000000000001, 'w2': 0.508, 'w3': 0.458, 'w4': 0.779, 'w5': 0.533, 'w6': 0.734, 'w7': 0.533, 'w8': 0.855, 'max_depth': 5, 'min_child_weight': 18, 'subsample': 0.7, 'colsample_bytree': 1.0, 'gamma': 1.6}. Best is trial 202 with value: 0.6107280827834777.
[I 2023-10-10 16:26:16,889] Trial 238 finished with value: 0.6042671949363223 and parameters: {'w0': 0.337, 'w1': 0.8130000000000001, 'w2': 0.503, 'w3': 0.47100000000000003, 'w4': 0.771, 'w5': 0.529, 'w6': 0.727, 'w7': 0.531, 'w8': 0.854, 'max_depth': 5, 'min_child_weight': 18, 'subsample': 0.8, 'colsample_bytree': 1.0, 'gamma': 1.6}. Best is trial 202 with value: 0.6107280827834777.
[I 2023-10-10 16:28:10,416] Trial 239 finished with value: 0.6046324195347427 and parameters: {'w0': 0.668, 'w1': 0.88, 'w2': 0.504, 'w3': 0.519, 'w4': 0.775, 'w5': 0.537, 'w6': 0.73, 'w7': 0.551, 'w8': 0.858, 'max_depth': 5, 'min_child_weight': 18, 'subsample': 0.7, 'colsample_bytree': 1.0, 'gamma': 1.6}. Best is trial 202 with value: 0.6107280827834777.
[I 2023-10-10 16:28:30,248] Trial 244 finished with value: 0.594724756981992 and parameters: {'w0': 0.41400000000000003, 'w1': 0.889, 'w2': 0.504, 'w3': 0.506, 'w4': 0.774, 'w5': 0.534, 'w6': 0.757, 'w7': 0.553, 'w8': 0.859, 'max_depth': 3, 'min_child_weight': 18, 'subsample': 0.8, 'colsample_bytree': 1.0, 'gamma': 1.6}. Best is trial 202 with value: 0.6107280827834777.
[I 2023-10-10 16:28:40,790] Trial 240 finished with value: 0.6033913034212035 and parameters: {'w0': 0.626, 'w1': 0.8260000000000001, 'w2': 0.512, 'w3': 0.458, 'w4': 0.777, 'w5': 0.458, 'w6': 0.6970000000000001, 'w7': 0.484, 'w8': 0.862, 'max_depth': 5, 'min_child_weight': 18, 'subsample': 0.7, 'colsample_bytree': 1.0, 'gamma': 1.6}. Best is trial 202 with value: 0.6107280827834777.
[I 2023-10-10 16:31:09,115] Trial 247 finished with value: 0.6036954530894014 and parameters: {'w0': 0.41000000000000003, 'w1': 0.882, 'w2': 0.501, 'w3': 0.511, 'w4': 0.764, 'w5': 0.537, 'w6': 0.768, 'w7': 0.56, 'w8': 0.856, 'max_depth': 5, 'min_child_weight': 18, 'subsample': 0.9000000000000001, 'colsample_bytree': 1.0, 'gamma': 1.6}. Best is trial 202 with value: 0.6107280827834777.
[I 2023-10-10 16:31:51,480] Trial 242 finished with value: 0.6069122912635844 and parameters: {'w0': 0.406, 'w1': 0.88, 'w2': 0.494, 'w3': 0.461, 'w4': 0.787, 'w5': 0.456, 'w6': 0.764, 'w7': 0.5680000000000001, 'w8': 0.891, 'max_depth': 5, 'min_child_weight': 18, 'subsample': 0.8, 'colsample_bytree': 1.0, 'gamma': 1.6}. Best is trial 202 with value: 0.6107280827834777.
[I 2023-10-10 16:32:13,800] Trial 241 finished with value: 0.610997798618412 and parameters: {'w0': 0.406, 'w1': 0.805, 'w2': 0.501, 'w3': 0.512, 'w4': 0.782, 'w5': 0.533, 'w6': 0.983, 'w7': 0.48000000000000004, 'w8': 0.855, 'max_depth': 5, 'min_child_weight': 18, 'subsample': 0.8, 'colsample_bytree': 1.0, 'gamma': 1.6}. Best is trial 241 with value: 0.610997798618412.
[I 2023-10-10 16:32:54,736] Trial 245 finished with value: 0.604531123003291 and parameters: {'w0': 0.642, 'w1': 0.8160000000000001, 'w2': 0.507, 'w3': 0.524, 'w4': 0.775, 'w5': 0.53, 'w6': 0.996, 'w7': 0.588, 'w8': 0.858, 'max_depth': 5, 'min_child_weight': 18, 'subsample': 0.8, 'colsample_bytree': 1.0, 'gamma': 1.6}. Best is trial 241 with value: 0.610997798618412.
[I 2023-10-10 16:34:13,546] Trial 246 finished with value: 0.5989331796961581 and parameters: {'w0': 0.632, 'w1': 0.885, 'w2': 0.501, 'w3': 0.511, 'w4': 0.783, 'w5': 0.531, 'w6': 0.764, 'w7': 0.5760000000000001, 'w8': 0.853, 'max_depth': 5, 'min_child_weight': 18, 'subsample': 0.7, 'colsample_bytree': 1.0, 'gamma': 1.6}. Best is trial 241 with value: 0.610997798618412.
[I 2023-10-10 16:37:42,382] Trial 249 finished with value: 0.5934474348720615 and parameters: {'w0': 0.646, 'w1': 0.804, 'w2': 0.495, 'w3': 0.153, 'w4': 0.775, 'w5': 0.533, 'w6': 0.769, 'w7': 0.5650000000000001, 'w8': 0.856, 'max_depth': 5, 'min_child_weight': 18, 'subsample': 0.8, 'colsample_bytree': 1.0, 'gamma': 1.6}. Best is trial 241 with value: 0.610997798618412.
[I 2023-10-10 16:38:47,181] Trial 248 finished with value: 0.5923560712514676 and parameters: {'w0': 0.40800000000000003, 'w1': 0.8170000000000001, 'w2': 0.503, 'w3': 0.612, 'w4': 0.771, 'w5': 0.533, 'w6': 0.711, 'w7': 0.8, 'w8': 0.858, 'max_depth': 5, 'min_child_weight': 18, 'subsample': 0.8, 'colsample_bytree': 1.0, 'gamma': 1.6}. Best is trial 241 with value: 0.610997798618412.
[I 2023-10-10 16:38:58,119] Trial 251 finished with value: 0.6022182760443374 and parameters: {'w0': 0.662, 'w1': 0.8130000000000001, 'w2': 0.504, 'w3': 0.445, 'w4': 0.774, 'w5': 0.539, 'w6': 0.7020000000000001, 'w7': 0.59, 'w8': 0.759, 'max_depth': 5, 'min_child_weight': 18, 'subsample': 0.8, 'colsample_bytree': 1.0, 'gamma': 1.6}. Best is trial 241 with value: 0.610997798618412.
[I 2023-10-10 16:39:06,200] Trial 250 finished with value: 0.5939075888473268 and parameters: {'w0': 0.627, 'w1': 0.883, 'w2': 0.506, 'w3': 0.445, 'w4': 0.774, 'w5': 0.528, 'w6': 0.773, 'w7': 0.5750000000000001, 'w8': 0.28200000000000003, 'max_depth': 5, 'min_child_weight': 18, 'subsample': 0.8, 'colsample_bytree': 1.0, 'gamma': 1.2000000000000002}. Best is trial 241 with value: 0.610997798618412.
[I 2023-10-10 16:39:21,962] Trial 254 finished with value: 0.6004852288329829 and parameters: {'w0': 0.642, 'w1': 0.806, 'w2': 0.496, 'w3': 0.501, 'w4': 0.892, 'w5': 0.549, 'w6': 0.77, 'w7': 0.5650000000000001, 'w8': 0.889, 'max_depth': 3, 'min_child_weight': 18, 'subsample': 0.8, 'colsample_bytree': 1.0, 'gamma': 1.2000000000000002}. Best is trial 241 with value: 0.610997798618412.
[I 2023-10-10 16:43:22,716] Trial 253 finished with value: 0.599216442198145 and parameters: {'w0': 0.66, 'w1': 0.81, 'w2': 0.492, 'w3': 0.399, 'w4': 0.766, 'w5': 0.54, 'w6': 0.709, 'w7': 0.559, 'w8': 0.867, 'max_depth': 5, 'min_child_weight': 18, 'subsample': 0.8, 'colsample_bytree': 1.0, 'gamma': 1.6}. Best is trial 241 with value: 0.610997798618412.
[I 2023-10-10 16:44:25,399] Trial 252 finished with value: 0.6051726085061293 and parameters: {'w0': 0.635, 'w1': 0.881, 'w2': 0.46900000000000003, 'w3': 0.467, 'w4': 0.77, 'w5': 0.53, 'w6': 0.763, 'w7': 0.5640000000000001, 'w8': 0.757, 'max_depth': 5, 'min_child_weight': 18, 'subsample': 0.8, 'colsample_bytree': 1.0, 'gamma': 1.2000000000000002}. Best is trial 241 with value: 0.610997798618412.
[I 2023-10-10 16:46:28,116] Trial 255 finished with value: 0.6038881905026823 and parameters: {'w0': 0.615, 'w1': 0.88, 'w2': 0.46900000000000003, 'w3': 0.505, 'w4': 0.769, 'w5': 0.396, 'w6': 0.785, 'w7': 0.5680000000000001, 'w8': 0.771, 'max_depth': 5, 'min_child_weight': 18, 'subsample': 0.8, 'colsample_bytree': 1.0, 'gamma': 1.2000000000000002}. Best is trial 241 with value: 0.610997798618412.
[I 2023-10-10 16:48:17,723] Trial 256 finished with value: 0.6046322873469082 and parameters: {'w0': 0.371, 'w1': 0.883, 'w2': 0.47700000000000004, 'w3': 0.45, 'w4': 0.852, 'w5': 0.554, 'w6': 0.764, 'w7': 0.5730000000000001, 'w8': 0.89, 'max_depth': 5, 'min_child_weight': 18, 'subsample': 0.8, 'colsample_bytree': 1.0, 'gamma': 1.2000000000000002}. Best is trial 241 with value: 0.610997798618412.
[I 2023-10-10 16:48:24,789] Trial 257 finished with value: 0.602825419470469 and parameters: {'w0': 0.607, 'w1': 0.882, 'w2': 0.47000000000000003, 'w3': 0.443, 'w4': 0.842, 'w5': 0.5640000000000001, 'w6': 0.7000000000000001, 'w7': 0.589, 'w8': 0.757, 'max_depth': 5, 'min_child_weight': 18, 'subsample': 0.8, 'colsample_bytree': 1.0, 'gamma': 1.2000000000000002}. Best is trial 241 with value: 0.610997798618412.
[I 2023-10-10 16:48:52,480] Trial 258 finished with value: 0.6073420100542862 and parameters: {'w0': 0.37, 'w1': 0.879, 'w2': 0.468, 'w3': 0.399, 'w4': 0.846, 'w5': 0.559, 'w6': 0.767, 'w7': 0.561, 'w8': 0.798, 'max_depth': 5, 'min_child_weight': 18, 'subsample': 0.8, 'colsample_bytree': 1.0, 'gamma': 1.2000000000000002}. Best is trial 241 with value: 0.610997798618412.
[I 2023-10-10 16:50:36,962] Trial 259 finished with value: 0.5876635498003429 and parameters: {'w0': 0.321, 'w1': 0.896, 'w2': 0.47100000000000003, 'w3': 0.401, 'w4': 0.844, 'w5': 0.5630000000000001, 'w6': 0.6990000000000001, 'w7': 0.59, 'w8': 0.264, 'max_depth': 5, 'min_child_weight': 18, 'subsample': 0.8, 'colsample_bytree': 1.0, 'gamma': 1.2000000000000002}. Best is trial 241 with value: 0.610997798618412.
[I 2023-10-10 16:51:58,949] Trial 261 finished with value: 0.5948373972598078 and parameters: {'w0': 0.654, 'w1': 0.797, 'w2': 0.461, 'w3': 0.405, 'w4': 0.853, 'w5': 0.42, 'w6': 0.783, 'w7': 0.492, 'w8': 0.249, 'max_depth': 5, 'min_child_weight': 18, 'subsample': 0.8, 'colsample_bytree': 1.0, 'gamma': 1.2000000000000002}. Best is trial 241 with value: 0.610997798618412.
[I 2023-10-10 16:52:19,608] Trial 260 finished with value: 0.6039497026084335 and parameters: {'w0': 0.673, 'w1': 0.898, 'w2': 0.484, 'w3': 0.401, 'w4': 0.877, 'w5': 0.561, 'w6': 0.779, 'w7': 0.58, 'w8': 0.88, 'max_depth': 5, 'min_child_weight': 18, 'subsample': 0.8, 'colsample_bytree': 1.0, 'gamma': 1.2000000000000002}. Best is trial 241 with value: 0.610997798618412.
[I 2023-10-10 16:52:59,833] Trial 262 finished with value: 0.6052964581678755 and parameters: {'w0': 0.545, 'w1': 0.769, 'w2': 0.464, 'w3': 0.402, 'w4': 0.881, 'w5': 0.559, 'w6': 0.782, 'w7': 0.5760000000000001, 'w8': 0.766, 'max_depth': 5, 'min_child_weight': 18, 'subsample': 0.8, 'colsample_bytree': 1.0, 'gamma': 1.2000000000000002}. Best is trial 241 with value: 0.610997798618412.
[I 2023-10-10 16:53:20,051] Trial 263 finished with value: 0.5822236892920157 and parameters: {'w0': 0.551, 'w1': 0.772, 'w2': 0.467, 'w3': 0.445, 'w4': 0.849, 'w5': 0.404, 'w6': 0.784, 'w7': 0.079, 'w8': 0.768, 'max_depth': 5, 'min_child_weight': 18, 'subsample': 0.8, 'colsample_bytree': 1.0, 'gamma': 1.2000000000000002}. Best is trial 241 with value: 0.610997798618412.
[I 2023-10-10 16:57:39,664] Trial 264 finished with value: 0.6023190354098409 and parameters: {'w0': 0.609, 'w1': 0.779, 'w2': 0.544, 'w3': 0.406, 'w4': 0.844, 'w5': 0.426, 'w6': 0.791, 'w7': 0.624, 'w8': 0.762, 'max_depth': 5, 'min_child_weight': 18, 'subsample': 0.8, 'colsample_bytree': 1.0, 'gamma': 1.2000000000000002}. Best is trial 241 with value: 0.610997798618412.
[I 2023-10-10 16:58:23,982] Trial 272 finished with value: 0.5722144494167772 and parameters: {'w0': 0.541, 'w1': 0.778, 'w2': 0.545, 'w3': 0.484, 'w4': 0.842, 'w5': 0.464, 'w6': 0.792, 'w7': 0.609, 'w8': 0.883, 'max_depth': 5, 'min_child_weight': 20, 'subsample': 0.9000000000000001, 'colsample_bytree': 1.0, 'gamma': 7.0}. Best is trial 241 with value: 0.610997798618412.
[I 2023-10-10 16:59:11,014] Trial 265 finished with value: 0.6085603350212245 and parameters: {'w0': 0.371, 'w1': 0.782, 'w2': 0.462, 'w3': 0.443, 'w4': 0.843, 'w5': 0.559, 'w6': 0.781, 'w7': 0.493, 'w8': 0.759, 'max_depth': 5, 'min_child_weight': 18, 'subsample': 0.8, 'colsample_bytree': 1.0, 'gamma': 1.2000000000000002}. Best is trial 241 with value: 0.610997798618412.
[I 2023-10-10 16:59:18,163] Trial 266 finished with value: 0.6134362376758583 and parameters: {'w0': 0.372, 'w1': 0.783, 'w2': 0.47700000000000004, 'w3': 0.4, 'w4': 0.847, 'w5': 0.56, 'w6': 0.791, 'w7': 0.491, 'w8': 0.888, 'max_depth': 5, 'min_child_weight': 18, 'subsample': 0.8, 'colsample_bytree': 1.0, 'gamma': 1.2000000000000002}. Best is trial 266 with value: 0.6134362376758583.
[I 2023-10-10 16:59:22,033] Trial 267 finished with value: 0.6052143748564641 and parameters: {'w0': 0.805, 'w1': 0.778, 'w2': 0.47000000000000003, 'w3': 0.406, 'w4': 0.884, 'w5': 0.4, 'w6': 0.793, 'w7': 0.489, 'w8': 0.886, 'max_depth': 5, 'min_child_weight': 20, 'subsample': 0.8, 'colsample_bytree': 1.0, 'gamma': 1.2000000000000002}. Best is trial 266 with value: 0.6134362376758583.
[I 2023-10-10 16:59:22,419] Trial 268 finished with value: 0.5929833958886213 and parameters: {'w0': 0.798, 'w1': 0.771, 'w2': 0.468, 'w3': 0.399, 'w4': 0.853, 'w5': 0.40800000000000003, 'w6': 0.8, 'w7': 0.17600000000000002, 'w8': 0.891, 'max_depth': 5, 'min_child_weight': 20, 'subsample': 0.8, 'colsample_bytree': 1.0, 'gamma': 1.2000000000000002}. Best is trial 266 with value: 0.6134362376758583.
[I 2023-10-10 17:03:12,996] Trial 279 finished with value: 0.5700541769858528 and parameters: {'w0': 0.37, 'w1': 0.906, 'w2': 0.5740000000000001, 'w3': 0.382, 'w4': 0.722, 'w5': 0.462, 'w6': 0.807, 'w7': 0.467, 'w8': 0.801, 'max_depth': 5, 'min_child_weight': 20, 'subsample': 0.9000000000000001, 'colsample_bytree': 1.0, 'gamma': 7.800000000000001}. Best is trial 266 with value: 0.6134362376758583.
[I 2023-10-10 17:03:55,550] Trial 269 finished with value: 0.5982232555300449 and parameters: {'w0': 0.552, 'w1': 0.779, 'w2': 0.467, 'w3': 0.47900000000000004, 'w4': 0.854, 'w5': 0.395, 'w6': 0.789, 'w7': 0.17400000000000002, 'w8': 0.889, 'max_depth': 5, 'min_child_weight': 20, 'subsample': 0.8, 'colsample_bytree': 1.0, 'gamma': 0.6000000000000001}. Best is trial 266 with value: 0.6134362376758583.
[I 2023-10-10 17:04:48,324] Trial 270 finished with value: 0.6042413462615237 and parameters: {'w0': 0.547, 'w1': 0.777, 'w2': 0.468, 'w3': 0.405, 'w4': 0.836, 'w5': 0.389, 'w6': 0.792, 'w7': 0.617, 'w8': 0.893, 'max_depth': 5, 'min_child_weight': 20, 'subsample': 0.8, 'colsample_bytree': 1.0, 'gamma': 0.6000000000000001}. Best is trial 266 with value: 0.6134362376758583.
[I 2023-10-10 17:05:24,886] Trial 271 finished with value: 0.6033312790801872 and parameters: {'w0': 0.543, 'w1': 0.903, 'w2': 0.11800000000000001, 'w3': 0.649, 'w4': 0.849, 'w5': 0.46900000000000003, 'w6': 0.805, 'w7': 0.09, 'w8': 0.887, 'max_depth': 5, 'min_child_weight': 20, 'subsample': 0.9000000000000001, 'colsample_bytree': 1.0, 'gamma': 0.6000000000000001}. Best is trial 266 with value: 0.6134362376758583.
[I 2023-10-10 17:07:20,804] Trial 273 finished with value: 0.554679528413115 and parameters: {'w0': 0.373, 'w1': 0.903, 'w2': 0.5770000000000001, 'w3': 0.647, 'w4': 0.34, 'w5': 0.47300000000000003, 'w6': 0.077, 'w7': 0.49, 'w8': 0.892, 'max_depth': 5, 'min_child_weight': 20, 'subsample': 0.8, 'colsample_bytree': 1.0, 'gamma': 0.6000000000000001}. Best is trial 266 with value: 0.6134362376758583.
[I 2023-10-10 17:09:07,136] Trial 274 finished with value: 0.6115927582467335 and parameters: {'w0': 0.544, 'w1': 0.786, 'w2': 0.46, 'w3': 0.403, 'w4': 0.869, 'w5': 0.47000000000000003, 'w6': 1.0, 'w7': 0.47500000000000003, 'w8': 0.796, 'max_depth': 5, 'min_child_weight': 20, 'subsample': 0.9000000000000001, 'colsample_bytree': 1.0, 'gamma': 0.6000000000000001}. Best is trial 266 with value: 0.6134362376758583.
