[I 2023-10-12 21:31:00,346] Trial 1330 finished with value: 0.591310037342289 and parameters: {'w0': 0.28300000000000003, 'w1': 0.6880000000000001, 'w2': 0.28900000000000003, 'w3': 0.73, 'w4': 0.527, 'w5': 0.093, 'w6': 0.982, 'w7': 0.291, 'w8': 0.56, 'max_depth': 9, 'min_child_weight': 2, 'subsample': 0.6000000000000001, 'colsample_bytree': 0.8, 'gamma': 2.4000000000000004}. Best is trial 848 with value: 0.6005661897687894.
[I 2023-10-12 21:32:41,398] Trial 1331 finished with value: 0.5940537737724594 and parameters: {'w0': 0.363, 'w1': 0.745, 'w2': 0.28300000000000003, 'w3': 0.721, 'w4': 0.851, 'w5': 0.095, 'w6': 0.983, 'w7': 0.291, 'w8': 0.555, 'max_depth': 9, 'min_child_weight': 2, 'subsample': 0.6000000000000001, 'colsample_bytree': 0.8, 'gamma': 2.4000000000000004}. Best is trial 848 with value: 0.6005661897687894.
[I 2023-10-12 21:32:46,837] Trial 1332 finished with value: 0.578501373594377 and parameters: {'w0': 0.269, 'w1': 0.229, 'w2': 0.389, 'w3': 0.728, 'w4': 0.853, 'w5': 0.195, 'w6': 0.968, 'w7': 0.297, 'w8': 0.788, 'max_depth': 9, 'min_child_weight': 2, 'subsample': 0.6000000000000001, 'colsample_bytree': 0.8, 'gamma': 2.4000000000000004}. Best is trial 848 with value: 0.6005661897687894.
[I 2023-10-12 21:33:44,317] Trial 1333 finished with value: 0.5789800399291289 and parameters: {'w0': 0.761, 'w1': 0.892, 'w2': 0.319, 'w3': 0.725, 'w4': 0.851, 'w5': 0.196, 'w6': 0.982, 'w7': 0.292, 'w8': 0.727, 'max_depth': 4, 'min_child_weight': 16, 'subsample': 0.6000000000000001, 'colsample_bytree': 0.8, 'gamma': 2.4000000000000004}. Best is trial 848 with value: 0.6005661897687894.
[I 2023-10-12 21:34:23,380] Trial 1337 finished with value: 0.5697932984275534 and parameters: {'w0': 0.269, 'w1': 0.749, 'w2': 0.314, 'w3': 0.628, 'w4': 0.859, 'w5': 0.194, 'w6': 0.974, 'w7': 0.34900000000000003, 'w8': 0.786, 'max_depth': 9, 'min_child_weight': 2, 'subsample': 0.6000000000000001, 'colsample_bytree': 0.8, 'gamma': 8.4}. Best is trial 848 with value: 0.6005661897687894.
[I 2023-10-12 21:38:01,978] Trial 1335 finished with value: 0.587294366712209 and parameters: {'w0': 0.268, 'w1': 0.748, 'w2': 0.305, 'w3': 0.722, 'w4': 0.852, 'w5': 0.2, 'w6': 0.98, 'w7': 0.332, 'w8': 0.785, 'max_depth': 4, 'min_child_weight': 2, 'subsample': 0.6000000000000001, 'colsample_bytree': 0.8, 'gamma': 2.0}. Best is trial 848 with value: 0.6005661897687894.
[I 2023-10-12 21:39:56,097] Trial 1338 finished with value: 0.5869865310202135 and parameters: {'w0': 0.281, 'w1': 0.545, 'w2': 0.313, 'w3': 0.625, 'w4': 0.86, 'w5': 0.097, 'w6': 1.0, 'w7': 0.35000000000000003, 'w8': 0.725, 'max_depth': 9, 'min_child_weight': 2, 'subsample': 0.6000000000000001, 'colsample_bytree': 0.8, 'gamma': 2.0}. Best is trial 848 with value: 0.6005661897687894.
[I 2023-10-12 21:40:35,411] Trial 1339 finished with value: 0.5913627255329617 and parameters: {'w0': 0.281, 'w1': 0.811, 'w2': 0.309, 'w3': 0.633, 'w4': 0.848, 'w5': 0.2, 'w6': 0.984, 'w7': 0.34700000000000003, 'w8': 0.778, 'max_depth': 9, 'min_child_weight': 2, 'subsample': 0.6000000000000001, 'colsample_bytree': 0.8, 'gamma': 2.0}. Best is trial 848 with value: 0.6005661897687894.
[I 2023-10-12 21:41:23,209] Trial 1334 finished with value: 0.5873021940451084 and parameters: {'w0': 0.278, 'w1': 0.895, 'w2': 0.39, 'w3': 0.734, 'w4': 0.847, 'w5': 0.197, 'w6': 0.984, 'w7': 0.34900000000000003, 'w8': 0.73, 'max_depth': 9, 'min_child_weight': 2, 'subsample': 0.4, 'colsample_bytree': 0.8, 'gamma': 2.0}. Best is trial 848 with value: 0.6005661897687894.
[I 2023-10-12 21:41:23,483] Trial 1336 finished with value: 0.5761587978192755 and parameters: {'w0': 0.28, 'w1': 0.806, 'w2': 0.316, 'w3': 0.73, 'w4': 0.539, 'w5': 0.095, 'w6': 0.983, 'w7': 0.324, 'w8': 0.726, 'max_depth': 9, 'min_child_weight': 16, 'subsample': 0.6000000000000001, 'colsample_bytree': 0.8, 'gamma': 2.0}. Best is trial 848 with value: 0.6005661897687894.
[I 2023-10-12 21:41:27,884] Trial 1340 finished with value: 0.5925271628657249 and parameters: {'w0': 0.363, 'w1': 0.755, 'w2': 0.311, 'w3': 0.74, 'w4': 0.846, 'w5': 0.094, 'w6': 0.979, 'w7': 0.34900000000000003, 'w8': 0.783, 'max_depth': 9, 'min_child_weight': 2, 'subsample': 0.6000000000000001, 'colsample_bytree': 0.8, 'gamma': 2.0}. Best is trial 848 with value: 0.6005661897687894.
[I 2023-10-12 21:41:27,995] Trial 1341 finished with value: 0.5908963995307529 and parameters: {'w0': 0.338, 'w1': 0.8, 'w2': 0.392, 'w3': 0.625, 'w4': 0.848, 'w5': 0.10200000000000001, 'w6': 0.985, 'w7': 0.333, 'w8': 0.722, 'max_depth': 9, 'min_child_weight': 2, 'subsample': 0.6000000000000001, 'colsample_bytree': 0.8, 'gamma': 2.0}. Best is trial 848 with value: 0.6005661897687894.
[I 2023-10-12 21:42:08,470] Trial 1342 finished with value: 0.5860560222249558 and parameters: {'w0': 0.363, 'w1': 0.749, 'w2': 0.394, 'w3': 0.66, 'w4': 0.864, 'w5': 0.47700000000000004, 'w6': 0.983, 'w7': 0.333, 'w8': 0.731, 'max_depth': 9, 'min_child_weight': 2, 'subsample': 0.7, 'colsample_bytree': 0.8, 'gamma': 2.0}. Best is trial 848 with value: 0.6005661897687894.
[I 2023-10-12 21:42:51,333] Trial 1343 finished with value: 0.5979031102833166 and parameters: {'w0': 0.365, 'w1': 0.919, 'w2': 0.392, 'w3': 0.618, 'w4': 0.933, 'w5': 0.097, 'w6': 1.0, 'w7': 0.35000000000000003, 'w8': 0.834, 'max_depth': 9, 'min_child_weight': 2, 'subsample': 0.7, 'colsample_bytree': 0.8, 'gamma': 2.0}. Best is trial 848 with value: 0.6005661897687894.
[I 2023-10-12 21:43:48,299] Trial 1345 finished with value: 0.5927985126418124 and parameters: {'w0': 0.361, 'w1': 0.751, 'w2': 0.315, 'w3': 0.631, 'w4': 0.862, 'w5': 0.095, 'w6': 0.999, 'w7': 0.33, 'w8': 0.727, 'max_depth': 9, 'min_child_weight': 2, 'subsample': 0.7, 'colsample_bytree': 0.8, 'gamma': 2.0}. Best is trial 848 with value: 0.6005661897687894.
[I 2023-10-12 21:46:43,349] Trial 1348 finished with value: 0.5923960846744948 and parameters: {'w0': 0.338, 'w1': 0.806, 'w2': 0.314, 'w3': 0.66, 'w4': 0.93, 'w5': 0.139, 'w6': 0.924, 'w7': 0.332, 'w8': 0.722, 'max_depth': 9, 'min_child_weight': 2, 'subsample': 0.7, 'colsample_bytree': 0.8, 'gamma': 2.0}. Best is trial 848 with value: 0.6005661897687894.
[I 2023-10-12 21:46:55,094] Trial 1347 finished with value: 0.5926667958372447 and parameters: {'w0': 0.337, 'w1': 0.802, 'w2': 0.387, 'w3': 0.661, 'w4': 0.93, 'w5': 0.199, 'w6': 0.999, 'w7': 0.354, 'w8': 0.729, 'max_depth': 9, 'min_child_weight': 2, 'subsample': 0.7, 'colsample_bytree': 0.8, 'gamma': 2.0}. Best is trial 848 with value: 0.6005661897687894.
[I 2023-10-12 21:47:21,923] Trial 1344 finished with value: 0.5918180656067517 and parameters: {'w0': 0.363, 'w1': 0.9550000000000001, 'w2': 0.309, 'w3': 0.624, 'w4': 0.928, 'w5': 0.097, 'w6': 0.999, 'w7': 0.307, 'w8': 0.727, 'max_depth': 9, 'min_child_weight': 2, 'subsample': 0.4, 'colsample_bytree': 0.8, 'gamma': 2.0}. Best is trial 848 with value: 0.6005661897687894.
[I 2023-10-12 21:47:25,703] Trial 1349 finished with value: 0.5950938145296834 and parameters: {'w0': 0.333, 'w1': 0.808, 'w2': 0.313, 'w3': 0.662, 'w4': 0.868, 'w5': 0.137, 'w6': 0.923, 'w7': 0.322, 'w8': 0.727, 'max_depth': 9, 'min_child_weight': 2, 'subsample': 0.7, 'colsample_bytree': 0.8, 'gamma': 2.0}. Best is trial 848 with value: 0.6005661897687894.
[I 2023-10-12 21:50:03,951] Trial 1346 finished with value: 0.5761227660435312 and parameters: {'w0': 0.17400000000000002, 'w1': 0.751, 'w2': 0.39, 'w3': 0.629, 'w4': 0.931, 'w5': 0.202, 'w6': 0.982, 'w7': 0.332, 'w8': 0.723, 'max_depth': 9, 'min_child_weight': 14, 'subsample': 0.4, 'colsample_bytree': 0.8, 'gamma': 2.0}. Best is trial 848 with value: 0.6005661897687894.
[I 2023-10-12 21:53:53,051] Trial 1350 finished with value: 0.5874378314833675 and parameters: {'w0': 0.328, 'w1': 0.804, 'w2': 0.316, 'w3': 0.616, 'w4': 0.898, 'w5': 0.14, 'w6': 1.0, 'w7': 0.329, 'w8': 0.724, 'max_depth': 9, 'min_child_weight': 2, 'subsample': 0.4, 'colsample_bytree': 0.8, 'gamma': 2.0}. Best is trial 848 with value: 0.6005661897687894.
[I 2023-10-12 21:54:24,026] Trial 1352 finished with value: 0.5967379109954901 and parameters: {'w0': 0.334, 'w1': 0.798, 'w2': 0.35100000000000003, 'w3': 0.622, 'w4': 0.932, 'w5': 0.136, 'w6': 0.999, 'w7': 0.316, 'w8': 0.838, 'max_depth': 9, 'min_child_weight': 2, 'subsample': 0.7, 'colsample_bytree': 0.8, 'gamma': 2.0}. Best is trial 848 with value: 0.6005661897687894.
[I 2023-10-12 21:54:37,975] Trial 1356 finished with value: 0.584638753623222 and parameters: {'w0': 0.17500000000000002, 'w1': 0.928, 'w2': 0.354, 'w3': 0.132, 'w4': 0.931, 'w5': 0.156, 'w6': 0.917, 'w7': 0.321, 'w8': 0.761, 'max_depth': 10, 'min_child_weight': 0, 'subsample': 0.7, 'colsample_bytree': 0.8, 'gamma': 2.8000000000000003}. Best is trial 848 with value: 0.6005661897687894.
[I 2023-10-12 21:54:52,690] Trial 1351 finished with value: 0.579679766034668 and parameters: {'w0': 0.33, 'w1': 0.925, 'w2': 0.316, 'w3': 0.10300000000000001, 'w4': 0.897, 'w5': 0.097, 'w6': 0.924, 'w7': 0.327, 'w8': 0.73, 'max_depth': 9, 'min_child_weight': 2, 'subsample': 0.5, 'colsample_bytree': 0.8, 'gamma': 2.0}. Best is trial 848 with value: 0.6005661897687894.
[I 2023-10-12 21:55:51,773] Trial 1359 finished with value: 0.5665113641786369 and parameters: {'w0': 0.319, 'w1': 0.923, 'w2': 0.35000000000000003, 'w3': 0.654, 'w4': 0.156, 'w5': 0.137, 'w6': 0.922, 'w7': 0.231, 'w8': 0.839, 'max_depth': 10, 'min_child_weight': 0, 'subsample': 0.7, 'colsample_bytree': 0.8, 'gamma': 2.8000000000000003}. Best is trial 848 with value: 0.6005661897687894.
[I 2023-10-12 21:55:54,291] Trial 1358 finished with value: 0.5935478615948137 and parameters: {'w0': 0.308, 'w1': 0.9500000000000001, 'w2': 0.34600000000000003, 'w3': 0.7030000000000001, 'w4': 0.935, 'w5': 0.14300000000000002, 'w6': 1.0, 'w7': 0.323, 'w8': 0.847, 'max_depth': 10, 'min_child_weight': 0, 'subsample': 0.7, 'colsample_bytree': 0.8, 'gamma': 2.8000000000000003}. Best is trial 848 with value: 0.6005661897687894.
[I 2023-10-12 21:56:26,525] Trial 1353 finished with value: 0.594061027844454 and parameters: {'w0': 0.319, 'w1': 0.9560000000000001, 'w2': 0.393, 'w3': 0.664, 'w4': 0.933, 'w5': 0.138, 'w6': 0.92, 'w7': 0.324, 'w8': 0.84, 'max_depth': 9, 'min_child_weight': 0, 'subsample': 0.7, 'colsample_bytree': 0.8, 'gamma': 2.0}. Best is trial 848 with value: 0.6005661897687894.
[I 2023-10-12 21:56:50,683] Trial 1360 finished with value: 0.5546422118174115 and parameters: {'w0': 0.324, 'w1': 0.9570000000000001, 'w2': 0.35200000000000004, 'w3': 0.661, 'w4': 0.924, 'w5': 0.137, 'w6': 1.0, 'w7': 0.05, 'w8': 0.835, 'max_depth': 10, 'min_child_weight': 0, 'subsample': 0.7, 'colsample_bytree': 0.8, 'gamma': 2.8000000000000003}. Best is trial 848 with value: 0.6005661897687894.
[I 2023-10-12 21:57:37,532] Trial 1354 finished with value: 0.5769037878252099 and parameters: {'w0': 0.338, 'w1': 0.923, 'w2': 0.34600000000000003, 'w3': 0.661, 'w4': 0.165, 'w5': 0.395, 'w6': 0.999, 'w7': 0.322, 'w8': 0.841, 'max_depth': 9, 'min_child_weight': 0, 'subsample': 0.7, 'colsample_bytree': 0.8, 'gamma': 2.0}. Best is trial 848 with value: 0.6005661897687894.
[I 2023-10-12 21:57:38,920] Trial 1355 finished with value: 0.5958531069889044 and parameters: {'w0': 0.332, 'w1': 0.923, 'w2': 0.353, 'w3': 0.662, 'w4': 0.931, 'w5': 0.14100000000000001, 'w6': 0.925, 'w7': 0.324, 'w8': 0.838, 'max_depth': 10, 'min_child_weight': 0, 'subsample': 0.7, 'colsample_bytree': 0.8, 'gamma': 2.0}. Best is trial 848 with value: 0.6005661897687894.
[I 2023-10-12 21:58:21,547] Trial 1357 finished with value: 0.5921340396299247 and parameters: {'w0': 0.335, 'w1': 0.926, 'w2': 0.35000000000000003, 'w3': 0.667, 'w4': 0.926, 'w5': 0.139, 'w6': 1.0, 'w7': 0.322, 'w8': 0.842, 'max_depth': 10, 'min_child_weight': 0, 'subsample': 0.7, 'colsample_bytree': 0.8, 'gamma': 1.8}. Best is trial 848 with value: 0.6005661897687894.
[I 2023-10-12 22:00:31,579] Trial 1361 finished with value: 0.5742509098108021 and parameters: {'w0': 0.312, 'w1': 0.929, 'w2': 0.361, 'w3': 0.659, 'w4': 0.155, 'w5': 0.136, 'w6': 0.9600000000000001, 'w7': 0.316, 'w8': 0.838, 'max_depth': 10, 'min_child_weight': 0, 'subsample': 0.7, 'colsample_bytree': 0.8, 'gamma': 2.8000000000000003}. Best is trial 848 with value: 0.6005661897687894.
[I 2023-10-12 22:00:44,184] Trial 1363 finished with value: 0.5869353282220741 and parameters: {'w0': 0.318, 'w1': 0.307, 'w2': 0.353, 'w3': 0.7010000000000001, 'w4': 0.897, 'w5': 0.14100000000000001, 'w6': 0.92, 'w7': 0.313, 'w8': 0.838, 'max_depth': 10, 'min_child_weight': 0, 'subsample': 0.7, 'colsample_bytree': 0.8, 'gamma': 2.8000000000000003}. Best is trial 848 with value: 0.6005661897687894.
[I 2023-10-12 22:03:09,976] Trial 1364 finished with value: 0.5943259859225166 and parameters: {'w0': 0.325, 'w1': 0.923, 'w2': 0.356, 'w3': 0.6920000000000001, 'w4': 0.897, 'w5': 0.14200000000000002, 'w6': 0.967, 'w7': 0.316, 'w8': 0.841, 'max_depth': 10, 'min_child_weight': 0, 'subsample': 0.5, 'colsample_bytree': 0.8, 'gamma': 2.8000000000000003}. Best is trial 848 with value: 0.6005661897687894.
[I 2023-10-12 22:03:12,558] Trial 1365 finished with value: 0.5675965551286535 and parameters: {'w0': 0.317, 'w1': 0.925, 'w2': 0.34900000000000003, 'w3': 0.6990000000000001, 'w4': 0.14200000000000002, 'w5': 0.135, 'w6': 0.9600000000000001, 'w7': 0.23800000000000002, 'w8': 0.834, 'max_depth': 10, 'min_child_weight': 0, 'subsample': 0.7, 'colsample_bytree': 0.8, 'gamma': 2.8000000000000003}. Best is trial 848 with value: 0.6005661897687894.
[I 2023-10-12 22:06:40,954] Trial 1366 finished with value: 0.5861174598353913 and parameters: {'w0': 0.314, 'w1': 0.928, 'w2': 0.35200000000000004, 'w3': 0.666, 'w4': 0.896, 'w5': 0.14, 'w6': 0.962, 'w7': 0.227, 'w8': 0.84, 'max_depth': 10, 'min_child_weight': 0, 'subsample': 0.7, 'colsample_bytree': 0.8, 'gamma': 2.8000000000000003}. Best is trial 848 with value: 0.6005661897687894.
[I 2023-10-12 22:06:46,511] Trial 1362 finished with value: 0.5881413804635777 and parameters: {'w0': 0.17200000000000001, 'w1': 0.9590000000000001, 'w2': 0.358, 'w3': 0.6960000000000001, 'w4': 0.899, 'w5': 0.136, 'w6': 0.961, 'w7': 0.307, 'w8': 0.836, 'max_depth': 10, 'min_child_weight': 0, 'subsample': 0.5, 'colsample_bytree': 0.8, 'gamma': 1.8}. Best is trial 848 with value: 0.6005661897687894.
[I 2023-10-12 22:06:57,063] Trial 1369 finished with value: 0.5919865856341013 and parameters: {'w0': 0.309, 'w1': 0.878, 'w2': 0.34600000000000003, 'w3': 0.707, 'w4': 0.904, 'w5': 0.132, 'w6': 0.961, 'w7': 0.23, 'w8': 0.836, 'max_depth': 10, 'min_child_weight': 2, 'subsample': 0.7, 'colsample_bytree': 0.8, 'gamma': 2.8000000000000003}. Best is trial 848 with value: 0.6005661897687894.
[I 2023-10-12 22:10:55,812] Trial 1368 finished with value: 0.5865952421275547 and parameters: {'w0': 0.452, 'w1': 0.921, 'w2': 0.365, 'w3': 0.7000000000000001, 'w4': 0.896, 'w5': 0.14, 'w6': 0.963, 'w7': 0.23500000000000001, 'w8': 0.764, 'max_depth': 10, 'min_child_weight': 0, 'subsample': 0.7, 'colsample_bytree': 0.8, 'gamma': 1.8}. Best is trial 848 with value: 0.6005661897687894.
[I 2023-10-12 22:10:58,434] Trial 1367 finished with value: 0.5878167357188762 and parameters: {'w0': 0.32, 'w1': 0.923, 'w2': 0.35000000000000003, 'w3': 0.6980000000000001, 'w4': 0.899, 'w5': 0.152, 'w6': 0.9600000000000001, 'w7': 0.232, 'w8': 0.759, 'max_depth': 10, 'min_child_weight': 0, 'subsample': 0.7, 'colsample_bytree': 0.8, 'gamma': 1.6}. Best is trial 848 with value: 0.6005661897687894.
[I 2023-10-12 22:11:01,948] Trial 1370 finished with value: 0.5949429434016364 and parameters: {'w0': 0.314, 'w1': 0.878, 'w2': 0.34500000000000003, 'w3': 0.6960000000000001, 'w4': 0.903, 'w5': 0.157, 'w6': 0.9580000000000001, 'w7': 0.241, 'w8': 0.765, 'max_depth': 10, 'min_child_weight': 2, 'subsample': 0.7, 'colsample_bytree': 0.8, 'gamma': 1.6}. Best is trial 848 with value: 0.6005661897687894.
[I 2023-10-12 22:11:32,549] Trial 1371 finished with value: 0.5897878094939863 and parameters: {'w0': 0.45, 'w1': 0.876, 'w2': 0.342, 'w3': 0.706, 'w4': 0.901, 'w5': 0.156, 'w6': 0.961, 'w7': 0.243, 'w8': 0.76, 'max_depth': 10, 'min_child_weight': 2, 'subsample': 0.7, 'colsample_bytree': 0.8, 'gamma': 1.6}. Best is trial 848 with value: 0.6005661897687894.
[I 2023-10-12 22:12:14,210] Trial 1372 finished with value: 0.5892425628738674 and parameters: {'w0': 0.463, 'w1': 0.875, 'w2': 0.374, 'w3': 0.746, 'w4': 0.901, 'w5': 0.158, 'w6': 0.962, 'w7': 0.244, 'w8': 0.762, 'max_depth': 10, 'min_child_weight': 2, 'subsample': 0.7, 'colsample_bytree': 0.8, 'gamma': 1.6}. Best is trial 848 with value: 0.6005661897687894.
[I 2023-10-12 22:12:36,672] Trial 1373 finished with value: 0.5926493557090298 and parameters: {'w0': 0.445, 'w1': 0.875, 'w2': 0.366, 'w3': 0.6950000000000001, 'w4': 0.901, 'w5': 0.158, 'w6': 0.961, 'w7': 0.23800000000000002, 'w8': 0.764, 'max_depth': 9, 'min_child_weight': 2, 'subsample': 0.7, 'colsample_bytree': 0.8, 'gamma': 1.6}. Best is trial 848 with value: 0.6005661897687894.
[I 2023-10-12 22:13:20,500] Trial 1374 finished with value: 0.5905914601217581 and parameters: {'w0': 0.383, 'w1': 0.889, 'w2': 0.362, 'w3': 0.6940000000000001, 'w4': 0.898, 'w5': 0.154, 'w6': 0.9590000000000001, 'w7': 0.23900000000000002, 'w8': 0.763, 'max_depth': 10, 'min_child_weight': 2, 'subsample': 0.7, 'colsample_bytree': 0.8, 'gamma': 1.6}. Best is trial 848 with value: 0.6005661897687894.
[I 2023-10-12 22:13:58,260] Trial 1375 finished with value: 0.5906061564711726 and parameters: {'w0': 0.456, 'w1': 0.864, 'w2': 0.364, 'w3': 0.705, 'w4': 0.898, 'w5': 0.16, 'w6': 0.961, 'w7': 0.243, 'w8': 0.768, 'max_depth': 9, 'min_child_weight': 2, 'subsample': 0.7, 'colsample_bytree': 0.8, 'gamma': 1.6}. Best is trial 848 with value: 0.6005661897687894.
[I 2023-10-12 22:14:05,929] Trial 1376 finished with value: 0.5863302885840409 and parameters: {'w0': 0.454, 'w1': 0.882, 'w2': 0.37, 'w3': 0.6920000000000001, 'w4': 0.898, 'w5': 0.162, 'w6': 0.9600000000000001, 'w7': 0.23500000000000001, 'w8': 0.762, 'max_depth': 9, 'min_child_weight': 2, 'subsample': 0.7, 'colsample_bytree': 0.8, 'gamma': 1.6}. Best is trial 848 with value: 0.6005661897687894.
[I 2023-10-12 22:15:35,639] Trial 1378 finished with value: 0.5753180639991559 and parameters: {'w0': 0.457, 'w1': 0.879, 'w2': 0.34, 'w3': 0.074, 'w4': 0.897, 'w5': 0.156, 'w6': 0.9590000000000001, 'w7': 0.232, 'w8': 0.758, 'max_depth': 9, 'min_child_weight': 2, 'subsample': 0.7, 'colsample_bytree': 0.8, 'gamma': 1.6}. Best is trial 848 with value: 0.6005661897687894.
[I 2023-10-12 22:18:07,349] Trial 1377 finished with value: 0.5426790101998055 and parameters: {'w0': 0.386, 'w1': 0.883, 'w2': 0.030000000000000002, 'w3': 0.6990000000000001, 'w4': 0.899, 'w5': 0.16, 'w6': 0.965, 'w7': 0.232, 'w8': 0.76, 'max_depth': 9, 'min_child_weight': 2, 'subsample': 0.5, 'colsample_bytree': 0.8, 'gamma': 1.6}. Best is trial 848 with value: 0.6005661897687894.
[I 2023-10-12 22:18:49,599] Trial 1380 finished with value: 0.586501668757591 and parameters: {'w0': 0.454, 'w1': 0.878, 'w2': 0.368, 'w3': 0.752, 'w4': 0.834, 'w5': 0.164, 'w6': 0.961, 'w7': 0.23600000000000002, 'w8': 0.762, 'max_depth': 9, 'min_child_weight': 2, 'subsample': 0.7, 'colsample_bytree': 0.8, 'gamma': 1.6}. Best is trial 848 with value: 0.6005661897687894.
[I 2023-10-12 22:21:19,596] Trial 1379 finished with value: 0.5754166507228403 and parameters: {'w0': 0.459, 'w1': 0.886, 'w2': 0.8150000000000001, 'w3': 0.752, 'w4': 0.87, 'w5': 0.6990000000000001, 'w6': 0.9590000000000001, 'w7': 0.243, 'w8': 0.76, 'max_depth': 9, 'min_child_weight': 2, 'subsample': 0.7, 'colsample_bytree': 0.8, 'gamma': 1.6}. Best is trial 848 with value: 0.6005661897687894.
[I 2023-10-12 22:23:59,565] Trial 1382 finished with value: 0.5948793153962053 and parameters: {'w0': 0.386, 'w1': 0.885, 'w2': 0.329, 'w3': 0.7020000000000001, 'w4': 0.873, 'w5': 0.158, 'w6': 0.9590000000000001, 'w7': 0.251, 'w8': 0.765, 'max_depth': 9, 'min_child_weight': 2, 'subsample': 0.6000000000000001, 'colsample_bytree': 0.8, 'gamma': 1.6}. Best is trial 848 with value: 0.6005661897687894.
[I 2023-10-12 22:24:16,221] Trial 1381 finished with value: 0.5838293861670705 and parameters: {'w0': 0.459, 'w1': 0.872, 'w2': 0.373, 'w3': 0.749, 'w4': 0.835, 'w5': 0.161, 'w6': 0.9600000000000001, 'w7': 0.243, 'w8': 0.761, 'max_depth': 9, 'min_child_weight': 2, 'subsample': 0.6000000000000001, 'colsample_bytree': 0.8, 'gamma': 1.6}. Best is trial 848 with value: 0.6005661897687894.
[I 2023-10-12 22:24:24,458] Trial 1384 finished with value: 0.5833644903644477 and parameters: {'w0': 0.453, 'w1': 0.878, 'w2': 0.324, 'w3': 0.755, 'w4': 0.872, 'w5': 0.219, 'w6': 0.965, 'w7': 0.251, 'w8': 0.765, 'max_depth': 9, 'min_child_weight': 2, 'subsample': 0.6000000000000001, 'colsample_bytree': 0.3, 'gamma': 2.2}. Best is trial 848 with value: 0.6005661897687894.
[I 2023-10-12 22:25:24,911] Trial 1388 finished with value: 0.5919365640469102 and parameters: {'w0': 0.387, 'w1': 0.886, 'w2': 0.324, 'w3': 0.75, 'w4': 0.872, 'w5': 0.216, 'w6': 0.936, 'w7': 0.271, 'w8': 0.809, 'max_depth': 9, 'min_child_weight': 2, 'subsample': 0.6000000000000001, 'colsample_bytree': 0.3, 'gamma': 2.2}. Best is trial 848 with value: 0.6005661897687894.
[I 2023-10-12 22:25:27,436] Trial 1386 finished with value: 0.5944679432542159 and parameters: {'w0': 0.378, 'w1': 0.884, 'w2': 0.326, 'w3': 0.746, 'w4': 0.87, 'w5': 0.216, 'w6': 0.9420000000000001, 'w7': 0.276, 'w8': 0.802, 'max_depth': 9, 'min_child_weight': 2, 'subsample': 0.6000000000000001, 'colsample_bytree': 0.8, 'gamma': 2.2}. Best is trial 848 with value: 0.6005661897687894.
[I 2023-10-12 22:25:36,737] Trial 1387 finished with value: 0.5961098748107205 and parameters: {'w0': 0.379, 'w1': 0.885, 'w2': 0.32, 'w3': 0.752, 'w4': 0.873, 'w5': 0.11, 'w6': 0.9430000000000001, 'w7': 0.267, 'w8': 0.6960000000000001, 'max_depth': 9, 'min_child_weight': 2, 'subsample': 0.6000000000000001, 'colsample_bytree': 0.8, 'gamma': 2.2}. Best is trial 848 with value: 0.6005661897687894.
