[I 2023-10-12 04:10:56,264] Trial 105 finished with value: 0.5654138093824763 and parameters: {'w0': 0.775, 'w1': 0.494, 'w2': 0.765, 'w3': 0.521, 'w4': 0.9380000000000001, 'w5': 0.686, 'w6': 0.655, 'w7': 0.47300000000000003, 'w8': 0.681, 'max_depth': 5, 'min_child_weight': 6, 'subsample': 0.7, 'colsample_bytree': 0.4, 'gamma': 0.0}. Best is trial 97 with value: 0.573908699589994.
[I 2023-10-12 04:11:55,878] Trial 106 finished with value: 0.5679141854842297 and parameters: {'w0': 0.539, 'w1': 0.504, 'w2': 0.758, 'w3': 0.713, 'w4': 0.9420000000000001, 'w5': 0.6900000000000001, 'w6': 0.65, 'w7': 0.46, 'w8': 0.468, 'max_depth': 5, 'min_child_weight': 12, 'subsample': 0.7, 'colsample_bytree': 0.9000000000000001, 'gamma': 0.0}. Best is trial 97 with value: 0.573908699589994.
[I 2023-10-12 04:12:59,045] Trial 100 finished with value: 0.5539266746256938 and parameters: {'w0': 0.786, 'w1': 0.503, 'w2': 0.738, 'w3': 0.714, 'w4': 0.47100000000000003, 'w5': 0.679, 'w6': 0.647, 'w7': 0.452, 'w8': 0.321, 'max_depth': 7, 'min_child_weight': 12, 'subsample': 0.7, 'colsample_bytree': 0.4, 'gamma': 0.0}. Best is trial 97 with value: 0.573908699589994.
[I 2023-10-12 04:13:15,999] Trial 108 finished with value: 0.5563773345876106 and parameters: {'w0': 0.534, 'w1': 0.794, 'w2': 0.749, 'w3': 0.717, 'w4': 0.9460000000000001, 'w5': 0.611, 'w6': 0.909, 'w7': 0.47100000000000003, 'w8': 0.47100000000000003, 'max_depth': 3, 'min_child_weight': 12, 'subsample': 0.7, 'colsample_bytree': 0.4, 'gamma': 2.2}. Best is trial 97 with value: 0.573908699589994.
[I 2023-10-12 04:16:02,418] Trial 102 finished with value: 0.5649742673822867 and parameters: {'w0': 0.787, 'w1': 0.51, 'w2': 0.744, 'w3': 0.707, 'w4': 0.9420000000000001, 'w5': 0.893, 'w6': 0.646, 'w7': 0.447, 'w8': 0.319, 'max_depth': 7, 'min_child_weight': 6, 'subsample': 0.7, 'colsample_bytree': 0.4, 'gamma': 0.0}. Best is trial 97 with value: 0.573908699589994.
[I 2023-10-12 04:16:10,226] Trial 99 finished with value: 0.5649831640769415 and parameters: {'w0': 0.54, 'w1': 0.516, 'w2': 0.732, 'w3': 0.717, 'w4': 0.457, 'w5': 0.6890000000000001, 'w6': 0.656, 'w7': 0.47600000000000003, 'w8': 0.333, 'max_depth': 8, 'min_child_weight': 6, 'subsample': 0.7, 'colsample_bytree': 0.4, 'gamma': 0.0}. Best is trial 97 with value: 0.573908699589994.
[I 2023-10-12 04:16:11,493] Trial 101 finished with value: 0.5709313344526906 and parameters: {'w0': 0.527, 'w1': 0.503, 'w2': 0.744, 'w3': 0.721, 'w4': 0.9460000000000001, 'w5': 0.612, 'w6': 0.645, 'w7': 0.47000000000000003, 'w8': 0.685, 'max_depth': 7, 'min_child_weight': 6, 'subsample': 0.7, 'colsample_bytree': 0.4, 'gamma': 0.0}. Best is trial 97 with value: 0.573908699589994.
[I 2023-10-12 04:16:19,050] Trial 103 finished with value: 0.5711979734984693 and parameters: {'w0': 0.323, 'w1': 0.6960000000000001, 'w2': 0.738, 'w3': 0.711, 'w4': 0.9400000000000001, 'w5': 0.684, 'w6': 0.639, 'w7': 0.464, 'w8': 0.687, 'max_depth': 7, 'min_child_weight': 6, 'subsample': 0.7, 'colsample_bytree': 0.4, 'gamma': 0.0}. Best is trial 97 with value: 0.573908699589994.
[I 2023-10-12 04:16:42,385] Trial 110 finished with value: 0.5634992648968765 and parameters: {'w0': 0.5730000000000001, 'w1': 0.594, 'w2': 0.764, 'w3': 0.712, 'w4': 0.931, 'w5': 0.679, 'w6': 0.937, 'w7': 0.745, 'w8': 0.716, 'max_depth': 3, 'min_child_weight': 12, 'subsample': 0.5, 'colsample_bytree': 0.9000000000000001, 'gamma': 2.4000000000000004}. Best is trial 97 with value: 0.573908699589994.
[I 2023-10-12 04:19:28,473] Trial 109 finished with value: 0.5717434330860087 and parameters: {'w0': 0.511, 'w1': 0.801, 'w2': 0.741, 'w3': 0.714, 'w4': 0.8140000000000001, 'w5': 0.6910000000000001, 'w6': 0.965, 'w7': 0.745, 'w8': 0.6910000000000001, 'max_depth': 5, 'min_child_weight': 6, 'subsample': 0.7, 'colsample_bytree': 0.9000000000000001, 'gamma': 2.4000000000000004}. Best is trial 97 with value: 0.573908699589994.
[I 2023-10-12 04:20:39,892] Trial 111 finished with value: 0.5658186043433306 and parameters: {'w0': 0.5660000000000001, 'w1': 0.595, 'w2': 0.658, 'w3': 0.723, 'w4': 0.9390000000000001, 'w5': 0.673, 'w6': 0.925, 'w7': 0.47900000000000004, 'w8': 0.6970000000000001, 'max_depth': 3, 'min_child_weight': 12, 'subsample': 0.7, 'colsample_bytree': 0.8, 'gamma': 1.0}. Best is trial 97 with value: 0.573908699589994.
[I 2023-10-12 04:22:21,379] Trial 113 finished with value: 0.5637271809683636 and parameters: {'w0': 0.782, 'w1': 0.797, 'w2': 0.755, 'w3': 0.72, 'w4': 0.933, 'w5': 0.61, 'w6': 0.9600000000000001, 'w7': 0.459, 'w8': 0.6980000000000001, 'max_depth': 3, 'min_child_weight': 4, 'subsample': 0.7, 'colsample_bytree': 0.9000000000000001, 'gamma': 1.0}. Best is trial 97 with value: 0.573908699589994.
[I 2023-10-12 04:22:34,674] Trial 114 finished with value: 0.5682552898518535 and parameters: {'w0': 0.787, 'w1': 0.789, 'w2': 0.656, 'w3': 0.796, 'w4': 0.928, 'w5': 0.602, 'w6': 0.917, 'w7': 0.466, 'w8': 0.6900000000000001, 'max_depth': 3, 'min_child_weight': 4, 'subsample': 0.7, 'colsample_bytree': 0.9000000000000001, 'gamma': 1.0}. Best is trial 97 with value: 0.573908699589994.
[I 2023-10-12 04:25:09,670] Trial 115 finished with value: 0.5683362212954652 and parameters: {'w0': 0.5760000000000001, 'w1': 0.6950000000000001, 'w2': 0.763, 'w3': 0.803, 'w4': 0.807, 'w5': 0.618, 'w6': 0.965, 'w7': 0.559, 'w8': 0.686, 'max_depth': 3, 'min_child_weight': 2, 'subsample': 0.5, 'colsample_bytree': 0.9000000000000001, 'gamma': 0.4}. Best is trial 97 with value: 0.573908699589994.
[I 2023-10-12 04:26:35,061] Trial 112 finished with value: 0.5718298602971279 and parameters: {'w0': 0.312, 'w1': 0.6930000000000001, 'w2': 0.755, 'w3': 0.775, 'w4': 0.9450000000000001, 'w5': 0.47600000000000003, 'w6': 0.912, 'w7': 0.465, 'w8': 0.7030000000000001, 'max_depth': 5, 'min_child_weight': 12, 'subsample': 0.7, 'colsample_bytree': 0.9000000000000001, 'gamma': 1.0}. Best is trial 97 with value: 0.573908699589994.
[I 2023-10-12 04:30:16,661] Trial 117 finished with value: 0.5644524528984491 and parameters: {'w0': 0.775, 'w1': 0.41700000000000004, 'w2': 0.761, 'w3': 0.311, 'w4': 0.808, 'w5': 0.604, 'w6': 0.658, 'w7': 0.437, 'w8': 0.6960000000000001, 'max_depth': 5, 'min_child_weight': 4, 'subsample': 0.7, 'colsample_bytree': 0.9000000000000001, 'gamma': 1.0}. Best is trial 97 with value: 0.573908699589994.
[I 2023-10-12 04:30:46,381] Trial 116 finished with value: 0.5706435403642218 and parameters: {'w0': 0.777, 'w1': 0.598, 'w2': 0.758, 'w3': 0.812, 'w4': 0.804, 'w5': 0.626, 'w6': 0.92, 'w7': 0.47600000000000003, 'w8': 0.682, 'max_depth': 5, 'min_child_weight': 2, 'subsample': 0.7, 'colsample_bytree': 0.9000000000000001, 'gamma': 1.0}. Best is trial 97 with value: 0.573908699589994.
[I 2023-10-12 04:31:58,911] Trial 118 finished with value: 0.5697611884314137 and parameters: {'w0': 0.776, 'w1': 0.433, 'w2': 0.762, 'w3': 0.838, 'w4': 0.963, 'w5': 0.607, 'w6': 0.657, 'w7': 0.446, 'w8': 0.683, 'max_depth': 5, 'min_child_weight': 4, 'subsample': 0.8, 'colsample_bytree': 0.9000000000000001, 'gamma': 0.4}. Best is trial 97 with value: 0.573908699589994.
[I 2023-10-12 04:32:16,724] Trial 120 finished with value: 0.5706286637675563 and parameters: {'w0': 0.783, 'w1': 0.438, 'w2': 0.654, 'w3': 0.772, 'w4': 0.809, 'w5': 0.607, 'w6': 0.664, 'w7': 0.403, 'w8': 0.6910000000000001, 'max_depth': 5, 'min_child_weight': 4, 'subsample': 0.8, 'colsample_bytree': 0.9000000000000001, 'gamma': 0.4}. Best is trial 97 with value: 0.573908699589994.
[I 2023-10-12 04:32:39,113] Trial 119 finished with value: 0.5691285414853893 and parameters: {'w0': 0.723, 'w1': 0.452, 'w2': 0.764, 'w3': 0.776, 'w4': 0.805, 'w5': 0.611, 'w6': 0.666, 'w7': 0.47600000000000003, 'w8': 0.687, 'max_depth': 5, 'min_child_weight': 4, 'subsample': 0.7, 'colsample_bytree': 0.9000000000000001, 'gamma': 0.4}. Best is trial 97 with value: 0.573908699589994.
[I 2023-10-12 04:34:56,014] Trial 125 finished with value: 0.5687935559212373 and parameters: {'w0': 0.33, 'w1': 0.683, 'w2': 0.8290000000000001, 'w3': 0.783, 'w4': 0.961, 'w5': 0.615, 'w6': 0.751, 'w7': 0.392, 'w8': 0.773, 'max_depth': 5, 'min_child_weight': 14, 'subsample': 0.8, 'colsample_bytree': 0.8, 'gamma': 0.4}. Best is trial 97 with value: 0.573908699589994.
[I 2023-10-12 04:35:02,696] Trial 122 finished with value: 0.5674509363553523 and parameters: {'w0': 0.594, 'w1': 0.45, 'w2': 0.776, 'w3': 0.782, 'w4': 0.806, 'w5': 0.602, 'w6': 0.743, 'w7': 0.401, 'w8': 0.677, 'max_depth': 5, 'min_child_weight': 6, 'subsample': 0.8, 'colsample_bytree': 0.8, 'gamma': 0.4}. Best is trial 97 with value: 0.573908699589994.
[I 2023-10-12 04:35:12,664] Trial 121 finished with value: 0.565307977732667 and parameters: {'w0': 0.601, 'w1': 0.439, 'w2': 0.773, 'w3': 0.765, 'w4': 0.81, 'w5': 0.607, 'w6': 0.67, 'w7': 0.388, 'w8': 0.6920000000000001, 'max_depth': 5, 'min_child_weight': 4, 'subsample': 0.8, 'colsample_bytree': 0.9000000000000001, 'gamma': 0.4}. Best is trial 97 with value: 0.573908699589994.
[I 2023-10-12 04:35:39,440] Trial 124 finished with value: 0.5729353288332644 and parameters: {'w0': 0.5660000000000001, 'w1': 0.449, 'w2': 0.772, 'w3': 0.777, 'w4': 0.963, 'w5': 0.604, 'w6': 0.756, 'w7': 0.5660000000000001, 'w8': 0.776, 'max_depth': 5, 'min_child_weight': 4, 'subsample': 0.8, 'colsample_bytree': 0.9000000000000001, 'gamma': 0.4}. Best is trial 97 with value: 0.573908699589994.
[I 2023-10-12 04:35:48,039] Trial 123 finished with value: 0.5699544017712918 and parameters: {'w0': 0.609, 'w1': 0.458, 'w2': 0.781, 'w3': 0.841, 'w4': 0.806, 'w5': 0.61, 'w6': 0.75, 'w7': 0.403, 'w8': 0.758, 'max_depth': 5, 'min_child_weight': 4, 'subsample': 0.8, 'colsample_bytree': 0.9000000000000001, 'gamma': 0.4}. Best is trial 97 with value: 0.573908699589994.
[I 2023-10-12 04:39:07,215] Trial 126 finished with value: 0.5684691703729163 and parameters: {'w0': 0.314, 'w1': 0.434, 'w2': 0.668, 'w3': 0.769, 'w4': 0.803, 'w5': 0.612, 'w6': 0.674, 'w7': 0.389, 'w8': 0.77, 'max_depth': 5, 'min_child_weight': 4, 'subsample': 0.8, 'colsample_bytree': 0.9000000000000001, 'gamma': 0.4}. Best is trial 97 with value: 0.573908699589994.
[I 2023-10-12 04:39:25,973] Trial 127 finished with value: 0.572989481828708 and parameters: {'w0': 0.338, 'w1': 0.431, 'w2': 0.663, 'w3': 0.767, 'w4': 0.972, 'w5': 0.613, 'w6': 0.987, 'w7': 0.392, 'w8': 0.766, 'max_depth': 5, 'min_child_weight': 4, 'subsample': 0.8, 'colsample_bytree': 0.9000000000000001, 'gamma': 1.0}. Best is trial 97 with value: 0.573908699589994.
[I 2023-10-12 04:42:16,413] Trial 129 finished with value: 0.5712000781854876 and parameters: {'w0': 0.611, 'w1': 0.422, 'w2': 0.665, 'w3': 0.772, 'w4': 0.808, 'w5': 0.635, 'w6': 0.62, 'w7': 0.386, 'w8': 0.77, 'max_depth': 5, 'min_child_weight': 4, 'subsample': 0.8, 'colsample_bytree': 0.9000000000000001, 'gamma': 0.4}. Best is trial 97 with value: 0.573908699589994.
[I 2023-10-12 04:42:29,556] Trial 128 finished with value: 0.5731164999854648 and parameters: {'w0': 0.332, 'w1': 0.47000000000000003, 'w2': 0.641, 'w3': 0.76, 'w4': 0.8140000000000001, 'w5': 0.64, 'w6': 0.978, 'w7': 0.397, 'w8': 0.762, 'max_depth': 5, 'min_child_weight': 4, 'subsample': 0.8, 'colsample_bytree': 0.9000000000000001, 'gamma': 0.4}. Best is trial 97 with value: 0.573908699589994.
[I 2023-10-12 04:45:04,033] Trial 130 finished with value: 0.5740980876846984 and parameters: {'w0': 0.315, 'w1': 0.685, 'w2': 0.779, 'w3': 0.775, 'w4': 0.968, 'w5': 0.481, 'w6': 0.753, 'w7': 0.41200000000000003, 'w8': 0.78, 'max_depth': 5, 'min_child_weight': 2, 'subsample': 0.8, 'colsample_bytree': 0.9000000000000001, 'gamma': 0.4}. Best is trial 130 with value: 0.5740980876846984.
[I 2023-10-12 04:51:58,363] Trial 143 finished with value: 0.5581475702981434 and parameters: {'w0': 0.293, 'w1': 0.47000000000000003, 'w2': 0.8250000000000001, 'w3': 0.8320000000000001, 'w4': 0.976, 'w5': 0.47300000000000003, 'w6': 1.0, 'w7': 0.372, 'w8': 0.745, 'max_depth': 5, 'min_child_weight': 2, 'subsample': 0.8, 'colsample_bytree': 1.0, 'gamma': 2.8000000000000003}. Best is trial 130 with value: 0.5740980876846984.
[I 2023-10-12 04:52:27,941] Trial 131 finished with value: 0.5698082151445516 and parameters: {'w0': 0.509, 'w1': 0.448, 'w2': 0.785, 'w3': 0.841, 'w4': 0.965, 'w5': 0.467, 'w6': 0.992, 'w7': 0.392, 'w8': 0.756, 'max_depth': 7, 'min_child_weight': 4, 'subsample': 0.8, 'colsample_bytree': 0.9000000000000001, 'gamma': 0.4}. Best is trial 130 with value: 0.5740980876846984.
[I 2023-10-12 04:52:28,781] Trial 135 finished with value: 0.5716742801052368 and parameters: {'w0': 0.338, 'w1': 0.446, 'w2': 0.781, 'w3': 0.835, 'w4': 0.973, 'w5': 0.455, 'w6': 0.994, 'w7': 0.387, 'w8': 0.766, 'max_depth': 5, 'min_child_weight': 2, 'subsample': 0.8, 'colsample_bytree': 1.0, 'gamma': 0.4}. Best is trial 130 with value: 0.5740980876846984.
[I 2023-10-12 04:52:59,179] Trial 136 finished with value: 0.5685891747490469 and parameters: {'w0': 0.327, 'w1': 0.6880000000000001, 'w2': 0.785, 'w3': 0.772, 'w4': 0.9590000000000001, 'w5': 0.47200000000000003, 'w6': 1.0, 'w7': 0.393, 'w8': 0.746, 'max_depth': 5, 'min_child_weight': 2, 'subsample': 0.8, 'colsample_bytree': 1.0, 'gamma': 0.4}. Best is trial 130 with value: 0.5740980876846984.
[I 2023-10-12 04:54:06,473] Trial 133 finished with value: 0.5737509497674562 and parameters: {'w0': 0.33, 'w1': 0.687, 'w2': 0.776, 'w3': 0.85, 'w4': 0.912, 'w5': 0.63, 'w6': 0.972, 'w7': 0.40700000000000003, 'w8': 0.778, 'max_depth': 5, 'min_child_weight': 0, 'subsample': 0.8, 'colsample_bytree': 1.0, 'gamma': 0.4}. Best is trial 130 with value: 0.5740980876846984.
[I 2023-10-12 04:55:02,387] Trial 138 finished with value: 0.573089008130685 and parameters: {'w0': 0.326, 'w1': 0.41500000000000004, 'w2': 0.782, 'w3': 0.835, 'w4': 0.975, 'w5': 0.47800000000000004, 'w6': 1.0, 'w7': 0.41200000000000003, 'w8': 0.776, 'max_depth': 5, 'min_child_weight': 2, 'subsample': 0.8, 'colsample_bytree': 1.0, 'gamma': 0.6000000000000001}. Best is trial 130 with value: 0.5740980876846984.
[I 2023-10-12 04:55:14,922] Trial 139 finished with value: 0.5738649327714981 and parameters: {'w0': 0.332, 'w1': 0.6900000000000001, 'w2': 0.782, 'w3': 0.8250000000000001, 'w4': 0.97, 'w5': 0.47800000000000004, 'w6': 0.983, 'w7': 0.423, 'w8': 0.771, 'max_depth': 5, 'min_child_weight': 2, 'subsample': 0.8, 'colsample_bytree': 1.0, 'gamma': 0.6000000000000001}. Best is trial 130 with value: 0.5740980876846984.
[I 2023-10-12 04:56:06,115] Trial 140 finished with value: 0.5648380366885415 and parameters: {'w0': 0.326, 'w1': 0.44, 'w2': 0.788, 'w3': 0.84, 'w4': 0.965, 'w5': 0.452, 'w6': 0.995, 'w7': 0.306, 'w8': 0.773, 'max_depth': 5, 'min_child_weight': 2, 'subsample': 0.8, 'colsample_bytree': 1.0, 'gamma': 0.4}. Best is trial 130 with value: 0.5740980876846984.
[I 2023-10-12 04:56:37,986] Trial 141 finished with value: 0.5696949078007998 and parameters: {'w0': 0.669, 'w1': 0.43, 'w2': 0.8250000000000001, 'w3': 0.844, 'w4': 0.969, 'w5': 0.46900000000000003, 'w6': 0.612, 'w7': 0.8190000000000001, 'w8': 0.742, 'max_depth': 5, 'min_child_weight': 2, 'subsample': 0.8, 'colsample_bytree': 1.0, 'gamma': 0.6000000000000001}. Best is trial 130 with value: 0.5740980876846984.
[I 2023-10-12 04:57:27,285] Trial 132 finished with value: 0.5695957982580024 and parameters: {'w0': 0.317, 'w1': 0.6900000000000001, 'w2': 0.788, 'w3': 0.844, 'w4': 0.963, 'w5': 0.632, 'w6': 0.976, 'w7': 0.559, 'w8': 0.771, 'max_depth': 7, 'min_child_weight': 2, 'subsample': 0.8, 'colsample_bytree': 1.0, 'gamma': 0.4}. Best is trial 130 with value: 0.5740980876846984.
[I 2023-10-12 04:57:49,178] Trial 137 finished with value: 0.5663783023362594 and parameters: {'w0': 0.326, 'w1': 0.438, 'w2': 0.775, 'w3': 0.835, 'w4': 0.973, 'w5': 0.641, 'w6': 0.622, 'w7': 0.402, 'w8': 0.783, 'max_depth': 5, 'min_child_weight': 0, 'subsample': 0.8, 'colsample_bytree': 1.0, 'gamma': 0.4}. Best is trial 130 with value: 0.5740980876846984.
[I 2023-10-12 04:59:02,550] Trial 142 finished with value: 0.569193446289245 and parameters: {'w0': 0.675, 'w1': 0.464, 'w2': 0.787, 'w3': 0.8260000000000001, 'w4': 0.972, 'w5': 0.467, 'w6': 0.684, 'w7': 0.803, 'w8': 0.748, 'max_depth': 5, 'min_child_weight': 2, 'subsample': 0.8, 'colsample_bytree': 1.0, 'gamma': 0.6000000000000001}. Best is trial 130 with value: 0.5740980876846984.
[I 2023-10-12 04:59:12,433] Trial 134 finished with value: 0.573713592823545 and parameters: {'w0': 0.323, 'w1': 0.6930000000000001, 'w2': 0.781, 'w3': 0.853, 'w4': 0.979, 'w5': 0.47100000000000003, 'w6': 0.983, 'w7': 0.402, 'w8': 0.762, 'max_depth': 7, 'min_child_weight': 2, 'subsample': 0.8, 'colsample_bytree': 1.0, 'gamma': 0.4}. Best is trial 130 with value: 0.5740980876846984.
[I 2023-10-12 05:01:21,326] Trial 147 finished with value: 0.5365617185897386 and parameters: {'w0': 0.326, 'w1': 0.401, 'w2': 0.791, 'w3': 0.896, 'w4': 0.738, 'w5': 0.419, 'w6': 0.966, 'w7': 0.315, 'w8': 0.8220000000000001, 'max_depth': 5, 'min_child_weight': 2, 'subsample': 0.8, 'colsample_bytree': 1.0, 'gamma': 7.2}. Best is trial 130 with value: 0.5740980876846984.
[I 2023-10-12 05:01:26,174] Trial 144 finished with value: 0.5688493076212222 and parameters: {'w0': 0.278, 'w1': 0.468, 'w2': 0.8270000000000001, 'w3': 0.836, 'w4': 0.973, 'w5': 0.64, 'w6': 0.97, 'w7': 0.321, 'w8': 0.806, 'max_depth': 5, 'min_child_weight': 2, 'subsample': 0.8, 'colsample_bytree': 1.0, 'gamma': 0.8}. Best is trial 130 with value: 0.5740980876846984.
[I 2023-10-12 05:01:30,934] Trial 145 finished with value: 0.5617890193138924 and parameters: {'w0': 0.281, 'w1': 0.406, 'w2': 0.637, 'w3': 0.843, 'w4': 0.14300000000000002, 'w5': 0.644, 'w6': 0.977, 'w7': 0.317, 'w8': 0.751, 'max_depth': 5, 'min_child_weight': 2, 'subsample': 0.8, 'colsample_bytree': 1.0, 'gamma': 0.8}. Best is trial 130 with value: 0.5740980876846984.
[I 2023-10-12 05:02:05,594] Trial 148 finished with value: 0.543917211006502 and parameters: {'w0': 0.668, 'w1': 0.372, 'w2': 0.637, 'w3': 0.743, 'w4': 0.731, 'w5': 0.64, 'w6': 0.963, 'w7': 0.322, 'w8': 0.803, 'max_depth': 5, 'min_child_weight': 2, 'subsample': 0.8, 'colsample_bytree': 1.0, 'gamma': 7.2}. Best is trial 130 with value: 0.5740980876846984.
[I 2023-10-12 05:04:10,927] Trial 151 finished with value: 0.5576405028075221 and parameters: {'w0': 0.34800000000000003, 'w1': 0.907, 'w2': 0.717, 'w3': 0.891, 'w4': 0.911, 'w5': 0.359, 'w6': 0.968, 'w7': 0.301, 'w8': 0.8230000000000001, 'max_depth': 5, 'min_child_weight': 0, 'subsample': 0.8, 'colsample_bytree': 1.0, 'gamma': 6.0}. Best is trial 130 with value: 0.5740980876846984.
[I 2023-10-12 05:04:19,491] Trial 146 finished with value: 0.5726164491531255 and parameters: {'w0': 0.278, 'w1': 0.46900000000000003, 'w2': 0.635, 'w3': 0.844, 'w4': 0.967, 'w5': 0.495, 'w6': 0.991, 'w7': 0.305, 'w8': 0.744, 'max_depth': 5, 'min_child_weight': 2, 'subsample': 0.8, 'colsample_bytree': 1.0, 'gamma': 0.8}. Best is trial 130 with value: 0.5740980876846984.
[I 2023-10-12 05:08:53,180] Trial 158 finished with value: 0.5457383093413433 and parameters: {'w0': 0.27, 'w1': 0.373, 'w2': 0.628, 'w3': 0.881, 'w4': 1.0, 'w5': 0.389, 'w6': 0.9590000000000001, 'w7': 0.425, 'w8': 0.8130000000000001, 'max_depth': 5, 'min_child_weight': 0, 'subsample': 0.8, 'colsample_bytree': 1.0, 'gamma': 6.6000000000000005}. Best is trial 130 with value: 0.5740980876846984.
[I 2023-10-12 05:11:19,389] Trial 160 finished with value: 0.55026576859665 and parameters: {'w0': 0.267, 'w1': 0.771, 'w2': 0.667, 'w3': 0.892, 'w4': 1.0, 'w5': 0.424, 'w6': 0.9470000000000001, 'w7': 0.372, 'w8': 0.808, 'max_depth': 5, 'min_child_weight': 0, 'subsample': 0.9000000000000001, 'colsample_bytree': 1.0, 'gamma': 5.6000000000000005}. Best is trial 130 with value: 0.5740980876846984.
[I 2023-10-12 05:11:58,929] Trial 149 finished with value: 0.5724200231376345 and parameters: {'w0': 0.334, 'w1': 0.40700000000000003, 'w2': 0.672, 'w3': 0.741, 'w4': 0.915, 'w5': 0.341, 'w6': 0.967, 'w7': 0.292, 'w8': 0.806, 'max_depth': 5, 'min_child_weight': 2, 'subsample': 0.8, 'colsample_bytree': 1.0, 'gamma': 0.6000000000000001}. Best is trial 130 with value: 0.5740980876846984.
[I 2023-10-12 05:12:11,522] Trial 150 finished with value: 0.5674766345203764 and parameters: {'w0': 0.34400000000000003, 'w1': 0.372, 'w2': 0.628, 'w3': 0.744, 'w4': 0.921, 'w5': 0.423, 'w6': 0.978, 'w7': 0.28500000000000003, 'w8': 0.807, 'max_depth': 5, 'min_child_weight': 2, 'subsample': 0.8, 'colsample_bytree': 1.0, 'gamma': 0.8}. Best is trial 130 with value: 0.5740980876846984.
[I 2023-10-12 05:16:10,830] Trial 155 finished with value: 0.5785777312387095 and parameters: {'w0': 0.279, 'w1': 0.914, 'w2': 0.671, 'w3': 0.885, 'w4': 0.988, 'w5': 0.40800000000000003, 'w6': 0.965, 'w7': 0.314, 'w8': 0.8190000000000001, 'max_depth': 5, 'min_child_weight': 2, 'subsample': 0.8, 'colsample_bytree': 1.0, 'gamma': 0.8}. Best is trial 155 with value: 0.5785777312387095.
[I 2023-10-12 05:16:21,254] Trial 152 finished with value: 0.5636873803217246 and parameters: {'w0': 0.279, 'w1': 0.393, 'w2': 0.714, 'w3': 0.742, 'w4': 0.98, 'w5': 0.399, 'w6': 0.969, 'w7': 0.8220000000000001, 'w8': 0.798, 'max_depth': 5, 'min_child_weight': 0, 'subsample': 0.8, 'colsample_bytree': 1.0, 'gamma': 0.8}. Best is trial 155 with value: 0.5785777312387095.
[I 2023-10-12 05:17:20,777] Trial 153 finished with value: 0.566438895589066 and parameters: {'w0': 0.278, 'w1': 0.913, 'w2': 0.714, 'w3': 0.903, 'w4': 0.979, 'w5': 0.448, 'w6': 0.97, 'w7': 0.806, 'w8': 0.8240000000000001, 'max_depth': 5, 'min_child_weight': 0, 'subsample': 0.8, 'colsample_bytree': 1.0, 'gamma': 0.6000000000000001}. Best is trial 155 with value: 0.5785777312387095.
[I 2023-10-12 05:17:48,708] Trial 154 finished with value: 0.5650495173003462 and parameters: {'w0': 0.272, 'w1': 0.9550000000000001, 'w2': 0.717, 'w3': 0.905, 'w4': 0.984, 'w5': 0.394, 'w6': 0.9540000000000001, 'w7': 0.8240000000000001, 'w8': 0.807, 'max_depth': 5, 'min_child_weight': 0, 'subsample': 0.8, 'colsample_bytree': 1.0, 'gamma': 0.8}. Best is trial 155 with value: 0.5785777312387095.
