[I 2023-10-12 14:15:07,948] Trial 821 finished with value: 0.5943129096392021 and parameters: {'w0': 0.448, 'w1': 0.894, 'w2': 0.299, 'w3': 0.796, 'w4': 0.776, 'w5': 0.229, 'w6': 0.9480000000000001, 'w7': 0.254, 'w8': 0.795, 'max_depth': 7, 'min_child_weight': 2, 'subsample': 0.8, 'colsample_bytree': 0.8, 'gamma': 2.0}. Best is trial 761 with value: 0.6001023286734153.
[I 2023-10-12 14:19:08,699] Trial 818 finished with value: 0.5896810013414128 and parameters: {'w0': 0.375, 'w1': 0.893, 'w2': 0.291, 'w3': 0.8250000000000001, 'w4': 0.751, 'w5': 0.151, 'w6': 0.9550000000000001, 'w7': 0.254, 'w8': 0.796, 'max_depth': 7, 'min_child_weight': 2, 'subsample': 0.4, 'colsample_bytree': 0.8, 'gamma': 2.0}. Best is trial 761 with value: 0.6001023286734153.
[I 2023-10-12 14:19:35,785] Trial 823 finished with value: 0.5224472514439957 and parameters: {'w0': 0.014000000000000002, 'w1': 0.899, 'w2': 0.299, 'w3': 0.711, 'w4': 0.764, 'w5': 0.224, 'w6': 0.9430000000000001, 'w7': 0.258, 'w8': 0.748, 'max_depth': 7, 'min_child_weight': 2, 'subsample': 0.8, 'colsample_bytree': 0.8, 'gamma': 2.2}. Best is trial 761 with value: 0.6001023286734153.
[I 2023-10-12 14:20:51,411] Trial 824 finished with value: 0.59303516551729 and parameters: {'w0': 0.441, 'w1': 0.9, 'w2': 0.304, 'w3': 0.721, 'w4': 0.776, 'w5': 0.23, 'w6': 0.9400000000000001, 'w7': 0.248, 'w8': 0.759, 'max_depth': 7, 'min_child_weight': 2, 'subsample': 0.8, 'colsample_bytree': 0.8, 'gamma': 2.2}. Best is trial 761 with value: 0.6001023286734153.
[I 2023-10-12 14:21:55,736] Trial 825 finished with value: 0.5897679233051858 and parameters: {'w0': 0.447, 'w1': 0.781, 'w2': 0.3, 'w3': 0.808, 'w4': 0.74, 'w5': 0.15, 'w6': 0.9380000000000001, 'w7': 0.265, 'w8': 0.756, 'max_depth': 7, 'min_child_weight': 2, 'subsample': 0.8, 'colsample_bytree': 0.5, 'gamma': 2.2}. Best is trial 761 with value: 0.6001023286734153.
[I 2023-10-12 14:22:29,589] Trial 826 finished with value: 0.5967556949187494 and parameters: {'w0': 0.446, 'w1': 0.907, 'w2': 0.302, 'w3': 0.714, 'w4': 0.775, 'w5': 0.15, 'w6': 0.9490000000000001, 'w7': 0.267, 'w8': 0.809, 'max_depth': 7, 'min_child_weight': 2, 'subsample': 0.8, 'colsample_bytree': 0.8, 'gamma': 2.2}. Best is trial 761 with value: 0.6001023286734153.
[I 2023-10-12 14:22:37,765] Trial 827 finished with value: 0.5812188445105124 and parameters: {'w0': 0.445, 'w1': 0.782, 'w2': 0.254, 'w3': 0.804, 'w4': 0.757, 'w5': 0.153, 'w6': 0.936, 'w7': 0.266, 'w8': 0.754, 'max_depth': 7, 'min_child_weight': 2, 'subsample': 0.8, 'colsample_bytree': 0.3, 'gamma': 2.0}. Best is trial 761 with value: 0.6001023286734153.
[I 2023-10-12 14:22:59,415] Trial 828 finished with value: 0.5961225583204179 and parameters: {'w0': 0.341, 'w1': 0.894, 'w2': 0.24000000000000002, 'w3': 0.8, 'w4': 0.755, 'w5': 0.154, 'w6': 0.9410000000000001, 'w7': 0.258, 'w8': 0.76, 'max_depth': 7, 'min_child_weight': 2, 'subsample': 0.8, 'colsample_bytree': 0.8, 'gamma': 2.0}. Best is trial 761 with value: 0.6001023286734153.
[I 2023-10-12 14:23:15,955] Trial 829 finished with value: 0.5831690934550318 and parameters: {'w0': 0.445, 'w1': 0.357, 'w2': 0.243, 'w3': 0.8250000000000001, 'w4': 0.738, 'w5': 0.242, 'w6': 0.9390000000000001, 'w7': 0.262, 'w8': 0.748, 'max_depth': 7, 'min_child_weight': 2, 'subsample': 0.8, 'colsample_bytree': 0.8, 'gamma': 2.0}. Best is trial 761 with value: 0.6001023286734153.
[I 2023-10-12 14:23:22,988] Trial 830 finished with value: 0.5941867787767222 and parameters: {'w0': 0.337, 'w1': 0.87, 'w2': 0.306, 'w3': 0.8210000000000001, 'w4': 0.755, 'w5': 0.23, 'w6': 0.9400000000000001, 'w7': 0.259, 'w8': 0.76, 'max_depth': 7, 'min_child_weight': 2, 'subsample': 0.8, 'colsample_bytree': 0.5, 'gamma': 2.0}. Best is trial 761 with value: 0.6001023286734153.
[I 2023-10-12 14:23:35,286] Trial 831 finished with value: 0.5910730251479543 and parameters: {'w0': 0.341, 'w1': 0.87, 'w2': 0.306, 'w3': 0.805, 'w4': 0.748, 'w5': 0.23900000000000002, 'w6': 0.9410000000000001, 'w7': 0.259, 'w8': 0.751, 'max_depth': 7, 'min_child_weight': 2, 'subsample': 0.8, 'colsample_bytree': 0.5, 'gamma': 2.0}. Best is trial 761 with value: 0.6001023286734153.
[I 2023-10-12 14:24:12,811] Trial 832 finished with value: 0.5946572076974175 and parameters: {'w0': 0.336, 'w1': 0.873, 'w2': 0.252, 'w3': 0.809, 'w4': 0.6990000000000001, 'w5': 0.155, 'w6': 0.9400000000000001, 'w7': 0.28300000000000003, 'w8': 0.759, 'max_depth': 7, 'min_child_weight': 2, 'subsample': 0.8, 'colsample_bytree': 0.8, 'gamma': 2.2}. Best is trial 761 with value: 0.6001023286734153.
[I 2023-10-12 14:24:58,259] Trial 833 finished with value: 0.5841366566507041 and parameters: {'w0': 0.443, 'w1': 0.87, 'w2': 0.305, 'w3': 0.723, 'w4': 0.6950000000000001, 'w5': 0.252, 'w6': 1.0, 'w7': 0.262, 'w8': 0.745, 'max_depth': 7, 'min_child_weight': 2, 'subsample': 0.8, 'colsample_bytree': 0.3, 'gamma': 2.2}. Best is trial 761 with value: 0.6001023286734153.
[I 2023-10-12 14:25:57,465] Trial 834 finished with value: 0.5936709605075888 and parameters: {'w0': 0.34800000000000003, 'w1': 0.87, 'w2': 0.243, 'w3': 0.72, 'w4': 0.759, 'w5': 0.217, 'w6': 0.984, 'w7': 0.28, 'w8': 0.753, 'max_depth': 7, 'min_child_weight': 2, 'subsample': 0.8, 'colsample_bytree': 0.8, 'gamma': 2.2}. Best is trial 761 with value: 0.6001023286734153.
[I 2023-10-12 14:26:33,545] Trial 836 finished with value: 0.5973744141831129 and parameters: {'w0': 0.338, 'w1': 0.869, 'w2': 0.265, 'w3': 0.756, 'w4': 0.733, 'w5': 0.225, 'w6': 0.9400000000000001, 'w7': 0.276, 'w8': 0.752, 'max_depth': 7, 'min_child_weight': 2, 'subsample': 0.8, 'colsample_bytree': 0.8, 'gamma': 2.2}. Best is trial 761 with value: 0.6001023286734153.
[I 2023-10-12 14:26:41,732] Trial 835 finished with value: 0.5939725565836596 and parameters: {'w0': 0.381, 'w1': 0.87, 'w2': 0.259, 'w3': 0.799, 'w4': 0.745, 'w5': 0.221, 'w6': 0.937, 'w7': 0.222, 'w8': 0.794, 'max_depth': 7, 'min_child_weight': 2, 'subsample': 0.8, 'colsample_bytree': 0.8, 'gamma': 2.0}. Best is trial 761 with value: 0.6001023286734153.
[I 2023-10-12 14:27:31,095] Trial 837 finished with value: 0.5967198687844755 and parameters: {'w0': 0.34, 'w1': 0.868, 'w2': 0.25, 'w3': 0.8190000000000001, 'w4': 0.73, 'w5': 0.23600000000000002, 'w6': 0.936, 'w7': 0.224, 'w8': 0.742, 'max_depth': 7, 'min_child_weight': 2, 'subsample': 0.8, 'colsample_bytree': 0.8, 'gamma': 2.2}. Best is trial 761 with value: 0.6001023286734153.
[I 2023-10-12 14:30:34,145] Trial 838 finished with value: 0.5896959641765639 and parameters: {'w0': 0.376, 'w1': 0.871, 'w2': 0.247, 'w3': 0.75, 'w4': 0.759, 'w5': 0.231, 'w6': 0.9430000000000001, 'w7': 0.268, 'w8': 0.674, 'max_depth': 7, 'min_child_weight': 2, 'subsample': 0.8, 'colsample_bytree': 0.3, 'gamma': 2.2}. Best is trial 761 with value: 0.6001023286734153.
[I 2023-10-12 14:31:56,194] Trial 839 finished with value: 0.5927109049981732 and parameters: {'w0': 0.361, 'w1': 0.869, 'w2': 0.251, 'w3': 0.837, 'w4': 0.762, 'w5': 0.253, 'w6': 0.9410000000000001, 'w7': 0.28300000000000003, 'w8': 0.738, 'max_depth': 7, 'min_child_weight': 2, 'subsample': 0.8, 'colsample_bytree': 0.8, 'gamma': 2.0}. Best is trial 761 with value: 0.6001023286734153.
[I 2023-10-12 14:33:36,796] Trial 840 finished with value: 0.5907450817470485 and parameters: {'w0': 0.343, 'w1': 0.863, 'w2': 0.242, 'w3': 0.759, 'w4': 0.8190000000000001, 'w5': 0.253, 'w6': 0.932, 'w7': 0.281, 'w8': 0.742, 'max_depth': 7, 'min_child_weight': 2, 'subsample': 0.8, 'colsample_bytree': 0.8, 'gamma': 2.0}. Best is trial 761 with value: 0.6001023286734153.
[I 2023-10-12 14:34:21,414] Trial 842 finished with value: 0.5969784592233838 and parameters: {'w0': 0.316, 'w1': 0.872, 'w2': 0.326, 'w3': 0.725, 'w4': 0.753, 'w5': 0.135, 'w6': 0.9450000000000001, 'w7': 0.28200000000000003, 'w8': 0.797, 'max_depth': 7, 'min_child_weight': 2, 'subsample': 0.8, 'colsample_bytree': 0.8, 'gamma': 2.4000000000000004}. Best is trial 761 with value: 0.6001023286734153.
[I 2023-10-12 14:34:23,263] Trial 841 finished with value: 0.5963371028808846 and parameters: {'w0': 0.336, 'w1': 0.861, 'w2': 0.23600000000000002, 'w3': 0.742, 'w4': 0.74, 'w5': 0.212, 'w6': 0.936, 'w7': 0.214, 'w8': 0.68, 'max_depth': 7, 'min_child_weight': 2, 'subsample': 0.8, 'colsample_bytree': 0.8, 'gamma': 1.8}. Best is trial 761 with value: 0.6001023286734153.
[I 2023-10-12 14:34:33,797] Trial 843 finished with value: 0.5939025092233386 and parameters: {'w0': 0.377, 'w1': 0.866, 'w2': 0.326, 'w3': 0.715, 'w4': 0.751, 'w5': 0.222, 'w6': 0.9390000000000001, 'w7': 0.28700000000000003, 'w8': 0.796, 'max_depth': 7, 'min_child_weight': 2, 'subsample': 0.8, 'colsample_bytree': 0.8, 'gamma': 2.4000000000000004}. Best is trial 761 with value: 0.6001023286734153.
[I 2023-10-12 14:34:33,805] Trial 844 finished with value: 0.5863591208458572 and parameters: {'w0': 0.322, 'w1': 0.869, 'w2': 0.321, 'w3': 0.8150000000000001, 'w4': 0.6990000000000001, 'w5': 0.255, 'w6': 0.933, 'w7': 0.216, 'w8': 0.79, 'max_depth': 7, 'min_child_weight': 2, 'subsample': 0.8, 'colsample_bytree': 0.8, 'gamma': 2.4000000000000004}. Best is trial 761 with value: 0.6001023286734153.
[I 2023-10-12 14:34:45,691] Trial 845 finished with value: 0.5864286414414969 and parameters: {'w0': 0.364, 'w1': 0.864, 'w2': 0.322, 'w3': 0.8250000000000001, 'w4': 0.8160000000000001, 'w5': 0.216, 'w6': 0.932, 'w7': 0.215, 'w8': 0.666, 'max_depth': 7, 'min_child_weight': 2, 'subsample': 0.8, 'colsample_bytree': 0.8, 'gamma': 2.4000000000000004}. Best is trial 761 with value: 0.6001023286734153.
[I 2023-10-12 14:35:25,154] Trial 846 finished with value: 0.5932026347564114 and parameters: {'w0': 0.35000000000000003, 'w1': 0.882, 'w2': 0.327, 'w3': 0.726, 'w4': 0.71, 'w5': 0.248, 'w6': 0.935, 'w7': 0.28600000000000003, 'w8': 0.801, 'max_depth': 7, 'min_child_weight': 2, 'subsample': 0.8, 'colsample_bytree': 0.8, 'gamma': 2.4000000000000004}. Best is trial 761 with value: 0.6001023286734153.
[I 2023-10-12 14:35:33,143] Trial 847 finished with value: 0.5924100249588834 and parameters: {'w0': 0.398, 'w1': 0.907, 'w2': 0.331, 'w3': 0.731, 'w4': 0.774, 'w5': 0.223, 'w6': 0.937, 'w7': 0.28200000000000003, 'w8': 0.799, 'max_depth': 7, 'min_child_weight': 2, 'subsample': 0.8, 'colsample_bytree': 0.8, 'gamma': 2.4000000000000004}. Best is trial 761 with value: 0.6001023286734153.
[I 2023-10-12 14:36:09,543] Trial 848 finished with value: 0.6005661897687894 and parameters: {'w0': 0.429, 'w1': 0.907, 'w2': 0.326, 'w3': 0.727, 'w4': 0.809, 'w5': 0.137, 'w6': 0.981, 'w7': 0.292, 'w8': 0.808, 'max_depth': 9, 'min_child_weight': 2, 'subsample': 0.8, 'colsample_bytree': 0.8, 'gamma': 2.4000000000000004}. Best is trial 848 with value: 0.6005661897687894.
[I 2023-10-12 14:36:54,565] Trial 849 finished with value: 0.5928675137869565 and parameters: {'w0': 0.361, 'w1': 0.909, 'w2': 0.331, 'w3': 0.724, 'w4': 0.717, 'w5': 0.219, 'w6': 1.0, 'w7': 0.291, 'w8': 0.806, 'max_depth': 7, 'min_child_weight': 2, 'subsample': 0.8, 'colsample_bytree': 0.8, 'gamma': 2.4000000000000004}. Best is trial 848 with value: 0.6005661897687894.
[I 2023-10-12 14:37:43,505] Trial 851 finished with value: 0.5670791754701352 and parameters: {'w0': 0.309, 'w1': 0.056, 'w2': 0.276, 'w3': 0.757, 'w4': 0.735, 'w5': 0.267, 'w6': 0.933, 'w7': 0.3, 'w8': 0.8, 'max_depth': 7, 'min_child_weight': 2, 'subsample': 0.8, 'colsample_bytree': 0.8, 'gamma': 2.4000000000000004}. Best is trial 848 with value: 0.6005661897687894.
[I 2023-10-12 14:37:53,884] Trial 850 finished with value: 0.5960957931197577 and parameters: {'w0': 0.35000000000000003, 'w1': 0.91, 'w2': 0.329, 'w3': 0.756, 'w4': 0.772, 'w5': 0.221, 'w6': 0.933, 'w7': 0.28500000000000003, 'w8': 0.8, 'max_depth': 7, 'min_child_weight': 2, 'subsample': 0.8, 'colsample_bytree': 0.8, 'gamma': 2.4000000000000004}. Best is trial 848 with value: 0.6005661897687894.
[I 2023-10-12 14:38:03,760] Trial 852 finished with value: 0.5882754389111646 and parameters: {'w0': 0.363, 'w1': 0.487, 'w2': 0.276, 'w3': 0.743, 'w4': 0.724, 'w5': 0.224, 'w6': 0.936, 'w7': 0.28500000000000003, 'w8': 0.788, 'max_depth': 7, 'min_child_weight': 2, 'subsample': 0.8, 'colsample_bytree': 0.7, 'gamma': 2.4000000000000004}. Best is trial 848 with value: 0.6005661897687894.
[I 2023-10-12 14:39:18,370] Trial 853 finished with value: 0.5908038513209513 and parameters: {'w0': 0.31, 'w1': 0.858, 'w2': 0.276, 'w3': 0.8250000000000001, 'w4': 0.73, 'w5': 0.211, 'w6': 0.931, 'w7': 0.228, 'w8': 0.727, 'max_depth': 9, 'min_child_weight': 2, 'subsample': 0.8, 'colsample_bytree': 0.7, 'gamma': 2.4000000000000004}. Best is trial 848 with value: 0.6005661897687894.
[I 2023-10-12 14:42:22,584] Trial 854 finished with value: 0.5971711293738186 and parameters: {'w0': 0.309, 'w1': 0.853, 'w2': 0.264, 'w3': 0.8150000000000001, 'w4': 0.75, 'w5': 0.253, 'w6': 0.933, 'w7': 0.22, 'w8': 0.798, 'max_depth': 7, 'min_child_weight': 2, 'subsample': 0.8, 'colsample_bytree': 0.8, 'gamma': 2.4000000000000004}. Best is trial 848 with value: 0.6005661897687894.
[I 2023-10-12 14:43:26,120] Trial 855 finished with value: 0.5978270493102509 and parameters: {'w0': 0.338, 'w1': 0.903, 'w2': 0.217, 'w3': 0.8190000000000001, 'w4': 0.733, 'w5': 0.25, 'w6': 0.932, 'w7': 0.20700000000000002, 'w8': 0.735, 'max_depth': 7, 'min_child_weight': 2, 'subsample': 0.8, 'colsample_bytree': 0.7, 'gamma': 2.4000000000000004}. Best is trial 848 with value: 0.6005661897687894.
[I 2023-10-12 14:46:15,284] Trial 856 finished with value: 0.5929212832439195 and parameters: {'w0': 0.34600000000000003, 'w1': 0.8210000000000001, 'w2': 0.216, 'w3': 0.8260000000000001, 'w4': 0.72, 'w5': 0.262, 'w6': 0.935, 'w7': 0.213, 'w8': 0.799, 'max_depth': 9, 'min_child_weight': 2, 'subsample': 0.8, 'colsample_bytree': 0.7, 'gamma': 2.4000000000000004}. Best is trial 848 with value: 0.6005661897687894.
[I 2023-10-12 14:46:39,207] Trial 857 finished with value: 0.5935707748944866 and parameters: {'w0': 0.31, 'w1': 0.855, 'w2': 0.278, 'w3': 0.76, 'w4': 0.738, 'w5': 0.275, 'w6': 0.93, 'w7': 0.22, 'w8': 0.729, 'max_depth': 7, 'min_child_weight': 2, 'subsample': 0.8, 'colsample_bytree': 0.8, 'gamma': 2.4000000000000004}. Best is trial 848 with value: 0.6005661897687894.
[I 2023-10-12 14:46:50,648] Trial 858 finished with value: 0.5927645538158919 and parameters: {'w0': 0.312, 'w1': 0.857, 'w2': 0.272, 'w3': 0.834, 'w4': 0.721, 'w5': 0.253, 'w6': 0.933, 'w7': 0.22, 'w8': 0.795, 'max_depth': 9, 'min_child_weight': 2, 'subsample': 0.8, 'colsample_bytree': 0.7, 'gamma': 2.4000000000000004}. Best is trial 848 with value: 0.6005661897687894.
[I 2023-10-12 14:47:12,944] Trial 860 finished with value: 0.589995184965152 and parameters: {'w0': 0.32, 'w1': 0.849, 'w2': 0.20800000000000002, 'w3': 0.758, 'w4': 0.72, 'w5': 0.27, 'w6': 0.933, 'w7': 0.23, 'w8': 0.802, 'max_depth': 7, 'min_child_weight': 2, 'subsample': 0.8, 'colsample_bytree': 0.7, 'gamma': 2.4000000000000004}. Best is trial 848 with value: 0.6005661897687894.
[I 2023-10-12 14:47:17,426] Trial 861 finished with value: 0.5929249842877263 and parameters: {'w0': 0.292, 'w1': 0.811, 'w2': 0.198, 'w3': 0.755, 'w4': 0.724, 'w5': 0.227, 'w6': 0.966, 'w7': 0.222, 'w8': 0.73, 'max_depth': 9, 'min_child_weight': 2, 'subsample': 0.8, 'colsample_bytree': 0.7, 'gamma': 2.4000000000000004}. Best is trial 848 with value: 0.6005661897687894.
[I 2023-10-12 14:47:33,361] Trial 859 finished with value: 0.5739438633378544 and parameters: {'w0': 0.312, 'w1': 0.855, 'w2': 0.203, 'w3': 0.8330000000000001, 'w4': 0.729, 'w5': 0.242, 'w6': 0.933, 'w7': 0.276, 'w8': 0.73, 'max_depth': 9, 'min_child_weight': 2, 'subsample': 0.8, 'colsample_bytree': 0.8, 'gamma': 2.4000000000000004}. Best is trial 848 with value: 0.6005661897687894.
[I 2023-10-12 14:48:12,253] Trial 862 finished with value: 0.588212626340783 and parameters: {'w0': 0.28800000000000003, 'w1': 0.849, 'w2': 0.273, 'w3': 0.76, 'w4': 0.729, 'w5': 0.274, 'w6': 0.962, 'w7': 0.20600000000000002, 'w8': 0.727, 'max_depth': 9, 'min_child_weight': 2, 'subsample': 0.8, 'colsample_bytree': 0.7, 'gamma': 2.4000000000000004}. Best is trial 848 with value: 0.6005661897687894.
[I 2023-10-12 14:48:48,474] Trial 864 finished with value: 0.5846749371784631 and parameters: {'w0': 0.302, 'w1': 0.903, 'w2': 0.21, 'w3': 0.764, 'w4': 0.781, 'w5': 0.245, 'w6': 0.961, 'w7': 0.277, 'w8': 0.801, 'max_depth': 9, 'min_child_weight': 2, 'subsample': 0.8, 'colsample_bytree': 0.8, 'gamma': 2.4000000000000004}. Best is trial 848 with value: 0.6005661897687894.
[I 2023-10-12 14:49:27,140] Trial 863 finished with value: 0.5866695283828807 and parameters: {'w0': 0.357, 'w1': 0.8150000000000001, 'w2': 0.304, 'w3': 0.749, 'w4': 0.739, 'w5': 0.259, 'w6': 0.964, 'w7': 0.232, 'w8': 0.785, 'max_depth': 7, 'min_child_weight': 2, 'subsample': 0.8, 'colsample_bytree': 0.7, 'gamma': 1.8}. Best is trial 848 with value: 0.6005661897687894.
[I 2023-10-12 14:49:57,394] Trial 865 finished with value: 0.5958797112927283 and parameters: {'w0': 0.302, 'w1': 0.896, 'w2': 0.29, 'w3': 0.751, 'w4': 0.725, 'w5': 0.24000000000000002, 'w6': 0.968, 'w7': 0.295, 'w8': 0.792, 'max_depth': 9, 'min_child_weight': 2, 'subsample': 0.8, 'colsample_bytree': 0.7, 'gamma': 2.4000000000000004}. Best is trial 848 with value: 0.6005661897687894.
[I 2023-10-12 14:50:54,767] Trial 867 finished with value: 0.5969210984491402 and parameters: {'w0': 0.28900000000000003, 'w1': 0.902, 'w2': 0.281, 'w3': 0.763, 'w4': 0.72, 'w5': 0.2, 'w6': 0.965, 'w7': 0.277, 'w8': 0.783, 'max_depth': 9, 'min_child_weight': 2, 'subsample': 0.8, 'colsample_bytree': 0.7, 'gamma': 2.2}. Best is trial 848 with value: 0.6005661897687894.
[I 2023-10-12 14:51:00,080] Trial 868 finished with value: 0.5760671480427745 and parameters: {'w0': 0.321, 'w1': 0.8200000000000001, 'w2': 0.20500000000000002, 'w3': 0.837, 'w4': 0.724, 'w5': 0.28200000000000003, 'w6': 0.962, 'w7': 0.27, 'w8': 0.778, 'max_depth': 7, 'min_child_weight': 2, 'subsample': 0.8, 'colsample_bytree': 0.8, 'gamma': 2.2}. Best is trial 848 with value: 0.6005661897687894.
[I 2023-10-12 14:51:00,721] Trial 866 finished with value: 0.5962772130696514 and parameters: {'w0': 0.304, 'w1': 0.898, 'w2': 0.28400000000000003, 'w3': 0.759, 'w4': 0.719, 'w5': 0.248, 'w6': 0.964, 'w7': 0.279, 'w8': 0.784, 'max_depth': 9, 'min_child_weight': 2, 'subsample': 0.8, 'colsample_bytree': 0.8, 'gamma': 2.2}. Best is trial 848 with value: 0.6005661897687894.
[I 2023-10-12 14:52:40,718] Trial 869 finished with value: 0.5962228000153245 and parameters: {'w0': 0.28600000000000003, 'w1': 0.9, 'w2': 0.28, 'w3': 0.848, 'w4': 0.6920000000000001, 'w5': 0.247, 'w6': 0.965, 'w7': 0.274, 'w8': 0.788, 'max_depth': 9, 'min_child_weight': 2, 'subsample': 0.8, 'colsample_bytree': 0.8, 'gamma': 2.2}. Best is trial 848 with value: 0.6005661897687894.
[I 2023-10-12 14:55:14,119] Trial 871 finished with value: 0.5935915757164073 and parameters: {'w0': 0.318, 'w1': 0.891, 'w2': 0.202, 'w3': 0.764, 'w4': 0.72, 'w5': 0.261, 'w6': 0.964, 'w7': 0.20900000000000002, 'w8': 0.772, 'max_depth': 7, 'min_child_weight': 2, 'subsample': 0.8, 'colsample_bytree': 0.7, 'gamma': 2.4000000000000004}. Best is trial 848 with value: 0.6005661897687894.
[I 2023-10-12 14:55:30,139] Trial 870 finished with value: 0.5977541436396363 and parameters: {'w0': 0.361, 'w1': 0.891, 'w2': 0.28700000000000003, 'w3': 0.765, 'w4': 0.787, 'w5': 0.196, 'w6': 0.963, 'w7': 0.272, 'w8': 0.807, 'max_depth': 9, 'min_child_weight': 2, 'subsample': 0.8, 'colsample_bytree': 0.8, 'gamma': 2.2}. Best is trial 848 with value: 0.6005661897687894.
[I 2023-10-12 14:57:49,909] Trial 872 finished with value: 0.5972777335023295 and parameters: {'w0': 0.307, 'w1': 0.89, 'w2': 0.20500000000000002, 'w3': 0.779, 'w4': 0.682, 'w5': 0.253, 'w6': 0.966, 'w7': 0.196, 'w8': 0.777, 'max_depth': 10, 'min_child_weight': 2, 'subsample': 0.8, 'colsample_bytree': 0.7, 'gamma': 2.4000000000000004}. Best is trial 848 with value: 0.6005661897687894.
[I 2023-10-12 14:58:12,200] Trial 873 finished with value: 0.5938354334186352 and parameters: {'w0': 0.249, 'w1': 0.897, 'w2': 0.201, 'w3': 0.843, 'w4': 0.762, 'w5': 0.202, 'w6': 0.963, 'w7': 0.198, 'w8': 0.779, 'max_depth': 9, 'min_child_weight': 2, 'subsample': 0.8, 'colsample_bytree': 0.7, 'gamma': 2.2}. Best is trial 848 with value: 0.6005661897687894.
[I 2023-10-12 14:59:04,395] Trial 875 finished with value: 0.5775658653849762 and parameters: {'w0': 0.28800000000000003, 'w1': 0.895, 'w2': 0.197, 'w3': 0.782, 'w4': 0.707, 'w5': 0.20700000000000002, 'w6': 0.964, 'w7': 0.301, 'w8': 0.768, 'max_depth': 9, 'min_child_weight': 2, 'subsample': 0.8, 'colsample_bytree': 0.7, 'gamma': 2.2}. Best is trial 848 with value: 0.6005661897687894.
[I 2023-10-12 14:59:12,562] Trial 874 finished with value: 0.5218738178217686 and parameters: {'w0': 0.318, 'w1': 0.889, 'w2': 0.045, 'w3': 0.852, 'w4': 0.706, 'w5': 0.294, 'w6': 0.252, 'w7': 0.612, 'w8': 0.773, 'max_depth': 10, 'min_child_weight': 2, 'subsample': 0.8, 'colsample_bytree': 0.7, 'gamma': 2.2}. Best is trial 848 with value: 0.6005661897687894.
[I 2023-10-12 14:59:21,043] Trial 876 finished with value: 0.5663019517672547 and parameters: {'w0': 0.3, 'w1': 0.889, 'w2': 0.158, 'w3': 0.779, 'w4': 0.7010000000000001, 'w5': 0.302, 'w6': 0.971, 'w7': 0.298, 'w8': 0.775, 'max_depth': 9, 'min_child_weight': 2, 'subsample': 0.8, 'colsample_bytree': 0.8, 'gamma': 2.2}. Best is trial 848 with value: 0.6005661897687894.
[I 2023-10-12 15:00:06,068] Trial 879 finished with value: 0.5580900385250516 and parameters: {'w0': 0.321, 'w1': 0.892, 'w2': 0.154, 'w3': 0.782, 'w4': 0.687, 'w5': 0.28400000000000003, 'w6': 0.039, 'w7': 0.158, 'w8': 0.775, 'max_depth': 10, 'min_child_weight': 2, 'subsample': 0.8, 'colsample_bytree': 0.8, 'gamma': 2.2}. Best is trial 848 with value: 0.6005661897687894.
