[I 2023-10-13 22:24:50,524] Trial 841 finished with value: 0.4590634945425851 and parameters: {'w0': 0.20900000000000002, 'w1': 0.711, 'w2': 0.199, 'w3': 0.84, 'w4': 0.886, 'w5': 0.079, 'w6': 0.766, 'w7': 0.801, 'w8': 1.0, 'max_depth': 7, 'min_child_weight': 10, 'subsample': 0.8, 'colsample_bytree': 0.9000000000000001, 'gamma': 0.0}. Best is trial 817 with value: 0.5176405896505221.
[I 2023-10-13 22:26:14,976] Trial 842 finished with value: 0.516662125343989 and parameters: {'w0': 0.20900000000000002, 'w1': 0.711, 'w2': 0.193, 'w3': 0.8320000000000001, 'w4': 0.868, 'w5': 0.08800000000000001, 'w6': 0.765, 'w7': 0.199, 'w8': 0.9430000000000001, 'max_depth': 7, 'min_child_weight': 10, 'subsample': 0.8, 'colsample_bytree': 0.9000000000000001, 'gamma': 0.0}. Best is trial 817 with value: 0.5176405896505221.
[I 2023-10-13 22:27:32,245] Trial 843 finished with value: 0.5115417343050206 and parameters: {'w0': 0.17, 'w1': 0.706, 'w2': 0.202, 'w3': 0.838, 'w4': 0.856, 'w5': 0.117, 'w6': 0.775, 'w7': 0.202, 'w8': 0.9400000000000001, 'max_depth': 7, 'min_child_weight': 10, 'subsample': 0.8, 'colsample_bytree': 0.9000000000000001, 'gamma': 0.0}. Best is trial 817 with value: 0.5176405896505221.
[I 2023-10-13 22:28:48,324] Trial 844 finished with value: 0.4659437681803621 and parameters: {'w0': 0.20500000000000002, 'w1': 0.707, 'w2': 0.007, 'w3': 0.843, 'w4': 0.91, 'w5': 0.113, 'w6': 0.768, 'w7': 0.196, 'w8': 0.999, 'max_depth': 7, 'min_child_weight': 10, 'subsample': 0.8, 'colsample_bytree': 0.9000000000000001, 'gamma': 0.0}. Best is trial 817 with value: 0.5176405896505221.
[I 2023-10-13 22:29:37,075] Trial 845 finished with value: 0.4661890192851252 and parameters: {'w0': 0.20800000000000002, 'w1': 0.706, 'w2': 0.17, 'w3': 0.839, 'w4': 0.879, 'w5': 0.11800000000000001, 'w6': 0.764, 'w7': 0.011, 'w8': 0.9480000000000001, 'max_depth': 7, 'min_child_weight': 10, 'subsample': 0.8, 'colsample_bytree': 0.9000000000000001, 'gamma': 0.0}. Best is trial 817 with value: 0.5176405896505221.
[I 2023-10-13 22:32:56,045] Trial 846 finished with value: 0.5139382503947575 and parameters: {'w0': 0.20700000000000002, 'w1': 0.715, 'w2': 0.199, 'w3': 0.976, 'w4': 0.877, 'w5': 0.078, 'w6': 0.769, 'w7': 0.20400000000000001, 'w8': 0.999, 'max_depth': 7, 'min_child_weight': 10, 'subsample': 0.8, 'colsample_bytree': 0.9000000000000001, 'gamma': 0.0}. Best is trial 817 with value: 0.5176405896505221.
[I 2023-10-13 22:34:07,467] Trial 847 finished with value: 0.5057751943626196 and parameters: {'w0': 0.20700000000000002, 'w1': 0.709, 'w2': 0.167, 'w3': 0.9580000000000001, 'w4': 0.875, 'w5': 0.605, 'w6': 0.764, 'w7': 0.20700000000000002, 'w8': 1.0, 'max_depth': 7, 'min_child_weight': 10, 'subsample': 0.8, 'colsample_bytree': 0.9000000000000001, 'gamma': 0.0}. Best is trial 817 with value: 0.5176405896505221.
[I 2023-10-13 22:36:19,382] Trial 848 finished with value: 0.5143854763811303 and parameters: {'w0': 0.20500000000000002, 'w1': 0.708, 'w2': 0.202, 'w3': 0.8310000000000001, 'w4': 0.871, 'w5': 0.081, 'w6': 0.765, 'w7': 0.201, 'w8': 1.0, 'max_depth': 7, 'min_child_weight': 10, 'subsample': 0.8, 'colsample_bytree': 0.9000000000000001, 'gamma': 0.0}. Best is trial 817 with value: 0.5176405896505221.
[I 2023-10-13 22:38:38,771] Trial 849 finished with value: 0.5135670139898729 and parameters: {'w0': 0.20900000000000002, 'w1': 0.7010000000000001, 'w2': 0.199, 'w3': 0.981, 'w4': 0.868, 'w5': 0.078, 'w6': 0.768, 'w7': 0.20800000000000002, 'w8': 0.9420000000000001, 'max_depth': 7, 'min_child_weight': 10, 'subsample': 0.8, 'colsample_bytree': 0.9000000000000001, 'gamma': 0.0}. Best is trial 817 with value: 0.5176405896505221.
[I 2023-10-13 22:39:14,929] Trial 853 finished with value: 0.5107323011967726 and parameters: {'w0': 0.214, 'w1': 0.712, 'w2': 0.163, 'w3': 0.84, 'w4': 0.874, 'w5': 0.079, 'w6': 0.766, 'w7': 0.203, 'w8': 1.0, 'max_depth': 6, 'min_child_weight': 10, 'subsample': 0.8, 'colsample_bytree': 0.9000000000000001, 'gamma': 0.0}. Best is trial 817 with value: 0.5176405896505221.
[I 2023-10-13 22:40:23,875] Trial 850 finished with value: 0.5078857275528537 and parameters: {'w0': 0.199, 'w1': 0.709, 'w2': 0.164, 'w3': 0.9510000000000001, 'w4': 0.869, 'w5': 0.079, 'w6': 0.776, 'w7': 0.20600000000000002, 'w8': 0.997, 'max_depth': 7, 'min_child_weight': 10, 'subsample': 0.8, 'colsample_bytree': 0.9000000000000001, 'gamma': 0.0}. Best is trial 817 with value: 0.5176405896505221.
[I 2023-10-13 22:40:47,504] Trial 851 finished with value: 0.5142282923659562 and parameters: {'w0': 0.194, 'w1': 0.7040000000000001, 'w2': 0.166, 'w3': 0.19, 'w4': 0.9, 'w5': 0.082, 'w6': 0.751, 'w7': 0.203, 'w8': 0.999, 'max_depth': 7, 'min_child_weight': 10, 'subsample': 0.8, 'colsample_bytree': 0.9000000000000001, 'gamma': 0.0}. Best is trial 817 with value: 0.5176405896505221.
[I 2023-10-13 22:41:34,160] Trial 852 finished with value: 0.507975275142613 and parameters: {'w0': 0.136, 'w1': 0.706, 'w2': 0.165, 'w3': 0.964, 'w4': 0.91, 'w5': 0.121, 'w6': 0.47500000000000003, 'w7': 0.2, 'w8': 0.998, 'max_depth': 7, 'min_child_weight': 10, 'subsample': 0.8, 'colsample_bytree': 0.9000000000000001, 'gamma': 0.0}. Best is trial 817 with value: 0.5176405896505221.
[I 2023-10-13 22:42:39,708] Trial 854 finished with value: 0.5108380799741831 and parameters: {'w0': 0.199, 'w1': 0.709, 'w2': 0.165, 'w3': 0.983, 'w4': 0.87, 'w5': 0.122, 'w6': 0.767, 'w7': 0.20600000000000002, 'w8': 0.999, 'max_depth': 7, 'min_child_weight': 10, 'subsample': 0.8, 'colsample_bytree': 0.9000000000000001, 'gamma': 0.0}. Best is trial 817 with value: 0.5176405896505221.
[I 2023-10-13 22:45:12,751] Trial 855 finished with value: 0.5084561683636623 and parameters: {'w0': 0.139, 'w1': 0.705, 'w2': 0.164, 'w3': 0.978, 'w4': 0.9, 'w5': 0.089, 'w6': 0.745, 'w7': 0.20600000000000002, 'w8': 0.968, 'max_depth': 7, 'min_child_weight': 10, 'subsample': 0.8, 'colsample_bytree': 0.9000000000000001, 'gamma': 0.0}. Best is trial 817 with value: 0.5176405896505221.
[I 2023-10-13 22:46:04,346] Trial 856 finished with value: 0.5101034069882159 and parameters: {'w0': 0.20600000000000002, 'w1': 0.708, 'w2': 0.169, 'w3': 0.972, 'w4': 0.867, 'w5': 0.12000000000000001, 'w6': 0.744, 'w7': 0.20500000000000002, 'w8': 0.973, 'max_depth': 7, 'min_child_weight': 10, 'subsample': 0.8, 'colsample_bytree': 0.9000000000000001, 'gamma': 0.0}. Best is trial 817 with value: 0.5176405896505221.
[I 2023-10-13 22:46:04,476] Trial 857 finished with value: 0.5075914921103881 and parameters: {'w0': 0.123, 'w1': 0.711, 'w2': 0.164, 'w3': 0.985, 'w4': 0.866, 'w5': 0.12000000000000001, 'w6': 0.745, 'w7': 0.20400000000000001, 'w8': 0.998, 'max_depth': 7, 'min_child_weight': 10, 'subsample': 0.8, 'colsample_bytree': 0.9000000000000001, 'gamma': 0.0}. Best is trial 817 with value: 0.5176405896505221.
[I 2023-10-13 22:47:59,873] Trial 858 finished with value: 0.5095203171793168 and parameters: {'w0': 0.185, 'w1': 0.711, 'w2': 0.157, 'w3': 0.846, 'w4': 0.901, 'w5': 0.11900000000000001, 'w6': 0.739, 'w7': 0.203, 'w8': 0.9440000000000001, 'max_depth': 7, 'min_child_weight': 10, 'subsample': 0.8, 'colsample_bytree': 0.9000000000000001, 'gamma': 0.0}. Best is trial 817 with value: 0.5176405896505221.
[I 2023-10-13 22:48:59,899] Trial 859 finished with value: 0.5119719491247015 and parameters: {'w0': 0.20600000000000002, 'w1': 0.705, 'w2': 0.164, 'w3': 0.216, 'w4': 0.87, 'w5': 0.127, 'w6': 0.747, 'w7': 0.20600000000000002, 'w8': 0.999, 'max_depth': 7, 'min_child_weight': 10, 'subsample': 0.8, 'colsample_bytree': 0.9000000000000001, 'gamma': 0.0}. Best is trial 817 with value: 0.5176405896505221.
[I 2023-10-13 22:50:23,337] Trial 860 finished with value: 0.5088915451559669 and parameters: {'w0': 0.17400000000000002, 'w1': 0.7040000000000001, 'w2': 0.163, 'w3': 0.853, 'w4': 0.87, 'w5': 0.122, 'w6': 0.742, 'w7': 0.21, 'w8': 0.999, 'max_depth': 7, 'min_child_weight': 10, 'subsample': 0.8, 'colsample_bytree': 0.9000000000000001, 'gamma': 0.0}. Best is trial 817 with value: 0.5176405896505221.
[I 2023-10-13 22:51:01,404] Trial 861 finished with value: 0.4786976576019096 and parameters: {'w0': 0.134, 'w1': 0.713, 'w2': 0.056, 'w3': 0.965, 'w4': 0.866, 'w5': 0.122, 'w6': 0.742, 'w7': 0.201, 'w8': 0.975, 'max_depth': 7, 'min_child_weight': 10, 'subsample': 0.8, 'colsample_bytree': 0.9000000000000001, 'gamma': 0.0}. Best is trial 817 with value: 0.5176405896505221.
[I 2023-10-13 22:54:23,570] Trial 862 finished with value: 0.5095517539770784 and parameters: {'w0': 0.149, 'w1': 0.718, 'w2': 0.20600000000000002, 'w3': 0.986, 'w4': 0.901, 'w5': 0.11900000000000001, 'w6': 0.738, 'w7': 0.20900000000000002, 'w8': 1.0, 'max_depth': 7, 'min_child_weight': 10, 'subsample': 0.8, 'colsample_bytree': 0.9000000000000001, 'gamma': 0.0}. Best is trial 817 with value: 0.5176405896505221.
[I 2023-10-13 22:55:34,260] Trial 863 finished with value: 0.5112217377012243 and parameters: {'w0': 0.138, 'w1': 0.719, 'w2': 0.203, 'w3': 0.852, 'w4': 0.868, 'w5': 0.081, 'w6': 0.743, 'w7': 0.213, 'w8': 0.998, 'max_depth': 7, 'min_child_weight': 10, 'subsample': 0.8, 'colsample_bytree': 0.9000000000000001, 'gamma': 0.0}. Best is trial 817 with value: 0.5176405896505221.
[I 2023-10-13 22:58:42,176] Trial 864 finished with value: 0.5095205333513171 and parameters: {'w0': 0.128, 'w1': 0.714, 'w2': 0.213, 'w3': 0.975, 'w4': 0.892, 'w5': 0.122, 'w6': 0.783, 'w7': 0.229, 'w8': 1.0, 'max_depth': 7, 'min_child_weight': 10, 'subsample': 0.8, 'colsample_bytree': 0.9000000000000001, 'gamma': 0.0}. Best is trial 817 with value: 0.5176405896505221.
[I 2023-10-13 23:00:28,351] Trial 865 finished with value: 0.5099177600900852 and parameters: {'w0': 0.151, 'w1': 0.72, 'w2': 0.211, 'w3': 0.981, 'w4': 0.903, 'w5': 0.11900000000000001, 'w6': 0.791, 'w7': 0.23500000000000001, 'w8': 0.974, 'max_depth': 7, 'min_child_weight': 10, 'subsample': 0.8, 'colsample_bytree': 0.9000000000000001, 'gamma': 0.0}. Best is trial 817 with value: 0.5176405896505221.
[I 2023-10-13 23:01:12,313] Trial 866 finished with value: 0.5106154120847208 and parameters: {'w0': 0.17, 'w1': 0.716, 'w2': 0.213, 'w3': 0.985, 'w4': 0.91, 'w5': 0.113, 'w6': 0.744, 'w7': 0.228, 'w8': 0.972, 'max_depth': 7, 'min_child_weight': 10, 'subsample': 0.8, 'colsample_bytree': 0.9000000000000001, 'gamma': 0.0}. Best is trial 817 with value: 0.5176405896505221.
[I 2023-10-13 23:02:20,387] Trial 867 finished with value: 0.5095415187575155 and parameters: {'w0': 0.148, 'w1': 0.713, 'w2': 0.201, 'w3': 0.999, 'w4': 0.9, 'w5': 0.116, 'w6': 0.791, 'w7': 0.219, 'w8': 0.97, 'max_depth': 7, 'min_child_weight': 10, 'subsample': 0.8, 'colsample_bytree': 0.9000000000000001, 'gamma': 0.0}. Best is trial 817 with value: 0.5176405896505221.
[I 2023-10-13 23:03:10,958] Trial 868 finished with value: 0.5087597486419342 and parameters: {'w0': 0.138, 'w1': 0.721, 'w2': 0.20500000000000002, 'w3': 0.979, 'w4': 0.908, 'w5': 0.121, 'w6': 0.741, 'w7': 0.226, 'w8': 0.999, 'max_depth': 7, 'min_child_weight': 10, 'subsample': 0.8, 'colsample_bytree': 0.9000000000000001, 'gamma': 0.0}. Best is trial 817 with value: 0.5176405896505221.
[I 2023-10-13 23:03:54,109] Trial 869 finished with value: 0.5085285193989727 and parameters: {'w0': 0.17200000000000001, 'w1': 0.728, 'w2': 0.20700000000000002, 'w3': 0.991, 'w4': 0.924, 'w5': 0.122, 'w6': 0.74, 'w7': 0.23, 'w8': 0.974, 'max_depth': 7, 'min_child_weight': 10, 'subsample': 0.8, 'colsample_bytree': 0.9000000000000001, 'gamma': 0.0}. Best is trial 817 with value: 0.5176405896505221.
[I 2023-10-13 23:04:46,746] Trial 870 finished with value: 0.508172121042883 and parameters: {'w0': 0.157, 'w1': 0.723, 'w2': 0.201, 'w3': 0.963, 'w4': 0.916, 'w5': 0.11800000000000001, 'w6': 0.748, 'w7': 0.233, 'w8': 0.973, 'max_depth': 7, 'min_child_weight': 10, 'subsample': 0.8, 'colsample_bytree': 0.9000000000000001, 'gamma': 0.0}. Best is trial 817 with value: 0.5176405896505221.
[I 2023-10-13 23:07:57,922] Trial 871 finished with value: 0.5108376363793393 and parameters: {'w0': 0.163, 'w1': 0.718, 'w2': 0.20600000000000002, 'w3': 0.985, 'w4': 0.903, 'w5': 0.114, 'w6': 0.747, 'w7': 0.233, 'w8': 0.978, 'max_depth': 7, 'min_child_weight': 10, 'subsample': 0.8, 'colsample_bytree': 0.9000000000000001, 'gamma': 0.0}. Best is trial 817 with value: 0.5176405896505221.
[I 2023-10-13 23:08:36,520] Trial 873 finished with value: 0.5118887086777312 and parameters: {'w0': 0.153, 'w1': 0.723, 'w2': 0.20900000000000002, 'w3': 0.984, 'w4': 0.917, 'w5': 0.122, 'w6': 0.786, 'w7': 0.233, 'w8': 0.973, 'max_depth': 7, 'min_child_weight': 10, 'subsample': 0.8, 'colsample_bytree': 0.9000000000000001, 'gamma': 0.0}. Best is trial 817 with value: 0.5176405896505221.
[I 2023-10-13 23:08:41,519] Trial 872 finished with value: 0.507166429465171 and parameters: {'w0': 0.152, 'w1': 0.716, 'w2': 0.20500000000000002, 'w3': 0.9510000000000001, 'w4': 0.914, 'w5': 0.124, 'w6': 0.744, 'w7': 0.228, 'w8': 1.0, 'max_depth': 7, 'min_child_weight': 10, 'subsample': 0.8, 'colsample_bytree': 0.9000000000000001, 'gamma': 0.0}. Best is trial 817 with value: 0.5176405896505221.
[I 2023-10-13 23:10:50,949] Trial 874 finished with value: 0.509702659413592 and parameters: {'w0': 0.169, 'w1': 0.722, 'w2': 0.2, 'w3': 0.9520000000000001, 'w4': 0.926, 'w5': 0.121, 'w6': 0.745, 'w7': 0.218, 'w8': 0.976, 'max_depth': 7, 'min_child_weight': 10, 'subsample': 0.8, 'colsample_bytree': 0.9000000000000001, 'gamma': 0.0}. Best is trial 817 with value: 0.5176405896505221.
[I 2023-10-13 23:11:14,600] Trial 875 finished with value: 0.5087204273082283 and parameters: {'w0': 0.17, 'w1': 0.687, 'w2': 0.20800000000000002, 'w3': 0.859, 'w4': 0.894, 'w5': 0.11, 'w6': 0.785, 'w7': 0.233, 'w8': 0.978, 'max_depth': 7, 'min_child_weight': 10, 'subsample': 0.8, 'colsample_bytree': 0.9000000000000001, 'gamma': 0.0}. Best is trial 817 with value: 0.5176405896505221.
[I 2023-10-13 23:12:59,089] Trial 876 finished with value: 0.5091445138072499 and parameters: {'w0': 0.14300000000000002, 'w1': 0.725, 'w2': 0.20800000000000002, 'w3': 0.999, 'w4': 0.928, 'w5': 0.096, 'w6': 0.791, 'w7': 0.234, 'w8': 0.974, 'max_depth': 7, 'min_child_weight': 10, 'subsample': 0.8, 'colsample_bytree': 0.9000000000000001, 'gamma': 0.0}. Best is trial 817 with value: 0.5176405896505221.
[I 2023-10-13 23:13:19,143] Trial 877 finished with value: 0.5070339669196499 and parameters: {'w0': 0.157, 'w1': 0.686, 'w2': 0.20700000000000002, 'w3': 0.99, 'w4': 0.891, 'w5': 0.097, 'w6': 0.788, 'w7': 0.233, 'w8': 0.972, 'max_depth': 7, 'min_child_weight': 10, 'subsample': 0.8, 'colsample_bytree': 0.9000000000000001, 'gamma': 0.0}. Best is trial 817 with value: 0.5176405896505221.
[I 2023-10-13 23:16:31,327] Trial 878 finished with value: 0.5055343909040267 and parameters: {'w0': 0.169, 'w1': 0.6900000000000001, 'w2': 0.20800000000000002, 'w3': 0.126, 'w4': 0.929, 'w5': 0.094, 'w6': 0.791, 'w7': 0.234, 'w8': 0.974, 'max_depth': 7, 'min_child_weight': 10, 'subsample': 0.8, 'colsample_bytree': 0.9000000000000001, 'gamma': 0.0}. Best is trial 817 with value: 0.5176405896505221.
[I 2023-10-13 23:18:07,612] Trial 879 finished with value: 0.5038559372528033 and parameters: {'w0': 0.17500000000000002, 'w1': 0.6890000000000001, 'w2': 0.197, 'w3': 0.985, 'w4': 0.908, 'w5': 0.8170000000000001, 'w6': 0.792, 'w7': 0.229, 'w8': 0.973, 'max_depth': 7, 'min_child_weight': 10, 'subsample': 0.8, 'colsample_bytree': 0.9000000000000001, 'gamma': 0.0}. Best is trial 817 with value: 0.5176405896505221.
[I 2023-10-13 23:21:08,500] Trial 880 finished with value: 0.506244027634393 and parameters: {'w0': 0.16, 'w1': 0.684, 'w2': 0.21, 'w3': 0.978, 'w4': 0.923, 'w5': 0.094, 'w6': 0.784, 'w7': 0.163, 'w8': 0.342, 'max_depth': 7, 'min_child_weight': 10, 'subsample': 0.8, 'colsample_bytree': 0.9000000000000001, 'gamma': 0.0}. Best is trial 817 with value: 0.5176405896505221.
[I 2023-10-13 23:22:43,464] Trial 881 finished with value: 0.508456263580495 and parameters: {'w0': 0.179, 'w1': 0.6880000000000001, 'w2': 0.20800000000000002, 'w3': 0.993, 'w4': 0.915, 'w5': 0.097, 'w6': 0.795, 'w7': 0.234, 'w8': 0.973, 'max_depth': 7, 'min_child_weight': 10, 'subsample': 0.8, 'colsample_bytree': 0.9000000000000001, 'gamma': 0.0}. Best is trial 817 with value: 0.5176405896505221.
[I 2023-10-13 23:23:09,506] Trial 882 finished with value: 0.5082503037005367 and parameters: {'w0': 0.17, 'w1': 0.679, 'w2': 0.20700000000000002, 'w3': 0.8160000000000001, 'w4': 0.883, 'w5': 0.096, 'w6': 0.788, 'w7': 0.23600000000000002, 'w8': 0.974, 'max_depth': 7, 'min_child_weight': 10, 'subsample': 0.8, 'colsample_bytree': 0.9000000000000001, 'gamma': 0.0}. Best is trial 817 with value: 0.5176405896505221.
[I 2023-10-13 23:24:22,643] Trial 883 finished with value: 0.505193610321331 and parameters: {'w0': 0.18, 'w1': 0.685, 'w2': 0.203, 'w3': 0.8200000000000001, 'w4': 0.937, 'w5': 0.8130000000000001, 'w6': 0.792, 'w7': 0.164, 'w8': 0.97, 'max_depth': 7, 'min_child_weight': 10, 'subsample': 0.8, 'colsample_bytree': 0.9000000000000001, 'gamma': 0.0}. Best is trial 817 with value: 0.5176405896505221.
[I 2023-10-13 23:25:22,736] Trial 884 finished with value: 0.4987637212318093 and parameters: {'w0': 0.17600000000000002, 'w1': 0.6890000000000001, 'w2': 0.14300000000000002, 'w3': 0.9570000000000001, 'w4': 0.858, 'w5': 0.092, 'w6': 0.54, 'w7': 0.232, 'w8': 0.972, 'max_depth': 7, 'min_child_weight': 10, 'subsample': 0.8, 'colsample_bytree': 0.9000000000000001, 'gamma': 0.0}. Best is trial 817 with value: 0.5176405896505221.
[I 2023-10-13 23:26:03,111] Trial 885 finished with value: 0.5107969445000713 and parameters: {'w0': 0.187, 'w1': 0.6920000000000001, 'w2': 0.146, 'w3': 0.997, 'w4': 0.925, 'w5': 0.093, 'w6': 0.706, 'w7': 0.168, 'w8': 0.972, 'max_depth': 7, 'min_child_weight': 10, 'subsample': 0.8, 'colsample_bytree': 0.9000000000000001, 'gamma': 0.2}. Best is trial 817 with value: 0.5176405896505221.
[I 2023-10-13 23:27:06,931] Trial 886 finished with value: 0.4578925626876352 and parameters: {'w0': 0.18, 'w1': 0.6900000000000001, 'w2': 0.182, 'w3': 0.9530000000000001, 'w4': 0.862, 'w5': 0.093, 'w6': 0.792, 'w7': 0.755, 'w8': 0.974, 'max_depth': 7, 'min_child_weight': 10, 'subsample': 0.8, 'colsample_bytree': 0.9000000000000001, 'gamma': 0.2}. Best is trial 817 with value: 0.5176405896505221.
[I 2023-10-13 23:29:44,175] Trial 887 finished with value: 0.5101343260332202 and parameters: {'w0': 0.181, 'w1': 0.6920000000000001, 'w2': 0.146, 'w3': 0.8200000000000001, 'w4': 0.857, 'w5': 0.092, 'w6': 0.377, 'w7': 0.164, 'w8': 0.9480000000000001, 'max_depth': 7, 'min_child_weight': 10, 'subsample': 0.8, 'colsample_bytree': 0.9000000000000001, 'gamma': 0.2}. Best is trial 817 with value: 0.5176405896505221.
[I 2023-10-13 23:30:00,422] Trial 888 finished with value: 0.5125107027577496 and parameters: {'w0': 0.184, 'w1': 0.687, 'w2': 0.14300000000000002, 'w3': 0.8160000000000001, 'w4': 0.857, 'w5': 0.092, 'w6': 0.383, 'w7': 0.164, 'w8': 0.966, 'max_depth': 7, 'min_child_weight': 10, 'subsample': 0.8, 'colsample_bytree': 0.9000000000000001, 'gamma': 0.2}. Best is trial 817 with value: 0.5176405896505221.
[I 2023-10-13 23:30:34,310] Trial 889 finished with value: 0.5152836083484432 and parameters: {'w0': 0.178, 'w1': 0.679, 'w2': 0.146, 'w3': 0.8170000000000001, 'w4': 0.856, 'w5': 0.092, 'w6': 0.793, 'w7': 0.165, 'w8': 0.9510000000000001, 'max_depth': 7, 'min_child_weight': 10, 'subsample': 0.8, 'colsample_bytree': 0.9000000000000001, 'gamma': 0.2}. Best is trial 817 with value: 0.5176405896505221.
[I 2023-10-13 23:32:23,356] Trial 890 finished with value: 0.5105486142513948 and parameters: {'w0': 0.184, 'w1': 0.6900000000000001, 'w2': 0.148, 'w3': 0.8150000000000001, 'w4': 0.851, 'w5': 0.092, 'w6': 0.79, 'w7': 0.17300000000000001, 'w8': 0.9460000000000001, 'max_depth': 7, 'min_child_weight': 10, 'subsample': 0.8, 'colsample_bytree': 0.9000000000000001, 'gamma': 0.2}. Best is trial 817 with value: 0.5176405896505221.
[I 2023-10-13 23:32:32,487] Trial 891 finished with value: 0.5131071535277205 and parameters: {'w0': 0.194, 'w1': 0.686, 'w2': 0.146, 'w3': 0.8150000000000001, 'w4': 0.86, 'w5': 0.095, 'w6': 0.721, 'w7': 0.164, 'w8': 0.9480000000000001, 'max_depth': 7, 'min_child_weight': 10, 'subsample': 0.8, 'colsample_bytree': 0.9000000000000001, 'gamma': 0.2}. Best is trial 817 with value: 0.5176405896505221.
[I 2023-10-13 23:34:31,499] Trial 892 finished with value: 0.510579766928012 and parameters: {'w0': 0.188, 'w1': 0.6930000000000001, 'w2': 0.14300000000000002, 'w3': 0.187, 'w4': 0.857, 'w5': 0.09, 'w6': 0.706, 'w7': 0.17200000000000001, 'w8': 0.9540000000000001, 'max_depth': 7, 'min_child_weight': 10, 'subsample': 0.8, 'colsample_bytree': 0.9000000000000001, 'gamma': 0.2}. Best is trial 817 with value: 0.5176405896505221.
[I 2023-10-13 23:34:54,231] Trial 893 finished with value: 0.5141871297361807 and parameters: {'w0': 0.188, 'w1': 0.682, 'w2': 0.14100000000000001, 'w3': 0.8150000000000001, 'w4': 0.857, 'w5': 0.085, 'w6': 0.711, 'w7': 0.162, 'w8': 0.9460000000000001, 'max_depth': 7, 'min_child_weight': 10, 'subsample': 0.8, 'colsample_bytree': 0.9000000000000001, 'gamma': 0.2}. Best is trial 817 with value: 0.5176405896505221.
[I 2023-10-13 23:37:37,729] Trial 894 finished with value: 0.5009153171377019 and parameters: {'w0': 0.189, 'w1': 0.6900000000000001, 'w2': 0.14100000000000001, 'w3': 0.106, 'w4': 0.851, 'w5': 0.974, 'w6': 0.709, 'w7': 0.167, 'w8': 0.9460000000000001, 'max_depth': 7, 'min_child_weight': 10, 'subsample': 0.8, 'colsample_bytree': 0.9000000000000001, 'gamma': 0.2}. Best is trial 817 with value: 0.5176405896505221.
[I 2023-10-13 23:39:31,442] Trial 895 finished with value: 0.5151098468422899 and parameters: {'w0': 0.182, 'w1': 0.685, 'w2': 0.177, 'w3': 0.8180000000000001, 'w4': 0.85, 'w5': 0.084, 'w6': 0.7030000000000001, 'w7': 0.167, 'w8': 0.9450000000000001, 'max_depth': 7, 'min_child_weight': 10, 'subsample': 0.8, 'colsample_bytree': 0.9000000000000001, 'gamma': 0.2}. Best is trial 817 with value: 0.5176405896505221.
