[I 2023-10-12 10:34:21,957] Trial 537 finished with value: 0.5914245330651626 and parameters: {'w0': 0.482, 'w1': 1.0, 'w2': 0.387, 'w3': 0.622, 'w4': 1.0, 'w5': 0.08, 'w6': 0.927, 'w7': 0.355, 'w8': 0.881, 'max_depth': 7, 'min_child_weight': 4, 'subsample': 0.8, 'colsample_bytree': 0.9000000000000001, 'gamma': 2.8000000000000003}. Best is trial 374 with value: 0.5972984243800201.
[I 2023-10-12 10:35:07,668] Trial 536 finished with value: 0.5930839790154153 and parameters: {'w0': 0.491, 'w1': 0.998, 'w2': 0.364, 'w3': 0.587, 'w4': 0.965, 'w5': 0.08700000000000001, 'w6': 0.926, 'w7': 0.36, 'w8': 0.879, 'max_depth': 7, 'min_child_weight': 4, 'subsample': 0.7, 'colsample_bytree': 0.9000000000000001, 'gamma': 2.8000000000000003}. Best is trial 374 with value: 0.5972984243800201.
[I 2023-10-12 10:36:07,159] Trial 539 finished with value: 0.5738823575568366 and parameters: {'w0': 0.495, 'w1': 1.0, 'w2': 0.378, 'w3': 0.618, 'w4': 0.969, 'w5': 0.084, 'w6': 0.165, 'w7': 0.355, 'w8': 0.891, 'max_depth': 8, 'min_child_weight': 4, 'subsample': 0.7, 'colsample_bytree': 0.9000000000000001, 'gamma': 2.8000000000000003}. Best is trial 374 with value: 0.5972984243800201.
[I 2023-10-12 10:36:13,249] Trial 543 finished with value: 0.5515117515218637 and parameters: {'w0': 0.113, 'w1': 0.934, 'w2': 0.272, 'w3': 0.625, 'w4': 1.0, 'w5': 0.081, 'w6': 0.894, 'w7': 0.359, 'w8': 0.916, 'max_depth': 7, 'min_child_weight': 4, 'subsample': 0.8, 'colsample_bytree': 0.9000000000000001, 'gamma': 4.0}. Best is trial 374 with value: 0.5972984243800201.
[I 2023-10-12 10:37:11,850] Trial 542 finished with value: 0.5923893991864847 and parameters: {'w0': 0.578, 'w1': 0.963, 'w2': 0.43, 'w3': 0.6920000000000001, 'w4': 0.982, 'w5': 0.093, 'w6': 0.901, 'w7': 0.40700000000000003, 'w8': 0.898, 'max_depth': 8, 'min_child_weight': 4, 'subsample': 0.9000000000000001, 'colsample_bytree': 0.9000000000000001, 'gamma': 2.4000000000000004}. Best is trial 374 with value: 0.5972984243800201.
[I 2023-10-12 10:38:02,512] Trial 540 finished with value: 0.575616135660899 and parameters: {'w0': 0.482, 'w1': 0.121, 'w2': 0.429, 'w3': 0.586, 'w4': 0.968, 'w5': 0.089, 'w6': 0.903, 'w7': 0.40700000000000003, 'w8': 0.897, 'max_depth': 8, 'min_child_weight': 4, 'subsample': 0.7, 'colsample_bytree': 0.9000000000000001, 'gamma': 2.6}. Best is trial 374 with value: 0.5972984243800201.
[I 2023-10-12 10:38:46,911] Trial 541 finished with value: 0.5918471362550612 and parameters: {'w0': 0.486, 'w1': 1.0, 'w2': 0.429, 'w3': 0.623, 'w4': 0.968, 'w5': 0.08800000000000001, 'w6': 0.898, 'w7': 0.40800000000000003, 'w8': 0.657, 'max_depth': 8, 'min_child_weight': 4, 'subsample': 0.7, 'colsample_bytree': 0.9000000000000001, 'gamma': 2.6}. Best is trial 374 with value: 0.5972984243800201.
[I 2023-10-12 10:39:19,531] Trial 545 finished with value: 0.5918412018540049 and parameters: {'w0': 0.485, 'w1': 0.964, 'w2': 0.43, 'w3': 0.591, 'w4': 0.979, 'w5': 0.07200000000000001, 'w6': 0.897, 'w7': 0.336, 'w8': 0.902, 'max_depth': 7, 'min_child_weight': 4, 'subsample': 0.8, 'colsample_bytree': 0.9000000000000001, 'gamma': 3.2}. Best is trial 374 with value: 0.5972984243800201.
[I 2023-10-12 10:39:50,693] Trial 546 finished with value: 0.5933167128728221 and parameters: {'w0': 0.485, 'w1': 0.998, 'w2': 0.427, 'w3': 0.585, 'w4': 0.972, 'w5': 0.08700000000000001, 'w6': 0.896, 'w7': 0.377, 'w8': 0.911, 'max_depth': 7, 'min_child_weight': 4, 'subsample': 0.7, 'colsample_bytree': 0.9000000000000001, 'gamma': 4.0}. Best is trial 374 with value: 0.5972984243800201.
[I 2023-10-12 10:40:04,437] Trial 547 finished with value: 0.5728552209913612 and parameters: {'w0': 0.495, 'w1': 0.999, 'w2': 0.432, 'w3': 0.59, 'w4': 0.291, 'w5': 0.074, 'w6': 0.898, 'w7': 0.364, 'w8': 0.907, 'max_depth': 7, 'min_child_weight': 4, 'subsample': 0.8, 'colsample_bytree': 0.9000000000000001, 'gamma': 3.2}. Best is trial 374 with value: 0.5972984243800201.
[I 2023-10-12 10:40:26,167] Trial 544 finished with value: 0.5650876081281104 and parameters: {'w0': 0.11800000000000001, 'w1': 1.0, 'w2': 0.389, 'w3': 0.339, 'w4': 0.97, 'w5': 0.085, 'w6': 0.899, 'w7': 0.41000000000000003, 'w8': 0.908, 'max_depth': 7, 'min_child_weight': 4, 'subsample': 0.7, 'colsample_bytree': 0.9000000000000001, 'gamma': 2.6}. Best is trial 374 with value: 0.5972984243800201.
[I 2023-10-12 10:40:36,398] Trial 550 finished with value: 0.5369815866497593 and parameters: {'w0': 0.07200000000000001, 'w1': 0.9580000000000001, 'w2': 0.426, 'w3': 0.618, 'w4': 1.0, 'w5': 0.074, 'w6': 0.897, 'w7': 0.371, 'w8': 0.902, 'max_depth': 7, 'min_child_weight': 4, 'subsample': 0.7, 'colsample_bytree': 0.9000000000000001, 'gamma': 4.800000000000001}. Best is trial 374 with value: 0.5972984243800201.
[I 2023-10-12 10:42:09,384] Trial 548 finished with value: 0.5913925779575866 and parameters: {'w0': 0.489, 'w1': 0.963, 'w2': 0.432, 'w3': 0.588, 'w4': 0.975, 'w5': 0.07, 'w6': 0.9, 'w7': 0.364, 'w8': 0.903, 'max_depth': 7, 'min_child_weight': 4, 'subsample': 0.7, 'colsample_bytree': 0.9000000000000001, 'gamma': 3.2}. Best is trial 374 with value: 0.5972984243800201.
[I 2023-10-12 10:42:15,382] Trial 549 finished with value: 0.5964525113534689 and parameters: {'w0': 0.486, 'w1': 0.965, 'w2': 0.429, 'w3': 0.618, 'w4': 0.98, 'w5': 0.068, 'w6': 0.896, 'w7': 0.36, 'w8': 0.901, 'max_depth': 7, 'min_child_weight': 4, 'subsample': 0.7, 'colsample_bytree': 0.9000000000000001, 'gamma': 3.2}. Best is trial 374 with value: 0.5972984243800201.
[I 2023-10-12 10:43:59,350] Trial 551 finished with value: 0.5960210752706768 and parameters: {'w0': 0.481, 'w1': 0.97, 'w2': 0.427, 'w3': 0.623, 'w4': 0.982, 'w5': 0.07100000000000001, 'w6': 0.9, 'w7': 0.356, 'w8': 0.906, 'max_depth': 7, 'min_child_weight': 4, 'subsample': 0.8, 'colsample_bytree': 0.9000000000000001, 'gamma': 3.2}. Best is trial 374 with value: 0.5972984243800201.
[I 2023-10-12 10:45:12,730] Trial 552 finished with value: 0.5922094500113423 and parameters: {'w0': 0.483, 'w1': 0.964, 'w2': 0.431, 'w3': 0.621, 'w4': 1.0, 'w5': 0.075, 'w6': 0.892, 'w7': 0.353, 'w8': 0.906, 'max_depth': 7, 'min_child_weight': 4, 'subsample': 0.8, 'colsample_bytree': 0.7, 'gamma': 3.2}. Best is trial 374 with value: 0.5972984243800201.
[I 2023-10-12 10:45:36,085] Trial 553 finished with value: 0.5939160349777143 and parameters: {'w0': 0.488, 'w1': 0.964, 'w2': 0.426, 'w3': 0.526, 'w4': 0.98, 'w5': 0.068, 'w6': 0.905, 'w7': 0.34400000000000003, 'w8': 0.911, 'max_depth': 7, 'min_child_weight': 4, 'subsample': 0.8, 'colsample_bytree': 0.9000000000000001, 'gamma': 3.2}. Best is trial 374 with value: 0.5972984243800201.
[I 2023-10-12 10:47:27,953] Trial 555 finished with value: 0.5918009336420897 and parameters: {'w0': 0.48000000000000004, 'w1': 0.964, 'w2': 0.43, 'w3': 0.522, 'w4': 1.0, 'w5': 0.124, 'w6': 0.891, 'w7': 0.339, 'w8': 0.912, 'max_depth': 7, 'min_child_weight': 4, 'subsample': 0.8, 'colsample_bytree': 0.9000000000000001, 'gamma': 3.2}. Best is trial 374 with value: 0.5972984243800201.
[I 2023-10-12 10:47:33,480] Trial 554 finished with value: 0.5937291845321051 and parameters: {'w0': 0.49, 'w1': 0.964, 'w2': 0.43, 'w3': 0.62, 'w4': 0.979, 'w5': 0.069, 'w6': 0.893, 'w7': 0.38, 'w8': 0.902, 'max_depth': 7, 'min_child_weight': 4, 'subsample': 0.8, 'colsample_bytree': 0.7, 'gamma': 2.4000000000000004}. Best is trial 374 with value: 0.5972984243800201.
[I 2023-10-12 10:48:10,677] Trial 557 finished with value: 0.5956066536695039 and parameters: {'w0': 0.481, 'w1': 0.965, 'w2': 0.429, 'w3': 0.532, 'w4': 0.982, 'w5': 0.131, 'w6': 0.892, 'w7': 0.382, 'w8': 0.927, 'max_depth': 7, 'min_child_weight': 4, 'subsample': 0.8, 'colsample_bytree': 0.7, 'gamma': 3.2}. Best is trial 374 with value: 0.5972984243800201.
[I 2023-10-12 10:48:35,193] Trial 556 finished with value: 0.5913264306684101 and parameters: {'w0': 0.498, 'w1': 0.962, 'w2': 0.425, 'w3': 0.527, 'w4': 0.983, 'w5': 0.125, 'w6': 0.895, 'w7': 0.378, 'w8': 0.907, 'max_depth': 7, 'min_child_weight': 4, 'subsample': 0.8, 'colsample_bytree': 0.7, 'gamma': 2.4000000000000004}. Best is trial 374 with value: 0.5972984243800201.
[I 2023-10-12 10:49:51,083] Trial 559 finished with value: 0.5911092030359891 and parameters: {'w0': 0.485, 'w1': 0.962, 'w2': 0.46, 'w3': 0.534, 'w4': 0.924, 'w5': 0.126, 'w6': 0.9460000000000001, 'w7': 0.377, 'w8': 0.91, 'max_depth': 7, 'min_child_weight': 4, 'subsample': 0.8, 'colsample_bytree': 0.7, 'gamma': 3.2}. Best is trial 374 with value: 0.5972984243800201.
[I 2023-10-12 10:50:31,907] Trial 561 finished with value: 0.5928315083588516 and parameters: {'w0': 0.503, 'w1': 0.967, 'w2': 0.462, 'w3': 0.521, 'w4': 0.931, 'w5': 0.065, 'w6': 0.9450000000000001, 'w7': 0.381, 'w8': 0.913, 'max_depth': 7, 'min_child_weight': 4, 'subsample': 0.8, 'colsample_bytree': 0.7, 'gamma': 3.2}. Best is trial 374 with value: 0.5972984243800201.
[I 2023-10-12 10:50:59,180] Trial 562 finished with value: 0.5935288641831329 and parameters: {'w0': 0.543, 'w1': 0.967, 'w2': 0.399, 'w3': 0.538, 'w4': 0.914, 'w5': 0.125, 'w6': 0.9420000000000001, 'w7': 0.374, 'w8': 0.919, 'max_depth': 7, 'min_child_weight': 4, 'subsample': 0.8, 'colsample_bytree': 0.7, 'gamma': 3.2}. Best is trial 374 with value: 0.5972984243800201.
[I 2023-10-12 10:51:48,406] Trial 563 finished with value: 0.5863960762953709 and parameters: {'w0': 0.497, 'w1': 0.618, 'w2': 0.461, 'w3': 0.517, 'w4': 0.926, 'w5': 0.126, 'w6': 0.9460000000000001, 'w7': 0.382, 'w8': 0.918, 'max_depth': 7, 'min_child_weight': 4, 'subsample': 0.8, 'colsample_bytree': 0.9000000000000001, 'gamma': 3.0}. Best is trial 374 with value: 0.5972984243800201.
[I 2023-10-12 10:51:49,830] Trial 560 finished with value: 0.5660942418215887 and parameters: {'w0': 0.981, 'w1': 0.963, 'w2': 0.9580000000000001, 'w3': 0.543, 'w4': 0.931, 'w5': 0.127, 'w6': 0.9430000000000001, 'w7': 0.387, 'w8': 0.91, 'max_depth': 7, 'min_child_weight': 4, 'subsample': 0.8, 'colsample_bytree': 0.9000000000000001, 'gamma': 3.2}. Best is trial 374 with value: 0.5972984243800201.
[I 2023-10-12 10:52:26,848] Trial 564 finished with value: 0.5760785357190572 and parameters: {'w0': 0.5, 'w1': 0.967, 'w2': 0.9540000000000001, 'w3': 0.529, 'w4': 0.98, 'w5': 0.11900000000000001, 'w6': 0.9460000000000001, 'w7': 0.383, 'w8': 0.924, 'max_depth': 7, 'min_child_weight': 4, 'subsample': 0.8, 'colsample_bytree': 0.7, 'gamma': 3.2}. Best is trial 374 with value: 0.5972984243800201.
[I 2023-10-12 10:52:32,204] Trial 566 finished with value: 0.5866091921913272 and parameters: {'w0': 0.508, 'w1': 0.965, 'w2': 0.464, 'w3': 0.34500000000000003, 'w4': 0.908, 'w5': 0.123, 'w6': 0.9470000000000001, 'w7': 0.338, 'w8': 0.924, 'max_depth': 7, 'min_child_weight': 4, 'subsample': 0.9000000000000001, 'colsample_bytree': 0.7, 'gamma': 3.2}. Best is trial 374 with value: 0.5972984243800201.
[I 2023-10-12 10:52:42,743] Trial 558 finished with value: 0.5882585940644454 and parameters: {'w0': 0.493, 'w1': 0.968, 'w2': 0.428, 'w3': 0.523, 'w4': 0.983, 'w5': 0.067, 'w6': 0.9460000000000001, 'w7': 0.336, 'w8': 0.9, 'max_depth': 7, 'min_child_weight': 4, 'subsample': 0.4, 'colsample_bytree': 0.7, 'gamma': 3.2}. Best is trial 374 with value: 0.5972984243800201.
[I 2023-10-12 10:55:05,676] Trial 567 finished with value: 0.5831187944422135 and parameters: {'w0': 0.502, 'w1': 0.934, 'w2': 0.466, 'w3': 0.609, 'w4': 0.984, 'w5': 0.127, 'w6': 0.9460000000000001, 'w7': 0.331, 'w8': 0.923, 'max_depth': 7, 'min_child_weight': 4, 'subsample': 0.8, 'colsample_bytree': 0.7, 'gamma': 3.2}. Best is trial 374 with value: 0.5972984243800201.
[I 2023-10-12 10:55:06,603] Trial 565 finished with value: 0.5403495592978729 and parameters: {'w0': 0.983, 'w1': 0.967, 'w2': 0.464, 'w3': 0.527, 'w4': 0.23500000000000001, 'w5': 0.121, 'w6': 0.9430000000000001, 'w7': 0.859, 'w8': 0.924, 'max_depth': 7, 'min_child_weight': 4, 'subsample': 0.8, 'colsample_bytree': 0.7, 'gamma': 3.0}. Best is trial 374 with value: 0.5972984243800201.
[I 2023-10-12 10:56:45,719] Trial 568 finished with value: 0.5889215932430831 and parameters: {'w0': 0.503, 'w1': 0.9400000000000001, 'w2': 0.463, 'w3': 0.607, 'w4': 0.928, 'w5': 0.123, 'w6': 0.9440000000000001, 'w7': 0.341, 'w8': 0.93, 'max_depth': 8, 'min_child_weight': 4, 'subsample': 0.8, 'colsample_bytree': 0.9000000000000001, 'gamma': 3.2}. Best is trial 374 with value: 0.5972984243800201.
[I 2023-10-12 10:56:51,780] Trial 569 finished with value: 0.5872294502577764 and parameters: {'w0': 0.511, 'w1': 0.934, 'w2': 0.464, 'w3': 0.605, 'w4': 0.932, 'w5': 0.129, 'w6': 0.9460000000000001, 'w7': 0.328, 'w8': 0.927, 'max_depth': 8, 'min_child_weight': 4, 'subsample': 0.8, 'colsample_bytree': 0.7, 'gamma': 3.2}. Best is trial 374 with value: 0.5972984243800201.
[I 2023-10-12 11:00:42,316] Trial 570 finished with value: 0.5906316423617908 and parameters: {'w0': 0.508, 'w1': 0.615, 'w2': 0.462, 'w3': 0.613, 'w4': 0.984, 'w5': 0.122, 'w6': 0.9450000000000001, 'w7': 0.387, 'w8': 0.926, 'max_depth': 8, 'min_child_weight': 4, 'subsample': 0.8, 'colsample_bytree': 0.7, 'gamma': 2.4000000000000004}. Best is trial 374 with value: 0.5972984243800201.
[I 2023-10-12 11:01:50,673] Trial 574 finished with value: 0.5832840520202001 and parameters: {'w0': 0.511, 'w1': 0.934, 'w2': 0.46, 'w3': 0.547, 'w4': 0.934, 'w5': 0.126, 'w6': 0.561, 'w7': 0.34400000000000003, 'w8': 0.929, 'max_depth': 8, 'min_child_weight': 4, 'subsample': 0.8, 'colsample_bytree': 0.6000000000000001, 'gamma': 3.0}. Best is trial 374 with value: 0.5972984243800201.
[I 2023-10-12 11:01:54,044] Trial 572 finished with value: 0.5840029871640954 and parameters: {'w0': 0.538, 'w1': 0.933, 'w2': 0.461, 'w3': 0.34900000000000003, 'w4': 0.932, 'w5': 0.12000000000000001, 'w6': 0.9440000000000001, 'w7': 0.333, 'w8': 0.921, 'max_depth': 8, 'min_child_weight': 4, 'subsample': 0.6000000000000001, 'colsample_bytree': 0.7, 'gamma': 3.2}. Best is trial 374 with value: 0.5972984243800201.
[I 2023-10-12 11:02:09,276] Trial 573 finished with value: 0.5877443932967973 and parameters: {'w0': 0.508, 'w1': 0.929, 'w2': 0.464, 'w3': 0.551, 'w4': 0.921, 'w5': 0.055, 'w6': 0.9480000000000001, 'w7': 0.339, 'w8': 0.929, 'max_depth': 8, 'min_child_weight': 4, 'subsample': 0.6000000000000001, 'colsample_bytree': 0.6000000000000001, 'gamma': 3.2}. Best is trial 374 with value: 0.5972984243800201.
[I 2023-10-12 11:02:18,995] Trial 571 finished with value: 0.5911068224358237 and parameters: {'w0': 0.507, 'w1': 0.937, 'w2': 0.459, 'w3': 0.266, 'w4': 0.987, 'w5': 0.126, 'w6': 0.9420000000000001, 'w7': 0.387, 'w8': 0.924, 'max_depth': 8, 'min_child_weight': 4, 'subsample': 0.6000000000000001, 'colsample_bytree': 0.9000000000000001, 'gamma': 3.0}. Best is trial 374 with value: 0.5972984243800201.
[I 2023-10-12 11:02:19,416] Trial 575 finished with value: 0.5905045565853553 and parameters: {'w0': 0.507, 'w1': 0.9380000000000001, 'w2': 0.46, 'w3': 0.366, 'w4': 0.983, 'w5': 0.122, 'w6': 0.9440000000000001, 'w7': 0.326, 'w8': 0.89, 'max_depth': 8, 'min_child_weight': 4, 'subsample': 0.8, 'colsample_bytree': 0.6000000000000001, 'gamma': 3.0}. Best is trial 374 with value: 0.5972984243800201.
[I 2023-10-12 11:03:36,999] Trial 578 finished with value: 0.5857467867863937 and parameters: {'w0': 0.511, 'w1': 0.933, 'w2': 0.40800000000000003, 'w3': 0.606, 'w4': 0.983, 'w5': 0.056, 'w6': 0.512, 'w7': 0.33, 'w8': 0.927, 'max_depth': 8, 'min_child_weight': 4, 'subsample': 0.8, 'colsample_bytree': 0.6000000000000001, 'gamma': 3.0}. Best is trial 374 with value: 0.5972984243800201.
[I 2023-10-12 11:04:14,119] Trial 579 finished with value: 0.5858354834502536 and parameters: {'w0': 0.511, 'w1': 0.932, 'w2': 0.404, 'w3': 0.614, 'w4': 0.982, 'w5': 0.055, 'w6': 0.512, 'w7': 0.327, 'w8': 0.936, 'max_depth': 8, 'min_child_weight': 4, 'subsample': 0.8, 'colsample_bytree': 0.6000000000000001, 'gamma': 3.0}. Best is trial 374 with value: 0.5972984243800201.
[I 2023-10-12 11:04:44,636] Trial 580 finished with value: 0.5963236272605971 and parameters: {'w0': 0.509, 'w1': 0.9390000000000001, 'w2': 0.406, 'w3': 0.622, 'w4': 0.983, 'w5': 0.055, 'w6': 0.913, 'w7': 0.336, 'w8': 0.933, 'max_depth': 8, 'min_child_weight': 4, 'subsample': 0.8, 'colsample_bytree': 0.9000000000000001, 'gamma': 3.0}. Best is trial 374 with value: 0.5972984243800201.
[I 2023-10-12 11:04:55,811] Trial 576 finished with value: 0.586735103750658 and parameters: {'w0': 0.505, 'w1': 0.9420000000000001, 'w2': 0.464, 'w3': 0.367, 'w4': 0.934, 'w5': 0.055, 'w6': 0.9460000000000001, 'w7': 0.389, 'w8': 0.932, 'max_depth': 8, 'min_child_weight': 4, 'subsample': 0.6000000000000001, 'colsample_bytree': 0.6000000000000001, 'gamma': 3.0}. Best is trial 374 with value: 0.5972984243800201.
[I 2023-10-12 11:05:56,354] Trial 577 finished with value: 0.5772942050428149 and parameters: {'w0': 0.515, 'w1': 0.931, 'w2': 0.463, 'w3': 0.613, 'w4': 0.981, 'w5': 0.054, 'w6': 0.392, 'w7': 0.35200000000000004, 'w8': 0.922, 'max_depth': 8, 'min_child_weight': 4, 'subsample': 0.6000000000000001, 'colsample_bytree': 0.9000000000000001, 'gamma': 3.0}. Best is trial 374 with value: 0.5972984243800201.
[I 2023-10-12 11:08:01,666] Trial 583 finished with value: 0.5907403627293123 and parameters: {'w0': 0.512, 'w1': 0.8190000000000001, 'w2': 0.406, 'w3': 0.615, 'w4': 0.9470000000000001, 'w5': 0.055, 'w6': 0.884, 'w7': 0.41600000000000004, 'w8': 0.934, 'max_depth': 8, 'min_child_weight': 4, 'subsample': 0.8, 'colsample_bytree': 0.6000000000000001, 'gamma': 2.6}. Best is trial 374 with value: 0.5972984243800201.
[I 2023-10-12 11:08:02,953] Trial 581 finished with value: 0.5895585151927061 and parameters: {'w0': 0.51, 'w1': 0.932, 'w2': 0.404, 'w3': 0.606, 'w4': 0.983, 'w5': 0.053000000000000005, 'w6': 0.912, 'w7': 0.419, 'w8': 0.937, 'max_depth': 8, 'min_child_weight': 4, 'subsample': 0.6000000000000001, 'colsample_bytree': 0.9000000000000001, 'gamma': 3.0}. Best is trial 374 with value: 0.5972984243800201.
[I 2023-10-12 11:09:43,925] Trial 582 finished with value: 0.5855018119396561 and parameters: {'w0': 0.538, 'w1': 0.935, 'w2': 0.40700000000000003, 'w3': 0.616, 'w4': 0.937, 'w5': 0.054, 'w6': 0.916, 'w7': 0.41400000000000003, 'w8': 0.47500000000000003, 'max_depth': 8, 'min_child_weight': 4, 'subsample': 0.6000000000000001, 'colsample_bytree': 0.9000000000000001, 'gamma': 3.0}. Best is trial 374 with value: 0.5972984243800201.
[I 2023-10-12 11:09:59,807] Trial 584 finished with value: 0.5922367932941892 and parameters: {'w0': 0.539, 'w1': 0.936, 'w2': 0.398, 'w3': 0.613, 'w4': 0.9400000000000001, 'w5': 0.056, 'w6': 0.914, 'w7': 0.40900000000000003, 'w8': 0.89, 'max_depth': 8, 'min_child_weight': 4, 'subsample': 0.8, 'colsample_bytree': 0.6000000000000001, 'gamma': 2.4000000000000004}. Best is trial 374 with value: 0.5972984243800201.
[I 2023-10-12 11:11:30,959] Trial 586 finished with value: 0.5249366242367572 and parameters: {'w0': 0.54, 'w1': 0.934, 'w2': 0.4, 'w3': 0.1, 'w4': 0.9470000000000001, 'w5': 0.05, 'w6': 0.913, 'w7': 0.9530000000000001, 'w8': 0.888, 'max_depth': 8, 'min_child_weight': 4, 'subsample': 0.8, 'colsample_bytree': 0.6000000000000001, 'gamma': 4.4}. Best is trial 374 with value: 0.5972984243800201.
[I 2023-10-12 11:12:28,425] Trial 585 finished with value: 0.5768625633159564 and parameters: {'w0': 0.545, 'w1': 0.931, 'w2': 0.403, 'w3': 0.23900000000000002, 'w4': 0.9560000000000001, 'w5': 0.052000000000000005, 'w6': 0.888, 'w7': 0.41300000000000003, 'w8': 0.457, 'max_depth': 8, 'min_child_weight': 10, 'subsample': 0.6000000000000001, 'colsample_bytree': 0.9000000000000001, 'gamma': 2.6}. Best is trial 374 with value: 0.5972984243800201.
[I 2023-10-12 11:14:56,364] Trial 588 finished with value: 0.5884026785682496 and parameters: {'w0': 0.542, 'w1': 0.999, 'w2': 0.40800000000000003, 'w3': 0.664, 'w4': 1.0, 'w5': 0.056, 'w6': 0.906, 'w7': 0.422, 'w8': 0.876, 'max_depth': 8, 'min_child_weight': 10, 'subsample': 0.8, 'colsample_bytree': 0.9000000000000001, 'gamma': 2.6}. Best is trial 374 with value: 0.5972984243800201.
[I 2023-10-12 11:15:12,593] Trial 591 finished with value: 0.5902217484792415 and parameters: {'w0': 0.539, 'w1': 0.984, 'w2': 0.394, 'w3': 0.6950000000000001, 'w4': 1.0, 'w5': 0.096, 'w6': 0.914, 'w7': 0.42, 'w8': 0.887, 'max_depth': 7, 'min_child_weight': 10, 'subsample': 0.8, 'colsample_bytree': 0.9000000000000001, 'gamma': 2.6}. Best is trial 374 with value: 0.5972984243800201.
[I 2023-10-12 11:15:46,258] Trial 589 finished with value: 0.5719165403423759 and parameters: {'w0': 0.541, 'w1': 0.9420000000000001, 'w2': 0.401, 'w3': 0.11800000000000001, 'w4': 0.9560000000000001, 'w5': 0.056, 'w6': 0.917, 'w7': 0.41500000000000004, 'w8': 0.882, 'max_depth': 8, 'min_child_weight': 4, 'subsample': 0.7, 'colsample_bytree': 0.9000000000000001, 'gamma': 2.6}. Best is trial 374 with value: 0.5972984243800201.
[I 2023-10-12 11:16:30,218] Trial 595 finished with value: 0.5382652681618142 and parameters: {'w0': 0.539, 'w1': 0.919, 'w2': 0.395, 'w3': 0.663, 'w4': 0.47400000000000003, 'w5': 0.014000000000000002, 'w6': 0.886, 'w7': 0.305, 'w8': 0.18, 'max_depth': 8, 'min_child_weight': 4, 'subsample': 0.8, 'colsample_bytree': 0.9000000000000001, 'gamma': 2.6}. Best is trial 374 with value: 0.5972984243800201.
[I 2023-10-12 11:16:44,205] Trial 587 finished with value: 0.587829612071603 and parameters: {'w0': 0.545, 'w1': 1.0, 'w2': 0.403, 'w3': 0.6970000000000001, 'w4': 1.0, 'w5': 0.057, 'w6': 0.915, 'w7': 0.41600000000000004, 'w8': 0.884, 'max_depth': 8, 'min_child_weight': 10, 'subsample': 0.7, 'colsample_bytree': 0.9000000000000001, 'gamma': 2.6}. Best is trial 374 with value: 0.5972984243800201.
[I 2023-10-12 11:16:44,236] Trial 590 finished with value: 0.5917726375610072 and parameters: {'w0': 0.725, 'w1': 0.984, 'w2': 0.406, 'w3': 0.664, 'w4': 0.9580000000000001, 'w5': 0.055, 'w6': 0.909, 'w7': 0.41500000000000004, 'w8': 0.892, 'max_depth': 7, 'min_child_weight': 4, 'subsample': 0.7, 'colsample_bytree': 0.9000000000000001, 'gamma': 2.6}. Best is trial 374 with value: 0.5972984243800201.
