[I 2023-10-13 05:52:07,588] Trial 1898 finished with value: 0.5947265102453975 and parameters: {'w0': 0.46900000000000003, 'w1': 0.855, 'w2': 0.367, 'w3': 0.641, 'w4': 0.893, 'w5': 0.168, 'w6': 0.915, 'w7': 0.324, 'w8': 0.9430000000000001, 'max_depth': 10, 'min_child_weight': 2, 'subsample': 0.7, 'colsample_bytree': 0.8, 'gamma': 3.0}. Best is trial 848 with value: 0.6005661897687894.
[I 2023-10-13 05:52:23,605] Trial 1892 finished with value: 0.5671236896917867 and parameters: {'w0': 0.461, 'w1': 0.856, 'w2': 0.153, 'w3': 0.628, 'w4': 0.9500000000000001, 'w5': 0.243, 'w6': 0.866, 'w7': 0.28900000000000003, 'w8': 0.963, 'max_depth': 10, 'min_child_weight': 2, 'subsample': 0.7, 'colsample_bytree': 0.8, 'gamma': 1.6}. Best is trial 848 with value: 0.6005661897687894.
[I 2023-10-13 05:52:35,369] Trial 1891 finished with value: 0.5944340607114889 and parameters: {'w0': 0.405, 'w1': 0.806, 'w2': 0.34, 'w3': 0.626, 'w4': 0.9520000000000001, 'w5': 0.246, 'w6': 0.859, 'w7': 0.291, 'w8': 0.9540000000000001, 'max_depth': 10, 'min_child_weight': 2, 'subsample': 0.7, 'colsample_bytree': 0.8, 'gamma': 1.6}. Best is trial 848 with value: 0.6005661897687894.
[I 2023-10-13 05:52:44,174] Trial 1900 finished with value: 0.5359908067668542 and parameters: {'w0': 0.481, 'w1': 0.854, 'w2': 0.335, 'w3': 0.644, 'w4': 0.878, 'w5': 0.166, 'w6': 0.099, 'w7': 0.32, 'w8': 0.9410000000000001, 'max_depth': 10, 'min_child_weight': 2, 'subsample': 0.7, 'colsample_bytree': 0.8, 'gamma': 10.0}. Best is trial 848 with value: 0.6005661897687894.
[I 2023-10-13 05:54:34,951] Trial 1899 finished with value: 0.596343726595823 and parameters: {'w0': 0.47600000000000003, 'w1': 0.884, 'w2': 0.338, 'w3': 0.64, 'w4': 0.888, 'w5': 0.167, 'w6': 0.91, 'w7': 0.324, 'w8': 0.9590000000000001, 'max_depth': 10, 'min_child_weight': 2, 'subsample': 0.7, 'colsample_bytree': 0.8, 'gamma': 3.0}. Best is trial 848 with value: 0.6005661897687894.
[I 2023-10-13 05:55:04,071] Trial 1896 finished with value: 0.596219999203775 and parameters: {'w0': 0.366, 'w1': 0.876, 'w2': 0.34, 'w3': 0.629, 'w4': 0.9530000000000001, 'w5': 0.252, 'w6': 0.865, 'w7': 0.28600000000000003, 'w8': 0.9540000000000001, 'max_depth': 10, 'min_child_weight': 2, 'subsample': 0.7, 'colsample_bytree': 0.8, 'gamma': 1.6}. Best is trial 848 with value: 0.6005661897687894.
[I 2023-10-13 05:56:46,239] Trial 1901 finished with value: 0.5963362240219332 and parameters: {'w0': 0.46, 'w1': 0.85, 'w2': 0.332, 'w3': 0.64, 'w4': 0.889, 'w5': 0.164, 'w6': 0.915, 'w7': 0.328, 'w8': 0.9420000000000001, 'max_depth': 10, 'min_child_weight': 2, 'subsample': 0.7, 'colsample_bytree': 0.8, 'gamma': 3.0}. Best is trial 848 with value: 0.6005661897687894.
[I 2023-10-13 05:56:47,005] Trial 1902 finished with value: 0.5960446581503909 and parameters: {'w0': 0.485, 'w1': 0.881, 'w2': 0.363, 'w3': 0.64, 'w4': 0.88, 'w5': 0.154, 'w6': 0.8200000000000001, 'w7': 0.323, 'w8': 0.9430000000000001, 'max_depth': 10, 'min_child_weight': 2, 'subsample': 0.7, 'colsample_bytree': 0.8, 'gamma': 3.0}. Best is trial 848 with value: 0.6005661897687894.
[I 2023-10-13 05:56:48,251] Trial 1894 finished with value: 0.5817829702578324 and parameters: {'w0': 0.46, 'w1': 0.805, 'w2': 0.9430000000000001, 'w3': 0.645, 'w4': 0.9490000000000001, 'w5': 0.253, 'w6': 0.912, 'w7': 0.292, 'w8': 0.9540000000000001, 'max_depth': 10, 'min_child_weight': 2, 'subsample': 0.7, 'colsample_bytree': 0.8, 'gamma': 1.6}. Best is trial 848 with value: 0.6005661897687894.
[I 2023-10-13 05:57:48,548] Trial 1903 finished with value: 0.5946547549526631 and parameters: {'w0': 0.47900000000000004, 'w1': 0.86, 'w2': 0.355, 'w3': 0.649, 'w4': 0.881, 'w5': 0.165, 'w6': 0.914, 'w7': 0.324, 'w8': 0.9500000000000001, 'max_depth': 10, 'min_child_weight': 2, 'subsample': 0.7, 'colsample_bytree': 0.8, 'gamma': 3.0}. Best is trial 848 with value: 0.6005661897687894.
[I 2023-10-13 05:58:28,261] Trial 1904 finished with value: 0.5973739511186293 and parameters: {'w0': 0.495, 'w1': 0.855, 'w2': 0.364, 'w3': 0.625, 'w4': 0.878, 'w5': 0.165, 'w6': 0.921, 'w7': 0.317, 'w8': 0.99, 'max_depth': 10, 'min_child_weight': 2, 'subsample': 0.7, 'colsample_bytree': 0.8, 'gamma': 3.0}. Best is trial 848 with value: 0.6005661897687894.
[I 2023-10-13 05:58:30,183] Trial 1905 finished with value: 0.594886455077504 and parameters: {'w0': 0.463, 'w1': 0.854, 'w2': 0.36, 'w3': 0.621, 'w4': 0.879, 'w5': 0.156, 'w6': 0.917, 'w7': 0.32, 'w8': 0.99, 'max_depth': 10, 'min_child_weight': 2, 'subsample': 0.7, 'colsample_bytree': 0.8, 'gamma': 3.0}. Best is trial 848 with value: 0.6005661897687894.
[I 2023-10-13 06:00:30,813] Trial 1907 finished with value: 0.5781522935986334 and parameters: {'w0': 0.482, 'w1': 0.876, 'w2': 0.354, 'w3': 0.63, 'w4': 0.886, 'w5': 0.159, 'w6': 0.917, 'w7': 0.325, 'w8': 0.986, 'max_depth': 10, 'min_child_weight': 2, 'subsample': 0.7, 'colsample_bytree': 0.8, 'gamma': 8.4}. Best is trial 848 with value: 0.6005661897687894.
[I 2023-10-13 06:01:02,699] Trial 1906 finished with value: 0.5978669912127287 and parameters: {'w0': 0.46900000000000003, 'w1': 0.852, 'w2': 0.361, 'w3': 0.623, 'w4': 0.881, 'w5': 0.165, 'w6': 0.918, 'w7': 0.324, 'w8': 0.982, 'max_depth': 10, 'min_child_weight': 2, 'subsample': 0.7, 'colsample_bytree': 0.8, 'gamma': 3.0}. Best is trial 848 with value: 0.6005661897687894.
[I 2023-10-13 06:04:19,677] Trial 1909 finished with value: 0.5956150210079767 and parameters: {'w0': 0.484, 'w1': 0.852, 'w2': 0.36, 'w3': 0.617, 'w4': 0.881, 'w5': 0.155, 'w6': 0.905, 'w7': 0.325, 'w8': 0.983, 'max_depth': 10, 'min_child_weight': 2, 'subsample': 0.7, 'colsample_bytree': 0.8, 'gamma': 3.0}. Best is trial 848 with value: 0.6005661897687894.
[I 2023-10-13 06:04:38,030] Trial 1910 finished with value: 0.5987710802505034 and parameters: {'w0': 0.486, 'w1': 0.854, 'w2': 0.364, 'w3': 0.61, 'w4': 0.878, 'w5': 0.17, 'w6': 0.8250000000000001, 'w7': 0.323, 'w8': 0.981, 'max_depth': 10, 'min_child_weight': 2, 'subsample': 0.7, 'colsample_bytree': 0.7, 'gamma': 3.0}. Best is trial 848 with value: 0.6005661897687894.
[I 2023-10-13 06:04:55,236] Trial 1908 finished with value: 0.5897959170307263 and parameters: {'w0': 0.488, 'w1': 0.879, 'w2': 0.35200000000000004, 'w3': 0.616, 'w4': 0.883, 'w5': 0.839, 'w6': 0.918, 'w7': 0.318, 'w8': 0.986, 'max_depth': 10, 'min_child_weight': 2, 'subsample': 0.7, 'colsample_bytree': 0.8, 'gamma': 2.6}. Best is trial 848 with value: 0.6005661897687894.
[I 2023-10-13 06:05:16,092] Trial 1912 finished with value: 0.594688208237512 and parameters: {'w0': 0.47900000000000004, 'w1': 0.878, 'w2': 0.357, 'w3': 0.604, 'w4': 0.876, 'w5': 0.154, 'w6': 0.927, 'w7': 0.329, 'w8': 0.968, 'max_depth': 10, 'min_child_weight': 2, 'subsample': 0.7, 'colsample_bytree': 0.7, 'gamma': 3.0}. Best is trial 848 with value: 0.6005661897687894.
[I 2023-10-13 06:05:18,834] Trial 1913 finished with value: 0.5963201987188522 and parameters: {'w0': 0.48000000000000004, 'w1': 0.878, 'w2': 0.362, 'w3': 0.609, 'w4': 0.88, 'w5': 0.162, 'w6': 0.922, 'w7': 0.324, 'w8': 0.986, 'max_depth': 10, 'min_child_weight': 2, 'subsample': 0.7, 'colsample_bytree': 0.7, 'gamma': 3.0}. Best is trial 848 with value: 0.6005661897687894.
[I 2023-10-13 06:05:20,231] Trial 1911 finished with value: 0.5949364097838956 and parameters: {'w0': 0.484, 'w1': 0.855, 'w2': 0.363, 'w3': 0.607, 'w4': 0.877, 'w5': 0.16, 'w6': 0.8210000000000001, 'w7': 0.324, 'w8': 0.982, 'max_depth': 10, 'min_child_weight': 2, 'subsample': 0.7, 'colsample_bytree': 0.7, 'gamma': 3.0}. Best is trial 848 with value: 0.6005661897687894.
[I 2023-10-13 06:06:53,641] Trial 1914 finished with value: 0.5985251562798404 and parameters: {'w0': 0.468, 'w1': 0.874, 'w2': 0.357, 'w3': 0.607, 'w4': 0.878, 'w5': 0.16, 'w6': 0.918, 'w7': 0.328, 'w8': 0.99, 'max_depth': 10, 'min_child_weight': 2, 'subsample': 0.7, 'colsample_bytree': 0.8, 'gamma': 3.0}. Best is trial 848 with value: 0.6005661897687894.
[I 2023-10-13 06:07:37,806] Trial 1916 finished with value: 0.5933774009684527 and parameters: {'w0': 0.457, 'w1': 0.86, 'w2': 0.358, 'w3': 0.607, 'w4': 0.885, 'w5': 0.15, 'w6': 0.925, 'w7': 0.317, 'w8': 0.988, 'max_depth': 10, 'min_child_weight': 2, 'subsample': 0.7, 'colsample_bytree': 0.7, 'gamma': 4.6000000000000005}. Best is trial 848 with value: 0.6005661897687894.
[I 2023-10-13 06:08:00,251] Trial 1915 finished with value: 0.586260398858846 and parameters: {'w0': 0.468, 'w1': 0.855, 'w2': 0.36, 'w3': 0.606, 'w4': 0.882, 'w5': 0.769, 'w6': 0.92, 'w7': 0.33, 'w8': 0.988, 'max_depth': 10, 'min_child_weight': 2, 'subsample': 0.7, 'colsample_bytree': 0.3, 'gamma': 3.0}. Best is trial 848 with value: 0.6005661897687894.
[I 2023-10-13 06:09:13,622] Trial 1921 finished with value: 0.5923417385554648 and parameters: {'w0': 0.448, 'w1': 0.876, 'w2': 0.321, 'w3': 0.605, 'w4': 0.92, 'w5': 0.20700000000000002, 'w6': 0.9390000000000001, 'w7': 0.335, 'w8': 0.994, 'max_depth': 10, 'min_child_weight': 2, 'subsample': 0.7, 'colsample_bytree': 0.7, 'gamma': 4.6000000000000005}. Best is trial 848 with value: 0.6005661897687894.
[I 2023-10-13 06:09:26,331] Trial 1917 finished with value: 0.5945133712229019 and parameters: {'w0': 0.48000000000000004, 'w1': 0.853, 'w2': 0.319, 'w3': 0.602, 'w4': 0.868, 'w5': 0.20800000000000002, 'w6': 0.934, 'w7': 0.312, 'w8': 0.9420000000000001, 'max_depth': 10, 'min_child_weight': 2, 'subsample': 0.7, 'colsample_bytree': 0.7, 'gamma': 2.8000000000000003}. Best is trial 848 with value: 0.6005661897687894.
[I 2023-10-13 06:09:37,455] Trial 1918 finished with value: 0.594839598914434 and parameters: {'w0': 0.47100000000000003, 'w1': 0.853, 'w2': 0.358, 'w3': 0.8180000000000001, 'w4': 0.874, 'w5': 0.20400000000000001, 'w6': 0.924, 'w7': 0.317, 'w8': 0.9380000000000001, 'max_depth': 10, 'min_child_weight': 2, 'subsample': 0.7, 'colsample_bytree': 0.7, 'gamma': 2.8000000000000003}. Best is trial 848 with value: 0.6005661897687894.
[I 2023-10-13 06:11:00,812] Trial 1920 finished with value: 0.5966355930735385 and parameters: {'w0': 0.454, 'w1': 0.851, 'w2': 0.32, 'w3': 0.604, 'w4': 0.925, 'w5': 0.202, 'w6': 0.933, 'w7': 0.315, 'w8': 0.983, 'max_depth': 10, 'min_child_weight': 2, 'subsample': 0.7, 'colsample_bytree': 0.7, 'gamma': 2.8000000000000003}. Best is trial 848 with value: 0.6005661897687894.
[I 2023-10-13 06:11:24,681] Trial 1919 finished with value: 0.5967373834168856 and parameters: {'w0': 0.487, 'w1': 0.858, 'w2': 0.356, 'w3': 0.8210000000000001, 'w4': 0.922, 'w5': 0.20600000000000002, 'w6': 0.924, 'w7': 0.316, 'w8': 0.982, 'max_depth': 10, 'min_child_weight': 2, 'subsample': 0.7, 'colsample_bytree': 0.9000000000000001, 'gamma': 2.6}. Best is trial 848 with value: 0.6005661897687894.
[I 2023-10-13 06:13:19,604] Trial 1923 finished with value: 0.5824205196482511 and parameters: {'w0': 0.455, 'w1': 0.874, 'w2': 0.312, 'w3': 0.8150000000000001, 'w4': 0.922, 'w5': 0.203, 'w6': 0.245, 'w7': 0.341, 'w8': 0.997, 'max_depth': 10, 'min_child_weight': 2, 'subsample': 0.7, 'colsample_bytree': 0.8, 'gamma': 2.8000000000000003}. Best is trial 848 with value: 0.6005661897687894.
[I 2023-10-13 06:13:28,588] Trial 1922 finished with value: 0.5967422681447665 and parameters: {'w0': 0.446, 'w1': 0.879, 'w2': 0.318, 'w3': 0.8130000000000001, 'w4': 0.923, 'w5': 0.21, 'w6': 0.9400000000000001, 'w7': 0.311, 'w8': 0.989, 'max_depth': 10, 'min_child_weight': 2, 'subsample': 0.7, 'colsample_bytree': 0.7, 'gamma': 2.6}. Best is trial 848 with value: 0.6005661897687894.
[I 2023-10-13 06:16:21,920] Trial 1928 finished with value: 0.5757261334557868 and parameters: {'w0': 0.362, 'w1': 0.85, 'w2': 0.322, 'w3': 0.079, 'w4': 0.928, 'w5': 0.20700000000000002, 'w6': 0.9420000000000001, 'w7': 0.264, 'w8': 0.987, 'max_depth': 10, 'min_child_weight': 2, 'subsample': 0.7, 'colsample_bytree': 0.9000000000000001, 'gamma': 3.8000000000000003}. Best is trial 848 with value: 0.6005661897687894.
[I 2023-10-13 06:17:34,975] Trial 1924 finished with value: 0.5686690685818125 and parameters: {'w0': 0.454, 'w1': 0.867, 'w2': 0.321, 'w3': 0.603, 'w4': 0.927, 'w5': 0.202, 'w6': 0.9390000000000001, 'w7': 0.5710000000000001, 'w8': 0.98, 'max_depth': 10, 'min_child_weight': 2, 'subsample': 0.7, 'colsample_bytree': 0.7, 'gamma': 2.8000000000000003}. Best is trial 848 with value: 0.6005661897687894.
[I 2023-10-13 06:17:37,752] Trial 1926 finished with value: 0.5941796507925764 and parameters: {'w0': 0.45, 'w1': 0.887, 'w2': 0.319, 'w3': 0.594, 'w4': 0.917, 'w5': 0.20500000000000002, 'w6': 0.9420000000000001, 'w7': 0.264, 'w8': 1.0, 'max_depth': 10, 'min_child_weight': 2, 'subsample': 0.7, 'colsample_bytree': 0.9000000000000001, 'gamma': 2.8000000000000003}. Best is trial 848 with value: 0.6005661897687894.
[I 2023-10-13 06:17:38,391] Trial 1925 finished with value: 0.599455234553854 and parameters: {'w0': 0.452, 'w1': 0.874, 'w2': 0.321, 'w3': 0.602, 'w4': 0.928, 'w5': 0.20600000000000002, 'w6': 0.9420000000000001, 'w7': 0.307, 'w8': 1.0, 'max_depth': 10, 'min_child_weight': 2, 'subsample': 0.7, 'colsample_bytree': 0.9000000000000001, 'gamma': 2.8000000000000003}. Best is trial 848 with value: 0.6005661897687894.
[I 2023-10-13 06:18:00,961] Trial 1927 finished with value: 0.5916634959334395 and parameters: {'w0': 0.446, 'w1': 0.881, 'w2': 0.315, 'w3': 0.8200000000000001, 'w4': 0.924, 'w5': 0.202, 'w6': 0.9410000000000001, 'w7': 0.263, 'w8': 0.995, 'max_depth': 10, 'min_child_weight': 2, 'subsample': 0.7, 'colsample_bytree': 0.9000000000000001, 'gamma': 2.8000000000000003}. Best is trial 848 with value: 0.6005661897687894.
[I 2023-10-13 06:18:02,274] Trial 1929 finished with value: 0.5964433588385336 and parameters: {'w0': 0.451, 'w1': 0.884, 'w2': 0.322, 'w3': 0.8250000000000001, 'w4': 0.926, 'w5': 0.20500000000000002, 'w6': 0.9440000000000001, 'w7': 0.268, 'w8': 1.0, 'max_depth': 10, 'min_child_weight': 2, 'subsample': 0.7, 'colsample_bytree': 0.8, 'gamma': 2.8000000000000003}. Best is trial 848 with value: 0.6005661897687894.
[I 2023-10-13 06:18:36,568] Trial 1930 finished with value: 0.5903024389515503 and parameters: {'w0': 0.365, 'w1': 0.876, 'w2': 0.313, 'w3': 0.588, 'w4': 0.923, 'w5': 0.20900000000000002, 'w6': 0.9450000000000001, 'w7': 0.266, 'w8': 0.932, 'max_depth': 10, 'min_child_weight': 2, 'subsample': 0.7, 'colsample_bytree': 0.3, 'gamma': 2.8000000000000003}. Best is trial 848 with value: 0.6005661897687894.
[I 2023-10-13 06:19:57,431] Trial 1931 finished with value: 0.5862984905981279 and parameters: {'w0': 0.358, 'w1': 0.877, 'w2': 0.321, 'w3': 0.8250000000000001, 'w4': 0.926, 'w5': 0.20400000000000001, 'w6': 0.248, 'w7': 0.272, 'w8': 0.997, 'max_depth': 10, 'min_child_weight': 2, 'subsample': 0.7, 'colsample_bytree': 0.8, 'gamma': 2.6}. Best is trial 848 with value: 0.6005661897687894.
[I 2023-10-13 06:20:59,086] Trial 1932 finished with value: 0.5973990220905894 and parameters: {'w0': 0.358, 'w1': 0.88, 'w2': 0.32, 'w3': 0.8170000000000001, 'w4': 0.93, 'w5': 0.20500000000000002, 'w6': 0.9420000000000001, 'w7': 0.267, 'w8': 0.976, 'max_depth': 10, 'min_child_weight': 2, 'subsample': 0.7, 'colsample_bytree': 0.9000000000000001, 'gamma': 2.6}. Best is trial 848 with value: 0.6005661897687894.
[I 2023-10-13 06:21:32,108] Trial 1933 finished with value: 0.5956335342575257 and parameters: {'w0': 0.358, 'w1': 0.88, 'w2': 0.318, 'w3': 0.59, 'w4': 0.931, 'w5': 0.20700000000000002, 'w6': 0.9450000000000001, 'w7': 0.263, 'w8': 0.935, 'max_depth': 10, 'min_child_weight': 2, 'subsample': 0.7, 'colsample_bytree': 0.9000000000000001, 'gamma': 2.8000000000000003}. Best is trial 848 with value: 0.6005661897687894.
[I 2023-10-13 06:22:20,860] Trial 1935 finished with value: 0.5967300624449964 and parameters: {'w0': 0.366, 'w1': 0.88, 'w2': 0.308, 'w3': 0.8200000000000001, 'w4': 0.928, 'w5': 0.20400000000000001, 'w6': 0.9430000000000001, 'w7': 0.304, 'w8': 0.931, 'max_depth': 10, 'min_child_weight': 2, 'subsample': 0.7, 'colsample_bytree': 0.8, 'gamma': 2.6}. Best is trial 848 with value: 0.6005661897687894.
[I 2023-10-13 06:23:17,158] Trial 1934 finished with value: 0.5634799109353985 and parameters: {'w0': 0.363, 'w1': 0.8240000000000001, 'w2': 0.321, 'w3': 0.8320000000000001, 'w4': 0.923, 'w5': 0.20600000000000002, 'w6': 0.9440000000000001, 'w7': 0.665, 'w8': 0.491, 'max_depth': 10, 'min_child_weight': 2, 'subsample': 0.7, 'colsample_bytree': 0.8, 'gamma': 2.6}. Best is trial 848 with value: 0.6005661897687894.
[I 2023-10-13 06:24:47,434] Trial 1936 finished with value: 0.5693955776118441 and parameters: {'w0': 0.361, 'w1': 0.8220000000000001, 'w2': 0.324, 'w3': 0.59, 'w4': 0.932, 'w5': 0.185, 'w6': 0.9460000000000001, 'w7': 0.561, 'w8': 0.963, 'max_depth': 10, 'min_child_weight': 2, 'subsample': 0.7, 'colsample_bytree': 0.9000000000000001, 'gamma': 2.6}. Best is trial 848 with value: 0.6005661897687894.
[I 2023-10-13 06:25:02,256] Trial 1937 finished with value: 0.5936231272260772 and parameters: {'w0': 0.362, 'w1': 0.882, 'w2': 0.322, 'w3': 0.584, 'w4': 0.926, 'w5': 0.185, 'w6': 0.9480000000000001, 'w7': 0.264, 'w8': 0.997, 'max_depth': 10, 'min_child_weight': 8, 'subsample': 0.7, 'colsample_bytree': 0.8, 'gamma': 2.4000000000000004}. Best is trial 848 with value: 0.6005661897687894.
[I 2023-10-13 06:26:01,668] Trial 1939 finished with value: 0.567178695645676 and parameters: {'w0': 0.365, 'w1': 0.321, 'w2': 0.181, 'w3': 0.583, 'w4': 0.93, 'w5': 0.179, 'w6': 0.9440000000000001, 'w7': 0.265, 'w8': 0.933, 'max_depth': 10, 'min_child_weight': 8, 'subsample': 0.7, 'colsample_bytree': 0.8, 'gamma': 2.4000000000000004}. Best is trial 848 with value: 0.6005661897687894.
[I 2023-10-13 06:26:14,857] Trial 1938 finished with value: 0.5950824610588563 and parameters: {'w0': 0.357, 'w1': 0.8210000000000001, 'w2': 0.32, 'w3': 0.841, 'w4': 0.93, 'w5': 0.179, 'w6': 0.9490000000000001, 'w7': 0.27, 'w8': 0.934, 'max_depth': 10, 'min_child_weight': 2, 'subsample': 0.7, 'colsample_bytree': 0.8, 'gamma': 2.4000000000000004}. Best is trial 848 with value: 0.6005661897687894.
[I 2023-10-13 06:29:50,097] Trial 1944 finished with value: 0.5478785569685756 and parameters: {'w0': 0.357, 'w1': 0.884, 'w2': 0.065, 'w3': 0.656, 'w4': 0.903, 'w5': 0.178, 'w6': 0.9480000000000001, 'w7': 0.341, 'w8': 0.97, 'max_depth': 10, 'min_child_weight': 2, 'subsample': 0.7, 'colsample_bytree': 0.9000000000000001, 'gamma': 3.2}. Best is trial 848 with value: 0.6005661897687894.
[I 2023-10-13 06:30:04,822] Trial 1943 finished with value: 0.5669651756274405 and parameters: {'w0': 0.358, 'w1': 0.268, 'w2': 0.671, 'w3': 0.838, 'w4': 0.907, 'w5': 0.182, 'w6': 0.9480000000000001, 'w7': 0.34800000000000003, 'w8': 0.98, 'max_depth': 10, 'min_child_weight': 2, 'subsample': 0.7, 'colsample_bytree': 0.9000000000000001, 'gamma': 3.2}. Best is trial 848 with value: 0.6005661897687894.
[I 2023-10-13 06:30:08,094] Trial 1945 finished with value: 0.5931699277291406 and parameters: {'w0': 0.367, 'w1': 0.881, 'w2': 0.324, 'w3': 0.653, 'w4': 0.908, 'w5': 0.181, 'w6': 0.641, 'w7': 0.34600000000000003, 'w8': 0.97, 'max_depth': 10, 'min_child_weight': 2, 'subsample': 0.7, 'colsample_bytree': 0.9000000000000001, 'gamma': 3.2}. Best is trial 848 with value: 0.6005661897687894.
[I 2023-10-13 06:30:15,112] Trial 1941 finished with value: 0.5729416334602223 and parameters: {'w0': 0.36, 'w1': 0.8230000000000001, 'w2': 0.178, 'w3': 0.592, 'w4': 0.936, 'w5': 0.187, 'w6': 0.882, 'w7': 0.267, 'w8': 0.931, 'max_depth': 10, 'min_child_weight': 2, 'subsample': 0.7, 'colsample_bytree': 0.8, 'gamma': 2.4000000000000004}. Best is trial 848 with value: 0.6005661897687894.
[I 2023-10-13 06:30:53,030] Trial 1942 finished with value: 0.5938974656894795 and parameters: {'w0': 0.355, 'w1': 0.8230000000000001, 'w2': 0.294, 'w3': 0.846, 'w4': 0.648, 'w5': 0.18, 'w6': 0.877, 'w7': 0.266, 'w8': 0.927, 'max_depth': 10, 'min_child_weight': 2, 'subsample': 0.7, 'colsample_bytree': 0.8, 'gamma': 2.4000000000000004}. Best is trial 848 with value: 0.6005661897687894.
[I 2023-10-13 06:30:53,677] Trial 1946 finished with value: 0.5450624823412693 and parameters: {'w0': 0.361, 'w1': 0.884, 'w2': 0.069, 'w3': 0.845, 'w4': 0.898, 'w5': 0.18, 'w6': 0.9470000000000001, 'w7': 0.34700000000000003, 'w8': 0.999, 'max_depth': 10, 'min_child_weight': 8, 'subsample': 0.7, 'colsample_bytree': 0.9000000000000001, 'gamma': 3.2}. Best is trial 848 with value: 0.6005661897687894.
[I 2023-10-13 06:31:07,427] Trial 1940 finished with value: 0.5717197646159216 and parameters: {'w0': 0.369, 'w1': 0.8320000000000001, 'w2': 0.323, 'w3': 0.32, 'w4': 0.97, 'w5': 0.184, 'w6': 0.9480000000000001, 'w7': 0.561, 'w8': 1.0, 'max_depth': 10, 'min_child_weight': 8, 'subsample': 0.7, 'colsample_bytree': 0.8, 'gamma': 2.4000000000000004}. Best is trial 848 with value: 0.6005661897687894.
[I 2023-10-13 06:32:21,042] Trial 1947 finished with value: 0.5947966208657741 and parameters: {'w0': 0.36, 'w1': 0.8300000000000001, 'w2': 0.341, 'w3': 0.655, 'w4': 0.903, 'w5': 0.185, 'w6': 0.9490000000000001, 'w7': 0.34400000000000003, 'w8': 0.968, 'max_depth': 10, 'min_child_weight': 2, 'subsample': 0.7, 'colsample_bytree': 0.9000000000000001, 'gamma': 3.2}. Best is trial 848 with value: 0.6005661897687894.
[I 2023-10-13 06:33:04,613] Trial 1948 finished with value: 0.5860339202761844 and parameters: {'w0': 0.372, 'w1': 0.328, 'w2': 0.334, 'w3': 0.656, 'w4': 0.906, 'w5': 0.181, 'w6': 0.9500000000000001, 'w7': 0.34400000000000003, 'w8': 0.966, 'max_depth': 10, 'min_child_weight': 2, 'subsample': 0.7, 'colsample_bytree': 0.9000000000000001, 'gamma': 3.2}. Best is trial 848 with value: 0.6005661897687894.
[I 2023-10-13 06:34:40,886] Trial 1950 finished with value: 0.5933356011379484 and parameters: {'w0': 0.406, 'w1': 0.8280000000000001, 'w2': 0.327, 'w3': 0.65, 'w4': 0.899, 'w5': 0.184, 'w6': 0.889, 'w7': 0.341, 'w8': 0.966, 'max_depth': 10, 'min_child_weight': 2, 'subsample': 0.7, 'colsample_bytree': 0.9000000000000001, 'gamma': 3.2}. Best is trial 848 with value: 0.6005661897687894.
