[I 2023-10-11 06:32:03,483] Trial 940 finished with value: 0.623590821130527 and parameters: {'w0': 0.23600000000000002, 'w1': 0.664, 'w2': 0.234, 'w3': 0.579, 'w4': 0.888, 'w5': 0.307, 'w6': 0.985, 'w7': 0.216, 'w8': 0.656, 'max_depth': 6, 'min_child_weight': 2, 'subsample': 0.9000000000000001, 'colsample_bytree': 0.9000000000000001, 'gamma': 0.6000000000000001}. Best is trial 931 with value: 0.6248614582687078.
[I 2023-10-11 06:32:26,124] Trial 942 finished with value: 0.6217679451868621 and parameters: {'w0': 0.228, 'w1': 0.661, 'w2': 0.202, 'w3': 0.59, 'w4': 0.887, 'w5': 0.521, 'w6': 0.982, 'w7': 0.182, 'w8': 0.626, 'max_depth': 6, 'min_child_weight': 4, 'subsample': 0.9000000000000001, 'colsample_bytree': 0.9000000000000001, 'gamma': 0.6000000000000001}. Best is trial 931 with value: 0.6248614582687078.
[I 2023-10-11 06:32:30,901] Trial 943 finished with value: 0.6253191442650182 and parameters: {'w0': 0.23, 'w1': 0.656, 'w2': 0.196, 'w3': 0.524, 'w4': 0.883, 'w5': 0.297, 'w6': 0.979, 'w7': 0.17200000000000001, 'w8': 0.632, 'max_depth': 6, 'min_child_weight': 4, 'subsample': 0.9000000000000001, 'colsample_bytree': 0.9000000000000001, 'gamma': 0.6000000000000001}. Best is trial 943 with value: 0.6253191442650182.
[I 2023-10-11 06:33:03,255] Trial 941 finished with value: 0.6192730432790966 and parameters: {'w0': 0.23, 'w1': 0.663, 'w2': 0.197, 'w3': 0.631, 'w4': 0.883, 'w5': 0.508, 'w6': 0.977, 'w7': 0.215, 'w8': 0.658, 'max_depth': 6, 'min_child_weight': 4, 'subsample': 0.9000000000000001, 'colsample_bytree': 0.9000000000000001, 'gamma': 0.6000000000000001}. Best is trial 943 with value: 0.6253191442650182.
[I 2023-10-11 06:33:43,520] Trial 944 finished with value: 0.621595434222219 and parameters: {'w0': 0.226, 'w1': 0.6890000000000001, 'w2': 0.19, 'w3': 0.654, 'w4': 0.891, 'w5': 0.305, 'w6': 0.985, 'w7': 0.217, 'w8': 0.64, 'max_depth': 6, 'min_child_weight': 4, 'subsample': 0.9000000000000001, 'colsample_bytree': 0.9000000000000001, 'gamma': 0.6000000000000001}. Best is trial 943 with value: 0.6253191442650182.
[I 2023-10-11 06:34:27,339] Trial 945 finished with value: 0.6216707299698638 and parameters: {'w0': 0.227, 'w1': 0.6920000000000001, 'w2': 0.225, 'w3': 0.663, 'w4': 0.884, 'w5': 0.525, 'w6': 0.986, 'w7': 0.223, 'w8': 0.6, 'max_depth': 6, 'min_child_weight': 4, 'subsample': 0.9000000000000001, 'colsample_bytree': 0.9000000000000001, 'gamma': 0.6000000000000001}. Best is trial 943 with value: 0.6253191442650182.
[I 2023-10-11 06:37:05,882] Trial 946 finished with value: 0.6235612742665507 and parameters: {'w0': 0.233, 'w1': 0.6940000000000001, 'w2': 0.23, 'w3': 0.602, 'w4': 0.901, 'w5': 0.302, 'w6': 0.982, 'w7': 0.18, 'w8': 0.626, 'max_depth': 6, 'min_child_weight': 4, 'subsample': 0.9000000000000001, 'colsample_bytree': 0.9000000000000001, 'gamma': 0.6000000000000001}. Best is trial 943 with value: 0.6253191442650182.
[I 2023-10-11 06:38:45,714] Trial 947 finished with value: 0.6217680345188857 and parameters: {'w0': 0.227, 'w1': 0.6920000000000001, 'w2': 0.2, 'w3': 0.671, 'w4': 0.895, 'w5': 0.297, 'w6': 0.982, 'w7': 0.216, 'w8': 0.602, 'max_depth': 6, 'min_child_weight': 4, 'subsample': 0.9000000000000001, 'colsample_bytree': 0.9000000000000001, 'gamma': 0.6000000000000001}. Best is trial 943 with value: 0.6253191442650182.
[I 2023-10-11 06:41:34,352] Trial 948 finished with value: 0.6253776725323332 and parameters: {'w0': 0.23600000000000002, 'w1': 0.6970000000000001, 'w2': 0.218, 'w3': 0.594, 'w4': 0.896, 'w5': 0.296, 'w6': 0.98, 'w7': 0.184, 'w8': 0.621, 'max_depth': 6, 'min_child_weight': 4, 'subsample': 0.9000000000000001, 'colsample_bytree': 0.8, 'gamma': 0.6000000000000001}. Best is trial 948 with value: 0.6253776725323332.
[I 2023-10-11 06:42:27,261] Trial 950 finished with value: 0.6215973941011956 and parameters: {'w0': 0.217, 'w1': 0.6900000000000001, 'w2': 0.159, 'w3': 0.649, 'w4': 0.916, 'w5': 0.297, 'w6': 0.981, 'w7': 0.139, 'w8': 0.652, 'max_depth': 6, 'min_child_weight': 4, 'subsample': 0.9000000000000001, 'colsample_bytree': 0.9000000000000001, 'gamma': 1.0}. Best is trial 948 with value: 0.6253776725323332.
[I 2023-10-11 06:44:26,801] Trial 951 finished with value: 0.6215771614946528 and parameters: {'w0': 0.222, 'w1': 0.6940000000000001, 'w2': 0.20900000000000002, 'w3': 0.586, 'w4': 0.922, 'w5': 0.298, 'w6': 0.983, 'w7': 0.16, 'w8': 0.639, 'max_depth': 6, 'min_child_weight': 4, 'subsample': 0.9000000000000001, 'colsample_bytree': 0.9000000000000001, 'gamma': 1.0}. Best is trial 948 with value: 0.6253776725323332.
[I 2023-10-11 06:44:35,623] Trial 952 finished with value: 0.6216638605223392 and parameters: {'w0': 0.212, 'w1': 0.6950000000000001, 'w2': 0.19, 'w3': 0.615, 'w4': 0.918, 'w5': 0.304, 'w6': 0.982, 'w7': 0.182, 'w8': 0.616, 'max_depth': 6, 'min_child_weight': 4, 'subsample': 0.9000000000000001, 'colsample_bytree': 0.9000000000000001, 'gamma': 1.0}. Best is trial 948 with value: 0.6253776725323332.
[I 2023-10-11 06:45:21,979] Trial 949 finished with value: 0.6158233148166099 and parameters: {'w0': 0.226, 'w1': 0.6900000000000001, 'w2': 0.138, 'w3': 0.552, 'w4': 0.902, 'w5': 0.294, 'w6': 0.982, 'w7': 0.171, 'w8': 0.624, 'max_depth': 6, 'min_child_weight': 4, 'subsample': 0.9000000000000001, 'colsample_bytree': 0.9000000000000001, 'gamma': 0.6000000000000001}. Best is trial 948 with value: 0.6253776725323332.
[I 2023-10-11 06:45:56,622] Trial 954 finished with value: 0.6127843344582412 and parameters: {'w0': 0.225, 'w1': 0.214, 'w2': 0.194, 'w3': 0.539, 'w4': 0.917, 'w5': 0.296, 'w6': 0.989, 'w7': 0.182, 'w8': 0.641, 'max_depth': 6, 'min_child_weight': 4, 'subsample': 0.9000000000000001, 'colsample_bytree': 0.9000000000000001, 'gamma': 0.8}. Best is trial 948 with value: 0.6253776725323332.
[I 2023-10-11 06:47:13,668] Trial 957 finished with value: 0.6190588650439101 and parameters: {'w0': 0.211, 'w1': 0.686, 'w2': 0.198, 'w3': 0.535, 'w4': 0.879, 'w5': 0.3, 'w6': 1.0, 'w7': 0.134, 'w8': 0.599, 'max_depth': 6, 'min_child_weight': 4, 'subsample': 0.9000000000000001, 'colsample_bytree': 0.9000000000000001, 'gamma': 1.0}. Best is trial 948 with value: 0.6253776725323332.
[I 2023-10-11 06:47:17,844] Trial 956 finished with value: 0.6155102180217182 and parameters: {'w0': 0.222, 'w1': 0.6990000000000001, 'w2': 0.157, 'w3': 0.602, 'w4': 0.897, 'w5': 0.312, 'w6': 0.996, 'w7': 0.189, 'w8': 0.622, 'max_depth': 6, 'min_child_weight': 4, 'subsample': 0.9000000000000001, 'colsample_bytree': 0.9000000000000001, 'gamma': 1.0}. Best is trial 948 with value: 0.6253776725323332.
[I 2023-10-11 06:47:19,089] Trial 958 finished with value: 0.6182793229981315 and parameters: {'w0': 0.202, 'w1': 0.6920000000000001, 'w2': 0.191, 'w3': 0.499, 'w4': 0.887, 'w5': 0.279, 'w6': 0.8190000000000001, 'w7': 0.137, 'w8': 0.619, 'max_depth': 6, 'min_child_weight': 4, 'subsample': 0.9000000000000001, 'colsample_bytree': 0.9000000000000001, 'gamma': 1.0}. Best is trial 948 with value: 0.6253776725323332.
[I 2023-10-11 06:48:27,619] Trial 953 finished with value: 0.62194347721939 and parameters: {'w0': 0.214, 'w1': 0.6910000000000001, 'w2': 0.17400000000000002, 'w3': 0.587, 'w4': 0.908, 'w5': 0.301, 'w6': 0.984, 'w7': 0.154, 'w8': 0.602, 'max_depth': 6, 'min_child_weight': 4, 'subsample': 0.9000000000000001, 'colsample_bytree': 0.9000000000000001, 'gamma': 0.6000000000000001}. Best is trial 948 with value: 0.6253776725323332.
[I 2023-10-11 06:49:10,232] Trial 961 finished with value: 0.612971337322702 and parameters: {'w0': 0.20600000000000002, 'w1': 0.7010000000000001, 'w2': 0.198, 'w3': 0.53, 'w4': 0.884, 'w5': 0.299, 'w6': 0.985, 'w7': 0.135, 'w8': 0.608, 'max_depth': 6, 'min_child_weight': 4, 'subsample': 0.9000000000000001, 'colsample_bytree': 0.9000000000000001, 'gamma': 1.0}. Best is trial 948 with value: 0.6253776725323332.
[I 2023-10-11 06:49:19,881] Trial 959 finished with value: 0.624747425226184 and parameters: {'w0': 0.20600000000000002, 'w1': 0.6940000000000001, 'w2': 0.157, 'w3': 0.561, 'w4': 0.882, 'w5': 0.295, 'w6': 0.984, 'w7': 0.147, 'w8': 0.61, 'max_depth': 6, 'min_child_weight': 4, 'subsample': 0.9000000000000001, 'colsample_bytree': 0.9000000000000001, 'gamma': 0.8}. Best is trial 948 with value: 0.6253776725323332.
[I 2023-10-11 06:49:41,219] Trial 955 finished with value: 0.623638879952379 and parameters: {'w0': 0.219, 'w1': 0.687, 'w2': 0.20600000000000002, 'w3': 0.584, 'w4': 0.902, 'w5': 0.295, 'w6': 0.999, 'w7': 0.14400000000000002, 'w8': 0.603, 'max_depth': 6, 'min_child_weight': 4, 'subsample': 0.9000000000000001, 'colsample_bytree': 0.9000000000000001, 'gamma': 0.6000000000000001}. Best is trial 948 with value: 0.6253776725323332.
[I 2023-10-11 06:52:12,828] Trial 962 finished with value: 0.623920646900527 and parameters: {'w0': 0.212, 'w1': 0.6890000000000001, 'w2': 0.159, 'w3': 0.588, 'w4': 0.88, 'w5': 0.28600000000000003, 'w6': 0.984, 'w7': 0.155, 'w8': 0.591, 'max_depth': 6, 'min_child_weight': 4, 'subsample': 0.9000000000000001, 'colsample_bytree': 0.9000000000000001, 'gamma': 1.0}. Best is trial 948 with value: 0.6253776725323332.
[I 2023-10-11 06:52:35,183] Trial 960 finished with value: 0.6263637785842772 and parameters: {'w0': 0.20700000000000002, 'w1': 0.6910000000000001, 'w2': 0.166, 'w3': 0.544, 'w4': 0.879, 'w5': 0.305, 'w6': 1.0, 'w7': 0.139, 'w8': 0.621, 'max_depth': 6, 'min_child_weight': 4, 'subsample': 0.9000000000000001, 'colsample_bytree': 0.9000000000000001, 'gamma': 0.6000000000000001}. Best is trial 960 with value: 0.6263637785842772.
[I 2023-10-11 06:54:04,291] Trial 963 finished with value: 0.620186740703943 and parameters: {'w0': 0.217, 'w1': 0.6930000000000001, 'w2': 0.197, 'w3': 0.59, 'w4': 0.868, 'w5': 0.28700000000000003, 'w6': 0.984, 'w7': 0.153, 'w8': 0.61, 'max_depth': 6, 'min_child_weight': 4, 'subsample': 0.9000000000000001, 'colsample_bytree': 0.9000000000000001, 'gamma': 1.0}. Best is trial 960 with value: 0.6263637785842772.
[I 2023-10-11 06:56:52,794] Trial 964 finished with value: 0.6221411876357832 and parameters: {'w0': 0.213, 'w1': 0.7040000000000001, 'w2': 0.17400000000000002, 'w3': 0.597, 'w4': 0.887, 'w5': 0.29, 'w6': 0.986, 'w7': 0.14400000000000002, 'w8': 0.599, 'max_depth': 6, 'min_child_weight': 4, 'subsample': 0.9000000000000001, 'colsample_bytree': 0.9000000000000001, 'gamma': 1.0}. Best is trial 960 with value: 0.6263637785842772.
[I 2023-10-11 06:57:51,842] Trial 965 finished with value: 0.6205952034563843 and parameters: {'w0': 0.20400000000000001, 'w1': 0.754, 'w2': 0.158, 'w3': 0.591, 'w4': 0.875, 'w5': 0.28900000000000003, 'w6': 0.986, 'w7': 0.14300000000000002, 'w8': 0.606, 'max_depth': 6, 'min_child_weight': 4, 'subsample': 0.9000000000000001, 'colsample_bytree': 0.9000000000000001, 'gamma': 1.0}. Best is trial 960 with value: 0.6263637785842772.
[I 2023-10-11 06:58:54,468] Trial 967 finished with value: 0.6219263183829747 and parameters: {'w0': 0.20600000000000002, 'w1': 0.759, 'w2': 0.14500000000000002, 'w3': 0.5740000000000001, 'w4': 0.88, 'w5': 0.292, 'w6': 0.984, 'w7': 0.13, 'w8': 0.5680000000000001, 'max_depth': 6, 'min_child_weight': 4, 'subsample': 0.9000000000000001, 'colsample_bytree': 0.9000000000000001, 'gamma': 1.2000000000000002}. Best is trial 960 with value: 0.6263637785842772.
[I 2023-10-11 06:59:22,484] Trial 966 finished with value: 0.6228028840675988 and parameters: {'w0': 0.20400000000000001, 'w1': 0.706, 'w2': 0.171, 'w3': 0.529, 'w4': 0.874, 'w5': 0.29, 'w6': 0.985, 'w7': 0.13, 'w8': 0.595, 'max_depth': 6, 'min_child_weight': 4, 'subsample': 0.9000000000000001, 'colsample_bytree': 0.9000000000000001, 'gamma': 1.0}. Best is trial 960 with value: 0.6263637785842772.
[I 2023-10-11 07:00:13,297] Trial 969 finished with value: 0.6233523140781436 and parameters: {'w0': 0.20400000000000001, 'w1': 0.733, 'w2': 0.157, 'w3': 0.5770000000000001, 'w4': 0.89, 'w5': 0.264, 'w6': 0.998, 'w7': 0.14300000000000002, 'w8': 0.593, 'max_depth': 6, 'min_child_weight': 4, 'subsample': 0.9000000000000001, 'colsample_bytree': 0.9000000000000001, 'gamma': 1.2000000000000002}. Best is trial 960 with value: 0.6263637785842772.
[I 2023-10-11 07:00:42,791] Trial 968 finished with value: 0.622159292012355 and parameters: {'w0': 0.214, 'w1': 0.744, 'w2': 0.162, 'w3': 0.588, 'w4': 0.882, 'w5': 0.274, 'w6': 0.988, 'w7': 0.135, 'w8': 0.5630000000000001, 'max_depth': 6, 'min_child_weight': 4, 'subsample': 0.9000000000000001, 'colsample_bytree': 0.9000000000000001, 'gamma': 1.0}. Best is trial 960 with value: 0.6263637785842772.
[I 2023-10-11 07:01:37,390] Trial 970 finished with value: 0.6211626341718969 and parameters: {'w0': 0.21, 'w1': 0.758, 'w2': 0.167, 'w3': 0.581, 'w4': 0.879, 'w5': 0.261, 'w6': 0.983, 'w7': 0.127, 'w8': 0.596, 'max_depth': 6, 'min_child_weight': 4, 'subsample': 0.9000000000000001, 'colsample_bytree': 0.9000000000000001, 'gamma': 1.2000000000000002}. Best is trial 960 with value: 0.6263637785842772.
[I 2023-10-11 07:01:54,121] Trial 972 finished with value: 0.6186622176233821 and parameters: {'w0': 0.215, 'w1': 0.706, 'w2': 0.171, 'w3': 0.584, 'w4': 0.883, 'w5': 0.265, 'w6': 0.985, 'w7': 0.14100000000000001, 'w8': 0.5710000000000001, 'max_depth': 6, 'min_child_weight': 4, 'subsample': 0.9000000000000001, 'colsample_bytree': 0.9000000000000001, 'gamma': 1.2000000000000002}. Best is trial 960 with value: 0.6263637785842772.
[I 2023-10-11 07:02:54,370] Trial 974 finished with value: 0.6002956813991583 and parameters: {'w0': 0.203, 'w1': 0.754, 'w2': 0.167, 'w3': 0.584, 'w4': 0.901, 'w5': 0.265, 'w6': 0.984, 'w7': 0.084, 'w8': 0.592, 'max_depth': 6, 'min_child_weight': 4, 'subsample': 0.9000000000000001, 'colsample_bytree': 0.9000000000000001, 'gamma': 1.4000000000000001}. Best is trial 960 with value: 0.6263637785842772.
[I 2023-10-11 07:02:57,371] Trial 971 finished with value: 0.6255168259325424 and parameters: {'w0': 0.20400000000000001, 'w1': 0.706, 'w2': 0.177, 'w3': 0.581, 'w4': 0.873, 'w5': 0.271, 'w6': 0.983, 'w7': 0.14400000000000002, 'w8': 0.6, 'max_depth': 6, 'min_child_weight': 4, 'subsample': 0.9000000000000001, 'colsample_bytree': 0.9000000000000001, 'gamma': 1.0}. Best is trial 960 with value: 0.6263637785842772.
[I 2023-10-11 07:02:58,289] Trial 973 finished with value: 0.6232447757637849 and parameters: {'w0': 0.197, 'w1': 0.741, 'w2': 0.163, 'w3': 0.581, 'w4': 0.876, 'w5': 0.267, 'w6': 0.983, 'w7': 0.149, 'w8': 0.581, 'max_depth': 6, 'min_child_weight': 4, 'subsample': 0.9000000000000001, 'colsample_bytree': 0.9000000000000001, 'gamma': 1.2000000000000002}. Best is trial 960 with value: 0.6263637785842772.
[I 2023-10-11 07:03:47,585] Trial 975 finished with value: 0.621876292001712 and parameters: {'w0': 0.20500000000000002, 'w1': 0.756, 'w2': 0.17300000000000001, 'w3': 0.581, 'w4': 0.871, 'w5': 0.268, 'w6': 0.984, 'w7': 0.158, 'w8': 0.5640000000000001, 'max_depth': 6, 'min_child_weight': 4, 'subsample': 0.9000000000000001, 'colsample_bytree': 0.9000000000000001, 'gamma': 1.2000000000000002}. Best is trial 960 with value: 0.6263637785842772.
[I 2023-10-11 07:04:23,851] Trial 976 finished with value: 0.6183176238155484 and parameters: {'w0': 0.20900000000000002, 'w1': 0.75, 'w2': 0.153, 'w3': 0.58, 'w4': 0.871, 'w5': 0.264, 'w6': 0.998, 'w7': 0.148, 'w8': 0.5680000000000001, 'max_depth': 6, 'min_child_weight': 4, 'subsample': 0.9000000000000001, 'colsample_bytree': 0.9000000000000001, 'gamma': 1.2000000000000002}. Best is trial 960 with value: 0.6263637785842772.
[I 2023-10-11 07:06:42,502] Trial 977 finished with value: 0.6213012504713444 and parameters: {'w0': 0.201, 'w1': 0.754, 'w2': 0.17200000000000001, 'w3': 0.5730000000000001, 'w4': 0.872, 'w5': 0.271, 'w6': 0.998, 'w7': 0.159, 'w8': 0.5680000000000001, 'max_depth': 6, 'min_child_weight': 4, 'subsample': 0.9000000000000001, 'colsample_bytree': 0.9000000000000001, 'gamma': 1.2000000000000002}. Best is trial 960 with value: 0.6263637785842772.
[I 2023-10-11 07:07:29,623] Trial 978 finished with value: 0.6189675267828696 and parameters: {'w0': 0.199, 'w1': 0.746, 'w2': 0.17, 'w3': 0.5730000000000001, 'w4': 0.868, 'w5': 0.273, 'w6': 0.995, 'w7': 0.117, 'w8': 0.5650000000000001, 'max_depth': 6, 'min_child_weight': 4, 'subsample': 0.9000000000000001, 'colsample_bytree': 0.9000000000000001, 'gamma': 1.0}. Best is trial 960 with value: 0.6263637785842772.
[I 2023-10-11 07:08:33,748] Trial 979 finished with value: 0.611215456125904 and parameters: {'w0': 0.197, 'w1': 0.744, 'w2': 0.165, 'w3': 0.5750000000000001, 'w4': 0.872, 'w5': 0.26, 'w6': 0.998, 'w7': 0.1, 'w8': 0.556, 'max_depth': 6, 'min_child_weight': 4, 'subsample': 0.9000000000000001, 'colsample_bytree': 0.9000000000000001, 'gamma': 1.0}. Best is trial 960 with value: 0.6263637785842772.
[I 2023-10-11 07:10:26,642] Trial 980 finished with value: 0.6173116900792095 and parameters: {'w0': 0.199, 'w1': 0.755, 'w2': 0.168, 'w3': 0.583, 'w4': 0.87, 'w5': 0.28300000000000003, 'w6': 0.99, 'w7': 0.124, 'w8': 0.5630000000000001, 'max_depth': 6, 'min_child_weight': 4, 'subsample': 0.9000000000000001, 'colsample_bytree': 0.9000000000000001, 'gamma': 1.2000000000000002}. Best is trial 960 with value: 0.6263637785842772.
[I 2023-10-11 07:11:19,488] Trial 981 finished with value: 0.6105865478196605 and parameters: {'w0': 0.197, 'w1': 0.749, 'w2': 0.11900000000000001, 'w3': 0.5720000000000001, 'w4': 0.866, 'w5': 0.265, 'w6': 0.991, 'w7': 0.089, 'w8': 0.6, 'max_depth': 6, 'min_child_weight': 4, 'subsample': 0.9000000000000001, 'colsample_bytree': 0.9000000000000001, 'gamma': 1.2000000000000002}. Best is trial 960 with value: 0.6263637785842772.
[I 2023-10-11 07:11:33,342] Trial 982 finished with value: 0.6151692900396771 and parameters: {'w0': 0.196, 'w1': 0.75, 'w2': 0.115, 'w3': 0.5670000000000001, 'w4': 0.875, 'w5': 0.258, 'w6': 0.997, 'w7': 0.099, 'w8': 0.583, 'max_depth': 6, 'min_child_weight': 4, 'subsample': 0.9000000000000001, 'colsample_bytree': 0.9000000000000001, 'gamma': 1.4000000000000001}. Best is trial 960 with value: 0.6263637785842772.
[I 2023-10-11 07:12:36,497] Trial 983 finished with value: 0.6091883902407049 and parameters: {'w0': 0.2, 'w1': 0.749, 'w2': 0.124, 'w3': 0.5700000000000001, 'w4': 0.869, 'w5': 0.257, 'w6': 1.0, 'w7': 0.094, 'w8': 0.5710000000000001, 'max_depth': 6, 'min_child_weight': 4, 'subsample': 0.9000000000000001, 'colsample_bytree': 0.9000000000000001, 'gamma': 1.2000000000000002}. Best is trial 960 with value: 0.6263637785842772.
[I 2023-10-11 07:13:20,531] Trial 984 finished with value: 0.6165114875742389 and parameters: {'w0': 0.198, 'w1': 0.751, 'w2': 0.126, 'w3': 0.5730000000000001, 'w4': 0.865, 'w5': 0.254, 'w6': 1.0, 'w7': 0.11800000000000001, 'w8': 0.5770000000000001, 'max_depth': 6, 'min_child_weight': 4, 'subsample': 0.9000000000000001, 'colsample_bytree': 0.9000000000000001, 'gamma': 1.4000000000000001}. Best is trial 960 with value: 0.6263637785842772.
[I 2023-10-11 07:13:47,385] Trial 985 finished with value: 0.6078321803260555 and parameters: {'w0': 0.194, 'w1': 0.751, 'w2': 0.131, 'w3': 0.5670000000000001, 'w4': 0.863, 'w5': 0.28, 'w6': 0.999, 'w7': 0.091, 'w8': 0.541, 'max_depth': 6, 'min_child_weight': 4, 'subsample': 0.9000000000000001, 'colsample_bytree': 0.9000000000000001, 'gamma': 1.2000000000000002}. Best is trial 960 with value: 0.6263637785842772.
[I 2023-10-11 07:14:08,868] Trial 986 finished with value: 0.6188516438878923 and parameters: {'w0': 0.196, 'w1': 0.746, 'w2': 0.124, 'w3': 0.559, 'w4': 0.868, 'w5': 0.28, 'w6': 0.999, 'w7': 0.112, 'w8': 0.586, 'max_depth': 6, 'min_child_weight': 4, 'subsample': 0.9000000000000001, 'colsample_bytree': 0.9000000000000001, 'gamma': 1.4000000000000001}. Best is trial 960 with value: 0.6263637785842772.
[I 2023-10-11 07:14:28,879] Trial 987 finished with value: 0.6164888455818439 and parameters: {'w0': 0.197, 'w1': 0.738, 'w2': 0.13, 'w3': 0.5630000000000001, 'w4': 0.867, 'w5': 0.258, 'w6': 0.997, 'w7': 0.112, 'w8': 0.554, 'max_depth': 6, 'min_child_weight': 4, 'subsample': 0.9000000000000001, 'colsample_bytree': 0.9000000000000001, 'gamma': 1.4000000000000001}. Best is trial 960 with value: 0.6263637785842772.
[I 2023-10-11 07:15:22,277] Trial 989 finished with value: 0.6113120074249696 and parameters: {'w0': 0.18, 'w1': 0.772, 'w2': 0.137, 'w3': 0.554, 'w4': 0.866, 'w5': 0.261, 'w6': 0.991, 'w7': 0.10300000000000001, 'w8': 0.555, 'max_depth': 6, 'min_child_weight': 4, 'subsample': 0.9000000000000001, 'colsample_bytree': 0.9000000000000001, 'gamma': 1.4000000000000001}. Best is trial 960 with value: 0.6263637785842772.
[I 2023-10-11 07:15:32,276] Trial 990 finished with value: 0.617762455084455 and parameters: {'w0': 0.17200000000000001, 'w1': 0.732, 'w2': 0.122, 'w3': 0.522, 'w4': 0.862, 'w5': 0.256, 'w6': 0.994, 'w7': 0.115, 'w8': 0.556, 'max_depth': 6, 'min_child_weight': 4, 'subsample': 0.9000000000000001, 'colsample_bytree': 0.9000000000000001, 'gamma': 1.4000000000000001}. Best is trial 960 with value: 0.6263637785842772.
[I 2023-10-11 07:16:08,606] Trial 988 finished with value: 0.6144076587303444 and parameters: {'w0': 0.179, 'w1': 0.771, 'w2': 0.137, 'w3': 0.5640000000000001, 'w4': 0.867, 'w5': 0.262, 'w6': 1.0, 'w7': 0.10300000000000001, 'w8': 0.554, 'max_depth': 6, 'min_child_weight': 4, 'subsample': 0.9000000000000001, 'colsample_bytree': 0.9000000000000001, 'gamma': 1.2000000000000002}. Best is trial 960 with value: 0.6263637785842772.
[I 2023-10-11 07:16:38,876] Trial 991 finished with value: 0.6130855467209755 and parameters: {'w0': 0.169, 'w1': 0.75, 'w2': 0.114, 'w3': 0.56, 'w4': 0.865, 'w5': 0.266, 'w6': 0.995, 'w7': 0.127, 'w8': 0.544, 'max_depth': 6, 'min_child_weight': 4, 'subsample': 0.9000000000000001, 'colsample_bytree': 0.9000000000000001, 'gamma': 1.4000000000000001}. Best is trial 960 with value: 0.6263637785842772.
