[I 2023-10-13 11:03:00,179] Trial 176 finished with value: 0.49491399621427107 and parameters: {'w0': 0.462, 'w1': 0.889, 'w2': 0.501, 'w3': 0.337, 'w4': 0.551, 'w5': 0.165, 'w6': 0.803, 'w7': 0.395, 'w8': 0.601, 'max_depth': 8, 'min_child_weight': 2, 'subsample': 0.8, 'colsample_bytree': 0.5, 'gamma': 1.8}. Best is trial 167 with value: 0.5034846211737725.
[I 2023-10-13 11:03:26,539] Trial 175 finished with value: 0.49383171044881663 and parameters: {'w0': 0.514, 'w1': 0.896, 'w2': 0.51, 'w3': 0.329, 'w4': 0.423, 'w5': 0.168, 'w6': 0.8280000000000001, 'w7': 0.396, 'w8': 0.599, 'max_depth': 7, 'min_child_weight': 0, 'subsample': 0.8, 'colsample_bytree': 0.5, 'gamma': 1.8}. Best is trial 167 with value: 0.5034846211737725.
[I 2023-10-13 11:04:17,292] Trial 177 finished with value: 0.49817073179555826 and parameters: {'w0': 0.41400000000000003, 'w1': 0.897, 'w2': 0.504, 'w3': 0.338, 'w4': 0.484, 'w5': 0.17, 'w6': 0.8140000000000001, 'w7': 0.406, 'w8': 0.597, 'max_depth': 7, 'min_child_weight': 2, 'subsample': 0.8, 'colsample_bytree': 0.5, 'gamma': 1.8}. Best is trial 167 with value: 0.5034846211737725.
[I 2023-10-13 11:04:18,042] Trial 178 finished with value: 0.49096618760354793 and parameters: {'w0': 0.447, 'w1': 0.964, 'w2': 0.512, 'w3': 0.342, 'w4': 0.47900000000000004, 'w5': 0.045, 'w6': 0.8330000000000001, 'w7': 0.393, 'w8': 0.599, 'max_depth': 7, 'min_child_weight': 4, 'subsample': 0.8, 'colsample_bytree': 0.5, 'gamma': 1.8}. Best is trial 167 with value: 0.5034846211737725.
[I 2023-10-13 11:04:23,479] Trial 174 finished with value: 0.4842356628005252 and parameters: {'w0': 0.457, 'w1': 0.888, 'w2': 0.504, 'w3': 0.34900000000000003, 'w4': 0.41700000000000004, 'w5': 0.169, 'w6': 0.8230000000000001, 'w7': 0.28900000000000003, 'w8': 0.599, 'max_depth': 7, 'min_child_weight': 20, 'subsample': 0.7, 'colsample_bytree': 0.5, 'gamma': 1.8}. Best is trial 167 with value: 0.5034846211737725.
[I 2023-10-13 11:04:24,444] Trial 171 finished with value: 0.4893000251016975 and parameters: {'w0': 0.511, 'w1': 0.9, 'w2': 0.508, 'w3': 0.34400000000000003, 'w4': 0.5650000000000001, 'w5': 0.057, 'w6': 0.8160000000000001, 'w7': 0.41100000000000003, 'w8': 0.591, 'max_depth': 8, 'min_child_weight': 8, 'subsample': 0.6000000000000001, 'colsample_bytree': 0.4, 'gamma': 1.8}. Best is trial 167 with value: 0.5034846211737725.
[I 2023-10-13 11:04:34,534] Trial 173 finished with value: 0.4946091853171778 and parameters: {'w0': 0.448, 'w1': 0.901, 'w2': 0.51, 'w3': 0.338, 'w4': 0.5700000000000001, 'w5': 0.164, 'w6': 0.9450000000000001, 'w7': 0.397, 'w8': 0.6, 'max_depth': 8, 'min_child_weight': 0, 'subsample': 0.8, 'colsample_bytree': 0.5, 'gamma': 1.6}. Best is trial 167 with value: 0.5034846211737725.
[I 2023-10-13 11:05:32,129] Trial 179 finished with value: 0.4931402284426154 and parameters: {'w0': 0.454, 'w1': 0.89, 'w2': 0.515, 'w3': 0.329, 'w4': 0.547, 'w5': 0.17200000000000001, 'w6': 0.807, 'w7': 0.394, 'w8': 0.7040000000000001, 'max_depth': 8, 'min_child_weight': 0, 'subsample': 0.8, 'colsample_bytree': 0.5, 'gamma': 1.8}. Best is trial 167 with value: 0.5034846211737725.
[I 2023-10-13 11:06:33,659] Trial 181 finished with value: 0.4963748410726276 and parameters: {'w0': 0.528, 'w1': 0.888, 'w2': 0.502, 'w3': 0.494, 'w4': 0.539, 'w5': 0.168, 'w6': 0.807, 'w7': 0.39, 'w8': 0.713, 'max_depth': 7, 'min_child_weight': 0, 'subsample': 0.8, 'colsample_bytree': 0.5, 'gamma': 2.0}. Best is trial 167 with value: 0.5034846211737725.
[I 2023-10-13 11:07:31,703] Trial 172 finished with value: 0.4852668232083205 and parameters: {'w0': 0.491, 'w1': 0.883, 'w2': 0.507, 'w3': 0.502, 'w4': 0.668, 'w5': 0.049, 'w6': 0.811, 'w7': 0.397, 'w8': 0.766, 'max_depth': 8, 'min_child_weight': 18, 'subsample': 0.30000000000000004, 'colsample_bytree': 0.5, 'gamma': 1.8}. Best is trial 167 with value: 0.5034846211737725.
[I 2023-10-13 11:09:04,594] Trial 183 finished with value: 0.49796735189645147 and parameters: {'w0': 0.455, 'w1': 0.982, 'w2': 0.39, 'w3': 0.524, 'w4': 0.551, 'w5': 0.162, 'w6': 0.8220000000000001, 'w7': 0.395, 'w8': 0.716, 'max_depth': 7, 'min_child_weight': 0, 'subsample': 0.6000000000000001, 'colsample_bytree': 0.5, 'gamma': 3.0}. Best is trial 167 with value: 0.5034846211737725.
[I 2023-10-13 11:10:54,193] Trial 185 finished with value: 0.49590147259288264 and parameters: {'w0': 0.468, 'w1': 0.883, 'w2': 0.382, 'w3': 0.487, 'w4': 0.512, 'w5': 0.163, 'w6': 0.9440000000000001, 'w7': 0.401, 'w8': 0.714, 'max_depth': 7, 'min_child_weight': 0, 'subsample': 0.7, 'colsample_bytree': 0.5, 'gamma': 3.0}. Best is trial 167 with value: 0.5034846211737725.
[I 2023-10-13 11:15:12,690] Trial 189 finished with value: 0.49919257117587 and parameters: {'w0': 0.502, 'w1': 0.884, 'w2': 0.376, 'w3': 0.47500000000000003, 'w4': 0.487, 'w5': 0.11800000000000001, 'w6': 0.812, 'w7': 0.383, 'w8': 0.7040000000000001, 'max_depth': 7, 'min_child_weight': 0, 'subsample': 0.8, 'colsample_bytree': 0.5, 'gamma': 2.0}. Best is trial 167 with value: 0.5034846211737725.
[I 2023-10-13 11:15:20,628] Trial 184 finished with value: 0.4885212650878768 and parameters: {'w0': 0.437, 'w1': 0.9580000000000001, 'w2': 0.754, 'w3': 0.521, 'w4': 0.537, 'w5': 0.054, 'w6': 0.8150000000000001, 'w7': 0.383, 'w8': 0.717, 'max_depth': 7, 'min_child_weight': 0, 'subsample': 0.7, 'colsample_bytree': 0.5, 'gamma': 1.6}. Best is trial 167 with value: 0.5034846211737725.
[I 2023-10-13 11:15:46,917] Trial 193 finished with value: 0.468979999714954 and parameters: {'w0': 0.48000000000000004, 'w1': 0.879, 'w2': 0.314, 'w3': 0.503, 'w4': 0.495, 'w5': 0.20500000000000002, 'w6': 0.791, 'w7': 0.341, 'w8': 0.14200000000000002, 'max_depth': 7, 'min_child_weight': 0, 'subsample': 0.8, 'colsample_bytree': 0.5, 'gamma': 2.0}. Best is trial 167 with value: 0.5034846211737725.
[I 2023-10-13 11:16:01,727] Trial 188 finished with value: 0.4960761268729212 and parameters: {'w0': 0.498, 'w1': 0.877, 'w2': 0.391, 'w3': 0.508, 'w4': 0.522, 'w5': 0.048, 'w6': 0.933, 'w7': 0.333, 'w8': 0.709, 'max_depth': 8, 'min_child_weight': 0, 'subsample': 0.7, 'colsample_bytree': 0.5, 'gamma': 2.0}. Best is trial 167 with value: 0.5034846211737725.
[I 2023-10-13 11:16:09,076] Trial 192 finished with value: 0.4918235319072736 and parameters: {'w0': 0.492, 'w1': 0.88, 'w2': 0.382, 'w3': 0.276, 'w4': 0.496, 'w5': 0.20800000000000002, 'w6': 0.9490000000000001, 'w7': 0.341, 'w8': 0.7000000000000001, 'max_depth': 6, 'min_child_weight': 0, 'subsample': 0.8, 'colsample_bytree': 0.5, 'gamma': 2.0}. Best is trial 167 with value: 0.5034846211737725.
[I 2023-10-13 11:16:35,149] Trial 190 finished with value: 0.5009633774364334 and parameters: {'w0': 0.47500000000000003, 'w1': 0.873, 'w2': 0.38, 'w3': 0.498, 'w4': 0.499, 'w5': 0.20500000000000002, 'w6': 0.9540000000000001, 'w7': 0.374, 'w8': 0.917, 'max_depth': 7, 'min_child_weight': 0, 'subsample': 0.8, 'colsample_bytree': 0.5, 'gamma': 2.0}. Best is trial 167 with value: 0.5034846211737725.
[I 2023-10-13 11:16:56,811] Trial 194 finished with value: 0.493717188592608 and parameters: {'w0': 0.543, 'w1': 0.877, 'w2': 0.389, 'w3': 0.271, 'w4': 0.47200000000000003, 'w5': 0.20600000000000002, 'w6': 0.933, 'w7': 0.376, 'w8': 0.7000000000000001, 'max_depth': 7, 'min_child_weight': 0, 'subsample': 0.8, 'colsample_bytree': 0.5, 'gamma': 2.0}. Best is trial 167 with value: 0.5034846211737725.
[I 2023-10-13 11:17:39,118] Trial 195 finished with value: 0.49167094113808574 and parameters: {'w0': 0.492, 'w1': 0.878, 'w2': 0.372, 'w3': 0.28600000000000003, 'w4': 0.53, 'w5': 0.2, 'w6': 0.783, 'w7': 0.373, 'w8': 0.7030000000000001, 'max_depth': 7, 'min_child_weight': 0, 'subsample': 0.8, 'colsample_bytree': 0.5, 'gamma': 2.0}. Best is trial 167 with value: 0.5034846211737725.
[I 2023-10-13 11:17:54,008] Trial 191 finished with value: 0.4971934153025107 and parameters: {'w0': 0.519, 'w1': 0.884, 'w2': 0.391, 'w3': 0.514, 'w4': 0.433, 'w5': 0.20400000000000001, 'w6': 0.796, 'w7': 0.371, 'w8': 0.637, 'max_depth': 7, 'min_child_weight': 0, 'subsample': 0.8, 'colsample_bytree': 0.5, 'gamma': 1.6}. Best is trial 167 with value: 0.5034846211737725.
[I 2023-10-13 11:18:52,824] Trial 196 finished with value: 0.4962467713206801 and parameters: {'w0': 0.48000000000000004, 'w1': 0.878, 'w2': 0.375, 'w3': 0.501, 'w4': 0.495, 'w5': 0.20900000000000002, 'w6': 0.9600000000000001, 'w7': 0.376, 'w8': 0.644, 'max_depth': 7, 'min_child_weight': 0, 'subsample': 0.8, 'colsample_bytree': 0.5, 'gamma': 2.0}. Best is trial 167 with value: 0.5034846211737725.
[I 2023-10-13 11:19:41,491] Trial 198 finished with value: 0.4914610235519015 and parameters: {'w0': 0.47700000000000004, 'w1': 0.877, 'w2': 0.396, 'w3': 0.29, 'w4': 0.606, 'w5': 0.117, 'w6': 0.9550000000000001, 'w7': 0.332, 'w8': 0.6980000000000001, 'max_depth': 7, 'min_child_weight': 0, 'subsample': 0.8, 'colsample_bytree': 0.5, 'gamma': 2.8000000000000003}. Best is trial 167 with value: 0.5034846211737725.
[I 2023-10-13 11:19:48,781] Trial 197 finished with value: 0.4933357875325212 and parameters: {'w0': 0.547, 'w1': 0.873, 'w2': 0.388, 'w3': 0.27, 'w4': 0.53, 'w5': 0.202, 'w6': 0.929, 'w7': 0.336, 'w8': 0.6960000000000001, 'max_depth': 7, 'min_child_weight': 0, 'subsample': 0.8, 'colsample_bytree': 0.5, 'gamma': 2.0}. Best is trial 167 with value: 0.5034846211737725.
[I 2023-10-13 11:20:17,567] Trial 182 finished with value: 0.4963766375461039 and parameters: {'w0': 0.43, 'w1': 0.243, 'w2': 0.505, 'w3': 0.34600000000000003, 'w4': 0.523, 'w5': 0.158, 'w6': 0.812, 'w7': 0.372, 'w8': 0.595, 'max_depth': 7, 'min_child_weight': 0, 'subsample': 0.6000000000000001, 'colsample_bytree': 0.5, 'gamma': 0.6000000000000001}. Best is trial 167 with value: 0.5034846211737725.
[I 2023-10-13 11:21:58,029] Trial 199 finished with value: 0.492182167710018 and parameters: {'w0': 0.545, 'w1': 0.999, 'w2': 0.339, 'w3': 0.304, 'w4': 0.531, 'w5': 0.203, 'w6': 0.9500000000000001, 'w7': 0.332, 'w8': 0.6990000000000001, 'max_depth': 7, 'min_child_weight': 0, 'subsample': 0.8, 'colsample_bytree': 0.5, 'gamma': 2.8000000000000003}. Best is trial 167 with value: 0.5034846211737725.
[I 2023-10-13 11:24:43,976] Trial 186 finished with value: 0.49866153628665544 and parameters: {'w0': 0.453, 'w1': 0.989, 'w2': 0.39, 'w3': 0.5, 'w4': 0.33, 'w5': 0.045, 'w6': 0.9400000000000001, 'w7': 0.395, 'w8': 0.6970000000000001, 'max_depth': 7, 'min_child_weight': 0, 'subsample': 0.7, 'colsample_bytree': 0.5, 'gamma': 0.6000000000000001}. Best is trial 167 with value: 0.5034846211737725.
[I 2023-10-13 11:25:11,340] Trial 187 finished with value: 0.5003744301362761 and parameters: {'w0': 0.538, 'w1': 0.879, 'w2': 0.457, 'w3': 0.47200000000000003, 'w4': 0.487, 'w5': 0.055, 'w6': 0.9480000000000001, 'w7': 0.393, 'w8': 0.72, 'max_depth': 8, 'min_child_weight': 10, 'subsample': 0.7, 'colsample_bytree': 0.5, 'gamma': 0.6000000000000001}. Best is trial 167 with value: 0.5034846211737725.
[I 2023-10-13 11:25:50,552] Trial 200 finished with value: 0.4904565539908036 and parameters: {'w0': 0.524, 'w1': 0.999, 'w2': 0.369, 'w3': 0.28400000000000003, 'w4': 0.499, 'w5': 0.20400000000000001, 'w6': 0.93, 'w7': 0.335, 'w8': 0.6970000000000001, 'max_depth': 7, 'min_child_weight': 0, 'subsample': 0.8, 'colsample_bytree': 0.5, 'gamma': 3.0}. Best is trial 167 with value: 0.5034846211737725.
[I 2023-10-13 11:26:23,923] Trial 202 finished with value: 0.48683511943065766 and parameters: {'w0': 0.553, 'w1': 0.881, 'w2': 0.379, 'w3': 0.294, 'w4': 0.627, 'w5': 0.11900000000000001, 'w6': 0.984, 'w7': 0.326, 'w8': 0.7030000000000001, 'max_depth': 7, 'min_child_weight': 0, 'subsample': 0.8, 'colsample_bytree': 0.5, 'gamma': 3.0}. Best is trial 167 with value: 0.5034846211737725.
[I 2023-10-13 11:26:34,295] Trial 203 finished with value: 0.48929311731186864 and parameters: {'w0': 0.538, 'w1': 0.989, 'w2': 0.371, 'w3': 0.291, 'w4': 0.487, 'w5': 0.116, 'w6': 0.972, 'w7': 0.366, 'w8': 0.735, 'max_depth': 7, 'min_child_weight': 0, 'subsample': 0.8, 'colsample_bytree': 0.5, 'gamma': 3.0}. Best is trial 167 with value: 0.5034846211737725.
[I 2023-10-13 11:26:50,206] Trial 204 finished with value: 0.4915755081680132 and parameters: {'w0': 0.552, 'w1': 0.979, 'w2': 0.376, 'w3': 0.297, 'w4': 0.528, 'w5': 0.151, 'w6': 0.992, 'w7': 0.367, 'w8': 0.7010000000000001, 'max_depth': 7, 'min_child_weight': 0, 'subsample': 0.8, 'colsample_bytree': 0.5, 'gamma': 3.0}. Best is trial 167 with value: 0.5034846211737725.
[I 2023-10-13 11:27:04,459] Trial 205 finished with value: 0.4874662555625382 and parameters: {'w0': 0.528, 'w1': 0.999, 'w2': 0.343, 'w3': 0.305, 'w4': 0.522, 'w5': 0.127, 'w6': 0.973, 'w7': 0.374, 'w8': 0.6980000000000001, 'max_depth': 7, 'min_child_weight': 0, 'subsample': 0.8, 'colsample_bytree': 0.5, 'gamma': 3.0}. Best is trial 167 with value: 0.5034846211737725.
[I 2023-10-13 11:27:47,569] Trial 207 finished with value: 0.4877646184612073 and parameters: {'w0': 0.541, 'w1': 0.217, 'w2': 0.338, 'w3': 0.47600000000000003, 'w4': 0.59, 'w5': 0.111, 'w6': 0.963, 'w7': 0.324, 'w8': 0.767, 'max_depth': 7, 'min_child_weight': 0, 'subsample': 0.8, 'colsample_bytree': 0.5, 'gamma': 3.0}. Best is trial 167 with value: 0.5034846211737725.
[I 2023-10-13 11:27:52,553] Trial 201 finished with value: 0.4926991586256769 and parameters: {'w0': 0.535, 'w1': 0.985, 'w2': 0.372, 'w3': 0.274, 'w4': 0.492, 'w5': 0.20400000000000001, 'w6': 0.967, 'w7': 0.332, 'w8': 0.7030000000000001, 'max_depth': 7, 'min_child_weight': 0, 'subsample': 0.8, 'colsample_bytree': 0.5, 'gamma': 2.0}. Best is trial 167 with value: 0.5034846211737725.
[I 2023-10-13 11:28:04,646] Trial 206 finished with value: 0.49670270213507667 and parameters: {'w0': 0.547, 'w1': 0.986, 'w2': 0.365, 'w3': 0.557, 'w4': 0.613, 'w5': 0.10200000000000001, 'w6': 0.984, 'w7': 0.371, 'w8': 0.9490000000000001, 'max_depth': 7, 'min_child_weight': 0, 'subsample': 0.8, 'colsample_bytree': 0.5, 'gamma': 2.8000000000000003}. Best is trial 167 with value: 0.5034846211737725.
[I 2023-10-13 11:28:05,081] Trial 208 finished with value: 0.4856456361188465 and parameters: {'w0': 0.54, 'w1': 0.984, 'w2': 0.394, 'w3': 0.244, 'w4': 0.514, 'w5': 0.11800000000000001, 'w6': 0.975, 'w7': 0.319, 'w8': 0.9580000000000001, 'max_depth': 7, 'min_child_weight': 0, 'subsample': 0.8, 'colsample_bytree': 0.5, 'gamma': 3.6}. Best is trial 167 with value: 0.5034846211737725.
[I 2023-10-13 11:29:24,155] Trial 209 finished with value: 0.4942762727006623 and parameters: {'w0': 0.557, 'w1': 0.985, 'w2': 0.358, 'w3': 0.537, 'w4': 0.495, 'w5': 0.106, 'w6': 0.989, 'w7': 0.324, 'w8': 0.644, 'max_depth': 7, 'min_child_weight': 0, 'subsample': 0.8, 'colsample_bytree': 0.5, 'gamma': 3.0}. Best is trial 167 with value: 0.5034846211737725.
[I 2023-10-13 11:29:52,605] Trial 212 finished with value: 0.47960276811630365 and parameters: {'w0': 0.517, 'w1': 0.28800000000000003, 'w2': 0.336, 'w3': 0.546, 'w4': 0.514, 'w5': 0.114, 'w6': 0.969, 'w7': 0.367, 'w8': 0.634, 'max_depth': 7, 'min_child_weight': 0, 'subsample': 0.8, 'colsample_bytree': 0.5, 'gamma': 3.8000000000000003}. Best is trial 167 with value: 0.5034846211737725.
[I 2023-10-13 11:29:57,564] Trial 211 finished with value: 0.48387267651333676 and parameters: {'w0': 0.509, 'w1': 0.215, 'w2': 0.362, 'w3': 0.539, 'w4': 0.502, 'w5': 0.161, 'w6': 0.984, 'w7': 0.367, 'w8': 0.9410000000000001, 'max_depth': 7, 'min_child_weight': 0, 'subsample': 0.9000000000000001, 'colsample_bytree': 0.5, 'gamma': 3.0}. Best is trial 167 with value: 0.5034846211737725.
[I 2023-10-13 11:30:09,680] Trial 210 finished with value: 0.4855793330417323 and parameters: {'w0': 0.535, 'w1': 0.997, 'w2': 0.312, 'w3': 0.535, 'w4': 0.513, 'w5': 0.155, 'w6': 0.982, 'w7': 0.361, 'w8': 0.643, 'max_depth': 7, 'min_child_weight': 0, 'subsample': 0.8, 'colsample_bytree': 0.5, 'gamma': 3.0}. Best is trial 167 with value: 0.5034846211737725.
[I 2023-10-13 11:31:33,350] Trial 213 finished with value: 0.48384688032719836 and parameters: {'w0': 0.514, 'w1': 0.915, 'w2': 0.327, 'w3': 0.542, 'w4': 0.504, 'w5': 0.111, 'w6': 0.9410000000000001, 'w7': 0.36, 'w8': 0.643, 'max_depth': 7, 'min_child_weight': 0, 'subsample': 0.9000000000000001, 'colsample_bytree': 0.5, 'gamma': 3.4000000000000004}. Best is trial 167 with value: 0.5034846211737725.
[I 2023-10-13 11:34:16,240] Trial 214 finished with value: 0.48911167010318646 and parameters: {'w0': 0.429, 'w1': 0.984, 'w2': 0.359, 'w3': 0.537, 'w4': 0.319, 'w5': 0.101, 'w6': 0.994, 'w7': 0.36, 'w8': 0.765, 'max_depth': 7, 'min_child_weight': 0, 'subsample': 0.9000000000000001, 'colsample_bytree': 0.5, 'gamma': 3.4000000000000004}. Best is trial 167 with value: 0.5034846211737725.
[I 2023-10-13 11:34:19,762] Trial 215 finished with value: 0.47335937820531815 and parameters: {'w0': 0.429, 'w1': 0.042, 'w2': 0.34700000000000003, 'w3': 0.54, 'w4': 0.338, 'w5': 0.10500000000000001, 'w6': 0.976, 'w7': 0.365, 'w8': 0.644, 'max_depth': 7, 'min_child_weight': 0, 'subsample': 0.9000000000000001, 'colsample_bytree': 0.5, 'gamma': 3.6}. Best is trial 167 with value: 0.5034846211737725.
[I 2023-10-13 11:36:00,342] Trial 218 finished with value: 0.47292352258231213 and parameters: {'w0': 0.434, 'w1': 0.301, 'w2': 0.34700000000000003, 'w3': 0.533, 'w4': 0.578, 'w5': 0.093, 'w6': 0.996, 'w7': 0.41600000000000004, 'w8': 0.644, 'max_depth': 7, 'min_child_weight': 0, 'subsample': 0.9000000000000001, 'colsample_bytree': 0.5, 'gamma': 3.6}. Best is trial 167 with value: 0.5034846211737725.
[I 2023-10-13 11:36:33,336] Trial 217 finished with value: 0.4825630815694303 and parameters: {'w0': 0.438, 'w1': 0.163, 'w2': 0.357, 'w3': 0.5660000000000001, 'w4': 0.513, 'w5': 0.099, 'w6': 0.973, 'w7': 0.359, 'w8': 0.645, 'max_depth': 7, 'min_child_weight': 0, 'subsample': 0.7, 'colsample_bytree': 0.5, 'gamma': 3.4000000000000004}. Best is trial 167 with value: 0.5034846211737725.
[I 2023-10-13 11:37:30,881] Trial 220 finished with value: 0.47644043968985056 and parameters: {'w0': 0.427, 'w1': 0.16, 'w2': 0.33, 'w3': 0.536, 'w4': 0.341, 'w5': 0.08600000000000001, 'w6': 0.9440000000000001, 'w7': 0.41300000000000003, 'w8': 0.637, 'max_depth': 7, 'min_child_weight': 0, 'subsample': 0.9000000000000001, 'colsample_bytree': 0.5, 'gamma': 2.2}. Best is trial 167 with value: 0.5034846211737725.
[I 2023-10-13 11:37:58,382] Trial 216 finished with value: 0.4857635818305181 and parameters: {'w0': 0.47100000000000003, 'w1': 0.07200000000000001, 'w2': 0.455, 'w3': 0.532, 'w4': 0.593, 'w5': 0.10400000000000001, 'w6': 0.973, 'w7': 0.421, 'w8': 0.634, 'max_depth': 7, 'min_child_weight': 0, 'subsample': 0.7, 'colsample_bytree': 0.5, 'gamma': 2.4000000000000004}. Best is trial 167 with value: 0.5034846211737725.
[I 2023-10-13 11:38:26,180] Trial 223 finished with value: 0.4728288907294859 and parameters: {'w0': 0.426, 'w1': 0.278, 'w2': 0.329, 'w3': 0.541, 'w4': 0.275, 'w5': 0.095, 'w6': 0.9450000000000001, 'w7': 0.419, 'w8': 0.635, 'max_depth': 6, 'min_child_weight': 0, 'subsample': 0.7, 'colsample_bytree': 0.5, 'gamma': 3.4000000000000004}. Best is trial 167 with value: 0.5034846211737725.
[I 2023-10-13 11:38:42,131] Trial 219 finished with value: 0.48520859902721813 and parameters: {'w0': 0.46900000000000003, 'w1': 0.217, 'w2': 0.333, 'w3': 0.545, 'w4': 0.509, 'w5': 0.246, 'w6': 0.973, 'w7': 0.41500000000000004, 'w8': 0.771, 'max_depth': 7, 'min_child_weight': 0, 'subsample': 0.7, 'colsample_bytree': 0.5, 'gamma': 2.6}. Best is trial 167 with value: 0.5034846211737725.
[I 2023-10-13 11:39:01,010] Trial 224 finished with value: 0.4818783131623139 and parameters: {'w0': 0.426, 'w1': 0.915, 'w2': 0.316, 'w3': 0.531, 'w4': 0.7030000000000001, 'w5': 0.097, 'w6': 0.9490000000000001, 'w7': 0.422, 'w8': 0.915, 'max_depth': 6, 'min_child_weight': 0, 'subsample': 0.9000000000000001, 'colsample_bytree': 0.5, 'gamma': 2.6}. Best is trial 167 with value: 0.5034846211737725.
[I 2023-10-13 11:39:43,812] Trial 225 finished with value: 0.4679765212966375 and parameters: {'w0': 0.432, 'w1': 0.158, 'w2': 0.308, 'w3': 0.5670000000000001, 'w4': 0.256, 'w5': 0.149, 'w6': 0.9510000000000001, 'w7': 0.422, 'w8': 0.648, 'max_depth': 6, 'min_child_weight': 0, 'subsample': 0.9000000000000001, 'colsample_bytree': 0.5, 'gamma': 2.6}. Best is trial 167 with value: 0.5034846211737725.
[I 2023-10-13 11:39:51,264] Trial 228 finished with value: 0.46826476456762156 and parameters: {'w0': 0.427, 'w1': 0.082, 'w2': 0.353, 'w3': 0.501, 'w4': 0.388, 'w5': 0.095, 'w6': 0.999, 'w7': 0.427, 'w8': 1.0, 'max_depth': 6, 'min_child_weight': 2, 'subsample': 0.9000000000000001, 'colsample_bytree': 0.5, 'gamma': 3.4000000000000004}. Best is trial 167 with value: 0.5034846211737725.
[I 2023-10-13 11:39:55,013] Trial 222 finished with value: 0.4873916855222436 and parameters: {'w0': 0.428, 'w1': 0.168, 'w2': 0.456, 'w3': 0.56, 'w4': 0.295, 'w5': 0.092, 'w6': 0.901, 'w7': 0.41300000000000003, 'w8': 0.9460000000000001, 'max_depth': 6, 'min_child_weight': 0, 'subsample': 0.7, 'colsample_bytree': 0.5, 'gamma': 2.6}. Best is trial 167 with value: 0.5034846211737725.
[I 2023-10-13 11:41:15,301] Trial 221 finished with value: 0.4983636004419664 and parameters: {'w0': 0.435, 'w1': 0.913, 'w2': 0.457, 'w3': 0.549, 'w4': 0.19, 'w5': 0.095, 'w6': 0.9520000000000001, 'w7': 0.41300000000000003, 'w8': 0.633, 'max_depth': 7, 'min_child_weight': 0, 'subsample': 0.7, 'colsample_bytree': 0.5, 'gamma': 2.2}. Best is trial 167 with value: 0.5034846211737725.
[I 2023-10-13 11:41:19,447] Trial 227 finished with value: 0.4846312523749201 and parameters: {'w0': 0.431, 'w1': 0.914, 'w2': 0.32, 'w3': 0.5710000000000001, 'w4': 0.356, 'w5': 0.095, 'w6': 0.9440000000000001, 'w7': 0.42, 'w8': 1.0, 'max_depth': 6, 'min_child_weight': 0, 'subsample': 0.7, 'colsample_bytree': 0.5, 'gamma': 3.4000000000000004}. Best is trial 167 with value: 0.5034846211737725.
