[I 2023-10-12 19:52:17,238] Trial 1219 finished with value: 0.5908078411643529 and parameters: {'w0': 0.234, 'w1': 0.8170000000000001, 'w2': 0.377, 'w3': 0.683, 'w4': 0.863, 'w5': 0.133, 'w6': 0.998, 'w7': 0.3, 'w8': 0.745, 'max_depth': 9, 'min_child_weight': 2, 'subsample': 0.6000000000000001, 'colsample_bytree': 0.8, 'gamma': 2.4000000000000004}. Best is trial 848 with value: 0.6005661897687894.
[I 2023-10-12 19:54:19,114] Trial 1221 finished with value: 0.5936638214399105 and parameters: {'w0': 0.268, 'w1': 0.79, 'w2': 0.383, 'w3': 0.683, 'w4': 0.856, 'w5': 0.138, 'w6': 1.0, 'w7': 0.301, 'w8': 0.729, 'max_depth': 9, 'min_child_weight': 2, 'subsample': 0.6000000000000001, 'colsample_bytree': 0.8, 'gamma': 2.4000000000000004}. Best is trial 848 with value: 0.6005661897687894.
[I 2023-10-12 19:54:24,714] Trial 1220 finished with value: 0.595343255536011 and parameters: {'w0': 0.322, 'w1': 0.812, 'w2': 0.376, 'w3': 0.672, 'w4': 0.852, 'w5': 0.132, 'w6': 1.0, 'w7': 0.309, 'w8': 0.734, 'max_depth': 9, 'min_child_weight': 2, 'subsample': 0.6000000000000001, 'colsample_bytree': 0.8, 'gamma': 2.4000000000000004}. Best is trial 848 with value: 0.6005661897687894.
[I 2023-10-12 19:55:07,404] Trial 1222 finished with value: 0.5935735686671024 and parameters: {'w0': 0.268, 'w1': 0.756, 'w2': 0.372, 'w3': 0.6880000000000001, 'w4': 0.856, 'w5': 0.106, 'w6': 0.9530000000000001, 'w7': 0.302, 'w8': 0.731, 'max_depth': 9, 'min_child_weight': 2, 'subsample': 0.6000000000000001, 'colsample_bytree': 0.8, 'gamma': 2.4000000000000004}. Best is trial 848 with value: 0.6005661897687894.
[I 2023-10-12 19:56:13,502] Trial 1223 finished with value: 0.5908889262527468 and parameters: {'w0': 0.231, 'w1': 0.795, 'w2': 0.387, 'w3': 0.681, 'w4': 0.851, 'w5': 0.127, 'w6': 0.9520000000000001, 'w7': 0.292, 'w8': 0.712, 'max_depth': 9, 'min_child_weight': 2, 'subsample': 0.6000000000000001, 'colsample_bytree': 0.8, 'gamma': 2.4000000000000004}. Best is trial 848 with value: 0.6005661897687894.
[I 2023-10-12 19:58:05,905] Trial 1224 finished with value: 0.5928008736192648 and parameters: {'w0': 0.271, 'w1': 0.769, 'w2': 0.382, 'w3': 0.6900000000000001, 'w4': 0.919, 'w5': 0.135, 'w6': 0.9540000000000001, 'w7': 0.301, 'w8': 0.713, 'max_depth': 9, 'min_child_weight': 2, 'subsample': 0.6000000000000001, 'colsample_bytree': 0.8, 'gamma': 2.4000000000000004}. Best is trial 848 with value: 0.6005661897687894.
[I 2023-10-12 19:58:36,869] Trial 1225 finished with value: 0.5900456662373037 and parameters: {'w0': 0.315, 'w1': 0.797, 'w2': 0.381, 'w3': 0.687, 'w4': 0.863, 'w5': 0.137, 'w6': 0.9590000000000001, 'w7': 0.296, 'w8': 0.711, 'max_depth': 9, 'min_child_weight': 2, 'subsample': 0.6000000000000001, 'colsample_bytree': 0.8, 'gamma': 2.4000000000000004}. Best is trial 848 with value: 0.6005661897687894.
[I 2023-10-12 19:59:45,153] Trial 1226 finished with value: 0.5958682916807492 and parameters: {'w0': 0.269, 'w1': 0.801, 'w2': 0.388, 'w3': 0.6900000000000001, 'w4': 0.92, 'w5': 0.135, 'w6': 0.9520000000000001, 'w7': 0.3, 'w8': 0.72, 'max_depth': 9, 'min_child_weight': 2, 'subsample': 0.6000000000000001, 'colsample_bytree': 0.8, 'gamma': 2.4000000000000004}. Best is trial 848 with value: 0.6005661897687894.
[I 2023-10-12 20:01:11,866] Trial 1227 finished with value: 0.5932215551534211 and parameters: {'w0': 0.322, 'w1': 0.808, 'w2': 0.39, 'w3': 0.6950000000000001, 'w4': 0.871, 'w5': 0.138, 'w6': 0.9540000000000001, 'w7': 0.299, 'w8': 0.724, 'max_depth': 9, 'min_child_weight': 2, 'subsample': 0.6000000000000001, 'colsample_bytree': 0.8, 'gamma': 2.4000000000000004}. Best is trial 848 with value: 0.6005661897687894.
[I 2023-10-12 20:01:12,759] Trial 1228 finished with value: 0.5879518064188317 and parameters: {'w0': 0.264, 'w1': 0.754, 'w2': 0.387, 'w3': 0.6970000000000001, 'w4': 0.918, 'w5': 0.135, 'w6': 0.9520000000000001, 'w7': 0.299, 'w8': 0.715, 'max_depth': 9, 'min_child_weight': 2, 'subsample': 0.6000000000000001, 'colsample_bytree': 0.8, 'gamma': 2.4000000000000004}. Best is trial 848 with value: 0.6005661897687894.
[I 2023-10-12 20:01:16,560] Trial 1229 finished with value: 0.5926977871051952 and parameters: {'w0': 0.243, 'w1': 0.784, 'w2': 0.325, 'w3': 0.6950000000000001, 'w4': 0.915, 'w5': 0.136, 'w6': 0.9530000000000001, 'w7': 0.296, 'w8': 0.721, 'max_depth': 9, 'min_child_weight': 2, 'subsample': 0.6000000000000001, 'colsample_bytree': 0.8, 'gamma': 2.4000000000000004}. Best is trial 848 with value: 0.6005661897687894.
[I 2023-10-12 20:02:25,130] Trial 1231 finished with value: 0.5959199964108215 and parameters: {'w0': 0.324, 'w1': 0.811, 'w2': 0.324, 'w3': 0.7030000000000001, 'w4': 0.916, 'w5': 0.133, 'w6': 0.609, 'w7': 0.295, 'w8': 0.8, 'max_depth': 9, 'min_child_weight': 2, 'subsample': 0.6000000000000001, 'colsample_bytree': 0.8, 'gamma': 2.4000000000000004}. Best is trial 848 with value: 0.6005661897687894.
[I 2023-10-12 20:02:51,609] Trial 1230 finished with value: 0.5884213731268277 and parameters: {'w0': 0.266, 'w1': 0.723, 'w2': 0.325, 'w3': 0.65, 'w4': 0.916, 'w5': 0.593, 'w6': 0.9590000000000001, 'w7': 0.296, 'w8': 0.717, 'max_depth': 9, 'min_child_weight': 2, 'subsample': 0.6000000000000001, 'colsample_bytree': 0.8, 'gamma': 2.4000000000000004}. Best is trial 848 with value: 0.6005661897687894.
[I 2023-10-12 20:04:14,433] Trial 1232 finished with value: 0.5879632380433113 and parameters: {'w0': 0.319, 'w1': 0.658, 'w2': 0.32, 'w3': 0.648, 'w4': 0.913, 'w5': 0.592, 'w6': 0.9480000000000001, 'w7': 0.295, 'w8': 0.715, 'max_depth': 9, 'min_child_weight': 2, 'subsample': 0.6000000000000001, 'colsample_bytree': 0.8, 'gamma': 2.4000000000000004}. Best is trial 848 with value: 0.6005661897687894.
[I 2023-10-12 20:04:46,969] Trial 1233 finished with value: 0.5980941443586801 and parameters: {'w0': 0.329, 'w1': 0.796, 'w2': 0.324, 'w3': 0.649, 'w4': 0.911, 'w5': 0.14, 'w6': 0.9540000000000001, 'w7': 0.292, 'w8': 0.804, 'max_depth': 9, 'min_child_weight': 2, 'subsample': 0.6000000000000001, 'colsample_bytree': 0.8, 'gamma': 2.4000000000000004}. Best is trial 848 with value: 0.6005661897687894.
[I 2023-10-12 20:06:50,710] Trial 1235 finished with value: 0.5913878075574898 and parameters: {'w0': 0.322, 'w1': 0.581, 'w2': 0.332, 'w3': 0.643, 'w4': 0.916, 'w5': 0.14300000000000002, 'w6': 0.727, 'w7': 0.28800000000000003, 'w8': 0.807, 'max_depth': 9, 'min_child_weight': 2, 'subsample': 0.6000000000000001, 'colsample_bytree': 0.5, 'gamma': 2.0}. Best is trial 848 with value: 0.6005661897687894.
[I 2023-10-12 20:08:22,007] Trial 1234 finished with value: 0.5948961956061044 and parameters: {'w0': 0.328, 'w1': 0.8210000000000001, 'w2': 0.316, 'w3': 0.643, 'w4': 0.912, 'w5': 0.159, 'w6': 0.9530000000000001, 'w7': 0.28300000000000003, 'w8': 0.803, 'max_depth': 9, 'min_child_weight': 2, 'subsample': 0.5, 'colsample_bytree': 0.5, 'gamma': 2.0}. Best is trial 848 with value: 0.6005661897687894.
[I 2023-10-12 20:10:35,779] Trial 1236 finished with value: 0.5931571918748957 and parameters: {'w0': 0.332, 'w1': 0.904, 'w2': 0.319, 'w3': 0.6990000000000001, 'w4': 0.918, 'w5': 0.161, 'w6': 0.9560000000000001, 'w7': 0.28600000000000003, 'w8': 0.716, 'max_depth': 9, 'min_child_weight': 2, 'subsample': 0.6000000000000001, 'colsample_bytree': 0.8, 'gamma': 2.0}. Best is trial 848 with value: 0.6005661897687894.
[I 2023-10-12 20:11:12,221] Trial 1238 finished with value: 0.5908721230610792 and parameters: {'w0': 0.327, 'w1': 0.713, 'w2': 0.32, 'w3': 0.645, 'w4': 0.919, 'w5': 0.106, 'w6': 0.735, 'w7': 0.28800000000000003, 'w8': 0.799, 'max_depth': 4, 'min_child_weight': 2, 'subsample': 0.5, 'colsample_bytree': 0.8, 'gamma': 2.0}. Best is trial 848 with value: 0.6005661897687894.
[I 2023-10-12 20:12:02,386] Trial 1239 finished with value: 0.5900367384113683 and parameters: {'w0': 0.331, 'w1': 0.724, 'w2': 0.327, 'w3': 0.6990000000000001, 'w4': 0.914, 'w5': 0.164, 'w6': 0.963, 'w7': 0.28400000000000003, 'w8': 0.798, 'max_depth': 9, 'min_child_weight': 2, 'subsample': 0.6000000000000001, 'colsample_bytree': 0.5, 'gamma': 2.0}. Best is trial 848 with value: 0.6005661897687894.
[I 2023-10-12 20:12:49,410] Trial 1237 finished with value: 0.5941341183167865 and parameters: {'w0': 0.327, 'w1': 0.73, 'w2': 0.327, 'w3': 0.638, 'w4': 0.919, 'w5': 0.159, 'w6': 0.9540000000000001, 'w7': 0.28300000000000003, 'w8': 0.801, 'max_depth': 9, 'min_child_weight': 2, 'subsample': 0.5, 'colsample_bytree': 0.8, 'gamma': 2.0}. Best is trial 848 with value: 0.6005661897687894.
[I 2023-10-12 20:14:53,211] Trial 1240 finished with value: 0.5896550724770686 and parameters: {'w0': 0.335, 'w1': 0.799, 'w2': 0.322, 'w3': 0.639, 'w4': 0.905, 'w5': 0.861, 'w6': 0.967, 'w7': 0.28200000000000003, 'w8': 0.797, 'max_depth': 9, 'min_child_weight': 2, 'subsample': 0.6000000000000001, 'colsample_bytree': 0.5, 'gamma': 2.0}. Best is trial 848 with value: 0.6005661897687894.
[I 2023-10-12 20:15:50,856] Trial 1242 finished with value: 0.58974546757945 and parameters: {'w0': 0.336, 'w1': 0.5760000000000001, 'w2': 0.326, 'w3': 0.638, 'w4': 0.91, 'w5': 0.101, 'w6': 0.966, 'w7': 0.279, 'w8': 0.802, 'max_depth': 9, 'min_child_weight': 2, 'subsample': 0.6000000000000001, 'colsample_bytree': 0.8, 'gamma': 2.0}. Best is trial 848 with value: 0.6005661897687894.
[I 2023-10-12 20:16:20,657] Trial 1241 finished with value: 0.5928837574405391 and parameters: {'w0': 0.331, 'w1': 0.673, 'w2': 0.32, 'w3': 0.71, 'w4': 0.917, 'w5': 0.10500000000000001, 'w6': 0.965, 'w7': 0.28900000000000003, 'w8': 0.771, 'max_depth': 9, 'min_child_weight': 2, 'subsample': 0.5, 'colsample_bytree': 0.8, 'gamma': 2.0}. Best is trial 848 with value: 0.6005661897687894.
[I 2023-10-12 20:16:26,699] Trial 1244 finished with value: 0.5943987357880469 and parameters: {'w0': 0.331, 'w1': 0.588, 'w2': 0.327, 'w3': 0.647, 'w4': 0.912, 'w5': 0.101, 'w6': 0.969, 'w7': 0.279, 'w8': 0.801, 'max_depth': 9, 'min_child_weight': 2, 'subsample': 0.6000000000000001, 'colsample_bytree': 0.5, 'gamma': 2.0}. Best is trial 848 with value: 0.6005661897687894.
[I 2023-10-12 20:16:39,324] Trial 1245 finished with value: 0.5978720161460164 and parameters: {'w0': 0.331, 'w1': 0.906, 'w2': 0.328, 'w3': 0.644, 'w4': 0.879, 'w5': 0.098, 'w6': 0.968, 'w7': 0.277, 'w8': 0.806, 'max_depth': 9, 'min_child_weight': 2, 'subsample': 0.7, 'colsample_bytree': 0.8, 'gamma': 2.0}. Best is trial 848 with value: 0.6005661897687894.
[I 2023-10-12 20:17:18,863] Trial 1246 finished with value: 0.5955913821886547 and parameters: {'w0': 0.335, 'w1': 0.9380000000000001, 'w2': 0.34500000000000003, 'w3': 0.646, 'w4': 0.834, 'w5': 0.163, 'w6': 0.736, 'w7': 0.278, 'w8': 0.802, 'max_depth': 9, 'min_child_weight': 2, 'subsample': 0.7, 'colsample_bytree': 0.8, 'gamma': 2.0}. Best is trial 848 with value: 0.6005661897687894.
[I 2023-10-12 20:18:48,855] Trial 1248 finished with value: 0.5961829078121067 and parameters: {'w0': 0.334, 'w1': 0.725, 'w2': 0.34800000000000003, 'w3': 0.638, 'w4': 0.882, 'w5': 0.165, 'w6': 0.968, 'w7': 0.275, 'w8': 0.804, 'max_depth': 9, 'min_child_weight': 2, 'subsample': 0.7, 'colsample_bytree': 0.8, 'gamma': 2.0}. Best is trial 848 with value: 0.6005661897687894.
[I 2023-10-12 20:19:22,156] Trial 1243 finished with value: 0.5967273135495302 and parameters: {'w0': 0.325, 'w1': 0.738, 'w2': 0.323, 'w3': 0.645, 'w4': 0.903, 'w5': 0.095, 'w6': 0.969, 'w7': 0.28200000000000003, 'w8': 0.797, 'max_depth': 9, 'min_child_weight': 2, 'subsample': 0.5, 'colsample_bytree': 0.8, 'gamma': 2.0}. Best is trial 848 with value: 0.6005661897687894.
[I 2023-10-12 20:20:46,796] Trial 1249 finished with value: 0.5952081345317173 and parameters: {'w0': 0.332, 'w1': 0.808, 'w2': 0.34800000000000003, 'w3': 0.649, 'w4': 0.903, 'w5': 0.10500000000000001, 'w6': 0.969, 'w7': 0.279, 'w8': 0.803, 'max_depth': 9, 'min_child_weight': 2, 'subsample': 0.6000000000000001, 'colsample_bytree': 0.8, 'gamma': 2.0}. Best is trial 848 with value: 0.6005661897687894.
[I 2023-10-12 20:20:47,409] Trial 1247 finished with value: 0.5914445439131358 and parameters: {'w0': 0.334, 'w1': 0.899, 'w2': 0.339, 'w3': 0.645, 'w4': 0.886, 'w5': 0.098, 'w6': 0.971, 'w7': 0.277, 'w8': 0.805, 'max_depth': 9, 'min_child_weight': 2, 'subsample': 0.5, 'colsample_bytree': 0.5, 'gamma': 1.8}. Best is trial 848 with value: 0.6005661897687894.
[I 2023-10-12 20:23:56,376] Trial 1250 finished with value: 0.5907985817488154 and parameters: {'w0': 0.302, 'w1': 0.768, 'w2': 0.34800000000000003, 'w3': 0.642, 'w4': 0.882, 'w5': 0.162, 'w6': 0.971, 'w7': 0.277, 'w8': 0.802, 'max_depth': 9, 'min_child_weight': 2, 'subsample': 0.5, 'colsample_bytree': 0.8, 'gamma': 2.0}. Best is trial 848 with value: 0.6005661897687894.
[I 2023-10-12 20:25:05,936] Trial 1251 finished with value: 0.5908118523722041 and parameters: {'w0': 0.293, 'w1': 0.8190000000000001, 'w2': 0.353, 'w3': 0.646, 'w4': 0.887, 'w5': 0.10200000000000001, 'w6': 0.971, 'w7': 0.343, 'w8': 0.798, 'max_depth': 9, 'min_child_weight': 0, 'subsample': 0.6000000000000001, 'colsample_bytree': 0.8, 'gamma': 2.0}. Best is trial 848 with value: 0.6005661897687894.
[I 2023-10-12 20:26:39,445] Trial 1252 finished with value: 0.5915019629255309 and parameters: {'w0': 0.3, 'w1': 0.739, 'w2': 0.35100000000000003, 'w3': 0.648, 'w4': 0.88, 'w5': 0.096, 'w6': 0.97, 'w7': 0.279, 'w8': 0.805, 'max_depth': 9, 'min_child_weight': 0, 'subsample': 0.6000000000000001, 'colsample_bytree': 0.8, 'gamma': 2.0}. Best is trial 848 with value: 0.6005661897687894.
[I 2023-10-12 20:27:27,425] Trial 1258 finished with value: 0.5875067300763147 and parameters: {'w0': 0.293, 'w1': 0.798, 'w2': 0.354, 'w3': 0.644, 'w4': 0.884, 'w5': 0.14300000000000002, 'w6': 0.974, 'w7': 0.335, 'w8': 0.781, 'max_depth': 9, 'min_child_weight': 0, 'subsample': 0.6000000000000001, 'colsample_bytree': 0.8, 'gamma': 4.4}. Best is trial 848 with value: 0.6005661897687894.
[I 2023-10-12 20:29:29,600] Trial 1255 finished with value: 0.5945672115293884 and parameters: {'w0': 0.303, 'w1': 0.769, 'w2': 0.303, 'w3': 0.643, 'w4': 0.881, 'w5': 0.101, 'w6': 0.976, 'w7': 0.271, 'w8': 0.787, 'max_depth': 9, 'min_child_weight': 0, 'subsample': 0.6000000000000001, 'colsample_bytree': 0.8, 'gamma': 1.8}. Best is trial 848 with value: 0.6005661897687894.
[I 2023-10-12 20:30:54,769] Trial 1253 finished with value: 0.5887262450501773 and parameters: {'w0': 0.305, 'w1': 0.799, 'w2': 0.34500000000000003, 'w3': 0.64, 'w4': 0.879, 'w5': 0.153, 'w6': 0.973, 'w7': 0.34500000000000003, 'w8': 0.803, 'max_depth': 9, 'min_child_weight': 0, 'subsample': 0.5, 'colsample_bytree': 0.8, 'gamma': 1.8}. Best is trial 848 with value: 0.6005661897687894.
[I 2023-10-12 20:31:44,203] Trial 1254 finished with value: 0.5906124252883449 and parameters: {'w0': 0.305, 'w1': 0.791, 'w2': 0.342, 'w3': 0.643, 'w4': 0.888, 'w5': 0.155, 'w6': 0.97, 'w7': 0.34600000000000003, 'w8': 0.796, 'max_depth': 9, 'min_child_weight': 0, 'subsample': 0.5, 'colsample_bytree': 0.8, 'gamma': 1.8}. Best is trial 848 with value: 0.6005661897687894.
[I 2023-10-12 20:32:44,165] Trial 1261 finished with value: 0.5854143482105452 and parameters: {'w0': 0.297, 'w1': 0.47000000000000003, 'w2': 0.354, 'w3': 0.658, 'w4': 0.869, 'w5': 0.158, 'w6': 0.973, 'w7': 0.32, 'w8': 0.377, 'max_depth': 9, 'min_child_weight': 2, 'subsample': 0.6000000000000001, 'colsample_bytree': 0.8, 'gamma': 1.8}. Best is trial 848 with value: 0.6005661897687894.
[I 2023-10-12 20:33:17,346] Trial 1256 finished with value: 0.589372733817265 and parameters: {'w0': 0.309, 'w1': 0.8180000000000001, 'w2': 0.34800000000000003, 'w3': 0.643, 'w4': 0.884, 'w5': 0.101, 'w6': 0.973, 'w7': 0.34600000000000003, 'w8': 0.781, 'max_depth': 9, 'min_child_weight': 18, 'subsample': 0.6000000000000001, 'colsample_bytree': 0.8, 'gamma': 1.8}. Best is trial 848 with value: 0.6005661897687894.
[I 2023-10-12 20:33:29,763] Trial 1257 finished with value: 0.5858779601698372 and parameters: {'w0': 0.308, 'w1': 0.764, 'w2': 0.34800000000000003, 'w3': 0.714, 'w4': 0.883, 'w5': 0.10200000000000001, 'w6': 0.976, 'w7': 0.337, 'w8': 0.776, 'max_depth': 9, 'min_child_weight': 0, 'subsample': 0.6000000000000001, 'colsample_bytree': 0.8, 'gamma': 1.8}. Best is trial 848 with value: 0.6005661897687894.
[I 2023-10-12 20:33:47,989] Trial 1259 finished with value: 0.5946656482426078 and parameters: {'w0': 0.3, 'w1': 0.806, 'w2': 0.353, 'w3': 0.65, 'w4': 0.882, 'w5': 0.099, 'w6': 0.975, 'w7': 0.337, 'w8': 0.782, 'max_depth': 9, 'min_child_weight': 0, 'subsample': 0.6000000000000001, 'colsample_bytree': 0.8, 'gamma': 1.8}. Best is trial 848 with value: 0.6005661897687894.
[I 2023-10-12 20:34:20,174] Trial 1260 finished with value: 0.589063866377703 and parameters: {'w0': 0.3, 'w1': 0.795, 'w2': 0.343, 'w3': 0.715, 'w4': 0.889, 'w5': 0.161, 'w6': 0.979, 'w7': 0.337, 'w8': 0.781, 'max_depth': 9, 'min_child_weight': 0, 'subsample': 0.6000000000000001, 'colsample_bytree': 0.8, 'gamma': 1.8}. Best is trial 848 with value: 0.6005661897687894.
[I 2023-10-12 20:35:45,437] Trial 1263 finished with value: 0.5900553950966118 and parameters: {'w0': 0.295, 'w1': 0.41500000000000004, 'w2': 0.3, 'w3': 0.655, 'w4': 0.881, 'w5': 0.162, 'w6': 0.976, 'w7': 0.311, 'w8': 0.784, 'max_depth': 9, 'min_child_weight': 0, 'subsample': 0.6000000000000001, 'colsample_bytree': 0.8, 'gamma': 1.8}. Best is trial 848 with value: 0.6005661897687894.
[I 2023-10-12 20:36:05,311] Trial 1265 finished with value: 0.5378425267478223 and parameters: {'w0': 0.296, 'w1': 0.769, 'w2': 0.304, 'w3': 0.706, 'w4': 0.877, 'w5': 0.157, 'w6': 0.977, 'w7': 0.007, 'w8': 0.776, 'max_depth': 9, 'min_child_weight': 0, 'subsample': 0.6000000000000001, 'colsample_bytree': 0.8, 'gamma': 1.8}. Best is trial 848 with value: 0.6005661897687894.
[I 2023-10-12 20:38:07,957] Trial 1266 finished with value: 0.592175008520132 and parameters: {'w0': 0.292, 'w1': 0.775, 'w2': 0.309, 'w3': 0.71, 'w4': 0.874, 'w5': 0.154, 'w6': 0.98, 'w7': 0.311, 'w8': 0.779, 'max_depth': 9, 'min_child_weight': 2, 'subsample': 0.6000000000000001, 'colsample_bytree': 0.8, 'gamma': 2.2}. Best is trial 848 with value: 0.6005661897687894.
[I 2023-10-12 20:38:11,538] Trial 1264 finished with value: 0.587362986581923 and parameters: {'w0': 0.299, 'w1': 0.778, 'w2': 0.307, 'w3': 0.71, 'w4': 0.88, 'w5': 0.148, 'w6': 0.976, 'w7': 0.35100000000000003, 'w8': 0.779, 'max_depth': 9, 'min_child_weight': 0, 'subsample': 0.6000000000000001, 'colsample_bytree': 0.8, 'gamma': 1.8}. Best is trial 848 with value: 0.6005661897687894.
[I 2023-10-12 20:39:02,149] Trial 1262 finished with value: 0.5767169522756177 and parameters: {'w0': 0.295, 'w1': 0.779, 'w2': 0.902, 'w3': 0.654, 'w4': 0.88, 'w5': 0.153, 'w6': 0.972, 'w7': 0.335, 'w8': 0.778, 'max_depth': 9, 'min_child_weight': 0, 'subsample': 0.6000000000000001, 'colsample_bytree': 0.8, 'gamma': 1.8}. Best is trial 848 with value: 0.6005661897687894.
[I 2023-10-12 20:42:00,888] Trial 1270 finished with value: 0.541080042652742 and parameters: {'w0': 0.354, 'w1': 0.799, 'w2': 0.302, 'w3': 0.706, 'w4': 0.834, 'w5': 0.154, 'w6': 0.981, 'w7': 0.34700000000000003, 'w8': 0.004, 'max_depth': 9, 'min_child_weight': 2, 'subsample': 0.7, 'colsample_bytree': 0.8, 'gamma': 2.2}. Best is trial 848 with value: 0.6005661897687894.
[I 2023-10-12 20:43:10,063] Trial 1267 finished with value: 0.5908523274981773 and parameters: {'w0': 0.294, 'w1': 0.795, 'w2': 0.302, 'w3': 0.714, 'w4': 0.879, 'w5': 0.154, 'w6': 0.98, 'w7': 0.311, 'w8': 0.779, 'max_depth': 9, 'min_child_weight': 18, 'subsample': 0.6000000000000001, 'colsample_bytree': 0.8, 'gamma': 1.8}. Best is trial 848 with value: 0.6005661897687894.
[I 2023-10-12 20:43:39,558] Trial 1277 finished with value: 0.5717266302068589 and parameters: {'w0': 0.35100000000000003, 'w1': 0.841, 'w2': 0.302, 'w3': 0.711, 'w4': 0.8290000000000001, 'w5': 0.155, 'w6': 0.9440000000000001, 'w7': 0.318, 'w8': 0.78, 'max_depth': 9, 'min_child_weight': 10, 'subsample': 0.7, 'colsample_bytree': 0.8, 'gamma': 7.6000000000000005}. Best is trial 848 with value: 0.6005661897687894.
[I 2023-10-12 20:43:58,000] Trial 1269 finished with value: 0.58739968499725 and parameters: {'w0': 0.354, 'w1': 0.8190000000000001, 'w2': 0.307, 'w3': 0.711, 'w4': 0.8310000000000001, 'w5': 0.155, 'w6': 0.982, 'w7': 0.342, 'w8': 0.774, 'max_depth': 9, 'min_child_weight': 2, 'subsample': 0.6000000000000001, 'colsample_bytree': 0.8, 'gamma': 1.8}. Best is trial 848 with value: 0.6005661897687894.
[I 2023-10-12 20:44:32,656] Trial 1268 finished with value: 0.5911904129333474 and parameters: {'w0': 0.296, 'w1': 0.776, 'w2': 0.302, 'w3': 0.706, 'w4': 0.834, 'w5': 0.152, 'w6': 0.979, 'w7': 0.34400000000000003, 'w8': 0.77, 'max_depth': 9, 'min_child_weight': 10, 'subsample': 0.6000000000000001, 'colsample_bytree': 0.8, 'gamma': 1.8}. Best is trial 848 with value: 0.6005661897687894.
[I 2023-10-12 20:45:52,924] Trial 1273 finished with value: 0.5933482149122797 and parameters: {'w0': 0.34700000000000003, 'w1': 0.8270000000000001, 'w2': 0.302, 'w3': 0.71, 'w4': 0.8280000000000001, 'w5': 0.147, 'w6': 0.67, 'w7': 0.315, 'w8': 0.77, 'max_depth': 9, 'min_child_weight': 2, 'subsample': 0.7, 'colsample_bytree': 0.8, 'gamma': 2.2}. Best is trial 848 with value: 0.6005661897687894.
[I 2023-10-12 20:46:06,990] Trial 1276 finished with value: 0.5698084841758698 and parameters: {'w0': 0.34700000000000003, 'w1': 0.069, 'w2': 0.302, 'w3': 0.71, 'w4': 0.8320000000000001, 'w5': 0.14400000000000002, 'w6': 0.9400000000000001, 'w7': 0.312, 'w8': 0.765, 'max_depth': 9, 'min_child_weight': 2, 'subsample': 0.7, 'colsample_bytree': 0.8, 'gamma': 2.2}. Best is trial 848 with value: 0.6005661897687894.
[I 2023-10-12 20:46:17,633] Trial 1272 finished with value: 0.5710579584556092 and parameters: {'w0': 0.35200000000000004, 'w1': 0.834, 'w2': 0.901, 'w3': 0.7010000000000001, 'w4': 0.8260000000000001, 'w5': 0.158, 'w6': 0.554, 'w7': 0.322, 'w8': 0.774, 'max_depth': 9, 'min_child_weight': 2, 'subsample': 0.7, 'colsample_bytree': 0.8, 'gamma': 2.2}. Best is trial 848 with value: 0.6005661897687894.
