[I 2023-10-13 00:56:20,861] Trial 1556 finished with value: 0.5933126152053614 and parameters: {'w0': 0.398, 'w1': 0.812, 'w2': 0.245, 'w3': 0.552, 'w4': 0.967, 'w5': 0.251, 'w6': 0.908, 'w7': 0.252, 'w8': 0.87, 'max_depth': 10, 'min_child_weight': 0, 'subsample': 0.7, 'colsample_bytree': 0.8, 'gamma': 2.4000000000000004}. Best is trial 848 with value: 0.6005661897687894.
[I 2023-10-13 00:56:23,665] Trial 1558 finished with value: 0.596654191172361 and parameters: {'w0': 0.396, 'w1': 0.8140000000000001, 'w2': 0.26, 'w3': 0.55, 'w4': 0.931, 'w5': 0.20400000000000001, 'w6': 0.856, 'w7': 0.265, 'w8': 0.869, 'max_depth': 10, 'min_child_weight': 0, 'subsample': 0.7, 'colsample_bytree': 0.8, 'gamma': 2.6}. Best is trial 848 with value: 0.6005661897687894.
[I 2023-10-13 00:56:24,701] Trial 1557 finished with value: 0.5976032015349653 and parameters: {'w0': 0.401, 'w1': 0.807, 'w2': 0.251, 'w3': 0.543, 'w4': 0.964, 'w5': 0.274, 'w6': 0.875, 'w7': 0.258, 'w8': 0.867, 'max_depth': 10, 'min_child_weight': 0, 'subsample': 0.7, 'colsample_bytree': 0.8, 'gamma': 2.6}. Best is trial 848 with value: 0.6005661897687894.
[I 2023-10-13 00:57:40,161] Trial 1559 finished with value: 0.5946295604384211 and parameters: {'w0': 0.379, 'w1': 0.808, 'w2': 0.304, 'w3': 0.579, 'w4': 0.923, 'w5': 0.26, 'w6': 0.888, 'w7': 0.259, 'w8': 0.87, 'max_depth': 10, 'min_child_weight': 0, 'subsample': 0.7, 'colsample_bytree': 0.8, 'gamma': 2.6}. Best is trial 848 with value: 0.6005661897687894.
[I 2023-10-13 00:57:41,317] Trial 1560 finished with value: 0.5950000934221695 and parameters: {'w0': 0.438, 'w1': 0.8140000000000001, 'w2': 0.303, 'w3': 0.552, 'w4': 0.93, 'w5': 0.203, 'w6': 0.89, 'w7': 0.263, 'w8': 0.87, 'max_depth': 10, 'min_child_weight': 0, 'subsample': 0.7, 'colsample_bytree': 0.8, 'gamma': 2.6}. Best is trial 848 with value: 0.6005661897687894.
[I 2023-10-13 01:01:00,623] Trial 1561 finished with value: 0.5938586348346344 and parameters: {'w0': 0.377, 'w1': 0.847, 'w2': 0.302, 'w3': 0.549, 'w4': 0.933, 'w5': 0.267, 'w6': 0.887, 'w7': 0.272, 'w8': 0.868, 'max_depth': 10, 'min_child_weight': 0, 'subsample': 0.7, 'colsample_bytree': 0.8, 'gamma': 2.6}. Best is trial 848 with value: 0.6005661897687894.
[I 2023-10-13 01:02:02,202] Trial 1563 finished with value: 0.5924487983678219 and parameters: {'w0': 0.372, 'w1': 0.812, 'w2': 0.303, 'w3': 0.555, 'w4': 0.93, 'w5': 0.197, 'w6': 0.879, 'w7': 0.268, 'w8': 0.864, 'max_depth': 10, 'min_child_weight': 0, 'subsample': 0.7, 'colsample_bytree': 0.4, 'gamma': 2.4000000000000004}. Best is trial 848 with value: 0.6005661897687894.
[I 2023-10-13 01:02:19,379] Trial 1562 finished with value: 0.5960432465944574 and parameters: {'w0': 0.39, 'w1': 0.812, 'w2': 0.3, 'w3': 0.593, 'w4': 0.925, 'w5': 0.202, 'w6': 0.911, 'w7': 0.272, 'w8': 0.868, 'max_depth': 10, 'min_child_weight': 0, 'subsample': 0.7, 'colsample_bytree': 0.8, 'gamma': 2.4000000000000004}. Best is trial 848 with value: 0.6005661897687894.
[I 2023-10-13 01:02:26,768] Trial 1566 finished with value: 0.5769979303050452 and parameters: {'w0': 0.377, 'w1': 0.768, 'w2': 0.197, 'w3': 0.562, 'w4': 0.966, 'w5': 0.20500000000000002, 'w6': 0.883, 'w7': 0.273, 'w8': 0.934, 'max_depth': 10, 'min_child_weight': 0, 'subsample': 0.7, 'colsample_bytree': 0.8, 'gamma': 3.0}. Best is trial 848 with value: 0.6005661897687894.
[I 2023-10-13 01:02:32,736] Trial 1565 finished with value: 0.5930399822005573 and parameters: {'w0': 0.376, 'w1': 0.8180000000000001, 'w2': 0.268, 'w3': 0.545, 'w4': 0.975, 'w5': 0.265, 'w6': 0.875, 'w7': 0.228, 'w8': 0.868, 'max_depth': 10, 'min_child_weight': 0, 'subsample': 0.7, 'colsample_bytree': 0.8, 'gamma': 3.0}. Best is trial 848 with value: 0.6005661897687894.
[I 2023-10-13 01:04:54,742] Trial 1567 finished with value: 0.5885175207537476 and parameters: {'w0': 0.377, 'w1': 0.769, 'w2': 0.194, 'w3': 0.537, 'w4': 0.971, 'w5': 0.203, 'w6': 0.884, 'w7': 0.225, 'w8': 0.869, 'max_depth': 10, 'min_child_weight': 0, 'subsample': 0.7, 'colsample_bytree': 0.8, 'gamma': 3.0}. Best is trial 848 with value: 0.6005661897687894.
[I 2023-10-13 01:05:19,028] Trial 1528 finished with value: 0.5790033377966102 and parameters: {'w0': 0.431, 'w1': 0.837, 'w2': 0.279, 'w3': 0.859, 'w4': 0.9520000000000001, 'w5': 0.231, 'w6': 0.902, 'w7': 0.313, 'w8': 0.885, 'max_depth': 10, 'min_child_weight': 0, 'subsample': 0.7, 'colsample_bytree': 0.8, 'gamma': 0.2}. Best is trial 848 with value: 0.6005661897687894.
[I 2023-10-13 01:06:50,900] Trial 1569 finished with value: 0.5932879445431501 and parameters: {'w0': 0.373, 'w1': 0.8200000000000001, 'w2': 0.20400000000000001, 'w3': 0.578, 'w4': 0.932, 'w5': 0.277, 'w6': 0.888, 'w7': 0.226, 'w8': 0.854, 'max_depth': 10, 'min_child_weight': 0, 'subsample': 0.7, 'colsample_bytree': 0.8, 'gamma': 3.0}. Best is trial 848 with value: 0.6005661897687894.
[I 2023-10-13 01:07:49,114] Trial 1568 finished with value: 0.5539533415189266 and parameters: {'w0': 0.374, 'w1': 0.762, 'w2': 0.197, 'w3': 0.541, 'w4': 0.933, 'w5': 0.21, 'w6': 0.888, 'w7': 0.735, 'w8': 0.87, 'max_depth': 10, 'min_child_weight': 0, 'subsample': 0.7, 'colsample_bytree': 0.8, 'gamma': 3.0}. Best is trial 848 with value: 0.6005661897687894.
[I 2023-10-13 01:08:56,690] Trial 1573 finished with value: 0.5917848757744094 and parameters: {'w0': 0.373, 'w1': 0.764, 'w2': 0.199, 'w3': 0.586, 'w4': 0.932, 'w5': 0.199, 'w6': 0.889, 'w7': 0.222, 'w8': 0.88, 'max_depth': 10, 'min_child_weight': 0, 'subsample': 0.7, 'colsample_bytree': 0.7, 'gamma': 3.0}. Best is trial 848 with value: 0.6005661897687894.
[I 2023-10-13 01:09:09,525] Trial 1570 finished with value: 0.5522861002703766 and parameters: {'w0': 0.374, 'w1': 0.771, 'w2': 0.211, 'w3': 0.539, 'w4': 0.978, 'w5': 0.276, 'w6': 0.908, 'w7': 0.679, 'w8': 0.926, 'max_depth': 10, 'min_child_weight': 0, 'subsample': 0.7, 'colsample_bytree': 0.8, 'gamma': 3.0}. Best is trial 848 with value: 0.6005661897687894.
[I 2023-10-13 01:09:19,334] Trial 1572 finished with value: 0.5880247975822178 and parameters: {'w0': 0.375, 'w1': 0.754, 'w2': 0.197, 'w3': 0.543, 'w4': 0.973, 'w5': 0.20700000000000002, 'w6': 0.908, 'w7': 0.225, 'w8': 0.9380000000000001, 'max_depth': 10, 'min_child_weight': 0, 'subsample': 0.7, 'colsample_bytree': 0.8, 'gamma': 3.0}. Best is trial 848 with value: 0.6005661897687894.
[I 2023-10-13 01:10:44,467] Trial 1575 finished with value: 0.5935511995909029 and parameters: {'w0': 0.432, 'w1': 0.777, 'w2': 0.20600000000000002, 'w3': 0.5680000000000001, 'w4': 0.98, 'w5': 0.273, 'w6': 0.912, 'w7': 0.216, 'w8': 0.924, 'max_depth': 10, 'min_child_weight': 0, 'subsample': 0.7, 'colsample_bytree': 0.7, 'gamma': 3.0}. Best is trial 848 with value: 0.6005661897687894.
[I 2023-10-13 01:10:48,860] Trial 1571 finished with value: 0.5898819379947648 and parameters: {'w0': 0.374, 'w1': 0.77, 'w2': 0.193, 'w3': 0.512, 'w4': 0.977, 'w5': 0.28300000000000003, 'w6': 0.886, 'w7': 0.224, 'w8': 0.875, 'max_depth': 10, 'min_child_weight': 0, 'subsample': 0.7, 'colsample_bytree': 0.8, 'gamma': 2.4000000000000004}. Best is trial 848 with value: 0.6005661897687894.
[I 2023-10-13 01:11:56,669] Trial 1574 finished with value: 0.5982718263032831 and parameters: {'w0': 0.371, 'w1': 0.843, 'w2': 0.273, 'w3': 0.515, 'w4': 0.933, 'w5': 0.20700000000000002, 'w6': 0.905, 'w7': 0.219, 'w8': 0.9440000000000001, 'max_depth': 10, 'min_child_weight': 0, 'subsample': 0.7, 'colsample_bytree': 0.8, 'gamma': 2.4000000000000004}. Best is trial 848 with value: 0.6005661897687894.
[I 2023-10-13 01:13:51,492] Trial 1576 finished with value: 0.5935395972054125 and parameters: {'w0': 0.437, 'w1': 0.765, 'w2': 0.23, 'w3': 0.5650000000000001, 'w4': 0.975, 'w5': 0.20400000000000001, 'w6': 0.915, 'w7': 0.227, 'w8': 0.927, 'max_depth': 10, 'min_child_weight': 0, 'subsample': 0.7, 'colsample_bytree': 0.7, 'gamma': 3.0}. Best is trial 848 with value: 0.6005661897687894.
[I 2023-10-13 01:14:41,360] Trial 1577 finished with value: 0.5746361685476279 and parameters: {'w0': 0.371, 'w1': 0.763, 'w2': 0.196, 'w3': 0.525, 'w4': 0.972, 'w5': 0.269, 'w6': 0.909, 'w7': 0.276, 'w8': 0.933, 'max_depth': 10, 'min_child_weight': 0, 'subsample': 0.7, 'colsample_bytree': 0.7, 'gamma': 3.0}. Best is trial 848 with value: 0.6005661897687894.
[I 2023-10-13 01:14:53,068] Trial 1578 finished with value: 0.5918035058551825 and parameters: {'w0': 0.434, 'w1': 0.768, 'w2': 0.20500000000000002, 'w3': 0.512, 'w4': 0.978, 'w5': 0.217, 'w6': 0.912, 'w7': 0.22, 'w8': 0.913, 'max_depth': 10, 'min_child_weight': 0, 'subsample': 0.7, 'colsample_bytree': 0.7, 'gamma': 3.0}. Best is trial 848 with value: 0.6005661897687894.
[I 2023-10-13 01:15:11,349] Trial 1580 finished with value: 0.5866903836108623 and parameters: {'w0': 0.436, 'w1': 0.767, 'w2': 0.202, 'w3': 0.516, 'w4': 0.975, 'w5': 0.212, 'w6': 0.907, 'w7': 0.229, 'w8': 0.92, 'max_depth': 10, 'min_child_weight': 0, 'subsample': 0.7, 'colsample_bytree': 0.7, 'gamma': 3.0}. Best is trial 848 with value: 0.6005661897687894.
[I 2023-10-13 01:15:16,179] Trial 1579 finished with value: 0.5841636775098288 and parameters: {'w0': 0.437, 'w1': 0.839, 'w2': 0.195, 'w3': 0.511, 'w4': 0.974, 'w5': 0.214, 'w6': 0.908, 'w7': 0.23600000000000002, 'w8': 0.9400000000000001, 'max_depth': 10, 'min_child_weight': 0, 'subsample': 0.7, 'colsample_bytree': 0.7, 'gamma': 3.0}. Best is trial 848 with value: 0.6005661897687894.
[I 2023-10-13 01:19:13,372] Trial 1581 finished with value: 0.5866895330762826 and parameters: {'w0': 0.435, 'w1': 0.842, 'w2': 0.281, 'w3': 0.594, 'w4': 0.975, 'w5': 0.217, 'w6': 0.91, 'w7': 0.213, 'w8': 0.93, 'max_depth': 10, 'min_child_weight': 0, 'subsample': 0.7, 'colsample_bytree': 0.7, 'gamma': 2.4000000000000004}. Best is trial 848 with value: 0.6005661897687894.
[I 2023-10-13 01:19:30,793] Trial 1582 finished with value: 0.5972168991355036 and parameters: {'w0': 0.438, 'w1': 0.835, 'w2': 0.225, 'w3': 0.591, 'w4': 0.934, 'w5': 0.218, 'w6': 0.911, 'w7': 0.227, 'w8': 0.915, 'max_depth': 10, 'min_child_weight': 0, 'subsample': 0.7, 'colsample_bytree': 0.7, 'gamma': 2.4000000000000004}. Best is trial 848 with value: 0.6005661897687894.
[I 2023-10-13 01:20:36,551] Trial 1583 finished with value: 0.5968517906045279 and parameters: {'w0': 0.434, 'w1': 0.845, 'w2': 0.27, 'w3': 0.587, 'w4': 0.934, 'w5': 0.215, 'w6': 0.906, 'w7': 0.229, 'w8': 0.894, 'max_depth': 10, 'min_child_weight': 0, 'subsample': 0.7, 'colsample_bytree': 0.7, 'gamma': 2.4000000000000004}. Best is trial 848 with value: 0.6005661897687894.
[I 2023-10-13 01:21:28,309] Trial 1584 finished with value: 0.586421482034237 and parameters: {'w0': 0.41600000000000004, 'w1': 0.765, 'w2': 0.27, 'w3': 0.523, 'w4': 0.974, 'w5': 0.198, 'w6': 0.909, 'w7': 0.227, 'w8': 0.918, 'max_depth': 10, 'min_child_weight': 0, 'subsample': 0.7, 'colsample_bytree': 0.7, 'gamma': 2.4000000000000004}. Best is trial 848 with value: 0.6005661897687894.
[I 2023-10-13 01:22:34,092] Trial 1586 finished with value: 0.5859513125671326 and parameters: {'w0': 0.44, 'w1': 0.842, 'w2': 0.269, 'w3': 0.507, 'w4': 0.972, 'w5': 0.20600000000000002, 'w6': 0.911, 'w7': 0.234, 'w8': 0.23600000000000002, 'max_depth': 10, 'min_child_weight': 0, 'subsample': 0.7, 'colsample_bytree': 0.8, 'gamma': 2.4000000000000004}. Best is trial 848 with value: 0.6005661897687894.
[I 2023-10-13 01:23:06,154] Trial 1587 finished with value: 0.5535863138200937 and parameters: {'w0': 0.435, 'w1': 0.843, 'w2': 0.07200000000000001, 'w3': 0.581, 'w4': 0.9460000000000001, 'w5': 0.222, 'w6': 0.912, 'w7': 0.28200000000000003, 'w8': 0.919, 'max_depth': 10, 'min_child_weight': 0, 'subsample': 0.7, 'colsample_bytree': 0.8, 'gamma': 2.4000000000000004}. Best is trial 848 with value: 0.6005661897687894.
[I 2023-10-13 01:23:38,433] Trial 1585 finished with value: 0.5944947817485469 and parameters: {'w0': 0.438, 'w1': 0.843, 'w2': 0.27, 'w3': 0.5690000000000001, 'w4': 0.975, 'w5': 0.217, 'w6': 0.913, 'w7': 0.231, 'w8': 0.921, 'max_depth': 10, 'min_child_weight': 0, 'subsample': 0.7, 'colsample_bytree': 0.8, 'gamma': 2.2}. Best is trial 848 with value: 0.6005661897687894.
[I 2023-10-13 01:24:59,522] Trial 1588 finished with value: 0.5880829726157277 and parameters: {'w0': 0.44, 'w1': 0.842, 'w2': 0.228, 'w3': 0.5760000000000001, 'w4': 0.9450000000000001, 'w5': 0.215, 'w6': 0.912, 'w7': 0.274, 'w8': 0.93, 'max_depth': 10, 'min_child_weight': 0, 'subsample': 0.7, 'colsample_bytree': 0.8, 'gamma': 2.4000000000000004}. Best is trial 848 with value: 0.6005661897687894.
[I 2023-10-13 01:25:12,969] Trial 1589 finished with value: 0.5973745488444729 and parameters: {'w0': 0.443, 'w1': 0.8310000000000001, 'w2': 0.267, 'w3': 0.59, 'w4': 0.9400000000000001, 'w5': 0.22, 'w6': 0.91, 'w7': 0.275, 'w8': 0.933, 'max_depth': 10, 'min_child_weight': 0, 'subsample': 0.7, 'colsample_bytree': 0.8, 'gamma': 2.4000000000000004}. Best is trial 848 with value: 0.6005661897687894.
[I 2023-10-13 01:25:33,372] Trial 1590 finished with value: 0.590904733515382 and parameters: {'w0': 0.389, 'w1': 0.842, 'w2': 0.228, 'w3': 0.47200000000000003, 'w4': 0.9430000000000001, 'w5': 0.213, 'w6': 0.911, 'w7': 0.191, 'w8': 0.9520000000000001, 'max_depth': 10, 'min_child_weight': 0, 'subsample': 0.7, 'colsample_bytree': 0.8, 'gamma': 2.4000000000000004}. Best is trial 848 with value: 0.6005661897687894.
[I 2023-10-13 01:25:41,080] Trial 1593 finished with value: 0.5861391728977389 and parameters: {'w0': 0.392, 'w1': 0.844, 'w2': 0.231, 'w3': 0.514, 'w4': 0.9480000000000001, 'w5': 0.224, 'w6': 0.855, 'w7': 0.191, 'w8': 0.9480000000000001, 'max_depth': 10, 'min_child_weight': 0, 'subsample': 0.7, 'colsample_bytree': 0.8, 'gamma': 5.0}. Best is trial 848 with value: 0.6005661897687894.
[I 2023-10-13 01:27:28,801] Trial 1591 finished with value: 0.5941909601106006 and parameters: {'w0': 0.373, 'w1': 0.841, 'w2': 0.228, 'w3': 0.506, 'w4': 0.9460000000000001, 'w5': 0.221, 'w6': 0.911, 'w7': 0.18, 'w8': 0.963, 'max_depth': 10, 'min_child_weight': 0, 'subsample': 0.7, 'colsample_bytree': 0.8, 'gamma': 2.4000000000000004}. Best is trial 848 with value: 0.6005661897687894.
[I 2023-10-13 01:28:32,220] Trial 1592 finished with value: 0.5896060069366431 and parameters: {'w0': 0.384, 'w1': 0.844, 'w2': 0.268, 'w3': 0.47600000000000003, 'w4': 0.9460000000000001, 'w5': 0.225, 'w6': 0.91, 'w7': 0.189, 'w8': 0.9590000000000001, 'max_depth': 10, 'min_child_weight': 0, 'subsample': 0.7, 'colsample_bytree': 0.8, 'gamma': 2.4000000000000004}. Best is trial 848 with value: 0.6005661897687894.
[I 2023-10-13 01:28:55,825] Trial 1594 finished with value: 0.5919176037737157 and parameters: {'w0': 0.392, 'w1': 0.8270000000000001, 'w2': 0.264, 'w3': 0.508, 'w4': 0.625, 'w5': 0.21, 'w6': 0.908, 'w7': 0.23700000000000002, 'w8': 0.961, 'max_depth': 10, 'min_child_weight': 0, 'subsample': 0.7, 'colsample_bytree': 0.8, 'gamma': 2.4000000000000004}. Best is trial 848 with value: 0.6005661897687894.
[I 2023-10-13 01:29:03,861] Trial 1596 finished with value: 0.5740916527448507 and parameters: {'w0': 0.397, 'w1': 0.84, 'w2': 0.264, 'w3': 0.47300000000000003, 'w4': 0.937, 'w5': 0.24000000000000002, 'w6': 0.855, 'w7': 0.212, 'w8': 0.9550000000000001, 'max_depth': 10, 'min_child_weight': 0, 'subsample': 0.7, 'colsample_bytree': 0.8, 'gamma': 7.4}. Best is trial 848 with value: 0.6005661897687894.
[I 2023-10-13 01:29:09,918] Trial 1595 finished with value: 0.5962849205526504 and parameters: {'w0': 0.384, 'w1': 0.841, 'w2': 0.268, 'w3': 0.486, 'w4': 0.9450000000000001, 'w5': 0.232, 'w6': 0.858, 'w7': 0.234, 'w8': 0.936, 'max_depth': 10, 'min_child_weight': 0, 'subsample': 0.7, 'colsample_bytree': 0.8, 'gamma': 2.4000000000000004}. Best is trial 848 with value: 0.6005661897687894.
[I 2023-10-13 01:33:10,138] Trial 1597 finished with value: 0.5882099854371624 and parameters: {'w0': 0.384, 'w1': 0.842, 'w2': 0.269, 'w3': 0.498, 'w4': 0.9380000000000001, 'w5': 0.23500000000000001, 'w6': 0.855, 'w7': 0.183, 'w8': 0.919, 'max_depth': 10, 'min_child_weight': 0, 'subsample': 0.7, 'colsample_bytree': 0.8, 'gamma': 2.6}. Best is trial 848 with value: 0.6005661897687894.
[I 2023-10-13 01:34:30,311] Trial 1598 finished with value: 0.5881159450609796 and parameters: {'w0': 0.392, 'w1': 0.84, 'w2': 0.266, 'w3': 0.516, 'w4': 0.9410000000000001, 'w5': 0.225, 'w6': 0.914, 'w7': 0.188, 'w8': 0.9600000000000001, 'max_depth': 10, 'min_child_weight': 0, 'subsample': 0.7, 'colsample_bytree': 0.8, 'gamma': 2.6}. Best is trial 848 with value: 0.6005661897687894.
[I 2023-10-13 01:35:12,044] Trial 1599 finished with value: 0.5941799240746615 and parameters: {'w0': 0.394, 'w1': 0.8290000000000001, 'w2': 0.264, 'w3': 0.498, 'w4': 0.9410000000000001, 'w5': 0.247, 'w6': 0.893, 'w7': 0.2, 'w8': 0.93, 'max_depth': 10, 'min_child_weight': 0, 'subsample': 0.7, 'colsample_bytree': 0.8, 'gamma': 2.6}. Best is trial 848 with value: 0.6005661897687894.
[I 2023-10-13 01:36:17,778] Trial 1600 finished with value: 0.5921943328967462 and parameters: {'w0': 0.388, 'w1': 0.8270000000000001, 'w2': 0.232, 'w3': 0.483, 'w4': 0.9420000000000001, 'w5': 0.245, 'w6': 0.864, 'w7': 0.193, 'w8': 0.9510000000000001, 'max_depth': 10, 'min_child_weight': 0, 'subsample': 0.7, 'colsample_bytree': 0.8, 'gamma': 2.6}. Best is trial 848 with value: 0.6005661897687894.
[I 2023-10-13 01:37:00,074] Trial 1601 finished with value: 0.5896456609564309 and parameters: {'w0': 0.39, 'w1': 0.848, 'w2': 0.264, 'w3': 0.484, 'w4': 0.937, 'w5': 0.233, 'w6': 0.841, 'w7': 0.195, 'w8': 0.9490000000000001, 'max_depth': 10, 'min_child_weight': 0, 'subsample': 0.7, 'colsample_bytree': 0.8, 'gamma': 2.6}. Best is trial 848 with value: 0.6005661897687894.
[I 2023-10-13 01:37:34,296] Trial 1602 finished with value: 0.5959244272942613 and parameters: {'w0': 0.392, 'w1': 0.8240000000000001, 'w2': 0.225, 'w3': 0.5630000000000001, 'w4': 0.9450000000000001, 'w5': 0.232, 'w6': 0.847, 'w7': 0.194, 'w8': 0.936, 'max_depth': 10, 'min_child_weight': 0, 'subsample': 0.7, 'colsample_bytree': 0.8, 'gamma': 2.6}. Best is trial 848 with value: 0.6005661897687894.
[I 2023-10-13 01:37:46,075] Trial 1564 finished with value: 0.5833361469237717 and parameters: {'w0': 0.372, 'w1': 0.8140000000000001, 'w2': 0.262, 'w3': 0.5660000000000001, 'w4': 0.968, 'w5': 0.20700000000000002, 'w6': 0.88, 'w7': 0.227, 'w8': 0.867, 'max_depth': 10, 'min_child_weight': 0, 'subsample': 0.7, 'colsample_bytree': 0.8, 'gamma': 0.2}. Best is trial 848 with value: 0.6005661897687894.
[I 2023-10-13 01:38:47,469] Trial 1604 finished with value: 0.5878786092720604 and parameters: {'w0': 0.388, 'w1': 0.8230000000000001, 'w2': 0.157, 'w3': 0.53, 'w4': 0.923, 'w5': 0.241, 'w6': 0.85, 'w7': 0.17500000000000002, 'w8': 0.9540000000000001, 'max_depth': 10, 'min_child_weight': 0, 'subsample': 0.7, 'colsample_bytree': 0.8, 'gamma': 2.6}. Best is trial 848 with value: 0.6005661897687894.
[I 2023-10-13 01:38:50,585] Trial 1603 finished with value: 0.5897142606913903 and parameters: {'w0': 0.39, 'w1': 0.8230000000000001, 'w2': 0.261, 'w3': 0.522, 'w4': 0.92, 'w5': 0.192, 'w6': 0.889, 'w7': 0.191, 'w8': 0.934, 'max_depth': 10, 'min_child_weight': 0, 'subsample': 0.7, 'colsample_bytree': 0.8, 'gamma': 2.6}. Best is trial 848 with value: 0.6005661897687894.
[I 2023-10-13 01:39:18,304] Trial 1605 finished with value: 0.5911839395196491 and parameters: {'w0': 0.396, 'w1': 0.8220000000000001, 'w2': 0.265, 'w3': 0.517, 'w4': 0.9440000000000001, 'w5': 0.24000000000000002, 'w6': 0.891, 'w7': 0.195, 'w8': 0.9450000000000001, 'max_depth': 10, 'min_child_weight': 0, 'subsample': 0.7, 'colsample_bytree': 0.8, 'gamma': 2.6}. Best is trial 848 with value: 0.6005661897687894.
[I 2023-10-13 01:39:27,558] Trial 1606 finished with value: 0.5879976570238472 and parameters: {'w0': 0.393, 'w1': 0.8250000000000001, 'w2': 0.267, 'w3': 0.549, 'w4': 0.924, 'w5': 0.23700000000000002, 'w6': 0.87, 'w7': 0.194, 'w8': 0.888, 'max_depth': 10, 'min_child_weight': 0, 'subsample': 0.7, 'colsample_bytree': 0.8, 'gamma': 2.6}. Best is trial 848 with value: 0.6005661897687894.
[I 2023-10-13 01:41:14,649] Trial 1607 finished with value: 0.5849293344532062 and parameters: {'w0': 0.374, 'w1': 0.8210000000000001, 'w2': 0.278, 'w3': 0.5650000000000001, 'w4': 0.293, 'w5': 0.191, 'w6': 0.839, 'w7': 0.20900000000000002, 'w8': 0.9420000000000001, 'max_depth': 10, 'min_child_weight': 0, 'subsample': 0.7, 'colsample_bytree': 0.8, 'gamma': 2.6}. Best is trial 848 with value: 0.6005661897687894.
[I 2023-10-13 01:42:28,296] Trial 1608 finished with value: 0.5618026418387808 and parameters: {'w0': 0.396, 'w1': 0.8220000000000001, 'w2': 0.28400000000000003, 'w3': 0.56, 'w4': 0.082, 'w5': 0.19, 'w6': 0.864, 'w7': 0.202, 'w8': 0.896, 'max_depth': 10, 'min_child_weight': 0, 'subsample': 0.7, 'colsample_bytree': 0.8, 'gamma': 2.6}. Best is trial 848 with value: 0.6005661897687894.
[I 2023-10-13 01:43:12,959] Trial 1611 finished with value: 0.5888032551163984 and parameters: {'w0': 0.366, 'w1': 0.795, 'w2': 0.28900000000000003, 'w3': 0.541, 'w4': 0.916, 'w5': 0.196, 'w6': 0.889, 'w7': 0.192, 'w8': 0.889, 'max_depth': 10, 'min_child_weight': 0, 'subsample': 0.7, 'colsample_bytree': 0.8, 'gamma': 2.6}. Best is trial 848 with value: 0.6005661897687894.
[I 2023-10-13 01:43:29,329] Trial 1609 finished with value: 0.5989103735037062 and parameters: {'w0': 0.369, 'w1': 0.8190000000000001, 'w2': 0.28400000000000003, 'w3': 0.558, 'w4': 0.928, 'w5': 0.25, 'w6': 0.843, 'w7': 0.245, 'w8': 0.9470000000000001, 'max_depth': 10, 'min_child_weight': 0, 'subsample': 0.7, 'colsample_bytree': 0.8, 'gamma': 2.6}. Best is trial 848 with value: 0.6005661897687894.
[I 2023-10-13 01:45:46,061] Trial 1610 finished with value: 0.5543899658904 and parameters: {'w0': 0.367, 'w1': 0.8200000000000001, 'w2': 0.294, 'w3': 0.484, 'w4': 0.912, 'w5': 0.194, 'w6': 0.851, 'w7': 0.9460000000000001, 'w8': 0.9420000000000001, 'max_depth': 10, 'min_child_weight': 0, 'subsample': 0.7, 'colsample_bytree': 0.8, 'gamma': 2.6}. Best is trial 848 with value: 0.6005661897687894.
