[I 2023-10-11 10:47:43,970] Trial 1210 finished with value: 0.5861821227891555 and parameters: {'w0': 0.165, 'w1': 0.774, 'w2': 0.189, 'w3': 0.5680000000000001, 'w4': 0.906, 'w5': 0.29, 'w6': 0.718, 'w7': 0.231, 'w8': 0.65, 'max_depth': 5, 'min_child_weight': 2, 'subsample': 0.9000000000000001, 'colsample_bytree': 0.9000000000000001, 'gamma': 4.0}. Best is trial 1043 with value: 0.6266149442384139.
[I 2023-10-11 10:48:35,303] Trial 1212 finished with value: 0.5674488211451073 and parameters: {'w0': 0.168, 'w1': 0.151, 'w2': 0.185, 'w3': 0.603, 'w4': 0.926, 'w5': 0.28900000000000003, 'w6': 0.77, 'w7': 0.224, 'w8': 0.649, 'max_depth': 5, 'min_child_weight': 2, 'subsample': 0.9000000000000001, 'colsample_bytree': 0.9000000000000001, 'gamma': 3.8000000000000003}. Best is trial 1043 with value: 0.6266149442384139.
[I 2023-10-11 10:49:29,140] Trial 1205 finished with value: 0.6054888946590947 and parameters: {'w0': 0.10500000000000001, 'w1': 0.778, 'w2': 0.166, 'w3': 0.5730000000000001, 'w4': 0.895, 'w5': 0.297, 'w6': 0.772, 'w7': 0.203, 'w8': 0.522, 'max_depth': 5, 'min_child_weight': 2, 'subsample': 0.9000000000000001, 'colsample_bytree': 0.9000000000000001, 'gamma': 1.0}. Best is trial 1043 with value: 0.6266149442384139.
[I 2023-10-11 10:50:22,441] Trial 1207 finished with value: 0.6022194667386027 and parameters: {'w0': 0.10500000000000001, 'w1': 0.786, 'w2': 0.17300000000000001, 'w3': 0.598, 'w4': 0.901, 'w5': 0.292, 'w6': 0.786, 'w7': 0.226, 'w8': 0.65, 'max_depth': 5, 'min_child_weight': 2, 'subsample': 0.9000000000000001, 'colsample_bytree': 0.9000000000000001, 'gamma': 1.0}. Best is trial 1043 with value: 0.6266149442384139.
[I 2023-10-11 10:50:24,949] Trial 1206 finished with value: 0.6166183139352239 and parameters: {'w0': 0.166, 'w1': 0.783, 'w2': 0.161, 'w3': 0.583, 'w4': 0.904, 'w5': 0.295, 'w6': 0.791, 'w7': 0.2, 'w8': 0.652, 'max_depth': 5, 'min_child_weight': 2, 'subsample': 0.9000000000000001, 'colsample_bytree': 0.9000000000000001, 'gamma': 1.0}. Best is trial 1043 with value: 0.6266149442384139.
[I 2023-10-11 10:52:09,093] Trial 1209 finished with value: 0.6233256969903151 and parameters: {'w0': 0.17300000000000001, 'w1': 0.782, 'w2': 0.179, 'w3': 0.597, 'w4': 0.901, 'w5': 0.293, 'w6': 0.792, 'w7': 0.17500000000000002, 'w8': 0.652, 'max_depth': 5, 'min_child_weight': 2, 'subsample': 0.9000000000000001, 'colsample_bytree': 0.9000000000000001, 'gamma': 1.0}. Best is trial 1043 with value: 0.6266149442384139.
[I 2023-10-11 10:52:14,743] Trial 1217 finished with value: 0.6051141431577897 and parameters: {'w0': 0.166, 'w1': 0.804, 'w2': 0.187, 'w3': 0.606, 'w4': 0.928, 'w5': 0.334, 'w6': 0.796, 'w7': 0.169, 'w8': 0.651, 'max_depth': 5, 'min_child_weight': 2, 'subsample': 0.8, 'colsample_bytree': 0.9000000000000001, 'gamma': 4.0}. Best is trial 1043 with value: 0.6266149442384139.
[I 2023-10-11 10:52:33,945] Trial 1211 finished with value: 0.5835774677004978 and parameters: {'w0': 0.17, 'w1': 0.807, 'w2': 0.068, 'w3': 0.58, 'w4': 0.9, 'w5': 0.336, 'w6': 0.791, 'w7': 0.201, 'w8': 0.643, 'max_depth': 5, 'min_child_weight': 2, 'subsample': 0.9000000000000001, 'colsample_bytree': 0.9000000000000001, 'gamma': 1.0}. Best is trial 1043 with value: 0.6266149442384139.
[I 2023-10-11 10:55:02,467] Trial 1215 finished with value: 0.6029819860164792 and parameters: {'w0': 0.9550000000000001, 'w1': 0.809, 'w2': 0.186, 'w3': 0.602, 'w4': 0.926, 'w5': 0.339, 'w6': 0.718, 'w7': 0.202, 'w8': 0.646, 'max_depth': 5, 'min_child_weight': 2, 'subsample': 0.8, 'colsample_bytree': 0.9000000000000001, 'gamma': 1.8}. Best is trial 1043 with value: 0.6266149442384139.
[I 2023-10-11 10:55:24,926] Trial 1213 finished with value: 0.6249969676039182 and parameters: {'w0': 0.192, 'w1': 0.78, 'w2': 0.182, 'w3': 0.591, 'w4': 0.594, 'w5': 0.335, 'w6': 0.719, 'w7': 0.17200000000000001, 'w8': 0.649, 'max_depth': 5, 'min_child_weight': 2, 'subsample': 0.8, 'colsample_bytree': 0.9000000000000001, 'gamma': 1.0}. Best is trial 1043 with value: 0.6266149442384139.
[I 2023-10-11 10:56:12,005] Trial 1218 finished with value: 0.6218612225240608 and parameters: {'w0': 0.169, 'w1': 0.807, 'w2': 0.189, 'w3': 0.606, 'w4': 0.894, 'w5': 0.336, 'w6': 0.798, 'w7': 0.168, 'w8': 0.649, 'max_depth': 5, 'min_child_weight': 2, 'subsample': 0.8, 'colsample_bytree': 0.9000000000000001, 'gamma': 1.8}. Best is trial 1043 with value: 0.6266149442384139.
[I 2023-10-11 10:56:23,183] Trial 1214 finished with value: 0.6202454261625836 and parameters: {'w0': 0.165, 'w1': 0.782, 'w2': 0.186, 'w3': 0.603, 'w4': 0.923, 'w5': 0.341, 'w6': 0.788, 'w7': 0.20400000000000001, 'w8': 0.648, 'max_depth': 5, 'min_child_weight': 2, 'subsample': 0.8, 'colsample_bytree': 0.9000000000000001, 'gamma': 1.0}. Best is trial 1043 with value: 0.6266149442384139.
[I 2023-10-11 10:56:28,777] Trial 1219 finished with value: 0.5928670750607761 and parameters: {'w0': 0.169, 'w1': 0.8130000000000001, 'w2': 0.194, 'w3': 0.553, 'w4': 0.926, 'w5': 0.71, 'w6': 0.079, 'w7': 0.17300000000000001, 'w8': 0.591, 'max_depth': 5, 'min_child_weight': 2, 'subsample': 0.8, 'colsample_bytree': 0.9000000000000001, 'gamma': 1.8}. Best is trial 1043 with value: 0.6266149442384139.
[I 2023-10-11 10:57:29,394] Trial 1216 finished with value: 0.6178705632107999 and parameters: {'w0': 0.169, 'w1': 0.745, 'w2': 0.19, 'w3': 0.603, 'w4': 0.927, 'w5': 0.717, 'w6': 0.791, 'w7': 0.202, 'w8': 0.651, 'max_depth': 5, 'min_child_weight': 2, 'subsample': 0.8, 'colsample_bytree': 0.9000000000000001, 'gamma': 1.0}. Best is trial 1043 with value: 0.6266149442384139.
[I 2023-10-11 10:58:00,565] Trial 1221 finished with value: 0.6067998490036313 and parameters: {'w0': 0.197, 'w1': 0.745, 'w2': 0.189, 'w3': 0.596, 'w4': 0.929, 'w5': 0.335, 'w6': 0.799, 'w7': 0.168, 'w8': 0.594, 'max_depth': 5, 'min_child_weight': 2, 'subsample': 0.8, 'colsample_bytree': 0.9000000000000001, 'gamma': 3.4000000000000004}. Best is trial 1043 with value: 0.6266149442384139.
[I 2023-10-11 10:59:12,278] Trial 1220 finished with value: 0.6224030666041083 and parameters: {'w0': 0.197, 'w1': 0.805, 'w2': 0.181, 'w3': 0.605, 'w4': 0.924, 'w5': 0.337, 'w6': 0.796, 'w7': 0.17300000000000001, 'w8': 0.649, 'max_depth': 5, 'min_child_weight': 2, 'subsample': 0.8, 'colsample_bytree': 0.9000000000000001, 'gamma': 1.8}. Best is trial 1043 with value: 0.6266149442384139.
[I 2023-10-11 11:00:58,226] Trial 1222 finished with value: 0.6208607188466515 and parameters: {'w0': 0.195, 'w1': 0.807, 'w2': 0.185, 'w3': 0.609, 'w4': 0.921, 'w5': 0.339, 'w6': 0.799, 'w7': 0.167, 'w8': 0.596, 'max_depth': 5, 'min_child_weight': 2, 'subsample': 0.8, 'colsample_bytree': 0.9000000000000001, 'gamma': 1.8}. Best is trial 1043 with value: 0.6266149442384139.
[I 2023-10-11 11:03:10,780] Trial 1225 finished with value: 0.5936898942546751 and parameters: {'w0': 0.196, 'w1': 0.743, 'w2': 0.23700000000000002, 'w3': 0.608, 'w4': 0.878, 'w5': 0.336, 'w6': 0.094, 'w7': 0.167, 'w8': 0.594, 'max_depth': 5, 'min_child_weight': 2, 'subsample': 0.8, 'colsample_bytree': 0.9000000000000001, 'gamma': 1.8}. Best is trial 1043 with value: 0.6266149442384139.
[I 2023-10-11 11:03:12,415] Trial 1223 finished with value: 0.6159538559807165 and parameters: {'w0': 0.195, 'w1': 0.805, 'w2': 0.23800000000000002, 'w3': 0.605, 'w4': 0.926, 'w5': 0.338, 'w6': 0.672, 'w7': 0.166, 'w8': 0.596, 'max_depth': 5, 'min_child_weight': 2, 'subsample': 0.8, 'colsample_bytree': 0.9000000000000001, 'gamma': 1.4000000000000001}. Best is trial 1043 with value: 0.6266149442384139.
[I 2023-10-11 11:04:05,903] Trial 1224 finished with value: 0.6207225661230029 and parameters: {'w0': 0.195, 'w1': 0.743, 'w2': 0.233, 'w3': 0.605, 'w4': 0.923, 'w5': 0.34, 'w6': 0.794, 'w7': 0.171, 'w8': 0.597, 'max_depth': 5, 'min_child_weight': 2, 'subsample': 0.8, 'colsample_bytree': 0.9000000000000001, 'gamma': 1.4000000000000001}. Best is trial 1043 with value: 0.6266149442384139.
[I 2023-10-11 11:05:07,093] Trial 1226 finished with value: 0.6212019254209398 and parameters: {'w0': 0.193, 'w1': 0.744, 'w2': 0.23, 'w3': 0.606, 'w4': 0.882, 'w5': 0.34, 'w6': 0.805, 'w7': 0.171, 'w8': 0.59, 'max_depth': 5, 'min_child_weight': 2, 'subsample': 0.8, 'colsample_bytree': 0.9000000000000001, 'gamma': 1.4000000000000001}. Best is trial 1043 with value: 0.6266149442384139.
[I 2023-10-11 11:05:50,911] Trial 1229 finished with value: 0.6150945185414189 and parameters: {'w0': 0.196, 'w1': 0.743, 'w2': 0.244, 'w3': 0.556, 'w4': 0.875, 'w5': 0.339, 'w6': 0.81, 'w7': 0.17200000000000001, 'w8': 0.589, 'max_depth': 5, 'min_child_weight': 2, 'subsample': 0.8, 'colsample_bytree': 0.9000000000000001, 'gamma': 1.8}. Best is trial 1043 with value: 0.6266149442384139.
[I 2023-10-11 11:05:53,740] Trial 1234 finished with value: 0.5463929983707996 and parameters: {'w0': 0.196, 'w1': 0.739, 'w2': 0.12000000000000001, 'w3': 0.5630000000000001, 'w4': 0.609, 'w5': 0.339, 'w6': 0.6880000000000001, 'w7': 0.167, 'w8': 0.595, 'max_depth': 5, 'min_child_weight': 4, 'subsample': 0.8, 'colsample_bytree': 0.9000000000000001, 'gamma': 8.6}. Best is trial 1043 with value: 0.6266149442384139.
[I 2023-10-11 11:06:24,544] Trial 1228 finished with value: 0.6115121824446748 and parameters: {'w0': 0.195, 'w1': 0.745, 'w2': 0.128, 'w3': 0.557, 'w4': 0.928, 'w5': 0.342, 'w6': 0.685, 'w7': 0.17400000000000002, 'w8': 0.596, 'max_depth': 5, 'min_child_weight': 2, 'subsample': 0.8, 'colsample_bytree': 0.9000000000000001, 'gamma': 1.4000000000000001}. Best is trial 1043 with value: 0.6266149442384139.
[I 2023-10-11 11:06:29,393] Trial 1227 finished with value: 0.587224543026621 and parameters: {'w0': 0.196, 'w1': 0.81, 'w2': 0.07, 'w3': 0.611, 'w4': 0.932, 'w5': 0.336, 'w6': 0.811, 'w7': 0.164, 'w8': 0.592, 'max_depth': 5, 'min_child_weight': 2, 'subsample': 0.8, 'colsample_bytree': 0.9000000000000001, 'gamma': 1.4000000000000001}. Best is trial 1043 with value: 0.6266149442384139.
[I 2023-10-11 11:08:43,828] Trial 1231 finished with value: 0.6007492055027162 and parameters: {'w0': 0.195, 'w1': 0.748, 'w2': 0.12000000000000001, 'w3': 0.553, 'w4': 0.515, 'w5': 0.332, 'w6': 0.767, 'w7': 0.17, 'w8': 0.597, 'max_depth': 5, 'min_child_weight': 0, 'subsample': 0.8, 'colsample_bytree': 0.4, 'gamma': 1.4000000000000001}. Best is trial 1043 with value: 0.6266149442384139.
[I 2023-10-11 11:09:58,179] Trial 1230 finished with value: 0.6207520077566758 and parameters: {'w0': 0.192, 'w1': 0.744, 'w2': 0.227, 'w3': 0.557, 'w4': 0.875, 'w5': 0.331, 'w6': 0.808, 'w7': 0.169, 'w8': 0.594, 'max_depth': 5, 'min_child_weight': 4, 'subsample': 0.8, 'colsample_bytree': 0.9000000000000001, 'gamma': 1.4000000000000001}. Best is trial 1043 with value: 0.6266149442384139.
[I 2023-10-11 11:10:51,429] Trial 1233 finished with value: 0.6011925407852974 and parameters: {'w0': 0.197, 'w1': 0.745, 'w2': 0.12000000000000001, 'w3': 0.556, 'w4': 0.614, 'w5': 0.277, 'w6': 0.74, 'w7': 0.178, 'w8': 0.601, 'max_depth': 5, 'min_child_weight': 0, 'subsample': 0.8, 'colsample_bytree': 0.9000000000000001, 'gamma': 1.4000000000000001}. Best is trial 1043 with value: 0.6266149442384139.
[I 2023-10-11 11:10:51,634] Trial 1232 finished with value: 0.6032346881814032 and parameters: {'w0': 0.201, 'w1': 0.749, 'w2': 0.124, 'w3': 0.551, 'w4': 0.548, 'w5': 0.34, 'w6': 0.671, 'w7': 0.171, 'w8': 0.599, 'max_depth': 5, 'min_child_weight': 0, 'subsample': 0.8, 'colsample_bytree': 0.9000000000000001, 'gamma': 1.4000000000000001}. Best is trial 1043 with value: 0.6266149442384139.
[I 2023-10-11 11:11:30,618] Trial 1235 finished with value: 0.6122682206794957 and parameters: {'w0': 0.195, 'w1': 0.462, 'w2': 0.23900000000000002, 'w3': 0.556, 'w4': 0.632, 'w5': 0.339, 'w6': 0.654, 'w7': 0.169, 'w8': 0.6, 'max_depth': 5, 'min_child_weight': 4, 'subsample': 0.8, 'colsample_bytree': 0.9000000000000001, 'gamma': 1.4000000000000001}. Best is trial 1043 with value: 0.6266149442384139.
[I 2023-10-11 11:12:23,258] Trial 1236 finished with value: 0.6024324985645675 and parameters: {'w0': 0.197, 'w1': 0.748, 'w2': 0.122, 'w3': 0.55, 'w4': 0.547, 'w5': 0.34, 'w6': 0.682, 'w7': 0.17, 'w8': 0.597, 'max_depth': 5, 'min_child_weight': 0, 'subsample': 0.8, 'colsample_bytree': 0.9000000000000001, 'gamma': 1.4000000000000001}. Best is trial 1043 with value: 0.6266149442384139.
[I 2023-10-11 11:14:12,400] Trial 1237 finished with value: 0.6186189564588844 and parameters: {'w0': 0.196, 'w1': 0.8320000000000001, 'w2': 0.23700000000000002, 'w3': 0.553, 'w4': 0.879, 'w5': 0.279, 'w6': 0.6960000000000001, 'w7': 0.167, 'w8': 0.6, 'max_depth': 5, 'min_child_weight': 0, 'subsample': 0.8, 'colsample_bytree': 0.9000000000000001, 'gamma': 1.4000000000000001}. Best is trial 1043 with value: 0.6266149442384139.
[I 2023-10-11 11:15:05,207] Trial 1242 finished with value: 0.5762261922332415 and parameters: {'w0': 0.219, 'w1': 0.8330000000000001, 'w2': 0.13, 'w3': 0.55, 'w4': 0.6910000000000001, 'w5': 0.271, 'w6': 0.734, 'w7': 0.14, 'w8': 0.616, 'max_depth': 5, 'min_child_weight': 0, 'subsample': 0.8, 'colsample_bytree': 0.9000000000000001, 'gamma': 7.0}. Best is trial 1043 with value: 0.6266149442384139.
[I 2023-10-11 11:15:34,364] Trial 1238 finished with value: 0.6129920048555901 and parameters: {'w0': 0.217, 'w1': 0.747, 'w2': 0.23700000000000002, 'w3': 0.554, 'w4': 0.354, 'w5': 0.277, 'w6': 0.744, 'w7': 0.165, 'w8': 0.604, 'max_depth': 5, 'min_child_weight': 4, 'subsample': 0.8, 'colsample_bytree': 0.9000000000000001, 'gamma': 1.4000000000000001}. Best is trial 1043 with value: 0.6266149442384139.
[I 2023-10-11 11:16:09,533] Trial 1246 finished with value: 0.567498365871322 and parameters: {'w0': 0.223, 'w1': 0.462, 'w2': 0.122, 'w3': 0.518, 'w4': 0.84, 'w5': 0.275, 'w6': 0.725, 'w7': 0.135, 'w8': 0.623, 'max_depth': 5, 'min_child_weight': 4, 'subsample': 0.8, 'colsample_bytree': 0.9000000000000001, 'gamma': 7.0}. Best is trial 1043 with value: 0.6266149442384139.
[I 2023-10-11 11:17:51,705] Trial 1240 finished with value: 0.6023392662677696 and parameters: {'w0': 0.216, 'w1': 0.837, 'w2': 0.11800000000000001, 'w3': 0.552, 'w4': 0.877, 'w5': 0.275, 'w6': 0.7020000000000001, 'w7': 0.177, 'w8': 0.61, 'max_depth': 5, 'min_child_weight': 4, 'subsample': 0.8, 'colsample_bytree': 0.9000000000000001, 'gamma': 1.4000000000000001}. Best is trial 1043 with value: 0.6266149442384139.
[I 2023-10-11 11:18:03,793] Trial 1239 finished with value: 0.6181248834050574 and parameters: {'w0': 0.216, 'w1': 0.744, 'w2': 0.225, 'w3': 0.556, 'w4': 0.644, 'w5': 0.278, 'w6': 0.756, 'w7': 0.163, 'w8': 0.607, 'max_depth': 5, 'min_child_weight': 4, 'subsample': 0.8, 'colsample_bytree': 0.9000000000000001, 'gamma': 1.4000000000000001}. Best is trial 1043 with value: 0.6266149442384139.
[I 2023-10-11 11:20:31,168] Trial 1250 finished with value: 0.5626449446779996 and parameters: {'w0': 0.218, 'w1': 0.8240000000000001, 'w2': 0.20500000000000002, 'w3': 0.533, 'w4': 0.844, 'w5': 0.269, 'w6': 0.723, 'w7': 0.137, 'w8': 0.622, 'max_depth': 5, 'min_child_weight': 4, 'subsample': 0.9000000000000001, 'colsample_bytree': 0.9000000000000001, 'gamma': 9.8}. Best is trial 1043 with value: 0.6266149442384139.
[I 2023-10-11 11:23:46,464] Trial 1241 finished with value: 0.564576660002586 and parameters: {'w0': 0.20900000000000002, 'w1': 0.745, 'w2': 0.11800000000000001, 'w3': 0.55, 'w4': 0.641, 'w5': 0.275, 'w6': 0.734, 'w7': 0.733, 'w8': 0.617, 'max_depth': 5, 'min_child_weight': 4, 'subsample': 0.8, 'colsample_bytree': 0.4, 'gamma': 0.6000000000000001}. Best is trial 1043 with value: 0.6266149442384139.
[I 2023-10-11 11:24:15,010] Trial 1243 finished with value: 0.6183626242461007 and parameters: {'w0': 0.219, 'w1': 0.8190000000000001, 'w2': 0.139, 'w3': 0.56, 'w4': 0.293, 'w5': 0.274, 'w6': 0.6980000000000001, 'w7': 0.136, 'w8': 0.618, 'max_depth': 5, 'min_child_weight': 0, 'subsample': 0.8, 'colsample_bytree': 0.4, 'gamma': 0.6000000000000001}. Best is trial 1043 with value: 0.6266149442384139.
[I 2023-10-11 11:25:26,880] Trial 1255 finished with value: 0.5663288866452141 and parameters: {'w0': 0.221, 'w1': 0.8310000000000001, 'w2': 0.20600000000000002, 'w3': 0.519, 'w4': 0.846, 'w5': 0.263, 'w6': 0.737, 'w7': 0.14100000000000001, 'w8': 0.626, 'max_depth': 5, 'min_child_weight': 4, 'subsample': 0.9000000000000001, 'colsample_bytree': 0.9000000000000001, 'gamma': 9.8}. Best is trial 1043 with value: 0.6266149442384139.
[I 2023-10-11 11:26:28,335] Trial 1244 finished with value: 0.6230342591470396 and parameters: {'w0': 0.217, 'w1': 0.838, 'w2': 0.133, 'w3': 0.554, 'w4': 0.683, 'w5': 0.28300000000000003, 'w6': 0.752, 'w7': 0.14, 'w8': 0.611, 'max_depth': 5, 'min_child_weight': 4, 'subsample': 0.8, 'colsample_bytree': 0.9000000000000001, 'gamma': 0.6000000000000001}. Best is trial 1043 with value: 0.6266149442384139.
[I 2023-10-11 11:26:46,512] Trial 1245 finished with value: 0.6227680471712407 and parameters: {'w0': 0.216, 'w1': 0.758, 'w2': 0.20800000000000002, 'w3': 0.556, 'w4': 0.655, 'w5': 0.276, 'w6': 0.732, 'w7': 0.14100000000000001, 'w8': 0.618, 'max_depth': 5, 'min_child_weight': 4, 'subsample': 0.8, 'colsample_bytree': 0.9000000000000001, 'gamma': 0.6000000000000001}. Best is trial 1043 with value: 0.6266149442384139.
[I 2023-10-11 11:28:29,497] Trial 1248 finished with value: 0.6196389679281139 and parameters: {'w0': 0.216, 'w1': 0.8330000000000001, 'w2': 0.21, 'w3': 0.522, 'w4': 0.644, 'w5': 0.276, 'w6': 0.737, 'w7': 0.137, 'w8': 0.621, 'max_depth': 5, 'min_child_weight': 4, 'subsample': 0.9000000000000001, 'colsample_bytree': 0.9000000000000001, 'gamma': 0.6000000000000001}. Best is trial 1043 with value: 0.6266149442384139.
[I 2023-10-11 11:29:09,345] Trial 1247 finished with value: 0.618543250210214 and parameters: {'w0': 0.223, 'w1': 0.8180000000000001, 'w2': 0.20400000000000001, 'w3': 0.521, 'w4': 0.845, 'w5': 0.274, 'w6': 0.744, 'w7': 0.14, 'w8': 0.62, 'max_depth': 5, 'min_child_weight': 4, 'subsample': 0.8, 'colsample_bytree': 0.9000000000000001, 'gamma': 0.6000000000000001}. Best is trial 1043 with value: 0.6266149442384139.
[I 2023-10-11 11:29:10,683] Trial 1249 finished with value: 0.6161672364638491 and parameters: {'w0': 0.214, 'w1': 0.8220000000000001, 'w2': 0.20800000000000002, 'w3': 0.525, 'w4': 0.456, 'w5': 0.275, 'w6': 0.718, 'w7': 0.136, 'w8': 0.617, 'max_depth': 5, 'min_child_weight': 4, 'subsample': 0.9000000000000001, 'colsample_bytree': 0.9000000000000001, 'gamma': 0.6000000000000001}. Best is trial 1043 with value: 0.6266149442384139.
[I 2023-10-11 11:29:45,312] Trial 1251 finished with value: 0.6158999180002113 and parameters: {'w0': 0.225, 'w1': 0.8320000000000001, 'w2': 0.202, 'w3': 0.525, 'w4': 0.41300000000000003, 'w5': 0.266, 'w6': 0.6960000000000001, 'w7': 0.139, 'w8': 0.621, 'max_depth': 5, 'min_child_weight': 4, 'subsample': 0.9000000000000001, 'colsample_bytree': 0.9000000000000001, 'gamma': 0.6000000000000001}. Best is trial 1043 with value: 0.6266149442384139.
[I 2023-10-11 11:30:37,878] Trial 1252 finished with value: 0.6174270814145368 and parameters: {'w0': 0.215, 'w1': 0.836, 'w2': 0.203, 'w3': 0.532, 'w4': 0.40900000000000003, 'w5': 0.267, 'w6': 0.77, 'w7': 0.134, 'w8': 0.626, 'max_depth': 5, 'min_child_weight': 4, 'subsample': 0.9000000000000001, 'colsample_bytree': 0.9000000000000001, 'gamma': 0.6000000000000001}. Best is trial 1043 with value: 0.6266149442384139.
[I 2023-10-11 11:31:00,224] Trial 1259 finished with value: 0.5995574468223226 and parameters: {'w0': 0.219, 'w1': 0.769, 'w2': 0.20700000000000002, 'w3': 0.47100000000000003, 'w4': 0.588, 'w5': 0.317, 'w6': 0.768, 'w7': 0.199, 'w8': 0.635, 'max_depth': 5, 'min_child_weight': 4, 'subsample': 0.9000000000000001, 'colsample_bytree': 0.9000000000000001, 'gamma': 4.6000000000000005}. Best is trial 1043 with value: 0.6266149442384139.
[I 2023-10-11 11:33:33,663] Trial 1253 finished with value: 0.5932929029536067 and parameters: {'w0': 0.22, 'w1': 0.8200000000000001, 'w2': 0.801, 'w3': 0.527, 'w4': 0.7030000000000001, 'w5': 0.263, 'w6': 0.726, 'w7': 0.137, 'w8': 0.638, 'max_depth': 5, 'min_child_weight': 4, 'subsample': 0.9000000000000001, 'colsample_bytree': 0.9000000000000001, 'gamma': 0.6000000000000001}. Best is trial 1043 with value: 0.6266149442384139.
[I 2023-10-11 11:34:23,515] Trial 1256 finished with value: 0.6128352894080134 and parameters: {'w0': 0.222, 'w1': 0.8210000000000001, 'w2': 0.20500000000000002, 'w3': 0.482, 'w4': 0.712, 'w5': 0.261, 'w6': 0.736, 'w7': 0.101, 'w8': 0.626, 'max_depth': 5, 'min_child_weight': 4, 'subsample': 0.9000000000000001, 'colsample_bytree': 0.9000000000000001, 'gamma': 0.6000000000000001}. Best is trial 1043 with value: 0.6266149442384139.
[I 2023-10-11 11:34:49,823] Trial 1254 finished with value: 0.595167877968009 and parameters: {'w0': 0.221, 'w1': 0.8270000000000001, 'w2': 0.809, 'w3': 0.621, 'w4': 0.8320000000000001, 'w5': 0.266, 'w6': 0.728, 'w7': 0.136, 'w8': 0.623, 'max_depth': 5, 'min_child_weight': 4, 'subsample': 0.9000000000000001, 'colsample_bytree': 0.9000000000000001, 'gamma': 0.6000000000000001}. Best is trial 1043 with value: 0.6266149442384139.
[I 2023-10-11 11:36:17,965] Trial 1264 finished with value: 0.5905159850443118 and parameters: {'w0': 0.155, 'w1': 0.775, 'w2': 0.202, 'w3': 0.627, 'w4': 0.8250000000000001, 'w5': 0.318, 'w6': 0.764, 'w7': 0.196, 'w8': 0.64, 'max_depth': 5, 'min_child_weight': 4, 'subsample': 0.9000000000000001, 'colsample_bytree': 0.8, 'gamma': 5.4}. Best is trial 1043 with value: 0.6266149442384139.
[I 2023-10-11 11:36:45,476] Trial 1258 finished with value: 0.6252621578967654 and parameters: {'w0': 0.222, 'w1': 0.772, 'w2': 0.20500000000000002, 'w3': 0.519, 'w4': 0.836, 'w5': 0.26, 'w6': 0.755, 'w7': 0.197, 'w8': 0.5740000000000001, 'max_depth': 5, 'min_child_weight': 4, 'subsample': 0.9000000000000001, 'colsample_bytree': 0.9000000000000001, 'gamma': 0.6000000000000001}. Best is trial 1043 with value: 0.6266149442384139.
