[I 2023-10-14 00:53:15,986] Trial 950 finished with value: 0.5152629882784487 and parameters: {'w0': 0.157, 'w1': 0.727, 'w2': 0.147, 'w3': 0.241, 'w4': 0.838, 'w5': 0.05, 'w6': 0.64, 'w7': 0.124, 'w8': 0.406, 'max_depth': 7, 'min_child_weight': 10, 'subsample': 0.9000000000000001, 'colsample_bytree': 0.9000000000000001, 'gamma': 0.0}. Best is trial 936 with value: 0.5209191336622977.
[I 2023-10-14 00:54:58,909] Trial 951 finished with value: 0.5098200982571066 and parameters: {'w0': 0.16, 'w1': 0.736, 'w2': 0.14500000000000002, 'w3': 0.81, 'w4': 0.8320000000000001, 'w5': 0.041, 'w6': 0.601, 'w7': 0.139, 'w8': 0.406, 'max_depth': 7, 'min_child_weight': 10, 'subsample': 0.9000000000000001, 'colsample_bytree': 0.9000000000000001, 'gamma': 0.0}. Best is trial 936 with value: 0.5209191336622977.
[I 2023-10-14 00:55:35,619] Trial 952 finished with value: 0.5135398705071428 and parameters: {'w0': 0.129, 'w1': 0.736, 'w2': 0.139, 'w3': 0.23700000000000002, 'w4': 0.841, 'w5': 0.106, 'w6': 0.588, 'w7': 0.128, 'w8': 0.47100000000000003, 'max_depth': 7, 'min_child_weight': 10, 'subsample': 1.0, 'colsample_bytree': 0.9000000000000001, 'gamma': 0.0}. Best is trial 936 with value: 0.5209191336622977.
[I 2023-10-14 00:56:39,410] Trial 953 finished with value: 0.5133063908851835 and parameters: {'w0': 0.156, 'w1': 0.736, 'w2': 0.14100000000000001, 'w3': 0.23600000000000002, 'w4': 0.8310000000000001, 'w5': 0.10500000000000001, 'w6': 0.647, 'w7': 0.11900000000000001, 'w8': 0.41700000000000004, 'max_depth': 7, 'min_child_weight': 10, 'subsample': 0.9000000000000001, 'colsample_bytree': 0.9000000000000001, 'gamma': 0.0}. Best is trial 936 with value: 0.5209191336622977.
[I 2023-10-14 00:56:51,663] Trial 955 finished with value: 0.5118129952597099 and parameters: {'w0': 0.167, 'w1': 0.744, 'w2': 0.136, 'w3': 0.251, 'w4': 0.8330000000000001, 'w5': 0.135, 'w6': 0.551, 'w7': 0.127, 'w8': 0.326, 'max_depth': 7, 'min_child_weight': 10, 'subsample': 1.0, 'colsample_bytree': 0.9000000000000001, 'gamma': 0.0}. Best is trial 936 with value: 0.5209191336622977.
[I 2023-10-14 00:57:31,809] Trial 954 finished with value: 0.5152180602873577 and parameters: {'w0': 0.167, 'w1': 0.735, 'w2': 0.133, 'w3': 0.186, 'w4': 0.8300000000000001, 'w5': 0.134, 'w6': 0.756, 'w7': 0.128, 'w8': 0.405, 'max_depth': 7, 'min_child_weight': 10, 'subsample': 0.9000000000000001, 'colsample_bytree': 0.9000000000000001, 'gamma': 0.0}. Best is trial 936 with value: 0.5209191336622977.
[I 2023-10-14 00:57:34,439] Trial 956 finished with value: 0.5050493545570666 and parameters: {'w0': 0.154, 'w1': 0.744, 'w2': 0.092, 'w3': 0.255, 'w4': 0.834, 'w5': 0.136, 'w6': 0.558, 'w7': 0.134, 'w8': 0.41500000000000004, 'max_depth': 7, 'min_child_weight': 10, 'subsample': 0.9000000000000001, 'colsample_bytree': 0.9000000000000001, 'gamma': 0.0}. Best is trial 936 with value: 0.5209191336622977.
[I 2023-10-14 00:58:28,587] Trial 957 finished with value: 0.5069924684145191 and parameters: {'w0': 0.138, 'w1': 0.741, 'w2': 0.08800000000000001, 'w3': 0.242, 'w4': 0.841, 'w5': 0.112, 'w6': 0.55, 'w7': 0.124, 'w8': 0.422, 'max_depth': 7, 'min_child_weight': 10, 'subsample': 1.0, 'colsample_bytree': 0.9000000000000001, 'gamma': 0.0}. Best is trial 936 with value: 0.5209191336622977.
[I 2023-10-14 00:59:00,781] Trial 958 finished with value: 0.5044473686339881 and parameters: {'w0': 0.133, 'w1': 0.72, 'w2': 0.089, 'w3': 0.258, 'w4': 0.839, 'w5': 0.135, 'w6': 0.56, 'w7': 0.122, 'w8': 0.366, 'max_depth': 7, 'min_child_weight': 10, 'subsample': 1.0, 'colsample_bytree': 0.9000000000000001, 'gamma': 0.0}. Best is trial 936 with value: 0.5209191336622977.
[I 2023-10-14 00:59:26,962] Trial 959 finished with value: 0.5067936566280825 and parameters: {'w0': 0.14400000000000002, 'w1': 0.72, 'w2': 0.09, 'w3': 0.185, 'w4': 0.838, 'w5': 0.14400000000000002, 'w6': 0.5, 'w7': 0.123, 'w8': 0.363, 'max_depth': 7, 'min_child_weight': 10, 'subsample': 0.9000000000000001, 'colsample_bytree': 0.9000000000000001, 'gamma': 0.0}. Best is trial 936 with value: 0.5209191336622977.
[I 2023-10-14 00:59:39,933] Trial 960 finished with value: 0.4991507931323959 and parameters: {'w0': 0.074, 'w1': 0.742, 'w2': 0.092, 'w3': 0.23500000000000001, 'w4': 0.834, 'w5': 0.13, 'w6': 0.524, 'w7': 0.111, 'w8': 0.44, 'max_depth': 7, 'min_child_weight': 10, 'subsample': 1.0, 'colsample_bytree': 0.9000000000000001, 'gamma': 0.0}. Best is trial 936 with value: 0.5209191336622977.
[I 2023-10-14 01:00:10,808] Trial 961 finished with value: 0.5081511812364836 and parameters: {'w0': 0.07100000000000001, 'w1': 0.747, 'w2': 0.13, 'w3': 0.228, 'w4': 0.8320000000000001, 'w5': 0.13, 'w6': 0.553, 'w7': 0.115, 'w8': 0.442, 'max_depth': 7, 'min_child_weight': 10, 'subsample': 0.9000000000000001, 'colsample_bytree': 0.9000000000000001, 'gamma': 0.0}. Best is trial 936 with value: 0.5209191336622977.
[I 2023-10-14 01:02:47,135] Trial 962 finished with value: 0.504498966249595 and parameters: {'w0': 0.136, 'w1': 0.743, 'w2': 0.077, 'w3': 0.26, 'w4': 0.8170000000000001, 'w5': 0.135, 'w6': 0.533, 'w7': 0.115, 'w8': 0.392, 'max_depth': 7, 'min_child_weight': 10, 'subsample': 0.9000000000000001, 'colsample_bytree': 0.9000000000000001, 'gamma': 0.0}. Best is trial 936 with value: 0.5209191336622977.
[I 2023-10-14 01:04:31,113] Trial 963 finished with value: 0.5095814172869846 and parameters: {'w0': 0.134, 'w1': 0.751, 'w2': 0.08700000000000001, 'w3': 0.23600000000000002, 'w4': 0.8210000000000001, 'w5': 0.132, 'w6': 0.595, 'w7': 0.112, 'w8': 0.897, 'max_depth': 7, 'min_child_weight': 10, 'subsample': 0.9000000000000001, 'colsample_bytree': 0.9000000000000001, 'gamma': 0.0}. Best is trial 936 with value: 0.5209191336622977.
[I 2023-10-14 01:08:21,978] Trial 964 finished with value: 0.5083959140173682 and parameters: {'w0': 0.126, 'w1': 0.754, 'w2': 0.079, 'w3': 0.224, 'w4': 0.8210000000000001, 'w5': 0.136, 'w6': 0.5760000000000001, 'w7': 0.11, 'w8': 0.423, 'max_depth': 7, 'min_child_weight': 10, 'subsample': 0.9000000000000001, 'colsample_bytree': 0.9000000000000001, 'gamma': 0.0}. Best is trial 936 with value: 0.5209191336622977.
[I 2023-10-14 01:10:53,766] Trial 965 finished with value: 0.5087596640808745 and parameters: {'w0': 0.098, 'w1': 0.753, 'w2': 0.10200000000000001, 'w3': 0.243, 'w4': 0.8180000000000001, 'w5': 0.14300000000000002, 'w6': 0.592, 'w7': 0.114, 'w8': 0.41500000000000004, 'max_depth': 7, 'min_child_weight': 10, 'subsample': 1.0, 'colsample_bytree': 0.9000000000000001, 'gamma': 0.0}. Best is trial 936 with value: 0.5209191336622977.
[I 2023-10-14 01:13:53,761] Trial 966 finished with value: 0.5050013215533671 and parameters: {'w0': 0.126, 'w1': 0.748, 'w2': 0.085, 'w3': 0.258, 'w4': 0.8210000000000001, 'w5': 0.139, 'w6': 0.5680000000000001, 'w7': 0.051000000000000004, 'w8': 0.399, 'max_depth': 7, 'min_child_weight': 10, 'subsample': 0.9000000000000001, 'colsample_bytree': 0.9000000000000001, 'gamma': 0.0}. Best is trial 936 with value: 0.5209191336622977.
[I 2023-10-14 01:15:03,209] Trial 967 finished with value: 0.510038394870491 and parameters: {'w0': 0.101, 'w1': 0.748, 'w2': 0.091, 'w3': 0.245, 'w4': 0.848, 'w5': 0.127, 'w6': 0.598, 'w7': 0.060000000000000005, 'w8': 0.488, 'max_depth': 7, 'min_child_weight': 10, 'subsample': 0.9000000000000001, 'colsample_bytree': 0.9000000000000001, 'gamma': 0.0}. Best is trial 936 with value: 0.5209191336622977.
[I 2023-10-14 01:16:12,353] Trial 968 finished with value: 0.5031003469757321 and parameters: {'w0': 0.107, 'w1': 0.752, 'w2': 0.097, 'w3': 0.253, 'w4': 0.8210000000000001, 'w5': 0.135, 'w6': 0.59, 'w7': 0.055, 'w8': 0.429, 'max_depth': 7, 'min_child_weight': 10, 'subsample': 0.9000000000000001, 'colsample_bytree': 0.9000000000000001, 'gamma': 0.0}. Best is trial 936 with value: 0.5209191336622977.
[I 2023-10-14 01:16:33,999] Trial 969 finished with value: 0.505056516484587 and parameters: {'w0': 0.08800000000000001, 'w1': 0.757, 'w2': 0.109, 'w3': 0.253, 'w4': 0.852, 'w5': 0.137, 'w6': 0.581, 'w7': 0.062, 'w8': 0.384, 'max_depth': 7, 'min_child_weight': 10, 'subsample': 0.9000000000000001, 'colsample_bytree': 0.9000000000000001, 'gamma': 0.0}. Best is trial 936 with value: 0.5209191336622977.
[I 2023-10-14 01:17:11,185] Trial 970 finished with value: 0.5104100755057596 and parameters: {'w0': 0.094, 'w1': 0.76, 'w2': 0.099, 'w3': 0.27, 'w4': 0.851, 'w5': 0.135, 'w6': 0.585, 'w7': 0.108, 'w8': 0.402, 'max_depth': 7, 'min_child_weight': 10, 'subsample': 0.9000000000000001, 'colsample_bytree': 0.9000000000000001, 'gamma': 0.0}. Best is trial 936 with value: 0.5209191336622977.
[I 2023-10-14 01:17:31,701] Trial 972 finished with value: 0.5096626799920568 and parameters: {'w0': 0.122, 'w1': 0.761, 'w2': 0.08600000000000001, 'w3': 0.221, 'w4': 0.8170000000000001, 'w5': 0.135, 'w6': 0.611, 'w7': 0.067, 'w8': 0.376, 'max_depth': 7, 'min_child_weight': 10, 'subsample': 0.9000000000000001, 'colsample_bytree': 0.9000000000000001, 'gamma': 0.0}. Best is trial 936 with value: 0.5209191336622977.
[I 2023-10-14 01:18:10,158] Trial 971 finished with value: 0.513379717401398 and parameters: {'w0': 0.098, 'w1': 0.753, 'w2': 0.089, 'w3': 0.222, 'w4': 0.812, 'w5': 0.111, 'w6': 0.579, 'w7': 0.076, 'w8': 0.355, 'max_depth': 7, 'min_child_weight': 10, 'subsample': 0.9000000000000001, 'colsample_bytree': 0.9000000000000001, 'gamma': 0.0}. Best is trial 936 with value: 0.5209191336622977.
[I 2023-10-14 01:18:39,380] Trial 973 finished with value: 0.5110120789795185 and parameters: {'w0': 0.11, 'w1': 0.753, 'w2': 0.084, 'w3': 0.226, 'w4': 0.811, 'w5': 0.137, 'w6': 0.6, 'w7': 0.08600000000000001, 'w8': 0.406, 'max_depth': 7, 'min_child_weight': 10, 'subsample': 0.9000000000000001, 'colsample_bytree': 0.9000000000000001, 'gamma': 0.0}. Best is trial 936 with value: 0.5209191336622977.
[I 2023-10-14 01:19:42,623] Trial 974 finished with value: 0.5063194979434468 and parameters: {'w0': 0.131, 'w1': 0.758, 'w2': 0.11, 'w3': 0.274, 'w4': 0.854, 'w5': 0.252, 'w6': 0.616, 'w7': 0.066, 'w8': 0.444, 'max_depth': 7, 'min_child_weight': 10, 'subsample': 0.9000000000000001, 'colsample_bytree': 0.9000000000000001, 'gamma': 0.0}. Best is trial 936 with value: 0.5209191336622977.
[I 2023-10-14 01:20:10,354] Trial 975 finished with value: 0.5088728029651861 and parameters: {'w0': 0.14300000000000002, 'w1': 0.755, 'w2': 0.111, 'w3': 0.216, 'w4': 0.812, 'w5': 0.254, 'w6': 0.599, 'w7': 0.076, 'w8': 0.442, 'max_depth': 7, 'min_child_weight': 10, 'subsample': 0.9000000000000001, 'colsample_bytree': 0.9000000000000001, 'gamma': 0.0}. Best is trial 936 with value: 0.5209191336622977.
[I 2023-10-14 01:20:22,597] Trial 976 finished with value: 0.5044657590507559 and parameters: {'w0': 0.125, 'w1': 0.763, 'w2': 0.116, 'w3': 0.217, 'w4': 0.8150000000000001, 'w5': 0.134, 'w6': 0.587, 'w7': 0.062, 'w8': 0.401, 'max_depth': 7, 'min_child_weight': 10, 'subsample': 0.9000000000000001, 'colsample_bytree': 0.9000000000000001, 'gamma': 0.0}. Best is trial 936 with value: 0.5209191336622977.
[I 2023-10-14 01:20:30,970] Trial 977 finished with value: 0.5079722586957378 and parameters: {'w0': 0.108, 'w1': 0.757, 'w2': 0.112, 'w3': 0.217, 'w4': 0.8190000000000001, 'w5': 0.128, 'w6': 0.5710000000000001, 'w7': 0.07300000000000001, 'w8': 0.425, 'max_depth': 7, 'min_child_weight': 10, 'subsample': 0.9000000000000001, 'colsample_bytree': 0.9000000000000001, 'gamma': 0.0}. Best is trial 936 with value: 0.5209191336622977.
[I 2023-10-14 01:23:09,257] Trial 978 finished with value: 0.5133212307373436 and parameters: {'w0': 0.124, 'w1': 0.753, 'w2': 0.11, 'w3': 0.278, 'w4': 0.811, 'w5': 0.133, 'w6': 0.591, 'w7': 0.08600000000000001, 'w8': 0.35000000000000003, 'max_depth': 7, 'min_child_weight': 10, 'subsample': 0.9000000000000001, 'colsample_bytree': 0.9000000000000001, 'gamma': 0.0}. Best is trial 936 with value: 0.5209191336622977.
[I 2023-10-14 01:25:02,242] Trial 979 finished with value: 0.5129379356474264 and parameters: {'w0': 0.1, 'w1': 0.729, 'w2': 0.11800000000000001, 'w3': 0.223, 'w4': 0.8140000000000001, 'w5': 0.124, 'w6': 0.58, 'w7': 0.085, 'w8': 0.387, 'max_depth': 7, 'min_child_weight': 10, 'subsample': 0.9000000000000001, 'colsample_bytree': 0.9000000000000001, 'gamma': 0.0}. Best is trial 936 with value: 0.5209191336622977.
[I 2023-10-14 01:29:27,332] Trial 980 finished with value: 0.5137281161069048 and parameters: {'w0': 0.10500000000000001, 'w1': 0.761, 'w2': 0.106, 'w3': 0.211, 'w4': 0.85, 'w5': 0.128, 'w6': 0.5770000000000001, 'w7': 0.089, 'w8': 0.391, 'max_depth': 7, 'min_child_weight': 10, 'subsample': 0.9000000000000001, 'colsample_bytree': 0.9000000000000001, 'gamma': 0.0}. Best is trial 936 with value: 0.5209191336622977.
[I 2023-10-14 01:31:50,628] Trial 981 finished with value: 0.5092186512404988 and parameters: {'w0': 0.091, 'w1': 0.75, 'w2': 0.129, 'w3': 0.191, 'w4': 0.859, 'w5': 0.121, 'w6': 0.5770000000000001, 'w7': 0.084, 'w8': 0.389, 'max_depth': 7, 'min_child_weight': 10, 'subsample': 0.9000000000000001, 'colsample_bytree': 0.9000000000000001, 'gamma': 0.0}. Best is trial 936 with value: 0.5209191336622977.
[I 2023-10-14 01:33:53,344] Trial 987 finished with value: 0.4463559638245191 and parameters: {'w0': 0.014000000000000002, 'w1': 0.714, 'w2': 0.133, 'w3': 0.193, 'w4': 0.856, 'w5': 0.114, 'w6': 0.613, 'w7': 0.08800000000000001, 'w8': 0.457, 'max_depth': 7, 'min_child_weight': 10, 'subsample': 0.9000000000000001, 'colsample_bytree': 0.9000000000000001, 'gamma': 0.4}. Best is trial 936 with value: 0.5209191336622977.
[I 2023-10-14 01:34:48,497] Trial 982 finished with value: 0.5138000190025447 and parameters: {'w0': 0.109, 'w1': 0.772, 'w2': 0.112, 'w3': 0.211, 'w4': 0.856, 'w5': 0.116, 'w6': 0.584, 'w7': 0.084, 'w8': 0.392, 'max_depth': 7, 'min_child_weight': 10, 'subsample': 0.9000000000000001, 'colsample_bytree': 0.9000000000000001, 'gamma': 0.0}. Best is trial 936 with value: 0.5209191336622977.
[I 2023-10-14 01:35:35,890] Trial 989 finished with value: 0.5093799868468186 and parameters: {'w0': 0.14500000000000002, 'w1': 0.721, 'w2': 0.117, 'w3': 0.183, 'w4': 0.861, 'w5': 0.112, 'w6': 0.634, 'w7': 0.092, 'w8': 0.38, 'max_depth': 7, 'min_child_weight': 10, 'subsample': 0.9000000000000001, 'colsample_bytree': 0.9000000000000001, 'gamma': 0.4}. Best is trial 936 with value: 0.5209191336622977.
[I 2023-10-14 01:35:43,084] Trial 983 finished with value: 0.5068133405027299 and parameters: {'w0': 0.121, 'w1': 0.719, 'w2': 0.122, 'w3': 0.22, 'w4': 0.851, 'w5': 0.124, 'w6': 0.614, 'w7': 0.068, 'w8': 0.445, 'max_depth': 7, 'min_child_weight': 10, 'subsample': 0.9000000000000001, 'colsample_bytree': 0.9000000000000001, 'gamma': 0.0}. Best is trial 936 with value: 0.5209191336622977.
[I 2023-10-14 01:36:24,896] Trial 991 finished with value: 0.5065439596870122 and parameters: {'w0': 0.146, 'w1': 0.195, 'w2': 0.128, 'w3': 0.183, 'w4': 0.855, 'w5': 0.113, 'w6': 0.59, 'w7': 0.10500000000000001, 'w8': 0.34500000000000003, 'max_depth': 7, 'min_child_weight': 10, 'subsample': 0.9000000000000001, 'colsample_bytree': 0.9000000000000001, 'gamma': 0.4}. Best is trial 936 with value: 0.5209191336622977.
[I 2023-10-14 01:36:56,957] Trial 990 finished with value: 0.5083639943466246 and parameters: {'w0': 0.146, 'w1': 0.712, 'w2': 0.12000000000000001, 'w3': 0.186, 'w4': 0.854, 'w5': 0.115, 'w6': 0.622, 'w7': 0.097, 'w8': 0.268, 'max_depth': 7, 'min_child_weight': 10, 'subsample': 0.9000000000000001, 'colsample_bytree': 0.9000000000000001, 'gamma': 0.4}. Best is trial 936 with value: 0.5209191336622977.
[I 2023-10-14 01:37:32,017] Trial 985 finished with value: 0.5153938964388999 and parameters: {'w0': 0.12000000000000001, 'w1': 0.76, 'w2': 0.11800000000000001, 'w3': 0.20900000000000002, 'w4': 0.856, 'w5': 0.115, 'w6': 0.611, 'w7': 0.091, 'w8': 0.46, 'max_depth': 7, 'min_child_weight': 10, 'subsample': 0.9000000000000001, 'colsample_bytree': 0.9000000000000001, 'gamma': 0.0}. Best is trial 936 with value: 0.5209191336622977.
[I 2023-10-14 01:37:42,042] Trial 984 finished with value: 0.5092637021472901 and parameters: {'w0': 0.13, 'w1': 0.772, 'w2': 0.125, 'w3': 0.221, 'w4': 0.863, 'w5': 0.247, 'w6': 0.633, 'w7': 0.091, 'w8': 0.439, 'max_depth': 7, 'min_child_weight': 10, 'subsample': 0.9000000000000001, 'colsample_bytree': 0.9000000000000001, 'gamma': 0.0}. Best is trial 936 with value: 0.5209191336622977.
[I 2023-10-14 01:37:50,597] Trial 993 finished with value: 0.5098437896613628 and parameters: {'w0': 0.14400000000000002, 'w1': 0.722, 'w2': 0.125, 'w3': 0.184, 'w4': 0.859, 'w5': 0.112, 'w6': 0.5680000000000001, 'w7': 0.094, 'w8': 0.41100000000000003, 'max_depth': 7, 'min_child_weight': 10, 'subsample': 0.9000000000000001, 'colsample_bytree': 0.9000000000000001, 'gamma': 0.4}. Best is trial 936 with value: 0.5209191336622977.
[I 2023-10-14 01:38:55,396] Trial 986 finished with value: 0.5109940269630968 and parameters: {'w0': 0.14500000000000002, 'w1': 0.722, 'w2': 0.123, 'w3': 0.211, 'w4': 0.856, 'w5': 0.11900000000000001, 'w6': 0.625, 'w7': 0.079, 'w8': 0.392, 'max_depth': 7, 'min_child_weight': 10, 'subsample': 0.9000000000000001, 'colsample_bytree': 0.9000000000000001, 'gamma': 0.0}. Best is trial 936 with value: 0.5209191336622977.
[I 2023-10-14 01:39:19,964] Trial 988 finished with value: 0.51075592785703 and parameters: {'w0': 0.139, 'w1': 0.724, 'w2': 0.129, 'w3': 0.187, 'w4': 0.86, 'w5': 0.109, 'w6': 0.632, 'w7': 0.09, 'w8': 0.342, 'max_depth': 7, 'min_child_weight': 10, 'subsample': 0.9000000000000001, 'colsample_bytree': 0.9000000000000001, 'gamma': 0.2}. Best is trial 936 with value: 0.5209191336622977.
[I 2023-10-14 01:40:27,118] Trial 992 finished with value: 0.4704695711102067 and parameters: {'w0': 0.15, 'w1': 0.723, 'w2': 0.852, 'w3': 0.183, 'w4': 0.859, 'w5': 0.11900000000000001, 'w6': 0.635, 'w7': 0.106, 'w8': 0.392, 'max_depth': 7, 'min_child_weight': 10, 'subsample': 0.9000000000000001, 'colsample_bytree': 0.9000000000000001, 'gamma': 0.4}. Best is trial 936 with value: 0.5209191336622977.
[I 2023-10-14 01:40:43,962] Trial 994 finished with value: 0.5125438016914708 and parameters: {'w0': 0.17, 'w1': 0.724, 'w2': 0.128, 'w3': 0.181, 'w4': 0.86, 'w5': 0.111, 'w6': 0.537, 'w7': 0.1, 'w8': 0.403, 'max_depth': 7, 'min_child_weight': 10, 'subsample': 0.9000000000000001, 'colsample_bytree': 0.9000000000000001, 'gamma': 0.4}. Best is trial 936 with value: 0.5209191336622977.
[I 2023-10-14 01:41:43,188] Trial 995 finished with value: 0.4888406255147976 and parameters: {'w0': 0.048, 'w1': 0.719, 'w2': 0.127, 'w3': 0.189, 'w4': 0.857, 'w5': 0.11, 'w6': 0.63, 'w7': 0.095, 'w8': 0.381, 'max_depth': 7, 'min_child_weight': 10, 'subsample': 0.9000000000000001, 'colsample_bytree': 0.9000000000000001, 'gamma': 0.4}. Best is trial 936 with value: 0.5209191336622977.
[I 2023-10-14 01:45:14,273] Trial 1002 finished with value: 0.4294494847133129 and parameters: {'w0': 0.17200000000000001, 'w1': 0.706, 'w2': 0.654, 'w3': 0.162, 'w4': 0.864, 'w5': 0.10300000000000001, 'w6': 0.625, 'w7': 0.137, 'w8': 0.437, 'max_depth': 8, 'min_child_weight': 10, 'subsample': 0.9000000000000001, 'colsample_bytree': 0.9000000000000001, 'gamma': 5.4}. Best is trial 936 with value: 0.5209191336622977.
[I 2023-10-14 01:46:12,715] Trial 996 finished with value: 0.44589362097737456 and parameters: {'w0': 0.006, 'w1': 0.719, 'w2': 0.14400000000000002, 'w3': 0.183, 'w4': 0.863, 'w5': 0.113, 'w6': 0.63, 'w7': 0.125, 'w8': 0.427, 'max_depth': 7, 'min_child_weight': 10, 'subsample': 0.9000000000000001, 'colsample_bytree': 0.9000000000000001, 'gamma': 0.4}. Best is trial 936 with value: 0.5209191336622977.
[I 2023-10-14 01:48:09,495] Trial 1009 finished with value: 0.41808106241435106 and parameters: {'w0': 0.17, 'w1': 0.709, 'w2': 0.05, 'w3': 0.20700000000000002, 'w4': 0.8220000000000001, 'w5': 0.097, 'w6': 0.535, 'w7': 0.122, 'w8': 0.47700000000000004, 'max_depth': 7, 'min_child_weight': 12, 'subsample': 0.9000000000000001, 'colsample_bytree': 0.9000000000000001, 'gamma': 9.200000000000001}. Best is trial 936 with value: 0.5209191336622977.
[I 2023-10-14 01:49:02,491] Trial 997 finished with value: 0.47305358294848854 and parameters: {'w0': 0.146, 'w1': 0.722, 'w2': 0.030000000000000002, 'w3': 0.162, 'w4': 0.86, 'w5': 0.107, 'w6': 0.642, 'w7': 0.101, 'w8': 0.47300000000000003, 'max_depth': 7, 'min_child_weight': 10, 'subsample': 0.9000000000000001, 'colsample_bytree': 0.9000000000000001, 'gamma': 0.4}. Best is trial 936 with value: 0.5209191336622977.
[I 2023-10-14 01:51:11,080] Trial 998 finished with value: 0.5104823058747101 and parameters: {'w0': 0.14200000000000002, 'w1': 0.719, 'w2': 0.127, 'w3': 0.157, 'w4': 0.9540000000000001, 'w5': 0.11, 'w6': 0.538, 'w7': 0.131, 'w8': 0.466, 'max_depth': 7, 'min_child_weight': 10, 'subsample': 0.9000000000000001, 'colsample_bytree': 0.9000000000000001, 'gamma': 0.4}. Best is trial 936 with value: 0.5209191336622977.
[I 2023-10-14 01:51:23,168] Trial 1001 finished with value: 0.4392256567785285 and parameters: {'w0': 0.042, 'w1': 0.714, 'w2': 0.044000000000000004, 'w3': 0.152, 'w4': 0.9510000000000001, 'w5': 0.107, 'w6': 0.07100000000000001, 'w7': 0.132, 'w8': 0.447, 'max_depth': 8, 'min_child_weight': 12, 'subsample': 0.9000000000000001, 'colsample_bytree': 0.9000000000000001, 'gamma': 0.4}. Best is trial 936 with value: 0.5209191336622977.
[I 2023-10-14 01:52:51,449] Trial 999 finished with value: 0.5125892231664082 and parameters: {'w0': 0.17, 'w1': 0.722, 'w2': 0.133, 'w3': 0.17400000000000002, 'w4': 0.864, 'w5': 0.108, 'w6': 0.623, 'w7': 0.107, 'w8': 0.443, 'max_depth': 7, 'min_child_weight': 10, 'subsample': 0.9000000000000001, 'colsample_bytree': 0.9000000000000001, 'gamma': 0.4}. Best is trial 936 with value: 0.5209191336622977.
