[I 2023-10-13 04:09:16,205] Trial 1782 finished with value: 0.5962802376562912 and parameters: {'w0': 0.341, 'w1': 0.543, 'w2': 0.29, 'w3': 0.616, 'w4': 0.982, 'w5': 0.194, 'w6': 0.9400000000000001, 'w7': 0.24000000000000002, 'w8': 0.97, 'max_depth': 10, 'min_child_weight': 0, 'subsample': 0.7, 'colsample_bytree': 0.8, 'gamma': 2.4000000000000004}. Best is trial 848 with value: 0.6005661897687894.
[I 2023-10-13 04:09:33,889] Trial 1781 finished with value: 0.5970920528982874 and parameters: {'w0': 0.34700000000000003, 'w1': 0.8220000000000001, 'w2': 0.29, 'w3': 0.613, 'w4': 0.898, 'w5': 0.202, 'w6': 0.934, 'w7': 0.266, 'w8': 0.909, 'max_depth': 10, 'min_child_weight': 0, 'subsample': 0.7, 'colsample_bytree': 0.8, 'gamma': 2.4000000000000004}. Best is trial 848 with value: 0.6005661897687894.
[I 2023-10-13 04:10:28,418] Trial 1783 finished with value: 0.5989317804705381 and parameters: {'w0': 0.34600000000000003, 'w1': 0.8290000000000001, 'w2': 0.28800000000000003, 'w3': 0.619, 'w4': 0.898, 'w5': 0.197, 'w6': 0.932, 'w7': 0.23700000000000002, 'w8': 0.976, 'max_depth': 10, 'min_child_weight': 0, 'subsample': 0.7, 'colsample_bytree': 0.8, 'gamma': 2.4000000000000004}. Best is trial 848 with value: 0.6005661897687894.
[I 2023-10-13 04:11:23,632] Trial 1784 finished with value: 0.5953595317780154 and parameters: {'w0': 0.343, 'w1': 0.584, 'w2': 0.294, 'w3': 0.622, 'w4': 0.899, 'w5': 0.2, 'w6': 0.9380000000000001, 'w7': 0.252, 'w8': 0.973, 'max_depth': 10, 'min_child_weight': 0, 'subsample': 0.7, 'colsample_bytree': 0.8, 'gamma': 2.4000000000000004}. Best is trial 848 with value: 0.6005661897687894.
[I 2023-10-13 04:12:25,887] Trial 1785 finished with value: 0.5955015884784423 and parameters: {'w0': 0.366, 'w1': 0.8320000000000001, 'w2': 0.291, 'w3': 0.619, 'w4': 0.997, 'w5': 0.193, 'w6': 0.9430000000000001, 'w7': 0.249, 'w8': 0.857, 'max_depth': 10, 'min_child_weight': 0, 'subsample': 0.7, 'colsample_bytree': 0.8, 'gamma': 2.4000000000000004}. Best is trial 848 with value: 0.6005661897687894.
[I 2023-10-13 04:13:27,771] Trial 1786 finished with value: 0.5985059754803166 and parameters: {'w0': 0.34, 'w1': 0.794, 'w2': 0.29, 'w3': 0.628, 'w4': 0.982, 'w5': 0.21, 'w6': 0.9430000000000001, 'w7': 0.245, 'w8': 0.917, 'max_depth': 10, 'min_child_weight': 0, 'subsample': 0.7, 'colsample_bytree': 0.8, 'gamma': 2.4000000000000004}. Best is trial 848 with value: 0.6005661897687894.
[I 2023-10-13 04:15:48,971] Trial 1787 finished with value: 0.5878361273258143 and parameters: {'w0': 0.343, 'w1': 0.802, 'w2': 0.329, 'w3': 0.631, 'w4': 0.986, 'w5': 0.202, 'w6': 0.933, 'w7': 0.242, 'w8': 0.854, 'max_depth': 10, 'min_child_weight': 10, 'subsample': 0.7, 'colsample_bytree': 0.8, 'gamma': 2.6}. Best is trial 848 with value: 0.6005661897687894.
[I 2023-10-13 04:18:39,519] Trial 1788 finished with value: 0.5961940627426224 and parameters: {'w0': 0.342, 'w1': 0.786, 'w2': 0.294, 'w3': 0.593, 'w4': 0.98, 'w5': 0.197, 'w6': 0.9380000000000001, 'w7': 0.268, 'w8': 0.968, 'max_depth': 10, 'min_child_weight': 2, 'subsample': 0.7, 'colsample_bytree': 0.8, 'gamma': 2.6}. Best is trial 848 with value: 0.6005661897687894.
[I 2023-10-13 04:19:14,920] Trial 1791 finished with value: 0.5954596026110703 and parameters: {'w0': 0.373, 'w1': 0.782, 'w2': 0.291, 'w3': 0.58, 'w4': 0.896, 'w5': 0.199, 'w6': 0.9380000000000001, 'w7': 0.275, 'w8': 0.962, 'max_depth': 10, 'min_child_weight': 2, 'subsample': 0.7, 'colsample_bytree': 0.8, 'gamma': 2.6}. Best is trial 848 with value: 0.6005661897687894.
[I 2023-10-13 04:19:30,599] Trial 1793 finished with value: 0.5886280056000266 and parameters: {'w0': 0.369, 'w1': 0.455, 'w2': 0.327, 'w3': 0.5770000000000001, 'w4': 0.983, 'w5': 0.198, 'w6': 0.866, 'w7': 0.281, 'w8': 0.897, 'max_depth': 10, 'min_child_weight': 2, 'subsample': 0.7, 'colsample_bytree': 0.6000000000000001, 'gamma': 3.0}. Best is trial 848 with value: 0.6005661897687894.
[I 2023-10-13 04:19:41,135] Trial 1795 finished with value: 0.593720295330446 and parameters: {'w0': 0.364, 'w1': 0.797, 'w2': 0.326, 'w3': 0.5760000000000001, 'w4': 0.981, 'w5': 0.229, 'w6': 0.849, 'w7': 0.276, 'w8': 0.859, 'max_depth': 10, 'min_child_weight': 2, 'subsample': 0.7, 'colsample_bytree': 0.6000000000000001, 'gamma': 3.0}. Best is trial 848 with value: 0.6005661897687894.
[I 2023-10-13 04:19:47,066] Trial 1796 finished with value: 0.5778571465651473 and parameters: {'w0': 0.367, 'w1': 0.464, 'w2': 0.325, 'w3': 0.642, 'w4': 0.98, 'w5': 0.723, 'w6': 0.849, 'w7': 0.277, 'w8': 0.38, 'max_depth': 10, 'min_child_weight': 2, 'subsample': 0.7, 'colsample_bytree': 0.6000000000000001, 'gamma': 3.0}. Best is trial 848 with value: 0.6005661897687894.
[I 2023-10-13 04:20:16,576] Trial 1790 finished with value: 0.5963637416987091 and parameters: {'w0': 0.369, 'w1': 0.784, 'w2': 0.326, 'w3': 0.631, 'w4': 0.979, 'w5': 0.224, 'w6': 0.937, 'w7': 0.265, 'w8': 0.853, 'max_depth': 10, 'min_child_weight': 2, 'subsample': 0.7, 'colsample_bytree': 0.8, 'gamma': 2.2}. Best is trial 848 with value: 0.6005661897687894.
[I 2023-10-13 04:20:41,469] Trial 1792 finished with value: 0.5584459859206145 and parameters: {'w0': 0.367, 'w1': 0.784, 'w2': 0.321, 'w3': 0.639, 'w4': 0.986, 'w5': 0.197, 'w6': 0.866, 'w7': 0.91, 'w8': 0.975, 'max_depth': 10, 'min_child_weight': 2, 'subsample': 0.7, 'colsample_bytree': 0.8, 'gamma': 3.0}. Best is trial 848 with value: 0.6005661897687894.
[I 2023-10-13 04:20:52,821] Trial 1794 finished with value: 0.5948527042373788 and parameters: {'w0': 0.36, 'w1': 0.47200000000000003, 'w2': 0.294, 'w3': 0.5750000000000001, 'w4': 0.981, 'w5': 0.198, 'w6': 0.857, 'w7': 0.269, 'w8': 0.971, 'max_depth': 10, 'min_child_weight': 2, 'subsample': 0.7, 'colsample_bytree': 0.8, 'gamma': 2.2}. Best is trial 848 with value: 0.6005661897687894.
[I 2023-10-13 04:21:50,099] Trial 1797 finished with value: 0.5888862645691995 and parameters: {'w0': 0.372, 'w1': 0.781, 'w2': 0.321, 'w3': 0.5750000000000001, 'w4': 0.982, 'w5': 0.224, 'w6': 0.872, 'w7': 0.281, 'w8': 0.862, 'max_depth': 10, 'min_child_weight': 2, 'subsample': 0.7, 'colsample_bytree': 0.6000000000000001, 'gamma': 2.6}. Best is trial 848 with value: 0.6005661897687894.
[I 2023-10-13 04:22:00,987] Trial 1798 finished with value: 0.5911372266309889 and parameters: {'w0': 0.369, 'w1': 0.784, 'w2': 0.322, 'w3': 0.581, 'w4': 1.0, 'w5': 0.269, 'w6': 0.853, 'w7': 0.28, 'w8': 0.852, 'max_depth': 10, 'min_child_weight': 2, 'subsample': 0.7, 'colsample_bytree': 0.6000000000000001, 'gamma': 3.0}. Best is trial 848 with value: 0.6005661897687894.
[I 2023-10-13 04:22:10,623] Trial 1789 finished with value: 0.5546802759574746 and parameters: {'w0': 0.884, 'w1': 0.796, 'w2': 0.329, 'w3': 0.632, 'w4': 0.893, 'w5': 0.196, 'w6': 0.929, 'w7': 0.926, 'w8': 0.921, 'max_depth': 10, 'min_child_weight': 2, 'subsample': 0.7, 'colsample_bytree': 0.8, 'gamma': 2.6}. Best is trial 848 with value: 0.6005661897687894.
[I 2023-10-13 04:24:12,831] Trial 1799 finished with value: 0.5881832273408192 and parameters: {'w0': 0.363, 'w1': 0.844, 'w2': 0.324, 'w3': 0.63, 'w4': 0.895, 'w5': 0.177, 'w6': 0.935, 'w7': 0.202, 'w8': 0.976, 'max_depth': 10, 'min_child_weight': 2, 'subsample': 0.7, 'colsample_bytree': 0.8, 'gamma': 2.2}. Best is trial 848 with value: 0.6005661897687894.
[I 2023-10-13 04:25:02,952] Trial 1800 finished with value: 0.5894354098867949 and parameters: {'w0': 0.359, 'w1': 0.834, 'w2': 0.317, 'w3': 0.637, 'w4': 0.876, 'w5': 0.178, 'w6': 0.937, 'w7': 0.20700000000000002, 'w8': 0.857, 'max_depth': 10, 'min_child_weight': 2, 'subsample': 0.7, 'colsample_bytree': 0.8, 'gamma': 2.2}. Best is trial 848 with value: 0.6005661897687894.
[I 2023-10-13 04:25:29,556] Trial 1801 finished with value: 0.5878223780689779 and parameters: {'w0': 0.228, 'w1': 0.47300000000000003, 'w2': 0.322, 'w3': 0.164, 'w4': 0.883, 'w5': 0.177, 'w6': 0.9410000000000001, 'w7': 0.281, 'w8': 1.0, 'max_depth': 10, 'min_child_weight': 2, 'subsample': 0.7, 'colsample_bytree': 0.8, 'gamma': 2.2}. Best is trial 848 with value: 0.6005661897687894.
[I 2023-10-13 04:27:33,808] Trial 1802 finished with value: 0.5932611128270932 and parameters: {'w0': 0.367, 'w1': 0.846, 'w2': 0.319, 'w3': 0.633, 'w4': 0.894, 'w5': 0.17600000000000002, 'w6': 0.9410000000000001, 'w7': 0.21, 'w8': 0.8270000000000001, 'max_depth': 10, 'min_child_weight': 2, 'subsample': 0.7, 'colsample_bytree': 0.8, 'gamma': 2.0}. Best is trial 848 with value: 0.6005661897687894.
[I 2023-10-13 04:29:49,716] Trial 1803 finished with value: 0.5959575873735938 and parameters: {'w0': 0.363, 'w1': 0.836, 'w2': 0.322, 'w3': 0.639, 'w4': 0.887, 'w5': 0.177, 'w6': 0.9440000000000001, 'w7': 0.275, 'w8': 0.8240000000000001, 'max_depth': 10, 'min_child_weight': 2, 'subsample': 0.7, 'colsample_bytree': 0.8, 'gamma': 2.0}. Best is trial 848 with value: 0.6005661897687894.
[I 2023-10-13 04:31:40,928] Trial 1814 finished with value: 0.5726085419837946 and parameters: {'w0': 0.319, 'w1': 0.841, 'w2': 0.308, 'w3': 0.644, 'w4': 0.887, 'w5': 0.17500000000000002, 'w6': 0.921, 'w7': 0.20500000000000002, 'w8': 0.991, 'max_depth': 10, 'min_child_weight': 2, 'subsample': 0.7, 'colsample_bytree': 0.8, 'gamma': 6.2}. Best is trial 848 with value: 0.6005661897687894.
[I 2023-10-13 04:31:50,337] Trial 1804 finished with value: 0.5677327268276222 and parameters: {'w0': 0.364, 'w1': 0.849, 'w2': 0.325, 'w3': 0.641, 'w4': 0.89, 'w5': 0.532, 'w6': 0.121, 'w7': 0.28200000000000003, 'w8': 0.971, 'max_depth': 10, 'min_child_weight': 2, 'subsample': 0.7, 'colsample_bytree': 0.8, 'gamma': 2.2}. Best is trial 848 with value: 0.6005661897687894.
[I 2023-10-13 04:32:05,867] Trial 1813 finished with value: 0.5507514755850969 and parameters: {'w0': 0.313, 'w1': 0.851, 'w2': 0.31, 'w3': 0.636, 'w4': 0.889, 'w5': 0.177, 'w6': 0.916, 'w7': 0.605, 'w8': 0.989, 'max_depth': 10, 'min_child_weight': 2, 'subsample': 0.7, 'colsample_bytree': 0.8, 'gamma': 6.2}. Best is trial 848 with value: 0.6005661897687894.
[I 2023-10-13 04:32:54,733] Trial 1808 finished with value: 0.5828299722415027 and parameters: {'w0': 0.367, 'w1': 0.837, 'w2': 0.32, 'w3': 0.635, 'w4': 0.894, 'w5': 0.177, 'w6': 0.272, 'w7': 0.20800000000000002, 'w8': 0.977, 'max_depth': 10, 'min_child_weight': 2, 'subsample': 0.7, 'colsample_bytree': 0.8, 'gamma': 2.0}. Best is trial 848 with value: 0.6005661897687894.
[I 2023-10-13 04:32:58,468] Trial 1806 finished with value: 0.5909774564430499 and parameters: {'w0': 0.361, 'w1': 0.847, 'w2': 0.323, 'w3': 0.628, 'w4': 0.887, 'w5': 0.18, 'w6': 0.92, 'w7': 0.20800000000000002, 'w8': 0.624, 'max_depth': 10, 'min_child_weight': 2, 'subsample': 0.7, 'colsample_bytree': 0.8, 'gamma': 2.0}. Best is trial 848 with value: 0.6005661897687894.
[I 2023-10-13 04:33:27,095] Trial 1805 finished with value: 0.5870561758206577 and parameters: {'w0': 0.372, 'w1': 0.843, 'w2': 0.331, 'w3': 0.636, 'w4': 0.891, 'w5': 0.434, 'w6': 0.919, 'w7': 0.212, 'w8': 0.8230000000000001, 'max_depth': 10, 'min_child_weight': 2, 'subsample': 0.7, 'colsample_bytree': 0.8, 'gamma': 2.0}. Best is trial 848 with value: 0.6005661897687894.
[I 2023-10-13 04:33:34,499] Trial 1807 finished with value: 0.5931368142897343 and parameters: {'w0': 0.232, 'w1': 0.843, 'w2': 0.316, 'w3': 0.64, 'w4': 0.882, 'w5': 0.17300000000000001, 'w6': 0.918, 'w7': 0.319, 'w8': 0.98, 'max_depth': 10, 'min_child_weight': 2, 'subsample': 0.7, 'colsample_bytree': 0.8, 'gamma': 2.0}. Best is trial 848 with value: 0.6005661897687894.
[I 2023-10-13 04:33:43,749] Trial 1809 finished with value: 0.5858098605619678 and parameters: {'w0': 0.324, 'w1': 0.841, 'w2': 0.316, 'w3': 0.642, 'w4': 0.895, 'w5': 0.17600000000000002, 'w6': 0.919, 'w7': 0.20900000000000002, 'w8': 0.8190000000000001, 'max_depth': 10, 'min_child_weight': 2, 'subsample': 0.7, 'colsample_bytree': 0.8, 'gamma': 2.0}. Best is trial 848 with value: 0.6005661897687894.
[I 2023-10-13 04:33:57,798] Trial 1810 finished with value: 0.5989332733683354 and parameters: {'w0': 0.356, 'w1': 0.84, 'w2': 0.31, 'w3': 0.594, 'w4': 0.893, 'w5': 0.17200000000000001, 'w6': 0.916, 'w7': 0.319, 'w8': 0.997, 'max_depth': 10, 'min_child_weight': 2, 'subsample': 0.7, 'colsample_bytree': 0.8, 'gamma': 2.2}. Best is trial 848 with value: 0.6005661897687894.
[I 2023-10-13 04:34:07,011] Trial 1811 finished with value: 0.5907061688614551 and parameters: {'w0': 0.334, 'w1': 0.8130000000000001, 'w2': 0.317, 'w3': 0.64, 'w4': 0.897, 'w5': 0.171, 'w6': 0.92, 'w7': 0.2, 'w8': 0.961, 'max_depth': 10, 'min_child_weight': 2, 'subsample': 0.7, 'colsample_bytree': 0.8, 'gamma': 2.0}. Best is trial 848 with value: 0.6005661897687894.
[I 2023-10-13 04:34:59,922] Trial 1812 finished with value: 0.5904827883392137 and parameters: {'w0': 0.311, 'w1': 0.837, 'w2': 0.314, 'w3': 0.64, 'w4': 0.889, 'w5': 0.167, 'w6': 0.919, 'w7': 0.215, 'w8': 0.8280000000000001, 'max_depth': 10, 'min_child_weight': 2, 'subsample': 0.7, 'colsample_bytree': 0.8, 'gamma': 2.0}. Best is trial 848 with value: 0.6005661897687894.
[I 2023-10-13 04:37:47,060] Trial 1815 finished with value: 0.5960736966995505 and parameters: {'w0': 0.233, 'w1': 0.847, 'w2': 0.306, 'w3': 0.642, 'w4': 0.886, 'w5': 0.171, 'w6': 0.916, 'w7': 0.317, 'w8': 0.968, 'max_depth': 10, 'min_child_weight': 2, 'subsample': 0.7, 'colsample_bytree': 0.8, 'gamma': 2.0}. Best is trial 848 with value: 0.6005661897687894.
[I 2023-10-13 04:38:27,536] Trial 1816 finished with value: 0.590742401867135 and parameters: {'w0': 0.336, 'w1': 0.839, 'w2': 0.301, 'w3': 0.637, 'w4': 0.879, 'w5': 0.17600000000000002, 'w6': 0.917, 'w7': 0.20600000000000002, 'w8': 0.961, 'max_depth': 10, 'min_child_weight': 2, 'subsample': 0.7, 'colsample_bytree': 0.8, 'gamma': 2.0}. Best is trial 848 with value: 0.6005661897687894.
[I 2023-10-13 04:39:08,189] Trial 1817 finished with value: 0.5880789700887201 and parameters: {'w0': 0.321, 'w1': 0.8320000000000001, 'w2': 0.301, 'w3': 0.636, 'w4': 0.887, 'w5': 0.535, 'w6': 0.916, 'w7': 0.20400000000000001, 'w8': 0.8200000000000001, 'max_depth': 10, 'min_child_weight': 2, 'subsample': 0.7, 'colsample_bytree': 0.8, 'gamma': 2.0}. Best is trial 848 with value: 0.6005661897687894.
[I 2023-10-13 04:41:32,249] Trial 1818 finished with value: 0.5991534862696941 and parameters: {'w0': 0.322, 'w1': 0.8330000000000001, 'w2': 0.294, 'w3': 0.641, 'w4': 0.928, 'w5': 0.149, 'w6': 0.92, 'w7': 0.32, 'w8': 0.992, 'max_depth': 10, 'min_child_weight': 2, 'subsample': 0.7, 'colsample_bytree': 0.8, 'gamma': 2.0}. Best is trial 848 with value: 0.6005661897687894.
[I 2023-10-13 04:44:13,298] Trial 1819 finished with value: 0.5908992092911135 and parameters: {'w0': 0.318, 'w1': 0.846, 'w2': 0.28300000000000003, 'w3': 0.632, 'w4': 0.935, 'w5': 0.437, 'w6': 0.916, 'w7': 0.318, 'w8': 1.0, 'max_depth': 10, 'min_child_weight': 2, 'subsample': 0.7, 'colsample_bytree': 0.8, 'gamma': 2.0}. Best is trial 848 with value: 0.6005661897687894.
[I 2023-10-13 04:45:28,383] Trial 1820 finished with value: 0.5912001320101192 and parameters: {'w0': 0.323, 'w1': 0.8140000000000001, 'w2': 0.28200000000000003, 'w3': 0.633, 'w4': 0.93, 'w5': 0.146, 'w6': 0.917, 'w7': 0.316, 'w8': 0.8270000000000001, 'max_depth': 10, 'min_child_weight': 2, 'subsample': 0.7, 'colsample_bytree': 0.8, 'gamma': 2.0}. Best is trial 848 with value: 0.6005661897687894.
[I 2023-10-13 04:45:55,769] Trial 1821 finished with value: 0.5897602322189255 and parameters: {'w0': 0.33, 'w1': 0.845, 'w2': 0.278, 'w3': 0.64, 'w4': 0.929, 'w5': 0.16, 'w6': 0.917, 'w7': 0.328, 'w8': 0.964, 'max_depth': 10, 'min_child_weight': 2, 'subsample': 0.7, 'colsample_bytree': 0.8, 'gamma': 2.0}. Best is trial 848 with value: 0.6005661897687894.
[I 2023-10-13 04:46:41,810] Trial 1822 finished with value: 0.5651648495857233 and parameters: {'w0': 0.331, 'w1': 0.8210000000000001, 'w2': 0.28900000000000003, 'w3': 0.639, 'w4': 0.006, 'w5': 0.151, 'w6': 0.915, 'w7': 0.317, 'w8': 0.989, 'max_depth': 10, 'min_child_weight': 2, 'subsample': 0.7, 'colsample_bytree': 0.8, 'gamma': 1.8}. Best is trial 848 with value: 0.6005661897687894.
[I 2023-10-13 04:47:05,676] Trial 1823 finished with value: 0.5960431483626595 and parameters: {'w0': 0.335, 'w1': 0.809, 'w2': 0.28400000000000003, 'w3': 0.625, 'w4': 0.932, 'w5': 0.154, 'w6': 0.9450000000000001, 'w7': 0.317, 'w8': 0.8270000000000001, 'max_depth': 10, 'min_child_weight': 2, 'subsample': 0.7, 'colsample_bytree': 0.8, 'gamma': 2.0}. Best is trial 848 with value: 0.6005661897687894.
[I 2023-10-13 04:48:44,176] Trial 1826 finished with value: 0.5911460016730462 and parameters: {'w0': 0.33, 'w1': 0.8130000000000001, 'w2': 0.28, 'w3': 0.597, 'w4': 0.926, 'w5': 0.14300000000000002, 'w6': 0.918, 'w7': 0.316, 'w8': 0.9540000000000001, 'max_depth': 10, 'min_child_weight': 2, 'subsample': 0.7, 'colsample_bytree': 0.8, 'gamma': 1.8}. Best is trial 848 with value: 0.6005661897687894.
[I 2023-10-13 04:49:16,563] Trial 1827 finished with value: 0.5940885581551552 and parameters: {'w0': 0.332, 'w1': 0.8130000000000001, 'w2': 0.29, 'w3': 0.602, 'w4': 0.934, 'w5': 0.396, 'w6': 0.9420000000000001, 'w7': 0.31, 'w8': 0.963, 'max_depth': 10, 'min_child_weight': 2, 'subsample': 0.7, 'colsample_bytree': 0.8, 'gamma': 1.8}. Best is trial 848 with value: 0.6005661897687894.
[I 2023-10-13 04:50:38,774] Trial 1829 finished with value: 0.5928988245654617 and parameters: {'w0': 0.337, 'w1': 0.8170000000000001, 'w2': 0.28600000000000003, 'w3': 0.598, 'w4': 0.924, 'w5': 0.152, 'w6': 0.88, 'w7': 0.335, 'w8': 0.9590000000000001, 'max_depth': 10, 'min_child_weight': 0, 'subsample': 0.7, 'colsample_bytree': 0.8, 'gamma': 1.8}. Best is trial 848 with value: 0.6005661897687894.
[I 2023-10-13 04:51:41,022] Trial 1832 finished with value: 0.5827216355710066 and parameters: {'w0': 0.333, 'w1': 0.8170000000000001, 'w2': 0.28200000000000003, 'w3': 0.594, 'w4': 0.923, 'w5': 0.223, 'w6': 0.884, 'w7': 0.329, 'w8': 0.974, 'max_depth': 10, 'min_child_weight': 0, 'subsample': 0.4, 'colsample_bytree': 0.8, 'gamma': 4.2}. Best is trial 848 with value: 0.6005661897687894.
[I 2023-10-13 04:53:10,591] Trial 1830 finished with value: 0.5885259798752465 and parameters: {'w0': 0.336, 'w1': 0.869, 'w2': 0.359, 'w3': 0.589, 'w4': 0.924, 'w5': 0.5710000000000001, 'w6': 0.882, 'w7': 0.336, 'w8': 0.998, 'max_depth': 10, 'min_child_weight': 0, 'subsample': 0.7, 'colsample_bytree': 0.8, 'gamma': 1.8}. Best is trial 848 with value: 0.6005661897687894.
[I 2023-10-13 04:54:24,600] Trial 1834 finished with value: 0.5779771029716122 and parameters: {'w0': 0.34800000000000003, 'w1': 0.865, 'w2': 0.277, 'w3': 0.6, 'w4': 0.935, 'w5': 0.622, 'w6': 0.883, 'w7': 0.34900000000000003, 'w8': 0.977, 'max_depth': 10, 'min_child_weight': 0, 'subsample': 0.7, 'colsample_bytree': 0.8, 'gamma': 4.2}. Best is trial 848 with value: 0.6005661897687894.
[I 2023-10-13 04:54:31,168] Trial 1824 finished with value: 0.5890278463075216 and parameters: {'w0': 0.336, 'w1': 0.8150000000000001, 'w2': 0.28400000000000003, 'w3': 0.592, 'w4': 0.93, 'w5': 0.618, 'w6': 0.919, 'w7': 0.227, 'w8': 0.9590000000000001, 'max_depth': 10, 'min_child_weight': 2, 'subsample': 0.4, 'colsample_bytree': 0.8, 'gamma': 1.8}. Best is trial 848 with value: 0.6005661897687894.
[I 2023-10-13 04:55:02,321] Trial 1831 finished with value: 0.5928964062451795 and parameters: {'w0': 0.338, 'w1': 0.8140000000000001, 'w2': 0.28500000000000003, 'w3': 0.591, 'w4': 0.928, 'w5': 0.227, 'w6': 0.911, 'w7': 0.327, 'w8': 0.997, 'max_depth': 10, 'min_child_weight': 0, 'subsample': 0.7, 'colsample_bytree': 0.8, 'gamma': 1.8}. Best is trial 848 with value: 0.6005661897687894.
[I 2023-10-13 04:55:31,389] Trial 1825 finished with value: 0.5878547978833102 and parameters: {'w0': 0.333, 'w1': 0.812, 'w2': 0.28800000000000003, 'w3': 0.593, 'w4': 0.93, 'w5': 0.154, 'w6': 0.914, 'w7': 0.314, 'w8': 0.961, 'max_depth': 10, 'min_child_weight': 2, 'subsample': 0.4, 'colsample_bytree': 0.8, 'gamma': 1.8}. Best is trial 848 with value: 0.6005661897687894.
[I 2023-10-13 04:56:22,862] Trial 1828 finished with value: 0.5872838773007582 and parameters: {'w0': 0.35100000000000003, 'w1': 0.8170000000000001, 'w2': 0.281, 'w3': 0.59, 'w4': 0.924, 'w5': 0.223, 'w6': 0.915, 'w7': 0.339, 'w8': 0.991, 'max_depth': 10, 'min_child_weight': 2, 'subsample': 0.4, 'colsample_bytree': 0.8, 'gamma': 1.8}. Best is trial 848 with value: 0.6005661897687894.
[I 2023-10-13 04:58:09,700] Trial 1838 finished with value: 0.5635395636068672 and parameters: {'w0': 0.384, 'w1': 0.869, 'w2': 0.275, 'w3': 0.599, 'w4': 0.928, 'w5': 0.23, 'w6': 0.885, 'w7': 0.34, 'w8': 0.992, 'max_depth': 10, 'min_child_weight': 0, 'subsample': 0.7, 'colsample_bytree': 0.8, 'gamma': 7.800000000000001}. Best is trial 848 with value: 0.6005661897687894.
[I 2023-10-13 05:02:29,958] Trial 1842 finished with value: 0.5534628329037371 and parameters: {'w0': 0.383, 'w1': 0.868, 'w2': 0.267, 'w3': 0.61, 'w4': 0.935, 'w5': 0.225, 'w6': 0.891, 'w7': 0.384, 'w8': 0.996, 'max_depth': 10, 'min_child_weight': 0, 'subsample': 0.7, 'colsample_bytree': 0.8, 'gamma': 7.800000000000001}. Best is trial 848 with value: 0.6005661897687894.
[I 2023-10-13 05:03:06,283] Trial 1833 finished with value: 0.5884446176487022 and parameters: {'w0': 0.336, 'w1': 0.809, 'w2': 0.281, 'w3': 0.593, 'w4': 0.921, 'w5': 0.22, 'w6': 0.895, 'w7': 0.334, 'w8': 0.998, 'max_depth': 10, 'min_child_weight': 0, 'subsample': 0.4, 'colsample_bytree': 0.8, 'gamma': 1.8}. Best is trial 848 with value: 0.6005661897687894.
[I 2023-10-13 05:03:20,405] Trial 1835 finished with value: 0.587940033080735 and parameters: {'w0': 0.334, 'w1': 0.871, 'w2': 0.28500000000000003, 'w3': 0.595, 'w4': 0.927, 'w5': 0.224, 'w6': 0.878, 'w7': 0.338, 'w8': 0.999, 'max_depth': 10, 'min_child_weight': 14, 'subsample': 0.7, 'colsample_bytree': 0.8, 'gamma': 1.8}. Best is trial 848 with value: 0.6005661897687894.
