[I 2023-10-10 18:34:36,534] Trial 333 finished with value: 0.6120224611269084 and parameters: {'w0': 0.28400000000000003, 'w1': 0.763, 'w2': 0.398, 'w3': 0.718, 'w4': 0.975, 'w5': 0.41000000000000003, 'w6': 0.9460000000000001, 'w7': 0.536, 'w8': 0.759, 'max_depth': 7, 'min_child_weight': 16, 'subsample': 0.9000000000000001, 'colsample_bytree': 0.6000000000000001, 'gamma': 0.0}. Best is trial 323 with value: 0.614783673068297.
[I 2023-10-10 18:34:45,788] Trial 332 finished with value: 0.6083082514727043 and parameters: {'w0': 0.301, 'w1': 0.797, 'w2': 0.396, 'w3': 0.7000000000000001, 'w4': 0.924, 'w5': 0.377, 'w6': 0.975, 'w7': 0.542, 'w8': 0.722, 'max_depth': 7, 'min_child_weight': 16, 'subsample': 0.9000000000000001, 'colsample_bytree': 0.6000000000000001, 'gamma': 0.0}. Best is trial 323 with value: 0.614783673068297.
[I 2023-10-10 18:38:29,005] Trial 334 finished with value: 0.6081676086855095 and parameters: {'w0': 0.28800000000000003, 'w1': 0.791, 'w2': 0.41700000000000004, 'w3': 0.729, 'w4': 0.962, 'w5': 0.368, 'w6': 0.976, 'w7': 0.548, 'w8': 0.728, 'max_depth': 7, 'min_child_weight': 16, 'subsample': 1.0, 'colsample_bytree': 0.6000000000000001, 'gamma': 0.0}. Best is trial 323 with value: 0.614783673068297.
[I 2023-10-10 18:40:02,505] Trial 320 finished with value: 0.5674338831229334 and parameters: {'w0': 0.294, 'w1': 0.031, 'w2': 0.399, 'w3': 0.34600000000000003, 'w4': 0.899, 'w5': 0.498, 'w6': 0.9460000000000001, 'w7': 0.021, 'w8': 0.733, 'max_depth': 7, 'min_child_weight': 0, 'subsample': 0.9000000000000001, 'colsample_bytree': 1.0, 'gamma': 0.0}. Best is trial 323 with value: 0.614783673068297.
[I 2023-10-10 18:40:40,334] Trial 335 finished with value: 0.6038796843413161 and parameters: {'w0': 0.28800000000000003, 'w1': 0.766, 'w2': 0.427, 'w3': 0.718, 'w4': 0.968, 'w5': 0.369, 'w6': 0.975, 'w7': 0.543, 'w8': 0.7010000000000001, 'max_depth': 7, 'min_child_weight': 16, 'subsample': 0.9000000000000001, 'colsample_bytree': 0.6000000000000001, 'gamma': 0.0}. Best is trial 323 with value: 0.614783673068297.
[I 2023-10-10 18:44:29,608] Trial 336 finished with value: 0.6067062448932293 and parameters: {'w0': 0.299, 'w1': 0.763, 'w2': 0.428, 'w3': 0.738, 'w4': 0.925, 'w5': 0.421, 'w6': 0.977, 'w7': 0.542, 'w8': 0.707, 'max_depth': 7, 'min_child_weight': 16, 'subsample': 0.9000000000000001, 'colsample_bytree': 0.6000000000000001, 'gamma': 0.0}. Best is trial 323 with value: 0.614783673068297.
[I 2023-10-10 18:45:08,574] Trial 337 finished with value: 0.608754230710091 and parameters: {'w0': 0.264, 'w1': 0.766, 'w2': 0.426, 'w3': 0.7020000000000001, 'w4': 0.97, 'w5': 0.457, 'w6': 0.597, 'w7': 0.544, 'w8': 0.742, 'max_depth': 7, 'min_child_weight': 16, 'subsample': 1.0, 'colsample_bytree': 0.6000000000000001, 'gamma': 0.0}. Best is trial 323 with value: 0.614783673068297.
[I 2023-10-10 18:45:17,808] Trial 339 finished with value: 0.6081146086136207 and parameters: {'w0': 0.272, 'w1': 0.756, 'w2': 0.421, 'w3': 0.7030000000000001, 'w4': 0.972, 'w5': 0.266, 'w6': 0.977, 'w7': 0.548, 'w8': 0.721, 'max_depth': 7, 'min_child_weight': 16, 'subsample': 1.0, 'colsample_bytree': 0.6000000000000001, 'gamma': 0.2}. Best is trial 323 with value: 0.614783673068297.
[I 2023-10-10 18:45:43,208] Trial 338 finished with value: 0.6043531347369445 and parameters: {'w0': 0.271, 'w1': 0.762, 'w2': 0.34800000000000003, 'w3': 0.71, 'w4': 0.963, 'w5': 0.183, 'w6': 0.593, 'w7': 0.539, 'w8': 0.706, 'max_depth': 7, 'min_child_weight': 16, 'subsample': 1.0, 'colsample_bytree': 0.6000000000000001, 'gamma': 0.0}. Best is trial 323 with value: 0.614783673068297.
[I 2023-10-10 18:46:34,532] Trial 340 finished with value: 0.5900545060380169 and parameters: {'w0': 0.277, 'w1': 0.765, 'w2': 0.423, 'w3': 0.719, 'w4': 0.9550000000000001, 'w5': 0.275, 'w6': 0.974, 'w7': 0.9430000000000001, 'w8': 0.735, 'max_depth': 7, 'min_child_weight': 16, 'subsample': 1.0, 'colsample_bytree': 0.6000000000000001, 'gamma': 0.2}. Best is trial 323 with value: 0.614783673068297.
[I 2023-10-10 18:47:07,406] Trial 341 finished with value: 0.6067386549943031 and parameters: {'w0': 0.265, 'w1': 0.768, 'w2': 0.421, 'w3': 0.759, 'w4': 0.971, 'w5': 0.293, 'w6': 0.975, 'w7': 0.54, 'w8': 0.737, 'max_depth': 7, 'min_child_weight': 16, 'subsample': 1.0, 'colsample_bytree': 0.6000000000000001, 'gamma': 0.2}. Best is trial 323 with value: 0.614783673068297.
[I 2023-10-10 18:47:30,325] Trial 342 finished with value: 0.586444122843736 and parameters: {'w0': 0.265, 'w1': 0.721, 'w2': 0.356, 'w3': 0.717, 'w4': 0.9400000000000001, 'w5': 0.257, 'w6': 0.681, 'w7': 0.935, 'w8': 0.72, 'max_depth': 7, 'min_child_weight': 16, 'subsample': 1.0, 'colsample_bytree': 0.6000000000000001, 'gamma': 0.2}. Best is trial 323 with value: 0.614783673068297.
[I 2023-10-10 18:48:18,959] Trial 343 finished with value: 0.6167806850833912 and parameters: {'w0': 0.264, 'w1': 0.763, 'w2': 0.424, 'w3': 0.721, 'w4': 0.936, 'w5': 0.374, 'w6': 0.973, 'w7': 0.465, 'w8': 0.739, 'max_depth': 7, 'min_child_weight': 16, 'subsample': 1.0, 'colsample_bytree': 0.6000000000000001, 'gamma': 0.2}. Best is trial 343 with value: 0.6167806850833912.
[I 2023-10-10 18:48:37,400] Trial 344 finished with value: 0.6067991447584916 and parameters: {'w0': 0.267, 'w1': 0.765, 'w2': 0.361, 'w3': 0.759, 'w4': 0.9600000000000001, 'w5': 0.369, 'w6': 0.594, 'w7': 0.541, 'w8': 0.733, 'max_depth': 7, 'min_child_weight': 16, 'subsample': 1.0, 'colsample_bytree': 0.6000000000000001, 'gamma': 0.2}. Best is trial 343 with value: 0.6167806850833912.
[I 2023-10-10 18:51:57,918] Trial 345 finished with value: 0.6096495503541757 and parameters: {'w0': 0.26, 'w1': 0.72, 'w2': 0.364, 'w3': 0.717, 'w4': 0.972, 'w5': 0.08600000000000001, 'w6': 0.639, 'w7': 0.467, 'w8': 0.722, 'max_depth': 7, 'min_child_weight': 16, 'subsample': 1.0, 'colsample_bytree': 0.6000000000000001, 'gamma': 0.2}. Best is trial 343 with value: 0.6167806850833912.
[I 2023-10-10 18:54:14,179] Trial 346 finished with value: 0.6155451815999934 and parameters: {'w0': 0.244, 'w1': 0.724, 'w2': 0.362, 'w3': 0.739, 'w4': 0.9550000000000001, 'w5': 0.09, 'w6': 0.635, 'w7': 0.461, 'w8': 0.733, 'max_depth': 7, 'min_child_weight': 16, 'subsample': 1.0, 'colsample_bytree': 0.9000000000000001, 'gamma': 0.2}. Best is trial 343 with value: 0.6167806850833912.
[I 2023-10-10 18:56:58,809] Trial 347 finished with value: 0.6140536270872625 and parameters: {'w0': 0.23900000000000002, 'w1': 0.763, 'w2': 0.356, 'w3': 0.712, 'w4': 0.9450000000000001, 'w5': 0.297, 'w6': 0.929, 'w7': 0.47300000000000003, 'w8': 0.736, 'max_depth': 7, 'min_child_weight': 16, 'subsample': 1.0, 'colsample_bytree': 0.6000000000000001, 'gamma': 0.2}. Best is trial 343 with value: 0.6167806850833912.
[I 2023-10-10 18:57:16,893] Trial 348 finished with value: 0.6127344826754666 and parameters: {'w0': 0.246, 'w1': 0.721, 'w2': 0.369, 'w3': 0.761, 'w4': 0.9530000000000001, 'w5': 0.14300000000000002, 'w6': 0.937, 'w7': 0.462, 'w8': 0.729, 'max_depth': 7, 'min_child_weight': 16, 'subsample': 1.0, 'colsample_bytree': 0.6000000000000001, 'gamma': 0.2}. Best is trial 343 with value: 0.6167806850833912.
[I 2023-10-10 19:00:38,390] Trial 349 finished with value: 0.6088060681509261 and parameters: {'w0': 0.255, 'w1': 0.758, 'w2': 0.354, 'w3': 0.713, 'w4': 0.973, 'w5': 0.422, 'w6': 0.581, 'w7': 0.466, 'w8': 0.744, 'max_depth': 7, 'min_child_weight': 16, 'subsample': 1.0, 'colsample_bytree': 0.6000000000000001, 'gamma': 0.2}. Best is trial 343 with value: 0.6167806850833912.
[I 2023-10-10 19:02:32,824] Trial 350 finished with value: 0.6146702874620297 and parameters: {'w0': 0.258, 'w1': 0.8320000000000001, 'w2': 0.366, 'w3': 0.759, 'w4': 0.964, 'w5': 0.254, 'w6': 0.9410000000000001, 'w7': 0.467, 'w8': 0.753, 'max_depth': 7, 'min_child_weight': 16, 'subsample': 1.0, 'colsample_bytree': 0.6000000000000001, 'gamma': 0.2}. Best is trial 343 with value: 0.6167806850833912.
[I 2023-10-10 19:02:50,418] Trial 351 finished with value: 0.6143336115462457 and parameters: {'w0': 0.261, 'w1': 0.8310000000000001, 'w2': 0.367, 'w3': 0.766, 'w4': 0.977, 'w5': 0.23600000000000002, 'w6': 0.5740000000000001, 'w7': 0.463, 'w8': 0.757, 'max_depth': 7, 'min_child_weight': 16, 'subsample': 1.0, 'colsample_bytree': 0.6000000000000001, 'gamma': 0.2}. Best is trial 343 with value: 0.6167806850833912.
[I 2023-10-10 19:03:38,641] Trial 357 finished with value: 0.6094326790244962 and parameters: {'w0': 0.23800000000000002, 'w1': 0.722, 'w2': 0.381, 'w3': 0.657, 'w4': 0.9410000000000001, 'w5': 0.08600000000000001, 'w6': 0.931, 'w7': 0.463, 'w8': 0.759, 'max_depth': 7, 'min_child_weight': 18, 'subsample': 1.0, 'colsample_bytree': 0.9000000000000001, 'gamma': 0.4}. Best is trial 343 with value: 0.6167806850833912.
[I 2023-10-10 19:05:09,806] Trial 359 finished with value: 0.6100070021927312 and parameters: {'w0': 0.247, 'w1': 0.8180000000000001, 'w2': 0.386, 'w3': 0.756, 'w4': 0.931, 'w5': 0.41500000000000004, 'w6': 0.5680000000000001, 'w7': 0.467, 'w8': 0.755, 'max_depth': 7, 'min_child_weight': 16, 'subsample': 1.0, 'colsample_bytree': 0.9000000000000001, 'gamma': 0.4}. Best is trial 343 with value: 0.6167806850833912.
[I 2023-10-10 19:06:07,351] Trial 360 finished with value: 0.6070310571066531 and parameters: {'w0': 0.228, 'w1': 0.8310000000000001, 'w2': 0.374, 'w3': 0.6880000000000001, 'w4': 0.9410000000000001, 'w5': 0.41600000000000004, 'w6': 0.932, 'w7': 0.47700000000000004, 'w8': 0.757, 'max_depth': 7, 'min_child_weight': 16, 'subsample': 1.0, 'colsample_bytree': 0.9000000000000001, 'gamma': 0.4}. Best is trial 343 with value: 0.6167806850833912.
[I 2023-10-10 19:07:51,951] Trial 352 finished with value: 0.6158591718628241 and parameters: {'w0': 0.255, 'w1': 0.72, 'w2': 0.371, 'w3': 0.77, 'w4': 0.981, 'w5': 0.275, 'w6': 0.626, 'w7': 0.463, 'w8': 0.738, 'max_depth': 7, 'min_child_weight': 16, 'subsample': 1.0, 'colsample_bytree': 0.9000000000000001, 'gamma': 0.2}. Best is trial 343 with value: 0.6167806850833912.
[I 2023-10-10 19:08:49,509] Trial 353 finished with value: 0.6128365297801216 and parameters: {'w0': 0.244, 'w1': 0.8300000000000001, 'w2': 0.361, 'w3': 0.755, 'w4': 0.99, 'w5': 0.41500000000000004, 'w6': 0.933, 'w7': 0.463, 'w8': 0.756, 'max_depth': 7, 'min_child_weight': 16, 'subsample': 1.0, 'colsample_bytree': 0.9000000000000001, 'gamma': 0.2}. Best is trial 343 with value: 0.6167806850833912.
[I 2023-10-10 19:09:05,013] Trial 354 finished with value: 0.6149777618116655 and parameters: {'w0': 0.247, 'w1': 0.727, 'w2': 0.375, 'w3': 0.753, 'w4': 0.9450000000000001, 'w5': 0.41600000000000004, 'w6': 0.929, 'w7': 0.467, 'w8': 0.753, 'max_depth': 7, 'min_child_weight': 16, 'subsample': 1.0, 'colsample_bytree': 0.9000000000000001, 'gamma': 0.2}. Best is trial 343 with value: 0.6167806850833912.
[I 2023-10-10 19:09:18,716] Trial 355 finished with value: 0.6120283489887131 and parameters: {'w0': 0.23900000000000002, 'w1': 0.715, 'w2': 0.374, 'w3': 0.711, 'w4': 0.937, 'w5': 0.315, 'w6': 0.649, 'w7': 0.463, 'w8': 0.759, 'max_depth': 7, 'min_child_weight': 16, 'subsample': 1.0, 'colsample_bytree': 0.9000000000000001, 'gamma': 0.2}. Best is trial 343 with value: 0.6167806850833912.
[I 2023-10-10 19:09:53,856] Trial 356 finished with value: 0.6166630290656129 and parameters: {'w0': 0.256, 'w1': 0.8270000000000001, 'w2': 0.377, 'w3': 0.756, 'w4': 0.999, 'w5': 0.085, 'w6': 0.931, 'w7': 0.464, 'w8': 0.753, 'max_depth': 7, 'min_child_weight': 16, 'subsample': 1.0, 'colsample_bytree': 0.9000000000000001, 'gamma': 0.2}. Best is trial 343 with value: 0.6167806850833912.
[I 2023-10-10 19:12:19,055] Trial 358 finished with value: 0.6143420674286659 and parameters: {'w0': 0.249, 'w1': 0.8280000000000001, 'w2': 0.382, 'w3': 0.761, 'w4': 0.9410000000000001, 'w5': 0.41000000000000003, 'w6': 0.93, 'w7': 0.463, 'w8': 0.759, 'max_depth': 7, 'min_child_weight': 18, 'subsample': 0.9000000000000001, 'colsample_bytree': 0.9000000000000001, 'gamma': 0.4}. Best is trial 343 with value: 0.6167806850833912.
[I 2023-10-10 19:14:11,019] Trial 363 finished with value: 0.6065297478720831 and parameters: {'w0': 0.233, 'w1': 0.836, 'w2': 0.381, 'w3': 0.74, 'w4': 0.9390000000000001, 'w5': 0.226, 'w6': 0.632, 'w7': 0.465, 'w8': 0.684, 'max_depth': 7, 'min_child_weight': 16, 'subsample': 1.0, 'colsample_bytree': 0.9000000000000001, 'gamma': 0.4}. Best is trial 343 with value: 0.6167806850833912.
[I 2023-10-10 19:14:38,548] Trial 364 finished with value: 0.6098144468448454 and parameters: {'w0': 0.234, 'w1': 0.725, 'w2': 0.382, 'w3': 0.767, 'w4': 0.9410000000000001, 'w5': 0.328, 'w6': 0.649, 'w7': 0.465, 'w8': 0.756, 'max_depth': 7, 'min_child_weight': 16, 'subsample': 1.0, 'colsample_bytree': 0.9000000000000001, 'gamma': 0.4}. Best is trial 343 with value: 0.6167806850833912.
[I 2023-10-10 19:17:11,140] Trial 361 finished with value: 0.6101402383450989 and parameters: {'w0': 0.23500000000000001, 'w1': 0.8310000000000001, 'w2': 0.382, 'w3': 0.653, 'w4': 0.937, 'w5': 0.40800000000000003, 'w6': 0.936, 'w7': 0.463, 'w8': 0.757, 'max_depth': 7, 'min_child_weight': 16, 'subsample': 0.9000000000000001, 'colsample_bytree': 0.9000000000000001, 'gamma': 0.4}. Best is trial 343 with value: 0.6167806850833912.
[I 2023-10-10 19:18:07,053] Trial 365 finished with value: 0.6082301446029564 and parameters: {'w0': 0.233, 'w1': 0.722, 'w2': 0.375, 'w3': 0.762, 'w4': 0.9400000000000001, 'w5': 0.161, 'w6': 0.933, 'w7': 0.465, 'w8': 0.764, 'max_depth': 7, 'min_child_weight': 16, 'subsample': 1.0, 'colsample_bytree': 0.9000000000000001, 'gamma': 0.4}. Best is trial 343 with value: 0.6167806850833912.
[I 2023-10-10 19:19:04,048] Trial 362 finished with value: 0.6113197990595054 and parameters: {'w0': 0.232, 'w1': 0.8290000000000001, 'w2': 0.385, 'w3': 0.758, 'w4': 0.9380000000000001, 'w5': 0.148, 'w6': 0.56, 'w7': 0.463, 'w8': 0.68, 'max_depth': 7, 'min_child_weight': 16, 'subsample': 0.9000000000000001, 'colsample_bytree': 0.9000000000000001, 'gamma': 0.4}. Best is trial 343 with value: 0.6167806850833912.
[I 2023-10-10 19:19:31,656] Trial 367 finished with value: 0.6096791718321349 and parameters: {'w0': 0.234, 'w1': 0.724, 'w2': 0.378, 'w3': 0.767, 'w4': 0.993, 'w5': 0.153, 'w6': 0.5700000000000001, 'w7': 0.468, 'w8': 0.682, 'max_depth': 7, 'min_child_weight': 16, 'subsample': 1.0, 'colsample_bytree': 0.9000000000000001, 'gamma': 0.4}. Best is trial 343 with value: 0.6167806850833912.
[I 2023-10-10 19:19:47,781] Trial 366 finished with value: 0.6091948371406777 and parameters: {'w0': 0.228, 'w1': 0.8240000000000001, 'w2': 0.384, 'w3': 0.756, 'w4': 0.9400000000000001, 'w5': 0.225, 'w6': 0.647, 'w7': 0.46, 'w8': 0.76, 'max_depth': 7, 'min_child_weight': 16, 'subsample': 1.0, 'colsample_bytree': 0.9000000000000001, 'gamma': 0.4}. Best is trial 343 with value: 0.6167806850833912.
[I 2023-10-10 19:20:32,123] Trial 368 finished with value: 0.6121595660983231 and parameters: {'w0': 0.23500000000000001, 'w1': 0.8180000000000001, 'w2': 0.342, 'w3': 0.758, 'w4': 0.987, 'w5': 0.22, 'w6': 0.921, 'w7': 0.459, 'w8': 0.684, 'max_depth': 7, 'min_child_weight': 16, 'subsample': 1.0, 'colsample_bytree': 0.6000000000000001, 'gamma': 0.4}. Best is trial 343 with value: 0.6167806850833912.
[I 2023-10-10 19:21:29,759] Trial 369 finished with value: 0.6050904182542374 and parameters: {'w0': 0.231, 'w1': 0.8300000000000001, 'w2': 0.343, 'w3': 0.746, 'w4': 0.937, 'w5': 0.225, 'w6': 0.92, 'w7': 0.488, 'w8': 0.76, 'max_depth': 7, 'min_child_weight': 16, 'subsample': 1.0, 'colsample_bytree': 0.6000000000000001, 'gamma': 0.4}. Best is trial 343 with value: 0.6167806850833912.
[I 2023-10-10 19:22:25,543] Trial 370 finished with value: 0.6138673771514007 and parameters: {'w0': 0.227, 'w1': 0.726, 'w2': 0.376, 'w3': 0.77, 'w4': 1.0, 'w5': 0.158, 'w6': 0.922, 'w7': 0.459, 'w8': 0.774, 'max_depth': 7, 'min_child_weight': 16, 'subsample': 1.0, 'colsample_bytree': 0.6000000000000001, 'gamma': 0.4}. Best is trial 343 with value: 0.6167806850833912.
[I 2023-10-10 19:24:30,147] Trial 371 finished with value: 0.613563990358206 and parameters: {'w0': 0.227, 'w1': 0.731, 'w2': 0.381, 'w3': 0.776, 'w4': 0.994, 'w5': 0.159, 'w6': 0.622, 'w7': 0.459, 'w8': 0.68, 'max_depth': 7, 'min_child_weight': 16, 'subsample': 1.0, 'colsample_bytree': 0.9000000000000001, 'gamma': 0.4}. Best is trial 343 with value: 0.6167806850833912.
[I 2023-10-10 19:25:18,146] Trial 372 finished with value: 0.6105148098709456 and parameters: {'w0': 0.246, 'w1': 0.8290000000000001, 'w2': 0.35100000000000003, 'w3': 0.776, 'w4': 0.993, 'w5': 0.219, 'w6': 0.632, 'w7': 0.462, 'w8': 0.686, 'max_depth': 7, 'min_child_weight': 16, 'subsample': 1.0, 'colsample_bytree': 0.9000000000000001, 'gamma': 0.4}. Best is trial 343 with value: 0.6167806850833912.
[I 2023-10-10 19:25:34,196] Trial 373 finished with value: 0.6040878760084566 and parameters: {'w0': 0.23600000000000002, 'w1': 0.733, 'w2': 0.333, 'w3': 0.777, 'w4': 0.997, 'w5': 0.214, 'w6': 0.658, 'w7': 0.458, 'w8': 0.679, 'max_depth': 7, 'min_child_weight': 16, 'subsample': 1.0, 'colsample_bytree': 0.9000000000000001, 'gamma': 0.4}. Best is trial 343 with value: 0.6167806850833912.
[I 2023-10-10 19:26:02,648] Trial 374 finished with value: 0.6042177308131615 and parameters: {'w0': 0.224, 'w1': 0.678, 'w2': 0.34600000000000003, 'w3': 0.769, 'w4': 0.985, 'w5': 0.169, 'w6': 0.62, 'w7': 0.46, 'w8': 0.68, 'max_depth': 7, 'min_child_weight': 16, 'subsample': 1.0, 'colsample_bytree': 0.9000000000000001, 'gamma': 0.4}. Best is trial 343 with value: 0.6167806850833912.
[I 2023-10-10 19:26:34,542] Trial 375 finished with value: 0.6067285535118777 and parameters: {'w0': 0.232, 'w1': 0.8290000000000001, 'w2': 0.337, 'w3': 0.771, 'w4': 1.0, 'w5': 0.129, 'w6': 0.919, 'w7': 0.456, 'w8': 0.68, 'max_depth': 7, 'min_child_weight': 16, 'subsample': 1.0, 'colsample_bytree': 0.9000000000000001, 'gamma': 0.4}. Best is trial 343 with value: 0.6167806850833912.
[I 2023-10-10 19:28:52,537] Trial 376 finished with value: 0.6066455912547223 and parameters: {'w0': 0.23900000000000002, 'w1': 0.8300000000000001, 'w2': 0.339, 'w3': 0.775, 'w4': 1.0, 'w5': 0.222, 'w6': 0.629, 'w7': 0.455, 'w8': 0.744, 'max_depth': 7, 'min_child_weight': 16, 'subsample': 1.0, 'colsample_bytree': 0.9000000000000001, 'gamma': 0.4}. Best is trial 343 with value: 0.6167806850833912.
[I 2023-10-10 19:30:39,983] Trial 377 finished with value: 0.6062494063858438 and parameters: {'w0': 0.223, 'w1': 0.8250000000000001, 'w2': 0.33, 'w3': 0.772, 'w4': 1.0, 'w5': 0.147, 'w6': 0.651, 'w7': 0.456, 'w8': 0.6960000000000001, 'max_depth': 7, 'min_child_weight': 16, 'subsample': 1.0, 'colsample_bytree': 0.9000000000000001, 'gamma': 0.4}. Best is trial 343 with value: 0.6167806850833912.
[I 2023-10-10 19:31:17,308] Trial 378 finished with value: 0.6092380896152875 and parameters: {'w0': 0.219, 'w1': 0.8210000000000001, 'w2': 0.341, 'w3': 0.783, 'w4': 0.99, 'w5': 0.164, 'w6': 0.911, 'w7': 0.45, 'w8': 0.6890000000000001, 'max_depth': 7, 'min_child_weight': 16, 'subsample': 1.0, 'colsample_bytree': 0.9000000000000001, 'gamma': 0.4}. Best is trial 343 with value: 0.6167806850833912.
[I 2023-10-10 19:40:09,625] Trial 379 finished with value: 0.612915129497827 and parameters: {'w0': 0.223, 'w1': 0.686, 'w2': 0.33, 'w3': 0.776, 'w4': 0.996, 'w5': 0.064, 'w6': 0.616, 'w7': 0.46, 'w8': 0.678, 'max_depth': 7, 'min_child_weight': 16, 'subsample': 1.0, 'colsample_bytree': 0.9000000000000001, 'gamma': 0.2}. Best is trial 343 with value: 0.6167806850833912.
[I 2023-10-10 19:41:14,657] Trial 380 finished with value: 0.6141300997942374 and parameters: {'w0': 0.216, 'w1': 0.679, 'w2': 0.335, 'w3': 0.78, 'w4': 0.988, 'w5': 0.23, 'w6': 0.61, 'w7': 0.41700000000000004, 'w8': 0.6880000000000001, 'max_depth': 7, 'min_child_weight': 16, 'subsample': 1.0, 'colsample_bytree': 0.9000000000000001, 'gamma': 0.2}. Best is trial 343 with value: 0.6167806850833912.
[I 2023-10-10 19:42:38,628] Trial 381 finished with value: 0.6149131312092901 and parameters: {'w0': 0.249, 'w1': 0.8200000000000001, 'w2': 0.331, 'w3': 0.779, 'w4': 0.981, 'w5': 0.225, 'w6': 0.621, 'w7': 0.419, 'w8': 0.7030000000000001, 'max_depth': 7, 'min_child_weight': 16, 'subsample': 1.0, 'colsample_bytree': 0.9000000000000001, 'gamma': 0.2}. Best is trial 343 with value: 0.6167806850833912.
[I 2023-10-10 19:43:03,424] Trial 382 finished with value: 0.6131185405531341 and parameters: {'w0': 0.217, 'w1': 0.679, 'w2': 0.326, 'w3': 0.782, 'w4': 1.0, 'w5': 0.299, 'w6': 0.916, 'w7': 0.422, 'w8': 0.705, 'max_depth': 7, 'min_child_weight': 16, 'subsample': 1.0, 'colsample_bytree': 0.9000000000000001, 'gamma': 0.2}. Best is trial 343 with value: 0.6167806850833912.
[I 2023-10-10 19:43:14,520] Trial 383 finished with value: 0.6079716297010135 and parameters: {'w0': 0.211, 'w1': 0.362, 'w2': 0.335, 'w3': 0.786, 'w4': 0.997, 'w5': 0.308, 'w6': 0.92, 'w7': 0.418, 'w8': 0.7040000000000001, 'max_depth': 7, 'min_child_weight': 16, 'subsample': 1.0, 'colsample_bytree': 0.9000000000000001, 'gamma': 0.2}. Best is trial 343 with value: 0.6167806850833912.
[I 2023-10-10 19:44:49,978] Trial 384 finished with value: 0.6153871651392475 and parameters: {'w0': 0.215, 'w1': 0.8200000000000001, 'w2': 0.34700000000000003, 'w3': 0.779, 'w4': 0.993, 'w5': 0.12000000000000001, 'w6': 0.917, 'w7': 0.45, 'w8': 0.7000000000000001, 'max_depth': 7, 'min_child_weight': 16, 'subsample': 1.0, 'colsample_bytree': 0.9000000000000001, 'gamma': 0.2}. Best is trial 343 with value: 0.6167806850833912.
[I 2023-10-10 19:45:19,168] Trial 385 finished with value: 0.6165281183530508 and parameters: {'w0': 0.211, 'w1': 0.8140000000000001, 'w2': 0.34600000000000003, 'w3': 0.786, 'w4': 0.999, 'w5': 0.28900000000000003, 'w6': 0.916, 'w7': 0.40900000000000003, 'w8': 0.711, 'max_depth': 7, 'min_child_weight': 16, 'subsample': 1.0, 'colsample_bytree': 0.9000000000000001, 'gamma': 0.2}. Best is trial 343 with value: 0.6167806850833912.
