[I 2023-10-13 16:03:41,543] Trial 505 finished with value: 0.4898971628047833 and parameters: {'w0': 0.438, 'w1': 0.84, 'w2': 0.18, 'w3': 0.651, 'w4': 0.138, 'w5': 0.341, 'w6': 0.93, 'w7': 0.28600000000000003, 'w8': 0.75, 'max_depth': 5, 'min_child_weight': 6, 'subsample': 0.30000000000000004, 'colsample_bytree': 0.6000000000000001, 'gamma': 0.6000000000000001}. Best is trial 411 with value: 0.5062317940416567.
[I 2023-10-13 16:06:42,808] Trial 507 finished with value: 0.5007067229934276 and parameters: {'w0': 0.447, 'w1': 0.791, 'w2': 0.359, 'w3': 0.603, 'w4': 0.042, 'w5': 0.17, 'w6': 0.931, 'w7': 0.293, 'w8': 0.895, 'max_depth': 4, 'min_child_weight': 6, 'subsample': 0.7, 'colsample_bytree': 0.6000000000000001, 'gamma': 0.6000000000000001}. Best is trial 411 with value: 0.5062317940416567.
[I 2023-10-13 16:07:12,362] Trial 506 finished with value: 0.46821894726060503 and parameters: {'w0': 0.445, 'w1': 0.789, 'w2': 0.078, 'w3': 0.514, 'w4': 0.741, 'w5': 0.089, 'w6': 0.932, 'w7': 0.28700000000000003, 'w8': 0.895, 'max_depth': 4, 'min_child_weight': 6, 'subsample': 0.7, 'colsample_bytree': 0.6000000000000001, 'gamma': 0.6000000000000001}. Best is trial 411 with value: 0.5062317940416567.
[I 2023-10-13 16:07:27,696] Trial 508 finished with value: 0.49577013650389445 and parameters: {'w0': 0.5, 'w1': 0.601, 'w2': 0.361, 'w3': 0.6920000000000001, 'w4': 0.042, 'w5': 0.18, 'w6': 0.93, 'w7': 0.28800000000000003, 'w8': 0.893, 'max_depth': 4, 'min_child_weight': 6, 'subsample': 0.7, 'colsample_bytree': 0.6000000000000001, 'gamma': 0.6000000000000001}. Best is trial 411 with value: 0.5062317940416567.
[I 2023-10-13 16:08:16,232] Trial 509 finished with value: 0.4661239809916623 and parameters: {'w0': 0.441, 'w1': 0.836, 'w2': 0.084, 'w3': 0.678, 'w4': 0.187, 'w5': 0.171, 'w6': 0.93, 'w7': 0.297, 'w8': 0.897, 'max_depth': 4, 'min_child_weight': 6, 'subsample': 0.7, 'colsample_bytree': 0.7, 'gamma': 0.6000000000000001}. Best is trial 411 with value: 0.5062317940416567.
[I 2023-10-13 16:10:28,855] Trial 510 finished with value: 0.5033768296687292 and parameters: {'w0': 0.44, 'w1': 0.801, 'w2': 0.355, 'w3': 0.714, 'w4': 0.022000000000000002, 'w5': 0.17300000000000001, 'w6': 0.931, 'w7': 0.274, 'w8': 0.89, 'max_depth': 5, 'min_child_weight': 6, 'subsample': 0.7, 'colsample_bytree': 0.6000000000000001, 'gamma': 0.6000000000000001}. Best is trial 411 with value: 0.5062317940416567.
[I 2023-10-13 16:13:14,532] Trial 511 finished with value: 0.48138307501238004 and parameters: {'w0': 0.5700000000000001, 'w1': 0.834, 'w2': 0.36, 'w3': 0.546, 'w4': 0.22, 'w5': 0.17200000000000001, 'w6': 0.886, 'w7': 0.139, 'w8': 0.9500000000000001, 'max_depth': 5, 'min_child_weight': 18, 'subsample': 0.7, 'colsample_bytree': 0.7, 'gamma': 0.2}. Best is trial 411 with value: 0.5062317940416567.
[I 2023-10-13 16:14:27,815] Trial 512 finished with value: 0.4885730158673405 and parameters: {'w0': 0.5680000000000001, 'w1': 0.85, 'w2': 0.17500000000000002, 'w3': 0.548, 'w4': 0.224, 'w5': 0.17200000000000001, 'w6': 0.886, 'w7': 0.28200000000000003, 'w8': 0.898, 'max_depth': 5, 'min_child_weight': 6, 'subsample': 0.7, 'colsample_bytree': 0.7, 'gamma': 0.2}. Best is trial 411 with value: 0.5062317940416567.
[I 2023-10-13 16:14:51,030] Trial 519 finished with value: 0.4705398115528811 and parameters: {'w0': 0.419, 'w1': 0.796, 'w2': 0.095, 'w3': 0.51, 'w4': 0.109, 'w5': 0.17400000000000002, 'w6': 0.9460000000000001, 'w7': 0.28900000000000003, 'w8': 0.9380000000000001, 'max_depth': 4, 'min_child_weight': 6, 'subsample': 0.8, 'colsample_bytree': 0.7, 'gamma': 0.2}. Best is trial 411 with value: 0.5062317940416567.
[I 2023-10-13 16:14:55,210] Trial 513 finished with value: 0.47928921890391074 and parameters: {'w0': 0.493, 'w1': 0.788, 'w2': 0.357, 'w3': 0.713, 'w4': 0.166, 'w5': 0.812, 'w6': 0.883, 'w7': 0.139, 'w8': 0.892, 'max_depth': 5, 'min_child_weight': 6, 'subsample': 0.7, 'colsample_bytree': 0.6000000000000001, 'gamma': 0.2}. Best is trial 411 with value: 0.5062317940416567.
[I 2023-10-13 16:15:13,666] Trial 514 finished with value: 0.4921409644181627 and parameters: {'w0': 0.437, 'w1': 0.781, 'w2': 0.191, 'w3': 0.604, 'w4': 0.168, 'w5': 0.085, 'w6': 0.929, 'w7': 0.28800000000000003, 'w8': 0.895, 'max_depth': 5, 'min_child_weight': 6, 'subsample': 0.7, 'colsample_bytree': 0.7, 'gamma': 0.2}. Best is trial 411 with value: 0.5062317940416567.
[I 2023-10-13 16:15:41,015] Trial 516 finished with value: 0.5046861146837428 and parameters: {'w0': 0.442, 'w1': 0.811, 'w2': 0.362, 'w3': 0.6960000000000001, 'w4': 0.132, 'w5': 0.089, 'w6': 0.883, 'w7': 0.291, 'w8': 0.9540000000000001, 'max_depth': 5, 'min_child_weight': 6, 'subsample': 0.7, 'colsample_bytree': 0.6000000000000001, 'gamma': 0.2}. Best is trial 411 with value: 0.5062317940416567.
[I 2023-10-13 16:15:42,035] Trial 515 finished with value: 0.4928901991325175 and parameters: {'w0': 0.437, 'w1': 0.114, 'w2': 0.362, 'w3': 0.653, 'w4': 0.165, 'w5': 0.085, 'w6': 0.888, 'w7': 0.28900000000000003, 'w8': 0.889, 'max_depth': 5, 'min_child_weight': 6, 'subsample': 0.7, 'colsample_bytree': 0.7, 'gamma': 0.2}. Best is trial 411 with value: 0.5062317940416567.
[I 2023-10-13 16:15:53,204] Trial 517 finished with value: 0.5019433874849402 and parameters: {'w0': 0.419, 'w1': 0.782, 'w2': 0.226, 'w3': 0.68, 'w4': 0.139, 'w5': 0.17400000000000002, 'w6': 0.882, 'w7': 0.28400000000000003, 'w8': 0.9520000000000001, 'max_depth': 5, 'min_child_weight': 6, 'subsample': 0.7, 'colsample_bytree': 0.6000000000000001, 'gamma': 0.2}. Best is trial 411 with value: 0.5062317940416567.
[I 2023-10-13 16:17:02,050] Trial 518 finished with value: 0.5025761567558501 and parameters: {'w0': 0.437, 'w1': 0.792, 'w2': 0.35100000000000003, 'w3': 0.68, 'w4': 0.116, 'w5': 0.08800000000000001, 'w6': 0.883, 'w7': 0.261, 'w8': 0.9430000000000001, 'max_depth': 5, 'min_child_weight': 6, 'subsample': 0.8, 'colsample_bytree': 0.7, 'gamma': 0.2}. Best is trial 411 with value: 0.5062317940416567.
[I 2023-10-13 16:18:11,466] Trial 520 finished with value: 0.46847170014795503 and parameters: {'w0': 0.422, 'w1': 0.794, 'w2': 0.054, 'w3': 0.687, 'w4': 0.171, 'w5': 0.17200000000000001, 'w6': 0.885, 'w7': 0.277, 'w8': 0.9480000000000001, 'max_depth': 5, 'min_child_weight': 6, 'subsample': 0.8, 'colsample_bytree': 0.7, 'gamma': 0.2}. Best is trial 411 with value: 0.5062317940416567.
[I 2023-10-13 16:19:57,381] Trial 521 finished with value: 0.5040364252888583 and parameters: {'w0': 0.494, 'w1': 0.806, 'w2': 0.269, 'w3': 0.657, 'w4': 0.131, 'w5': 0.171, 'w6': 0.884, 'w7': 0.273, 'w8': 0.9550000000000001, 'max_depth': 5, 'min_child_weight': 6, 'subsample': 0.8, 'colsample_bytree': 0.7, 'gamma': 0.2}. Best is trial 411 with value: 0.5062317940416567.
[I 2023-10-13 16:23:04,722] Trial 522 finished with value: 0.5023666763527621 and parameters: {'w0': 0.489, 'w1': 0.8220000000000001, 'w2': 0.271, 'w3': 0.661, 'w4': 0.166, 'w5': 0.08600000000000001, 'w6': 0.9510000000000001, 'w7': 0.28600000000000003, 'w8': 0.9390000000000001, 'max_depth': 5, 'min_child_weight': 6, 'subsample': 0.8, 'colsample_bytree': 0.7, 'gamma': 0.2}. Best is trial 411 with value: 0.5062317940416567.
[I 2023-10-13 16:23:34,390] Trial 523 finished with value: 0.5044578753741851 and parameters: {'w0': 0.492, 'w1': 0.787, 'w2': 0.309, 'w3': 0.6910000000000001, 'w4': 0.165, 'w5': 0.166, 'w6': 0.9510000000000001, 'w7': 0.271, 'w8': 0.9430000000000001, 'max_depth': 5, 'min_child_weight': 6, 'subsample': 0.8, 'colsample_bytree': 0.7, 'gamma': 0.2}. Best is trial 411 with value: 0.5062317940416567.
[I 2023-10-13 16:23:47,614] Trial 524 finished with value: 0.5014257242912581 and parameters: {'w0': 0.494, 'w1': 0.807, 'w2': 0.313, 'w3': 0.6940000000000001, 'w4': 0.17400000000000002, 'w5': 0.085, 'w6': 0.9510000000000001, 'w7': 0.261, 'w8': 0.934, 'max_depth': 5, 'min_child_weight': 6, 'subsample': 0.8, 'colsample_bytree': 0.7, 'gamma': 0.2}. Best is trial 411 with value: 0.5062317940416567.
[I 2023-10-13 16:25:18,291] Trial 525 finished with value: 0.5047155390230652 and parameters: {'w0': 0.42, 'w1': 0.8180000000000001, 'w2': 0.312, 'w3': 0.506, 'w4': 0.161, 'w5': 0.083, 'w6': 0.879, 'w7': 0.25, 'w8': 0.9560000000000001, 'max_depth': 5, 'min_child_weight': 6, 'subsample': 0.7, 'colsample_bytree': 0.7, 'gamma': 0.2}. Best is trial 411 with value: 0.5062317940416567.
[I 2023-10-13 16:29:41,287] Trial 526 finished with value: 0.5080629675904768 and parameters: {'w0': 0.41100000000000003, 'w1': 0.778, 'w2': 0.277, 'w3': 0.721, 'w4': 0.162, 'w5': 0.08800000000000001, 'w6': 0.875, 'w7': 0.244, 'w8': 0.9460000000000001, 'max_depth': 6, 'min_child_weight': 6, 'subsample': 0.8, 'colsample_bytree': 0.7, 'gamma': 0.2}. Best is trial 526 with value: 0.5080629675904768.
[I 2023-10-13 16:32:19,341] Trial 527 finished with value: 0.5080421024063387 and parameters: {'w0': 0.406, 'w1': 0.789, 'w2': 0.268, 'w3': 0.661, 'w4': 0.114, 'w5': 0.08700000000000001, 'w6': 0.886, 'w7': 0.265, 'w8': 0.9490000000000001, 'max_depth': 6, 'min_child_weight': 6, 'subsample': 0.8, 'colsample_bytree': 0.7, 'gamma': 0.2}. Best is trial 526 with value: 0.5080629675904768.
[I 2023-10-13 16:32:33,978] Trial 528 finished with value: 0.5067912317690353 and parameters: {'w0': 0.40700000000000003, 'w1': 0.757, 'w2': 0.277, 'w3': 0.747, 'w4': 0.159, 'w5': 0.08700000000000001, 'w6': 0.89, 'w7': 0.266, 'w8': 0.9520000000000001, 'max_depth': 6, 'min_child_weight': 6, 'subsample': 0.8, 'colsample_bytree': 0.7, 'gamma': 0.8}. Best is trial 526 with value: 0.5080629675904768.
[I 2023-10-13 16:33:05,775] Trial 530 finished with value: 0.5062770956362168 and parameters: {'w0': 0.423, 'w1': 0.808, 'w2': 0.276, 'w3': 0.742, 'w4': 0.17200000000000001, 'w5': 0.085, 'w6': 0.9490000000000001, 'w7': 0.265, 'w8': 0.9540000000000001, 'max_depth': 6, 'min_child_weight': 6, 'subsample': 0.8, 'colsample_bytree': 0.7, 'gamma': 0.8}. Best is trial 526 with value: 0.5080629675904768.
[I 2023-10-13 16:33:42,434] Trial 529 finished with value: 0.5064481270544113 and parameters: {'w0': 0.40900000000000003, 'w1': 0.771, 'w2': 0.272, 'w3': 0.716, 'w4': 0.177, 'w5': 0.085, 'w6': 0.9520000000000001, 'w7': 0.253, 'w8': 0.9410000000000001, 'max_depth': 6, 'min_child_weight': 6, 'subsample': 0.7, 'colsample_bytree': 0.7, 'gamma': 0.8}. Best is trial 526 with value: 0.5080629675904768.
[I 2023-10-13 16:33:49,527] Trial 531 finished with value: 0.5061782085331838 and parameters: {'w0': 0.40900000000000003, 'w1': 0.8180000000000001, 'w2': 0.315, 'w3': 0.6880000000000001, 'w4': 0.016, 'w5': 0.092, 'w6': 0.9500000000000001, 'w7': 0.256, 'w8': 0.9430000000000001, 'max_depth': 6, 'min_child_weight': 6, 'subsample': 0.8, 'colsample_bytree': 0.7, 'gamma': 0.4}. Best is trial 526 with value: 0.5080629675904768.
[I 2023-10-13 16:34:19,612] Trial 534 finished with value: 0.5054758613052546 and parameters: {'w0': 0.461, 'w1': 0.749, 'w2': 0.313, 'w3': 0.763, 'w4': 0.12000000000000001, 'w5': 0.09, 'w6': 0.9480000000000001, 'w7': 0.258, 'w8': 0.9420000000000001, 'max_depth': 6, 'min_child_weight': 6, 'subsample': 0.8, 'colsample_bytree': 0.7, 'gamma': 0.8}. Best is trial 526 with value: 0.5080629675904768.
[I 2023-10-13 16:34:31,058] Trial 533 finished with value: 0.49902475570674654 and parameters: {'w0': 0.465, 'w1': 0.753, 'w2': 0.313, 'w3': 0.497, 'w4': 0.134, 'w5': 0.091, 'w6': 0.867, 'w7': 0.19, 'w8': 0.9550000000000001, 'max_depth': 6, 'min_child_weight': 6, 'subsample': 0.7, 'colsample_bytree': 0.7, 'gamma': 0.8}. Best is trial 526 with value: 0.5080629675904768.
[I 2023-10-13 16:35:27,612] Trial 532 finished with value: 0.505050607627899 and parameters: {'w0': 0.46900000000000003, 'w1': 0.805, 'w2': 0.269, 'w3': 0.726, 'w4': 0.11800000000000001, 'w5': 0.083, 'w6': 0.9520000000000001, 'w7': 0.263, 'w8': 0.936, 'max_depth': 6, 'min_child_weight': 6, 'subsample': 0.8, 'colsample_bytree': 0.7, 'gamma': 0.2}. Best is trial 526 with value: 0.5080629675904768.
[I 2023-10-13 16:35:58,899] Trial 537 finished with value: 0.5042732711629294 and parameters: {'w0': 0.40900000000000003, 'w1': 0.768, 'w2': 0.271, 'w3': 0.7040000000000001, 'w4': 0.129, 'w5': 0.093, 'w6': 0.857, 'w7': 0.258, 'w8': 0.9490000000000001, 'max_depth': 5, 'min_child_weight': 6, 'subsample': 0.8, 'colsample_bytree': 0.7, 'gamma': 0.8}. Best is trial 526 with value: 0.5080629675904768.
[I 2023-10-13 16:36:40,188] Trial 536 finished with value: 0.49955393334159764 and parameters: {'w0': 0.40900000000000003, 'w1': 0.805, 'w2': 0.27, 'w3': 0.76, 'w4': 0.129, 'w5': 0.08700000000000001, 'w6': 0.425, 'w7': 0.196, 'w8': 0.9430000000000001, 'max_depth': 6, 'min_child_weight': 6, 'subsample': 0.7, 'colsample_bytree': 0.7, 'gamma': 0.8}. Best is trial 526 with value: 0.5080629675904768.
[I 2023-10-13 16:36:51,604] Trial 535 finished with value: 0.5087453596655823 and parameters: {'w0': 0.41400000000000003, 'w1': 0.811, 'w2': 0.322, 'w3': 0.706, 'w4': 0.68, 'w5': 0.091, 'w6': 0.9530000000000001, 'w7': 0.259, 'w8': 0.9530000000000001, 'max_depth': 6, 'min_child_weight': 6, 'subsample': 0.7, 'colsample_bytree': 0.7, 'gamma': 0.8}. Best is trial 535 with value: 0.5087453596655823.
[I 2023-10-13 16:39:25,276] Trial 538 finished with value: 0.5029019211627075 and parameters: {'w0': 0.41400000000000003, 'w1': 0.802, 'w2': 0.317, 'w3': 0.74, 'w4': 0.121, 'w5': 0.095, 'w6': 0.869, 'w7': 0.252, 'w8': 0.9580000000000001, 'max_depth': 5, 'min_child_weight': 6, 'subsample': 0.8, 'colsample_bytree': 0.7, 'gamma': 0.8}. Best is trial 535 with value: 0.5087453596655823.
[I 2023-10-13 16:39:52,960] Trial 540 finished with value: 0.5028611583981497 and parameters: {'w0': 0.465, 'w1': 0.77, 'w2': 0.233, 'w3': 0.733, 'w4': 0.136, 'w5': 0.109, 'w6': 0.892, 'w7': 0.249, 'w8': 0.9560000000000001, 'max_depth': 5, 'min_child_weight': 6, 'subsample': 0.8, 'colsample_bytree': 0.7, 'gamma': 0.8}. Best is trial 535 with value: 0.5087453596655823.
[I 2023-10-13 16:40:01,989] Trial 539 finished with value: 0.5054189364301456 and parameters: {'w0': 0.41100000000000003, 'w1': 0.808, 'w2': 0.311, 'w3': 0.759, 'w4': 0.131, 'w5': 0.114, 'w6': 0.879, 'w7': 0.26, 'w8': 0.9470000000000001, 'max_depth': 5, 'min_child_weight': 6, 'subsample': 0.8, 'colsample_bytree': 0.7, 'gamma': 0.8}. Best is trial 535 with value: 0.5087453596655823.
[I 2023-10-13 16:42:15,834] Trial 541 finished with value: 0.5029959649222676 and parameters: {'w0': 0.47100000000000003, 'w1': 0.8230000000000001, 'w2': 0.266, 'w3': 0.6950000000000001, 'w4': 0.133, 'w5': 0.11, 'w6': 0.864, 'w7': 0.20700000000000002, 'w8': 0.9550000000000001, 'max_depth': 5, 'min_child_weight': 6, 'subsample': 0.8, 'colsample_bytree': 0.7, 'gamma': 0.0}. Best is trial 535 with value: 0.5087453596655823.
[I 2023-10-13 16:46:20,878] Trial 542 finished with value: 0.502062131757959 and parameters: {'w0': 0.461, 'w1': 0.81, 'w2': 0.268, 'w3': 0.7040000000000001, 'w4': 0.149, 'w5': 0.099, 'w6': 0.86, 'w7': 0.202, 'w8': 0.9590000000000001, 'max_depth': 5, 'min_child_weight': 6, 'subsample': 0.8, 'colsample_bytree': 0.7, 'gamma': 0.0}. Best is trial 535 with value: 0.5087453596655823.
[I 2023-10-13 16:48:33,455] Trial 543 finished with value: 0.5057735602873812 and parameters: {'w0': 0.402, 'w1': 0.743, 'w2': 0.266, 'w3': 0.767, 'w4': 0.11900000000000001, 'w5': 0.10200000000000001, 'w6': 0.866, 'w7': 0.246, 'w8': 0.9580000000000001, 'max_depth': 5, 'min_child_weight': 6, 'subsample': 0.8, 'colsample_bytree': 0.7, 'gamma': 0.0}. Best is trial 535 with value: 0.5087453596655823.
[I 2023-10-13 16:49:14,634] Trial 544 finished with value: 0.5039942400240737 and parameters: {'w0': 0.41000000000000003, 'w1': 0.751, 'w2': 0.262, 'w3': 0.74, 'w4': 0.147, 'w5': 0.10500000000000001, 'w6': 0.852, 'w7': 0.20900000000000002, 'w8': 0.966, 'max_depth': 5, 'min_child_weight': 6, 'subsample': 0.8, 'colsample_bytree': 0.7, 'gamma': 0.0}. Best is trial 535 with value: 0.5087453596655823.
[I 2023-10-13 16:49:33,138] Trial 545 finished with value: 0.5061038361383353 and parameters: {'w0': 0.41700000000000004, 'w1': 0.775, 'w2': 0.273, 'w3': 0.6910000000000001, 'w4': 0.13, 'w5': 0.08600000000000001, 'w6': 0.862, 'w7': 0.253, 'w8': 0.961, 'max_depth': 5, 'min_child_weight': 6, 'subsample': 0.8, 'colsample_bytree': 0.7, 'gamma': 0.0}. Best is trial 535 with value: 0.5087453596655823.
[I 2023-10-13 16:50:00,737] Trial 547 finished with value: 0.5001452925568797 and parameters: {'w0': 0.403, 'w1': 0.752, 'w2': 0.274, 'w3': 0.745, 'w4': 0.133, 'w5': 0.083, 'w6': 0.861, 'w7': 0.181, 'w8': 0.962, 'max_depth': 5, 'min_child_weight': 6, 'subsample': 0.8, 'colsample_bytree': 0.7, 'gamma': 0.0}. Best is trial 535 with value: 0.5087453596655823.
[I 2023-10-13 16:50:02,278] Trial 546 finished with value: 0.5032010715552075 and parameters: {'w0': 0.389, 'w1': 0.756, 'w2': 0.23500000000000001, 'w3': 0.738, 'w4': 0.135, 'w5': 0.079, 'w6': 0.853, 'w7': 0.251, 'w8': 0.9570000000000001, 'max_depth': 5, 'min_child_weight': 6, 'subsample': 0.8, 'colsample_bytree': 0.7, 'gamma': 0.4}. Best is trial 535 with value: 0.5087453596655823.
[I 2023-10-13 16:50:50,025] Trial 549 finished with value: 0.5031322071194193 and parameters: {'w0': 0.41100000000000003, 'w1': 0.757, 'w2': 0.242, 'w3': 0.747, 'w4': 0.133, 'w5': 0.048, 'w6': 0.872, 'w7': 0.244, 'w8': 0.9560000000000001, 'max_depth': 5, 'min_child_weight': 6, 'subsample': 0.8, 'colsample_bytree': 0.7, 'gamma': 0.0}. Best is trial 535 with value: 0.5087453596655823.
[I 2023-10-13 16:51:01,192] Trial 548 finished with value: 0.5014256238708056 and parameters: {'w0': 0.405, 'w1': 0.718, 'w2': 0.242, 'w3': 0.763, 'w4': 0.15, 'w5': 0.077, 'w6': 0.84, 'w7': 0.182, 'w8': 0.9510000000000001, 'max_depth': 5, 'min_child_weight': 6, 'subsample': 0.8, 'colsample_bytree': 0.7, 'gamma': 0.0}. Best is trial 535 with value: 0.5087453596655823.
[I 2023-10-13 16:52:09,100] Trial 551 finished with value: 0.5018308881519667 and parameters: {'w0': 0.401, 'w1': 0.752, 'w2': 0.267, 'w3': 0.747, 'w4': 0.132, 'w5': 0.038, 'w6': 0.86, 'w7': 0.245, 'w8': 0.9590000000000001, 'max_depth': 5, 'min_child_weight': 6, 'subsample': 0.8, 'colsample_bytree': 0.7, 'gamma': 0.0}. Best is trial 535 with value: 0.5087453596655823.
[I 2023-10-13 16:52:46,525] Trial 552 finished with value: 0.49969536275762955 and parameters: {'w0': 0.403, 'w1': 0.757, 'w2': 0.23600000000000002, 'w3': 0.757, 'w4': 0.152, 'w5': 0.04, 'w6': 0.838, 'w7': 0.243, 'w8': 0.9580000000000001, 'max_depth': 5, 'min_child_weight': 6, 'subsample': 0.8, 'colsample_bytree': 0.7, 'gamma': 0.0}. Best is trial 535 with value: 0.5087453596655823.
[I 2023-10-13 16:54:24,525] Trial 550 finished with value: 0.5046105858929467 and parameters: {'w0': 0.392, 'w1': 0.753, 'w2': 0.23500000000000001, 'w3': 0.75, 'w4': 0.136, 'w5': 0.043000000000000003, 'w6': 0.862, 'w7': 0.211, 'w8': 0.9580000000000001, 'max_depth': 6, 'min_child_weight': 6, 'subsample': 0.8, 'colsample_bytree': 0.7, 'gamma': 0.0}. Best is trial 535 with value: 0.5087453596655823.
[I 2023-10-13 16:55:57,681] Trial 553 finished with value: 0.5021918485529534 and parameters: {'w0': 0.396, 'w1': 0.759, 'w2': 0.22, 'w3': 0.738, 'w4': 0.662, 'w5': 0.043000000000000003, 'w6': 0.866, 'w7': 0.244, 'w8': 0.9580000000000001, 'max_depth': 6, 'min_child_weight': 6, 'subsample': 0.8, 'colsample_bytree': 0.7, 'gamma': 0.0}. Best is trial 535 with value: 0.5087453596655823.
[I 2023-10-13 16:58:19,830] Trial 555 finished with value: 0.5075932709784239 and parameters: {'w0': 0.394, 'w1': 0.753, 'w2': 0.255, 'w3': 0.763, 'w4': 0.157, 'w5': 0.091, 'w6': 0.864, 'w7': 0.215, 'w8': 0.963, 'max_depth': 6, 'min_child_weight': 6, 'subsample': 0.8, 'colsample_bytree': 0.7, 'gamma': 0.0}. Best is trial 535 with value: 0.5087453596655823.
[I 2023-10-13 16:58:26,977] Trial 554 finished with value: 0.5030132704021432 and parameters: {'w0': 0.40700000000000003, 'w1': 0.764, 'w2': 0.23800000000000002, 'w3': 0.739, 'w4': 0.6890000000000001, 'w5': 0.053000000000000005, 'w6': 0.851, 'w7': 0.217, 'w8': 0.9560000000000001, 'max_depth': 6, 'min_child_weight': 6, 'subsample': 0.8, 'colsample_bytree': 0.7, 'gamma': 0.0}. Best is trial 535 with value: 0.5087453596655823.
[I 2023-10-13 16:58:58,833] Trial 556 finished with value: 0.5055326248813217 and parameters: {'w0': 0.402, 'w1': 0.761, 'w2': 0.273, 'w3': 0.761, 'w4': 0.6920000000000001, 'w5': 0.051000000000000004, 'w6': 0.851, 'w7': 0.20600000000000002, 'w8': 0.961, 'max_depth': 6, 'min_child_weight': 6, 'subsample': 0.8, 'colsample_bytree': 0.7, 'gamma': 0.0}. Best is trial 535 with value: 0.5087453596655823.
[I 2023-10-13 17:01:12,732] Trial 557 finished with value: 0.5048167826376285 and parameters: {'w0': 0.402, 'w1': 0.748, 'w2': 0.245, 'w3': 0.772, 'w4': 0.684, 'w5': 0.042, 'w6': 0.846, 'w7': 0.17200000000000001, 'w8': 0.961, 'max_depth': 6, 'min_child_weight': 6, 'subsample': 0.8, 'colsample_bytree': 0.7, 'gamma': 0.4}. Best is trial 535 with value: 0.5087453596655823.
[I 2023-10-13 17:05:11,989] Trial 558 finished with value: 0.5070768461247949 and parameters: {'w0': 0.405, 'w1': 0.755, 'w2': 0.243, 'w3': 0.76, 'w4': 0.686, 'w5': 0.051000000000000004, 'w6': 0.861, 'w7': 0.242, 'w8': 0.97, 'max_depth': 6, 'min_child_weight': 6, 'subsample': 0.8, 'colsample_bytree': 0.7, 'gamma': 0.4}. Best is trial 535 with value: 0.5087453596655823.
[I 2023-10-13 17:05:14,247] Trial 559 finished with value: 0.5042674353976679 and parameters: {'w0': 0.399, 'w1': 0.748, 'w2': 0.233, 'w3': 0.764, 'w4': 0.711, 'w5': 0.048, 'w6': 0.8310000000000001, 'w7': 0.23500000000000001, 'w8': 0.971, 'max_depth': 5, 'min_child_weight': 6, 'subsample': 0.8, 'colsample_bytree': 0.7, 'gamma': 0.0}. Best is trial 535 with value: 0.5087453596655823.
[I 2023-10-13 17:05:41,444] Trial 560 finished with value: 0.5042319219375229 and parameters: {'w0': 0.397, 'w1': 0.762, 'w2': 0.242, 'w3': 0.777, 'w4': 0.162, 'w5': 0.07300000000000001, 'w6': 0.8290000000000001, 'w7': 0.23, 'w8': 0.968, 'max_depth': 5, 'min_child_weight': 6, 'subsample': 0.8, 'colsample_bytree': 0.7, 'gamma': 0.4}. Best is trial 535 with value: 0.5087453596655823.
