[I 2023-10-11 22:20:22,712] Trial 1817 finished with value: 0.6222780625901563 and parameters: {'w0': 0.245, 'w1': 0.898, 'w2': 0.244, 'w3': 0.584, 'w4': 0.779, 'w5': 0.081, 'w6': 0.756, 'w7': 0.242, 'w8': 0.675, 'max_depth': 6, 'min_child_weight': 4, 'subsample': 0.8, 'colsample_bytree': 1.0, 'gamma': 0.6000000000000001}. Best is trial 1801 with value: 0.629468387989737.
[I 2023-10-11 22:20:47,218] Trial 1818 finished with value: 0.6228416987074726 and parameters: {'w0': 0.244, 'w1': 0.888, 'w2': 0.272, 'w3': 0.583, 'w4': 0.777, 'w5': 0.079, 'w6': 0.783, 'w7': 0.23900000000000002, 'w8': 0.7010000000000001, 'max_depth': 6, 'min_child_weight': 4, 'subsample': 0.8, 'colsample_bytree': 1.0, 'gamma': 0.6000000000000001}. Best is trial 1801 with value: 0.629468387989737.
[I 2023-10-11 22:22:04,076] Trial 1819 finished with value: 0.6255304881876558 and parameters: {'w0': 0.246, 'w1': 0.898, 'w2': 0.243, 'w3': 0.585, 'w4': 0.763, 'w5': 0.075, 'w6': 0.785, 'w7': 0.233, 'w8': 0.675, 'max_depth': 6, 'min_child_weight': 4, 'subsample': 0.8, 'colsample_bytree': 1.0, 'gamma': 0.6000000000000001}. Best is trial 1801 with value: 0.629468387989737.
[I 2023-10-11 22:23:47,386] Trial 1820 finished with value: 0.6198597739738917 and parameters: {'w0': 0.241, 'w1': 0.892, 'w2': 0.269, 'w3': 0.585, 'w4': 0.776, 'w5': 0.062, 'w6': 0.783, 'w7': 0.246, 'w8': 0.705, 'max_depth': 6, 'min_child_weight': 4, 'subsample': 0.8, 'colsample_bytree': 1.0, 'gamma': 0.6000000000000001}. Best is trial 1801 with value: 0.629468387989737.
[I 2023-10-11 22:26:02,126] Trial 1821 finished with value: 0.6232175083375827 and parameters: {'w0': 0.248, 'w1': 0.891, 'w2': 0.246, 'w3': 0.581, 'w4': 0.779, 'w5': 0.067, 'w6': 0.759, 'w7': 0.261, 'w8': 0.678, 'max_depth': 6, 'min_child_weight': 4, 'subsample': 0.8, 'colsample_bytree': 1.0, 'gamma': 0.6000000000000001}. Best is trial 1801 with value: 0.629468387989737.
[I 2023-10-11 22:28:49,593] Trial 1823 finished with value: 0.6263757565018112 and parameters: {'w0': 0.251, 'w1': 0.895, 'w2': 0.253, 'w3': 0.58, 'w4': 0.8160000000000001, 'w5': 0.07100000000000001, 'w6': 0.79, 'w7': 0.224, 'w8': 0.6940000000000001, 'max_depth': 6, 'min_child_weight': 4, 'subsample': 0.8, 'colsample_bytree': 1.0, 'gamma': 0.6000000000000001}. Best is trial 1801 with value: 0.629468387989737.
[I 2023-10-11 22:29:07,668] Trial 1822 finished with value: 0.6225244162223178 and parameters: {'w0': 0.255, 'w1': 0.889, 'w2': 0.255, 'w3': 0.583, 'w4': 0.758, 'w5': 0.069, 'w6': 0.779, 'w7': 0.245, 'w8': 0.705, 'max_depth': 6, 'min_child_weight': 4, 'subsample': 0.8, 'colsample_bytree': 1.0, 'gamma': 0.4}. Best is trial 1801 with value: 0.629468387989737.
[I 2023-10-11 22:31:09,767] Trial 1824 finished with value: 0.6231188482740989 and parameters: {'w0': 0.25, 'w1': 0.89, 'w2': 0.271, 'w3': 0.579, 'w4': 0.8150000000000001, 'w5': 0.059000000000000004, 'w6': 0.781, 'w7': 0.253, 'w8': 0.7010000000000001, 'max_depth': 6, 'min_child_weight': 4, 'subsample': 0.8, 'colsample_bytree': 1.0, 'gamma': 0.6000000000000001}. Best is trial 1801 with value: 0.629468387989737.
[I 2023-10-11 22:32:34,158] Trial 1825 finished with value: 0.6238091341431575 and parameters: {'w0': 0.261, 'w1': 0.892, 'w2': 0.258, 'w3': 0.584, 'w4': 0.757, 'w5': 0.067, 'w6': 0.787, 'w7': 0.222, 'w8': 0.709, 'max_depth': 6, 'min_child_weight': 4, 'subsample': 0.8, 'colsample_bytree': 1.0, 'gamma': 0.6000000000000001}. Best is trial 1801 with value: 0.629468387989737.
[I 2023-10-11 22:34:44,244] Trial 1826 finished with value: 0.5930236080840275 and parameters: {'w0': 0.251, 'w1': 0.893, 'w2': 0.249, 'w3': 0.59, 'w4': 0.756, 'w5': 0.063, 'w6': 0.779, 'w7': 0.674, 'w8': 0.707, 'max_depth': 6, 'min_child_weight': 4, 'subsample': 0.8, 'colsample_bytree': 1.0, 'gamma': 0.4}. Best is trial 1801 with value: 0.629468387989737.
[I 2023-10-11 22:34:57,586] Trial 1828 finished with value: 0.620812629609826 and parameters: {'w0': 0.254, 'w1': 0.885, 'w2': 0.262, 'w3': 0.627, 'w4': 0.787, 'w5': 0.053000000000000005, 'w6': 0.78, 'w7': 0.262, 'w8': 0.707, 'max_depth': 6, 'min_child_weight': 4, 'subsample': 0.8, 'colsample_bytree': 1.0, 'gamma': 0.6000000000000001}. Best is trial 1801 with value: 0.629468387989737.
[I 2023-10-11 22:35:10,299] Trial 1829 finished with value: 0.6171303410993428 and parameters: {'w0': 0.261, 'w1': 0.886, 'w2': 0.261, 'w3': 0.629, 'w4': 0.8170000000000001, 'w5': 0.046, 'w6': 0.789, 'w7': 0.255, 'w8': 0.705, 'max_depth': 6, 'min_child_weight': 4, 'subsample': 0.8, 'colsample_bytree': 1.0, 'gamma': 0.6000000000000001}. Best is trial 1801 with value: 0.629468387989737.
[I 2023-10-11 22:35:20,899] Trial 1827 finished with value: 0.6216933016390459 and parameters: {'w0': 0.247, 'w1': 0.885, 'w2': 0.266, 'w3': 0.625, 'w4': 0.8150000000000001, 'w5': 0.043000000000000003, 'w6': 0.775, 'w7': 0.264, 'w8': 0.71, 'max_depth': 6, 'min_child_weight': 4, 'subsample': 0.8, 'colsample_bytree': 1.0, 'gamma': 0.6000000000000001}. Best is trial 1801 with value: 0.629468387989737.
[I 2023-10-11 22:36:18,289] Trial 1830 finished with value: 0.6224642476409198 and parameters: {'w0': 0.257, 'w1': 0.894, 'w2': 0.269, 'w3': 0.628, 'w4': 0.8180000000000001, 'w5': 0.055, 'w6': 0.781, 'w7': 0.242, 'w8': 0.708, 'max_depth': 6, 'min_child_weight': 4, 'subsample': 0.8, 'colsample_bytree': 1.0, 'gamma': 0.6000000000000001}. Best is trial 1801 with value: 0.629468387989737.
[I 2023-10-11 22:37:55,588] Trial 1833 finished with value: 0.6270543835040033 and parameters: {'w0': 0.242, 'w1': 0.913, 'w2': 0.268, 'w3': 0.627, 'w4': 0.758, 'w5': 0.042, 'w6': 0.78, 'w7': 0.253, 'w8': 0.707, 'max_depth': 6, 'min_child_weight': 4, 'subsample': 0.8, 'colsample_bytree': 1.0, 'gamma': 1.2000000000000002}. Best is trial 1801 with value: 0.629468387989737.
[I 2023-10-11 22:38:26,240] Trial 1831 finished with value: 0.6239486665732676 and parameters: {'w0': 0.253, 'w1': 0.905, 'w2': 0.278, 'w3': 0.627, 'w4': 0.809, 'w5': 0.05, 'w6': 0.782, 'w7': 0.244, 'w8': 0.6980000000000001, 'max_depth': 6, 'min_child_weight': 4, 'subsample': 0.8, 'colsample_bytree': 1.0, 'gamma': 0.6000000000000001}. Best is trial 1801 with value: 0.629468387989737.
[I 2023-10-11 22:38:37,190] Trial 1834 finished with value: 0.6242896613325459 and parameters: {'w0': 0.256, 'w1': 0.91, 'w2': 0.268, 'w3': 0.626, 'w4': 0.8140000000000001, 'w5': 0.054, 'w6': 0.783, 'w7': 0.247, 'w8': 0.687, 'max_depth': 6, 'min_child_weight': 4, 'subsample': 0.8, 'colsample_bytree': 1.0, 'gamma': 1.2000000000000002}. Best is trial 1801 with value: 0.629468387989737.
[I 2023-10-11 22:39:58,243] Trial 1832 finished with value: 0.6271505001348334 and parameters: {'w0': 0.253, 'w1': 0.908, 'w2': 0.265, 'w3': 0.637, 'w4': 0.805, 'w5': 0.04, 'w6': 0.766, 'w7': 0.224, 'w8': 0.706, 'max_depth': 6, 'min_child_weight': 4, 'subsample': 0.8, 'colsample_bytree': 1.0, 'gamma': 0.6000000000000001}. Best is trial 1801 with value: 0.629468387989737.
[I 2023-10-11 22:40:28,127] Trial 1835 finished with value: 0.6249211740461551 and parameters: {'w0': 0.263, 'w1': 0.91, 'w2': 0.28, 'w3': 0.624, 'w4': 0.8150000000000001, 'w5': 0.042, 'w6': 0.781, 'w7': 0.27, 'w8': 0.7020000000000001, 'max_depth': 6, 'min_child_weight': 4, 'subsample': 0.8, 'colsample_bytree': 1.0, 'gamma': 1.2000000000000002}. Best is trial 1801 with value: 0.629468387989737.
[I 2023-10-11 22:41:51,989] Trial 1836 finished with value: 0.6232890448437949 and parameters: {'w0': 0.259, 'w1': 0.911, 'w2': 0.271, 'w3': 0.626, 'w4': 0.8180000000000001, 'w5': 0.054, 'w6': 0.777, 'w7': 0.267, 'w8': 0.6980000000000001, 'max_depth': 6, 'min_child_weight': 4, 'subsample': 0.8, 'colsample_bytree': 1.0, 'gamma': 1.2000000000000002}. Best is trial 1801 with value: 0.629468387989737.
[I 2023-10-11 22:43:23,648] Trial 1837 finished with value: 0.6197509215605069 and parameters: {'w0': 0.26, 'w1': 0.916, 'w2': 0.266, 'w3': 0.625, 'w4': 0.811, 'w5': 0.051000000000000004, 'w6': 0.747, 'w7': 0.254, 'w8': 0.712, 'max_depth': 6, 'min_child_weight': 4, 'subsample': 0.8, 'colsample_bytree': 1.0, 'gamma': 1.2000000000000002}. Best is trial 1801 with value: 0.629468387989737.
[I 2023-10-11 22:51:38,579] Trial 1839 finished with value: 0.6236930319284829 and parameters: {'w0': 0.263, 'w1': 0.909, 'w2': 0.279, 'w3': 0.5670000000000001, 'w4': 0.8, 'w5': 0.041, 'w6': 0.785, 'w7': 0.264, 'w8': 0.6900000000000001, 'max_depth': 6, 'min_child_weight': 4, 'subsample': 0.8, 'colsample_bytree': 1.0, 'gamma': 0.6000000000000001}. Best is trial 1801 with value: 0.629468387989737.
[I 2023-10-11 22:52:33,648] Trial 1838 finished with value: 0.6207882700340241 and parameters: {'w0': 0.262, 'w1': 0.913, 'w2': 0.28900000000000003, 'w3': 0.5670000000000001, 'w4': 0.8170000000000001, 'w5': 0.047, 'w6': 0.785, 'w7': 0.25, 'w8': 0.705, 'max_depth': 6, 'min_child_weight': 4, 'subsample': 0.8, 'colsample_bytree': 1.0, 'gamma': 0.4}. Best is trial 1801 with value: 0.629468387989737.
[I 2023-10-11 22:53:56,011] Trial 1852 finished with value: 0.6058752752293858 and parameters: {'w0': 0.28, 'w1': 0.92, 'w2': 0.261, 'w3': 0.65, 'w4': 0.794, 'w5': 0.016, 'w6': 0.786, 'w7': 0.253, 'w8': 0.713, 'max_depth': 6, 'min_child_weight': 4, 'subsample': 0.7, 'colsample_bytree': 1.0, 'gamma': 2.8000000000000003}. Best is trial 1801 with value: 0.629468387989737.
[I 2023-10-11 22:55:26,728] Trial 1840 finished with value: 0.6161028581985504 and parameters: {'w0': 0.268, 'w1': 0.912, 'w2': 0.28400000000000003, 'w3': 0.561, 'w4': 0.811, 'w5': 0.04, 'w6': 0.772, 'w7': 0.27, 'w8': 0.705, 'max_depth': 6, 'min_child_weight': 4, 'subsample': 0.7, 'colsample_bytree': 1.0, 'gamma': 0.4}. Best is trial 1801 with value: 0.629468387989737.
[I 2023-10-11 22:56:19,064] Trial 1847 finished with value: 0.6214661757666745 and parameters: {'w0': 0.279, 'w1': 0.913, 'w2': 0.258, 'w3': 0.62, 'w4': 0.8140000000000001, 'w5': 0.031, 'w6': 0.788, 'w7': 0.266, 'w8': 0.705, 'max_depth': 6, 'min_child_weight': 4, 'subsample': 0.7, 'colsample_bytree': 1.0, 'gamma': 1.2000000000000002}. Best is trial 1801 with value: 0.629468387989737.
[I 2023-10-11 22:56:23,450] Trial 1842 finished with value: 0.6226560220582689 and parameters: {'w0': 0.275, 'w1': 0.909, 'w2': 0.269, 'w3': 0.5640000000000001, 'w4': 0.8150000000000001, 'w5': 0.044000000000000004, 'w6': 0.788, 'w7': 0.265, 'w8': 0.711, 'max_depth': 6, 'min_child_weight': 4, 'subsample': 0.8, 'colsample_bytree': 1.0, 'gamma': 0.6000000000000001}. Best is trial 1801 with value: 0.629468387989737.
[I 2023-10-11 22:56:41,169] Trial 1841 finished with value: 0.6160872092967588 and parameters: {'w0': 0.28900000000000003, 'w1': 0.913, 'w2': 0.277, 'w3': 0.561, 'w4': 0.811, 'w5': 0.034, 'w6': 0.79, 'w7': 0.257, 'w8': 0.711, 'max_depth': 6, 'min_child_weight': 4, 'subsample': 0.7, 'colsample_bytree': 1.0, 'gamma': 0.4}. Best is trial 1801 with value: 0.629468387989737.
[I 2023-10-11 22:58:09,777] Trial 1848 finished with value: 0.6093302467621892 and parameters: {'w0': 0.28, 'w1': 0.916, 'w2': 0.299, 'w3': 0.074, 'w4': 0.8150000000000001, 'w5': 0.035, 'w6': 0.785, 'w7': 0.264, 'w8': 0.718, 'max_depth': 6, 'min_child_weight': 4, 'subsample': 0.7, 'colsample_bytree': 1.0, 'gamma': 1.0}. Best is trial 1801 with value: 0.629468387989737.
[I 2023-10-11 22:58:31,399] Trial 1843 finished with value: 0.6219756750575964 and parameters: {'w0': 0.274, 'w1': 0.865, 'w2': 0.28600000000000003, 'w3': 0.5700000000000001, 'w4': 0.8200000000000001, 'w5': 0.04, 'w6': 0.786, 'w7': 0.263, 'w8': 0.707, 'max_depth': 6, 'min_child_weight': 4, 'subsample': 0.7, 'colsample_bytree': 1.0, 'gamma': 0.4}. Best is trial 1801 with value: 0.629468387989737.
[I 2023-10-11 22:58:38,921] Trial 1844 finished with value: 0.6203778907054488 and parameters: {'w0': 0.269, 'w1': 0.868, 'w2': 0.28900000000000003, 'w3': 0.5680000000000001, 'w4': 0.8180000000000001, 'w5': 0.046, 'w6': 0.791, 'w7': 0.262, 'w8': 0.708, 'max_depth': 6, 'min_child_weight': 4, 'subsample': 0.7, 'colsample_bytree': 1.0, 'gamma': 0.4}. Best is trial 1801 with value: 0.629468387989737.
[I 2023-10-11 22:58:56,277] Trial 1849 finished with value: 0.6200379812088161 and parameters: {'w0': 0.27, 'w1': 0.914, 'w2': 0.265, 'w3': 0.612, 'w4': 0.8170000000000001, 'w5': 0.037000000000000005, 'w6': 0.791, 'w7': 0.268, 'w8': 0.715, 'max_depth': 6, 'min_child_weight': 4, 'subsample': 0.7, 'colsample_bytree': 1.0, 'gamma': 1.0}. Best is trial 1801 with value: 0.629468387989737.
[I 2023-10-11 22:59:12,358] Trial 1845 finished with value: 0.6204384516626076 and parameters: {'w0': 0.278, 'w1': 0.914, 'w2': 0.295, 'w3': 0.5660000000000001, 'w4': 0.8200000000000001, 'w5': 0.052000000000000005, 'w6': 0.781, 'w7': 0.264, 'w8': 0.6940000000000001, 'max_depth': 6, 'min_child_weight': 4, 'subsample': 0.7, 'colsample_bytree': 1.0, 'gamma': 0.4}. Best is trial 1801 with value: 0.629468387989737.
[I 2023-10-11 23:00:17,052] Trial 1851 finished with value: 0.6214110680296724 and parameters: {'w0': 0.28600000000000003, 'w1': 0.92, 'w2': 0.28500000000000003, 'w3': 0.645, 'w4': 0.8190000000000001, 'w5': 0.035, 'w6': 0.794, 'w7': 0.222, 'w8': 0.722, 'max_depth': 6, 'min_child_weight': 4, 'subsample': 0.7, 'colsample_bytree': 1.0, 'gamma': 1.0}. Best is trial 1801 with value: 0.629468387989737.
[I 2023-10-11 23:00:18,541] Trial 1846 finished with value: 0.6239143157148879 and parameters: {'w0': 0.28800000000000003, 'w1': 0.914, 'w2': 0.28, 'w3': 0.5660000000000001, 'w4': 0.8140000000000001, 'w5': 0.049, 'w6': 0.786, 'w7': 0.252, 'w8': 0.7020000000000001, 'max_depth': 6, 'min_child_weight': 4, 'subsample': 0.7, 'colsample_bytree': 1.0, 'gamma': 0.4}. Best is trial 1801 with value: 0.629468387989737.
[I 2023-10-11 23:00:32,957] Trial 1850 finished with value: 0.6132579118296474 and parameters: {'w0': 0.506, 'w1': 0.915, 'w2': 0.301, 'w3': 0.656, 'w4': 0.812, 'w5': 0.023, 'w6': 0.788, 'w7': 0.267, 'w8': 0.7030000000000001, 'max_depth': 6, 'min_child_weight': 4, 'subsample': 0.7, 'colsample_bytree': 1.0, 'gamma': 1.0}. Best is trial 1801 with value: 0.629468387989737.
[I 2023-10-11 23:02:59,561] Trial 1856 finished with value: 0.5730089991806963 and parameters: {'w0': 0.277, 'w1': 0.922, 'w2': 0.25, 'w3': 0.654, 'w4': 0.792, 'w5': 0.02, 'w6': 0.753, 'w7': 0.229, 'w8': 0.723, 'max_depth': 6, 'min_child_weight': 4, 'subsample': 0.7, 'colsample_bytree': 1.0, 'gamma': 9.0}. Best is trial 1801 with value: 0.629468387989737.
[I 2023-10-11 23:03:08,330] Trial 1853 finished with value: 0.6185434877332429 and parameters: {'w0': 0.28300000000000003, 'w1': 0.911, 'w2': 0.298, 'w3': 0.65, 'w4': 0.805, 'w5': 0.046, 'w6': 0.783, 'w7': 0.226, 'w8': 0.719, 'max_depth': 6, 'min_child_weight': 4, 'subsample': 0.7, 'colsample_bytree': 1.0, 'gamma': 1.0}. Best is trial 1801 with value: 0.629468387989737.
[I 2023-10-11 23:08:04,728] Trial 1864 finished with value: 0.579599872712427 and parameters: {'w0': 0.228, 'w1': 0.932, 'w2': 0.264, 'w3': 0.647, 'w4': 0.72, 'w5': 0.021, 'w6': 0.75, 'w7': 0.224, 'w8': 0.717, 'max_depth': 6, 'min_child_weight': 4, 'subsample': 0.8, 'colsample_bytree': 1.0, 'gamma': 8.0}. Best is trial 1801 with value: 0.629468387989737.
[I 2023-10-11 23:08:36,749] Trial 1862 finished with value: 0.6025620439471837 and parameters: {'w0': 0.293, 'w1': 0.9400000000000001, 'w2': 0.258, 'w3': 0.653, 'w4': 0.784, 'w5': 0.02, 'w6': 0.753, 'w7': 0.231, 'w8': 0.717, 'max_depth': 6, 'min_child_weight': 4, 'subsample': 0.8, 'colsample_bytree': 1.0, 'gamma': 4.2}. Best is trial 1801 with value: 0.629468387989737.
[I 2023-10-11 23:09:11,172] Trial 1854 finished with value: 0.6243101046453102 and parameters: {'w0': 0.28500000000000003, 'w1': 0.931, 'w2': 0.293, 'w3': 0.648, 'w4': 0.791, 'w5': 0.039, 'w6': 0.781, 'w7': 0.222, 'w8': 0.722, 'max_depth': 6, 'min_child_weight': 4, 'subsample': 0.8, 'colsample_bytree': 1.0, 'gamma': 1.0}. Best is trial 1801 with value: 0.629468387989737.
[I 2023-10-11 23:12:35,588] Trial 1855 finished with value: 0.6179048621438334 and parameters: {'w0': 0.28400000000000003, 'w1': 0.924, 'w2': 0.293, 'w3': 0.655, 'w4': 0.791, 'w5': 0.019000000000000003, 'w6': 0.79, 'w7': 0.229, 'w8': 0.6980000000000001, 'max_depth': 6, 'min_child_weight': 4, 'subsample': 0.7, 'colsample_bytree': 1.0, 'gamma': 1.0}. Best is trial 1801 with value: 0.629468387989737.
[I 2023-10-11 23:13:14,996] Trial 1857 finished with value: 0.6172165672234846 and parameters: {'w0': 0.291, 'w1': 0.927, 'w2': 0.295, 'w3': 0.659, 'w4': 0.723, 'w5': 0.02, 'w6': 0.757, 'w7': 0.223, 'w8': 0.709, 'max_depth': 6, 'min_child_weight': 4, 'subsample': 0.8, 'colsample_bytree': 1.0, 'gamma': 1.0}. Best is trial 1801 with value: 0.629468387989737.
[I 2023-10-11 23:14:03,960] Trial 1859 finished with value: 0.6186126503059355 and parameters: {'w0': 0.28800000000000003, 'w1': 0.927, 'w2': 0.295, 'w3': 0.65, 'w4': 0.793, 'w5': 0.022000000000000002, 'w6': 0.753, 'w7': 0.221, 'w8': 0.724, 'max_depth': 6, 'min_child_weight': 4, 'subsample': 0.8, 'colsample_bytree': 1.0, 'gamma': 1.0}. Best is trial 1801 with value: 0.629468387989737.
[I 2023-10-11 23:14:17,696] Trial 1858 finished with value: 0.6244773645053977 and parameters: {'w0': 0.28700000000000003, 'w1': 0.921, 'w2': 0.279, 'w3': 0.653, 'w4': 0.789, 'w5': 0.04, 'w6': 0.754, 'w7': 0.226, 'w8': 0.72, 'max_depth': 6, 'min_child_weight': 4, 'subsample': 0.8, 'colsample_bytree': 1.0, 'gamma': 1.0}. Best is trial 1801 with value: 0.629468387989737.
[I 2023-10-11 23:14:41,613] Trial 1860 finished with value: 0.6227493696965359 and parameters: {'w0': 0.28800000000000003, 'w1': 0.93, 'w2': 0.28800000000000003, 'w3': 0.654, 'w4': 0.791, 'w5': 0.032, 'w6': 0.754, 'w7': 0.22, 'w8': 0.726, 'max_depth': 6, 'min_child_weight': 4, 'subsample': 0.8, 'colsample_bytree': 1.0, 'gamma': 1.0}. Best is trial 1801 with value: 0.629468387989737.
[I 2023-10-11 23:15:44,774] Trial 1863 finished with value: 0.6148335569799153 and parameters: {'w0': 0.292, 'w1': 0.929, 'w2': 0.255, 'w3': 0.653, 'w4': 0.722, 'w5': 0.015, 'w6': 0.753, 'w7': 0.21, 'w8': 0.729, 'max_depth': 6, 'min_child_weight': 4, 'subsample': 0.8, 'colsample_bytree': 1.0, 'gamma': 1.0}. Best is trial 1801 with value: 0.629468387989737.
[I 2023-10-11 23:16:15,325] Trial 1861 finished with value: 0.6218863039990955 and parameters: {'w0': 0.274, 'w1': 0.929, 'w2': 0.28, 'w3': 0.657, 'w4': 0.795, 'w5': 0.109, 'w6': 0.755, 'w7': 0.222, 'w8': 0.723, 'max_depth': 6, 'min_child_weight': 4, 'subsample': 0.8, 'colsample_bytree': 1.0, 'gamma': 1.0}. Best is trial 1801 with value: 0.629468387989737.
[I 2023-10-11 23:19:43,099] Trial 1865 finished with value: 0.6210474902913693 and parameters: {'w0': 0.232, 'w1': 0.933, 'w2': 0.295, 'w3': 0.655, 'w4': 0.789, 'w5': 0.11, 'w6': 0.751, 'w7': 0.223, 'w8': 0.6890000000000001, 'max_depth': 6, 'min_child_weight': 4, 'subsample': 0.8, 'colsample_bytree': 1.0, 'gamma': 0.8}. Best is trial 1801 with value: 0.629468387989737.
[I 2023-10-11 23:20:26,404] Trial 1867 finished with value: 0.6220577749097345 and parameters: {'w0': 0.231, 'w1': 0.932, 'w2': 0.25, 'w3': 0.651, 'w4': 0.791, 'w5': 0.028, 'w6': 0.75, 'w7': 0.23, 'w8': 0.727, 'max_depth': 6, 'min_child_weight': 4, 'subsample': 0.8, 'colsample_bytree': 1.0, 'gamma': 0.8}. Best is trial 1801 with value: 0.629468387989737.
[I 2023-10-11 23:20:57,631] Trial 1866 finished with value: 0.6198656544560609 and parameters: {'w0': 0.28700000000000003, 'w1': 0.936, 'w2': 0.304, 'w3': 0.658, 'w4': 0.791, 'w5': 0.022000000000000002, 'w6': 0.749, 'w7': 0.224, 'w8': 0.72, 'max_depth': 6, 'min_child_weight': 4, 'subsample': 0.8, 'colsample_bytree': 1.0, 'gamma': 0.8}. Best is trial 1801 with value: 0.629468387989737.
[I 2023-10-11 23:21:25,097] Trial 1868 finished with value: 0.625391619165852 and parameters: {'w0': 0.294, 'w1': 0.936, 'w2': 0.251, 'w3': 0.659, 'w4': 0.791, 'w5': 0.1, 'w6': 0.752, 'w7': 0.22, 'w8': 0.73, 'max_depth': 6, 'min_child_weight': 4, 'subsample': 0.8, 'colsample_bytree': 1.0, 'gamma': 0.8}. Best is trial 1801 with value: 0.629468387989737.
[I 2023-10-11 23:22:55,276] Trial 1870 finished with value: 0.6127550387506298 and parameters: {'w0': 0.23500000000000001, 'w1': 0.9390000000000001, 'w2': 0.247, 'w3': 0.611, 'w4': 0.788, 'w5': 0.012, 'w6': 0.751, 'w7': 0.22, 'w8': 0.683, 'max_depth': 6, 'min_child_weight': 4, 'subsample': 0.8, 'colsample_bytree': 1.0, 'gamma': 0.8}. Best is trial 1801 with value: 0.629468387989737.
[I 2023-10-11 23:23:51,524] Trial 1869 finished with value: 0.6187711919070855 and parameters: {'w0': 0.232, 'w1': 0.9460000000000001, 'w2': 0.3, 'w3': 0.646, 'w4': 0.756, 'w5': 0.016, 'w6': 0.753, 'w7': 0.227, 'w8': 0.6950000000000001, 'max_depth': 6, 'min_child_weight': 4, 'subsample': 0.8, 'colsample_bytree': 1.0, 'gamma': 0.8}. Best is trial 1801 with value: 0.629468387989737.
[I 2023-10-11 23:26:16,349] Trial 1878 finished with value: 0.6102453148198157 and parameters: {'w0': 0.232, 'w1': 0.9450000000000001, 'w2': 0.25, 'w3': 0.612, 'w4': 0.75, 'w5': 0.109, 'w6': 0.732, 'w7': 0.225, 'w8': 0.686, 'max_depth': 6, 'min_child_weight': 4, 'subsample': 0.8, 'colsample_bytree': 1.0, 'gamma': 4.6000000000000005}. Best is trial 1801 with value: 0.629468387989737.
[I 2023-10-11 23:28:15,217] Trial 1871 finished with value: 0.6155400732307088 and parameters: {'w0': 0.231, 'w1': 0.937, 'w2': 0.263, 'w3': 0.616, 'w4': 0.79, 'w5': 0.014000000000000002, 'w6': 0.746, 'w7': 0.219, 'w8': 0.682, 'max_depth': 6, 'min_child_weight': 4, 'subsample': 0.8, 'colsample_bytree': 1.0, 'gamma': 0.8}. Best is trial 1801 with value: 0.629468387989737.
[I 2023-10-11 23:29:19,860] Trial 1872 finished with value: 0.6241346385781829 and parameters: {'w0': 0.233, 'w1': 0.936, 'w2': 0.28700000000000003, 'w3': 0.611, 'w4': 0.749, 'w5': 0.108, 'w6': 0.738, 'w7': 0.231, 'w8': 0.684, 'max_depth': 6, 'min_child_weight': 4, 'subsample': 0.8, 'colsample_bytree': 1.0, 'gamma': 0.8}. Best is trial 1801 with value: 0.629468387989737.
