[I 2023-10-11 11:37:16,956] Trial 1257 finished with value: 0.6187708093817901 and parameters: {'w0': 0.217, 'w1': 0.8250000000000001, 'w2': 0.20500000000000002, 'w3': 0.529, 'w4': 0.8270000000000001, 'w5': 0.28800000000000003, 'w6': 0.759, 'w7': 0.10300000000000001, 'w8': 0.617, 'max_depth': 10, 'min_child_weight': 4, 'subsample': 0.9000000000000001, 'colsample_bytree': 0.9000000000000001, 'gamma': 0.6000000000000001}. Best is trial 1043 with value: 0.6266149442384139.
[I 2023-10-11 11:39:03,555] Trial 1266 finished with value: 0.5502255066053101 and parameters: {'w0': 0.153, 'w1': 0.774, 'w2': 0.884, 'w3': 0.626, 'w4': 0.893, 'w5': 0.32, 'w6': 0.759, 'w7': 0.199, 'w8': 0.5670000000000001, 'max_depth': 5, 'min_child_weight': 2, 'subsample': 0.9000000000000001, 'colsample_bytree': 0.8, 'gamma': 5.4}. Best is trial 1043 with value: 0.6266149442384139.
[I 2023-10-11 11:39:28,584] Trial 1267 finished with value: 0.5748446620857866 and parameters: {'w0': 0.158, 'w1': 0.772, 'w2': 0.148, 'w3': 0.627, 'w4': 0.426, 'w5': 0.317, 'w6': 0.766, 'w7': 0.099, 'w8': 0.5760000000000001, 'max_depth': 10, 'min_child_weight': 2, 'subsample': 0.9000000000000001, 'colsample_bytree': 0.8, 'gamma': 5.800000000000001}. Best is trial 1043 with value: 0.6266149442384139.
[I 2023-10-11 11:40:43,754] Trial 1263 finished with value: 0.6060486478499996 and parameters: {'w0': 0.148, 'w1': 0.773, 'w2': 0.20600000000000002, 'w3': 0.625, 'w4': 0.892, 'w5': 0.313, 'w6': 0.767, 'w7': 0.1, 'w8': 0.636, 'max_depth': 5, 'min_child_weight': 4, 'subsample': 0.9000000000000001, 'colsample_bytree': 0.8, 'gamma': 1.0}. Best is trial 1043 with value: 0.6266149442384139.
[I 2023-10-11 11:41:57,572] Trial 1260 finished with value: 0.6179996607122404 and parameters: {'w0': 0.224, 'w1': 0.358, 'w2': 0.20700000000000002, 'w3': 0.487, 'w4': 0.422, 'w5': 0.318, 'w6': 0.766, 'w7': 0.198, 'w8': 0.5740000000000001, 'max_depth': 5, 'min_child_weight': 4, 'subsample': 0.9000000000000001, 'colsample_bytree': 0.9000000000000001, 'gamma': 0.6000000000000001}. Best is trial 1043 with value: 0.6266149442384139.
[I 2023-10-11 11:42:30,261] Trial 1261 finished with value: 0.6206118807075423 and parameters: {'w0': 0.219, 'w1': 0.799, 'w2': 0.20800000000000002, 'w3': 0.522, 'w4': 0.335, 'w5': 0.319, 'w6': 0.775, 'w7': 0.198, 'w8': 0.635, 'max_depth': 5, 'min_child_weight': 4, 'subsample': 0.9000000000000001, 'colsample_bytree': 0.9000000000000001, 'gamma': 0.6000000000000001}. Best is trial 1043 with value: 0.6266149442384139.
[I 2023-10-11 11:43:27,137] Trial 1262 finished with value: 0.621265529017848 and parameters: {'w0': 0.15, 'w1': 0.769, 'w2': 0.20400000000000001, 'w3': 0.6950000000000001, 'w4': 0.578, 'w5': 0.32, 'w6': 0.762, 'w7': 0.196, 'w8': 0.5720000000000001, 'max_depth': 5, 'min_child_weight': 4, 'subsample': 0.9000000000000001, 'colsample_bytree': 0.8, 'gamma': 0.6000000000000001}. Best is trial 1043 with value: 0.6266149442384139.
[I 2023-10-11 11:43:27,437] Trial 1265 finished with value: 0.6092540821182869 and parameters: {'w0': 0.177, 'w1': 0.773, 'w2': 0.15, 'w3': 0.623, 'w4': 0.893, 'w5': 0.318, 'w6': 0.8310000000000001, 'w7': 0.197, 'w8': 0.637, 'max_depth': 5, 'min_child_weight': 2, 'subsample': 0.9000000000000001, 'colsample_bytree': 1.0, 'gamma': 1.0}. Best is trial 1043 with value: 0.6266149442384139.
[I 2023-10-11 11:44:19,533] Trial 1268 finished with value: 0.6125022528810915 and parameters: {'w0': 0.17600000000000002, 'w1': 0.773, 'w2': 0.148, 'w3': 0.624, 'w4': 0.893, 'w5': 0.32, 'w6': 0.76, 'w7': 0.196, 'w8': 0.5710000000000001, 'max_depth': 5, 'min_child_weight': 2, 'subsample': 0.9000000000000001, 'colsample_bytree': 0.9000000000000001, 'gamma': 1.0}. Best is trial 1043 with value: 0.6266149442384139.
[I 2023-10-11 11:44:44,745] Trial 1270 finished with value: 0.6070707158903093 and parameters: {'w0': 0.155, 'w1': 0.774, 'w2': 0.148, 'w3': 0.619, 'w4': 0.268, 'w5': 0.313, 'w6': 0.764, 'w7': 0.101, 'w8': 0.5670000000000001, 'max_depth': 5, 'min_child_weight': 2, 'subsample': 0.9000000000000001, 'colsample_bytree': 0.8, 'gamma': 1.0}. Best is trial 1043 with value: 0.6266149442384139.
[I 2023-10-11 11:45:54,887] Trial 1269 finished with value: 0.5884609425248314 and parameters: {'w0': 0.179, 'w1': 0.771, 'w2': 0.673, 'w3': 0.58, 'w4': 0.89, 'w5': 0.322, 'w6': 0.764, 'w7': 0.098, 'w8': 0.641, 'max_depth': 5, 'min_child_weight': 2, 'subsample': 0.9000000000000001, 'colsample_bytree': 0.8, 'gamma': 1.0}. Best is trial 1043 with value: 0.6266149442384139.
[I 2023-10-11 11:47:43,333] Trial 1271 finished with value: 0.6087257197104559 and parameters: {'w0': 0.17500000000000002, 'w1': 0.775, 'w2': 0.178, 'w3': 0.6970000000000001, 'w4': 0.892, 'w5': 0.318, 'w6': 0.8320000000000001, 'w7': 0.096, 'w8': 0.5700000000000001, 'max_depth': 5, 'min_child_weight': 2, 'subsample': 0.9000000000000001, 'colsample_bytree': 1.0, 'gamma': 1.0}. Best is trial 1043 with value: 0.6266149442384139.
[I 2023-10-11 11:48:32,136] Trial 1272 finished with value: 0.6056518387489789 and parameters: {'w0': 0.156, 'w1': 0.429, 'w2': 0.156, 'w3': 0.629, 'w4': 0.891, 'w5': 0.316, 'w6': 0.8200000000000001, 'w7': 0.199, 'w8': 0.579, 'max_depth': 5, 'min_child_weight': 2, 'subsample': 0.9000000000000001, 'colsample_bytree': 0.8, 'gamma': 1.0}. Best is trial 1043 with value: 0.6266149442384139.
[I 2023-10-11 11:49:40,231] Trial 1273 finished with value: 0.6088519843874622 and parameters: {'w0': 0.151, 'w1': 0.778, 'w2': 0.147, 'w3': 0.628, 'w4': 0.893, 'w5': 0.314, 'w6': 0.8190000000000001, 'w7': 0.197, 'w8': 0.5710000000000001, 'max_depth': 5, 'min_child_weight': 2, 'subsample': 0.9000000000000001, 'colsample_bytree': 1.0, 'gamma': 1.0}. Best is trial 1043 with value: 0.6266149442384139.
[I 2023-10-11 11:51:15,413] Trial 1274 finished with value: 0.6094533342782282 and parameters: {'w0': 0.181, 'w1': 0.777, 'w2': 0.146, 'w3': 0.625, 'w4': 0.892, 'w5': 0.316, 'w6': 0.8280000000000001, 'w7': 0.20400000000000001, 'w8': 0.5690000000000001, 'max_depth': 5, 'min_child_weight': 2, 'subsample': 0.9000000000000001, 'colsample_bytree': 1.0, 'gamma': 1.0}. Best is trial 1043 with value: 0.6266149442384139.
[I 2023-10-11 11:51:33,642] Trial 1275 finished with value: 0.609485502414042 and parameters: {'w0': 0.244, 'w1': 0.773, 'w2': 0.151, 'w3': 0.502, 'w4': 0.835, 'w5': 0.194, 'w6': 0.755, 'w7': 0.201, 'w8': 0.5710000000000001, 'max_depth': 5, 'min_child_weight': 4, 'subsample': 0.9000000000000001, 'colsample_bytree': 1.0, 'gamma': 1.0}. Best is trial 1043 with value: 0.6266149442384139.
[I 2023-10-11 11:52:18,036] Trial 1276 finished with value: 0.6137970550514922 and parameters: {'w0': 0.247, 'w1': 0.766, 'w2': 0.153, 'w3': 0.497, 'w4': 0.8270000000000001, 'w5': 0.20500000000000002, 'w6': 0.761, 'w7': 0.201, 'w8': 0.5720000000000001, 'max_depth': 5, 'min_child_weight': 4, 'subsample': 0.9000000000000001, 'colsample_bytree': 0.9000000000000001, 'gamma': 1.0}. Best is trial 1043 with value: 0.6266149442384139.
[I 2023-10-11 11:54:21,429] Trial 1277 finished with value: 0.6036273509924718 and parameters: {'w0': 0.25, 'w1': 0.773, 'w2': 0.146, 'w3': 0.49, 'w4': 0.779, 'w5': 0.251, 'w6': 0.78, 'w7': 0.227, 'w8': 0.5700000000000001, 'max_depth': 5, 'min_child_weight': 4, 'subsample': 0.9000000000000001, 'colsample_bytree': 1.0, 'gamma': 1.0}. Best is trial 1043 with value: 0.6266149442384139.
[I 2023-10-11 11:54:40,012] Trial 1278 finished with value: 0.6080717073888119 and parameters: {'w0': 0.249, 'w1': 0.766, 'w2': 0.153, 'w3': 0.491, 'w4': 0.8160000000000001, 'w5': 0.191, 'w6': 0.776, 'w7': 0.222, 'w8': 0.5710000000000001, 'max_depth': 5, 'min_child_weight': 4, 'subsample': 0.9000000000000001, 'colsample_bytree': 1.0, 'gamma': 1.0}. Best is trial 1043 with value: 0.6266149442384139.
[I 2023-10-11 11:55:54,424] Trial 1280 finished with value: 0.6063316589089809 and parameters: {'w0': 0.255, 'w1': 0.763, 'w2': 0.179, 'w3': 0.489, 'w4': 0.852, 'w5': 0.196, 'w6': 0.744, 'w7': 0.218, 'w8': 0.5750000000000001, 'max_depth': 3, 'min_child_weight': 4, 'subsample': 0.9000000000000001, 'colsample_bytree': 1.0, 'gamma': 1.0}. Best is trial 1043 with value: 0.6266149442384139.
[I 2023-10-11 11:58:27,595] Trial 1279 finished with value: 0.5812791884311005 and parameters: {'w0': 0.25, 'w1': 0.775, 'w2': 0.182, 'w3': 0.486, 'w4': 0.032, 'w5': 0.222, 'w6': 0.758, 'w7': 0.215, 'w8': 0.5750000000000001, 'max_depth': 4, 'min_child_weight': 4, 'subsample': 0.5, 'colsample_bytree': 1.0, 'gamma': 1.0}. Best is trial 1043 with value: 0.6266149442384139.
[I 2023-10-11 11:58:28,363] Trial 1284 finished with value: 0.6116473237320961 and parameters: {'w0': 0.251, 'w1': 0.798, 'w2': 0.179, 'w3': 0.506, 'w4': 0.842, 'w5': 0.253, 'w6': 0.746, 'w7': 0.224, 'w8': 0.5680000000000001, 'max_depth': 4, 'min_child_weight': 4, 'subsample': 0.9000000000000001, 'colsample_bytree': 1.0, 'gamma': 1.2000000000000002}. Best is trial 1043 with value: 0.6266149442384139.
[I 2023-10-11 11:58:34,027] Trial 1283 finished with value: 0.6170305019811513 and parameters: {'w0': 0.246, 'w1': 0.43, 'w2': 0.186, 'w3': 0.486, 'w4': 0.8190000000000001, 'w5': 0.254, 'w6': 0.755, 'w7': 0.20600000000000002, 'w8': 0.5710000000000001, 'max_depth': 5, 'min_child_weight': 4, 'subsample': 0.9000000000000001, 'colsample_bytree': 0.9000000000000001, 'gamma': 1.0}. Best is trial 1043 with value: 0.6266149442384139.
[I 2023-10-11 11:58:44,151] Trial 1285 finished with value: 0.6052339808882796 and parameters: {'w0': 0.23500000000000001, 'w1': 0.804, 'w2': 0.178, 'w3': 0.484, 'w4': 0.8280000000000001, 'w5': 0.249, 'w6': 0.281, 'w7': 0.23500000000000001, 'w8': 0.5730000000000001, 'max_depth': 4, 'min_child_weight': 4, 'subsample': 0.9000000000000001, 'colsample_bytree': 1.0, 'gamma': 1.2000000000000002}. Best is trial 1043 with value: 0.6266149442384139.
[I 2023-10-11 11:58:50,614] Trial 1282 finished with value: 0.6043289521038838 and parameters: {'w0': 0.25, 'w1': 0.763, 'w2': 0.147, 'w3': 0.486, 'w4': 0.8230000000000001, 'w5': 0.197, 'w6': 0.75, 'w7': 0.228, 'w8': 0.5750000000000001, 'max_depth': 5, 'min_child_weight': 4, 'subsample': 0.9000000000000001, 'colsample_bytree': 1.0, 'gamma': 1.0}. Best is trial 1043 with value: 0.6266149442384139.
[I 2023-10-11 12:00:00,711] Trial 1286 finished with value: 0.61145885035793 and parameters: {'w0': 0.249, 'w1': 0.804, 'w2': 0.184, 'w3': 0.492, 'w4': 0.47800000000000004, 'w5': 0.211, 'w6': 0.741, 'w7': 0.224, 'w8': 0.5770000000000001, 'max_depth': 4, 'min_child_weight': 4, 'subsample': 0.9000000000000001, 'colsample_bytree': 1.0, 'gamma': 1.2000000000000002}. Best is trial 1043 with value: 0.6266149442384139.
[I 2023-10-11 12:00:30,632] Trial 1281 finished with value: 0.6035678374860514 and parameters: {'w0': 0.23900000000000002, 'w1': 0.772, 'w2': 0.15, 'w3': 0.47800000000000004, 'w4': 0.84, 'w5': 0.20400000000000001, 'w6': 0.8250000000000001, 'w7': 0.225, 'w8': 0.5750000000000001, 'max_depth': 4, 'min_child_weight': 4, 'subsample': 0.5, 'colsample_bytree': 1.0, 'gamma': 1.0}. Best is trial 1043 with value: 0.6266149442384139.
[I 2023-10-11 12:03:10,944] Trial 1288 finished with value: 0.6173622612220877 and parameters: {'w0': 0.244, 'w1': 0.799, 'w2': 0.18, 'w3': 0.484, 'w4': 0.8250000000000001, 'w5': 0.291, 'w6': 0.7040000000000001, 'w7': 0.216, 'w8': 0.653, 'max_depth': 5, 'min_child_weight': 4, 'subsample': 0.9000000000000001, 'colsample_bytree': 0.9000000000000001, 'gamma': 1.2000000000000002}. Best is trial 1043 with value: 0.6266149442384139.
[I 2023-10-11 12:04:24,846] Trial 1290 finished with value: 0.5743546356532643 and parameters: {'w0': 0.25, 'w1': 0.794, 'w2': 0.169, 'w3': 0.492, 'w4': 0.846, 'w5': 0.213, 'w6': 0.28900000000000003, 'w7': 0.216, 'w8': 0.108, 'max_depth': 5, 'min_child_weight': 4, 'subsample': 0.9000000000000001, 'colsample_bytree': 0.9000000000000001, 'gamma': 1.2000000000000002}. Best is trial 1043 with value: 0.6266149442384139.
[I 2023-10-11 12:04:48,775] Trial 1289 finished with value: 0.5979171258682221 and parameters: {'w0': 0.769, 'w1': 0.314, 'w2': 0.228, 'w3': 0.492, 'w4': 0.845, 'w5': 0.20500000000000002, 'w6': 0.706, 'w7': 0.223, 'w8': 0.657, 'max_depth': 5, 'min_child_weight': 4, 'subsample': 0.9000000000000001, 'colsample_bytree': 0.9000000000000001, 'gamma': 1.2000000000000002}. Best is trial 1043 with value: 0.6266149442384139.
[I 2023-10-11 12:05:39,003] Trial 1287 finished with value: 0.6188071682874967 and parameters: {'w0': 0.244, 'w1': 0.797, 'w2': 0.18, 'w3': 0.487, 'w4': 0.8160000000000001, 'w5': 0.19, 'w6': 0.746, 'w7': 0.154, 'w8': 0.5720000000000001, 'max_depth': 4, 'min_child_weight': 4, 'subsample': 0.5, 'colsample_bytree': 0.9000000000000001, 'gamma': 1.2000000000000002}. Best is trial 1043 with value: 0.6266149442384139.
[I 2023-10-11 12:06:05,203] Trial 1291 finished with value: 0.6128834407210423 and parameters: {'w0': 0.23900000000000002, 'w1': 0.756, 'w2': 0.178, 'w3': 0.489, 'w4': 0.8150000000000001, 'w5': 0.293, 'w6': 0.7010000000000001, 'w7': 0.225, 'w8': 0.655, 'max_depth': 4, 'min_child_weight': 4, 'subsample': 0.9000000000000001, 'colsample_bytree': 0.9000000000000001, 'gamma': 1.2000000000000002}. Best is trial 1043 with value: 0.6266149442384139.
[I 2023-10-11 12:06:42,856] Trial 1292 finished with value: 0.6209545456196107 and parameters: {'w0': 0.245, 'w1': 0.492, 'w2': 0.234, 'w3': 0.485, 'w4': 0.85, 'w5': 0.20800000000000002, 'w6': 0.748, 'w7': 0.214, 'w8': 0.658, 'max_depth': 5, 'min_child_weight': 4, 'subsample': 0.9000000000000001, 'colsample_bytree': 0.9000000000000001, 'gamma': 1.2000000000000002}. Best is trial 1043 with value: 0.6266149442384139.
[I 2023-10-11 12:08:46,791] Trial 1294 finished with value: 0.6187296337020769 and parameters: {'w0': 0.243, 'w1': 0.734, 'w2': 0.18, 'w3': 0.465, 'w4': 0.844, 'w5': 0.217, 'w6': 0.385, 'w7': 0.152, 'w8': 0.647, 'max_depth': 4, 'min_child_weight': 0, 'subsample': 0.9000000000000001, 'colsample_bytree': 0.9000000000000001, 'gamma': 1.2000000000000002}. Best is trial 1043 with value: 0.6266149442384139.
[I 2023-10-11 12:09:40,395] Trial 1293 finished with value: 0.6156689017962452 and parameters: {'w0': 0.241, 'w1': 0.801, 'w2': 0.184, 'w3': 0.47300000000000003, 'w4': 0.8210000000000001, 'w5': 0.294, 'w6': 0.711, 'w7': 0.227, 'w8': 0.658, 'max_depth': 5, 'min_child_weight': 0, 'subsample': 0.9000000000000001, 'colsample_bytree': 0.9000000000000001, 'gamma': 1.2000000000000002}. Best is trial 1043 with value: 0.6266149442384139.
[I 2023-10-11 12:10:42,057] Trial 1295 finished with value: 0.613201952736125 and parameters: {'w0': 0.23700000000000002, 'w1': 0.801, 'w2': 0.23, 'w3': 0.586, 'w4': 0.855, 'w5': 0.294, 'w6': 0.856, 'w7': 0.155, 'w8': 0.659, 'max_depth': 4, 'min_child_weight': 0, 'subsample': 0.9000000000000001, 'colsample_bytree': 0.9000000000000001, 'gamma': 1.2000000000000002}. Best is trial 1043 with value: 0.6266149442384139.
[I 2023-10-11 12:12:10,661] Trial 1296 finished with value: 0.5815155472409196 and parameters: {'w0': 0.23900000000000002, 'w1': 0.07, 'w2': 0.229, 'w3': 0.582, 'w4': 0.8200000000000001, 'w5': 0.294, 'w6': 0.8140000000000001, 'w7': 0.157, 'w8': 0.662, 'max_depth': 4, 'min_child_weight': 0, 'subsample': 0.9000000000000001, 'colsample_bytree': 0.9000000000000001, 'gamma': 1.2000000000000002}. Best is trial 1043 with value: 0.6266149442384139.
[I 2023-10-11 12:12:43,282] Trial 1298 finished with value: 0.613985905800114 and parameters: {'w0': 0.23500000000000001, 'w1': 0.801, 'w2': 0.229, 'w3': 0.462, 'w4': 0.851, 'w5': 0.295, 'w6': 0.718, 'w7': 0.153, 'w8': 0.655, 'max_depth': 5, 'min_child_weight': 6, 'subsample': 0.9000000000000001, 'colsample_bytree': 0.9000000000000001, 'gamma': 1.2000000000000002}. Best is trial 1043 with value: 0.6266149442384139.
[I 2023-10-11 12:13:32,001] Trial 1297 finished with value: 0.6007060024358456 and parameters: {'w0': 0.759, 'w1': 0.801, 'w2': 0.231, 'w3': 0.583, 'w4': 0.864, 'w5': 0.292, 'w6': 0.8150000000000001, 'w7': 0.153, 'w8': 0.397, 'max_depth': 5, 'min_child_weight': 6, 'subsample': 0.9000000000000001, 'colsample_bytree': 0.9000000000000001, 'gamma': 1.2000000000000002}. Best is trial 1043 with value: 0.6266149442384139.
[I 2023-10-11 12:14:41,375] Trial 1299 finished with value: 0.6149550451490204 and parameters: {'w0': 0.184, 'w1': 0.381, 'w2': 0.22, 'w3': 0.58, 'w4': 0.872, 'w5': 0.28600000000000003, 'w6': 0.86, 'w7': 0.154, 'w8': 0.649, 'max_depth': 5, 'min_child_weight': 6, 'subsample': 0.9000000000000001, 'colsample_bytree': 0.9000000000000001, 'gamma': 0.8}. Best is trial 1043 with value: 0.6266149442384139.
[I 2023-10-11 12:15:28,808] Trial 1300 finished with value: 0.620314091215859 and parameters: {'w0': 0.183, 'w1': 0.734, 'w2': 0.229, 'w3': 0.458, 'w4': 0.867, 'w5': 0.293, 'w6': 0.8150000000000001, 'w7': 0.154, 'w8': 0.655, 'max_depth': 5, 'min_child_weight': 0, 'subsample': 0.9000000000000001, 'colsample_bytree': 0.9000000000000001, 'gamma': 0.8}. Best is trial 1043 with value: 0.6266149442384139.
[I 2023-10-11 12:16:39,186] Trial 1301 finished with value: 0.6157484379074487 and parameters: {'w0': 0.183, 'w1': 0.732, 'w2': 0.23, 'w3': 0.59, 'w4': 0.865, 'w5': 0.28900000000000003, 'w6': 0.719, 'w7': 0.155, 'w8': 0.658, 'max_depth': 5, 'min_child_weight': 0, 'subsample': 0.9000000000000001, 'colsample_bytree': 0.9000000000000001, 'gamma': 0.8}. Best is trial 1043 with value: 0.6266149442384139.
[I 2023-10-11 12:16:56,045] Trial 1302 finished with value: 0.6181018847616192 and parameters: {'w0': 0.187, 'w1': 0.731, 'w2': 0.23, 'w3': 0.598, 'w4': 0.867, 'w5': 0.292, 'w6': 0.855, 'w7': 0.151, 'w8': 0.662, 'max_depth': 5, 'min_child_weight': 6, 'subsample': 0.9000000000000001, 'colsample_bytree': 0.9000000000000001, 'gamma': 0.8}. Best is trial 1043 with value: 0.6266149442384139.
[I 2023-10-11 12:19:43,418] Trial 1303 finished with value: 0.6194219547473009 and parameters: {'w0': 0.179, 'w1': 0.724, 'w2': 0.229, 'w3': 0.46, 'w4': 0.864, 'w5': 0.28800000000000003, 'w6': 0.807, 'w7': 0.158, 'w8': 0.657, 'max_depth': 5, 'min_child_weight': 6, 'subsample': 0.9000000000000001, 'colsample_bytree': 0.9000000000000001, 'gamma': 0.8}. Best is trial 1043 with value: 0.6266149442384139.
[I 2023-10-11 12:20:38,512] Trial 1304 finished with value: 0.6177358733235658 and parameters: {'w0': 0.184, 'w1': 0.734, 'w2': 0.229, 'w3': 0.584, 'w4': 0.876, 'w5': 0.294, 'w6': 0.806, 'w7': 0.156, 'w8': 0.653, 'max_depth': 5, 'min_child_weight': 6, 'subsample': 0.9000000000000001, 'colsample_bytree': 0.9000000000000001, 'gamma': 0.8}. Best is trial 1043 with value: 0.6266149442384139.
[I 2023-10-11 12:20:56,400] Trial 1305 finished with value: 0.6184207047298808 and parameters: {'w0': 0.182, 'w1': 0.736, 'w2': 0.231, 'w3': 0.581, 'w4': 0.867, 'w5': 0.292, 'w6': 0.805, 'w7': 0.153, 'w8': 0.654, 'max_depth': 5, 'min_child_weight': 6, 'subsample': 0.9000000000000001, 'colsample_bytree': 0.9000000000000001, 'gamma': 0.8}. Best is trial 1043 with value: 0.6266149442384139.
[I 2023-10-11 12:22:05,963] Trial 1306 finished with value: 0.6176700632305702 and parameters: {'w0': 0.188, 'w1': 0.73, 'w2': 0.231, 'w3': 0.581, 'w4': 0.869, 'w5': 0.28900000000000003, 'w6': 0.859, 'w7': 0.152, 'w8': 0.656, 'max_depth': 5, 'min_child_weight': 0, 'subsample': 0.9000000000000001, 'colsample_bytree': 0.9000000000000001, 'gamma': 0.8}. Best is trial 1043 with value: 0.6266149442384139.
[I 2023-10-11 12:22:30,214] Trial 1307 finished with value: 0.6224607970677078 and parameters: {'w0': 0.186, 'w1': 0.73, 'w2': 0.23800000000000002, 'w3': 0.578, 'w4': 0.868, 'w5': 0.28500000000000003, 'w6': 0.858, 'w7': 0.187, 'w8': 0.656, 'max_depth': 5, 'min_child_weight': 6, 'subsample': 0.9000000000000001, 'colsample_bytree': 0.9000000000000001, 'gamma': 0.8}. Best is trial 1043 with value: 0.6266149442384139.
[I 2023-10-11 12:25:10,168] Trial 1309 finished with value: 0.6196489626245687 and parameters: {'w0': 0.185, 'w1': 0.73, 'w2': 0.244, 'w3': 0.584, 'w4': 0.862, 'w5': 0.28900000000000003, 'w6': 0.809, 'w7': 0.183, 'w8': 0.544, 'max_depth': 5, 'min_child_weight': 6, 'subsample': 0.9000000000000001, 'colsample_bytree': 0.9000000000000001, 'gamma': 0.8}. Best is trial 1043 with value: 0.6266149442384139.
[I 2023-10-11 12:25:37,149] Trial 1308 finished with value: 0.6154391981124275 and parameters: {'w0': 0.182, 'w1': 0.73, 'w2': 0.249, 'w3': 0.581, 'w4': 0.868, 'w5': 0.294, 'w6': 0.794, 'w7': 0.154, 'w8': 0.39, 'max_depth': 5, 'min_child_weight': 0, 'subsample': 0.8, 'colsample_bytree': 0.9000000000000001, 'gamma': 0.8}. Best is trial 1043 with value: 0.6266149442384139.
[I 2023-10-11 12:28:48,659] Trial 1310 finished with value: 0.6167326069754884 and parameters: {'w0': 0.183, 'w1': 0.741, 'w2': 0.248, 'w3': 0.578, 'w4': 0.866, 'w5': 0.292, 'w6': 0.41000000000000003, 'w7': 0.156, 'w8': 0.602, 'max_depth': 5, 'min_child_weight': 6, 'subsample': 0.8, 'colsample_bytree': 0.9000000000000001, 'gamma': 0.8}. Best is trial 1043 with value: 0.6266149442384139.
[I 2023-10-11 12:31:15,223] Trial 1311 finished with value: 0.6191161990231325 and parameters: {'w0': 0.184, 'w1': 0.734, 'w2': 0.252, 'w3': 0.582, 'w4': 0.871, 'w5': 0.291, 'w6': 0.8180000000000001, 'w7': 0.188, 'w8': 0.607, 'max_depth': 6, 'min_child_weight': 6, 'subsample': 0.8, 'colsample_bytree': 0.9000000000000001, 'gamma': 0.8}. Best is trial 1043 with value: 0.6266149442384139.
[I 2023-10-11 12:32:31,718] Trial 1312 finished with value: 0.6190044319473571 and parameters: {'w0': 0.187, 'w1': 0.733, 'w2': 0.226, 'w3': 0.579, 'w4': 0.868, 'w5': 0.291, 'w6': 0.857, 'w7': 0.183, 'w8': 0.546, 'max_depth': 6, 'min_child_weight': 6, 'subsample': 0.8, 'colsample_bytree': 0.9000000000000001, 'gamma': 0.8}. Best is trial 1043 with value: 0.6266149442384139.
