[I 2023-10-11 17:59:21,190] Trial 1587 finished with value: 0.6197926011757744 and parameters: {'w0': 0.257, 'w1': 0.9380000000000001, 'w2': 0.251, 'w3': 0.588, 'w4': 0.732, 'w5': 0.055, 'w6': 0.738, 'w7': 0.248, 'w8': 0.684, 'max_depth': 6, 'min_child_weight': 4, 'subsample': 0.8, 'colsample_bytree': 1.0, 'gamma': 0.4}. Best is trial 1567 with value: 0.6283160415739565.
[I 2023-10-11 18:00:19,965] Trial 1589 finished with value: 0.6243856631368339 and parameters: {'w0': 0.17500000000000002, 'w1': 0.931, 'w2': 0.244, 'w3': 0.594, 'w4': 0.747, 'w5': 0.062, 'w6': 0.718, 'w7': 0.219, 'w8': 0.684, 'max_depth': 6, 'min_child_weight': 4, 'subsample': 0.8, 'colsample_bytree': 1.0, 'gamma': 0.4}. Best is trial 1567 with value: 0.6283160415739565.
[I 2023-10-11 18:02:57,462] Trial 1590 finished with value: 0.6174105346853034 and parameters: {'w0': 0.167, 'w1': 0.924, 'w2': 0.247, 'w3': 0.647, 'w4': 0.73, 'w5': 0.064, 'w6': 0.711, 'w7': 0.214, 'w8': 0.681, 'max_depth': 6, 'min_child_weight': 4, 'subsample': 0.8, 'colsample_bytree': 1.0, 'gamma': 0.6000000000000001}. Best is trial 1567 with value: 0.6283160415739565.
[I 2023-10-11 18:03:43,077] Trial 1591 finished with value: 0.6242362348515005 and parameters: {'w0': 0.169, 'w1': 0.914, 'w2': 0.243, 'w3': 0.635, 'w4': 0.727, 'w5': 0.053000000000000005, 'w6': 0.712, 'w7': 0.219, 'w8': 0.683, 'max_depth': 6, 'min_child_weight': 4, 'subsample': 0.8, 'colsample_bytree': 1.0, 'gamma': 0.6000000000000001}. Best is trial 1567 with value: 0.6283160415739565.
[I 2023-10-11 18:03:48,699] Trial 1592 finished with value: 0.623067950515517 and parameters: {'w0': 0.151, 'w1': 0.922, 'w2': 0.23500000000000001, 'w3': 0.646, 'w4': 0.76, 'w5': 0.058, 'w6': 0.718, 'w7': 0.159, 'w8': 0.683, 'max_depth': 6, 'min_child_weight': 4, 'subsample': 0.8, 'colsample_bytree': 1.0, 'gamma': 0.6000000000000001}. Best is trial 1567 with value: 0.6283160415739565.
[I 2023-10-11 18:04:28,309] Trial 1594 finished with value: 0.6226122655333263 and parameters: {'w0': 0.169, 'w1': 0.917, 'w2': 0.244, 'w3': 0.582, 'w4': 0.733, 'w5': 0.054, 'w6': 0.716, 'w7': 0.216, 'w8': 0.6880000000000001, 'max_depth': 6, 'min_child_weight': 4, 'subsample': 0.8, 'colsample_bytree': 1.0, 'gamma': 0.6000000000000001}. Best is trial 1567 with value: 0.6283160415739565.
[I 2023-10-11 18:04:28,442] Trial 1593 finished with value: 0.6233521080230102 and parameters: {'w0': 0.17300000000000001, 'w1': 0.9380000000000001, 'w2': 0.23700000000000002, 'w3': 0.638, 'w4': 0.73, 'w5': 0.066, 'w6': 0.713, 'w7': 0.215, 'w8': 0.653, 'max_depth': 6, 'min_child_weight': 4, 'subsample': 0.8, 'colsample_bytree': 1.0, 'gamma': 0.6000000000000001}. Best is trial 1567 with value: 0.6283160415739565.
[I 2023-10-11 18:05:52,564] Trial 1596 finished with value: 0.6219771958015737 and parameters: {'w0': 0.177, 'w1': 0.919, 'w2': 0.23700000000000002, 'w3': 0.643, 'w4': 0.767, 'w5': 0.063, 'w6': 0.715, 'w7': 0.152, 'w8': 0.677, 'max_depth': 6, 'min_child_weight': 4, 'subsample': 0.8, 'colsample_bytree': 1.0, 'gamma': 0.6000000000000001}. Best is trial 1567 with value: 0.6283160415739565.
[I 2023-10-11 18:10:27,787] Trial 1597 finished with value: 0.6217094669399866 and parameters: {'w0': 0.157, 'w1': 0.917, 'w2': 0.23, 'w3': 0.637, 'w4': 0.734, 'w5': 0.064, 'w6': 0.6970000000000001, 'w7': 0.216, 'w8': 0.684, 'max_depth': 6, 'min_child_weight': 6, 'subsample': 0.8, 'colsample_bytree': 1.0, 'gamma': 0.6000000000000001}. Best is trial 1567 with value: 0.6283160415739565.
[I 2023-10-11 18:11:54,617] Trial 1601 finished with value: 0.6198438090313757 and parameters: {'w0': 0.17300000000000001, 'w1': 0.92, 'w2': 0.24000000000000002, 'w3': 0.642, 'w4': 0.711, 'w5': 0.084, 'w6': 0.712, 'w7': 0.165, 'w8': 0.655, 'max_depth': 6, 'min_child_weight': 4, 'subsample': 0.8, 'colsample_bytree': 1.0, 'gamma': 0.8}. Best is trial 1567 with value: 0.6283160415739565.
[I 2023-10-11 18:13:09,539] Trial 1598 finished with value: 0.6185830533766823 and parameters: {'w0': 0.159, 'w1': 0.903, 'w2': 0.241, 'w3': 0.644, 'w4': 0.729, 'w5': 0.064, 'w6': 0.711, 'w7': 0.16, 'w8': 0.687, 'max_depth': 6, 'min_child_weight': 6, 'subsample': 0.8, 'colsample_bytree': 1.0, 'gamma': 0.6000000000000001}. Best is trial 1567 with value: 0.6283160415739565.
[I 2023-10-11 18:13:26,575] Trial 1599 finished with value: 0.6218427785804982 and parameters: {'w0': 0.168, 'w1': 0.913, 'w2': 0.202, 'w3': 0.644, 'w4': 0.733, 'w5': 0.074, 'w6': 0.715, 'w7': 0.155, 'w8': 0.686, 'max_depth': 6, 'min_child_weight': 6, 'subsample': 0.8, 'colsample_bytree': 1.0, 'gamma': 0.6000000000000001}. Best is trial 1567 with value: 0.6283160415739565.
[I 2023-10-11 18:13:48,652] Trial 1600 finished with value: 0.6215209707727152 and parameters: {'w0': 0.17500000000000002, 'w1': 0.906, 'w2': 0.24000000000000002, 'w3': 0.646, 'w4': 0.724, 'w5': 0.062, 'w6': 0.722, 'w7': 0.154, 'w8': 0.654, 'max_depth': 6, 'min_child_weight': 4, 'subsample': 0.8, 'colsample_bytree': 1.0, 'gamma': 0.6000000000000001}. Best is trial 1567 with value: 0.6283160415739565.
[I 2023-10-11 18:16:20,622] Trial 1602 finished with value: 0.6253502141776773 and parameters: {'w0': 0.252, 'w1': 0.911, 'w2': 0.245, 'w3': 0.643, 'w4': 0.738, 'w5': 0.044000000000000004, 'w6': 0.711, 'w7': 0.217, 'w8': 0.684, 'max_depth': 6, 'min_child_weight': 4, 'subsample': 0.8, 'colsample_bytree': 1.0, 'gamma': 0.6000000000000001}. Best is trial 1567 with value: 0.6283160415739565.
[I 2023-10-11 18:17:05,799] Trial 1603 finished with value: 0.6224520324723675 and parameters: {'w0': 0.249, 'w1': 0.906, 'w2': 0.23800000000000002, 'w3': 0.639, 'w4': 0.72, 'w5': 0.026000000000000002, 'w6': 0.714, 'w7': 0.217, 'w8': 0.649, 'max_depth': 6, 'min_child_weight': 6, 'subsample': 0.8, 'colsample_bytree': 1.0, 'gamma': 0.6000000000000001}. Best is trial 1567 with value: 0.6283160415739565.
[I 2023-10-11 18:21:40,754] Trial 1606 finished with value: 0.6194039641998914 and parameters: {'w0': 0.25, 'w1': 0.901, 'w2': 0.233, 'w3': 0.64, 'w4': 0.765, 'w5': 0.031, 'w6': 0.768, 'w7': 0.159, 'w8': 0.654, 'max_depth': 6, 'min_child_weight': 6, 'subsample': 0.8, 'colsample_bytree': 1.0, 'gamma': 0.6000000000000001}. Best is trial 1567 with value: 0.6283160415739565.
[I 2023-10-11 18:21:49,879] Trial 1605 finished with value: 0.6271299597484159 and parameters: {'w0': 0.20900000000000002, 'w1': 0.91, 'w2': 0.234, 'w3': 0.653, 'w4': 0.77, 'w5': 0.066, 'w6': 0.711, 'w7': 0.216, 'w8': 0.653, 'max_depth': 6, 'min_child_weight': 6, 'subsample': 0.8, 'colsample_bytree': 1.0, 'gamma': 0.6000000000000001}. Best is trial 1567 with value: 0.6283160415739565.
[I 2023-10-11 18:22:10,982] Trial 1604 finished with value: 0.5800509790304307 and parameters: {'w0': 0.249, 'w1': 0.9410000000000001, 'w2': 0.234, 'w3': 0.65, 'w4': 0.773, 'w5': 0.029, 'w6': 0.71, 'w7': 0.8220000000000001, 'w8': 0.653, 'max_depth': 6, 'min_child_weight': 4, 'subsample': 0.8, 'colsample_bytree': 1.0, 'gamma': 0.6000000000000001}. Best is trial 1567 with value: 0.6283160415739565.
[I 2023-10-11 18:24:08,313] Trial 1610 finished with value: 0.6227099184645439 and parameters: {'w0': 0.252, 'w1': 0.899, 'w2': 0.228, 'w3': 0.639, 'w4': 0.77, 'w5': 0.024, 'w6': 0.769, 'w7': 0.177, 'w8': 0.655, 'max_depth': 6, 'min_child_weight': 4, 'subsample': 0.8, 'colsample_bytree': 1.0, 'gamma': 0.8}. Best is trial 1567 with value: 0.6283160415739565.
[I 2023-10-11 18:24:33,903] Trial 1609 finished with value: 0.6231065457373474 and parameters: {'w0': 0.252, 'w1': 0.907, 'w2': 0.232, 'w3': 0.64, 'w4': 0.773, 'w5': 0.063, 'w6': 0.767, 'w7': 0.213, 'w8': 0.654, 'max_depth': 6, 'min_child_weight': 6, 'subsample': 0.8, 'colsample_bytree': 1.0, 'gamma': 0.8}. Best is trial 1567 with value: 0.6283160415739565.
[I 2023-10-11 18:24:36,333] Trial 1607 finished with value: 0.6175095069089898 and parameters: {'w0': 0.256, 'w1': 0.9480000000000001, 'w2': 0.241, 'w3': 0.64, 'w4': 0.767, 'w5': 0.022000000000000002, 'w6': 0.767, 'w7': 0.155, 'w8': 0.645, 'max_depth': 6, 'min_child_weight': 6, 'subsample': 0.8, 'colsample_bytree': 1.0, 'gamma': 0.6000000000000001}. Best is trial 1567 with value: 0.6283160415739565.
[I 2023-10-11 18:24:53,016] Trial 1611 finished with value: 0.6280045658950144 and parameters: {'w0': 0.249, 'w1': 0.902, 'w2': 0.214, 'w3': 0.612, 'w4': 0.707, 'w5': 0.08700000000000001, 'w6': 0.763, 'w7': 0.181, 'w8': 0.654, 'max_depth': 6, 'min_child_weight': 6, 'subsample': 0.8, 'colsample_bytree': 1.0, 'gamma': 0.8}. Best is trial 1567 with value: 0.6283160415739565.
[I 2023-10-11 18:26:05,262] Trial 1608 finished with value: 0.6211410697729247 and parameters: {'w0': 0.252, 'w1': 0.897, 'w2': 0.232, 'w3': 0.641, 'w4': 0.773, 'w5': 0.028, 'w6': 0.767, 'w7': 0.17600000000000002, 'w8': 0.654, 'max_depth': 6, 'min_child_weight': 6, 'subsample': 0.8, 'colsample_bytree': 1.0, 'gamma': 0.6000000000000001}. Best is trial 1567 with value: 0.6283160415739565.
[I 2023-10-11 18:27:51,529] Trial 1612 finished with value: 0.6032396882877731 and parameters: {'w0': 0.255, 'w1': 0.907, 'w2': 0.92, 'w3': 0.671, 'w4': 0.773, 'w5': 0.091, 'w6': 0.762, 'w7': 0.179, 'w8': 0.657, 'max_depth': 6, 'min_child_weight': 6, 'subsample': 0.8, 'colsample_bytree': 1.0, 'gamma': 0.8}. Best is trial 1567 with value: 0.6283160415739565.
[I 2023-10-11 18:31:05,845] Trial 1614 finished with value: 0.6190077924987463 and parameters: {'w0': 0.21, 'w1': 0.893, 'w2': 0.28500000000000003, 'w3': 0.67, 'w4': 0.775, 'w5': 0.028, 'w6': 0.773, 'w7': 0.177, 'w8': 0.648, 'max_depth': 6, 'min_child_weight': 4, 'subsample': 0.8, 'colsample_bytree': 1.0, 'gamma': 0.8}. Best is trial 1567 with value: 0.6283160415739565.
[I 2023-10-11 18:31:16,946] Trial 1613 finished with value: 0.6019282845339899 and parameters: {'w0': 0.212, 'w1': 0.9430000000000001, 'w2': 0.623, 'w3': 0.613, 'w4': 0.7030000000000001, 'w5': 0.026000000000000002, 'w6': 0.763, 'w7': 0.182, 'w8': 0.648, 'max_depth': 6, 'min_child_weight': 6, 'subsample': 0.8, 'colsample_bytree': 1.0, 'gamma': 0.8}. Best is trial 1567 with value: 0.6283160415739565.
[I 2023-10-11 18:32:37,580] Trial 1616 finished with value: 0.6266119108272026 and parameters: {'w0': 0.213, 'w1': 0.9450000000000001, 'w2': 0.211, 'w3': 0.61, 'w4': 0.783, 'w5': 0.08, 'w6': 0.767, 'w7': 0.185, 'w8': 0.654, 'max_depth': 6, 'min_child_weight': 4, 'subsample': 0.8, 'colsample_bytree': 1.0, 'gamma': 0.8}. Best is trial 1567 with value: 0.6283160415739565.
[I 2023-10-11 18:32:42,323] Trial 1615 finished with value: 0.6240773912168613 and parameters: {'w0': 0.249, 'w1': 0.892, 'w2': 0.216, 'w3': 0.616, 'w4': 0.772, 'w5': 0.028, 'w6': 0.772, 'w7': 0.183, 'w8': 0.65, 'max_depth': 6, 'min_child_weight': 4, 'subsample': 0.8, 'colsample_bytree': 1.0, 'gamma': 0.8}. Best is trial 1567 with value: 0.6283160415739565.
[I 2023-10-11 18:33:35,399] Trial 1617 finished with value: 0.6189720789028903 and parameters: {'w0': 0.21, 'w1': 0.9500000000000001, 'w2': 0.28200000000000003, 'w3': 0.611, 'w4': 0.76, 'w5': 0.030000000000000002, 'w6': 0.761, 'w7': 0.181, 'w8': 0.65, 'max_depth': 6, 'min_child_weight': 4, 'subsample': 0.8, 'colsample_bytree': 1.0, 'gamma': 0.8}. Best is trial 1567 with value: 0.6283160415739565.
[I 2023-10-11 18:36:20,249] Trial 1618 finished with value: 0.6233241051794265 and parameters: {'w0': 0.253, 'w1': 0.89, 'w2': 0.273, 'w3': 0.67, 'w4': 0.763, 'w5': 0.030000000000000002, 'w6': 0.763, 'w7': 0.253, 'w8': 0.651, 'max_depth': 6, 'min_child_weight': 4, 'subsample': 0.8, 'colsample_bytree': 1.0, 'gamma': 0.8}. Best is trial 1567 with value: 0.6283160415739565.
[I 2023-10-11 18:37:02,648] Trial 1619 finished with value: 0.6223065457180512 and parameters: {'w0': 0.253, 'w1': 0.9480000000000001, 'w2': 0.275, 'w3': 0.614, 'w4': 0.77, 'w5': 0.030000000000000002, 'w6': 0.761, 'w7': 0.212, 'w8': 0.654, 'max_depth': 6, 'min_child_weight': 4, 'subsample': 0.8, 'colsample_bytree': 1.0, 'gamma': 0.8}. Best is trial 1567 with value: 0.6283160415739565.
[I 2023-10-11 18:42:38,505] Trial 1620 finished with value: 0.6232561262423528 and parameters: {'w0': 0.257, 'w1': 0.896, 'w2': 0.279, 'w3': 0.617, 'w4': 0.78, 'w5': 0.075, 'w6': 0.764, 'w7': 0.256, 'w8': 0.653, 'max_depth': 6, 'min_child_weight': 4, 'subsample': 0.8, 'colsample_bytree': 1.0, 'gamma': 0.8}. Best is trial 1567 with value: 0.6283160415739565.
[I 2023-10-11 18:45:55,101] Trial 1622 finished with value: 0.6184999982965838 and parameters: {'w0': 0.263, 'w1': 0.901, 'w2': 0.278, 'w3': 0.684, 'w4': 0.771, 'w5': 0.022000000000000002, 'w6': 0.6990000000000001, 'w7': 0.20900000000000002, 'w8': 0.651, 'max_depth': 6, 'min_child_weight': 4, 'subsample': 0.8, 'colsample_bytree': 1.0, 'gamma': 0.4}. Best is trial 1567 with value: 0.6283160415739565.
[I 2023-10-11 18:45:59,482] Trial 1621 finished with value: 0.6209261248257452 and parameters: {'w0': 0.274, 'w1': 0.894, 'w2': 0.212, 'w3': 0.667, 'w4': 0.776, 'w5': 0.030000000000000002, 'w6': 0.6910000000000001, 'w7': 0.211, 'w8': 0.647, 'max_depth': 6, 'min_child_weight': 4, 'subsample': 0.8, 'colsample_bytree': 1.0, 'gamma': 0.4}. Best is trial 1567 with value: 0.6283160415739565.
[I 2023-10-11 18:47:43,574] Trial 1625 finished with value: 0.6152591746477154 and parameters: {'w0': 0.271, 'w1': 0.886, 'w2': 0.28700000000000003, 'w3': 0.672, 'w4': 0.775, 'w5': 0.019000000000000003, 'w6': 0.6900000000000001, 'w7': 0.186, 'w8': 0.646, 'max_depth': 6, 'min_child_weight': 4, 'subsample': 0.8, 'colsample_bytree': 1.0, 'gamma': 0.4}. Best is trial 1567 with value: 0.6283160415739565.
[I 2023-10-11 18:47:52,534] Trial 1623 finished with value: 0.6200563279296419 and parameters: {'w0': 0.277, 'w1': 0.885, 'w2': 0.28500000000000003, 'w3': 0.681, 'w4': 0.775, 'w5': 0.033, 'w6': 0.6960000000000001, 'w7': 0.20700000000000002, 'w8': 0.648, 'max_depth': 6, 'min_child_weight': 6, 'subsample': 0.8, 'colsample_bytree': 1.0, 'gamma': 0.4}. Best is trial 1567 with value: 0.6283160415739565.
[I 2023-10-11 18:48:27,451] Trial 1626 finished with value: 0.5585242413268057 and parameters: {'w0': 0.25, 'w1': 0.888, 'w2': 0.20900000000000002, 'w3': 0.678, 'w4': 0.685, 'w5': 0.002, 'w6': 0.666, 'w7': 0.182, 'w8': 0.644, 'max_depth': 6, 'min_child_weight': 6, 'subsample': 0.8, 'colsample_bytree': 1.0, 'gamma': 0.4}. Best is trial 1567 with value: 0.6283160415739565.
[I 2023-10-11 18:48:51,310] Trial 1624 finished with value: 0.6209699542657134 and parameters: {'w0': 0.267, 'w1': 0.887, 'w2': 0.216, 'w3': 0.655, 'w4': 0.774, 'w5': 0.076, 'w6': 0.7000000000000001, 'w7': 0.212, 'w8': 0.649, 'max_depth': 6, 'min_child_weight': 6, 'subsample': 0.8, 'colsample_bytree': 1.0, 'gamma': 0.4}. Best is trial 1567 with value: 0.6283160415739565.
[I 2023-10-11 18:50:11,589] Trial 1627 finished with value: 0.6252517586903344 and parameters: {'w0': 0.268, 'w1': 0.887, 'w2': 0.213, 'w3': 0.684, 'w4': 0.782, 'w5': 0.083, 'w6': 0.6930000000000001, 'w7': 0.188, 'w8': 0.644, 'max_depth': 6, 'min_child_weight': 6, 'subsample': 0.8, 'colsample_bytree': 1.0, 'gamma': 0.4}. Best is trial 1567 with value: 0.6283160415739565.
[I 2023-10-11 18:50:42,742] Trial 1631 finished with value: 0.6222906756394911 and parameters: {'w0': 0.274, 'w1': 0.892, 'w2': 0.20900000000000002, 'w3': 0.675, 'w4': 0.768, 'w5': 0.041, 'w6': 0.663, 'w7': 0.183, 'w8': 0.646, 'max_depth': 6, 'min_child_weight': 8, 'subsample': 0.8, 'colsample_bytree': 1.0, 'gamma': 1.0}. Best is trial 1567 with value: 0.6283160415739565.
[I 2023-10-11 18:51:22,483] Trial 1628 finished with value: 0.6010147504336409 and parameters: {'w0': 0.28, 'w1': 0.895, 'w2': 0.20800000000000002, 'w3': 0.661, 'w4': 0.6950000000000001, 'w5': 0.006, 'w6': 0.6880000000000001, 'w7': 0.193, 'w8': 0.641, 'max_depth': 6, 'min_child_weight': 6, 'subsample': 0.8, 'colsample_bytree': 1.0, 'gamma': 0.4}. Best is trial 1567 with value: 0.6283160415739565.
[I 2023-10-11 18:51:40,554] Trial 1633 finished with value: 0.6256748373448233 and parameters: {'w0': 0.276, 'w1': 0.882, 'w2': 0.21, 'w3': 0.669, 'w4': 0.776, 'w5': 0.078, 'w6': 0.6930000000000001, 'w7': 0.187, 'w8': 0.645, 'max_depth': 6, 'min_child_weight': 6, 'subsample': 0.8, 'colsample_bytree': 1.0, 'gamma': 1.0}. Best is trial 1567 with value: 0.6283160415739565.
[I 2023-10-11 18:52:47,712] Trial 1636 finished with value: 0.5843778511205743 and parameters: {'w0': 0.22, 'w1': 0.892, 'w2': 0.216, 'w3': 0.674, 'w4': 0.6990000000000001, 'w5': 0.07, 'w6': 0.662, 'w7': 0.107, 'w8': 0.6880000000000001, 'max_depth': 6, 'min_child_weight': 6, 'subsample': 0.8, 'colsample_bytree': 1.0, 'gamma': 4.2}. Best is trial 1567 with value: 0.6283160415739565.
[I 2023-10-11 18:53:09,551] Trial 1632 finished with value: 0.5572443932446238 and parameters: {'w0': 0.5680000000000001, 'w1': 0.976, 'w2': 0.763, 'w3': 0.669, 'w4': 0.6980000000000001, 'w5': 0.006, 'w6': 0.6940000000000001, 'w7': 0.106, 'w8': 0.647, 'max_depth': 6, 'min_child_weight': 6, 'subsample': 0.8, 'colsample_bytree': 1.0, 'gamma': 1.0}. Best is trial 1567 with value: 0.6283160415739565.
[I 2023-10-11 18:54:17,766] Trial 1629 finished with value: 0.622724527442226 and parameters: {'w0': 0.219, 'w1': 0.903, 'w2': 0.211, 'w3': 0.682, 'w4': 0.6900000000000001, 'w5': 0.038, 'w6': 0.6930000000000001, 'w7': 0.20500000000000002, 'w8': 0.644, 'max_depth': 6, 'min_child_weight': 6, 'subsample': 0.8, 'colsample_bytree': 1.0, 'gamma': 0.4}. Best is trial 1567 with value: 0.6283160415739565.
[I 2023-10-11 18:54:32,565] Trial 1630 finished with value: 0.6239184956122088 and parameters: {'w0': 0.276, 'w1': 0.892, 'w2': 0.20400000000000001, 'w3': 0.66, 'w4': 0.768, 'w5': 0.047, 'w6': 0.677, 'w7': 0.20900000000000002, 'w8': 0.639, 'max_depth': 6, 'min_child_weight': 8, 'subsample': 0.8, 'colsample_bytree': 1.0, 'gamma': 0.4}. Best is trial 1567 with value: 0.6283160415739565.
[I 2023-10-11 18:54:45,833] Trial 1635 finished with value: 0.586623247390903 and parameters: {'w0': 0.272, 'w1': 0.894, 'w2': 0.211, 'w3': 0.679, 'w4': 0.781, 'w5': 0.005, 'w6': 0.6990000000000001, 'w7': 0.183, 'w8': 0.6900000000000001, 'max_depth': 6, 'min_child_weight': 8, 'subsample': 0.8, 'colsample_bytree': 1.0, 'gamma': 1.0}. Best is trial 1567 with value: 0.6283160415739565.
[I 2023-10-11 18:56:29,088] Trial 1634 finished with value: 0.602628240115219 and parameters: {'w0': 0.275, 'w1': 0.89, 'w2': 0.757, 'w3': 0.679, 'w4': 0.6940000000000001, 'w5': 0.076, 'w6': 0.6950000000000001, 'w7': 0.188, 'w8': 0.686, 'max_depth': 6, 'min_child_weight': 6, 'subsample': 0.8, 'colsample_bytree': 1.0, 'gamma': 1.0}. Best is trial 1567 with value: 0.6283160415739565.
[I 2023-10-11 18:58:12,904] Trial 1639 finished with value: 0.5878136915835364 and parameters: {'w0': 0.219, 'w1': 0.963, 'w2': 0.215, 'w3': 0.668, 'w4': 0.708, 'w5': 0.08, 'w6': 0.663, 'w7': 0.10200000000000001, 'w8': 0.685, 'max_depth': 6, 'min_child_weight': 8, 'subsample': 0.8, 'colsample_bytree': 1.0, 'gamma': 3.4000000000000004}. Best is trial 1567 with value: 0.6283160415739565.
[I 2023-10-11 19:02:26,793] Trial 1637 finished with value: 0.6117500461553564 and parameters: {'w0': 0.276, 'w1': 0.964, 'w2': 0.211, 'w3': 0.672, 'w4': 0.747, 'w5': 0.077, 'w6': 0.669, 'w7': 0.113, 'w8': 0.6890000000000001, 'max_depth': 6, 'min_child_weight': 4, 'subsample': 0.8, 'colsample_bytree': 1.0, 'gamma': 1.0}. Best is trial 1567 with value: 0.6283160415739565.
[I 2023-10-11 19:03:01,094] Trial 1638 finished with value: 0.615677140294319 and parameters: {'w0': 0.221, 'w1': 0.964, 'w2': 0.199, 'w3': 0.668, 'w4': 0.686, 'w5': 0.079, 'w6': 0.6940000000000001, 'w7': 0.109, 'w8': 0.6880000000000001, 'max_depth': 6, 'min_child_weight': 8, 'subsample': 0.8, 'colsample_bytree': 1.0, 'gamma': 1.0}. Best is trial 1567 with value: 0.6283160415739565.
[I 2023-10-11 19:04:12,384] Trial 1650 finished with value: 0.5325508570163219 and parameters: {'w0': 0.241, 'w1': 0.927, 'w2': 0.193, 'w3': 0.664, 'w4': 0.755, 'w5': 0.11800000000000001, 'w6': 0.661, 'w7': 0.725, 'w8': 0.6900000000000001, 'max_depth': 6, 'min_child_weight': 6, 'subsample': 0.8, 'colsample_bytree': 1.0, 'gamma': 8.4}. Best is trial 1567 with value: 0.6283160415739565.
[I 2023-10-11 19:04:14,460] Trial 1640 finished with value: 0.5693076777118586 and parameters: {'w0': 0.221, 'w1': 0.962, 'w2': 0.214, 'w3': 0.7030000000000001, 'w4': 0.749, 'w5': 0.004, 'w6': 0.665, 'w7': 0.106, 'w8': 0.687, 'max_depth': 6, 'min_child_weight': 6, 'subsample': 0.8, 'colsample_bytree': 1.0, 'gamma': 1.0}. Best is trial 1567 with value: 0.6283160415739565.
[I 2023-10-11 19:05:25,871] Trial 1651 finished with value: 0.6069619335110323 and parameters: {'w0': 0.23900000000000002, 'w1': 0.9540000000000001, 'w2': 0.186, 'w3': 0.6960000000000001, 'w4': 0.749, 'w5': 0.08700000000000001, 'w6': 0.67, 'w7': 0.157, 'w8': 0.674, 'max_depth': 6, 'min_child_weight': 6, 'subsample': 0.8, 'colsample_bytree': 1.0, 'gamma': 3.8000000000000003}. Best is trial 1567 with value: 0.6283160415739565.
[I 2023-10-11 19:05:46,359] Trial 1641 finished with value: 0.6163319577982167 and parameters: {'w0': 0.221, 'w1': 0.966, 'w2': 0.20800000000000002, 'w3': 0.663, 'w4': 0.746, 'w5': 0.123, 'w6': 0.67, 'w7': 0.11900000000000001, 'w8': 0.6900000000000001, 'max_depth': 6, 'min_child_weight': 8, 'subsample': 0.8, 'colsample_bytree': 1.0, 'gamma': 1.0}. Best is trial 1567 with value: 0.6283160415739565.
[I 2023-10-11 19:06:07,795] Trial 1642 finished with value: 0.6087278071474604 and parameters: {'w0': 0.223, 'w1': 0.974, 'w2': 0.20400000000000001, 'w3': 0.706, 'w4': 0.705, 'w5': 0.084, 'w6': 0.661, 'w7': 0.106, 'w8': 0.6920000000000001, 'max_depth': 6, 'min_child_weight': 8, 'subsample': 0.8, 'colsample_bytree': 1.0, 'gamma': 1.0}. Best is trial 1567 with value: 0.6283160415739565.
[I 2023-10-11 19:07:16,635] Trial 1643 finished with value: 0.6132249693501337 and parameters: {'w0': 0.217, 'w1': 0.963, 'w2': 0.203, 'w3': 0.659, 'w4': 0.71, 'w5': 0.117, 'w6': 0.663, 'w7': 0.109, 'w8': 0.6910000000000001, 'max_depth': 6, 'min_child_weight': 8, 'subsample': 0.8, 'colsample_bytree': 1.0, 'gamma': 1.0}. Best is trial 1567 with value: 0.6283160415739565.
