[I 2023-10-13 17:06:12,932] Trial 563 finished with value: 0.5039758432581587 and parameters: {'w0': 0.395, 'w1': 0.764, 'w2': 0.234, 'w3': 0.781, 'w4': 0.161, 'w5': 0.054, 'w6': 0.84, 'w7': 0.227, 'w8': 0.971, 'max_depth': 5, 'min_child_weight': 6, 'subsample': 0.8, 'colsample_bytree': 0.7, 'gamma': 0.4}. Best is trial 535 with value: 0.5087453596655823.
[I 2023-10-13 17:06:32,449] Trial 561 finished with value: 0.5014909452399124 and parameters: {'w0': 0.396, 'w1': 0.729, 'w2': 0.233, 'w3': 0.767, 'w4': 0.685, 'w5': 0.047, 'w6': 0.842, 'w7': 0.23500000000000001, 'w8': 0.971, 'max_depth': 5, 'min_child_weight': 6, 'subsample': 0.8, 'colsample_bytree': 0.7, 'gamma': 0.0}. Best is trial 535 with value: 0.5087453596655823.
[I 2023-10-13 17:06:38,705] Trial 562 finished with value: 0.499546933971834 and parameters: {'w0': 0.387, 'w1': 0.741, 'w2': 0.24000000000000002, 'w3': 0.769, 'w4': 0.684, 'w5': 0.051000000000000004, 'w6': 0.836, 'w7': 0.24000000000000002, 'w8': 0.975, 'max_depth': 5, 'min_child_weight': 6, 'subsample': 0.8, 'colsample_bytree': 0.7, 'gamma': 0.4}. Best is trial 535 with value: 0.5087453596655823.
[I 2023-10-13 17:07:22,296] Trial 564 finished with value: 0.501371214696507 and parameters: {'w0': 0.41200000000000003, 'w1': 0.768, 'w2': 0.213, 'w3': 0.765, 'w4': 0.161, 'w5': 0.074, 'w6': 0.8240000000000001, 'w7': 0.228, 'w8': 0.975, 'max_depth': 5, 'min_child_weight': 6, 'subsample': 0.8, 'colsample_bytree': 0.7, 'gamma': 0.4}. Best is trial 535 with value: 0.5087453596655823.
[I 2023-10-13 17:08:10,800] Trial 565 finished with value: 0.5009006143714833 and parameters: {'w0': 0.38, 'w1': 0.72, 'w2': 0.278, 'w3': 0.721, 'w4': 0.685, 'w5': 0.051000000000000004, 'w6': 0.8290000000000001, 'w7': 0.23, 'w8': 0.9390000000000001, 'max_depth': 5, 'min_child_weight': 6, 'subsample': 0.8, 'colsample_bytree': 0.7, 'gamma': 0.4}. Best is trial 535 with value: 0.5087453596655823.
[I 2023-10-13 17:08:37,621] Trial 566 finished with value: 0.5021341731410653 and parameters: {'w0': 0.381, 'w1': 0.774, 'w2': 0.20500000000000002, 'w3': 0.778, 'w4': 0.687, 'w5': 0.041, 'w6': 0.8200000000000001, 'w7': 0.223, 'w8': 0.976, 'max_depth': 5, 'min_child_weight': 6, 'subsample': 0.8, 'colsample_bytree': 0.7, 'gamma': 0.4}. Best is trial 535 with value: 0.5087453596655823.
[I 2023-10-13 17:09:22,812] Trial 567 finished with value: 0.5008487945509859 and parameters: {'w0': 0.386, 'w1': 0.763, 'w2': 0.28400000000000003, 'w3': 0.715, 'w4': 0.662, 'w5': 0.054, 'w6': 0.8270000000000001, 'w7': 0.228, 'w8': 0.976, 'max_depth': 5, 'min_child_weight': 6, 'subsample': 0.8, 'colsample_bytree': 0.7, 'gamma': 0.4}. Best is trial 535 with value: 0.5087453596655823.
[I 2023-10-13 17:13:22,140] Trial 568 finished with value: 0.5045998509792209 and parameters: {'w0': 0.382, 'w1': 0.722, 'w2': 0.22, 'w3': 0.78, 'w4': 0.159, 'w5': 0.048, 'w6': 0.8280000000000001, 'w7': 0.229, 'w8': 0.978, 'max_depth': 6, 'min_child_weight': 6, 'subsample': 0.8, 'colsample_bytree': 0.7, 'gamma': 0.2}. Best is trial 535 with value: 0.5087453596655823.
[I 2023-10-13 17:14:46,816] Trial 569 finished with value: 0.5054138587836086 and parameters: {'w0': 0.378, 'w1': 0.72, 'w2': 0.219, 'w3': 0.778, 'w4': 0.6950000000000001, 'w5': 0.049, 'w6': 0.841, 'w7': 0.228, 'w8': 0.977, 'max_depth': 6, 'min_child_weight': 6, 'subsample': 0.8, 'colsample_bytree': 0.7, 'gamma': 0.4}. Best is trial 535 with value: 0.5087453596655823.
[I 2023-10-13 17:17:31,393] Trial 570 finished with value: 0.507203334212482 and parameters: {'w0': 0.38, 'w1': 0.716, 'w2': 0.246, 'w3': 0.776, 'w4': 0.6900000000000001, 'w5': 0.05, 'w6': 0.846, 'w7': 0.20900000000000002, 'w8': 0.974, 'max_depth': 6, 'min_child_weight': 6, 'subsample': 0.8, 'colsample_bytree': 0.7, 'gamma': 0.4}. Best is trial 535 with value: 0.5087453596655823.
[I 2023-10-13 17:17:55,857] Trial 571 finished with value: 0.5080888991110368 and parameters: {'w0': 0.377, 'w1': 0.727, 'w2': 0.20800000000000002, 'w3': 0.788, 'w4': 0.65, 'w5': 0.07100000000000001, 'w6': 0.841, 'w7': 0.222, 'w8': 0.975, 'max_depth': 6, 'min_child_weight': 6, 'subsample': 0.8, 'colsample_bytree': 0.7, 'gamma': 0.4}. Best is trial 535 with value: 0.5087453596655823.
[I 2023-10-13 17:18:50,163] Trial 572 finished with value: 0.5054809856044628 and parameters: {'w0': 0.384, 'w1': 0.724, 'w2': 0.274, 'w3': 0.791, 'w4': 0.665, 'w5': 0.051000000000000004, 'w6': 0.836, 'w7': 0.225, 'w8': 0.981, 'max_depth': 6, 'min_child_weight': 6, 'subsample': 0.8, 'colsample_bytree': 0.7, 'gamma': 0.2}. Best is trial 535 with value: 0.5087453596655823.
[I 2023-10-13 17:20:48,507] Trial 573 finished with value: 0.4991966566922756 and parameters: {'w0': 0.396, 'w1': 0.708, 'w2': 0.212, 'w3': 0.792, 'w4': 0.71, 'w5': 0.029, 'w6': 0.836, 'w7': 0.162, 'w8': 0.98, 'max_depth': 6, 'min_child_weight': 6, 'subsample': 0.8, 'colsample_bytree': 0.7, 'gamma': 0.4}. Best is trial 535 with value: 0.5087453596655823.
[I 2023-10-13 17:24:40,227] Trial 575 finished with value: 0.4998197153575686 and parameters: {'w0': 0.375, 'w1': 0.705, 'w2': 0.20700000000000002, 'w3': 0.808, 'w4': 0.678, 'w5': 0.026000000000000002, 'w6': 0.8290000000000001, 'w7': 0.16, 'w8': 0.978, 'max_depth': 6, 'min_child_weight': 6, 'subsample': 0.8, 'colsample_bytree': 0.7, 'gamma': 0.4}. Best is trial 535 with value: 0.5087453596655823.
[I 2023-10-13 17:24:55,203] Trial 574 finished with value: 0.5031548939018435 and parameters: {'w0': 0.367, 'w1': 0.718, 'w2': 0.202, 'w3': 0.786, 'w4': 0.678, 'w5': 0.032, 'w6': 0.8280000000000001, 'w7': 0.168, 'w8': 0.98, 'max_depth': 6, 'min_child_weight': 6, 'subsample': 0.8, 'colsample_bytree': 0.7, 'gamma': 0.4}. Best is trial 535 with value: 0.5087453596655823.
[I 2023-10-13 17:25:44,895] Trial 579 finished with value: 0.49882809069767187 and parameters: {'w0': 0.365, 'w1': 0.739, 'w2': 0.20500000000000002, 'w3': 0.72, 'w4': 0.647, 'w5': 0.037000000000000005, 'w6': 0.838, 'w7': 0.20900000000000002, 'w8': 0.982, 'max_depth': 6, 'min_child_weight': 20, 'subsample': 0.8, 'colsample_bytree': 0.7, 'gamma': 0.2}. Best is trial 535 with value: 0.5087453596655823.
[I 2023-10-13 17:26:35,190] Trial 577 finished with value: 0.5014795366882878 and parameters: {'w0': 0.375, 'w1': 0.723, 'w2': 0.20600000000000002, 'w3': 0.802, 'w4': 0.672, 'w5': 0.029, 'w6': 0.8240000000000001, 'w7': 0.158, 'w8': 0.974, 'max_depth': 6, 'min_child_weight': 6, 'subsample': 0.8, 'colsample_bytree': 0.7, 'gamma': 0.2}. Best is trial 535 with value: 0.5087453596655823.
[I 2023-10-13 17:26:35,664] Trial 576 finished with value: 0.5038052388030011 and parameters: {'w0': 0.363, 'w1': 0.731, 'w2': 0.20700000000000002, 'w3': 0.79, 'w4': 0.6900000000000001, 'w5': 0.037000000000000005, 'w6': 0.8280000000000001, 'w7': 0.162, 'w8': 0.979, 'max_depth': 6, 'min_child_weight': 6, 'subsample': 0.8, 'colsample_bytree': 0.7, 'gamma': 0.2}. Best is trial 535 with value: 0.5087453596655823.
[I 2023-10-13 17:26:52,736] Trial 578 finished with value: 0.5026031235161409 and parameters: {'w0': 0.376, 'w1': 0.709, 'w2': 0.20500000000000002, 'w3': 0.811, 'w4': 0.659, 'w5': 0.029, 'w6': 0.8250000000000001, 'w7': 0.168, 'w8': 0.98, 'max_depth': 6, 'min_child_weight': 6, 'subsample': 0.8, 'colsample_bytree': 0.7, 'gamma': 0.2}. Best is trial 535 with value: 0.5087453596655823.
[I 2023-10-13 17:27:52,282] Trial 588 finished with value: 0.46151409447493985 and parameters: {'w0': 0.328, 'w1': 0.6930000000000001, 'w2': 0.194, 'w3': 0.801, 'w4': 0.634, 'w5': 0.028, 'w6': 0.794, 'w7': 0.167, 'w8': 0.989, 'max_depth': 6, 'min_child_weight': 6, 'subsample': 0.8, 'colsample_bytree': 0.7, 'gamma': 4.800000000000001}. Best is trial 535 with value: 0.5087453596655823.
[I 2023-10-13 17:27:59,272] Trial 580 finished with value: 0.49610463588735676 and parameters: {'w0': 0.374, 'w1': 0.716, 'w2': 0.278, 'w3': 0.8290000000000001, 'w4': 0.651, 'w5': 0.027000000000000003, 'w6': 0.803, 'w7': 0.17, 'w8': 0.982, 'max_depth': 6, 'min_child_weight': 6, 'subsample': 0.8, 'colsample_bytree': 0.7, 'gamma': 0.2}. Best is trial 535 with value: 0.5087453596655823.
[I 2023-10-13 17:28:07,284] Trial 581 finished with value: 0.49447973678018464 and parameters: {'w0': 0.375, 'w1': 0.721, 'w2': 0.20900000000000002, 'w3': 0.806, 'w4': 0.637, 'w5': 0.04, 'w6': 0.792, 'w7': 0.153, 'w8': 0.981, 'max_depth': 6, 'min_child_weight': 20, 'subsample': 0.8, 'colsample_bytree': 0.7, 'gamma': 0.2}. Best is trial 535 with value: 0.5087453596655823.
[I 2023-10-13 17:28:54,156] Trial 582 finished with value: 0.5002439749121311 and parameters: {'w0': 0.373, 'w1': 0.707, 'w2': 0.257, 'w3': 0.796, 'w4': 0.716, 'w5': 0.027000000000000003, 'w6': 0.863, 'w7': 0.168, 'w8': 0.98, 'max_depth': 6, 'min_child_weight': 6, 'subsample': 0.9000000000000001, 'colsample_bytree': 0.7, 'gamma': 0.2}. Best is trial 535 with value: 0.5087453596655823.
[I 2023-10-13 17:30:14,267] Trial 583 finished with value: 0.5068136263871289 and parameters: {'w0': 0.368, 'w1': 0.72, 'w2': 0.255, 'w3': 0.789, 'w4': 0.7010000000000001, 'w5': 0.07200000000000001, 'w6': 0.863, 'w7': 0.17600000000000002, 'w8': 0.982, 'max_depth': 6, 'min_child_weight': 6, 'subsample': 0.8, 'colsample_bytree': 0.7, 'gamma': 0.2}. Best is trial 535 with value: 0.5087453596655823.
[I 2023-10-13 17:34:26,265] Trial 584 finished with value: 0.4965222969483743 and parameters: {'w0': 0.369, 'w1': 0.6880000000000001, 'w2': 0.251, 'w3': 0.834, 'w4': 0.724, 'w5': 0.027000000000000003, 'w6': 0.869, 'w7': 0.167, 'w8': 0.9420000000000001, 'max_depth': 6, 'min_child_weight': 6, 'subsample': 0.8, 'colsample_bytree': 0.7, 'gamma': 0.2}. Best is trial 535 with value: 0.5087453596655823.
[I 2023-10-13 17:34:44,297] Trial 585 finished with value: 0.49699802236376656 and parameters: {'w0': 0.362, 'w1': 0.714, 'w2': 0.255, 'w3': 0.812, 'w4': 0.749, 'w5': 0.028, 'w6': 0.854, 'w7': 0.164, 'w8': 0.9390000000000001, 'max_depth': 6, 'min_child_weight': 6, 'subsample': 0.9000000000000001, 'colsample_bytree': 0.7, 'gamma': 0.2}. Best is trial 535 with value: 0.5087453596655823.
[I 2023-10-13 17:37:32,346] Trial 586 finished with value: 0.5007516167805491 and parameters: {'w0': 0.364, 'w1': 0.6960000000000001, 'w2': 0.255, 'w3': 0.809, 'w4': 0.643, 'w5': 0.029, 'w6': 0.848, 'w7': 0.155, 'w8': 0.982, 'max_depth': 6, 'min_child_weight': 6, 'subsample': 0.8, 'colsample_bytree': 0.7, 'gamma': 0.2}. Best is trial 535 with value: 0.5087453596655823.
[I 2023-10-13 17:38:12,957] Trial 587 finished with value: 0.5069835504348312 and parameters: {'w0': 0.333, 'w1': 0.6970000000000001, 'w2': 0.195, 'w3': 0.834, 'w4': 0.641, 'w5': 0.032, 'w6': 0.784, 'w7': 0.178, 'w8': 0.983, 'max_depth': 6, 'min_child_weight': 6, 'subsample': 0.8, 'colsample_bytree': 0.7, 'gamma': 0.2}. Best is trial 535 with value: 0.5087453596655823.
[I 2023-10-13 17:40:23,056] Trial 589 finished with value: 0.5027954060029693 and parameters: {'w0': 0.34, 'w1': 0.6960000000000001, 'w2': 0.211, 'w3': 0.782, 'w4': 0.629, 'w5': 0.036000000000000004, 'w6': 0.8, 'w7': 0.163, 'w8': 0.986, 'max_depth': 6, 'min_child_weight': 8, 'subsample': 0.9000000000000001, 'colsample_bytree': 0.7, 'gamma': 0.2}. Best is trial 535 with value: 0.5087453596655823.
[I 2023-10-13 17:41:36,503] Trial 594 finished with value: 0.5036051601343221 and parameters: {'w0': 0.338, 'w1': 0.678, 'w2': 0.258, 'w3': 0.793, 'w4': 0.738, 'w5': 0.062, 'w6': 0.79, 'w7': 0.187, 'w8': 0.933, 'max_depth': 6, 'min_child_weight': 8, 'subsample': 0.9000000000000001, 'colsample_bytree': 0.7, 'gamma': 0.8}. Best is trial 535 with value: 0.5087453596655823.
[I 2023-10-13 17:41:38,338] Trial 595 finished with value: 0.5041401956254923 and parameters: {'w0': 0.35200000000000004, 'w1': 0.652, 'w2': 0.252, 'w3': 0.8250000000000001, 'w4': 0.726, 'w5': 0.065, 'w6': 0.806, 'w7': 0.185, 'w8': 0.9400000000000001, 'max_depth': 6, 'min_child_weight': 8, 'subsample': 0.9000000000000001, 'colsample_bytree': 0.7, 'gamma': 0.8}. Best is trial 535 with value: 0.5087453596655823.
[I 2023-10-13 17:42:02,175] Trial 596 finished with value: 0.4894155179198408 and parameters: {'w0': 0.335, 'w1': 0.658, 'w2': 0.256, 'w3': 0.724, 'w4': 0.711, 'w5': 0.07100000000000001, 'w6': 0.86, 'w7': 0.113, 'w8': 0.932, 'max_depth': 6, 'min_child_weight': 8, 'subsample': 0.9000000000000001, 'colsample_bytree': 0.7, 'gamma': 0.8}. Best is trial 535 with value: 0.5087453596655823.
[I 2023-10-13 17:42:30,376] Trial 597 finished with value: 0.506132749489394 and parameters: {'w0': 0.327, 'w1': 0.728, 'w2': 0.253, 'w3': 0.714, 'w4': 0.729, 'w5': 0.066, 'w6': 0.853, 'w7': 0.188, 'w8': 1.0, 'max_depth': 6, 'min_child_weight': 8, 'subsample': 0.9000000000000001, 'colsample_bytree': 0.7, 'gamma': 0.8}. Best is trial 535 with value: 0.5087453596655823.
[I 2023-10-13 17:43:14,036] Trial 598 finished with value: 0.5016677625390764 and parameters: {'w0': 0.34, 'w1': 0.6910000000000001, 'w2': 0.259, 'w3': 0.837, 'w4': 0.7010000000000001, 'w5': 0.066, 'w6': 0.854, 'w7': 0.2, 'w8': 0.9510000000000001, 'max_depth': 6, 'min_child_weight': 8, 'subsample': 0.9000000000000001, 'colsample_bytree': 0.7, 'gamma': 0.8}. Best is trial 535 with value: 0.5087453596655823.
[I 2023-10-13 17:43:34,593] Trial 590 finished with value: 0.5004979720267317 and parameters: {'w0': 0.369, 'w1': 0.679, 'w2': 0.263, 'w3': 0.845, 'w4': 0.635, 'w5': 0.027000000000000003, 'w6': 0.802, 'w7': 0.179, 'w8': 0.983, 'max_depth': 6, 'min_child_weight': 6, 'subsample': 0.9000000000000001, 'colsample_bytree': 0.7, 'gamma': 0.2}. Best is trial 535 with value: 0.5087453596655823.
[I 2023-10-13 17:43:47,736] Trial 591 finished with value: 0.4967855021574537 and parameters: {'w0': 0.355, 'w1': 0.684, 'w2': 0.254, 'w3': 0.84, 'w4': 0.628, 'w5': 0.027000000000000003, 'w6': 0.808, 'w7': 0.192, 'w8': 0.983, 'max_depth': 6, 'min_child_weight': 8, 'subsample': 0.9000000000000001, 'colsample_bytree': 0.7, 'gamma': 0.2}. Best is trial 535 with value: 0.5087453596655823.
[I 2023-10-13 17:44:36,185] Trial 592 finished with value: 0.5109459322498392 and parameters: {'w0': 0.326, 'w1': 0.6910000000000001, 'w2': 0.26, 'w3': 0.8320000000000001, 'w4': 0.724, 'w5': 0.066, 'w6': 0.792, 'w7': 0.198, 'w8': 0.985, 'max_depth': 6, 'min_child_weight': 8, 'subsample': 0.9000000000000001, 'colsample_bytree': 0.7, 'gamma': 0.2}. Best is trial 592 with value: 0.5109459322498392.
[I 2023-10-13 17:45:35,681] Trial 593 finished with value: 0.5009468757696409 and parameters: {'w0': 0.326, 'w1': 0.687, 'w2': 0.26, 'w3': 0.8300000000000001, 'w4': 0.766, 'w5': 0.023, 'w6': 0.854, 'w7': 0.20800000000000002, 'w8': 0.9380000000000001, 'max_depth': 6, 'min_child_weight': 8, 'subsample': 0.9000000000000001, 'colsample_bytree': 0.7, 'gamma': 0.2}. Best is trial 592 with value: 0.5109459322498392.
[I 2023-10-13 17:46:04,481] Trial 599 finished with value: 0.5086112490760393 and parameters: {'w0': 0.327, 'w1': 0.739, 'w2': 0.253, 'w3': 0.841, 'w4': 0.727, 'w5': 0.068, 'w6': 0.852, 'w7': 0.197, 'w8': 0.9410000000000001, 'max_depth': 6, 'min_child_weight': 8, 'subsample': 0.8, 'colsample_bytree': 0.7, 'gamma': 0.8}. Best is trial 592 with value: 0.5109459322498392.
[I 2023-10-13 17:47:07,551] Trial 600 finished with value: 0.5139281937245695 and parameters: {'w0': 0.318, 'w1': 0.673, 'w2': 0.255, 'w3': 0.8330000000000001, 'w4': 0.72, 'w5': 0.07, 'w6': 0.789, 'w7': 0.20600000000000002, 'w8': 0.997, 'max_depth': 6, 'min_child_weight': 8, 'subsample': 0.8, 'colsample_bytree': 0.7, 'gamma': 0.8}. Best is trial 600 with value: 0.5139281937245695.
[I 2023-10-13 17:50:35,738] Trial 609 finished with value: 0.4586560325723925 and parameters: {'w0': 0.312, 'w1': 0.731, 'w2': 0.177, 'w3': 0.84, 'w4': 0.617, 'w5': 0.068, 'w6': 0.773, 'w7': 0.201, 'w8': 1.0, 'max_depth': 6, 'min_child_weight': 8, 'subsample': 0.8, 'colsample_bytree': 0.7, 'gamma': 6.0}. Best is trial 600 with value: 0.5139281937245695.
[I 2023-10-13 17:51:23,352] Trial 601 finished with value: 0.5089564752986238 and parameters: {'w0': 0.331, 'w1': 0.675, 'w2': 0.257, 'w3': 0.721, 'w4': 0.725, 'w5': 0.069, 'w6': 0.804, 'w7': 0.214, 'w8': 0.9410000000000001, 'max_depth': 6, 'min_child_weight': 6, 'subsample': 0.8, 'colsample_bytree': 0.7, 'gamma': 0.8}. Best is trial 600 with value: 0.5139281937245695.
[I 2023-10-13 17:51:25,614] Trial 602 finished with value: 0.5043613703210968 and parameters: {'w0': 0.339, 'w1': 0.738, 'w2': 0.276, 'w3': 0.852, 'w4': 0.707, 'w5': 0.07200000000000001, 'w6': 0.811, 'w7': 0.192, 'w8': 0.9420000000000001, 'max_depth': 6, 'min_child_weight': 8, 'subsample': 0.8, 'colsample_bytree': 0.7, 'gamma': 0.8}. Best is trial 600 with value: 0.5139281937245695.
[I 2023-10-13 17:54:15,014] Trial 603 finished with value: 0.5010545604555249 and parameters: {'w0': 0.333, 'w1': 0.737, 'w2': 0.279, 'w3': 0.844, 'w4': 0.731, 'w5': 0.064, 'w6': 0.792, 'w7': 0.194, 'w8': 0.937, 'max_depth': 6, 'min_child_weight': 8, 'subsample': 0.8, 'colsample_bytree': 0.7, 'gamma': 0.8}. Best is trial 600 with value: 0.5139281937245695.
[I 2023-10-13 17:54:53,132] Trial 604 finished with value: 0.4954618845529276 and parameters: {'w0': 0.34700000000000003, 'w1': 0.738, 'w2': 0.274, 'w3': 0.722, 'w4': 0.719, 'w5': 0.064, 'w6': 0.856, 'w7': 0.121, 'w8': 0.999, 'max_depth': 6, 'min_child_weight': 8, 'subsample': 0.8, 'colsample_bytree': 0.7, 'gamma': 0.8}. Best is trial 600 with value: 0.5139281937245695.
[I 2023-10-13 17:56:15,164] Trial 605 finished with value: 0.4897741417966051 and parameters: {'w0': 0.32, 'w1': 0.674, 'w2': 0.168, 'w3': 0.724, 'w4': 0.715, 'w5': 0.064, 'w6': 0.799, 'w7': 0.097, 'w8': 0.999, 'max_depth': 6, 'min_child_weight': 16, 'subsample': 0.8, 'colsample_bytree': 0.7, 'gamma': 0.8}. Best is trial 600 with value: 0.5139281937245695.
[I 2023-10-13 17:58:39,774] Trial 617 finished with value: 0.44842200539616495 and parameters: {'w0': 0.277, 'w1': 0.735, 'w2': 0.278, 'w3': 0.878, 'w4': 0.732, 'w5': 0.060000000000000005, 'w6': 0.764, 'w7': 0.20700000000000002, 'w8': 0.997, 'max_depth': 6, 'min_child_weight': 8, 'subsample': 0.8, 'colsample_bytree': 0.7, 'gamma': 8.8}. Best is trial 600 with value: 0.5139281937245695.
[I 2023-10-13 18:01:33,043] Trial 607 finished with value: 0.5052116861709682 and parameters: {'w0': 0.339, 'w1': 0.736, 'w2': 0.281, 'w3': 0.722, 'w4': 0.707, 'w5': 0.07200000000000001, 'w6': 0.861, 'w7': 0.2, 'w8': 0.995, 'max_depth': 6, 'min_child_weight': 6, 'subsample': 0.8, 'colsample_bytree': 0.8, 'gamma': 0.4}. Best is trial 600 with value: 0.5139281937245695.
[I 2023-10-13 18:01:39,887] Trial 608 finished with value: 0.5036301298921866 and parameters: {'w0': 0.337, 'w1': 0.779, 'w2': 0.17300000000000001, 'w3': 0.842, 'w4': 0.602, 'w5': 0.069, 'w6': 0.81, 'w7': 0.20900000000000002, 'w8': 0.993, 'max_depth': 6, 'min_child_weight': 6, 'subsample': 0.8, 'colsample_bytree': 0.8, 'gamma': 0.4}. Best is trial 600 with value: 0.5139281937245695.
[I 2023-10-13 18:01:47,053] Trial 606 finished with value: 0.5043119742034389 and parameters: {'w0': 0.311, 'w1': 0.74, 'w2': 0.169, 'w3': 0.853, 'w4': 0.711, 'w5': 0.068, 'w6': 0.805, 'w7': 0.197, 'w8': 0.9470000000000001, 'max_depth': 6, 'min_child_weight': 6, 'subsample': 0.8, 'colsample_bytree': 0.7, 'gamma': 0.0}. Best is trial 600 with value: 0.5139281937245695.
[I 2023-10-13 18:03:17,341] Trial 611 finished with value: 0.5071685363031803 and parameters: {'w0': 0.316, 'w1': 0.736, 'w2': 0.179, 'w3': 0.721, 'w4': 0.605, 'w5': 0.065, 'w6': 0.784, 'w7': 0.203, 'w8': 0.998, 'max_depth': 6, 'min_child_weight': 8, 'subsample': 0.8, 'colsample_bytree': 0.8, 'gamma': 0.0}. Best is trial 600 with value: 0.5139281937245695.
[I 2023-10-13 18:03:50,624] Trial 612 finished with value: 0.5055328458367819 and parameters: {'w0': 0.423, 'w1': 0.738, 'w2': 0.18, 'w3': 0.726, 'w4': 0.6980000000000001, 'w5': 0.069, 'w6': 0.865, 'w7': 0.202, 'w8': 0.994, 'max_depth': 6, 'min_child_weight': 4, 'subsample': 0.8, 'colsample_bytree': 0.8, 'gamma': 0.4}. Best is trial 600 with value: 0.5139281937245695.
[I 2023-10-13 18:03:53,662] Trial 610 finished with value: 0.5109106440520701 and parameters: {'w0': 0.314, 'w1': 0.777, 'w2': 0.277, 'w3': 0.857, 'w4': 0.759, 'w5': 0.066, 'w6': 0.809, 'w7': 0.20800000000000002, 'w8': 1.0, 'max_depth': 6, 'min_child_weight': 4, 'subsample': 0.8, 'colsample_bytree': 0.7, 'gamma': 0.0}. Best is trial 600 with value: 0.5139281937245695.
[I 2023-10-13 18:04:02,587] Trial 613 finished with value: 0.5067050419639829 and parameters: {'w0': 0.303, 'w1': 0.738, 'w2': 0.153, 'w3': 0.755, 'w4': 0.775, 'w5': 0.063, 'w6': 0.751, 'w7': 0.106, 'w8': 1.0, 'max_depth': 6, 'min_child_weight': 8, 'subsample': 0.8, 'colsample_bytree': 0.8, 'gamma': 0.4}. Best is trial 600 with value: 0.5139281937245695.
[I 2023-10-13 18:04:12,207] Trial 616 finished with value: 0.49151736621254255 and parameters: {'w0': 0.306, 'w1': 0.736, 'w2': 0.281, 'w3': 0.871, 'w4': 0.729, 'w5': 0.064, 'w6': 0.766, 'w7': 0.11, 'w8': 0.999, 'max_depth': 6, 'min_child_weight': 8, 'subsample': 0.8, 'colsample_bytree': 0.7, 'gamma': 0.8}. Best is trial 600 with value: 0.5139281937245695.
[I 2023-10-13 18:04:51,622] Trial 615 finished with value: 0.5061851925800529 and parameters: {'w0': 0.311, 'w1': 0.778, 'w2': 0.17500000000000002, 'w3': 0.751, 'w4': 0.73, 'w5': 0.064, 'w6': 0.788, 'w7': 0.197, 'w8': 1.0, 'max_depth': 6, 'min_child_weight': 8, 'subsample': 0.8, 'colsample_bytree': 0.7, 'gamma': 0.6000000000000001}. Best is trial 600 with value: 0.5139281937245695.
[I 2023-10-13 18:05:26,387] Trial 614 finished with value: 0.5072213687967781 and parameters: {'w0': 0.305, 'w1': 0.737, 'w2': 0.177, 'w3': 0.758, 'w4': 0.599, 'w5': 0.064, 'w6': 0.784, 'w7': 0.20700000000000002, 'w8': 0.995, 'max_depth': 6, 'min_child_weight': 8, 'subsample': 0.8, 'colsample_bytree': 0.7, 'gamma': 0.0}. Best is trial 600 with value: 0.5139281937245695.
