[I 2023-10-12 23:18:40,308] Trial 1431 finished with value: 0.5845003507834596 and parameters: {'w0': 0.432, 'w1': 0.916, 'w2': 0.276, 'w3': 0.72, 'w4': 0.314, 'w5': 0.167, 'w6': 1.0, 'w7': 0.334, 'w8': 0.742, 'max_depth': 7, 'min_child_weight': 4, 'subsample': 0.8, 'colsample_bytree': 0.8, 'gamma': 0.6000000000000001}. Best is trial 848 with value: 0.6005661897687894.
[I 2023-10-12 23:18:50,867] Trial 1444 finished with value: 0.5988201016930816 and parameters: {'w0': 0.434, 'w1': 0.859, 'w2': 0.341, 'w3': 0.659, 'w4': 0.886, 'w5': 0.166, 'w6': 0.911, 'w7': 0.334, 'w8': 0.859, 'max_depth': 7, 'min_child_weight': 2, 'subsample': 0.8, 'colsample_bytree': 0.8, 'gamma': 2.4000000000000004}. Best is trial 848 with value: 0.6005661897687894.
[I 2023-10-12 23:20:26,100] Trial 1448 finished with value: 0.5840729564786348 and parameters: {'w0': 0.47100000000000003, 'w1': 0.856, 'w2': 0.379, 'w3': 0.656, 'w4': 0.865, 'w5': 0.167, 'w6': 1.0, 'w7': 0.212, 'w8': 0.65, 'max_depth': 8, 'min_child_weight': 2, 'subsample': 0.8, 'colsample_bytree': 0.8, 'gamma': 2.6}. Best is trial 848 with value: 0.6005661897687894.
[I 2023-10-12 23:20:45,157] Trial 1447 finished with value: 0.5871176620988467 and parameters: {'w0': 0.436, 'w1': 0.863, 'w2': 0.38, 'w3': 0.657, 'w4': 0.888, 'w5': 0.169, 'w6': 0.9600000000000001, 'w7': 0.258, 'w8': 0.503, 'max_depth': 8, 'min_child_weight': 2, 'subsample': 0.8, 'colsample_bytree': 0.8, 'gamma': 2.4000000000000004}. Best is trial 848 with value: 0.6005661897687894.
[I 2023-10-12 23:23:18,464] Trial 1450 finished with value: 0.584887683392591 and parameters: {'w0': 0.47500000000000003, 'w1': 0.86, 'w2': 0.34500000000000003, 'w3': 0.6910000000000001, 'w4': 0.861, 'w5': 0.124, 'w6': 0.999, 'w7': 0.215, 'w8': 0.858, 'max_depth': 8, 'min_child_weight': 2, 'subsample': 0.8, 'colsample_bytree': 0.8, 'gamma': 2.6}. Best is trial 848 with value: 0.6005661897687894.
[I 2023-10-12 23:24:35,097] Trial 1446 finished with value: 0.585221554879 and parameters: {'w0': 0.801, 'w1': 0.862, 'w2': 0.339, 'w3': 0.663, 'w4': 0.86, 'w5': 0.089, 'w6': 0.387, 'w7': 0.331, 'w8': 0.649, 'max_depth': 7, 'min_child_weight': 2, 'subsample': 0.8, 'colsample_bytree': 0.8, 'gamma': 1.2000000000000002}. Best is trial 848 with value: 0.6005661897687894.
[I 2023-10-12 23:25:51,293] Trial 1449 finished with value: 0.5903763324834933 and parameters: {'w0': 0.47600000000000003, 'w1': 0.859, 'w2': 0.341, 'w3': 0.682, 'w4': 0.857, 'w5': 0.126, 'w6': 0.961, 'w7': 0.263, 'w8': 0.66, 'max_depth': 8, 'min_child_weight': 2, 'subsample': 0.8, 'colsample_bytree': 0.8, 'gamma': 1.2000000000000002}. Best is trial 848 with value: 0.6005661897687894.
[I 2023-10-12 23:26:11,299] Trial 1455 finished with value: 0.5764177773328456 and parameters: {'w0': 0.332, 'w1': 0.86, 'w2': 0.377, 'w3': 0.6910000000000001, 'w4': 0.882, 'w5': 0.129, 'w6': 0.961, 'w7': 0.217, 'w8': 0.8250000000000001, 'max_depth': 8, 'min_child_weight': 2, 'subsample': 0.8, 'colsample_bytree': 0.8, 'gamma': 4.4}. Best is trial 848 with value: 0.6005661897687894.
[I 2023-10-12 23:26:18,531] Trial 1454 finished with value: 0.5922655390077839 and parameters: {'w0': 0.33, 'w1': 0.856, 'w2': 0.381, 'w3': 0.685, 'w4': 0.885, 'w5': 0.134, 'w6': 0.9520000000000001, 'w7': 0.257, 'w8': 0.853, 'max_depth': 8, 'min_child_weight': 2, 'subsample': 0.8, 'colsample_bytree': 0.8, 'gamma': 2.6}. Best is trial 848 with value: 0.6005661897687894.
[I 2023-10-12 23:26:36,831] Trial 1451 finished with value: 0.5862760411762732 and parameters: {'w0': 0.33, 'w1': 0.863, 'w2': 0.34400000000000003, 'w3': 0.614, 'w4': 0.256, 'w5': 0.125, 'w6': 0.961, 'w7': 0.252, 'w8': 0.8240000000000001, 'max_depth': 8, 'min_child_weight': 2, 'subsample': 0.8, 'colsample_bytree': 0.8, 'gamma': 1.4000000000000001}. Best is trial 848 with value: 0.6005661897687894.
[I 2023-10-12 23:27:17,024] Trial 1460 finished with value: 0.5576009743995176 and parameters: {'w0': 0.332, 'w1': 0.867, 'w2': 0.376, 'w3': 0.614, 'w4': 0.89, 'w5': 0.117, 'w6': 0.9580000000000001, 'w7': 0.257, 'w8': 0.8210000000000001, 'max_depth': 6, 'min_child_weight': 2, 'subsample': 0.8, 'colsample_bytree': 0.8, 'gamma': 9.200000000000001}. Best is trial 848 with value: 0.6005661897687894.
[I 2023-10-12 23:27:19,507] Trial 1453 finished with value: 0.5735342774341403 and parameters: {'w0': 0.327, 'w1': 0.86, 'w2': 0.111, 'w3': 0.682, 'w4': 0.861, 'w5': 0.128, 'w6': 0.963, 'w7': 0.218, 'w8': 0.855, 'max_depth': 8, 'min_child_weight': 2, 'subsample': 0.8, 'colsample_bytree': 0.8, 'gamma': 1.2000000000000002}. Best is trial 848 with value: 0.6005661897687894.
[I 2023-10-12 23:28:24,803] Trial 1452 finished with value: 0.5895145963636976 and parameters: {'w0': 0.334, 'w1': 0.852, 'w2': 0.383, 'w3': 0.6950000000000001, 'w4': 0.865, 'w5': 0.121, 'w6': 1.0, 'w7': 0.213, 'w8': 0.857, 'max_depth': 6, 'min_child_weight': 2, 'subsample': 0.8, 'colsample_bytree': 0.8, 'gamma': 1.2000000000000002}. Best is trial 848 with value: 0.6005661897687894.
[I 2023-10-12 23:30:08,658] Trial 1461 finished with value: 0.5966518919309423 and parameters: {'w0': 0.47600000000000003, 'w1': 0.838, 'w2': 0.378, 'w3': 0.609, 'w4': 0.887, 'w5': 0.23700000000000002, 'w6': 0.881, 'w7': 0.329, 'w8': 0.86, 'max_depth': 6, 'min_child_weight': 2, 'subsample': 0.8, 'colsample_bytree': 0.8, 'gamma': 2.8000000000000003}. Best is trial 848 with value: 0.6005661897687894.
[I 2023-10-12 23:31:30,007] Trial 1456 finished with value: 0.592577629715391 and parameters: {'w0': 0.47500000000000003, 'w1': 0.857, 'w2': 0.34600000000000003, 'w3': 0.611, 'w4': 0.884, 'w5': 0.131, 'w6': 0.961, 'w7': 0.254, 'w8': 0.8230000000000001, 'max_depth': 6, 'min_child_weight': 2, 'subsample': 0.8, 'colsample_bytree': 0.8, 'gamma': 1.4000000000000001}. Best is trial 848 with value: 0.6005661897687894.
[I 2023-10-12 23:31:35,174] Trial 1463 finished with value: 0.5584073896407191 and parameters: {'w0': 0.465, 'w1': 0.847, 'w2': 0.367, 'w3': 0.614, 'w4': 0.886, 'w5': 0.241, 'w6': 0.065, 'w7': 0.332, 'w8': 0.858, 'max_depth': 6, 'min_child_weight': 2, 'subsample': 0.8, 'colsample_bytree': 0.8, 'gamma': 2.8000000000000003}. Best is trial 848 with value: 0.6005661897687894.
[I 2023-10-12 23:31:58,861] Trial 1462 finished with value: 0.5966782794725635 and parameters: {'w0': 0.47000000000000003, 'w1': 0.85, 'w2': 0.393, 'w3': 0.608, 'w4': 0.89, 'w5': 0.169, 'w6': 0.9520000000000001, 'w7': 0.322, 'w8': 0.8250000000000001, 'max_depth': 9, 'min_child_weight': 2, 'subsample': 0.8, 'colsample_bytree': 0.8, 'gamma': 2.8000000000000003}. Best is trial 848 with value: 0.6005661897687894.
[I 2023-10-12 23:32:18,461] Trial 1457 finished with value: 0.5936296263038621 and parameters: {'w0': 0.323, 'w1': 0.854, 'w2': 0.375, 'w3': 0.775, 'w4': 0.892, 'w5': 0.13, 'w6': 0.961, 'w7': 0.251, 'w8': 0.8230000000000001, 'max_depth': 8, 'min_child_weight': 2, 'subsample': 0.8, 'colsample_bytree': 0.8, 'gamma': 1.2000000000000002}. Best is trial 848 with value: 0.6005661897687894.
[I 2023-10-12 23:33:41,412] Trial 1458 finished with value: 0.5794029138626029 and parameters: {'w0': 0.329, 'w1': 0.864, 'w2': 0.376, 'w3': 0.198, 'w4': 0.88, 'w5': 0.9540000000000001, 'w6': 0.763, 'w7': 0.256, 'w8': 0.8230000000000001, 'max_depth': 6, 'min_child_weight': 2, 'subsample': 0.8, 'colsample_bytree': 0.8, 'gamma': 1.2000000000000002}. Best is trial 848 with value: 0.6005661897687894.
[I 2023-10-12 23:34:06,509] Trial 1459 finished with value: 0.5903928079700173 and parameters: {'w0': 0.329, 'w1': 0.893, 'w2': 0.395, 'w3': 0.609, 'w4': 0.885, 'w5': 0.133, 'w6': 0.961, 'w7': 0.259, 'w8': 0.8200000000000001, 'max_depth': 6, 'min_child_weight': 2, 'subsample': 0.8, 'colsample_bytree': 0.8, 'gamma': 1.2000000000000002}. Best is trial 848 with value: 0.6005661897687894.
[I 2023-10-12 23:36:12,378] Trial 1464 finished with value: 0.5948451397423296 and parameters: {'w0': 0.449, 'w1': 0.873, 'w2': 0.368, 'w3': 0.616, 'w4': 0.9400000000000001, 'w5': 0.35000000000000003, 'w6': 0.9520000000000001, 'w7': 0.328, 'w8': 0.862, 'max_depth': 6, 'min_child_weight': 2, 'subsample': 0.7, 'colsample_bytree': 0.8, 'gamma': 2.6}. Best is trial 848 with value: 0.6005661897687894.
[I 2023-10-12 23:36:50,178] Trial 1465 finished with value: 0.5944200607962257 and parameters: {'w0': 0.464, 'w1': 0.842, 'w2': 0.37, 'w3': 0.636, 'w4': 0.877, 'w5': 0.354, 'w6': 0.9530000000000001, 'w7': 0.328, 'w8': 0.8300000000000001, 'max_depth': 6, 'min_child_weight': 2, 'subsample': 0.7, 'colsample_bytree': 0.8, 'gamma': 2.8000000000000003}. Best is trial 848 with value: 0.6005661897687894.
[I 2023-10-12 23:38:03,351] Trial 1466 finished with value: 0.5950581481100329 and parameters: {'w0': 0.47100000000000003, 'w1': 0.845, 'w2': 0.369, 'w3': 0.606, 'w4': 0.89, 'w5': 0.152, 'w6': 0.894, 'w7': 0.324, 'w8': 0.859, 'max_depth': 6, 'min_child_weight': 2, 'subsample': 0.7, 'colsample_bytree': 0.8, 'gamma': 2.8000000000000003}. Best is trial 848 with value: 0.6005661897687894.
[I 2023-10-12 23:38:11,769] Trial 1469 finished with value: 0.5948056305377245 and parameters: {'w0': 0.455, 'w1': 0.84, 'w2': 0.37, 'w3': 0.634, 'w4': 0.889, 'w5': 0.168, 'w6': 0.925, 'w7': 0.326, 'w8': 0.86, 'max_depth': 9, 'min_child_weight': 2, 'subsample': 0.8, 'colsample_bytree': 0.8, 'gamma': 2.8000000000000003}. Best is trial 848 with value: 0.6005661897687894.
[I 2023-10-12 23:38:23,016] Trial 1467 finished with value: 0.5933310631765649 and parameters: {'w0': 0.47400000000000003, 'w1': 0.839, 'w2': 0.395, 'w3': 0.629, 'w4': 0.89, 'w5': 0.148, 'w6': 0.891, 'w7': 0.32, 'w8': 0.863, 'max_depth': 6, 'min_child_weight': 2, 'subsample': 0.7, 'colsample_bytree': 0.8, 'gamma': 2.8000000000000003}. Best is trial 848 with value: 0.6005661897687894.
[I 2023-10-12 23:39:16,723] Trial 1468 finished with value: 0.5867723376627497 and parameters: {'w0': 0.47400000000000003, 'w1': 0.837, 'w2': 0.364, 'w3': 0.629, 'w4': 0.935, 'w5': 0.9550000000000001, 'w6': 0.927, 'w7': 0.322, 'w8': 0.858, 'max_depth': 6, 'min_child_weight': 2, 'subsample': 0.7, 'colsample_bytree': 0.8, 'gamma': 2.8000000000000003}. Best is trial 848 with value: 0.6005661897687894.
[I 2023-10-12 23:40:00,915] Trial 1471 finished with value: 0.5929737349831411 and parameters: {'w0': 0.47200000000000003, 'w1': 0.892, 'w2': 0.398, 'w3': 0.611, 'w4': 0.888, 'w5': 0.24000000000000002, 'w6': 0.925, 'w7': 0.319, 'w8': 0.848, 'max_depth': 6, 'min_child_weight': 2, 'subsample': 0.7, 'colsample_bytree': 0.8, 'gamma': 2.6}. Best is trial 848 with value: 0.6005661897687894.
[I 2023-10-12 23:40:59,525] Trial 1472 finished with value: 0.5947810334584538 and parameters: {'w0': 0.459, 'w1': 0.834, 'w2': 0.367, 'w3': 0.631, 'w4': 0.9380000000000001, 'w5': 0.232, 'w6': 0.928, 'w7': 0.333, 'w8': 0.857, 'max_depth': 9, 'min_child_weight': 2, 'subsample': 0.7, 'colsample_bytree': 0.8, 'gamma': 2.8000000000000003}. Best is trial 848 with value: 0.6005661897687894.
[I 2023-10-12 23:42:06,135] Trial 1470 finished with value: 0.5948895624357246 and parameters: {'w0': 0.47500000000000003, 'w1': 0.849, 'w2': 0.394, 'w3': 0.64, 'w4': 0.888, 'w5': 0.242, 'w6': 0.927, 'w7': 0.326, 'w8': 0.86, 'max_depth': 9, 'min_child_weight': 2, 'subsample': 0.7, 'colsample_bytree': 0.8, 'gamma': 2.0}. Best is trial 848 with value: 0.6005661897687894.
[I 2023-10-12 23:42:50,043] Trial 1473 finished with value: 0.5951740076799401 and parameters: {'w0': 0.47800000000000004, 'w1': 0.837, 'w2': 0.406, 'w3': 0.622, 'w4': 0.9380000000000001, 'w5': 0.165, 'w6': 0.935, 'w7': 0.328, 'w8': 0.855, 'max_depth': 9, 'min_child_weight': 2, 'subsample': 0.7, 'colsample_bytree': 0.8, 'gamma': 2.6}. Best is trial 848 with value: 0.6005661897687894.
[I 2023-10-12 23:44:12,109] Trial 1475 finished with value: 0.5936480722400789 and parameters: {'w0': 0.41400000000000003, 'w1': 0.487, 'w2': 0.362, 'w3': 0.633, 'w4': 0.913, 'w5': 0.169, 'w6': 0.889, 'w7': 0.318, 'w8': 0.8310000000000001, 'max_depth': 9, 'min_child_weight': 2, 'subsample': 0.7, 'colsample_bytree': 0.8, 'gamma': 2.6}. Best is trial 848 with value: 0.6005661897687894.
[I 2023-10-12 23:44:16,126] Trial 1474 finished with value: 0.6004055557936272 and parameters: {'w0': 0.41300000000000003, 'w1': 0.845, 'w2': 0.364, 'w3': 0.629, 'w4': 0.9450000000000001, 'w5': 0.151, 'w6': 0.922, 'w7': 0.323, 'w8': 0.854, 'max_depth': 10, 'min_child_weight': 2, 'subsample': 0.7, 'colsample_bytree': 0.8, 'gamma': 2.8000000000000003}. Best is trial 848 with value: 0.6005661897687894.
[I 2023-10-12 23:44:28,209] Trial 1476 finished with value: 0.566023930576032 and parameters: {'w0': 0.451, 'w1': 0.891, 'w2': 0.316, 'w3': 0.65, 'w4': 0.025, 'w5': 0.167, 'w6': 0.922, 'w7': 0.324, 'w8': 0.859, 'max_depth': 9, 'min_child_weight': 2, 'subsample': 0.7, 'colsample_bytree': 0.8, 'gamma': 2.6}. Best is trial 848 with value: 0.6005661897687894.
[I 2023-10-12 23:45:21,204] Trial 1477 finished with value: 0.5962061394040444 and parameters: {'w0': 0.444, 'w1': 0.891, 'w2': 0.322, 'w3': 0.636, 'w4': 0.934, 'w5': 0.15, 'w6': 0.935, 'w7': 0.323, 'w8': 0.861, 'max_depth': 10, 'min_child_weight': 2, 'subsample': 0.7, 'colsample_bytree': 0.8, 'gamma': 2.6}. Best is trial 848 with value: 0.6005661897687894.
[I 2023-10-12 23:46:40,083] Trial 1478 finished with value: 0.5988746751576746 and parameters: {'w0': 0.418, 'w1': 0.892, 'w2': 0.318, 'w3': 0.638, 'w4': 0.9410000000000001, 'w5': 0.155, 'w6': 0.927, 'w7': 0.322, 'w8': 0.849, 'max_depth': 10, 'min_child_weight': 2, 'subsample': 0.7, 'colsample_bytree': 0.8, 'gamma': 2.6}. Best is trial 848 with value: 0.6005661897687894.
[I 2023-10-12 23:46:46,709] Trial 1479 finished with value: 0.5750213774226045 and parameters: {'w0': 0.41700000000000004, 'w1': 0.147, 'w2': 0.321, 'w3': 0.631, 'w4': 0.9430000000000001, 'w5': 0.155, 'w6': 0.928, 'w7': 0.28800000000000003, 'w8': 0.863, 'max_depth': 10, 'min_child_weight': 2, 'subsample': 0.7, 'colsample_bytree': 0.8, 'gamma': 2.6}. Best is trial 848 with value: 0.6005661897687894.
[I 2023-10-12 23:48:37,340] Trial 1482 finished with value: 0.5764312764310021 and parameters: {'w0': 0.426, 'w1': 0.892, 'w2': 0.327, 'w3': 0.653, 'w4': 0.405, 'w5': 0.17200000000000001, 'w6': 0.924, 'w7': 0.366, 'w8': 0.874, 'max_depth': 9, 'min_child_weight': 2, 'subsample': 0.7, 'colsample_bytree': 0.8, 'gamma': 5.4}. Best is trial 848 with value: 0.6005661897687894.
[I 2023-10-12 23:49:03,903] Trial 1480 finished with value: 0.5952831232841858 and parameters: {'w0': 0.41400000000000003, 'w1': 0.837, 'w2': 0.316, 'w3': 0.641, 'w4': 0.911, 'w5': 0.158, 'w6': 0.927, 'w7': 0.315, 'w8': 0.857, 'max_depth': 9, 'min_child_weight': 2, 'subsample': 0.7, 'colsample_bytree': 0.8, 'gamma': 2.6}. Best is trial 848 with value: 0.6005661897687894.
[I 2023-10-12 23:49:57,053] Trial 1481 finished with value: 0.584827222036661 and parameters: {'w0': 0.40800000000000003, 'w1': 0.894, 'w2': 0.323, 'w3': 0.63, 'w4': 0.911, 'w5': 0.154, 'w6': 0.88, 'w7': 0.361, 'w8': 0.859, 'max_depth': 3, 'min_child_weight': 2, 'subsample': 0.7, 'colsample_bytree': 0.8, 'gamma': 2.0}. Best is trial 848 with value: 0.6005661897687894.
[I 2023-10-12 23:50:42,855] Trial 1484 finished with value: 0.5137057479728483 and parameters: {'w0': 0.002, 'w1': 0.893, 'w2': 0.317, 'w3': 0.653, 'w4': 0.937, 'w5': 0.17200000000000001, 'w6': 0.925, 'w7': 0.37, 'w8': 0.807, 'max_depth': 7, 'min_child_weight': 2, 'subsample': 0.7, 'colsample_bytree': 0.8, 'gamma': 2.6}. Best is trial 848 with value: 0.6005661897687894.
[I 2023-10-12 23:52:52,645] Trial 1483 finished with value: 0.5615537982248985 and parameters: {'w0': 0.41200000000000003, 'w1': 0.895, 'w2': 0.326, 'w3': 0.65, 'w4': 0.913, 'w5': 0.153, 'w6': 0.879, 'w7': 0.778, 'w8': 0.806, 'max_depth': 10, 'min_child_weight': 2, 'subsample': 0.7, 'colsample_bytree': 0.8, 'gamma': 2.6}. Best is trial 848 with value: 0.6005661897687894.
[I 2023-10-12 23:52:58,066] Trial 1485 finished with value: 0.5947905778809834 and parameters: {'w0': 0.42, 'w1': 0.893, 'w2': 0.317, 'w3': 0.654, 'w4': 0.921, 'w5': 0.17300000000000001, 'w6': 0.929, 'w7': 0.364, 'w8': 0.801, 'max_depth': 10, 'min_child_weight': 2, 'subsample': 0.7, 'colsample_bytree': 0.8, 'gamma': 2.6}. Best is trial 848 with value: 0.6005661897687894.
[I 2023-10-12 23:55:05,598] Trial 1486 finished with value: 0.5913048657827364 and parameters: {'w0': 0.419, 'w1': 0.794, 'w2': 0.32, 'w3': 0.651, 'w4': 0.9440000000000001, 'w5': 0.171, 'w6': 1.0, 'w7': 0.366, 'w8': 0.81, 'max_depth': 10, 'min_child_weight': 2, 'subsample': 0.7, 'colsample_bytree': 0.8, 'gamma': 2.0}. Best is trial 848 with value: 0.6005661897687894.
[I 2023-10-12 23:57:02,435] Trial 1490 finished with value: 0.5831009764593345 and parameters: {'w0': 0.40800000000000003, 'w1': 0.891, 'w2': 0.317, 'w3': 0.656, 'w4': 0.912, 'w5': 0.151, 'w6': 0.972, 'w7': 0.373, 'w8': 0.807, 'max_depth': 3, 'min_child_weight': 2, 'subsample': 0.6000000000000001, 'colsample_bytree': 0.8, 'gamma': 2.2}. Best is trial 848 with value: 0.6005661897687894.
[I 2023-10-12 23:57:52,115] Trial 1487 finished with value: 0.5890559099635131 and parameters: {'w0': 0.41500000000000004, 'w1': 0.805, 'w2': 0.315, 'w3': 0.658, 'w4': 0.9420000000000001, 'w5': 0.17400000000000002, 'w6': 0.9440000000000001, 'w7': 0.372, 'w8': 0.802, 'max_depth': 10, 'min_child_weight': 2, 'subsample': 0.6000000000000001, 'colsample_bytree': 0.8, 'gamma': 2.0}. Best is trial 848 with value: 0.6005661897687894.
[I 2023-10-12 23:58:27,988] Trial 1488 finished with value: 0.5820000851248209 and parameters: {'w0': 0.962, 'w1': 0.892, 'w2': 0.318, 'w3': 0.658, 'w4': 0.914, 'w5': 0.458, 'w6': 1.0, 'w7': 0.366, 'w8': 0.808, 'max_depth': 10, 'min_child_weight': 2, 'subsample': 0.6000000000000001, 'colsample_bytree': 0.8, 'gamma': 2.6}. Best is trial 848 with value: 0.6005661897687894.
[I 2023-10-12 23:58:32,014] Trial 1489 finished with value: 0.5899171667958145 and parameters: {'w0': 0.41000000000000003, 'w1': 0.892, 'w2': 0.322, 'w3': 0.293, 'w4': 0.922, 'w5': 0.179, 'w6': 0.974, 'w7': 0.28700000000000003, 'w8': 0.807, 'max_depth': 10, 'min_child_weight': 2, 'subsample': 0.6000000000000001, 'colsample_bytree': 0.8, 'gamma': 2.0}. Best is trial 848 with value: 0.6005661897687894.
[I 2023-10-12 23:58:33,503] Trial 1491 finished with value: 0.5974946192113444 and parameters: {'w0': 0.397, 'w1': 0.8140000000000001, 'w2': 0.322, 'w3': 0.658, 'w4': 0.803, 'w5': 0.17600000000000002, 'w6': 0.893, 'w7': 0.28400000000000003, 'w8': 0.806, 'max_depth': 9, 'min_child_weight': 2, 'subsample': 0.7, 'colsample_bytree': 0.8, 'gamma': 2.0}. Best is trial 848 with value: 0.6005661897687894.
[I 2023-10-12 23:59:36,086] Trial 1498 finished with value: 0.5821631409085577 and parameters: {'w0': 0.391, 'w1': 0.808, 'w2': 0.301, 'w3': 0.592, 'w4': 0.937, 'w5': 0.183, 'w6': 0.884, 'w7': 0.28300000000000003, 'w8': 0.8330000000000001, 'max_depth': 10, 'min_child_weight': 0, 'subsample': 0.7, 'colsample_bytree': 0.8, 'gamma': 8.0}. Best is trial 848 with value: 0.6005661897687894.
[I 2023-10-13 00:00:04,622] Trial 1493 finished with value: 0.5956613965392208 and parameters: {'w0': 0.41500000000000004, 'w1': 0.809, 'w2': 0.335, 'w3': 0.666, 'w4': 0.799, 'w5': 0.17300000000000001, 'w6': 0.88, 'w7': 0.28700000000000003, 'w8': 0.806, 'max_depth': 10, 'min_child_weight': 0, 'subsample': 0.7, 'colsample_bytree': 0.8, 'gamma': 2.2}. Best is trial 848 with value: 0.6005661897687894.
[I 2023-10-13 00:00:19,210] Trial 1492 finished with value: 0.5904889015326134 and parameters: {'w0': 0.40700000000000003, 'w1': 0.805, 'w2': 0.333, 'w3': 0.593, 'w4': 0.799, 'w5': 0.182, 'w6': 0.896, 'w7': 0.28900000000000003, 'w8': 0.882, 'max_depth': 10, 'min_child_weight': 0, 'subsample': 0.7, 'colsample_bytree': 0.8, 'gamma': 2.0}. Best is trial 848 with value: 0.6005661897687894.
[I 2023-10-13 00:00:33,589] Trial 1494 finished with value: 0.5904737110969037 and parameters: {'w0': 0.41200000000000003, 'w1': 0.8, 'w2': 0.311, 'w3': 0.654, 'w4': 0.931, 'w5': 0.177, 'w6': 0.877, 'w7': 0.366, 'w8': 0.838, 'max_depth': 10, 'min_child_weight': 0, 'subsample': 0.7, 'colsample_bytree': 0.8, 'gamma': 2.6}. Best is trial 848 with value: 0.6005661897687894.
[I 2023-10-13 00:00:34,593] Trial 1495 finished with value: 0.59207469636067 and parameters: {'w0': 0.41500000000000004, 'w1': 0.81, 'w2': 0.31, 'w3': 0.603, 'w4': 0.92, 'w5': 0.181, 'w6': 0.881, 'w7': 0.369, 'w8': 0.841, 'max_depth': 10, 'min_child_weight': 0, 'subsample': 0.7, 'colsample_bytree': 0.8, 'gamma': 2.6}. Best is trial 848 with value: 0.6005661897687894.
[I 2023-10-13 00:02:18,706] Trial 1496 finished with value: 0.5947570062316372 and parameters: {'w0': 0.402, 'w1': 0.792, 'w2': 0.313, 'w3': 0.588, 'w4': 0.9420000000000001, 'w5': 0.20400000000000001, 'w6': 0.871, 'w7': 0.28400000000000003, 'w8': 0.881, 'max_depth': 10, 'min_child_weight': 0, 'subsample': 0.7, 'colsample_bytree': 0.8, 'gamma': 2.6}. Best is trial 848 with value: 0.6005661897687894.
[I 2023-10-13 00:03:01,939] Trial 1497 finished with value: 0.5970714271544233 and parameters: {'w0': 0.405, 'w1': 0.8260000000000001, 'w2': 0.308, 'w3': 0.611, 'w4': 0.9460000000000001, 'w5': 0.20600000000000002, 'w6': 0.886, 'w7': 0.292, 'w8': 0.886, 'max_depth': 10, 'min_child_weight': 0, 'subsample': 0.7, 'colsample_bytree': 0.8, 'gamma': 2.4000000000000004}. Best is trial 848 with value: 0.6005661897687894.
[I 2023-10-13 00:06:53,104] Trial 1500 finished with value: 0.5967524897888808 and parameters: {'w0': 0.393, 'w1': 0.8270000000000001, 'w2': 0.294, 'w3': 0.586, 'w4': 0.9440000000000001, 'w5': 0.179, 'w6': 0.898, 'w7': 0.28800000000000003, 'w8': 0.885, 'max_depth': 10, 'min_child_weight': 0, 'subsample': 0.7, 'colsample_bytree': 0.8, 'gamma': 2.4000000000000004}. Best is trial 848 with value: 0.6005661897687894.
