[I 2023-10-11 01:22:51,582] Trial 663 finished with value: 0.6109420573922533 and parameters: {'w0': 0.318, 'w1': 0.587, 'w2': 0.405, 'w3': 0.9600000000000001, 'w4': 0.923, 'w5': 0.331, 'w6': 0.34700000000000003, 'w7': 0.362, 'w8': 0.707, 'max_depth': 6, 'min_child_weight': 10, 'subsample': 1.0, 'colsample_bytree': 0.9000000000000001, 'gamma': 0.4}. Best is trial 523 with value: 0.6234345839763995.
[I 2023-10-11 01:23:36,369] Trial 664 finished with value: 0.6113802260197181 and parameters: {'w0': 0.319, 'w1': 0.614, 'w2': 0.402, 'w3': 0.968, 'w4': 0.936, 'w5': 0.338, 'w6': 0.366, 'w7': 0.363, 'w8': 0.734, 'max_depth': 6, 'min_child_weight': 10, 'subsample': 1.0, 'colsample_bytree': 0.9000000000000001, 'gamma': 0.4}. Best is trial 523 with value: 0.6234345839763995.
[I 2023-10-11 01:24:25,274] Trial 665 finished with value: 0.6154046407755508 and parameters: {'w0': 0.319, 'w1': 0.618, 'w2': 0.40700000000000003, 'w3': 0.963, 'w4': 0.926, 'w5': 0.333, 'w6': 0.895, 'w7': 0.372, 'w8': 0.705, 'max_depth': 6, 'min_child_weight': 10, 'subsample': 1.0, 'colsample_bytree': 0.9000000000000001, 'gamma': 0.4}. Best is trial 523 with value: 0.6234345839763995.
[I 2023-10-11 01:26:32,945] Trial 666 finished with value: 0.6181246668372459 and parameters: {'w0': 0.317, 'w1': 0.617, 'w2': 0.4, 'w3': 0.962, 'w4': 0.926, 'w5': 0.336, 'w6': 0.895, 'w7': 0.362, 'w8': 0.7030000000000001, 'max_depth': 6, 'min_child_weight': 10, 'subsample': 1.0, 'colsample_bytree': 0.9000000000000001, 'gamma': 0.4}. Best is trial 523 with value: 0.6234345839763995.
[I 2023-10-11 01:26:51,801] Trial 667 finished with value: 0.6141328217525399 and parameters: {'w0': 0.316, 'w1': 0.616, 'w2': 0.404, 'w3': 0.967, 'w4': 0.931, 'w5': 0.329, 'w6': 0.892, 'w7': 0.361, 'w8': 0.705, 'max_depth': 6, 'min_child_weight': 10, 'subsample': 1.0, 'colsample_bytree': 0.9000000000000001, 'gamma': 0.4}. Best is trial 523 with value: 0.6234345839763995.
[I 2023-10-11 01:27:35,508] Trial 668 finished with value: 0.6188724950827724 and parameters: {'w0': 0.274, 'w1': 0.673, 'w2': 0.401, 'w3': 0.962, 'w4': 0.921, 'w5': 0.34500000000000003, 'w6': 0.901, 'w7': 0.36, 'w8': 0.682, 'max_depth': 6, 'min_child_weight': 10, 'subsample': 1.0, 'colsample_bytree': 0.9000000000000001, 'gamma': 0.4}. Best is trial 523 with value: 0.6234345839763995.
[I 2023-10-11 01:31:17,920] Trial 669 finished with value: 0.6189902711554349 and parameters: {'w0': 0.273, 'w1': 0.678, 'w2': 0.403, 'w3': 0.966, 'w4': 0.929, 'w5': 0.332, 'w6': 0.901, 'w7': 0.359, 'w8': 0.7040000000000001, 'max_depth': 6, 'min_child_weight': 12, 'subsample': 1.0, 'colsample_bytree': 0.9000000000000001, 'gamma': 0.4}. Best is trial 523 with value: 0.6234345839763995.
[I 2023-10-11 01:32:12,265] Trial 671 finished with value: 0.6048962651506229 and parameters: {'w0': 0.271, 'w1': 0.67, 'w2': 0.41100000000000003, 'w3': 0.9440000000000001, 'w4': 0.361, 'w5': 0.329, 'w6': 0.869, 'w7': 0.35000000000000003, 'w8': 0.706, 'max_depth': 6, 'min_child_weight': 12, 'subsample': 1.0, 'colsample_bytree': 0.9000000000000001, 'gamma': 0.4}. Best is trial 523 with value: 0.6234345839763995.
[I 2023-10-11 01:32:15,843] Trial 672 finished with value: 0.5999933375992451 and parameters: {'w0': 0.268, 'w1': 0.677, 'w2': 0.401, 'w3': 0.967, 'w4': 0.34600000000000003, 'w5': 0.332, 'w6': 0.367, 'w7': 0.342, 'w8': 0.675, 'max_depth': 6, 'min_child_weight': 10, 'subsample': 1.0, 'colsample_bytree': 0.9000000000000001, 'gamma': 0.4}. Best is trial 523 with value: 0.6234345839763995.
[I 2023-10-11 01:32:55,006] Trial 670 finished with value: 0.6153247048016666 and parameters: {'w0': 0.273, 'w1': 0.68, 'w2': 0.404, 'w3': 0.9550000000000001, 'w4': 0.926, 'w5': 0.341, 'w6': 0.874, 'w7': 0.357, 'w8': 0.7030000000000001, 'max_depth': 6, 'min_child_weight': 12, 'subsample': 1.0, 'colsample_bytree': 0.9000000000000001, 'gamma': 0.4}. Best is trial 523 with value: 0.6234345839763995.
[I 2023-10-11 01:33:42,498] Trial 673 finished with value: 0.6173364402385257 and parameters: {'w0': 0.276, 'w1': 0.68, 'w2': 0.401, 'w3': 0.965, 'w4': 0.92, 'w5': 0.329, 'w6': 0.871, 'w7': 0.34600000000000003, 'w8': 0.675, 'max_depth': 6, 'min_child_weight': 12, 'subsample': 1.0, 'colsample_bytree': 0.9000000000000001, 'gamma': 0.4}. Best is trial 523 with value: 0.6234345839763995.
[I 2023-10-11 01:34:59,590] Trial 674 finished with value: 0.6139349387710058 and parameters: {'w0': 0.281, 'w1': 0.679, 'w2': 0.398, 'w3': 0.964, 'w4': 0.928, 'w5': 0.33, 'w6': 0.337, 'w7': 0.34400000000000003, 'w8': 0.677, 'max_depth': 6, 'min_child_weight': 10, 'subsample': 1.0, 'colsample_bytree': 0.9000000000000001, 'gamma': 0.4}. Best is trial 523 with value: 0.6234345839763995.
[I 2023-10-11 01:36:01,047] Trial 675 finished with value: 0.6158437980576774 and parameters: {'w0': 0.27, 'w1': 0.684, 'w2': 0.4, 'w3': 0.967, 'w4': 0.923, 'w5': 0.329, 'w6': 0.881, 'w7': 0.34500000000000003, 'w8': 0.709, 'max_depth': 6, 'min_child_weight': 10, 'subsample': 1.0, 'colsample_bytree': 0.9000000000000001, 'gamma': 0.4}. Best is trial 523 with value: 0.6234345839763995.
[I 2023-10-11 01:36:38,132] Trial 676 finished with value: 0.614085030654249 and parameters: {'w0': 0.281, 'w1': 0.677, 'w2': 0.402, 'w3': 0.966, 'w4': 0.92, 'w5': 0.445, 'w6': 0.864, 'w7': 0.339, 'w8': 0.732, 'max_depth': 6, 'min_child_weight': 12, 'subsample': 1.0, 'colsample_bytree': 0.9000000000000001, 'gamma': 0.4}. Best is trial 523 with value: 0.6234345839763995.
[I 2023-10-11 01:36:39,620] Trial 677 finished with value: 0.6154356522576288 and parameters: {'w0': 0.276, 'w1': 0.677, 'w2': 0.399, 'w3': 0.965, 'w4': 0.933, 'w5': 0.331, 'w6': 0.869, 'w7': 0.341, 'w8': 0.732, 'max_depth': 6, 'min_child_weight': 12, 'subsample': 1.0, 'colsample_bytree': 0.9000000000000001, 'gamma': 0.4}. Best is trial 523 with value: 0.6234345839763995.
[I 2023-10-11 01:37:13,308] Trial 678 finished with value: 0.6160615273365486 and parameters: {'w0': 0.274, 'w1': 0.679, 'w2': 0.403, 'w3': 0.971, 'w4': 0.872, 'w5': 0.445, 'w6': 0.871, 'w7': 0.337, 'w8': 0.733, 'max_depth': 6, 'min_child_weight': 12, 'subsample': 1.0, 'colsample_bytree': 0.9000000000000001, 'gamma': 0.4}. Best is trial 523 with value: 0.6234345839763995.
[I 2023-10-11 01:38:05,698] Trial 679 finished with value: 0.6130433452829174 and parameters: {'w0': 0.275, 'w1': 0.645, 'w2': 0.419, 'w3': 0.969, 'w4': 0.937, 'w5': 0.441, 'w6': 0.872, 'w7': 0.337, 'w8': 0.723, 'max_depth': 6, 'min_child_weight': 12, 'subsample': 1.0, 'colsample_bytree': 0.9000000000000001, 'gamma': 0.6000000000000001}. Best is trial 523 with value: 0.6234345839763995.
[I 2023-10-11 01:38:20,535] Trial 680 finished with value: 0.6157962531952409 and parameters: {'w0': 0.271, 'w1': 0.648, 'w2': 0.399, 'w3': 0.969, 'w4': 0.87, 'w5': 0.368, 'w6': 0.866, 'w7': 0.338, 'w8': 0.734, 'max_depth': 6, 'min_child_weight': 12, 'subsample': 1.0, 'colsample_bytree': 0.9000000000000001, 'gamma': 0.6000000000000001}. Best is trial 523 with value: 0.6234345839763995.
[I 2023-10-11 01:39:02,174] Trial 681 finished with value: 0.6068912419013562 and parameters: {'w0': 0.275, 'w1': 0.68, 'w2': 0.459, 'w3': 0.93, 'w4': 0.867, 'w5': 0.40700000000000003, 'w6': 0.869, 'w7': 0.341, 'w8': 0.731, 'max_depth': 6, 'min_child_weight': 12, 'subsample': 1.0, 'colsample_bytree': 0.9000000000000001, 'gamma': 0.6000000000000001}. Best is trial 523 with value: 0.6234345839763995.
[I 2023-10-11 01:40:41,056] Trial 682 finished with value: 0.6078634185585797 and parameters: {'w0': 0.276, 'w1': 0.679, 'w2': 0.456, 'w3': 0.971, 'w4': 0.869, 'w5': 0.37, 'w6': 0.914, 'w7': 0.342, 'w8': 0.732, 'max_depth': 6, 'min_child_weight': 12, 'subsample': 1.0, 'colsample_bytree': 0.9000000000000001, 'gamma': 0.6000000000000001}. Best is trial 523 with value: 0.6234345839763995.
[I 2023-10-11 01:41:17,048] Trial 683 finished with value: 0.6101981581448652 and parameters: {'w0': 0.279, 'w1': 0.68, 'w2': 0.457, 'w3': 0.924, 'w4': 0.877, 'w5': 0.369, 'w6': 0.867, 'w7': 0.333, 'w8': 0.733, 'max_depth': 6, 'min_child_weight': 12, 'subsample': 1.0, 'colsample_bytree': 0.9000000000000001, 'gamma': 0.6000000000000001}. Best is trial 523 with value: 0.6234345839763995.
[I 2023-10-11 01:41:27,945] Trial 684 finished with value: 0.6111764409349525 and parameters: {'w0': 0.273, 'w1': 0.646, 'w2': 0.455, 'w3': 0.932, 'w4': 0.844, 'w5': 0.448, 'w6': 0.871, 'w7': 0.342, 'w8': 0.733, 'max_depth': 6, 'min_child_weight': 12, 'subsample': 1.0, 'colsample_bytree': 0.9000000000000001, 'gamma': 0.6000000000000001}. Best is trial 523 with value: 0.6234345839763995.
[I 2023-10-11 01:45:13,978] Trial 685 finished with value: 0.6113184497425003 and parameters: {'w0': 0.279, 'w1': 0.684, 'w2': 0.457, 'w3': 0.975, 'w4': 0.87, 'w5': 0.371, 'w6': 0.867, 'w7': 0.341, 'w8': 0.671, 'max_depth': 6, 'min_child_weight': 12, 'subsample': 1.0, 'colsample_bytree': 0.9000000000000001, 'gamma': 0.6000000000000001}. Best is trial 523 with value: 0.6234345839763995.
[I 2023-10-11 01:45:28,776] Trial 686 finished with value: 0.5509411723671809 and parameters: {'w0': 0.274, 'w1': 0.647, 'w2': 0.451, 'w3': 0.928, 'w4': 0.874, 'w5': 0.449, 'w6': 0.868, 'w7': 0.342, 'w8': 0.010000000000000002, 'max_depth': 6, 'min_child_weight': 12, 'subsample': 1.0, 'colsample_bytree': 0.9000000000000001, 'gamma': 0.6000000000000001}. Best is trial 523 with value: 0.6234345839763995.
[I 2023-10-11 01:47:34,761] Trial 688 finished with value: 0.5939054710171467 and parameters: {'w0': 0.274, 'w1': 0.645, 'w2': 0.842, 'w3': 0.969, 'w4': 0.874, 'w5': 0.441, 'w6': 0.866, 'w7': 0.34, 'w8': 0.729, 'max_depth': 6, 'min_child_weight': 12, 'subsample': 1.0, 'colsample_bytree': 0.9000000000000001, 'gamma': 0.6000000000000001}. Best is trial 523 with value: 0.6234345839763995.
[I 2023-10-11 01:48:12,943] Trial 689 finished with value: 0.5933104683624797 and parameters: {'w0': 0.278, 'w1': 0.647, 'w2': 0.8320000000000001, 'w3': 0.926, 'w4': 0.843, 'w5': 0.448, 'w6': 0.916, 'w7': 0.338, 'w8': 0.731, 'max_depth': 6, 'min_child_weight': 12, 'subsample': 1.0, 'colsample_bytree': 0.9000000000000001, 'gamma': 0.6000000000000001}. Best is trial 523 with value: 0.6234345839763995.
[I 2023-10-11 01:48:47,283] Trial 687 finished with value: 0.6154565942391856 and parameters: {'w0': 0.277, 'w1': 0.682, 'w2': 0.454, 'w3': 0.93, 'w4': 0.874, 'w5': 0.446, 'w6': 0.864, 'w7': 0.342, 'w8': 0.731, 'max_depth': 6, 'min_child_weight': 12, 'subsample': 1.0, 'colsample_bytree': 0.9000000000000001, 'gamma': 0.4}. Best is trial 523 with value: 0.6234345839763995.
[I 2023-10-11 01:48:54,753] Trial 690 finished with value: 0.6106277219680817 and parameters: {'w0': 0.28300000000000003, 'w1': 0.644, 'w2': 0.454, 'w3': 0.925, 'w4': 0.874, 'w5': 0.45, 'w6': 0.87, 'w7': 0.335, 'w8': 0.733, 'max_depth': 6, 'min_child_weight': 12, 'subsample': 1.0, 'colsample_bytree': 0.9000000000000001, 'gamma': 0.6000000000000001}. Best is trial 523 with value: 0.6234345839763995.
[I 2023-10-11 01:50:00,457] Trial 691 finished with value: 0.6076502353576857 and parameters: {'w0': 0.278, 'w1': 0.648, 'w2': 0.457, 'w3': 0.932, 'w4': 0.879, 'w5': 0.448, 'w6': 0.912, 'w7': 0.33, 'w8': 0.733, 'max_depth': 6, 'min_child_weight': 12, 'subsample': 1.0, 'colsample_bytree': 0.9000000000000001, 'gamma': 0.6000000000000001}. Best is trial 523 with value: 0.6234345839763995.
[I 2023-10-11 01:50:34,520] Trial 692 finished with value: 0.6107781055891183 and parameters: {'w0': 0.276, 'w1': 0.642, 'w2': 0.423, 'w3': 0.923, 'w4': 0.875, 'w5': 0.37, 'w6': 0.913, 'w7': 0.378, 'w8': 0.734, 'max_depth': 6, 'min_child_weight': 12, 'subsample': 1.0, 'colsample_bytree': 0.9000000000000001, 'gamma': 0.6000000000000001}. Best is trial 523 with value: 0.6234345839763995.
[I 2023-10-11 01:50:56,013] Trial 693 finished with value: 0.6069643340813122 and parameters: {'w0': 0.278, 'w1': 0.64, 'w2': 0.457, 'w3': 0.924, 'w4': 0.873, 'w5': 0.368, 'w6': 0.917, 'w7': 0.378, 'w8': 0.732, 'max_depth': 6, 'min_child_weight': 12, 'subsample': 1.0, 'colsample_bytree': 0.9000000000000001, 'gamma': 0.6000000000000001}. Best is trial 523 with value: 0.6234345839763995.
[I 2023-10-11 01:51:06,571] Trial 694 finished with value: 0.5987888892935633 and parameters: {'w0': 0.28200000000000003, 'w1': 0.644, 'w2': 0.453, 'w3': 0.927, 'w4': 0.873, 'w5': 0.369, 'w6': 0.217, 'w7': 0.381, 'w8': 0.733, 'max_depth': 6, 'min_child_weight': 12, 'subsample': 1.0, 'colsample_bytree': 0.9000000000000001, 'gamma': 0.6000000000000001}. Best is trial 523 with value: 0.6234345839763995.
[I 2023-10-11 01:52:13,794] Trial 695 finished with value: 0.6127641796385086 and parameters: {'w0': 0.295, 'w1': 0.644, 'w2': 0.459, 'w3': 0.931, 'w4': 0.901, 'w5': 0.371, 'w6': 0.915, 'w7': 0.376, 'w8': 0.733, 'max_depth': 6, 'min_child_weight': 12, 'subsample': 1.0, 'colsample_bytree': 0.9000000000000001, 'gamma': 0.6000000000000001}. Best is trial 523 with value: 0.6234345839763995.
[I 2023-10-11 01:52:27,879] Trial 696 finished with value: 0.6084836548184857 and parameters: {'w0': 0.297, 'w1': 0.642, 'w2': 0.457, 'w3': 0.928, 'w4': 0.842, 'w5': 0.40800000000000003, 'w6': 0.914, 'w7': 0.377, 'w8': 0.68, 'max_depth': 6, 'min_child_weight': 12, 'subsample': 1.0, 'colsample_bytree': 0.9000000000000001, 'gamma': 0.6000000000000001}. Best is trial 523 with value: 0.6234345839763995.
[I 2023-10-11 01:52:57,158] Trial 697 finished with value: 0.5812281501236247 and parameters: {'w0': 0.295, 'w1': 0.646, 'w2': 0.454, 'w3': 0.929, 'w4': 0.88, 'w5': 0.37, 'w6': 0.908, 'w7': 0.382, 'w8': 0.137, 'max_depth': 6, 'min_child_weight': 10, 'subsample': 1.0, 'colsample_bytree': 0.9000000000000001, 'gamma': 0.6000000000000001}. Best is trial 523 with value: 0.6234345839763995.
[I 2023-10-11 01:54:40,879] Trial 702 finished with value: 0.5705017598170024 and parameters: {'w0': 0.296, 'w1': 0.64, 'w2': 0.427, 'w3': 0.93, 'w4': 0.903, 'w5': 0.398, 'w6': 0.912, 'w7': 0.371, 'w8': 0.672, 'max_depth': 6, 'min_child_weight': 10, 'subsample': 1.0, 'colsample_bytree': 0.9000000000000001, 'gamma': 10.0}. Best is trial 523 with value: 0.6234345839763995.
[I 2023-10-11 02:01:46,638] Trial 698 finished with value: 0.6128177452779018 and parameters: {'w0': 0.303, 'w1': 0.646, 'w2': 0.453, 'w3': 0.928, 'w4': 0.842, 'w5': 0.367, 'w6': 0.398, 'w7': 0.377, 'w8': 0.675, 'max_depth': 6, 'min_child_weight': 10, 'subsample': 1.0, 'colsample_bytree': 0.9000000000000001, 'gamma': 0.2}. Best is trial 523 with value: 0.6234345839763995.
[I 2023-10-11 02:01:58,743] Trial 700 finished with value: 0.5789221787764027 and parameters: {'w0': 0.298, 'w1': 0.645, 'w2': 0.432, 'w3': 0.892, 'w4': 0.904, 'w5': 0.4, 'w6': 0.044000000000000004, 'w7': 0.381, 'w8': 0.68, 'max_depth': 6, 'min_child_weight': 10, 'subsample': 1.0, 'colsample_bytree': 0.9000000000000001, 'gamma': 0.2}. Best is trial 523 with value: 0.6234345839763995.
[I 2023-10-11 02:02:54,803] Trial 699 finished with value: 0.6169518427973242 and parameters: {'w0': 0.297, 'w1': 0.643, 'w2': 0.428, 'w3': 0.928, 'w4': 0.845, 'w5': 0.368, 'w6': 0.906, 'w7': 0.38, 'w8': 0.678, 'max_depth': 6, 'min_child_weight': 10, 'subsample': 1.0, 'colsample_bytree': 0.9000000000000001, 'gamma': 0.2}. Best is trial 523 with value: 0.6234345839763995.
[I 2023-10-11 02:07:00,955] Trial 701 finished with value: 0.6179501349475369 and parameters: {'w0': 0.295, 'w1': 0.642, 'w2': 0.422, 'w3': 0.931, 'w4': 0.894, 'w5': 0.402, 'w6': 0.917, 'w7': 0.381, 'w8': 0.681, 'max_depth': 6, 'min_child_weight': 10, 'subsample': 1.0, 'colsample_bytree': 0.9000000000000001, 'gamma': 0.2}. Best is trial 523 with value: 0.6234345839763995.
[I 2023-10-11 02:08:32,651] Trial 703 finished with value: 0.6067602558574275 and parameters: {'w0': 0.334, 'w1': 0.635, 'w2': 0.424, 'w3': 0.887, 'w4': 0.903, 'w5': 0.406, 'w6': 0.916, 'w7': 0.379, 'w8': 0.303, 'max_depth': 6, 'min_child_weight': 10, 'subsample': 1.0, 'colsample_bytree': 0.9000000000000001, 'gamma': 0.2}. Best is trial 523 with value: 0.6234345839763995.
[I 2023-10-11 02:09:44,532] Trial 704 finished with value: 0.6155422891691383 and parameters: {'w0': 0.299, 'w1': 0.633, 'w2': 0.429, 'w3': 0.883, 'w4': 0.9, 'w5': 0.41000000000000003, 'w6': 0.915, 'w7': 0.377, 'w8': 0.686, 'max_depth': 6, 'min_child_weight': 10, 'subsample': 1.0, 'colsample_bytree': 0.9000000000000001, 'gamma': 0.2}. Best is trial 523 with value: 0.6234345839763995.
[I 2023-10-11 02:10:30,462] Trial 705 finished with value: 0.6131571996933125 and parameters: {'w0': 0.304, 'w1': 0.633, 'w2': 0.425, 'w3': 0.9430000000000001, 'w4': 0.896, 'w5': 0.406, 'w6': 0.907, 'w7': 0.379, 'w8': 0.655, 'max_depth': 6, 'min_child_weight': 10, 'subsample': 1.0, 'colsample_bytree': 0.9000000000000001, 'gamma': 0.2}. Best is trial 523 with value: 0.6234345839763995.
[I 2023-10-11 02:10:32,441] Trial 706 finished with value: 0.6148666512195933 and parameters: {'w0': 0.301, 'w1': 0.634, 'w2': 0.436, 'w3': 0.889, 'w4': 0.893, 'w5': 0.403, 'w6': 0.924, 'w7': 0.384, 'w8': 0.684, 'max_depth': 6, 'min_child_weight': 10, 'subsample': 1.0, 'colsample_bytree': 0.9000000000000001, 'gamma': 0.2}. Best is trial 523 with value: 0.6234345839763995.
[I 2023-10-11 02:10:58,065] Trial 709 finished with value: 0.5330992266511365 and parameters: {'w0': 0.301, 'w1': 0.627, 'w2': 0.43, 'w3': 0.9500000000000001, 'w4': 0.902, 'w5': 0.406, 'w6': 0.037000000000000005, 'w7': 0.38, 'w8': 0.683, 'max_depth': 6, 'min_child_weight': 10, 'subsample': 0.2, 'colsample_bytree': 0.9000000000000001, 'gamma': 0.2}. Best is trial 523 with value: 0.6234345839763995.
[I 2023-10-11 02:11:15,876] Trial 707 finished with value: 0.6159657775035953 and parameters: {'w0': 0.301, 'w1': 0.635, 'w2': 0.426, 'w3': 0.9520000000000001, 'w4': 0.899, 'w5': 0.368, 'w6': 0.91, 'w7': 0.384, 'w8': 0.683, 'max_depth': 6, 'min_child_weight': 10, 'subsample': 1.0, 'colsample_bytree': 0.9000000000000001, 'gamma': 0.2}. Best is trial 523 with value: 0.6234345839763995.
[I 2023-10-11 02:11:39,798] Trial 708 finished with value: 0.6181149585002429 and parameters: {'w0': 0.295, 'w1': 0.632, 'w2': 0.421, 'w3': 0.895, 'w4': 0.903, 'w5': 0.406, 'w6': 0.904, 'w7': 0.377, 'w8': 0.681, 'max_depth': 6, 'min_child_weight': 10, 'subsample': 1.0, 'colsample_bytree': 0.9000000000000001, 'gamma': 0.2}. Best is trial 523 with value: 0.6234345839763995.
[I 2023-10-11 02:12:19,018] Trial 710 finished with value: 0.6142740145300909 and parameters: {'w0': 0.297, 'w1': 0.667, 'w2': 0.429, 'w3': 0.887, 'w4': 0.908, 'w5': 0.405, 'w6': 0.917, 'w7': 0.379, 'w8': 0.6890000000000001, 'max_depth': 6, 'min_child_weight': 10, 'subsample': 1.0, 'colsample_bytree': 0.9000000000000001, 'gamma': 0.2}. Best is trial 523 with value: 0.6234345839763995.
[I 2023-10-11 02:13:39,576] Trial 711 finished with value: 0.6150934704595311 and parameters: {'w0': 0.302, 'w1': 0.659, 'w2': 0.427, 'w3': 0.9550000000000001, 'w4': 0.898, 'w5': 0.40800000000000003, 'w6': 0.912, 'w7': 0.379, 'w8': 0.68, 'max_depth': 6, 'min_child_weight': 10, 'subsample': 1.0, 'colsample_bytree': 0.9000000000000001, 'gamma': 0.2}. Best is trial 523 with value: 0.6234345839763995.
[I 2023-10-11 02:13:41,657] Trial 712 finished with value: 0.6152337263111018 and parameters: {'w0': 0.297, 'w1': 0.658, 'w2': 0.42, 'w3': 0.893, 'w4': 0.901, 'w5': 0.405, 'w6': 0.909, 'w7': 0.378, 'w8': 0.6890000000000001, 'max_depth': 6, 'min_child_weight': 10, 'subsample': 1.0, 'colsample_bytree': 0.9000000000000001, 'gamma': 0.2}. Best is trial 523 with value: 0.6234345839763995.
[I 2023-10-11 02:14:24,993] Trial 713 finished with value: 0.6135290695669293 and parameters: {'w0': 0.304, 'w1': 0.666, 'w2': 0.426, 'w3': 0.885, 'w4': 0.9, 'w5': 0.403, 'w6': 0.916, 'w7': 0.40700000000000003, 'w8': 0.6890000000000001, 'max_depth': 6, 'min_child_weight': 10, 'subsample': 1.0, 'colsample_bytree': 0.9000000000000001, 'gamma': 0.2}. Best is trial 523 with value: 0.6234345839763995.
[I 2023-10-11 02:15:51,468] Trial 714 finished with value: 0.6167207687861562 and parameters: {'w0': 0.336, 'w1': 0.663, 'w2': 0.427, 'w3': 0.892, 'w4': 0.905, 'w5': 0.405, 'w6': 0.981, 'w7': 0.41200000000000003, 'w8': 0.684, 'max_depth': 6, 'min_child_weight': 10, 'subsample': 1.0, 'colsample_bytree': 0.9000000000000001, 'gamma': 0.2}. Best is trial 523 with value: 0.6234345839763995.
[I 2023-10-11 02:23:26,489] Trial 715 finished with value: 0.5862929032748505 and parameters: {'w0': 0.308, 'w1': 0.663, 'w2': 0.422, 'w3': 0.889, 'w4': 0.899, 'w5': 0.40800000000000003, 'w6': 0.892, 'w7': 0.41100000000000003, 'w8': 0.687, 'max_depth': 6, 'min_child_weight': 10, 'subsample': 0.2, 'colsample_bytree': 0.9000000000000001, 'gamma': 0.2}. Best is trial 523 with value: 0.6234345839763995.
[I 2023-10-11 02:24:11,347] Trial 729 finished with value: 0.5817458486510338 and parameters: {'w0': 0.331, 'w1': 0.6950000000000001, 'w2': 0.392, 'w3': 0.98, 'w4': 0.9430000000000001, 'w5': 0.35000000000000003, 'w6': 0.973, 'w7': 0.41200000000000003, 'w8': 0.759, 'max_depth': 6, 'min_child_weight': 10, 'subsample': 0.9000000000000001, 'colsample_bytree': 0.9000000000000001, 'gamma': 8.8}. Best is trial 523 with value: 0.6234345839763995.
[I 2023-10-11 02:24:19,981] Trial 716 finished with value: 0.6162851184086818 and parameters: {'w0': 0.335, 'w1': 0.664, 'w2': 0.429, 'w3': 0.884, 'w4': 0.9530000000000001, 'w5': 0.40800000000000003, 'w6': 0.9450000000000001, 'w7': 0.40900000000000003, 'w8': 0.6920000000000001, 'max_depth': 6, 'min_child_weight': 10, 'subsample': 1.0, 'colsample_bytree': 0.9000000000000001, 'gamma': 0.0}. Best is trial 523 with value: 0.6234345839763995.
[I 2023-10-11 02:25:28,232] Trial 717 finished with value: 0.6136755996247245 and parameters: {'w0': 0.332, 'w1': 0.661, 'w2': 0.424, 'w3': 0.89, 'w4': 0.9580000000000001, 'w5': 0.404, 'w6': 0.981, 'w7': 0.41100000000000003, 'w8': 0.6950000000000001, 'max_depth': 6, 'min_child_weight': 10, 'subsample': 1.0, 'colsample_bytree': 0.9000000000000001, 'gamma': 0.0}. Best is trial 523 with value: 0.6234345839763995.
