[I 2023-10-14 01:53:22,708] Trial 1000 finished with value: 0.5126453922503172 and parameters: {'w0': 0.17, 'w1': 0.705, 'w2': 0.139, 'w3': 0.147, 'w4': 0.853, 'w5': 0.099, 'w6': 0.551, 'w7': 0.129, 'w8': 0.444, 'max_depth': 7, 'min_child_weight': 12, 'subsample': 0.9000000000000001, 'colsample_bytree': 0.9000000000000001, 'gamma': 0.4}. Best is trial 936 with value: 0.5209191336622977.
[I 2023-10-14 01:58:03,512] Trial 1003 finished with value: 0.514289984438718 and parameters: {'w0': 0.171, 'w1': 0.7040000000000001, 'w2': 0.13, 'w3': 0.155, 'w4': 0.863, 'w5': 0.101, 'w6': 0.532, 'w7': 0.133, 'w8': 0.438, 'max_depth': 7, 'min_child_weight': 12, 'subsample': 0.9000000000000001, 'colsample_bytree': 0.9000000000000001, 'gamma': 0.2}. Best is trial 936 with value: 0.5209191336622977.
[I 2023-10-14 01:58:20,335] Trial 1004 finished with value: 0.4756607837274121 and parameters: {'w0': 0.17200000000000001, 'w1': 0.73, 'w2': 0.845, 'w3': 0.155, 'w4': 0.866, 'w5': 0.106, 'w6': 0.63, 'w7': 0.122, 'w8': 0.46, 'max_depth': 7, 'min_child_weight': 12, 'subsample': 0.9000000000000001, 'colsample_bytree': 0.9000000000000001, 'gamma': 0.2}. Best is trial 936 with value: 0.5209191336622977.
[I 2023-10-14 01:58:47,090] Trial 1006 finished with value: 0.5145621802271221 and parameters: {'w0': 0.168, 'w1': 0.727, 'w2': 0.14300000000000002, 'w3': 0.203, 'w4': 0.842, 'w5': 0.15, 'w6': 0.636, 'w7': 0.132, 'w8': 0.422, 'max_depth': 7, 'min_child_weight': 12, 'subsample': 0.9000000000000001, 'colsample_bytree': 0.9000000000000001, 'gamma': 0.2}. Best is trial 936 with value: 0.5209191336622977.
[I 2023-10-14 01:59:09,351] Trial 1016 finished with value: 0.3610356881144908 and parameters: {'w0': 0.177, 'w1': 0.7000000000000001, 'w2': 0.154, 'w3': 0.317, 'w4': 0.8250000000000001, 'w5': 0.147, 'w6': 0.607, 'w7': 0.9550000000000001, 'w8': 0.521, 'max_depth': 8, 'min_child_weight': 12, 'subsample': 0.9000000000000001, 'colsample_bytree': 0.9000000000000001, 'gamma': 7.800000000000001}. Best is trial 936 with value: 0.5209191336622977.
[I 2023-10-14 01:59:24,442] Trial 1005 finished with value: 0.4949488334725567 and parameters: {'w0': 0.045, 'w1': 0.721, 'w2': 0.13, 'w3': 0.15, 'w4': 0.841, 'w5': 0.101, 'w6': 0.545, 'w7': 0.132, 'w8': 0.503, 'max_depth': 8, 'min_child_weight': 12, 'subsample': 0.9000000000000001, 'colsample_bytree': 0.9000000000000001, 'gamma': 0.2}. Best is trial 936 with value: 0.5209191336622977.
[I 2023-10-14 02:00:25,451] Trial 1010 finished with value: 0.49322281940539253 and parameters: {'w0': 0.05, 'w1': 0.776, 'w2': 0.151, 'w3': 0.168, 'w4': 0.841, 'w5': 0.153, 'w6': 0.484, 'w7': 0.13, 'w8': 0.459, 'max_depth': 7, 'min_child_weight': 12, 'subsample': 0.9000000000000001, 'colsample_bytree': 0.9000000000000001, 'gamma': 0.2}. Best is trial 936 with value: 0.5209191336622977.
[I 2023-10-14 02:01:15,150] Trial 1007 finished with value: 0.5174032549702257 and parameters: {'w0': 0.177, 'w1': 0.732, 'w2': 0.134, 'w3': 0.162, 'w4': 0.841, 'w5': 0.101, 'w6': 0.637, 'w7': 0.13, 'w8': 0.532, 'max_depth': 8, 'min_child_weight': 12, 'subsample': 0.9000000000000001, 'colsample_bytree': 0.9000000000000001, 'gamma': 0.2}. Best is trial 936 with value: 0.5209191336622977.
[I 2023-10-14 02:01:44,285] Trial 1008 finished with value: 0.514052138910609 and parameters: {'w0': 0.164, 'w1': 0.7030000000000001, 'w2': 0.147, 'w3': 0.292, 'w4': 0.839, 'w5': 0.099, 'w6': 0.54, 'w7': 0.129, 'w8': 0.453, 'max_depth': 8, 'min_child_weight': 12, 'subsample': 0.9000000000000001, 'colsample_bytree': 0.9000000000000001, 'gamma': 0.2}. Best is trial 936 with value: 0.5209191336622977.
[I 2023-10-14 02:03:44,626] Trial 1011 finished with value: 0.5185310211475618 and parameters: {'w0': 0.168, 'w1': 0.733, 'w2': 0.14500000000000002, 'w3': 0.16, 'w4': 0.839, 'w5': 0.09, 'w6': 0.528, 'w7': 0.133, 'w8': 0.463, 'max_depth': 8, 'min_child_weight': 12, 'subsample': 0.9000000000000001, 'colsample_bytree': 0.9000000000000001, 'gamma': 0.2}. Best is trial 936 with value: 0.5209191336622977.
[I 2023-10-14 02:05:40,737] Trial 1012 finished with value: 0.5106233177201122 and parameters: {'w0': 0.162, 'w1': 0.783, 'w2': 0.151, 'w3': 0.148, 'w4': 0.8230000000000001, 'w5': 0.157, 'w6': 0.734, 'w7': 0.129, 'w8': 0.47400000000000003, 'max_depth': 7, 'min_child_weight': 12, 'subsample': 0.9000000000000001, 'colsample_bytree': 0.9000000000000001, 'gamma': 0.2}. Best is trial 936 with value: 0.5209191336622977.
[I 2023-10-14 02:06:29,058] Trial 1013 finished with value: 0.491553029492276 and parameters: {'w0': 0.17, 'w1': 0.776, 'w2': 0.058, 'w3': 0.301, 'w4': 0.8190000000000001, 'w5': 0.094, 'w6': 0.531, 'w7': 0.129, 'w8': 0.462, 'max_depth': 7, 'min_child_weight': 12, 'subsample': 0.9000000000000001, 'colsample_bytree': 0.9000000000000001, 'gamma': 0.2}. Best is trial 936 with value: 0.5209191336622977.
[I 2023-10-14 02:09:19,511] Trial 1014 finished with value: 0.42591261290462923 and parameters: {'w0': 0.17200000000000001, 'w1': 0.773, 'w2': 0.15, 'w3': 0.15, 'w4': 0.838, 'w5': 0.846, 'w6': 0.485, 'w7': 0.965, 'w8': 0.493, 'max_depth': 7, 'min_child_weight': 12, 'subsample': 0.9000000000000001, 'colsample_bytree': 0.9000000000000001, 'gamma': 0.2}. Best is trial 936 with value: 0.5209191336622977.
[I 2023-10-14 02:10:00,474] Trial 1027 finished with value: 0.4503286864071778 and parameters: {'w0': 0.157, 'w1': 0.788, 'w2': 0.153, 'w3': 0.242, 'w4': 0.807, 'w5': 0.146, 'w6': 0.653, 'w7': 0.109, 'w8': 0.402, 'max_depth': 7, 'min_child_weight': 12, 'subsample': 0.9000000000000001, 'colsample_bytree': 0.9000000000000001, 'gamma': 5.0}. Best is trial 936 with value: 0.5209191336622977.
[I 2023-10-14 02:11:00,006] Trial 1015 finished with value: 0.5144323842552859 and parameters: {'w0': 0.164, 'w1': 0.772, 'w2': 0.153, 'w3': 0.169, 'w4': 0.837, 'w5': 0.152, 'w6': 0.5630000000000001, 'w7': 0.133, 'w8': 0.496, 'max_depth': 8, 'min_child_weight': 12, 'subsample': 0.9000000000000001, 'colsample_bytree': 0.9000000000000001, 'gamma': 0.2}. Best is trial 936 with value: 0.5209191336622977.
[I 2023-10-14 02:11:47,260] Trial 1017 finished with value: 0.5146681845986968 and parameters: {'w0': 0.169, 'w1': 0.777, 'w2': 0.154, 'w3': 0.293, 'w4': 0.837, 'w5': 0.153, 'w6': 0.552, 'w7': 0.131, 'w8': 0.457, 'max_depth': 7, 'min_child_weight': 10, 'subsample': 0.9000000000000001, 'colsample_bytree': 0.9000000000000001, 'gamma': 0.2}. Best is trial 936 with value: 0.5209191336622977.
[I 2023-10-14 02:13:22,502] Trial 1018 finished with value: 0.5149669998441962 and parameters: {'w0': 0.171, 'w1': 0.774, 'w2': 0.155, 'w3': 0.14300000000000002, 'w4': 0.836, 'w5': 0.151, 'w6': 0.602, 'w7': 0.131, 'w8': 0.513, 'max_depth': 7, 'min_child_weight': 10, 'subsample': 0.9000000000000001, 'colsample_bytree': 0.9000000000000001, 'gamma': 0.2}. Best is trial 936 with value: 0.5209191336622977.
[I 2023-10-14 02:14:22,428] Trial 1019 finished with value: 0.5148753189340017 and parameters: {'w0': 0.17200000000000001, 'w1': 0.784, 'w2': 0.157, 'w3': 0.28400000000000003, 'w4': 0.838, 'w5': 0.149, 'w6': 0.609, 'w7': 0.125, 'w8': 0.506, 'max_depth': 7, 'min_child_weight': 10, 'subsample': 0.9000000000000001, 'colsample_bytree': 0.9000000000000001, 'gamma': 0.2}. Best is trial 936 with value: 0.5209191336622977.
[I 2023-10-14 02:17:59,880] Trial 1020 finished with value: 0.5021572248584516 and parameters: {'w0': 0.17400000000000002, 'w1': 0.738, 'w2': 0.152, 'w3': 0.148, 'w4': 0.837, 'w5': 0.153, 'w6': 0.193, 'w7': 0.14, 'w8': 0.51, 'max_depth': 7, 'min_child_weight': 16, 'subsample': 0.9000000000000001, 'colsample_bytree': 0.9000000000000001, 'gamma': 0.2}. Best is trial 936 with value: 0.5209191336622977.
[I 2023-10-14 02:18:27,621] Trial 1021 finished with value: 0.5097550894066633 and parameters: {'w0': 0.169, 'w1': 0.785, 'w2': 0.155, 'w3': 0.168, 'w4': 0.8300000000000001, 'w5': 0.155, 'w6': 0.532, 'w7': 0.131, 'w8': 0.421, 'max_depth': 7, 'min_child_weight': 12, 'subsample': 0.9000000000000001, 'colsample_bytree': 0.9000000000000001, 'gamma': 0.2}. Best is trial 936 with value: 0.5209191336622977.
[I 2023-10-14 02:18:56,248] Trial 1022 finished with value: 0.5110146197757208 and parameters: {'w0': 0.161, 'w1': 0.775, 'w2': 0.155, 'w3': 0.28700000000000003, 'w4': 0.8230000000000001, 'w5': 0.15, 'w6': 0.555, 'w7': 0.133, 'w8': 0.403, 'max_depth': 7, 'min_child_weight': 12, 'subsample': 0.9000000000000001, 'colsample_bytree': 0.9000000000000001, 'gamma': 0.2}. Best is trial 936 with value: 0.5209191336622977.
[I 2023-10-14 02:19:18,932] Trial 1023 finished with value: 0.5122396874539608 and parameters: {'w0': 0.155, 'w1': 0.77, 'w2': 0.148, 'w3': 0.234, 'w4': 0.808, 'w5': 0.14200000000000002, 'w6': 0.611, 'w7': 0.136, 'w8': 0.41000000000000003, 'max_depth': 7, 'min_child_weight': 12, 'subsample': 0.9000000000000001, 'colsample_bytree': 0.9000000000000001, 'gamma': 0.2}. Best is trial 936 with value: 0.5209191336622977.
[I 2023-10-14 02:19:43,416] Trial 1024 finished with value: 0.5109715638001938 and parameters: {'w0': 0.16, 'w1': 0.777, 'w2': 0.157, 'w3': 0.233, 'w4': 0.807, 'w5': 0.14300000000000002, 'w6': 0.607, 'w7': 0.111, 'w8': 0.41700000000000004, 'max_depth': 7, 'min_child_weight': 16, 'subsample': 0.9000000000000001, 'colsample_bytree': 0.9000000000000001, 'gamma': 0.2}. Best is trial 936 with value: 0.5209191336622977.
[I 2023-10-14 02:20:55,370] Trial 1025 finished with value: 0.513473329295438 and parameters: {'w0': 0.161, 'w1': 0.786, 'w2': 0.152, 'w3': 0.273, 'w4': 0.8160000000000001, 'w5': 0.15, 'w6': 0.61, 'w7': 0.109, 'w8': 0.41000000000000003, 'max_depth': 7, 'min_child_weight': 10, 'subsample': 0.9000000000000001, 'colsample_bytree': 0.9000000000000001, 'gamma': 0.2}. Best is trial 936 with value: 0.5209191336622977.
[I 2023-10-14 02:22:23,215] Trial 1026 finished with value: 0.485430185861091 and parameters: {'w0': 0.155, 'w1': 0.767, 'w2': 0.158, 'w3': 0.097, 'w4': 0.808, 'w5': 0.159, 'w6': 0.605, 'w7': 0.038, 'w8': 0.404, 'max_depth': 8, 'min_child_weight': 12, 'subsample': 0.9000000000000001, 'colsample_bytree': 0.9000000000000001, 'gamma': 0.2}. Best is trial 936 with value: 0.5209191336622977.
[I 2023-10-14 02:25:41,355] Trial 1028 finished with value: 0.49058684588027657 and parameters: {'w0': 0.16, 'w1': 0.77, 'w2': 0.157, 'w3': 0.137, 'w4': 0.8170000000000001, 'w5': 0.152, 'w6': 0.602, 'w7': 0.042, 'w8': 0.426, 'max_depth': 8, 'min_child_weight': 12, 'subsample': 0.9000000000000001, 'colsample_bytree': 0.9000000000000001, 'gamma': 0.2}. Best is trial 936 with value: 0.5209191336622977.
[I 2023-10-14 02:27:33,682] Trial 1029 finished with value: 0.4866543203102316 and parameters: {'w0': 0.155, 'w1': 0.78, 'w2': 0.153, 'w3': 0.115, 'w4': 0.8140000000000001, 'w5': 0.149, 'w6': 0.5640000000000001, 'w7': 0.033, 'w8': 0.426, 'max_depth': 8, 'min_child_weight': 12, 'subsample': 0.9000000000000001, 'colsample_bytree': 0.9000000000000001, 'gamma': 0.2}. Best is trial 936 with value: 0.5209191336622977.
[I 2023-10-14 02:27:54,806] Trial 1030 finished with value: 0.5122632884948966 and parameters: {'w0': 0.122, 'w1': 0.741, 'w2': 0.107, 'w3': 0.126, 'w4': 0.808, 'w5': 0.154, 'w6': 0.184, 'w7': 0.109, 'w8': 0.424, 'max_depth': 8, 'min_child_weight': 12, 'subsample': 0.9000000000000001, 'colsample_bytree': 0.9000000000000001, 'gamma': 0.2}. Best is trial 936 with value: 0.5209191336622977.
[I 2023-10-14 02:32:09,506] Trial 1031 finished with value: 0.4781580484964974 and parameters: {'w0': 0.152, 'w1': 0.739, 'w2': 0.156, 'w3': 0.09, 'w4': 0.809, 'w5': 0.154, 'w6': 0.608, 'w7': 0.025, 'w8': 0.422, 'max_depth': 9, 'min_child_weight': 12, 'subsample': 0.9000000000000001, 'colsample_bytree': 0.9000000000000001, 'gamma': 0.2}. Best is trial 936 with value: 0.5209191336622977.
[I 2023-10-14 02:32:17,309] Trial 1033 finished with value: 0.506787834516614 and parameters: {'w0': 0.122, 'w1': 0.761, 'w2': 0.10400000000000001, 'w3': 0.11800000000000001, 'w4': 0.811, 'w5': 0.13, 'w6': 0.605, 'w7': 0.111, 'w8': 0.41700000000000004, 'max_depth': 8, 'min_child_weight': 18, 'subsample': 0.9000000000000001, 'colsample_bytree': 0.9000000000000001, 'gamma': 0.2}. Best is trial 936 with value: 0.5209191336622977.
[I 2023-10-14 02:32:17,318] Trial 1032 finished with value: 0.5118529222221907 and parameters: {'w0': 0.149, 'w1': 0.738, 'w2': 0.108, 'w3': 0.12000000000000001, 'w4': 0.8220000000000001, 'w5': 0.147, 'w6': 0.604, 'w7': 0.113, 'w8': 0.431, 'max_depth': 8, 'min_child_weight': 14, 'subsample': 0.9000000000000001, 'colsample_bytree': 0.9000000000000001, 'gamma': 0.2}. Best is trial 936 with value: 0.5209191336622977.
[I 2023-10-14 02:33:36,764] Trial 1034 finished with value: 0.5078044181910272 and parameters: {'w0': 0.127, 'w1': 0.781, 'w2': 0.10200000000000001, 'w3': 0.131, 'w4': 0.811, 'w5': 0.155, 'w6': 0.513, 'w7': 0.112, 'w8': 0.41700000000000004, 'max_depth': 8, 'min_child_weight': 12, 'subsample': 0.9000000000000001, 'colsample_bytree': 0.9000000000000001, 'gamma': 0.2}. Best is trial 936 with value: 0.5209191336622977.
[I 2023-10-14 02:34:42,112] Trial 1035 finished with value: 0.49001032780753956 and parameters: {'w0': 0.136, 'w1': 0.789, 'w2': 0.099, 'w3': 0.126, 'w4': 0.808, 'w5': 0.155, 'w6': 0.516, 'w7': 0.036000000000000004, 'w8': 0.497, 'max_depth': 8, 'min_child_weight': 12, 'subsample': 0.9000000000000001, 'colsample_bytree': 0.9000000000000001, 'gamma': 0.2}. Best is trial 936 with value: 0.5209191336622977.
[I 2023-10-14 02:37:02,254] Trial 1036 finished with value: 0.5124288172271457 and parameters: {'w0': 0.14500000000000002, 'w1': 0.788, 'w2': 0.1, 'w3': 0.265, 'w4': 0.809, 'w5': 0.158, 'w6': 0.6, 'w7': 0.10500000000000001, 'w8': 0.491, 'max_depth': 8, 'min_child_weight': 14, 'subsample': 0.9000000000000001, 'colsample_bytree': 0.9000000000000001, 'gamma': 0.2}. Best is trial 936 with value: 0.5209191336622977.
[I 2023-10-14 02:40:26,370] Trial 1040 finished with value: 0.5149422355358749 and parameters: {'w0': 0.126, 'w1': 0.794, 'w2': 0.108, 'w3': 0.124, 'w4': 0.804, 'w5': 0.14400000000000002, 'w6': 0.601, 'w7': 0.10200000000000001, 'w8': 0.532, 'max_depth': 7, 'min_child_weight': 10, 'subsample': 0.9000000000000001, 'colsample_bytree': 0.9000000000000001, 'gamma': 0.0}. Best is trial 936 with value: 0.5209191336622977.
[I 2023-10-14 02:40:50,762] Trial 1037 finished with value: 0.5073814056895884 and parameters: {'w0': 0.134, 'w1': 0.786, 'w2': 0.10500000000000001, 'w3': 0.10400000000000001, 'w4': 0.807, 'w5': 0.159, 'w6': 0.603, 'w7': 0.106, 'w8': 0.52, 'max_depth': 8, 'min_child_weight': 12, 'subsample': 0.9000000000000001, 'colsample_bytree': 0.9000000000000001, 'gamma': 0.2}. Best is trial 936 with value: 0.5209191336622977.
[I 2023-10-14 02:42:00,068] Trial 1039 finished with value: 0.49214415518236343 and parameters: {'w0': 0.122, 'w1': 0.783, 'w2': 0.109, 'w3': 0.131, 'w4': 0.812, 'w5': 0.157, 'w6': 0.608, 'w7': 0.035, 'w8': 0.547, 'max_depth': 8, 'min_child_weight': 10, 'subsample': 0.9000000000000001, 'colsample_bytree': 0.9000000000000001, 'gamma': 0.0}. Best is trial 936 with value: 0.5209191336622977.
[I 2023-10-14 02:42:12,055] Trial 1038 finished with value: 0.513818261306362 and parameters: {'w0': 0.123, 'w1': 0.775, 'w2': 0.121, 'w3': 0.10200000000000001, 'w4': 0.807, 'w5': 0.14400000000000002, 'w6': 0.599, 'w7': 0.108, 'w8': 0.492, 'max_depth': 9, 'min_child_weight': 10, 'subsample': 0.9000000000000001, 'colsample_bytree': 0.9000000000000001, 'gamma': 0.2}. Best is trial 936 with value: 0.5209191336622977.
[I 2023-10-14 02:43:20,609] Trial 1041 finished with value: 0.5129311140143932 and parameters: {'w0': 0.133, 'w1': 0.778, 'w2': 0.10300000000000001, 'w3': 0.128, 'w4': 0.8150000000000001, 'w5': 0.169, 'w6': 0.599, 'w7': 0.10400000000000001, 'w8': 0.525, 'max_depth': 8, 'min_child_weight': 10, 'subsample': 0.9000000000000001, 'colsample_bytree': 0.9000000000000001, 'gamma': 0.0}. Best is trial 936 with value: 0.5209191336622977.
[I 2023-10-14 02:44:12,520] Trial 1042 finished with value: 0.5110544046157282 and parameters: {'w0': 0.129, 'w1': 0.796, 'w2': 0.10500000000000001, 'w3': 0.095, 'w4': 0.808, 'w5': 0.153, 'w6': 0.5710000000000001, 'w7': 0.113, 'w8': 0.543, 'max_depth': 8, 'min_child_weight': 10, 'subsample': 0.9000000000000001, 'colsample_bytree': 0.9000000000000001, 'gamma': 0.0}. Best is trial 936 with value: 0.5209191336622977.
[I 2023-10-14 02:45:33,102] Trial 1043 finished with value: 0.5167616684262054 and parameters: {'w0': 0.133, 'w1': 0.79, 'w2': 0.107, 'w3': 0.121, 'w4': 0.839, 'w5': 0.161, 'w6': 0.522, 'w7': 0.106, 'w8': 0.486, 'max_depth': 8, 'min_child_weight': 10, 'subsample': 0.9000000000000001, 'colsample_bytree': 0.9000000000000001, 'gamma': 0.0}. Best is trial 936 with value: 0.5209191336622977.
[I 2023-10-14 02:48:58,101] Trial 1044 finished with value: 0.5096815899131304 and parameters: {'w0': 0.11800000000000001, 'w1': 0.746, 'w2': 0.109, 'w3': 0.122, 'w4': 0.841, 'w5': 0.791, 'w6': 0.5720000000000001, 'w7': 0.1, 'w8': 0.535, 'max_depth': 8, 'min_child_weight': 10, 'subsample': 0.9000000000000001, 'colsample_bytree': 0.9000000000000001, 'gamma': 0.0}. Best is trial 936 with value: 0.5209191336622977.
[I 2023-10-14 02:50:25,801] Trial 1045 finished with value: 0.5144279228327076 and parameters: {'w0': 0.11800000000000001, 'w1': 0.749, 'w2': 0.10400000000000001, 'w3': 0.121, 'w4': 0.843, 'w5': 0.169, 'w6': 0.5740000000000001, 'w7': 0.11, 'w8': 0.504, 'max_depth': 8, 'min_child_weight': 10, 'subsample': 0.9000000000000001, 'colsample_bytree': 0.9000000000000001, 'gamma': 0.0}. Best is trial 936 with value: 0.5209191336622977.
[I 2023-10-14 02:50:32,655] Trial 1046 finished with value: 0.5144296775807713 and parameters: {'w0': 0.122, 'w1': 0.785, 'w2': 0.106, 'w3': 0.258, 'w4': 0.837, 'w5': 0.132, 'w6': 0.579, 'w7': 0.10500000000000001, 'w8': 0.523, 'max_depth': 8, 'min_child_weight': 10, 'subsample': 0.9000000000000001, 'colsample_bytree': 0.9000000000000001, 'gamma': 0.0}. Best is trial 936 with value: 0.5209191336622977.
[I 2023-10-14 02:55:25,206] Trial 1047 finished with value: 0.5149024288352264 and parameters: {'w0': 0.124, 'w1': 0.79, 'w2': 0.114, 'w3': 0.261, 'w4': 0.84, 'w5': 0.125, 'w6': 0.5640000000000001, 'w7': 0.109, 'w8': 0.47600000000000003, 'max_depth': 8, 'min_child_weight': 10, 'subsample': 0.9000000000000001, 'colsample_bytree': 0.9000000000000001, 'gamma': 0.0}. Best is trial 936 with value: 0.5209191336622977.
[I 2023-10-14 02:55:46,195] Trial 1048 finished with value: 0.5150563585831651 and parameters: {'w0': 0.12000000000000001, 'w1': 0.797, 'w2': 0.128, 'w3': 0.251, 'w4': 0.842, 'w5': 0.132, 'w6': 0.522, 'w7': 0.101, 'w8': 0.528, 'max_depth': 8, 'min_child_weight': 10, 'subsample': 0.9000000000000001, 'colsample_bytree': 0.9000000000000001, 'gamma': 0.0}. Best is trial 936 with value: 0.5209191336622977.
[I 2023-10-14 02:55:50,628] Trial 1049 finished with value: 0.5161126663471934 and parameters: {'w0': 0.127, 'w1': 0.794, 'w2': 0.13, 'w3': 0.295, 'w4': 0.839, 'w5': 0.181, 'w6': 0.51, 'w7': 0.116, 'w8': 0.47600000000000003, 'max_depth': 8, 'min_child_weight': 10, 'subsample': 0.9000000000000001, 'colsample_bytree': 0.9000000000000001, 'gamma': 0.0}. Best is trial 936 with value: 0.5209191336622977.
[I 2023-10-14 02:56:31,835] Trial 1050 finished with value: 0.5114956733727554 and parameters: {'w0': 0.132, 'w1': 0.795, 'w2': 0.129, 'w3': 0.309, 'w4': 0.842, 'w5': 0.183, 'w6': 0.5700000000000001, 'w7': 0.1, 'w8': 0.47300000000000003, 'max_depth': 8, 'min_child_weight': 10, 'subsample': 0.9000000000000001, 'colsample_bytree': 0.9000000000000001, 'gamma': 0.0}. Best is trial 936 with value: 0.5209191336622977.
[I 2023-10-14 02:57:40,004] Trial 1051 finished with value: 0.5179280615873811 and parameters: {'w0': 0.124, 'w1': 0.75, 'w2': 0.122, 'w3': 0.267, 'w4': 0.8310000000000001, 'w5': 0.132, 'w6': 0.579, 'w7': 0.10400000000000001, 'w8': 0.5, 'max_depth': 8, 'min_child_weight': 10, 'subsample': 0.9000000000000001, 'colsample_bytree': 0.9000000000000001, 'gamma': 0.0}. Best is trial 936 with value: 0.5209191336622977.
[I 2023-10-14 03:01:11,585] Trial 1062 finished with value: 0.49062138436813346 and parameters: {'w0': 0.08700000000000001, 'w1': 0.806, 'w2': 0.07, 'w3': 0.079, 'w4': 0.842, 'w5': 0.184, 'w6': 0.498, 'w7': 0.063, 'w8': 0.5730000000000001, 'max_depth': 8, 'min_child_weight': 10, 'subsample': 1.0, 'colsample_bytree': 0.9000000000000001, 'gamma': 0.4}. Best is trial 936 with value: 0.5209191336622977.
[I 2023-10-14 03:01:14,106] Trial 1061 finished with value: 0.4886454263441148 and parameters: {'w0': 0.078, 'w1': 0.799, 'w2': 0.063, 'w3': 0.14100000000000001, 'w4': 0.841, 'w5': 0.18, 'w6': 0.557, 'w7': 0.060000000000000005, 'w8': 0.532, 'max_depth': 8, 'min_child_weight': 10, 'subsample': 1.0, 'colsample_bytree': 0.9000000000000001, 'gamma': 0.4}. Best is trial 936 with value: 0.5209191336622977.
[I 2023-10-14 03:01:50,896] Trial 1052 finished with value: 0.5118575612015994 and parameters: {'w0': 0.185, 'w1': 0.745, 'w2': 0.124, 'w3': 0.28800000000000003, 'w4': 0.839, 'w5': 0.17300000000000001, 'w6': 0.5650000000000001, 'w7': 0.101, 'w8': 0.507, 'max_depth': 9, 'min_child_weight': 10, 'subsample': 0.9000000000000001, 'colsample_bytree': 0.9000000000000001, 'gamma': 0.0}. Best is trial 936 with value: 0.5209191336622977.
[I 2023-10-14 03:02:10,400] Trial 1055 finished with value: 0.4956029979453211 and parameters: {'w0': 0.07300000000000001, 'w1': 0.802, 'w2': 0.07300000000000001, 'w3': 0.202, 'w4': 0.843, 'w5': 0.131, 'w6': 0.5690000000000001, 'w7': 0.112, 'w8': 0.539, 'max_depth': 7, 'min_child_weight': 10, 'subsample': 1.0, 'colsample_bytree': 0.9000000000000001, 'gamma': 0.0}. Best is trial 936 with value: 0.5209191336622977.
