[I 2023-10-11 21:11:42,014] Trial 1761 finished with value: 0.5961406727294323 and parameters: {'w0': 0.258, 'w1': 0.933, 'w2': 0.17300000000000001, 'w3': 0.636, 'w4': 0.748, 'w5': 0.179, 'w6': 0.162, 'w7': 0.095, 'w8': 0.638, 'max_depth': 6, 'min_child_weight': 6, 'subsample': 0.8, 'colsample_bytree': 1.0, 'gamma': 1.2000000000000002}. Best is trial 1713 with value: 0.628969974165378.
[I 2023-10-11 21:11:51,998] Trial 1760 finished with value: 0.6173626203073406 and parameters: {'w0': 0.26, 'w1': 0.9450000000000001, 'w2': 0.17300000000000001, 'w3': 0.636, 'w4': 0.705, 'w5': 0.186, 'w6': 0.296, 'w7': 0.152, 'w8': 0.631, 'max_depth': 6, 'min_child_weight': 6, 'subsample': 0.8, 'colsample_bytree': 1.0, 'gamma': 1.2000000000000002}. Best is trial 1713 with value: 0.628969974165378.
[I 2023-10-11 21:14:24,527] Trial 1759 finished with value: 0.575266593772059 and parameters: {'w0': 0.20900000000000002, 'w1': 0.926, 'w2': 0.163, 'w3': 0.629, 'w4': 0.739, 'w5': 0.122, 'w6': 0.755, 'w7': 0.772, 'w8': 0.637, 'max_depth': 6, 'min_child_weight': 6, 'subsample': 0.8, 'colsample_bytree': 1.0, 'gamma': 1.2000000000000002}. Best is trial 1713 with value: 0.628969974165378.
[I 2023-10-11 21:15:21,306] Trial 1762 finished with value: 0.6077919971614697 and parameters: {'w0': 0.265, 'w1': 0.931, 'w2': 0.17300000000000001, 'w3': 0.636, 'w4': 0.751, 'w5': 0.187, 'w6': 0.733, 'w7': 0.093, 'w8': 0.64, 'max_depth': 6, 'min_child_weight': 6, 'subsample': 0.8, 'colsample_bytree': 1.0, 'gamma': 1.0}. Best is trial 1713 with value: 0.628969974165378.
[I 2023-10-11 21:16:33,115] Trial 1763 finished with value: 0.590908996088752 and parameters: {'w0': 0.651, 'w1': 0.935, 'w2': 0.17300000000000001, 'w3': 0.634, 'w4': 0.732, 'w5': 0.183, 'w6': 0.178, 'w7': 0.09, 'w8': 0.636, 'max_depth': 6, 'min_child_weight': 6, 'subsample': 0.8, 'colsample_bytree': 1.0, 'gamma': 1.0}. Best is trial 1713 with value: 0.628969974165378.
[I 2023-10-11 21:17:22,458] Trial 1765 finished with value: 0.6086016074614248 and parameters: {'w0': 0.26, 'w1': 0.934, 'w2': 0.196, 'w3': 0.636, 'w4': 0.8, 'w5': 0.185, 'w6': 0.739, 'w7': 0.091, 'w8': 0.647, 'max_depth': 6, 'min_child_weight': 6, 'subsample': 0.8, 'colsample_bytree': 1.0, 'gamma': 1.0}. Best is trial 1713 with value: 0.628969974165378.
[I 2023-10-11 21:17:45,559] Trial 1764 finished with value: 0.6190103302643435 and parameters: {'w0': 0.267, 'w1': 0.927, 'w2': 0.20600000000000002, 'w3': 0.631, 'w4': 0.743, 'w5': 0.135, 'w6': 0.729, 'w7': 0.151, 'w8': 0.649, 'max_depth': 6, 'min_child_weight': 6, 'subsample': 0.8, 'colsample_bytree': 1.0, 'gamma': 1.0}. Best is trial 1713 with value: 0.628969974165378.
[I 2023-10-11 21:19:39,346] Trial 1767 finished with value: 0.5903417029068165 and parameters: {'w0': 0.05, 'w1': 0.937, 'w2': 0.21, 'w3': 0.61, 'w4': 0.741, 'w5': 0.186, 'w6': 0.739, 'w7': 0.151, 'w8': 0.647, 'max_depth': 6, 'min_child_weight': 6, 'subsample': 0.8, 'colsample_bytree': 1.0, 'gamma': 1.0}. Best is trial 1713 with value: 0.628969974165378.
[I 2023-10-11 21:21:03,939] Trial 1766 finished with value: 0.6245185850020992 and parameters: {'w0': 0.262, 'w1': 0.9400000000000001, 'w2': 0.20600000000000002, 'w3': 0.604, 'w4': 0.742, 'w5': 0.138, 'w6': 0.735, 'w7': 0.199, 'w8': 0.655, 'max_depth': 6, 'min_child_weight': 6, 'subsample': 0.8, 'colsample_bytree': 1.0, 'gamma': 1.0}. Best is trial 1713 with value: 0.628969974165378.
[I 2023-10-11 21:21:17,898] Trial 1768 finished with value: 0.594569406431971 and parameters: {'w0': 0.26, 'w1': 0.9400000000000001, 'w2': 0.212, 'w3': 0.637, 'w4': 0.737, 'w5': 0.182, 'w6': 0.459, 'w7': 0.055, 'w8': 0.657, 'max_depth': 6, 'min_child_weight': 6, 'subsample': 0.8, 'colsample_bytree': 1.0, 'gamma': 1.0}. Best is trial 1713 with value: 0.628969974165378.
[I 2023-10-11 21:21:21,294] Trial 1769 finished with value: 0.5883613379777729 and parameters: {'w0': 0.262, 'w1': 0.9380000000000001, 'w2': 0.20700000000000002, 'w3': 0.61, 'w4': 0.742, 'w5': 0.182, 'w6': 0.25, 'w7': 0.053000000000000005, 'w8': 0.659, 'max_depth': 6, 'min_child_weight': 6, 'subsample': 0.8, 'colsample_bytree': 1.0, 'gamma': 1.0}. Best is trial 1713 with value: 0.628969974165378.
[I 2023-10-11 21:22:02,279] Trial 1772 finished with value: 0.5857355564365097 and parameters: {'w0': 0.658, 'w1': 0.9380000000000001, 'w2': 0.21, 'w3': 0.607, 'w4': 0.803, 'w5': 0.185, 'w6': 0.734, 'w7': 0.08800000000000001, 'w8': 0.651, 'max_depth': 6, 'min_child_weight': 4, 'subsample': 0.8, 'colsample_bytree': 1.0, 'gamma': 2.0}. Best is trial 1713 with value: 0.628969974165378.
[I 2023-10-11 21:23:59,933] Trial 1770 finished with value: 0.6036373277956228 and parameters: {'w0': 0.261, 'w1': 0.9460000000000001, 'w2': 0.211, 'w3': 0.61, 'w4': 0.741, 'w5': 0.186, 'w6': 0.74, 'w7': 0.082, 'w8': 0.658, 'max_depth': 6, 'min_child_weight': 6, 'subsample': 0.8, 'colsample_bytree': 1.0, 'gamma': 1.0}. Best is trial 1713 with value: 0.628969974165378.
[I 2023-10-11 21:24:20,649] Trial 1771 finished with value: 0.6061214262298188 and parameters: {'w0': 0.257, 'w1': 0.934, 'w2': 0.203, 'w3': 0.609, 'w4': 0.743, 'w5': 0.187, 'w6': 0.732, 'w7': 0.094, 'w8': 0.657, 'max_depth': 6, 'min_child_weight': 4, 'subsample': 0.8, 'colsample_bytree': 1.0, 'gamma': 1.0}. Best is trial 1713 with value: 0.628969974165378.
[I 2023-10-11 21:24:56,953] Trial 1773 finished with value: 0.6118888187961037 and parameters: {'w0': 0.258, 'w1': 0.932, 'w2': 0.20700000000000002, 'w3': 0.61, 'w4': 0.802, 'w5': 0.095, 'w6': 0.47100000000000003, 'w7': 0.1, 'w8': 0.666, 'max_depth': 6, 'min_child_weight': 4, 'subsample': 0.8, 'colsample_bytree': 1.0, 'gamma': 1.0}. Best is trial 1713 with value: 0.628969974165378.
[I 2023-10-11 21:25:51,179] Trial 1774 finished with value: 0.6109617251703726 and parameters: {'w0': 0.217, 'w1': 0.929, 'w2': 0.20900000000000002, 'w3': 0.609, 'w4': 0.802, 'w5': 0.171, 'w6': 0.722, 'w7': 0.10300000000000001, 'w8': 0.658, 'max_depth': 6, 'min_child_weight': 4, 'subsample': 0.8, 'colsample_bytree': 1.0, 'gamma': 1.0}. Best is trial 1713 with value: 0.628969974165378.
[I 2023-10-11 21:28:41,601] Trial 1776 finished with value: 0.6070793806528223 and parameters: {'w0': 0.216, 'w1': 0.928, 'w2': 0.212, 'w3': 0.603, 'w4': 0.794, 'w5': 0.148, 'w6': 0.731, 'w7': 0.08800000000000001, 'w8': 0.662, 'max_depth': 6, 'min_child_weight': 4, 'subsample': 0.8, 'colsample_bytree': 1.0, 'gamma': 1.0}. Best is trial 1713 with value: 0.628969974165378.
[I 2023-10-11 21:28:57,235] Trial 1775 finished with value: 0.6255782763803648 and parameters: {'w0': 0.219, 'w1': 0.934, 'w2': 0.202, 'w3': 0.603, 'w4': 0.798, 'w5': 0.10200000000000001, 'w6': 0.73, 'w7': 0.147, 'w8': 0.669, 'max_depth': 6, 'min_child_weight': 4, 'subsample': 0.8, 'colsample_bytree': 1.0, 'gamma': 1.0}. Best is trial 1713 with value: 0.628969974165378.
[I 2023-10-11 21:31:18,027] Trial 1777 finished with value: 0.6264596266915439 and parameters: {'w0': 0.22, 'w1': 0.936, 'w2': 0.213, 'w3': 0.603, 'w4': 0.798, 'w5': 0.098, 'w6': 0.73, 'w7': 0.155, 'w8': 0.661, 'max_depth': 6, 'min_child_weight': 4, 'subsample': 0.8, 'colsample_bytree': 1.0, 'gamma': 1.0}. Best is trial 1713 with value: 0.628969974165378.
[I 2023-10-11 21:31:30,021] Trial 1778 finished with value: 0.6170353831600609 and parameters: {'w0': 0.221, 'w1': 0.937, 'w2': 0.21, 'w3': 0.612, 'w4': 0.797, 'w5': 0.101, 'w6': 0.257, 'w7': 0.152, 'w8': 0.663, 'max_depth': 6, 'min_child_weight': 4, 'subsample': 0.8, 'colsample_bytree': 1.0, 'gamma': 1.0}. Best is trial 1713 with value: 0.628969974165378.
[I 2023-10-11 21:33:06,683] Trial 1779 finished with value: 0.6175101082813731 and parameters: {'w0': 0.217, 'w1': 0.93, 'w2': 0.20700000000000002, 'w3': 0.609, 'w4': 0.806, 'w5': 0.094, 'w6': 0.732, 'w7': 0.147, 'w8': 0.657, 'max_depth': 6, 'min_child_weight': 4, 'subsample': 0.8, 'colsample_bytree': 1.0, 'gamma': 1.0}. Best is trial 1713 with value: 0.628969974165378.
[I 2023-10-11 21:33:55,249] Trial 1780 finished with value: 0.6212906412868922 and parameters: {'w0': 0.223, 'w1': 0.926, 'w2': 0.212, 'w3': 0.608, 'w4': 0.799, 'w5': 0.097, 'w6': 0.723, 'w7': 0.148, 'w8': 0.662, 'max_depth': 6, 'min_child_weight': 4, 'subsample': 0.8, 'colsample_bytree': 1.0, 'gamma': 1.0}. Best is trial 1713 with value: 0.628969974165378.
[I 2023-10-11 21:34:01,861] Trial 1781 finished with value: 0.6123395120514389 and parameters: {'w0': 0.218, 'w1': 0.9430000000000001, 'w2': 0.213, 'w3': 0.607, 'w4': 0.804, 'w5': 0.106, 'w6': 0.14, 'w7': 0.20400000000000001, 'w8': 0.665, 'max_depth': 6, 'min_child_weight': 4, 'subsample': 0.8, 'colsample_bytree': 1.0, 'gamma': 1.0}. Best is trial 1713 with value: 0.628969974165378.
[I 2023-10-11 21:34:01,951] Trial 1788 finished with value: 0.5596870954455855 and parameters: {'w0': 0.212, 'w1': 0.918, 'w2': 0.106, 'w3': 0.604, 'w4': 0.801, 'w5': 0.097, 'w6': 0.776, 'w7': 0.20600000000000002, 'w8': 0.678, 'max_depth': 6, 'min_child_weight': 4, 'subsample': 0.8, 'colsample_bytree': 1.0, 'gamma': 6.800000000000001}. Best is trial 1713 with value: 0.628969974165378.
[I 2023-10-11 21:36:55,272] Trial 1782 finished with value: 0.6250878632678991 and parameters: {'w0': 0.216, 'w1': 0.937, 'w2': 0.214, 'w3': 0.608, 'w4': 0.805, 'w5': 0.101, 'w6': 0.77, 'w7': 0.20600000000000002, 'w8': 0.66, 'max_depth': 6, 'min_child_weight': 4, 'subsample': 0.8, 'colsample_bytree': 1.0, 'gamma': 1.0}. Best is trial 1713 with value: 0.628969974165378.
[I 2023-10-11 21:37:37,301] Trial 1783 finished with value: 0.6039202656231488 and parameters: {'w0': 0.217, 'w1': 0.918, 'w2': 0.101, 'w3': 0.608, 'w4': 0.801, 'w5': 0.098, 'w6': 0.77, 'w7': 0.20600000000000002, 'w8': 0.671, 'max_depth': 6, 'min_child_weight': 4, 'subsample': 0.8, 'colsample_bytree': 1.0, 'gamma': 1.0}. Best is trial 1713 with value: 0.628969974165378.
[I 2023-10-11 21:38:33,569] Trial 1785 finished with value: 0.6288165887297502 and parameters: {'w0': 0.22, 'w1': 0.915, 'w2': 0.188, 'w3': 0.614, 'w4': 0.794, 'w5': 0.095, 'w6': 0.774, 'w7': 0.201, 'w8': 0.682, 'max_depth': 6, 'min_child_weight': 4, 'subsample': 0.8, 'colsample_bytree': 1.0, 'gamma': 1.0}. Best is trial 1713 with value: 0.628969974165378.
[I 2023-10-11 21:38:46,471] Trial 1786 finished with value: 0.5976724206707815 and parameters: {'w0': 0.214, 'w1': 0.917, 'w2': 0.10400000000000001, 'w3': 0.607, 'w4': 0.793, 'w5': 0.092, 'w6': 0.773, 'w7': 0.20400000000000001, 'w8': 0.675, 'max_depth': 6, 'min_child_weight': 4, 'subsample': 0.8, 'colsample_bytree': 1.0, 'gamma': 1.0}. Best is trial 1713 with value: 0.628969974165378.
[I 2023-10-11 21:39:39,627] Trial 1784 finished with value: 0.6231961126494647 and parameters: {'w0': 0.211, 'w1': 0.913, 'w2': 0.19, 'w3': 0.608, 'w4': 0.797, 'w5': 0.095, 'w6': 0.25, 'w7': 0.20500000000000002, 'w8': 0.67, 'max_depth': 6, 'min_child_weight': 4, 'subsample': 0.8, 'colsample_bytree': 1.0, 'gamma': 0.8}. Best is trial 1713 with value: 0.628969974165378.
[I 2023-10-11 21:40:53,226] Trial 1787 finished with value: 0.6017832904936323 and parameters: {'w0': 0.228, 'w1': 0.92, 'w2': 0.097, 'w3': 0.605, 'w4': 0.803, 'w5': 0.095, 'w6': 0.775, 'w7': 0.197, 'w8': 0.675, 'max_depth': 6, 'min_child_weight': 4, 'subsample': 0.8, 'colsample_bytree': 1.0, 'gamma': 1.0}. Best is trial 1713 with value: 0.628969974165378.
[I 2023-10-11 21:44:01,220] Trial 1789 finished with value: 0.62501578220929 and parameters: {'w0': 0.214, 'w1': 0.919, 'w2': 0.196, 'w3': 0.601, 'w4': 0.791, 'w5': 0.101, 'w6': 0.773, 'w7': 0.199, 'w8': 0.674, 'max_depth': 6, 'min_child_weight': 4, 'subsample': 0.8, 'colsample_bytree': 1.0, 'gamma': 0.8}. Best is trial 1713 with value: 0.628969974165378.
[I 2023-10-11 21:44:43,250] Trial 1790 finished with value: 0.606862196586595 and parameters: {'w0': 0.217, 'w1': 0.893, 'w2': 0.10400000000000001, 'w3': 0.604, 'w4': 0.801, 'w5': 0.101, 'w6': 0.77, 'w7': 0.20500000000000002, 'w8': 0.675, 'max_depth': 10, 'min_child_weight': 4, 'subsample': 0.8, 'colsample_bytree': 1.0, 'gamma': 0.8}. Best is trial 1713 with value: 0.628969974165378.
[I 2023-10-11 21:47:45,895] Trial 1791 finished with value: 0.6248499308681945 and parameters: {'w0': 0.219, 'w1': 0.915, 'w2': 0.188, 'w3': 0.609, 'w4': 0.803, 'w5': 0.089, 'w6': 0.772, 'w7': 0.20600000000000002, 'w8': 0.678, 'max_depth': 6, 'min_child_weight': 4, 'subsample': 0.8, 'colsample_bytree': 1.0, 'gamma': 0.8}. Best is trial 1713 with value: 0.628969974165378.
[I 2023-10-11 21:48:25,628] Trial 1792 finished with value: 0.6211153482926486 and parameters: {'w0': 0.233, 'w1': 0.915, 'w2': 0.19, 'w3': 0.603, 'w4': 0.797, 'w5': 0.094, 'w6': 0.773, 'w7': 0.198, 'w8': 0.6910000000000001, 'max_depth': 6, 'min_child_weight': 4, 'subsample': 0.8, 'colsample_bytree': 1.0, 'gamma': 0.8}. Best is trial 1713 with value: 0.628969974165378.
[I 2023-10-11 21:50:15,560] Trial 1793 finished with value: 0.6269293530945929 and parameters: {'w0': 0.241, 'w1': 0.909, 'w2': 0.223, 'w3': 0.611, 'w4': 0.802, 'w5': 0.082, 'w6': 0.773, 'w7': 0.201, 'w8': 0.687, 'max_depth': 6, 'min_child_weight': 4, 'subsample': 0.8, 'colsample_bytree': 1.0, 'gamma': 0.8}. Best is trial 1713 with value: 0.628969974165378.
[I 2023-10-11 21:51:11,340] Trial 1794 finished with value: 0.6224986534463288 and parameters: {'w0': 0.24000000000000002, 'w1': 0.905, 'w2': 0.225, 'w3': 0.617, 'w4': 0.793, 'w5': 0.083, 'w6': 0.772, 'w7': 0.202, 'w8': 0.6900000000000001, 'max_depth': 6, 'min_child_weight': 4, 'subsample': 0.8, 'colsample_bytree': 1.0, 'gamma': 0.8}. Best is trial 1713 with value: 0.628969974165378.
[I 2023-10-11 21:52:53,666] Trial 1795 finished with value: 0.62332981418661 and parameters: {'w0': 0.23900000000000002, 'w1': 0.914, 'w2': 0.222, 'w3': 0.65, 'w4': 0.795, 'w5': 0.093, 'w6': 0.771, 'w7': 0.20500000000000002, 'w8': 0.6940000000000001, 'max_depth': 6, 'min_child_weight': 4, 'subsample': 0.8, 'colsample_bytree': 1.0, 'gamma': 0.8}. Best is trial 1713 with value: 0.628969974165378.
[I 2023-10-11 21:52:57,867] Trial 1797 finished with value: 0.6006378592297641 and parameters: {'w0': 0.23900000000000002, 'w1': 0.898, 'w2': 0.097, 'w3': 0.65, 'w4': 0.762, 'w5': 0.089, 'w6': 0.773, 'w7': 0.199, 'w8': 0.6930000000000001, 'max_depth': 6, 'min_child_weight': 4, 'subsample': 0.8, 'colsample_bytree': 1.0, 'gamma': 0.8}. Best is trial 1713 with value: 0.628969974165378.
[I 2023-10-11 21:53:11,609] Trial 1796 finished with value: 0.6111962860148639 and parameters: {'w0': 0.23800000000000002, 'w1': 0.917, 'w2': 0.10400000000000001, 'w3': 0.731, 'w4': 0.804, 'w5': 0.093, 'w6': 0.768, 'w7': 0.198, 'w8': 0.6900000000000001, 'max_depth': 10, 'min_child_weight': 4, 'subsample': 0.8, 'colsample_bytree': 1.0, 'gamma': 0.8}. Best is trial 1713 with value: 0.628969974165378.
[I 2023-10-11 21:53:47,759] Trial 1798 finished with value: 0.6290462634106064 and parameters: {'w0': 0.241, 'w1': 0.91, 'w2': 0.224, 'w3': 0.655, 'w4': 0.768, 'w5': 0.08800000000000001, 'w6': 0.767, 'w7': 0.198, 'w8': 0.675, 'max_depth': 6, 'min_child_weight': 4, 'subsample': 0.8, 'colsample_bytree': 1.0, 'gamma': 0.8}. Best is trial 1798 with value: 0.6290462634106064.
[I 2023-10-11 21:56:51,877] Trial 1800 finished with value: 0.600888637860165 and parameters: {'w0': 0.231, 'w1': 0.892, 'w2': 0.225, 'w3': 0.645, 'w4': 0.763, 'w5': 0.139, 'w6': 0.715, 'w7': 0.195, 'w8': 0.11, 'max_depth': 6, 'min_child_weight': 4, 'subsample': 0.8, 'colsample_bytree': 1.0, 'gamma': 0.8}. Best is trial 1798 with value: 0.6290462634106064.
[I 2023-10-11 21:57:35,567] Trial 1799 finished with value: 0.6251588987103158 and parameters: {'w0': 0.24000000000000002, 'w1': 0.895, 'w2': 0.232, 'w3': 0.654, 'w4': 0.767, 'w5': 0.089, 'w6': 0.715, 'w7': 0.197, 'w8': 0.6940000000000001, 'max_depth': 6, 'min_child_weight': 4, 'subsample': 0.8, 'colsample_bytree': 1.0, 'gamma': 0.8}. Best is trial 1798 with value: 0.6290462634106064.
[I 2023-10-11 21:58:39,116] Trial 1801 finished with value: 0.629468387989737 and parameters: {'w0': 0.23900000000000002, 'w1': 0.91, 'w2': 0.226, 'w3': 0.58, 'w4': 0.79, 'w5': 0.084, 'w6': 0.775, 'w7': 0.195, 'w8': 0.6960000000000001, 'max_depth': 6, 'min_child_weight': 4, 'subsample': 0.8, 'colsample_bytree': 1.0, 'gamma': 0.8}. Best is trial 1801 with value: 0.629468387989737.
[I 2023-10-11 21:58:52,191] Trial 1802 finished with value: 0.6230622133136401 and parameters: {'w0': 0.24000000000000002, 'w1': 0.889, 'w2': 0.229, 'w3': 0.589, 'w4': 0.78, 'w5': 0.081, 'w6': 0.773, 'w7': 0.194, 'w8': 0.6940000000000001, 'max_depth': 6, 'min_child_weight': 4, 'subsample': 0.8, 'colsample_bytree': 1.0, 'gamma': 0.8}. Best is trial 1801 with value: 0.629468387989737.
[I 2023-10-11 22:00:13,072] Trial 1803 finished with value: 0.6238130721924686 and parameters: {'w0': 0.23800000000000002, 'w1': 0.9520000000000001, 'w2': 0.227, 'w3': 0.585, 'w4': 0.781, 'w5': 0.078, 'w6': 0.762, 'w7': 0.244, 'w8': 0.6930000000000001, 'max_depth': 6, 'min_child_weight': 4, 'subsample': 0.8, 'colsample_bytree': 1.0, 'gamma': 0.8}. Best is trial 1801 with value: 0.629468387989737.
[I 2023-10-11 22:01:48,680] Trial 1804 finished with value: 0.626055963577856 and parameters: {'w0': 0.241, 'w1': 0.89, 'w2': 0.233, 'w3': 0.581, 'w4': 0.782, 'w5': 0.077, 'w6': 0.756, 'w7': 0.23800000000000002, 'w8': 0.6920000000000001, 'max_depth': 6, 'min_child_weight': 4, 'subsample': 0.8, 'colsample_bytree': 1.0, 'gamma': 0.8}. Best is trial 1801 with value: 0.629468387989737.
[I 2023-10-11 22:04:38,325] Trial 1805 finished with value: 0.6231728316425765 and parameters: {'w0': 0.244, 'w1': 0.9540000000000001, 'w2': 0.229, 'w3': 0.58, 'w4': 0.769, 'w5': 0.08800000000000001, 'w6': 0.761, 'w7': 0.242, 'w8': 0.7010000000000001, 'max_depth': 6, 'min_child_weight': 4, 'subsample': 0.8, 'colsample_bytree': 1.0, 'gamma': 0.8}. Best is trial 1801 with value: 0.629468387989737.
[I 2023-10-11 22:05:45,299] Trial 1806 finished with value: 0.6232254717746198 and parameters: {'w0': 0.243, 'w1': 0.9560000000000001, 'w2': 0.227, 'w3': 0.583, 'w4': 0.777, 'w5': 0.07300000000000001, 'w6': 0.754, 'w7': 0.243, 'w8': 0.6980000000000001, 'max_depth': 6, 'min_child_weight': 4, 'subsample': 0.8, 'colsample_bytree': 1.0, 'gamma': 0.8}. Best is trial 1801 with value: 0.629468387989737.
[I 2023-10-11 22:06:56,285] Trial 1815 finished with value: 0.5959872450606201 and parameters: {'w0': 0.17600000000000002, 'w1': 0.894, 'w2': 0.254, 'w3': 0.586, 'w4': 0.772, 'w5': 0.076, 'w6': 0.754, 'w7': 0.24000000000000002, 'w8': 0.707, 'max_depth': 6, 'min_child_weight': 4, 'subsample': 0.8, 'colsample_bytree': 1.0, 'gamma': 6.2}. Best is trial 1801 with value: 0.629468387989737.
[I 2023-10-11 22:08:39,380] Trial 1807 finished with value: 0.6224942641670452 and parameters: {'w0': 0.245, 'w1': 0.9530000000000001, 'w2': 0.231, 'w3': 0.585, 'w4': 0.777, 'w5': 0.082, 'w6': 0.761, 'w7': 0.23900000000000002, 'w8': 0.6920000000000001, 'max_depth': 6, 'min_child_weight': 4, 'subsample': 0.8, 'colsample_bytree': 1.0, 'gamma': 0.8}. Best is trial 1801 with value: 0.629468387989737.
[I 2023-10-11 22:09:59,233] Trial 1808 finished with value: 0.6215214868334518 and parameters: {'w0': 0.243, 'w1': 0.9490000000000001, 'w2': 0.255, 'w3': 0.578, 'w4': 0.777, 'w5': 0.08, 'w6': 0.757, 'w7': 0.23500000000000001, 'w8': 0.6990000000000001, 'max_depth': 6, 'min_child_weight': 4, 'subsample': 0.8, 'colsample_bytree': 1.0, 'gamma': 0.8}. Best is trial 1801 with value: 0.629468387989737.
[I 2023-10-11 22:10:29,225] Trial 1809 finished with value: 0.6231080783489397 and parameters: {'w0': 0.179, 'w1': 0.885, 'w2': 0.232, 'w3': 0.653, 'w4': 0.774, 'w5': 0.07100000000000001, 'w6': 0.754, 'w7': 0.234, 'w8': 0.6980000000000001, 'max_depth': 6, 'min_child_weight': 4, 'subsample': 0.8, 'colsample_bytree': 1.0, 'gamma': 0.8}. Best is trial 1801 with value: 0.629468387989737.
[I 2023-10-11 22:12:17,475] Trial 1810 finished with value: 0.6280691655889841 and parameters: {'w0': 0.23900000000000002, 'w1': 0.893, 'w2': 0.227, 'w3': 0.65, 'w4': 0.767, 'w5': 0.076, 'w6': 0.752, 'w7': 0.242, 'w8': 0.7010000000000001, 'max_depth': 6, 'min_child_weight': 4, 'subsample': 0.8, 'colsample_bytree': 1.0, 'gamma': 0.8}. Best is trial 1801 with value: 0.629468387989737.
[I 2023-10-11 22:12:22,501] Trial 1811 finished with value: 0.6163560003806733 and parameters: {'w0': 0.243, 'w1': 0.888, 'w2': 0.227, 'w3': 0.651, 'w4': 0.77, 'w5': 0.076, 'w6': 0.75, 'w7': 0.161, 'w8': 0.319, 'max_depth': 6, 'min_child_weight': 4, 'subsample': 0.8, 'colsample_bytree': 1.0, 'gamma': 0.8}. Best is trial 1801 with value: 0.629468387989737.
[I 2023-10-11 22:12:39,232] Trial 1813 finished with value: 0.6168915656723192 and parameters: {'w0': 0.181, 'w1': 0.902, 'w2': 0.256, 'w3': 0.623, 'w4': 0.774, 'w5': 0.078, 'w6': 0.754, 'w7': 0.167, 'w8': 0.6980000000000001, 'max_depth': 6, 'min_child_weight': 4, 'subsample': 0.8, 'colsample_bytree': 1.0, 'gamma': 0.8}. Best is trial 1801 with value: 0.629468387989737.
[I 2023-10-11 22:13:26,204] Trial 1812 finished with value: 0.6239754393525283 and parameters: {'w0': 0.184, 'w1': 0.889, 'w2': 0.227, 'w3': 0.589, 'w4': 0.775, 'w5': 0.083, 'w6': 0.75, 'w7': 0.24000000000000002, 'w8': 0.6890000000000001, 'max_depth': 6, 'min_child_weight': 4, 'subsample': 0.8, 'colsample_bytree': 1.0, 'gamma': 0.8}. Best is trial 1801 with value: 0.629468387989737.
[I 2023-10-11 22:15:28,436] Trial 1814 finished with value: 0.6166041594480541 and parameters: {'w0': 0.738, 'w1': 0.888, 'w2': 0.23500000000000001, 'w3': 0.583, 'w4': 0.76, 'w5': 0.079, 'w6': 0.757, 'w7': 0.243, 'w8': 0.6960000000000001, 'max_depth': 6, 'min_child_weight': 4, 'subsample': 0.8, 'colsample_bytree': 1.0, 'gamma': 0.8}. Best is trial 1801 with value: 0.629468387989737.
[I 2023-10-11 22:17:03,665] Trial 1816 finished with value: 0.6211716801174001 and parameters: {'w0': 0.18, 'w1': 0.889, 'w2': 0.241, 'w3': 0.585, 'w4': 0.722, 'w5': 0.079, 'w6': 0.76, 'w7': 0.228, 'w8': 0.6960000000000001, 'max_depth': 6, 'min_child_weight': 4, 'subsample': 0.8, 'colsample_bytree': 1.0, 'gamma': 0.8}. Best is trial 1801 with value: 0.629468387989737.
