[I 2023-10-13 09:59:08,585] Trial 116 finished with value: 0.3933952113556472 and parameters: {'w0': 0.917, 'w1': 0.862, 'w2': 0.47700000000000004, 'w3': 0.641, 'w4': 0.932, 'w5': 0.004, 'w6': 0.756, 'w7': 0.589, 'w8': 0.49, 'max_depth': 10, 'min_child_weight': 14, 'subsample': 0.6000000000000001, 'colsample_bytree': 0.6000000000000001, 'gamma': 0.4}. Best is trial 81 with value: 0.49374448181606195.
[I 2023-10-13 09:59:25,609] Trial 117 finished with value: 0.42998284874879855 and parameters: {'w0': 0.913, 'w1': 0.856, 'w2': 0.486, 'w3': 0.97, 'w4': 0.931, 'w5': 0.008, 'w6': 0.757, 'w7': 0.581, 'w8': 0.455, 'max_depth': 10, 'min_child_weight': 14, 'subsample': 0.6000000000000001, 'colsample_bytree': 0.6000000000000001, 'gamma': 0.4}. Best is trial 81 with value: 0.49374448181606195.
[I 2023-10-13 10:02:40,801] Trial 118 finished with value: 0.4699217018540324 and parameters: {'w0': 0.923, 'w1': 0.854, 'w2': 0.462, 'w3': 0.607, 'w4': 0.9410000000000001, 'w5': 0.018000000000000002, 'w6': 0.755, 'w7': 0.464, 'w8': 0.629, 'max_depth': 10, 'min_child_weight': 14, 'subsample': 0.6000000000000001, 'colsample_bytree': 0.6000000000000001, 'gamma': 0.4}. Best is trial 81 with value: 0.49374448181606195.
[I 2023-10-13 10:05:43,629] Trial 119 finished with value: 0.43871539069179677 and parameters: {'w0': 0.915, 'w1': 0.847, 'w2': 0.6990000000000001, 'w3': 0.612, 'w4': 0.9410000000000001, 'w5': 0.011, 'w6': 0.765, 'w7': 0.47900000000000004, 'w8': 0.467, 'max_depth': 10, 'min_child_weight': 14, 'subsample': 0.6000000000000001, 'colsample_bytree': 0.6000000000000001, 'gamma': 1.2000000000000002}. Best is trial 81 with value: 0.49374448181606195.
[I 2023-10-13 10:09:00,629] Trial 131 finished with value: 0.4472989352189264 and parameters: {'w0': 0.961, 'w1': 0.835, 'w2': 0.6980000000000001, 'w3': 0.97, 'w4': 0.875, 'w5': 0.484, 'w6': 0.72, 'w7': 0.446, 'w8': 0.616, 'max_depth': 9, 'min_child_weight': 10, 'subsample': 0.5, 'colsample_bytree': 0.3, 'gamma': 6.4}. Best is trial 81 with value: 0.49374448181606195.
[I 2023-10-13 10:11:25,285] Trial 120 finished with value: 0.48979667121987625 and parameters: {'w0': 0.915, 'w1': 0.886, 'w2': 0.47900000000000004, 'w3': 0.728, 'w4': 0.9430000000000001, 'w5': 0.605, 'w6': 0.73, 'w7': 0.481, 'w8': 0.621, 'max_depth': 10, 'min_child_weight': 10, 'subsample': 0.6000000000000001, 'colsample_bytree': 0.6000000000000001, 'gamma': 0.4}. Best is trial 81 with value: 0.49374448181606195.
[I 2023-10-13 10:11:39,370] Trial 121 finished with value: 0.49197977010128047 and parameters: {'w0': 0.748, 'w1': 0.855, 'w2': 0.498, 'w3': 0.439, 'w4': 0.881, 'w5': 0.615, 'w6': 0.732, 'w7': 0.47400000000000003, 'w8': 0.47200000000000003, 'max_depth': 10, 'min_child_weight': 10, 'subsample': 0.6000000000000001, 'colsample_bytree': 0.6000000000000001, 'gamma': 0.4}. Best is trial 81 with value: 0.49374448181606195.
[I 2023-10-13 10:12:37,147] Trial 122 finished with value: 0.492706219509364 and parameters: {'w0': 0.913, 'w1': 0.861, 'w2': 0.47700000000000004, 'w3': 0.484, 'w4': 0.934, 'w5': 0.178, 'w6': 0.8320000000000001, 'w7': 0.47000000000000003, 'w8': 0.617, 'max_depth': 10, 'min_child_weight': 10, 'subsample': 0.6000000000000001, 'colsample_bytree': 0.6000000000000001, 'gamma': 0.4}. Best is trial 81 with value: 0.49374448181606195.
[I 2023-10-13 10:14:59,592] Trial 125 finished with value: 0.484465825175691 and parameters: {'w0': 0.7040000000000001, 'w1': 0.86, 'w2': 0.494, 'w3': 0.47700000000000004, 'w4': 0.9480000000000001, 'w5': 0.624, 'w6': 0.582, 'w7': 0.484, 'w8': 0.628, 'max_depth': 10, 'min_child_weight': 14, 'subsample': 0.5, 'colsample_bytree': 0.3, 'gamma': 1.2000000000000002}. Best is trial 81 with value: 0.49374448181606195.
[I 2023-10-13 10:15:02,691] Trial 123 finished with value: 0.49300769368482306 and parameters: {'w0': 0.738, 'w1': 0.837, 'w2': 0.47700000000000004, 'w3': 0.721, 'w4': 0.9380000000000001, 'w5': 0.637, 'w6': 0.581, 'w7': 0.482, 'w8': 0.622, 'max_depth': 10, 'min_child_weight': 10, 'subsample': 0.5, 'colsample_bytree': 0.7, 'gamma': 0.4}. Best is trial 81 with value: 0.49374448181606195.
[I 2023-10-13 10:15:59,981] Trial 124 finished with value: 0.4894824661582386 and parameters: {'w0': 0.756, 'w1': 0.845, 'w2': 0.483, 'w3': 0.969, 'w4': 0.9390000000000001, 'w5': 0.605, 'w6': 0.5750000000000001, 'w7': 0.453, 'w8': 0.614, 'max_depth': 10, 'min_child_weight': 10, 'subsample': 0.5, 'colsample_bytree': 0.3, 'gamma': 1.2000000000000002}. Best is trial 81 with value: 0.49374448181606195.
[I 2023-10-13 10:17:14,733] Trial 127 finished with value: 0.4817162329563414 and parameters: {'w0': 0.745, 'w1': 0.773, 'w2': 0.47700000000000004, 'w3': 0.97, 'w4': 0.9460000000000001, 'w5': 0.629, 'w6': 0.584, 'w7': 0.492, 'w8': 0.617, 'max_depth': 10, 'min_child_weight': 14, 'subsample': 0.5, 'colsample_bytree': 0.3, 'gamma': 1.2000000000000002}. Best is trial 81 with value: 0.49374448181606195.
[I 2023-10-13 10:19:49,896] Trial 126 finished with value: 0.4810727809640703 and parameters: {'w0': 0.963, 'w1': 0.777, 'w2': 0.884, 'w3': 0.971, 'w4': 0.9470000000000001, 'w5': 0.633, 'w6': 0.588, 'w7': 0.49, 'w8': 0.621, 'max_depth': 10, 'min_child_weight': 14, 'subsample': 0.5, 'colsample_bytree': 0.7, 'gamma': 1.2000000000000002}. Best is trial 81 with value: 0.49374448181606195.
[I 2023-10-13 10:20:57,135] Trial 129 finished with value: 0.482227176332889 and parameters: {'w0': 0.719, 'w1': 0.84, 'w2': 0.6910000000000001, 'w3': 0.965, 'w4': 0.734, 'w5': 0.486, 'w6': 0.665, 'w7': 0.445, 'w8': 0.443, 'max_depth': 9, 'min_child_weight': 10, 'subsample': 0.5, 'colsample_bytree': 0.3, 'gamma': 1.2000000000000002}. Best is trial 81 with value: 0.49374448181606195.
[I 2023-10-13 10:22:24,177] Trial 128 finished with value: 0.48522356363370145 and parameters: {'w0': 0.964, 'w1': 0.8300000000000001, 'w2': 0.456, 'w3': 0.969, 'w4': 0.877, 'w5': 0.634, 'w6': 0.726, 'w7': 0.465, 'w8': 0.468, 'max_depth': 9, 'min_child_weight': 14, 'subsample': 0.5, 'colsample_bytree': 0.7, 'gamma': 1.2000000000000002}. Best is trial 81 with value: 0.49374448181606195.
[I 2023-10-13 10:23:16,882] Trial 130 finished with value: 0.48913108567779795 and parameters: {'w0': 0.728, 'w1': 0.769, 'w2': 0.7030000000000001, 'w3': 0.972, 'w4': 0.9540000000000001, 'w5': 0.494, 'w6': 0.58, 'w7': 0.437, 'w8': 0.615, 'max_depth': 9, 'min_child_weight': 10, 'subsample': 0.5, 'colsample_bytree': 0.7, 'gamma': 1.4000000000000001}. Best is trial 81 with value: 0.49374448181606195.
[I 2023-10-13 10:23:20,155] Trial 133 finished with value: 0.4950485798637844 and parameters: {'w0': 0.743, 'w1': 0.8330000000000001, 'w2': 0.596, 'w3': 0.794, 'w4': 0.876, 'w5': 0.497, 'w6': 0.5730000000000001, 'w7': 0.46, 'w8': 0.631, 'max_depth': 8, 'min_child_weight': 10, 'subsample': 0.5, 'colsample_bytree': 0.7, 'gamma': 1.2000000000000002}. Best is trial 133 with value: 0.4950485798637844.
[I 2023-10-13 10:24:49,498] Trial 132 finished with value: 0.4911135107811565 and parameters: {'w0': 0.742, 'w1': 0.8280000000000001, 'w2': 0.682, 'w3': 0.967, 'w4': 0.872, 'w5': 0.48000000000000004, 'w6': 0.582, 'w7': 0.447, 'w8': 0.616, 'max_depth': 9, 'min_child_weight': 10, 'subsample': 0.5, 'colsample_bytree': 0.7, 'gamma': 1.4000000000000001}. Best is trial 133 with value: 0.4950485798637844.
[I 2023-10-13 10:26:52,668] Trial 134 finished with value: 0.4896979392503953 and parameters: {'w0': 0.965, 'w1': 0.617, 'w2': 0.6970000000000001, 'w3': 0.969, 'w4': 0.873, 'w5': 0.633, 'w6': 0.589, 'w7': 0.496, 'w8': 0.719, 'max_depth': 8, 'min_child_weight': 10, 'subsample': 0.5, 'colsample_bytree': 0.7, 'gamma': 1.2000000000000002}. Best is trial 133 with value: 0.4950485798637844.
[I 2023-10-13 10:30:00,462] Trial 135 finished with value: 0.4887986530141325 and parameters: {'w0': 0.75, 'w1': 0.771, 'w2': 0.6970000000000001, 'w3': 0.964, 'w4': 0.868, 'w5': 0.632, 'w6': 0.585, 'w7': 0.44, 'w8': 0.654, 'max_depth': 8, 'min_child_weight': 10, 'subsample': 0.5, 'colsample_bytree': 0.7, 'gamma': 1.4000000000000001}. Best is trial 133 with value: 0.4950485798637844.
[I 2023-10-13 10:33:20,409] Trial 139 finished with value: 0.4922723671943825 and parameters: {'w0': 0.723, 'w1': 0.775, 'w2': 0.595, 'w3': 0.429, 'w4': 0.974, 'w5': 0.08, 'w6': 0.878, 'w7': 0.499, 'w8': 0.558, 'max_depth': 8, 'min_child_weight': 10, 'subsample': 0.5, 'colsample_bytree': 0.5, 'gamma': 1.4000000000000001}. Best is trial 133 with value: 0.4950485798637844.
[I 2023-10-13 10:33:34,875] Trial 138 finished with value: 0.48661441488768353 and parameters: {'w0': 0.739, 'w1': 0.384, 'w2': 0.682, 'w3': 0.388, 'w4': 0.875, 'w5': 0.183, 'w6': 0.665, 'w7': 0.451, 'w8': 0.722, 'max_depth': 8, 'min_child_weight': 10, 'subsample': 0.5, 'colsample_bytree': 0.7, 'gamma': 1.4000000000000001}. Best is trial 133 with value: 0.4950485798637844.
[I 2023-10-13 10:33:51,486] Trial 143 finished with value: 0.5000277803043895 and parameters: {'w0': 0.714, 'w1': 0.925, 'w2': 0.443, 'w3': 0.4, 'w4': 0.467, 'w5': 0.183, 'w6': 0.879, 'w7': 0.322, 'w8': 0.66, 'max_depth': 8, 'min_child_weight': 2, 'subsample': 0.7, 'colsample_bytree': 0.5, 'gamma': 1.4000000000000001}. Best is trial 143 with value: 0.5000277803043895.
[I 2023-10-13 10:34:34,552] Trial 136 finished with value: 0.4902200190367369 and parameters: {'w0': 0.9590000000000001, 'w1': 0.771, 'w2': 0.597, 'w3': 0.722, 'w4': 0.971, 'w5': 0.182, 'w6': 0.593, 'w7': 0.502, 'w8': 0.556, 'max_depth': 9, 'min_child_weight': 10, 'subsample': 0.5, 'colsample_bytree': 0.7, 'gamma': 1.2000000000000002}. Best is trial 143 with value: 0.5000277803043895.
[I 2023-10-13 10:35:32,614] Trial 141 finished with value: 0.4938570023286187 and parameters: {'w0': 0.74, 'w1': 0.937, 'w2': 0.439, 'w3': 0.381, 'w4': 0.972, 'w5': 0.185, 'w6': 0.892, 'w7': 0.442, 'w8': 0.556, 'max_depth': 8, 'min_child_weight': 10, 'subsample': 0.7, 'colsample_bytree': 0.8, 'gamma': 1.4000000000000001}. Best is trial 143 with value: 0.5000277803043895.
[I 2023-10-13 10:36:25,652] Trial 137 finished with value: 0.49117805218499566 and parameters: {'w0': 0.967, 'w1': 0.773, 'w2': 0.765, 'w3': 0.78, 'w4': 0.974, 'w5': 0.186, 'w6': 0.581, 'w7': 0.503, 'w8': 0.555, 'max_depth': 9, 'min_child_weight': 10, 'subsample': 0.5, 'colsample_bytree': 0.7, 'gamma': 1.2000000000000002}. Best is trial 143 with value: 0.5000277803043895.
[I 2023-10-13 10:36:54,189] Trial 147 finished with value: 0.4920192382794775 and parameters: {'w0': 0.41400000000000003, 'w1': 0.9470000000000001, 'w2': 0.56, 'w3': 0.394, 'w4': 0.977, 'w5': 0.179, 'w6': 0.881, 'w7': 0.604, 'w8': 0.719, 'max_depth': 8, 'min_child_weight': 10, 'subsample': 0.7, 'colsample_bytree': 0.5, 'gamma': 2.4000000000000004}. Best is trial 143 with value: 0.5000277803043895.
[I 2023-10-13 10:37:12,536] Trial 150 finished with value: 0.47050348533931835 and parameters: {'w0': 0.85, 'w1': 0.926, 'w2': 0.594, 'w3': 0.461, 'w4': 0.971, 'w5': 0.672, 'w6': 0.905, 'w7': 0.606, 'w8': 0.643, 'max_depth': 8, 'min_child_weight': 10, 'subsample': 0.7, 'colsample_bytree': 0.8, 'gamma': 5.4}. Best is trial 143 with value: 0.5000277803043895.
[I 2023-10-13 10:37:13,631] Trial 148 finished with value: 0.48016902821214114 and parameters: {'w0': 0.854, 'w1': 0.932, 'w2': 0.555, 'w3': 0.391, 'w4': 0.978, 'w5': 0.677, 'w6': 0.512, 'w7': 0.505, 'w8': 0.657, 'max_depth': 8, 'min_child_weight': 2, 'subsample': 0.7, 'colsample_bytree': 0.5, 'gamma': 2.4000000000000004}. Best is trial 143 with value: 0.5000277803043895.
[I 2023-10-13 10:37:23,415] Trial 140 finished with value: 0.4935573334193754 and parameters: {'w0': 0.762, 'w1': 0.628, 'w2': 0.681, 'w3': 0.431, 'w4': 0.973, 'w5': 0.187, 'w6': 0.809, 'w7': 0.498, 'w8': 0.724, 'max_depth': 8, 'min_child_weight': 10, 'subsample': 0.5, 'colsample_bytree': 0.5, 'gamma': 1.2000000000000002}. Best is trial 143 with value: 0.5000277803043895.
[I 2023-10-13 10:37:51,911] Trial 149 finished with value: 0.46588459604878896 and parameters: {'w0': 0.851, 'w1': 0.513, 'w2': 0.43, 'w3': 0.389, 'w4': 0.453, 'w5': 0.682, 'w6': 0.404, 'w7': 0.505, 'w8': 0.656, 'max_depth': 8, 'min_child_weight': 10, 'subsample': 0.7, 'colsample_bytree': 0.5, 'gamma': 2.4000000000000004}. Best is trial 143 with value: 0.5000277803043895.
[I 2023-10-13 10:38:05,458] Trial 142 finished with value: 0.49168600016392344 and parameters: {'w0': 0.722, 'w1': 0.615, 'w2': 0.418, 'w3': 0.41100000000000003, 'w4': 0.973, 'w5': 0.6950000000000001, 'w6': 0.88, 'w7': 0.5, 'w8': 0.644, 'max_depth': 8, 'min_child_weight': 2, 'subsample': 0.5, 'colsample_bytree': 0.5, 'gamma': 1.4000000000000001}. Best is trial 143 with value: 0.5000277803043895.
[I 2023-10-13 10:39:34,670] Trial 144 finished with value: 0.4825825709405811 and parameters: {'w0': 0.863, 'w1': 0.924, 'w2': 0.553, 'w3': 0.382, 'w4': 0.98, 'w5': 0.077, 'w6': 0.626, 'w7': 0.432, 'w8': 0.35100000000000003, 'max_depth': 8, 'min_child_weight': 10, 'subsample': 0.7, 'colsample_bytree': 0.8, 'gamma': 1.4000000000000001}. Best is trial 143 with value: 0.5000277803043895.
[I 2023-10-13 10:41:21,168] Trial 145 finished with value: 0.4747599088039952 and parameters: {'w0': 0.855, 'w1': 0.933, 'w2': 0.551, 'w3': 0.37, 'w4': 0.977, 'w5': 0.6950000000000001, 'w6': 0.402, 'w7': 0.66, 'w8': 0.556, 'max_depth': 8, 'min_child_weight': 10, 'subsample': 0.7, 'colsample_bytree': 0.5, 'gamma': 1.4000000000000001}. Best is trial 143 with value: 0.5000277803043895.
[I 2023-10-13 10:43:39,749] Trial 146 finished with value: 0.49002471027844097 and parameters: {'w0': 0.856, 'w1': 0.9410000000000001, 'w2': 0.599, 'w3': 0.43, 'w4': 0.97, 'w5': 0.188, 'w6': 0.85, 'w7': 0.34600000000000003, 'w8': 0.653, 'max_depth': 8, 'min_child_weight': 10, 'subsample': 0.7, 'colsample_bytree': 0.8, 'gamma': 1.4000000000000001}. Best is trial 143 with value: 0.5000277803043895.
[I 2023-10-13 10:44:12,803] Trial 151 finished with value: 0.47506613776234186 and parameters: {'w0': 0.328, 'w1': 0.932, 'w2': 0.554, 'w3': 0.422, 'w4': 0.979, 'w5': 0.675, 'w6': 0.40900000000000003, 'w7': 0.657, 'w8': 0.556, 'max_depth': 8, 'min_child_weight': 2, 'subsample': 0.7, 'colsample_bytree': 0.8, 'gamma': 2.4000000000000004}. Best is trial 143 with value: 0.5000277803043895.
[I 2023-10-13 10:46:48,777] Trial 154 finished with value: 0.49104835728478946 and parameters: {'w0': 0.708, 'w1': 0.9590000000000001, 'w2': 0.41400000000000003, 'w3': 0.40700000000000003, 'w4': 0.467, 'w5': 0.717, 'w6': 0.927, 'w7': 0.356, 'w8': 0.669, 'max_depth': 8, 'min_child_weight': 2, 'subsample': 0.7, 'colsample_bytree': 0.5, 'gamma': 2.4000000000000004}. Best is trial 143 with value: 0.5000277803043895.
[I 2023-10-13 10:47:35,478] Trial 153 finished with value: 0.48355245795445323 and parameters: {'w0': 0.863, 'w1': 0.524, 'w2': 0.436, 'w3': 0.457, 'w4': 0.45, 'w5': 0.6980000000000001, 'w6': 0.92, 'w7': 0.367, 'w8': 0.675, 'max_depth': 8, 'min_child_weight': 10, 'subsample': 0.7, 'colsample_bytree': 0.5, 'gamma': 2.2}. Best is trial 143 with value: 0.5000277803043895.
[I 2023-10-13 10:47:41,356] Trial 152 finished with value: 0.4845643148601425 and parameters: {'w0': 0.374, 'w1': 0.934, 'w2': 0.555, 'w3': 0.41600000000000004, 'w4': 0.97, 'w5': 0.187, 'w6': 0.915, 'w7': 0.66, 'w8': 0.55, 'max_depth': 8, 'min_child_weight': 10, 'subsample': 0.7, 'colsample_bytree': 0.5, 'gamma': 2.2}. Best is trial 143 with value: 0.5000277803043895.
[I 2023-10-13 10:47:47,616] Trial 164 finished with value: 0.4594599771507099 and parameters: {'w0': 0.396, 'w1': 0.9520000000000001, 'w2': 0.439, 'w3': 0.421, 'w4': 0.513, 'w5': 0.092, 'w6': 0.86, 'w7': 0.324, 'w8': 0.682, 'max_depth': 8, 'min_child_weight': 0, 'subsample': 0.8, 'colsample_bytree': 0.4, 'gamma': 8.4}. Best is trial 143 with value: 0.5000277803043895.
[I 2023-10-13 10:49:00,644] Trial 155 finished with value: 0.48847990428163107 and parameters: {'w0': 0.852, 'w1': 0.906, 'w2': 0.41300000000000003, 'w3': 0.42, 'w4': 0.462, 'w5': 0.076, 'w6': 0.908, 'w7': 0.419, 'w8': 0.554, 'max_depth': 8, 'min_child_weight': 2, 'subsample': 0.7, 'colsample_bytree': 0.4, 'gamma': 1.8}. Best is trial 143 with value: 0.5000277803043895.
[I 2023-10-13 10:49:45,084] Trial 161 finished with value: 0.4975720893020057 and parameters: {'w0': 0.41200000000000003, 'w1': 0.906, 'w2': 0.428, 'w3': 0.438, 'w4': 0.49, 'w5': 0.058, 'w6': 0.88, 'w7': 0.401, 'w8': 0.55, 'max_depth': 8, 'min_child_weight': 2, 'subsample': 0.7, 'colsample_bytree': 0.5, 'gamma': 2.2}. Best is trial 143 with value: 0.5000277803043895.
[I 2023-10-13 10:49:51,856] Trial 159 finished with value: 0.4984007241849872 and parameters: {'w0': 0.435, 'w1': 0.9480000000000001, 'w2': 0.55, 'w3': 0.387, 'w4': 0.438, 'w5': 0.202, 'w6': 0.856, 'w7': 0.353, 'w8': 0.673, 'max_depth': 8, 'min_child_weight': 2, 'subsample': 0.7, 'colsample_bytree': 0.5, 'gamma': 2.2}. Best is trial 143 with value: 0.5000277803043895.
[I 2023-10-13 10:49:52,551] Trial 157 finished with value: 0.4818662245342613 and parameters: {'w0': 0.6930000000000001, 'w1': 0.919, 'w2': 0.431, 'w3': 0.422, 'w4': 0.462, 'w5': 0.7040000000000001, 'w6': 0.889, 'w7': 0.28200000000000003, 'w8': 0.673, 'max_depth': 8, 'min_child_weight': 0, 'subsample': 0.7, 'colsample_bytree': 0.4, 'gamma': 2.2}. Best is trial 143 with value: 0.5000277803043895.
[I 2023-10-13 10:49:59,354] Trial 160 finished with value: 0.48971212554269006 and parameters: {'w0': 0.706, 'w1': 0.902, 'w2': 0.422, 'w3': 0.429, 'w4': 0.993, 'w5': 0.07200000000000001, 'w6': 0.863, 'w7': 0.308, 'w8': 0.678, 'max_depth': 8, 'min_child_weight': 2, 'subsample': 0.7, 'colsample_bytree': 0.5, 'gamma': 2.2}. Best is trial 143 with value: 0.5000277803043895.
[I 2023-10-13 10:51:23,624] Trial 158 finished with value: 0.47696009715575594 and parameters: {'w0': 0.394, 'w1': 0.917, 'w2': 0.434, 'w3': 0.425, 'w4': 0.439, 'w5': 0.6890000000000001, 'w6': 0.9, 'w7': 0.17600000000000002, 'w8': 0.665, 'max_depth': 8, 'min_child_weight': 18, 'subsample': 0.7, 'colsample_bytree': 0.5, 'gamma': 1.8}. Best is trial 143 with value: 0.5000277803043895.
[I 2023-10-13 10:51:31,255] Trial 156 finished with value: 0.4888101246411271 and parameters: {'w0': 0.764, 'w1': 0.928, 'w2': 0.40700000000000003, 'w3': 0.429, 'w4': 0.41500000000000004, 'w5': 0.67, 'w6': 0.87, 'w7': 0.269, 'w8': 0.557, 'max_depth': 8, 'min_child_weight': 2, 'subsample': 0.7, 'colsample_bytree': 0.5, 'gamma': 1.6}. Best is trial 143 with value: 0.5000277803043895.
[I 2023-10-13 10:52:10,946] Trial 162 finished with value: 0.4990634672353785 and parameters: {'w0': 0.52, 'w1': 0.9560000000000001, 'w2': 0.40800000000000003, 'w3': 0.41700000000000004, 'w4': 0.47600000000000003, 'w5': 0.08, 'w6': 0.855, 'w7': 0.32, 'w8': 0.673, 'max_depth': 8, 'min_child_weight': 0, 'subsample': 0.7, 'colsample_bytree': 0.5, 'gamma': 1.8}. Best is trial 143 with value: 0.5000277803043895.
[I 2023-10-13 10:52:52,301] Trial 163 finished with value: 0.4896906507472032 and parameters: {'w0': 0.353, 'w1': 0.901, 'w2': 0.555, 'w3': 0.429, 'w4': 0.425, 'w5': 0.718, 'w6': 0.866, 'w7': 0.301, 'w8': 0.679, 'max_depth': 8, 'min_child_weight': 2, 'subsample': 0.7, 'colsample_bytree': 0.5, 'gamma': 1.8}. Best is trial 143 with value: 0.5000277803043895.
[I 2023-10-13 10:54:01,465] Trial 165 finished with value: 0.4868295271522204 and parameters: {'w0': 0.40900000000000003, 'w1': 0.965, 'w2': 0.435, 'w3': 0.34400000000000003, 'w4': 0.41600000000000004, 'w5': 0.41400000000000003, 'w6': 0.851, 'w7': 0.23800000000000002, 'w8': 0.599, 'max_depth': 8, 'min_child_weight': 2, 'subsample': 0.8, 'colsample_bytree': 0.4, 'gamma': 1.8}. Best is trial 143 with value: 0.5000277803043895.
[I 2023-10-13 10:55:51,670] Trial 166 finished with value: 0.48129360626405565 and parameters: {'w0': 0.379, 'w1': 0.902, 'w2': 0.511, 'w3': 0.428, 'w4': 0.47400000000000003, 'w5': 0.41400000000000003, 'w6': 0.884, 'w7': 0.218, 'w8': 0.674, 'max_depth': 8, 'min_child_weight': 2, 'subsample': 0.8, 'colsample_bytree': 0.4, 'gamma': 2.2}. Best is trial 143 with value: 0.5000277803043895.
[I 2023-10-13 10:57:45,464] Trial 169 finished with value: 0.4737238855197663 and parameters: {'w0': 0.41000000000000003, 'w1': 0.9, 'w2': 0.507, 'w3': 0.321, 'w4': 0.559, 'w5': 0.059000000000000004, 'w6': 0.838, 'w7': 0.403, 'w8': 0.596, 'max_depth': 8, 'min_child_weight': 0, 'subsample': 0.8, 'colsample_bytree': 0.5, 'gamma': 4.4}. Best is trial 143 with value: 0.5000277803043895.
[I 2023-10-13 10:59:13,562] Trial 167 finished with value: 0.5034846211737725 and parameters: {'w0': 0.439, 'w1': 0.961, 'w2': 0.405, 'w3': 0.518, 'w4': 0.99, 'w5': 0.166, 'w6': 0.918, 'w7': 0.373, 'w8': 0.677, 'max_depth': 8, 'min_child_weight': 0, 'subsample': 0.7, 'colsample_bytree': 0.4, 'gamma': 1.8}. Best is trial 167 with value: 0.5034846211737725.
[I 2023-10-13 10:59:55,832] Trial 168 finished with value: 0.48281664773432886 and parameters: {'w0': 0.446, 'w1': 0.898, 'w2': 0.508, 'w3': 0.331, 'w4': 0.439, 'w5': 0.41500000000000004, 'w6': 0.855, 'w7': 0.271, 'w8': 0.59, 'max_depth': 8, 'min_child_weight': 10, 'subsample': 0.8, 'colsample_bytree': 0.4, 'gamma': 1.8}. Best is trial 167 with value: 0.5034846211737725.
[I 2023-10-13 11:01:32,168] Trial 170 finished with value: 0.48571659457705685 and parameters: {'w0': 0.686, 'w1': 0.966, 'w2': 0.518, 'w3': 0.806, 'w4': 0.556, 'w5': 0.165, 'w6': 0.837, 'w7': 0.279, 'w8': 0.8290000000000001, 'max_depth': 8, 'min_child_weight': 8, 'subsample': 0.8, 'colsample_bytree': 0.4, 'gamma': 1.8}. Best is trial 167 with value: 0.5034846211737725.
[I 2023-10-13 11:02:31,264] Trial 180 finished with value: 0.4772050796293989 and parameters: {'w0': 0.456, 'w1': 0.967, 'w2': 0.511, 'w3': 0.333, 'w4': 0.579, 'w5': 0.159, 'w6': 0.8230000000000001, 'w7': 0.392, 'w8': 0.639, 'max_depth': 7, 'min_child_weight': 0, 'subsample': 0.8, 'colsample_bytree': 0.5, 'gamma': 4.6000000000000005}. Best is trial 167 with value: 0.5034846211737725.
