[I 2023-10-12 03:09:58,307] Trial 43 finished with value: 0.5548041395106338 and parameters: {'w0': 0.394, 'w1': 0.004, 'w2': 0.613, 'w3': 0.654, 'w4': 0.9, 'w5': 0.659, 'w6': 0.631, 'w7': 0.521, 'w8': 0.744, 'max_depth': 7, 'min_child_weight': 10, 'subsample': 0.9000000000000001, 'colsample_bytree': 0.5, 'gamma': 0.2}. Best is trial 42 with value: 0.5602261891779995.
[I 2023-10-12 03:10:57,318] Trial 45 finished with value: 0.5699059771604164 and parameters: {'w0': 0.403, 'w1': 0.5680000000000001, 'w2': 0.761, 'w3': 0.878, 'w4': 0.914, 'w5': 0.653, 'w6': 0.607, 'w7': 0.54, 'w8': 0.778, 'max_depth': 7, 'min_child_weight': 14, 'subsample': 0.8, 'colsample_bytree': 0.5, 'gamma': 0.6000000000000001}. Best is trial 45 with value: 0.5699059771604164.
[I 2023-10-12 03:11:22,362] Trial 49 finished with value: 0.5482168295998527 and parameters: {'w0': 0.856, 'w1': 0.548, 'w2': 0.851, 'w3': 0.662, 'w4': 0.883, 'w5': 0.658, 'w6': 0.5750000000000001, 'w7': 0.521, 'w8': 0.27, 'max_depth': 7, 'min_child_weight': 10, 'subsample': 0.9000000000000001, 'colsample_bytree': 0.5, 'gamma': 1.0}. Best is trial 45 with value: 0.5699059771604164.
[I 2023-10-12 03:12:39,579] Trial 46 finished with value: 0.5554984522959306 and parameters: {'w0': 0.8290000000000001, 'w1': 0.297, 'w2': 0.86, 'w3': 0.648, 'w4': 0.91, 'w5': 0.863, 'w6': 0.602, 'w7': 0.53, 'w8': 0.294, 'max_depth': 7, 'min_child_weight': 10, 'subsample': 0.8, 'colsample_bytree': 0.5, 'gamma': 0.2}. Best is trial 45 with value: 0.5699059771604164.
[I 2023-10-12 03:15:29,789] Trial 48 finished with value: 0.5604898458701834 and parameters: {'w0': 0.808, 'w1': 0.539, 'w2': 0.871, 'w3': 0.669, 'w4': 0.883, 'w5': 0.846, 'w6': 0.591, 'w7': 0.509, 'w8': 0.278, 'max_depth': 7, 'min_child_weight': 10, 'subsample': 0.9000000000000001, 'colsample_bytree': 0.5, 'gamma': 0.2}. Best is trial 45 with value: 0.5699059771604164.
[I 2023-10-12 03:16:09,039] Trial 47 finished with value: 0.5565023336792011 and parameters: {'w0': 0.859, 'w1': 0.547, 'w2': 0.863, 'w3': 0.652, 'w4': 0.91, 'w5': 0.846, 'w6': 0.6, 'w7': 0.518, 'w8': 0.28300000000000003, 'max_depth': 7, 'min_child_weight': 10, 'subsample': 0.9000000000000001, 'colsample_bytree': 0.5, 'gamma': 0.2}. Best is trial 45 with value: 0.5699059771604164.
[I 2023-10-12 03:16:42,699] Trial 50 finished with value: 0.5574533166288593 and parameters: {'w0': 0.841, 'w1': 0.557, 'w2': 0.861, 'w3': 0.659, 'w4': 0.886, 'w5': 0.853, 'w6': 0.579, 'w7': 0.515, 'w8': 0.272, 'max_depth': 7, 'min_child_weight': 10, 'subsample': 0.9000000000000001, 'colsample_bytree': 0.5, 'gamma': 0.2}. Best is trial 45 with value: 0.5699059771604164.
[I 2023-10-12 03:18:23,790] Trial 59 finished with value: 0.5443509050462965 and parameters: {'w0': 0.861, 'w1': 0.561, 'w2': 0.531, 'w3': 0.674, 'w4': 0.878, 'w5': 0.716, 'w6': 0.6880000000000001, 'w7': 0.5690000000000001, 'w8': 0.294, 'max_depth': 5, 'min_child_weight': 10, 'subsample': 0.7, 'colsample_bytree': 0.5, 'gamma': 4.6000000000000005}. Best is trial 45 with value: 0.5699059771604164.
[I 2023-10-12 03:18:36,243] Trial 56 finished with value: 0.5572983068536976 and parameters: {'w0': 0.401, 'w1': 0.545, 'w2': 0.836, 'w3': 0.47800000000000004, 'w4': 0.882, 'w5': 0.849, 'w6': 0.497, 'w7': 0.497, 'w8': 0.28700000000000003, 'max_depth': 9, 'min_child_weight': 10, 'subsample': 0.9000000000000001, 'colsample_bytree': 0.5, 'gamma': 0.8}. Best is trial 45 with value: 0.5699059771604164.
[I 2023-10-12 03:18:45,138] Trial 55 finished with value: 0.5687701675824823 and parameters: {'w0': 0.355, 'w1': 0.558, 'w2': 0.734, 'w3': 0.47500000000000003, 'w4': 0.881, 'w5': 0.7010000000000001, 'w6': 0.64, 'w7': 0.543, 'w8': 0.515, 'max_depth': 7, 'min_child_weight': 14, 'subsample': 0.7, 'colsample_bytree': 0.5, 'gamma': 0.8}. Best is trial 45 with value: 0.5699059771604164.
[I 2023-10-12 03:22:23,598] Trial 53 finished with value: 0.552690875163238 and parameters: {'w0': 0.387, 'w1': 0.272, 'w2': 0.872, 'w3': 0.669, 'w4': 0.895, 'w5': 0.846, 'w6': 0.627, 'w7': 0.504, 'w8': 0.279, 'max_depth': 10, 'min_child_weight': 14, 'subsample': 0.7, 'colsample_bytree': 0.5, 'gamma': 0.6000000000000001}. Best is trial 45 with value: 0.5699059771604164.
[I 2023-10-12 03:22:32,080] Trial 51 finished with value: 0.5550510475267575 and parameters: {'w0': 0.839, 'w1': 0.546, 'w2': 0.866, 'w3': 0.66, 'w4': 0.886, 'w5': 0.858, 'w6': 0.502, 'w7': 0.507, 'w8': 0.26, 'max_depth': 9, 'min_child_weight': 10, 'subsample': 0.9000000000000001, 'colsample_bytree': 0.5, 'gamma': 0.2}. Best is trial 45 with value: 0.5699059771604164.
[I 2023-10-12 03:23:17,740] Trial 54 finished with value: 0.5561455272875531 and parameters: {'w0': 0.394, 'w1': 0.55, 'w2': 0.904, 'w3': 0.664, 'w4': 0.876, 'w5': 0.847, 'w6': 0.492, 'w7': 0.513, 'w8': 0.278, 'max_depth': 10, 'min_child_weight': 14, 'subsample': 0.7, 'colsample_bytree': 0.5, 'gamma': 0.6000000000000001}. Best is trial 45 with value: 0.5699059771604164.
[I 2023-10-12 03:23:49,251] Trial 52 finished with value: 0.5631256271422309 and parameters: {'w0': 0.382, 'w1': 0.589, 'w2': 0.851, 'w3': 0.668, 'w4': 0.882, 'w5': 0.685, 'w6': 0.635, 'w7': 0.517, 'w8': 0.28600000000000003, 'max_depth': 9, 'min_child_weight': 6, 'subsample': 0.7, 'colsample_bytree': 0.5, 'gamma': 0.4}. Best is trial 45 with value: 0.5699059771604164.
[I 2023-10-12 03:25:35,149] Trial 61 finished with value: 0.5596464251964419 and parameters: {'w0': 0.243, 'w1': 0.589, 'w2': 0.512, 'w3': 0.68, 'w4': 0.6990000000000001, 'w5': 0.71, 'w6': 0.716, 'w7': 0.588, 'w8': 0.492, 'max_depth': 5, 'min_child_weight': 10, 'subsample': 1.0, 'colsample_bytree': 0.7, 'gamma': 0.4}. Best is trial 45 with value: 0.5699059771604164.
[I 2023-10-12 03:27:36,704] Trial 60 finished with value: 0.5567228041008514 and parameters: {'w0': 0.85, 'w1': 0.546, 'w2': 0.53, 'w3': 0.633, 'w4': 0.687, 'w5': 0.726, 'w6': 0.6970000000000001, 'w7': 0.589, 'w8': 0.259, 'max_depth': 5, 'min_child_weight': 10, 'subsample': 0.7, 'colsample_bytree': 0.5, 'gamma': 0.6000000000000001}. Best is trial 45 with value: 0.5699059771604164.
[I 2023-10-12 03:28:26,271] Trial 58 finished with value: 0.5632833090169258 and parameters: {'w0': 0.844, 'w1': 0.541, 'w2': 0.528, 'w3': 0.651, 'w4': 0.876, 'w5': 0.853, 'w6': 0.64, 'w7': 0.557, 'w8': 0.281, 'max_depth': 7, 'min_child_weight': 10, 'subsample': 0.7, 'colsample_bytree': 0.4, 'gamma': 0.4}. Best is trial 45 with value: 0.5699059771604164.
[I 2023-10-12 03:30:29,775] Trial 69 finished with value: 0.5248265055658166 and parameters: {'w0': 0.243, 'w1': 0.645, 'w2': 0.921, 'w3': 0.47600000000000003, 'w4': 0.8, 'w5': 0.802, 'w6': 0.521, 'w7': 0.614, 'w8': 0.218, 'max_depth': 6, 'min_child_weight': 14, 'subsample': 1.0, 'colsample_bytree': 0.7, 'gamma': 0.8}. Best is trial 45 with value: 0.5699059771604164.
[I 2023-10-12 03:30:53,860] Trial 64 finished with value: 0.5719024798842646 and parameters: {'w0': 0.47100000000000003, 'w1': 0.663, 'w2': 0.713, 'w3': 0.468, 'w4': 0.6990000000000001, 'w5': 0.708, 'w6': 0.7040000000000001, 'w7': 0.6, 'w8': 0.628, 'max_depth': 5, 'min_child_weight': 14, 'subsample': 1.0, 'colsample_bytree': 0.7, 'gamma': 0.0}. Best is trial 64 with value: 0.5719024798842646.
[I 2023-10-12 03:31:16,455] Trial 67 finished with value: 0.5565478483808146 and parameters: {'w0': 0.808, 'w1': 0.637, 'w2': 0.926, 'w3': 0.47600000000000003, 'w4': 0.733, 'w5': 0.734, 'w6': 0.71, 'w7': 0.599, 'w8': 0.645, 'max_depth': 6, 'min_child_weight': 14, 'subsample': 1.0, 'colsample_bytree': 0.7, 'gamma': 0.6000000000000001}. Best is trial 64 with value: 0.5719024798842646.
[I 2023-10-12 03:31:27,330] Trial 70 finished with value: 0.5509253672573323 and parameters: {'w0': 0.241, 'w1': 0.645, 'w2': 0.924, 'w3': 0.47000000000000003, 'w4': 0.717, 'w5': 0.783, 'w6': 0.723, 'w7': 0.35100000000000003, 'w8': 0.516, 'max_depth': 6, 'min_child_weight': 14, 'subsample': 1.0, 'colsample_bytree': 0.6000000000000001, 'gamma': 0.6000000000000001}. Best is trial 64 with value: 0.5719024798842646.
[I 2023-10-12 03:32:01,863] Trial 63 finished with value: 0.565775679096264 and parameters: {'w0': 0.853, 'w1': 0.651, 'w2': 0.841, 'w3': 0.686, 'w4': 0.6880000000000001, 'w5': 0.727, 'w6': 0.706, 'w7': 0.586, 'w8': 0.519, 'max_depth': 6, 'min_child_weight': 14, 'subsample': 1.0, 'colsample_bytree': 0.7, 'gamma': 0.0}. Best is trial 64 with value: 0.5719024798842646.
[I 2023-10-12 03:32:12,062] Trial 68 finished with value: 0.5473869316741697 and parameters: {'w0': 0.907, 'w1': 0.636, 'w2': 0.913, 'w3': 0.47600000000000003, 'w4': 0.777, 'w5': 0.763, 'w6': 0.722, 'w7': 0.341, 'w8': 0.501, 'max_depth': 6, 'min_child_weight': 14, 'subsample': 1.0, 'colsample_bytree': 0.7, 'gamma': 0.6000000000000001}. Best is trial 64 with value: 0.5719024798842646.
[I 2023-10-12 03:32:16,751] Trial 62 finished with value: 0.56773485278389 and parameters: {'w0': 0.846, 'w1': 0.625, 'w2': 0.526, 'w3': 0.681, 'w4': 0.858, 'w5': 0.705, 'w6': 0.721, 'w7': 0.594, 'w8': 0.508, 'max_depth': 6, 'min_child_weight': 10, 'subsample': 0.9000000000000001, 'colsample_bytree': 0.4, 'gamma': 0.2}. Best is trial 64 with value: 0.5719024798842646.
[I 2023-10-12 03:33:09,019] Trial 65 finished with value: 0.55885168004874 and parameters: {'w0': 0.892, 'w1': 0.654, 'w2': 0.918, 'w3': 0.47500000000000003, 'w4': 0.6890000000000001, 'w5': 0.713, 'w6': 0.71, 'w7': 0.601, 'w8': 0.497, 'max_depth': 5, 'min_child_weight': 14, 'subsample': 1.0, 'colsample_bytree': 0.7, 'gamma': 0.0}. Best is trial 64 with value: 0.5719024798842646.
[I 2023-10-12 03:33:59,656] Trial 71 finished with value: 0.5469307826073583 and parameters: {'w0': 0.245, 'w1': 0.63, 'w2': 0.924, 'w3': 0.463, 'w4': 0.7010000000000001, 'w5': 0.793, 'w6': 0.788, 'w7': 0.35100000000000003, 'w8': 0.633, 'max_depth': 6, 'min_child_weight': 16, 'subsample': 1.0, 'colsample_bytree': 0.6000000000000001, 'gamma': 0.8}. Best is trial 64 with value: 0.5719024798842646.
[I 2023-10-12 03:35:04,029] Trial 73 finished with value: 0.5391172264247315 and parameters: {'w0': 0.928, 'w1': 0.635, 'w2': 0.806, 'w3': 0.455, 'w4': 0.684, 'w5': 0.762, 'w6': 0.706, 'w7': 0.361, 'w8': 0.535, 'max_depth': 6, 'min_child_weight': 16, 'subsample': 1.0, 'colsample_bytree': 0.6000000000000001, 'gamma': 1.0}. Best is trial 64 with value: 0.5719024798842646.
[I 2023-10-12 03:35:13,807] Trial 72 finished with value: 0.5425109053423002 and parameters: {'w0': 0.916, 'w1': 0.651, 'w2': 0.926, 'w3': 0.434, 'w4': 0.678, 'w5': 0.806, 'w6': 0.72, 'w7': 0.34700000000000003, 'w8': 0.652, 'max_depth': 6, 'min_child_weight': 12, 'subsample': 1.0, 'colsample_bytree': 0.6000000000000001, 'gamma': 0.8}. Best is trial 64 with value: 0.5719024798842646.
[I 2023-10-12 03:35:33,128] Trial 66 finished with value: 0.5511489719751644 and parameters: {'w0': 0.8200000000000001, 'w1': 0.642, 'w2': 0.896, 'w3': 0.482, 'w4': 0.7030000000000001, 'w5': 0.72, 'w6': 0.721, 'w7': 0.588, 'w8': 0.24000000000000002, 'max_depth': 6, 'min_child_weight': 14, 'subsample': 1.0, 'colsample_bytree': 0.7, 'gamma': 0.2}. Best is trial 64 with value: 0.5719024798842646.
[I 2023-10-12 03:36:08,400] Trial 75 finished with value: 0.537290352709142 and parameters: {'w0': 0.255, 'w1': 0.654, 'w2': 0.804, 'w3': 0.81, 'w4': 0.6920000000000001, 'w5': 0.785, 'w6': 0.72, 'w7': 0.645, 'w8': 0.514, 'max_depth': 4, 'min_child_weight': 12, 'subsample': 1.0, 'colsample_bytree': 0.7, 'gamma': 1.4000000000000001}. Best is trial 64 with value: 0.5719024798842646.
[I 2023-10-12 03:38:12,169] Trial 76 finished with value: 0.5500064791610787 and parameters: {'w0': 0.46900000000000003, 'w1': 0.667, 'w2': 0.807, 'w3': 0.398, 'w4': 0.776, 'w5': 0.805, 'w6': 0.787, 'w7': 0.646, 'w8': 0.503, 'max_depth': 6, 'min_child_weight': 16, 'subsample': 1.0, 'colsample_bytree': 0.7, 'gamma': 1.6}. Best is trial 64 with value: 0.5719024798842646.
[I 2023-10-12 03:41:35,134] Trial 79 finished with value: 0.5583253971131321 and parameters: {'w0': 0.464, 'w1': 0.723, 'w2': 0.6980000000000001, 'w3': 0.405, 'w4': 0.754, 'w5': 0.798, 'w6': 0.781, 'w7': 0.627, 'w8': 0.64, 'max_depth': 6, 'min_child_weight': 16, 'subsample': 1.0, 'colsample_bytree': 0.6000000000000001, 'gamma': 1.4000000000000001}. Best is trial 64 with value: 0.5719024798842646.
[I 2023-10-12 03:43:19,384] Trial 74 finished with value: 0.554825389326452 and parameters: {'w0': 0.23700000000000002, 'w1': 0.652, 'w2': 0.801, 'w3': 0.41100000000000003, 'w4': 0.72, 'w5': 0.796, 'w6': 0.721, 'w7': 0.337, 'w8': 0.51, 'max_depth': 6, 'min_child_weight': 16, 'subsample': 0.6000000000000001, 'colsample_bytree': 0.6000000000000001, 'gamma': 1.4000000000000001}. Best is trial 64 with value: 0.5719024798842646.
[I 2023-10-12 03:45:48,366] Trial 78 finished with value: 0.543191324774073 and parameters: {'w0': 0.14300000000000002, 'w1': 0.619, 'w2': 0.6920000000000001, 'w3': 0.41300000000000003, 'w4': 0.764, 'w5': 0.784, 'w6': 0.791, 'w7': 0.34800000000000003, 'w8': 0.494, 'max_depth': 4, 'min_child_weight': 16, 'subsample': 0.6000000000000001, 'colsample_bytree': 0.6000000000000001, 'gamma': 1.4000000000000001}. Best is trial 64 with value: 0.5719024798842646.
[I 2023-10-12 03:46:52,425] Trial 81 finished with value: 0.5581300647359125 and parameters: {'w0': 0.485, 'w1': 0.738, 'w2': 0.6910000000000001, 'w3': 0.40700000000000003, 'w4': 0.778, 'w5': 0.548, 'w6': 0.785, 'w7': 0.7040000000000001, 'w8': 0.561, 'max_depth': 4, 'min_child_weight': 16, 'subsample': 0.6000000000000001, 'colsample_bytree': 0.4, 'gamma': 1.4000000000000001}. Best is trial 64 with value: 0.5719024798842646.
[I 2023-10-12 03:47:54,196] Trial 82 finished with value: 0.558028017867192 and parameters: {'w0': 0.458, 'w1': 0.738, 'w2': 0.806, 'w3': 0.36, 'w4': 0.756, 'w5': 0.5700000000000001, 'w6': 0.778, 'w7': 0.7010000000000001, 'w8': 0.5720000000000001, 'max_depth': 4, 'min_child_weight': 16, 'subsample': 0.6000000000000001, 'colsample_bytree': 0.8, 'gamma': 1.6}. Best is trial 64 with value: 0.5719024798842646.
[I 2023-10-12 03:48:08,250] Trial 83 finished with value: 0.5586692425167098 and parameters: {'w0': 0.448, 'w1': 0.744, 'w2': 0.803, 'w3': 0.394, 'w4': 0.8300000000000001, 'w5': 0.516, 'w6': 0.796, 'w7': 0.65, 'w8': 0.5730000000000001, 'max_depth': 4, 'min_child_weight': 16, 'subsample': 0.6000000000000001, 'colsample_bytree': 0.8, 'gamma': 1.4000000000000001}. Best is trial 64 with value: 0.5719024798842646.
[I 2023-10-12 03:48:45,227] Trial 77 finished with value: 0.5594972599104379 and parameters: {'w0': 0.25, 'w1': 0.661, 'w2': 0.6940000000000001, 'w3': 0.399, 'w4': 0.781, 'w5': 0.775, 'w6': 0.808, 'w7': 0.654, 'w8': 0.502, 'max_depth': 6, 'min_child_weight': 16, 'subsample': 0.6000000000000001, 'colsample_bytree': 0.7, 'gamma': 1.4000000000000001}. Best is trial 64 with value: 0.5719024798842646.
[I 2023-10-12 03:49:06,004] Trial 86 finished with value: 0.558826439898399 and parameters: {'w0': 0.47800000000000004, 'w1': 0.753, 'w2': 0.809, 'w3': 0.384, 'w4': 0.844, 'w5': 0.5720000000000001, 'w6': 0.805, 'w7': 0.674, 'w8': 0.557, 'max_depth': 4, 'min_child_weight': 16, 'subsample': 0.6000000000000001, 'colsample_bytree': 0.4, 'gamma': 1.6}. Best is trial 64 with value: 0.5719024798842646.
[I 2023-10-12 03:49:12,005] Trial 85 finished with value: 0.5569055905591542 and parameters: {'w0': 0.446, 'w1': 0.715, 'w2': 0.685, 'w3': 0.40800000000000003, 'w4': 0.647, 'w5': 0.555, 'w6': 0.806, 'w7': 0.683, 'w8': 0.584, 'max_depth': 4, 'min_child_weight': 16, 'subsample': 0.6000000000000001, 'colsample_bytree': 0.8, 'gamma': 1.4000000000000001}. Best is trial 64 with value: 0.5719024798842646.
[I 2023-10-12 03:50:30,802] Trial 84 finished with value: 0.5526225677370216 and parameters: {'w0': 0.487, 'w1': 0.744, 'w2': 0.6920000000000001, 'w3': 0.41300000000000003, 'w4': 0.447, 'w5': 0.527, 'w6': 0.843, 'w7': 0.679, 'w8': 0.586, 'max_depth': 5, 'min_child_weight': 16, 'subsample': 0.6000000000000001, 'colsample_bytree': 0.8, 'gamma': 1.4000000000000001}. Best is trial 64 with value: 0.5719024798842646.
[I 2023-10-12 03:50:52,600] Trial 80 finished with value: 0.5545916734839719 and parameters: {'w0': 0.452, 'w1': 0.75, 'w2': 0.6880000000000001, 'w3': 0.405, 'w4': 0.784, 'w5': 0.781, 'w6': 0.802, 'w7': 0.715, 'w8': 0.524, 'max_depth': 6, 'min_child_weight': 16, 'subsample': 0.6000000000000001, 'colsample_bytree': 0.4, 'gamma': 1.4000000000000001}. Best is trial 64 with value: 0.5719024798842646.
[I 2023-10-12 03:50:54,349] Trial 89 finished with value: 0.5470956071457755 and parameters: {'w0': 0.47500000000000003, 'w1': 0.734, 'w2': 0.6920000000000001, 'w3': 0.38, 'w4': 0.843, 'w5': 0.554, 'w6': 0.837, 'w7': 0.674, 'w8': 0.328, 'max_depth': 4, 'min_child_weight': 18, 'subsample': 0.6000000000000001, 'colsample_bytree': 0.4, 'gamma': 1.4000000000000001}. Best is trial 64 with value: 0.5719024798842646.
[I 2023-10-12 03:51:00,464] Trial 88 finished with value: 0.5644931313678107 and parameters: {'w0': 0.457, 'w1': 0.73, 'w2': 0.739, 'w3': 0.804, 'w4': 0.847, 'w5': 0.5770000000000001, 'w6': 0.8300000000000001, 'w7': 0.679, 'w8': 0.595, 'max_depth': 4, 'min_child_weight': 12, 'subsample': 0.6000000000000001, 'colsample_bytree': 0.4, 'gamma': 1.4000000000000001}. Best is trial 64 with value: 0.5719024798842646.
[I 2023-10-12 03:51:11,658] Trial 90 finished with value: 0.5579288533162907 and parameters: {'w0': 0.454, 'w1': 0.745, 'w2': 0.686, 'w3': 0.375, 'w4': 0.839, 'w5': 0.5670000000000001, 'w6': 0.853, 'w7': 0.6970000000000001, 'w8': 0.605, 'max_depth': 4, 'min_child_weight': 18, 'subsample': 0.6000000000000001, 'colsample_bytree': 0.4, 'gamma': 1.8}. Best is trial 64 with value: 0.5719024798842646.
[I 2023-10-12 03:51:20,475] Trial 87 finished with value: 0.5653022873602171 and parameters: {'w0': 0.465, 'w1': 0.709, 'w2': 0.707, 'w3': 0.394, 'w4': 0.8330000000000001, 'w5': 0.6890000000000001, 'w6': 0.864, 'w7': 0.655, 'w8': 0.582, 'max_depth': 4, 'min_child_weight': 12, 'subsample': 0.6000000000000001, 'colsample_bytree': 0.8, 'gamma': 1.6}. Best is trial 64 with value: 0.5719024798842646.
[I 2023-10-12 03:56:18,022] Trial 91 finished with value: 0.5618568473162522 and parameters: {'w0': 0.451, 'w1': 0.725, 'w2': 0.708, 'w3': 0.523, 'w4': 0.845, 'w5': 0.5670000000000001, 'w6': 0.873, 'w7': 0.709, 'w8': 0.587, 'max_depth': 5, 'min_child_weight': 18, 'subsample': 0.6000000000000001, 'colsample_bytree': 0.4, 'gamma': 1.4000000000000001}. Best is trial 64 with value: 0.5719024798842646.
[I 2023-10-12 04:00:26,138] Trial 92 finished with value: 0.5590271082670007 and parameters: {'w0': 0.439, 'w1': 0.512, 'w2': 0.736, 'w3': 0.524, 'w4': 0.839, 'w5': 0.557, 'w6': 0.852, 'w7': 0.6900000000000001, 'w8': 0.559, 'max_depth': 5, 'min_child_weight': 18, 'subsample': 0.6000000000000001, 'colsample_bytree': 0.4, 'gamma': 0.0}. Best is trial 64 with value: 0.5719024798842646.
[I 2023-10-12 04:02:37,500] Trial 94 finished with value: 0.5530966484394115 and parameters: {'w0': 0.542, 'w1': 0.709, 'w2': 0.432, 'w3': 0.714, 'w4': 0.8290000000000001, 'w5': 0.551, 'w6': 0.872, 'w7': 0.6960000000000001, 'w8': 0.583, 'max_depth': 4, 'min_child_weight': 18, 'subsample': 0.7, 'colsample_bytree': 0.4, 'gamma': 0.0}. Best is trial 64 with value: 0.5719024798842646.
[I 2023-10-12 04:03:05,736] Trial 93 finished with value: 0.5618171919218284 and parameters: {'w0': 0.524, 'w1': 0.509, 'w2': 0.723, 'w3': 0.524, 'w4': 0.856, 'w5': 0.555, 'w6': 0.864, 'w7': 0.6880000000000001, 'w8': 0.326, 'max_depth': 5, 'min_child_weight': 6, 'subsample': 0.6000000000000001, 'colsample_bytree': 0.4, 'gamma': 0.0}. Best is trial 64 with value: 0.5719024798842646.
[I 2023-10-12 04:07:09,077] Trial 95 finished with value: 0.5669402427151591 and parameters: {'w0': 0.786, 'w1': 0.506, 'w2': 0.735, 'w3': 0.712, 'w4': 0.8280000000000001, 'w5': 0.598, 'w6': 0.853, 'w7': 0.464, 'w8': 0.588, 'max_depth': 5, 'min_child_weight': 18, 'subsample': 0.7, 'colsample_bytree': 0.8, 'gamma': 0.0}. Best is trial 64 with value: 0.5719024798842646.
[I 2023-10-12 04:07:29,684] Trial 96 finished with value: 0.5657009314095007 and parameters: {'w0': 0.77, 'w1': 0.503, 'w2': 0.742, 'w3': 0.722, 'w4': 0.843, 'w5': 0.687, 'w6': 0.65, 'w7': 0.463, 'w8': 0.586, 'max_depth': 5, 'min_child_weight': 6, 'subsample': 0.7, 'colsample_bytree': 0.4, 'gamma': 0.0}. Best is trial 64 with value: 0.5719024798842646.
[I 2023-10-12 04:08:06,935] Trial 97 finished with value: 0.573908699589994 and parameters: {'w0': 0.533, 'w1': 0.6980000000000001, 'w2': 0.735, 'w3': 0.714, 'w4': 0.853, 'w5': 0.687, 'w6': 0.656, 'w7': 0.47600000000000003, 'w8': 0.682, 'max_depth': 5, 'min_child_weight': 6, 'subsample': 0.7, 'colsample_bytree': 0.4, 'gamma': 0.0}. Best is trial 97 with value: 0.573908699589994.
[I 2023-10-12 04:08:34,856] Trial 98 finished with value: 0.5636484702084746 and parameters: {'w0': 0.54, 'w1': 0.493, 'w2': 0.739, 'w3': 0.714, 'w4': 0.853, 'w5': 0.6950000000000001, 'w6': 0.877, 'w7': 0.47000000000000003, 'w8': 0.333, 'max_depth': 5, 'min_child_weight': 6, 'subsample': 0.7, 'colsample_bytree': 0.4, 'gamma': 0.0}. Best is trial 97 with value: 0.573908699589994.
[I 2023-10-12 04:10:50,293] Trial 107 finished with value: 0.5632649922529209 and parameters: {'w0': 0.537, 'w1': 0.787, 'w2': 0.73, 'w3': 0.72, 'w4': 0.937, 'w5': 0.685, 'w6': 0.895, 'w7': 0.461, 'w8': 0.546, 'max_depth': 3, 'min_child_weight': 12, 'subsample': 0.7, 'colsample_bytree': 0.9000000000000001, 'gamma': 0.0}. Best is trial 97 with value: 0.573908699589994.
[I 2023-10-12 04:10:54,629] Trial 104 finished with value: 0.5675050502842146 and parameters: {'w0': 0.529, 'w1': 0.511, 'w2': 0.743, 'w3': 0.722, 'w4': 0.933, 'w5': 0.6880000000000001, 'w6': 0.655, 'w7': 0.458, 'w8': 0.6940000000000001, 'max_depth': 5, 'min_child_weight': 6, 'subsample': 0.7, 'colsample_bytree': 0.4, 'gamma': 0.0}. Best is trial 97 with value: 0.573908699589994.
