[I 2023-10-10 17:10:39,507] Trial 277 finished with value: 0.6096561028841057 and parameters: {'w0': 0.542, 'w1': 0.775, 'w2': 0.14, 'w3': 0.439, 'w4': 0.731, 'w5': 0.48000000000000004, 'w6': 0.804, 'w7': 0.14500000000000002, 'w8': 0.894, 'max_depth': 5, 'min_child_weight': 20, 'subsample': 0.9000000000000001, 'colsample_bytree': 0.6000000000000001, 'gamma': 0.6000000000000001}. Best is trial 266 with value: 0.6134362376758583.
[I 2023-10-10 17:10:42,199] Trial 275 finished with value: 0.6000111580393723 and parameters: {'w0': 0.803, 'w1': 0.782, 'w2': 0.436, 'w3': 0.40700000000000003, 'w4': 0.854, 'w5': 0.47800000000000004, 'w6': 0.8, 'w7': 0.621, 'w8': 0.885, 'max_depth': 5, 'min_child_weight': 20, 'subsample': 0.8, 'colsample_bytree': 1.0, 'gamma': 0.6000000000000001}. Best is trial 266 with value: 0.6134362376758583.
[I 2023-10-10 17:11:56,084] Trial 276 finished with value: 0.5983546547673319 and parameters: {'w0': 0.374, 'w1': 0.775, 'w2': 0.55, 'w3': 0.386, 'w4': 0.884, 'w5': 0.47900000000000004, 'w6': 0.805, 'w7': 0.17600000000000002, 'w8': 0.798, 'max_depth': 5, 'min_child_weight': 20, 'subsample': 0.8, 'colsample_bytree': 1.0, 'gamma': 0.6000000000000001}. Best is trial 266 with value: 0.6134362376758583.
[I 2023-10-10 17:12:34,926] Trial 278 finished with value: 0.6058233308597807 and parameters: {'w0': 0.541, 'w1': 0.906, 'w2': 0.546, 'w3': 0.336, 'w4': 0.837, 'w5': 0.47000000000000003, 'w6': 0.807, 'w7': 0.611, 'w8': 0.799, 'max_depth': 5, 'min_child_weight': 20, 'subsample': 0.9000000000000001, 'colsample_bytree': 1.0, 'gamma': 0.6000000000000001}. Best is trial 266 with value: 0.6134362376758583.
[I 2023-10-10 17:15:54,351] Trial 281 finished with value: 0.6002012126396956 and parameters: {'w0': 0.374, 'w1': 0.913, 'w2': 0.578, 'w3': 0.378, 'w4': 0.73, 'w5': 0.48000000000000004, 'w6': 0.671, 'w7': 0.464, 'w8': 0.807, 'max_depth': 5, 'min_child_weight': 20, 'subsample': 0.7, 'colsample_bytree': 0.6000000000000001, 'gamma': 1.8}. Best is trial 266 with value: 0.6134362376758583.
[I 2023-10-10 17:16:36,570] Trial 280 finished with value: 0.6060044528284692 and parameters: {'w0': 0.372, 'w1': 0.908, 'w2': 0.429, 'w3': 0.641, 'w4': 0.72, 'w5': 0.46900000000000003, 'w6': 0.989, 'w7': 0.47100000000000003, 'w8': 0.798, 'max_depth': 5, 'min_child_weight': 20, 'subsample': 0.8, 'colsample_bytree': 0.6000000000000001, 'gamma': 0.6000000000000001}. Best is trial 266 with value: 0.6134362376758583.
[I 2023-10-10 17:17:55,474] Trial 283 finished with value: 0.6010765151604607 and parameters: {'w0': 0.368, 'w1': 0.41700000000000004, 'w2': 0.422, 'w3': 0.47500000000000003, 'w4': 0.863, 'w5': 0.481, 'w6': 0.988, 'w7': 0.17500000000000002, 'w8': 0.895, 'max_depth': 5, 'min_child_weight': 18, 'subsample': 0.9000000000000001, 'colsample_bytree': 1.0, 'gamma': 0.8}. Best is trial 266 with value: 0.6134362376758583.
[I 2023-10-10 17:19:17,487] Trial 282 finished with value: 0.585088721983192 and parameters: {'w0': 0.375, 'w1': 0.834, 'w2': 0.5760000000000001, 'w3': 0.647, 'w4': 0.324, 'w5': 0.47700000000000004, 'w6': 0.997, 'w7': 0.51, 'w8': 0.797, 'max_depth': 5, 'min_child_weight': 20, 'subsample': 0.8, 'colsample_bytree': 1.0, 'gamma': 0.6000000000000001}. Best is trial 266 with value: 0.6134362376758583.
[I 2023-10-10 17:19:22,659] Trial 284 finished with value: 0.5971384695813124 and parameters: {'w0': 0.384, 'w1': 0.908, 'w2': 0.443, 'w3': 0.381, 'w4': 0.733, 'w5': 0.47700000000000004, 'w6': 0.986, 'w7': 0.14200000000000002, 'w8': 0.803, 'max_depth': 5, 'min_child_weight': 18, 'subsample': 0.8, 'colsample_bytree': 1.0, 'gamma': 0.6000000000000001}. Best is trial 266 with value: 0.6134362376758583.
[I 2023-10-10 17:19:42,150] Trial 286 finished with value: 0.539202667201064 and parameters: {'w0': 0.371, 'w1': 0.902, 'w2': 0.428, 'w3': 0.338, 'w4': 0.27, 'w5': 0.47400000000000003, 'w6': 0.056, 'w7': 0.512, 'w8': 0.798, 'max_depth': 4, 'min_child_weight': 18, 'subsample': 0.8, 'colsample_bytree': 1.0, 'gamma': 0.6000000000000001}. Best is trial 266 with value: 0.6134362376758583.
[I 2023-10-10 17:24:36,223] Trial 285 finished with value: 0.6136612876545847 and parameters: {'w0': 0.373, 'w1': 0.912, 'w2': 0.446, 'w3': 0.377, 'w4': 0.718, 'w5': 0.47300000000000003, 'w6': 0.996, 'w7': 0.508, 'w8': 0.807, 'max_depth': 7, 'min_child_weight': 18, 'subsample': 0.9000000000000001, 'colsample_bytree': 1.0, 'gamma': 0.6000000000000001}. Best is trial 285 with value: 0.6136612876545847.
[I 2023-10-10 17:29:07,934] Trial 287 finished with value: 0.5792364803434373 and parameters: {'w0': 0.384, 'w1': 0.8330000000000001, 'w2': 0.445, 'w3': 0.372, 'w4': 0.2, 'w5': 0.47900000000000004, 'w6': 0.982, 'w7': 0.512, 'w8': 0.798, 'max_depth': 7, 'min_child_weight': 18, 'subsample': 0.8, 'colsample_bytree': 1.0, 'gamma': 0.6000000000000001}. Best is trial 285 with value: 0.6136612876545847.
[I 2023-10-10 17:30:24,469] Trial 288 finished with value: 0.610455567885877 and parameters: {'w0': 0.371, 'w1': 0.87, 'w2': 0.441, 'w3': 0.654, 'w4': 0.8170000000000001, 'w5': 0.47300000000000003, 'w6': 1.0, 'w7': 0.504, 'w8': 0.804, 'max_depth': 7, 'min_child_weight': 18, 'subsample': 0.8, 'colsample_bytree': 1.0, 'gamma': 0.8}. Best is trial 285 with value: 0.6136612876545847.
[I 2023-10-10 17:30:37,805] Trial 293 finished with value: 0.6009887743626678 and parameters: {'w0': 0.377, 'w1': 0.751, 'w2': 0.429, 'w3': 0.432, 'w4': 0.733, 'w5': 0.43, 'w6': 0.994, 'w7': 0.14200000000000002, 'w8': 0.794, 'max_depth': 5, 'min_child_weight': 18, 'subsample': 0.9000000000000001, 'colsample_bytree': 0.6000000000000001, 'gamma': 0.2}. Best is trial 285 with value: 0.6136612876545847.
[I 2023-10-10 17:31:27,182] Trial 289 finished with value: 0.6101048149884862 and parameters: {'w0': 0.373, 'w1': 0.908, 'w2': 0.419, 'w3': 0.37, 'w4': 0.8180000000000001, 'w5': 0.47900000000000004, 'w6': 0.999, 'w7': 0.515, 'w8': 0.798, 'max_depth': 7, 'min_child_weight': 18, 'subsample': 0.8, 'colsample_bytree': 1.0, 'gamma': 0.6000000000000001}. Best is trial 285 with value: 0.6136612876545847.
[I 2023-10-10 17:32:50,418] Trial 290 finished with value: 0.6120035007951574 and parameters: {'w0': 0.404, 'w1': 0.872, 'w2': 0.444, 'w3': 0.439, 'w4': 0.8130000000000001, 'w5': 0.485, 'w6': 0.676, 'w7': 0.515, 'w8': 0.794, 'max_depth': 7, 'min_child_weight': 18, 'subsample': 0.8, 'colsample_bytree': 1.0, 'gamma': 0.8}. Best is trial 285 with value: 0.6136612876545847.
[I 2023-10-10 17:32:55,039] Trial 295 finished with value: 0.6081381342884083 and parameters: {'w0': 0.327, 'w1': 0.751, 'w2': 0.443, 'w3': 0.433, 'w4': 0.722, 'w5': 0.487, 'w6': 1.0, 'w7': 0.512, 'w8': 0.84, 'max_depth': 5, 'min_child_weight': 18, 'subsample': 0.9000000000000001, 'colsample_bytree': 1.0, 'gamma': 0.2}. Best is trial 285 with value: 0.6136612876545847.
[I 2023-10-10 17:33:20,353] Trial 294 finished with value: 0.5961898342607592 and parameters: {'w0': 0.334, 'w1': 0.797, 'w2': 0.524, 'w3': 0.426, 'w4': 0.87, 'w5': 0.5700000000000001, 'w6': 0.997, 'w7': 0.107, 'w8': 0.799, 'max_depth': 7, 'min_child_weight': 18, 'subsample': 0.9000000000000001, 'colsample_bytree': 0.9000000000000001, 'gamma': 0.8}. Best is trial 285 with value: 0.6136612876545847.
[I 2023-10-10 17:34:57,062] Trial 301 finished with value: 0.575547109569835 and parameters: {'w0': 0.337, 'w1': 0.743, 'w2': 0.487, 'w3': 0.437, 'w4': 0.8130000000000001, 'w5': 0.5720000000000001, 'w6': 0.999, 'w7': 0.044000000000000004, 'w8': 0.847, 'max_depth': 7, 'min_child_weight': 18, 'subsample': 0.9000000000000001, 'colsample_bytree': 0.6000000000000001, 'gamma': 1.4000000000000001}. Best is trial 285 with value: 0.6136612876545847.
[I 2023-10-10 17:35:01,292] Trial 291 finished with value: 0.6106164627505893 and parameters: {'w0': 0.337, 'w1': 0.835, 'w2': 0.45, 'w3': 0.332, 'w4': 0.875, 'w5': 0.47700000000000004, 'w6': 0.998, 'w7': 0.514, 'w8': 0.797, 'max_depth': 7, 'min_child_weight': 18, 'subsample': 0.9000000000000001, 'colsample_bytree': 1.0, 'gamma': 0.2}. Best is trial 285 with value: 0.6136612876545847.
[I 2023-10-10 17:36:21,920] Trial 292 finished with value: 0.6115311053768707 and parameters: {'w0': 0.28900000000000003, 'w1': 0.798, 'w2': 0.432, 'w3': 0.437, 'w4': 0.906, 'w5': 0.484, 'w6': 0.99, 'w7': 0.517, 'w8': 0.802, 'max_depth': 7, 'min_child_weight': 18, 'subsample': 0.9000000000000001, 'colsample_bytree': 1.0, 'gamma': 0.0}. Best is trial 285 with value: 0.6136612876545847.
[I 2023-10-10 17:37:28,064] Trial 297 finished with value: 0.5874015901470614 and parameters: {'w0': 0.333, 'w1': 0.742, 'w2': 0.447, 'w3': 0.438, 'w4': 0.801, 'w5': 0.5760000000000001, 'w6': 0.997, 'w7': 0.052000000000000005, 'w8': 0.841, 'max_depth': 7, 'min_child_weight': 18, 'subsample': 0.9000000000000001, 'colsample_bytree': 1.0, 'gamma': 0.8}. Best is trial 285 with value: 0.6136612876545847.
[I 2023-10-10 17:40:11,159] Trial 296 finished with value: 0.6037054022730596 and parameters: {'w0': 0.33, 'w1': 0.744, 'w2': 0.908, 'w3': 0.428, 'w4': 0.903, 'w5': 0.5720000000000001, 'w6': 0.995, 'w7': 0.51, 'w8': 0.834, 'max_depth': 7, 'min_child_weight': 18, 'subsample': 1.0, 'colsample_bytree': 0.6000000000000001, 'gamma': 0.0}. Best is trial 285 with value: 0.6136612876545847.
[I 2023-10-10 17:41:26,194] Trial 298 finished with value: 0.5423307271076283 and parameters: {'w0': 0.33, 'w1': 0.8310000000000001, 'w2': 0.004, 'w3': 0.435, 'w4': 0.8, 'w5': 0.62, 'w6': 0.997, 'w7': 0.056, 'w8': 0.837, 'max_depth': 7, 'min_child_weight': 18, 'subsample': 0.9000000000000001, 'colsample_bytree': 0.6000000000000001, 'gamma': 0.0}. Best is trial 285 with value: 0.6136612876545847.
[I 2023-10-10 17:43:42,948] Trial 299 finished with value: 0.5546309164895551 and parameters: {'w0': 0.323, 'w1': 0.746, 'w2': 0.14100000000000001, 'w3': 0.682, 'w4': 0.218, 'w5': 0.44, 'w6': 0.982, 'w7': 0.517, 'w8': 0.835, 'max_depth': 7, 'min_child_weight': 18, 'subsample': 0.9000000000000001, 'colsample_bytree': 0.6000000000000001, 'gamma': 0.2}. Best is trial 285 with value: 0.6136612876545847.
[I 2023-10-10 17:43:58,193] Trial 300 finished with value: 0.551898404548467 and parameters: {'w0': 0.5710000000000001, 'w1': 0.743, 'w2': 0.009000000000000001, 'w3': 0.439, 'w4': 0.809, 'w5': 0.624, 'w6': 0.9470000000000001, 'w7': 0.51, 'w8': 0.8300000000000001, 'max_depth': 7, 'min_child_weight': 18, 'subsample': 0.9000000000000001, 'colsample_bytree': 0.6000000000000001, 'gamma': 0.2}. Best is trial 285 with value: 0.6136612876545847.
[I 2023-10-10 17:49:45,237] Trial 302 finished with value: 0.6125050119570956 and parameters: {'w0': 0.322, 'w1': 0.746, 'w2': 0.442, 'w3': 0.437, 'w4': 0.903, 'w5': 0.434, 'w6': 0.985, 'w7': 0.509, 'w8': 0.843, 'max_depth': 7, 'min_child_weight': 18, 'subsample': 0.9000000000000001, 'colsample_bytree': 0.9000000000000001, 'gamma': 0.2}. Best is trial 285 with value: 0.6136612876545847.
[I 2023-10-10 17:51:15,116] Trial 305 finished with value: 0.5856687788130552 and parameters: {'w0': 0.327, 'w1': 0.747, 'w2': 0.445, 'w3': 0.7010000000000001, 'w4': 0.8, 'w5': 0.5710000000000001, 'w6': 0.983, 'w7': 0.052000000000000005, 'w8': 0.842, 'max_depth': 7, 'min_child_weight': 18, 'subsample': 0.9000000000000001, 'colsample_bytree': 0.9000000000000001, 'gamma': 0.8}. Best is trial 285 with value: 0.6136612876545847.
[I 2023-10-10 17:53:25,175] Trial 303 finished with value: 0.6116341531279067 and parameters: {'w0': 0.404, 'w1': 0.738, 'w2': 0.448, 'w3': 0.435, 'w4': 0.795, 'w5': 0.5730000000000001, 'w6': 0.9470000000000001, 'w7': 0.46900000000000003, 'w8': 0.842, 'max_depth': 7, 'min_child_weight': 18, 'subsample': 0.9000000000000001, 'colsample_bytree': 0.6000000000000001, 'gamma': 0.2}. Best is trial 285 with value: 0.6136612876545847.
[I 2023-10-10 17:55:02,972] Trial 304 finished with value: 0.6075011698812991 and parameters: {'w0': 0.331, 'w1': 0.871, 'w2': 0.40700000000000003, 'w3': 0.675, 'w4': 0.902, 'w5': 0.434, 'w6': 0.997, 'w7': 0.11800000000000001, 'w8': 0.836, 'max_depth': 7, 'min_child_weight': 18, 'subsample': 0.9000000000000001, 'colsample_bytree': 0.9000000000000001, 'gamma': 0.2}. Best is trial 285 with value: 0.6136612876545847.
[I 2023-10-10 17:56:31,959] Trial 309 finished with value: 0.5744930948816489 and parameters: {'w0': 0.338, 'w1': 0.748, 'w2': 0.4, 'w3': 0.681, 'w4': 0.802, 'w5': 0.431, 'w6': 0.999, 'w7': 0.02, 'w8': 0.835, 'max_depth': 7, 'min_child_weight': 0, 'subsample': 0.9000000000000001, 'colsample_bytree': 0.6000000000000001, 'gamma': 0.4}. Best is trial 285 with value: 0.6136612876545847.
[I 2023-10-10 17:56:49,116] Trial 308 finished with value: 0.5845762302757315 and parameters: {'w0': 0.331, 'w1': 0.8, 'w2': 0.41400000000000003, 'w3': 0.424, 'w4': 0.904, 'w5': 0.437, 'w6': 0.998, 'w7': 0.513, 'w8': 0.133, 'max_depth': 7, 'min_child_weight': 18, 'subsample': 0.9000000000000001, 'colsample_bytree': 0.6000000000000001, 'gamma': 0.4}. Best is trial 285 with value: 0.6136612876545847.
[I 2023-10-10 17:57:11,130] Trial 307 finished with value: 0.6027415127234191 and parameters: {'w0': 0.341, 'w1': 0.738, 'w2': 0.446, 'w3': 0.432, 'w4': 0.904, 'w5': 0.5680000000000001, 'w6': 0.982, 'w7': 0.108, 'w8': 0.727, 'max_depth': 7, 'min_child_weight': 18, 'subsample': 0.9000000000000001, 'colsample_bytree': 0.6000000000000001, 'gamma': 0.2}. Best is trial 285 with value: 0.6136612876545847.
[I 2023-10-10 17:57:32,156] Trial 306 finished with value: 0.6073983657719919 and parameters: {'w0': 0.332, 'w1': 0.796, 'w2': 0.442, 'w3': 0.7020000000000001, 'w4': 0.795, 'w5': 0.442, 'w6': 0.999, 'w7': 0.519, 'w8': 0.838, 'max_depth': 7, 'min_child_weight': 18, 'subsample': 0.9000000000000001, 'colsample_bytree': 0.9000000000000001, 'gamma': 0.0}. Best is trial 285 with value: 0.6136612876545847.
[I 2023-10-10 17:59:24,780] Trial 311 finished with value: 0.6102052595264016 and parameters: {'w0': 0.301, 'w1': 0.74, 'w2': 0.441, 'w3': 0.6920000000000001, 'w4': 0.894, 'w5': 0.443, 'w6': 0.9420000000000001, 'w7': 0.515, 'w8': 0.737, 'max_depth': 7, 'min_child_weight': 18, 'subsample': 1.0, 'colsample_bytree': 0.6000000000000001, 'gamma': 0.0}. Best is trial 285 with value: 0.6136612876545847.
[I 2023-10-10 18:00:03,503] Trial 310 finished with value: 0.6064986110734655 and parameters: {'w0': 0.295, 'w1': 0.731, 'w2': 0.402, 'w3': 0.672, 'w4': 0.725, 'w5': 0.429, 'w6': 0.9440000000000001, 'w7': 0.52, 'w8': 0.74, 'max_depth': 7, 'min_child_weight': 18, 'subsample': 1.0, 'colsample_bytree': 0.9000000000000001, 'gamma': 0.0}. Best is trial 285 with value: 0.6136612876545847.
[I 2023-10-10 18:00:36,135] Trial 312 finished with value: 0.607969434280676 and parameters: {'w0': 0.28300000000000003, 'w1': 0.792, 'w2': 0.406, 'w3': 0.665, 'w4': 0.909, 'w5': 0.434, 'w6': 0.997, 'w7': 0.509, 'w8': 0.777, 'max_depth': 7, 'min_child_weight': 18, 'subsample': 0.9000000000000001, 'colsample_bytree': 0.6000000000000001, 'gamma': 0.0}. Best is trial 285 with value: 0.6136612876545847.
[I 2023-10-10 18:02:03,651] Trial 313 finished with value: 0.6125117405204985 and parameters: {'w0': 0.32, 'w1': 0.8330000000000001, 'w2': 0.406, 'w3': 0.717, 'w4': 0.918, 'w5': 0.438, 'w6': 0.98, 'w7': 0.51, 'w8': 0.74, 'max_depth': 7, 'min_child_weight': 18, 'subsample': 0.9000000000000001, 'colsample_bytree': 0.6000000000000001, 'gamma': 0.0}. Best is trial 285 with value: 0.6136612876545847.
[I 2023-10-10 18:05:57,048] Trial 314 finished with value: 0.6127191368356851 and parameters: {'w0': 0.28700000000000003, 'w1': 0.789, 'w2': 0.445, 'w3': 0.681, 'w4': 0.898, 'w5': 0.443, 'w6': 0.9460000000000001, 'w7': 0.517, 'w8': 0.727, 'max_depth': 7, 'min_child_weight': 18, 'subsample': 0.9000000000000001, 'colsample_bytree': 1.0, 'gamma': 0.2}. Best is trial 285 with value: 0.6136612876545847.
[I 2023-10-10 18:07:00,766] Trial 315 finished with value: 0.612812512334085 and parameters: {'w0': 0.297, 'w1': 0.8280000000000001, 'w2': 0.402, 'w3': 0.664, 'w4': 0.901, 'w5': 0.433, 'w6': 0.976, 'w7': 0.52, 'w8': 0.783, 'max_depth': 7, 'min_child_weight': 16, 'subsample': 0.9000000000000001, 'colsample_bytree': 1.0, 'gamma': 0.2}. Best is trial 285 with value: 0.6136612876545847.
[I 2023-10-10 18:09:41,436] Trial 317 finished with value: 0.6134330788471358 and parameters: {'w0': 0.28700000000000003, 'w1': 0.793, 'w2': 0.423, 'w3': 0.387, 'w4': 0.887, 'w5': 0.436, 'w6': 0.9430000000000001, 'w7': 0.496, 'w8': 0.782, 'max_depth': 7, 'min_child_weight': 16, 'subsample': 0.9000000000000001, 'colsample_bytree': 1.0, 'gamma': 0.2}. Best is trial 285 with value: 0.6136612876545847.
[I 2023-10-10 18:09:46,373] Trial 316 finished with value: 0.612594767635009 and parameters: {'w0': 0.309, 'w1': 0.788, 'w2': 0.395, 'w3': 0.666, 'w4': 0.902, 'w5': 0.435, 'w6': 0.9490000000000001, 'w7': 0.514, 'w8': 0.737, 'max_depth': 7, 'min_child_weight': 16, 'subsample': 0.9000000000000001, 'colsample_bytree': 1.0, 'gamma': 0.2}. Best is trial 285 with value: 0.6136612876545847.
[I 2023-10-10 18:14:18,017] Trial 318 finished with value: 0.5750573640104971 and parameters: {'w0': 0.28, 'w1': 0.056, 'w2': 0.401, 'w3': 0.674, 'w4': 0.87, 'w5': 0.493, 'w6': 0.9410000000000001, 'w7': 0.11900000000000001, 'w8': 0.747, 'max_depth': 7, 'min_child_weight': 16, 'subsample': 0.9000000000000001, 'colsample_bytree': 1.0, 'gamma': 0.2}. Best is trial 285 with value: 0.6136612876545847.
[I 2023-10-10 18:15:56,637] Trial 319 finished with value: 0.5641995426978853 and parameters: {'w0': 0.29, 'w1': 0.794, 'w2': 0.396, 'w3': 0.357, 'w4': 0.902, 'w5': 0.489, 'w6': 0.9430000000000001, 'w7': 0.008, 'w8': 0.721, 'max_depth': 7, 'min_child_weight': 16, 'subsample': 0.9000000000000001, 'colsample_bytree': 1.0, 'gamma': 0.4}. Best is trial 285 with value: 0.6136612876545847.
[I 2023-10-10 18:19:50,321] Trial 321 finished with value: 0.6080002973351938 and parameters: {'w0': 0.293, 'w1': 0.794, 'w2': 0.395, 'w3': 0.682, 'w4': 0.887, 'w5': 0.433, 'w6': 0.979, 'w7': 0.11, 'w8': 0.775, 'max_depth': 7, 'min_child_weight': 18, 'subsample': 0.9000000000000001, 'colsample_bytree': 0.9000000000000001, 'gamma': 0.0}. Best is trial 285 with value: 0.6136612876545847.
[I 2023-10-10 18:21:12,395] Trial 323 finished with value: 0.614783673068297 and parameters: {'w0': 0.298, 'w1': 0.868, 'w2': 0.397, 'w3': 0.684, 'w4': 0.9600000000000001, 'w5': 0.491, 'w6': 0.9430000000000001, 'w7': 0.484, 'w8': 0.729, 'max_depth': 7, 'min_child_weight': 18, 'subsample': 1.0, 'colsample_bytree': 0.9000000000000001, 'gamma': 0.0}. Best is trial 323 with value: 0.614783673068297.
[I 2023-10-10 18:21:28,643] Trial 324 finished with value: 0.5808863249087465 and parameters: {'w0': 0.296, 'w1': 0.042, 'w2': 0.43, 'w3': 0.627, 'w4': 0.872, 'w5': 0.494, 'w6': 0.9450000000000001, 'w7': 0.484, 'w8': 0.785, 'max_depth': 7, 'min_child_weight': 18, 'subsample': 0.9000000000000001, 'colsample_bytree': 0.9000000000000001, 'gamma': 0.0}. Best is trial 323 with value: 0.614783673068297.
[I 2023-10-10 18:21:38,183] Trial 322 finished with value: 0.6130368934076249 and parameters: {'w0': 0.294, 'w1': 0.807, 'w2': 0.403, 'w3': 0.681, 'w4': 0.718, 'w5': 0.18, 'w6': 0.9460000000000001, 'w7': 0.487, 'w8': 0.779, 'max_depth': 7, 'min_child_weight': 18, 'subsample': 0.9000000000000001, 'colsample_bytree': 0.9000000000000001, 'gamma': 0.0}. Best is trial 323 with value: 0.614783673068297.
[I 2023-10-10 18:22:43,171] Trial 325 finished with value: 0.6131560508822553 and parameters: {'w0': 0.3, 'w1': 0.798, 'w2': 0.404, 'w3': 0.669, 'w4': 0.9, 'w5': 0.446, 'w6': 0.9470000000000001, 'w7': 0.488, 'w8': 0.782, 'max_depth': 7, 'min_child_weight': 18, 'subsample': 0.9000000000000001, 'colsample_bytree': 0.9000000000000001, 'gamma': 0.0}. Best is trial 323 with value: 0.614783673068297.
[I 2023-10-10 18:23:22,640] Trial 326 finished with value: 0.6083956972743274 and parameters: {'w0': 0.281, 'w1': 0.8, 'w2': 0.399, 'w3': 0.614, 'w4': 0.915, 'w5': 0.442, 'w6': 0.9470000000000001, 'w7': 0.121, 'w8': 0.782, 'max_depth': 7, 'min_child_weight': 18, 'subsample': 1.0, 'colsample_bytree': 0.9000000000000001, 'gamma': 0.0}. Best is trial 323 with value: 0.614783673068297.
[I 2023-10-10 18:24:08,068] Trial 328 finished with value: 0.611386267979772 and parameters: {'w0': 0.278, 'w1': 0.718, 'w2': 0.41300000000000003, 'w3': 0.707, 'w4': 0.902, 'w5': 0.49, 'w6': 0.588, 'w7': 0.484, 'w8': 0.773, 'max_depth': 7, 'min_child_weight': 18, 'subsample': 1.0, 'colsample_bytree': 0.6000000000000001, 'gamma': 0.0}. Best is trial 323 with value: 0.614783673068297.
[I 2023-10-10 18:25:07,487] Trial 329 finished with value: 0.6136714497408127 and parameters: {'w0': 0.311, 'w1': 0.79, 'w2': 0.41700000000000004, 'w3': 0.707, 'w4': 0.9410000000000001, 'w5': 0.486, 'w6': 0.9420000000000001, 'w7': 0.483, 'w8': 0.782, 'max_depth': 7, 'min_child_weight': 16, 'subsample': 1.0, 'colsample_bytree': 0.6000000000000001, 'gamma': 0.0}. Best is trial 323 with value: 0.614783673068297.
[I 2023-10-10 18:25:07,669] Trial 327 finished with value: 0.6142112319099136 and parameters: {'w0': 0.291, 'w1': 0.798, 'w2': 0.42, 'w3': 0.724, 'w4': 0.914, 'w5': 0.273, 'w6': 0.977, 'w7': 0.483, 'w8': 0.777, 'max_depth': 7, 'min_child_weight': 18, 'subsample': 0.9000000000000001, 'colsample_bytree': 0.9000000000000001, 'gamma': 0.0}. Best is trial 323 with value: 0.614783673068297.
[I 2023-10-10 18:29:36,401] Trial 330 finished with value: 0.5900827651225224 and parameters: {'w0': 0.276, 'w1': 0.79, 'w2': 0.423, 'w3': 0.731, 'w4': 0.9500000000000001, 'w5': 0.195, 'w6': 0.974, 'w7': 0.916, 'w8': 0.707, 'max_depth': 7, 'min_child_weight': 18, 'subsample': 1.0, 'colsample_bytree': 0.6000000000000001, 'gamma': 0.0}. Best is trial 323 with value: 0.614783673068297.
[I 2023-10-10 18:31:29,301] Trial 331 finished with value: 0.6092452917155254 and parameters: {'w0': 0.276, 'w1': 0.793, 'w2': 0.425, 'w3': 0.729, 'w4': 0.924, 'w5': 0.455, 'w6': 0.977, 'w7': 0.544, 'w8': 0.77, 'max_depth': 7, 'min_child_weight': 16, 'subsample': 0.9000000000000001, 'colsample_bytree': 0.6000000000000001, 'gamma': 0.0}. Best is trial 323 with value: 0.614783673068297.
