[I 2023-10-10 22:52:04,416] Trial 552 finished with value: 0.6185661599737666 and parameters: {'w0': 0.301, 'w1': 0.657, 'w2': 0.405, 'w3': 0.932, 'w4': 1.0, 'w5': 0.369, 'w6': 0.916, 'w7': 0.372, 'w8': 0.716, 'max_depth': 7, 'min_child_weight': 16, 'subsample': 1.0, 'colsample_bytree': 0.9000000000000001, 'gamma': 0.0}. Best is trial 523 with value: 0.6234345839763995.
[I 2023-10-10 22:54:17,767] Trial 553 finished with value: 0.6186222322592028 and parameters: {'w0': 0.312, 'w1': 0.651, 'w2': 0.41700000000000004, 'w3': 0.9430000000000001, 'w4': 0.886, 'w5': 0.385, 'w6': 0.918, 'w7': 0.363, 'w8': 0.719, 'max_depth': 8, 'min_child_weight': 16, 'subsample': 1.0, 'colsample_bytree': 0.9000000000000001, 'gamma': 0.0}. Best is trial 523 with value: 0.6234345839763995.
[I 2023-10-10 22:54:48,181] Trial 555 finished with value: 0.6184762599426896 and parameters: {'w0': 0.297, 'w1': 0.65, 'w2': 0.41500000000000004, 'w3': 0.923, 'w4': 0.982, 'w5': 0.387, 'w6': 0.922, 'w7': 0.373, 'w8': 0.724, 'max_depth': 7, 'min_child_weight': 16, 'subsample': 1.0, 'colsample_bytree': 0.9000000000000001, 'gamma': 0.0}. Best is trial 523 with value: 0.6234345839763995.
[I 2023-10-10 22:55:45,040] Trial 554 finished with value: 0.6182153335050222 and parameters: {'w0': 0.295, 'w1': 0.65, 'w2': 0.40900000000000003, 'w3': 0.92, 'w4': 0.983, 'w5': 0.366, 'w6': 0.916, 'w7': 0.36, 'w8': 0.719, 'max_depth': 8, 'min_child_weight': 16, 'subsample': 1.0, 'colsample_bytree': 0.9000000000000001, 'gamma': 0.0}. Best is trial 523 with value: 0.6234345839763995.
[I 2023-10-10 22:57:16,034] Trial 556 finished with value: 0.6130387819862211 and parameters: {'w0': 0.307, 'w1': 0.651, 'w2': 0.41500000000000004, 'w3': 0.918, 'w4': 1.0, 'w5': 0.387, 'w6': 0.921, 'w7': 0.366, 'w8': 0.335, 'max_depth': 7, 'min_child_weight': 16, 'subsample': 1.0, 'colsample_bytree': 0.9000000000000001, 'gamma': 0.0}. Best is trial 523 with value: 0.6234345839763995.
[I 2023-10-10 22:58:01,135] Trial 557 finished with value: 0.6163270647340848 and parameters: {'w0': 0.31, 'w1': 0.659, 'w2': 0.41200000000000003, 'w3': 0.9510000000000001, 'w4': 0.888, 'w5': 0.388, 'w6': 0.921, 'w7': 0.364, 'w8': 0.716, 'max_depth': 7, 'min_child_weight': 16, 'subsample': 1.0, 'colsample_bytree': 0.9000000000000001, 'gamma': 0.0}. Best is trial 523 with value: 0.6234345839763995.
[I 2023-10-10 23:01:11,146] Trial 558 finished with value: 0.6186943416154527 and parameters: {'w0': 0.315, 'w1': 0.651, 'w2': 0.421, 'w3': 0.937, 'w4': 0.983, 'w5': 0.364, 'w6': 0.923, 'w7': 0.34700000000000003, 'w8': 0.716, 'max_depth': 7, 'min_child_weight': 16, 'subsample': 1.0, 'colsample_bytree': 0.9000000000000001, 'gamma': 0.0}. Best is trial 523 with value: 0.6234345839763995.
[I 2023-10-10 23:03:28,124] Trial 559 finished with value: 0.616271673680025 and parameters: {'w0': 0.28400000000000003, 'w1': 0.659, 'w2': 0.419, 'w3': 0.928, 'w4': 1.0, 'w5': 0.364, 'w6': 0.924, 'w7': 0.372, 'w8': 0.72, 'max_depth': 7, 'min_child_weight': 16, 'subsample': 1.0, 'colsample_bytree': 0.9000000000000001, 'gamma': 0.0}. Best is trial 523 with value: 0.6234345839763995.
[I 2023-10-10 23:04:16,078] Trial 560 finished with value: 0.6176413654869906 and parameters: {'w0': 0.314, 'w1': 0.663, 'w2': 0.425, 'w3': 0.708, 'w4': 0.983, 'w5': 0.364, 'w6': 0.924, 'w7': 0.372, 'w8': 0.72, 'max_depth': 7, 'min_child_weight': 16, 'subsample': 1.0, 'colsample_bytree': 0.9000000000000001, 'gamma': 0.0}. Best is trial 523 with value: 0.6234345839763995.
[I 2023-10-10 23:07:40,881] Trial 561 finished with value: 0.619324285349563 and parameters: {'w0': 0.31, 'w1': 0.642, 'w2': 0.428, 'w3': 0.911, 'w4': 1.0, 'w5': 0.373, 'w6': 0.924, 'w7': 0.372, 'w8': 0.727, 'max_depth': 6, 'min_child_weight': 16, 'subsample': 1.0, 'colsample_bytree': 0.9000000000000001, 'gamma': 0.0}. Best is trial 523 with value: 0.6234345839763995.
[I 2023-10-10 23:11:10,801] Trial 562 finished with value: 0.6175163312197651 and parameters: {'w0': 0.301, 'w1': 0.664, 'w2': 0.419, 'w3': 0.929, 'w4': 0.981, 'w5': 0.396, 'w6': 0.919, 'w7': 0.379, 'w8': 0.722, 'max_depth': 7, 'min_child_weight': 12, 'subsample': 1.0, 'colsample_bytree': 0.9000000000000001, 'gamma': 0.0}. Best is trial 523 with value: 0.6234345839763995.
[I 2023-10-10 23:11:48,117] Trial 566 finished with value: 0.615921727767251 and parameters: {'w0': 0.315, 'w1': 0.66, 'w2': 0.42, 'w3': 0.917, 'w4': 0.98, 'w5': 0.396, 'w6': 0.931, 'w7': 0.377, 'w8': 0.728, 'max_depth': 6, 'min_child_weight': 12, 'subsample': 1.0, 'colsample_bytree': 0.3, 'gamma': 0.0}. Best is trial 523 with value: 0.6234345839763995.
[I 2023-10-10 23:11:54,833] Trial 563 finished with value: 0.6198811225354823 and parameters: {'w0': 0.304, 'w1': 0.663, 'w2': 0.419, 'w3': 0.933, 'w4': 1.0, 'w5': 0.359, 'w6': 0.932, 'w7': 0.371, 'w8': 0.726, 'max_depth': 7, 'min_child_weight': 12, 'subsample': 1.0, 'colsample_bytree': 0.9000000000000001, 'gamma': 0.0}. Best is trial 523 with value: 0.6234345839763995.
[I 2023-10-10 23:12:05,953] Trial 564 finished with value: 0.6198732810919334 and parameters: {'w0': 0.302, 'w1': 0.666, 'w2': 0.421, 'w3': 0.9470000000000001, 'w4': 1.0, 'w5': 0.392, 'w6': 0.926, 'w7': 0.374, 'w8': 0.715, 'max_depth': 6, 'min_child_weight': 16, 'subsample': 1.0, 'colsample_bytree': 0.9000000000000001, 'gamma': 0.0}. Best is trial 523 with value: 0.6234345839763995.
[I 2023-10-10 23:12:15,295] Trial 567 finished with value: 0.614288823957328 and parameters: {'w0': 0.31, 'w1': 0.669, 'w2': 0.418, 'w3': 0.983, 'w4': 0.873, 'w5': 0.398, 'w6': 0.861, 'w7': 0.372, 'w8': 0.729, 'max_depth': 6, 'min_child_weight': 12, 'subsample': 1.0, 'colsample_bytree': 0.3, 'gamma': 0.0}. Best is trial 523 with value: 0.6234345839763995.
[I 2023-10-10 23:13:43,972] Trial 565 finished with value: 0.6161209805122148 and parameters: {'w0': 0.308, 'w1': 0.658, 'w2': 0.424, 'w3': 0.931, 'w4': 0.872, 'w5': 0.396, 'w6': 0.933, 'w7': 0.375, 'w8': 0.724, 'max_depth': 7, 'min_child_weight': 14, 'subsample': 1.0, 'colsample_bytree': 0.3, 'gamma': 0.0}. Best is trial 523 with value: 0.6234345839763995.
[I 2023-10-10 23:14:42,206] Trial 568 finished with value: 0.6201965583840775 and parameters: {'w0': 0.312, 'w1': 0.637, 'w2': 0.438, 'w3': 0.915, 'w4': 0.864, 'w5': 0.394, 'w6': 0.929, 'w7': 0.378, 'w8': 0.723, 'max_depth': 6, 'min_child_weight': 12, 'subsample': 1.0, 'colsample_bytree': 0.9000000000000001, 'gamma': 0.0}. Best is trial 523 with value: 0.6234345839763995.
[I 2023-10-10 23:16:37,735] Trial 569 finished with value: 0.6201047237902082 and parameters: {'w0': 0.318, 'w1': 0.64, 'w2': 0.431, 'w3': 0.9450000000000001, 'w4': 0.869, 'w5': 0.398, 'w6': 0.928, 'w7': 0.374, 'w8': 0.722, 'max_depth': 6, 'min_child_weight': 10, 'subsample': 1.0, 'colsample_bytree': 0.9000000000000001, 'gamma': 0.0}. Best is trial 523 with value: 0.6234345839763995.
[I 2023-10-10 23:17:07,168] Trial 570 finished with value: 0.6138826394054059 and parameters: {'w0': 0.305, 'w1': 0.634, 'w2': 0.428, 'w3': 0.9530000000000001, 'w4': 0.865, 'w5': 0.401, 'w6': 0.931, 'w7': 0.374, 'w8': 0.728, 'max_depth': 6, 'min_child_weight': 10, 'subsample': 1.0, 'colsample_bytree': 0.9000000000000001, 'gamma': 0.0}. Best is trial 523 with value: 0.6234345839763995.
[I 2023-10-10 23:23:05,139] Trial 571 finished with value: 0.6173538010449083 and parameters: {'w0': 0.305, 'w1': 0.632, 'w2': 0.426, 'w3': 0.9530000000000001, 'w4': 0.869, 'w5': 0.399, 'w6': 0.916, 'w7': 0.374, 'w8': 0.724, 'max_depth': 8, 'min_child_weight': 14, 'subsample': 1.0, 'colsample_bytree': 0.9000000000000001, 'gamma': 0.0}. Best is trial 523 with value: 0.6234345839763995.
[I 2023-10-10 23:24:37,756] Trial 572 finished with value: 0.6161142009537611 and parameters: {'w0': 0.314, 'w1': 0.631, 'w2': 0.429, 'w3': 0.9500000000000001, 'w4': 0.862, 'w5': 0.396, 'w6': 0.929, 'w7': 0.374, 'w8': 0.727, 'max_depth': 8, 'min_child_weight': 12, 'subsample': 1.0, 'colsample_bytree': 0.9000000000000001, 'gamma': 0.0}. Best is trial 523 with value: 0.6234345839763995.
[I 2023-10-10 23:25:12,524] Trial 573 finished with value: 0.6161336756639033 and parameters: {'w0': 0.31, 'w1': 0.628, 'w2': 0.424, 'w3': 0.985, 'w4': 0.87, 'w5': 0.398, 'w6': 0.924, 'w7': 0.378, 'w8': 0.728, 'max_depth': 8, 'min_child_weight': 12, 'subsample': 1.0, 'colsample_bytree': 0.9000000000000001, 'gamma': 0.0}. Best is trial 523 with value: 0.6234345839763995.
[I 2023-10-10 23:28:42,723] Trial 574 finished with value: 0.6195275758514323 and parameters: {'w0': 0.305, 'w1': 0.636, 'w2': 0.427, 'w3': 0.968, 'w4': 0.866, 'w5': 0.401, 'w6': 0.936, 'w7': 0.382, 'w8': 0.728, 'max_depth': 8, 'min_child_weight': 16, 'subsample': 1.0, 'colsample_bytree': 0.9000000000000001, 'gamma': 0.0}. Best is trial 523 with value: 0.6234345839763995.
[I 2023-10-10 23:30:33,626] Trial 577 finished with value: 0.6196232710513971 and parameters: {'w0': 0.31, 'w1': 0.634, 'w2': 0.432, 'w3': 0.9470000000000001, 'w4': 0.979, 'w5': 0.398, 'w6': 0.933, 'w7': 0.391, 'w8': 0.736, 'max_depth': 6, 'min_child_weight': 10, 'subsample': 1.0, 'colsample_bytree': 0.9000000000000001, 'gamma': 0.0}. Best is trial 523 with value: 0.6234345839763995.
[I 2023-10-10 23:31:18,270] Trial 575 finished with value: 0.6178952819533204 and parameters: {'w0': 0.316, 'w1': 0.632, 'w2': 0.435, 'w3': 0.983, 'w4': 0.868, 'w5': 0.395, 'w6': 0.927, 'w7': 0.381, 'w8': 0.729, 'max_depth': 8, 'min_child_weight': 10, 'subsample': 1.0, 'colsample_bytree': 0.9000000000000001, 'gamma': 0.0}. Best is trial 523 with value: 0.6234345839763995.
[I 2023-10-10 23:31:58,922] Trial 576 finished with value: 0.6188094311324088 and parameters: {'w0': 0.299, 'w1': 0.635, 'w2': 0.437, 'w3': 0.962, 'w4': 0.869, 'w5': 0.386, 'w6': 0.932, 'w7': 0.376, 'w8': 0.731, 'max_depth': 8, 'min_child_weight': 10, 'subsample': 1.0, 'colsample_bytree': 0.9000000000000001, 'gamma': 0.0}. Best is trial 523 with value: 0.6234345839763995.
[I 2023-10-10 23:34:10,736] Trial 581 finished with value: 0.5896046795939964 and parameters: {'w0': 0.312, 'w1': 0.634, 'w2': 0.438, 'w3': 0.983, 'w4': 0.27, 'w5': 0.397, 'w6': 0.9410000000000001, 'w7': 0.388, 'w8': 0.764, 'max_depth': 6, 'min_child_weight': 16, 'subsample': 1.0, 'colsample_bytree': 0.9000000000000001, 'gamma': 0.0}. Best is trial 523 with value: 0.6234345839763995.
[I 2023-10-10 23:34:38,995] Trial 580 finished with value: 0.6166076823127605 and parameters: {'w0': 0.309, 'w1': 0.624, 'w2': 0.442, 'w3': 0.9590000000000001, 'w4': 0.976, 'w5': 0.36, 'w6': 0.936, 'w7': 0.377, 'w8': 0.767, 'max_depth': 6, 'min_child_weight': 12, 'subsample': 1.0, 'colsample_bytree': 0.9000000000000001, 'gamma': 0.0}. Best is trial 523 with value: 0.6234345839763995.
[I 2023-10-10 23:34:41,627] Trial 579 finished with value: 0.6170776897316502 and parameters: {'w0': 0.309, 'w1': 0.632, 'w2': 0.434, 'w3': 0.971, 'w4': 0.978, 'w5': 0.399, 'w6': 0.935, 'w7': 0.384, 'w8': 0.77, 'max_depth': 6, 'min_child_weight': 12, 'subsample': 1.0, 'colsample_bytree': 0.9000000000000001, 'gamma': 0.0}. Best is trial 523 with value: 0.6234345839763995.
[I 2023-10-10 23:34:52,948] Trial 582 finished with value: 0.6172836126746738 and parameters: {'w0': 0.308, 'w1': 0.609, 'w2': 0.434, 'w3': 0.9560000000000001, 'w4': 0.979, 'w5': 0.358, 'w6': 0.935, 'w7': 0.383, 'w8': 0.761, 'max_depth': 6, 'min_child_weight': 16, 'subsample': 1.0, 'colsample_bytree': 0.9000000000000001, 'gamma': 0.0}. Best is trial 523 with value: 0.6234345839763995.
[I 2023-10-10 23:35:26,752] Trial 583 finished with value: 0.5821512619366725 and parameters: {'w0': 0.321, 'w1': 0.61, 'w2': 0.442, 'w3': 0.964, 'w4': 0.17200000000000001, 'w5': 0.358, 'w6': 0.9380000000000001, 'w7': 0.386, 'w8': 0.753, 'max_depth': 6, 'min_child_weight': 16, 'subsample': 1.0, 'colsample_bytree': 0.9000000000000001, 'gamma': 0.0}. Best is trial 523 with value: 0.6234345839763995.
[I 2023-10-10 23:37:42,733] Trial 578 finished with value: 0.5838160135565504 and parameters: {'w0': 0.306, 'w1': 0.634, 'w2': 0.435, 'w3': 0.966, 'w4': 0.163, 'w5': 0.398, 'w6': 0.9410000000000001, 'w7': 0.383, 'w8': 0.732, 'max_depth': 8, 'min_child_weight': 16, 'subsample': 1.0, 'colsample_bytree': 0.9000000000000001, 'gamma': 0.0}. Best is trial 523 with value: 0.6234345839763995.
[I 2023-10-10 23:37:52,082] Trial 584 finished with value: 0.6156245099133432 and parameters: {'w0': 0.316, 'w1': 0.63, 'w2': 0.423, 'w3': 0.963, 'w4': 0.98, 'w5': 0.35000000000000003, 'w6': 0.9380000000000001, 'w7': 0.388, 'w8': 0.769, 'max_depth': 6, 'min_child_weight': 12, 'subsample': 1.0, 'colsample_bytree': 0.9000000000000001, 'gamma': 0.0}. Best is trial 523 with value: 0.6234345839763995.
[I 2023-10-10 23:39:21,594] Trial 585 finished with value: 0.6198970017260704 and parameters: {'w0': 0.323, 'w1': 0.63, 'w2': 0.449, 'w3': 0.9520000000000001, 'w4': 0.979, 'w5': 0.393, 'w6': 0.9500000000000001, 'w7': 0.34600000000000003, 'w8': 0.743, 'max_depth': 6, 'min_child_weight': 10, 'subsample': 1.0, 'colsample_bytree': 0.9000000000000001, 'gamma': 0.0}. Best is trial 523 with value: 0.6234345839763995.
[I 2023-10-10 23:40:09,932] Trial 586 finished with value: 0.6175016785388194 and parameters: {'w0': 0.322, 'w1': 0.602, 'w2': 0.451, 'w3': 0.9580000000000001, 'w4': 0.98, 'w5': 0.357, 'w6': 0.9380000000000001, 'w7': 0.34600000000000003, 'w8': 0.762, 'max_depth': 6, 'min_child_weight': 12, 'subsample': 1.0, 'colsample_bytree': 0.9000000000000001, 'gamma': 0.0}. Best is trial 523 with value: 0.6234345839763995.
[I 2023-10-10 23:45:30,462] Trial 587 finished with value: 0.6170150043508479 and parameters: {'w0': 0.323, 'w1': 0.598, 'w2': 0.448, 'w3': 0.984, 'w4': 0.981, 'w5': 0.398, 'w6': 0.9540000000000001, 'w7': 0.34600000000000003, 'w8': 0.774, 'max_depth': 6, 'min_child_weight': 12, 'subsample': 1.0, 'colsample_bytree': 0.9000000000000001, 'gamma': 0.0}. Best is trial 523 with value: 0.6234345839763995.
[I 2023-10-10 23:47:07,419] Trial 589 finished with value: 0.6151912630995063 and parameters: {'w0': 0.324, 'w1': 0.62, 'w2': 0.452, 'w3': 0.9600000000000001, 'w4': 0.98, 'w5': 0.359, 'w6': 0.9430000000000001, 'w7': 0.343, 'w8': 0.771, 'max_depth': 6, 'min_child_weight': 10, 'subsample': 1.0, 'colsample_bytree': 0.9000000000000001, 'gamma': 0.0}. Best is trial 523 with value: 0.6234345839763995.
[I 2023-10-10 23:47:16,243] Trial 588 finished with value: 0.6165505156573247 and parameters: {'w0': 0.322, 'w1': 0.614, 'w2': 0.437, 'w3': 0.976, 'w4': 0.981, 'w5': 0.364, 'w6': 0.9530000000000001, 'w7': 0.34600000000000003, 'w8': 0.763, 'max_depth': 6, 'min_child_weight': 10, 'subsample': 1.0, 'colsample_bytree': 0.9000000000000001, 'gamma': 0.0}. Best is trial 523 with value: 0.6234345839763995.
[I 2023-10-10 23:50:42,305] Trial 590 finished with value: 0.6178345462730971 and parameters: {'w0': 0.321, 'w1': 0.601, 'w2': 0.465, 'w3': 0.9510000000000001, 'w4': 0.982, 'w5': 0.36, 'w6': 0.9480000000000001, 'w7': 0.343, 'w8': 0.772, 'max_depth': 6, 'min_child_weight': 10, 'subsample': 1.0, 'colsample_bytree': 0.9000000000000001, 'gamma': 0.0}. Best is trial 523 with value: 0.6234345839763995.
[I 2023-10-10 23:52:41,112] Trial 591 finished with value: 0.6186328649003572 and parameters: {'w0': 0.324, 'w1': 0.596, 'w2': 0.457, 'w3': 0.971, 'w4': 0.983, 'w5': 0.402, 'w6': 0.9520000000000001, 'w7': 0.388, 'w8': 0.759, 'max_depth': 6, 'min_child_weight': 10, 'subsample': 1.0, 'colsample_bytree': 0.9000000000000001, 'gamma': 0.0}. Best is trial 523 with value: 0.6234345839763995.
[I 2023-10-10 23:53:21,043] Trial 592 finished with value: 0.6186331642261236 and parameters: {'w0': 0.327, 'w1': 0.609, 'w2': 0.443, 'w3': 0.9590000000000001, 'w4': 0.983, 'w5': 0.355, 'w6': 0.935, 'w7': 0.39, 'w8': 0.767, 'max_depth': 6, 'min_child_weight': 10, 'subsample': 1.0, 'colsample_bytree': 0.9000000000000001, 'gamma': 0.0}. Best is trial 523 with value: 0.6234345839763995.
[I 2023-10-10 23:53:29,529] Trial 593 finished with value: 0.5890163689926011 and parameters: {'w0': 0.297, 'w1': 0.603, 'w2': 0.454, 'w3': 0.973, 'w4': 0.167, 'w5': 0.41300000000000003, 'w6': 0.9520000000000001, 'w7': 0.39, 'w8': 0.76, 'max_depth': 6, 'min_child_weight': 10, 'subsample': 1.0, 'colsample_bytree': 0.9000000000000001, 'gamma': 0.0}. Best is trial 523 with value: 0.6234345839763995.
[I 2023-10-10 23:56:08,124] Trial 594 finished with value: 0.6164209569926863 and parameters: {'w0': 0.294, 'w1': 0.601, 'w2': 0.454, 'w3': 0.97, 'w4': 0.849, 'w5': 0.41300000000000003, 'w6': 0.9540000000000001, 'w7': 0.394, 'w8': 0.756, 'max_depth': 6, 'min_child_weight': 10, 'subsample': 1.0, 'colsample_bytree': 0.9000000000000001, 'gamma': 0.0}. Best is trial 523 with value: 0.6234345839763995.
[I 2023-10-10 23:56:40,352] Trial 596 finished with value: 0.6189753195187183 and parameters: {'w0': 0.328, 'w1': 0.597, 'w2': 0.456, 'w3': 0.994, 'w4': 0.871, 'w5': 0.40900000000000003, 'w6': 0.9470000000000001, 'w7': 0.34600000000000003, 'w8': 0.75, 'max_depth': 6, 'min_child_weight': 10, 'subsample': 1.0, 'colsample_bytree': 0.9000000000000001, 'gamma': 0.0}. Best is trial 523 with value: 0.6234345839763995.
[I 2023-10-10 23:56:47,492] Trial 595 finished with value: 0.615707276541716 and parameters: {'w0': 0.329, 'w1': 0.602, 'w2': 0.451, 'w3': 0.969, 'w4': 0.983, 'w5': 0.41400000000000003, 'w6': 0.934, 'w7': 0.34600000000000003, 'w8': 0.767, 'max_depth': 6, 'min_child_weight': 10, 'subsample': 1.0, 'colsample_bytree': 0.9000000000000001, 'gamma': 0.0}. Best is trial 523 with value: 0.6234345839763995.
[I 2023-10-10 23:57:05,159] Trial 597 finished with value: 0.613393020343231 and parameters: {'w0': 0.342, 'w1': 0.603, 'w2': 0.458, 'w3': 0.9600000000000001, 'w4': 0.856, 'w5': 0.41100000000000003, 'w6': 0.9560000000000001, 'w7': 0.35100000000000003, 'w8': 0.746, 'max_depth': 6, 'min_child_weight': 10, 'subsample': 1.0, 'colsample_bytree': 0.9000000000000001, 'gamma': 0.0}. Best is trial 523 with value: 0.6234345839763995.
[I 2023-10-10 23:57:44,739] Trial 598 finished with value: 0.6171787301551859 and parameters: {'w0': 0.335, 'w1': 0.604, 'w2': 0.456, 'w3': 0.9520000000000001, 'w4': 0.845, 'w5': 0.418, 'w6': 0.9560000000000001, 'w7': 0.34700000000000003, 'w8': 0.76, 'max_depth': 6, 'min_child_weight': 10, 'subsample': 1.0, 'colsample_bytree': 0.9000000000000001, 'gamma': 0.0}. Best is trial 523 with value: 0.6234345839763995.
[I 2023-10-10 23:59:59,040] Trial 599 finished with value: 0.617845112309369 and parameters: {'w0': 0.334, 'w1': 0.6, 'w2': 0.453, 'w3': 0.993, 'w4': 0.9590000000000001, 'w5': 0.383, 'w6': 0.961, 'w7': 0.342, 'w8': 0.75, 'max_depth': 6, 'min_child_weight': 10, 'subsample': 1.0, 'colsample_bytree': 0.9000000000000001, 'gamma': 0.0}. Best is trial 523 with value: 0.6234345839763995.
[I 2023-10-11 00:00:18,605] Trial 600 finished with value: 0.6194460627893555 and parameters: {'w0': 0.34400000000000003, 'w1': 0.621, 'w2': 0.465, 'w3': 0.992, 'w4': 0.85, 'w5': 0.41300000000000003, 'w6': 0.9580000000000001, 'w7': 0.34800000000000003, 'w8': 0.754, 'max_depth': 6, 'min_child_weight': 10, 'subsample': 1.0, 'colsample_bytree': 0.9000000000000001, 'gamma': 0.0}. Best is trial 523 with value: 0.6234345839763995.
[I 2023-10-11 00:01:38,319] Trial 601 finished with value: 0.6152638763386116 and parameters: {'w0': 0.336, 'w1': 0.615, 'w2': 0.458, 'w3': 0.9480000000000001, 'w4': 0.846, 'w5': 0.387, 'w6': 0.9450000000000001, 'w7': 0.34700000000000003, 'w8': 0.749, 'max_depth': 6, 'min_child_weight': 8, 'subsample': 1.0, 'colsample_bytree': 0.9000000000000001, 'gamma': 0.0}. Best is trial 523 with value: 0.6234345839763995.
[I 2023-10-11 00:02:56,817] Trial 602 finished with value: 0.6139970142707192 and parameters: {'w0': 0.34600000000000003, 'w1': 0.62, 'w2': 0.47000000000000003, 'w3': 0.9420000000000001, 'w4': 0.894, 'w5': 0.41700000000000004, 'w6': 0.9590000000000001, 'w7': 0.34700000000000003, 'w8': 0.6990000000000001, 'max_depth': 6, 'min_child_weight': 10, 'subsample': 1.0, 'colsample_bytree': 0.9000000000000001, 'gamma': 0.0}. Best is trial 523 with value: 0.6234345839763995.
[I 2023-10-11 00:03:34,647] Trial 608 finished with value: 0.5853289864814561 and parameters: {'w0': 0.35000000000000003, 'w1': 0.603, 'w2': 0.463, 'w3': 0.9420000000000001, 'w4': 0.863, 'w5': 0.41100000000000003, 'w6': 0.964, 'w7': 0.396, 'w8': 0.74, 'max_depth': 6, 'min_child_weight': 10, 'subsample': 1.0, 'colsample_bytree': 0.9000000000000001, 'gamma': 4.800000000000001}. Best is trial 523 with value: 0.6234345839763995.
[I 2023-10-11 00:08:16,262] Trial 603 finished with value: 0.6147257409830322 and parameters: {'w0': 0.29, 'w1': 0.618, 'w2': 0.461, 'w3': 0.996, 'w4': 0.861, 'w5': 0.418, 'w6': 0.962, 'w7': 0.34800000000000003, 'w8': 0.7010000000000001, 'max_depth': 6, 'min_child_weight': 10, 'subsample': 1.0, 'colsample_bytree': 0.9000000000000001, 'gamma': 0.0}. Best is trial 523 with value: 0.6234345839763995.
[I 2023-10-11 00:08:20,689] Trial 614 finished with value: 0.5715169501159408 and parameters: {'w0': 0.292, 'w1': 0.58, 'w2': 0.47200000000000003, 'w3': 0.984, 'w4': 0.858, 'w5': 0.385, 'w6': 0.961, 'w7': 0.326, 'w8': 0.746, 'max_depth': 6, 'min_child_weight': 10, 'subsample': 1.0, 'colsample_bytree': 0.9000000000000001, 'gamma': 5.6000000000000005}. Best is trial 523 with value: 0.6234345839763995.
[I 2023-10-11 00:09:49,130] Trial 604 finished with value: 0.6155872685832423 and parameters: {'w0': 0.335, 'w1': 0.641, 'w2': 0.461, 'w3': 0.9440000000000001, 'w4': 0.862, 'w5': 0.41600000000000004, 'w6': 0.9600000000000001, 'w7': 0.34600000000000003, 'w8': 0.7010000000000001, 'max_depth': 6, 'min_child_weight': 10, 'subsample': 1.0, 'colsample_bytree': 0.9000000000000001, 'gamma': 0.0}. Best is trial 523 with value: 0.6234345839763995.
