[I 2023-10-11 08:10:47,673] Trial 1046 finished with value: 0.6220028640904038 and parameters: {'w0': 0.20600000000000002, 'w1': 0.763, 'w2': 0.192, 'w3': 0.646, 'w4': 0.879, 'w5': 0.312, 'w6': 1.0, 'w7': 0.177, 'w8': 0.628, 'max_depth': 6, 'min_child_weight': 2, 'subsample': 0.9000000000000001, 'colsample_bytree': 0.9000000000000001, 'gamma': 1.2000000000000002}. Best is trial 1043 with value: 0.6266149442384139.
[I 2023-10-11 08:10:53,288] Trial 1048 finished with value: 0.6146801768631972 and parameters: {'w0': 0.199, 'w1': 0.755, 'w2': 0.155, 'w3': 0.635, 'w4': 0.88, 'w5': 0.301, 'w6': 0.981, 'w7': 0.177, 'w8': 0.47300000000000003, 'max_depth': 6, 'min_child_weight': 2, 'subsample': 0.9000000000000001, 'colsample_bytree': 0.9000000000000001, 'gamma': 1.2000000000000002}. Best is trial 1043 with value: 0.6266149442384139.
[I 2023-10-11 08:10:55,576] Trial 1047 finished with value: 0.6238704764552487 and parameters: {'w0': 0.199, 'w1': 0.795, 'w2': 0.201, 'w3': 0.639, 'w4': 0.877, 'w5': 0.321, 'w6': 0.979, 'w7': 0.17400000000000002, 'w8': 0.515, 'max_depth': 6, 'min_child_weight': 2, 'subsample': 0.9000000000000001, 'colsample_bytree': 0.9000000000000001, 'gamma': 1.2000000000000002}. Best is trial 1043 with value: 0.6266149442384139.
[I 2023-10-11 08:11:23,963] Trial 1049 finished with value: 0.6178423458579159 and parameters: {'w0': 0.197, 'w1': 0.799, 'w2': 0.152, 'w3': 0.64, 'w4': 0.879, 'w5': 0.3, 'w6': 0.809, 'w7': 0.17300000000000001, 'w8': 0.504, 'max_depth': 6, 'min_child_weight': 2, 'subsample': 0.9000000000000001, 'colsample_bytree': 0.9000000000000001, 'gamma': 1.2000000000000002}. Best is trial 1043 with value: 0.6266149442384139.
[I 2023-10-11 08:12:56,772] Trial 1050 finished with value: 0.6193730699977319 and parameters: {'w0': 0.201, 'w1': 0.792, 'w2': 0.159, 'w3': 0.644, 'w4': 0.89, 'w5': 0.276, 'w6': 1.0, 'w7': 0.177, 'w8': 0.493, 'max_depth': 6, 'min_child_weight': 2, 'subsample': 0.9000000000000001, 'colsample_bytree': 0.9000000000000001, 'gamma': 1.2000000000000002}. Best is trial 1043 with value: 0.6266149442384139.
[I 2023-10-11 08:15:25,025] Trial 1051 finished with value: 0.6181653671049911 and parameters: {'w0': 0.193, 'w1': 0.799, 'w2': 0.201, 'w3': 0.648, 'w4': 0.877, 'w5': 0.303, 'w6': 0.9600000000000001, 'w7': 0.168, 'w8': 0.491, 'max_depth': 5, 'min_child_weight': 2, 'subsample': 0.9000000000000001, 'colsample_bytree': 0.9000000000000001, 'gamma': 1.2000000000000002}. Best is trial 1043 with value: 0.6266149442384139.
[I 2023-10-11 08:18:09,415] Trial 1052 finished with value: 0.6191936847830991 and parameters: {'w0': 0.198, 'w1': 0.791, 'w2': 0.156, 'w3': 0.637, 'w4': 0.879, 'w5': 0.323, 'w6': 0.803, 'w7': 0.17300000000000001, 'w8': 0.504, 'max_depth': 5, 'min_child_weight': 2, 'subsample': 0.8, 'colsample_bytree': 0.9000000000000001, 'gamma': 1.2000000000000002}. Best is trial 1043 with value: 0.6266149442384139.
[I 2023-10-11 08:18:33,706] Trial 1055 finished with value: 0.6120215461412764 and parameters: {'w0': 0.196, 'w1': 0.803, 'w2': 0.201, 'w3': 0.59, 'w4': 0.882, 'w5': 0.269, 'w6': 0.9520000000000001, 'w7': 0.17400000000000002, 'w8': 0.509, 'max_depth': 3, 'min_child_weight': 2, 'subsample': 0.8, 'colsample_bytree': 0.9000000000000001, 'gamma': 1.2000000000000002}. Best is trial 1043 with value: 0.6266149442384139.
[I 2023-10-11 08:19:09,491] Trial 1053 finished with value: 0.6213849880256312 and parameters: {'w0': 0.191, 'w1': 0.803, 'w2': 0.202, 'w3': 0.653, 'w4': 0.884, 'w5': 0.278, 'w6': 0.802, 'w7': 0.179, 'w8': 0.47100000000000003, 'max_depth': 5, 'min_child_weight': 2, 'subsample': 0.8, 'colsample_bytree': 0.9000000000000001, 'gamma': 1.2000000000000002}. Best is trial 1043 with value: 0.6266149442384139.
[I 2023-10-11 08:19:25,596] Trial 1054 finished with value: 0.6225424038968667 and parameters: {'w0': 0.189, 'w1': 0.807, 'w2': 0.199, 'w3': 0.661, 'w4': 0.886, 'w5': 0.277, 'w6': 0.802, 'w7': 0.177, 'w8': 0.493, 'max_depth': 5, 'min_child_weight': 2, 'subsample': 0.8, 'colsample_bytree': 0.9000000000000001, 'gamma': 1.2000000000000002}. Best is trial 1043 with value: 0.6266149442384139.
[I 2023-10-11 08:20:55,795] Trial 1057 finished with value: 0.6052570982479479 and parameters: {'w0': 0.192, 'w1': 0.797, 'w2': 0.153, 'w3': 0.647, 'w4': 0.882, 'w5': 0.276, 'w6': 0.985, 'w7': 0.17200000000000001, 'w8': 0.47700000000000004, 'max_depth': 3, 'min_child_weight': 2, 'subsample': 0.9000000000000001, 'colsample_bytree': 0.9000000000000001, 'gamma': 1.2000000000000002}. Best is trial 1043 with value: 0.6266149442384139.
[I 2023-10-11 08:21:00,304] Trial 1056 finished with value: 0.6179857922885421 and parameters: {'w0': 0.192, 'w1': 0.783, 'w2': 0.152, 'w3': 0.648, 'w4': 0.884, 'w5': 0.272, 'w6': 0.835, 'w7': 0.17200000000000001, 'w8': 0.482, 'max_depth': 6, 'min_child_weight': 2, 'subsample': 0.9000000000000001, 'colsample_bytree': 0.9000000000000001, 'gamma': 1.2000000000000002}. Best is trial 1043 with value: 0.6266149442384139.
[I 2023-10-11 08:23:54,107] Trial 1058 finished with value: 0.6224064487617124 and parameters: {'w0': 0.192, 'w1': 0.802, 'w2': 0.154, 'w3': 0.653, 'w4': 0.88, 'w5': 0.274, 'w6': 0.8190000000000001, 'w7': 0.17200000000000001, 'w8': 0.635, 'max_depth': 5, 'min_child_weight': 2, 'subsample': 0.8, 'colsample_bytree': 0.9000000000000001, 'gamma': 1.2000000000000002}. Best is trial 1043 with value: 0.6266149442384139.
[I 2023-10-11 08:24:05,282] Trial 1060 finished with value: 0.6146937527925171 and parameters: {'w0': 0.188, 'w1': 0.801, 'w2': 0.149, 'w3': 0.652, 'w4': 0.883, 'w5': 0.273, 'w6': 0.805, 'w7': 0.17200000000000001, 'w8': 0.632, 'max_depth': 5, 'min_child_weight': 2, 'subsample': 0.9000000000000001, 'colsample_bytree': 0.9000000000000001, 'gamma': 1.2000000000000002}. Best is trial 1043 with value: 0.6266149442384139.
[I 2023-10-11 08:24:36,739] Trial 1059 finished with value: 0.6247769630625534 and parameters: {'w0': 0.189, 'w1': 0.8, 'w2': 0.155, 'w3': 0.641, 'w4': 0.874, 'w5': 0.279, 'w6': 0.797, 'w7': 0.17200000000000001, 'w8': 0.625, 'max_depth': 5, 'min_child_weight': 2, 'subsample': 0.8, 'colsample_bytree': 0.9000000000000001, 'gamma': 1.2000000000000002}. Best is trial 1043 with value: 0.6266149442384139.
[I 2023-10-11 08:24:55,316] Trial 1063 finished with value: 0.6201219253208894 and parameters: {'w0': 0.182, 'w1': 0.802, 'w2': 0.15, 'w3': 0.656, 'w4': 0.836, 'w5': 0.271, 'w6': 0.804, 'w7': 0.139, 'w8': 0.5730000000000001, 'max_depth': 4, 'min_child_weight': 2, 'subsample': 0.8, 'colsample_bytree': 0.9000000000000001, 'gamma': 1.6}. Best is trial 1043 with value: 0.6266149442384139.
[I 2023-10-11 08:25:20,462] Trial 1064 finished with value: 0.6162914189115402 and parameters: {'w0': 0.189, 'w1': 0.808, 'w2': 0.154, 'w3': 0.652, 'w4': 0.84, 'w5': 0.276, 'w6': 0.999, 'w7': 0.139, 'w8': 0.462, 'max_depth': 4, 'min_child_weight': 0, 'subsample': 0.8, 'colsample_bytree': 0.9000000000000001, 'gamma': 1.6}. Best is trial 1043 with value: 0.6266149442384139.
[I 2023-10-11 08:25:36,401] Trial 1061 finished with value: 0.6239309400732951 and parameters: {'w0': 0.192, 'w1': 0.808, 'w2': 0.156, 'w3': 0.646, 'w4': 0.8190000000000001, 'w5': 0.277, 'w6': 0.768, 'w7': 0.14100000000000001, 'w8': 0.5730000000000001, 'max_depth': 5, 'min_child_weight': 2, 'subsample': 0.8, 'colsample_bytree': 0.9000000000000001, 'gamma': 1.2000000000000002}. Best is trial 1043 with value: 0.6266149442384139.
[I 2023-10-11 08:26:49,791] Trial 1062 finished with value: 0.6237186213500975 and parameters: {'w0': 0.185, 'w1': 0.791, 'w2': 0.156, 'w3': 0.592, 'w4': 0.841, 'w5': 0.269, 'w6': 0.979, 'w7': 0.14400000000000002, 'w8': 0.63, 'max_depth': 5, 'min_child_weight': 0, 'subsample': 0.8, 'colsample_bytree': 0.9000000000000001, 'gamma': 1.2000000000000002}. Best is trial 1043 with value: 0.6266149442384139.
[I 2023-10-11 08:27:19,297] Trial 1065 finished with value: 0.6223960255997089 and parameters: {'w0': 0.159, 'w1': 0.803, 'w2': 0.151, 'w3': 0.655, 'w4': 0.844, 'w5': 0.272, 'w6': 0.8220000000000001, 'w7': 0.138, 'w8': 0.449, 'max_depth': 5, 'min_child_weight': 0, 'subsample': 0.8, 'colsample_bytree': 0.9000000000000001, 'gamma': 1.2000000000000002}. Best is trial 1043 with value: 0.6266149442384139.
[I 2023-10-11 08:28:07,366] Trial 1066 finished with value: 0.6220198362258615 and parameters: {'w0': 0.165, 'w1': 0.763, 'w2': 0.159, 'w3': 0.65, 'w4': 0.8160000000000001, 'w5': 0.28400000000000003, 'w6': 0.8240000000000001, 'w7': 0.149, 'w8': 0.608, 'max_depth': 4, 'min_child_weight': 2, 'subsample': 0.8, 'colsample_bytree': 0.9000000000000001, 'gamma': 1.2000000000000002}. Best is trial 1043 with value: 0.6266149442384139.
[I 2023-10-11 08:29:26,118] Trial 1067 finished with value: 0.6218478238364153 and parameters: {'w0': 0.166, 'w1': 0.811, 'w2': 0.151, 'w3': 0.589, 'w4': 0.8160000000000001, 'w5': 0.272, 'w6': 0.8210000000000001, 'w7': 0.133, 'w8': 0.5690000000000001, 'max_depth': 5, 'min_child_weight': 0, 'subsample': 0.8, 'colsample_bytree': 0.9000000000000001, 'gamma': 1.6}. Best is trial 1043 with value: 0.6266149442384139.
[I 2023-10-11 08:32:22,099] Trial 1070 finished with value: 0.6218809492958175 and parameters: {'w0': 0.18, 'w1': 0.771, 'w2': 0.152, 'w3': 0.661, 'w4': 0.839, 'w5': 0.275, 'w6': 0.8150000000000001, 'w7': 0.14100000000000001, 'w8': 0.5730000000000001, 'max_depth': 6, 'min_child_weight': 0, 'subsample': 0.9000000000000001, 'colsample_bytree': 0.9000000000000001, 'gamma': 1.6}. Best is trial 1043 with value: 0.6266149442384139.
[I 2023-10-11 08:32:30,819] Trial 1068 finished with value: 0.6128681789343391 and parameters: {'w0': 0.164, 'w1': 0.812, 'w2': 0.203, 'w3': 0.662, 'w4': 0.8230000000000001, 'w5': 0.258, 'w6': 0.8150000000000001, 'w7': 0.137, 'w8': 0.461, 'max_depth': 6, 'min_child_weight': 0, 'subsample': 0.8, 'colsample_bytree': 0.9000000000000001, 'gamma': 1.6}. Best is trial 1043 with value: 0.6266149442384139.
[I 2023-10-11 08:32:51,428] Trial 1071 finished with value: 0.607246339421285 and parameters: {'w0': 0.166, 'w1': 0.769, 'w2': 0.23900000000000002, 'w3': 0.595, 'w4': 0.811, 'w5': 0.267, 'w6': 0.771, 'w7': 0.14300000000000002, 'w8': 0.44, 'max_depth': 6, 'min_child_weight': 0, 'subsample': 0.9000000000000001, 'colsample_bytree': 0.9000000000000001, 'gamma': 1.6}. Best is trial 1043 with value: 0.6266149442384139.
[I 2023-10-11 08:32:52,209] Trial 1069 finished with value: 0.6225039588647776 and parameters: {'w0': 0.162, 'w1': 0.808, 'w2': 0.153, 'w3': 0.549, 'w4': 0.837, 'w5': 0.273, 'w6': 0.803, 'w7': 0.139, 'w8': 0.5770000000000001, 'max_depth': 6, 'min_child_weight': 0, 'subsample': 0.9000000000000001, 'colsample_bytree': 0.9000000000000001, 'gamma': 1.2000000000000002}. Best is trial 1043 with value: 0.6266149442384139.
[I 2023-10-11 08:33:49,457] Trial 1073 finished with value: 0.6082695775852853 and parameters: {'w0': 0.157, 'w1': 0.764, 'w2': 0.23800000000000002, 'w3': 0.593, 'w4': 0.8150000000000001, 'w5': 0.292, 'w6': 0.8220000000000001, 'w7': 0.138, 'w8': 0.5730000000000001, 'max_depth': 6, 'min_child_weight': 2, 'subsample': 0.9000000000000001, 'colsample_bytree': 0.9000000000000001, 'gamma': 1.6}. Best is trial 1043 with value: 0.6266149442384139.
[I 2023-10-11 08:34:03,759] Trial 1072 finished with value: 0.6196502234542736 and parameters: {'w0': 0.158, 'w1': 0.776, 'w2': 0.157, 'w3': 0.594, 'w4': 0.8200000000000001, 'w5': 0.256, 'w6': 0.983, 'w7': 0.138, 'w8': 0.5740000000000001, 'max_depth': 6, 'min_child_weight': 0, 'subsample': 0.9000000000000001, 'colsample_bytree': 0.9000000000000001, 'gamma': 1.6}. Best is trial 1043 with value: 0.6266149442384139.
[I 2023-10-11 08:36:54,454] Trial 1074 finished with value: 0.592323937185192 and parameters: {'w0': 0.166, 'w1': 0.767, 'w2': 0.089, 'w3': 0.591, 'w4': 0.834, 'w5': 0.294, 'w6': 1.0, 'w7': 0.14, 'w8': 0.582, 'max_depth': 6, 'min_child_weight': 0, 'subsample': 0.9000000000000001, 'colsample_bytree': 0.9000000000000001, 'gamma': 1.6}. Best is trial 1043 with value: 0.6266149442384139.
[I 2023-10-11 08:37:50,796] Trial 1076 finished with value: 0.6092857143301509 and parameters: {'w0': 0.161, 'w1': 0.8180000000000001, 'w2': 0.23900000000000002, 'w3': 0.591, 'w4': 0.812, 'w5': 0.294, 'w6': 0.804, 'w7': 0.14, 'w8': 0.5690000000000001, 'max_depth': 5, 'min_child_weight': 0, 'subsample': 0.9000000000000001, 'colsample_bytree': 0.9000000000000001, 'gamma': 1.6}. Best is trial 1043 with value: 0.6266149442384139.
[I 2023-10-11 08:38:25,920] Trial 1078 finished with value: 0.6104987003778987 and parameters: {'w0': 0.164, 'w1': 0.772, 'w2': 0.20600000000000002, 'w3': 0.599, 'w4': 0.841, 'w5': 0.295, 'w6': 0.8210000000000001, 'w7': 0.136, 'w8': 0.632, 'max_depth': 5, 'min_child_weight': 0, 'subsample': 0.9000000000000001, 'colsample_bytree': 0.9000000000000001, 'gamma': 1.6}. Best is trial 1043 with value: 0.6266149442384139.
[I 2023-10-11 08:39:29,406] Trial 1079 finished with value: 0.6079786456711439 and parameters: {'w0': 0.149, 'w1': 0.779, 'w2': 0.23800000000000002, 'w3': 0.675, 'w4': 0.843, 'w5': 0.292, 'w6': 0.787, 'w7': 0.136, 'w8': 0.526, 'max_depth': 5, 'min_child_weight': 2, 'subsample': 0.8, 'colsample_bytree': 0.9000000000000001, 'gamma': 1.6}. Best is trial 1043 with value: 0.6266149442384139.
[I 2023-10-11 08:40:19,507] Trial 1075 finished with value: 0.617695987996641 and parameters: {'w0': 0.166, 'w1': 0.771, 'w2': 0.234, 'w3': 0.585, 'w4': 0.834, 'w5': 0.294, 'w6': 0.777, 'w7': 0.149, 'w8': 0.5760000000000001, 'max_depth': 6, 'min_child_weight': 2, 'subsample': 0.9000000000000001, 'colsample_bytree': 0.9000000000000001, 'gamma': 0.8}. Best is trial 1043 with value: 0.6266149442384139.
[I 2023-10-11 08:40:48,234] Trial 1080 finished with value: 0.5946210568981345 and parameters: {'w0': 0.162, 'w1': 0.773, 'w2': 0.09, 'w3': 0.597, 'w4': 0.811, 'w5': 0.25, 'w6': 0.782, 'w7': 0.146, 'w8': 0.608, 'max_depth': 5, 'min_child_weight': 0, 'subsample': 0.8, 'colsample_bytree': 1.0, 'gamma': 1.6}. Best is trial 1043 with value: 0.6266149442384139.
[I 2023-10-11 08:40:58,666] Trial 1077 finished with value: 0.6146275633623904 and parameters: {'w0': 0.163, 'w1': 0.8320000000000001, 'w2': 0.244, 'w3': 0.594, 'w4': 0.8250000000000001, 'w5': 0.294, 'w6': 0.8250000000000001, 'w7': 0.137, 'w8': 0.605, 'max_depth': 5, 'min_child_weight': 2, 'subsample': 0.9000000000000001, 'colsample_bytree': 0.9000000000000001, 'gamma': 0.8}. Best is trial 1043 with value: 0.6266149442384139.
[I 2023-10-11 08:42:28,196] Trial 1082 finished with value: 0.6076487909814646 and parameters: {'w0': 0.165, 'w1': 0.8140000000000001, 'w2': 0.23600000000000002, 'w3': 0.6, 'w4': 0.8220000000000001, 'w5': 0.25, 'w6': 0.751, 'w7': 0.135, 'w8': 0.63, 'max_depth': 5, 'min_child_weight': 0, 'subsample': 0.8, 'colsample_bytree': 1.0, 'gamma': 1.6}. Best is trial 1043 with value: 0.6266149442384139.
[I 2023-10-11 08:42:35,021] Trial 1083 finished with value: 0.5966767200132985 and parameters: {'w0': 0.155, 'w1': 0.776, 'w2': 0.23800000000000002, 'w3': 0.547, 'w4': 0.8200000000000001, 'w5': 0.295, 'w6': 0.765, 'w7': 0.07300000000000001, 'w8': 0.635, 'max_depth': 5, 'min_child_weight': 2, 'subsample': 0.8, 'colsample_bytree': 1.0, 'gamma': 1.6}. Best is trial 1043 with value: 0.6266149442384139.
[I 2023-10-11 08:46:06,380] Trial 1081 finished with value: 0.6178227079173151 and parameters: {'w0': 0.157, 'w1': 0.849, 'w2': 0.20500000000000002, 'w3': 0.596, 'w4': 0.8330000000000001, 'w5': 0.249, 'w6': 0.738, 'w7': 0.135, 'w8': 0.604, 'max_depth': 5, 'min_child_weight': 0, 'subsample': 0.8, 'colsample_bytree': 1.0, 'gamma': 0.8}. Best is trial 1043 with value: 0.6266149442384139.
[I 2023-10-11 08:50:41,036] Trial 1087 finished with value: 0.591447658837877 and parameters: {'w0': 0.151, 'w1': 0.779, 'w2': 0.076, 'w3': 0.619, 'w4': 0.861, 'w5': 0.295, 'w6': 0.752, 'w7': 0.20800000000000002, 'w8': 0.633, 'max_depth': 5, 'min_child_weight': 2, 'subsample': 0.8, 'colsample_bytree': 1.0, 'gamma': 0.8}. Best is trial 1043 with value: 0.6266149442384139.
[I 2023-10-11 08:51:07,794] Trial 1084 finished with value: 0.5966506354937643 and parameters: {'w0': 0.133, 'w1': 0.8140000000000001, 'w2': 0.1, 'w3': 0.623, 'w4': 0.8250000000000001, 'w5': 0.246, 'w6': 0.745, 'w7': 0.21, 'w8': 0.633, 'max_depth': 5, 'min_child_weight': 0, 'subsample': 0.8, 'colsample_bytree': 1.0, 'gamma': 0.8}. Best is trial 1043 with value: 0.6266149442384139.
[I 2023-10-11 08:51:55,905] Trial 1086 finished with value: 0.5983034888007374 and parameters: {'w0': 0.161, 'w1': 0.835, 'w2': 0.096, 'w3': 0.621, 'w4': 0.838, 'w5': 0.294, 'w6': 0.755, 'w7': 0.20500000000000002, 'w8': 0.632, 'max_depth': 5, 'min_child_weight': 0, 'subsample': 0.8, 'colsample_bytree': 0.9000000000000001, 'gamma': 0.8}. Best is trial 1043 with value: 0.6266149442384139.
[I 2023-10-11 08:52:13,915] Trial 1088 finished with value: 0.6191662595292458 and parameters: {'w0': 0.135, 'w1': 0.845, 'w2': 0.197, 'w3': 0.615, 'w4': 0.848, 'w5': 0.247, 'w6': 0.783, 'w7': 0.20900000000000002, 'w8': 0.529, 'max_depth': 5, 'min_child_weight': 2, 'subsample': 0.8, 'colsample_bytree': 1.0, 'gamma': 0.8}. Best is trial 1043 with value: 0.6266149442384139.
[I 2023-10-11 08:52:35,902] Trial 1085 finished with value: 0.6179517459918831 and parameters: {'w0': 0.154, 'w1': 0.838, 'w2': 0.241, 'w3': 0.543, 'w4': 0.8220000000000001, 'w5': 0.297, 'w6': 0.731, 'w7': 0.213, 'w8': 0.528, 'max_depth': 5, 'min_child_weight': 0, 'subsample': 0.8, 'colsample_bytree': 0.9000000000000001, 'gamma': 0.8}. Best is trial 1043 with value: 0.6266149442384139.
[I 2023-10-11 08:52:55,496] Trial 1089 finished with value: 0.6220854067178312 and parameters: {'w0': 0.225, 'w1': 0.839, 'w2': 0.199, 'w3': 0.623, 'w4': 0.85, 'w5': 0.297, 'w6': 0.767, 'w7': 0.20900000000000002, 'w8': 0.528, 'max_depth': 5, 'min_child_weight': 2, 'subsample': 0.8, 'colsample_bytree': 1.0, 'gamma': 0.8}. Best is trial 1043 with value: 0.6266149442384139.
[I 2023-10-11 08:56:23,567] Trial 1090 finished with value: 0.6224751468555394 and parameters: {'w0': 0.224, 'w1': 0.837, 'w2': 0.23700000000000002, 'w3': 0.617, 'w4': 0.85, 'w5': 0.295, 'w6': 0.778, 'w7': 0.20600000000000002, 'w8': 0.635, 'max_depth': 5, 'min_child_weight': 2, 'subsample': 0.8, 'colsample_bytree': 1.0, 'gamma': 0.8}. Best is trial 1043 with value: 0.6266149442384139.
[I 2023-10-11 08:56:28,926] Trial 1091 finished with value: 0.6007909634488383 and parameters: {'w0': 0.225, 'w1': 0.854, 'w2': 0.10200000000000001, 'w3': 0.616, 'w4': 0.858, 'w5': 0.295, 'w6': 0.741, 'w7': 0.212, 'w8': 0.632, 'max_depth': 5, 'min_child_weight': 2, 'subsample': 0.8, 'colsample_bytree': 0.9000000000000001, 'gamma': 0.8}. Best is trial 1043 with value: 0.6266149442384139.
[I 2023-10-11 08:57:08,533] Trial 1092 finished with value: 0.6170892944217135 and parameters: {'w0': 0.134, 'w1': 0.847, 'w2': 0.20400000000000001, 'w3': 0.621, 'w4': 0.849, 'w5': 0.244, 'w6': 0.769, 'w7': 0.212, 'w8': 0.608, 'max_depth': 5, 'min_child_weight': 2, 'subsample': 0.8, 'colsample_bytree': 1.0, 'gamma': 0.8}. Best is trial 1043 with value: 0.6266149442384139.
[I 2023-10-11 08:57:36,941] Trial 1093 finished with value: 0.5973045472738473 and parameters: {'w0': 0.228, 'w1': 0.839, 'w2': 0.20400000000000001, 'w3': 0.622, 'w4': 0.861, 'w5': 0.327, 'w6': 0.769, 'w7': 0.07300000000000001, 'w8': 0.635, 'max_depth': 5, 'min_child_weight': 2, 'subsample': 0.8, 'colsample_bytree': 1.0, 'gamma': 0.8}. Best is trial 1043 with value: 0.6266149442384139.
[I 2023-10-11 08:59:28,830] Trial 1094 finished with value: 0.6227841788996671 and parameters: {'w0': 0.225, 'w1': 0.856, 'w2': 0.20400000000000001, 'w3': 0.625, 'w4': 0.86, 'w5': 0.248, 'w6': 0.783, 'w7': 0.20700000000000002, 'w8': 0.606, 'max_depth': 5, 'min_child_weight': 2, 'subsample': 0.8, 'colsample_bytree': 1.0, 'gamma': 0.8}. Best is trial 1043 with value: 0.6266149442384139.
[I 2023-10-11 09:00:09,505] Trial 1095 finished with value: 0.6227236265355927 and parameters: {'w0': 0.228, 'w1': 0.837, 'w2': 0.201, 'w3': 0.623, 'w4': 0.852, 'w5': 0.246, 'w6': 0.776, 'w7': 0.215, 'w8': 0.634, 'max_depth': 5, 'min_child_weight': 2, 'subsample': 0.8, 'colsample_bytree': 0.9000000000000001, 'gamma': 0.8}. Best is trial 1043 with value: 0.6266149442384139.
[I 2023-10-11 09:00:14,363] Trial 1096 finished with value: 0.6222746008484393 and parameters: {'w0': 0.228, 'w1': 0.782, 'w2': 0.2, 'w3': 0.621, 'w4': 0.857, 'w5': 0.322, 'w6': 0.6880000000000001, 'w7': 0.211, 'w8': 0.634, 'max_depth': 5, 'min_child_weight': 2, 'subsample': 0.8, 'colsample_bytree': 1.0, 'gamma': 0.8}. Best is trial 1043 with value: 0.6266149442384139.
[I 2023-10-11 09:02:04,227] Trial 1098 finished with value: 0.6223531673202747 and parameters: {'w0': 0.227, 'w1': 0.847, 'w2': 0.20400000000000001, 'w3': 0.62, 'w4': 0.865, 'w5': 0.317, 'w6': 0.801, 'w7': 0.214, 'w8': 0.632, 'max_depth': 5, 'min_child_weight': 2, 'subsample': 0.8, 'colsample_bytree': 0.9000000000000001, 'gamma': 0.8}. Best is trial 1043 with value: 0.6266149442384139.
[I 2023-10-11 09:02:04,599] Trial 1097 finished with value: 0.6243992137226966 and parameters: {'w0': 0.233, 'w1': 0.851, 'w2': 0.20600000000000002, 'w3': 0.623, 'w4': 0.855, 'w5': 0.329, 'w6': 0.839, 'w7': 0.201, 'w8': 0.633, 'max_depth': 5, 'min_child_weight': 2, 'subsample': 0.8, 'colsample_bytree': 0.9000000000000001, 'gamma': 0.8}. Best is trial 1043 with value: 0.6266149442384139.
[I 2023-10-11 09:03:06,827] Trial 1099 finished with value: 0.6168413942727964 and parameters: {'w0': 0.223, 'w1': 0.8230000000000001, 'w2': 0.178, 'w3': 0.622, 'w4': 0.857, 'w5': 0.32, 'w6': 0.708, 'w7': 0.213, 'w8': 0.63, 'max_depth': 5, 'min_child_weight': 2, 'subsample': 0.9000000000000001, 'colsample_bytree': 0.9000000000000001, 'gamma': 0.8}. Best is trial 1043 with value: 0.6266149442384139.
