[I 2023-10-12 13:27:49,740] Trial 763 finished with value: 0.5919446814038881 and parameters: {'w0': 0.426, 'w1': 0.859, 'w2': 0.265, 'w3': 0.6990000000000001, 'w4': 0.844, 'w5': 0.152, 'w6': 1.0, 'w7': 0.281, 'w8': 0.803, 'max_depth': 7, 'min_child_weight': 2, 'subsample': 0.8, 'colsample_bytree': 0.8, 'gamma': 1.8}. Best is trial 761 with value: 0.6001023286734153.
[I 2023-10-12 13:27:58,408] Trial 764 finished with value: 0.5917460039418131 and parameters: {'w0': 0.43, 'w1': 0.881, 'w2': 0.259, 'w3': 0.648, 'w4': 0.836, 'w5': 0.149, 'w6': 0.998, 'w7': 0.302, 'w8': 0.777, 'max_depth': 7, 'min_child_weight': 2, 'subsample': 0.8, 'colsample_bytree': 0.8, 'gamma': 1.8}. Best is trial 761 with value: 0.6001023286734153.
[I 2023-10-12 13:28:18,124] Trial 765 finished with value: 0.5966783967170024 and parameters: {'w0': 0.443, 'w1': 0.856, 'w2': 0.261, 'w3': 0.734, 'w4': 0.8250000000000001, 'w5': 0.15, 'w6': 0.998, 'w7': 0.231, 'w8': 0.737, 'max_depth': 7, 'min_child_weight': 2, 'subsample': 0.8, 'colsample_bytree': 0.8, 'gamma': 1.8}. Best is trial 761 with value: 0.6001023286734153.
[I 2023-10-12 13:28:37,623] Trial 766 finished with value: 0.5921566202641348 and parameters: {'w0': 0.482, 'w1': 0.89, 'w2': 0.28500000000000003, 'w3': 0.6990000000000001, 'w4': 0.8300000000000001, 'w5': 0.14100000000000001, 'w6': 0.998, 'w7': 0.28300000000000003, 'w8': 0.8170000000000001, 'max_depth': 7, 'min_child_weight': 2, 'subsample': 0.8, 'colsample_bytree': 0.8, 'gamma': 2.0}. Best is trial 761 with value: 0.6001023286734153.
[I 2023-10-12 13:29:43,644] Trial 767 finished with value: 0.591555815353382 and parameters: {'w0': 0.424, 'w1': 0.866, 'w2': 0.247, 'w3': 0.679, 'w4': 0.8180000000000001, 'w5': 0.151, 'w6': 0.361, 'w7': 0.24000000000000002, 'w8': 0.8, 'max_depth': 7, 'min_child_weight': 2, 'subsample': 0.8, 'colsample_bytree': 0.8, 'gamma': 1.8}. Best is trial 761 with value: 0.6001023286734153.
[I 2023-10-12 13:29:55,154] Trial 769 finished with value: 0.5944765972742148 and parameters: {'w0': 0.426, 'w1': 0.862, 'w2': 0.266, 'w3': 0.752, 'w4': 0.841, 'w5': 0.154, 'w6': 0.997, 'w7': 0.226, 'w8': 0.716, 'max_depth': 7, 'min_child_weight': 2, 'subsample': 0.8, 'colsample_bytree': 0.8, 'gamma': 2.0}. Best is trial 761 with value: 0.6001023286734153.
[I 2023-10-12 13:30:36,706] Trial 768 finished with value: 0.5900350272701554 and parameters: {'w0': 0.424, 'w1': 0.874, 'w2': 0.312, 'w3': 0.742, 'w4': 0.84, 'w5': 0.18, 'w6': 1.0, 'w7': 0.212, 'w8': 0.747, 'max_depth': 7, 'min_child_weight': 2, 'subsample': 0.8, 'colsample_bytree': 0.8, 'gamma': 1.8}. Best is trial 761 with value: 0.6001023286734153.
[I 2023-10-12 13:31:34,249] Trial 770 finished with value: 0.5830882208763027 and parameters: {'w0': 0.41600000000000004, 'w1': 0.881, 'w2': 0.201, 'w3': 0.722, 'w4': 0.8300000000000001, 'w5': 0.153, 'w6': 1.0, 'w7': 0.271, 'w8': 0.774, 'max_depth': 7, 'min_child_weight': 2, 'subsample': 0.8, 'colsample_bytree': 0.8, 'gamma': 1.8}. Best is trial 761 with value: 0.6001023286734153.
[I 2023-10-12 13:32:26,326] Trial 771 finished with value: 0.5823672647726157 and parameters: {'w0': 0.426, 'w1': 0.88, 'w2': 0.213, 'w3': 0.728, 'w4': 0.843, 'w5': 0.44, 'w6': 0.98, 'w7': 0.28500000000000003, 'w8': 0.747, 'max_depth': 7, 'min_child_weight': 2, 'subsample': 0.8, 'colsample_bytree': 0.8, 'gamma': 1.8}. Best is trial 761 with value: 0.6001023286734153.
[I 2023-10-12 13:32:38,098] Trial 772 finished with value: 0.5931407733428923 and parameters: {'w0': 0.422, 'w1': 0.875, 'w2': 0.244, 'w3': 0.746, 'w4': 0.849, 'w5': 0.20400000000000001, 'w6': 1.0, 'w7': 0.224, 'w8': 0.778, 'max_depth': 7, 'min_child_weight': 2, 'subsample': 0.8, 'colsample_bytree': 0.8, 'gamma': 1.8}. Best is trial 761 with value: 0.6001023286734153.
[I 2023-10-12 13:33:16,316] Trial 773 finished with value: 0.5921877136567563 and parameters: {'w0': 0.427, 'w1': 0.783, 'w2': 0.24000000000000002, 'w3': 0.737, 'w4': 0.8300000000000001, 'w5': 0.154, 'w6': 0.999, 'w7': 0.20900000000000002, 'w8': 0.753, 'max_depth': 7, 'min_child_weight': 2, 'subsample': 0.8, 'colsample_bytree': 0.8, 'gamma': 1.8}. Best is trial 761 with value: 0.6001023286734153.
[I 2023-10-12 13:35:34,247] Trial 774 finished with value: 0.596503167598525 and parameters: {'w0': 0.421, 'w1': 0.874, 'w2': 0.259, 'w3': 0.734, 'w4': 0.848, 'w5': 0.203, 'w6': 0.98, 'w7': 0.226, 'w8': 0.775, 'max_depth': 7, 'min_child_weight': 2, 'subsample': 0.8, 'colsample_bytree': 0.8, 'gamma': 1.8}. Best is trial 761 with value: 0.6001023286734153.
[I 2023-10-12 13:36:02,977] Trial 775 finished with value: 0.5861253781585825 and parameters: {'w0': 0.422, 'w1': 0.887, 'w2': 0.293, 'w3': 0.774, 'w4': 0.835, 'w5': 0.192, 'w6': 0.98, 'w7': 0.258, 'w8': 0.741, 'max_depth': 3, 'min_child_weight': 2, 'subsample': 0.8, 'colsample_bytree': 0.8, 'gamma': 1.6}. Best is trial 761 with value: 0.6001023286734153.
[I 2023-10-12 13:40:35,651] Trial 776 finished with value: 0.5926344830815098 and parameters: {'w0': 0.41700000000000004, 'w1': 0.885, 'w2': 0.295, 'w3': 0.743, 'w4': 0.846, 'w5': 0.198, 'w6': 0.999, 'w7': 0.218, 'w8': 0.8, 'max_depth': 7, 'min_child_weight': 2, 'subsample': 0.8, 'colsample_bytree': 0.8, 'gamma': 1.6}. Best is trial 761 with value: 0.6001023286734153.
[I 2023-10-12 13:40:40,748] Trial 777 finished with value: 0.5942071721322681 and parameters: {'w0': 0.42, 'w1': 0.872, 'w2': 0.248, 'w3': 0.747, 'w4': 0.837, 'w5': 0.20800000000000002, 'w6': 0.974, 'w7': 0.261, 'w8': 0.768, 'max_depth': 7, 'min_child_weight': 2, 'subsample': 0.8, 'colsample_bytree': 0.8, 'gamma': 1.6}. Best is trial 761 with value: 0.6001023286734153.
[I 2023-10-12 13:41:12,187] Trial 778 finished with value: 0.5954526883941725 and parameters: {'w0': 0.41300000000000003, 'w1': 0.867, 'w2': 0.261, 'w3': 0.746, 'w4': 0.835, 'w5': 0.20900000000000002, 'w6': 1.0, 'w7': 0.222, 'w8': 0.739, 'max_depth': 7, 'min_child_weight': 2, 'subsample': 0.8, 'colsample_bytree': 0.8, 'gamma': 1.6}. Best is trial 761 with value: 0.6001023286734153.
[I 2023-10-12 13:41:35,288] Trial 780 finished with value: 0.5946355068021456 and parameters: {'w0': 0.41400000000000003, 'w1': 0.875, 'w2': 0.233, 'w3': 0.742, 'w4': 0.868, 'w5': 0.203, 'w6': 0.974, 'w7': 0.225, 'w8': 0.743, 'max_depth': 7, 'min_child_weight': 2, 'subsample': 0.8, 'colsample_bytree': 0.8, 'gamma': 2.0}. Best is trial 761 with value: 0.6001023286734153.
[I 2023-10-12 13:41:59,310] Trial 779 finished with value: 0.5966033124059651 and parameters: {'w0': 0.41700000000000004, 'w1': 0.88, 'w2': 0.257, 'w3': 0.746, 'w4': 0.8280000000000001, 'w5': 0.193, 'w6': 0.979, 'w7': 0.241, 'w8': 0.757, 'max_depth': 7, 'min_child_weight': 2, 'subsample': 0.8, 'colsample_bytree': 0.8, 'gamma': 1.8}. Best is trial 761 with value: 0.6001023286734153.
[I 2023-10-12 13:42:31,593] Trial 782 finished with value: 0.5961571798284625 and parameters: {'w0': 0.422, 'w1': 0.874, 'w2': 0.226, 'w3': 0.745, 'w4': 0.8280000000000001, 'w5': 0.188, 'w6': 0.977, 'w7': 0.233, 'w8': 0.774, 'max_depth': 7, 'min_child_weight': 2, 'subsample': 0.8, 'colsample_bytree': 0.8, 'gamma': 1.8}. Best is trial 761 with value: 0.6001023286734153.
[I 2023-10-12 13:42:57,127] Trial 781 finished with value: 0.5947016893280622 and parameters: {'w0': 0.41400000000000003, 'w1': 0.888, 'w2': 0.29, 'w3': 0.722, 'w4': 0.8290000000000001, 'w5': 0.199, 'w6': 0.978, 'w7': 0.23700000000000002, 'w8': 0.748, 'max_depth': 7, 'min_child_weight': 2, 'subsample': 0.8, 'colsample_bytree': 0.8, 'gamma': 1.6}. Best is trial 761 with value: 0.6001023286734153.
[I 2023-10-12 13:43:41,623] Trial 784 finished with value: 0.5913534892107042 and parameters: {'w0': 0.41300000000000003, 'w1': 0.8140000000000001, 'w2': 0.227, 'w3': 0.765, 'w4': 0.88, 'w5': 0.203, 'w6': 0.977, 'w7': 0.183, 'w8': 0.779, 'max_depth': 7, 'min_child_weight': 2, 'subsample': 0.8, 'colsample_bytree': 0.8, 'gamma': 1.8}. Best is trial 761 with value: 0.6001023286734153.
[I 2023-10-12 13:44:05,434] Trial 783 finished with value: 0.5934441982899197 and parameters: {'w0': 0.40900000000000003, 'w1': 0.839, 'w2': 0.31, 'w3': 0.754, 'w4': 0.806, 'w5': 0.19, 'w6': 0.981, 'w7': 0.247, 'w8': 0.743, 'max_depth': 7, 'min_child_weight': 2, 'subsample': 0.8, 'colsample_bytree': 0.8, 'gamma': 1.8}. Best is trial 761 with value: 0.6001023286734153.
[I 2023-10-12 13:45:09,815] Trial 785 finished with value: 0.5928132294694579 and parameters: {'w0': 0.406, 'w1': 0.809, 'w2': 0.277, 'w3': 0.732, 'w4': 0.875, 'w5': 0.211, 'w6': 0.974, 'w7': 0.212, 'w8': 0.733, 'max_depth': 7, 'min_child_weight': 2, 'subsample': 0.8, 'colsample_bytree': 0.8, 'gamma': 1.6}. Best is trial 761 with value: 0.6001023286734153.
[I 2023-10-12 13:45:59,083] Trial 786 finished with value: 0.5935276497569649 and parameters: {'w0': 0.401, 'w1': 0.885, 'w2': 0.231, 'w3': 0.777, 'w4': 0.8140000000000001, 'w5': 0.196, 'w6': 0.975, 'w7': 0.248, 'w8': 0.721, 'max_depth': 7, 'min_child_weight': 2, 'subsample': 0.8, 'colsample_bytree': 0.8, 'gamma': 1.6}. Best is trial 761 with value: 0.6001023286734153.
[I 2023-10-12 13:47:12,546] Trial 789 finished with value: 0.5963230138429108 and parameters: {'w0': 0.451, 'w1': 0.849, 'w2': 0.279, 'w3': 0.777, 'w4': 0.8230000000000001, 'w5': 0.199, 'w6': 0.974, 'w7': 0.247, 'w8': 0.768, 'max_depth': 7, 'min_child_weight': 2, 'subsample': 0.7, 'colsample_bytree': 0.8, 'gamma': 2.2}. Best is trial 761 with value: 0.6001023286734153.
[I 2023-10-12 13:48:02,109] Trial 788 finished with value: 0.591505012046136 and parameters: {'w0': 0.446, 'w1': 0.834, 'w2': 0.267, 'w3': 0.672, 'w4': 0.8160000000000001, 'w5': 0.20800000000000002, 'w6': 0.972, 'w7': 0.255, 'w8': 0.727, 'max_depth': 7, 'min_child_weight': 2, 'subsample': 0.6000000000000001, 'colsample_bytree': 0.8, 'gamma': 2.2}. Best is trial 761 with value: 0.6001023286734153.
[I 2023-10-12 13:49:58,524] Trial 790 finished with value: 0.5947711197386351 and parameters: {'w0': 0.405, 'w1': 0.8150000000000001, 'w2': 0.294, 'w3': 0.678, 'w4': 0.8170000000000001, 'w5': 0.197, 'w6': 0.977, 'w7': 0.242, 'w8': 0.78, 'max_depth': 7, 'min_child_weight': 2, 'subsample': 0.8, 'colsample_bytree': 0.8, 'gamma': 1.6}. Best is trial 761 with value: 0.6001023286734153.
[I 2023-10-12 13:50:18,938] Trial 791 finished with value: 0.5977670486182264 and parameters: {'w0': 0.397, 'w1': 0.888, 'w2': 0.293, 'w3': 0.769, 'w4': 0.793, 'w5': 0.197, 'w6': 0.977, 'w7': 0.253, 'w8': 0.782, 'max_depth': 7, 'min_child_weight': 2, 'subsample': 0.8, 'colsample_bytree': 0.8, 'gamma': 1.6}. Best is trial 761 with value: 0.6001023286734153.
[I 2023-10-12 13:53:59,356] Trial 792 finished with value: 0.5964747686330568 and parameters: {'w0': 0.406, 'w1': 0.849, 'w2': 0.225, 'w3': 0.775, 'w4': 0.805, 'w5': 0.21, 'w6': 0.978, 'w7': 0.221, 'w8': 0.73, 'max_depth': 7, 'min_child_weight': 2, 'subsample': 0.8, 'colsample_bytree': 0.8, 'gamma': 1.6}. Best is trial 761 with value: 0.6001023286734153.
[I 2023-10-12 13:54:08,443] Trial 794 finished with value: 0.5782927652990199 and parameters: {'w0': 0.4, 'w1': 0.807, 'w2': 0.299, 'w3': 0.777, 'w4': 0.795, 'w5': 0.18, 'w6': 0.976, 'w7': 0.147, 'w8': 0.777, 'max_depth': 7, 'min_child_weight': 2, 'subsample': 0.7, 'colsample_bytree': 0.8, 'gamma': 2.0}. Best is trial 761 with value: 0.6001023286734153.
[I 2023-10-12 13:54:52,342] Trial 797 finished with value: 0.5971581785072613 and parameters: {'w0': 0.402, 'w1': 0.811, 'w2': 0.277, 'w3': 0.778, 'w4': 0.8160000000000001, 'w5': 0.188, 'w6': 0.975, 'w7': 0.247, 'w8': 0.765, 'max_depth': 7, 'min_child_weight': 2, 'subsample': 0.8, 'colsample_bytree': 0.8, 'gamma': 2.0}. Best is trial 761 with value: 0.6001023286734153.
[I 2023-10-12 13:54:58,837] Trial 787 finished with value: 0.5850767079019101 and parameters: {'w0': 0.448, 'w1': 0.887, 'w2': 0.291, 'w3': 0.778, 'w4': 0.807, 'w5': 0.20900000000000002, 'w6': 0.978, 'w7': 0.186, 'w8': 0.777, 'max_depth': 7, 'min_child_weight': 2, 'subsample': 0.30000000000000004, 'colsample_bytree': 0.8, 'gamma': 1.6}. Best is trial 761 with value: 0.6001023286734153.
[I 2023-10-12 13:55:28,798] Trial 796 finished with value: 0.5934452001934987 and parameters: {'w0': 0.397, 'w1': 0.845, 'w2': 0.225, 'w3': 0.755, 'w4': 0.808, 'w5': 0.189, 'w6': 0.977, 'w7': 0.232, 'w8': 0.776, 'max_depth': 7, 'min_child_weight': 2, 'subsample': 0.8, 'colsample_bytree': 0.8, 'gamma': 1.6}. Best is trial 761 with value: 0.6001023286734153.
[I 2023-10-12 13:55:48,907] Trial 793 finished with value: 0.5919687756870186 and parameters: {'w0': 0.453, 'w1': 0.857, 'w2': 0.27, 'w3': 0.762, 'w4': 0.8230000000000001, 'w5': 0.197, 'w6': 0.972, 'w7': 0.194, 'w8': 0.72, 'max_depth': 7, 'min_child_weight': 2, 'subsample': 0.7, 'colsample_bytree': 0.8, 'gamma': 1.6}. Best is trial 761 with value: 0.6001023286734153.
[I 2023-10-12 13:56:19,810] Trial 795 finished with value: 0.5817697362804213 and parameters: {'w0': 0.397, 'w1': 0.8310000000000001, 'w2': 0.278, 'w3': 0.679, 'w4': 0.872, 'w5': 0.188, 'w6': 0.977, 'w7': 0.164, 'w8': 0.776, 'max_depth': 7, 'min_child_weight': 2, 'subsample': 0.7, 'colsample_bytree': 0.8, 'gamma': 1.6}. Best is trial 761 with value: 0.6001023286734153.
[I 2023-10-12 13:57:04,869] Trial 799 finished with value: 0.5918104574392115 and parameters: {'w0': 0.396, 'w1': 0.851, 'w2': 0.272, 'w3': 0.772, 'w4': 0.8210000000000001, 'w5': 0.183, 'w6': 0.976, 'w7': 0.201, 'w8': 0.705, 'max_depth': 7, 'min_child_weight': 2, 'subsample': 0.8, 'colsample_bytree': 0.8, 'gamma': 1.6}. Best is trial 761 with value: 0.6001023286734153.
[I 2023-10-12 13:57:05,122] Trial 798 finished with value: 0.5949199148397064 and parameters: {'w0': 0.445, 'w1': 0.838, 'w2': 0.28, 'w3': 0.779, 'w4': 0.796, 'w5': 0.18, 'w6': 0.976, 'w7': 0.269, 'w8': 0.768, 'max_depth': 7, 'min_child_weight': 2, 'subsample': 0.8, 'colsample_bytree': 0.8, 'gamma': 1.6}. Best is trial 761 with value: 0.6001023286734153.
[I 2023-10-12 13:57:43,326] Trial 800 finished with value: 0.586563348260676 and parameters: {'w0': 0.395, 'w1': 0.836, 'w2': 0.267, 'w3': 0.8220000000000001, 'w4': 0.798, 'w5': 0.217, 'w6': 0.973, 'w7': 0.177, 'w8': 0.783, 'max_depth': 7, 'min_child_weight': 2, 'subsample': 0.8, 'colsample_bytree': 0.8, 'gamma': 1.6}. Best is trial 761 with value: 0.6001023286734153.
[I 2023-10-12 13:59:38,663] Trial 801 finished with value: 0.5809201665618432 and parameters: {'w0': 0.45, 'w1': 0.837, 'w2': 0.186, 'w3': 0.772, 'w4': 0.791, 'w5': 0.18, 'w6': 0.974, 'w7': 0.25, 'w8': 0.774, 'max_depth': 7, 'min_child_weight': 2, 'subsample': 0.8, 'colsample_bytree': 0.8, 'gamma': 1.4000000000000001}. Best is trial 761 with value: 0.6001023286734153.
[I 2023-10-12 14:00:15,971] Trial 802 finished with value: 0.5869341521580967 and parameters: {'w0': 0.394, 'w1': 0.838, 'w2': 0.187, 'w3': 0.79, 'w4': 0.799, 'w5': 0.17200000000000001, 'w6': 0.9590000000000001, 'w7': 0.23800000000000002, 'w8': 0.722, 'max_depth': 7, 'min_child_weight': 2, 'subsample': 0.8, 'colsample_bytree': 0.8, 'gamma': 1.4000000000000001}. Best is trial 761 with value: 0.6001023286734153.
[I 2023-10-12 14:00:35,167] Trial 803 finished with value: 0.5874591190437821 and parameters: {'w0': 0.395, 'w1': 0.896, 'w2': 0.28200000000000003, 'w3': 0.789, 'w4': 0.798, 'w5': 0.969, 'w6': 0.9540000000000001, 'w7': 0.247, 'w8': 0.719, 'max_depth': 7, 'min_child_weight': 2, 'subsample': 0.8, 'colsample_bytree': 0.8, 'gamma': 2.0}. Best is trial 761 with value: 0.6001023286734153.
[I 2023-10-12 14:00:35,302] Trial 806 finished with value: 0.5636690231408025 and parameters: {'w0': 0.392, 'w1': 0.86, 'w2': 0.264, 'w3': 0.778, 'w4': 0.792, 'w5': 0.179, 'w6': 0.9600000000000001, 'w7': 0.17600000000000002, 'w8': 0.709, 'max_depth': 7, 'min_child_weight': 2, 'subsample': 0.4, 'colsample_bytree': 0.8, 'gamma': 5.4}. Best is trial 761 with value: 0.6001023286734153.
[I 2023-10-12 14:01:41,570] Trial 804 finished with value: 0.5867939459283471 and parameters: {'w0': 0.453, 'w1': 0.8310000000000001, 'w2': 0.28900000000000003, 'w3': 0.781, 'w4': 0.874, 'w5': 0.17600000000000002, 'w6': 0.9600000000000001, 'w7': 0.191, 'w8': 0.788, 'max_depth': 7, 'min_child_weight': 2, 'subsample': 0.8, 'colsample_bytree': 0.8, 'gamma': 1.6}. Best is trial 761 with value: 0.6001023286734153.
[I 2023-10-12 14:02:28,290] Trial 805 finished with value: 0.5849507595061445 and parameters: {'w0': 0.396, 'w1': 0.845, 'w2': 0.28400000000000003, 'w3': 0.762, 'w4': 0.874, 'w5': 0.179, 'w6': 0.9580000000000001, 'w7': 0.186, 'w8': 0.788, 'max_depth': 7, 'min_child_weight': 2, 'subsample': 0.8, 'colsample_bytree': 0.8, 'gamma': 2.0}. Best is trial 761 with value: 0.6001023286734153.
[I 2023-10-12 14:07:29,937] Trial 808 finished with value: 0.5824668146148652 and parameters: {'w0': 0.377, 'w1': 0.839, 'w2': 0.301, 'w3': 0.763, 'w4': 0.797, 'w5': 0.17400000000000002, 'w6': 0.9550000000000001, 'w7': 0.177, 'w8': 0.714, 'max_depth': 7, 'min_child_weight': 2, 'subsample': 0.8, 'colsample_bytree': 0.8, 'gamma': 1.6}. Best is trial 761 with value: 0.6001023286734153.
[I 2023-10-12 14:07:44,346] Trial 807 finished with value: 0.5898261950892333 and parameters: {'w0': 0.388, 'w1': 0.8280000000000001, 'w2': 0.28, 'w3': 0.794, 'w4': 0.771, 'w5': 0.248, 'w6': 0.9560000000000001, 'w7': 0.20400000000000001, 'w8': 0.781, 'max_depth': 7, 'min_child_weight': 2, 'subsample': 0.8, 'colsample_bytree': 0.8, 'gamma': 1.6}. Best is trial 761 with value: 0.6001023286734153.
[I 2023-10-12 14:09:52,784] Trial 809 finished with value: 0.5958820728853377 and parameters: {'w0': 0.384, 'w1': 0.901, 'w2': 0.279, 'w3': 0.75, 'w4': 0.803, 'w5': 0.234, 'w6': 0.9550000000000001, 'w7': 0.244, 'w8': 0.706, 'max_depth': 7, 'min_child_weight': 2, 'subsample': 0.8, 'colsample_bytree': 0.8, 'gamma': 1.4000000000000001}. Best is trial 761 with value: 0.6001023286734153.
[I 2023-10-12 14:09:55,251] Trial 810 finished with value: 0.5955679276964112 and parameters: {'w0': 0.38, 'w1': 0.893, 'w2': 0.301, 'w3': 0.788, 'w4': 0.786, 'w5': 0.181, 'w6': 0.961, 'w7': 0.245, 'w8': 0.719, 'max_depth': 7, 'min_child_weight': 2, 'subsample': 0.8, 'colsample_bytree': 0.8, 'gamma': 1.4000000000000001}. Best is trial 761 with value: 0.6001023286734153.
[I 2023-10-12 14:10:10,411] Trial 815 finished with value: 0.5985523374881186 and parameters: {'w0': 0.37, 'w1': 0.896, 'w2': 0.281, 'w3': 0.807, 'w4': 0.753, 'w5': 0.224, 'w6': 0.9550000000000001, 'w7': 0.255, 'w8': 0.785, 'max_depth': 7, 'min_child_weight': 2, 'subsample': 0.8, 'colsample_bytree': 0.8, 'gamma': 2.0}. Best is trial 761 with value: 0.6001023286734153.
[I 2023-10-12 14:10:10,570] Trial 811 finished with value: 0.5952647200097332 and parameters: {'w0': 0.393, 'w1': 0.84, 'w2': 0.258, 'w3': 0.787, 'w4': 0.807, 'w5': 0.183, 'w6': 0.9550000000000001, 'w7': 0.266, 'w8': 0.709, 'max_depth': 7, 'min_child_weight': 2, 'subsample': 0.8, 'colsample_bytree': 0.8, 'gamma': 1.4000000000000001}. Best is trial 761 with value: 0.6001023286734153.
[I 2023-10-12 14:10:34,637] Trial 812 finished with value: 0.5939730216984769 and parameters: {'w0': 0.381, 'w1': 0.793, 'w2': 0.28300000000000003, 'w3': 0.71, 'w4': 0.767, 'w5': 0.17500000000000002, 'w6': 0.9570000000000001, 'w7': 0.247, 'w8': 0.78, 'max_depth': 7, 'min_child_weight': 2, 'subsample': 0.8, 'colsample_bytree': 0.8, 'gamma': 1.4000000000000001}. Best is trial 761 with value: 0.6001023286734153.
[I 2023-10-12 14:10:55,845] Trial 816 finished with value: 0.5929503252479645 and parameters: {'w0': 0.448, 'w1': 0.895, 'w2': 0.298, 'w3': 0.764, 'w4': 0.75, 'w5': 0.17500000000000002, 'w6': 0.9580000000000001, 'w7': 0.245, 'w8': 0.789, 'max_depth': 7, 'min_child_weight': 2, 'subsample': 0.8, 'colsample_bytree': 0.8, 'gamma': 2.0}. Best is trial 761 with value: 0.6001023286734153.
[I 2023-10-12 14:11:21,412] Trial 813 finished with value: 0.5941352941421327 and parameters: {'w0': 0.37, 'w1': 0.84, 'w2': 0.3, 'w3': 0.812, 'w4': 0.756, 'w5': 0.17600000000000002, 'w6': 0.9540000000000001, 'w7': 0.254, 'w8': 0.762, 'max_depth': 7, 'min_child_weight': 2, 'subsample': 0.8, 'colsample_bytree': 0.8, 'gamma': 1.4000000000000001}. Best is trial 761 with value: 0.6001023286734153.
[I 2023-10-12 14:12:11,263] Trial 814 finished with value: 0.5944832679888694 and parameters: {'w0': 0.385, 'w1': 0.899, 'w2': 0.276, 'w3': 0.787, 'w4': 0.776, 'w5': 0.17, 'w6': 0.9530000000000001, 'w7': 0.251, 'w8': 0.765, 'max_depth': 7, 'min_child_weight': 2, 'subsample': 0.8, 'colsample_bytree': 0.8, 'gamma': 1.4000000000000001}. Best is trial 761 with value: 0.6001023286734153.
[I 2023-10-12 14:12:46,846] Trial 817 finished with value: 0.5958417554936997 and parameters: {'w0': 0.384, 'w1': 0.715, 'w2': 0.298, 'w3': 0.795, 'w4': 0.791, 'w5': 0.166, 'w6': 0.9540000000000001, 'w7': 0.245, 'w8': 0.788, 'max_depth': 7, 'min_child_weight': 2, 'subsample': 0.8, 'colsample_bytree': 0.8, 'gamma': 2.0}. Best is trial 761 with value: 0.6001023286734153.
[I 2023-10-12 14:13:51,835] Trial 820 finished with value: 0.5939623076573717 and parameters: {'w0': 0.445, 'w1': 0.791, 'w2': 0.303, 'w3': 0.802, 'w4': 0.874, 'w5': 0.152, 'w6': 0.9470000000000001, 'w7': 0.26, 'w8': 0.76, 'max_depth': 7, 'min_child_weight': 2, 'subsample': 0.8, 'colsample_bytree': 0.8, 'gamma': 2.0}. Best is trial 761 with value: 0.6001023286734153.
[I 2023-10-12 14:13:58,131] Trial 819 finished with value: 0.5980956727204227 and parameters: {'w0': 0.388, 'w1': 0.9, 'w2': 0.294, 'w3': 0.759, 'w4': 0.78, 'w5': 0.23800000000000002, 'w6': 0.9530000000000001, 'w7': 0.251, 'w8': 0.753, 'max_depth': 7, 'min_child_weight': 2, 'subsample': 0.8, 'colsample_bytree': 0.8, 'gamma': 2.0}. Best is trial 761 with value: 0.6001023286734153.
[I 2023-10-12 14:14:29,144] Trial 822 finished with value: 0.5879741718448899 and parameters: {'w0': 0.448, 'w1': 0.89, 'w2': 0.309, 'w3': 0.804, 'w4': 0.783, 'w5': 0.146, 'w6': 0.9440000000000001, 'w7': 0.23500000000000001, 'w8': 0.754, 'max_depth': 7, 'min_child_weight': 2, 'subsample': 0.8, 'colsample_bytree': 0.5, 'gamma': 2.2}. Best is trial 761 with value: 0.6001023286734153.
