[I 2023-10-11 23:29:41,432] Trial 1873 finished with value: 0.627214238193341 and parameters: {'w0': 0.234, 'w1': 0.9420000000000001, 'w2': 0.252, 'w3': 0.613, 'w4': 0.748, 'w5': 0.112, 'w6': 0.741, 'w7': 0.221, 'w8': 0.6890000000000001, 'max_depth': 6, 'min_child_weight': 4, 'subsample': 0.8, 'colsample_bytree': 1.0, 'gamma': 0.8}. Best is trial 1801 with value: 0.629468387989737.
[I 2023-10-11 23:34:20,270] Trial 1876 finished with value: 0.625322084271318 and parameters: {'w0': 0.232, 'w1': 0.9410000000000001, 'w2': 0.256, 'w3': 0.618, 'w4': 0.759, 'w5': 0.106, 'w6': 0.738, 'w7': 0.22, 'w8': 0.685, 'max_depth': 6, 'min_child_weight': 4, 'subsample': 0.8, 'colsample_bytree': 1.0, 'gamma': 0.8}. Best is trial 1801 with value: 0.629468387989737.
[I 2023-10-11 23:34:36,598] Trial 1877 finished with value: 0.6272763668492659 and parameters: {'w0': 0.231, 'w1': 0.9500000000000001, 'w2': 0.258, 'w3': 0.611, 'w4': 0.749, 'w5': 0.067, 'w6': 0.733, 'w7': 0.218, 'w8': 0.682, 'max_depth': 6, 'min_child_weight': 4, 'subsample': 0.8, 'colsample_bytree': 1.0, 'gamma': 0.8}. Best is trial 1801 with value: 0.629468387989737.
[I 2023-10-11 23:35:22,874] Trial 1874 finished with value: 0.5776721747990885 and parameters: {'w0': 0.231, 'w1': 0.9430000000000001, 'w2': 0.243, 'w3': 0.608, 'w4': 0.658, 'w5': 0.098, 'w6': 0.746, 'w7': 0.994, 'w8': 0.686, 'max_depth': 6, 'min_child_weight': 4, 'subsample': 0.8, 'colsample_bytree': 1.0, 'gamma': 0.8}. Best is trial 1801 with value: 0.629468387989737.
[I 2023-10-11 23:35:53,161] Trial 1875 finished with value: 0.5864379605950686 and parameters: {'w0': 0.231, 'w1': 0.9430000000000001, 'w2': 0.253, 'w3': 0.618, 'w4': 0.753, 'w5': 0.111, 'w6': 0.74, 'w7': 0.857, 'w8': 0.684, 'max_depth': 6, 'min_child_weight': 4, 'subsample': 0.8, 'colsample_bytree': 1.0, 'gamma': 0.8}. Best is trial 1801 with value: 0.629468387989737.
[I 2023-10-11 23:36:14,399] Trial 1879 finished with value: 0.6269364820404191 and parameters: {'w0': 0.233, 'w1': 0.933, 'w2': 0.25, 'w3': 0.615, 'w4': 0.758, 'w5': 0.109, 'w6': 0.731, 'w7': 0.217, 'w8': 0.6950000000000001, 'max_depth': 6, 'min_child_weight': 4, 'subsample': 0.8, 'colsample_bytree': 1.0, 'gamma': 0.8}. Best is trial 1801 with value: 0.629468387989737.
[I 2023-10-11 23:36:49,036] Trial 1880 finished with value: 0.6275763078675083 and parameters: {'w0': 0.232, 'w1': 0.9490000000000001, 'w2': 0.248, 'w3': 0.611, 'w4': 0.753, 'w5': 0.1, 'w6': 0.741, 'w7': 0.219, 'w8': 0.685, 'max_depth': 6, 'min_child_weight': 4, 'subsample': 0.8, 'colsample_bytree': 1.0, 'gamma': 0.8}. Best is trial 1801 with value: 0.629468387989737.
[I 2023-10-11 23:39:54,108] Trial 1881 finished with value: 0.6252321413622473 and parameters: {'w0': 0.231, 'w1': 0.9440000000000001, 'w2': 0.23700000000000002, 'w3': 0.611, 'w4': 0.763, 'w5': 0.109, 'w6': 0.731, 'w7': 0.211, 'w8': 0.683, 'max_depth': 6, 'min_child_weight': 4, 'subsample': 0.8, 'colsample_bytree': 1.0, 'gamma': 0.8}. Best is trial 1801 with value: 0.629468387989737.
[I 2023-10-11 23:40:42,949] Trial 1883 finished with value: 0.6271212001096905 and parameters: {'w0': 0.23500000000000001, 'w1': 0.9500000000000001, 'w2': 0.251, 'w3': 0.615, 'w4': 0.753, 'w5': 0.11, 'w6': 0.732, 'w7': 0.214, 'w8': 0.6900000000000001, 'max_depth': 6, 'min_child_weight': 4, 'subsample': 0.8, 'colsample_bytree': 1.0, 'gamma': 0.8}. Best is trial 1801 with value: 0.629468387989737.
[I 2023-10-11 23:40:50,606] Trial 1882 finished with value: 0.6217297877501639 and parameters: {'w0': 0.228, 'w1': 0.9480000000000001, 'w2': 0.248, 'w3': 0.613, 'w4': 0.752, 'w5': 0.108, 'w6': 0.734, 'w7': 0.243, 'w8': 0.684, 'max_depth': 6, 'min_child_weight': 4, 'subsample': 0.8, 'colsample_bytree': 1.0, 'gamma': 0.8}. Best is trial 1801 with value: 0.629468387989737.
[I 2023-10-11 23:43:16,366] Trial 1884 finished with value: 0.5802848896771643 and parameters: {'w0': 0.231, 'w1': 0.874, 'w2': 0.257, 'w3': 0.617, 'w4': 0.752, 'w5': 0.109, 'w6': 0.735, 'w7': 0.997, 'w8': 0.682, 'max_depth': 6, 'min_child_weight': 4, 'subsample': 0.8, 'colsample_bytree': 1.0, 'gamma': 0.8}. Best is trial 1801 with value: 0.629468387989737.
[I 2023-10-11 23:44:28,228] Trial 1885 finished with value: 0.6257453847537291 and parameters: {'w0': 0.225, 'w1': 0.9530000000000001, 'w2': 0.248, 'w3': 0.608, 'w4': 0.742, 'w5': 0.111, 'w6': 0.734, 'w7': 0.211, 'w8': 0.673, 'max_depth': 6, 'min_child_weight': 4, 'subsample': 0.8, 'colsample_bytree': 1.0, 'gamma': 0.6000000000000001}. Best is trial 1801 with value: 0.629468387989737.
[I 2023-10-11 23:45:56,369] Trial 1886 finished with value: 0.6218708231269326 and parameters: {'w0': 0.225, 'w1': 0.872, 'w2': 0.255, 'w3': 0.614, 'w4': 0.657, 'w5': 0.108, 'w6': 0.728, 'w7': 0.217, 'w8': 0.682, 'max_depth': 6, 'min_child_weight': 4, 'subsample': 0.8, 'colsample_bytree': 1.0, 'gamma': 0.6000000000000001}. Best is trial 1801 with value: 0.629468387989737.
[I 2023-10-11 23:48:04,702] Trial 1887 finished with value: 0.6218067375669654 and parameters: {'w0': 0.212, 'w1': 0.873, 'w2': 0.242, 'w3': 0.608, 'w4': 0.753, 'w5': 0.064, 'w6': 0.733, 'w7': 0.242, 'w8': 0.68, 'max_depth': 6, 'min_child_weight': 4, 'subsample': 0.8, 'colsample_bytree': 1.0, 'gamma': 0.6000000000000001}. Best is trial 1801 with value: 0.629468387989737.
[I 2023-10-11 23:49:36,748] Trial 1888 finished with value: 0.6258465029772491 and parameters: {'w0': 0.213, 'w1': 0.867, 'w2': 0.246, 'w3': 0.612, 'w4': 0.752, 'w5': 0.108, 'w6': 0.731, 'w7': 0.212, 'w8': 0.683, 'max_depth': 6, 'min_child_weight': 4, 'subsample': 0.8, 'colsample_bytree': 1.0, 'gamma': 0.6000000000000001}. Best is trial 1801 with value: 0.629468387989737.
[I 2023-10-11 23:50:18,486] Trial 1889 finished with value: 0.6241055086415648 and parameters: {'w0': 0.213, 'w1': 0.866, 'w2': 0.242, 'w3': 0.612, 'w4': 0.754, 'w5': 0.069, 'w6': 0.732, 'w7': 0.212, 'w8': 0.686, 'max_depth': 6, 'min_child_weight': 4, 'subsample': 0.8, 'colsample_bytree': 1.0, 'gamma': 0.6000000000000001}. Best is trial 1801 with value: 0.629468387989737.
[I 2023-10-11 23:50:41,850] Trial 1890 finished with value: 0.6224564165116271 and parameters: {'w0': 0.211, 'w1': 0.875, 'w2': 0.243, 'w3': 0.631, 'w4': 0.723, 'w5': 0.065, 'w6': 0.768, 'w7': 0.25, 'w8': 0.685, 'max_depth': 6, 'min_child_weight': 4, 'subsample': 0.8, 'colsample_bytree': 1.0, 'gamma': 0.6000000000000001}. Best is trial 1801 with value: 0.629468387989737.
[I 2023-10-11 23:53:00,703] Trial 1896 finished with value: 0.6226535610817605 and parameters: {'w0': 0.212, 'w1': 0.9540000000000001, 'w2': 0.272, 'w3': 0.626, 'w4': 0.722, 'w5': 0.069, 'w6': 0.724, 'w7': 0.247, 'w8': 0.7010000000000001, 'max_depth': 6, 'min_child_weight': 4, 'subsample': 0.8, 'colsample_bytree': 1.0, 'gamma': 1.2000000000000002}. Best is trial 1801 with value: 0.629468387989737.
[I 2023-10-11 23:56:12,850] Trial 1892 finished with value: 0.6208987837410083 and parameters: {'w0': 0.251, 'w1': 0.9540000000000001, 'w2': 0.254, 'w3': 0.633, 'w4': 0.727, 'w5': 0.064, 'w6': 0.773, 'w7': 0.23800000000000002, 'w8': 0.6910000000000001, 'max_depth': 6, 'min_child_weight': 4, 'subsample': 0.8, 'colsample_bytree': 1.0, 'gamma': 0.6000000000000001}. Best is trial 1801 with value: 0.629468387989737.
[I 2023-10-11 23:57:05,348] Trial 1893 finished with value: 0.6262468624797044 and parameters: {'w0': 0.249, 'w1': 0.962, 'w2': 0.258, 'w3': 0.633, 'w4': 0.718, 'w5': 0.07300000000000001, 'w6': 0.768, 'w7': 0.243, 'w8': 0.6950000000000001, 'max_depth': 6, 'min_child_weight': 4, 'subsample': 0.8, 'colsample_bytree': 1.0, 'gamma': 0.6000000000000001}. Best is trial 1801 with value: 0.629468387989737.
[I 2023-10-11 23:57:31,478] Trial 1894 finished with value: 0.6232998782644356 and parameters: {'w0': 0.257, 'w1': 0.9580000000000001, 'w2': 0.272, 'w3': 0.633, 'w4': 0.728, 'w5': 0.065, 'w6': 0.768, 'w7': 0.25, 'w8': 0.6950000000000001, 'max_depth': 6, 'min_child_weight': 4, 'subsample': 0.8, 'colsample_bytree': 1.0, 'gamma': 0.6000000000000001}. Best is trial 1801 with value: 0.629468387989737.
[I 2023-10-11 23:57:42,911] Trial 1895 finished with value: 0.6244702042479526 and parameters: {'w0': 0.247, 'w1': 0.9570000000000001, 'w2': 0.27, 'w3': 0.634, 'w4': 0.722, 'w5': 0.068, 'w6': 0.769, 'w7': 0.23900000000000002, 'w8': 0.7000000000000001, 'max_depth': 6, 'min_child_weight': 4, 'subsample': 0.8, 'colsample_bytree': 1.0, 'gamma': 0.6000000000000001}. Best is trial 1801 with value: 0.629468387989737.
[I 2023-10-11 23:57:47,092] Trial 1891 finished with value: 0.5775877644690379 and parameters: {'w0': 0.211, 'w1': 0.874, 'w2': 0.245, 'w3': 0.632, 'w4': 0.731, 'w5': 0.065, 'w6': 0.773, 'w7': 0.974, 'w8': 0.6910000000000001, 'max_depth': 6, 'min_child_weight': 4, 'subsample': 0.8, 'colsample_bytree': 1.0, 'gamma': 0.4}. Best is trial 1801 with value: 0.629468387989737.
[I 2023-10-11 23:59:24,317] Trial 1903 finished with value: 0.6163010702008889 and parameters: {'w0': 0.254, 'w1': 0.9600000000000001, 'w2': 0.274, 'w3': 0.637, 'w4': 0.715, 'w5': 0.068, 'w6': 0.764, 'w7': 0.24000000000000002, 'w8': 0.6980000000000001, 'max_depth': 6, 'min_child_weight': 4, 'subsample': 0.8, 'colsample_bytree': 1.0, 'gamma': 3.2}. Best is trial 1801 with value: 0.629468387989737.
[I 2023-10-12 00:01:53,209] Trial 1897 finished with value: 0.623913078630282 and parameters: {'w0': 0.21, 'w1': 0.965, 'w2': 0.271, 'w3': 0.63, 'w4': 0.719, 'w5': 0.069, 'w6': 0.73, 'w7': 0.23700000000000002, 'w8': 0.7020000000000001, 'max_depth': 6, 'min_child_weight': 4, 'subsample': 0.8, 'colsample_bytree': 1.0, 'gamma': 0.6000000000000001}. Best is trial 1801 with value: 0.629468387989737.
[I 2023-10-12 00:02:40,468] Trial 1898 finished with value: 0.6246034383491671 and parameters: {'w0': 0.257, 'w1': 0.9590000000000001, 'w2': 0.26, 'w3': 0.636, 'w4': 0.726, 'w5': 0.07, 'w6': 0.726, 'w7': 0.252, 'w8': 0.7030000000000001, 'max_depth': 6, 'min_child_weight': 4, 'subsample': 0.8, 'colsample_bytree': 1.0, 'gamma': 0.6000000000000001}. Best is trial 1801 with value: 0.629468387989737.
[I 2023-10-12 00:04:28,897] Trial 1899 finished with value: 0.6141441324280746 and parameters: {'w0': 0.623, 'w1': 0.962, 'w2': 0.274, 'w3': 0.627, 'w4': 0.735, 'w5': 0.069, 'w6': 0.72, 'w7': 0.242, 'w8': 0.707, 'max_depth': 6, 'min_child_weight': 4, 'subsample': 0.8, 'colsample_bytree': 1.0, 'gamma': 0.4}. Best is trial 1801 with value: 0.629468387989737.
[I 2023-10-12 00:05:06,619] Trial 1900 finished with value: 0.6248970789674332 and parameters: {'w0': 0.261, 'w1': 0.964, 'w2': 0.268, 'w3': 0.626, 'w4': 0.724, 'w5': 0.07100000000000001, 'w6': 0.768, 'w7': 0.247, 'w8': 0.7030000000000001, 'max_depth': 6, 'min_child_weight': 4, 'subsample': 0.8, 'colsample_bytree': 1.0, 'gamma': 0.6000000000000001}. Best is trial 1801 with value: 0.629468387989737.
[I 2023-10-12 00:06:34,149] Trial 1901 finished with value: 0.6221774724697648 and parameters: {'w0': 0.258, 'w1': 0.966, 'w2': 0.271, 'w3': 0.637, 'w4': 0.717, 'w5': 0.068, 'w6': 0.718, 'w7': 0.23500000000000001, 'w8': 0.6990000000000001, 'max_depth': 6, 'min_child_weight': 4, 'subsample': 0.8, 'colsample_bytree': 1.0, 'gamma': 0.6000000000000001}. Best is trial 1801 with value: 0.629468387989737.
[I 2023-10-12 00:06:40,904] Trial 1904 finished with value: 0.6234435636516154 and parameters: {'w0': 0.245, 'w1': 0.963, 'w2': 0.279, 'w3': 0.631, 'w4': 0.712, 'w5': 0.07200000000000001, 'w6': 0.769, 'w7': 0.258, 'w8': 0.7040000000000001, 'max_depth': 6, 'min_child_weight': 4, 'subsample': 0.8, 'colsample_bytree': 1.0, 'gamma': 1.2000000000000002}. Best is trial 1801 with value: 0.629468387989737.
[I 2023-10-12 00:07:15,930] Trial 1905 finished with value: 0.6214144744381025 and parameters: {'w0': 0.255, 'w1': 0.961, 'w2': 0.269, 'w3': 0.638, 'w4': 0.72, 'w5': 0.066, 'w6': 0.762, 'w7': 0.25, 'w8': 0.705, 'max_depth': 6, 'min_child_weight': 4, 'subsample': 0.8, 'colsample_bytree': 1.0, 'gamma': 1.2000000000000002}. Best is trial 1801 with value: 0.629468387989737.
[I 2023-10-12 00:07:33,590] Trial 1906 finished with value: 0.6239183235887216 and parameters: {'w0': 0.25, 'w1': 0.964, 'w2': 0.28, 'w3': 0.633, 'w4': 0.716, 'w5': 0.083, 'w6': 0.768, 'w7': 0.249, 'w8': 0.705, 'max_depth': 6, 'min_child_weight': 4, 'subsample': 0.8, 'colsample_bytree': 1.0, 'gamma': 1.2000000000000002}. Best is trial 1801 with value: 0.629468387989737.
[I 2023-10-12 00:08:38,130] Trial 1902 finished with value: 0.6246323917521025 and parameters: {'w0': 0.255, 'w1': 0.961, 'w2': 0.278, 'w3': 0.6900000000000001, 'w4': 0.723, 'w5': 0.07100000000000001, 'w6': 0.717, 'w7': 0.243, 'w8': 0.7040000000000001, 'max_depth': 6, 'min_child_weight': 4, 'subsample': 0.8, 'colsample_bytree': 1.0, 'gamma': 0.6000000000000001}. Best is trial 1801 with value: 0.629468387989737.
[I 2023-10-12 00:14:28,349] Trial 1909 finished with value: 0.6218676708732643 and parameters: {'w0': 0.252, 'w1': 0.966, 'w2': 0.274, 'w3': 0.687, 'w4': 0.714, 'w5': 0.082, 'w6': 0.718, 'w7': 0.255, 'w8': 0.708, 'max_depth': 6, 'min_child_weight': 4, 'subsample': 0.8, 'colsample_bytree': 1.0, 'gamma': 1.2000000000000002}. Best is trial 1801 with value: 0.629468387989737.
[I 2023-10-12 00:14:57,378] Trial 1911 finished with value: 0.6229988108416323 and parameters: {'w0': 0.261, 'w1': 0.966, 'w2': 0.281, 'w3': 0.686, 'w4': 0.682, 'w5': 0.08700000000000001, 'w6': 0.716, 'w7': 0.255, 'w8': 0.72, 'max_depth': 6, 'min_child_weight': 4, 'subsample': 0.8, 'colsample_bytree': 1.0, 'gamma': 1.2000000000000002}. Best is trial 1801 with value: 0.629468387989737.
[I 2023-10-12 00:15:23,829] Trial 1917 finished with value: 0.6057946435227751 and parameters: {'w0': 0.246, 'w1': 0.905, 'w2': 0.278, 'w3': 0.672, 'w4': 0.7000000000000001, 'w5': 0.08700000000000001, 'w6': 0.718, 'w7': 0.266, 'w8': 0.724, 'max_depth': 6, 'min_child_weight': 4, 'subsample': 0.8, 'colsample_bytree': 1.0, 'gamma': 5.2}. Best is trial 1801 with value: 0.629468387989737.
[I 2023-10-12 00:16:53,649] Trial 1913 finished with value: 0.6241686723097564 and parameters: {'w0': 0.261, 'w1': 0.9600000000000001, 'w2': 0.275, 'w3': 0.722, 'w4': 0.705, 'w5': 0.091, 'w6': 0.716, 'w7': 0.259, 'w8': 0.7030000000000001, 'max_depth': 6, 'min_child_weight': 4, 'subsample': 0.8, 'colsample_bytree': 1.0, 'gamma': 1.2000000000000002}. Best is trial 1801 with value: 0.629468387989737.
[I 2023-10-12 00:16:55,377] Trial 1907 finished with value: 0.6231207663873826 and parameters: {'w0': 0.259, 'w1': 0.9600000000000001, 'w2': 0.269, 'w3': 0.637, 'w4': 0.722, 'w5': 0.083, 'w6': 0.769, 'w7': 0.241, 'w8': 0.706, 'max_depth': 6, 'min_child_weight': 4, 'subsample': 0.8, 'colsample_bytree': 1.0, 'gamma': 0.4}. Best is trial 1801 with value: 0.629468387989737.
[I 2023-10-12 00:18:31,437] Trial 1912 finished with value: 0.6230111432938573 and parameters: {'w0': 0.261, 'w1': 0.97, 'w2': 0.274, 'w3': 0.6880000000000001, 'w4': 0.6950000000000001, 'w5': 0.083, 'w6': 0.71, 'w7': 0.255, 'w8': 0.716, 'max_depth': 6, 'min_child_weight': 4, 'subsample': 0.8, 'colsample_bytree': 1.0, 'gamma': 0.8}. Best is trial 1801 with value: 0.629468387989737.
[I 2023-10-12 00:19:23,549] Trial 1914 finished with value: 0.623561969559542 and parameters: {'w0': 0.258, 'w1': 0.967, 'w2': 0.279, 'w3': 0.6910000000000001, 'w4': 0.6940000000000001, 'w5': 0.08700000000000001, 'w6': 0.714, 'w7': 0.267, 'w8': 0.736, 'max_depth': 6, 'min_child_weight': 4, 'subsample': 0.8, 'colsample_bytree': 1.0, 'gamma': 1.2000000000000002}. Best is trial 1801 with value: 0.629468387989737.
[I 2023-10-12 00:19:58,052] Trial 1908 finished with value: 0.6206305932818181 and parameters: {'w0': 0.254, 'w1': 0.963, 'w2': 0.274, 'w3': 0.635, 'w4': 0.72, 'w5': 0.085, 'w6': 0.767, 'w7': 0.257, 'w8': 0.707, 'max_depth': 6, 'min_child_weight': 4, 'subsample': 0.8, 'colsample_bytree': 1.0, 'gamma': 0.4}. Best is trial 1801 with value: 0.629468387989737.
[I 2023-10-12 00:20:01,624] Trial 1915 finished with value: 0.6205781511700383 and parameters: {'w0': 0.263, 'w1': 0.964, 'w2': 0.279, 'w3': 0.676, 'w4': 0.7010000000000001, 'w5': 0.08700000000000001, 'w6': 0.714, 'w7': 0.263, 'w8': 0.732, 'max_depth': 6, 'min_child_weight': 4, 'subsample': 0.8, 'colsample_bytree': 1.0, 'gamma': 1.2000000000000002}. Best is trial 1801 with value: 0.629468387989737.
[I 2023-10-12 00:21:04,060] Trial 1910 finished with value: 0.6198357091159666 and parameters: {'w0': 0.262, 'w1': 0.966, 'w2': 0.274, 'w3': 0.6910000000000001, 'w4': 0.6880000000000001, 'w5': 0.08700000000000001, 'w6': 0.717, 'w7': 0.265, 'w8': 0.729, 'max_depth': 6, 'min_child_weight': 4, 'subsample': 0.8, 'colsample_bytree': 1.0, 'gamma': 0.4}. Best is trial 1801 with value: 0.629468387989737.
[I 2023-10-12 00:21:35,028] Trial 1916 finished with value: 0.623291864607279 and parameters: {'w0': 0.255, 'w1': 0.906, 'w2': 0.302, 'w3': 0.68, 'w4': 0.684, 'w5': 0.09, 'w6': 0.766, 'w7': 0.269, 'w8': 0.731, 'max_depth': 6, 'min_child_weight': 4, 'subsample': 0.8, 'colsample_bytree': 1.0, 'gamma': 1.2000000000000002}. Best is trial 1801 with value: 0.629468387989737.
[I 2023-10-12 00:23:07,872] Trial 1918 finished with value: 0.625829684120069 and parameters: {'w0': 0.248, 'w1': 0.902, 'w2': 0.302, 'w3': 0.6890000000000001, 'w4': 0.6940000000000001, 'w5': 0.091, 'w6': 0.716, 'w7': 0.258, 'w8': 0.727, 'max_depth': 6, 'min_child_weight': 4, 'subsample': 0.8, 'colsample_bytree': 1.0, 'gamma': 1.2000000000000002}. Best is trial 1801 with value: 0.629468387989737.
[I 2023-10-12 00:24:45,044] Trial 1919 finished with value: 0.6186879661770168 and parameters: {'w0': 0.594, 'w1': 0.909, 'w2': 0.301, 'w3': 0.687, 'w4': 0.6890000000000001, 'w5': 0.092, 'w6': 0.711, 'w7': 0.26, 'w8': 0.72, 'max_depth': 6, 'min_child_weight': 4, 'subsample': 0.8, 'colsample_bytree': 1.0, 'gamma': 1.2000000000000002}. Best is trial 1801 with value: 0.629468387989737.
[I 2023-10-12 00:25:38,196] Trial 1920 finished with value: 0.6249428271811548 and parameters: {'w0': 0.266, 'w1': 0.904, 'w2': 0.305, 'w3': 0.64, 'w4': 0.732, 'w5': 0.081, 'w6': 0.716, 'w7': 0.264, 'w8': 0.732, 'max_depth': 6, 'min_child_weight': 4, 'subsample': 0.8, 'colsample_bytree': 1.0, 'gamma': 1.0}. Best is trial 1801 with value: 0.629468387989737.
[I 2023-10-12 00:27:47,685] Trial 1921 finished with value: 0.6240412291411569 and parameters: {'w0': 0.262, 'w1': 0.904, 'w2': 0.314, 'w3': 0.683, 'w4': 0.6920000000000001, 'w5': 0.099, 'w6': 0.715, 'w7': 0.267, 'w8': 0.74, 'max_depth': 6, 'min_child_weight': 4, 'subsample': 0.8, 'colsample_bytree': 1.0, 'gamma': 0.8}. Best is trial 1801 with value: 0.629468387989737.
[I 2023-10-12 00:27:59,540] Trial 1922 finished with value: 0.6025449343691794 and parameters: {'w0': 0.88, 'w1': 0.263, 'w2': 0.304, 'w3': 0.678, 'w4': 0.74, 'w5': 0.08700000000000001, 'w6': 0.714, 'w7': 0.264, 'w8': 0.726, 'max_depth': 6, 'min_child_weight': 4, 'subsample': 0.8, 'colsample_bytree': 1.0, 'gamma': 1.0}. Best is trial 1801 with value: 0.629468387989737.
[I 2023-10-12 00:28:52,044] Trial 1929 finished with value: 0.5865133642828586 and parameters: {'w0': 0.215, 'w1': 0.905, 'w2': 0.298, 'w3': 0.667, 'w4': 0.745, 'w5': 0.115, 'w6': 0.745, 'w7': 0.212, 'w8': 0.735, 'max_depth': 6, 'min_child_weight': 4, 'subsample': 0.8, 'colsample_bytree': 1.0, 'gamma': 7.2}. Best is trial 1801 with value: 0.629468387989737.
[I 2023-10-12 00:32:35,979] Trial 1925 finished with value: 0.6209743506331611 and parameters: {'w0': 0.20600000000000002, 'w1': 0.905, 'w2': 0.292, 'w3': 0.669, 'w4': 0.744, 'w5': 0.089, 'w6': 0.745, 'w7': 0.20800000000000002, 'w8': 0.725, 'max_depth': 6, 'min_child_weight': 4, 'subsample': 0.8, 'colsample_bytree': 1.0, 'gamma': 1.0}. Best is trial 1801 with value: 0.629468387989737.
[I 2023-10-12 00:32:37,329] Trial 1923 finished with value: 0.6220580337131805 and parameters: {'w0': 0.265, 'w1': 0.905, 'w2': 0.297, 'w3': 0.67, 'w4': 0.686, 'w5': 0.094, 'w6': 0.712, 'w7': 0.269, 'w8': 0.733, 'max_depth': 6, 'min_child_weight': 4, 'subsample': 0.8, 'colsample_bytree': 1.0, 'gamma': 1.0}. Best is trial 1801 with value: 0.629468387989737.
[I 2023-10-12 00:34:26,989] Trial 1924 finished with value: 0.6219327807048963 and parameters: {'w0': 0.242, 'w1': 0.906, 'w2': 0.28900000000000003, 'w3': 0.673, 'w4': 0.741, 'w5': 0.09, 'w6': 0.741, 'w7': 0.215, 'w8': 0.74, 'max_depth': 6, 'min_child_weight': 4, 'subsample': 0.8, 'colsample_bytree': 1.0, 'gamma': 0.8}. Best is trial 1801 with value: 0.629468387989737.
[I 2023-10-12 00:34:38,644] Trial 1927 finished with value: 0.6251345146118199 and parameters: {'w0': 0.20600000000000002, 'w1': 0.905, 'w2': 0.306, 'w3': 0.672, 'w4': 0.739, 'w5': 0.11, 'w6': 0.745, 'w7': 0.224, 'w8': 0.727, 'max_depth': 6, 'min_child_weight': 4, 'subsample': 0.8, 'colsample_bytree': 1.0, 'gamma': 1.0}. Best is trial 1801 with value: 0.629468387989737.
[I 2023-10-12 00:35:53,267] Trial 1928 finished with value: 0.6260613339803965 and parameters: {'w0': 0.21, 'w1': 0.904, 'w2': 0.23900000000000002, 'w3': 0.669, 'w4': 0.74, 'w5': 0.112, 'w6': 0.743, 'w7': 0.22, 'w8': 0.736, 'max_depth': 6, 'min_child_weight': 4, 'subsample': 0.8, 'colsample_bytree': 1.0, 'gamma': 1.0}. Best is trial 1801 with value: 0.629468387989737.
[I 2023-10-12 00:36:26,573] Trial 1926 finished with value: 0.6286188247184883 and parameters: {'w0': 0.20800000000000002, 'w1': 0.906, 'w2': 0.244, 'w3': 0.667, 'w4': 0.742, 'w5': 0.115, 'w6': 0.742, 'w7': 0.215, 'w8': 0.735, 'max_depth': 6, 'min_child_weight': 4, 'subsample': 0.8, 'colsample_bytree': 1.0, 'gamma': 0.8}. Best is trial 1801 with value: 0.629468387989737.
[I 2023-10-12 00:37:08,483] Trial 1931 finished with value: 0.62047114862722 and parameters: {'w0': 0.216, 'w1': 0.4, 'w2': 0.305, 'w3': 0.665, 'w4': 0.748, 'w5': 0.111, 'w6': 0.745, 'w7': 0.212, 'w8': 0.723, 'max_depth': 6, 'min_child_weight': 4, 'subsample': 0.8, 'colsample_bytree': 1.0, 'gamma': 1.0}. Best is trial 1801 with value: 0.629468387989737.
