[I 2023-10-13 15:07:49,307] Trial 450 finished with value: 0.47569735844437505 and parameters: {'w0': 0.553, 'w1': 0.867, 'w2': 0.342, 'w3': 0.526, 'w4': 0.095, 'w5': 0.91, 'w6': 0.915, 'w7': 0.406, 'w8': 0.231, 'max_depth': 5, 'min_child_weight': 6, 'subsample': 0.7, 'colsample_bytree': 0.6000000000000001, 'gamma': 1.2000000000000002}. Best is trial 411 with value: 0.5062317940416567.
[I 2023-10-13 15:07:52,776] Trial 448 finished with value: 0.5038169257445015 and parameters: {'w0': 0.47700000000000004, 'w1': 0.865, 'w2': 0.37, 'w3': 0.525, 'w4': 0.08, 'w5': 0.125, 'w6': 0.918, 'w7': 0.277, 'w8': 0.899, 'max_depth': 5, 'min_child_weight': 6, 'subsample': 0.7, 'colsample_bytree': 0.6000000000000001, 'gamma': 0.4}. Best is trial 411 with value: 0.5062317940416567.
[I 2023-10-13 15:08:56,579] Trial 451 finished with value: 0.4987621207180546 and parameters: {'w0': 0.558, 'w1': 0.367, 'w2': 0.374, 'w3': 0.522, 'w4': 0.1, 'w5': 0.127, 'w6': 0.916, 'w7': 0.356, 'w8': 0.9, 'max_depth': 5, 'min_child_weight': 6, 'subsample': 0.7, 'colsample_bytree': 0.6000000000000001, 'gamma': 1.2000000000000002}. Best is trial 411 with value: 0.5062317940416567.
[I 2023-10-13 15:11:10,495] Trial 452 finished with value: 0.5013650026071584 and parameters: {'w0': 0.555, 'w1': 0.866, 'w2': 0.372, 'w3': 0.527, 'w4': 0.097, 'w5': 0.11800000000000001, 'w6': 0.918, 'w7': 0.402, 'w8': 0.9, 'max_depth': 5, 'min_child_weight': 6, 'subsample': 0.7, 'colsample_bytree': 0.6000000000000001, 'gamma': 1.2000000000000002}. Best is trial 411 with value: 0.5062317940416567.
[I 2023-10-13 15:12:03,987] Trial 453 finished with value: 0.5016978596841345 and parameters: {'w0': 0.55, 'w1': 0.88, 'w2': 0.34600000000000003, 'w3': 0.525, 'w4': 0.20800000000000002, 'w5': 0.124, 'w6': 0.964, 'w7': 0.276, 'w8': 0.902, 'max_depth': 5, 'min_child_weight': 6, 'subsample': 0.7, 'colsample_bytree': 0.6000000000000001, 'gamma': 1.2000000000000002}. Best is trial 411 with value: 0.5062317940416567.
[I 2023-10-13 15:13:23,668] Trial 454 finished with value: 0.49552486331349016 and parameters: {'w0': 0.553, 'w1': 0.355, 'w2': 0.34800000000000003, 'w3': 0.525, 'w4': 0.095, 'w5': 0.125, 'w6': 0.965, 'w7': 0.4, 'w8': 0.905, 'max_depth': 6, 'min_child_weight': 6, 'subsample': 0.7, 'colsample_bytree': 0.6000000000000001, 'gamma': 1.2000000000000002}. Best is trial 411 with value: 0.5062317940416567.
[I 2023-10-13 15:13:37,043] Trial 455 finished with value: 0.4966577278588481 and parameters: {'w0': 0.55, 'w1': 0.338, 'w2': 0.34700000000000003, 'w3': 0.529, 'w4': 0.20800000000000002, 'w5': 0.122, 'w6': 0.966, 'w7': 0.399, 'w8': 0.851, 'max_depth': 6, 'min_child_weight': 6, 'subsample': 0.7, 'colsample_bytree': 0.6000000000000001, 'gamma': 1.2000000000000002}. Best is trial 411 with value: 0.5062317940416567.
[I 2023-10-13 15:16:00,079] Trial 456 finished with value: 0.46170243432508584 and parameters: {'w0': 0.47900000000000004, 'w1': 0.341, 'w2': 0.34400000000000003, 'w3': 0.533, 'w4': 0.23800000000000002, 'w5': 0.111, 'w6': 0.054, 'w7': 0.40700000000000003, 'w8': 0.904, 'max_depth': 6, 'min_child_weight': 6, 'subsample': 0.7, 'colsample_bytree': 0.6000000000000001, 'gamma': 1.2000000000000002}. Best is trial 411 with value: 0.5062317940416567.
[I 2023-10-13 15:17:29,621] Trial 457 finished with value: 0.4974615255803665 and parameters: {'w0': 0.548, 'w1': 0.869, 'w2': 0.34500000000000003, 'w3': 0.525, 'w4': 0.08700000000000001, 'w5': 0.263, 'w6': 0.968, 'w7': 0.405, 'w8': 0.85, 'max_depth': 5, 'min_child_weight': 6, 'subsample': 0.7, 'colsample_bytree': 0.6000000000000001, 'gamma': 0.0}. Best is trial 411 with value: 0.5062317940416567.
[I 2023-10-13 15:18:56,595] Trial 462 finished with value: 0.48473952544667054 and parameters: {'w0': 0.47100000000000003, 'w1': 0.868, 'w2': 0.34400000000000003, 'w3': 0.633, 'w4': 0.089, 'w5': 0.109, 'w6': 0.912, 'w7': 0.245, 'w8': 0.843, 'max_depth': 3, 'min_child_weight': 6, 'subsample': 0.7, 'colsample_bytree': 0.6000000000000001, 'gamma': 0.8}. Best is trial 411 with value: 0.5062317940416567.
[I 2023-10-13 15:21:57,838] Trial 458 finished with value: 0.4898821378827648 and parameters: {'w0': 0.557, 'w1': 0.867, 'w2': 0.375, 'w3': 0.537, 'w4': 0.097, 'w5': 0.107, 'w6': 0.964, 'w7': 0.28, 'w8': 0.20600000000000002, 'max_depth': 6, 'min_child_weight': 6, 'subsample': 0.7, 'colsample_bytree': 0.6000000000000001, 'gamma': 0.0}. Best is trial 411 with value: 0.5062317940416567.
[I 2023-10-13 15:23:35,645] Trial 463 finished with value: 0.48004085812298086 and parameters: {'w0': 0.554, 'w1': 0.867, 'w2': 0.34600000000000003, 'w3': 0.62, 'w4': 0.08700000000000001, 'w5': 0.10500000000000001, 'w6': 0.336, 'w7': 0.28900000000000003, 'w8': 0.203, 'max_depth': 5, 'min_child_weight': 6, 'subsample': 0.7, 'colsample_bytree': 0.6000000000000001, 'gamma': 0.0}. Best is trial 411 with value: 0.5062317940416567.
[I 2023-10-13 15:23:46,821] Trial 459 finished with value: 0.5043101306700748 and parameters: {'w0': 0.554, 'w1': 0.872, 'w2': 0.375, 'w3': 0.528, 'w4': 0.077, 'w5': 0.116, 'w6': 0.914, 'w7': 0.404, 'w8': 0.903, 'max_depth': 6, 'min_child_weight': 6, 'subsample': 0.7, 'colsample_bytree': 0.6000000000000001, 'gamma': 0.0}. Best is trial 411 with value: 0.5062317940416567.
[I 2023-10-13 15:24:12,984] Trial 465 finished with value: 0.47982276197848633 and parameters: {'w0': 0.47500000000000003, 'w1': 0.872, 'w2': 0.399, 'w3': 0.673, 'w4': 0.093, 'w5': 0.108, 'w6': 0.152, 'w7': 0.20400000000000001, 'w8': 0.85, 'max_depth': 5, 'min_child_weight': 4, 'subsample': 0.7, 'colsample_bytree': 0.6000000000000001, 'gamma': 0.4}. Best is trial 411 with value: 0.5062317940416567.
[I 2023-10-13 15:24:28,506] Trial 469 finished with value: 0.49019477902765407 and parameters: {'w0': 0.47200000000000003, 'w1': 0.859, 'w2': 0.4, 'w3': 0.666, 'w4': 0.64, 'w5': 0.106, 'w6': 0.907, 'w7': 0.298, 'w8': 0.846, 'max_depth': 3, 'min_child_weight': 4, 'subsample': 0.7, 'colsample_bytree': 0.6000000000000001, 'gamma': 0.0}. Best is trial 411 with value: 0.5062317940416567.
[I 2023-10-13 15:24:28,647] Trial 466 finished with value: 0.49576159382851753 and parameters: {'w0': 0.47700000000000004, 'w1': 0.867, 'w2': 0.398, 'w3': 0.668, 'w4': 0.079, 'w5': 0.11, 'w6': 0.906, 'w7': 0.241, 'w8': 0.851, 'max_depth': 5, 'min_child_weight': 6, 'subsample': 0.7, 'colsample_bytree': 0.6000000000000001, 'gamma': 0.0}. Best is trial 411 with value: 0.5062317940416567.
[I 2023-10-13 15:24:45,192] Trial 460 finished with value: 0.49072438887331715 and parameters: {'w0': 0.552, 'w1': 0.868, 'w2': 0.399, 'w3': 0.625, 'w4': 0.091, 'w5': 0.11800000000000001, 'w6': 0.968, 'w7': 0.405, 'w8': 0.20800000000000002, 'max_depth': 6, 'min_child_weight': 6, 'subsample': 0.7, 'colsample_bytree': 0.6000000000000001, 'gamma': 0.0}. Best is trial 411 with value: 0.5062317940416567.
[I 2023-10-13 15:24:45,742] Trial 464 finished with value: 0.48437987441222263 and parameters: {'w0': 0.55, 'w1': 0.872, 'w2': 0.34600000000000003, 'w3': 0.54, 'w4': 0.293, 'w5': 0.122, 'w6': 0.135, 'w7': 0.244, 'w8': 0.846, 'max_depth': 5, 'min_child_weight': 6, 'subsample': 0.7, 'colsample_bytree': 0.6000000000000001, 'gamma': 0.0}. Best is trial 411 with value: 0.5062317940416567.
[I 2023-10-13 15:25:31,319] Trial 467 finished with value: 0.497966395378534 and parameters: {'w0': 0.47700000000000004, 'w1': 0.869, 'w2': 0.401, 'w3': 0.621, 'w4': 0.097, 'w5': 0.109, 'w6': 0.903, 'w7': 0.24000000000000002, 'w8': 0.852, 'max_depth': 5, 'min_child_weight': 4, 'subsample': 0.7, 'colsample_bytree': 0.6000000000000001, 'gamma': 0.4}. Best is trial 411 with value: 0.5062317940416567.
[I 2023-10-13 15:25:50,514] Trial 461 finished with value: 0.48105544808159806 and parameters: {'w0': 0.554, 'w1': 0.859, 'w2': 0.401, 'w3': 0.538, 'w4': 0.095, 'w5': 0.933, 'w6': 0.964, 'w7': 0.252, 'w8': 0.202, 'max_depth': 6, 'min_child_weight': 6, 'subsample': 0.7, 'colsample_bytree': 0.6000000000000001, 'gamma': 0.0}. Best is trial 411 with value: 0.5062317940416567.
[I 2023-10-13 15:27:51,779] Trial 468 finished with value: 0.4963826316992669 and parameters: {'w0': 0.47100000000000003, 'w1': 0.878, 'w2': 0.403, 'w3': 0.536, 'w4': 0.077, 'w5': 0.10500000000000001, 'w6': 0.925, 'w7': 0.242, 'w8': 0.848, 'max_depth': 5, 'min_child_weight': 4, 'subsample': 0.7, 'colsample_bytree': 0.6000000000000001, 'gamma': 0.0}. Best is trial 411 with value: 0.5062317940416567.
[I 2023-10-13 15:29:52,982] Trial 470 finished with value: 0.49272118096616485 and parameters: {'w0': 0.612, 'w1': 0.868, 'w2': 0.20700000000000002, 'w3': 0.632, 'w4': 0.091, 'w5': 0.098, 'w6': 0.911, 'w7': 0.28900000000000003, 'w8': 0.848, 'max_depth': 5, 'min_child_weight': 4, 'subsample': 0.7, 'colsample_bytree': 0.6000000000000001, 'gamma': 0.0}. Best is trial 411 with value: 0.5062317940416567.
[I 2023-10-13 15:30:01,921] Trial 471 finished with value: 0.49661994003945664 and parameters: {'w0': 0.47300000000000003, 'w1': 0.863, 'w2': 0.397, 'w3': 0.621, 'w4': 0.079, 'w5': 0.10500000000000001, 'w6': 0.907, 'w7': 0.229, 'w8': 0.845, 'max_depth': 5, 'min_child_weight': 4, 'subsample': 0.7, 'colsample_bytree': 0.6000000000000001, 'gamma': 0.4}. Best is trial 411 with value: 0.5062317940416567.
[I 2023-10-13 15:33:46,134] Trial 472 finished with value: 0.49591723065594157 and parameters: {'w0': 0.483, 'w1': 0.868, 'w2': 0.399, 'w3': 0.63, 'w4': 0.247, 'w5': 0.10500000000000001, 'w6': 0.91, 'w7': 0.196, 'w8': 0.848, 'max_depth': 5, 'min_child_weight': 4, 'subsample': 0.7, 'colsample_bytree': 0.6000000000000001, 'gamma': 0.4}. Best is trial 411 with value: 0.5062317940416567.
[I 2023-10-13 15:35:19,149] Trial 473 finished with value: 0.4902172617924041 and parameters: {'w0': 0.482, 'w1': 0.88, 'w2': 0.402, 'w3': 0.634, 'w4': 0.306, 'w5': 0.107, 'w6': 0.34900000000000003, 'w7': 0.221, 'w8': 0.849, 'max_depth': 5, 'min_child_weight': 4, 'subsample': 0.7, 'colsample_bytree': 0.6000000000000001, 'gamma': 0.0}. Best is trial 411 with value: 0.5062317940416567.
[I 2023-10-13 15:35:50,123] Trial 484 finished with value: 0.46471192938950495 and parameters: {'w0': 0.14200000000000002, 'w1': 0.884, 'w2': 0.37, 'w3': 0.544, 'w4': 0.251, 'w5': 0.136, 'w6': 0.911, 'w7': 0.256, 'w8': 0.924, 'max_depth': 5, 'min_child_weight': 4, 'subsample': 0.7, 'colsample_bytree': 0.6000000000000001, 'gamma': 4.2}. Best is trial 411 with value: 0.5062317940416567.
[I 2023-10-13 15:36:34,856] Trial 474 finished with value: 0.49813290482660133 and parameters: {'w0': 0.47500000000000003, 'w1': 0.877, 'w2': 0.399, 'w3': 0.616, 'w4': 0.079, 'w5': 0.109, 'w6': 0.908, 'w7': 0.232, 'w8': 0.923, 'max_depth': 5, 'min_child_weight': 4, 'subsample': 0.7, 'colsample_bytree': 0.6000000000000001, 'gamma': 0.4}. Best is trial 411 with value: 0.5062317940416567.
[I 2023-10-13 15:39:21,013] Trial 486 finished with value: 0.4450466987426745 and parameters: {'w0': 0.53, 'w1': 0.892, 'w2': 0.368, 'w3': 0.644, 'w4': 0.243, 'w5': 0.44, 'w6': 0.912, 'w7': 0.307, 'w8': 0.306, 'max_depth': 5, 'min_child_weight': 6, 'subsample': 0.7, 'colsample_bytree': 0.6000000000000001, 'gamma': 7.4}. Best is trial 411 with value: 0.5062317940416567.
[I 2023-10-13 15:40:09,506] Trial 475 finished with value: 0.49980412220428083 and parameters: {'w0': 0.47800000000000004, 'w1': 0.882, 'w2': 0.403, 'w3': 0.616, 'w4': 0.299, 'w5': 0.10300000000000001, 'w6': 0.905, 'w7': 0.257, 'w8': 0.846, 'max_depth': 5, 'min_child_weight': 4, 'subsample': 0.7, 'colsample_bytree': 0.6000000000000001, 'gamma': 0.0}. Best is trial 411 with value: 0.5062317940416567.
[I 2023-10-13 15:41:14,339] Trial 476 finished with value: 0.4966415853814075 and parameters: {'w0': 0.484, 'w1': 0.887, 'w2': 0.403, 'w3': 0.663, 'w4': 0.078, 'w5': 0.10200000000000001, 'w6': 0.912, 'w7': 0.233, 'w8': 0.922, 'max_depth': 5, 'min_child_weight': 4, 'subsample': 0.7, 'colsample_bytree': 0.6000000000000001, 'gamma': 0.4}. Best is trial 411 with value: 0.5062317940416567.
[I 2023-10-13 15:41:54,304] Trial 481 finished with value: 0.42357044901944374 and parameters: {'w0': 0.53, 'w1': 0.883, 'w2': 0.401, 'w3': 0.007, 'w4': 0.07300000000000001, 'w5': 0.137, 'w6': 0.902, 'w7': 0.258, 'w8': 0.923, 'max_depth': 5, 'min_child_weight': 4, 'subsample': 0.7, 'colsample_bytree': 0.6000000000000001, 'gamma': 0.4}. Best is trial 411 with value: 0.5062317940416567.
[I 2023-10-13 15:41:57,383] Trial 477 finished with value: 0.5050910313092566 and parameters: {'w0': 0.47500000000000003, 'w1': 0.883, 'w2': 0.20600000000000002, 'w3': 0.628, 'w4': 0.635, 'w5': 0.10300000000000001, 'w6': 0.904, 'w7': 0.246, 'w8': 0.921, 'max_depth': 5, 'min_child_weight': 4, 'subsample': 0.7, 'colsample_bytree': 0.6000000000000001, 'gamma': 0.0}. Best is trial 411 with value: 0.5062317940416567.
[I 2023-10-13 15:42:19,269] Trial 479 finished with value: 0.49729507609965706 and parameters: {'w0': 0.608, 'w1': 0.882, 'w2': 0.401, 'w3': 0.632, 'w4': 0.077, 'w5': 0.14, 'w6': 0.908, 'w7': 0.269, 'w8': 0.923, 'max_depth': 5, 'min_child_weight': 4, 'subsample': 0.7, 'colsample_bytree': 0.6000000000000001, 'gamma': 0.0}. Best is trial 411 with value: 0.5062317940416567.
[I 2023-10-13 15:42:28,953] Trial 478 finished with value: 0.4941747664105147 and parameters: {'w0': 0.619, 'w1': 0.884, 'w2': 0.394, 'w3': 0.622, 'w4': 0.295, 'w5': 0.10200000000000001, 'w6': 0.904, 'w7': 0.222, 'w8': 0.917, 'max_depth': 5, 'min_child_weight': 4, 'subsample': 0.7, 'colsample_bytree': 0.6000000000000001, 'gamma': 0.0}. Best is trial 411 with value: 0.5062317940416567.
[I 2023-10-13 15:42:33,035] Trial 482 finished with value: 0.49210596229324655 and parameters: {'w0': 0.618, 'w1': 0.887, 'w2': 0.401, 'w3': 0.646, 'w4': 0.07200000000000001, 'w5': 0.134, 'w6': 0.903, 'w7': 0.217, 'w8': 0.921, 'max_depth': 5, 'min_child_weight': 4, 'subsample': 0.7, 'colsample_bytree': 0.6000000000000001, 'gamma': 0.4}. Best is trial 411 with value: 0.5062317940416567.
[I 2023-10-13 15:42:35,652] Trial 488 finished with value: 0.460623242347574 and parameters: {'w0': 0.528, 'w1': 0.886, 'w2': 0.316, 'w3': 0.51, 'w4': 0.191, 'w5': 0.14300000000000002, 'w6': 0.91, 'w7': 0.267, 'w8': 0.913, 'max_depth': 5, 'min_child_weight': 6, 'subsample': 0.7, 'colsample_bytree': 0.6000000000000001, 'gamma': 7.6000000000000005}. Best is trial 411 with value: 0.5062317940416567.
[I 2023-10-13 15:43:00,470] Trial 480 finished with value: 0.49380442144906184 and parameters: {'w0': 0.61, 'w1': 0.89, 'w2': 0.393, 'w3': 0.626, 'w4': 0.293, 'w5': 0.136, 'w6': 0.909, 'w7': 0.224, 'w8': 0.928, 'max_depth': 5, 'min_child_weight': 4, 'subsample': 0.7, 'colsample_bytree': 0.6000000000000001, 'gamma': 0.0}. Best is trial 411 with value: 0.5062317940416567.
[I 2023-10-13 15:43:07,865] Trial 483 finished with value: 0.5023731340244183 and parameters: {'w0': 0.614, 'w1': 0.846, 'w2': 0.321, 'w3': 0.634, 'w4': 0.11900000000000001, 'w5': 0.14400000000000002, 'w6': 0.908, 'w7': 0.307, 'w8': 0.921, 'max_depth': 5, 'min_child_weight': 4, 'subsample': 0.7, 'colsample_bytree': 0.6000000000000001, 'gamma': 0.4}. Best is trial 411 with value: 0.5062317940416567.
[I 2023-10-13 15:44:34,297] Trial 489 finished with value: 0.47411919727044566 and parameters: {'w0': 0.529, 'w1': 0.889, 'w2': 0.318, 'w3': 0.599, 'w4': 0.116, 'w5': 0.133, 'w6': 0.903, 'w7': 0.314, 'w8': 0.927, 'max_depth': 5, 'min_child_weight': 6, 'subsample': 0.7, 'colsample_bytree': 0.7, 'gamma': 5.6000000000000005}. Best is trial 411 with value: 0.5062317940416567.
[I 2023-10-13 15:45:16,714] Trial 485 finished with value: 0.5014804046835648 and parameters: {'w0': 0.528, 'w1': 0.881, 'w2': 0.37, 'w3': 0.637, 'w4': 0.07300000000000001, 'w5': 0.139, 'w6': 0.902, 'w7': 0.266, 'w8': 0.913, 'max_depth': 5, 'min_child_weight': 6, 'subsample': 0.7, 'colsample_bytree': 0.6000000000000001, 'gamma': 0.4}. Best is trial 411 with value: 0.5062317940416567.
[I 2023-10-13 15:47:36,973] Trial 487 finished with value: 0.5030340661698485 and parameters: {'w0': 0.53, 'w1': 0.892, 'w2': 0.367, 'w3': 0.648, 'w4': 0.25, 'w5': 0.14400000000000002, 'w6': 0.915, 'w7': 0.305, 'w8': 0.921, 'max_depth': 5, 'min_child_weight': 6, 'subsample': 0.7, 'colsample_bytree': 0.6000000000000001, 'gamma': 0.6000000000000001}. Best is trial 411 with value: 0.5062317940416567.
[I 2023-10-13 15:52:37,600] Trial 490 finished with value: 0.5016436529316392 and parameters: {'w0': 0.527, 'w1': 0.839, 'w2': 0.321, 'w3': 0.654, 'w4': 0.149, 'w5': 0.332, 'w6': 0.928, 'w7': 0.308, 'w8': 0.927, 'max_depth': 5, 'min_child_weight': 6, 'subsample': 0.7, 'colsample_bytree': 0.7, 'gamma': 0.6000000000000001}. Best is trial 411 with value: 0.5062317940416567.
[I 2023-10-13 15:52:42,374] Trial 503 finished with value: 0.4382318658174273 and parameters: {'w0': 0.45, 'w1': 0.846, 'w2': 0.134, 'w3': 0.596, 'w4': 0.146, 'w5': 0.17200000000000001, 'w6': 0.999, 'w7': 0.278, 'w8': 0.886, 'max_depth': 6, 'min_child_weight': 6, 'subsample': 0.7, 'colsample_bytree': 0.6000000000000001, 'gamma': 8.200000000000001}. Best is trial 411 with value: 0.5062317940416567.
[I 2023-10-13 15:53:41,888] Trial 504 finished with value: 0.46916445886362934 and parameters: {'w0': 0.451, 'w1': 0.846, 'w2': 0.365, 'w3': 0.597, 'w4': 0.746, 'w5': 0.129, 'w6': 0.932, 'w7': 0.313, 'w8': 0.753, 'max_depth': 6, 'min_child_weight': 6, 'subsample': 0.30000000000000004, 'colsample_bytree': 0.6000000000000001, 'gamma': 7.0}. Best is trial 411 with value: 0.5062317940416567.
[I 2023-10-13 15:53:42,475] Trial 491 finished with value: 0.5044542693243047 and parameters: {'w0': 0.529, 'w1': 0.84, 'w2': 0.318, 'w3': 0.507, 'w4': 0.189, 'w5': 0.138, 'w6': 0.93, 'w7': 0.312, 'w8': 0.919, 'max_depth': 5, 'min_child_weight': 6, 'subsample': 0.7, 'colsample_bytree': 0.7, 'gamma': 0.6000000000000001}. Best is trial 411 with value: 0.5062317940416567.
[I 2023-10-13 15:54:31,084] Trial 493 finished with value: 0.4977405365842686 and parameters: {'w0': 0.521, 'w1': 0.839, 'w2': 0.372, 'w3': 0.512, 'w4': 0.117, 'w5': 0.14, 'w6': 1.0, 'w7': 0.307, 'w8': 0.75, 'max_depth': 4, 'min_child_weight': 6, 'subsample': 0.7, 'colsample_bytree': 0.7, 'gamma': 0.6000000000000001}. Best is trial 411 with value: 0.5062317940416567.
[I 2023-10-13 15:57:15,269] Trial 492 finished with value: 0.41061284133036113 and parameters: {'w0': 0.524, 'w1': 0.842, 'w2': 0.326, 'w3': 0.005, 'w4': 0.192, 'w5': 0.14, 'w6': 0.929, 'w7': 0.274, 'w8': 0.426, 'max_depth': 6, 'min_child_weight': 6, 'subsample': 0.7, 'colsample_bytree': 0.6000000000000001, 'gamma': 0.4}. Best is trial 411 with value: 0.5062317940416567.
[I 2023-10-13 15:57:21,857] Trial 501 finished with value: 0.4860059447989644 and parameters: {'w0': 0.522, 'w1': 0.794, 'w2': 0.2, 'w3': 0.599, 'w4': 0.14500000000000002, 'w5': 0.14400000000000002, 'w6': 0.9380000000000001, 'w7': 0.294, 'w8': 0.75, 'max_depth': 4, 'min_child_weight': 6, 'subsample': 0.7, 'colsample_bytree': 0.6000000000000001, 'gamma': 0.6000000000000001}. Best is trial 411 with value: 0.5062317940416567.
[I 2023-10-13 15:58:21,817] Trial 496 finished with value: 0.5050494950759189 and parameters: {'w0': 0.525, 'w1': 0.843, 'w2': 0.316, 'w3': 0.65, 'w4': 0.11800000000000001, 'w5': 0.139, 'w6': 0.932, 'w7': 0.279, 'w8': 0.907, 'max_depth': 5, 'min_child_weight': 6, 'subsample': 0.7, 'colsample_bytree': 0.7, 'gamma': 0.6000000000000001}. Best is trial 411 with value: 0.5062317940416567.
[I 2023-10-13 15:58:28,821] Trial 498 finished with value: 0.5053154079868558 and parameters: {'w0': 0.448, 'w1': 0.84, 'w2': 0.32, 'w3': 0.657, 'w4': 0.11800000000000001, 'w5': 0.136, 'w6': 1.0, 'w7': 0.29, 'w8': 0.749, 'max_depth': 5, 'min_child_weight': 6, 'subsample': 0.7, 'colsample_bytree': 0.6000000000000001, 'gamma': 0.6000000000000001}. Best is trial 411 with value: 0.5062317940416567.
[I 2023-10-13 15:58:46,345] Trial 497 finished with value: 0.49252653298116644 and parameters: {'w0': 0.523, 'w1': 0.841, 'w2': 0.183, 'w3': 0.657, 'w4': 0.152, 'w5': 0.139, 'w6': 0.927, 'w7': 0.267, 'w8': 0.899, 'max_depth': 5, 'min_child_weight': 6, 'subsample': 0.7, 'colsample_bytree': 0.6000000000000001, 'gamma': 0.6000000000000001}. Best is trial 411 with value: 0.5062317940416567.
[I 2023-10-13 15:58:51,920] Trial 499 finished with value: 0.48454234852381334 and parameters: {'w0': 0.519, 'w1': 0.842, 'w2': 0.099, 'w3': 0.601, 'w4': 0.189, 'w5': 0.14100000000000001, 'w6': 0.928, 'w7': 0.14500000000000002, 'w8': 0.891, 'max_depth': 5, 'min_child_weight': 6, 'subsample': 0.7, 'colsample_bytree': 0.6000000000000001, 'gamma': 0.6000000000000001}. Best is trial 411 with value: 0.5062317940416567.
[I 2023-10-13 15:58:52,964] Trial 500 finished with value: 0.4705816457251754 and parameters: {'w0': 0.44, 'w1': 0.113, 'w2': 0.137, 'w3': 0.546, 'w4': 0.146, 'w5': 0.139, 'w6': 0.93, 'w7': 0.308, 'w8': 0.747, 'max_depth': 5, 'min_child_weight': 6, 'subsample': 0.7, 'colsample_bytree': 0.7, 'gamma': 0.6000000000000001}. Best is trial 411 with value: 0.5062317940416567.
[I 2023-10-13 16:00:19,888] Trial 494 finished with value: 0.5032644193778243 and parameters: {'w0': 0.617, 'w1': 0.84, 'w2': 0.321, 'w3': 0.511, 'w4': 0.193, 'w5': 0.136, 'w6': 0.929, 'w7': 0.273, 'w8': 0.914, 'max_depth': 6, 'min_child_weight': 6, 'subsample': 0.7, 'colsample_bytree': 0.7, 'gamma': 0.6000000000000001}. Best is trial 411 with value: 0.5062317940416567.
[I 2023-10-13 16:00:32,489] Trial 495 finished with value: 0.5041555218149057 and parameters: {'w0': 0.531, 'w1': 0.85, 'w2': 0.318, 'w3': 0.513, 'w4': 0.045, 'w5': 0.14200000000000002, 'w6': 0.93, 'w7': 0.312, 'w8': 0.752, 'max_depth': 6, 'min_child_weight': 6, 'subsample': 0.7, 'colsample_bytree': 0.7, 'gamma': 0.6000000000000001}. Best is trial 411 with value: 0.5062317940416567.
[I 2023-10-13 16:01:57,513] Trial 502 finished with value: 0.49914088483774083 and parameters: {'w0': 0.443, 'w1': 0.841, 'w2': 0.223, 'w3': 0.599, 'w4': 0.223, 'w5': 0.135, 'w6': 0.934, 'w7': 0.313, 'w8': 0.891, 'max_depth': 6, 'min_child_weight': 6, 'subsample': 0.7, 'colsample_bytree': 0.7, 'gamma': 0.6000000000000001}. Best is trial 411 with value: 0.5062317940416567.
