[I 2023-10-11 20:16:09,629] Trial 1702 finished with value: 0.6212759908565295 and parameters: {'w0': 0.21, 'w1': 0.903, 'w2': 0.198, 'w3': 0.644, 'w4': 0.751, 'w5': 0.063, 'w6': 0.686, 'w7': 0.20400000000000001, 'w8': 0.641, 'max_depth': 6, 'min_child_weight': 4, 'subsample': 0.8, 'colsample_bytree': 1.0, 'gamma': 1.4000000000000001}. Best is trial 1567 with value: 0.6283160415739565.
[I 2023-10-11 20:16:32,914] Trial 1703 finished with value: 0.6217748245975607 and parameters: {'w0': 0.212, 'w1': 0.907, 'w2': 0.179, 'w3': 0.65, 'w4': 0.755, 'w5': 0.075, 'w6': 0.744, 'w7': 0.192, 'w8': 0.645, 'max_depth': 6, 'min_child_weight': 4, 'subsample': 0.8, 'colsample_bytree': 1.0, 'gamma': 1.4000000000000001}. Best is trial 1567 with value: 0.6283160415739565.
[I 2023-10-11 20:18:54,366] Trial 1705 finished with value: 0.6195211623935886 and parameters: {'w0': 0.20900000000000002, 'w1': 0.999, 'w2': 0.182, 'w3': 0.65, 'w4': 0.753, 'w5': 0.07100000000000001, 'w6': 0.684, 'w7': 0.20600000000000002, 'w8': 0.643, 'max_depth': 6, 'min_child_weight': 4, 'subsample': 0.8, 'colsample_bytree': 1.0, 'gamma': 1.4000000000000001}. Best is trial 1567 with value: 0.6283160415739565.
[I 2023-10-11 20:19:22,547] Trial 1704 finished with value: 0.6211145899486742 and parameters: {'w0': 0.20800000000000002, 'w1': 0.999, 'w2': 0.181, 'w3': 0.65, 'w4': 0.755, 'w5': 0.076, 'w6': 0.648, 'w7': 0.20400000000000001, 'w8': 0.645, 'max_depth': 6, 'min_child_weight': 4, 'subsample': 0.8, 'colsample_bytree': 1.0, 'gamma': 1.2000000000000002}. Best is trial 1567 with value: 0.6283160415739565.
[I 2023-10-11 20:19:33,767] Trial 1706 finished with value: 0.623151852525463 and parameters: {'w0': 0.211, 'w1': 0.9420000000000001, 'w2': 0.179, 'w3': 0.5770000000000001, 'w4': 0.758, 'w5': 0.069, 'w6': 0.642, 'w7': 0.20500000000000002, 'w8': 0.642, 'max_depth': 6, 'min_child_weight': 4, 'subsample': 0.8, 'colsample_bytree': 1.0, 'gamma': 1.2000000000000002}. Best is trial 1567 with value: 0.6283160415739565.
[I 2023-10-11 20:20:08,012] Trial 1708 finished with value: 0.6256191711672792 and parameters: {'w0': 0.229, 'w1': 0.903, 'w2': 0.187, 'w3': 0.65, 'w4': 0.764, 'w5': 0.152, 'w6': 0.329, 'w7': 0.195, 'w8': 0.642, 'max_depth': 6, 'min_child_weight': 4, 'subsample': 0.8, 'colsample_bytree': 1.0, 'gamma': 1.2000000000000002}. Best is trial 1567 with value: 0.6283160415739565.
[I 2023-10-11 20:20:32,432] Trial 1707 finished with value: 0.6260222453150391 and parameters: {'w0': 0.224, 'w1': 0.997, 'w2': 0.183, 'w3': 0.643, 'w4': 0.762, 'w5': 0.136, 'w6': 0.743, 'w7': 0.20500000000000002, 'w8': 0.642, 'max_depth': 6, 'min_child_weight': 4, 'subsample': 0.8, 'colsample_bytree': 1.0, 'gamma': 1.2000000000000002}. Best is trial 1567 with value: 0.6283160415739565.
[I 2023-10-11 20:22:16,461] Trial 1709 finished with value: 0.6252549176050314 and parameters: {'w0': 0.228, 'w1': 0.9450000000000001, 'w2': 0.186, 'w3': 0.648, 'w4': 0.763, 'w5': 0.153, 'w6': 0.741, 'w7': 0.194, 'w8': 0.64, 'max_depth': 6, 'min_child_weight': 4, 'subsample': 0.8, 'colsample_bytree': 1.0, 'gamma': 1.2000000000000002}. Best is trial 1567 with value: 0.6283160415739565.
[I 2023-10-11 20:24:48,248] Trial 1710 finished with value: 0.6249816910088944 and parameters: {'w0': 0.216, 'w1': 0.988, 'w2': 0.188, 'w3': 0.579, 'w4': 0.754, 'w5': 0.154, 'w6': 0.744, 'w7': 0.195, 'w8': 0.639, 'max_depth': 6, 'min_child_weight': 4, 'subsample': 0.8, 'colsample_bytree': 1.0, 'gamma': 1.2000000000000002}. Best is trial 1567 with value: 0.6283160415739565.
[I 2023-10-11 20:24:57,115] Trial 1712 finished with value: 0.5629942369829559 and parameters: {'w0': 0.222, 'w1': 0.9470000000000001, 'w2': 0.016, 'w3': 0.647, 'w4': 0.75, 'w5': 0.131, 'w6': 0.742, 'w7': 0.196, 'w8': 0.64, 'max_depth': 6, 'min_child_weight': 4, 'subsample': 0.8, 'colsample_bytree': 1.0, 'gamma': 1.2000000000000002}. Best is trial 1567 with value: 0.6283160415739565.
[I 2023-10-11 20:25:52,718] Trial 1713 finished with value: 0.628969974165378 and parameters: {'w0': 0.225, 'w1': 0.9510000000000001, 'w2': 0.198, 'w3': 0.646, 'w4': 0.76, 'w5': 0.132, 'w6': 0.744, 'w7': 0.191, 'w8': 0.639, 'max_depth': 6, 'min_child_weight': 4, 'subsample': 0.8, 'colsample_bytree': 1.0, 'gamma': 1.2000000000000002}. Best is trial 1713 with value: 0.628969974165378.
[I 2023-10-11 20:27:26,016] Trial 1714 finished with value: 0.6249900207311405 and parameters: {'w0': 0.226, 'w1': 0.982, 'w2': 0.192, 'w3': 0.579, 'w4': 0.762, 'w5': 0.148, 'w6': 0.742, 'w7': 0.194, 'w8': 0.638, 'max_depth': 6, 'min_child_weight': 4, 'subsample': 0.8, 'colsample_bytree': 1.0, 'gamma': 1.2000000000000002}. Best is trial 1713 with value: 0.628969974165378.
[I 2023-10-11 20:27:58,591] Trial 1715 finished with value: 0.6248805960108827 and parameters: {'w0': 0.227, 'w1': 0.993, 'w2': 0.196, 'w3': 0.5740000000000001, 'w4': 0.752, 'w5': 0.155, 'w6': 0.735, 'w7': 0.195, 'w8': 0.635, 'max_depth': 6, 'min_child_weight': 4, 'subsample': 0.8, 'colsample_bytree': 1.0, 'gamma': 1.2000000000000002}. Best is trial 1713 with value: 0.628969974165378.
[I 2023-10-11 20:27:59,804] Trial 1711 finished with value: 0.6263668575852186 and parameters: {'w0': 0.227, 'w1': 0.9440000000000001, 'w2': 0.191, 'w3': 0.582, 'w4': 0.758, 'w5': 0.146, 'w6': 0.738, 'w7': 0.199, 'w8': 0.635, 'max_depth': 6, 'min_child_weight': 4, 'subsample': 0.8, 'colsample_bytree': 1.0, 'gamma': 0.8}. Best is trial 1713 with value: 0.628969974165378.
[I 2023-10-11 20:29:45,993] Trial 1716 finished with value: 0.6067867201180905 and parameters: {'w0': 0.227, 'w1': 0.9580000000000001, 'w2': 0.2, 'w3': 0.603, 'w4': 0.763, 'w5': 0.155, 'w6': 0.642, 'w7': 0.093, 'w8': 0.641, 'max_depth': 6, 'min_child_weight': 4, 'subsample': 0.8, 'colsample_bytree': 1.0, 'gamma': 1.2000000000000002}. Best is trial 1713 with value: 0.628969974165378.
[I 2023-10-11 20:29:56,659] Trial 1722 finished with value: 0.555314785606586 and parameters: {'w0': 0.23, 'w1': 0.9550000000000001, 'w2': 0.259, 'w3': 0.578, 'w4': 0.809, 'w5': 0.139, 'w6': 0.751, 'w7': 0.636, 'w8': 0.606, 'max_depth': 6, 'min_child_weight': 4, 'subsample': 0.8, 'colsample_bytree': 1.0, 'gamma': 5.4}. Best is trial 1713 with value: 0.628969974165378.
[I 2023-10-11 20:31:18,035] Trial 1717 finished with value: 0.6230272573208416 and parameters: {'w0': 0.23, 'w1': 0.994, 'w2': 0.196, 'w3': 0.5740000000000001, 'w4': 0.76, 'w5': 0.147, 'w6': 0.644, 'w7': 0.224, 'w8': 0.639, 'max_depth': 6, 'min_child_weight': 4, 'subsample': 0.8, 'colsample_bytree': 1.0, 'gamma': 1.2000000000000002}. Best is trial 1713 with value: 0.628969974165378.
[I 2023-10-11 20:32:29,486] Trial 1718 finished with value: 0.623111403723869 and parameters: {'w0': 0.23, 'w1': 0.9460000000000001, 'w2': 0.199, 'w3': 0.5740000000000001, 'w4': 0.766, 'w5': 0.16, 'w6': 0.737, 'w7': 0.223, 'w8': 0.6970000000000001, 'max_depth': 6, 'min_child_weight': 4, 'subsample': 0.8, 'colsample_bytree': 1.0, 'gamma': 1.2000000000000002}. Best is trial 1713 with value: 0.628969974165378.
[I 2023-10-11 20:35:56,920] Trial 1719 finished with value: 0.6221593150765194 and parameters: {'w0': 0.226, 'w1': 0.9470000000000001, 'w2': 0.2, 'w3': 0.5770000000000001, 'w4': 0.808, 'w5': 0.15, 'w6': 0.318, 'w7': 0.22, 'w8': 0.634, 'max_depth': 6, 'min_child_weight': 4, 'subsample': 0.8, 'colsample_bytree': 1.0, 'gamma': 0.8}. Best is trial 1713 with value: 0.628969974165378.
[I 2023-10-11 20:36:10,884] Trial 1724 finished with value: 0.5834192858676284 and parameters: {'w0': 0.228, 'w1': 0.993, 'w2': 0.123, 'w3': 0.671, 'w4': 0.762, 'w5': 0.147, 'w6': 0.099, 'w7': 0.229, 'w8': 0.609, 'max_depth': 6, 'min_child_weight': 4, 'subsample': 0.8, 'colsample_bytree': 1.0, 'gamma': 1.2000000000000002}. Best is trial 1713 with value: 0.628969974165378.
[I 2023-10-11 20:37:48,089] Trial 1727 finished with value: 0.5893536864761472 and parameters: {'w0': 0.229, 'w1': 0.975, 'w2': 0.115, 'w3': 0.656, 'w4': 0.769, 'w5': 0.152, 'w6': 0.26, 'w7': 0.232, 'w8': 0.61, 'max_depth': 6, 'min_child_weight': 4, 'subsample': 0.8, 'colsample_bytree': 1.0, 'gamma': 2.2}. Best is trial 1713 with value: 0.628969974165378.
[I 2023-10-11 20:37:51,798] Trial 1725 finished with value: 0.604273478032475 and parameters: {'w0': 0.249, 'w1': 0.9460000000000001, 'w2': 0.131, 'w3': 0.683, 'w4': 0.77, 'w5': 0.154, 'w6': 0.20400000000000001, 'w7': 0.215, 'w8': 0.609, 'max_depth': 6, 'min_child_weight': 4, 'subsample': 0.8, 'colsample_bytree': 1.0, 'gamma': 1.2000000000000002}. Best is trial 1713 with value: 0.628969974165378.
[I 2023-10-11 20:38:02,619] Trial 1723 finished with value: 0.6033854079728954 and parameters: {'w0': 0.229, 'w1': 0.9400000000000001, 'w2': 0.658, 'w3': 0.604, 'w4': 0.767, 'w5': 0.153, 'w6': 0.36, 'w7': 0.22, 'w8': 0.6950000000000001, 'max_depth': 6, 'min_child_weight': 4, 'subsample': 0.8, 'colsample_bytree': 1.0, 'gamma': 1.2000000000000002}. Best is trial 1713 with value: 0.628969974165378.
[I 2023-10-11 20:39:33,577] Trial 1728 finished with value: 0.5830862320876226 and parameters: {'w0': 0.232, 'w1': 0.988, 'w2': 0.126, 'w3': 0.655, 'w4': 0.768, 'w5': 0.154, 'w6': 0.75, 'w7': 0.223, 'w8': 0.25, 'max_depth': 6, 'min_child_weight': 4, 'subsample': 0.8, 'colsample_bytree': 1.0, 'gamma': 1.8}. Best is trial 1713 with value: 0.628969974165378.
[I 2023-10-11 20:39:42,141] Trial 1721 finished with value: 0.6180194305934309 and parameters: {'w0': 0.231, 'w1': 0.911, 'w2': 0.20800000000000002, 'w3': 0.605, 'w4': 0.803, 'w5': 0.153, 'w6': 0.737, 'w7': 0.223, 'w8': 0.633, 'max_depth': 6, 'min_child_weight': 4, 'subsample': 0.8, 'colsample_bytree': 1.0, 'gamma': 0.8}. Best is trial 1713 with value: 0.628969974165378.
[I 2023-10-11 20:39:46,261] Trial 1720 finished with value: 0.5974458848633428 and parameters: {'w0': 0.711, 'w1': 0.9450000000000001, 'w2': 0.201, 'w3': 0.5750000000000001, 'w4': 0.803, 'w5': 0.154, 'w6': 0.75, 'w7': 0.08600000000000001, 'w8': 0.6960000000000001, 'max_depth': 6, 'min_child_weight': 4, 'subsample': 0.8, 'colsample_bytree': 1.0, 'gamma': 0.8}. Best is trial 1713 with value: 0.628969974165378.
[I 2023-10-11 20:41:54,844] Trial 1729 finished with value: 0.6031287534500828 and parameters: {'w0': 0.234, 'w1': 0.992, 'w2': 0.126, 'w3': 0.675, 'w4': 0.77, 'w5': 0.162, 'w6': 0.494, 'w7': 0.215, 'w8': 0.612, 'max_depth': 6, 'min_child_weight': 4, 'subsample': 0.8, 'colsample_bytree': 1.0, 'gamma': 1.6}. Best is trial 1713 with value: 0.628969974165378.
[I 2023-10-11 20:42:25,961] Trial 1726 finished with value: 0.6077049462973608 and parameters: {'w0': 0.23800000000000002, 'w1': 0.997, 'w2': 0.136, 'w3': 0.675, 'w4': 0.77, 'w5': 0.155, 'w6': 0.355, 'w7': 0.226, 'w8': 0.608, 'max_depth': 6, 'min_child_weight': 4, 'subsample': 0.8, 'colsample_bytree': 1.0, 'gamma': 1.0}. Best is trial 1713 with value: 0.628969974165378.
[I 2023-10-11 20:42:37,901] Trial 1730 finished with value: 0.579456426995971 and parameters: {'w0': 0.229, 'w1': 0.999, 'w2': 0.132, 'w3': 0.657, 'w4': 0.782, 'w5': 0.133, 'w6': 0.062, 'w7': 0.222, 'w8': 0.606, 'max_depth': 6, 'min_child_weight': 4, 'subsample': 0.8, 'colsample_bytree': 1.0, 'gamma': 1.4000000000000001}. Best is trial 1713 with value: 0.628969974165378.
[I 2023-10-11 20:43:35,819] Trial 1731 finished with value: 0.606437886207664 and parameters: {'w0': 0.229, 'w1': 0.981, 'w2': 0.157, 'w3': 0.675, 'w4': 0.78, 'w5': 0.162, 'w6': 0.40700000000000003, 'w7': 0.233, 'w8': 0.608, 'max_depth': 6, 'min_child_weight': 4, 'subsample': 0.8, 'colsample_bytree': 1.0, 'gamma': 1.4000000000000001}. Best is trial 1713 with value: 0.628969974165378.
[I 2023-10-11 20:43:51,668] Trial 1732 finished with value: 0.5976443987108345 and parameters: {'w0': 0.234, 'w1': 0.991, 'w2': 0.128, 'w3': 0.675, 'w4': 0.773, 'w5': 0.127, 'w6': 0.315, 'w7': 0.23, 'w8': 0.608, 'max_depth': 6, 'min_child_weight': 4, 'subsample': 0.8, 'colsample_bytree': 1.0, 'gamma': 1.6}. Best is trial 1713 with value: 0.628969974165378.
[I 2023-10-11 20:45:01,365] Trial 1733 finished with value: 0.599342430139743 and parameters: {'w0': 0.23, 'w1': 0.998, 'w2': 0.128, 'w3': 0.668, 'w4': 0.77, 'w5': 0.13, 'w6': 0.41400000000000003, 'w7': 0.23, 'w8': 0.608, 'max_depth': 6, 'min_child_weight': 4, 'subsample': 0.8, 'colsample_bytree': 1.0, 'gamma': 1.4000000000000001}. Best is trial 1713 with value: 0.628969974165378.
[I 2023-10-11 20:45:55,480] Trial 1735 finished with value: 0.5958051563226314 and parameters: {'w0': 0.225, 'w1': 0.983, 'w2': 0.131, 'w3': 0.672, 'w4': 0.767, 'w5': 0.179, 'w6': 0.116, 'w7': 0.17300000000000001, 'w8': 0.606, 'max_depth': 6, 'min_child_weight': 4, 'subsample': 0.8, 'colsample_bytree': 1.0, 'gamma': 1.6}. Best is trial 1713 with value: 0.628969974165378.
[I 2023-10-11 20:49:27,681] Trial 1734 finished with value: 0.5881894449708553 and parameters: {'w0': 0.9580000000000001, 'w1': 0.989, 'w2': 0.127, 'w3': 0.675, 'w4': 0.768, 'w5': 0.126, 'w6': 0.41300000000000003, 'w7': 0.227, 'w8': 0.611, 'max_depth': 6, 'min_child_weight': 4, 'subsample': 0.8, 'colsample_bytree': 1.0, 'gamma': 1.2000000000000002}. Best is trial 1713 with value: 0.628969974165378.
[I 2023-10-11 20:49:42,366] Trial 1736 finished with value: 0.6080347662486668 and parameters: {'w0': 0.198, 'w1': 0.983, 'w2': 0.155, 'w3': 0.675, 'w4': 0.769, 'w5': 0.131, 'w6': 0.747, 'w7': 0.223, 'w8': 0.607, 'max_depth': 6, 'min_child_weight': 4, 'subsample': 0.8, 'colsample_bytree': 1.0, 'gamma': 1.6}. Best is trial 1713 with value: 0.628969974165378.
[I 2023-10-11 20:49:43,261] Trial 1737 finished with value: 0.6054547623877968 and parameters: {'w0': 0.196, 'w1': 0.979, 'w2': 0.158, 'w3': 0.675, 'w4': 0.778, 'w5': 0.178, 'w6': 0.489, 'w7': 0.225, 'w8': 0.607, 'max_depth': 6, 'min_child_weight': 4, 'subsample': 0.8, 'colsample_bytree': 1.0, 'gamma': 1.6}. Best is trial 1713 with value: 0.628969974165378.
[I 2023-10-11 20:51:32,693] Trial 1738 finished with value: 0.6251386556554717 and parameters: {'w0': 0.197, 'w1': 0.986, 'w2': 0.169, 'w3': 0.667, 'w4': 0.772, 'w5': 0.123, 'w6': 0.756, 'w7': 0.17600000000000002, 'w8': 0.61, 'max_depth': 6, 'min_child_weight': 4, 'subsample': 0.8, 'colsample_bytree': 1.0, 'gamma': 1.6}. Best is trial 1713 with value: 0.628969974165378.
[I 2023-10-11 20:52:54,182] Trial 1743 finished with value: 0.6179895698143526 and parameters: {'w0': 0.194, 'w1': 0.985, 'w2': 0.155, 'w3': 0.668, 'w4': 0.783, 'w5': 0.114, 'w6': 0.401, 'w7': 0.177, 'w8': 0.616, 'max_depth': 6, 'min_child_weight': 4, 'subsample': 0.8, 'colsample_bytree': 1.0, 'gamma': 1.6}. Best is trial 1713 with value: 0.628969974165378.
[I 2023-10-11 20:52:59,876] Trial 1740 finished with value: 0.6175183835353485 and parameters: {'w0': 0.46, 'w1': 0.983, 'w2': 0.164, 'w3': 0.684, 'w4': 0.778, 'w5': 0.121, 'w6': 0.41300000000000003, 'w7': 0.17600000000000002, 'w8': 0.61, 'max_depth': 6, 'min_child_weight': 4, 'subsample': 0.8, 'colsample_bytree': 1.0, 'gamma': 1.4000000000000001}. Best is trial 1713 with value: 0.628969974165378.
[I 2023-10-11 20:53:53,824] Trial 1741 finished with value: 0.6180117041983276 and parameters: {'w0': 0.197, 'w1': 0.974, 'w2': 0.16, 'w3': 0.661, 'w4': 0.789, 'w5': 0.169, 'w6': 0.755, 'w7': 0.17600000000000002, 'w8': 0.602, 'max_depth': 6, 'min_child_weight': 4, 'subsample': 0.8, 'colsample_bytree': 1.0, 'gamma': 1.4000000000000001}. Best is trial 1713 with value: 0.628969974165378.
[I 2023-10-11 20:54:08,883] Trial 1739 finished with value: 0.5580691935727915 and parameters: {'w0': 0.197, 'w1': 0.984, 'w2': 0.137, 'w3': 0.668, 'w4': 0.778, 'w5': 0.124, 'w6': 0.42, 'w7': 0.89, 'w8': 0.613, 'max_depth': 6, 'min_child_weight': 4, 'subsample': 0.8, 'colsample_bytree': 1.0, 'gamma': 1.6}. Best is trial 1713 with value: 0.628969974165378.
[I 2023-10-11 20:54:37,704] Trial 1742 finished with value: 0.6207564629419586 and parameters: {'w0': 0.192, 'w1': 0.974, 'w2': 0.16, 'w3': 0.68, 'w4': 0.782, 'w5': 0.179, 'w6': 0.767, 'w7': 0.18, 'w8': 0.611, 'max_depth': 6, 'min_child_weight': 8, 'subsample': 0.8, 'colsample_bytree': 1.0, 'gamma': 1.4000000000000001}. Best is trial 1713 with value: 0.628969974165378.
[I 2023-10-11 20:56:06,486] Trial 1746 finished with value: 0.6190068628418672 and parameters: {'w0': 0.197, 'w1': 0.969, 'w2': 0.161, 'w3': 0.669, 'w4': 0.7020000000000001, 'w5': 0.11900000000000001, 'w6': 0.756, 'w7': 0.179, 'w8': 0.608, 'max_depth': 6, 'min_child_weight': 4, 'subsample': 0.8, 'colsample_bytree': 1.0, 'gamma': 1.6}. Best is trial 1713 with value: 0.628969974165378.
[I 2023-10-11 20:56:34,703] Trial 1744 finished with value: 0.6203293719763882 and parameters: {'w0': 0.195, 'w1': 0.9570000000000001, 'w2': 0.151, 'w3': 0.672, 'w4': 0.781, 'w5': 0.122, 'w6': 0.764, 'w7': 0.17600000000000002, 'w8': 0.622, 'max_depth': 6, 'min_child_weight': 8, 'subsample': 0.8, 'colsample_bytree': 1.0, 'gamma': 1.4000000000000001}. Best is trial 1713 with value: 0.628969974165378.
[I 2023-10-11 20:57:32,162] Trial 1745 finished with value: 0.6206101602727916 and parameters: {'w0': 0.197, 'w1': 0.9580000000000001, 'w2': 0.153, 'w3': 0.677, 'w4': 0.7030000000000001, 'w5': 0.121, 'w6': 0.309, 'w7': 0.171, 'w8': 0.609, 'max_depth': 6, 'min_child_weight': 8, 'subsample': 0.8, 'colsample_bytree': 1.0, 'gamma': 1.2000000000000002}. Best is trial 1713 with value: 0.628969974165378.
[I 2023-10-11 20:58:20,502] Trial 1747 finished with value: 0.6211625448003791 and parameters: {'w0': 0.199, 'w1': 0.97, 'w2': 0.161, 'w3': 0.676, 'w4': 0.7040000000000001, 'w5': 0.124, 'w6': 0.756, 'w7': 0.17600000000000002, 'w8': 0.632, 'max_depth': 6, 'min_child_weight': 8, 'subsample': 0.8, 'colsample_bytree': 1.0, 'gamma': 1.4000000000000001}. Best is trial 1713 with value: 0.628969974165378.
[I 2023-10-11 20:59:42,254] Trial 1749 finished with value: 0.6129333356860163 and parameters: {'w0': 0.195, 'w1': 0.971, 'w2': 0.15, 'w3': 0.64, 'w4': 0.744, 'w5': 0.178, 'w6': 0.518, 'w7': 0.177, 'w8': 0.634, 'max_depth': 6, 'min_child_weight': 8, 'subsample': 0.8, 'colsample_bytree': 1.0, 'gamma': 1.4000000000000001}. Best is trial 1713 with value: 0.628969974165378.
[I 2023-10-11 20:59:53,434] Trial 1750 finished with value: 0.6231152041096376 and parameters: {'w0': 0.197, 'w1': 0.978, 'w2': 0.168, 'w3': 0.635, 'w4': 0.707, 'w5': 0.129, 'w6': 0.429, 'w7': 0.17500000000000002, 'w8': 0.631, 'max_depth': 6, 'min_child_weight': 6, 'subsample': 0.8, 'colsample_bytree': 1.0, 'gamma': 1.4000000000000001}. Best is trial 1713 with value: 0.628969974165378.
[I 2023-10-11 21:02:34,699] Trial 1748 finished with value: 0.594419470896266 and parameters: {'w0': 0.201, 'w1': 0.964, 'w2': 0.999, 'w3': 0.634, 'w4': 0.739, 'w5': 0.183, 'w6': 0.421, 'w7': 0.181, 'w8': 0.634, 'max_depth': 6, 'min_child_weight': 8, 'subsample': 0.8, 'colsample_bytree': 1.0, 'gamma': 1.2000000000000002}. Best is trial 1713 with value: 0.628969974165378.
[I 2023-10-11 21:02:40,599] Trial 1751 finished with value: 0.6210847157965272 and parameters: {'w0': 0.199, 'w1': 0.965, 'w2': 0.167, 'w3': 0.63, 'w4': 0.798, 'w5': 0.11900000000000001, 'w6': 0.275, 'w7': 0.179, 'w8': 0.632, 'max_depth': 6, 'min_child_weight': 6, 'subsample': 0.8, 'colsample_bytree': 1.0, 'gamma': 1.6}. Best is trial 1713 with value: 0.628969974165378.
[I 2023-10-11 21:04:25,233] Trial 1752 finished with value: 0.6207423449395792 and parameters: {'w0': 0.192, 'w1': 0.9580000000000001, 'w2': 0.16, 'w3': 0.627, 'w4': 0.7040000000000001, 'w5': 0.12000000000000001, 'w6': 0.763, 'w7': 0.17600000000000002, 'w8': 0.631, 'max_depth': 6, 'min_child_weight': 6, 'subsample': 0.8, 'colsample_bytree': 1.0, 'gamma': 1.4000000000000001}. Best is trial 1713 with value: 0.628969974165378.
[I 2023-10-11 21:04:59,988] Trial 1753 finished with value: 0.6231519147622392 and parameters: {'w0': 0.258, 'w1': 0.967, 'w2': 0.161, 'w3': 0.631, 'w4': 0.738, 'w5': 0.121, 'w6': 0.742, 'w7': 0.17500000000000002, 'w8': 0.633, 'max_depth': 6, 'min_child_weight': 8, 'subsample': 0.8, 'colsample_bytree': 1.0, 'gamma': 1.4000000000000001}. Best is trial 1713 with value: 0.628969974165378.
[I 2023-10-11 21:06:10,998] Trial 1754 finished with value: 0.6217808690767801 and parameters: {'w0': 0.262, 'w1': 0.967, 'w2': 0.16, 'w3': 0.631, 'w4': 0.746, 'w5': 0.127, 'w6': 0.43, 'w7': 0.17600000000000002, 'w8': 0.633, 'max_depth': 6, 'min_child_weight': 6, 'subsample': 0.8, 'colsample_bytree': 1.0, 'gamma': 1.4000000000000001}. Best is trial 1713 with value: 0.628969974165378.
[I 2023-10-11 21:07:10,722] Trial 1755 finished with value: 0.6131228571658642 and parameters: {'w0': 0.261, 'w1': 0.967, 'w2': 0.162, 'w3': 0.632, 'w4': 0.7040000000000001, 'w5': 0.126, 'w6': 0.184, 'w7': 0.18, 'w8': 0.635, 'max_depth': 6, 'min_child_weight': 6, 'subsample': 0.8, 'colsample_bytree': 1.0, 'gamma': 1.4000000000000001}. Best is trial 1713 with value: 0.628969974165378.
[I 2023-10-11 21:08:15,247] Trial 1756 finished with value: 0.6192432317836853 and parameters: {'w0': 0.258, 'w1': 0.962, 'w2': 0.162, 'w3': 0.639, 'w4': 0.741, 'w5': 0.126, 'w6': 0.294, 'w7': 0.18, 'w8': 0.633, 'max_depth': 6, 'min_child_weight': 6, 'subsample': 0.8, 'colsample_bytree': 1.0, 'gamma': 1.2000000000000002}. Best is trial 1713 with value: 0.628969974165378.
[I 2023-10-11 21:08:39,188] Trial 1757 finished with value: 0.5967015516272655 and parameters: {'w0': 0.259, 'w1': 0.964, 'w2': 0.163, 'w3': 0.629, 'w4': 0.706, 'w5': 0.122, 'w6': 0.339, 'w7': 0.062, 'w8': 0.637, 'max_depth': 6, 'min_child_weight': 8, 'subsample': 0.8, 'colsample_bytree': 1.0, 'gamma': 1.2000000000000002}. Best is trial 1713 with value: 0.628969974165378.
[I 2023-10-11 21:09:03,997] Trial 1758 finished with value: 0.5931603126116292 and parameters: {'w0': 0.26, 'w1': 0.9510000000000001, 'w2': 0.165, 'w3': 0.635, 'w4': 0.742, 'w5': 0.185, 'w6': 0.451, 'w7': 0.055, 'w8': 0.627, 'max_depth': 6, 'min_child_weight': 6, 'subsample': 0.8, 'colsample_bytree': 1.0, 'gamma': 1.2000000000000002}. Best is trial 1713 with value: 0.628969974165378.
