[I 2023-10-11 12:32:31,890] Trial 1314 finished with value: 0.6202885724759992 and parameters: {'w0': 0.184, 'w1': 0.736, 'w2': 0.252, 'w3': 0.586, 'w4': 0.872, 'w5': 0.253, 'w6': 0.798, 'w7': 0.186, 'w8': 0.607, 'max_depth': 6, 'min_child_weight': 2, 'subsample': 0.8, 'colsample_bytree': 0.9000000000000001, 'gamma': 0.8}. Best is trial 1043 with value: 0.6266149442384139.
[I 2023-10-11 12:32:59,758] Trial 1313 finished with value: 0.6159743759477705 and parameters: {'w0': 0.18, 'w1': 0.735, 'w2': 0.249, 'w3': 0.5770000000000001, 'w4': 0.87, 'w5': 0.28900000000000003, 'w6': 0.802, 'w7': 0.183, 'w8': 0.547, 'max_depth': 6, 'min_child_weight': 6, 'subsample': 0.8, 'colsample_bytree': 0.9000000000000001, 'gamma': 0.8}. Best is trial 1043 with value: 0.6266149442384139.
[I 2023-10-11 12:34:03,171] Trial 1315 finished with value: 0.6201023169788272 and parameters: {'w0': 0.203, 'w1': 0.724, 'w2': 0.242, 'w3': 0.589, 'w4': 0.861, 'w5': 0.292, 'w6': 0.782, 'w7': 0.18, 'w8': 0.546, 'max_depth': 6, 'min_child_weight': 2, 'subsample': 0.8, 'colsample_bytree': 0.9000000000000001, 'gamma': 0.8}. Best is trial 1043 with value: 0.6266149442384139.
[I 2023-10-11 12:34:44,691] Trial 1318 finished with value: 0.5888866964421778 and parameters: {'w0': 0.20800000000000002, 'w1': 0.031, 'w2': 0.247, 'w3': 0.536, 'w4': 0.865, 'w5': 0.252, 'w6': 0.786, 'w7': 0.183, 'w8': 0.604, 'max_depth': 6, 'min_child_weight': 2, 'subsample': 0.8, 'colsample_bytree': 0.9000000000000001, 'gamma': 0.8}. Best is trial 1043 with value: 0.6266149442384139.
[I 2023-10-11 12:35:02,593] Trial 1316 finished with value: 0.6174753245833764 and parameters: {'w0': 0.20500000000000002, 'w1': 0.728, 'w2': 0.249, 'w3': 0.535, 'w4': 0.873, 'w5': 0.259, 'w6': 0.796, 'w7': 0.181, 'w8': 0.601, 'max_depth': 6, 'min_child_weight': 2, 'subsample': 0.8, 'colsample_bytree': 0.9000000000000001, 'gamma': 0.8}. Best is trial 1043 with value: 0.6266149442384139.
[I 2023-10-11 12:35:53,708] Trial 1317 finished with value: 0.6153163985302088 and parameters: {'w0': 0.201, 'w1': 0.729, 'w2': 0.193, 'w3': 0.536, 'w4': 0.875, 'w5': 0.256, 'w6': 0.784, 'w7': 0.185, 'w8': 0.546, 'max_depth': 6, 'min_child_weight': 2, 'subsample': 0.8, 'colsample_bytree': 0.9000000000000001, 'gamma': 0.8}. Best is trial 1043 with value: 0.6266149442384139.
[I 2023-10-11 12:41:31,241] Trial 1320 finished with value: 0.602508445370949 and parameters: {'w0': 0.20800000000000002, 'w1': 0.747, 'w2': 0.099, 'w3': 0.539, 'w4': 0.88, 'w5': 0.253, 'w6': 0.8, 'w7': 0.189, 'w8': 0.606, 'max_depth': 6, 'min_child_weight': 2, 'subsample': 0.8, 'colsample_bytree': 0.9000000000000001, 'gamma': 0.6000000000000001}. Best is trial 1043 with value: 0.6266149442384139.
[I 2023-10-11 12:41:58,812] Trial 1319 finished with value: 0.6171266495920805 and parameters: {'w0': 0.20500000000000002, 'w1': 0.754, 'w2': 0.247, 'w3': 0.539, 'w4': 0.877, 'w5': 0.254, 'w6': 0.791, 'w7': 0.186, 'w8': 0.606, 'max_depth': 6, 'min_child_weight': 2, 'subsample': 0.8, 'colsample_bytree': 0.9000000000000001, 'gamma': 0.6000000000000001}. Best is trial 1043 with value: 0.6266149442384139.
[I 2023-10-11 12:42:39,265] Trial 1321 finished with value: 0.6232663347295914 and parameters: {'w0': 0.20600000000000002, 'w1': 0.993, 'w2': 0.197, 'w3': 0.531, 'w4': 0.878, 'w5': 0.258, 'w6': 0.779, 'w7': 0.184, 'w8': 0.542, 'max_depth': 6, 'min_child_weight': 2, 'subsample': 0.8, 'colsample_bytree': 0.9000000000000001, 'gamma': 0.6000000000000001}. Best is trial 1043 with value: 0.6266149442384139.
[I 2023-10-11 12:43:07,071] Trial 1322 finished with value: 0.6168864647368288 and parameters: {'w0': 0.20600000000000002, 'w1': 0.759, 'w2': 0.169, 'w3': 0.518, 'w4': 0.877, 'w5': 0.253, 'w6': 0.785, 'w7': 0.184, 'w8': 0.542, 'max_depth': 6, 'min_child_weight': 2, 'subsample': 0.8, 'colsample_bytree': 0.9000000000000001, 'gamma': 0.6000000000000001}. Best is trial 1043 with value: 0.6266149442384139.
[I 2023-10-11 12:43:28,323] Trial 1323 finished with value: 0.6052413736131337 and parameters: {'w0': 0.20600000000000002, 'w1': 0.756, 'w2': 0.096, 'w3': 0.523, 'w4': 0.873, 'w5': 0.25, 'w6': 0.783, 'w7': 0.181, 'w8': 0.547, 'max_depth': 6, 'min_child_weight': 2, 'subsample': 0.8, 'colsample_bytree': 0.9000000000000001, 'gamma': 0.6000000000000001}. Best is trial 1043 with value: 0.6266149442384139.
[I 2023-10-11 12:44:33,647] Trial 1332 finished with value: 0.5789260867251882 and parameters: {'w0': 0.214, 'w1': 0.757, 'w2': 0.199, 'w3': 0.515, 'w4': 0.898, 'w5': 0.262, 'w6': 0.8330000000000001, 'w7': 0.121, 'w8': 0.627, 'max_depth': 6, 'min_child_weight': 2, 'subsample': 0.9000000000000001, 'colsample_bytree': 0.9000000000000001, 'gamma': 6.4}. Best is trial 1043 with value: 0.6266149442384139.
[I 2023-10-11 12:45:36,195] Trial 1325 finished with value: 0.623410750174002 and parameters: {'w0': 0.20700000000000002, 'w1': 0.789, 'w2': 0.10300000000000001, 'w3': 0.539, 'w4': 0.88, 'w5': 0.251, 'w6': 0.783, 'w7': 0.121, 'w8': 0.542, 'max_depth': 6, 'min_child_weight': 2, 'subsample': 0.8, 'colsample_bytree': 0.9000000000000001, 'gamma': 0.6000000000000001}. Best is trial 1043 with value: 0.6266149442384139.
[I 2023-10-11 12:49:15,844] Trial 1324 finished with value: 0.5713514745257695 and parameters: {'w0': 0.20800000000000002, 'w1': 0.754, 'w2': 0.1, 'w3': 0.538, 'w4': 0.883, 'w5': 0.245, 'w6': 0.781, 'w7': 0.872, 'w8': 0.602, 'max_depth': 6, 'min_child_weight': 2, 'subsample': 0.8, 'colsample_bytree': 0.9000000000000001, 'gamma': 0.6000000000000001}. Best is trial 1043 with value: 0.6266149442384139.
[I 2023-10-11 12:50:18,111] Trial 1326 finished with value: 0.6225673907323783 and parameters: {'w0': 0.20700000000000002, 'w1': 0.755, 'w2': 0.193, 'w3': 0.537, 'w4': 0.887, 'w5': 0.26, 'w6': 0.785, 'w7': 0.185, 'w8': 0.544, 'max_depth': 6, 'min_child_weight': 2, 'subsample': 0.8, 'colsample_bytree': 0.9000000000000001, 'gamma': 0.6000000000000001}. Best is trial 1043 with value: 0.6266149442384139.
[I 2023-10-11 12:50:58,164] Trial 1330 finished with value: 0.6181002382903081 and parameters: {'w0': 0.21, 'w1': 0.756, 'w2': 0.195, 'w3': 0.526, 'w4': 0.903, 'w5': 0.256, 'w6': 0.781, 'w7': 0.11800000000000001, 'w8': 0.629, 'max_depth': 6, 'min_child_weight': 2, 'subsample': 0.9000000000000001, 'colsample_bytree': 0.9000000000000001, 'gamma': 0.6000000000000001}. Best is trial 1043 with value: 0.6266149442384139.
[I 2023-10-11 12:51:05,593] Trial 1328 finished with value: 0.6178400459226301 and parameters: {'w0': 0.214, 'w1': 0.758, 'w2': 0.194, 'w3': 0.535, 'w4': 0.765, 'w5': 0.254, 'w6': 0.78, 'w7': 0.114, 'w8': 0.603, 'max_depth': 6, 'min_child_weight': 2, 'subsample': 0.8, 'colsample_bytree': 0.9000000000000001, 'gamma': 0.8}. Best is trial 1043 with value: 0.6266149442384139.
[I 2023-10-11 12:51:59,381] Trial 1331 finished with value: 0.6175249105308622 and parameters: {'w0': 0.213, 'w1': 0.756, 'w2': 0.094, 'w3': 0.534, 'w4': 0.914, 'w5': 0.256, 'w6': 0.785, 'w7': 0.115, 'w8': 0.633, 'max_depth': 6, 'min_child_weight': 2, 'subsample': 0.9000000000000001, 'colsample_bytree': 0.9000000000000001, 'gamma': 0.6000000000000001}. Best is trial 1043 with value: 0.6266149442384139.
[I 2023-10-11 12:52:13,559] Trial 1327 finished with value: 0.6145862924634087 and parameters: {'w0': 0.20800000000000002, 'w1': 0.755, 'w2': 0.197, 'w3': 0.537, 'w4': 0.885, 'w5': 0.252, 'w6': 0.781, 'w7': 0.11900000000000001, 'w8': 0.628, 'max_depth': 6, 'min_child_weight': 2, 'subsample': 0.8, 'colsample_bytree': 0.9000000000000001, 'gamma': 0.6000000000000001}. Best is trial 1043 with value: 0.6266149442384139.
[I 2023-10-11 12:52:23,219] Trial 1329 finished with value: 0.6046706377063902 and parameters: {'w0': 0.212, 'w1': 0.755, 'w2': 0.195, 'w3': 0.527, 'w4': 0.904, 'w5': 0.255, 'w6': 0.778, 'w7': 0.063, 'w8': 0.631, 'max_depth': 6, 'min_child_weight': 2, 'subsample': 0.8, 'colsample_bytree': 0.9000000000000001, 'gamma': 0.6000000000000001}. Best is trial 1043 with value: 0.6266149442384139.
[I 2023-10-11 12:53:04,338] Trial 1334 finished with value: 0.6184664521188626 and parameters: {'w0': 0.215, 'w1': 0.759, 'w2': 0.098, 'w3': 0.513, 'w4': 0.907, 'w5': 0.231, 'w6': 0.774, 'w7': 0.116, 'w8': 0.625, 'max_depth': 6, 'min_child_weight': 2, 'subsample': 0.9000000000000001, 'colsample_bytree': 0.9000000000000001, 'gamma': 0.6000000000000001}. Best is trial 1043 with value: 0.6266149442384139.
[I 2023-10-11 12:53:12,249] Trial 1333 finished with value: 0.6166377966849192 and parameters: {'w0': 0.213, 'w1': 0.759, 'w2': 0.199, 'w3': 0.525, 'w4': 0.763, 'w5': 0.26, 'w6': 0.779, 'w7': 0.117, 'w8': 0.631, 'max_depth': 6, 'min_child_weight': 2, 'subsample': 0.9000000000000001, 'colsample_bytree': 0.9000000000000001, 'gamma': 0.6000000000000001}. Best is trial 1043 with value: 0.6266149442384139.
[I 2023-10-11 12:58:54,403] Trial 1341 finished with value: 0.6125370807397761 and parameters: {'w0': 0.223, 'w1': 0.81, 'w2': 0.164, 'w3': 0.602, 'w4': 0.914, 'w5': 0.227, 'w6': 0.8300000000000001, 'w7': 0.116, 'w8': 0.635, 'max_depth': 6, 'min_child_weight': 4, 'subsample': 0.9000000000000001, 'colsample_bytree': 0.9000000000000001, 'gamma': 1.6}. Best is trial 1043 with value: 0.6266149442384139.
[I 2023-10-11 12:59:24,129] Trial 1335 finished with value: 0.6214843340464739 and parameters: {'w0': 0.224, 'w1': 0.757, 'w2': 0.164, 'w3': 0.529, 'w4': 0.904, 'w5': 0.34, 'w6': 0.774, 'w7': 0.116, 'w8': 0.632, 'max_depth': 6, 'min_child_weight': 2, 'subsample': 0.9000000000000001, 'colsample_bytree': 0.9000000000000001, 'gamma': 0.6000000000000001}. Best is trial 1043 with value: 0.6266149442384139.
[I 2023-10-11 12:59:47,997] Trial 1336 finished with value: 0.6232102463254068 and parameters: {'w0': 0.219, 'w1': 0.795, 'w2': 0.162, 'w3': 0.512, 'w4': 0.906, 'w5': 0.23, 'w6': 0.8270000000000001, 'w7': 0.12000000000000001, 'w8': 0.627, 'max_depth': 6, 'min_child_weight': 2, 'subsample': 0.9000000000000001, 'colsample_bytree': 0.9000000000000001, 'gamma': 0.6000000000000001}. Best is trial 1043 with value: 0.6266149442384139.
[I 2023-10-11 13:00:20,942] Trial 1337 finished with value: 0.6208070417421311 and parameters: {'w0': 0.219, 'w1': 0.758, 'w2': 0.168, 'w3': 0.513, 'w4': 0.907, 'w5': 0.233, 'w6': 0.8320000000000001, 'w7': 0.11800000000000001, 'w8': 0.629, 'max_depth': 6, 'min_child_weight': 2, 'subsample': 0.9000000000000001, 'colsample_bytree': 0.9000000000000001, 'gamma': 0.6000000000000001}. Best is trial 1043 with value: 0.6266149442384139.
[I 2023-10-11 13:01:04,331] Trial 1338 finished with value: 0.6205321883913153 and parameters: {'w0': 0.223, 'w1': 0.79, 'w2': 0.165, 'w3': 0.606, 'w4': 0.911, 'w5': 0.34800000000000003, 'w6': 0.728, 'w7': 0.116, 'w8': 0.629, 'max_depth': 6, 'min_child_weight': 2, 'subsample': 0.9000000000000001, 'colsample_bytree': 0.9000000000000001, 'gamma': 0.6000000000000001}. Best is trial 1043 with value: 0.6266149442384139.
[I 2023-10-11 13:01:47,373] Trial 1339 finished with value: 0.6197537154057465 and parameters: {'w0': 0.226, 'w1': 0.789, 'w2': 0.167, 'w3': 0.687, 'w4': 0.907, 'w5': 0.34400000000000003, 'w6': 0.8250000000000001, 'w7': 0.124, 'w8': 0.63, 'max_depth': 6, 'min_child_weight': 2, 'subsample': 0.9000000000000001, 'colsample_bytree': 0.9000000000000001, 'gamma': 0.6000000000000001}. Best is trial 1043 with value: 0.6266149442384139.
[I 2023-10-11 13:02:43,117] Trial 1343 finished with value: 0.6032613735673004 and parameters: {'w0': 0.229, 'w1': 0.807, 'w2': 0.166, 'w3': 0.607, 'w4': 0.914, 'w5': 0.34700000000000003, 'w6': 0.188, 'w7': 0.116, 'w8': 0.627, 'max_depth': 6, 'min_child_weight': 4, 'subsample': 0.9000000000000001, 'colsample_bytree': 0.9000000000000001, 'gamma': 1.6}. Best is trial 1043 with value: 0.6266149442384139.
[I 2023-10-11 13:03:31,375] Trial 1344 finished with value: 0.6067935810748218 and parameters: {'w0': 0.224, 'w1': 0.789, 'w2': 0.167, 'w3': 0.61, 'w4': 0.914, 'w5': 0.229, 'w6': 0.8240000000000001, 'w7': 0.11900000000000001, 'w8': 0.301, 'max_depth': 6, 'min_child_weight': 4, 'subsample': 0.9000000000000001, 'colsample_bytree': 0.9000000000000001, 'gamma': 1.6}. Best is trial 1043 with value: 0.6266149442384139.
[I 2023-10-11 13:03:33,747] Trial 1340 finished with value: 0.6196231712079575 and parameters: {'w0': 0.231, 'w1': 0.785, 'w2': 0.169, 'w3': 0.606, 'w4': 0.909, 'w5': 0.34700000000000003, 'w6': 0.8290000000000001, 'w7': 0.11900000000000001, 'w8': 0.632, 'max_depth': 6, 'min_child_weight': 4, 'subsample': 0.9000000000000001, 'colsample_bytree': 0.9000000000000001, 'gamma': 0.6000000000000001}. Best is trial 1043 with value: 0.6266149442384139.
[I 2023-10-11 13:05:16,145] Trial 1347 finished with value: 0.6093274615963593 and parameters: {'w0': 0.228, 'w1': 0.79, 'w2': 0.17, 'w3': 0.606, 'w4': 0.934, 'w5': 0.34600000000000003, 'w6': 0.8290000000000001, 'w7': 0.131, 'w8': 0.629, 'max_depth': 5, 'min_child_weight': 4, 'subsample': 0.9000000000000001, 'colsample_bytree': 0.9000000000000001, 'gamma': 1.6}. Best is trial 1043 with value: 0.6266149442384139.
[I 2023-10-11 13:05:18,025] Trial 1346 finished with value: 0.6203097207719395 and parameters: {'w0': 0.228, 'w1': 0.809, 'w2': 0.156, 'w3': 0.687, 'w4': 0.929, 'w5': 0.34700000000000003, 'w6': 0.8330000000000001, 'w7': 0.127, 'w8': 0.638, 'max_depth': 6, 'min_child_weight': 4, 'subsample': 0.9000000000000001, 'colsample_bytree': 0.9000000000000001, 'gamma': 1.6}. Best is trial 1043 with value: 0.6266149442384139.
[I 2023-10-11 13:05:39,921] Trial 1350 finished with value: 0.5434229483925248 and parameters: {'w0': 0.022000000000000002, 'w1': 0.881, 'w2': 0.164, 'w3': 0.6900000000000001, 'w4': 0.934, 'w5': 0.34500000000000003, 'w6': 0.8150000000000001, 'w7': 0.169, 'w8': 0.586, 'max_depth': 5, 'min_child_weight': 4, 'subsample': 0.9000000000000001, 'colsample_bytree': 0.9000000000000001, 'gamma': 1.6}. Best is trial 1043 with value: 0.6266149442384139.
[I 2023-10-11 13:06:21,108] Trial 1345 finished with value: 0.6226617043161993 and parameters: {'w0': 0.227, 'w1': 0.81, 'w2': 0.164, 'w3': 0.683, 'w4': 0.931, 'w5': 0.342, 'w6': 0.835, 'w7': 0.13, 'w8': 0.634, 'max_depth': 6, 'min_child_weight': 4, 'subsample': 0.9000000000000001, 'colsample_bytree': 0.9000000000000001, 'gamma': 1.0}. Best is trial 1043 with value: 0.6266149442384139.
[I 2023-10-11 13:06:48,038] Trial 1348 finished with value: 0.6197263707683878 and parameters: {'w0': 0.225, 'w1': 0.789, 'w2': 0.167, 'w3': 0.68, 'w4': 0.926, 'w5': 0.34600000000000003, 'w6': 0.454, 'w7': 0.137, 'w8': 0.632, 'max_depth': 5, 'min_child_weight': 4, 'subsample': 0.9000000000000001, 'colsample_bytree': 0.9000000000000001, 'gamma': 1.0}. Best is trial 1043 with value: 0.6266149442384139.
[I 2023-10-11 13:07:50,286] Trial 1342 finished with value: 0.6226517481347782 and parameters: {'w0': 0.221, 'w1': 0.808, 'w2': 0.168, 'w3': 0.617, 'w4': 0.914, 'w5': 0.341, 'w6': 0.845, 'w7': 0.124, 'w8': 0.631, 'max_depth': 6, 'min_child_weight': 4, 'subsample': 0.9000000000000001, 'colsample_bytree': 0.9000000000000001, 'gamma': 0.6000000000000001}. Best is trial 1043 with value: 0.6266149442384139.
[I 2023-10-11 13:08:13,123] Trial 1349 finished with value: 0.6126527213520868 and parameters: {'w0': 0.232, 'w1': 0.881, 'w2': 0.165, 'w3': 0.6880000000000001, 'w4': 0.934, 'w5': 0.34700000000000003, 'w6': 0.8310000000000001, 'w7': 0.20800000000000002, 'w8': 0.586, 'max_depth': 5, 'min_child_weight': 4, 'subsample': 0.9000000000000001, 'colsample_bytree': 0.9000000000000001, 'gamma': 1.0}. Best is trial 1043 with value: 0.6266149442384139.
[I 2023-10-11 13:13:36,131] Trial 1351 finished with value: 0.6125389518299086 and parameters: {'w0': 0.154, 'w1': 0.878, 'w2': 0.167, 'w3': 0.681, 'w4': 0.927, 'w5': 0.34600000000000003, 'w6': 0.73, 'w7': 0.20600000000000002, 'w8': 0.592, 'max_depth': 5, 'min_child_weight': 4, 'subsample': 0.9000000000000001, 'colsample_bytree': 0.9000000000000001, 'gamma': 1.0}. Best is trial 1043 with value: 0.6266149442384139.
[I 2023-10-11 13:13:55,109] Trial 1354 finished with value: 0.5964328611330215 and parameters: {'w0': 0.155, 'w1': 0.847, 'w2': 0.132, 'w3': 0.5650000000000001, 'w4': 0.934, 'w5': 0.325, 'w6': 0.725, 'w7': 0.20500000000000002, 'w8': 0.589, 'max_depth': 5, 'min_child_weight': 4, 'subsample': 0.9000000000000001, 'colsample_bytree': 0.9000000000000001, 'gamma': 1.2000000000000002}. Best is trial 1043 with value: 0.6266149442384139.
[I 2023-10-11 13:14:00,215] Trial 1356 finished with value: 0.5216202233067928 and parameters: {'w0': 0.019000000000000003, 'w1': 0.886, 'w2': 0.135, 'w3': 0.5630000000000001, 'w4': 0.932, 'w5': 0.32, 'w6': 0.853, 'w7': 0.201, 'w8': 0.586, 'max_depth': 5, 'min_child_weight': 4, 'subsample': 0.9000000000000001, 'colsample_bytree': 0.9000000000000001, 'gamma': 1.6}. Best is trial 1043 with value: 0.6266149442384139.
[I 2023-10-11 13:14:02,844] Trial 1353 finished with value: 0.6084177454082559 and parameters: {'w0': 0.162, 'w1': 0.784, 'w2': 0.168, 'w3': 0.5650000000000001, 'w4': 0.845, 'w5': 0.34700000000000003, 'w6': 0.20800000000000002, 'w7': 0.20800000000000002, 'w8': 0.591, 'max_depth': 5, 'min_child_weight': 4, 'subsample': 0.9000000000000001, 'colsample_bytree': 0.9000000000000001, 'gamma': 1.0}. Best is trial 1043 with value: 0.6266149442384139.
[I 2023-10-11 13:14:19,818] Trial 1352 finished with value: 0.6159971323465565 and parameters: {'w0': 0.228, 'w1': 0.791, 'w2': 0.166, 'w3': 0.609, 'w4': 0.849, 'w5': 0.324, 'w6': 0.8310000000000001, 'w7': 0.211, 'w8': 0.587, 'max_depth': 5, 'min_child_weight': 4, 'subsample': 0.9000000000000001, 'colsample_bytree': 0.9000000000000001, 'gamma': 1.0}. Best is trial 1043 with value: 0.6266149442384139.
[I 2023-10-11 13:15:06,095] Trial 1355 finished with value: 0.5941198246578981 and parameters: {'w0': 0.157, 'w1': 0.793, 'w2': 0.13, 'w3': 0.609, 'w4': 0.929, 'w5': 0.326, 'w6': 0.8270000000000001, 'w7': 0.202, 'w8': 0.271, 'max_depth': 5, 'min_child_weight': 4, 'subsample': 0.9000000000000001, 'colsample_bytree': 0.9000000000000001, 'gamma': 1.0}. Best is trial 1043 with value: 0.6266149442384139.
[I 2023-10-11 13:17:25,500] Trial 1359 finished with value: 0.5306707339349973 and parameters: {'w0': 0.022000000000000002, 'w1': 0.71, 'w2': 0.135, 'w3': 0.5640000000000001, 'w4': 0.936, 'w5': 0.324, 'w6': 0.737, 'w7': 0.20500000000000002, 'w8': 0.588, 'max_depth': 5, 'min_child_weight': 4, 'subsample': 0.9000000000000001, 'colsample_bytree': 0.9000000000000001, 'gamma': 1.0}. Best is trial 1043 with value: 0.6266149442384139.
[I 2023-10-11 13:17:27,139] Trial 1357 finished with value: 0.6069141786527495 and parameters: {'w0': 0.163, 'w1': 0.843, 'w2': 0.138, 'w3': 0.5660000000000001, 'w4': 0.937, 'w5': 0.321, 'w6': 0.853, 'w7': 0.20600000000000002, 'w8': 0.593, 'max_depth': 5, 'min_child_weight': 4, 'subsample': 0.9000000000000001, 'colsample_bytree': 0.9000000000000001, 'gamma': 1.0}. Best is trial 1043 with value: 0.6266149442384139.
[I 2023-10-11 13:18:01,848] Trial 1358 finished with value: 0.6020717448999364 and parameters: {'w0': 0.151, 'w1': 0.785, 'w2': 0.125, 'w3': 0.558, 'w4': 0.933, 'w5': 0.327, 'w6': 0.737, 'w7': 0.20500000000000002, 'w8': 0.586, 'max_depth': 5, 'min_child_weight': 4, 'subsample': 0.9000000000000001, 'colsample_bytree': 0.9000000000000001, 'gamma': 1.0}. Best is trial 1043 with value: 0.6266149442384139.
[I 2023-10-11 13:18:38,844] Trial 1360 finished with value: 0.5877767864011365 and parameters: {'w0': 0.164, 'w1': 0.341, 'w2': 0.134, 'w3': 0.557, 'w4': 0.842, 'w5': 0.322, 'w6': 0.854, 'w7': 0.20800000000000002, 'w8': 0.585, 'max_depth': 5, 'min_child_weight': 4, 'subsample': 0.9000000000000001, 'colsample_bytree': 0.3, 'gamma': 1.0}. Best is trial 1043 with value: 0.6266149442384139.
[I 2023-10-11 13:19:36,409] Trial 1362 finished with value: 0.599175813089148 and parameters: {'w0': 0.169, 'w1': 0.848, 'w2': 0.138, 'w3': 0.562, 'w4': 0.844, 'w5': 0.323, 'w6': 0.9470000000000001, 'w7': 0.20400000000000001, 'w8': 0.59, 'max_depth': 5, 'min_child_weight': 0, 'subsample': 0.9000000000000001, 'colsample_bytree': 0.3, 'gamma': 1.0}. Best is trial 1043 with value: 0.6266149442384139.
[I 2023-10-11 13:19:45,452] Trial 1361 finished with value: 0.5250857881167689 and parameters: {'w0': 0.019000000000000003, 'w1': 0.713, 'w2': 0.13, 'w3': 0.558, 'w4': 0.937, 'w5': 0.318, 'w6': 0.9500000000000001, 'w7': 0.23800000000000002, 'w8': 0.587, 'max_depth': 5, 'min_child_weight': 4, 'subsample': 0.9000000000000001, 'colsample_bytree': 0.9000000000000001, 'gamma': 1.0}. Best is trial 1043 with value: 0.6266149442384139.
[I 2023-10-11 13:19:47,993] Trial 1363 finished with value: 0.6105441660334345 and parameters: {'w0': 0.154, 'w1': 0.835, 'w2': 0.216, 'w3': 0.562, 'w4': 0.848, 'w5': 0.312, 'w6': 0.9460000000000001, 'w7': 0.20400000000000001, 'w8': 0.597, 'max_depth': 5, 'min_child_weight': 0, 'subsample': 0.9000000000000001, 'colsample_bytree': 0.3, 'gamma': 1.2000000000000002}. Best is trial 1043 with value: 0.6266149442384139.
[I 2023-10-11 13:21:46,426] Trial 1365 finished with value: 0.5978235255609337 and parameters: {'w0': 0.116, 'w1': 0.847, 'w2': 0.138, 'w3': 0.562, 'w4': 0.783, 'w5': 0.317, 'w6': 0.67, 'w7': 0.20600000000000002, 'w8': 0.587, 'max_depth': 5, 'min_child_weight': 0, 'subsample': 0.9000000000000001, 'colsample_bytree': 0.9000000000000001, 'gamma': 1.2000000000000002}. Best is trial 1043 with value: 0.6266149442384139.
[I 2023-10-11 13:22:09,337] Trial 1366 finished with value: 0.5941153625422071 and parameters: {'w0': 0.166, 'w1': 0.8150000000000001, 'w2': 0.132, 'w3': 0.557, 'w4': 0.848, 'w5': 0.31, 'w6': 0.721, 'w7': 0.23800000000000002, 'w8': 0.596, 'max_depth': 5, 'min_child_weight': 0, 'subsample': 0.9000000000000001, 'colsample_bytree': 0.8, 'gamma': 1.2000000000000002}. Best is trial 1043 with value: 0.6266149442384139.
