[I 2023-10-12 22:26:30,641] Trial 1383 finished with value: 0.5875226939655674 and parameters: {'w0': 0.999, 'w1': 0.883, 'w2': 0.323, 'w3': 0.747, 'w4': 0.878, 'w5': 0.22, 'w6': 0.9600000000000001, 'w7': 0.273, 'w8': 0.76, 'max_depth': 9, 'min_child_weight': 2, 'subsample': 0.6000000000000001, 'colsample_bytree': 0.8, 'gamma': 1.6}. Best is trial 848 with value: 0.6005661897687894.
[I 2023-10-12 22:26:58,811] Trial 1385 finished with value: 0.5867409368351431 and parameters: {'w0': 0.446, 'w1': 0.885, 'w2': 0.324, 'w3': 0.751, 'w4': 0.874, 'w5': 0.214, 'w6': 0.9410000000000001, 'w7': 0.275, 'w8': 0.767, 'max_depth': 9, 'min_child_weight': 2, 'subsample': 0.6000000000000001, 'colsample_bytree': 0.3, 'gamma': 1.6}. Best is trial 848 with value: 0.6005661897687894.
[I 2023-10-12 22:27:14,677] Trial 1389 finished with value: 0.5902548724094788 and parameters: {'w0': 0.385, 'w1': 0.888, 'w2': 0.327, 'w3': 0.748, 'w4': 0.874, 'w5': 0.22, 'w6': 0.9380000000000001, 'w7': 0.267, 'w8': 0.803, 'max_depth': 9, 'min_child_weight': 2, 'subsample': 0.6000000000000001, 'colsample_bytree': 0.8, 'gamma': 2.2}. Best is trial 848 with value: 0.6005661897687894.
[I 2023-10-12 22:27:23,214] Trial 1390 finished with value: 0.5949108869862629 and parameters: {'w0': 0.361, 'w1': 0.851, 'w2': 0.322, 'w3': 0.747, 'w4': 0.8320000000000001, 'w5': 0.116, 'w6': 0.9390000000000001, 'w7': 0.27, 'w8': 0.804, 'max_depth': 9, 'min_child_weight': 2, 'subsample': 0.6000000000000001, 'colsample_bytree': 0.8, 'gamma': 2.2}. Best is trial 848 with value: 0.6005661897687894.
[I 2023-10-12 22:27:49,970] Trial 1392 finished with value: 0.5891484891598167 and parameters: {'w0': 0.361, 'w1': 0.9540000000000001, 'w2': 0.319, 'w3': 0.676, 'w4': 0.87, 'w5': 0.116, 'w6': 0.9390000000000001, 'w7': 0.268, 'w8': 0.6980000000000001, 'max_depth': 9, 'min_child_weight': 2, 'subsample': 0.6000000000000001, 'colsample_bytree': 0.7, 'gamma': 2.2}. Best is trial 848 with value: 0.6005661897687894.
[I 2023-10-12 22:27:57,892] Trial 1391 finished with value: 0.5916941448208984 and parameters: {'w0': 0.355, 'w1': 0.9490000000000001, 'w2': 0.327, 'w3': 0.753, 'w4': 0.872, 'w5': 0.214, 'w6': 0.937, 'w7': 0.278, 'w8': 0.461, 'max_depth': 9, 'min_child_weight': 2, 'subsample': 0.6000000000000001, 'colsample_bytree': 0.8, 'gamma': 2.2}. Best is trial 848 with value: 0.6005661897687894.
[I 2023-10-12 22:29:45,074] Trial 1393 finished with value: 0.5917841876985456 and parameters: {'w0': 0.361, 'w1': 0.78, 'w2': 0.323, 'w3': 0.747, 'w4': 0.874, 'w5': 0.114, 'w6': 0.9410000000000001, 'w7': 0.269, 'w8': 0.805, 'max_depth': 9, 'min_child_weight': 2, 'subsample': 0.6000000000000001, 'colsample_bytree': 0.8, 'gamma': 2.2}. Best is trial 848 with value: 0.6005661897687894.
[I 2023-10-12 22:32:09,727] Trial 1395 finished with value: 0.5950213837443719 and parameters: {'w0': 0.358, 'w1': 0.778, 'w2': 0.319, 'w3': 0.746, 'w4': 0.873, 'w5': 0.216, 'w6': 0.935, 'w7': 0.273, 'w8': 0.806, 'max_depth': 9, 'min_child_weight': 2, 'subsample': 0.7, 'colsample_bytree': 0.7, 'gamma': 2.2}. Best is trial 848 with value: 0.6005661897687894.
[I 2023-10-12 22:34:57,854] Trial 1394 finished with value: 0.5779609471185521 and parameters: {'w0': 0.356, 'w1': 0.894, 'w2': 0.8130000000000001, 'w3': 0.758, 'w4': 0.8330000000000001, 'w5': 0.217, 'w6': 0.9390000000000001, 'w7': 0.276, 'w8': 0.795, 'max_depth': 9, 'min_child_weight': 2, 'subsample': 0.6000000000000001, 'colsample_bytree': 0.7, 'gamma': 2.2}. Best is trial 848 with value: 0.6005661897687894.
[I 2023-10-12 22:35:03,973] Trial 1396 finished with value: 0.5933515645578931 and parameters: {'w0': 0.353, 'w1': 0.776, 'w2': 0.319, 'w3': 0.755, 'w4': 0.871, 'w5': 0.211, 'w6': 0.935, 'w7': 0.272, 'w8': 0.6970000000000001, 'max_depth': 9, 'min_child_weight': 2, 'subsample': 0.7, 'colsample_bytree': 0.8, 'gamma': 2.2}. Best is trial 848 with value: 0.6005661897687894.
[I 2023-10-12 22:39:40,419] Trial 1398 finished with value: 0.5876901073535746 and parameters: {'w0': 0.359, 'w1': 0.779, 'w2': 0.318, 'w3': 0.673, 'w4': 0.873, 'w5': 0.214, 'w6': 0.937, 'w7': 0.303, 'w8': 0.7030000000000001, 'max_depth': 9, 'min_child_weight': 2, 'subsample': 0.6000000000000001, 'colsample_bytree': 0.7, 'gamma': 2.2}. Best is trial 848 with value: 0.6005661897687894.
[I 2023-10-12 22:39:54,179] Trial 1399 finished with value: 0.597204628573613 and parameters: {'w0': 0.354, 'w1': 0.9570000000000001, 'w2': 0.304, 'w3': 0.637, 'w4': 0.8270000000000001, 'w5': 0.115, 'w6': 0.935, 'w7': 0.277, 'w8': 0.812, 'max_depth': 9, 'min_child_weight': 2, 'subsample': 0.6000000000000001, 'colsample_bytree': 0.7, 'gamma': 2.2}. Best is trial 848 with value: 0.6005661897687894.
[I 2023-10-12 22:40:03,918] Trial 1400 finished with value: 0.5975003853090423 and parameters: {'w0': 0.357, 'w1': 0.9540000000000001, 'w2': 0.302, 'w3': 0.243, 'w4': 0.8250000000000001, 'w5': 0.10500000000000001, 'w6': 0.9410000000000001, 'w7': 0.274, 'w8': 0.801, 'max_depth': 9, 'min_child_weight': 2, 'subsample': 0.6000000000000001, 'colsample_bytree': 0.7, 'gamma': 2.2}. Best is trial 848 with value: 0.6005661897687894.
[I 2023-10-12 22:40:32,537] Trial 1401 finished with value: 0.5903758455054259 and parameters: {'w0': 0.361, 'w1': 0.9500000000000001, 'w2': 0.311, 'w3': 0.672, 'w4': 0.8240000000000001, 'w5': 0.115, 'w6': 0.936, 'w7': 0.274, 'w8': 0.7020000000000001, 'max_depth': 9, 'min_child_weight': 2, 'subsample': 0.6000000000000001, 'colsample_bytree': 0.7, 'gamma': 2.2}. Best is trial 848 with value: 0.6005661897687894.
[I 2023-10-12 22:41:14,585] Trial 1402 finished with value: 0.5978315892332484 and parameters: {'w0': 0.355, 'w1': 0.9530000000000001, 'w2': 0.302, 'w3': 0.68, 'w4': 0.8310000000000001, 'w5': 0.114, 'w6': 0.982, 'w7': 0.308, 'w8': 0.809, 'max_depth': 9, 'min_child_weight': 2, 'subsample': 0.6000000000000001, 'colsample_bytree': 0.8, 'gamma': 2.2}. Best is trial 848 with value: 0.6005661897687894.
[I 2023-10-12 22:41:29,261] Trial 1404 finished with value: 0.5867993806331628 and parameters: {'w0': 0.36, 'w1': 0.441, 'w2': 0.295, 'w3': 0.677, 'w4': 0.838, 'w5': 0.112, 'w6': 0.98, 'w7': 0.302, 'w8': 0.807, 'max_depth': 9, 'min_child_weight': 2, 'subsample': 0.6000000000000001, 'colsample_bytree': 0.7, 'gamma': 2.2}. Best is trial 848 with value: 0.6005661897687894.
[I 2023-10-12 22:42:22,479] Trial 1408 finished with value: 0.5968985469413064 and parameters: {'w0': 0.355, 'w1': 0.784, 'w2': 0.296, 'w3': 0.675, 'w4': 0.8220000000000001, 'w5': 0.196, 'w6': 0.981, 'w7': 0.302, 'w8': 0.807, 'max_depth': 9, 'min_child_weight': 2, 'subsample': 0.7, 'colsample_bytree': 0.8, 'gamma': 2.2}. Best is trial 848 with value: 0.6005661897687894.
[I 2023-10-12 22:42:24,458] Trial 1397 finished with value: 0.5623305867979279 and parameters: {'w0': 0.355, 'w1': 0.85, 'w2': 0.301, 'w3': 0.751, 'w4': 0.8280000000000001, 'w5': 0.214, 'w6': 0.9390000000000001, 'w7': 0.878, 'w8': 0.801, 'max_depth': 9, 'min_child_weight': 2, 'subsample': 0.6000000000000001, 'colsample_bytree': 0.7, 'gamma': 2.2}. Best is trial 848 with value: 0.6005661897687894.
[I 2023-10-12 22:42:47,504] Trial 1407 finished with value: 0.5900409459113729 and parameters: {'w0': 0.356, 'w1': 0.782, 'w2': 0.297, 'w3': 0.645, 'w4': 0.842, 'w5': 0.637, 'w6': 0.982, 'w7': 0.305, 'w8': 0.803, 'max_depth': 9, 'min_child_weight': 2, 'subsample': 0.7, 'colsample_bytree': 0.8, 'gamma': 2.2}. Best is trial 848 with value: 0.6005661897687894.
[I 2023-10-12 22:43:40,921] Trial 1405 finished with value: 0.590644392969103 and parameters: {'w0': 0.35100000000000003, 'w1': 0.9530000000000001, 'w2': 0.305, 'w3': 0.677, 'w4': 0.8300000000000001, 'w5': 0.649, 'w6': 0.982, 'w7': 0.301, 'w8': 0.806, 'max_depth': 9, 'min_child_weight': 2, 'subsample': 0.6000000000000001, 'colsample_bytree': 0.7, 'gamma': 2.2}. Best is trial 848 with value: 0.6005661897687894.
[I 2023-10-12 22:43:53,622] Trial 1403 finished with value: 0.5923731282340995 and parameters: {'w0': 0.358, 'w1': 0.9530000000000001, 'w2': 0.3, 'w3': 0.673, 'w4': 0.8290000000000001, 'w5': 0.11900000000000001, 'w6': 0.936, 'w7': 0.304, 'w8': 0.805, 'max_depth': 9, 'min_child_weight': 12, 'subsample': 0.6000000000000001, 'colsample_bytree': 0.8, 'gamma': 2.2}. Best is trial 848 with value: 0.6005661897687894.
[I 2023-10-12 22:44:23,635] Trial 1406 finished with value: 0.5953893143534948 and parameters: {'w0': 0.35200000000000004, 'w1': 0.78, 'w2': 0.293, 'w3': 0.679, 'w4': 0.8270000000000001, 'w5': 0.114, 'w6': 0.981, 'w7': 0.305, 'w8': 0.783, 'max_depth': 9, 'min_child_weight': 2, 'subsample': 0.5, 'colsample_bytree': 0.8, 'gamma': 2.2}. Best is trial 848 with value: 0.6005661897687894.
[I 2023-10-12 22:48:50,356] Trial 1410 finished with value: 0.5951876409179041 and parameters: {'w0': 0.28900000000000003, 'w1': 0.9560000000000001, 'w2': 0.297, 'w3': 0.645, 'w4': 0.836, 'w5': 0.186, 'w6': 0.981, 'w7': 0.307, 'w8': 0.788, 'max_depth': 9, 'min_child_weight': 8, 'subsample': 0.7, 'colsample_bytree': 0.8, 'gamma': 1.8}. Best is trial 848 with value: 0.6005661897687894.
[I 2023-10-12 22:50:19,394] Trial 1412 finished with value: 0.5976945425306884 and parameters: {'w0': 0.293, 'w1': 0.917, 'w2': 0.298, 'w3': 0.638, 'w4': 0.805, 'w5': 0.191, 'w6': 0.979, 'w7': 0.306, 'w8': 0.783, 'max_depth': 9, 'min_child_weight': 2, 'subsample': 0.7, 'colsample_bytree': 0.8, 'gamma': 1.8}. Best is trial 848 with value: 0.6005661897687894.
[I 2023-10-12 22:51:00,653] Trial 1411 finished with value: 0.587061757070832 and parameters: {'w0': 0.219, 'w1': 0.9520000000000001, 'w2': 0.297, 'w3': 0.642, 'w4': 0.8290000000000001, 'w5': 0.796, 'w6': 0.98, 'w7': 0.303, 'w8': 0.741, 'max_depth': 9, 'min_child_weight': 2, 'subsample': 0.7, 'colsample_bytree': 0.8, 'gamma': 1.8}. Best is trial 848 with value: 0.6005661897687894.
[I 2023-10-12 22:53:46,468] Trial 1409 finished with value: 0.5759963986915345 and parameters: {'w0': 0.34900000000000003, 'w1': 0.8220000000000001, 'w2': 0.299, 'w3': 0.64, 'w4': 0.834, 'w5': 0.198, 'w6': 0.982, 'w7': 0.306, 'w8': 0.785, 'max_depth': 9, 'min_child_weight': 2, 'subsample': 0.2, 'colsample_bytree': 0.7, 'gamma': 1.8}. Best is trial 848 with value: 0.6005661897687894.
[I 2023-10-12 22:54:34,700] Trial 1413 finished with value: 0.5957886183163044 and parameters: {'w0': 0.402, 'w1': 0.849, 'w2': 0.299, 'w3': 0.635, 'w4': 0.8270000000000001, 'w5': 0.187, 'w6': 0.98, 'w7': 0.302, 'w8': 0.79, 'max_depth': 9, 'min_child_weight': 2, 'subsample': 0.7, 'colsample_bytree': 0.8, 'gamma': 1.8}. Best is trial 848 with value: 0.6005661897687894.
[I 2023-10-12 22:54:46,646] Trial 1416 finished with value: 0.5920389319050983 and parameters: {'w0': 0.219, 'w1': 0.8270000000000001, 'w2': 0.264, 'w3': 0.713, 'w4': 0.837, 'w5': 0.188, 'w6': 0.983, 'w7': 0.302, 'w8': 0.779, 'max_depth': 9, 'min_child_weight': 2, 'subsample': 0.7, 'colsample_bytree': 0.8, 'gamma': 1.8}. Best is trial 848 with value: 0.6005661897687894.
[I 2023-10-12 22:55:54,024] Trial 1421 finished with value: 0.5905461601669365 and parameters: {'w0': 0.297, 'w1': 0.8260000000000001, 'w2': 0.255, 'w3': 0.714, 'w4': 0.805, 'w5': 0.191, 'w6': 0.977, 'w7': 0.308, 'w8': 0.782, 'max_depth': 7, 'min_child_weight': 8, 'subsample': 0.8, 'colsample_bytree': 0.8, 'gamma': 1.8}. Best is trial 848 with value: 0.6005661897687894.
[I 2023-10-12 22:56:15,917] Trial 1418 finished with value: 0.5944981476134215 and parameters: {'w0': 0.28600000000000003, 'w1': 0.848, 'w2': 0.273, 'w3': 0.718, 'w4': 0.81, 'w5': 0.188, 'w6': 0.982, 'w7': 0.305, 'w8': 0.783, 'max_depth': 9, 'min_child_weight': 4, 'subsample': 0.7, 'colsample_bytree': 0.8, 'gamma': 1.8}. Best is trial 848 with value: 0.6005661897687894.
[I 2023-10-12 22:56:54,932] Trial 1419 finished with value: 0.5898628540559294 and parameters: {'w0': 0.218, 'w1': 0.911, 'w2': 0.275, 'w3': 0.721, 'w4': 0.5650000000000001, 'w5': 0.193, 'w6': 0.983, 'w7': 0.305, 'w8': 0.782, 'max_depth': 9, 'min_child_weight': 4, 'subsample': 0.7, 'colsample_bytree': 0.8, 'gamma': 1.8}. Best is trial 848 with value: 0.6005661897687894.
[I 2023-10-12 22:57:19,676] Trial 1422 finished with value: 0.5869616500402991 and parameters: {'w0': 0.28800000000000003, 'w1': 0.914, 'w2': 0.268, 'w3': 0.72, 'w4': 0.917, 'w5': 0.194, 'w6': 0.975, 'w7': 0.34700000000000003, 'w8': 0.782, 'max_depth': 7, 'min_child_weight': 8, 'subsample': 0.8, 'colsample_bytree': 0.8, 'gamma': 1.8}. Best is trial 848 with value: 0.6005661897687894.
[I 2023-10-12 22:58:08,555] Trial 1420 finished with value: 0.5898692078686468 and parameters: {'w0': 0.29, 'w1': 0.914, 'w2': 0.272, 'w3': 0.643, 'w4': 0.806, 'w5': 0.646, 'w6': 0.984, 'w7': 0.304, 'w8': 0.778, 'max_depth': 9, 'min_child_weight': 4, 'subsample': 0.7, 'colsample_bytree': 0.8, 'gamma': 1.8}. Best is trial 848 with value: 0.6005661897687894.
[I 2023-10-12 22:59:45,099] Trial 1415 finished with value: 0.5878378376978859 and parameters: {'w0': 0.293, 'w1': 0.8190000000000001, 'w2': 0.275, 'w3': 0.639, 'w4': 0.841, 'w5': 0.19, 'w6': 0.979, 'w7': 0.3, 'w8': 0.787, 'max_depth': 9, 'min_child_weight': 12, 'subsample': 0.5, 'colsample_bytree': 0.8, 'gamma': 1.8}. Best is trial 848 with value: 0.6005661897687894.
[I 2023-10-12 23:00:30,263] Trial 1423 finished with value: 0.5761140955015045 and parameters: {'w0': 0.292, 'w1': 0.8270000000000001, 'w2': 0.275, 'w3': 0.723, 'w4': 0.5660000000000001, 'w5': 0.19, 'w6': 0.34600000000000003, 'w7': 0.35100000000000003, 'w8': 0.418, 'max_depth': 7, 'min_child_weight': 4, 'subsample': 0.5, 'colsample_bytree': 0.8, 'gamma': 1.8}. Best is trial 848 with value: 0.6005661897687894.
[I 2023-10-12 23:00:40,005] Trial 1417 finished with value: 0.586312165853166 and parameters: {'w0': 0.402, 'w1': 0.8220000000000001, 'w2': 0.26, 'w3': 0.643, 'w4': 0.81, 'w5': 0.187, 'w6': 0.978, 'w7': 0.305, 'w8': 0.744, 'max_depth': 9, 'min_child_weight': 4, 'subsample': 0.5, 'colsample_bytree': 0.8, 'gamma': 1.8}. Best is trial 848 with value: 0.6005661897687894.
[I 2023-10-12 23:02:14,462] Trial 1425 finished with value: 0.5849518584176934 and parameters: {'w0': 0.292, 'w1': 0.8220000000000001, 'w2': 0.267, 'w3': 0.72, 'w4': 0.916, 'w5': 0.196, 'w6': 0.982, 'w7': 0.34600000000000003, 'w8': 0.737, 'max_depth': 7, 'min_child_weight': 4, 'subsample': 0.8, 'colsample_bytree': 0.8, 'gamma': 1.8}. Best is trial 848 with value: 0.6005661897687894.
[I 2023-10-12 23:03:43,462] Trial 1414 finished with value: 0.5812510234751491 and parameters: {'w0': 0.306, 'w1': 0.8190000000000001, 'w2': 0.275, 'w3': 0.717, 'w4': 0.836, 'w5': 0.193, 'w6': 0.98, 'w7': 0.298, 'w8': 0.784, 'max_depth': 9, 'min_child_weight': 2, 'subsample': 0.2, 'colsample_bytree': 0.8, 'gamma': 1.8}. Best is trial 848 with value: 0.6005661897687894.
[I 2023-10-12 23:03:51,522] Trial 1426 finished with value: 0.5893618054990049 and parameters: {'w0': 0.4, 'w1': 0.8240000000000001, 'w2': 0.263, 'w3': 0.716, 'w4': 0.913, 'w5': 0.42, 'w6': 0.982, 'w7': 0.297, 'w8': 0.742, 'max_depth': 7, 'min_child_weight': 4, 'subsample': 0.8, 'colsample_bytree': 0.8, 'gamma': 1.8}. Best is trial 848 with value: 0.6005661897687894.
[I 2023-10-12 23:04:24,813] Trial 1424 finished with value: 0.5744325443316801 and parameters: {'w0': 0.293, 'w1': 0.915, 'w2': 0.273, 'w3': 0.719, 'w4': 0.85, 'w5': 0.196, 'w6': 0.999, 'w7': 0.353, 'w8': 0.739, 'max_depth': 7, 'min_child_weight': 8, 'subsample': 0.2, 'colsample_bytree': 0.8, 'gamma': 1.8}. Best is trial 848 with value: 0.6005661897687894.
[I 2023-10-12 23:04:40,692] Trial 1427 finished with value: 0.5822117254023008 and parameters: {'w0': 0.399, 'w1': 0.8230000000000001, 'w2': 0.272, 'w3': 0.719, 'w4': 0.918, 'w5': 0.194, 'w6': 0.909, 'w7': 0.354, 'w8': 0.745, 'max_depth': 7, 'min_child_weight': 4, 'subsample': 0.8, 'colsample_bytree': 0.8, 'gamma': 1.8}. Best is trial 848 with value: 0.6005661897687894.
[I 2023-10-12 23:06:24,572] Trial 1430 finished with value: 0.5824111847474986 and parameters: {'w0': 0.28800000000000003, 'w1': 0.915, 'w2': 0.257, 'w3': 0.718, 'w4': 0.917, 'w5': 0.08600000000000001, 'w6': 0.998, 'w7': 0.35100000000000003, 'w8': 0.749, 'max_depth': 7, 'min_child_weight': 4, 'subsample': 0.8, 'colsample_bytree': 0.8, 'gamma': 2.4000000000000004}. Best is trial 848 with value: 0.6005661897687894.
[I 2023-10-12 23:07:26,625] Trial 1428 finished with value: 0.5843598461779006 and parameters: {'w0': 0.403, 'w1': 0.908, 'w2': 0.271, 'w3': 0.721, 'w4': 0.81, 'w5': 0.191, 'w6': 0.906, 'w7': 0.35100000000000003, 'w8': 0.781, 'max_depth': 7, 'min_child_weight': 4, 'subsample': 0.8, 'colsample_bytree': 0.8, 'gamma': 1.8}. Best is trial 848 with value: 0.6005661897687894.
[I 2023-10-12 23:07:46,030] Trial 1429 finished with value: 0.5769383293136248 and parameters: {'w0': 0.29, 'w1': 0.911, 'w2': 0.261, 'w3': 0.723, 'w4': 0.802, 'w5': 0.418, 'w6': 0.343, 'w7': 0.35200000000000004, 'w8': 0.741, 'max_depth': 7, 'min_child_weight': 4, 'subsample': 0.8, 'colsample_bytree': 0.8, 'gamma': 1.8}. Best is trial 848 with value: 0.6005661897687894.
[I 2023-10-12 23:08:46,404] Trial 1432 finished with value: 0.5811599318434355 and parameters: {'w0': 0.431, 'w1': 0.915, 'w2': 0.27, 'w3': 0.722, 'w4': 0.919, 'w5': 0.24000000000000002, 'w6': 0.905, 'w7': 0.34900000000000003, 'w8': 0.741, 'max_depth': 7, 'min_child_weight': 4, 'subsample': 0.8, 'colsample_bytree': 0.8, 'gamma': 2.4000000000000004}. Best is trial 848 with value: 0.6005661897687894.
[I 2023-10-12 23:08:47,001] Trial 1433 finished with value: 0.5690460022844965 and parameters: {'w0': 0.307, 'w1': 0.915, 'w2': 0.259, 'w3': 0.717, 'w4': 0.329, 'w5': 0.085, 'w6': 1.0, 'w7': 0.34900000000000003, 'w8': 0.743, 'max_depth': 7, 'min_child_weight': 4, 'subsample': 0.8, 'colsample_bytree': 0.8, 'gamma': 2.4000000000000004}. Best is trial 848 with value: 0.6005661897687894.
[I 2023-10-12 23:09:42,925] Trial 1434 finished with value: 0.5649654616232668 and parameters: {'w0': 0.405, 'w1': 0.911, 'w2': 0.249, 'w3': 0.661, 'w4': 0.488, 'w5': 0.165, 'w6': 0.914, 'w7': 0.34600000000000003, 'w8': 0.741, 'max_depth': 7, 'min_child_weight': 14, 'subsample': 0.8, 'colsample_bytree': 0.8, 'gamma': 2.4000000000000004}. Best is trial 848 with value: 0.6005661897687894.
[I 2023-10-12 23:11:20,280] Trial 1435 finished with value: 0.5638421132496694 and parameters: {'w0': 0.435, 'w1': 0.929, 'w2': 0.334, 'w3': 0.659, 'w4': 0.92, 'w5': 0.085, 'w6': 0.918, 'w7': 0.71, 'w8': 0.743, 'max_depth': 7, 'min_child_weight': 4, 'subsample': 0.8, 'colsample_bytree': 0.8, 'gamma': 2.4000000000000004}. Best is trial 848 with value: 0.6005661897687894.
[I 2023-10-12 23:12:32,305] Trial 1437 finished with value: 0.5740039176839437 and parameters: {'w0': 0.40800000000000003, 'w1': 0.91, 'w2': 0.255, 'w3': 0.662, 'w4': 0.383, 'w5': 0.163, 'w6': 0.999, 'w7': 0.339, 'w8': 0.748, 'max_depth': 7, 'min_child_weight': 2, 'subsample': 0.8, 'colsample_bytree': 0.8, 'gamma': 2.4000000000000004}. Best is trial 848 with value: 0.6005661897687894.
[I 2023-10-12 23:13:00,082] Trial 1438 finished with value: 0.5946525849366171 and parameters: {'w0': 0.395, 'w1': 0.912, 'w2': 0.339, 'w3': 0.716, 'w4': 0.861, 'w5': 0.165, 'w6': 0.901, 'w7': 0.34, 'w8': 0.742, 'max_depth': 7, 'min_child_weight': 2, 'subsample': 0.8, 'colsample_bytree': 0.8, 'gamma': 2.4000000000000004}. Best is trial 848 with value: 0.6005661897687894.
[I 2023-10-12 23:13:05,108] Trial 1436 finished with value: 0.5581722873092203 and parameters: {'w0': 0.432, 'w1': 0.909, 'w2': 0.246, 'w3': 0.719, 'w4': 0.916, 'w5': 0.167, 'w6': 0.906, 'w7': 0.593, 'w8': 0.737, 'max_depth': 7, 'min_child_weight': 14, 'subsample': 0.8, 'colsample_bytree': 0.8, 'gamma': 2.4000000000000004}. Best is trial 848 with value: 0.6005661897687894.
[I 2023-10-12 23:15:05,719] Trial 1439 finished with value: 0.5943352097082798 and parameters: {'w0': 0.47300000000000003, 'w1': 0.911, 'w2': 0.377, 'w3': 0.6930000000000001, 'w4': 0.861, 'w5': 0.127, 'w6': 0.909, 'w7': 0.353, 'w8': 0.656, 'max_depth': 7, 'min_child_weight': 2, 'subsample': 0.8, 'colsample_bytree': 0.8, 'gamma': 2.4000000000000004}. Best is trial 848 with value: 0.6005661897687894.
[I 2023-10-12 23:16:25,926] Trial 1440 finished with value: 0.5966401723431316 and parameters: {'w0': 0.436, 'w1': 0.924, 'w2': 0.339, 'w3': 0.6970000000000001, 'w4': 0.854, 'w5': 0.08800000000000001, 'w6': 0.909, 'w7': 0.338, 'w8': 0.857, 'max_depth': 7, 'min_child_weight': 2, 'subsample': 0.8, 'colsample_bytree': 0.8, 'gamma': 2.4000000000000004}. Best is trial 848 with value: 0.6005661897687894.
[I 2023-10-12 23:16:36,672] Trial 1441 finished with value: 0.5960136073081486 and parameters: {'w0': 0.431, 'w1': 0.928, 'w2': 0.376, 'w3': 0.6960000000000001, 'w4': 0.863, 'w5': 0.093, 'w6': 0.91, 'w7': 0.341, 'w8': 0.744, 'max_depth': 8, 'min_child_weight': 2, 'subsample': 0.8, 'colsample_bytree': 0.8, 'gamma': 2.4000000000000004}. Best is trial 848 with value: 0.6005661897687894.
[I 2023-10-12 23:16:43,838] Trial 1442 finished with value: 0.5879514909259553 and parameters: {'w0': 0.426, 'w1': 0.858, 'w2': 0.343, 'w3': 0.66, 'w4': 0.861, 'w5': 0.09, 'w6': 1.0, 'w7': 0.221, 'w8': 0.854, 'max_depth': 8, 'min_child_weight': 2, 'subsample': 0.8, 'colsample_bytree': 0.8, 'gamma': 2.4000000000000004}. Best is trial 848 with value: 0.6005661897687894.
[I 2023-10-12 23:17:33,440] Trial 1443 finished with value: 0.5952505899769212 and parameters: {'w0': 0.437, 'w1': 0.93, 'w2': 0.337, 'w3': 0.661, 'w4': 0.86, 'w5': 0.166, 'w6': 0.908, 'w7': 0.339, 'w8': 0.854, 'max_depth': 8, 'min_child_weight': 2, 'subsample': 0.8, 'colsample_bytree': 0.8, 'gamma': 2.4000000000000004}. Best is trial 848 with value: 0.6005661897687894.
[I 2023-10-12 23:18:11,104] Trial 1445 finished with value: 0.5732742510320786 and parameters: {'w0': 0.43, 'w1': 0.858, 'w2': 0.34400000000000003, 'w3': 0.6930000000000001, 'w4': 0.86, 'w5': 0.23800000000000002, 'w6': 1.0, 'w7': 0.218, 'w8': 0.8240000000000001, 'max_depth': 8, 'min_child_weight': 2, 'subsample': 0.8, 'colsample_bytree': 0.8, 'gamma': 4.4}. Best is trial 848 with value: 0.6005661897687894.
