[I 2023-10-11 09:50:05,926] Trial 1151 finished with value: 0.6191098522036524 and parameters: {'w0': 0.132, 'w1': 0.768, 'w2': 0.193, 'w3': 0.539, 'w4': 0.85, 'w5': 0.265, 'w6': 0.752, 'w7': 0.196, 'w8': 0.549, 'max_depth': 5, 'min_child_weight': 0, 'subsample': 0.8, 'colsample_bytree': 0.9000000000000001, 'gamma': 1.2000000000000002}. Best is trial 1043 with value: 0.6266149442384139.
[I 2023-10-11 09:51:33,577] Trial 1153 finished with value: 0.6220842960075514 and parameters: {'w0': 0.14300000000000002, 'w1': 0.766, 'w2': 0.196, 'w3': 0.536, 'w4': 0.882, 'w5': 0.275, 'w6': 0.759, 'w7': 0.191, 'w8': 0.644, 'max_depth': 5, 'min_child_weight': 0, 'subsample': 0.8, 'colsample_bytree': 0.9000000000000001, 'gamma': 1.2000000000000002}. Best is trial 1043 with value: 0.6266149442384139.
[I 2023-10-11 09:51:50,427] Trial 1154 finished with value: 0.618039796543389 and parameters: {'w0': 0.133, 'w1': 0.767, 'w2': 0.194, 'w3': 0.537, 'w4': 0.884, 'w5': 0.269, 'w6': 0.787, 'w7': 0.182, 'w8': 0.549, 'max_depth': 5, 'min_child_weight': 0, 'subsample': 0.8, 'colsample_bytree': 0.9000000000000001, 'gamma': 1.2000000000000002}. Best is trial 1043 with value: 0.6266149442384139.
[I 2023-10-11 09:52:57,506] Trial 1155 finished with value: 0.6018825378346376 and parameters: {'w0': 0.138, 'w1': 0.767, 'w2': 0.114, 'w3': 0.538, 'w4': 0.882, 'w5': 0.275, 'w6': 0.757, 'w7': 0.185, 'w8': 0.638, 'max_depth': 5, 'min_child_weight': 0, 'subsample': 0.8, 'colsample_bytree': 0.9000000000000001, 'gamma': 1.2000000000000002}. Best is trial 1043 with value: 0.6266149442384139.
[I 2023-10-11 09:57:31,901] Trial 1157 finished with value: 0.6216975270458085 and parameters: {'w0': 0.211, 'w1': 0.8320000000000001, 'w2': 0.195, 'w3': 0.535, 'w4': 0.887, 'w5': 0.279, 'w6': 0.76, 'w7': 0.184, 'w8': 0.646, 'max_depth': 5, 'min_child_weight': 0, 'subsample': 0.8, 'colsample_bytree': 0.9000000000000001, 'gamma': 1.0}. Best is trial 1043 with value: 0.6266149442384139.
[I 2023-10-11 09:57:42,717] Trial 1159 finished with value: 0.623506692297688 and parameters: {'w0': 0.20800000000000002, 'w1': 0.773, 'w2': 0.196, 'w3': 0.47500000000000003, 'w4': 0.885, 'w5': 0.265, 'w6': 0.776, 'w7': 0.148, 'w8': 0.637, 'max_depth': 5, 'min_child_weight': 0, 'subsample': 0.8, 'colsample_bytree': 0.9000000000000001, 'gamma': 1.0}. Best is trial 1043 with value: 0.6266149442384139.
[I 2023-10-11 09:57:44,648] Trial 1156 finished with value: 0.5256727914071747 and parameters: {'w0': 0.137, 'w1': 0.764, 'w2': 0.026000000000000002, 'w3': 0.535, 'w4': 0.558, 'w5': 0.278, 'w6': 0.795, 'w7': 0.901, 'w8': 0.645, 'max_depth': 5, 'min_child_weight': 0, 'subsample': 0.8, 'colsample_bytree': 0.9000000000000001, 'gamma': 1.2000000000000002}. Best is trial 1043 with value: 0.6266149442384139.
[I 2023-10-11 09:58:10,419] Trial 1158 finished with value: 0.6252627310169387 and parameters: {'w0': 0.212, 'w1': 0.762, 'w2': 0.195, 'w3': 0.644, 'w4': 0.884, 'w5': 0.272, 'w6': 0.796, 'w7': 0.186, 'w8': 0.639, 'max_depth': 5, 'min_child_weight': 0, 'subsample': 0.8, 'colsample_bytree': 0.9000000000000001, 'gamma': 1.0}. Best is trial 1043 with value: 0.6266149442384139.
[I 2023-10-11 09:58:41,692] Trial 1160 finished with value: 0.6195018905385945 and parameters: {'w0': 0.21, 'w1': 0.763, 'w2': 0.191, 'w3': 0.47300000000000003, 'w4': 0.885, 'w5': 0.264, 'w6': 0.797, 'w7': 0.146, 'w8': 0.637, 'max_depth': 5, 'min_child_weight': 0, 'subsample': 0.8, 'colsample_bytree': 0.9000000000000001, 'gamma': 1.0}. Best is trial 1043 with value: 0.6266149442384139.
[I 2023-10-11 09:59:58,102] Trial 1161 finished with value: 0.6228518405466779 and parameters: {'w0': 0.211, 'w1': 0.766, 'w2': 0.194, 'w3': 0.539, 'w4': 0.883, 'w5': 0.264, 'w6': 0.788, 'w7': 0.149, 'w8': 0.636, 'max_depth': 5, 'min_child_weight': 0, 'subsample': 0.8, 'colsample_bytree': 0.9000000000000001, 'gamma': 1.0}. Best is trial 1043 with value: 0.6266149442384139.
[I 2023-10-11 10:03:08,388] Trial 1163 finished with value: 0.6208867877804405 and parameters: {'w0': 0.20700000000000002, 'w1': 0.765, 'w2': 0.194, 'w3': 0.532, 'w4': 0.884, 'w5': 0.248, 'w6': 0.811, 'w7': 0.148, 'w8': 0.643, 'max_depth': 5, 'min_child_weight': 0, 'subsample': 0.8, 'colsample_bytree': 0.9000000000000001, 'gamma': 1.0}. Best is trial 1043 with value: 0.6266149442384139.
[I 2023-10-11 10:03:29,427] Trial 1166 finished with value: 0.6003627421981315 and parameters: {'w0': 0.719, 'w1': 0.767, 'w2': 0.187, 'w3': 0.54, 'w4': 0.883, 'w5': 0.213, 'w6': 0.778, 'w7': 0.147, 'w8': 0.643, 'max_depth': 5, 'min_child_weight': 0, 'subsample': 0.8, 'colsample_bytree': 0.9000000000000001, 'gamma': 2.4000000000000004}. Best is trial 1043 with value: 0.6266149442384139.
[I 2023-10-11 10:04:55,002] Trial 1162 finished with value: 0.6094192615234701 and parameters: {'w0': 0.837, 'w1': 0.768, 'w2': 0.195, 'w3': 0.543, 'w4': 0.889, 'w5': 0.215, 'w6': 0.807, 'w7': 0.15, 'w8': 0.643, 'max_depth': 5, 'min_child_weight': 0, 'subsample': 0.8, 'colsample_bytree': 0.9000000000000001, 'gamma': 1.0}. Best is trial 1043 with value: 0.6266149442384139.
[I 2023-10-11 10:05:36,862] Trial 1164 finished with value: 0.6233523572220622 and parameters: {'w0': 0.21, 'w1': 0.763, 'w2': 0.19, 'w3': 0.542, 'w4': 0.89, 'w5': 0.216, 'w6': 0.778, 'w7': 0.153, 'w8': 0.642, 'max_depth': 5, 'min_child_weight': 0, 'subsample': 0.8, 'colsample_bytree': 0.9000000000000001, 'gamma': 1.0}. Best is trial 1043 with value: 0.6266149442384139.
[I 2023-10-11 10:05:40,865] Trial 1167 finished with value: 0.6159217875410752 and parameters: {'w0': 0.23900000000000002, 'w1': 0.762, 'w2': 0.196, 'w3': 0.64, 'w4': 0.883, 'w5': 0.258, 'w6': 0.812, 'w7': 0.149, 'w8': 0.642, 'max_depth': 5, 'min_child_weight': 4, 'subsample': 0.9000000000000001, 'colsample_bytree': 0.9000000000000001, 'gamma': 1.0}. Best is trial 1043 with value: 0.6266149442384139.
[I 2023-10-11 10:06:05,062] Trial 1168 finished with value: 0.6189985623407133 and parameters: {'w0': 0.20500000000000002, 'w1': 0.835, 'w2': 0.194, 'w3': 0.64, 'w4': 0.881, 'w5': 0.261, 'w6': 0.775, 'w7': 0.14500000000000002, 'w8': 0.635, 'max_depth': 4, 'min_child_weight': 0, 'subsample': 0.9000000000000001, 'colsample_bytree': 0.9000000000000001, 'gamma': 1.0}. Best is trial 1043 with value: 0.6266149442384139.
[I 2023-10-11 10:07:04,661] Trial 1169 finished with value: 0.6162249555429469 and parameters: {'w0': 0.211, 'w1': 0.8300000000000001, 'w2': 0.214, 'w3': 0.641, 'w4': 0.881, 'w5': 0.256, 'w6': 0.811, 'w7': 0.148, 'w8': 0.627, 'max_depth': 5, 'min_child_weight': 4, 'subsample': 0.9000000000000001, 'colsample_bytree': 0.9000000000000001, 'gamma': 1.0}. Best is trial 1043 with value: 0.6266149442384139.
[I 2023-10-11 10:07:11,602] Trial 1165 finished with value: 0.6239458508776347 and parameters: {'w0': 0.211, 'w1': 0.764, 'w2': 0.195, 'w3': 0.54, 'w4': 0.883, 'w5': 0.255, 'w6': 0.79, 'w7': 0.148, 'w8': 0.641, 'max_depth': 5, 'min_child_weight': 0, 'subsample': 0.8, 'colsample_bytree': 0.9000000000000001, 'gamma': 1.0}. Best is trial 1043 with value: 0.6266149442384139.
[I 2023-10-11 10:07:25,038] Trial 1170 finished with value: 0.6155182233707647 and parameters: {'w0': 0.211, 'w1': 0.8250000000000001, 'w2': 0.211, 'w3': 0.641, 'w4': 0.89, 'w5': 0.332, 'w6': 0.778, 'w7': 0.15, 'w8': 0.627, 'max_depth': 4, 'min_child_weight': 4, 'subsample': 0.9000000000000001, 'colsample_bytree': 0.9000000000000001, 'gamma': 1.0}. Best is trial 1043 with value: 0.6266149442384139.
[I 2023-10-11 10:09:28,522] Trial 1171 finished with value: 0.6032776278376369 and parameters: {'w0': 0.73, 'w1': 0.8160000000000001, 'w2': 0.20900000000000002, 'w3': 0.638, 'w4': 0.89, 'w5': 0.252, 'w6': 0.786, 'w7': 0.151, 'w8': 0.624, 'max_depth': 4, 'min_child_weight': 4, 'subsample': 0.9000000000000001, 'colsample_bytree': 0.9000000000000001, 'gamma': 1.0}. Best is trial 1043 with value: 0.6266149442384139.
[I 2023-10-11 10:14:37,493] Trial 1174 finished with value: 0.5631487766866987 and parameters: {'w0': 0.214, 'w1': 0.8220000000000001, 'w2': 0.214, 'w3': 0.642, 'w4': 0.91, 'w5': 0.246, 'w6': 0.807, 'w7': 0.003, 'w8': 0.621, 'max_depth': 5, 'min_child_weight': 4, 'subsample': 0.9000000000000001, 'colsample_bytree': 0.9000000000000001, 'gamma': 0.8}. Best is trial 1043 with value: 0.6266149442384139.
[I 2023-10-11 10:14:53,982] Trial 1172 finished with value: 0.5953176621302397 and parameters: {'w0': 0.867, 'w1': 0.8240000000000001, 'w2': 0.218, 'w3': 0.645, 'w4': 0.914, 'w5': 0.253, 'w6': 0.848, 'w7': 0.149, 'w8': 0.624, 'max_depth': 4, 'min_child_weight': 4, 'subsample': 0.9000000000000001, 'colsample_bytree': 0.9000000000000001, 'gamma': 0.8}. Best is trial 1043 with value: 0.6266149442384139.
[I 2023-10-11 10:15:52,730] Trial 1175 finished with value: 0.5863514685339577 and parameters: {'w0': 0.20800000000000002, 'w1': 0.76, 'w2': 0.222, 'w3': 0.643, 'w4': 0.865, 'w5': 0.231, 'w6': 0.811, 'w7': 0.036000000000000004, 'w8': 0.623, 'max_depth': 4, 'min_child_weight': 0, 'subsample': 0.8, 'colsample_bytree': 0.9000000000000001, 'gamma': 0.8}. Best is trial 1043 with value: 0.6266149442384139.
[I 2023-10-11 10:16:23,751] Trial 1173 finished with value: 0.6027053768506404 and parameters: {'w0': 0.851, 'w1': 0.8280000000000001, 'w2': 0.218, 'w3': 0.641, 'w4': 0.913, 'w5': 0.338, 'w6': 0.8140000000000001, 'w7': 0.148, 'w8': 0.623, 'max_depth': 5, 'min_child_weight': 4, 'subsample': 0.9000000000000001, 'colsample_bytree': 0.9000000000000001, 'gamma': 0.8}. Best is trial 1043 with value: 0.6266149442384139.
[I 2023-10-11 10:20:38,151] Trial 1176 finished with value: 0.6174257028766074 and parameters: {'w0': 0.20500000000000002, 'w1': 0.754, 'w2': 0.214, 'w3': 0.643, 'w4': 0.861, 'w5': 0.245, 'w6': 0.8180000000000001, 'w7': 0.149, 'w8': 0.625, 'max_depth': 5, 'min_child_weight': 0, 'subsample': 0.7, 'colsample_bytree': 0.9000000000000001, 'gamma': 0.8}. Best is trial 1043 with value: 0.6266149442384139.
[I 2023-10-11 10:20:52,251] Trial 1180 finished with value: 0.6091896739100416 and parameters: {'w0': 0.20400000000000001, 'w1': 0.751, 'w2': 0.215, 'w3': 0.64, 'w4': 0.863, 'w5': 0.249, 'w6': 0.847, 'w7': 0.126, 'w8': 0.622, 'max_depth': 4, 'min_child_weight': 4, 'subsample': 0.9000000000000001, 'colsample_bytree': 0.9000000000000001, 'gamma': 0.8}. Best is trial 1043 with value: 0.6266149442384139.
[I 2023-10-11 10:21:23,030] Trial 1182 finished with value: 0.582686514071129 and parameters: {'w0': 0.244, 'w1': 0.264, 'w2': 0.215, 'w3': 0.66, 'w4': 0.86, 'w5': 0.231, 'w6': 0.837, 'w7': 0.045, 'w8': 0.632, 'max_depth': 5, 'min_child_weight': 4, 'subsample': 0.9000000000000001, 'colsample_bytree': 0.9000000000000001, 'gamma': 0.8}. Best is trial 1043 with value: 0.6266149442384139.
[I 2023-10-11 10:21:27,746] Trial 1181 finished with value: 0.5978135799102804 and parameters: {'w0': 0.167, 'w1': 0.8, 'w2': 0.218, 'w3': 0.643, 'w4': 0.855, 'w5': 0.247, 'w6': 0.8230000000000001, 'w7': 0.082, 'w8': 0.62, 'max_depth': 4, 'min_child_weight': 4, 'subsample': 0.9000000000000001, 'colsample_bytree': 0.9000000000000001, 'gamma': 0.8}. Best is trial 1043 with value: 0.6266149442384139.
[I 2023-10-11 10:21:33,813] Trial 1177 finished with value: 0.6145153135421276 and parameters: {'w0': 0.24000000000000002, 'w1': 0.751, 'w2': 0.219, 'w3': 0.642, 'w4': 0.867, 'w5': 0.215, 'w6': 0.8180000000000001, 'w7': 0.124, 'w8': 0.615, 'max_depth': 5, 'min_child_weight': 0, 'subsample': 0.7, 'colsample_bytree': 0.9000000000000001, 'gamma': 0.8}. Best is trial 1043 with value: 0.6266149442384139.
[I 2023-10-11 10:21:36,416] Trial 1179 finished with value: 0.6134638702321189 and parameters: {'w0': 0.24000000000000002, 'w1': 0.803, 'w2': 0.218, 'w3': 0.641, 'w4': 0.861, 'w5': 0.234, 'w6': 0.848, 'w7': 0.124, 'w8': 0.614, 'max_depth': 4, 'min_child_weight': 4, 'subsample': 0.7, 'colsample_bytree': 0.9000000000000001, 'gamma': 0.8}. Best is trial 1043 with value: 0.6266149442384139.
[I 2023-10-11 10:21:49,787] Trial 1178 finished with value: 0.6051773939847935 and parameters: {'w0': 0.24000000000000002, 'w1': 0.754, 'w2': 0.217, 'w3': 0.635, 'w4': 0.863, 'w5': 0.23700000000000002, 'w6': 0.812, 'w7': 0.085, 'w8': 0.62, 'max_depth': 5, 'min_child_weight': 4, 'subsample': 0.8, 'colsample_bytree': 0.9000000000000001, 'gamma': 0.8}. Best is trial 1043 with value: 0.6266149442384139.
[I 2023-10-11 10:22:48,137] Trial 1186 finished with value: 0.5643374749889671 and parameters: {'w0': 0.23600000000000002, 'w1': 0.755, 'w2': 0.20900000000000002, 'w3': 0.65, 'w4': 0.106, 'w5': 0.23500000000000001, 'w6': 0.8160000000000001, 'w7': 0.042, 'w8': 0.619, 'max_depth': 5, 'min_child_weight': 4, 'subsample': 0.9000000000000001, 'colsample_bytree': 0.9000000000000001, 'gamma': 0.8}. Best is trial 1043 with value: 0.6266149442384139.
[I 2023-10-11 10:24:36,575] Trial 1184 finished with value: 0.6168012179316342 and parameters: {'w0': 0.23900000000000002, 'w1': 0.803, 'w2': 0.16, 'w3': 0.654, 'w4': 0.857, 'w5': 0.23700000000000002, 'w6': 0.835, 'w7': 0.124, 'w8': 0.612, 'max_depth': 4, 'min_child_weight': 4, 'subsample': 0.7, 'colsample_bytree': 0.9000000000000001, 'gamma': 0.8}. Best is trial 1043 with value: 0.6266149442384139.
[I 2023-10-11 10:26:39,428] Trial 1183 finished with value: 0.6151504270384035 and parameters: {'w0': 0.242, 'w1': 0.804, 'w2': 0.20900000000000002, 'w3': 0.657, 'w4': 0.861, 'w5': 0.242, 'w6': 0.842, 'w7': 0.128, 'w8': 0.62, 'max_depth': 5, 'min_child_weight': 4, 'subsample': 0.7, 'colsample_bytree': 0.9000000000000001, 'gamma': 0.8}. Best is trial 1043 with value: 0.6266149442384139.
[I 2023-10-11 10:27:21,711] Trial 1185 finished with value: 0.6169897239703334 and parameters: {'w0': 0.23800000000000002, 'w1': 0.751, 'w2': 0.211, 'w3': 0.65, 'w4': 0.863, 'w5': 0.309, 'w6': 0.84, 'w7': 0.124, 'w8': 0.623, 'max_depth': 5, 'min_child_weight': 4, 'subsample': 0.7, 'colsample_bytree': 0.9000000000000001, 'gamma': 0.8}. Best is trial 1043 with value: 0.6266149442384139.
[I 2023-10-11 10:29:26,549] Trial 1187 finished with value: 0.6119984334154402 and parameters: {'w0': 0.23900000000000002, 'w1': 0.751, 'w2': 0.221, 'w3': 0.658, 'w4': 0.912, 'w5': 0.24000000000000002, 'w6': 0.851, 'w7': 0.11900000000000001, 'w8': 0.621, 'max_depth': 5, 'min_child_weight': 4, 'subsample': 0.7, 'colsample_bytree': 0.9000000000000001, 'gamma': 0.8}. Best is trial 1043 with value: 0.6266149442384139.
[I 2023-10-11 10:31:25,577] Trial 1198 finished with value: 0.5906339913885262 and parameters: {'w0': 0.224, 'w1': 0.755, 'w2': 0.161, 'w3': 0.5720000000000001, 'w4': 0.913, 'w5': 0.312, 'w6': 0.852, 'w7': 0.17200000000000001, 'w8': 0.41500000000000004, 'max_depth': 5, 'min_child_weight': 2, 'subsample': 0.9000000000000001, 'colsample_bytree': 0.9000000000000001, 'gamma': 5.0}. Best is trial 1043 with value: 0.6266149442384139.
[I 2023-10-11 10:33:55,013] Trial 1188 finished with value: 0.6138604808441019 and parameters: {'w0': 0.24000000000000002, 'w1': 0.797, 'w2': 0.161, 'w3': 0.664, 'w4': 0.196, 'w5': 0.23700000000000002, 'w6': 0.8140000000000001, 'w7': 0.129, 'w8': 0.617, 'max_depth': 5, 'min_child_weight': 4, 'subsample': 0.7, 'colsample_bytree': 0.9000000000000001, 'gamma': 0.8}. Best is trial 1043 with value: 0.6266149442384139.
[I 2023-10-11 10:34:20,298] Trial 1190 finished with value: 0.5748092121960393 and parameters: {'w0': 0.244, 'w1': 0.751, 'w2': 0.167, 'w3': 0.669, 'w4': 0.863, 'w5': 0.311, 'w6': 0.841, 'w7': 0.801, 'w8': 0.522, 'max_depth': 5, 'min_child_weight': 4, 'subsample': 0.9000000000000001, 'colsample_bytree': 0.9000000000000001, 'gamma': 0.8}. Best is trial 1043 with value: 0.6266149442384139.
[I 2023-10-11 10:34:23,391] Trial 1189 finished with value: 0.6225270117640038 and parameters: {'w0': 0.23600000000000002, 'w1': 0.755, 'w2': 0.163, 'w3': 0.5770000000000001, 'w4': 0.859, 'w5': 0.233, 'w6': 0.8210000000000001, 'w7': 0.126, 'w8': 0.523, 'max_depth': 5, 'min_child_weight': 4, 'subsample': 0.7, 'colsample_bytree': 0.9000000000000001, 'gamma': 0.8}. Best is trial 1043 with value: 0.6266149442384139.
[I 2023-10-11 10:35:42,540] Trial 1191 finished with value: 0.6216904060490699 and parameters: {'w0': 0.245, 'w1': 0.786, 'w2': 0.162, 'w3': 0.658, 'w4': 0.86, 'w5': 0.306, 'w6': 0.841, 'w7': 0.11900000000000001, 'w8': 0.528, 'max_depth': 5, 'min_child_weight': 4, 'subsample': 0.7, 'colsample_bytree': 0.9000000000000001, 'gamma': 0.8}. Best is trial 1043 with value: 0.6266149442384139.
[I 2023-10-11 10:36:28,031] Trial 1192 finished with value: 0.6166940646802135 and parameters: {'w0': 0.247, 'w1': 0.79, 'w2': 0.158, 'w3': 0.668, 'w4': 0.863, 'w5': 0.309, 'w6': 0.84, 'w7': 0.112, 'w8': 0.522, 'max_depth': 5, 'min_child_weight': 4, 'subsample': 0.9000000000000001, 'colsample_bytree': 0.9000000000000001, 'gamma': 0.8}. Best is trial 1043 with value: 0.6266149442384139.
[I 2023-10-11 10:36:31,453] Trial 1194 finished with value: 0.6022167674405401 and parameters: {'w0': 0.23900000000000002, 'w1': 0.785, 'w2': 0.157, 'w3': 0.668, 'w4': 0.904, 'w5': 0.311, 'w6': 0.8310000000000001, 'w7': 0.093, 'w8': 0.23500000000000001, 'max_depth': 5, 'min_child_weight': 2, 'subsample': 0.9000000000000001, 'colsample_bytree': 0.9000000000000001, 'gamma': 0.8}. Best is trial 1043 with value: 0.6266149442384139.
[I 2023-10-11 10:37:03,033] Trial 1196 finished with value: 0.612235629991035 and parameters: {'w0': 0.23600000000000002, 'w1': 0.784, 'w2': 0.167, 'w3': 0.581, 'w4': 0.91, 'w5': 0.304, 'w6': 0.845, 'w7': 0.10500000000000001, 'w8': 0.52, 'max_depth': 5, 'min_child_weight': 2, 'subsample': 0.9000000000000001, 'colsample_bytree': 0.9000000000000001, 'gamma': 0.8}. Best is trial 1043 with value: 0.6266149442384139.
[I 2023-10-11 10:37:05,593] Trial 1195 finished with value: 0.619761720222049 and parameters: {'w0': 0.223, 'w1': 0.786, 'w2': 0.164, 'w3': 0.67, 'w4': 0.909, 'w5': 0.31, 'w6': 0.844, 'w7': 0.124, 'w8': 0.522, 'max_depth': 5, 'min_child_weight': 2, 'subsample': 0.9000000000000001, 'colsample_bytree': 0.9000000000000001, 'gamma': 0.8}. Best is trial 1043 with value: 0.6266149442384139.
[I 2023-10-11 10:37:58,229] Trial 1197 finished with value: 0.6129314801365441 and parameters: {'w0': 0.241, 'w1': 0.78, 'w2': 0.165, 'w3': 0.58, 'w4': 0.909, 'w5': 0.304, 'w6': 0.789, 'w7': 0.229, 'w8': 0.614, 'max_depth': 5, 'min_child_weight': 2, 'subsample': 0.9000000000000001, 'colsample_bytree': 0.9000000000000001, 'gamma': 0.8}. Best is trial 1043 with value: 0.6266149442384139.
[I 2023-10-11 10:38:40,684] Trial 1203 finished with value: 0.5596551059852017 and parameters: {'w0': 0.196, 'w1': 0.786, 'w2': 0.167, 'w3': 0.589, 'w4': 0.905, 'w5': 0.307, 'w6': 0.773, 'w7': 0.228, 'w8': 0.524, 'max_depth': 5, 'min_child_weight': 2, 'subsample': 0.9000000000000001, 'colsample_bytree': 0.9000000000000001, 'gamma': 7.800000000000001}. Best is trial 1043 with value: 0.6266149442384139.
[I 2023-10-11 10:39:00,964] Trial 1199 finished with value: 0.6112635758802594 and parameters: {'w0': 0.22, 'w1': 0.785, 'w2': 0.162, 'w3': 0.5770000000000001, 'w4': 0.906, 'w5': 0.309, 'w6': 0.772, 'w7': 0.228, 'w8': 0.652, 'max_depth': 5, 'min_child_weight': 2, 'subsample': 0.9000000000000001, 'colsample_bytree': 0.9000000000000001, 'gamma': 0.8}. Best is trial 1043 with value: 0.6266149442384139.
[I 2023-10-11 10:39:24,638] Trial 1193 finished with value: 0.6054854855650158 and parameters: {'w0': 0.241, 'w1': 0.782, 'w2': 0.16, 'w3': 0.665, 'w4': 0.863, 'w5': 0.305, 'w6': 0.845, 'w7': 0.075, 'w8': 0.528, 'max_depth': 5, 'min_child_weight': 2, 'subsample': 0.7, 'colsample_bytree': 0.9000000000000001, 'gamma': 0.8}. Best is trial 1043 with value: 0.6266149442384139.
[I 2023-10-11 10:40:55,241] Trial 1200 finished with value: 0.614204957755126 and parameters: {'w0': 0.167, 'w1': 0.779, 'w2': 0.164, 'w3': 0.674, 'w4': 0.598, 'w5': 0.31, 'w6': 0.785, 'w7': 0.201, 'w8': 0.597, 'max_depth': 5, 'min_child_weight': 2, 'subsample': 0.9000000000000001, 'colsample_bytree': 0.9000000000000001, 'gamma': 0.8}. Best is trial 1043 with value: 0.6266149442384139.
[I 2023-10-11 10:42:38,109] Trial 1202 finished with value: 0.6078624329881948 and parameters: {'w0': 0.195, 'w1': 0.786, 'w2': 0.164, 'w3': 0.58, 'w4': 0.912, 'w5': 0.308, 'w6': 0.707, 'w7': 0.226, 'w8': 0.647, 'max_depth': 5, 'min_child_weight': 2, 'subsample': 0.9000000000000001, 'colsample_bytree': 0.9000000000000001, 'gamma': 1.0}. Best is trial 1043 with value: 0.6266149442384139.
[I 2023-10-11 10:43:05,518] Trial 1201 finished with value: 0.6234111293465452 and parameters: {'w0': 0.222, 'w1': 0.791, 'w2': 0.166, 'w3': 0.5760000000000001, 'w4': 0.91, 'w5': 0.309, 'w6': 0.787, 'w7': 0.17400000000000002, 'w8': 0.518, 'max_depth': 5, 'min_child_weight': 2, 'subsample': 0.9000000000000001, 'colsample_bytree': 0.9000000000000001, 'gamma': 0.8}. Best is trial 1043 with value: 0.6266149442384139.
[I 2023-10-11 10:45:59,720] Trial 1208 finished with value: 0.5754229517500675 and parameters: {'w0': 0.17300000000000001, 'w1': 0.782, 'w2': 0.183, 'w3': 0.5750000000000001, 'w4': 0.9, 'w5': 0.28900000000000003, 'w6': 0.716, 'w7': 0.20400000000000001, 'w8': 0.649, 'max_depth': 5, 'min_child_weight': 2, 'subsample': 0.9000000000000001, 'colsample_bytree': 0.9000000000000001, 'gamma': 7.800000000000001}. Best is trial 1043 with value: 0.6266149442384139.
[I 2023-10-11 10:47:04,482] Trial 1204 finished with value: 0.6129604044520549 and parameters: {'w0': 0.166, 'w1': 0.792, 'w2': 0.167, 'w3': 0.579, 'w4': 0.9, 'w5': 0.299, 'w6': 0.791, 'w7': 0.2, 'w8': 0.515, 'max_depth': 5, 'min_child_weight': 2, 'subsample': 0.9000000000000001, 'colsample_bytree': 0.9000000000000001, 'gamma': 1.0}. Best is trial 1043 with value: 0.6266149442384139.
