[I 2023-10-11 00:10:13,991] Trial 605 finished with value: 0.619039636561743 and parameters: {'w0': 0.343, 'w1': 0.597, 'w2': 0.456, 'w3': 0.935, 'w4': 0.856, 'w5': 0.42, 'w6': 0.9490000000000001, 'w7': 0.396, 'w8': 0.7020000000000001, 'max_depth': 6, 'min_child_weight': 10, 'subsample': 1.0, 'colsample_bytree': 0.9000000000000001, 'gamma': 0.0}. Best is trial 523 with value: 0.6234345839763995.
[I 2023-10-11 00:13:55,529] Trial 606 finished with value: 0.5949179155581734 and parameters: {'w0': 0.291, 'w1': 0.643, 'w2': 0.456, 'w3': 1.0, 'w4': 0.855, 'w5': 0.419, 'w6': 0.961, 'w7': 0.75, 'w8': 0.7020000000000001, 'max_depth': 6, 'min_child_weight': 10, 'subsample': 1.0, 'colsample_bytree': 0.9000000000000001, 'gamma': 0.0}. Best is trial 523 with value: 0.6234345839763995.
[I 2023-10-11 00:15:40,199] Trial 607 finished with value: 0.6166309636127638 and parameters: {'w0': 0.34, 'w1': 0.604, 'w2': 0.463, 'w3': 0.9440000000000001, 'w4': 0.861, 'w5': 0.418, 'w6': 0.9580000000000001, 'w7': 0.398, 'w8': 0.749, 'max_depth': 6, 'min_child_weight': 10, 'subsample': 1.0, 'colsample_bytree': 0.9000000000000001, 'gamma': 0.0}. Best is trial 523 with value: 0.6234345839763995.
[I 2023-10-11 00:16:14,354] Trial 609 finished with value: 0.6144083390013244 and parameters: {'w0': 0.34400000000000003, 'w1': 0.58, 'w2': 0.461, 'w3': 1.0, 'w4': 0.844, 'w5': 0.41600000000000004, 'w6': 0.9600000000000001, 'w7': 0.34800000000000003, 'w8': 0.747, 'max_depth': 6, 'min_child_weight': 10, 'subsample': 1.0, 'colsample_bytree': 0.9000000000000001, 'gamma': 0.0}. Best is trial 523 with value: 0.6234345839763995.
[I 2023-10-11 00:18:09,080] Trial 610 finished with value: 0.6148369191432238 and parameters: {'w0': 0.28900000000000003, 'w1': 0.606, 'w2': 0.47000000000000003, 'w3': 0.9450000000000001, 'w4': 0.859, 'w5': 0.424, 'w6': 0.9540000000000001, 'w7': 0.34800000000000003, 'w8': 0.746, 'max_depth': 6, 'min_child_weight': 10, 'subsample': 1.0, 'colsample_bytree': 0.9000000000000001, 'gamma': 0.2}. Best is trial 523 with value: 0.6234345839763995.
[I 2023-10-11 00:18:45,865] Trial 611 finished with value: 0.6132938048671257 and parameters: {'w0': 0.34, 'w1': 0.595, 'w2': 0.47300000000000003, 'w3': 0.994, 'w4': 0.859, 'w5': 0.41600000000000004, 'w6': 0.962, 'w7': 0.34800000000000003, 'w8': 0.746, 'max_depth': 6, 'min_child_weight': 10, 'subsample': 1.0, 'colsample_bytree': 0.9000000000000001, 'gamma': 0.2}. Best is trial 523 with value: 0.6234345839763995.
[I 2023-10-11 00:19:00,216] Trial 612 finished with value: 0.6136066021857234 and parameters: {'w0': 0.35000000000000003, 'w1': 0.5730000000000001, 'w2': 0.46, 'w3': 1.0, 'w4': 0.867, 'w5': 0.41500000000000004, 'w6': 0.961, 'w7': 0.34700000000000003, 'w8': 0.747, 'max_depth': 6, 'min_child_weight': 10, 'subsample': 1.0, 'colsample_bytree': 0.9000000000000001, 'gamma': 0.2}. Best is trial 523 with value: 0.6234345839763995.
[I 2023-10-11 00:19:16,852] Trial 613 finished with value: 0.6143607799767375 and parameters: {'w0': 0.338, 'w1': 0.634, 'w2': 0.47600000000000003, 'w3': 0.995, 'w4': 0.865, 'w5': 0.41600000000000004, 'w6': 0.963, 'w7': 0.327, 'w8': 0.743, 'max_depth': 6, 'min_child_weight': 10, 'subsample': 1.0, 'colsample_bytree': 0.9000000000000001, 'gamma': 0.2}. Best is trial 523 with value: 0.6234345839763995.
[I 2023-10-11 00:22:13,927] Trial 615 finished with value: 0.6168102572808262 and parameters: {'w0': 0.355, 'w1': 0.629, 'w2': 0.47800000000000004, 'w3': 0.9380000000000001, 'w4': 0.86, 'w5': 0.423, 'w6': 0.9590000000000001, 'w7': 0.397, 'w8': 0.741, 'max_depth': 6, 'min_child_weight': 10, 'subsample': 1.0, 'colsample_bytree': 0.9000000000000001, 'gamma': 0.2}. Best is trial 523 with value: 0.6234345839763995.
[I 2023-10-11 00:22:41,132] Trial 616 finished with value: 0.6147974572061577 and parameters: {'w0': 0.341, 'w1': 0.621, 'w2': 0.457, 'w3': 0.99, 'w4': 0.864, 'w5': 0.425, 'w6': 0.9580000000000001, 'w7': 0.324, 'w8': 0.743, 'max_depth': 6, 'min_child_weight': 10, 'subsample': 1.0, 'colsample_bytree': 0.9000000000000001, 'gamma': 0.2}. Best is trial 523 with value: 0.6234345839763995.
[I 2023-10-11 00:23:21,995] Trial 617 finished with value: 0.615204213068534 and parameters: {'w0': 0.35200000000000004, 'w1': 0.637, 'w2': 0.487, 'w3': 1.0, 'w4': 0.871, 'w5': 0.426, 'w6': 0.964, 'w7': 0.324, 'w8': 0.785, 'max_depth': 6, 'min_child_weight': 10, 'subsample': 1.0, 'colsample_bytree': 0.9000000000000001, 'gamma': 0.2}. Best is trial 523 with value: 0.6234345839763995.
[I 2023-10-11 00:25:17,924] Trial 618 finished with value: 0.5988470386213506 and parameters: {'w0': 0.342, 'w1': 0.558, 'w2': 0.483, 'w3': 0.99, 'w4': 0.857, 'w5': 0.423, 'w6': 0.968, 'w7': 0.756, 'w8': 0.784, 'max_depth': 6, 'min_child_weight': 10, 'subsample': 1.0, 'colsample_bytree': 0.9000000000000001, 'gamma': 0.2}. Best is trial 523 with value: 0.6234345839763995.
[I 2023-10-11 00:25:18,473] Trial 619 finished with value: 0.6108070744751102 and parameters: {'w0': 0.35000000000000003, 'w1': 0.5760000000000001, 'w2': 0.483, 'w3': 1.0, 'w4': 0.86, 'w5': 0.418, 'w6': 0.965, 'w7': 0.322, 'w8': 0.783, 'max_depth': 6, 'min_child_weight': 10, 'subsample': 1.0, 'colsample_bytree': 0.9000000000000001, 'gamma': 0.2}. Best is trial 523 with value: 0.6234345839763995.
[I 2023-10-11 00:29:36,488] Trial 620 finished with value: 0.616136753042589 and parameters: {'w0': 0.356, 'w1': 0.5680000000000001, 'w2': 0.47900000000000004, 'w3': 0.986, 'w4': 0.839, 'w5': 0.396, 'w6': 0.963, 'w7': 0.321, 'w8': 0.781, 'max_depth': 6, 'min_child_weight': 10, 'subsample': 1.0, 'colsample_bytree': 0.9000000000000001, 'gamma': 0.2}. Best is trial 523 with value: 0.6234345839763995.
[I 2023-10-11 00:29:47,789] Trial 621 finished with value: 0.6147923185647391 and parameters: {'w0': 0.35000000000000003, 'w1': 0.5730000000000001, 'w2': 0.481, 'w3': 0.996, 'w4': 0.881, 'w5': 0.426, 'w6': 0.9590000000000001, 'w7': 0.326, 'w8': 0.753, 'max_depth': 6, 'min_child_weight': 10, 'subsample': 1.0, 'colsample_bytree': 0.9000000000000001, 'gamma': 0.2}. Best is trial 523 with value: 0.6234345839763995.
[I 2023-10-11 00:31:06,147] Trial 622 finished with value: 0.6111786327333215 and parameters: {'w0': 0.35100000000000003, 'w1': 0.636, 'w2': 0.48000000000000004, 'w3': 0.995, 'w4': 0.881, 'w5': 0.374, 'w6': 0.9580000000000001, 'w7': 0.321, 'w8': 0.783, 'max_depth': 6, 'min_child_weight': 10, 'subsample': 1.0, 'colsample_bytree': 0.9000000000000001, 'gamma': 0.2}. Best is trial 523 with value: 0.6234345839763995.
[I 2023-10-11 00:31:59,356] Trial 623 finished with value: 0.6102006849904594 and parameters: {'w0': 0.355, 'w1': 0.5670000000000001, 'w2': 0.482, 'w3': 0.997, 'w4': 0.8320000000000001, 'w5': 0.428, 'w6': 0.9520000000000001, 'w7': 0.319, 'w8': 0.736, 'max_depth': 6, 'min_child_weight': 10, 'subsample': 1.0, 'colsample_bytree': 0.9000000000000001, 'gamma': 0.2}. Best is trial 523 with value: 0.6234345839763995.
[I 2023-10-11 00:34:49,416] Trial 624 finished with value: 0.6063383964214182 and parameters: {'w0': 0.353, 'w1': 0.5630000000000001, 'w2': 0.47200000000000003, 'w3': 0.907, 'w4': 0.889, 'w5': 0.391, 'w6': 0.268, 'w7': 0.399, 'w8': 0.783, 'max_depth': 6, 'min_child_weight': 10, 'subsample': 1.0, 'colsample_bytree': 0.9000000000000001, 'gamma': 0.2}. Best is trial 523 with value: 0.6234345839763995.
[I 2023-10-11 00:36:53,852] Trial 625 finished with value: 0.618131877484349 and parameters: {'w0': 0.356, 'w1': 0.636, 'w2': 0.489, 'w3': 0.994, 'w4': 0.879, 'w5': 0.384, 'w6': 0.9400000000000001, 'w7': 0.326, 'w8': 0.782, 'max_depth': 6, 'min_child_weight': 10, 'subsample': 1.0, 'colsample_bytree': 0.9000000000000001, 'gamma': 0.2}. Best is trial 523 with value: 0.6234345839763995.
[I 2023-10-11 00:37:35,127] Trial 626 finished with value: 0.6016432997877508 and parameters: {'w0': 0.358, 'w1': 0.638, 'w2': 0.47200000000000003, 'w3': 0.981, 'w4': 0.884, 'w5': 0.386, 'w6': 0.937, 'w7': 0.657, 'w8': 0.789, 'max_depth': 6, 'min_child_weight': 10, 'subsample': 1.0, 'colsample_bytree': 0.8, 'gamma': 0.2}. Best is trial 523 with value: 0.6234345839763995.
[I 2023-10-11 00:39:23,024] Trial 627 finished with value: 0.6170266179078355 and parameters: {'w0': 0.333, 'w1': 0.5630000000000001, 'w2': 0.438, 'w3': 0.977, 'w4': 0.885, 'w5': 0.394, 'w6': 0.937, 'w7': 0.396, 'w8': 0.774, 'max_depth': 6, 'min_child_weight': 10, 'subsample': 1.0, 'colsample_bytree': 0.8, 'gamma': 0.2}. Best is trial 523 with value: 0.6234345839763995.
[I 2023-10-11 00:39:55,145] Trial 628 finished with value: 0.6138963887531039 and parameters: {'w0': 0.34600000000000003, 'w1': 0.559, 'w2': 0.481, 'w3': 0.98, 'w4': 0.886, 'w5': 0.387, 'w6': 0.933, 'w7': 0.324, 'w8': 0.78, 'max_depth': 6, 'min_child_weight': 8, 'subsample': 1.0, 'colsample_bytree': 0.9000000000000001, 'gamma': 0.2}. Best is trial 523 with value: 0.6234345839763995.
[I 2023-10-11 00:40:29,714] Trial 629 finished with value: 0.6147257884196389 and parameters: {'w0': 0.356, 'w1': 0.559, 'w2': 0.438, 'w3': 0.905, 'w4': 0.8310000000000001, 'w5': 0.391, 'w6': 0.931, 'w7': 0.323, 'w8': 0.776, 'max_depth': 6, 'min_child_weight': 10, 'subsample': 1.0, 'colsample_bytree': 0.9000000000000001, 'gamma': 0.2}. Best is trial 523 with value: 0.6234345839763995.
[I 2023-10-11 00:40:54,120] Trial 630 finished with value: 0.6159089668096028 and parameters: {'w0': 0.355, 'w1': 0.5660000000000001, 'w2': 0.442, 'w3': 0.914, 'w4': 0.835, 'w5': 0.386, 'w6': 0.937, 'w7': 0.401, 'w8': 0.78, 'max_depth': 6, 'min_child_weight': 8, 'subsample': 1.0, 'colsample_bytree': 0.9000000000000001, 'gamma': 0.2}. Best is trial 523 with value: 0.6234345839763995.
[I 2023-10-11 00:44:21,965] Trial 631 finished with value: 0.614728319416845 and parameters: {'w0': 0.356, 'w1': 0.561, 'w2': 0.435, 'w3': 0.906, 'w4': 0.883, 'w5': 0.398, 'w6': 0.932, 'w7': 0.32, 'w8': 0.784, 'max_depth': 6, 'min_child_weight': 10, 'subsample': 1.0, 'colsample_bytree': 0.9000000000000001, 'gamma': 0.2}. Best is trial 523 with value: 0.6234345839763995.
[I 2023-10-11 00:44:54,849] Trial 632 finished with value: 0.6169408663152672 and parameters: {'w0': 0.359, 'w1': 0.554, 'w2': 0.489, 'w3': 0.909, 'w4': 0.888, 'w5': 0.389, 'w6': 0.935, 'w7': 0.398, 'w8': 0.78, 'max_depth': 6, 'min_child_weight': 10, 'subsample': 1.0, 'colsample_bytree': 0.8, 'gamma': 0.2}. Best is trial 523 with value: 0.6234345839763995.
[I 2023-10-11 00:45:03,082] Trial 633 finished with value: 0.6168830122448252 and parameters: {'w0': 0.322, 'w1': 0.557, 'w2': 0.433, 'w3': 0.916, 'w4': 0.891, 'w5': 0.389, 'w6': 0.933, 'w7': 0.394, 'w8': 0.784, 'max_depth': 6, 'min_child_weight': 8, 'subsample': 1.0, 'colsample_bytree': 0.9000000000000001, 'gamma': 0.2}. Best is trial 523 with value: 0.6234345839763995.
[I 2023-10-11 00:46:56,412] Trial 635 finished with value: 0.6173014660665208 and parameters: {'w0': 0.292, 'w1': 0.58, 'w2': 0.439, 'w3': 0.906, 'w4': 0.895, 'w5': 0.39, 'w6': 0.936, 'w7': 0.393, 'w8': 0.7030000000000001, 'max_depth': 6, 'min_child_weight': 8, 'subsample': 1.0, 'colsample_bytree': 0.8, 'gamma': 0.2}. Best is trial 523 with value: 0.6234345839763995.
[I 2023-10-11 00:46:57,160] Trial 634 finished with value: 0.6166472628656678 and parameters: {'w0': 0.323, 'w1': 0.637, 'w2': 0.44, 'w3': 0.904, 'w4': 0.891, 'w5': 0.386, 'w6': 0.937, 'w7': 0.393, 'w8': 0.787, 'max_depth': 6, 'min_child_weight': 8, 'subsample': 1.0, 'colsample_bytree': 0.8, 'gamma': 0.2}. Best is trial 523 with value: 0.6234345839763995.
[I 2023-10-11 00:48:20,293] Trial 639 finished with value: 0.603215123285065 and parameters: {'w0': 0.29, 'w1': 0.242, 'w2': 0.441, 'w3': 0.911, 'w4': 0.894, 'w5': 0.388, 'w6': 0.929, 'w7': 0.388, 'w8': 0.7000000000000001, 'max_depth': 6, 'min_child_weight': 8, 'subsample': 1.0, 'colsample_bytree': 0.8, 'gamma': 0.4}. Best is trial 523 with value: 0.6234345839763995.
[I 2023-10-11 00:52:09,829] Trial 636 finished with value: 0.5879413742372104 and parameters: {'w0': 0.292, 'w1': 0.642, 'w2': 0.434, 'w3': 0.919, 'w4': 0.893, 'w5': 0.386, 'w6': 0.933, 'w7': 0.853, 'w8': 0.681, 'max_depth': 6, 'min_child_weight': 8, 'subsample': 1.0, 'colsample_bytree': 0.9000000000000001, 'gamma': 0.2}. Best is trial 523 with value: 0.6234345839763995.
[I 2023-10-11 00:53:09,255] Trial 637 finished with value: 0.6097530096749151 and parameters: {'w0': 0.321, 'w1': 0.638, 'w2': 0.439, 'w3': 0.905, 'w4': 0.892, 'w5': 0.389, 'w6': 0.9380000000000001, 'w7': 0.395, 'w8': 0.444, 'max_depth': 6, 'min_child_weight': 8, 'subsample': 1.0, 'colsample_bytree': 0.9000000000000001, 'gamma': 0.0}. Best is trial 523 with value: 0.6234345839763995.
[I 2023-10-11 00:54:10,543] Trial 638 finished with value: 0.6158920948566614 and parameters: {'w0': 0.291, 'w1': 0.664, 'w2': 0.432, 'w3': 0.904, 'w4': 0.894, 'w5': 0.385, 'w6': 0.927, 'w7': 0.397, 'w8': 0.68, 'max_depth': 6, 'min_child_weight': 8, 'subsample': 1.0, 'colsample_bytree': 0.9000000000000001, 'gamma': 0.0}. Best is trial 523 with value: 0.6234345839763995.
[I 2023-10-11 00:57:34,647] Trial 640 finished with value: 0.6181218640229166 and parameters: {'w0': 0.292, 'w1': 0.641, 'w2': 0.442, 'w3': 0.907, 'w4': 0.897, 'w5': 0.382, 'w6': 0.929, 'w7': 0.399, 'w8': 0.705, 'max_depth': 6, 'min_child_weight': 10, 'subsample': 1.0, 'colsample_bytree': 0.9000000000000001, 'gamma': 0.0}. Best is trial 523 with value: 0.6234345839763995.
[I 2023-10-11 00:59:23,663] Trial 641 finished with value: 0.6161422280561698 and parameters: {'w0': 0.291, 'w1': 0.655, 'w2': 0.428, 'w3': 0.917, 'w4': 0.896, 'w5': 0.376, 'w6': 0.931, 'w7': 0.394, 'w8': 0.684, 'max_depth': 6, 'min_child_weight': 8, 'subsample': 1.0, 'colsample_bytree': 0.8, 'gamma': 0.0}. Best is trial 523 with value: 0.6234345839763995.
[I 2023-10-11 01:00:10,350] Trial 642 finished with value: 0.6148827625302337 and parameters: {'w0': 0.292, 'w1': 0.668, 'w2': 0.438, 'w3': 0.91, 'w4': 0.8300000000000001, 'w5': 0.391, 'w6': 0.898, 'w7': 0.393, 'w8': 0.684, 'max_depth': 6, 'min_child_weight': 8, 'subsample': 1.0, 'colsample_bytree': 0.8, 'gamma': 0.0}. Best is trial 523 with value: 0.6234345839763995.
[I 2023-10-11 01:02:36,261] Trial 643 finished with value: 0.615444305435974 and parameters: {'w0': 0.296, 'w1': 0.662, 'w2': 0.438, 'w3': 0.906, 'w4': 0.8280000000000001, 'w5': 0.357, 'w6': 0.894, 'w7': 0.387, 'w8': 0.682, 'max_depth': 6, 'min_child_weight': 8, 'subsample': 1.0, 'colsample_bytree': 0.9000000000000001, 'gamma': 0.0}. Best is trial 523 with value: 0.6234345839763995.
[I 2023-10-11 01:02:42,826] Trial 644 finished with value: 0.614546881713607 and parameters: {'w0': 0.294, 'w1': 0.41200000000000003, 'w2': 0.434, 'w3': 0.903, 'w4': 0.8300000000000001, 'w5': 0.36, 'w6': 0.925, 'w7': 0.393, 'w8': 0.683, 'max_depth': 6, 'min_child_weight': 10, 'subsample': 1.0, 'colsample_bytree': 0.9000000000000001, 'gamma': 0.0}. Best is trial 523 with value: 0.6234345839763995.
[I 2023-10-11 01:03:28,559] Trial 645 finished with value: 0.6171527331347535 and parameters: {'w0': 0.28700000000000003, 'w1': 0.668, 'w2': 0.441, 'w3': 0.919, 'w4': 0.908, 'w5': 0.359, 'w6': 0.894, 'w7': 0.394, 'w8': 0.7030000000000001, 'max_depth': 6, 'min_child_weight': 8, 'subsample': 1.0, 'colsample_bytree': 0.9000000000000001, 'gamma': 0.0}. Best is trial 523 with value: 0.6234345839763995.
[I 2023-10-11 01:03:51,463] Trial 646 finished with value: 0.6188816198336813 and parameters: {'w0': 0.29, 'w1': 0.664, 'w2': 0.434, 'w3': 0.936, 'w4': 0.904, 'w5': 0.36, 'w6': 0.9, 'w7': 0.392, 'w8': 0.7030000000000001, 'max_depth': 6, 'min_child_weight': 10, 'subsample': 1.0, 'colsample_bytree': 0.9000000000000001, 'gamma': 0.0}. Best is trial 523 with value: 0.6234345839763995.
[I 2023-10-11 01:07:05,940] Trial 647 finished with value: 0.6130527051942123 and parameters: {'w0': 0.29, 'w1': 0.41500000000000004, 'w2': 0.429, 'w3': 0.937, 'w4': 0.434, 'w5': 0.363, 'w6': 0.897, 'w7': 0.387, 'w8': 0.684, 'max_depth': 6, 'min_child_weight': 8, 'subsample': 1.0, 'colsample_bytree': 0.9000000000000001, 'gamma': 0.0}. Best is trial 523 with value: 0.6234345839763995.
[I 2023-10-11 01:07:33,971] Trial 649 finished with value: 0.6155266126774183 and parameters: {'w0': 0.297, 'w1': 0.659, 'w2': 0.437, 'w3': 0.9420000000000001, 'w4': 0.915, 'w5': 0.449, 'w6': 0.899, 'w7': 0.364, 'w8': 0.68, 'max_depth': 6, 'min_child_weight': 8, 'subsample': 1.0, 'colsample_bytree': 0.9000000000000001, 'gamma': 0.0}. Best is trial 523 with value: 0.6234345839763995.
[I 2023-10-11 01:07:40,091] Trial 648 finished with value: 0.6200666956543909 and parameters: {'w0': 0.291, 'w1': 0.665, 'w2': 0.436, 'w3': 0.936, 'w4': 0.904, 'w5': 0.358, 'w6': 0.899, 'w7': 0.367, 'w8': 0.683, 'max_depth': 6, 'min_child_weight': 10, 'subsample': 1.0, 'colsample_bytree': 0.9000000000000001, 'gamma': 0.0}. Best is trial 523 with value: 0.6234345839763995.
[I 2023-10-11 01:09:29,586] Trial 651 finished with value: 0.5916046000552724 and parameters: {'w0': 0.291, 'w1': 0.665, 'w2': 0.435, 'w3': 0.934, 'w4': 0.909, 'w5': 0.34900000000000003, 'w6': 0.898, 'w7': 0.8310000000000001, 'w8': 0.705, 'max_depth': 6, 'min_child_weight': 12, 'subsample': 1.0, 'colsample_bytree': 0.9000000000000001, 'gamma': 0.0}. Best is trial 523 with value: 0.6234345839763995.
[I 2023-10-11 01:09:31,854] Trial 650 finished with value: 0.6161327387821233 and parameters: {'w0': 0.28900000000000003, 'w1': 0.665, 'w2': 0.441, 'w3': 0.9400000000000001, 'w4': 0.898, 'w5': 0.34800000000000003, 'w6': 0.897, 'w7': 0.365, 'w8': 0.681, 'max_depth': 6, 'min_child_weight': 10, 'subsample': 1.0, 'colsample_bytree': 0.9000000000000001, 'gamma': 0.0}. Best is trial 523 with value: 0.6234345839763995.
[I 2023-10-11 01:10:31,041] Trial 652 finished with value: 0.6196233392735968 and parameters: {'w0': 0.296, 'w1': 0.669, 'w2': 0.406, 'w3': 0.933, 'w4': 0.91, 'w5': 0.357, 'w6': 0.903, 'w7': 0.363, 'w8': 0.679, 'max_depth': 6, 'min_child_weight': 10, 'subsample': 1.0, 'colsample_bytree': 0.9000000000000001, 'gamma': 0.0}. Best is trial 523 with value: 0.6234345839763995.
[I 2023-10-11 01:14:10,954] Trial 653 finished with value: 0.6011383256549776 and parameters: {'w0': 0.319, 'w1': 0.668, 'w2': 0.917, 'w3': 0.9400000000000001, 'w4': 0.915, 'w5': 0.34600000000000003, 'w6': 0.894, 'w7': 0.362, 'w8': 0.705, 'max_depth': 6, 'min_child_weight': 10, 'subsample': 1.0, 'colsample_bytree': 0.9000000000000001, 'gamma': 0.0}. Best is trial 523 with value: 0.6234345839763995.
[I 2023-10-11 01:15:27,229] Trial 654 finished with value: 0.618500264554342 and parameters: {'w0': 0.297, 'w1': 0.612, 'w2': 0.40900000000000003, 'w3': 0.936, 'w4': 0.915, 'w5': 0.357, 'w6': 0.89, 'w7': 0.37, 'w8': 0.686, 'max_depth': 6, 'min_child_weight': 10, 'subsample': 1.0, 'colsample_bytree': 0.9000000000000001, 'gamma': 0.0}. Best is trial 523 with value: 0.6234345839763995.
[I 2023-10-11 01:15:35,796] Trial 655 finished with value: 0.611541977792294 and parameters: {'w0': 0.312, 'w1': 0.62, 'w2': 0.406, 'w3': 0.9600000000000001, 'w4': 0.41300000000000003, 'w5': 0.355, 'w6': 0.902, 'w7': 0.365, 'w8': 0.7030000000000001, 'max_depth': 6, 'min_child_weight': 10, 'subsample': 1.0, 'colsample_bytree': 0.9000000000000001, 'gamma': 0.0}. Best is trial 523 with value: 0.6234345839763995.
[I 2023-10-11 01:15:46,584] Trial 657 finished with value: 0.6129228895520749 and parameters: {'w0': 0.322, 'w1': 0.616, 'w2': 0.41400000000000003, 'w3': 0.9400000000000001, 'w4': 0.917, 'w5': 0.35200000000000004, 'w6': 0.9, 'w7': 0.365, 'w8': 0.7020000000000001, 'max_depth': 6, 'min_child_weight': 12, 'subsample': 1.0, 'colsample_bytree': 0.9000000000000001, 'gamma': 0.4}. Best is trial 523 with value: 0.6234345839763995.
[I 2023-10-11 01:16:09,922] Trial 658 finished with value: 0.608136130783483 and parameters: {'w0': 0.318, 'w1': 0.618, 'w2': 0.40900000000000003, 'w3': 0.9440000000000001, 'w4': 0.37, 'w5': 0.35100000000000003, 'w6': 0.899, 'w7': 0.363, 'w8': 0.705, 'max_depth': 6, 'min_child_weight': 10, 'subsample': 1.0, 'colsample_bytree': 0.9000000000000001, 'gamma': 0.4}. Best is trial 523 with value: 0.6234345839763995.
[I 2023-10-11 01:18:26,768] Trial 660 finished with value: 0.6064187651232124 and parameters: {'w0': 0.316, 'w1': 0.617, 'w2': 0.41000000000000003, 'w3': 0.9590000000000001, 'w4': 0.515, 'w5': 0.336, 'w6': 0.897, 'w7': 0.366, 'w8': 0.394, 'max_depth': 6, 'min_child_weight': 12, 'subsample': 1.0, 'colsample_bytree': 0.9000000000000001, 'gamma': 0.4}. Best is trial 523 with value: 0.6234345839763995.
[I 2023-10-11 01:19:02,095] Trial 661 finished with value: 0.5969362088190251 and parameters: {'w0': 0.318, 'w1': 0.59, 'w2': 0.405, 'w3': 0.9470000000000001, 'w4': 0.924, 'w5': 0.337, 'w6': 0.117, 'w7': 0.362, 'w8': 0.734, 'max_depth': 6, 'min_child_weight': 12, 'subsample': 1.0, 'colsample_bytree': 0.9000000000000001, 'gamma': 0.4}. Best is trial 523 with value: 0.6234345839763995.
[I 2023-10-11 01:19:08,239] Trial 659 finished with value: 0.6187925674388643 and parameters: {'w0': 0.32, 'w1': 0.615, 'w2': 0.41200000000000003, 'w3': 0.9420000000000001, 'w4': 0.923, 'w5': 0.356, 'w6': 0.895, 'w7': 0.359, 'w8': 0.734, 'max_depth': 6, 'min_child_weight': 12, 'subsample': 1.0, 'colsample_bytree': 0.9000000000000001, 'gamma': 0.4}. Best is trial 523 with value: 0.6234345839763995.
[I 2023-10-11 01:19:18,324] Trial 656 finished with value: 0.6043031134108403 and parameters: {'w0': 0.317, 'w1': 0.666, 'w2': 0.405, 'w3': 0.9400000000000001, 'w4': 0.912, 'w5': 0.361, 'w6': 0.123, 'w7': 0.362, 'w8': 0.71, 'max_depth': 6, 'min_child_weight': 12, 'subsample': 1.0, 'colsample_bytree': 0.9000000000000001, 'gamma': 0.0}. Best is trial 523 with value: 0.6234345839763995.
[I 2023-10-11 01:20:01,541] Trial 662 finished with value: 0.6151137825312291 and parameters: {'w0': 0.319, 'w1': 0.615, 'w2': 0.4, 'w3': 0.965, 'w4': 0.922, 'w5': 0.34400000000000003, 'w6': 0.897, 'w7': 0.364, 'w8': 0.706, 'max_depth': 6, 'min_child_weight': 10, 'subsample': 1.0, 'colsample_bytree': 0.9000000000000001, 'gamma': 0.4}. Best is trial 523 with value: 0.6234345839763995.
