[I 2023-10-13 11:42:18,250] Trial 226 finished with value: 0.4843174970059622 and parameters: {'w0': 0.435, 'w1': 0.059000000000000004, 'w2': 0.403, 'w3': 0.527, 'w4': 0.6980000000000001, 'w5': 0.098, 'w6': 0.988, 'w7': 0.41700000000000004, 'w8': 0.914, 'max_depth': 7, 'min_child_weight': 0, 'subsample': 0.7, 'colsample_bytree': 0.5, 'gamma': 2.6}. Best is trial 167 with value: 0.5034846211737725.
[I 2023-10-13 11:43:37,122] Trial 229 finished with value: 0.497302903163813 and parameters: {'w0': 0.435, 'w1': 0.9430000000000001, 'w2': 0.404, 'w3': 0.498, 'w4': 0.34500000000000003, 'w5': 0.08700000000000001, 'w6': 0.9470000000000001, 'w7': 0.418, 'w8': 0.993, 'max_depth': 6, 'min_child_weight': 2, 'subsample': 0.7, 'colsample_bytree': 0.5, 'gamma': 2.6}. Best is trial 167 with value: 0.5034846211737725.
[I 2023-10-13 11:46:50,028] Trial 231 finished with value: 0.49961146864784417 and parameters: {'w0': 0.47100000000000003, 'w1': 0.9410000000000001, 'w2': 0.456, 'w3': 0.5730000000000001, 'w4': 0.382, 'w5': 0.081, 'w6': 0.9510000000000001, 'w7': 0.418, 'w8': 0.934, 'max_depth': 6, 'min_child_weight': 2, 'subsample': 0.7, 'colsample_bytree': 0.5, 'gamma': 2.6}. Best is trial 167 with value: 0.5034846211737725.
[I 2023-10-13 11:46:50,096] Trial 230 finished with value: 0.4970615671449068 and parameters: {'w0': 0.594, 'w1': 0.9520000000000001, 'w2': 0.453, 'w3': 0.506, 'w4': 0.397, 'w5': 0.07200000000000001, 'w6': 0.9530000000000001, 'w7': 0.40900000000000003, 'w8': 0.917, 'max_depth': 6, 'min_child_weight': 2, 'subsample': 0.7, 'colsample_bytree': 0.5, 'gamma': 2.6}. Best is trial 167 with value: 0.5034846211737725.
[I 2023-10-13 11:47:54,947] Trial 232 finished with value: 0.4962609466526161 and parameters: {'w0': 0.47100000000000003, 'w1': 0.9480000000000001, 'w2': 0.452, 'w3': 0.5770000000000001, 'w4': 0.398, 'w5': 0.08600000000000001, 'w6': 0.9470000000000001, 'w7': 0.41000000000000003, 'w8': 0.665, 'max_depth': 6, 'min_child_weight': 2, 'subsample': 0.7, 'colsample_bytree': 0.5, 'gamma': 2.6}. Best is trial 167 with value: 0.5034846211737725.
[I 2023-10-13 11:49:22,170] Trial 233 finished with value: 0.48849516363119855 and parameters: {'w0': 0.5770000000000001, 'w1': 0.9470000000000001, 'w2': 0.406, 'w3': 0.499, 'w4': 0.201, 'w5': 0.835, 'w6': 0.9430000000000001, 'w7': 0.422, 'w8': 0.664, 'max_depth': 6, 'min_child_weight': 2, 'subsample': 0.7, 'colsample_bytree': 0.5, 'gamma': 2.6}. Best is trial 167 with value: 0.5034846211737725.
[I 2023-10-13 11:49:40,490] Trial 235 finished with value: 0.4909198479866376 and parameters: {'w0': 0.602, 'w1': 0.916, 'w2': 0.405, 'w3': 0.501, 'w4': 0.546, 'w5': 0.038, 'w6': 0.921, 'w7': 0.387, 'w8': 0.982, 'max_depth': 7, 'min_child_weight': 2, 'subsample': 0.7, 'colsample_bytree': 0.5, 'gamma': 2.6}. Best is trial 167 with value: 0.5034846211737725.
[I 2023-10-13 11:50:10,686] Trial 234 finished with value: 0.4962678634112786 and parameters: {'w0': 0.47300000000000003, 'w1': 0.9520000000000001, 'w2': 0.40800000000000003, 'w3': 0.499, 'w4': 0.223, 'w5': 0.046, 'w6': 0.917, 'w7': 0.425, 'w8': 1.0, 'max_depth': 7, 'min_child_weight': 2, 'subsample': 0.7, 'colsample_bytree': 0.5, 'gamma': 2.2}. Best is trial 167 with value: 0.5034846211737725.
[I 2023-10-13 11:50:32,603] Trial 236 finished with value: 0.4899373064803913 and parameters: {'w0': 0.598, 'w1': 0.9450000000000001, 'w2': 0.40700000000000003, 'w3': 0.509, 'w4': 0.47500000000000003, 'w5': 0.038, 'w6': 0.897, 'w7': 0.386, 'w8': 0.968, 'max_depth': 7, 'min_child_weight': 2, 'subsample': 0.7, 'colsample_bytree': 0.5, 'gamma': 2.6}. Best is trial 167 with value: 0.5034846211737725.
[I 2023-10-13 11:51:25,938] Trial 237 finished with value: 0.5045344311819274 and parameters: {'w0': 0.495, 'w1': 0.9460000000000001, 'w2': 0.401, 'w3': 0.496, 'w4': 0.381, 'w5': 0.149, 'w6': 0.9, 'w7': 0.39, 'w8': 0.972, 'max_depth': 6, 'min_child_weight': 2, 'subsample': 0.7, 'colsample_bytree': 0.5, 'gamma': 2.2}. Best is trial 237 with value: 0.5045344311819274.
[I 2023-10-13 11:53:15,029] Trial 242 finished with value: 0.49143970265401365 and parameters: {'w0': 0.5730000000000001, 'w1': 0.9470000000000001, 'w2': 0.41000000000000003, 'w3': 0.46900000000000003, 'w4': 0.191, 'w5': 0.04, 'w6': 0.919, 'w7': 0.39, 'w8': 0.673, 'max_depth': 7, 'min_child_weight': 2, 'subsample': 0.7, 'colsample_bytree': 0.5, 'gamma': 2.2}. Best is trial 237 with value: 0.5045344311819274.
[I 2023-10-13 11:53:26,796] Trial 243 finished with value: 0.4897152842200426 and parameters: {'w0': 0.468, 'w1': 0.9530000000000001, 'w2': 0.394, 'w3': 0.46, 'w4': 0.544, 'w5': 0.033, 'w6': 0.923, 'w7': 0.39, 'w8': 0.668, 'max_depth': 7, 'min_child_weight': 2, 'subsample': 0.7, 'colsample_bytree': 0.5, 'gamma': 2.2}. Best is trial 237 with value: 0.5045344311819274.
[I 2023-10-13 11:53:30,024] Trial 244 finished with value: 0.48555293152396306 and parameters: {'w0': 0.586, 'w1': 0.9460000000000001, 'w2': 0.402, 'w3': 0.465, 'w4': 0.47600000000000003, 'w5': 0.036000000000000004, 'w6': 0.917, 'w7': 0.393, 'w8': 0.669, 'max_depth': 7, 'min_child_weight': 2, 'subsample': 0.8, 'colsample_bytree': 0.5, 'gamma': 2.2}. Best is trial 237 with value: 0.5045344311819274.
[I 2023-10-13 11:54:44,722] Trial 240 finished with value: 0.4929669031294006 and parameters: {'w0': 0.609, 'w1': 0.9390000000000001, 'w2': 0.406, 'w3': 0.456, 'w4': 0.547, 'w5': 0.034, 'w6': 0.904, 'w7': 0.394, 'w8': 0.675, 'max_depth': 7, 'min_child_weight': 2, 'subsample': 0.7, 'colsample_bytree': 0.5, 'gamma': 1.6}. Best is trial 237 with value: 0.5045344311819274.
[I 2023-10-13 11:55:04,402] Trial 239 finished with value: 0.5026784377899289 and parameters: {'w0': 0.605, 'w1': 0.9440000000000001, 'w2': 0.41000000000000003, 'w3': 0.465, 'w4': 0.48000000000000004, 'w5': 0.045, 'w6': 0.916, 'w7': 0.393, 'w8': 0.921, 'max_depth': 7, 'min_child_weight': 2, 'subsample': 0.7, 'colsample_bytree': 0.5, 'gamma': 1.6}. Best is trial 237 with value: 0.5045344311819274.
[I 2023-10-13 11:55:09,389] Trial 241 finished with value: 0.4963119359970555 and parameters: {'w0': 0.591, 'w1': 0.9410000000000001, 'w2': 0.404, 'w3': 0.466, 'w4': 0.549, 'w5': 0.04, 'w6': 0.91, 'w7': 0.392, 'w8': 0.973, 'max_depth': 7, 'min_child_weight': 2, 'subsample': 0.7, 'colsample_bytree': 0.5, 'gamma': 1.6}. Best is trial 237 with value: 0.5045344311819274.
[I 2023-10-13 11:56:01,757] Trial 245 finished with value: 0.49645850718782353 and parameters: {'w0': 0.463, 'w1': 0.937, 'w2': 0.40800000000000003, 'w3': 0.47200000000000003, 'w4': 0.47600000000000003, 'w5': 0.035, 'w6': 0.921, 'w7': 0.384, 'w8': 0.98, 'max_depth': 7, 'min_child_weight': 2, 'subsample': 0.7, 'colsample_bytree': 0.5, 'gamma': 2.2}. Best is trial 237 with value: 0.5045344311819274.
[I 2023-10-13 11:56:26,449] Trial 238 finished with value: 0.473168112850066 and parameters: {'w0': 0.578, 'w1': 0.9420000000000001, 'w2': 0.404, 'w3': 0.489, 'w4': 0.382, 'w5': 0.14, 'w6': 0.897, 'w7': 0.999, 'w8': 0.917, 'max_depth': 7, 'min_child_weight': 2, 'subsample': 0.7, 'colsample_bytree': 0.5, 'gamma': 1.6}. Best is trial 237 with value: 0.5045344311819274.
[I 2023-10-13 11:58:47,171] Trial 246 finished with value: 0.48922674314511777 and parameters: {'w0': 0.465, 'w1': 0.9520000000000001, 'w2': 0.41200000000000003, 'w3': 0.461, 'w4': 0.10500000000000001, 'w5': 0.032, 'w6': 0.919, 'w7': 0.389, 'w8': 0.978, 'max_depth': 5, 'min_child_weight': 2, 'subsample': 0.7, 'colsample_bytree': 0.5, 'gamma': 2.2}. Best is trial 237 with value: 0.5045344311819274.
[I 2023-10-13 11:59:03,948] Trial 247 finished with value: 0.4917686725735736 and parameters: {'w0': 0.483, 'w1': 0.9480000000000001, 'w2': 0.4, 'w3': 0.466, 'w4': 0.198, 'w5': 0.032, 'w6': 0.915, 'w7': 0.383, 'w8': 0.927, 'max_depth': 6, 'min_child_weight': 2, 'subsample': 0.7, 'colsample_bytree': 0.5, 'gamma': 2.2}. Best is trial 237 with value: 0.5045344311819274.
[I 2023-10-13 12:00:09,686] Trial 248 finished with value: 0.4915743466985275 and parameters: {'w0': 0.599, 'w1': 0.9490000000000001, 'w2': 0.41400000000000003, 'w3': 0.466, 'w4': 0.125, 'w5': 0.036000000000000004, 'w6': 0.919, 'w7': 0.385, 'w8': 0.966, 'max_depth': 6, 'min_child_weight': 2, 'subsample': 0.7, 'colsample_bytree': 0.5, 'gamma': 2.2}. Best is trial 237 with value: 0.5045344311819274.
[I 2023-10-13 12:01:36,148] Trial 249 finished with value: 0.4966835244820773 and parameters: {'w0': 0.489, 'w1': 0.9540000000000001, 'w2': 0.458, 'w3': 0.47400000000000003, 'w4': 0.091, 'w5': 0.047, 'w6': 0.916, 'w7': 0.382, 'w8': 0.962, 'max_depth': 6, 'min_child_weight': 2, 'subsample': 0.7, 'colsample_bytree': 0.5, 'gamma': 2.2}. Best is trial 237 with value: 0.5045344311819274.
[I 2023-10-13 12:01:53,033] Trial 250 finished with value: 0.5000822367291478 and parameters: {'w0': 0.49, 'w1': 0.9500000000000001, 'w2': 0.451, 'w3': 0.467, 'w4': 0.398, 'w5': 0.069, 'w6': 0.918, 'w7': 0.385, 'w8': 0.9580000000000001, 'max_depth': 6, 'min_child_weight': 2, 'subsample': 0.7, 'colsample_bytree': 0.5, 'gamma': 2.2}. Best is trial 237 with value: 0.5045344311819274.
[I 2023-10-13 12:02:19,270] Trial 251 finished with value: 0.49924911963225127 and parameters: {'w0': 0.489, 'w1': 0.9450000000000001, 'w2': 0.449, 'w3': 0.459, 'w4': 0.171, 'w5': 0.065, 'w6': 0.911, 'w7': 0.385, 'w8': 0.977, 'max_depth': 6, 'min_child_weight': 2, 'subsample': 0.7, 'colsample_bytree': 0.5, 'gamma': 2.2}. Best is trial 237 with value: 0.5045344311819274.
[I 2023-10-13 12:02:29,712] Trial 252 finished with value: 0.49912766307244916 and parameters: {'w0': 0.493, 'w1': 0.9470000000000001, 'w2': 0.453, 'w3': 0.47700000000000004, 'w4': 0.373, 'w5': 0.063, 'w6': 0.925, 'w7': 0.38, 'w8': 0.922, 'max_depth': 6, 'min_child_weight': 2, 'subsample': 0.7, 'colsample_bytree': 0.5, 'gamma': 2.4000000000000004}. Best is trial 237 with value: 0.5045344311819274.
[I 2023-10-13 12:03:43,651] Trial 253 finished with value: 0.5008273653378197 and parameters: {'w0': 0.497, 'w1': 0.9550000000000001, 'w2': 0.452, 'w3': 0.459, 'w4': 0.377, 'w5': 0.064, 'w6': 0.907, 'w7': 0.386, 'w8': 0.929, 'max_depth': 6, 'min_child_weight': 2, 'subsample': 0.7, 'colsample_bytree': 0.5, 'gamma': 2.2}. Best is trial 237 with value: 0.5045344311819274.
[I 2023-10-13 12:05:02,997] Trial 254 finished with value: 0.4973881358919862 and parameters: {'w0': 0.488, 'w1': 0.962, 'w2': 0.448, 'w3': 0.59, 'w4': 0.384, 'w5': 0.066, 'w6': 0.912, 'w7': 0.34900000000000003, 'w8': 0.906, 'max_depth': 6, 'min_child_weight': 2, 'subsample': 0.7, 'colsample_bytree': 0.5, 'gamma': 2.4000000000000004}. Best is trial 237 with value: 0.5045344311819274.
[I 2023-10-13 12:05:22,273] Trial 255 finished with value: 0.49556912823919613 and parameters: {'w0': 0.494, 'w1': 0.937, 'w2': 0.446, 'w3': 0.588, 'w4': 0.378, 'w5': 0.075, 'w6': 0.904, 'w7': 0.34900000000000003, 'w8': 0.918, 'max_depth': 6, 'min_child_weight': 2, 'subsample': 0.7, 'colsample_bytree': 0.5, 'gamma': 2.4000000000000004}. Best is trial 237 with value: 0.5045344311819274.
[I 2023-10-13 12:06:49,451] Trial 258 finished with value: 0.49660881034667637 and parameters: {'w0': 0.497, 'w1': 0.966, 'w2': 0.429, 'w3': 0.588, 'w4': 0.14300000000000002, 'w5': 0.068, 'w6': 0.876, 'w7': 0.34900000000000003, 'w8': 0.912, 'max_depth': 6, 'min_child_weight': 2, 'subsample': 0.7, 'colsample_bytree': 0.5, 'gamma': 2.4000000000000004}. Best is trial 237 with value: 0.5045344311819274.
[I 2023-10-13 12:06:55,056] Trial 259 finished with value: 0.4976020767595559 and parameters: {'w0': 0.47800000000000004, 'w1': 0.964, 'w2': 0.442, 'w3': 0.485, 'w4': 0.134, 'w5': 0.078, 'w6': 0.877, 'w7': 0.374, 'w8': 0.92, 'max_depth': 6, 'min_child_weight': 2, 'subsample': 0.7, 'colsample_bytree': 0.5, 'gamma': 2.4000000000000004}. Best is trial 237 with value: 0.5045344311819274.
[I 2023-10-13 12:07:07,917] Trial 256 finished with value: 0.46414578002134466 and parameters: {'w0': 0.494, 'w1': 0.967, 'w2': 0.456, 'w3': 0.592, 'w4': 0.153, 'w5': 0.07300000000000001, 'w6': 0.9, 'w7': 0.998, 'w8': 0.978, 'max_depth': 6, 'min_child_weight': 2, 'subsample': 0.7, 'colsample_bytree': 0.5, 'gamma': 2.4000000000000004}. Best is trial 237 with value: 0.5045344311819274.
[I 2023-10-13 12:07:26,657] Trial 260 finished with value: 0.496360891507426 and parameters: {'w0': 0.374, 'w1': 0.961, 'w2': 0.453, 'w3': 0.485, 'w4': 0.371, 'w5': 0.061, 'w6': 0.877, 'w7': 0.356, 'w8': 0.928, 'max_depth': 6, 'min_child_weight': 2, 'subsample': 0.7, 'colsample_bytree': 0.5, 'gamma': 2.4000000000000004}. Best is trial 237 with value: 0.5045344311819274.
[I 2023-10-13 12:08:01,169] Trial 261 finished with value: 0.4979191579181362 and parameters: {'w0': 0.49, 'w1': 0.967, 'w2': 0.441, 'w3': 0.453, 'w4': 0.114, 'w5': 0.069, 'w6': 0.88, 'w7': 0.35200000000000004, 'w8': 0.965, 'max_depth': 6, 'min_child_weight': 2, 'subsample': 0.7, 'colsample_bytree': 0.5, 'gamma': 2.4000000000000004}. Best is trial 237 with value: 0.5045344311819274.
[I 2023-10-13 12:08:05,396] Trial 257 finished with value: 0.4619362915143827 and parameters: {'w0': 0.484, 'w1': 0.968, 'w2': 0.447, 'w3': 0.483, 'w4': 0.397, 'w5': 0.067, 'w6': 0.854, 'w7': 0.999, 'w8': 0.927, 'max_depth': 6, 'min_child_weight': 2, 'subsample': 0.7, 'colsample_bytree': 0.5, 'gamma': 2.4000000000000004}. Best is trial 237 with value: 0.5045344311819274.
[I 2023-10-13 12:10:38,351] Trial 262 finished with value: 0.49755267765791666 and parameters: {'w0': 0.397, 'w1': 0.971, 'w2': 0.453, 'w3': 0.589, 'w4': 0.403, 'w5': 0.069, 'w6': 0.875, 'w7': 0.34900000000000003, 'w8': 0.969, 'max_depth': 6, 'min_child_weight': 2, 'subsample': 0.7, 'colsample_bytree': 0.5, 'gamma': 2.4000000000000004}. Best is trial 237 with value: 0.5045344311819274.
[I 2023-10-13 12:10:45,442] Trial 263 finished with value: 0.49787517430889966 and parameters: {'w0': 0.387, 'w1': 0.97, 'w2': 0.449, 'w3': 0.593, 'w4': 0.37, 'w5': 0.081, 'w6': 0.873, 'w7': 0.35000000000000003, 'w8': 0.9510000000000001, 'max_depth': 6, 'min_child_weight': 4, 'subsample': 0.7, 'colsample_bytree': 0.5, 'gamma': 2.4000000000000004}. Best is trial 237 with value: 0.5045344311819274.
[I 2023-10-13 12:12:23,289] Trial 264 finished with value: 0.4965557971671456 and parameters: {'w0': 0.402, 'w1': 0.971, 'w2': 0.444, 'w3': 0.59, 'w4': 0.403, 'w5': 0.068, 'w6': 0.886, 'w7': 0.34900000000000003, 'w8': 0.9540000000000001, 'max_depth': 6, 'min_child_weight': 4, 'subsample': 0.7, 'colsample_bytree': 0.5, 'gamma': 2.4000000000000004}. Best is trial 237 with value: 0.5045344311819274.
[I 2023-10-13 12:13:38,065] Trial 265 finished with value: 0.49753147543740306 and parameters: {'w0': 0.39, 'w1': 0.969, 'w2': 0.447, 'w3': 0.482, 'w4': 0.368, 'w5': 0.068, 'w6': 0.843, 'w7': 0.35100000000000003, 'w8': 0.9560000000000001, 'max_depth': 6, 'min_child_weight': 4, 'subsample': 0.7, 'colsample_bytree': 0.5, 'gamma': 2.4000000000000004}. Best is trial 237 with value: 0.5045344311819274.
[I 2023-10-13 12:13:40,849] Trial 266 finished with value: 0.49599053859133196 and parameters: {'w0': 0.394, 'w1': 0.964, 'w2': 0.449, 'w3': 0.482, 'w4': 0.441, 'w5': 0.062, 'w6': 0.867, 'w7': 0.35000000000000003, 'w8': 0.9470000000000001, 'max_depth': 6, 'min_child_weight': 2, 'subsample': 0.7, 'colsample_bytree': 0.5, 'gamma': 2.4000000000000004}. Best is trial 237 with value: 0.5045344311819274.
[I 2023-10-13 12:14:22,810] Trial 267 finished with value: 0.49846953644361225 and parameters: {'w0': 0.379, 'w1': 0.969, 'w2': 0.449, 'w3': 0.481, 'w4': 0.164, 'w5': 0.069, 'w6': 0.876, 'w7': 0.361, 'w8': 0.9430000000000001, 'max_depth': 6, 'min_child_weight': 4, 'subsample': 0.7, 'colsample_bytree': 0.5, 'gamma': 2.4000000000000004}. Best is trial 237 with value: 0.5045344311819274.
[I 2023-10-13 12:15:02,532] Trial 268 finished with value: 0.4954412184638409 and parameters: {'w0': 0.499, 'w1': 0.974, 'w2': 0.442, 'w3': 0.444, 'w4': 0.366, 'w5': 0.064, 'w6': 0.874, 'w7': 0.34900000000000003, 'w8': 0.9, 'max_depth': 6, 'min_child_weight': 4, 'subsample': 0.7, 'colsample_bytree': 0.5, 'gamma': 2.4000000000000004}. Best is trial 237 with value: 0.5045344311819274.
[I 2023-10-13 12:15:45,080] Trial 269 finished with value: 0.4984591735809434 and parameters: {'w0': 0.5, 'w1': 0.97, 'w2': 0.441, 'w3': 0.447, 'w4': 0.08, 'w5': 0.068, 'w6': 0.876, 'w7': 0.34500000000000003, 'w8': 0.9400000000000001, 'max_depth': 6, 'min_child_weight': 4, 'subsample': 0.7, 'colsample_bytree': 0.5, 'gamma': 2.4000000000000004}. Best is trial 237 with value: 0.5045344311819274.
[I 2023-10-13 12:17:20,536] Trial 270 finished with value: 0.4953879544743532 and parameters: {'w0': 0.499, 'w1': 0.968, 'w2': 0.449, 'w3': 0.442, 'w4': 0.364, 'w5': 0.064, 'w6': 0.878, 'w7': 0.34800000000000003, 'w8': 0.893, 'max_depth': 6, 'min_child_weight': 4, 'subsample': 0.7, 'colsample_bytree': 0.4, 'gamma': 2.4000000000000004}. Best is trial 237 with value: 0.5045344311819274.
[I 2023-10-13 12:17:43,829] Trial 271 finished with value: 0.49375882415980743 and parameters: {'w0': 0.504, 'w1': 0.966, 'w2': 0.447, 'w3': 0.592, 'w4': 0.368, 'w5': 0.076, 'w6': 0.876, 'w7': 0.35000000000000003, 'w8': 0.9, 'max_depth': 6, 'min_child_weight': 2, 'subsample': 0.7, 'colsample_bytree': 0.4, 'gamma': 2.4000000000000004}. Best is trial 237 with value: 0.5045344311819274.
[I 2023-10-13 12:18:16,863] Trial 272 finished with value: 0.44602299457997796 and parameters: {'w0': 0.067, 'w1': 0.972, 'w2': 0.455, 'w3': 0.45, 'w4': 0.36, 'w5': 0.068, 'w6': 0.875, 'w7': 0.34900000000000003, 'w8': 0.894, 'max_depth': 6, 'min_child_weight': 4, 'subsample': 0.7, 'colsample_bytree': 0.4, 'gamma': 2.4000000000000004}. Best is trial 237 with value: 0.5045344311819274.
[I 2023-10-13 12:18:51,269] Trial 275 finished with value: 0.49182980743053795 and parameters: {'w0': 0.507, 'w1': 0.921, 'w2': 0.433, 'w3': 0.444, 'w4': 0.401, 'w5': 0.064, 'w6': 0.848, 'w7': 0.35100000000000003, 'w8': 0.893, 'max_depth': 6, 'min_child_weight': 4, 'subsample': 0.7, 'colsample_bytree': 0.4, 'gamma': 2.8000000000000003}. Best is trial 237 with value: 0.5045344311819274.
[I 2023-10-13 12:19:01,410] Trial 274 finished with value: 0.49185796198757725 and parameters: {'w0': 0.397, 'w1': 0.968, 'w2': 0.441, 'w3': 0.447, 'w4': 0.365, 'w5': 0.059000000000000004, 'w6': 0.849, 'w7': 0.306, 'w8': 0.895, 'max_depth': 6, 'min_child_weight': 4, 'subsample': 0.7, 'colsample_bytree': 0.4, 'gamma': 2.4000000000000004}. Best is trial 237 with value: 0.5045344311819274.
[I 2023-10-13 12:19:02,274] Trial 273 finished with value: 0.49060173744682506 and parameters: {'w0': 0.507, 'w1': 0.97, 'w2': 0.449, 'w3': 0.448, 'w4': 0.366, 'w5': 0.067, 'w6': 0.875, 'w7': 0.297, 'w8': 0.895, 'max_depth': 6, 'min_child_weight': 4, 'subsample': 0.7, 'colsample_bytree': 0.4, 'gamma': 2.4000000000000004}. Best is trial 237 with value: 0.5045344311819274.
[I 2023-10-13 12:19:56,513] Trial 277 finished with value: 0.49153399455352553 and parameters: {'w0': 0.509, 'w1': 0.97, 'w2': 0.432, 'w3': 0.448, 'w4': 0.362, 'w5': 0.066, 'w6': 0.849, 'w7': 0.3, 'w8': 0.885, 'max_depth': 6, 'min_child_weight': 4, 'subsample': 0.7, 'colsample_bytree': 0.4, 'gamma': 2.4000000000000004}. Best is trial 237 with value: 0.5045344311819274.
[I 2023-10-13 12:20:02,164] Trial 276 finished with value: 0.49434782500560176 and parameters: {'w0': 0.398, 'w1': 0.972, 'w2': 0.436, 'w3': 0.45, 'w4': 0.399, 'w5': 0.066, 'w6': 0.855, 'w7': 0.355, 'w8': 0.887, 'max_depth': 6, 'min_child_weight': 4, 'subsample': 0.7, 'colsample_bytree': 0.4, 'gamma': 2.4000000000000004}. Best is trial 237 with value: 0.5045344311819274.
[I 2023-10-13 12:22:34,575] Trial 279 finished with value: 0.4927715550363426 and parameters: {'w0': 0.391, 'w1': 0.974, 'w2': 0.431, 'w3': 0.444, 'w4': 0.36, 'w5': 0.07200000000000001, 'w6': 0.876, 'w7': 0.297, 'w8': 0.893, 'max_depth': 6, 'min_child_weight': 4, 'subsample': 0.7, 'colsample_bytree': 0.4, 'gamma': 2.4000000000000004}. Best is trial 237 with value: 0.5045344311819274.
[I 2023-10-13 12:23:24,486] Trial 278 finished with value: 0.4948672949335093 and parameters: {'w0': 0.384, 'w1': 0.92, 'w2': 0.434, 'w3': 0.438, 'w4': 0.35100000000000003, 'w5': 0.060000000000000005, 'w6': 0.872, 'w7': 0.298, 'w8': 0.9450000000000001, 'max_depth': 6, 'min_child_weight': 2, 'subsample': 0.7, 'colsample_bytree': 0.4, 'gamma': 2.0}. Best is trial 237 with value: 0.5045344311819274.
[I 2023-10-13 12:24:44,392] Trial 280 finished with value: 0.49684933707087264 and parameters: {'w0': 0.383, 'w1': 0.921, 'w2': 0.431, 'w3': 0.444, 'w4': 0.34900000000000003, 'w5': 0.063, 'w6': 0.869, 'w7': 0.313, 'w8': 0.897, 'max_depth': 6, 'min_child_weight': 2, 'subsample': 0.7, 'colsample_bytree': 0.4, 'gamma': 2.0}. Best is trial 237 with value: 0.5045344311819274.
[I 2023-10-13 12:25:44,206] Trial 281 finished with value: 0.44686026876459284 and parameters: {'w0': 0.060000000000000005, 'w1': 0.977, 'w2': 0.47300000000000003, 'w3': 0.45, 'w4': 0.358, 'w5': 0.063, 'w6': 0.847, 'w7': 0.298, 'w8': 0.887, 'max_depth': 6, 'min_child_weight': 4, 'subsample': 0.7, 'colsample_bytree': 0.5, 'gamma': 2.0}. Best is trial 237 with value: 0.5045344311819274.
[I 2023-10-13 12:26:05,300] Trial 282 finished with value: 0.4917903962489319 and parameters: {'w0': 0.35000000000000003, 'w1': 0.923, 'w2': 0.47700000000000004, 'w3': 0.446, 'w4': 0.361, 'w5': 0.055, 'w6': 0.85, 'w7': 0.312, 'w8': 0.934, 'max_depth': 6, 'min_child_weight': 4, 'subsample': 0.7, 'colsample_bytree': 0.4, 'gamma': 2.0}. Best is trial 237 with value: 0.5045344311819274.
[I 2023-10-13 12:26:34,036] Trial 283 finished with value: 0.49184049135416785 and parameters: {'w0': 0.361, 'w1': 0.921, 'w2': 0.47800000000000004, 'w3': 0.444, 'w4': 0.076, 'w5': 0.066, 'w6': 0.844, 'w7': 0.31, 'w8': 0.9470000000000001, 'max_depth': 6, 'min_child_weight': 4, 'subsample': 0.7, 'colsample_bytree': 0.4, 'gamma': 2.0}. Best is trial 237 with value: 0.5045344311819274.
