[I 2023-10-11 15:35:26,667] Trial 1474 finished with value: 0.6195301130619937 and parameters: {'w0': 0.23500000000000001, 'w1': 0.8280000000000001, 'w2': 0.14200000000000002, 'w3': 0.594, 'w4': 0.758, 'w5': 0.262, 'w6': 0.647, 'w7': 0.1, 'w8': 0.623, 'max_depth': 6, 'min_child_weight': 2, 'subsample': 0.8, 'colsample_bytree': 0.9000000000000001, 'gamma': 0.4}. Best is trial 1454 with value: 0.6271359483933177.
[I 2023-10-11 15:37:28,117] Trial 1482 finished with value: 0.6180753843874924 and parameters: {'w0': 0.196, 'w1': 0.8320000000000001, 'w2': 0.146, 'w3': 0.593, 'w4': 0.777, 'w5': 0.264, 'w6': 0.649, 'w7': 0.17, 'w8': 0.619, 'max_depth': 6, 'min_child_weight': 2, 'subsample': 0.8, 'colsample_bytree': 0.9000000000000001, 'gamma': 1.0}. Best is trial 1454 with value: 0.6271359483933177.
[I 2023-10-11 15:37:51,532] Trial 1483 finished with value: 0.6177082685660608 and parameters: {'w0': 0.192, 'w1': 0.81, 'w2': 0.14200000000000002, 'w3': 0.594, 'w4': 0.779, 'w5': 0.17200000000000001, 'w6': 0.7000000000000001, 'w7': 0.17, 'w8': 0.615, 'max_depth': 6, 'min_child_weight': 2, 'subsample': 0.8, 'colsample_bytree': 1.0, 'gamma': 1.0}. Best is trial 1454 with value: 0.6271359483933177.
[I 2023-10-11 15:37:51,722] Trial 1477 finished with value: 0.6120688111085482 and parameters: {'w0': 0.231, 'w1': 0.8250000000000001, 'w2': 0.151, 'w3': 0.515, 'w4': 0.874, 'w5': 0.183, 'w6': 0.705, 'w7': 0.067, 'w8': 0.618, 'max_depth': 6, 'min_child_weight': 2, 'subsample': 0.8, 'colsample_bytree': 0.9000000000000001, 'gamma': 0.4}. Best is trial 1454 with value: 0.6271359483933177.
[I 2023-10-11 15:38:07,965] Trial 1476 finished with value: 0.600278236140652 and parameters: {'w0': 0.216, 'w1': 0.919, 'w2': 0.068, 'w3': 0.516, 'w4': 0.763, 'w5': 0.259, 'w6': 0.6970000000000001, 'w7': 0.168, 'w8': 0.621, 'max_depth': 6, 'min_child_weight': 2, 'subsample': 0.8, 'colsample_bytree': 0.9000000000000001, 'gamma': 0.4}. Best is trial 1454 with value: 0.6271359483933177.
[I 2023-10-11 15:39:04,848] Trial 1478 finished with value: 0.6180512106024375 and parameters: {'w0': 0.23, 'w1': 0.8190000000000001, 'w2': 0.077, 'w3': 0.505, 'w4': 0.5680000000000001, 'w5': 0.14, 'w6': 0.654, 'w7': 0.10300000000000001, 'w8': 0.616, 'max_depth': 6, 'min_child_weight': 2, 'subsample': 0.8, 'colsample_bytree': 0.9000000000000001, 'gamma': 0.4}. Best is trial 1454 with value: 0.6271359483933177.
[I 2023-10-11 15:40:20,156] Trial 1479 finished with value: 0.6234493004010281 and parameters: {'w0': 0.23900000000000002, 'w1': 0.8290000000000001, 'w2': 0.136, 'w3': 0.594, 'w4': 0.874, 'w5': 0.264, 'w6': 0.711, 'w7': 0.10400000000000001, 'w8': 0.653, 'max_depth': 6, 'min_child_weight': 2, 'subsample': 0.8, 'colsample_bytree': 0.9000000000000001, 'gamma': 0.4}. Best is trial 1454 with value: 0.6271359483933177.
[I 2023-10-11 15:41:39,482] Trial 1480 finished with value: 0.6169122032495579 and parameters: {'w0': 0.234, 'w1': 0.8140000000000001, 'w2': 0.08600000000000001, 'w3': 0.598, 'w4': 0.738, 'w5': 0.17400000000000002, 'w6': 0.749, 'w7': 0.10400000000000001, 'w8': 0.617, 'max_depth': 6, 'min_child_weight': 2, 'subsample': 0.8, 'colsample_bytree': 0.9000000000000001, 'gamma': 0.4}. Best is trial 1454 with value: 0.6271359483933177.
[I 2023-10-11 15:43:24,221] Trial 1481 finished with value: 0.6205296623797382 and parameters: {'w0': 0.234, 'w1': 0.8190000000000001, 'w2': 0.14400000000000002, 'w3': 0.594, 'w4': 0.777, 'w5': 0.17600000000000002, 'w6': 0.705, 'w7': 0.113, 'w8': 0.618, 'max_depth': 6, 'min_child_weight': 2, 'subsample': 0.8, 'colsample_bytree': 0.9000000000000001, 'gamma': 0.4}. Best is trial 1454 with value: 0.6271359483933177.
[I 2023-10-11 15:45:09,044] Trial 1484 finished with value: 0.6205815571029273 and parameters: {'w0': 0.234, 'w1': 0.8250000000000001, 'w2': 0.225, 'w3': 0.592, 'w4': 0.8280000000000001, 'w5': 0.26, 'w6': 0.709, 'w7': 0.196, 'w8': 0.618, 'max_depth': 6, 'min_child_weight': 2, 'subsample': 0.8, 'colsample_bytree': 1.0, 'gamma': 0.4}. Best is trial 1454 with value: 0.6271359483933177.
[I 2023-10-11 15:48:51,270] Trial 1485 finished with value: 0.6271580594187368 and parameters: {'w0': 0.234, 'w1': 0.8320000000000001, 'w2': 0.223, 'w3': 0.598, 'w4': 0.746, 'w5': 0.146, 'w6': 0.686, 'w7': 0.196, 'w8': 0.618, 'max_depth': 6, 'min_child_weight': 2, 'subsample': 0.8, 'colsample_bytree': 0.9000000000000001, 'gamma': 0.4}. Best is trial 1485 with value: 0.6271580594187368.
[I 2023-10-11 15:49:12,617] Trial 1488 finished with value: 0.6263076531356596 and parameters: {'w0': 0.23800000000000002, 'w1': 0.933, 'w2': 0.228, 'w3': 0.597, 'w4': 0.8260000000000001, 'w5': 0.138, 'w6': 0.708, 'w7': 0.195, 'w8': 0.616, 'max_depth': 6, 'min_child_weight': 2, 'subsample': 0.8, 'colsample_bytree': 1.0, 'gamma': 1.0}. Best is trial 1485 with value: 0.6271580594187368.
[I 2023-10-11 15:49:38,995] Trial 1486 finished with value: 0.6206506900647752 and parameters: {'w0': 0.234, 'w1': 0.8220000000000001, 'w2': 0.227, 'w3': 0.593, 'w4': 0.767, 'w5': 0.137, 'w6': 0.711, 'w7': 0.188, 'w8': 0.615, 'max_depth': 6, 'min_child_weight': 2, 'subsample': 0.8, 'colsample_bytree': 1.0, 'gamma': 0.4}. Best is trial 1485 with value: 0.6271580594187368.
[I 2023-10-11 15:55:14,468] Trial 1487 finished with value: 0.6183484887784004 and parameters: {'w0': 0.23900000000000002, 'w1': 0.8260000000000001, 'w2': 0.249, 'w3': 0.59, 'w4': 0.837, 'w5': 0.243, 'w6': 0.664, 'w7': 0.195, 'w8': 0.621, 'max_depth': 6, 'min_child_weight': 2, 'subsample': 0.8, 'colsample_bytree': 1.0, 'gamma': 0.4}. Best is trial 1485 with value: 0.6271580594187368.
[I 2023-10-11 15:56:16,126] Trial 1490 finished with value: 0.583098107179665 and parameters: {'w0': 0.229, 'w1': 0.979, 'w2': 0.025, 'w3': 0.591, 'w4': 0.75, 'w5': 0.149, 'w6': 0.68, 'w7': 0.077, 'w8': 0.615, 'max_depth': 6, 'min_child_weight': 2, 'subsample': 0.8, 'colsample_bytree': 1.0, 'gamma': 0.4}. Best is trial 1485 with value: 0.6271580594187368.
[I 2023-10-11 15:56:31,445] Trial 1491 finished with value: 0.614826374717229 and parameters: {'w0': 0.23600000000000002, 'w1': 0.9600000000000001, 'w2': 0.065, 'w3': 0.589, 'w4': 0.77, 'w5': 0.15, 'w6': 0.68, 'w7': 0.049, 'w8': 0.618, 'max_depth': 6, 'min_child_weight': 2, 'subsample': 0.8, 'colsample_bytree': 1.0, 'gamma': 0.4}. Best is trial 1485 with value: 0.6271580594187368.
[I 2023-10-11 15:56:38,804] Trial 1489 finished with value: 0.6188087125395308 and parameters: {'w0': 0.233, 'w1': 0.924, 'w2': 0.089, 'w3': 0.588, 'w4': 0.5660000000000001, 'w5': 0.29, 'w6': 0.658, 'w7': 0.113, 'w8': 0.614, 'max_depth': 6, 'min_child_weight': 2, 'subsample': 0.8, 'colsample_bytree': 1.0, 'gamma': 0.4}. Best is trial 1485 with value: 0.6271580594187368.
[I 2023-10-11 15:58:16,264] Trial 1492 finished with value: 0.6155245549360894 and parameters: {'w0': 0.24000000000000002, 'w1': 0.934, 'w2': 0.057, 'w3': 0.591, 'w4': 0.771, 'w5': 0.166, 'w6': 0.662, 'w7': 0.048, 'w8': 0.615, 'max_depth': 6, 'min_child_weight': 2, 'subsample': 0.8, 'colsample_bytree': 1.0, 'gamma': 0.4}. Best is trial 1485 with value: 0.6271580594187368.
[I 2023-10-11 15:59:04,872] Trial 1493 finished with value: 0.5959738116731998 and parameters: {'w0': 0.24000000000000002, 'w1': 0.9580000000000001, 'w2': 0.094, 'w3': 0.587, 'w4': 0.745, 'w5': 0.159, 'w6': 0.656, 'w7': 0.033, 'w8': 0.613, 'max_depth': 6, 'min_child_weight': 2, 'subsample': 0.8, 'colsample_bytree': 0.9000000000000001, 'gamma': 0.4}. Best is trial 1485 with value: 0.6271580594187368.
[I 2023-10-11 15:59:46,533] Trial 1495 finished with value: 0.5789070855920696 and parameters: {'w0': 0.791, 'w1': 0.8170000000000001, 'w2': 0.030000000000000002, 'w3': 0.619, 'w4': 0.628, 'w5': 0.10300000000000001, 'w6': 0.661, 'w7': 0.048, 'w8': 0.65, 'max_depth': 6, 'min_child_weight': 2, 'subsample': 0.8, 'colsample_bytree': 0.9000000000000001, 'gamma': 0.4}. Best is trial 1485 with value: 0.6271580594187368.
[I 2023-10-11 16:00:00,277] Trial 1494 finished with value: 0.6232643569525577 and parameters: {'w0': 0.243, 'w1': 0.81, 'w2': 0.094, 'w3': 0.593, 'w4': 0.707, 'w5': 0.152, 'w6': 0.6900000000000001, 'w7': 0.081, 'w8': 0.616, 'max_depth': 6, 'min_child_weight': 2, 'subsample': 0.8, 'colsample_bytree': 0.9000000000000001, 'gamma': 0.4}. Best is trial 1485 with value: 0.6271580594187368.
[I 2023-10-11 16:00:12,048] Trial 1496 finished with value: 0.5960938628147499 and parameters: {'w0': 0.23700000000000002, 'w1': 0.801, 'w2': 0.082, 'w3': 0.591, 'w4': 0.731, 'w5': 0.152, 'w6': 0.6910000000000001, 'w7': 0.028, 'w8': 0.616, 'max_depth': 6, 'min_child_weight': 2, 'subsample': 0.8, 'colsample_bytree': 0.9000000000000001, 'gamma': 0.4}. Best is trial 1485 with value: 0.6271580594187368.
[I 2023-10-11 16:01:25,974] Trial 1497 finished with value: 0.6155799307737979 and parameters: {'w0': 0.191, 'w1': 0.937, 'w2': 0.082, 'w3': 0.591, 'w4': 0.78, 'w5': 0.165, 'w6': 0.684, 'w7': 0.05, 'w8': 0.618, 'max_depth': 6, 'min_child_weight': 2, 'subsample': 0.8, 'colsample_bytree': 0.9000000000000001, 'gamma': 0.4}. Best is trial 1485 with value: 0.6271580594187368.
[I 2023-10-11 16:03:01,447] Trial 1499 finished with value: 0.6050304335489516 and parameters: {'w0': 0.191, 'w1': 0.926, 'w2': 0.045, 'w3': 0.62, 'w4': 0.773, 'w5': 0.136, 'w6': 0.666, 'w7': 0.065, 'w8': 0.649, 'max_depth': 6, 'min_child_weight': 2, 'subsample': 0.8, 'colsample_bytree': 0.5, 'gamma': 0.4}. Best is trial 1485 with value: 0.6271580594187368.
[I 2023-10-11 16:03:09,986] Trial 1498 finished with value: 0.6111785309976957 and parameters: {'w0': 0.195, 'w1': 0.9520000000000001, 'w2': 0.129, 'w3': 0.618, 'w4': 0.779, 'w5': 0.15, 'w6': 0.68, 'w7': 0.063, 'w8': 0.647, 'max_depth': 6, 'min_child_weight': 2, 'subsample': 0.8, 'colsample_bytree': 1.0, 'gamma': 0.4}. Best is trial 1485 with value: 0.6271580594187368.
[I 2023-10-11 16:06:48,068] Trial 1500 finished with value: 0.6240413972058504 and parameters: {'w0': 0.192, 'w1': 0.926, 'w2': 0.10500000000000001, 'w3': 0.556, 'w4': 0.752, 'w5': 0.11800000000000001, 'w6': 0.679, 'w7': 0.09, 'w8': 0.649, 'max_depth': 6, 'min_child_weight': 2, 'subsample': 0.8, 'colsample_bytree': 0.9000000000000001, 'gamma': 0.4}. Best is trial 1485 with value: 0.6271580594187368.
[I 2023-10-11 16:09:17,746] Trial 1502 finished with value: 0.5514135686450709 and parameters: {'w0': 0.267, 'w1': 0.914, 'w2': 0.093, 'w3': 0.326, 'w4': 0.79, 'w5': 0.14300000000000002, 'w6': 0.683, 'w7': 0.106, 'w8': 0.002, 'max_depth': 6, 'min_child_weight': 2, 'subsample': 0.8, 'colsample_bytree': 0.8, 'gamma': 0.4}. Best is trial 1485 with value: 0.6271580594187368.
[I 2023-10-11 16:09:38,504] Trial 1509 finished with value: 0.5790740321183879 and parameters: {'w0': 0.266, 'w1': 0.969, 'w2': 0.085, 'w3': 0.561, 'w4': 0.755, 'w5': 0.139, 'w6': 0.6950000000000001, 'w7': 0.061, 'w8': 0.646, 'max_depth': 6, 'min_child_weight': 2, 'subsample': 0.8, 'colsample_bytree': 1.0, 'gamma': 3.6}. Best is trial 1485 with value: 0.6271580594187368.
[I 2023-10-11 16:09:42,386] Trial 1511 finished with value: 0.5781432924753722 and parameters: {'w0': 0.248, 'w1': 0.976, 'w2': 0.261, 'w3': 0.556, 'w4': 0.747, 'w5': 0.16, 'w6': 0.687, 'w7': 0.191, 'w8': 0.595, 'max_depth': 6, 'min_child_weight': 2, 'subsample': 0.8, 'colsample_bytree': 1.0, 'gamma': 8.8}. Best is trial 1485 with value: 0.6271580594187368.
[I 2023-10-11 16:09:51,452] Trial 1501 finished with value: 0.609950272787954 and parameters: {'w0': 0.262, 'w1': 0.79, 'w2': 0.082, 'w3': 0.618, 'w4': 0.776, 'w5': 0.148, 'w6': 0.674, 'w7': 0.048, 'w8': 0.615, 'max_depth': 6, 'min_child_weight': 2, 'subsample': 0.8, 'colsample_bytree': 0.9000000000000001, 'gamma': 0.4}. Best is trial 1485 with value: 0.6271580594187368.
[I 2023-10-11 16:09:52,993] Trial 1503 finished with value: 0.5899891532390006 and parameters: {'w0': 0.266, 'w1': 0.93, 'w2': 0.043000000000000003, 'w3': 0.555, 'w4': 0.742, 'w5': 0.127, 'w6': 0.685, 'w7': 0.024, 'w8': 0.61, 'max_depth': 6, 'min_child_weight': 2, 'subsample': 0.8, 'colsample_bytree': 1.0, 'gamma': 0.4}. Best is trial 1485 with value: 0.6271580594187368.
[I 2023-10-11 16:13:34,683] Trial 1508 finished with value: 0.5758803730864613 and parameters: {'w0': 0.269, 'w1': 0.988, 'w2': 0.092, 'w3': 0.551, 'w4': 0.751, 'w5': 0.14100000000000001, 'w6': 0.671, 'w7': 0.026000000000000002, 'w8': 0.648, 'max_depth': 6, 'min_child_weight': 2, 'subsample': 0.8, 'colsample_bytree': 1.0, 'gamma': 1.0}. Best is trial 1485 with value: 0.6271580594187368.
[I 2023-10-11 16:15:01,692] Trial 1510 finished with value: 0.6017289410133347 and parameters: {'w0': 0.262, 'w1': 0.9530000000000001, 'w2': 0.065, 'w3': 0.552, 'w4': 0.715, 'w5': 0.129, 'w6': 0.6950000000000001, 'w7': 0.085, 'w8': 0.596, 'max_depth': 6, 'min_child_weight': 2, 'subsample': 0.8, 'colsample_bytree': 1.0, 'gamma': 1.0}. Best is trial 1485 with value: 0.6271580594187368.
[I 2023-10-11 16:15:48,271] Trial 1512 finished with value: 0.6012526886146836 and parameters: {'w0': 0.25, 'w1': 0.933, 'w2': 0.057, 'w3': 0.556, 'w4': 0.6950000000000001, 'w5': 0.136, 'w6': 0.68, 'w7': 0.07, 'w8': 0.648, 'max_depth': 6, 'min_child_weight': 2, 'subsample': 0.8, 'colsample_bytree': 1.0, 'gamma': 1.0}. Best is trial 1485 with value: 0.6271580594187368.
[I 2023-10-11 16:17:26,591] Trial 1505 finished with value: 0.5938596143890349 and parameters: {'w0': 0.266, 'w1': 0.964, 'w2': 0.064, 'w3': 0.5670000000000001, 'w4': 0.726, 'w5': 0.138, 'w6': 0.6930000000000001, 'w7': 0.026000000000000002, 'w8': 0.604, 'max_depth': 6, 'min_child_weight': 2, 'subsample': 0.8, 'colsample_bytree': 1.0, 'gamma': 0.4}. Best is trial 1485 with value: 0.6271580594187368.
[I 2023-10-11 16:17:29,038] Trial 1506 finished with value: 0.5604319409603998 and parameters: {'w0': 0.268, 'w1': 0.916, 'w2': 0.041, 'w3': 0.549, 'w4': 0.728, 'w5': 0.153, 'w6': 0.652, 'w7': 0.005, 'w8': 0.601, 'max_depth': 6, 'min_child_weight': 2, 'subsample': 0.8, 'colsample_bytree': 1.0, 'gamma': 0.4}. Best is trial 1485 with value: 0.6271580594187368.
[I 2023-10-11 16:17:51,411] Trial 1504 finished with value: 0.5905740313005534 and parameters: {'w0': 0.259, 'w1': 0.965, 'w2': 0.059000000000000004, 'w3': 0.553, 'w4': 0.8170000000000001, 'w5': 0.148, 'w6': 0.678, 'w7': 0.197, 'w8': 0.607, 'max_depth': 6, 'min_child_weight': 2, 'subsample': 0.8, 'colsample_bytree': 0.8, 'gamma': 0.4}. Best is trial 1485 with value: 0.6271580594187368.
[I 2023-10-11 16:18:06,233] Trial 1507 finished with value: 0.5968078787663638 and parameters: {'w0': 0.26, 'w1': 0.9490000000000001, 'w2': 0.097, 'w3': 0.552, 'w4': 0.762, 'w5': 0.138, 'w6': 0.732, 'w7': 0.033, 'w8': 0.6, 'max_depth': 6, 'min_child_weight': 2, 'subsample': 0.8, 'colsample_bytree': 0.8, 'gamma': 0.4}. Best is trial 1485 with value: 0.6271580594187368.
[I 2023-10-11 16:18:22,994] Trial 1514 finished with value: 0.5908957426497369 and parameters: {'w0': 0.257, 'w1': 0.914, 'w2': 0.048, 'w3': 0.557, 'w4': 0.714, 'w5': 0.124, 'w6': 0.683, 'w7': 0.07100000000000001, 'w8': 0.595, 'max_depth': 6, 'min_child_weight': 2, 'subsample': 0.8, 'colsample_bytree': 1.0, 'gamma': 1.0}. Best is trial 1485 with value: 0.6271580594187368.
[I 2023-10-11 16:18:23,301] Trial 1515 finished with value: 0.6003851242213704 and parameters: {'w0': 0.258, 'w1': 0.935, 'w2': 0.057, 'w3': 0.553, 'w4': 0.705, 'w5': 0.11900000000000001, 'w6': 0.6880000000000001, 'w7': 0.07, 'w8': 0.596, 'max_depth': 6, 'min_child_weight': 2, 'subsample': 0.8, 'colsample_bytree': 1.0, 'gamma': 1.0}. Best is trial 1485 with value: 0.6271580594187368.
[I 2023-10-11 16:20:01,524] Trial 1513 finished with value: 0.5922099914949449 and parameters: {'w0': 0.263, 'w1': 0.927, 'w2': 0.73, 'w3': 0.553, 'w4': 0.72, 'w5': 0.14200000000000002, 'w6': 0.6940000000000001, 'w7': 0.069, 'w8': 0.648, 'max_depth': 6, 'min_child_weight': 2, 'subsample': 0.8, 'colsample_bytree': 1.0, 'gamma': 1.0}. Best is trial 1485 with value: 0.6271580594187368.
[I 2023-10-11 16:22:57,929] Trial 1516 finished with value: 0.6032399395035657 and parameters: {'w0': 0.266, 'w1': 0.796, 'w2': 0.246, 'w3': 0.558, 'w4': 0.733, 'w5': 0.128, 'w6': 0.6890000000000001, 'w7': 0.07200000000000001, 'w8': 0.589, 'max_depth': 6, 'min_child_weight': 2, 'subsample': 0.8, 'colsample_bytree': 1.0, 'gamma': 1.0}. Best is trial 1485 with value: 0.6271580594187368.
[I 2023-10-11 16:25:19,536] Trial 1518 finished with value: 0.5755727643044007 and parameters: {'w0': 0.262, 'w1': 0.989, 'w2': 0.058, 'w3': 0.556, 'w4': 0.72, 'w5': 0.14200000000000002, 'w6': 0.679, 'w7': 0.028, 'w8': 0.592, 'max_depth': 6, 'min_child_weight': 4, 'subsample': 0.8, 'colsample_bytree': 1.0, 'gamma': 1.0}. Best is trial 1485 with value: 0.6271580594187368.
[I 2023-10-11 16:25:50,730] Trial 1520 finished with value: 0.6016933848079653 and parameters: {'w0': 0.262, 'w1': 0.9430000000000001, 'w2': 0.063, 'w3': 0.5630000000000001, 'w4': 0.727, 'w5': 0.13, 'w6': 0.716, 'w7': 0.08800000000000001, 'w8': 0.588, 'max_depth': 6, 'min_child_weight': 4, 'subsample': 0.8, 'colsample_bytree': 1.0, 'gamma': 1.0}. Best is trial 1485 with value: 0.6271580594187368.
[I 2023-10-11 16:27:13,736] Trial 1521 finished with value: 0.6027447545679616 and parameters: {'w0': 0.262, 'w1': 0.978, 'w2': 0.23900000000000002, 'w3': 0.544, 'w4': 0.8130000000000001, 'w5': 0.137, 'w6': 0.723, 'w7': 0.084, 'w8': 0.593, 'max_depth': 6, 'min_child_weight': 4, 'subsample': 0.8, 'colsample_bytree': 1.0, 'gamma': 1.0}. Best is trial 1485 with value: 0.6271580594187368.
[I 2023-10-11 16:29:16,603] Trial 1517 finished with value: 0.592589298097978 and parameters: {'w0': 0.26, 'w1': 0.9460000000000001, 'w2': 0.245, 'w3': 0.556, 'w4': 0.759, 'w5': 0.138, 'w6': 0.705, 'w7': 0.602, 'w8': 0.593, 'max_depth': 6, 'min_child_weight': 4, 'subsample': 0.8, 'colsample_bytree': 1.0, 'gamma': 1.0}. Best is trial 1485 with value: 0.6271580594187368.
[I 2023-10-11 16:30:14,507] Trial 1522 finished with value: 0.6040628731103499 and parameters: {'w0': 0.255, 'w1': 0.912, 'w2': 0.23, 'w3': 0.5640000000000001, 'w4': 0.729, 'w5': 0.14500000000000002, 'w6': 0.717, 'w7': 0.075, 'w8': 0.594, 'max_depth': 6, 'min_child_weight': 4, 'subsample': 0.8, 'colsample_bytree': 1.0, 'gamma': 1.0}. Best is trial 1485 with value: 0.6271580594187368.
[I 2023-10-11 16:30:53,177] Trial 1519 finished with value: 0.5778083865974525 and parameters: {'w0': 0.253, 'w1': 0.9500000000000001, 'w2': 0.253, 'w3': 0.552, 'w4': 0.767, 'w5': 0.128, 'w6': 0.717, 'w7': 0.9490000000000001, 'w8': 0.596, 'max_depth': 6, 'min_child_weight': 4, 'subsample': 0.8, 'colsample_bytree': 1.0, 'gamma': 1.0}. Best is trial 1485 with value: 0.6271580594187368.
[I 2023-10-11 16:32:34,404] Trial 1523 finished with value: 0.625644352669871 and parameters: {'w0': 0.257, 'w1': 0.9590000000000001, 'w2': 0.229, 'w3': 0.5700000000000001, 'w4': 0.8150000000000001, 'w5': 0.13, 'w6': 0.7040000000000001, 'w7': 0.198, 'w8': 0.592, 'max_depth': 6, 'min_child_weight': 4, 'subsample': 0.8, 'colsample_bytree': 1.0, 'gamma': 1.0}. Best is trial 1485 with value: 0.6271580594187368.
[I 2023-10-11 16:33:46,886] Trial 1526 finished with value: 0.6054997652461691 and parameters: {'w0': 0.257, 'w1': 0.9410000000000001, 'w2': 0.228, 'w3': 0.5750000000000001, 'w4': 0.763, 'w5': 0.14300000000000002, 'w6': 0.732, 'w7': 0.083, 'w8': 0.644, 'max_depth': 6, 'min_child_weight': 4, 'subsample': 0.8, 'colsample_bytree': 0.8, 'gamma': 1.0}. Best is trial 1485 with value: 0.6271580594187368.
[I 2023-10-11 16:33:54,671] Trial 1524 finished with value: 0.5979449188810947 and parameters: {'w0': 0.47700000000000004, 'w1': 0.9520000000000001, 'w2': 0.248, 'w3': 0.5710000000000001, 'w4': 0.733, 'w5': 0.158, 'w6': 0.708, 'w7': 0.082, 'w8': 0.589, 'max_depth': 6, 'min_child_weight': 4, 'subsample': 0.8, 'colsample_bytree': 1.0, 'gamma': 1.0}. Best is trial 1485 with value: 0.6271580594187368.
[I 2023-10-11 16:34:25,631] Trial 1528 finished with value: 0.6025174495875459 and parameters: {'w0': 0.22, 'w1': 0.906, 'w2': 0.229, 'w3': 0.5720000000000001, 'w4': 0.789, 'w5': 0.16, 'w6': 0.732, 'w7': 0.07, 'w8': 0.585, 'max_depth': 6, 'min_child_weight': 4, 'subsample': 0.8, 'colsample_bytree': 1.0, 'gamma': 1.0}. Best is trial 1485 with value: 0.6271580594187368.
[I 2023-10-11 16:34:56,016] Trial 1527 finished with value: 0.6246051901478911 and parameters: {'w0': 0.252, 'w1': 0.936, 'w2': 0.227, 'w3': 0.5700000000000001, 'w4': 0.709, 'w5': 0.112, 'w6': 0.731, 'w7': 0.194, 'w8': 0.593, 'max_depth': 6, 'min_child_weight': 4, 'subsample': 0.8, 'colsample_bytree': 0.8, 'gamma': 1.0}. Best is trial 1485 with value: 0.6271580594187368.
[I 2023-10-11 16:35:05,669] Trial 1529 finished with value: 0.601838536752584 and parameters: {'w0': 0.223, 'w1': 0.795, 'w2': 0.254, 'w3': 0.5730000000000001, 'w4': 0.792, 'w5': 0.178, 'w6': 0.712, 'w7': 0.085, 'w8': 0.643, 'max_depth': 6, 'min_child_weight': 4, 'subsample': 0.8, 'colsample_bytree': 1.0, 'gamma': 1.0}. Best is trial 1485 with value: 0.6271580594187368.
[I 2023-10-11 16:35:13,712] Trial 1530 finished with value: 0.6228903718092538 and parameters: {'w0': 0.222, 'w1': 0.998, 'w2': 0.228, 'w3': 0.5690000000000001, 'w4': 0.794, 'w5': 0.112, 'w6': 0.705, 'w7': 0.195, 'w8': 0.584, 'max_depth': 6, 'min_child_weight': 4, 'subsample': 0.8, 'colsample_bytree': 0.8, 'gamma': 1.0}. Best is trial 1485 with value: 0.6271580594187368.
[I 2023-10-11 16:35:20,838] Trial 1525 finished with value: 0.6164943198883281 and parameters: {'w0': 0.444, 'w1': 0.9390000000000001, 'w2': 0.157, 'w3': 0.5730000000000001, 'w4': 0.685, 'w5': 0.122, 'w6': 0.733, 'w7': 0.195, 'w8': 0.582, 'max_depth': 6, 'min_child_weight': 4, 'subsample': 0.8, 'colsample_bytree': 1.0, 'gamma': 1.0}. Best is trial 1485 with value: 0.6271580594187368.
