[I 2023-10-12 09:51:56,396] Trial 485 finished with value: 0.5936989631730313 and parameters: {'w0': 0.521, 'w1': 0.9530000000000001, 'w2': 0.34900000000000003, 'w3': 0.47100000000000003, 'w4': 0.979, 'w5': 0.117, 'w6': 0.9510000000000001, 'w7': 0.305, 'w8': 0.8320000000000001, 'max_depth': 8, 'min_child_weight': 4, 'subsample': 0.9000000000000001, 'colsample_bytree': 0.9000000000000001, 'gamma': 3.6}. Best is trial 374 with value: 0.5972984243800201.
[I 2023-10-12 09:52:31,265] Trial 483 finished with value: 0.5894017365084321 and parameters: {'w0': 0.557, 'w1': 0.9570000000000001, 'w2': 0.392, 'w3': 0.505, 'w4': 0.974, 'w5': 0.117, 'w6': 0.995, 'w7': 0.38, 'w8': 0.8240000000000001, 'max_depth': 8, 'min_child_weight': 4, 'subsample': 0.9000000000000001, 'colsample_bytree': 0.9000000000000001, 'gamma': 3.0}. Best is trial 374 with value: 0.5972984243800201.
[I 2023-10-12 09:55:11,916] Trial 487 finished with value: 0.5948626901677231 and parameters: {'w0': 0.527, 'w1': 0.9530000000000001, 'w2': 0.34900000000000003, 'w3': 0.604, 'w4': 0.978, 'w5': 0.057, 'w6': 0.9480000000000001, 'w7': 0.328, 'w8': 0.8240000000000001, 'max_depth': 8, 'min_child_weight': 4, 'subsample': 0.8, 'colsample_bytree': 0.9000000000000001, 'gamma': 3.8000000000000003}. Best is trial 374 with value: 0.5972984243800201.
[I 2023-10-12 09:55:49,351] Trial 486 finished with value: 0.5826481567627929 and parameters: {'w0': 0.649, 'w1': 0.9470000000000001, 'w2': 0.307, 'w3': 0.6, 'w4': 0.98, 'w5': 0.11800000000000001, 'w6': 0.9440000000000001, 'w7': 0.376, 'w8': 0.8280000000000001, 'max_depth': 8, 'min_child_weight': 4, 'subsample': 0.9000000000000001, 'colsample_bytree': 0.9000000000000001, 'gamma': 2.8000000000000003}. Best is trial 374 with value: 0.5972984243800201.
[I 2023-10-12 09:57:48,089] Trial 489 finished with value: 0.5921376311690103 and parameters: {'w0': 0.651, 'w1': 0.9480000000000001, 'w2': 0.377, 'w3': 0.463, 'w4': 0.98, 'w5': 0.057, 'w6': 0.9490000000000001, 'w7': 0.31, 'w8': 0.8320000000000001, 'max_depth': 8, 'min_child_weight': 4, 'subsample': 0.8, 'colsample_bytree': 0.9000000000000001, 'gamma': 3.8000000000000003}. Best is trial 374 with value: 0.5972984243800201.
[I 2023-10-12 09:57:49,513] Trial 488 finished with value: 0.5918942374319024 and parameters: {'w0': 0.657, 'w1': 0.9500000000000001, 'w2': 0.355, 'w3': 0.602, 'w4': 0.978, 'w5': 0.121, 'w6': 0.9460000000000001, 'w7': 0.311, 'w8': 0.8220000000000001, 'max_depth': 8, 'min_child_weight': 4, 'subsample': 0.8, 'colsample_bytree': 0.9000000000000001, 'gamma': 2.6}. Best is trial 374 with value: 0.5972984243800201.
[I 2023-10-12 09:59:39,559] Trial 490 finished with value: 0.5935907418143334 and parameters: {'w0': 0.6940000000000001, 'w1': 0.9520000000000001, 'w2': 0.357, 'w3': 0.461, 'w4': 0.98, 'w5': 0.058, 'w6': 0.998, 'w7': 0.324, 'w8': 0.8300000000000001, 'max_depth': 8, 'min_child_weight': 4, 'subsample': 0.8, 'colsample_bytree': 0.9000000000000001, 'gamma': 2.6}. Best is trial 374 with value: 0.5972984243800201.
[I 2023-10-12 10:00:43,558] Trial 493 finished with value: 0.588833094487582 and parameters: {'w0': 0.524, 'w1': 0.9530000000000001, 'w2': 0.336, 'w3': 0.606, 'w4': 0.981, 'w5': 0.057, 'w6': 0.961, 'w7': 0.371, 'w8': 0.8220000000000001, 'max_depth': 7, 'min_child_weight': 4, 'subsample': 0.8, 'colsample_bytree': 0.9000000000000001, 'gamma': 3.6}. Best is trial 374 with value: 0.5972984243800201.
[I 2023-10-12 10:00:49,608] Trial 491 finished with value: 0.550597627204715 and parameters: {'w0': 0.522, 'w1': 0.9510000000000001, 'w2': 0.429, 'w3': 0.606, 'w4': 0.979, 'w5': 0.058, 'w6': 0.046, 'w7': 0.377, 'w8': 0.837, 'max_depth': 7, 'min_child_weight': 4, 'subsample': 0.8, 'colsample_bytree': 0.9000000000000001, 'gamma': 2.6}. Best is trial 374 with value: 0.5972984243800201.
[I 2023-10-12 10:00:56,240] Trial 492 finished with value: 0.5894365505780592 and parameters: {'w0': 0.6950000000000001, 'w1': 0.9520000000000001, 'w2': 0.385, 'w3': 0.601, 'w4': 0.981, 'w5': 0.060000000000000005, 'w6': 0.997, 'w7': 0.382, 'w8': 0.862, 'max_depth': 7, 'min_child_weight': 4, 'subsample': 0.8, 'colsample_bytree': 0.9000000000000001, 'gamma': 3.6}. Best is trial 374 with value: 0.5972984243800201.
[I 2023-10-12 10:01:41,284] Trial 494 finished with value: 0.5883039338604135 and parameters: {'w0': 0.662, 'w1': 0.9500000000000001, 'w2': 0.389, 'w3': 0.601, 'w4': 0.978, 'w5': 0.065, 'w6': 0.962, 'w7': 0.317, 'w8': 0.857, 'max_depth': 7, 'min_child_weight': 4, 'subsample': 0.8, 'colsample_bytree': 0.9000000000000001, 'gamma': 3.8000000000000003}. Best is trial 374 with value: 0.5972984243800201.
[I 2023-10-12 10:02:24,830] Trial 495 finished with value: 0.5893740228213545 and parameters: {'w0': 0.649, 'w1': 0.9520000000000001, 'w2': 0.353, 'w3': 0.461, 'w4': 0.979, 'w5': 0.056, 'w6': 0.536, 'w7': 0.322, 'w8': 0.8250000000000001, 'max_depth': 7, 'min_child_weight': 4, 'subsample': 0.8, 'colsample_bytree': 0.9000000000000001, 'gamma': 3.4000000000000004}. Best is trial 374 with value: 0.5972984243800201.
[I 2023-10-12 10:02:57,519] Trial 497 finished with value: 0.5940311269463525 and parameters: {'w0': 0.602, 'w1': 0.9510000000000001, 'w2': 0.353, 'w3': 0.457, 'w4': 0.9430000000000001, 'w5': 0.061, 'w6': 1.0, 'w7': 0.376, 'w8': 0.847, 'max_depth': 7, 'min_child_weight': 4, 'subsample': 0.8, 'colsample_bytree': 0.9000000000000001, 'gamma': 3.4000000000000004}. Best is trial 374 with value: 0.5972984243800201.
[I 2023-10-12 10:03:01,089] Trial 496 finished with value: 0.5918211209288691 and parameters: {'w0': 0.526, 'w1': 0.9490000000000001, 'w2': 0.34900000000000003, 'w3': 0.604, 'w4': 1.0, 'w5': 0.059000000000000004, 'w6': 0.998, 'w7': 0.383, 'w8': 0.846, 'max_depth': 7, 'min_child_weight': 4, 'subsample': 0.9000000000000001, 'colsample_bytree': 0.9000000000000001, 'gamma': 2.6}. Best is trial 374 with value: 0.5972984243800201.
[I 2023-10-12 10:04:26,434] Trial 500 finished with value: 0.5939242717492674 and parameters: {'w0': 0.525, 'w1': 0.9480000000000001, 'w2': 0.34900000000000003, 'w3': 0.643, 'w4': 1.0, 'w5': 0.057, 'w6': 0.919, 'w7': 0.28900000000000003, 'w8': 0.858, 'max_depth': 7, 'min_child_weight': 4, 'subsample': 0.8, 'colsample_bytree': 0.9000000000000001, 'gamma': 2.6}. Best is trial 374 with value: 0.5972984243800201.
[I 2023-10-12 10:04:32,338] Trial 498 finished with value: 0.5902075843550134 and parameters: {'w0': 0.656, 'w1': 0.9490000000000001, 'w2': 0.336, 'w3': 0.607, 'w4': 0.9430000000000001, 'w5': 0.030000000000000002, 'w6': 1.0, 'w7': 0.313, 'w8': 0.854, 'max_depth': 7, 'min_child_weight': 4, 'subsample': 0.8, 'colsample_bytree': 0.9000000000000001, 'gamma': 2.6}. Best is trial 374 with value: 0.5972984243800201.
[I 2023-10-12 10:04:39,686] Trial 499 finished with value: 0.5786067476304562 and parameters: {'w0': 0.657, 'w1': 0.9490000000000001, 'w2': 0.357, 'w3': 0.646, 'w4': 1.0, 'w5': 0.058, 'w6': 0.971, 'w7': 0.378, 'w8': 0.367, 'max_depth': 7, 'min_child_weight': 4, 'subsample': 0.8, 'colsample_bytree': 0.9000000000000001, 'gamma': 2.6}. Best is trial 374 with value: 0.5972984243800201.
[I 2023-10-12 10:05:01,797] Trial 501 finished with value: 0.5959488950588188 and parameters: {'w0': 0.525, 'w1': 0.9500000000000001, 'w2': 0.353, 'w3': 0.61, 'w4': 1.0, 'w5': 0.052000000000000005, 'w6': 0.964, 'w7': 0.305, 'w8': 0.862, 'max_depth': 7, 'min_child_weight': 4, 'subsample': 0.8, 'colsample_bytree': 0.9000000000000001, 'gamma': 2.6}. Best is trial 374 with value: 0.5972984243800201.
[I 2023-10-12 10:06:06,533] Trial 502 finished with value: 0.5924659101259823 and parameters: {'w0': 0.52, 'w1': 0.9460000000000001, 'w2': 0.34600000000000003, 'w3': 0.462, 'w4': 0.9460000000000001, 'w5': 0.058, 'w6': 0.965, 'w7': 0.28500000000000003, 'w8': 0.854, 'max_depth': 7, 'min_child_weight': 4, 'subsample': 0.8, 'colsample_bytree': 0.9000000000000001, 'gamma': 3.6}. Best is trial 374 with value: 0.5972984243800201.
[I 2023-10-12 10:06:54,905] Trial 503 finished with value: 0.5922225117560223 and parameters: {'w0': 0.525, 'w1': 0.9460000000000001, 'w2': 0.343, 'w3': 0.619, 'w4': 0.9450000000000001, 'w5': 0.065, 'w6': 0.973, 'w7': 0.322, 'w8': 0.855, 'max_depth': 7, 'min_child_weight': 4, 'subsample': 0.8, 'colsample_bytree': 0.9000000000000001, 'gamma': 3.6}. Best is trial 374 with value: 0.5972984243800201.
[I 2023-10-12 10:09:01,990] Trial 504 finished with value: 0.5920687831908558 and parameters: {'w0': 0.523, 'w1': 0.9490000000000001, 'w2': 0.34400000000000003, 'w3': 0.65, 'w4': 0.9410000000000001, 'w5': 0.052000000000000005, 'w6': 0.967, 'w7': 0.324, 'w8': 0.795, 'max_depth': 7, 'min_child_weight': 4, 'subsample': 0.8, 'colsample_bytree': 0.9000000000000001, 'gamma': 3.6}. Best is trial 374 with value: 0.5972984243800201.
[I 2023-10-12 10:09:25,197] Trial 505 finished with value: 0.5899496016014846 and parameters: {'w0': 0.522, 'w1': 0.9410000000000001, 'w2': 0.361, 'w3': 0.647, 'w4': 1.0, 'w5': 0.030000000000000002, 'w6': 0.968, 'w7': 0.326, 'w8': 0.808, 'max_depth': 7, 'min_child_weight': 4, 'subsample': 0.8, 'colsample_bytree': 0.9000000000000001, 'gamma': 3.4000000000000004}. Best is trial 374 with value: 0.5972984243800201.
[I 2023-10-12 10:10:50,533] Trial 506 finished with value: 0.5852050745574602 and parameters: {'w0': 0.523, 'w1': 0.9490000000000001, 'w2': 0.339, 'w3': 0.646, 'w4': 1.0, 'w5': 0.026000000000000002, 'w6': 0.97, 'w7': 0.28300000000000003, 'w8': 0.849, 'max_depth': 7, 'min_child_weight': 4, 'subsample': 0.8, 'colsample_bytree': 0.9000000000000001, 'gamma': 3.4000000000000004}. Best is trial 374 with value: 0.5972984243800201.
[I 2023-10-12 10:11:27,395] Trial 507 finished with value: 0.5863423839640374 and parameters: {'w0': 0.525, 'w1': 0.982, 'w2': 0.328, 'w3': 0.558, 'w4': 0.9430000000000001, 'w5': 0.036000000000000004, 'w6': 0.916, 'w7': 0.275, 'w8': 0.857, 'max_depth': 7, 'min_child_weight': 4, 'subsample': 0.9000000000000001, 'colsample_bytree': 0.9000000000000001, 'gamma': 3.4000000000000004}. Best is trial 374 with value: 0.5972984243800201.
[I 2023-10-12 10:11:28,793] Trial 508 finished with value: 0.5844591258773335 and parameters: {'w0': 0.52, 'w1': 0.984, 'w2': 0.326, 'w3': 0.559, 'w4': 0.9450000000000001, 'w5': 0.024, 'w6': 0.965, 'w7': 0.298, 'w8': 0.788, 'max_depth': 7, 'min_child_weight': 6, 'subsample': 0.9000000000000001, 'colsample_bytree': 0.9000000000000001, 'gamma': 3.6}. Best is trial 374 with value: 0.5972984243800201.
[I 2023-10-12 10:11:42,658] Trial 509 finished with value: 0.5908284540422287 and parameters: {'w0': 0.524, 'w1': 0.983, 'w2': 0.378, 'w3': 0.561, 'w4': 0.9520000000000001, 'w5': 0.059000000000000004, 'w6': 0.964, 'w7': 0.322, 'w8': 0.854, 'max_depth': 7, 'min_child_weight': 6, 'subsample': 0.9000000000000001, 'colsample_bytree': 0.9000000000000001, 'gamma': 3.4000000000000004}. Best is trial 374 with value: 0.5972984243800201.
[I 2023-10-12 10:11:57,380] Trial 510 finished with value: 0.5613228976869657 and parameters: {'w0': 0.525, 'w1': 0.981, 'w2': 0.323, 'w3': 0.647, 'w4': 0.9510000000000001, 'w5': 0.039, 'w6': 0.28200000000000003, 'w7': 0.325, 'w8': 0.365, 'max_depth': 7, 'min_child_weight': 6, 'subsample': 0.9000000000000001, 'colsample_bytree': 0.9000000000000001, 'gamma': 3.4000000000000004}. Best is trial 374 with value: 0.5972984243800201.
[I 2023-10-12 10:12:55,410] Trial 511 finished with value: 0.5797917139549117 and parameters: {'w0': 0.523, 'w1': 0.983, 'w2': 0.337, 'w3': 0.561, 'w4': 1.0, 'w5': 0.029, 'w6': 0.916, 'w7': 0.391, 'w8': 0.859, 'max_depth': 7, 'min_child_weight': 6, 'subsample': 0.9000000000000001, 'colsample_bytree': 0.9000000000000001, 'gamma': 3.4000000000000004}. Best is trial 374 with value: 0.5972984243800201.
[I 2023-10-12 10:14:15,308] Trial 513 finished with value: 0.5843855504716094 and parameters: {'w0': 0.595, 'w1': 0.984, 'w2': 0.34700000000000003, 'w3': 0.643, 'w4': 0.9480000000000001, 'w5': 0.041, 'w6': 0.967, 'w7': 0.28200000000000003, 'w8': 0.803, 'max_depth': 7, 'min_child_weight': 6, 'subsample': 0.8, 'colsample_bytree': 0.9000000000000001, 'gamma': 3.6}. Best is trial 374 with value: 0.5972984243800201.
[I 2023-10-12 10:14:29,303] Trial 515 finished with value: 0.5736616860544088 and parameters: {'w0': 0.596, 'w1': 0.983, 'w2': 0.317, 'w3': 0.645, 'w4': 0.9410000000000001, 'w5': 0.031, 'w6': 0.968, 'w7': 0.364, 'w8': 0.789, 'max_depth': 7, 'min_child_weight': 6, 'subsample': 0.8, 'colsample_bytree': 0.9000000000000001, 'gamma': 5.6000000000000005}. Best is trial 374 with value: 0.5972984243800201.
[I 2023-10-12 10:15:30,212] Trial 514 finished with value: 0.5816118146355547 and parameters: {'w0': 0.603, 'w1': 0.979, 'w2': 0.33, 'w3': 0.562, 'w4': 0.9430000000000001, 'w5': 0.024, 'w6': 0.97, 'w7': 0.281, 'w8': 0.805, 'max_depth': 7, 'min_child_weight': 6, 'subsample': 0.8, 'colsample_bytree': 0.9000000000000001, 'gamma': 3.4000000000000004}. Best is trial 374 with value: 0.5972984243800201.
[I 2023-10-12 10:16:51,525] Trial 517 finished with value: 0.5881884706741461 and parameters: {'w0': 0.603, 'w1': 0.983, 'w2': 0.34, 'w3': 0.648, 'w4': 0.9430000000000001, 'w5': 0.046, 'w6': 0.97, 'w7': 0.299, 'w8': 0.806, 'max_depth': 7, 'min_child_weight': 6, 'subsample': 0.8, 'colsample_bytree': 0.9000000000000001, 'gamma': 3.4000000000000004}. Best is trial 374 with value: 0.5972984243800201.
[I 2023-10-12 10:17:07,410] Trial 516 finished with value: 0.5862823425424737 and parameters: {'w0': 0.597, 'w1': 0.983, 'w2': 0.249, 'w3': 0.561, 'w4': 0.9460000000000001, 'w5': 0.034, 'w6': 0.972, 'w7': 0.269, 'w8': 0.859, 'max_depth': 7, 'min_child_weight': 6, 'subsample': 0.8, 'colsample_bytree': 0.9000000000000001, 'gamma': 2.8000000000000003}. Best is trial 374 with value: 0.5972984243800201.
[I 2023-10-12 10:17:42,103] Trial 518 finished with value: 0.5868980233769874 and parameters: {'w0': 0.536, 'w1': 0.982, 'w2': 0.326, 'w3': 0.645, 'w4': 0.9440000000000001, 'w5': 0.042, 'w6': 0.974, 'w7': 0.277, 'w8': 0.792, 'max_depth': 7, 'min_child_weight': 6, 'subsample': 0.8, 'colsample_bytree': 0.9000000000000001, 'gamma': 3.4000000000000004}. Best is trial 374 with value: 0.5972984243800201.
[I 2023-10-12 10:18:40,841] Trial 519 finished with value: 0.5775555450170426 and parameters: {'w0': 0.597, 'w1': 0.984, 'w2': 0.381, 'w3': 0.648, 'w4': 0.9580000000000001, 'w5': 0.033, 'w6': 0.971, 'w7': 0.261, 'w8': 0.793, 'max_depth': 7, 'min_child_weight': 6, 'subsample': 0.8, 'colsample_bytree': 0.9000000000000001, 'gamma': 3.4000000000000004}. Best is trial 374 with value: 0.5972984243800201.
[I 2023-10-12 10:20:06,278] Trial 512 finished with value: 0.5766801747825154 and parameters: {'w0': 0.527, 'w1': 0.983, 'w2': 0.328, 'w3': 0.647, 'w4': 0.9450000000000001, 'w5': 0.035, 'w6': 0.961, 'w7': 0.392, 'w8': 0.857, 'max_depth': 7, 'min_child_weight': 4, 'subsample': 0.30000000000000004, 'colsample_bytree': 0.9000000000000001, 'gamma': 3.4000000000000004}. Best is trial 374 with value: 0.5972984243800201.
[I 2023-10-12 10:21:42,210] Trial 520 finished with value: 0.5769746101681198 and parameters: {'w0': 0.541, 'w1': 0.983, 'w2': 0.322, 'w3': 0.562, 'w4': 0.9590000000000001, 'w5': 0.032, 'w6': 0.925, 'w7': 0.4, 'w8': 0.874, 'max_depth': 7, 'min_child_weight': 6, 'subsample': 0.8, 'colsample_bytree': 0.9000000000000001, 'gamma': 2.8000000000000003}. Best is trial 374 with value: 0.5972984243800201.
[I 2023-10-12 10:21:55,706] Trial 521 finished with value: 0.5733052661480839 and parameters: {'w0': 0.602, 'w1': 0.987, 'w2': 0.318, 'w3': 0.56, 'w4': 0.9600000000000001, 'w5': 0.027000000000000003, 'w6': 0.929, 'w7': 0.401, 'w8': 0.872, 'max_depth': 7, 'min_child_weight': 6, 'subsample': 0.8, 'colsample_bytree': 0.9000000000000001, 'gamma': 2.8000000000000003}. Best is trial 374 with value: 0.5972984243800201.
[I 2023-10-12 10:22:12,717] Trial 526 finished with value: 0.583572341169797 and parameters: {'w0': 0.578, 'w1': 0.983, 'w2': 0.376, 'w3': 0.58, 'w4': 0.961, 'w5': 0.089, 'w6': 0.926, 'w7': 0.294, 'w8': 0.869, 'max_depth': 7, 'min_child_weight': 4, 'subsample': 0.8, 'colsample_bytree': 0.9000000000000001, 'gamma': 5.6000000000000005}. Best is trial 374 with value: 0.5972984243800201.
[I 2023-10-12 10:22:59,461] Trial 522 finished with value: 0.571783662186035 and parameters: {'w0': 0.598, 'w1': 0.273, 'w2': 0.326, 'w3': 0.431, 'w4': 0.9570000000000001, 'w5': 0.032, 'w6': 0.917, 'w7': 0.362, 'w8': 0.872, 'max_depth': 7, 'min_child_weight': 6, 'subsample': 0.8, 'colsample_bytree': 0.9000000000000001, 'gamma': 2.8000000000000003}. Best is trial 374 with value: 0.5972984243800201.
[I 2023-10-12 10:24:40,950] Trial 524 finished with value: 0.5849489044175259 and parameters: {'w0': 0.607, 'w1': 0.983, 'w2': 0.376, 'w3': 0.56, 'w4': 0.962, 'w5': 0.034, 'w6': 0.929, 'w7': 0.396, 'w8': 0.879, 'max_depth': 7, 'min_child_weight': 6, 'subsample': 0.8, 'colsample_bytree': 0.9000000000000001, 'gamma': 2.8000000000000003}. Best is trial 374 with value: 0.5972984243800201.
[I 2023-10-12 10:24:49,103] Trial 523 finished with value: 0.585152834000833 and parameters: {'w0': 0.598, 'w1': 0.98, 'w2': 0.323, 'w3': 0.5640000000000001, 'w4': 0.9560000000000001, 'w5': 0.032, 'w6': 0.927, 'w7': 0.359, 'w8': 0.865, 'max_depth': 7, 'min_child_weight': 6, 'subsample': 0.8, 'colsample_bytree': 0.9000000000000001, 'gamma': 2.6}. Best is trial 374 with value: 0.5972984243800201.
[I 2023-10-12 10:25:02,096] Trial 525 finished with value: 0.5892694834465313 and parameters: {'w0': 0.606, 'w1': 0.986, 'w2': 0.378, 'w3': 0.627, 'w4': 0.961, 'w5': 0.08700000000000001, 'w6': 0.925, 'w7': 0.398, 'w8': 0.877, 'max_depth': 7, 'min_child_weight': 6, 'subsample': 0.8, 'colsample_bytree': 0.9000000000000001, 'gamma': 2.8000000000000003}. Best is trial 374 with value: 0.5972984243800201.
[I 2023-10-12 10:26:00,238] Trial 527 finished with value: 0.5948468082144215 and parameters: {'w0': 0.592, 'w1': 0.985, 'w2': 0.38, 'w3': 0.584, 'w4': 0.9590000000000001, 'w5': 0.092, 'w6': 0.928, 'w7': 0.403, 'w8': 0.881, 'max_depth': 7, 'min_child_weight': 4, 'subsample': 0.8, 'colsample_bytree': 0.9000000000000001, 'gamma': 2.8000000000000003}. Best is trial 374 with value: 0.5972984243800201.
[I 2023-10-12 10:27:33,385] Trial 528 finished with value: 0.5927420309206473 and parameters: {'w0': 0.578, 'w1': 0.983, 'w2': 0.382, 'w3': 0.619, 'w4': 0.963, 'w5': 0.089, 'w6': 0.927, 'w7': 0.361, 'w8': 0.879, 'max_depth': 7, 'min_child_weight': 4, 'subsample': 0.8, 'colsample_bytree': 0.9000000000000001, 'gamma': 2.8000000000000003}. Best is trial 374 with value: 0.5972984243800201.
[I 2023-10-12 10:27:41,343] Trial 529 finished with value: 0.5936320399780711 and parameters: {'w0': 0.495, 'w1': 0.984, 'w2': 0.432, 'w3': 0.584, 'w4': 0.962, 'w5': 0.089, 'w6': 0.921, 'w7': 0.404, 'w8': 0.876, 'max_depth': 7, 'min_child_weight': 4, 'subsample': 0.8, 'colsample_bytree': 0.9000000000000001, 'gamma': 2.8000000000000003}. Best is trial 374 with value: 0.5972984243800201.
[I 2023-10-12 10:28:30,126] Trial 530 finished with value: 0.5950750861865541 and parameters: {'w0': 0.5, 'w1': 0.985, 'w2': 0.43, 'w3': 0.621, 'w4': 0.961, 'w5': 0.089, 'w6': 0.925, 'w7': 0.396, 'w8': 0.872, 'max_depth': 7, 'min_child_weight': 4, 'subsample': 0.8, 'colsample_bytree': 0.9000000000000001, 'gamma': 2.8000000000000003}. Best is trial 374 with value: 0.5972984243800201.
[I 2023-10-12 10:28:41,716] Trial 534 finished with value: 0.5849346223395486 and parameters: {'w0': 0.5730000000000001, 'w1': 1.0, 'w2': 0.423, 'w3': 0.434, 'w4': 0.972, 'w5': 0.08600000000000001, 'w6': 0.928, 'w7': 0.392, 'w8': 0.878, 'max_depth': 7, 'min_child_weight': 4, 'subsample': 0.8, 'colsample_bytree': 0.9000000000000001, 'gamma': 6.4}. Best is trial 374 with value: 0.5972984243800201.
[I 2023-10-12 10:29:48,671] Trial 531 finished with value: 0.5939638547191585 and parameters: {'w0': 0.5740000000000001, 'w1': 1.0, 'w2': 0.375, 'w3': 0.583, 'w4': 0.963, 'w5': 0.08700000000000001, 'w6': 0.927, 'w7': 0.403, 'w8': 0.883, 'max_depth': 7, 'min_child_weight': 4, 'subsample': 0.8, 'colsample_bytree': 0.9000000000000001, 'gamma': 2.8000000000000003}. Best is trial 374 with value: 0.5972984243800201.
[I 2023-10-12 10:29:57,263] Trial 533 finished with value: 0.5702848608609571 and parameters: {'w0': 0.485, 'w1': 0.096, 'w2': 0.38, 'w3': 0.584, 'w4': 0.964, 'w5': 0.09, 'w6': 0.918, 'w7': 0.401, 'w8': 0.9, 'max_depth': 7, 'min_child_weight': 4, 'subsample': 0.8, 'colsample_bytree': 0.9000000000000001, 'gamma': 2.8000000000000003}. Best is trial 374 with value: 0.5972984243800201.
[I 2023-10-12 10:30:23,281] Trial 532 finished with value: 0.5940797600064656 and parameters: {'w0': 0.49, 'w1': 0.983, 'w2': 0.428, 'w3': 0.584, 'w4': 0.971, 'w5': 0.08600000000000001, 'w6': 0.93, 'w7': 0.403, 'w8': 0.882, 'max_depth': 7, 'min_child_weight': 4, 'subsample': 0.8, 'colsample_bytree': 0.9000000000000001, 'gamma': 2.8000000000000003}. Best is trial 374 with value: 0.5972984243800201.
[I 2023-10-12 10:32:39,698] Trial 535 finished with value: 0.5959281432467833 and parameters: {'w0': 0.488, 'w1': 0.997, 'w2': 0.424, 'w3': 0.429, 'w4': 0.965, 'w5': 0.08700000000000001, 'w6': 0.927, 'w7': 0.358, 'w8': 0.879, 'max_depth': 7, 'min_child_weight': 4, 'subsample': 0.8, 'colsample_bytree': 0.9000000000000001, 'gamma': 2.8000000000000003}. Best is trial 374 with value: 0.5972984243800201.
[I 2023-10-12 10:34:07,772] Trial 538 finished with value: 0.570601284893628 and parameters: {'w0': 0.115, 'w1': 0.965, 'w2': 0.429, 'w3': 0.582, 'w4': 0.966, 'w5': 0.09, 'w6': 0.907, 'w7': 0.364, 'w8': 0.889, 'max_depth': 7, 'min_child_weight': 4, 'subsample': 0.8, 'colsample_bytree': 0.9000000000000001, 'gamma': 2.8000000000000003}. Best is trial 374 with value: 0.5972984243800201.
