/home/scody/explore-sda/explore_commons.py:29: DtypeWarning: Columns (2,22,62,63,64,123,163,164,165,224,264,265,266,325,365,366,367,425,426,431,432,434,435,436) have mixed types. Specify dtype option on import or set low_memory=False.
  df = pd.read_csv(dataloc_data, skiprows=num_header_lines, header=None, delimiter=delimiter_used, dtype={0: str})
/home/scody/explore-sda/explore_commons.py:188: PerformanceWarning: indexing past lexsort depth may impact performance.
  pyssed_failed = np.array([i[0] for i in data[('Fitted', 'Teff', 'Value')].eq(0).values]
/home/scody/explore-sda/explore_commons.py:189: PerformanceWarning: indexing past lexsort depth may impact performance.
  and [i[0] for i in data[('Fitted', 'Lum', 'Value')].eq(0).values])
/home/scody/explore-sda/explore_commons.py:288: PerformanceWarning: indexing past lexsort depth may impact performance.
  coords = SkyCoord(data[("Adopted", "RA", "Value")].values * u.degree, data[("Adopted", "Dec", "Value")].values * u.degree)
/home/scody/explore-sda/explore_commons.py:291: PerformanceWarning: indexing past lexsort depth may impact performance.
  data[("Adopted", "RA", "Value")] = coord1
/home/scody/explore-sda/explore_commons.py:292: PerformanceWarning: indexing past lexsort depth may impact performance.
  data[("Adopted", "Dec", "Value")] = coord2
[I 2023-10-10 11:42:18,708] A new study created in memory with name: no-name-1bba7363-bbf2-4b7a-95a6-4b52bdb2bda3
[I 2023-10-10 11:52:50,114] Trial 11 finished with value: 0.45631099708852185 and parameters: {'w0': 0.751, 'w1': 0.37, 'w2': 0.581, 'w3': 0.405, 'w4': 0.325, 'w5': 0.371, 'w6': 0.122, 'w7': 0.2, 'w8': 0.8210000000000001, 'max_depth': 6, 'min_child_weight': 6, 'subsample': 0.30000000000000004, 'colsample_bytree': 0.5, 'gamma': 9.600000000000001}. Best is trial 11 with value: 0.45631099708852185.
[I 2023-10-10 11:52:50,713] Trial 6 finished with value: 0.416430016382196 and parameters: {'w0': 0.6980000000000001, 'w1': 0.883, 'w2': 0.225, 'w3': 0.001, 'w4': 0.901, 'w5': 0.181, 'w6': 0.506, 'w7': 0.977, 'w8': 0.637, 'max_depth': 4, 'min_child_weight': 6, 'subsample': 1.0, 'colsample_bytree': 0.3, 'gamma': 5.0}. Best is trial 11 with value: 0.45631099708852185.
[I 2023-10-10 11:52:51,663] Trial 15 finished with value: 0.45947706051439596 and parameters: {'w0': 0.368, 'w1': 0.265, 'w2': 0.5720000000000001, 'w3': 0.836, 'w4': 0.715, 'w5': 0.633, 'w6': 0.385, 'w7': 0.096, 'w8': 0.606, 'max_depth': 7, 'min_child_weight': 20, 'subsample': 0.30000000000000004, 'colsample_bytree': 0.4, 'gamma': 8.6}. Best is trial 15 with value: 0.45947706051439596.
[I 2023-10-10 11:52:54,683] Trial 14 finished with value: 0.4479024569888189 and parameters: {'w0': 0.226, 'w1': 0.494, 'w2': 0.387, 'w3': 0.1, 'w4': 0.454, 'w5': 0.482, 'w6': 0.018000000000000002, 'w7': 0.444, 'w8': 0.228, 'max_depth': 3, 'min_child_weight': 16, 'subsample': 0.6000000000000001, 'colsample_bytree': 0.4, 'gamma': 6.4}. Best is trial 15 with value: 0.45947706051439596.
[I 2023-10-10 11:53:08,155] Trial 5 finished with value: 0.48861423856784275 and parameters: {'w0': 0.6950000000000001, 'w1': 0.709, 'w2': 0.885, 'w3': 0.902, 'w4': 0.502, 'w5': 0.46900000000000003, 'w6': 0.252, 'w7': 0.134, 'w8': 0.991, 'max_depth': 3, 'min_child_weight': 12, 'subsample': 1.0, 'colsample_bytree': 0.6000000000000001, 'gamma': 3.8000000000000003}. Best is trial 5 with value: 0.48861423856784275.
[I 2023-10-10 11:53:16,536] Trial 4 finished with value: 0.5196193896725323 and parameters: {'w0': 0.273, 'w1': 0.9520000000000001, 'w2': 0.48000000000000004, 'w3': 0.10200000000000001, 'w4': 0.083, 'w5': 0.5650000000000001, 'w6': 0.996, 'w7': 0.547, 'w8': 0.436, 'max_depth': 6, 'min_child_weight': 14, 'subsample': 0.8, 'colsample_bytree': 0.4, 'gamma': 9.4}. Best is trial 4 with value: 0.5196193896725323.
[I 2023-10-10 11:53:25,908] Trial 8 finished with value: 0.5146765899901663 and parameters: {'w0': 0.483, 'w1': 0.5660000000000001, 'w2': 0.749, 'w3': 0.47600000000000003, 'w4': 0.43, 'w5': 0.20700000000000002, 'w6': 0.9480000000000001, 'w7': 0.489, 'w8': 0.315, 'max_depth': 6, 'min_child_weight': 10, 'subsample': 0.5, 'colsample_bytree': 0.4, 'gamma': 8.8}. Best is trial 4 with value: 0.5196193896725323.
[I 2023-10-10 11:53:38,426] Trial 3 finished with value: 0.5327949636830358 and parameters: {'w0': 0.338, 'w1': 0.35100000000000003, 'w2': 0.865, 'w3': 0.5670000000000001, 'w4': 0.6920000000000001, 'w5': 0.495, 'w6': 0.461, 'w7': 0.5700000000000001, 'w8': 0.792, 'max_depth': 7, 'min_child_weight': 6, 'subsample': 0.6000000000000001, 'colsample_bytree': 0.7, 'gamma': 10.0}. Best is trial 3 with value: 0.5327949636830358.
[I 2023-10-10 11:53:45,326] Trial 10 finished with value: 0.47141627467129904 and parameters: {'w0': 0.968, 'w1': 0.156, 'w2': 0.337, 'w3': 0.534, 'w4': 0.218, 'w5': 0.038, 'w6': 0.834, 'w7': 0.72, 'w8': 0.386, 'max_depth': 7, 'min_child_weight': 2, 'subsample': 0.2, 'colsample_bytree': 0.8, 'gamma': 8.200000000000001}. Best is trial 3 with value: 0.5327949636830358.
[I 2023-10-10 11:53:57,905] Trial 12 finished with value: 0.5009150600566077 and parameters: {'w0': 0.5730000000000001, 'w1': 0.276, 'w2': 0.707, 'w3': 0.765, 'w4': 0.377, 'w5': 0.9540000000000001, 'w6': 0.795, 'w7': 0.07300000000000001, 'w8': 0.224, 'max_depth': 6, 'min_child_weight': 2, 'subsample': 0.9000000000000001, 'colsample_bytree': 1.0, 'gamma': 6.4}. Best is trial 3 with value: 0.5327949636830358.
[I 2023-10-10 11:54:26,619] Trial 1 finished with value: 0.4896770653414865 and parameters: {'w0': 0.266, 'w1': 0.092, 'w2': 0.723, 'w3': 0.308, 'w4': 0.6920000000000001, 'w5': 0.991, 'w6': 0.033, 'w7': 0.316, 'w8': 0.678, 'max_depth': 10, 'min_child_weight': 0, 'subsample': 0.6000000000000001, 'colsample_bytree': 0.3, 'gamma': 5.6000000000000005}. Best is trial 3 with value: 0.5327949636830358.
[I 2023-10-10 11:54:58,400] Trial 13 finished with value: 0.48209993970388226 and parameters: {'w0': 0.61, 'w1': 0.625, 'w2': 0.66, 'w3': 0.151, 'w4': 0.914, 'w5': 0.245, 'w6': 0.218, 'w7': 0.026000000000000002, 'w8': 0.323, 'max_depth': 9, 'min_child_weight': 20, 'subsample': 0.5, 'colsample_bytree': 0.3, 'gamma': 4.0}. Best is trial 3 with value: 0.5327949636830358.
[I 2023-10-10 11:55:15,574] Trial 2 finished with value: 0.5503615418541453 and parameters: {'w0': 0.556, 'w1': 0.626, 'w2': 0.676, 'w3': 0.429, 'w4': 0.4, 'w5': 0.299, 'w6': 0.864, 'w7': 0.913, 'w8': 0.6890000000000001, 'max_depth': 4, 'min_child_weight': 0, 'subsample': 0.6000000000000001, 'colsample_bytree': 0.7, 'gamma': 6.4}. Best is trial 2 with value: 0.5503615418541453.
[I 2023-10-10 11:56:14,816] Trial 9 finished with value: 0.5581498792239099 and parameters: {'w0': 0.386, 'w1': 0.39, 'w2': 0.095, 'w3': 0.8170000000000001, 'w4': 0.41700000000000004, 'w5': 0.135, 'w6': 0.466, 'w7': 0.41000000000000003, 'w8': 0.9430000000000001, 'max_depth': 6, 'min_child_weight': 10, 'subsample': 0.9000000000000001, 'colsample_bytree': 0.8, 'gamma': 1.8}. Best is trial 9 with value: 0.5581498792239099.
[I 2023-10-10 11:57:57,360] Trial 0 finished with value: 0.4867799885126206 and parameters: {'w0': 0.15, 'w1': 0.304, 'w2': 0.138, 'w3': 0.026000000000000002, 'w4': 0.231, 'w5': 0.334, 'w6': 0.081, 'w7': 0.063, 'w8': 0.965, 'max_depth': 10, 'min_child_weight': 14, 'subsample': 0.5, 'colsample_bytree': 0.6000000000000001, 'gamma': 1.4000000000000001}. Best is trial 9 with value: 0.5581498792239099.
[I 2023-10-10 12:02:24,357] Trial 16 finished with value: 0.520414636294473 and parameters: {'w0': 0.505, 'w1': 0.59, 'w2': 0.55, 'w3': 0.20800000000000002, 'w4': 0.79, 'w5': 0.264, 'w6': 0.493, 'w7': 0.396, 'w8': 0.162, 'max_depth': 4, 'min_child_weight': 2, 'subsample': 0.9000000000000001, 'colsample_bytree': 0.8, 'gamma': 9.200000000000001}. Best is trial 9 with value: 0.5581498792239099.
[I 2023-10-10 12:02:26,452] Trial 18 finished with value: 0.5027823630740965 and parameters: {'w0': 0.299, 'w1': 0.865, 'w2': 0.7010000000000001, 'w3': 0.851, 'w4': 0.304, 'w5': 0.435, 'w6': 0.255, 'w7': 0.89, 'w8': 0.999, 'max_depth': 7, 'min_child_weight': 14, 'subsample': 1.0, 'colsample_bytree': 0.4, 'gamma': 9.0}. Best is trial 9 with value: 0.5581498792239099.
[I 2023-10-10 12:02:59,512] Trial 22 finished with value: 0.4847651648952324 and parameters: {'w0': 0.723, 'w1': 0.794, 'w2': 0.658, 'w3': 0.507, 'w4': 0.47500000000000003, 'w5': 0.517, 'w6': 0.512, 'w7': 0.20800000000000002, 'w8': 0.14100000000000001, 'max_depth': 4, 'min_child_weight': 4, 'subsample': 0.9000000000000001, 'colsample_bytree': 0.4, 'gamma': 8.200000000000001}. Best is trial 9 with value: 0.5581498792239099.
[I 2023-10-10 12:03:09,537] Trial 20 finished with value: 0.46206716223973604 and parameters: {'w0': 0.608, 'w1': 0.491, 'w2': 0.002, 'w3': 0.316, 'w4': 0.728, 'w5': 0.124, 'w6': 0.6960000000000001, 'w7': 0.993, 'w8': 0.447, 'max_depth': 7, 'min_child_weight': 18, 'subsample': 0.6000000000000001, 'colsample_bytree': 0.5, 'gamma': 9.8}. Best is trial 9 with value: 0.5581498792239099.
[I 2023-10-10 12:04:49,725] Trial 7 finished with value: 0.5649927875429137 and parameters: {'w0': 0.056, 'w1': 0.741, 'w2': 0.387, 'w3': 0.925, 'w4': 0.14200000000000002, 'w5': 0.356, 'w6': 0.869, 'w7': 0.131, 'w8': 0.871, 'max_depth': 6, 'min_child_weight': 6, 'subsample': 0.8, 'colsample_bytree': 0.6000000000000001, 'gamma': 0.6000000000000001}. Best is trial 7 with value: 0.5649927875429137.
[I 2023-10-10 12:04:54,433] Trial 19 finished with value: 0.5409476610368067 and parameters: {'w0': 0.963, 'w1': 0.38, 'w2': 0.212, 'w3': 0.271, 'w4': 0.892, 'w5': 0.422, 'w6': 0.6890000000000001, 'w7': 0.033, 'w8': 0.339, 'max_depth': 10, 'min_child_weight': 2, 'subsample': 0.8, 'colsample_bytree': 0.7, 'gamma': 3.6}. Best is trial 7 with value: 0.5649927875429137.
[I 2023-10-10 12:06:59,232] Trial 23 finished with value: 0.4925088286250049 and parameters: {'w0': 0.878, 'w1': 0.016, 'w2': 0.121, 'w3': 0.709, 'w4': 0.156, 'w5': 0.47300000000000003, 'w6': 0.6880000000000001, 'w7': 0.882, 'w8': 0.981, 'max_depth': 3, 'min_child_weight': 6, 'subsample': 0.9000000000000001, 'colsample_bytree': 0.6000000000000001, 'gamma': 1.6}. Best is trial 7 with value: 0.5649927875429137.
[I 2023-10-10 12:11:06,092] Trial 24 finished with value: 0.56952245720558 and parameters: {'w0': 0.47500000000000003, 'w1': 0.214, 'w2': 0.547, 'w3': 0.866, 'w4': 0.675, 'w5': 0.334, 'w6': 0.272, 'w7': 0.192, 'w8': 0.362, 'max_depth': 9, 'min_child_weight': 8, 'subsample': 0.7, 'colsample_bytree': 0.7, 'gamma': 1.6}. Best is trial 24 with value: 0.56952245720558.
[I 2023-10-10 12:14:21,570] Trial 29 finished with value: 0.4220423553357743 and parameters: {'w0': 0.061, 'w1': 0.76, 'w2': 0.045, 'w3': 0.6920000000000001, 'w4': 0.559, 'w5': 0.003, 'w6': 0.652, 'w7': 0.868, 'w8': 1.0, 'max_depth': 4, 'min_child_weight': 10, 'subsample': 0.8, 'colsample_bytree': 0.9000000000000001, 'gamma': 0.6000000000000001}. Best is trial 24 with value: 0.56952245720558.
[I 2023-10-10 12:15:15,971] Trial 30 finished with value: 0.44425566679959455 and parameters: {'w0': 0.443, 'w1': 0.807, 'w2': 0.054, 'w3': 0.6950000000000001, 'w4': 0.013000000000000001, 'w5': 0.016, 'w6': 0.631, 'w7': 0.997, 'w8': 0.023, 'max_depth': 4, 'min_child_weight': 8, 'subsample': 0.8, 'colsample_bytree': 0.9000000000000001, 'gamma': 0.2}. Best is trial 24 with value: 0.56952245720558.
[I 2023-10-10 12:16:32,173] Trial 26 finished with value: 0.44803065522425484 and parameters: {'w0': 0.036000000000000004, 'w1': 0.979, 'w2': 0.093, 'w3': 0.685, 'w4': 0.047, 'w5': 0.6900000000000001, 'w6': 0.583, 'w7': 0.718, 'w8': 0.081, 'max_depth': 9, 'min_child_weight': 12, 'subsample': 0.8, 'colsample_bytree': 0.8, 'gamma': 1.0}. Best is trial 24 with value: 0.56952245720558.
[I 2023-10-10 12:18:14,742] Trial 21 finished with value: 0.5762983161127921 and parameters: {'w0': 0.20900000000000002, 'w1': 0.706, 'w2': 0.419, 'w3': 0.157, 'w4': 0.766, 'w5': 0.633, 'w6': 0.633, 'w7': 0.843, 'w8': 0.211, 'max_depth': 10, 'min_child_weight': 2, 'subsample': 0.9000000000000001, 'colsample_bytree': 0.8, 'gamma': 0.6000000000000001}. Best is trial 21 with value: 0.5762983161127921.
[I 2023-10-10 12:22:14,754] Trial 27 finished with value: 0.4450486453236365 and parameters: {'w0': 0.016, 'w1': 0.897, 'w2': 0.974, 'w3': 0.649, 'w4': 0.051000000000000004, 'w5': 0.687, 'w6': 0.599, 'w7': 0.6920000000000001, 'w8': 0.031, 'max_depth': 8, 'min_child_weight': 12, 'subsample': 0.8, 'colsample_bytree': 0.8, 'gamma': 0.4}. Best is trial 21 with value: 0.5762983161127921.
[I 2023-10-10 12:23:50,286] Trial 32 finished with value: 0.47164526885332897 and parameters: {'w0': 0.014000000000000002, 'w1': 0.733, 'w2': 0.049, 'w3': 0.6930000000000001, 'w4': 0.522, 'w5': 0.012, 'w6': 0.614, 'w7': 0.7000000000000001, 'w8': 0.8280000000000001, 'max_depth': 5, 'min_child_weight': 8, 'subsample': 0.8, 'colsample_bytree': 1.0, 'gamma': 0.4}. Best is trial 21 with value: 0.5762983161127921.
[I 2023-10-10 12:24:00,559] Trial 33 finished with value: 0.4179532211723059 and parameters: {'w0': 0.010000000000000002, 'w1': 0.467, 'w2': 0.074, 'w3': 0.6900000000000001, 'w4': 0.562, 'w5': 0.013000000000000001, 'w6': 0.658, 'w7': 0.722, 'w8': 0.022000000000000002, 'max_depth': 5, 'min_child_weight': 10, 'subsample': 0.7, 'colsample_bytree': 1.0, 'gamma': 0.0}. Best is trial 21 with value: 0.5762983161127921.
[I 2023-10-10 12:24:02,439] Trial 31 finished with value: 0.4425784801721525 and parameters: {'w0': 0.027000000000000003, 'w1': 0.783, 'w2': 0.081, 'w3': 0.6950000000000001, 'w4': 0.562, 'w5': 0.033, 'w6': 0.661, 'w7': 0.9580000000000001, 'w8': 0.029, 'max_depth': 5, 'min_child_weight': 8, 'subsample': 0.8, 'colsample_bytree': 1.0, 'gamma': 0.0}. Best is trial 21 with value: 0.5762983161127921.
[I 2023-10-10 12:24:52,750] Trial 35 finished with value: 0.4712371209479037 and parameters: {'w0': 0.032, 'w1': 0.006, 'w2': 0.05, 'w3': 0.993, 'w4': 0.010000000000000002, 'w5': 0.031, 'w6': 0.662, 'w7': 0.303, 'w8': 0.863, 'max_depth': 5, 'min_child_weight': 8, 'subsample': 0.8, 'colsample_bytree': 1.0, 'gamma': 0.2}. Best is trial 21 with value: 0.5762983161127921.
[I 2023-10-10 12:25:34,664] Trial 34 finished with value: 0.518755970546048 and parameters: {'w0': 0.962, 'w1': 0.45, 'w2': 0.045, 'w3': 0.668, 'w4': 0.5670000000000001, 'w5': 0.010000000000000002, 'w6': 0.654, 'w7': 0.719, 'w8': 0.843, 'max_depth': 5, 'min_child_weight': 8, 'subsample': 0.7, 'colsample_bytree': 1.0, 'gamma': 0.2}. Best is trial 21 with value: 0.5762983161127921.
[I 2023-10-10 12:26:08,365] Trial 36 finished with value: 0.47807230227820086 and parameters: {'w0': 0.047, 'w1': 0.717, 'w2': 0.035, 'w3': 0.6930000000000001, 'w4': 0.068, 'w5': 0.72, 'w6': 0.636, 'w7': 0.671, 'w8': 0.861, 'max_depth': 5, 'min_child_weight': 8, 'subsample': 0.7, 'colsample_bytree': 0.9000000000000001, 'gamma': 0.2}. Best is trial 21 with value: 0.5762983161127921.
[I 2023-10-10 12:27:07,980] Trial 25 finished with value: 0.4913755441349469 and parameters: {'w0': 0.029, 'w1': 0.081, 'w2': 0.021, 'w3': 0.655, 'w4': 0.996, 'w5': 0.766, 'w6': 0.5660000000000001, 'w7': 0.764, 'w8': 0.839, 'max_depth': 10, 'min_child_weight': 8, 'subsample': 0.6000000000000001, 'colsample_bytree': 0.8, 'gamma': 0.2}. Best is trial 21 with value: 0.5762983161127921.
[I 2023-10-10 12:27:48,509] Trial 28 finished with value: 0.527358038983303 and parameters: {'w0': 0.019000000000000003, 'w1': 0.44, 'w2': 0.9590000000000001, 'w3': 0.63, 'w4': 0.596, 'w5': 0.766, 'w6': 0.622, 'w7': 0.99, 'w8': 0.841, 'max_depth': 8, 'min_child_weight': 6, 'subsample': 0.7, 'colsample_bytree': 0.8, 'gamma': 0.4}. Best is trial 21 with value: 0.5762983161127921.
[I 2023-10-10 12:28:19,678] Trial 17 finished with value: 0.5634864348300084 and parameters: {'w0': 0.148, 'w1': 0.065, 'w2': 0.8300000000000001, 'w3': 0.008, 'w4': 0.076, 'w5': 0.165, 'w6': 0.541, 'w7': 0.271, 'w8': 0.483, 'max_depth': 6, 'min_child_weight': 0, 'subsample': 0.8, 'colsample_bytree': 0.9000000000000001, 'gamma': 0.0}. Best is trial 21 with value: 0.5762983161127921.
[I 2023-10-10 12:28:57,275] Trial 37 finished with value: 0.5237581735941294 and parameters: {'w0': 0.033, 'w1': 0.709, 'w2': 0.373, 'w3': 0.967, 'w4': 0.5680000000000001, 'w5': 0.037000000000000005, 'w6': 0.87, 'w7': 0.666, 'w8': 0.8310000000000001, 'max_depth': 5, 'min_child_weight': 10, 'subsample': 0.7, 'colsample_bytree': 0.9000000000000001, 'gamma': 0.0}. Best is trial 21 with value: 0.5762983161127921.
[I 2023-10-10 12:29:31,632] Trial 40 finished with value: 0.5233821187101693 and parameters: {'w0': 0.036000000000000004, 'w1': 0.242, 'w2': 0.403, 'w3': 0.99, 'w4': 0.584, 'w5': 0.721, 'w6': 0.34, 'w7': 0.3, 'w8': 0.848, 'max_depth': 8, 'min_child_weight': 8, 'subsample': 0.7, 'colsample_bytree': 0.8, 'gamma': 2.6}. Best is trial 21 with value: 0.5762983161127921.
[I 2023-10-10 12:30:27,566] Trial 41 finished with value: 0.5745861723257322 and parameters: {'w0': 0.155, 'w1': 0.168, 'w2': 0.406, 'w3': 1.0, 'w4': 0.582, 'w5': 0.111, 'w6': 0.34600000000000003, 'w7': 0.28400000000000003, 'w8': 0.856, 'max_depth': 5, 'min_child_weight': 8, 'subsample': 0.7, 'colsample_bytree': 0.9000000000000001, 'gamma': 2.4000000000000004}. Best is trial 21 with value: 0.5762983161127921.
[I 2023-10-10 12:34:15,538] Trial 42 finished with value: 0.5931365086034319 and parameters: {'w0': 0.15, 'w1': 0.674, 'w2': 0.425, 'w3': 0.974, 'w4': 0.588, 'w5': 0.722, 'w6': 0.36, 'w7': 0.315, 'w8': 0.538, 'max_depth': 9, 'min_child_weight': 8, 'subsample': 0.7, 'colsample_bytree': 0.9000000000000001, 'gamma': 2.4000000000000004}. Best is trial 42 with value: 0.5931365086034319.
[I 2023-10-10 12:37:58,032] Trial 44 finished with value: 0.5920592952226407 and parameters: {'w0': 0.14400000000000002, 'w1': 0.687, 'w2': 0.419, 'w3': 0.992, 'w4': 0.606, 'w5': 0.37, 'w6': 0.34500000000000003, 'w7': 0.293, 'w8': 0.525, 'max_depth': 9, 'min_child_weight': 4, 'subsample': 0.7, 'colsample_bytree': 0.6000000000000001, 'gamma': 2.4000000000000004}. Best is trial 42 with value: 0.5931365086034319.
[I 2023-10-10 12:38:27,463] Trial 43 finished with value: 0.5999968932970393 and parameters: {'w0': 0.20700000000000002, 'w1': 0.71, 'w2': 0.444, 'w3': 0.976, 'w4': 0.596, 'w5': 0.8260000000000001, 'w6': 0.775, 'w7': 0.294, 'w8': 0.537, 'max_depth': 9, 'min_child_weight': 8, 'subsample': 0.7, 'colsample_bytree': 0.9000000000000001, 'gamma': 2.6}. Best is trial 43 with value: 0.5999968932970393.
[I 2023-10-10 12:39:09,147] Trial 46 finished with value: 0.578018595266349 and parameters: {'w0': 0.12000000000000001, 'w1': 0.20800000000000002, 'w2': 0.41400000000000003, 'w3': 0.973, 'w4': 0.797, 'w5': 0.835, 'w6': 0.365, 'w7': 0.28900000000000003, 'w8': 0.895, 'max_depth': 9, 'min_child_weight': 4, 'subsample': 0.7, 'colsample_bytree': 0.6000000000000001, 'gamma': 2.0}. Best is trial 43 with value: 0.5999968932970393.
[I 2023-10-10 12:39:15,433] Trial 45 finished with value: 0.5876319701812776 and parameters: {'w0': 0.12000000000000001, 'w1': 0.67, 'w2': 0.434, 'w3': 0.902, 'w4': 0.991, 'w5': 0.8260000000000001, 'w6': 0.361, 'w7': 0.306, 'w8': 0.524, 'max_depth': 9, 'min_child_weight': 4, 'subsample': 0.7, 'colsample_bytree': 0.6000000000000001, 'gamma': 2.2}. Best is trial 43 with value: 0.5999968932970393.
[I 2023-10-10 12:39:34,324] Trial 38 finished with value: 0.5428381590060627 and parameters: {'w0': 0.029, 'w1': 0.17600000000000002, 'w2': 0.41100000000000003, 'w3': 0.986, 'w4': 0.5730000000000001, 'w5': 0.009000000000000001, 'w6': 0.613, 'w7': 0.301, 'w8': 0.875, 'max_depth': 8, 'min_child_weight': 10, 'subsample': 0.7, 'colsample_bytree': 0.9000000000000001, 'gamma': 0.2}. Best is trial 43 with value: 0.5999968932970393.
[I 2023-10-10 12:39:48,280] Trial 47 finished with value: 0.5785588410587527 and parameters: {'w0': 0.154, 'w1': 0.197, 'w2': 0.41100000000000003, 'w3': 0.9500000000000001, 'w4': 0.643, 'w5': 0.799, 'w6': 0.338, 'w7': 0.305, 'w8': 0.904, 'max_depth': 9, 'min_child_weight': 4, 'subsample': 0.7, 'colsample_bytree': 0.7, 'gamma': 2.2}. Best is trial 43 with value: 0.5999968932970393.
[I 2023-10-10 12:40:37,528] Trial 53 finished with value: 0.5307963128800304 and parameters: {'w0': 0.137, 'w1': 0.24000000000000002, 'w2': 0.468, 'w3': 0.05, 'w4': 0.14400000000000002, 'w5': 0.323, 'w6': 0.382, 'w7': 0.28400000000000003, 'w8': 0.54, 'max_depth': 9, 'min_child_weight': 0, 'subsample': 1.0, 'colsample_bytree': 0.7, 'gamma': 2.4000000000000004}. Best is trial 43 with value: 0.5999968932970393.
[I 2023-10-10 12:40:54,180] Trial 51 finished with value: 0.580265097640349 and parameters: {'w0': 0.152, 'w1': 0.168, 'w2': 0.41000000000000003, 'w3': 0.991, 'w4': 0.655, 'w5': 0.368, 'w6': 0.391, 'w7': 0.31, 'w8': 0.745, 'max_depth': 9, 'min_child_weight': 4, 'subsample': 0.9000000000000001, 'colsample_bytree': 0.7, 'gamma': 2.0}. Best is trial 43 with value: 0.5999968932970393.
[I 2023-10-10 12:40:59,982] Trial 54 finished with value: 0.5319081982030066 and parameters: {'w0': 0.158, 'w1': 0.185, 'w2': 0.47400000000000003, 'w3': 0.056, 'w4': 0.138, 'w5': 0.34, 'w6': 0.757, 'w7': 0.197, 'w8': 0.549, 'max_depth': 9, 'min_child_weight': 0, 'subsample': 1.0, 'colsample_bytree': 0.7, 'gamma': 2.4000000000000004}. Best is trial 43 with value: 0.5999968932970393.
[I 2023-10-10 12:41:21,776] Trial 49 finished with value: 0.5879016238825607 and parameters: {'w0': 0.156, 'w1': 0.219, 'w2': 0.40700000000000003, 'w3': 0.9400000000000001, 'w4': 0.8130000000000001, 'w5': 0.34400000000000003, 'w6': 0.38, 'w7': 0.331, 'w8': 0.529, 'max_depth': 10, 'min_child_weight': 4, 'subsample': 0.7, 'colsample_bytree': 0.7, 'gamma': 2.0}. Best is trial 43 with value: 0.5999968932970393.
[I 2023-10-10 12:41:29,465] Trial 48 finished with value: 0.5817043987521541 and parameters: {'w0': 0.149, 'w1': 0.191, 'w2': 0.41000000000000003, 'w3': 0.973, 'w4': 0.995, 'w5': 0.867, 'w6': 0.4, 'w7': 0.305, 'w8': 0.56, 'max_depth': 10, 'min_child_weight': 4, 'subsample': 0.7, 'colsample_bytree': 0.7, 'gamma': 2.0}. Best is trial 43 with value: 0.5999968932970393.
