[I 2023-10-13 18:09:07,497] Trial 619 finished with value: 0.5067924706829953 and parameters: {'w0': 0.277, 'w1': 0.731, 'w2': 0.28200000000000003, 'w3': 0.752, 'w4': 0.732, 'w5': 0.067, 'w6': 0.789, 'w7': 0.202, 'w8': 0.997, 'max_depth': 6, 'min_child_weight': 8, 'subsample': 0.8, 'colsample_bytree': 0.7, 'gamma': 0.8}. Best is trial 600 with value: 0.5139281937245695.
[I 2023-10-13 18:10:07,789] Trial 618 finished with value: 0.50151359218083 and parameters: {'w0': 0.294, 'w1': 0.646, 'w2': 0.28400000000000003, 'w3': 0.858, 'w4': 0.758, 'w5': 0.063, 'w6': 0.773, 'w7': 0.197, 'w8': 0.998, 'max_depth': 6, 'min_child_weight': 8, 'subsample': 0.8, 'colsample_bytree': 0.8, 'gamma': 0.8}. Best is trial 600 with value: 0.5139281937245695.
[I 2023-10-13 18:13:09,514] Trial 620 finished with value: 0.49397902471115607 and parameters: {'w0': 0.25, 'w1': 0.672, 'w2': 0.28200000000000003, 'w3': 0.759, 'w4': 0.771, 'w5': 0.060000000000000005, 'w6': 0.767, 'w7': 0.112, 'w8': 0.992, 'max_depth': 6, 'min_child_weight': 8, 'subsample': 0.8, 'colsample_bytree': 0.8, 'gamma': 0.6000000000000001}. Best is trial 600 with value: 0.5139281937245695.
[I 2023-10-13 18:13:54,580] Trial 621 finished with value: 0.48902090367340495 and parameters: {'w0': 0.328, 'w1': 0.774, 'w2': 0.28, 'w3': 0.756, 'w4': 0.79, 'w5': 0.055, 'w6': 0.752, 'w7': 0.096, 'w8': 0.999, 'max_depth': 6, 'min_child_weight': 8, 'subsample': 0.8, 'colsample_bytree': 0.7, 'gamma': 0.6000000000000001}. Best is trial 600 with value: 0.5139281937245695.
[I 2023-10-13 18:15:25,959] Trial 622 finished with value: 0.5094500287853744 and parameters: {'w0': 0.297, 'w1': 0.774, 'w2': 0.28200000000000003, 'w3': 0.753, 'w4': 0.757, 'w5': 0.058, 'w6': 0.739, 'w7': 0.213, 'w8': 0.961, 'max_depth': 6, 'min_child_weight': 8, 'subsample': 0.8, 'colsample_bytree': 0.7, 'gamma': 0.6000000000000001}. Best is trial 600 with value: 0.5139281937245695.
[I 2023-10-13 18:17:32,626] Trial 623 finished with value: 0.5080996444402708 and parameters: {'w0': 0.253, 'w1': 0.637, 'w2': 0.23500000000000001, 'w3': 0.755, 'w4': 0.663, 'w5': 0.076, 'w6': 0.811, 'w7': 0.212, 'w8': 0.966, 'max_depth': 6, 'min_child_weight': 8, 'subsample': 0.8, 'colsample_bytree': 0.7, 'gamma': 0.6000000000000001}. Best is trial 600 with value: 0.5139281937245695.
[I 2023-10-13 18:19:59,658] Trial 624 finished with value: 0.5119565331062037 and parameters: {'w0': 0.251, 'w1': 0.645, 'w2': 0.228, 'w3': 0.766, 'w4': 0.778, 'w5': 0.056, 'w6': 0.763, 'w7': 0.21, 'w8': 0.963, 'max_depth': 6, 'min_child_weight': 8, 'subsample': 0.8, 'colsample_bytree': 0.7, 'gamma': 0.6000000000000001}. Best is trial 600 with value: 0.5139281937245695.
[I 2023-10-13 18:20:07,049] Trial 625 finished with value: 0.5093043881002561 and parameters: {'w0': 0.308, 'w1': 0.637, 'w2': 0.234, 'w3': 0.755, 'w4': 0.746, 'w5': 0.055, 'w6': 0.8170000000000001, 'w7': 0.215, 'w8': 0.963, 'max_depth': 6, 'min_child_weight': 8, 'subsample': 0.8, 'colsample_bytree': 0.7, 'gamma': 0.6000000000000001}. Best is trial 600 with value: 0.5139281937245695.
[I 2023-10-13 18:20:21,132] Trial 626 finished with value: 0.5085330279854445 and parameters: {'w0': 0.252, 'w1': 0.641, 'w2': 0.23700000000000002, 'w3': 0.868, 'w4': 0.759, 'w5': 0.054, 'w6': 0.782, 'w7': 0.216, 'w8': 0.964, 'max_depth': 6, 'min_child_weight': 8, 'subsample': 0.8, 'colsample_bytree': 0.7, 'gamma': 0.6000000000000001}. Best is trial 600 with value: 0.5139281937245695.
[I 2023-10-13 18:21:39,507] Trial 630 finished with value: 0.5071534440201688 and parameters: {'w0': 0.28200000000000003, 'w1': 0.628, 'w2': 0.151, 'w3': 0.87, 'w4': 0.79, 'w5': 0.076, 'w6': 0.771, 'w7': 0.186, 'w8': 0.995, 'max_depth': 6, 'min_child_weight': 8, 'subsample': 0.8, 'colsample_bytree': 0.7, 'gamma': 0.6000000000000001}. Best is trial 600 with value: 0.5139281937245695.
[I 2023-10-13 18:21:49,079] Trial 627 finished with value: 0.5102144232829317 and parameters: {'w0': 0.294, 'w1': 0.7040000000000001, 'w2': 0.224, 'w3': 0.873, 'w4': 0.759, 'w5': 0.05, 'w6': 0.76, 'w7': 0.218, 'w8': 0.997, 'max_depth': 6, 'min_child_weight': 8, 'subsample': 0.8, 'colsample_bytree': 0.8, 'gamma': 0.6000000000000001}. Best is trial 600 with value: 0.5139281937245695.
[I 2023-10-13 18:21:56,665] Trial 632 finished with value: 0.47247025214143484 and parameters: {'w0': 0.28400000000000003, 'w1': 0.653, 'w2': 0.154, 'w3': 0.873, 'w4': 0.786, 'w5': 0.079, 'w6': 0.74, 'w7': 0.042, 'w8': 0.997, 'max_depth': 6, 'min_child_weight': 8, 'subsample': 0.8, 'colsample_bytree': 0.7, 'gamma': 0.6000000000000001}. Best is trial 600 with value: 0.5139281937245695.
[I 2023-10-13 18:22:13,191] Trial 633 finished with value: 0.3402780444006848 and parameters: {'w0': 0.267, 'w1': 0.633, 'w2': 0.166, 'w3': 0.89, 'w4': 0.783, 'w5': 0.001, 'w6': 0.768, 'w7': 0.067, 'w8': 0.994, 'max_depth': 6, 'min_child_weight': 8, 'subsample': 0.8, 'colsample_bytree': 0.8, 'gamma': 0.6000000000000001}. Best is trial 600 with value: 0.5139281937245695.
[I 2023-10-13 18:22:49,179] Trial 628 finished with value: 0.49711459221858995 and parameters: {'w0': 0.319, 'w1': 0.635, 'w2': 0.16, 'w3': 0.865, 'w4': 0.664, 'w5': 0.055, 'w6': 0.772, 'w7': 0.216, 'w8': 0.969, 'max_depth': 6, 'min_child_weight': 8, 'subsample': 0.8, 'colsample_bytree': 0.8, 'gamma': 0.0}. Best is trial 600 with value: 0.5139281937245695.
[I 2023-10-13 18:22:50,619] Trial 629 finished with value: 0.36891561721969074 and parameters: {'w0': 0.248, 'w1': 0.638, 'w2': 0.224, 'w3': 0.863, 'w4': 0.786, 'w5': 0.001, 'w6': 0.747, 'w7': 0.214, 'w8': 0.995, 'max_depth': 6, 'min_child_weight': 8, 'subsample': 0.8, 'colsample_bytree': 0.8, 'gamma': 0.0}. Best is trial 600 with value: 0.5139281937245695.
[I 2023-10-13 18:22:58,471] Trial 631 finished with value: 0.5109989336598403 and parameters: {'w0': 0.299, 'w1': 0.655, 'w2': 0.14500000000000002, 'w3': 0.906, 'w4': 0.793, 'w5': 0.052000000000000005, 'w6': 0.736, 'w7': 0.128, 'w8': 0.999, 'max_depth': 6, 'min_child_weight': 8, 'subsample': 0.8, 'colsample_bytree': 0.8, 'gamma': 0.4}. Best is trial 600 with value: 0.5139281937245695.
[I 2023-10-13 18:25:43,422] Trial 635 finished with value: 0.4645008923434379 and parameters: {'w0': 0.257, 'w1': 0.636, 'w2': 0.19, 'w3': 0.744, 'w4': 0.809, 'w5': 0.007, 'w6': 0.744, 'w7': 0.184, 'w8': 0.998, 'max_depth': 6, 'min_child_weight': 8, 'subsample': 0.9000000000000001, 'colsample_bytree': 0.8, 'gamma': 0.6000000000000001}. Best is trial 600 with value: 0.5139281937245695.
[I 2023-10-13 18:26:21,423] Trial 634 finished with value: 0.4536392416839995 and parameters: {'w0': 0.268, 'w1': 0.655, 'w2': 0.14, 'w3': 0.911, 'w4': 0.787, 'w5': 0.005, 'w6': 0.738, 'w7': 0.131, 'w8': 0.997, 'max_depth': 6, 'min_child_weight': 8, 'subsample': 0.8, 'colsample_bytree': 0.8, 'gamma': 0.6000000000000001}. Best is trial 600 with value: 0.5139281937245695.
[I 2023-10-13 18:28:17,514] Trial 636 finished with value: 0.4838371393586255 and parameters: {'w0': 0.272, 'w1': 0.634, 'w2': 0.133, 'w3': 0.743, 'w4': 0.795, 'w5': 0.012, 'w6': 0.78, 'w7': 0.136, 'w8': 0.978, 'max_depth': 6, 'min_child_weight': 8, 'subsample': 0.9000000000000001, 'colsample_bytree': 0.8, 'gamma': 0.6000000000000001}. Best is trial 600 with value: 0.5139281937245695.
[I 2023-10-13 18:29:32,676] Trial 637 finished with value: 0.41579821721054633 and parameters: {'w0': 0.269, 'w1': 0.634, 'w2': 0.139, 'w3': 0.707, 'w4': 0.781, 'w5': 0.004, 'w6': 0.736, 'w7': 0.214, 'w8': 0.998, 'max_depth': 6, 'min_child_weight': 8, 'subsample': 0.9000000000000001, 'colsample_bytree': 0.8, 'gamma': 0.6000000000000001}. Best is trial 600 with value: 0.5139281937245695.
[I 2023-10-13 18:31:11,702] Trial 648 finished with value: 0.3517846174613955 and parameters: {'w0': 0.218, 'w1': 0.625, 'w2': 0.226, 'w3': 0.899, 'w4': 0.8170000000000001, 'w5': 0.016, 'w6': 0.725, 'w7': 0.735, 'w8': 0.975, 'max_depth': 6, 'min_child_weight': 8, 'subsample': 0.8, 'colsample_bytree': 0.8, 'gamma': 6.6000000000000005}. Best is trial 600 with value: 0.5139281937245695.
[I 2023-10-13 18:32:40,151] Trial 638 finished with value: 0.4967502012639344 and parameters: {'w0': 0.265, 'w1': 0.7040000000000001, 'w2': 0.125, 'w3': 0.742, 'w4': 0.759, 'w5': 0.018000000000000002, 'w6': 0.746, 'w7': 0.134, 'w8': 1.0, 'max_depth': 6, 'min_child_weight': 8, 'subsample': 0.8, 'colsample_bytree': 0.8, 'gamma': 0.6000000000000001}. Best is trial 600 with value: 0.5139281937245695.
[I 2023-10-13 18:35:03,597] Trial 639 finished with value: 0.4705361909464619 and parameters: {'w0': 0.254, 'w1': 0.634, 'w2': 0.222, 'w3': 0.917, 'w4': 0.788, 'w5': 0.052000000000000005, 'w6': 0.738, 'w7': 0.030000000000000002, 'w8': 0.999, 'max_depth': 6, 'min_child_weight': 8, 'subsample': 0.8, 'colsample_bytree': 0.8, 'gamma': 0.6000000000000001}. Best is trial 600 with value: 0.5139281937245695.
[I 2023-10-13 18:36:35,209] Trial 640 finished with value: 0.3876174650284742 and parameters: {'w0': 0.258, 'w1': 0.623, 'w2': 0.159, 'w3': 0.909, 'w4': 0.785, 'w5': 0.002, 'w6': 0.728, 'w7': 0.07, 'w8': 0.976, 'max_depth': 6, 'min_child_weight': 8, 'subsample': 0.8, 'colsample_bytree': 0.8, 'gamma': 0.6000000000000001}. Best is trial 600 with value: 0.5139281937245695.
[I 2023-10-13 18:37:15,643] Trial 641 finished with value: 0.47107777141239304 and parameters: {'w0': 0.262, 'w1': 0.617, 'w2': 0.226, 'w3': 0.898, 'w4': 0.8150000000000001, 'w5': 0.02, 'w6': 0.738, 'w7': 0.059000000000000004, 'w8': 0.969, 'max_depth': 6, 'min_child_weight': 8, 'subsample': 0.8, 'colsample_bytree': 0.8, 'gamma': 0.6000000000000001}. Best is trial 600 with value: 0.5139281937245695.
[I 2023-10-13 18:38:13,041] Trial 644 finished with value: 0.38021970235025765 and parameters: {'w0': 0.281, 'w1': 0.623, 'w2': 0.14500000000000002, 'w3': 0.917, 'w4': 0.811, 'w5': 0.003, 'w6': 0.736, 'w7': 0.212, 'w8': 0.10400000000000001, 'max_depth': 6, 'min_child_weight': 8, 'subsample': 0.8, 'colsample_bytree': 0.8, 'gamma': 0.6000000000000001}. Best is trial 600 with value: 0.5139281937245695.
[I 2023-10-13 18:39:02,661] Trial 642 finished with value: 0.3466879583337743 and parameters: {'w0': 0.259, 'w1': 0.625, 'w2': 0.132, 'w3': 0.891, 'w4': 0.811, 'w5': 0.001, 'w6': 0.744, 'w7': 0.215, 'w8': 0.97, 'max_depth': 6, 'min_child_weight': 8, 'subsample': 0.8, 'colsample_bytree': 0.9000000000000001, 'gamma': 0.4}. Best is trial 600 with value: 0.5139281937245695.
[I 2023-10-13 18:39:39,247] Trial 643 finished with value: 0.4653345181364143 and parameters: {'w0': 0.268, 'w1': 0.639, 'w2': 0.161, 'w3': 0.878, 'w4': 0.8130000000000001, 'w5': 0.010000000000000002, 'w6': 0.751, 'w7': 0.057, 'w8': 0.973, 'max_depth': 6, 'min_child_weight': 8, 'subsample': 0.8, 'colsample_bytree': 0.8, 'gamma': 0.4}. Best is trial 600 with value: 0.5139281937245695.
[I 2023-10-13 18:40:20,595] Trial 645 finished with value: 0.47167814448691137 and parameters: {'w0': 0.263, 'w1': 0.632, 'w2': 0.124, 'w3': 0.907, 'w4': 0.811, 'w5': 0.009000000000000001, 'w6': 0.742, 'w7': 0.185, 'w8': 0.975, 'max_depth': 6, 'min_child_weight': 8, 'subsample': 0.8, 'colsample_bytree': 0.8, 'gamma': 0.4}. Best is trial 600 with value: 0.5139281937245695.
[I 2023-10-13 18:41:05,324] Trial 646 finished with value: 0.48450945433686676 and parameters: {'w0': 0.277, 'w1': 0.621, 'w2': 0.146, 'w3': 0.867, 'w4': 0.804, 'w5': 0.016, 'w6': 0.717, 'w7': 0.215, 'w8': 0.971, 'max_depth': 6, 'min_child_weight': 8, 'subsample': 0.8, 'colsample_bytree': 0.8, 'gamma': 0.4}. Best is trial 600 with value: 0.5139281937245695.
[I 2023-10-13 18:41:17,902] Trial 647 finished with value: 0.4900348720570044 and parameters: {'w0': 0.23500000000000001, 'w1': 0.608, 'w2': 0.122, 'w3': 0.894, 'w4': 0.812, 'w5': 0.014000000000000002, 'w6': 0.711, 'w7': 0.14100000000000001, 'w8': 0.972, 'max_depth': 6, 'min_child_weight': 8, 'subsample': 0.8, 'colsample_bytree': 0.8, 'gamma': 0.4}. Best is trial 600 with value: 0.5139281937245695.
[I 2023-10-13 18:41:25,423] Trial 649 finished with value: 0.48092455563920006 and parameters: {'w0': 0.262, 'w1': 0.602, 'w2': 0.133, 'w3': 0.909, 'w4': 0.751, 'w5': 0.012, 'w6': 0.718, 'w7': 0.184, 'w8': 0.972, 'max_depth': 6, 'min_child_weight': 8, 'subsample': 0.8, 'colsample_bytree': 0.8, 'gamma': 0.4}. Best is trial 600 with value: 0.5139281937245695.
[I 2023-10-13 18:43:49,143] Trial 650 finished with value: 0.48448262020426164 and parameters: {'w0': 0.272, 'w1': 0.603, 'w2': 0.139, 'w3': 0.914, 'w4': 0.8180000000000001, 'w5': 0.016, 'w6': 0.722, 'w7': 0.183, 'w8': 0.973, 'max_depth': 6, 'min_child_weight': 8, 'subsample': 0.8, 'colsample_bytree': 0.8, 'gamma': 0.6000000000000001}. Best is trial 600 with value: 0.5139281937245695.
[I 2023-10-13 18:45:24,295] Trial 651 finished with value: 0.5014411384448175 and parameters: {'w0': 0.291, 'w1': 0.655, 'w2': 0.116, 'w3': 0.915, 'w4': 0.808, 'w5': 0.045, 'w6': 0.783, 'w7': 0.14500000000000002, 'w8': 0.975, 'max_depth': 6, 'min_child_weight': 8, 'subsample': 0.8, 'colsample_bytree': 0.8, 'gamma': 0.4}. Best is trial 600 with value: 0.5139281937245695.
[I 2023-10-13 18:47:27,985] Trial 652 finished with value: 0.5074957458923365 and parameters: {'w0': 0.243, 'w1': 0.598, 'w2': 0.234, 'w3': 0.906, 'w4': 0.808, 'w5': 0.046, 'w6': 0.72, 'w7': 0.17600000000000002, 'w8': 0.972, 'max_depth': 6, 'min_child_weight': 8, 'subsample': 0.8, 'colsample_bytree': 0.8, 'gamma': 0.4}. Best is trial 600 with value: 0.5139281937245695.
[I 2023-10-13 18:49:10,718] Trial 653 finished with value: 0.4937822970658978 and parameters: {'w0': 0.23700000000000002, 'w1': 0.601, 'w2': 0.11, 'w3': 0.926, 'w4': 0.758, 'w5': 0.047, 'w6': 0.707, 'w7': 0.182, 'w8': 0.971, 'max_depth': 6, 'min_child_weight': 8, 'subsample': 0.8, 'colsample_bytree': 0.9000000000000001, 'gamma': 0.4}. Best is trial 600 with value: 0.5139281937245695.
[I 2023-10-13 18:51:21,430] Trial 654 finished with value: 0.5116146432909774 and parameters: {'w0': 0.20400000000000001, 'w1': 0.594, 'w2': 0.224, 'w3': 0.898, 'w4': 0.745, 'w5': 0.044000000000000004, 'w6': 0.784, 'w7': 0.181, 'w8': 0.969, 'max_depth': 6, 'min_child_weight': 8, 'subsample': 0.8, 'colsample_bytree': 0.9000000000000001, 'gamma': 0.4}. Best is trial 600 with value: 0.5139281937245695.
[I 2023-10-13 18:52:31,727] Trial 655 finished with value: 0.494208932104448 and parameters: {'w0': 0.191, 'w1': 0.671, 'w2': 0.116, 'w3': 0.911, 'w4': 0.75, 'w5': 0.042, 'w6': 0.784, 'w7': 0.19, 'w8': 0.971, 'max_depth': 6, 'min_child_weight': 8, 'subsample': 0.8, 'colsample_bytree': 0.7, 'gamma': 0.4}. Best is trial 600 with value: 0.5139281937245695.
[I 2023-10-13 18:55:55,643] Trial 656 finished with value: 0.5113114204952824 and parameters: {'w0': 0.23, 'w1': 0.669, 'w2': 0.19, 'w3': 0.909, 'w4': 0.757, 'w5': 0.042, 'w6': 0.781, 'w7': 0.181, 'w8': 0.972, 'max_depth': 6, 'min_child_weight': 8, 'subsample': 0.8, 'colsample_bytree': 0.9000000000000001, 'gamma': 0.4}. Best is trial 600 with value: 0.5139281937245695.
[I 2023-10-13 18:56:45,542] Trial 657 finished with value: 0.5058470614147497 and parameters: {'w0': 0.20500000000000002, 'w1': 0.603, 'w2': 0.232, 'w3': 0.927, 'w4': 0.758, 'w5': 0.043000000000000003, 'w6': 0.797, 'w7': 0.185, 'w8': 0.975, 'max_depth': 6, 'min_child_weight': 8, 'subsample': 0.8, 'colsample_bytree': 0.7, 'gamma': 0.4}. Best is trial 600 with value: 0.5139281937245695.
[I 2023-10-13 18:57:20,368] Trial 664 finished with value: 0.5058659165435386 and parameters: {'w0': 0.201, 'w1': 0.665, 'w2': 0.187, 'w3': 0.812, 'w4': 0.749, 'w5': 0.046, 'w6': 0.786, 'w7': 0.178, 'w8': 0.964, 'max_depth': 6, 'min_child_weight': 10, 'subsample': 0.8, 'colsample_bytree': 0.7, 'gamma': 1.0}. Best is trial 600 with value: 0.5139281937245695.
[I 2023-10-13 18:57:46,557] Trial 663 finished with value: 0.502217771498934 and parameters: {'w0': 0.296, 'w1': 0.588, 'w2': 0.195, 'w3': 0.8200000000000001, 'w4': 0.592, 'w5': 0.047, 'w6': 0.782, 'w7': 0.178, 'w8': 0.968, 'max_depth': 6, 'min_child_weight': 10, 'subsample': 0.8, 'colsample_bytree': 0.7, 'gamma': 1.0}. Best is trial 600 with value: 0.5139281937245695.
[I 2023-10-13 18:57:47,444] Trial 658 finished with value: 0.5111253823893603 and parameters: {'w0': 0.186, 'w1': 0.58, 'w2': 0.195, 'w3': 0.8210000000000001, 'w4': 0.754, 'w5': 0.044000000000000004, 'w6': 0.713, 'w7': 0.181, 'w8': 0.971, 'max_depth': 6, 'min_child_weight': 8, 'subsample': 0.8, 'colsample_bytree': 0.9000000000000001, 'gamma': 0.4}. Best is trial 600 with value: 0.5139281937245695.
[I 2023-10-13 18:57:52,187] Trial 665 finished with value: 0.49940729410081197 and parameters: {'w0': 0.303, 'w1': 0.668, 'w2': 0.188, 'w3': 0.804, 'w4': 0.755, 'w5': 0.048, 'w6': 0.783, 'w7': 0.179, 'w8': 0.965, 'max_depth': 6, 'min_child_weight': 8, 'subsample': 0.8, 'colsample_bytree': 0.7, 'gamma': 1.0}. Best is trial 600 with value: 0.5139281937245695.
[I 2023-10-13 18:58:17,225] Trial 659 finished with value: 0.4998411882092251 and parameters: {'w0': 0.198, 'w1': 0.663, 'w2': 0.117, 'w3': 0.872, 'w4': 0.755, 'w5': 0.047, 'w6': 0.787, 'w7': 0.185, 'w8': 0.968, 'max_depth': 6, 'min_child_weight': 8, 'subsample': 0.8, 'colsample_bytree': 0.7, 'gamma': 0.4}. Best is trial 600 with value: 0.5139281937245695.
[I 2023-10-13 18:59:16,777] Trial 660 finished with value: 0.5061184146026105 and parameters: {'w0': 0.217, 'w1': 0.593, 'w2': 0.193, 'w3': 0.8220000000000001, 'w4': 0.757, 'w5': 0.04, 'w6': 0.782, 'w7': 0.18, 'w8': 0.969, 'max_depth': 6, 'min_child_weight': 10, 'subsample': 0.8, 'colsample_bytree': 0.7, 'gamma': 0.4}. Best is trial 600 with value: 0.5139281937245695.
[I 2023-10-13 19:00:02,550] Trial 661 finished with value: 0.5127392005249007 and parameters: {'w0': 0.225, 'w1': 0.591, 'w2': 0.187, 'w3': 0.8210000000000001, 'w4': 0.754, 'w5': 0.043000000000000003, 'w6': 0.706, 'w7': 0.179, 'w8': 0.973, 'max_depth': 6, 'min_child_weight': 8, 'subsample': 0.8, 'colsample_bytree': 0.9000000000000001, 'gamma': 0.4}. Best is trial 600 with value: 0.5139281937245695.
[I 2023-10-13 19:00:21,143] Trial 662 finished with value: 0.5121377423204534 and parameters: {'w0': 0.228, 'w1': 0.67, 'w2': 0.194, 'w3': 0.8290000000000001, 'w4': 0.754, 'w5': 0.047, 'w6': 0.788, 'w7': 0.178, 'w8': 0.969, 'max_depth': 6, 'min_child_weight': 8, 'subsample': 0.8, 'colsample_bytree': 0.7, 'gamma': 0.4}. Best is trial 600 with value: 0.5139281937245695.
[I 2023-10-13 19:00:26,205] Trial 666 finished with value: 0.500947399942484 and parameters: {'w0': 0.293, 'w1': 0.666, 'w2': 0.191, 'w3': 0.8220000000000001, 'w4': 0.754, 'w5': 0.043000000000000003, 'w6': 0.779, 'w7': 0.17500000000000002, 'w8': 0.964, 'max_depth': 6, 'min_child_weight': 10, 'subsample': 0.8, 'colsample_bytree': 0.7, 'gamma': 1.0}. Best is trial 600 with value: 0.5139281937245695.
[I 2023-10-13 19:01:30,100] Trial 667 finished with value: 0.5008503430676238 and parameters: {'w0': 0.20600000000000002, 'w1': 0.669, 'w2': 0.193, 'w3': 0.8190000000000001, 'w4': 0.756, 'w5': 0.044000000000000004, 'w6': 0.783, 'w7': 0.178, 'w8': 0.962, 'max_depth': 6, 'min_child_weight': 10, 'subsample': 0.8, 'colsample_bytree': 0.7, 'gamma': 1.0}. Best is trial 600 with value: 0.5139281937245695.
[I 2023-10-13 19:07:17,817] Trial 668 finished with value: 0.5087882552540982 and parameters: {'w0': 0.213, 'w1': 0.665, 'w2': 0.223, 'w3': 0.8200000000000001, 'w4': 0.758, 'w5': 0.042, 'w6': 0.774, 'w7': 0.183, 'w8': 0.962, 'max_depth': 6, 'min_child_weight': 10, 'subsample': 0.8, 'colsample_bytree': 0.7, 'gamma': 0.2}. Best is trial 600 with value: 0.5139281937245695.
[I 2023-10-13 19:08:15,022] Trial 681 finished with value: 0.43073492635869687 and parameters: {'w0': 0.149, 'w1': 0.5700000000000001, 'w2': 0.222, 'w3': 0.9450000000000001, 'w4': 0.767, 'w5': 0.751, 'w6': 0.679, 'w7': 0.221, 'w8': 0.9540000000000001, 'max_depth': 6, 'min_child_weight': 8, 'subsample': 1.0, 'colsample_bytree': 0.9000000000000001, 'gamma': 8.0}. Best is trial 600 with value: 0.5139281937245695.
[I 2023-10-13 19:09:11,700] Trial 669 finished with value: 0.5055537064005223 and parameters: {'w0': 0.302, 'w1': 0.667, 'w2': 0.194, 'w3': 0.853, 'w4': 0.848, 'w5': 0.044000000000000004, 'w6': 0.78, 'w7': 0.185, 'w8': 0.964, 'max_depth': 6, 'min_child_weight': 10, 'subsample': 0.8, 'colsample_bytree': 0.7, 'gamma': 0.0}. Best is trial 600 with value: 0.5139281937245695.
[I 2023-10-13 19:11:14,443] Trial 670 finished with value: 0.5036479118230038 and parameters: {'w0': 0.19, 'w1': 0.67, 'w2': 0.189, 'w3': 0.8200000000000001, 'w4': 0.762, 'w5': 0.043000000000000003, 'w6': 0.785, 'w7': 0.223, 'w8': 0.965, 'max_depth': 6, 'min_child_weight': 10, 'subsample': 0.8, 'colsample_bytree': 0.7, 'gamma': 0.0}. Best is trial 600 with value: 0.5139281937245695.
[I 2023-10-13 19:11:32,419] Trial 672 finished with value: 0.5031316431112758 and parameters: {'w0': 0.214, 'w1': 0.5720000000000001, 'w2': 0.189, 'w3': 0.871, 'w4': 0.763, 'w5': 0.046, 'w6': 0.771, 'w7': 0.222, 'w8': 0.9590000000000001, 'max_depth': 6, 'min_child_weight': 10, 'subsample': 0.8, 'colsample_bytree': 0.9000000000000001, 'gamma': 1.0}. Best is trial 600 with value: 0.5139281937245695.
[I 2023-10-13 19:12:33,820] Trial 673 finished with value: 0.49912695394585754 and parameters: {'w0': 0.22, 'w1': 0.581, 'w2': 0.19, 'w3': 0.9490000000000001, 'w4': 0.765, 'w5': 0.046, 'w6': 0.767, 'w7': 0.22, 'w8': 0.9580000000000001, 'max_depth': 6, 'min_child_weight': 10, 'subsample': 0.8, 'colsample_bytree': 1.0, 'gamma': 1.0}. Best is trial 600 with value: 0.5139281937245695.
[I 2023-10-13 19:12:42,829] Trial 671 finished with value: 0.5025945256046763 and parameters: {'w0': 0.302, 'w1': 0.5710000000000001, 'w2': 0.19, 'w3': 0.877, 'w4': 0.764, 'w5': 0.051000000000000004, 'w6': 0.768, 'w7': 0.228, 'w8': 0.9600000000000001, 'max_depth': 6, 'min_child_weight': 10, 'subsample': 0.8, 'colsample_bytree': 1.0, 'gamma': 0.0}. Best is trial 600 with value: 0.5139281937245695.
