[I 2023-10-11 13:22:42,866] Trial 1364 finished with value: 0.563515721747639 and parameters: {'w0': 0.153, 'w1': 0.841, 'w2': 0.133, 'w3': 0.5640000000000001, 'w4': 0.845, 'w5': 0.32, 'w6': 0.9500000000000001, 'w7': 0.641, 'w8': 0.59, 'max_depth': 5, 'min_child_weight': 0, 'subsample': 0.9000000000000001, 'colsample_bytree': 0.9000000000000001, 'gamma': 1.2000000000000002}. Best is trial 1043 with value: 0.6266149442384139.
[I 2023-10-11 13:23:21,135] Trial 1369 finished with value: 0.5499713853992707 and parameters: {'w0': 0.166, 'w1': 0.71, 'w2': 0.211, 'w3': 0.562, 'w4': 0.851, 'w5': 0.305, 'w6': 0.747, 'w7': 0.167, 'w8': 0.20500000000000002, 'max_depth': 5, 'min_child_weight': 2, 'subsample': 0.9000000000000001, 'colsample_bytree': 0.9000000000000001, 'gamma': 9.200000000000001}. Best is trial 1043 with value: 0.6266149442384139.
[I 2023-10-11 13:26:44,660] Trial 1368 finished with value: 0.6009066479762608 and parameters: {'w0': 0.17200000000000001, 'w1': 0.7040000000000001, 'w2': 0.132, 'w3': 0.656, 'w4': 0.843, 'w5': 0.313, 'w6': 0.75, 'w7': 0.082, 'w8': 0.604, 'max_depth': 5, 'min_child_weight': 0, 'subsample': 0.9000000000000001, 'colsample_bytree': 0.3, 'gamma': 1.2000000000000002}. Best is trial 1043 with value: 0.6266149442384139.
[I 2023-10-11 13:27:04,830] Trial 1370 finished with value: 0.5926762686406931 and parameters: {'w0': 0.161, 'w1': 0.186, 'w2': 0.199, 'w3': 0.656, 'w4': 0.836, 'w5': 0.308, 'w6': 0.9480000000000001, 'w7': 0.165, 'w8': 0.609, 'max_depth': 5, 'min_child_weight': 0, 'subsample': 0.9000000000000001, 'colsample_bytree': 0.3, 'gamma': 1.2000000000000002}. Best is trial 1043 with value: 0.6266149442384139.
[I 2023-10-11 13:28:09,712] Trial 1367 finished with value: 0.5958267069327003 and parameters: {'w0': 0.161, 'w1': 0.847, 'w2': 0.13, 'w3': 0.5670000000000001, 'w4': 0.8310000000000001, 'w5': 0.319, 'w6': 0.745, 'w7': 0.23500000000000001, 'w8': 0.595, 'max_depth': 5, 'min_child_weight': 0, 'subsample': 0.9000000000000001, 'colsample_bytree': 0.8, 'gamma': 1.2000000000000002}. Best is trial 1043 with value: 0.6266149442384139.
[I 2023-10-11 13:28:31,403] Trial 1371 finished with value: 0.5994380028612073 and parameters: {'w0': 0.164, 'w1': 0.835, 'w2': 0.214, 'w3': 0.657, 'w4': 0.843, 'w5': 0.317, 'w6': 0.9440000000000001, 'w7': 0.079, 'w8': 0.608, 'max_depth': 5, 'min_child_weight': 0, 'subsample': 0.9000000000000001, 'colsample_bytree': 0.8, 'gamma': 1.2000000000000002}. Best is trial 1043 with value: 0.6266149442384139.
[I 2023-10-11 13:30:16,037] Trial 1372 finished with value: 0.6187856332393402 and parameters: {'w0': 0.17200000000000001, 'w1': 0.716, 'w2': 0.20800000000000002, 'w3': 0.655, 'w4': 0.842, 'w5': 0.31, 'w6': 0.9450000000000001, 'w7': 0.167, 'w8': 0.607, 'max_depth': 5, 'min_child_weight': 0, 'subsample': 0.9000000000000001, 'colsample_bytree': 0.9000000000000001, 'gamma': 1.2000000000000002}. Best is trial 1043 with value: 0.6266149442384139.
[I 2023-10-11 13:32:42,204] Trial 1374 finished with value: 0.6106415802521564 and parameters: {'w0': 0.115, 'w1': 0.712, 'w2': 0.217, 'w3': 0.63, 'w4': 0.838, 'w5': 0.309, 'w6': 0.9500000000000001, 'w7': 0.23600000000000002, 'w8': 0.61, 'max_depth': 6, 'min_child_weight': 0, 'subsample': 0.9000000000000001, 'colsample_bytree': 0.8, 'gamma': 1.2000000000000002}. Best is trial 1043 with value: 0.6266149442384139.
[I 2023-10-11 13:33:01,838] Trial 1373 finished with value: 0.6101628104140596 and parameters: {'w0': 0.255, 'w1': 0.712, 'w2': 0.213, 'w3': 0.636, 'w4': 0.214, 'w5': 0.307, 'w6': 0.9530000000000001, 'w7': 0.24000000000000002, 'w8': 0.602, 'max_depth': 5, 'min_child_weight': 0, 'subsample': 0.9000000000000001, 'colsample_bytree': 0.8, 'gamma': 1.2000000000000002}. Best is trial 1043 with value: 0.6266149442384139.
[I 2023-10-11 13:33:28,804] Trial 1375 finished with value: 0.5973160862808039 and parameters: {'w0': 0.992, 'w1': 0.8170000000000001, 'w2': 0.211, 'w3': 0.652, 'w4': 0.841, 'w5': 0.309, 'w6': 0.67, 'w7': 0.167, 'w8': 0.613, 'max_depth': 6, 'min_child_weight': 0, 'subsample': 0.9000000000000001, 'colsample_bytree': 0.3, 'gamma': 1.2000000000000002}. Best is trial 1043 with value: 0.6266149442384139.
[I 2023-10-11 13:34:05,255] Trial 1376 finished with value: 0.6173501239317384 and parameters: {'w0': 0.25, 'w1': 0.716, 'w2': 0.214, 'w3': 0.649, 'w4': 0.8320000000000001, 'w5': 0.303, 'w6': 0.9440000000000001, 'w7': 0.167, 'w8': 0.61, 'max_depth': 6, 'min_child_weight': 0, 'subsample': 0.9000000000000001, 'colsample_bytree': 0.8, 'gamma': 1.2000000000000002}. Best is trial 1043 with value: 0.6266149442384139.
[I 2023-10-11 13:34:44,976] Trial 1377 finished with value: 0.6090751942514492 and parameters: {'w0': 0.121, 'w1': 0.712, 'w2': 0.212, 'w3': 0.651, 'w4': 0.846, 'w5': 0.305, 'w6': 0.9490000000000001, 'w7': 0.23800000000000002, 'w8': 0.609, 'max_depth': 6, 'min_child_weight': 0, 'subsample': 0.9000000000000001, 'colsample_bytree': 0.8, 'gamma': 1.2000000000000002}. Best is trial 1043 with value: 0.6266149442384139.
[I 2023-10-11 13:34:51,509] Trial 1378 finished with value: 0.5970769731629064 and parameters: {'w0': 0.255, 'w1': 0.116, 'w2': 0.213, 'w3': 0.637, 'w4': 0.892, 'w5': 0.309, 'w6': 0.9460000000000001, 'w7': 0.17200000000000001, 'w8': 0.608, 'max_depth': 6, 'min_child_weight': 0, 'subsample': 0.9000000000000001, 'colsample_bytree': 0.9000000000000001, 'gamma': 1.2000000000000002}. Best is trial 1043 with value: 0.6266149442384139.
[I 2023-10-11 13:35:51,738] Trial 1379 finished with value: 0.6222053831652832 and parameters: {'w0': 0.254, 'w1': 0.708, 'w2': 0.20700000000000002, 'w3': 0.657, 'w4': 0.788, 'w5': 0.305, 'w6': 0.9510000000000001, 'w7': 0.166, 'w8': 0.612, 'max_depth': 6, 'min_child_weight': 0, 'subsample': 0.9000000000000001, 'colsample_bytree': 0.9000000000000001, 'gamma': 1.2000000000000002}. Best is trial 1043 with value: 0.6266149442384139.
[I 2023-10-11 13:36:14,757] Trial 1381 finished with value: 0.6014813316043381 and parameters: {'w0': 0.195, 'w1': 0.779, 'w2': 0.20800000000000002, 'w3': 0.657, 'w4': 0.893, 'w5': 0.277, 'w6': 0.9490000000000001, 'w7': 0.08, 'w8': 0.606, 'max_depth': 6, 'min_child_weight': 2, 'subsample': 0.9000000000000001, 'colsample_bytree': 0.8, 'gamma': 1.2000000000000002}. Best is trial 1043 with value: 0.6266149442384139.
[I 2023-10-11 13:36:17,530] Trial 1380 finished with value: 0.6192930719995353 and parameters: {'w0': 0.194, 'w1': 0.715, 'w2': 0.21, 'w3': 0.659, 'w4': 0.893, 'w5': 0.299, 'w6': 0.98, 'w7': 0.168, 'w8': 0.607, 'max_depth': 6, 'min_child_weight': 2, 'subsample': 0.9000000000000001, 'colsample_bytree': 0.8, 'gamma': 1.2000000000000002}. Best is trial 1043 with value: 0.6266149442384139.
[I 2023-10-11 13:37:38,248] Trial 1383 finished with value: 0.6198727040567514 and parameters: {'w0': 0.253, 'w1': 0.713, 'w2': 0.215, 'w3': 0.659, 'w4': 0.889, 'w5': 0.28, 'w6': 1.0, 'w7': 0.161, 'w8': 0.615, 'max_depth': 6, 'min_child_weight': 2, 'subsample': 0.9000000000000001, 'colsample_bytree': 0.9000000000000001, 'gamma': 1.4000000000000001}. Best is trial 1043 with value: 0.6266149442384139.
[I 2023-10-11 13:38:11,804] Trial 1382 finished with value: 0.5245448507223678 and parameters: {'w0': 0.194, 'w1': 0.714, 'w2': 0.213, 'w3': 0.656, 'w4': 0.884, 'w5': 0.276, 'w6': 0.008, 'w7': 0.679, 'w8': 0.611, 'max_depth': 6, 'min_child_weight': 2, 'subsample': 0.9000000000000001, 'colsample_bytree': 0.8, 'gamma': 1.2000000000000002}. Best is trial 1043 with value: 0.6266149442384139.
[I 2023-10-11 13:39:16,495] Trial 1386 finished with value: 0.6031114407531349 and parameters: {'w0': 0.258, 'w1': 0.711, 'w2': 0.212, 'w3': 0.635, 'w4': 0.892, 'w5': 0.275, 'w6': 1.0, 'w7': 0.16, 'w8': 0.615, 'max_depth': 6, 'min_child_weight': 2, 'subsample': 0.8, 'colsample_bytree': 0.9000000000000001, 'gamma': 4.4}. Best is trial 1043 with value: 0.6266149442384139.
[I 2023-10-11 13:43:09,582] Trial 1384 finished with value: 0.6236000380697253 and parameters: {'w0': 0.256, 'w1': 0.707, 'w2': 0.188, 'w3': 0.63, 'w4': 0.888, 'w5': 0.272, 'w6': 0.979, 'w7': 0.164, 'w8': 0.613, 'max_depth': 6, 'min_child_weight': 2, 'subsample': 0.9000000000000001, 'colsample_bytree': 0.8, 'gamma': 0.8}. Best is trial 1043 with value: 0.6266149442384139.
[I 2023-10-11 13:45:27,868] Trial 1394 finished with value: 0.6061869249464686 and parameters: {'w0': 0.193, 'w1': 0.776, 'w2': 0.178, 'w3': 0.594, 'w4': 0.891, 'w5': 0.278, 'w6': 0.98, 'w7': 0.148, 'w8': 0.652, 'max_depth': 6, 'min_child_weight': 2, 'subsample': 0.8, 'colsample_bytree': 0.9000000000000001, 'gamma': 4.4}. Best is trial 1043 with value: 0.6266149442384139.
[I 2023-10-11 13:45:39,500] Trial 1391 finished with value: 0.6179034134183073 and parameters: {'w0': 0.197, 'w1': 0.783, 'w2': 0.189, 'w3': 0.637, 'w4': 0.885, 'w5': 0.28200000000000003, 'w6': 0.976, 'w7': 0.152, 'w8': 0.646, 'max_depth': 6, 'min_child_weight': 2, 'subsample': 0.8, 'colsample_bytree': 0.9000000000000001, 'gamma': 2.4000000000000004}. Best is trial 1043 with value: 0.6266149442384139.
[I 2023-10-11 13:46:28,215] Trial 1387 finished with value: 0.5987437936140438 and parameters: {'w0': 0.246, 'w1': 0.125, 'w2': 0.213, 'w3': 0.638, 'w4': 0.531, 'w5': 0.278, 'w6': 0.982, 'w7': 0.158, 'w8': 0.65, 'max_depth': 6, 'min_child_weight': 2, 'subsample': 0.8, 'colsample_bytree': 0.9000000000000001, 'gamma': 0.8}. Best is trial 1043 with value: 0.6266149442384139.
[I 2023-10-11 13:46:46,180] Trial 1385 finished with value: 0.5765339620796288 and parameters: {'w0': 0.194, 'w1': 0.714, 'w2': 0.20800000000000002, 'w3': 0.633, 'w4': 0.892, 'w5': 0.274, 'w6': 0.98, 'w7': 0.791, 'w8': 0.609, 'max_depth': 6, 'min_child_weight': 2, 'subsample': 0.9000000000000001, 'colsample_bytree': 0.8, 'gamma': 0.8}. Best is trial 1043 with value: 0.6266149442384139.
[I 2023-10-11 13:47:56,493] Trial 1395 finished with value: 0.618628089212758 and parameters: {'w0': 0.195, 'w1': 0.779, 'w2': 0.188, 'w3': 0.595, 'w4': 0.888, 'w5': 0.28300000000000003, 'w6': 0.977, 'w7': 0.182, 'w8': 0.641, 'max_depth': 6, 'min_child_weight': 2, 'subsample': 0.8, 'colsample_bytree': 0.9000000000000001, 'gamma': 2.6}. Best is trial 1043 with value: 0.6266149442384139.
[I 2023-10-11 13:48:42,466] Trial 1392 finished with value: 0.6107099324972952 and parameters: {'w0': 0.196, 'w1': 0.779, 'w2': 0.185, 'w3': 0.625, 'w4': 0.89, 'w5': 0.279, 'w6': 0.98, 'w7': 0.14500000000000002, 'w8': 0.651, 'max_depth': 3, 'min_child_weight': 2, 'subsample': 0.8, 'colsample_bytree': 0.9000000000000001, 'gamma': 0.6000000000000001}. Best is trial 1043 with value: 0.6266149442384139.
[I 2023-10-11 13:49:18,925] Trial 1388 finished with value: 0.6232473228892029 and parameters: {'w0': 0.253, 'w1': 0.714, 'w2': 0.192, 'w3': 0.635, 'w4': 0.891, 'w5': 0.28, 'w6': 0.98, 'w7': 0.153, 'w8': 0.648, 'max_depth': 6, 'min_child_weight': 2, 'subsample': 0.8, 'colsample_bytree': 0.9000000000000001, 'gamma': 0.8}. Best is trial 1043 with value: 0.6266149442384139.
[I 2023-10-11 13:50:32,013] Trial 1397 finished with value: 0.6085765127591277 and parameters: {'w0': 0.197, 'w1': 0.8140000000000001, 'w2': 0.19, 'w3': 0.602, 'w4': 0.448, 'w5': 0.278, 'w6': 0.98, 'w7': 0.14, 'w8': 0.65, 'max_depth': 3, 'min_child_weight': 2, 'subsample': 0.8, 'colsample_bytree': 0.9000000000000001, 'gamma': 0.8}. Best is trial 1043 with value: 0.6266149442384139.
[I 2023-10-11 13:51:00,586] Trial 1398 finished with value: 0.5629647181578745 and parameters: {'w0': 0.193, 'w1': 0.811, 'w2': 0.185, 'w3': 0.598, 'w4': 0.891, 'w5': 0.273, 'w6': 0.979, 'w7': 0.794, 'w8': 0.659, 'max_depth': 6, 'min_child_weight': 2, 'subsample': 0.8, 'colsample_bytree': 0.9000000000000001, 'gamma': 2.6}. Best is trial 1043 with value: 0.6266149442384139.
[I 2023-10-11 13:52:18,495] Trial 1393 finished with value: 0.6091552762211916 and parameters: {'w0': 0.194, 'w1': 0.8170000000000001, 'w2': 0.188, 'w3': 0.6, 'w4': 0.896, 'w5': 0.277, 'w6': 0.805, 'w7': 0.154, 'w8': 0.163, 'max_depth': 6, 'min_child_weight': 2, 'subsample': 0.8, 'colsample_bytree': 0.9000000000000001, 'gamma': 0.8}. Best is trial 1043 with value: 0.6266149442384139.
[I 2023-10-11 13:52:26,139] Trial 1389 finished with value: 0.6227981903479671 and parameters: {'w0': 0.256, 'w1': 0.811, 'w2': 0.191, 'w3': 0.634, 'w4': 0.893, 'w5': 0.771, 'w6': 0.981, 'w7': 0.152, 'w8': 0.648, 'max_depth': 6, 'min_child_weight': 2, 'subsample': 0.8, 'colsample_bytree': 0.9000000000000001, 'gamma': 0.8}. Best is trial 1043 with value: 0.6266149442384139.
[I 2023-10-11 13:54:17,152] Trial 1396 finished with value: 0.6258029943586687 and parameters: {'w0': 0.196, 'w1': 0.811, 'w2': 0.186, 'w3': 0.595, 'w4': 0.895, 'w5': 0.275, 'w6': 0.981, 'w7': 0.15, 'w8': 0.649, 'max_depth': 6, 'min_child_weight': 2, 'subsample': 0.8, 'colsample_bytree': 0.9000000000000001, 'gamma': 0.8}. Best is trial 1043 with value: 0.6266149442384139.
[I 2023-10-11 13:56:32,758] Trial 1399 finished with value: 0.6246114886812439 and parameters: {'w0': 0.20400000000000001, 'w1': 0.8160000000000001, 'w2': 0.19, 'w3': 0.596, 'w4': 0.885, 'w5': 0.272, 'w6': 0.977, 'w7': 0.14200000000000002, 'w8': 0.645, 'max_depth': 6, 'min_child_weight': 2, 'subsample': 0.8, 'colsample_bytree': 0.9000000000000001, 'gamma': 0.8}. Best is trial 1043 with value: 0.6266149442384139.
[I 2023-10-11 13:57:13,895] Trial 1390 finished with value: 0.6105293719016281 and parameters: {'w0': 0.193, 'w1': 0.807, 'w2': 0.188, 'w3': 0.596, 'w4': 0.893, 'w5': 0.277, 'w6': 0.977, 'w7': 0.152, 'w8': 0.647, 'max_depth': 6, 'min_child_weight': 2, 'subsample': 0.2, 'colsample_bytree': 0.9000000000000001, 'gamma': 0.8}. Best is trial 1043 with value: 0.6266149442384139.
[I 2023-10-11 13:57:36,700] Trial 1400 finished with value: 0.6233248641501394 and parameters: {'w0': 0.198, 'w1': 0.808, 'w2': 0.19, 'w3': 0.59, 'w4': 0.894, 'w5': 0.279, 'w6': 0.805, 'w7': 0.148, 'w8': 0.656, 'max_depth': 6, 'min_child_weight': 2, 'subsample': 0.8, 'colsample_bytree': 0.9000000000000001, 'gamma': 0.8}. Best is trial 1043 with value: 0.6266149442384139.
[I 2023-10-11 13:57:40,378] Trial 1401 finished with value: 0.5813504049369033 and parameters: {'w0': 0.191, 'w1': 0.776, 'w2': 0.185, 'w3': 0.608, 'w4': 0.893, 'w5': 0.272, 'w6': 0.979, 'w7': 0.147, 'w8': 0.17500000000000002, 'max_depth': 6, 'min_child_weight': 2, 'subsample': 0.2, 'colsample_bytree': 0.9000000000000001, 'gamma': 2.6}. Best is trial 1043 with value: 0.6266149442384139.
[I 2023-10-11 14:01:05,358] Trial 1410 finished with value: 0.5516539882872188 and parameters: {'w0': 0.233, 'w1': 0.805, 'w2': 0.15, 'w3': 0.514, 'w4': 0.146, 'w5': 0.3, 'w6': 0.798, 'w7': 0.185, 'w8': 0.559, 'max_depth': 6, 'min_child_weight': 4, 'subsample': 0.9000000000000001, 'colsample_bytree': 0.9000000000000001, 'gamma': 5.0}. Best is trial 1043 with value: 0.6266149442384139.
[I 2023-10-11 14:02:02,443] Trial 1402 finished with value: 0.6062456636601193 and parameters: {'w0': 0.196, 'w1': 0.8130000000000001, 'w2': 0.189, 'w3': 0.593, 'w4': 0.533, 'w5': 0.28500000000000003, 'w6': 0.6980000000000001, 'w7': 0.185, 'w8': 0.646, 'max_depth': 6, 'min_child_weight': 2, 'subsample': 0.2, 'colsample_bytree': 0.9000000000000001, 'gamma': 2.4000000000000004}. Best is trial 1043 with value: 0.6266149442384139.
[I 2023-10-11 14:04:12,470] Trial 1403 finished with value: 0.617795078596129 and parameters: {'w0': 0.193, 'w1': 0.812, 'w2': 0.187, 'w3': 0.504, 'w4': 0.321, 'w5': 0.278, 'w6': 0.804, 'w7': 0.14100000000000001, 'w8': 0.648, 'max_depth': 6, 'min_child_weight': 2, 'subsample': 0.8, 'colsample_bytree': 0.9000000000000001, 'gamma': 0.8}. Best is trial 1043 with value: 0.6266149442384139.
[I 2023-10-11 14:05:11,431] Trial 1407 finished with value: 0.6231845913339852 and parameters: {'w0': 0.20400000000000001, 'w1': 0.8, 'w2': 0.187, 'w3': 0.131, 'w4': 0.467, 'w5': 0.297, 'w6': 0.806, 'w7': 0.185, 'w8': 0.644, 'max_depth': 6, 'min_child_weight': 4, 'subsample': 0.9000000000000001, 'colsample_bytree': 0.9000000000000001, 'gamma': 0.8}. Best is trial 1043 with value: 0.6266149442384139.
[I 2023-10-11 14:07:21,527] Trial 1409 finished with value: 0.6212144418055338 and parameters: {'w0': 0.201, 'w1': 0.743, 'w2': 0.186, 'w3': 0.504, 'w4': 0.863, 'w5': 0.297, 'w6': 0.806, 'w7': 0.182, 'w8': 0.664, 'max_depth': 6, 'min_child_weight': 4, 'subsample': 0.9000000000000001, 'colsample_bytree': 0.9000000000000001, 'gamma': 0.8}. Best is trial 1043 with value: 0.6266149442384139.
[I 2023-10-11 14:07:24,520] Trial 1404 finished with value: 0.6250866304139585 and parameters: {'w0': 0.199, 'w1': 0.812, 'w2': 0.187, 'w3': 0.597, 'w4': 0.896, 'w5': 0.275, 'w6': 0.803, 'w7': 0.187, 'w8': 0.66, 'max_depth': 6, 'min_child_weight': 2, 'subsample': 0.7, 'colsample_bytree': 0.9000000000000001, 'gamma': 0.8}. Best is trial 1043 with value: 0.6266149442384139.
[I 2023-10-11 14:09:21,432] Trial 1411 finished with value: 0.6171367525611618 and parameters: {'w0': 0.226, 'w1': 0.744, 'w2': 0.146, 'w3': 0.511, 'w4': 0.861, 'w5': 0.234, 'w6': 0.803, 'w7': 0.186, 'w8': 0.659, 'max_depth': 6, 'min_child_weight': 4, 'subsample': 0.9000000000000001, 'colsample_bytree': 0.9000000000000001, 'gamma': 0.8}. Best is trial 1043 with value: 0.6266149442384139.
[I 2023-10-11 14:10:16,036] Trial 1406 finished with value: 0.6253472841070117 and parameters: {'w0': 0.194, 'w1': 0.8200000000000001, 'w2': 0.183, 'w3': 0.597, 'w4': 0.8160000000000001, 'w5': 0.294, 'w6': 0.644, 'w7': 0.183, 'w8': 0.657, 'max_depth': 6, 'min_child_weight': 4, 'subsample': 0.7, 'colsample_bytree': 0.9000000000000001, 'gamma': 0.8}. Best is trial 1043 with value: 0.6266149442384139.
[I 2023-10-11 14:10:33,450] Trial 1405 finished with value: 0.6025829579381806 and parameters: {'w0': 0.196, 'w1': 0.81, 'w2': 0.189, 'w3': 0.594, 'w4': 0.8150000000000001, 'w5': 0.292, 'w6': 0.806, 'w7': 0.184, 'w8': 0.659, 'max_depth': 6, 'min_child_weight': 4, 'subsample': 0.2, 'colsample_bytree': 0.9000000000000001, 'gamma': 0.8}. Best is trial 1043 with value: 0.6266149442384139.
[I 2023-10-11 14:11:24,004] Trial 1408 finished with value: 0.6193905922253301 and parameters: {'w0': 0.229, 'w1': 0.811, 'w2': 0.185, 'w3': 0.503, 'w4': 0.447, 'w5': 0.298, 'w6': 0.808, 'w7': 0.185, 'w8': 0.667, 'max_depth': 6, 'min_child_weight': 4, 'subsample': 0.7, 'colsample_bytree': 0.9000000000000001, 'gamma': 0.8}. Best is trial 1043 with value: 0.6266149442384139.
[I 2023-10-11 14:15:19,477] Trial 1421 finished with value: 0.5638487547394091 and parameters: {'w0': 0.229, 'w1': 0.844, 'w2': 0.149, 'w3': 0.546, 'w4': 0.859, 'w5': 0.671, 'w6': 0.764, 'w7': 0.185, 'w8': 0.658, 'max_depth': 5, 'min_child_weight': 2, 'subsample': 0.8, 'colsample_bytree': 0.9000000000000001, 'gamma': 7.4}. Best is trial 1043 with value: 0.6266149442384139.
[I 2023-10-11 14:15:59,775] Trial 1415 finished with value: 0.6047931433438526 and parameters: {'w0': 0.062, 'w1': 0.856, 'w2': 0.155, 'w3': 0.547, 'w4': 0.861, 'w5': 0.224, 'w6': 0.804, 'w7': 0.093, 'w8': 0.663, 'max_depth': 5, 'min_child_weight': 2, 'subsample': 0.8, 'colsample_bytree': 0.9000000000000001, 'gamma': 0.6000000000000001}. Best is trial 1043 with value: 0.6266149442384139.
[I 2023-10-11 14:16:03,622] Trial 1413 finished with value: 0.6198560333439094 and parameters: {'w0': 0.224, 'w1': 0.8200000000000001, 'w2': 0.146, 'w3': 0.592, 'w4': 0.916, 'w5': 0.232, 'w6': 0.808, 'w7': 0.19, 'w8': 0.658, 'max_depth': 6, 'min_child_weight': 4, 'subsample': 0.8, 'colsample_bytree': 0.9000000000000001, 'gamma': 0.6000000000000001}. Best is trial 1043 with value: 0.6266149442384139.
[I 2023-10-11 14:16:10,504] Trial 1412 finished with value: 0.6213500648123291 and parameters: {'w0': 0.224, 'w1': 0.746, 'w2': 0.151, 'w3': 0.503, 'w4': 0.668, 'w5': 0.298, 'w6': 0.806, 'w7': 0.183, 'w8': 0.667, 'max_depth': 6, 'min_child_weight': 4, 'subsample': 0.7, 'colsample_bytree': 0.9000000000000001, 'gamma': 0.6000000000000001}. Best is trial 1043 with value: 0.6266149442384139.
[I 2023-10-11 14:17:25,730] Trial 1414 finished with value: 0.6260932970019943 and parameters: {'w0': 0.23, 'w1': 0.861, 'w2': 0.146, 'w3': 0.506, 'w4': 0.866, 'w5': 0.231, 'w6': 0.808, 'w7': 0.14, 'w8': 0.649, 'max_depth': 6, 'min_child_weight': 2, 'subsample': 0.8, 'colsample_bytree': 0.9000000000000001, 'gamma': 0.6000000000000001}. Best is trial 1043 with value: 0.6266149442384139.
[I 2023-10-11 14:17:29,702] Trial 1416 finished with value: 0.596068344327888 and parameters: {'w0': 0.17500000000000002, 'w1': 0.834, 'w2': 0.149, 'w3': 0.503, 'w4': 0.076, 'w5': 0.231, 'w6': 0.705, 'w7': 0.182, 'w8': 0.668, 'max_depth': 5, 'min_child_weight': 2, 'subsample': 0.8, 'colsample_bytree': 0.9000000000000001, 'gamma': 0.6000000000000001}. Best is trial 1043 with value: 0.6266149442384139.
[I 2023-10-11 14:18:10,533] Trial 1417 finished with value: 0.618441140432983 and parameters: {'w0': 0.233, 'w1': 0.835, 'w2': 0.15, 'w3': 0.513, 'w4': 0.86, 'w5': 0.23, 'w6': 0.709, 'w7': 0.188, 'w8': 0.645, 'max_depth': 5, 'min_child_weight': 2, 'subsample': 0.8, 'colsample_bytree': 0.9000000000000001, 'gamma': 0.6000000000000001}. Best is trial 1043 with value: 0.6266149442384139.
[I 2023-10-11 14:20:56,075] Trial 1418 finished with value: 0.6197855936419793 and parameters: {'w0': 0.234, 'w1': 0.8330000000000001, 'w2': 0.148, 'w3': 0.5740000000000001, 'w4': 0.669, 'w5': 0.234, 'w6': 0.81, 'w7': 0.099, 'w8': 0.665, 'max_depth': 5, 'min_child_weight': 2, 'subsample': 0.8, 'colsample_bytree': 0.9000000000000001, 'gamma': 0.6000000000000001}. Best is trial 1043 with value: 0.6266149442384139.
[I 2023-10-11 14:21:56,824] Trial 1419 finished with value: 0.624405399869294 and parameters: {'w0': 0.23, 'w1': 0.84, 'w2': 0.15, 'w3': 0.507, 'w4': 0.861, 'w5': 0.228, 'w6': 0.748, 'w7': 0.138, 'w8': 0.667, 'max_depth': 5, 'min_child_weight': 2, 'subsample': 0.8, 'colsample_bytree': 0.9000000000000001, 'gamma': 0.6000000000000001}. Best is trial 1043 with value: 0.6266149442384139.
