[I 2023-10-12 00:37:31,817] Trial 1938 finished with value: 0.578716557845254 and parameters: {'w0': 0.21, 'w1': 0.23900000000000002, 'w2': 0.241, 'w3': 0.657, 'w4': 0.753, 'w5': 0.126, 'w6': 0.75, 'w7': 0.226, 'w8': 0.676, 'max_depth': 6, 'min_child_weight': 4, 'subsample': 0.8, 'colsample_bytree': 1.0, 'gamma': 5.800000000000001}. Best is trial 1801 with value: 0.629468387989737.
[I 2023-10-12 00:39:21,477] Trial 1930 finished with value: 0.6277716736818035 and parameters: {'w0': 0.20900000000000002, 'w1': 0.905, 'w2': 0.23700000000000002, 'w3': 0.665, 'w4': 0.741, 'w5': 0.11, 'w6': 0.742, 'w7': 0.215, 'w8': 0.735, 'max_depth': 6, 'min_child_weight': 4, 'subsample': 0.8, 'colsample_bytree': 1.0, 'gamma': 0.8}. Best is trial 1801 with value: 0.629468387989737.
[I 2023-10-12 00:40:47,283] Trial 1934 finished with value: 0.5878969064505941 and parameters: {'w0': 0.212, 'w1': 0.223, 'w2': 0.308, 'w3': 0.025, 'w4': 0.743, 'w5': 0.114, 'w6': 0.74, 'w7': 0.213, 'w8': 0.687, 'max_depth': 6, 'min_child_weight': 4, 'subsample': 0.8, 'colsample_bytree': 1.0, 'gamma': 0.8}. Best is trial 1801 with value: 0.629468387989737.
[I 2023-10-12 00:40:57,237] Trial 1932 finished with value: 0.6194150309188183 and parameters: {'w0': 0.214, 'w1': 0.905, 'w2': 0.299, 'w3': 0.667, 'w4': 0.74, 'w5': 0.112, 'w6': 0.745, 'w7': 0.211, 'w8': 0.678, 'max_depth': 6, 'min_child_weight': 4, 'subsample': 0.8, 'colsample_bytree': 1.0, 'gamma': 0.8}. Best is trial 1801 with value: 0.629468387989737.
[I 2023-10-12 00:41:46,631] Trial 1933 finished with value: 0.6201385279231855 and parameters: {'w0': 0.216, 'w1': 0.917, 'w2': 0.314, 'w3': 0.665, 'w4': 0.744, 'w5': 0.112, 'w6': 0.742, 'w7': 0.215, 'w8': 0.6880000000000001, 'max_depth': 6, 'min_child_weight': 4, 'subsample': 0.8, 'colsample_bytree': 1.0, 'gamma': 0.8}. Best is trial 1801 with value: 0.629468387989737.
[I 2023-10-12 00:44:24,645] Trial 1935 finished with value: 0.6251158212003582 and parameters: {'w0': 0.217, 'w1': 0.925, 'w2': 0.244, 'w3': 0.664, 'w4': 0.739, 'w5': 0.114, 'w6': 0.737, 'w7': 0.215, 'w8': 0.681, 'max_depth': 6, 'min_child_weight': 4, 'subsample': 0.8, 'colsample_bytree': 1.0, 'gamma': 0.8}. Best is trial 1801 with value: 0.629468387989737.
[I 2023-10-12 00:44:32,367] Trial 1943 finished with value: 0.5971656027954159 and parameters: {'w0': 0.225, 'w1': 0.926, 'w2': 0.23500000000000001, 'w3': 0.615, 'w4': 0.763, 'w5': 0.049, 'w6': 0.763, 'w7': 0.212, 'w8': 0.68, 'max_depth': 6, 'min_child_weight': 4, 'subsample': 0.8, 'colsample_bytree': 1.0, 'gamma': 6.6000000000000005}. Best is trial 1801 with value: 0.629468387989737.
[I 2023-10-12 00:45:23,044] Trial 1936 finished with value: 0.6250163306352712 and parameters: {'w0': 0.20800000000000002, 'w1': 0.924, 'w2': 0.23600000000000002, 'w3': 0.672, 'w4': 0.754, 'w5': 0.114, 'w6': 0.742, 'w7': 0.217, 'w8': 0.686, 'max_depth': 6, 'min_child_weight': 4, 'subsample': 0.8, 'colsample_bytree': 1.0, 'gamma': 0.8}. Best is trial 1801 with value: 0.629468387989737.
[I 2023-10-12 00:46:34,907] Trial 1937 finished with value: 0.6193202804986875 and parameters: {'w0': 0.213, 'w1': 0.28800000000000003, 'w2': 0.244, 'w3': 0.661, 'w4': 0.738, 'w5': 0.12000000000000001, 'w6': 0.747, 'w7': 0.214, 'w8': 0.681, 'max_depth': 6, 'min_child_weight': 4, 'subsample': 0.8, 'colsample_bytree': 1.0, 'gamma': 0.8}. Best is trial 1801 with value: 0.629468387989737.
[I 2023-10-12 00:49:23,703] Trial 1939 finished with value: 0.6245098761724392 and parameters: {'w0': 0.20900000000000002, 'w1': 0.923, 'w2': 0.23600000000000002, 'w3': 0.655, 'w4': 0.745, 'w5': 0.113, 'w6': 0.742, 'w7': 0.214, 'w8': 0.676, 'max_depth': 6, 'min_child_weight': 4, 'subsample': 0.8, 'colsample_bytree': 1.0, 'gamma': 0.8}. Best is trial 1801 with value: 0.629468387989737.
[I 2023-10-12 00:52:50,118] Trial 1941 finished with value: 0.62691903600117 and parameters: {'w0': 0.231, 'w1': 0.925, 'w2': 0.23900000000000002, 'w3': 0.617, 'w4': 0.744, 'w5': 0.111, 'w6': 0.742, 'w7': 0.216, 'w8': 0.683, 'max_depth': 6, 'min_child_weight': 4, 'subsample': 0.8, 'colsample_bytree': 1.0, 'gamma': 0.8}. Best is trial 1801 with value: 0.629468387989737.
[I 2023-10-12 00:53:02,453] Trial 1940 finished with value: 0.626455777847369 and parameters: {'w0': 0.233, 'w1': 0.922, 'w2': 0.247, 'w3': 0.642, 'w4': 0.748, 'w5': 0.11900000000000001, 'w6': 0.737, 'w7': 0.214, 'w8': 0.679, 'max_depth': 6, 'min_child_weight': 4, 'subsample': 0.8, 'colsample_bytree': 1.0, 'gamma': 0.8}. Best is trial 1801 with value: 0.629468387989737.
[I 2023-10-12 00:54:17,009] Trial 1942 finished with value: 0.6237386021482456 and parameters: {'w0': 0.215, 'w1': 0.925, 'w2': 0.23600000000000002, 'w3': 0.642, 'w4': 0.753, 'w5': 0.113, 'w6': 0.742, 'w7': 0.216, 'w8': 0.675, 'max_depth': 6, 'min_child_weight': 4, 'subsample': 0.8, 'colsample_bytree': 1.0, 'gamma': 0.8}. Best is trial 1801 with value: 0.629468387989737.
[I 2023-10-12 00:54:53,232] Trial 1944 finished with value: 0.6167388012550954 and parameters: {'w0': 0.23, 'w1': 0.241, 'w2': 0.242, 'w3': 0.617, 'w4': 0.763, 'w5': 0.123, 'w6': 0.763, 'w7': 0.215, 'w8': 0.681, 'max_depth': 6, 'min_child_weight': 4, 'subsample': 0.8, 'colsample_bytree': 1.0, 'gamma': 0.8}. Best is trial 1801 with value: 0.629468387989737.
[I 2023-10-12 00:57:13,350] Trial 1945 finished with value: 0.6242440434297925 and parameters: {'w0': 0.233, 'w1': 0.931, 'w2': 0.248, 'w3': 0.724, 'w4': 0.753, 'w5': 0.11900000000000001, 'w6': 0.757, 'w7': 0.216, 'w8': 0.683, 'max_depth': 6, 'min_child_weight': 4, 'subsample': 0.8, 'colsample_bytree': 1.0, 'gamma': 0.8}. Best is trial 1801 with value: 0.629468387989737.
[I 2023-10-12 00:58:11,838] Trial 1947 finished with value: 0.6251034608286574 and parameters: {'w0': 0.234, 'w1': 0.923, 'w2': 0.249, 'w3': 0.706, 'w4': 0.759, 'w5': 0.121, 'w6': 0.767, 'w7': 0.215, 'w8': 0.687, 'max_depth': 6, 'min_child_weight': 4, 'subsample': 0.8, 'colsample_bytree': 1.0, 'gamma': 0.8}. Best is trial 1801 with value: 0.629468387989737.
[I 2023-10-12 00:58:42,877] Trial 1946 finished with value: 0.6198158308998941 and parameters: {'w0': 0.23600000000000002, 'w1': 0.924, 'w2': 0.227, 'w3': 0.714, 'w4': 0.756, 'w5': 0.633, 'w6': 0.765, 'w7': 0.217, 'w8': 0.682, 'max_depth': 6, 'min_child_weight': 4, 'subsample': 0.8, 'colsample_bytree': 1.0, 'gamma': 0.8}. Best is trial 1801 with value: 0.629468387989737.
[I 2023-10-12 01:03:02,774] Trial 1948 finished with value: 0.6267006358693299 and parameters: {'w0': 0.232, 'w1': 0.88, 'w2': 0.255, 'w3': 0.666, 'w4': 0.751, 'w5': 0.129, 'w6': 0.74, 'w7': 0.234, 'w8': 0.757, 'max_depth': 6, 'min_child_weight': 4, 'subsample': 0.8, 'colsample_bytree': 1.0, 'gamma': 0.4}. Best is trial 1801 with value: 0.629468387989737.
[I 2023-10-12 01:03:50,907] Trial 1949 finished with value: 0.6064879506187562 and parameters: {'w0': 0.074, 'w1': 0.883, 'w2': 0.251, 'w3': 0.71, 'w4': 0.746, 'w5': 0.132, 'w6': 0.735, 'w7': 0.23, 'w8': 0.746, 'max_depth': 6, 'min_child_weight': 4, 'subsample': 0.8, 'colsample_bytree': 1.0, 'gamma': 0.4}. Best is trial 1801 with value: 0.629468387989737.
[I 2023-10-12 01:04:40,418] Trial 1950 finished with value: 0.6247949011443936 and parameters: {'w0': 0.23700000000000002, 'w1': 0.872, 'w2': 0.251, 'w3': 0.7020000000000001, 'w4': 0.736, 'w5': 0.126, 'w6': 0.733, 'w7': 0.234, 'w8': 0.748, 'max_depth': 6, 'min_child_weight': 6, 'subsample': 0.8, 'colsample_bytree': 1.0, 'gamma': 0.4}. Best is trial 1801 with value: 0.629468387989737.
[I 2023-10-12 01:05:24,280] Trial 1951 finished with value: 0.6238512786963919 and parameters: {'w0': 0.228, 'w1': 0.876, 'w2': 0.258, 'w3': 0.7000000000000001, 'w4': 0.665, 'w5': 0.11900000000000001, 'w6': 0.732, 'w7': 0.231, 'w8': 0.742, 'max_depth': 6, 'min_child_weight': 4, 'subsample': 0.8, 'colsample_bytree': 1.0, 'gamma': 0.4}. Best is trial 1801 with value: 0.629468387989737.
[I 2023-10-12 01:07:33,979] Trial 1952 finished with value: 0.6225883568673323 and parameters: {'w0': 0.23500000000000001, 'w1': 0.878, 'w2': 0.259, 'w3': 0.7020000000000001, 'w4': 0.76, 'w5': 0.132, 'w6': 0.762, 'w7': 0.23500000000000001, 'w8': 0.759, 'max_depth': 6, 'min_child_weight': 4, 'subsample': 0.8, 'colsample_bytree': 1.0, 'gamma': 0.4}. Best is trial 1801 with value: 0.629468387989737.
[I 2023-10-12 01:07:51,076] Trial 1953 finished with value: 0.6129982200553983 and parameters: {'w0': 0.09, 'w1': 0.879, 'w2': 0.255, 'w3': 0.714, 'w4': 0.714, 'w5': 0.13, 'w6': 0.735, 'w7': 0.234, 'w8': 0.75, 'max_depth': 6, 'min_child_weight': 6, 'subsample': 0.8, 'colsample_bytree': 1.0, 'gamma': 0.4}. Best is trial 1801 with value: 0.629468387989737.
[I 2023-10-12 01:08:29,235] Trial 1954 finished with value: 0.6212314321863699 and parameters: {'w0': 0.23700000000000002, 'w1': 0.879, 'w2': 0.261, 'w3': 0.6950000000000001, 'w4': 0.735, 'w5': 0.117, 'w6': 0.764, 'w7': 0.234, 'w8': 0.759, 'max_depth': 6, 'min_child_weight': 6, 'subsample': 0.8, 'colsample_bytree': 1.0, 'gamma': 0.4}. Best is trial 1801 with value: 0.629468387989737.
[I 2023-10-12 01:08:34,350] Trial 1962 finished with value: 0.6140064567124796 and parameters: {'w0': 0.244, 'w1': 0.883, 'w2': 0.257, 'w3': 0.6910000000000001, 'w4': 0.712, 'w5': 0.137, 'w6': 0.729, 'w7': 0.23600000000000002, 'w8': 0.753, 'max_depth': 6, 'min_child_weight': 6, 'subsample': 0.8, 'colsample_bytree': 1.0, 'gamma': 4.0}. Best is trial 1801 with value: 0.629468387989737.
[I 2023-10-12 01:09:34,149] Trial 1955 finished with value: 0.6222428597607376 and parameters: {'w0': 0.23900000000000002, 'w1': 0.884, 'w2': 0.26, 'w3': 0.726, 'w4': 0.708, 'w5': 0.132, 'w6': 0.73, 'w7': 0.234, 'w8': 0.748, 'max_depth': 6, 'min_child_weight': 6, 'subsample': 0.8, 'colsample_bytree': 1.0, 'gamma': 0.4}. Best is trial 1801 with value: 0.629468387989737.
[I 2023-10-12 01:12:40,162] Trial 1956 finished with value: 0.6247853646993481 and parameters: {'w0': 0.24000000000000002, 'w1': 0.881, 'w2': 0.257, 'w3': 0.71, 'w4': 0.709, 'w5': 0.131, 'w6': 0.765, 'w7': 0.23600000000000002, 'w8': 0.754, 'max_depth': 6, 'min_child_weight': 6, 'subsample': 0.8, 'colsample_bytree': 1.0, 'gamma': 0.4}. Best is trial 1801 with value: 0.629468387989737.
[I 2023-10-12 01:14:28,695] Trial 1967 finished with value: 0.5864495427023841 and parameters: {'w0': 0.272, 'w1': 0.882, 'w2': 0.258, 'w3': 0.719, 'w4': 0.718, 'w5': 0.136, 'w6': 0.707, 'w7': 0.243, 'w8': 0.749, 'max_depth': 6, 'min_child_weight': 6, 'subsample': 0.8, 'colsample_bytree': 1.0, 'gamma': 10.0}. Best is trial 1801 with value: 0.629468387989737.
[I 2023-10-12 01:15:44,866] Trial 1957 finished with value: 0.6230992722406291 and parameters: {'w0': 0.23700000000000002, 'w1': 0.887, 'w2': 0.257, 'w3': 0.705, 'w4': 0.712, 'w5': 0.129, 'w6': 0.727, 'w7': 0.241, 'w8': 0.753, 'max_depth': 6, 'min_child_weight': 4, 'subsample': 0.8, 'colsample_bytree': 1.0, 'gamma': 0.4}. Best is trial 1801 with value: 0.629468387989737.
[I 2023-10-12 01:15:50,103] Trial 1958 finished with value: 0.624457564905169 and parameters: {'w0': 0.234, 'w1': 0.883, 'w2': 0.257, 'w3': 0.712, 'w4': 0.71, 'w5': 0.132, 'w6': 0.732, 'w7': 0.229, 'w8': 0.745, 'max_depth': 6, 'min_child_weight': 4, 'subsample': 0.8, 'colsample_bytree': 1.0, 'gamma': 0.4}. Best is trial 1801 with value: 0.629468387989737.
[I 2023-10-12 01:17:05,380] Trial 1959 finished with value: 0.6254313590349583 and parameters: {'w0': 0.23900000000000002, 'w1': 0.884, 'w2': 0.259, 'w3': 0.6940000000000001, 'w4': 0.71, 'w5': 0.136, 'w6': 0.73, 'w7': 0.23700000000000002, 'w8': 0.756, 'max_depth': 6, 'min_child_weight': 6, 'subsample': 0.8, 'colsample_bytree': 1.0, 'gamma': 0.4}. Best is trial 1801 with value: 0.629468387989737.
[I 2023-10-12 01:18:00,888] Trial 1960 finished with value: 0.6205743894829606 and parameters: {'w0': 0.23600000000000002, 'w1': 0.881, 'w2': 0.256, 'w3': 0.649, 'w4': 0.717, 'w5': 0.624, 'w6': 0.728, 'w7': 0.23700000000000002, 'w8': 0.757, 'max_depth': 6, 'min_child_weight': 6, 'subsample': 0.8, 'colsample_bytree': 1.0, 'gamma': 0.4}. Best is trial 1801 with value: 0.629468387989737.
[I 2023-10-12 01:20:17,605] Trial 1961 finished with value: 0.617999002995121 and parameters: {'w0': 0.246, 'w1': 0.886, 'w2': 0.256, 'w3': 0.6990000000000001, 'w4': 0.719, 'w5': 0.122, 'w6': 0.729, 'w7': 0.244, 'w8': 0.751, 'max_depth': 6, 'min_child_weight': 6, 'subsample': 0.8, 'colsample_bytree': 1.0, 'gamma': 0.4}. Best is trial 1801 with value: 0.629468387989737.
[I 2023-10-12 01:21:55,385] Trial 1963 finished with value: 0.6218090095907358 and parameters: {'w0': 0.242, 'w1': 0.886, 'w2': 0.259, 'w3': 0.719, 'w4': 0.708, 'w5': 0.129, 'w6': 0.727, 'w7': 0.24000000000000002, 'w8': 0.754, 'max_depth': 6, 'min_child_weight': 6, 'subsample': 0.8, 'colsample_bytree': 1.0, 'gamma': 0.4}. Best is trial 1801 with value: 0.629468387989737.
[I 2023-10-12 01:26:37,793] Trial 1964 finished with value: 0.6261827801692008 and parameters: {'w0': 0.244, 'w1': 0.881, 'w2': 0.264, 'w3': 0.711, 'w4': 0.707, 'w5': 0.136, 'w6': 0.724, 'w7': 0.244, 'w8': 0.754, 'max_depth': 6, 'min_child_weight': 6, 'subsample': 0.8, 'colsample_bytree': 1.0, 'gamma': 0.2}. Best is trial 1801 with value: 0.629468387989737.
[I 2023-10-12 01:26:55,146] Trial 1965 finished with value: 0.6229046497371034 and parameters: {'w0': 0.273, 'w1': 0.881, 'w2': 0.256, 'w3': 0.6990000000000001, 'w4': 0.7040000000000001, 'w5': 0.137, 'w6': 0.708, 'w7': 0.23600000000000002, 'w8': 0.759, 'max_depth': 6, 'min_child_weight': 6, 'subsample': 0.8, 'colsample_bytree': 1.0, 'gamma': 0.2}. Best is trial 1801 with value: 0.629468387989737.
[I 2023-10-12 01:27:54,450] Trial 1966 finished with value: 0.625409868958678 and parameters: {'w0': 0.243, 'w1': 0.884, 'w2': 0.258, 'w3': 0.708, 'w4': 0.7030000000000001, 'w5': 0.10200000000000001, 'w6': 0.723, 'w7': 0.242, 'w8': 0.734, 'max_depth': 6, 'min_child_weight': 6, 'subsample': 0.8, 'colsample_bytree': 1.0, 'gamma': 0.2}. Best is trial 1801 with value: 0.629468387989737.
[I 2023-10-12 01:31:16,319] Trial 1968 finished with value: 0.6212819242462513 and parameters: {'w0': 0.276, 'w1': 0.889, 'w2': 0.261, 'w3': 0.68, 'w4': 0.738, 'w5': 0.137, 'w6': 0.712, 'w7': 0.247, 'w8': 0.749, 'max_depth': 6, 'min_child_weight': 6, 'subsample': 0.8, 'colsample_bytree': 1.0, 'gamma': 0.2}. Best is trial 1801 with value: 0.629468387989737.
[I 2023-10-12 01:31:31,923] Trial 1969 finished with value: 0.6218173759229442 and parameters: {'w0': 0.272, 'w1': 0.888, 'w2': 0.255, 'w3': 0.722, 'w4': 0.706, 'w5': 0.14, 'w6': 0.71, 'w7': 0.243, 'w8': 0.777, 'max_depth': 6, 'min_child_weight': 6, 'subsample': 0.8, 'colsample_bytree': 1.0, 'gamma': 0.2}. Best is trial 1801 with value: 0.629468387989737.
[I 2023-10-12 01:32:15,183] Trial 1970 finished with value: 0.6258897852584387 and parameters: {'w0': 0.292, 'w1': 0.89, 'w2': 0.259, 'w3': 0.677, 'w4': 0.709, 'w5': 0.101, 'w6': 0.707, 'w7': 0.241, 'w8': 0.757, 'max_depth': 6, 'min_child_weight': 4, 'subsample': 0.8, 'colsample_bytree': 1.0, 'gamma': 0.2}. Best is trial 1801 with value: 0.629468387989737.
[I 2023-10-12 01:32:49,861] Trial 1971 finished with value: 0.6220181622911426 and parameters: {'w0': 0.274, 'w1': 0.891, 'w2': 0.259, 'w3': 0.6980000000000001, 'w4': 0.715, 'w5': 0.137, 'w6': 0.7020000000000001, 'w7': 0.242, 'w8': 0.76, 'max_depth': 6, 'min_child_weight': 4, 'subsample': 0.8, 'colsample_bytree': 1.0, 'gamma': 0.2}. Best is trial 1801 with value: 0.629468387989737.
[I 2023-10-12 01:33:06,307] Trial 1972 finished with value: 0.6242897296326171 and parameters: {'w0': 0.28, 'w1': 0.892, 'w2': 0.265, 'w3': 0.726, 'w4': 0.709, 'w5': 0.147, 'w6': 0.7040000000000001, 'w7': 0.245, 'w8': 0.738, 'max_depth': 6, 'min_child_weight': 4, 'subsample': 0.8, 'colsample_bytree': 1.0, 'gamma': 0.2}. Best is trial 1801 with value: 0.629468387989737.
[I 2023-10-12 01:36:36,972] Trial 1973 finished with value: 0.6161111849390386 and parameters: {'w0': 0.553, 'w1': 0.895, 'w2': 0.23600000000000002, 'w3': 0.728, 'w4': 0.723, 'w5': 0.1, 'w6': 0.706, 'w7': 0.277, 'w8': 0.741, 'max_depth': 6, 'min_child_weight': 4, 'subsample': 0.8, 'colsample_bytree': 1.0, 'gamma': 0.2}. Best is trial 1801 with value: 0.629468387989737.
[I 2023-10-12 01:38:33,164] Trial 1974 finished with value: 0.6125579735212643 and parameters: {'w0': 0.293, 'w1': 0.895, 'w2': 0.23, 'w3': 0.684, 'w4': 0.729, 'w5': 0.881, 'w6': 0.7020000000000001, 'w7': 0.275, 'w8': 0.764, 'max_depth': 6, 'min_child_weight': 4, 'subsample': 0.8, 'colsample_bytree': 1.0, 'gamma': 0.2}. Best is trial 1801 with value: 0.629468387989737.
[I 2023-10-12 01:39:06,826] Trial 1975 finished with value: 0.6235505102936774 and parameters: {'w0': 0.275, 'w1': 0.887, 'w2': 0.233, 'w3': 0.663, 'w4': 0.729, 'w5': 0.1, 'w6': 0.709, 'w7': 0.243, 'w8': 0.764, 'max_depth': 6, 'min_child_weight': 4, 'subsample': 0.8, 'colsample_bytree': 1.0, 'gamma': 0.4}. Best is trial 1801 with value: 0.629468387989737.
[I 2023-10-12 01:39:36,757] Trial 1976 finished with value: 0.6241602688676209 and parameters: {'w0': 0.27, 'w1': 0.895, 'w2': 0.233, 'w3': 0.6930000000000001, 'w4': 0.728, 'w5': 0.10200000000000001, 'w6': 0.7020000000000001, 'w7': 0.248, 'w8': 0.766, 'max_depth': 6, 'min_child_weight': 4, 'subsample': 0.8, 'colsample_bytree': 1.0, 'gamma': 0.2}. Best is trial 1801 with value: 0.629468387989737.
[I 2023-10-12 01:40:00,331] Trial 1983 finished with value: 0.4605305453209283 and parameters: {'w0': 0.274, 'w1': 0.859, 'w2': 0.23, 'w3': 0.667, 'w4': 0.671, 'w5': 0.001, 'w6': 0.772, 'w7': 0.269, 'w8': 0.735, 'max_depth': 6, 'min_child_weight': 4, 'subsample': 0.8, 'colsample_bytree': 1.0, 'gamma': 2.2}. Best is trial 1801 with value: 0.629468387989737.
[I 2023-10-12 01:41:19,771] Trial 1977 finished with value: 0.6186242533080208 and parameters: {'w0': 0.272, 'w1': 0.902, 'w2': 0.228, 'w3': 0.666, 'w4': 0.729, 'w5': 0.1, 'w6': 0.708, 'w7': 0.28200000000000003, 'w8': 0.735, 'max_depth': 6, 'min_child_weight': 4, 'subsample': 0.8, 'colsample_bytree': 1.0, 'gamma': 0.2}. Best is trial 1801 with value: 0.629468387989737.
[I 2023-10-12 01:42:00,313] Trial 1978 finished with value: 0.6192008880417396 and parameters: {'w0': 0.44, 'w1': 0.899, 'w2': 0.227, 'w3': 0.6890000000000001, 'w4': 0.736, 'w5': 0.099, 'w6': 0.707, 'w7': 0.253, 'w8': 0.725, 'max_depth': 6, 'min_child_weight': 4, 'subsample': 0.8, 'colsample_bytree': 1.0, 'gamma': 0.2}. Best is trial 1801 with value: 0.629468387989737.
[I 2023-10-12 01:42:38,550] Trial 1988 finished with value: 0.5832381116913494 and parameters: {'w0': 0.272, 'w1': 0.906, 'w2': 0.234, 'w3': 0.645, 'w4': 0.734, 'w5': 0.10200000000000001, 'w6': 0.759, 'w7': 0.254, 'w8': 0.721, 'max_depth': 6, 'min_child_weight': 4, 'subsample': 0.8, 'colsample_bytree': 1.0, 'gamma': 8.6}. Best is trial 1801 with value: 0.629468387989737.
[I 2023-10-12 01:44:48,111] Trial 1979 finished with value: 0.6179393797347177 and parameters: {'w0': 0.274, 'w1': 0.9, 'w2': 0.234, 'w3': 0.666, 'w4': 0.68, 'w5': 0.14400000000000002, 'w6': 0.7010000000000001, 'w7': 0.279, 'w8': 0.728, 'max_depth': 6, 'min_child_weight': 4, 'subsample': 0.8, 'colsample_bytree': 1.0, 'gamma': 0.2}. Best is trial 1801 with value: 0.629468387989737.
[I 2023-10-12 01:46:30,836] Trial 1980 finished with value: 0.6208160176267439 and parameters: {'w0': 0.275, 'w1': 0.858, 'w2': 0.231, 'w3': 0.678, 'w4': 0.73, 'w5': 0.098, 'w6': 0.706, 'w7': 0.251, 'w8': 0.727, 'max_depth': 6, 'min_child_weight': 4, 'subsample': 0.8, 'colsample_bytree': 1.0, 'gamma': 0.2}. Best is trial 1801 with value: 0.629468387989737.
[I 2023-10-12 01:50:01,871] Trial 1984 finished with value: 0.614654820091045 and parameters: {'w0': 0.299, 'w1': 0.86, 'w2': 0.228, 'w3': 0.685, 'w4': 0.738, 'w5': 0.1, 'w6': 0.707, 'w7': 0.278, 'w8': 0.733, 'max_depth': 6, 'min_child_weight': 4, 'subsample': 0.8, 'colsample_bytree': 1.0, 'gamma': 1.0}. Best is trial 1801 with value: 0.629468387989737.
[I 2023-10-12 01:51:06,642] Trial 1981 finished with value: 0.6209793046333422 and parameters: {'w0': 0.278, 'w1': 0.861, 'w2': 0.231, 'w3': 0.665, 'w4': 0.667, 'w5': 0.1, 'w6': 0.761, 'w7': 0.271, 'w8': 0.78, 'max_depth': 6, 'min_child_weight': 4, 'subsample': 0.8, 'colsample_bytree': 1.0, 'gamma': 0.2}. Best is trial 1801 with value: 0.629468387989737.
[I 2023-10-12 01:51:26,918] Trial 1982 finished with value: 0.6189948027968903 and parameters: {'w0': 0.269, 'w1': 0.861, 'w2': 0.23, 'w3': 0.666, 'w4': 0.732, 'w5': 0.101, 'w6': 0.71, 'w7': 0.28400000000000003, 'w8': 0.73, 'max_depth': 6, 'min_child_weight': 4, 'subsample': 0.8, 'colsample_bytree': 1.0, 'gamma': 0.2}. Best is trial 1801 with value: 0.629468387989737.
[I 2023-10-12 01:54:06,203] Trial 1985 finished with value: 0.6239967011362805 and parameters: {'w0': 0.274, 'w1': 0.858, 'w2': 0.229, 'w3': 0.664, 'w4': 0.732, 'w5': 0.098, 'w6': 0.767, 'w7': 0.271, 'w8': 0.725, 'max_depth': 6, 'min_child_weight': 4, 'subsample': 0.8, 'colsample_bytree': 1.0, 'gamma': 0.6000000000000001}. Best is trial 1801 with value: 0.629468387989737.
[I 2023-10-12 01:54:34,270] Trial 1986 finished with value: 0.6168355407612451 and parameters: {'w0': 0.223, 'w1': 0.86, 'w2': 0.231, 'w3': 0.664, 'w4': 0.731, 'w5': 0.10300000000000001, 'w6': 0.766, 'w7': 0.274, 'w8': 0.724, 'max_depth': 6, 'min_child_weight': 4, 'subsample': 0.8, 'colsample_bytree': 1.0, 'gamma': 0.6000000000000001}. Best is trial 1801 with value: 0.629468387989737.
[I 2023-10-12 01:55:21,182] Trial 1987 finished with value: 0.6214478530013544 and parameters: {'w0': 0.27, 'w1': 0.861, 'w2': 0.226, 'w3': 0.673, 'w4': 0.731, 'w5': 0.099, 'w6': 0.766, 'w7': 0.26, 'w8': 0.724, 'max_depth': 6, 'min_child_weight': 4, 'subsample': 0.8, 'colsample_bytree': 1.0, 'gamma': 0.6000000000000001}. Best is trial 1801 with value: 0.629468387989737.
