[I 2023-10-12 11:57:41,688] Trial 647 finished with value: 0.5524783637736643 and parameters: {'w0': 0.458, 'w1': 0.913, 'w2': 0.34400000000000003, 'w3': 0.392, 'w4': 0.927, 'w5': 0.066, 'w6': 0.986, 'w7': 0.896, 'w8': 0.845, 'max_depth': 7, 'min_child_weight': 4, 'subsample': 0.8, 'colsample_bytree': 0.8, 'gamma': 3.2}. Best is trial 608 with value: 0.5990685448618029.
[I 2023-10-12 11:59:18,209] Trial 649 finished with value: 0.5921000154589281 and parameters: {'w0': 0.461, 'w1': 0.92, 'w2': 0.299, 'w3': 0.713, 'w4': 0.927, 'w5': 0.113, 'w6': 0.994, 'w7': 0.317, 'w8': 0.8160000000000001, 'max_depth': 7, 'min_child_weight': 4, 'subsample': 0.8, 'colsample_bytree': 0.8, 'gamma': 3.2}. Best is trial 608 with value: 0.5990685448618029.
[I 2023-10-12 12:01:02,012] Trial 651 finished with value: 0.5908708484216636 and parameters: {'w0': 0.45, 'w1': 0.931, 'w2': 0.34, 'w3': 0.727, 'w4': 0.845, 'w5': 0.035, 'w6': 0.994, 'w7': 0.325, 'w8': 0.809, 'max_depth': 7, 'min_child_weight': 4, 'subsample': 0.8, 'colsample_bytree': 0.8, 'gamma': 3.2}. Best is trial 608 with value: 0.5990685448618029.
[I 2023-10-12 12:01:26,473] Trial 650 finished with value: 0.5885257395193835 and parameters: {'w0': 0.451, 'w1': 0.905, 'w2': 0.295, 'w3': 0.389, 'w4': 0.9380000000000001, 'w5': 0.749, 'w6': 0.996, 'w7': 0.32, 'w8': 0.8190000000000001, 'max_depth': 7, 'min_child_weight': 4, 'subsample': 0.8, 'colsample_bytree': 0.8, 'gamma': 3.2}. Best is trial 608 with value: 0.5990685448618029.
[I 2023-10-12 12:01:53,937] Trial 652 finished with value: 0.5904662803283907 and parameters: {'w0': 0.493, 'w1': 0.9430000000000001, 'w2': 0.301, 'w3': 0.7010000000000001, 'w4': 0.873, 'w5': 0.041, 'w6': 1.0, 'w7': 0.309, 'w8': 0.8180000000000001, 'max_depth': 7, 'min_child_weight': 4, 'subsample': 0.8, 'colsample_bytree': 0.8, 'gamma': 3.2}. Best is trial 608 with value: 0.5990685448618029.
[I 2023-10-12 12:02:26,673] Trial 653 finished with value: 0.5763015758410044 and parameters: {'w0': 0.9380000000000001, 'w1': 0.915, 'w2': 0.28700000000000003, 'w3': 0.653, 'w4': 0.859, 'w5': 0.039, 'w6': 0.984, 'w7': 0.319, 'w8': 0.8160000000000001, 'max_depth': 7, 'min_child_weight': 4, 'subsample': 0.8, 'colsample_bytree': 0.8, 'gamma': 3.4000000000000004}. Best is trial 608 with value: 0.5990685448618029.
[I 2023-10-12 12:02:42,416] Trial 654 finished with value: 0.591354910367017 and parameters: {'w0': 0.457, 'w1': 0.912, 'w2': 0.339, 'w3': 0.715, 'w4': 0.876, 'w5': 0.043000000000000003, 'w6': 0.997, 'w7': 0.319, 'w8': 0.8270000000000001, 'max_depth': 7, 'min_child_weight': 4, 'subsample': 0.8, 'colsample_bytree': 0.8, 'gamma': 3.4000000000000004}. Best is trial 608 with value: 0.5990685448618029.
[I 2023-10-12 12:02:58,349] Trial 656 finished with value: 0.5917500417684028 and parameters: {'w0': 0.446, 'w1': 0.883, 'w2': 0.334, 'w3': 0.707, 'w4': 0.88, 'w5': 0.043000000000000003, 'w6': 0.998, 'w7': 0.314, 'w8': 0.8140000000000001, 'max_depth': 7, 'min_child_weight': 4, 'subsample': 0.8, 'colsample_bytree': 0.8, 'gamma': 3.4000000000000004}. Best is trial 608 with value: 0.5990685448618029.
[I 2023-10-12 12:03:07,236] Trial 657 finished with value: 0.5849566461188319 and parameters: {'w0': 0.448, 'w1': 0.89, 'w2': 0.279, 'w3': 0.739, 'w4': 0.835, 'w5': 0.037000000000000005, 'w6': 0.997, 'w7': 0.318, 'w8': 0.8180000000000001, 'max_depth': 7, 'min_child_weight': 4, 'subsample': 0.8, 'colsample_bytree': 0.8, 'gamma': 3.4000000000000004}. Best is trial 608 with value: 0.5990685448618029.
[I 2023-10-12 12:03:12,795] Trial 658 finished with value: 0.5899673333620145 and parameters: {'w0': 0.446, 'w1': 0.898, 'w2': 0.311, 'w3': 0.659, 'w4': 0.851, 'w5': 0.042, 'w6': 0.991, 'w7': 0.307, 'w8': 0.8130000000000001, 'max_depth': 7, 'min_child_weight': 4, 'subsample': 0.8, 'colsample_bytree': 0.8, 'gamma': 3.4000000000000004}. Best is trial 608 with value: 0.5990685448618029.
[I 2023-10-12 12:03:24,082] Trial 655 finished with value: 0.5786789670370937 and parameters: {'w0': 0.9530000000000001, 'w1': 0.904, 'w2': 0.299, 'w3': 0.72, 'w4': 0.879, 'w5': 0.042, 'w6': 1.0, 'w7': 0.318, 'w8': 0.8190000000000001, 'max_depth': 7, 'min_child_weight': 4, 'subsample': 0.8, 'colsample_bytree': 0.8, 'gamma': 3.4000000000000004}. Best is trial 608 with value: 0.5990685448618029.
[I 2023-10-12 12:03:49,594] Trial 659 finished with value: 0.5906421615512687 and parameters: {'w0': 0.445, 'w1': 0.881, 'w2': 0.31, 'w3': 0.708, 'w4': 0.892, 'w5': 0.038, 'w6': 1.0, 'w7': 0.307, 'w8': 0.812, 'max_depth': 7, 'min_child_weight': 4, 'subsample': 0.8, 'colsample_bytree': 0.8, 'gamma': 3.4000000000000004}. Best is trial 608 with value: 0.5990685448618029.
[I 2023-10-12 12:04:15,665] Trial 660 finished with value: 0.585816533348828 and parameters: {'w0': 0.449, 'w1': 0.88, 'w2': 0.314, 'w3': 0.712, 'w4': 0.854, 'w5': 0.035, 'w6': 1.0, 'w7': 0.315, 'w8': 0.8240000000000001, 'max_depth': 7, 'min_child_weight': 4, 'subsample': 0.8, 'colsample_bytree': 0.8, 'gamma': 3.2}. Best is trial 608 with value: 0.5990685448618029.
[I 2023-10-12 12:04:35,799] Trial 661 finished with value: 0.5890399985334478 and parameters: {'w0': 0.45, 'w1': 0.871, 'w2': 0.291, 'w3': 0.738, 'w4': 0.867, 'w5': 0.045, 'w6': 0.982, 'w7': 0.311, 'w8': 0.8230000000000001, 'max_depth': 7, 'min_child_weight': 4, 'subsample': 0.8, 'colsample_bytree': 0.8, 'gamma': 3.4000000000000004}. Best is trial 608 with value: 0.5990685448618029.
[I 2023-10-12 12:06:38,334] Trial 662 finished with value: 0.5815814153707624 and parameters: {'w0': 0.444, 'w1': 0.921, 'w2': 0.307, 'w3': 0.718, 'w4': 0.883, 'w5': 0.022000000000000002, 'w6': 0.977, 'w7': 0.317, 'w8': 0.8220000000000001, 'max_depth': 7, 'min_child_weight': 4, 'subsample': 0.8, 'colsample_bytree': 0.8, 'gamma': 3.4000000000000004}. Best is trial 608 with value: 0.5990685448618029.
[I 2023-10-12 12:07:37,902] Trial 663 finished with value: 0.5873833366288581 and parameters: {'w0': 0.441, 'w1': 0.873, 'w2': 0.296, 'w3': 0.709, 'w4': 0.896, 'w5': 0.033, 'w6': 1.0, 'w7': 0.311, 'w8': 0.8140000000000001, 'max_depth': 7, 'min_child_weight': 4, 'subsample': 0.8, 'colsample_bytree': 0.8, 'gamma': 3.4000000000000004}. Best is trial 608 with value: 0.5990685448618029.
[I 2023-10-12 12:08:07,462] Trial 664 finished with value: 0.589790486035258 and parameters: {'w0': 0.445, 'w1': 0.881, 'w2': 0.321, 'w3': 0.706, 'w4': 0.837, 'w5': 0.037000000000000005, 'w6': 0.997, 'w7': 0.312, 'w8': 0.812, 'max_depth': 7, 'min_child_weight': 4, 'subsample': 0.8, 'colsample_bytree': 0.8, 'gamma': 3.6}. Best is trial 608 with value: 0.5990685448618029.
[I 2023-10-12 12:09:59,842] Trial 665 finished with value: 0.5898665780453456 and parameters: {'w0': 0.489, 'w1': 0.889, 'w2': 0.315, 'w3': 0.739, 'w4': 0.858, 'w5': 0.041, 'w6': 1.0, 'w7': 0.306, 'w8': 0.811, 'max_depth': 7, 'min_child_weight': 4, 'subsample': 0.8, 'colsample_bytree': 0.8, 'gamma': 3.4000000000000004}. Best is trial 608 with value: 0.5990685448618029.
[I 2023-10-12 12:11:55,857] Trial 666 finished with value: 0.5870032862659472 and parameters: {'w0': 0.488, 'w1': 0.857, 'w2': 0.311, 'w3': 0.71, 'w4': 0.89, 'w5': 0.029, 'w6': 0.968, 'w7': 0.301, 'w8': 0.834, 'max_depth': 7, 'min_child_weight': 4, 'subsample': 0.8, 'colsample_bytree': 0.8, 'gamma': 3.4000000000000004}. Best is trial 608 with value: 0.5990685448618029.
[I 2023-10-12 12:11:56,835] Trial 667 finished with value: 0.5760404488270053 and parameters: {'w0': 0.488, 'w1': 0.871, 'w2': 0.313, 'w3': 0.66, 'w4': 0.88, 'w5': 0.039, 'w6': 0.971, 'w7': 0.292, 'w8': 0.8200000000000001, 'max_depth': 7, 'min_child_weight': 20, 'subsample': 0.8, 'colsample_bytree': 0.8, 'gamma': 3.4000000000000004}. Best is trial 608 with value: 0.5990685448618029.
[I 2023-10-12 12:12:40,594] Trial 668 finished with value: 0.5892975003590669 and parameters: {'w0': 0.444, 'w1': 0.879, 'w2': 0.377, 'w3': 0.717, 'w4': 0.902, 'w5': 0.04, 'w6': 0.969, 'w7': 0.297, 'w8': 0.8310000000000001, 'max_depth': 7, 'min_child_weight': 4, 'subsample': 0.8, 'colsample_bytree': 0.8, 'gamma': 3.4000000000000004}. Best is trial 608 with value: 0.5990685448618029.
[I 2023-10-12 12:13:13,838] Trial 669 finished with value: 0.5948120218691212 and parameters: {'w0': 0.441, 'w1': 0.871, 'w2': 0.319, 'w3': 0.738, 'w4': 0.88, 'w5': 0.111, 'w6': 0.97, 'w7': 0.292, 'w8': 0.8240000000000001, 'max_depth': 7, 'min_child_weight': 4, 'subsample': 0.8, 'colsample_bytree': 0.8, 'gamma': 3.4000000000000004}. Best is trial 608 with value: 0.5990685448618029.
[I 2023-10-12 12:13:18,117] Trial 670 finished with value: 0.5927680310442582 and parameters: {'w0': 0.489, 'w1': 0.885, 'w2': 0.316, 'w3': 0.66, 'w4': 0.859, 'w5': 0.111, 'w6': 0.967, 'w7': 0.294, 'w8': 0.809, 'max_depth': 7, 'min_child_weight': 4, 'subsample': 0.8, 'colsample_bytree': 0.8, 'gamma': 3.6}. Best is trial 608 with value: 0.5990685448618029.
[I 2023-10-12 12:13:36,708] Trial 671 finished with value: 0.5901957787239868 and parameters: {'w0': 0.487, 'w1': 0.876, 'w2': 0.382, 'w3': 0.7000000000000001, 'w4': 0.889, 'w5': 0.111, 'w6': 0.969, 'w7': 0.3, 'w8': 0.841, 'max_depth': 7, 'min_child_weight': 4, 'subsample': 0.8, 'colsample_bytree': 0.8, 'gamma': 3.6}. Best is trial 608 with value: 0.5990685448618029.
[I 2023-10-12 12:13:47,542] Trial 673 finished with value: 0.549521259597958 and parameters: {'w0': 0.494, 'w1': 0.9400000000000001, 'w2': 0.381, 'w3': 0.7040000000000001, 'w4': 0.884, 'w5': 0.117, 'w6': 0.971, 'w7': 0.333, 'w8': 0.14400000000000002, 'max_depth': 7, 'min_child_weight': 18, 'subsample': 0.8, 'colsample_bytree': 0.8, 'gamma': 3.6}. Best is trial 608 with value: 0.5990685448618029.
[I 2023-10-12 12:13:48,455] Trial 672 finished with value: 0.5927907493052332 and parameters: {'w0': 0.489, 'w1': 0.884, 'w2': 0.326, 'w3': 0.738, 'w4': 0.889, 'w5': 0.11, 'w6': 0.97, 'w7': 0.323, 'w8': 0.836, 'max_depth': 7, 'min_child_weight': 4, 'subsample': 0.8, 'colsample_bytree': 0.8, 'gamma': 3.6}. Best is trial 608 with value: 0.5990685448618029.
[I 2023-10-12 12:14:20,591] Trial 674 finished with value: 0.5939279454376856 and parameters: {'w0': 0.485, 'w1': 0.934, 'w2': 0.317, 'w3': 0.657, 'w4': 0.886, 'w5': 0.107, 'w6': 0.969, 'w7': 0.28900000000000003, 'w8': 0.842, 'max_depth': 7, 'min_child_weight': 4, 'subsample': 0.8, 'colsample_bytree': 0.8, 'gamma': 3.4000000000000004}. Best is trial 608 with value: 0.5990685448618029.
[I 2023-10-12 12:14:57,257] Trial 675 finished with value: 0.5926401648563138 and parameters: {'w0': 0.487, 'w1': 0.855, 'w2': 0.325, 'w3': 0.659, 'w4': 0.88, 'w5': 0.107, 'w6': 0.975, 'w7': 0.294, 'w8': 0.845, 'max_depth': 7, 'min_child_weight': 4, 'subsample': 0.8, 'colsample_bytree': 0.8, 'gamma': 3.2}. Best is trial 608 with value: 0.5990685448618029.
[I 2023-10-12 12:15:10,978] Trial 676 finished with value: 0.5784357568904407 and parameters: {'w0': 0.492, 'w1': 0.875, 'w2': 0.38, 'w3': 0.6950000000000001, 'w4': 0.887, 'w5': 0.109, 'w6': 0.97, 'w7': 0.24000000000000002, 'w8': 0.855, 'max_depth': 7, 'min_child_weight': 4, 'subsample': 0.8, 'colsample_bytree': 0.8, 'gamma': 3.6}. Best is trial 608 with value: 0.5990685448618029.
[I 2023-10-12 12:15:31,077] Trial 677 finished with value: 0.5930238821475629 and parameters: {'w0': 0.485, 'w1': 0.851, 'w2': 0.325, 'w3': 0.657, 'w4': 0.886, 'w5': 0.113, 'w6': 0.979, 'w7': 0.298, 'w8': 0.841, 'max_depth': 7, 'min_child_weight': 4, 'subsample': 0.8, 'colsample_bytree': 0.8, 'gamma': 3.6}. Best is trial 608 with value: 0.5990685448618029.
[I 2023-10-12 12:17:49,986] Trial 678 finished with value: 0.5873093694881053 and parameters: {'w0': 0.482, 'w1': 0.871, 'w2': 0.382, 'w3': 0.6950000000000001, 'w4': 0.911, 'w5': 0.133, 'w6': 0.965, 'w7': 0.28900000000000003, 'w8': 0.842, 'max_depth': 7, 'min_child_weight': 4, 'subsample': 0.8, 'colsample_bytree': 0.8, 'gamma': 3.6}. Best is trial 608 with value: 0.5990685448618029.
[I 2023-10-12 12:18:49,013] Trial 679 finished with value: 0.5874416693988433 and parameters: {'w0': 0.492, 'w1': 0.843, 'w2': 0.379, 'w3': 0.659, 'w4': 0.915, 'w5': 0.108, 'w6': 0.967, 'w7': 0.29, 'w8': 0.843, 'max_depth': 7, 'min_child_weight': 4, 'subsample': 0.8, 'colsample_bytree': 0.8, 'gamma': 3.6}. Best is trial 608 with value: 0.5990685448618029.
[I 2023-10-12 12:19:08,251] Trial 680 finished with value: 0.5901670009763149 and parameters: {'w0': 0.487, 'w1': 0.934, 'w2': 0.37, 'w3': 0.668, 'w4': 0.76, 'w5': 0.11, 'w6': 0.963, 'w7': 0.28600000000000003, 'w8': 0.846, 'max_depth': 7, 'min_child_weight': 4, 'subsample': 0.8, 'colsample_bytree': 0.8, 'gamma': 3.8000000000000003}. Best is trial 608 with value: 0.5990685448618029.
[I 2023-10-12 12:21:48,969] Trial 681 finished with value: 0.5924809506051667 and parameters: {'w0': 0.492, 'w1': 0.835, 'w2': 0.378, 'w3': 0.659, 'w4': 0.916, 'w5': 0.108, 'w6': 0.971, 'w7': 0.294, 'w8': 0.865, 'max_depth': 7, 'min_child_weight': 4, 'subsample': 0.8, 'colsample_bytree': 0.8, 'gamma': 3.0}. Best is trial 608 with value: 0.5990685448618029.
[I 2023-10-12 12:23:49,614] Trial 683 finished with value: 0.5789762959162685 and parameters: {'w0': 0.489, 'w1': 0.9410000000000001, 'w2': 0.378, 'w3': 0.652, 'w4': 0.937, 'w5': 0.115, 'w6': 0.965, 'w7': 0.23600000000000002, 'w8': 0.851, 'max_depth': 7, 'min_child_weight': 18, 'subsample': 0.8, 'colsample_bytree': 0.8, 'gamma': 3.0}. Best is trial 608 with value: 0.5990685448618029.
[I 2023-10-12 12:23:51,743] Trial 684 finished with value: 0.5859379087638967 and parameters: {'w0': 0.491, 'w1': 0.839, 'w2': 0.376, 'w3': 0.662, 'w4': 0.913, 'w5': 0.106, 'w6': 0.964, 'w7': 0.271, 'w8': 0.842, 'max_depth': 7, 'min_child_weight': 4, 'subsample': 0.8, 'colsample_bytree': 0.8, 'gamma': 3.8000000000000003}. Best is trial 608 with value: 0.5990685448618029.
[I 2023-10-12 12:23:56,389] Trial 682 finished with value: 0.5912185950428104 and parameters: {'w0': 0.488, 'w1': 0.936, 'w2': 0.377, 'w3': 0.658, 'w4': 0.918, 'w5': 0.112, 'w6': 0.967, 'w7': 0.28800000000000003, 'w8': 0.841, 'max_depth': 7, 'min_child_weight': 4, 'subsample': 0.8, 'colsample_bytree': 0.8, 'gamma': 3.0}. Best is trial 608 with value: 0.5990685448618029.
[I 2023-10-12 12:24:29,828] Trial 686 finished with value: 0.596185683648908 and parameters: {'w0': 0.489, 'w1': 0.9410000000000001, 'w2': 0.378, 'w3': 0.658, 'w4': 0.925, 'w5': 0.139, 'w6': 0.963, 'w7': 0.339, 'w8': 0.841, 'max_depth': 7, 'min_child_weight': 4, 'subsample': 0.8, 'colsample_bytree': 0.8, 'gamma': 3.8000000000000003}. Best is trial 608 with value: 0.5990685448618029.
[I 2023-10-12 12:24:54,180] Trial 685 finished with value: 0.5717885858260899 and parameters: {'w0': 0.497, 'w1': 0.9420000000000001, 'w2': 0.377, 'w3': 0.659, 'w4': 0.354, 'w5': 0.11, 'w6': 0.964, 'w7': 0.267, 'w8': 0.845, 'max_depth': 7, 'min_child_weight': 4, 'subsample': 0.8, 'colsample_bytree': 0.8, 'gamma': 3.0}. Best is trial 608 with value: 0.5990685448618029.
[I 2023-10-12 12:25:52,213] Trial 688 finished with value: 0.5876722022372255 and parameters: {'w0': 0.489, 'w1': 0.9460000000000001, 'w2': 0.373, 'w3': 0.665, 'w4': 0.917, 'w5': 0.14200000000000002, 'w6': 0.962, 'w7': 0.246, 'w8': 0.788, 'max_depth': 7, 'min_child_weight': 4, 'subsample': 0.8, 'colsample_bytree': 0.8, 'gamma': 3.0}. Best is trial 608 with value: 0.5990685448618029.
[I 2023-10-12 12:25:56,157] Trial 689 finished with value: 0.5940759700060264 and parameters: {'w0': 0.487, 'w1': 0.8180000000000001, 'w2': 0.38, 'w3': 0.654, 'w4': 0.918, 'w5': 0.129, 'w6': 0.965, 'w7': 0.34500000000000003, 'w8': 0.848, 'max_depth': 7, 'min_child_weight': 4, 'subsample': 0.8, 'colsample_bytree': 0.8, 'gamma': 3.0}. Best is trial 608 with value: 0.5990685448618029.
[I 2023-10-12 12:26:32,450] Trial 687 finished with value: 0.5892055398000653 and parameters: {'w0': 0.499, 'w1': 0.936, 'w2': 0.379, 'w3': 0.656, 'w4': 0.912, 'w5': 0.134, 'w6': 0.962, 'w7': 0.267, 'w8': 0.845, 'max_depth': 7, 'min_child_weight': 4, 'subsample': 0.8, 'colsample_bytree': 0.8, 'gamma': 2.4000000000000004}. Best is trial 608 with value: 0.5990685448618029.
[I 2023-10-12 12:27:01,437] Trial 691 finished with value: 0.5949946203277531 and parameters: {'w0': 0.483, 'w1': 0.9380000000000001, 'w2': 0.377, 'w3': 0.627, 'w4': 0.915, 'w5': 0.137, 'w6': 0.962, 'w7': 0.341, 'w8': 0.865, 'max_depth': 7, 'min_child_weight': 4, 'subsample': 0.8, 'colsample_bytree': 0.8, 'gamma': 3.0}. Best is trial 608 with value: 0.5990685448618029.
[I 2023-10-12 12:27:09,545] Trial 694 finished with value: 0.5750769960353086 and parameters: {'w0': 0.499, 'w1': 0.9390000000000001, 'w2': 0.373, 'w3': 0.624, 'w4': 0.918, 'w5': 0.133, 'w6': 0.962, 'w7': 0.341, 'w8': 0.864, 'max_depth': 7, 'min_child_weight': 4, 'subsample': 0.8, 'colsample_bytree': 0.8, 'gamma': 9.200000000000001}. Best is trial 608 with value: 0.5990685448618029.
[I 2023-10-12 12:27:44,191] Trial 690 finished with value: 0.591170464508369 and parameters: {'w0': 0.497, 'w1': 0.9450000000000001, 'w2': 0.377, 'w3': 0.652, 'w4': 0.754, 'w5': 0.139, 'w6': 0.978, 'w7': 0.34400000000000003, 'w8': 0.861, 'max_depth': 7, 'min_child_weight': 4, 'subsample': 0.8, 'colsample_bytree': 0.8, 'gamma': 2.4000000000000004}. Best is trial 608 with value: 0.5990685448618029.
[I 2023-10-12 12:28:05,065] Trial 692 finished with value: 0.5966056669489175 and parameters: {'w0': 0.499, 'w1': 0.937, 'w2': 0.375, 'w3': 0.62, 'w4': 0.916, 'w5': 0.136, 'w6': 0.965, 'w7': 0.34400000000000003, 'w8': 0.864, 'max_depth': 7, 'min_child_weight': 4, 'subsample': 0.8, 'colsample_bytree': 0.8, 'gamma': 2.4000000000000004}. Best is trial 608 with value: 0.5990685448618029.
[I 2023-10-12 12:28:11,470] Trial 693 finished with value: 0.595366324167397 and parameters: {'w0': 0.498, 'w1': 0.8270000000000001, 'w2': 0.372, 'w3': 0.63, 'w4': 0.91, 'w5': 0.14, 'w6': 0.9600000000000001, 'w7': 0.34400000000000003, 'w8': 0.865, 'max_depth': 7, 'min_child_weight': 4, 'subsample': 0.8, 'colsample_bytree': 0.8, 'gamma': 2.4000000000000004}. Best is trial 608 with value: 0.5990685448618029.
[I 2023-10-12 12:31:18,343] Trial 695 finished with value: 0.5962967733663825 and parameters: {'w0': 0.505, 'w1': 0.9440000000000001, 'w2': 0.367, 'w3': 0.629, 'w4': 0.916, 'w5': 0.14100000000000001, 'w6': 0.9600000000000001, 'w7': 0.34400000000000003, 'w8': 0.866, 'max_depth': 7, 'min_child_weight': 4, 'subsample': 0.8, 'colsample_bytree': 0.8, 'gamma': 2.4000000000000004}. Best is trial 608 with value: 0.5990685448618029.
[I 2023-10-12 12:31:40,724] Trial 696 finished with value: 0.5975755859415675 and parameters: {'w0': 0.5, 'w1': 0.9390000000000001, 'w2': 0.343, 'w3': 0.626, 'w4': 0.725, 'w5': 0.139, 'w6': 0.961, 'w7': 0.343, 'w8': 0.869, 'max_depth': 7, 'min_child_weight': 4, 'subsample': 0.8, 'colsample_bytree': 0.8, 'gamma': 2.4000000000000004}. Best is trial 608 with value: 0.5990685448618029.
[I 2023-10-12 12:34:23,679] Trial 697 finished with value: 0.5949187513442158 and parameters: {'w0': 0.506, 'w1': 0.9440000000000001, 'w2': 0.341, 'w3': 0.628, 'w4': 0.937, 'w5': 0.138, 'w6': 0.9520000000000001, 'w7': 0.34600000000000003, 'w8': 0.869, 'max_depth': 7, 'min_child_weight': 4, 'subsample': 0.8, 'colsample_bytree': 0.8, 'gamma': 2.4000000000000004}. Best is trial 608 with value: 0.5990685448618029.
[I 2023-10-12 12:34:46,412] Trial 701 finished with value: 0.5915582297915123 and parameters: {'w0': 0.509, 'w1': 0.9420000000000001, 'w2': 0.339, 'w3': 0.418, 'w4': 0.933, 'w5': 0.14300000000000002, 'w6': 0.9550000000000001, 'w7': 0.338, 'w8': 0.874, 'max_depth': 7, 'min_child_weight': 4, 'subsample': 0.8, 'colsample_bytree': 0.8, 'gamma': 4.2}. Best is trial 608 with value: 0.5990685448618029.
[I 2023-10-12 12:35:46,917] Trial 700 finished with value: 0.586675829407904 and parameters: {'w0': 0.507, 'w1': 0.9380000000000001, 'w2': 0.337, 'w3': 0.419, 'w4': 0.9420000000000001, 'w5': 0.139, 'w6': 0.269, 'w7': 0.337, 'w8': 0.868, 'max_depth': 7, 'min_child_weight': 4, 'subsample': 0.8, 'colsample_bytree': 0.8, 'gamma': 2.4000000000000004}. Best is trial 608 with value: 0.5990685448618029.
[I 2023-10-12 12:36:05,525] Trial 698 finished with value: 0.5953627937371185 and parameters: {'w0': 0.513, 'w1': 0.758, 'w2': 0.341, 'w3': 0.422, 'w4': 0.919, 'w5': 0.14100000000000001, 'w6': 0.9560000000000001, 'w7': 0.343, 'w8': 0.87, 'max_depth': 7, 'min_child_weight': 4, 'subsample': 0.8, 'colsample_bytree': 0.8, 'gamma': 2.4000000000000004}. Best is trial 608 with value: 0.5990685448618029.
[I 2023-10-12 12:36:24,139] Trial 699 finished with value: 0.5940906230430638 and parameters: {'w0': 0.506, 'w1': 0.933, 'w2': 0.359, 'w3': 0.629, 'w4': 0.9410000000000001, 'w5': 0.08600000000000001, 'w6': 0.961, 'w7': 0.341, 'w8': 0.869, 'max_depth': 7, 'min_child_weight': 4, 'subsample': 0.8, 'colsample_bytree': 0.8, 'gamma': 2.4000000000000004}. Best is trial 608 with value: 0.5990685448618029.
[I 2023-10-12 12:36:52,285] Trial 706 finished with value: 0.5841143964094395 and parameters: {'w0': 0.513, 'w1': 0.9, 'w2': 0.328, 'w3': 0.41300000000000003, 'w4': 0.715, 'w5': 0.083, 'w6': 0.9510000000000001, 'w7': 0.341, 'w8': 0.784, 'max_depth': 7, 'min_child_weight': 4, 'subsample': 0.7, 'colsample_bytree': 0.8, 'gamma': 5.0}. Best is trial 608 with value: 0.5990685448618029.
[I 2023-10-12 12:37:23,951] Trial 705 finished with value: 0.5858106375949149 and parameters: {'w0': 0.468, 'w1': 0.902, 'w2': 0.336, 'w3': 0.624, 'w4': 0.9400000000000001, 'w5': 0.084, 'w6': 0.296, 'w7': 0.34, 'w8': 0.789, 'max_depth': 7, 'min_child_weight': 4, 'subsample': 0.7, 'colsample_bytree': 0.8, 'gamma': 3.2}. Best is trial 608 with value: 0.5990685448618029.
[I 2023-10-12 12:38:04,324] Trial 709 finished with value: 0.5797381826907236 and parameters: {'w0': 0.51, 'w1': 0.917, 'w2': 0.343, 'w3': 0.685, 'w4': 0.9380000000000001, 'w5': 0.08800000000000001, 'w6': 0.319, 'w7': 0.332, 'w8': 0.874, 'max_depth': 7, 'min_child_weight': 4, 'subsample': 0.8, 'colsample_bytree': 0.8, 'gamma': 4.2}. Best is trial 608 with value: 0.5990685448618029.
