[I 2023-10-13 21:23:57,779] Trial 786 finished with value: 0.503958550389654 and parameters: {'w0': 0.277, 'w1': 0.592, 'w2': 0.179, 'w3': 0.88, 'w4': 0.779, 'w5': 0.426, 'w6': 0.668, 'w7': 0.14200000000000002, 'w8': 0.9590000000000001, 'max_depth': 6, 'min_child_weight': 14, 'subsample': 0.8, 'colsample_bytree': 1.0, 'gamma': 0.6000000000000001}. Best is trial 738 with value: 0.5156142957917506.
[I 2023-10-13 21:24:37,004] Trial 787 finished with value: 0.507299961641762 and parameters: {'w0': 0.273, 'w1': 0.591, 'w2': 0.17300000000000001, 'w3': 0.895, 'w4': 0.786, 'w5': 0.101, 'w6': 0.673, 'w7': 0.14500000000000002, 'w8': 0.9570000000000001, 'max_depth': 6, 'min_child_weight': 14, 'subsample': 0.8, 'colsample_bytree': 1.0, 'gamma': 0.6000000000000001}. Best is trial 738 with value: 0.5156142957917506.
[I 2023-10-13 21:25:04,791] Trial 788 finished with value: 0.4933117060916367 and parameters: {'w0': 0.28300000000000003, 'w1': 0.598, 'w2': 0.097, 'w3': 0.887, 'w4': 0.778, 'w5': 0.099, 'w6': 0.673, 'w7': 0.138, 'w8': 0.9590000000000001, 'max_depth': 6, 'min_child_weight': 12, 'subsample': 0.8, 'colsample_bytree': 1.0, 'gamma': 0.6000000000000001}. Best is trial 738 with value: 0.5156142957917506.
[I 2023-10-13 21:26:29,438] Trial 793 finished with value: 0.49419360969781373 and parameters: {'w0': 0.28900000000000003, 'w1': 0.607, 'w2': 0.108, 'w3': 0.897, 'w4': 0.782, 'w5': 0.099, 'w6': 0.671, 'w7': 0.139, 'w8': 0.9570000000000001, 'max_depth': 6, 'min_child_weight': 12, 'subsample': 0.8, 'colsample_bytree': 1.0, 'gamma': 0.8}. Best is trial 738 with value: 0.5156142957917506.
[I 2023-10-13 21:27:02,649] Trial 789 finished with value: 0.49509791952876536 and parameters: {'w0': 0.274, 'w1': 0.598, 'w2': 0.10500000000000001, 'w3': 0.891, 'w4': 0.783, 'w5': 0.095, 'w6': 0.676, 'w7': 0.14200000000000002, 'w8': 0.9570000000000001, 'max_depth': 6, 'min_child_weight': 12, 'subsample': 0.8, 'colsample_bytree': 1.0, 'gamma': 0.6000000000000001}. Best is trial 738 with value: 0.5156142957917506.
[I 2023-10-13 21:27:03,067] Trial 790 finished with value: 0.5033458975332644 and parameters: {'w0': 0.28300000000000003, 'w1': 0.599, 'w2': 0.128, 'w3': 0.892, 'w4': 0.786, 'w5': 0.10300000000000001, 'w6': 0.66, 'w7': 0.14400000000000002, 'w8': 0.9560000000000001, 'max_depth': 6, 'min_child_weight': 12, 'subsample': 0.8, 'colsample_bytree': 1.0, 'gamma': 0.6000000000000001}. Best is trial 738 with value: 0.5156142957917506.
[I 2023-10-13 21:27:28,957] Trial 794 finished with value: 0.4902427190806078 and parameters: {'w0': 0.28300000000000003, 'w1': 0.597, 'w2': 0.107, 'w3': 0.893, 'w4': 0.779, 'w5': 0.652, 'w6': 0.67, 'w7': 0.14200000000000002, 'w8': 0.963, 'max_depth': 6, 'min_child_weight': 10, 'subsample': 0.8, 'colsample_bytree': 1.0, 'gamma': 1.0}. Best is trial 738 with value: 0.5156142957917506.
[I 2023-10-13 21:28:02,899] Trial 791 finished with value: 0.5100171223868358 and parameters: {'w0': 0.28300000000000003, 'w1': 0.597, 'w2': 0.18, 'w3': 0.885, 'w4': 0.785, 'w5': 0.097, 'w6': 0.674, 'w7': 0.146, 'w8': 0.962, 'max_depth': 6, 'min_child_weight': 10, 'subsample': 0.8, 'colsample_bytree': 1.0, 'gamma': 0.6000000000000001}. Best is trial 738 with value: 0.5156142957917506.
[I 2023-10-13 21:28:41,120] Trial 792 finished with value: 0.5020152821963133 and parameters: {'w0': 0.28200000000000003, 'w1': 0.601, 'w2': 0.13, 'w3': 0.904, 'w4': 0.779, 'w5': 0.652, 'w6': 0.676, 'w7': 0.137, 'w8': 0.9580000000000001, 'max_depth': 6, 'min_child_weight': 10, 'subsample': 0.8, 'colsample_bytree': 1.0, 'gamma': 0.6000000000000001}. Best is trial 738 with value: 0.5156142957917506.
[I 2023-10-13 21:29:08,371] Trial 796 finished with value: 0.5005920840147197 and parameters: {'w0': 0.232, 'w1': 0.609, 'w2': 0.133, 'w3': 0.9, 'w4': 0.782, 'w5': 0.108, 'w6': 0.677, 'w7': 0.10500000000000001, 'w8': 0.9550000000000001, 'max_depth': 6, 'min_child_weight': 12, 'subsample': 0.8, 'colsample_bytree': 1.0, 'gamma': 1.0}. Best is trial 738 with value: 0.5156142957917506.
[I 2023-10-13 21:29:32,855] Trial 795 finished with value: 0.49837730683088005 and parameters: {'w0': 0.28500000000000003, 'w1': 0.601, 'w2': 0.135, 'w3': 0.895, 'w4': 0.784, 'w5': 0.106, 'w6': 0.67, 'w7': 0.10500000000000001, 'w8': 0.9550000000000001, 'max_depth': 6, 'min_child_weight': 12, 'subsample': 0.8, 'colsample_bytree': 1.0, 'gamma': 1.0}. Best is trial 738 with value: 0.5156142957917506.
[I 2023-10-13 21:31:45,306] Trial 798 finished with value: 0.49156321347753895 and parameters: {'w0': 0.232, 'w1': 0.666, 'w2': 0.093, 'w3': 0.897, 'w4': 0.777, 'w5': 0.10200000000000001, 'w6': 0.665, 'w7': 0.108, 'w8': 0.9540000000000001, 'max_depth': 6, 'min_child_weight': 12, 'subsample': 0.8, 'colsample_bytree': 1.0, 'gamma': 1.0}. Best is trial 738 with value: 0.5156142957917506.
[I 2023-10-13 21:31:48,472] Trial 797 finished with value: 0.48604607288624335 and parameters: {'w0': 0.227, 'w1': 0.6, 'w2': 0.129, 'w3': 0.897, 'w4': 0.782, 'w5': 0.391, 'w6': 0.664, 'w7': 0.082, 'w8': 0.9580000000000001, 'max_depth': 6, 'min_child_weight': 14, 'subsample': 0.8, 'colsample_bytree': 1.0, 'gamma': 1.0}. Best is trial 738 with value: 0.5156142957917506.
[I 2023-10-13 21:36:46,162] Trial 799 finished with value: 0.498366314106205 and parameters: {'w0': 0.233, 'w1': 0.659, 'w2': 0.14300000000000002, 'w3': 0.892, 'w4': 0.781, 'w5': 0.10300000000000001, 'w6': 0.649, 'w7': 0.10300000000000001, 'w8': 0.962, 'max_depth': 6, 'min_child_weight': 14, 'subsample': 0.8, 'colsample_bytree': 1.0, 'gamma': 0.8}. Best is trial 738 with value: 0.5156142957917506.
[I 2023-10-13 21:37:03,905] Trial 800 finished with value: 0.49970714610392 and parameters: {'w0': 0.233, 'w1': 0.668, 'w2': 0.127, 'w3': 0.902, 'w4': 0.782, 'w5': 0.099, 'w6': 0.659, 'w7': 0.111, 'w8': 0.9590000000000001, 'max_depth': 6, 'min_child_weight': 12, 'subsample': 0.8, 'colsample_bytree': 1.0, 'gamma': 1.0}. Best is trial 738 with value: 0.5156142957917506.
[I 2023-10-13 21:38:50,835] Trial 801 finished with value: 0.49336976844351915 and parameters: {'w0': 0.227, 'w1': 0.663, 'w2': 0.101, 'w3': 0.902, 'w4': 0.779, 'w5': 0.10200000000000001, 'w6': 0.67, 'w7': 0.081, 'w8': 0.9590000000000001, 'max_depth': 6, 'min_child_weight': 14, 'subsample': 0.8, 'colsample_bytree': 1.0, 'gamma': 1.0}. Best is trial 738 with value: 0.5156142957917506.
[I 2023-10-13 21:39:25,149] Trial 802 finished with value: 0.49395501159265565 and parameters: {'w0': 0.23, 'w1': 0.665, 'w2': 0.096, 'w3': 0.903, 'w4': 0.78, 'w5': 0.10400000000000001, 'w6': 0.65, 'w7': 0.083, 'w8': 0.9570000000000001, 'max_depth': 6, 'min_child_weight': 12, 'subsample': 0.8, 'colsample_bytree': 1.0, 'gamma': 1.0}. Best is trial 738 with value: 0.5156142957917506.
[I 2023-10-13 21:40:21,753] Trial 803 finished with value: 0.4929571607138906 and parameters: {'w0': 0.228, 'w1': 0.67, 'w2': 0.098, 'w3': 0.868, 'w4': 0.792, 'w5': 0.094, 'w6': 0.6940000000000001, 'w7': 0.109, 'w8': 0.9560000000000001, 'max_depth': 6, 'min_child_weight': 10, 'subsample': 0.8, 'colsample_bytree': 1.0, 'gamma': 1.0}. Best is trial 738 with value: 0.5156142957917506.
[I 2023-10-13 21:40:45,939] Trial 804 finished with value: 0.49675073685126075 and parameters: {'w0': 0.229, 'w1': 0.669, 'w2': 0.134, 'w3': 0.871, 'w4': 0.779, 'w5': 0.1, 'w6': 0.734, 'w7': 0.094, 'w8': 1.0, 'max_depth': 6, 'min_child_weight': 12, 'subsample': 0.8, 'colsample_bytree': 0.9000000000000001, 'gamma': 1.0}. Best is trial 738 with value: 0.5156142957917506.
[I 2023-10-13 21:42:34,059] Trial 807 finished with value: 0.49562300643147084 and parameters: {'w0': 0.234, 'w1': 0.665, 'w2': 0.11800000000000001, 'w3': 0.867, 'w4': 0.779, 'w5': 0.106, 'w6': 0.7020000000000001, 'w7': 0.08800000000000001, 'w8': 0.451, 'max_depth': 7, 'min_child_weight': 10, 'subsample': 0.8, 'colsample_bytree': 0.9000000000000001, 'gamma': 1.0}. Best is trial 738 with value: 0.5156142957917506.
[I 2023-10-13 21:42:47,658] Trial 805 finished with value: 0.5045271251263761 and parameters: {'w0': 0.232, 'w1': 0.667, 'w2': 0.123, 'w3': 0.868, 'w4': 0.776, 'w5': 0.107, 'w6': 0.6950000000000001, 'w7': 0.109, 'w8': 0.965, 'max_depth': 7, 'min_child_weight': 10, 'subsample': 0.8, 'colsample_bytree': 0.9000000000000001, 'gamma': 1.0}. Best is trial 738 with value: 0.5156142957917506.
[I 2023-10-13 21:43:48,544] Trial 806 finished with value: 0.49689349623180434 and parameters: {'w0': 0.229, 'w1': 0.665, 'w2': 0.133, 'w3': 0.867, 'w4': 0.779, 'w5': 0.10500000000000001, 'w6': 0.653, 'w7': 0.187, 'w8': 0.97, 'max_depth': 7, 'min_child_weight': 10, 'subsample': 0.8, 'colsample_bytree': 0.9000000000000001, 'gamma': 1.0}. Best is trial 738 with value: 0.5156142957917506.
[I 2023-10-13 21:43:50,204] Trial 809 finished with value: 0.49017591844832886 and parameters: {'w0': 0.232, 'w1': 0.667, 'w2': 0.148, 'w3': 0.876, 'w4': 0.843, 'w5': 0.108, 'w6': 0.736, 'w7': 0.089, 'w8': 0.981, 'max_depth': 6, 'min_child_weight': 10, 'subsample': 0.8, 'colsample_bytree': 0.9000000000000001, 'gamma': 1.0}. Best is trial 738 with value: 0.5156142957917506.
[I 2023-10-13 21:45:36,482] Trial 811 finished with value: 0.4941396315354248 and parameters: {'w0': 0.232, 'w1': 0.665, 'w2': 0.13, 'w3': 0.864, 'w4': 0.849, 'w5': 0.112, 'w6': 0.738, 'w7': 0.191, 'w8': 0.98, 'max_depth': 7, 'min_child_weight': 10, 'subsample': 0.8, 'colsample_bytree': 0.9000000000000001, 'gamma': 1.0}. Best is trial 738 with value: 0.5156142957917506.
[I 2023-10-13 21:46:42,097] Trial 808 finished with value: 0.4882309734109359 and parameters: {'w0': 0.227, 'w1': 0.672, 'w2': 0.137, 'w3': 0.876, 'w4': 0.842, 'w5': 0.11, 'w6': 0.737, 'w7': 0.109, 'w8': 0.982, 'max_depth': 7, 'min_child_weight': 10, 'subsample': 0.2, 'colsample_bytree': 0.9000000000000001, 'gamma': 1.0}. Best is trial 738 with value: 0.5156142957917506.
[I 2023-10-13 21:50:25,063] Trial 814 finished with value: 0.4385081274122128 and parameters: {'w0': 0.028, 'w1': 0.665, 'w2': 0.188, 'w3': 0.868, 'w4': 0.841, 'w5': 0.10400000000000001, 'w6': 0.6980000000000001, 'w7': 0.186, 'w8': 1.0, 'max_depth': 6, 'min_child_weight': 10, 'subsample': 0.2, 'colsample_bytree': 0.9000000000000001, 'gamma': 0.2}. Best is trial 738 with value: 0.5156142957917506.
[I 2023-10-13 21:51:01,154] Trial 810 finished with value: 0.5091624087629036 and parameters: {'w0': 0.23600000000000002, 'w1': 0.675, 'w2': 0.14300000000000002, 'w3': 0.871, 'w4': 0.844, 'w5': 0.1, 'w6': 0.736, 'w7': 0.096, 'w8': 0.98, 'max_depth': 7, 'min_child_weight': 10, 'subsample': 0.8, 'colsample_bytree': 0.9000000000000001, 'gamma': 0.2}. Best is trial 738 with value: 0.5156142957917506.
[I 2023-10-13 21:51:50,446] Trial 812 finished with value: 0.504248975791738 and parameters: {'w0': 0.23, 'w1': 0.668, 'w2': 0.134, 'w3': 0.869, 'w4': 0.846, 'w5': 0.116, 'w6': 0.643, 'w7': 0.077, 'w8': 0.999, 'max_depth': 7, 'min_child_weight': 10, 'subsample': 0.8, 'colsample_bytree': 0.9000000000000001, 'gamma': 0.2}. Best is trial 738 with value: 0.5156142957917506.
[I 2023-10-13 21:52:06,892] Trial 824 finished with value: 0.4621101659095443 and parameters: {'w0': 0.248, 'w1': 0.6980000000000001, 'w2': 0.186, 'w3': 0.934, 'w4': 0.802, 'w5': 0.08800000000000001, 'w6': 0.743, 'w7': 0.187, 'w8': 0.983, 'max_depth': 6, 'min_child_weight': 8, 'subsample': 0.8, 'colsample_bytree': 0.9000000000000001, 'gamma': 7.0}. Best is trial 738 with value: 0.5156142957917506.
[I 2023-10-13 21:54:05,884] Trial 813 finished with value: 0.5099363567502608 and parameters: {'w0': 0.234, 'w1': 0.667, 'w2': 0.131, 'w3': 0.869, 'w4': 0.8320000000000001, 'w5': 0.11, 'w6': 0.7000000000000001, 'w7': 0.163, 'w8': 0.984, 'max_depth': 7, 'min_child_weight': 10, 'subsample': 0.8, 'colsample_bytree': 0.9000000000000001, 'gamma': 0.2}. Best is trial 738 with value: 0.5156142957917506.
[I 2023-10-13 21:56:43,654] Trial 816 finished with value: 0.49588642426379187 and parameters: {'w0': 0.233, 'w1': 0.668, 'w2': 0.187, 'w3': 0.867, 'w4': 0.8330000000000001, 'w5': 0.091, 'w6': 0.739, 'w7': 0.188, 'w8': 0.98, 'max_depth': 7, 'min_child_weight': 10, 'subsample': 0.2, 'colsample_bytree': 0.9000000000000001, 'gamma': 0.2}. Best is trial 738 with value: 0.5156142957917506.
[I 2023-10-13 21:58:43,927] Trial 818 finished with value: 0.5145697650930077 and parameters: {'w0': 0.241, 'w1': 0.7020000000000001, 'w2': 0.184, 'w3': 0.869, 'w4': 0.843, 'w5': 0.091, 'w6': 0.741, 'w7': 0.19, 'w8': 0.98, 'max_depth': 6, 'min_child_weight': 10, 'subsample': 0.8, 'colsample_bytree': 0.9000000000000001, 'gamma': 0.2}. Best is trial 738 with value: 0.5156142957917506.
[I 2023-10-13 21:58:56,059] Trial 827 finished with value: 0.4618259002202085 and parameters: {'w0': 0.25, 'w1': 0.7020000000000001, 'w2': 0.186, 'w3': 0.937, 'w4': 0.8280000000000001, 'w5': 0.734, 'w6': 0.763, 'w7': 0.187, 'w8': 0.983, 'max_depth': 6, 'min_child_weight': 8, 'subsample': 0.8, 'colsample_bytree': 0.9000000000000001, 'gamma': 7.0}. Best is trial 738 with value: 0.5156142957917506.
[I 2023-10-13 21:59:10,882] Trial 815 finished with value: 0.4572620997477257 and parameters: {'w0': 0.232, 'w1': 0.675, 'w2': 0.188, 'w3': 0.861, 'w4': 0.843, 'w5': 0.116, 'w6': 0.735, 'w7': 0.921, 'w8': 0.999, 'max_depth': 7, 'min_child_weight': 10, 'subsample': 0.8, 'colsample_bytree': 0.9000000000000001, 'gamma': 0.2}. Best is trial 738 with value: 0.5156142957917506.
[I 2023-10-13 21:59:48,647] Trial 819 finished with value: 0.5151252683048466 and parameters: {'w0': 0.23900000000000002, 'w1': 0.6990000000000001, 'w2': 0.19, 'w3': 0.868, 'w4': 0.844, 'w5': 0.112, 'w6': 0.738, 'w7': 0.191, 'w8': 0.983, 'max_depth': 6, 'min_child_weight': 10, 'subsample': 0.8, 'colsample_bytree': 0.9000000000000001, 'gamma': 0.2}. Best is trial 738 with value: 0.5156142957917506.
[I 2023-10-13 22:00:03,094] Trial 820 finished with value: 0.5116605136436126 and parameters: {'w0': 0.23900000000000002, 'w1': 0.6890000000000001, 'w2': 0.182, 'w3': 0.867, 'w4': 0.849, 'w5': 0.117, 'w6': 0.735, 'w7': 0.19, 'w8': 0.979, 'max_depth': 6, 'min_child_weight': 10, 'subsample': 0.8, 'colsample_bytree': 0.9000000000000001, 'gamma': 0.2}. Best is trial 738 with value: 0.5156142957917506.
[I 2023-10-13 22:00:30,474] Trial 829 finished with value: 0.4721812050431525 and parameters: {'w0': 0.252, 'w1': 0.7020000000000001, 'w2': 0.187, 'w3': 0.915, 'w4': 0.8250000000000001, 'w5': 0.08600000000000001, 'w6': 0.743, 'w7': 0.189, 'w8': 0.47900000000000004, 'max_depth': 6, 'min_child_weight': 8, 'subsample': 0.8, 'colsample_bytree': 0.9000000000000001, 'gamma': 4.6000000000000005}. Best is trial 738 with value: 0.5156142957917506.
[I 2023-10-13 22:00:38,102] Trial 817 finished with value: 0.5176405896505221 and parameters: {'w0': 0.23800000000000002, 'w1': 0.7000000000000001, 'w2': 0.188, 'w3': 0.866, 'w4': 0.841, 'w5': 0.11800000000000001, 'w6': 0.738, 'w7': 0.19, 'w8': 0.999, 'max_depth': 7, 'min_child_weight': 10, 'subsample': 0.8, 'colsample_bytree': 0.9000000000000001, 'gamma': 0.2}. Best is trial 817 with value: 0.5176405896505221.
[I 2023-10-13 22:02:05,659] Trial 821 finished with value: 0.5116209938270072 and parameters: {'w0': 0.244, 'w1': 0.6950000000000001, 'w2': 0.188, 'w3': 0.871, 'w4': 0.84, 'w5': 0.085, 'w6': 0.744, 'w7': 0.184, 'w8': 1.0, 'max_depth': 6, 'min_child_weight': 10, 'subsample': 0.8, 'colsample_bytree': 0.9000000000000001, 'gamma': 0.2}. Best is trial 817 with value: 0.5176405896505221.
[I 2023-10-13 22:02:15,379] Trial 822 finished with value: 0.5098327007824754 and parameters: {'w0': 0.244, 'w1': 0.626, 'w2': 0.188, 'w3': 0.868, 'w4': 0.839, 'w5': 0.11800000000000001, 'w6': 0.735, 'w7': 0.192, 'w8': 0.982, 'max_depth': 6, 'min_child_weight': 8, 'subsample': 0.8, 'colsample_bytree': 0.9000000000000001, 'gamma': 0.2}. Best is trial 817 with value: 0.5176405896505221.
[I 2023-10-13 22:03:42,966] Trial 823 finished with value: 0.5083967946247439 and parameters: {'w0': 0.244, 'w1': 0.623, 'w2': 0.187, 'w3': 0.9410000000000001, 'w4': 0.851, 'w5': 0.551, 'w6': 0.735, 'w7': 0.192, 'w8': 0.986, 'max_depth': 6, 'min_child_weight': 8, 'subsample': 0.8, 'colsample_bytree': 0.9000000000000001, 'gamma': 0.2}. Best is trial 817 with value: 0.5176405896505221.
[I 2023-10-13 22:05:07,613] Trial 825 finished with value: 0.5133867950072413 and parameters: {'w0': 0.21, 'w1': 0.6990000000000001, 'w2': 0.186, 'w3': 0.932, 'w4': 0.841, 'w5': 0.077, 'w6': 0.771, 'w7': 0.194, 'w8': 0.998, 'max_depth': 6, 'min_child_weight': 8, 'subsample': 0.8, 'colsample_bytree': 0.9000000000000001, 'gamma': 0.2}. Best is trial 817 with value: 0.5176405896505221.
[I 2023-10-13 22:06:37,988] Trial 826 finished with value: 0.5064709875331286 and parameters: {'w0': 0.17400000000000002, 'w1': 0.7010000000000001, 'w2': 0.189, 'w3': 0.929, 'w4': 0.8280000000000001, 'w5': 0.74, 'w6': 0.773, 'w7': 0.187, 'w8': 0.984, 'max_depth': 6, 'min_child_weight': 8, 'subsample': 0.8, 'colsample_bytree': 0.9000000000000001, 'gamma': 0.2}. Best is trial 817 with value: 0.5176405896505221.
[I 2023-10-13 22:07:44,388] Trial 835 finished with value: 0.46295923742957373 and parameters: {'w0': 0.17, 'w1': 0.6990000000000001, 'w2': 0.189, 'w3': 0.844, 'w4': 0.804, 'w5': 0.354, 'w6': 0.5, 'w7': 0.19, 'w8': 0.9420000000000001, 'max_depth': 6, 'min_child_weight': 8, 'subsample': 0.8, 'colsample_bytree': 0.9000000000000001, 'gamma': 5.800000000000001}. Best is trial 817 with value: 0.5176405896505221.
[I 2023-10-13 22:10:39,888] Trial 828 finished with value: 0.5128234770434703 and parameters: {'w0': 0.20900000000000002, 'w1': 0.7010000000000001, 'w2': 0.187, 'w3': 0.9400000000000001, 'w4': 0.8250000000000001, 'w5': 0.079, 'w6': 0.768, 'w7': 0.191, 'w8': 0.999, 'max_depth': 6, 'min_child_weight': 8, 'subsample': 0.8, 'colsample_bytree': 0.9000000000000001, 'gamma': 0.2}. Best is trial 817 with value: 0.5176405896505221.
[I 2023-10-13 22:11:38,584] Trial 830 finished with value: 0.4593545467297756 and parameters: {'w0': 0.167, 'w1': 0.618, 'w2': 0.001, 'w3': 0.839, 'w4': 0.8190000000000001, 'w5': 0.081, 'w6': 0.774, 'w7': 0.191, 'w8': 0.981, 'max_depth': 6, 'min_child_weight': 8, 'subsample': 0.8, 'colsample_bytree': 0.9000000000000001, 'gamma': 0.2}. Best is trial 817 with value: 0.5176405896505221.
[I 2023-10-13 22:13:59,125] Trial 831 finished with value: 0.4629945504565309 and parameters: {'w0': 0.253, 'w1': 0.622, 'w2': 0.002, 'w3': 0.843, 'w4': 0.804, 'w5': 0.08800000000000001, 'w6': 0.772, 'w7': 0.188, 'w8': 1.0, 'max_depth': 6, 'min_child_weight': 8, 'subsample': 0.8, 'colsample_bytree': 0.9000000000000001, 'gamma': 0.2}. Best is trial 817 with value: 0.5176405896505221.
[I 2023-10-13 22:17:08,830] Trial 832 finished with value: 0.45792324942777296 and parameters: {'w0': 0.212, 'w1': 0.622, 'w2': 0.186, 'w3': 0.919, 'w4': 0.803, 'w5': 0.083, 'w6': 0.767, 'w7': 0.795, 'w8': 0.9440000000000001, 'max_depth': 6, 'min_child_weight': 8, 'subsample': 0.8, 'colsample_bytree': 0.9000000000000001, 'gamma': 0.2}. Best is trial 817 with value: 0.5176405896505221.
[I 2023-10-13 22:18:45,598] Trial 833 finished with value: 0.5128404659701571 and parameters: {'w0': 0.20800000000000002, 'w1': 0.7020000000000001, 'w2': 0.186, 'w3': 0.845, 'w4': 0.8200000000000001, 'w5': 0.078, 'w6': 0.772, 'w7': 0.195, 'w8': 0.9420000000000001, 'max_depth': 6, 'min_child_weight': 8, 'subsample': 0.8, 'colsample_bytree': 0.9000000000000001, 'gamma': 0.2}. Best is trial 817 with value: 0.5176405896505221.
[I 2023-10-13 22:19:06,524] Trial 834 finished with value: 0.5105893848706354 and parameters: {'w0': 0.181, 'w1': 0.6950000000000001, 'w2': 0.191, 'w3': 0.843, 'w4': 0.8200000000000001, 'w5': 0.083, 'w6': 0.767, 'w7': 0.191, 'w8': 0.999, 'max_depth': 6, 'min_child_weight': 8, 'subsample': 0.8, 'colsample_bytree': 0.9000000000000001, 'gamma': 0.2}. Best is trial 817 with value: 0.5176405896505221.
[I 2023-10-13 22:19:55,599] Trial 836 finished with value: 0.5134224823215021 and parameters: {'w0': 0.20900000000000002, 'w1': 0.621, 'w2': 0.182, 'w3': 0.843, 'w4': 0.863, 'w5': 0.08, 'w6': 0.773, 'w7': 0.195, 'w8': 0.9430000000000001, 'max_depth': 6, 'min_child_weight': 10, 'subsample': 0.8, 'colsample_bytree': 0.9000000000000001, 'gamma': 0.2}. Best is trial 817 with value: 0.5176405896505221.
[I 2023-10-13 22:19:58,914] Trial 837 finished with value: 0.5073626875794512 and parameters: {'w0': 0.20400000000000001, 'w1': 0.687, 'w2': 0.19, 'w3': 0.839, 'w4': 0.877, 'w5': 0.343, 'w6': 0.769, 'w7': 0.197, 'w8': 0.9440000000000001, 'max_depth': 6, 'min_child_weight': 10, 'subsample': 0.8, 'colsample_bytree': 0.9000000000000001, 'gamma': 0.2}. Best is trial 817 with value: 0.5176405896505221.
[I 2023-10-13 22:20:51,390] Trial 838 finished with value: 0.5116782310302042 and parameters: {'w0': 0.17600000000000002, 'w1': 0.71, 'w2': 0.193, 'w3': 0.8320000000000001, 'w4': 0.888, 'w5': 0.081, 'w6': 0.767, 'w7': 0.19, 'w8': 1.0, 'max_depth': 6, 'min_child_weight': 10, 'subsample': 0.8, 'colsample_bytree': 0.9000000000000001, 'gamma': 0.2}. Best is trial 817 with value: 0.5176405896505221.
[I 2023-10-13 22:23:28,920] Trial 839 finished with value: 0.44242997261393513 and parameters: {'w0': 0.20700000000000002, 'w1': 0.6980000000000001, 'w2': 0.001, 'w3': 0.843, 'w4': 0.879, 'w5': 0.084, 'w6': 0.764, 'w7': 0.706, 'w8': 0.9460000000000001, 'max_depth': 7, 'min_child_weight': 10, 'subsample': 0.8, 'colsample_bytree': 0.9000000000000001, 'gamma': 0.0}. Best is trial 817 with value: 0.5176405896505221.
[I 2023-10-13 22:24:42,015] Trial 840 finished with value: 0.5131448736795166 and parameters: {'w0': 0.17300000000000001, 'w1': 0.7030000000000001, 'w2': 0.189, 'w3': 0.843, 'w4': 0.856, 'w5': 0.117, 'w6': 0.77, 'w7': 0.197, 'w8': 0.993, 'max_depth': 7, 'min_child_weight': 10, 'subsample': 0.8, 'colsample_bytree': 0.9000000000000001, 'gamma': 0.0}. Best is trial 817 with value: 0.5176405896505221.
