[I 2023-10-12 11:17:00,452] Trial 597 finished with value: 0.5663870843735068 and parameters: {'w0': 0.47100000000000003, 'w1': 1.0, 'w2': 0.391, 'w3': 0.667, 'w4': 0.9580000000000001, 'w5': 0.094, 'w6': 0.915, 'w7': 0.309, 'w8': 0.89, 'max_depth': 8, 'min_child_weight': 4, 'subsample': 0.8, 'colsample_bytree': 0.9000000000000001, 'gamma': 10.0}. Best is trial 374 with value: 0.5972984243800201.
[I 2023-10-12 11:17:32,744] Trial 592 finished with value: 0.5938035856459505 and parameters: {'w0': 0.54, 'w1': 0.983, 'w2': 0.398, 'w3': 0.63, 'w4': 0.9570000000000001, 'w5': 0.10200000000000001, 'w6': 0.886, 'w7': 0.41600000000000004, 'w8': 0.887, 'max_depth': 7, 'min_child_weight': 4, 'subsample': 0.7, 'colsample_bytree': 0.9000000000000001, 'gamma': 2.6}. Best is trial 374 with value: 0.5972984243800201.
[I 2023-10-12 11:17:52,373] Trial 593 finished with value: 0.5858267477391358 and parameters: {'w0': 0.542, 'w1': 0.578, 'w2': 0.406, 'w3': 0.6940000000000001, 'w4': 0.9590000000000001, 'w5': 0.054, 'w6': 0.915, 'w7': 0.41400000000000003, 'w8': 0.889, 'max_depth': 7, 'min_child_weight': 4, 'subsample': 0.7, 'colsample_bytree': 0.9000000000000001, 'gamma': 2.6}. Best is trial 374 with value: 0.5972984243800201.
[I 2023-10-12 11:18:10,436] Trial 594 finished with value: 0.5693973745157872 and parameters: {'w0': 0.544, 'w1': 0.9450000000000001, 'w2': 0.402, 'w3': 0.664, 'w4': 0.9550000000000001, 'w5': 0.015, 'w6': 0.913, 'w7': 0.306, 'w8': 0.884, 'max_depth': 8, 'min_child_weight': 4, 'subsample': 0.7, 'colsample_bytree': 0.9000000000000001, 'gamma': 2.6}. Best is trial 374 with value: 0.5972984243800201.
[I 2023-10-12 11:18:31,927] Trial 596 finished with value: 0.5961408609275256 and parameters: {'w0': 0.543, 'w1': 0.98, 'w2': 0.397, 'w3': 0.635, 'w4': 0.9570000000000001, 'w5': 0.096, 'w6': 0.885, 'w7': 0.41200000000000003, 'w8': 0.885, 'max_depth': 8, 'min_child_weight': 4, 'subsample': 0.8, 'colsample_bytree': 0.9000000000000001, 'gamma': 2.6}. Best is trial 374 with value: 0.5972984243800201.
[I 2023-10-12 11:21:31,355] Trial 598 finished with value: 0.5853452273817883 and parameters: {'w0': 0.543, 'w1': 0.985, 'w2': 0.394, 'w3': 0.669, 'w4': 0.9560000000000001, 'w5': 0.889, 'w6': 0.912, 'w7': 0.41700000000000004, 'w8': 0.886, 'max_depth': 8, 'min_child_weight': 10, 'subsample': 0.8, 'colsample_bytree': 0.9000000000000001, 'gamma': 2.6}. Best is trial 374 with value: 0.5972984243800201.
[I 2023-10-12 11:22:08,896] Trial 599 finished with value: 0.5463071514638469 and parameters: {'w0': 0.54, 'w1': 0.309, 'w2': 0.397, 'w3': 0.6980000000000001, 'w4': 0.9600000000000001, 'w5': 0.010000000000000002, 'w6': 0.884, 'w7': 0.305, 'w8': 0.885, 'max_depth': 8, 'min_child_weight': 4, 'subsample': 0.7, 'colsample_bytree': 0.9000000000000001, 'gamma': 2.6}. Best is trial 374 with value: 0.5972984243800201.
[I 2023-10-12 11:22:23,828] Trial 600 finished with value: 0.5549612656741182 and parameters: {'w0': 0.467, 'w1': 0.98, 'w2': 0.368, 'w3': 0.641, 'w4': 0.962, 'w5': 0.011, 'w6': 0.422, 'w7': 0.297, 'w8': 0.88, 'max_depth': 7, 'min_child_weight': 10, 'subsample': 0.7, 'colsample_bytree': 0.9000000000000001, 'gamma': 2.6}. Best is trial 374 with value: 0.5972984243800201.
[I 2023-10-12 11:24:12,451] Trial 601 finished with value: 0.5581755982663091 and parameters: {'w0': 0.54, 'w1': 1.0, 'w2': 0.392, 'w3': 0.66, 'w4': 0.07, 'w5': 0.893, 'w6': 0.887, 'w7': 0.302, 'w8': 0.873, 'max_depth': 7, 'min_child_weight': 4, 'subsample': 0.8, 'colsample_bytree': 0.9000000000000001, 'gamma': 2.6}. Best is trial 374 with value: 0.5972984243800201.
[I 2023-10-12 11:25:10,847] Trial 602 finished with value: 0.5883383262354683 and parameters: {'w0': 0.47700000000000004, 'w1': 1.0, 'w2': 0.367, 'w3': 0.636, 'w4': 0.9590000000000001, 'w5': 0.889, 'w6': 0.885, 'w7': 0.353, 'w8': 0.871, 'max_depth': 7, 'min_child_weight': 10, 'subsample': 0.8, 'colsample_bytree': 0.9000000000000001, 'gamma': 2.8000000000000003}. Best is trial 374 with value: 0.5972984243800201.
[I 2023-10-12 11:25:38,518] Trial 606 finished with value: 0.5794730294037589 and parameters: {'w0': 0.47500000000000003, 'w1': 0.982, 'w2': 0.443, 'w3': 0.629, 'w4': 0.961, 'w5': 0.08600000000000001, 'w6': 0.98, 'w7': 0.358, 'w8': 0.897, 'max_depth': 7, 'min_child_weight': 4, 'subsample': 0.8, 'colsample_bytree': 0.8, 'gamma': 7.0}. Best is trial 374 with value: 0.5972984243800201.
[I 2023-10-12 11:26:25,028] Trial 603 finished with value: 0.5579037884495488 and parameters: {'w0': 0.47200000000000003, 'w1': 0.982, 'w2': 0.369, 'w3': 0.662, 'w4': 0.9600000000000001, 'w5': 0.009000000000000001, 'w6': 0.884, 'w7': 0.357, 'w8': 0.874, 'max_depth': 7, 'min_child_weight': 4, 'subsample': 0.8, 'colsample_bytree': 0.9000000000000001, 'gamma': 2.8000000000000003}. Best is trial 374 with value: 0.5972984243800201.
[I 2023-10-12 11:27:36,433] Trial 605 finished with value: 0.5954158707292095 and parameters: {'w0': 0.47000000000000003, 'w1': 0.98, 'w2': 0.441, 'w3': 0.639, 'w4': 0.962, 'w5': 0.097, 'w6': 0.975, 'w7': 0.356, 'w8': 0.895, 'max_depth': 7, 'min_child_weight': 4, 'subsample': 0.8, 'colsample_bytree': 0.9000000000000001, 'gamma': 2.8000000000000003}. Best is trial 374 with value: 0.5972984243800201.
[I 2023-10-12 11:28:10,206] Trial 604 finished with value: 0.5953479907749604 and parameters: {'w0': 0.467, 'w1': 1.0, 'w2': 0.374, 'w3': 0.663, 'w4': 0.964, 'w5': 0.097, 'w6': 0.887, 'w7': 0.368, 'w8': 0.872, 'max_depth': 7, 'min_child_weight': 4, 'subsample': 0.7, 'colsample_bytree': 0.9000000000000001, 'gamma': 2.8000000000000003}. Best is trial 374 with value: 0.5972984243800201.
[I 2023-10-12 11:28:19,453] Trial 610 finished with value: 0.5252916008745437 and parameters: {'w0': 0.47000000000000003, 'w1': 0.9600000000000001, 'w2': 0.366, 'w3': 0.635, 'w4': 0.964, 'w5': 0.095, 'w6': 0.002, 'w7': 0.358, 'w8': 0.249, 'max_depth': 7, 'min_child_weight': 4, 'subsample': 0.8, 'colsample_bytree': 0.8, 'gamma': 2.8000000000000003}. Best is trial 374 with value: 0.5972984243800201.
[I 2023-10-12 11:28:29,182] Trial 607 finished with value: 0.5968923505730974 and parameters: {'w0': 0.467, 'w1': 0.978, 'w2': 0.366, 'w3': 0.632, 'w4': 0.962, 'w5': 0.095, 'w6': 0.977, 'w7': 0.357, 'w8': 0.866, 'max_depth': 7, 'min_child_weight': 4, 'subsample': 0.8, 'colsample_bytree': 0.8, 'gamma': 2.8000000000000003}. Best is trial 374 with value: 0.5972984243800201.
[I 2023-10-12 11:28:44,479] Trial 608 finished with value: 0.5990685448618029 and parameters: {'w0': 0.47300000000000003, 'w1': 0.974, 'w2': 0.365, 'w3': 0.637, 'w4': 0.962, 'w5': 0.097, 'w6': 0.984, 'w7': 0.358, 'w8': 0.864, 'max_depth': 7, 'min_child_weight': 4, 'subsample': 0.8, 'colsample_bytree': 0.8, 'gamma': 2.8000000000000003}. Best is trial 608 with value: 0.5990685448618029.
[I 2023-10-12 11:29:00,114] Trial 609 finished with value: 0.5956680051509778 and parameters: {'w0': 0.47200000000000003, 'w1': 0.977, 'w2': 0.365, 'w3': 0.633, 'w4': 0.963, 'w5': 0.098, 'w6': 0.981, 'w7': 0.359, 'w8': 0.867, 'max_depth': 7, 'min_child_weight': 4, 'subsample': 0.8, 'colsample_bytree': 0.8, 'gamma': 2.8000000000000003}. Best is trial 608 with value: 0.5990685448618029.
[I 2023-10-12 11:29:54,151] Trial 611 finished with value: 0.5971302220947875 and parameters: {'w0': 0.47500000000000003, 'w1': 0.9580000000000001, 'w2': 0.373, 'w3': 0.635, 'w4': 0.969, 'w5': 0.1, 'w6': 0.982, 'w7': 0.356, 'w8': 0.865, 'max_depth': 7, 'min_child_weight': 4, 'subsample': 0.8, 'colsample_bytree': 0.8, 'gamma': 2.8000000000000003}. Best is trial 608 with value: 0.5990685448618029.
[I 2023-10-12 11:30:03,083] Trial 612 finished with value: 0.5958966866341824 and parameters: {'w0': 0.47400000000000003, 'w1': 0.9600000000000001, 'w2': 0.369, 'w3': 0.5740000000000001, 'w4': 0.968, 'w5': 0.089, 'w6': 0.973, 'w7': 0.363, 'w8': 0.866, 'max_depth': 7, 'min_child_weight': 4, 'subsample': 0.8, 'colsample_bytree': 0.8, 'gamma': 2.8000000000000003}. Best is trial 608 with value: 0.5990685448618029.
[I 2023-10-12 11:30:20,691] Trial 613 finished with value: 0.5977599776867489 and parameters: {'w0': 0.468, 'w1': 0.961, 'w2': 0.368, 'w3': 0.637, 'w4': 0.905, 'w5': 0.098, 'w6': 0.979, 'w7': 0.35200000000000004, 'w8': 0.865, 'max_depth': 8, 'min_child_weight': 4, 'subsample': 0.8, 'colsample_bytree': 0.8, 'gamma': 2.8000000000000003}. Best is trial 608 with value: 0.5990685448618029.
[I 2023-10-12 11:33:02,657] Trial 615 finished with value: 0.5145553004203747 and parameters: {'w0': 0.47800000000000004, 'w1': 0.9590000000000001, 'w2': 0.368, 'w3': 0.5760000000000001, 'w4': 0.056, 'w5': 0.096, 'w6': 0.005, 'w7': 0.361, 'w8': 0.867, 'max_depth': 8, 'min_child_weight': 4, 'subsample': 0.8, 'colsample_bytree': 0.8, 'gamma': 2.8000000000000003}. Best is trial 608 with value: 0.5990685448618029.
[I 2023-10-12 11:33:43,881] Trial 614 finished with value: 0.595319616703992 and parameters: {'w0': 0.5750000000000001, 'w1': 0.961, 'w2': 0.364, 'w3': 0.635, 'w4': 0.966, 'w5': 0.095, 'w6': 0.982, 'w7': 0.372, 'w8': 0.864, 'max_depth': 8, 'min_child_weight': 4, 'subsample': 0.8, 'colsample_bytree': 0.8, 'gamma': 2.8000000000000003}. Best is trial 608 with value: 0.5990685448618029.
[I 2023-10-12 11:34:28,501] Trial 616 finished with value: 0.5919178831610227 and parameters: {'w0': 0.47300000000000003, 'w1': 0.9590000000000001, 'w2': 0.443, 'w3': 0.64, 'w4': 0.968, 'w5': 0.097, 'w6': 0.98, 'w7': 0.363, 'w8': 0.863, 'max_depth': 8, 'min_child_weight': 4, 'subsample': 0.8, 'colsample_bytree': 0.9000000000000001, 'gamma': 2.8000000000000003}. Best is trial 608 with value: 0.5990685448618029.
[I 2023-10-12 11:36:32,607] Trial 617 finished with value: 0.5953755783369734 and parameters: {'w0': 0.47200000000000003, 'w1': 0.962, 'w2': 0.362, 'w3': 0.633, 'w4': 0.901, 'w5': 0.097, 'w6': 0.979, 'w7': 0.357, 'w8': 0.86, 'max_depth': 8, 'min_child_weight': 4, 'subsample': 0.8, 'colsample_bytree': 0.8, 'gamma': 2.8000000000000003}. Best is trial 608 with value: 0.5990685448618029.
[I 2023-10-12 11:38:09,157] Trial 619 finished with value: 0.5945220091547746 and parameters: {'w0': 0.5690000000000001, 'w1': 0.9580000000000001, 'w2': 0.365, 'w3': 0.5750000000000001, 'w4': 0.977, 'w5': 0.099, 'w6': 0.962, 'w7': 0.368, 'w8': 0.859, 'max_depth': 8, 'min_child_weight': 6, 'subsample': 0.8, 'colsample_bytree': 0.8, 'gamma': 2.8000000000000003}. Best is trial 608 with value: 0.5990685448618029.
[I 2023-10-12 11:38:23,592] Trial 618 finished with value: 0.5852219099347353 and parameters: {'w0': 0.89, 'w1': 0.9580000000000001, 'w2': 0.445, 'w3': 0.5720000000000001, 'w4': 0.911, 'w5': 0.093, 'w6': 0.982, 'w7': 0.361, 'w8': 0.861, 'max_depth': 8, 'min_child_weight': 6, 'subsample': 0.8, 'colsample_bytree': 0.8, 'gamma': 2.8000000000000003}. Best is trial 608 with value: 0.5990685448618029.
[I 2023-10-12 11:39:14,488] Trial 620 finished with value: 0.592017158704537 and parameters: {'w0': 0.5700000000000001, 'w1': 0.9570000000000001, 'w2': 0.442, 'w3': 0.5770000000000001, 'w4': 0.907, 'w5': 0.095, 'w6': 0.964, 'w7': 0.388, 'w8': 0.854, 'max_depth': 8, 'min_child_weight': 6, 'subsample': 0.8, 'colsample_bytree': 0.8, 'gamma': 2.8000000000000003}. Best is trial 608 with value: 0.5990685448618029.
[I 2023-10-12 11:40:05,384] Trial 621 finished with value: 0.5886761926640112 and parameters: {'w0': 0.47600000000000003, 'w1': 0.9580000000000001, 'w2': 0.436, 'w3': 0.63, 'w4': 0.899, 'w5': 0.098, 'w6': 0.965, 'w7': 0.391, 'w8': 0.906, 'max_depth': 8, 'min_child_weight': 4, 'subsample': 0.8, 'colsample_bytree': 0.9000000000000001, 'gamma': 2.8000000000000003}. Best is trial 608 with value: 0.5990685448618029.
[I 2023-10-12 11:40:31,068] Trial 625 finished with value: 0.5730989549758785 and parameters: {'w0': 0.47000000000000003, 'w1': 0.20700000000000002, 'w2': 0.442, 'w3': 0.637, 'w4': 0.91, 'w5': 0.076, 'w6': 0.978, 'w7': 0.367, 'w8': 0.859, 'max_depth': 7, 'min_child_weight': 6, 'subsample': 0.8, 'colsample_bytree': 0.8, 'gamma': 2.8000000000000003}. Best is trial 608 with value: 0.5990685448618029.
[I 2023-10-12 11:40:46,790] Trial 624 finished with value: 0.5912633889695278 and parameters: {'w0': 0.468, 'w1': 0.963, 'w2': 0.443, 'w3': 0.64, 'w4': 0.98, 'w5': 0.1, 'w6': 0.973, 'w7': 0.367, 'w8': 0.861, 'max_depth': 7, 'min_child_weight': 6, 'subsample': 0.8, 'colsample_bytree': 0.8, 'gamma': 2.8000000000000003}. Best is trial 608 with value: 0.5990685448618029.
[I 2023-10-12 11:40:48,599] Trial 622 finished with value: 0.592725501683107 and parameters: {'w0': 0.466, 'w1': 0.961, 'w2': 0.443, 'w3': 0.637, 'w4': 0.903, 'w5': 0.074, 'w6': 0.964, 'w7': 0.359, 'w8': 0.9450000000000001, 'max_depth': 8, 'min_child_weight': 6, 'subsample': 0.8, 'colsample_bytree': 0.9000000000000001, 'gamma': 2.8000000000000003}. Best is trial 608 with value: 0.5990685448618029.
[I 2023-10-12 11:41:01,255] Trial 626 finished with value: 0.5908938413926563 and parameters: {'w0': 0.47800000000000004, 'w1': 0.9580000000000001, 'w2': 0.363, 'w3': 0.645, 'w4': 0.902, 'w5': 0.07300000000000001, 'w6': 0.983, 'w7': 0.358, 'w8': 0.858, 'max_depth': 7, 'min_child_weight': 6, 'subsample': 0.8, 'colsample_bytree': 0.8, 'gamma': 3.0}. Best is trial 608 with value: 0.5990685448618029.
[I 2023-10-12 11:41:24,147] Trial 623 finished with value: 0.5865213194081393 and parameters: {'w0': 0.881, 'w1': 0.9570000000000001, 'w2': 0.438, 'w3': 0.633, 'w4': 0.982, 'w5': 0.069, 'w6': 0.968, 'w7': 0.361, 'w8': 0.857, 'max_depth': 8, 'min_child_weight': 6, 'subsample': 0.8, 'colsample_bytree': 0.9000000000000001, 'gamma': 2.8000000000000003}. Best is trial 608 with value: 0.5990685448618029.
[I 2023-10-12 11:41:58,185] Trial 628 finished with value: 0.5948003629108476 and parameters: {'w0': 0.468, 'w1': 0.9580000000000001, 'w2': 0.359, 'w3': 0.643, 'w4': 0.901, 'w5': 0.069, 'w6': 0.984, 'w7': 0.353, 'w8': 0.86, 'max_depth': 7, 'min_child_weight': 6, 'subsample': 0.8, 'colsample_bytree': 0.8, 'gamma': 3.0}. Best is trial 608 with value: 0.5990685448618029.
[I 2023-10-12 11:42:05,935] Trial 627 finished with value: 0.5658270767764845 and parameters: {'w0': 0.47700000000000004, 'w1': 0.9560000000000001, 'w2': 0.217, 'w3': 0.678, 'w4': 0.902, 'w5': 0.07200000000000001, 'w6': 0.997, 'w7': 0.366, 'w8': 0.848, 'max_depth': 7, 'min_child_weight': 6, 'subsample': 0.8, 'colsample_bytree': 0.8, 'gamma': 2.8000000000000003}. Best is trial 608 with value: 0.5990685448618029.
[I 2023-10-12 11:42:18,973] Trial 629 finished with value: 0.5964957245436036 and parameters: {'w0': 0.459, 'w1': 0.9510000000000001, 'w2': 0.359, 'w3': 0.679, 'w4': 0.909, 'w5': 0.101, 'w6': 0.998, 'w7': 0.353, 'w8': 0.851, 'max_depth': 7, 'min_child_weight': 4, 'subsample': 0.8, 'colsample_bytree': 0.8, 'gamma': 3.0}. Best is trial 608 with value: 0.5990685448618029.
[I 2023-10-12 11:45:15,064] Trial 630 finished with value: 0.5962485971833141 and parameters: {'w0': 0.467, 'w1': 0.91, 'w2': 0.361, 'w3': 0.639, 'w4': 0.913, 'w5': 0.07200000000000001, 'w6': 0.992, 'w7': 0.332, 'w8': 0.85, 'max_depth': 7, 'min_child_weight': 4, 'subsample': 0.8, 'colsample_bytree': 0.8, 'gamma': 3.0}. Best is trial 608 with value: 0.5990685448618029.
[I 2023-10-12 11:45:44,991] Trial 631 finished with value: 0.5945298959375681 and parameters: {'w0': 0.464, 'w1': 0.914, 'w2': 0.357, 'w3': 0.6890000000000001, 'w4': 0.906, 'w5': 0.076, 'w6': 0.998, 'w7': 0.34500000000000003, 'w8': 0.849, 'max_depth': 7, 'min_child_weight': 4, 'subsample': 0.8, 'colsample_bytree': 0.8, 'gamma': 3.0}. Best is trial 608 with value: 0.5990685448618029.
[I 2023-10-12 11:46:20,073] Trial 632 finished with value: 0.5940426268109885 and parameters: {'w0': 0.468, 'w1': 0.913, 'w2': 0.356, 'w3': 0.654, 'w4': 0.925, 'w5': 0.07200000000000001, 'w6': 0.997, 'w7': 0.34400000000000003, 'w8': 0.844, 'max_depth': 7, 'min_child_weight': 4, 'subsample': 0.8, 'colsample_bytree': 0.8, 'gamma': 3.0}. Best is trial 608 with value: 0.5990685448618029.
[I 2023-10-12 11:48:06,589] Trial 633 finished with value: 0.5944541506781191 and parameters: {'w0': 0.463, 'w1': 0.917, 'w2': 0.361, 'w3': 0.684, 'w4': 0.916, 'w5': 0.07, 'w6': 0.993, 'w7': 0.332, 'w8': 0.845, 'max_depth': 7, 'min_child_weight': 4, 'subsample': 0.8, 'colsample_bytree': 0.8, 'gamma': 3.0}. Best is trial 608 with value: 0.5990685448618029.
[I 2023-10-12 11:50:00,468] Trial 635 finished with value: 0.5936186935125832 and parameters: {'w0': 0.47000000000000003, 'w1': 0.919, 'w2': 0.35100000000000003, 'w3': 0.671, 'w4': 0.893, 'w5': 0.07300000000000001, 'w6': 0.98, 'w7': 0.339, 'w8': 0.857, 'max_depth': 7, 'min_child_weight': 4, 'subsample': 0.8, 'colsample_bytree': 0.8, 'gamma': 3.0}. Best is trial 608 with value: 0.5990685448618029.
[I 2023-10-12 11:50:03,873] Trial 634 finished with value: 0.5973972528698033 and parameters: {'w0': 0.47000000000000003, 'w1': 0.9520000000000001, 'w2': 0.35000000000000003, 'w3': 0.68, 'w4': 0.905, 'w5': 0.077, 'w6': 0.998, 'w7': 0.34600000000000003, 'w8': 0.845, 'max_depth': 7, 'min_child_weight': 4, 'subsample': 0.8, 'colsample_bytree': 0.8, 'gamma': 3.0}. Best is trial 608 with value: 0.5990685448618029.
[I 2023-10-12 11:50:51,204] Trial 636 finished with value: 0.5946430302683929 and parameters: {'w0': 0.462, 'w1': 0.913, 'w2': 0.353, 'w3': 0.685, 'w4': 0.9, 'w5': 0.075, 'w6': 0.993, 'w7': 0.337, 'w8': 0.842, 'max_depth': 7, 'min_child_weight': 4, 'subsample': 0.8, 'colsample_bytree': 0.8, 'gamma': 3.0}. Best is trial 608 with value: 0.5990685448618029.
[I 2023-10-12 11:51:33,724] Trial 637 finished with value: 0.5966304875589739 and parameters: {'w0': 0.47800000000000004, 'w1': 0.924, 'w2': 0.355, 'w3': 0.678, 'w4': 0.897, 'w5': 0.07200000000000001, 'w6': 0.999, 'w7': 0.34, 'w8': 0.846, 'max_depth': 7, 'min_child_weight': 4, 'subsample': 0.8, 'colsample_bytree': 0.8, 'gamma': 3.0}. Best is trial 608 with value: 0.5990685448618029.
[I 2023-10-12 11:52:06,804] Trial 639 finished with value: 0.5871386984107125 and parameters: {'w0': 0.47000000000000003, 'w1': 0.53, 'w2': 0.362, 'w3': 0.679, 'w4': 0.898, 'w5': 0.07200000000000001, 'w6': 0.996, 'w7': 0.342, 'w8': 0.84, 'max_depth': 7, 'min_child_weight': 4, 'subsample': 0.8, 'colsample_bytree': 0.8, 'gamma': 3.0}. Best is trial 608 with value: 0.5990685448618029.
[I 2023-10-12 11:52:07,043] Trial 638 finished with value: 0.5918307704069363 and parameters: {'w0': 0.467, 'w1': 0.918, 'w2': 0.35200000000000004, 'w3': 0.671, 'w4': 0.916, 'w5': 0.07200000000000001, 'w6': 0.994, 'w7': 0.34400000000000003, 'w8': 0.848, 'max_depth': 7, 'min_child_weight': 4, 'subsample': 0.8, 'colsample_bytree': 0.8, 'gamma': 3.0}. Best is trial 608 with value: 0.5990685448618029.
[I 2023-10-12 11:52:26,891] Trial 640 finished with value: 0.593421205729086 and parameters: {'w0': 0.461, 'w1': 0.916, 'w2': 0.35000000000000003, 'w3': 0.685, 'w4': 0.933, 'w5': 0.07100000000000001, 'w6': 0.994, 'w7': 0.34, 'w8': 0.854, 'max_depth': 7, 'min_child_weight': 4, 'subsample': 0.8, 'colsample_bytree': 0.8, 'gamma': 3.0}. Best is trial 608 with value: 0.5990685448618029.
[I 2023-10-12 11:52:33,981] Trial 641 finished with value: 0.5944539537020006 and parameters: {'w0': 0.464, 'w1': 0.911, 'w2': 0.359, 'w3': 0.682, 'w4': 0.932, 'w5': 0.07200000000000001, 'w6': 0.987, 'w7': 0.34800000000000003, 'w8': 0.84, 'max_depth': 7, 'min_child_weight': 4, 'subsample': 0.8, 'colsample_bytree': 0.8, 'gamma': 3.0}. Best is trial 608 with value: 0.5990685448618029.
[I 2023-10-12 11:52:43,320] Trial 642 finished with value: 0.5959703275883557 and parameters: {'w0': 0.47000000000000003, 'w1': 0.92, 'w2': 0.354, 'w3': 0.664, 'w4': 0.933, 'w5': 0.07, 'w6': 0.984, 'w7': 0.319, 'w8': 0.839, 'max_depth': 7, 'min_child_weight': 4, 'subsample': 0.8, 'colsample_bytree': 0.8, 'gamma': 3.0}. Best is trial 608 with value: 0.5990685448618029.
[I 2023-10-12 11:53:23,489] Trial 643 finished with value: 0.5947761106119666 and parameters: {'w0': 0.47400000000000003, 'w1': 0.919, 'w2': 0.34800000000000003, 'w3': 0.657, 'w4': 0.932, 'w5': 0.07200000000000001, 'w6': 0.989, 'w7': 0.337, 'w8': 0.844, 'max_depth': 7, 'min_child_weight': 4, 'subsample': 0.8, 'colsample_bytree': 0.8, 'gamma': 3.0}. Best is trial 608 with value: 0.5990685448618029.
[I 2023-10-12 11:53:31,455] Trial 644 finished with value: 0.5979579160033202 and parameters: {'w0': 0.462, 'w1': 0.912, 'w2': 0.35000000000000003, 'w3': 0.68, 'w4': 0.928, 'w5': 0.109, 'w6': 0.999, 'w7': 0.336, 'w8': 0.845, 'max_depth': 7, 'min_child_weight': 4, 'subsample': 0.8, 'colsample_bytree': 0.8, 'gamma': 3.2}. Best is trial 608 with value: 0.5990685448618029.
[I 2023-10-12 11:53:51,192] Trial 645 finished with value: 0.5886078201769652 and parameters: {'w0': 0.467, 'w1': 0.906, 'w2': 0.279, 'w3': 0.685, 'w4': 0.925, 'w5': 0.112, 'w6': 0.996, 'w7': 0.336, 'w8': 0.8260000000000001, 'max_depth': 7, 'min_child_weight': 4, 'subsample': 0.8, 'colsample_bytree': 0.8, 'gamma': 3.0}. Best is trial 608 with value: 0.5990685448618029.
[I 2023-10-12 11:56:04,181] Trial 646 finished with value: 0.5939585903268055 and parameters: {'w0': 0.449, 'w1': 0.919, 'w2': 0.34900000000000003, 'w3': 0.674, 'w4': 0.857, 'w5': 0.07100000000000001, 'w6': 0.999, 'w7': 0.329, 'w8': 0.8280000000000001, 'max_depth': 7, 'min_child_weight': 4, 'subsample': 0.8, 'colsample_bytree': 0.8, 'gamma': 3.2}. Best is trial 608 with value: 0.5990685448618029.
[I 2023-10-12 11:57:07,762] Trial 648 finished with value: 0.5933069965964369 and parameters: {'w0': 0.459, 'w1': 0.918, 'w2': 0.34400000000000003, 'w3': 0.68, 'w4': 0.935, 'w5': 0.075, 'w6': 0.999, 'w7': 0.324, 'w8': 0.8130000000000001, 'max_depth': 7, 'min_child_weight': 4, 'subsample': 0.8, 'colsample_bytree': 0.8, 'gamma': 3.2}. Best is trial 608 with value: 0.5990685448618029.
