[I 2023-10-11 14:24:18,385] Trial 1420 finished with value: 0.5848010878514474 and parameters: {'w0': 0.897, 'w1': 0.862, 'w2': 0.153, 'w3': 0.544, 'w4': 0.867, 'w5': 0.23500000000000001, 'w6': 0.151, 'w7': 0.089, 'w8': 0.665, 'max_depth': 5, 'min_child_weight': 2, 'subsample': 0.8, 'colsample_bytree': 0.9000000000000001, 'gamma': 0.6000000000000001}. Best is trial 1043 with value: 0.6266149442384139.
[I 2023-10-11 14:26:59,523] Trial 1422 finished with value: 0.6179599417583879 and parameters: {'w0': 0.229, 'w1': 0.8310000000000001, 'w2': 0.158, 'w3': 0.549, 'w4': 0.8140000000000001, 'w5': 0.259, 'w6': 1.0, 'w7': 0.097, 'w8': 0.66, 'max_depth': 5, 'min_child_weight': 2, 'subsample': 0.8, 'colsample_bytree': 0.9000000000000001, 'gamma': 0.6000000000000001}. Best is trial 1043 with value: 0.6266149442384139.
[I 2023-10-11 14:27:38,758] Trial 1423 finished with value: 0.6177872279578163 and parameters: {'w0': 0.178, 'w1': 0.84, 'w2': 0.151, 'w3': 0.545, 'w4': 0.917, 'w5': 0.22, 'w6': 0.765, 'w7': 0.093, 'w8': 0.675, 'max_depth': 5, 'min_child_weight': 2, 'subsample': 0.7, 'colsample_bytree': 0.9000000000000001, 'gamma': 0.6000000000000001}. Best is trial 1043 with value: 0.6266149442384139.
[I 2023-10-11 14:30:15,502] Trial 1424 finished with value: 0.589840957332 and parameters: {'w0': 0.17500000000000002, 'w1': 0.865, 'w2': 0.971, 'w3': 0.5730000000000001, 'w4': 0.92, 'w5': 0.24000000000000002, 'w6': 0.806, 'w7': 0.091, 'w8': 0.672, 'max_depth': 5, 'min_child_weight': 2, 'subsample': 0.7, 'colsample_bytree': 0.9000000000000001, 'gamma': 0.6000000000000001}. Best is trial 1043 with value: 0.6266149442384139.
[I 2023-10-11 14:33:24,547] Trial 1425 finished with value: 0.6242906081210231 and parameters: {'w0': 0.171, 'w1': 0.858, 'w2': 0.177, 'w3': 0.5750000000000001, 'w4': 0.915, 'w5': 0.241, 'w6': 0.636, 'w7': 0.189, 'w8': 0.658, 'max_depth': 6, 'min_child_weight': 2, 'subsample': 0.7, 'colsample_bytree': 0.9000000000000001, 'gamma': 0.6000000000000001}. Best is trial 1043 with value: 0.6266149442384139.
[I 2023-10-11 14:34:07,374] Trial 1427 finished with value: 0.6195731405775864 and parameters: {'w0': 0.17500000000000002, 'w1': 0.848, 'w2': 0.17600000000000002, 'w3': 0.545, 'w4': 0.742, 'w5': 0.233, 'w6': 0.851, 'w7': 0.215, 'w8': 0.665, 'max_depth': 6, 'min_child_weight': 2, 'subsample': 0.7, 'colsample_bytree': 0.9000000000000001, 'gamma': 0.6000000000000001}. Best is trial 1043 with value: 0.6266149442384139.
[I 2023-10-11 14:34:30,485] Trial 1426 finished with value: 0.615966013586843 and parameters: {'w0': 0.23500000000000001, 'w1': 0.864, 'w2': 0.17600000000000002, 'w3': 0.5750000000000001, 'w4': 0.915, 'w5': 0.233, 'w6': 0.707, 'w7': 0.231, 'w8': 0.672, 'max_depth': 6, 'min_child_weight': 2, 'subsample': 0.6000000000000001, 'colsample_bytree': 0.9000000000000001, 'gamma': 0.6000000000000001}. Best is trial 1043 with value: 0.6266149442384139.
[I 2023-10-11 14:37:12,370] Trial 1431 finished with value: 0.6177830181937122 and parameters: {'w0': 0.17200000000000001, 'w1': 0.872, 'w2': 0.17500000000000002, 'w3': 0.5730000000000001, 'w4': 0.914, 'w5': 0.23600000000000002, 'w6': 0.663, 'w7': 0.218, 'w8': 0.666, 'max_depth': 6, 'min_child_weight': 2, 'subsample': 0.8, 'colsample_bytree': 0.9000000000000001, 'gamma': 0.6000000000000001}. Best is trial 1043 with value: 0.6266149442384139.
[I 2023-10-11 14:38:21,759] Trial 1433 finished with value: 0.6110678840888643 and parameters: {'w0': 0.14200000000000002, 'w1': 0.839, 'w2': 0.169, 'w3': 0.5740000000000001, 'w4': 0.915, 'w5': 0.23, 'w6': 0.631, 'w7': 0.223, 'w8': 0.673, 'max_depth': 6, 'min_child_weight': 2, 'subsample': 0.8, 'colsample_bytree': 0.9000000000000001, 'gamma': 0.6000000000000001}. Best is trial 1043 with value: 0.6266149442384139.
[I 2023-10-11 14:39:01,248] Trial 1429 finished with value: 0.6165673573402399 and parameters: {'w0': 0.171, 'w1': 0.835, 'w2': 0.17400000000000002, 'w3': 0.5730000000000001, 'w4': 0.913, 'w5': 0.23600000000000002, 'w6': 0.6970000000000001, 'w7': 0.224, 'w8': 0.669, 'max_depth': 6, 'min_child_weight': 2, 'subsample': 0.7, 'colsample_bytree': 0.9000000000000001, 'gamma': 0.6000000000000001}. Best is trial 1043 with value: 0.6266149442384139.
[I 2023-10-11 14:39:09,472] Trial 1430 finished with value: 0.6166122663648111 and parameters: {'w0': 0.17500000000000002, 'w1': 0.841, 'w2': 0.17300000000000001, 'w3': 0.5710000000000001, 'w4': 0.919, 'w5': 0.253, 'w6': 0.656, 'w7': 0.224, 'w8': 0.662, 'max_depth': 6, 'min_child_weight': 2, 'subsample': 0.7, 'colsample_bytree': 0.9000000000000001, 'gamma': 0.6000000000000001}. Best is trial 1043 with value: 0.6266149442384139.
[I 2023-10-11 14:39:20,224] Trial 1432 finished with value: 0.6120899672158517 and parameters: {'w0': 0.08800000000000001, 'w1': 0.861, 'w2': 0.17, 'w3': 0.5720000000000001, 'w4': 0.913, 'w5': 0.224, 'w6': 0.638, 'w7': 0.214, 'w8': 0.666, 'max_depth': 6, 'min_child_weight': 2, 'subsample': 0.7, 'colsample_bytree': 0.9000000000000001, 'gamma': 0.6000000000000001}. Best is trial 1043 with value: 0.6266149442384139.
[I 2023-10-11 14:40:25,314] Trial 1428 finished with value: 0.5928338901045496 and parameters: {'w0': 0.924, 'w1': 0.85, 'w2': 0.966, 'w3': 0.5760000000000001, 'w4': 0.913, 'w5': 0.248, 'w6': 0.661, 'w7': 0.216, 'w8': 0.672, 'max_depth': 6, 'min_child_weight': 2, 'subsample': 0.7, 'colsample_bytree': 0.9000000000000001, 'gamma': 0.6000000000000001}. Best is trial 1043 with value: 0.6266149442384139.
[I 2023-10-11 14:40:38,965] Trial 1434 finished with value: 0.6077522179830299 and parameters: {'w0': 0.177, 'w1': 0.879, 'w2': 0.111, 'w3': 0.448, 'w4': 0.916, 'w5': 0.23800000000000002, 'w6': 0.681, 'w7': 0.22, 'w8': 0.674, 'max_depth': 6, 'min_child_weight': 2, 'subsample': 0.7, 'colsample_bytree': 0.9000000000000001, 'gamma': 0.6000000000000001}. Best is trial 1043 with value: 0.6266149442384139.
[I 2023-10-11 14:42:12,718] Trial 1435 finished with value: 0.6130813662095869 and parameters: {'w0': 0.17300000000000001, 'w1': 0.87, 'w2': 0.171, 'w3': 0.5750000000000001, 'w4': 0.919, 'w5': 0.213, 'w6': 0.859, 'w7': 0.228, 'w8': 0.669, 'max_depth': 6, 'min_child_weight': 2, 'subsample': 0.8, 'colsample_bytree': 0.9000000000000001, 'gamma': 0.6000000000000001}. Best is trial 1043 with value: 0.6266149442384139.
[I 2023-10-11 14:45:38,611] Trial 1436 finished with value: 0.6161832362033172 and parameters: {'w0': 0.17600000000000002, 'w1': 0.886, 'w2': 0.17, 'w3': 0.457, 'w4': 0.81, 'w5': 0.167, 'w6': 0.63, 'w7': 0.225, 'w8': 0.672, 'max_depth': 6, 'min_child_weight': 2, 'subsample': 0.7, 'colsample_bytree': 0.9000000000000001, 'gamma': 0.6000000000000001}. Best is trial 1043 with value: 0.6266149442384139.
[I 2023-10-11 14:46:57,676] Trial 1437 finished with value: 0.6004692804791807 and parameters: {'w0': 0.178, 'w1': 0.888, 'w2': 0.085, 'w3': 0.46900000000000003, 'w4': 0.809, 'w5': 0.21, 'w6': 0.674, 'w7': 0.224, 'w8': 0.669, 'max_depth': 6, 'min_child_weight': 2, 'subsample': 0.7, 'colsample_bytree': 0.9000000000000001, 'gamma': 0.6000000000000001}. Best is trial 1043 with value: 0.6266149442384139.
[I 2023-10-11 14:50:31,318] Trial 1439 finished with value: 0.6084403672498496 and parameters: {'w0': 0.139, 'w1': 0.865, 'w2': 0.114, 'w3': 0.578, 'w4': 0.8300000000000001, 'w5': 0.24000000000000002, 'w6': 0.683, 'w7': 0.219, 'w8': 0.675, 'max_depth': 6, 'min_child_weight': 2, 'subsample': 0.7, 'colsample_bytree': 0.9000000000000001, 'gamma': 0.6000000000000001}. Best is trial 1043 with value: 0.6266149442384139.
[I 2023-10-11 14:51:43,161] Trial 1438 finished with value: 0.6081844242280704 and parameters: {'w0': 0.17600000000000002, 'w1': 0.892, 'w2': 0.113, 'w3': 0.463, 'w4': 0.805, 'w5': 0.167, 'w6': 0.729, 'w7': 0.23, 'w8': 0.675, 'max_depth': 6, 'min_child_weight': 2, 'subsample': 0.6000000000000001, 'colsample_bytree': 0.9000000000000001, 'gamma': 0.6000000000000001}. Best is trial 1043 with value: 0.6266149442384139.
[I 2023-10-11 14:51:56,706] Trial 1448 finished with value: 0.5940006470967814 and parameters: {'w0': 0.252, 'w1': 0.898, 'w2': 0.114, 'w3': 0.61, 'w4': 0.798, 'w5': 0.20800000000000002, 'w6': 0.676, 'w7': 0.138, 'w8': 0.643, 'max_depth': 6, 'min_child_weight': 2, 'subsample': 0.6000000000000001, 'colsample_bytree': 0.9000000000000001, 'gamma': 3.2}. Best is trial 1043 with value: 0.6266149442384139.
[I 2023-10-11 14:53:57,032] Trial 1440 finished with value: 0.6129524881545696 and parameters: {'w0': 0.137, 'w1': 0.908, 'w2': 0.17, 'w3': 0.5770000000000001, 'w4': 0.799, 'w5': 0.21, 'w6': 0.711, 'w7': 0.229, 'w8': 0.67, 'max_depth': 6, 'min_child_weight': 2, 'subsample': 0.7, 'colsample_bytree': 0.9000000000000001, 'gamma': 0.6000000000000001}. Best is trial 1043 with value: 0.6266149442384139.
[I 2023-10-11 14:56:43,272] Trial 1441 finished with value: 0.6047054691052225 and parameters: {'w0': 0.14300000000000002, 'w1': 0.885, 'w2': 0.111, 'w3': 0.615, 'w4': 0.807, 'w5': 0.179, 'w6': 0.687, 'w7': 0.222, 'w8': 0.674, 'max_depth': 6, 'min_child_weight': 2, 'subsample': 0.7, 'colsample_bytree': 0.9000000000000001, 'gamma': 0.6000000000000001}. Best is trial 1043 with value: 0.6266149442384139.
[I 2023-10-11 14:57:06,836] Trial 1442 finished with value: 0.6062634872621512 and parameters: {'w0': 0.14500000000000002, 'w1': 0.881, 'w2': 0.11900000000000001, 'w3': 0.47400000000000003, 'w4': 0.8290000000000001, 'w5': 0.195, 'w6': 0.744, 'w7': 0.221, 'w8': 0.637, 'max_depth': 6, 'min_child_weight': 2, 'subsample': 0.7, 'colsample_bytree': 0.9000000000000001, 'gamma': 0.6000000000000001}. Best is trial 1043 with value: 0.6266149442384139.
[I 2023-10-11 14:57:51,194] Trial 1443 finished with value: 0.6187902989305042 and parameters: {'w0': 0.14300000000000002, 'w1': 0.846, 'w2': 0.17400000000000002, 'w3': 0.595, 'w4': 0.796, 'w5': 0.215, 'w6': 0.673, 'w7': 0.222, 'w8': 0.673, 'max_depth': 6, 'min_child_weight': 2, 'subsample': 0.7, 'colsample_bytree': 0.9000000000000001, 'gamma': 0.6000000000000001}. Best is trial 1043 with value: 0.6266149442384139.
[I 2023-10-11 14:58:03,502] Trial 1452 finished with value: 0.5780527028652404 and parameters: {'w0': 0.258, 'w1': 0.894, 'w2': 0.117, 'w3': 0.47100000000000003, 'w4': 0.8180000000000001, 'w5': 0.198, 'w6': 0.6900000000000001, 'w7': 0.057, 'w8': 0.629, 'max_depth': 6, 'min_child_weight': 2, 'subsample': 0.6000000000000001, 'colsample_bytree': 0.9000000000000001, 'gamma': 3.2}. Best is trial 1043 with value: 0.6266149442384139.
[I 2023-10-11 14:59:25,465] Trial 1444 finished with value: 0.6207043097771211 and parameters: {'w0': 0.14100000000000001, 'w1': 0.886, 'w2': 0.124, 'w3': 0.442, 'w4': 0.812, 'w5': 0.20400000000000001, 'w6': 0.674, 'w7': 0.139, 'w8': 0.639, 'max_depth': 6, 'min_child_weight': 2, 'subsample': 0.7, 'colsample_bytree': 0.9000000000000001, 'gamma': 0.6000000000000001}. Best is trial 1043 with value: 0.6266149442384139.
[I 2023-10-11 15:01:08,423] Trial 1445 finished with value: 0.6240584283925172 and parameters: {'w0': 0.259, 'w1': 0.875, 'w2': 0.113, 'w3': 0.606, 'w4': 0.797, 'w5': 0.213, 'w6': 0.648, 'w7': 0.136, 'w8': 0.642, 'max_depth': 6, 'min_child_weight': 2, 'subsample': 0.7, 'colsample_bytree': 0.9000000000000001, 'gamma': 0.6000000000000001}. Best is trial 1043 with value: 0.6266149442384139.
[I 2023-10-11 15:01:31,255] Trial 1447 finished with value: 0.6233662882826991 and parameters: {'w0': 0.249, 'w1': 0.882, 'w2': 0.128, 'w3': 0.441, 'w4': 0.808, 'w5': 0.2, 'w6': 0.726, 'w7': 0.132, 'w8': 0.635, 'max_depth': 6, 'min_child_weight': 2, 'subsample': 0.7, 'colsample_bytree': 0.9000000000000001, 'gamma': 0.6000000000000001}. Best is trial 1043 with value: 0.6266149442384139.
[I 2023-10-11 15:01:54,923] Trial 1451 finished with value: 0.617962100535421 and parameters: {'w0': 0.138, 'w1': 0.912, 'w2': 0.121, 'w3': 0.617, 'w4': 0.791, 'w5': 0.199, 'w6': 0.727, 'w7': 0.134, 'w8': 0.637, 'max_depth': 6, 'min_child_weight': 2, 'subsample': 0.7, 'colsample_bytree': 0.9000000000000001, 'gamma': 0.8}. Best is trial 1043 with value: 0.6266149442384139.
[I 2023-10-11 15:02:17,624] Trial 1446 finished with value: 0.6195849993970297 and parameters: {'w0': 0.125, 'w1': 0.869, 'w2': 0.109, 'w3': 0.47100000000000003, 'w4': 0.8220000000000001, 'w5': 0.195, 'w6': 0.647, 'w7': 0.127, 'w8': 0.637, 'max_depth': 6, 'min_child_weight': 2, 'subsample': 0.6000000000000001, 'colsample_bytree': 0.9000000000000001, 'gamma': 0.6000000000000001}. Best is trial 1043 with value: 0.6266149442384139.
[I 2023-10-11 15:02:34,280] Trial 1449 finished with value: 0.6159013193287941 and parameters: {'w0': 0.257, 'w1': 0.87, 'w2': 0.10500000000000001, 'w3': 0.459, 'w4': 0.8160000000000001, 'w5': 0.20800000000000002, 'w6': 0.6930000000000001, 'w7': 0.133, 'w8': 0.636, 'max_depth': 6, 'min_child_weight': 2, 'subsample': 0.6000000000000001, 'colsample_bytree': 0.9000000000000001, 'gamma': 0.8}. Best is trial 1043 with value: 0.6266149442384139.
[I 2023-10-11 15:02:43,084] Trial 1450 finished with value: 0.5616264541098226 and parameters: {'w0': 0.8210000000000001, 'w1': 0.86, 'w2': 0.111, 'w3': 0.467, 'w4': 0.8190000000000001, 'w5': 0.162, 'w6': 0.723, 'w7': 0.14, 'w8': 0.046, 'max_depth': 6, 'min_child_weight': 2, 'subsample': 0.6000000000000001, 'colsample_bytree': 0.9000000000000001, 'gamma': 0.8}. Best is trial 1043 with value: 0.6266149442384139.
[I 2023-10-11 15:07:14,331] Trial 1460 finished with value: 0.5742612513610768 and parameters: {'w0': 0.211, 'w1': 0.8270000000000001, 'w2': 0.201, 'w3': 0.612, 'w4': 0.857, 'w5': 0.256, 'w6': 0.719, 'w7': 0.134, 'w8': 0.641, 'max_depth': 6, 'min_child_weight': 2, 'subsample': 0.8, 'colsample_bytree': 0.9000000000000001, 'gamma': 8.200000000000001}. Best is trial 1043 with value: 0.6266149442384139.
[I 2023-10-11 15:08:16,536] Trial 1454 finished with value: 0.6271359483933177 and parameters: {'w0': 0.252, 'w1': 0.874, 'w2': 0.132, 'w3': 0.61, 'w4': 0.791, 'w5': 0.163, 'w6': 0.6890000000000001, 'w7': 0.131, 'w8': 0.637, 'max_depth': 6, 'min_child_weight': 2, 'subsample': 0.8, 'colsample_bytree': 0.9000000000000001, 'gamma': 0.8}. Best is trial 1454 with value: 0.6271359483933177.
[I 2023-10-11 15:08:23,840] Trial 1453 finished with value: 0.6215945467961512 and parameters: {'w0': 0.253, 'w1': 0.892, 'w2': 0.108, 'w3': 0.47200000000000003, 'w4': 0.8210000000000001, 'w5': 0.203, 'w6': 0.6890000000000001, 'w7': 0.136, 'w8': 0.634, 'max_depth': 6, 'min_child_weight': 2, 'subsample': 0.6000000000000001, 'colsample_bytree': 0.9000000000000001, 'gamma': 0.8}. Best is trial 1454 with value: 0.6271359483933177.
[I 2023-10-11 15:09:31,611] Trial 1456 finished with value: 0.6194879603772493 and parameters: {'w0': 0.213, 'w1': 0.858, 'w2': 0.201, 'w3': 0.61, 'w4': 0.85, 'w5': 0.21, 'w6': 0.7040000000000001, 'w7': 0.134, 'w8': 0.641, 'max_depth': 6, 'min_child_weight': 2, 'subsample': 0.8, 'colsample_bytree': 0.9000000000000001, 'gamma': 0.8}. Best is trial 1454 with value: 0.6271359483933177.
[I 2023-10-11 15:10:51,985] Trial 1463 finished with value: 0.5952710147877494 and parameters: {'w0': 0.20800000000000002, 'w1': 0.8290000000000001, 'w2': 0.201, 'w3': 0.512, 'w4': 0.854, 'w5': 0.262, 'w6': 0.737, 'w7': 0.168, 'w8': 0.635, 'max_depth': 6, 'min_child_weight': 2, 'subsample': 0.8, 'colsample_bytree': 0.9000000000000001, 'gamma': 6.6000000000000005}. Best is trial 1454 with value: 0.6271359483933177.
[I 2023-10-11 15:11:50,974] Trial 1457 finished with value: 0.6212579732663607 and parameters: {'w0': 0.212, 'w1': 0.855, 'w2': 0.225, 'w3': 0.512, 'w4': 0.856, 'w5': 0.185, 'w6': 0.6900000000000001, 'w7': 0.14, 'w8': 0.637, 'max_depth': 6, 'min_child_weight': 2, 'subsample': 0.8, 'colsample_bytree': 0.9000000000000001, 'gamma': 0.8}. Best is trial 1454 with value: 0.6271359483933177.
[I 2023-10-11 15:12:40,220] Trial 1455 finished with value: 0.5623329475760437 and parameters: {'w0': 0.249, 'w1': 0.875, 'w2': 0.002, 'w3': 0.608, 'w4': 0.784, 'w5': 0.20900000000000002, 'w6': 0.719, 'w7': 0.134, 'w8': 0.636, 'max_depth': 6, 'min_child_weight': 2, 'subsample': 0.6000000000000001, 'colsample_bytree': 0.9000000000000001, 'gamma': 0.8}. Best is trial 1454 with value: 0.6271359483933177.
[I 2023-10-11 15:14:59,531] Trial 1459 finished with value: 0.6183278997842663 and parameters: {'w0': 0.248, 'w1': 0.847, 'w2': 0.199, 'w3': 0.613, 'w4': 0.855, 'w5': 0.17200000000000001, 'w6': 0.72, 'w7': 0.133, 'w8': 0.634, 'max_depth': 6, 'min_child_weight': 2, 'subsample': 0.8, 'colsample_bytree': 0.9000000000000001, 'gamma': 0.8}. Best is trial 1454 with value: 0.6271359483933177.
[I 2023-10-11 15:15:00,577] Trial 1458 finished with value: 0.6212100561991031 and parameters: {'w0': 0.217, 'w1': 0.855, 'w2': 0.2, 'w3': 0.598, 'w4': 0.852, 'w5': 0.265, 'w6': 0.755, 'w7': 0.138, 'w8': 0.632, 'max_depth': 6, 'min_child_weight': 2, 'subsample': 0.8, 'colsample_bytree': 0.9000000000000001, 'gamma': 0.8}. Best is trial 1454 with value: 0.6271359483933177.
[I 2023-10-11 15:16:28,620] Trial 1461 finished with value: 0.6211552135755304 and parameters: {'w0': 0.216, 'w1': 0.8320000000000001, 'w2': 0.197, 'w3': 0.522, 'w4': 0.852, 'w5': 0.256, 'w6': 0.717, 'w7': 0.134, 'w8': 0.64, 'max_depth': 6, 'min_child_weight': 2, 'subsample': 0.8, 'colsample_bytree': 0.9000000000000001, 'gamma': 0.8}. Best is trial 1454 with value: 0.6271359483933177.
[I 2023-10-11 15:16:36,101] Trial 1462 finished with value: 0.599532228195627 and parameters: {'w0': 0.213, 'w1': 0.855, 'w2': 0.075, 'w3': 0.509, 'w4': 0.854, 'w5': 0.265, 'w6': 0.845, 'w7': 0.138, 'w8': 0.637, 'max_depth': 6, 'min_child_weight': 2, 'subsample': 0.8, 'colsample_bytree': 0.9000000000000001, 'gamma': 0.8}. Best is trial 1454 with value: 0.6271359483933177.
[I 2023-10-11 15:19:35,466] Trial 1464 finished with value: 0.623155437057095 and parameters: {'w0': 0.213, 'w1': 0.8290000000000001, 'w2': 0.203, 'w3': 0.513, 'w4': 0.854, 'w5': 0.263, 'w6': 0.724, 'w7': 0.17, 'w8': 0.635, 'max_depth': 6, 'min_child_weight': 2, 'subsample': 0.8, 'colsample_bytree': 0.9000000000000001, 'gamma': 0.8}. Best is trial 1454 with value: 0.6271359483933177.
[I 2023-10-11 15:20:22,379] Trial 1465 finished with value: 0.6235819389052091 and parameters: {'w0': 0.212, 'w1': 0.854, 'w2': 0.2, 'w3': 0.516, 'w4': 0.852, 'w5': 0.266, 'w6': 0.761, 'w7': 0.167, 'w8': 0.638, 'max_depth': 6, 'min_child_weight': 2, 'subsample': 0.8, 'colsample_bytree': 0.9000000000000001, 'gamma': 0.8}. Best is trial 1454 with value: 0.6271359483933177.
[I 2023-10-11 15:20:41,666] Trial 1466 finished with value: 0.624561098896024 and parameters: {'w0': 0.212, 'w1': 0.844, 'w2': 0.199, 'w3': 0.509, 'w4': 0.856, 'w5': 0.25, 'w6': 0.755, 'w7': 0.17300000000000001, 'w8': 0.627, 'max_depth': 6, 'min_child_weight': 2, 'subsample': 0.8, 'colsample_bytree': 0.9000000000000001, 'gamma': 0.8}. Best is trial 1454 with value: 0.6271359483933177.
[I 2023-10-11 15:21:13,112] Trial 1467 finished with value: 0.6200618469370459 and parameters: {'w0': 0.213, 'w1': 0.837, 'w2': 0.2, 'w3': 0.515, 'w4': 0.866, 'w5': 0.265, 'w6': 0.758, 'w7': 0.169, 'w8': 0.627, 'max_depth': 6, 'min_child_weight': 2, 'subsample': 0.8, 'colsample_bytree': 0.9000000000000001, 'gamma': 0.8}. Best is trial 1454 with value: 0.6271359483933177.
[I 2023-10-11 15:21:13,255] Trial 1468 finished with value: 0.6246954348661566 and parameters: {'w0': 0.20900000000000002, 'w1': 0.8280000000000001, 'w2': 0.2, 'w3': 0.616, 'w4': 0.854, 'w5': 0.257, 'w6': 0.837, 'w7': 0.17300000000000001, 'w8': 0.626, 'max_depth': 6, 'min_child_weight': 2, 'subsample': 0.8, 'colsample_bytree': 0.9000000000000001, 'gamma': 0.8}. Best is trial 1454 with value: 0.6271359483933177.
[I 2023-10-11 15:25:11,993] Trial 1470 finished with value: 0.598431374581703 and parameters: {'w0': 0.215, 'w1': 0.8250000000000001, 'w2': 0.063, 'w3': 0.606, 'w4': 0.781, 'w5': 0.262, 'w6': 0.685, 'w7': 0.112, 'w8': 0.623, 'max_depth': 6, 'min_child_weight': 2, 'subsample': 0.8, 'colsample_bytree': 0.9000000000000001, 'gamma': 0.8}. Best is trial 1454 with value: 0.6271359483933177.
[I 2023-10-11 15:25:32,878] Trial 1469 finished with value: 0.6238201119717381 and parameters: {'w0': 0.212, 'w1': 0.8250000000000001, 'w2': 0.199, 'w3': 0.517, 'w4': 0.855, 'w5': 0.264, 'w6': 0.757, 'w7': 0.17, 'w8': 0.623, 'max_depth': 6, 'min_child_weight': 2, 'subsample': 0.8, 'colsample_bytree': 0.9000000000000001, 'gamma': 0.8}. Best is trial 1454 with value: 0.6271359483933177.
[I 2023-10-11 15:31:08,870] Trial 1471 finished with value: 0.6153170619865828 and parameters: {'w0': 0.211, 'w1': 0.837, 'w2': 0.136, 'w3': 0.512, 'w4': 0.77, 'w5': 0.265, 'w6': 0.705, 'w7': 0.076, 'w8': 0.629, 'max_depth': 6, 'min_child_weight': 2, 'subsample': 0.8, 'colsample_bytree': 0.9000000000000001, 'gamma': 0.4}. Best is trial 1454 with value: 0.6271359483933177.
[I 2023-10-11 15:32:06,545] Trial 1472 finished with value: 0.6223984203870432 and parameters: {'w0': 0.211, 'w1': 0.8290000000000001, 'w2': 0.14100000000000001, 'w3': 0.517, 'w4': 0.87, 'w5': 0.179, 'w6': 0.6970000000000001, 'w7': 0.101, 'w8': 0.62, 'max_depth': 6, 'min_child_weight': 2, 'subsample': 0.8, 'colsample_bytree': 0.9000000000000001, 'gamma': 0.4}. Best is trial 1454 with value: 0.6271359483933177.
[I 2023-10-11 15:34:01,263] Trial 1473 finished with value: 0.626673032552805 and parameters: {'w0': 0.214, 'w1': 0.8160000000000001, 'w2': 0.14300000000000002, 'w3': 0.51, 'w4': 0.874, 'w5': 0.184, 'w6': 0.7020000000000001, 'w7': 0.107, 'w8': 0.629, 'max_depth': 6, 'min_child_weight': 2, 'subsample': 0.8, 'colsample_bytree': 0.9000000000000001, 'gamma': 0.4}. Best is trial 1454 with value: 0.6271359483933177.
[I 2023-10-11 15:35:15,488] Trial 1475 finished with value: 0.6259576457956668 and parameters: {'w0': 0.23600000000000002, 'w1': 0.933, 'w2': 0.085, 'w3': 0.594, 'w4': 0.75, 'w5': 0.147, 'w6': 0.748, 'w7': 0.07300000000000001, 'w8': 0.615, 'max_depth': 6, 'min_child_weight': 2, 'subsample': 0.8, 'colsample_bytree': 0.9000000000000001, 'gamma': 0.4}. Best is trial 1454 with value: 0.6271359483933177.
