[I 2023-10-13 03:25:06,624] Trial 1725 finished with value: 0.5699931117662675 and parameters: {'w0': 0.441, 'w1': 0.041, 'w2': 0.312, 'w3': 0.604, 'w4': 0.965, 'w5': 0.249, 'w6': 0.927, 'w7': 0.31, 'w8': 0.859, 'max_depth': 10, 'min_child_weight': 2, 'subsample': 0.7, 'colsample_bytree': 0.8, 'gamma': 2.4000000000000004}. Best is trial 848 with value: 0.6005661897687894.
[I 2023-10-13 03:26:58,793] Trial 1727 finished with value: 0.5944505125931097 and parameters: {'w0': 0.446, 'w1': 0.8200000000000001, 'w2': 0.312, 'w3': 0.626, 'w4': 0.776, 'w5': 0.252, 'w6': 0.835, 'w7': 0.269, 'w8': 0.835, 'max_depth': 10, 'min_child_weight': 2, 'subsample': 0.7, 'colsample_bytree': 0.8, 'gamma': 2.2}. Best is trial 848 with value: 0.6005661897687894.
[I 2023-10-13 03:27:13,202] Trial 1729 finished with value: 0.5902334116426805 and parameters: {'w0': 0.43, 'w1': 0.8180000000000001, 'w2': 0.312, 'w3': 0.632, 'w4': 0.771, 'w5': 0.242, 'w6': 0.685, 'w7': 0.268, 'w8': 0.8300000000000001, 'max_depth': 10, 'min_child_weight': 2, 'subsample': 0.7, 'colsample_bytree': 0.8, 'gamma': 2.2}. Best is trial 848 with value: 0.6005661897687894.
[I 2023-10-13 03:27:41,759] Trial 1731 finished with value: 0.5682377975029057 and parameters: {'w0': 0.427, 'w1': 0.04, 'w2': 0.317, 'w3': 0.627, 'w4': 0.793, 'w5': 0.247, 'w6': 0.932, 'w7': 0.265, 'w8': 0.841, 'max_depth': 10, 'min_child_weight': 2, 'subsample': 0.7, 'colsample_bytree': 0.8, 'gamma': 2.2}. Best is trial 848 with value: 0.6005661897687894.
[I 2023-10-13 03:28:04,825] Trial 1732 finished with value: 0.5652013780991779 and parameters: {'w0': 0.426, 'w1': 0.035, 'w2': 0.311, 'w3': 0.633, 'w4': 0.779, 'w5': 0.23700000000000002, 'w6': 0.927, 'w7': 0.278, 'w8': 0.836, 'max_depth': 10, 'min_child_weight': 2, 'subsample': 0.7, 'colsample_bytree': 0.8, 'gamma': 2.2}. Best is trial 848 with value: 0.6005661897687894.
[I 2023-10-13 03:28:13,799] Trial 1728 finished with value: 0.5909636082272266 and parameters: {'w0': 0.432, 'w1': 0.8140000000000001, 'w2': 0.309, 'w3': 0.628, 'w4': 0.77, 'w5': 0.201, 'w6': 0.926, 'w7': 0.309, 'w8': 0.845, 'max_depth': 10, 'min_child_weight': 12, 'subsample': 0.7, 'colsample_bytree': 0.8, 'gamma': 2.2}. Best is trial 848 with value: 0.6005661897687894.
[I 2023-10-13 03:28:24,416] Trial 1734 finished with value: 0.5680279925893874 and parameters: {'w0': 0.34900000000000003, 'w1': 0.08800000000000001, 'w2': 0.311, 'w3': 0.626, 'w4': 0.788, 'w5': 0.24000000000000002, 'w6': 0.714, 'w7': 0.265, 'w8': 0.835, 'max_depth': 10, 'min_child_weight': 2, 'subsample': 0.7, 'colsample_bytree': 0.8, 'gamma': 2.2}. Best is trial 848 with value: 0.6005661897687894.
[I 2023-10-13 03:29:15,297] Trial 1735 finished with value: 0.5798152231376525 and parameters: {'w0': 0.41000000000000003, 'w1': 0.805, 'w2': 0.303, 'w3': 0.554, 'w4': 0.798, 'w5': 0.231, 'w6': 0.927, 'w7': 0.17200000000000001, 'w8': 0.838, 'max_depth': 10, 'min_child_weight': 2, 'subsample': 0.7, 'colsample_bytree': 0.8, 'gamma': 2.2}. Best is trial 848 with value: 0.6005661897687894.
[I 2023-10-13 03:29:34,550] Trial 1733 finished with value: 0.5940165669032327 and parameters: {'w0': 0.423, 'w1': 0.81, 'w2': 0.304, 'w3': 0.629, 'w4': 0.798, 'w5': 0.23900000000000002, 'w6': 0.927, 'w7': 0.27, 'w8': 0.8250000000000001, 'max_depth': 10, 'min_child_weight': 2, 'subsample': 0.7, 'colsample_bytree': 0.8, 'gamma': 2.2}. Best is trial 848 with value: 0.6005661897687894.
[I 2023-10-13 03:29:49,556] Trial 1736 finished with value: 0.5693343021563853 and parameters: {'w0': 0.446, 'w1': 0.7010000000000001, 'w2': 0.177, 'w3': 0.549, 'w4': 0.97, 'w5': 0.23700000000000002, 'w6': 0.926, 'w7': 0.27, 'w8': 0.838, 'max_depth': 10, 'min_child_weight': 2, 'subsample': 0.7, 'colsample_bytree': 0.8, 'gamma': 2.4000000000000004}. Best is trial 848 with value: 0.6005661897687894.
[I 2023-10-13 03:32:10,574] Trial 1737 finished with value: 0.5924925998003039 and parameters: {'w0': 0.447, 'w1': 0.807, 'w2': 0.308, 'w3': 0.625, 'w4': 0.965, 'w5': 0.673, 'w6': 0.923, 'w7': 0.305, 'w8': 0.836, 'max_depth': 10, 'min_child_weight': 2, 'subsample': 0.7, 'colsample_bytree': 0.8, 'gamma': 2.4000000000000004}. Best is trial 848 with value: 0.6005661897687894.
[I 2023-10-13 03:32:23,064] Trial 1726 finished with value: 0.5742937312195784 and parameters: {'w0': 0.424, 'w1': 0.8150000000000001, 'w2': 0.312, 'w3': 0.628, 'w4': 0.777, 'w5': 0.23700000000000002, 'w6': 0.931, 'w7': 0.268, 'w8': 0.834, 'max_depth': 10, 'min_child_weight': 12, 'subsample': 0.30000000000000004, 'colsample_bytree': 0.8, 'gamma': 2.2}. Best is trial 848 with value: 0.6005661897687894.
[I 2023-10-13 03:32:44,328] Trial 1738 finished with value: 0.5761880349748791 and parameters: {'w0': 0.452, 'w1': 0.6990000000000001, 'w2': 0.212, 'w3': 0.552, 'w4': 0.965, 'w5': 0.244, 'w6': 0.923, 'w7': 0.305, 'w8': 0.841, 'max_depth': 10, 'min_child_weight': 2, 'subsample': 0.7, 'colsample_bytree': 0.8, 'gamma': 2.2}. Best is trial 848 with value: 0.6005661897687894.
[I 2023-10-13 03:37:03,605] Trial 1743 finished with value: 0.5148096748572724 and parameters: {'w0': 0.419, 'w1': 0.712, 'w2': 0.20800000000000002, 'w3': 0.56, 'w4': 0.9530000000000001, 'w5': 0.28700000000000003, 'w6': 0.792, 'w7': 0.294, 'w8': 0.023, 'max_depth': 10, 'min_child_weight': 2, 'subsample': 0.7, 'colsample_bytree': 0.8, 'gamma': 4.800000000000001}. Best is trial 848 with value: 0.6005661897687894.
[I 2023-10-13 03:39:08,108] Trial 1742 finished with value: 0.5707335918725827 and parameters: {'w0': 0.451, 'w1': 0.726, 'w2': 0.182, 'w3': 0.551, 'w4': 0.964, 'w5': 0.231, 'w6': 0.896, 'w7': 0.302, 'w8': 0.8320000000000001, 'max_depth': 10, 'min_child_weight': 2, 'subsample': 0.7, 'colsample_bytree': 0.8, 'gamma': 2.2}. Best is trial 848 with value: 0.6005661897687894.
[I 2023-10-13 03:39:13,486] Trial 1741 finished with value: 0.5916802613685187 and parameters: {'w0': 0.422, 'w1': 0.714, 'w2': 0.296, 'w3': 0.625, 'w4': 0.9600000000000001, 'w5': 0.324, 'w6': 0.923, 'w7': 0.303, 'w8': 0.865, 'max_depth': 10, 'min_child_weight': 2, 'subsample': 0.7, 'colsample_bytree': 0.8, 'gamma': 2.2}. Best is trial 848 with value: 0.6005661897687894.
[I 2023-10-13 03:39:34,413] Trial 1740 finished with value: 0.5749893801410261 and parameters: {'w0': 0.449, 'w1': 0.719, 'w2': 0.877, 'w3': 0.553, 'w4': 0.9570000000000001, 'w5': 0.28400000000000003, 'w6': 0.928, 'w7': 0.305, 'w8': 0.8330000000000001, 'max_depth': 10, 'min_child_weight': 2, 'subsample': 0.7, 'colsample_bytree': 0.8, 'gamma': 2.2}. Best is trial 848 with value: 0.6005661897687894.
[I 2023-10-13 03:39:51,043] Trial 1739 finished with value: 0.5809032942087715 and parameters: {'w0': 0.448, 'w1': 0.6990000000000001, 'w2': 0.211, 'w3': 0.553, 'w4': 0.967, 'w5': 0.242, 'w6': 0.924, 'w7': 0.294, 'w8': 0.8300000000000001, 'max_depth': 10, 'min_child_weight': 2, 'subsample': 0.30000000000000004, 'colsample_bytree': 0.8, 'gamma': 2.2}. Best is trial 848 with value: 0.6005661897687894.
[I 2023-10-13 03:40:12,195] Trial 1745 finished with value: 0.5855593175108281 and parameters: {'w0': 0.418, 'w1': 0.635, 'w2': 0.258, 'w3': 0.561, 'w4': 0.9540000000000001, 'w5': 0.293, 'w6': 0.896, 'w7': 0.305, 'w8': 0.871, 'max_depth': 10, 'min_child_weight': 2, 'subsample': 0.7, 'colsample_bytree': 0.8, 'gamma': 2.8000000000000003}. Best is trial 848 with value: 0.6005661897687894.
[I 2023-10-13 03:40:14,358] Trial 1744 finished with value: 0.5742759723190923 and parameters: {'w0': 0.425, 'w1': 0.734, 'w2': 0.215, 'w3': 0.562, 'w4': 0.9540000000000001, 'w5': 0.322, 'w6': 0.891, 'w7': 0.299, 'w8': 0.873, 'max_depth': 10, 'min_child_weight': 2, 'subsample': 0.7, 'colsample_bytree': 0.8, 'gamma': 2.8000000000000003}. Best is trial 848 with value: 0.6005661897687894.
[I 2023-10-13 03:40:36,555] Trial 1751 finished with value: 0.5616408287886279 and parameters: {'w0': 0.458, 'w1': 0.726, 'w2': 0.87, 'w3': 0.557, 'w4': 0.9570000000000001, 'w5': 0.329, 'w6': 0.897, 'w7': 0.311, 'w8': 0.876, 'max_depth': 10, 'min_child_weight': 2, 'subsample': 0.7, 'colsample_bytree': 0.7, 'gamma': 5.800000000000001}. Best is trial 848 with value: 0.6005661897687894.
[I 2023-10-13 03:40:49,759] Trial 1746 finished with value: 0.5774822350120404 and parameters: {'w0': 0.456, 'w1': 0.705, 'w2': 0.215, 'w3': 0.551, 'w4': 0.966, 'w5': 0.321, 'w6': 0.892, 'w7': 0.304, 'w8': 0.871, 'max_depth': 10, 'min_child_weight': 2, 'subsample': 0.7, 'colsample_bytree': 0.8, 'gamma': 2.8000000000000003}. Best is trial 848 with value: 0.6005661897687894.
[I 2023-10-13 03:41:02,946] Trial 1747 finished with value: 0.5666333486526616 and parameters: {'w0': 0.40900000000000003, 'w1': 0.795, 'w2': 0.17300000000000001, 'w3': 0.553, 'w4': 0.975, 'w5': 0.299, 'w6': 0.911, 'w7': 0.305, 'w8': 0.887, 'max_depth': 10, 'min_child_weight': 2, 'subsample': 0.7, 'colsample_bytree': 0.8, 'gamma': 2.8000000000000003}. Best is trial 848 with value: 0.6005661897687894.
[I 2023-10-13 03:41:10,137] Trial 1748 finished with value: 0.5950374756364558 and parameters: {'w0': 0.457, 'w1': 0.631, 'w2': 0.291, 'w3': 0.534, 'w4': 0.9560000000000001, 'w5': 0.292, 'w6': 0.891, 'w7': 0.298, 'w8': 0.873, 'max_depth': 10, 'min_child_weight': 2, 'subsample': 0.7, 'colsample_bytree': 0.8, 'gamma': 2.8000000000000003}. Best is trial 848 with value: 0.6005661897687894.
[I 2023-10-13 03:42:03,945] Trial 1750 finished with value: 0.5805759155915382 and parameters: {'w0': 0.418, 'w1': 0.677, 'w2': 0.222, 'w3': 0.556, 'w4': 0.9520000000000001, 'w5': 0.159, 'w6': 0.789, 'w7': 0.297, 'w8': 0.888, 'max_depth': 10, 'min_child_weight': 2, 'subsample': 0.7, 'colsample_bytree': 0.8, 'gamma': 2.8000000000000003}. Best is trial 848 with value: 0.6005661897687894.
[I 2023-10-13 03:42:09,672] Trial 1749 finished with value: 0.5736928222564456 and parameters: {'w0': 0.453, 'w1': 0.676, 'w2': 0.214, 'w3': 0.533, 'w4': 0.9490000000000001, 'w5': 0.339, 'w6': 0.899, 'w7': 0.307, 'w8': 0.874, 'max_depth': 10, 'min_child_weight': 2, 'subsample': 0.7, 'colsample_bytree': 0.8, 'gamma': 2.8000000000000003}. Best is trial 848 with value: 0.6005661897687894.
[I 2023-10-13 03:43:53,308] Trial 1754 finished with value: 0.5814527145128029 and parameters: {'w0': 0.41500000000000004, 'w1': 0.738, 'w2': 0.26, 'w3': 0.54, 'w4': 0.926, 'w5': 0.489, 'w6': 0.788, 'w7': 0.293, 'w8': 0.865, 'max_depth': 10, 'min_child_weight': 2, 'subsample': 0.7, 'colsample_bytree': 0.7, 'gamma': 4.800000000000001}. Best is trial 848 with value: 0.6005661897687894.
[I 2023-10-13 03:45:28,923] Trial 1752 finished with value: 0.5708883123177262 and parameters: {'w0': 0.455, 'w1': 0.741, 'w2': 0.213, 'w3': 0.557, 'w4': 0.9550000000000001, 'w5': 0.323, 'w6': 0.896, 'w7': 0.298, 'w8': 0.874, 'max_depth': 10, 'min_child_weight': 2, 'subsample': 0.7, 'colsample_bytree': 0.7, 'gamma': 2.8000000000000003}. Best is trial 848 with value: 0.6005661897687894.
[I 2023-10-13 03:45:43,737] Trial 1753 finished with value: 0.587906794968588 and parameters: {'w0': 0.454, 'w1': 0.717, 'w2': 0.259, 'w3': 0.54, 'w4': 0.9470000000000001, 'w5': 0.333, 'w6': 0.902, 'w7': 0.3, 'w8': 0.87, 'max_depth': 10, 'min_child_weight': 2, 'subsample': 0.7, 'colsample_bytree': 0.8, 'gamma': 2.8000000000000003}. Best is trial 848 with value: 0.6005661897687894.
[I 2023-10-13 03:49:58,472] Trial 1755 finished with value: 0.5920795570315832 and parameters: {'w0': 0.41000000000000003, 'w1': 0.729, 'w2': 0.26, 'w3': 0.527, 'w4': 0.9490000000000001, 'w5': 0.28600000000000003, 'w6': 0.893, 'w7': 0.304, 'w8': 0.875, 'max_depth': 10, 'min_child_weight': 2, 'subsample': 0.7, 'colsample_bytree': 0.7, 'gamma': 2.8000000000000003}. Best is trial 848 with value: 0.6005661897687894.
[I 2023-10-13 03:52:18,542] Trial 1758 finished with value: 0.5758224454903956 and parameters: {'w0': 0.402, 'w1': 0.498, 'w2': 0.259, 'w3': 0.526, 'w4': 0.9460000000000001, 'w5': 0.158, 'w6': 0.889, 'w7': 0.35000000000000003, 'w8': 0.885, 'max_depth': 10, 'min_child_weight': 2, 'subsample': 0.7, 'colsample_bytree': 0.7, 'gamma': 2.8000000000000003}. Best is trial 848 with value: 0.6005661897687894.
[I 2023-10-13 03:52:26,719] Trial 1760 finished with value: 0.5711987774793686 and parameters: {'w0': 0.40700000000000003, 'w1': 0.559, 'w2': 0.258, 'w3': 0.526, 'w4': 0.916, 'w5': 0.305, 'w6': 0.907, 'w7': 0.133, 'w8': 0.871, 'max_depth': 10, 'min_child_weight': 2, 'subsample': 0.7, 'colsample_bytree': 0.7, 'gamma': 2.8000000000000003}. Best is trial 848 with value: 0.6005661897687894.
[I 2023-10-13 03:52:38,114] Trial 1759 finished with value: 0.5830607737375071 and parameters: {'w0': 0.40900000000000003, 'w1': 0.668, 'w2': 0.26, 'w3': 0.561, 'w4': 0.924, 'w5': 0.164, 'w6': 0.896, 'w7': 0.34600000000000003, 'w8': 0.879, 'max_depth': 10, 'min_child_weight': 2, 'subsample': 0.7, 'colsample_bytree': 0.8, 'gamma': 2.8000000000000003}. Best is trial 848 with value: 0.6005661897687894.
[I 2023-10-13 03:52:38,528] Trial 1756 finished with value: 0.5785390981243007 and parameters: {'w0': 0.41000000000000003, 'w1': 0.758, 'w2': 0.257, 'w3': 0.553, 'w4': 0.9510000000000001, 'w5': 0.28200000000000003, 'w6': 0.896, 'w7': 0.35000000000000003, 'w8': 0.882, 'max_depth': 10, 'min_child_weight': 2, 'subsample': 0.7, 'colsample_bytree': 0.7, 'gamma': 2.8000000000000003}. Best is trial 848 with value: 0.6005661897687894.
[I 2023-10-13 03:52:45,815] Trial 1757 finished with value: 0.5730993656444904 and parameters: {'w0': 0.405, 'w1': 0.636, 'w2': 0.258, 'w3': 0.554, 'w4': 0.9460000000000001, 'w5': 0.296, 'w6': 0.909, 'w7': 0.34700000000000003, 'w8': 0.877, 'max_depth': 10, 'min_child_weight': 20, 'subsample': 0.7, 'colsample_bytree': 0.7, 'gamma': 2.8000000000000003}. Best is trial 848 with value: 0.6005661897687894.
[I 2023-10-13 03:53:37,120] Trial 1761 finished with value: 0.5899928481513643 and parameters: {'w0': 0.40700000000000003, 'w1': 0.649, 'w2': 0.254, 'w3': 0.522, 'w4': 0.921, 'w5': 0.168, 'w6': 0.898, 'w7': 0.28600000000000003, 'w8': 0.885, 'max_depth': 10, 'min_child_weight': 0, 'subsample': 0.7, 'colsample_bytree': 0.7, 'gamma': 2.8000000000000003}. Best is trial 848 with value: 0.6005661897687894.
[I 2023-10-13 03:53:45,665] Trial 1762 finished with value: 0.5788469974654733 and parameters: {'w0': 0.405, 'w1': 0.665, 'w2': 0.261, 'w3': 0.601, 'w4': 0.924, 'w5': 0.163, 'w6': 0.903, 'w7': 0.169, 'w8': 0.87, 'max_depth': 10, 'min_child_weight': 0, 'subsample': 0.7, 'colsample_bytree': 0.8, 'gamma': 2.8000000000000003}. Best is trial 848 with value: 0.6005661897687894.
[I 2023-10-13 03:54:09,980] Trial 1763 finished with value: 0.5694202009022671 and parameters: {'w0': 0.405, 'w1': 0.798, 'w2': 0.255, 'w3': 0.611, 'w4': 0.922, 'w5': 0.17200000000000001, 'w6': 0.914, 'w7': 0.34800000000000003, 'w8': 0.28200000000000003, 'max_depth': 10, 'min_child_weight': 0, 'subsample': 0.7, 'colsample_bytree': 0.8, 'gamma': 2.8000000000000003}. Best is trial 848 with value: 0.6005661897687894.
[I 2023-10-13 03:54:19,613] Trial 1764 finished with value: 0.5947733027971502 and parameters: {'w0': 0.40900000000000003, 'w1': 0.8300000000000001, 'w2': 0.266, 'w3': 0.522, 'w4': 0.927, 'w5': 0.163, 'w6': 0.904, 'w7': 0.28800000000000003, 'w8': 0.896, 'max_depth': 10, 'min_child_weight': 0, 'subsample': 0.7, 'colsample_bytree': 0.8, 'gamma': 2.8000000000000003}. Best is trial 848 with value: 0.6005661897687894.
[I 2023-10-13 03:55:58,140] Trial 1765 finished with value: 0.5935882557644512 and parameters: {'w0': 0.41000000000000003, 'w1': 0.755, 'w2': 0.34500000000000003, 'w3': 0.524, 'w4': 0.916, 'w5': 0.199, 'w6': 0.885, 'w7': 0.353, 'w8': 0.918, 'max_depth': 10, 'min_child_weight': 0, 'subsample': 0.7, 'colsample_bytree': 0.7, 'gamma': 2.4000000000000004}. Best is trial 848 with value: 0.6005661897687894.
[I 2023-10-13 03:56:01,473] Trial 1766 finished with value: 0.5799559110924737 and parameters: {'w0': 0.34600000000000003, 'w1': 0.507, 'w2': 0.254, 'w3': 0.526, 'w4': 0.916, 'w5': 0.162, 'w6': 0.904, 'w7': 0.35100000000000003, 'w8': 0.889, 'max_depth': 10, 'min_child_weight': 0, 'subsample': 0.7, 'colsample_bytree': 0.8, 'gamma': 2.4000000000000004}. Best is trial 848 with value: 0.6005661897687894.
[I 2023-10-13 03:56:50,209] Trial 1767 finished with value: 0.5965182973551089 and parameters: {'w0': 0.40700000000000003, 'w1': 0.8260000000000001, 'w2': 0.34900000000000003, 'w3': 0.606, 'w4': 0.923, 'w5': 0.163, 'w6': 0.911, 'w7': 0.35000000000000003, 'w8': 0.913, 'max_depth': 10, 'min_child_weight': 0, 'subsample': 0.7, 'colsample_bytree': 0.8, 'gamma': 2.4000000000000004}. Best is trial 848 with value: 0.6005661897687894.
[I 2023-10-13 03:58:08,071] Trial 1768 finished with value: 0.5865893142615103 and parameters: {'w0': 0.399, 'w1': 0.653, 'w2': 0.34500000000000003, 'w3': 0.611, 'w4': 0.907, 'w5': 0.163, 'w6': 0.895, 'w7': 0.35100000000000003, 'w8': 0.89, 'max_depth': 10, 'min_child_weight': 20, 'subsample': 0.7, 'colsample_bytree': 0.8, 'gamma': 2.4000000000000004}. Best is trial 848 with value: 0.6005661897687894.
[I 2023-10-13 03:59:00,631] Trial 1770 finished with value: 0.5846578938377618 and parameters: {'w0': 0.4, 'w1': 0.5680000000000001, 'w2': 0.35200000000000004, 'w3': 0.606, 'w4': 0.905, 'w5': 0.195, 'w6': 0.91, 'w7': 0.241, 'w8': 0.445, 'max_depth': 10, 'min_child_weight': 0, 'subsample': 0.7, 'colsample_bytree': 0.8, 'gamma': 2.4000000000000004}. Best is trial 848 with value: 0.6005661897687894.
[I 2023-10-13 03:59:38,732] Trial 1769 finished with value: 0.5878196424739548 and parameters: {'w0': 0.41100000000000003, 'w1': 0.8310000000000001, 'w2': 0.34500000000000003, 'w3': 0.614, 'w4': 0.905, 'w5': 0.166, 'w6': 0.904, 'w7': 0.245, 'w8': 0.972, 'max_depth': 10, 'min_child_weight': 20, 'subsample': 0.7, 'colsample_bytree': 0.8, 'gamma': 2.4000000000000004}. Best is trial 848 with value: 0.6005661897687894.
[I 2023-10-13 04:02:18,501] Trial 1771 finished with value: 0.5708210611387978 and parameters: {'w0': 0.403, 'w1': 0.757, 'w2': 0.28800000000000003, 'w3': 0.61, 'w4': 0.907, 'w5': 0.161, 'w6': 0.448, 'w7': 0.167, 'w8': 0.326, 'max_depth': 10, 'min_child_weight': 0, 'subsample': 0.7, 'colsample_bytree': 0.8, 'gamma': 2.4000000000000004}. Best is trial 848 with value: 0.6005661897687894.
[I 2023-10-13 04:05:42,102] Trial 1772 finished with value: 0.597375113898613 and parameters: {'w0': 0.34400000000000003, 'w1': 0.758, 'w2': 0.291, 'w3': 0.607, 'w4': 0.914, 'w5': 0.168, 'w6': 0.9380000000000001, 'w7': 0.243, 'w8': 0.916, 'max_depth': 10, 'min_child_weight': 0, 'subsample': 0.7, 'colsample_bytree': 0.8, 'gamma': 2.4000000000000004}. Best is trial 848 with value: 0.6005661897687894.
[I 2023-10-13 04:05:42,644] Trial 1773 finished with value: 0.5816199339430788 and parameters: {'w0': 0.34900000000000003, 'w1': 0.8280000000000001, 'w2': 0.29, 'w3': 0.619, 'w4': 0.919, 'w5': 0.197, 'w6': 0.937, 'w7': 0.171, 'w8': 0.9, 'max_depth': 10, 'min_child_weight': 0, 'subsample': 0.7, 'colsample_bytree': 0.8, 'gamma': 2.4000000000000004}. Best is trial 848 with value: 0.6005661897687894.
[I 2023-10-13 04:06:15,250] Trial 1776 finished with value: 0.5918274656617926 and parameters: {'w0': 0.343, 'w1': 0.658, 'w2': 0.34800000000000003, 'w3': 0.612, 'w4': 0.909, 'w5': 0.195, 'w6': 0.936, 'w7': 0.23700000000000002, 'w8': 0.92, 'max_depth': 10, 'min_child_weight': 0, 'subsample': 0.7, 'colsample_bytree': 0.8, 'gamma': 2.4000000000000004}. Best is trial 848 with value: 0.6005661897687894.
[I 2023-10-13 04:06:22,455] Trial 1775 finished with value: 0.5938413228843096 and parameters: {'w0': 0.342, 'w1': 0.8310000000000001, 'w2': 0.34700000000000003, 'w3': 0.604, 'w4': 0.914, 'w5': 0.17, 'w6': 0.9390000000000001, 'w7': 0.242, 'w8': 0.917, 'max_depth': 10, 'min_child_weight': 0, 'subsample': 0.7, 'colsample_bytree': 0.8, 'gamma': 2.4000000000000004}. Best is trial 848 with value: 0.6005661897687894.
[I 2023-10-13 04:06:41,606] Trial 1774 finished with value: 0.5957368531037018 and parameters: {'w0': 0.341, 'w1': 0.758, 'w2': 0.35000000000000003, 'w3': 0.619, 'w4': 0.904, 'w5': 0.2, 'w6': 0.937, 'w7': 0.34500000000000003, 'w8': 0.918, 'max_depth': 10, 'min_child_weight': 0, 'subsample': 0.7, 'colsample_bytree': 0.8, 'gamma': 2.4000000000000004}. Best is trial 848 with value: 0.6005661897687894.
[I 2023-10-13 04:07:20,725] Trial 1778 finished with value: 0.588247923832276 and parameters: {'w0': 0.342, 'w1': 0.658, 'w2': 0.35000000000000003, 'w3': 0.614, 'w4': 0.901, 'w5': 0.203, 'w6': 0.933, 'w7': 0.241, 'w8': 0.913, 'max_depth': 10, 'min_child_weight': 0, 'subsample': 0.7, 'colsample_bytree': 0.8, 'gamma': 2.4000000000000004}. Best is trial 848 with value: 0.6005661897687894.
[I 2023-10-13 04:07:21,645] Trial 1780 finished with value: 0.5867854488446866 and parameters: {'w0': 0.375, 'w1': 0.536, 'w2': 0.34600000000000003, 'w3': 0.604, 'w4': 0.901, 'w5': 0.201, 'w6': 0.937, 'w7': 0.23800000000000002, 'w8': 0.92, 'max_depth': 10, 'min_child_weight': 10, 'subsample': 0.7, 'colsample_bytree': 0.8, 'gamma': 2.4000000000000004}. Best is trial 848 with value: 0.6005661897687894.
[I 2023-10-13 04:07:21,973] Trial 1777 finished with value: 0.5919153054038165 and parameters: {'w0': 0.338, 'w1': 0.8270000000000001, 'w2': 0.35200000000000004, 'w3': 0.604, 'w4': 0.903, 'w5': 0.203, 'w6': 0.933, 'w7': 0.24000000000000002, 'w8': 0.904, 'max_depth': 10, 'min_child_weight': 0, 'subsample': 0.7, 'colsample_bytree': 0.8, 'gamma': 2.4000000000000004}. Best is trial 848 with value: 0.6005661897687894.
[I 2023-10-13 04:07:45,492] Trial 1779 finished with value: 0.5910716888493817 and parameters: {'w0': 0.341, 'w1': 0.8250000000000001, 'w2': 0.34500000000000003, 'w3': 0.614, 'w4': 0.903, 'w5': 0.199, 'w6': 0.61, 'w7': 0.25, 'w8': 0.971, 'max_depth': 10, 'min_child_weight': 0, 'subsample': 0.7, 'colsample_bytree': 0.8, 'gamma': 2.4000000000000004}. Best is trial 848 with value: 0.6005661897687894.
