[I 2023-10-10 20:51:58,741] Trial 435 finished with value: 0.6193888035562585 and parameters: {'w0': 0.258, 'w1': 0.7030000000000001, 'w2': 0.323, 'w3': 0.741, 'w4': 0.984, 'w5': 0.273, 'w6': 0.544, 'w7': 0.361, 'w8': 0.6960000000000001, 'max_depth': 7, 'min_child_weight': 16, 'subsample': 1.0, 'colsample_bytree': 0.9000000000000001, 'gamma': 0.2}. Best is trial 435 with value: 0.6193888035562585.
[I 2023-10-10 20:54:25,380] Trial 436 finished with value: 0.6089824554480041 and parameters: {'w0': 0.255, 'w1': 0.7040000000000001, 'w2': 0.267, 'w3': 0.744, 'w4': 0.984, 'w5': 0.28400000000000003, 'w6': 0.549, 'w7': 0.432, 'w8': 0.6890000000000001, 'max_depth': 7, 'min_child_weight': 16, 'subsample': 1.0, 'colsample_bytree': 0.9000000000000001, 'gamma': 0.2}. Best is trial 435 with value: 0.6193888035562585.
[I 2023-10-10 20:54:35,310] Trial 437 finished with value: 0.6071732632568637 and parameters: {'w0': 0.255, 'w1': 0.614, 'w2': 0.333, 'w3': 0.742, 'w4': 0.984, 'w5': 0.28, 'w6': 0.548, 'w7': 0.436, 'w8': 0.6950000000000001, 'max_depth': 7, 'min_child_weight': 16, 'subsample': 1.0, 'colsample_bytree': 0.9000000000000001, 'gamma': 0.2}. Best is trial 435 with value: 0.6193888035562585.
[I 2023-10-10 20:55:29,485] Trial 444 finished with value: 0.6133601484731774 and parameters: {'w0': 0.257, 'w1': 0.6980000000000001, 'w2': 0.264, 'w3': 0.744, 'w4': 0.983, 'w5': 0.133, 'w6': 0.643, 'w7': 0.354, 'w8': 0.6910000000000001, 'max_depth': 7, 'min_child_weight': 16, 'subsample': 1.0, 'colsample_bytree': 0.9000000000000001, 'gamma': 0.4}. Best is trial 435 with value: 0.6193888035562585.
[I 2023-10-10 20:59:23,641] Trial 449 finished with value: 0.5568506345073108 and parameters: {'w0': 0.258, 'w1': 0.62, 'w2': 0.262, 'w3': 0.792, 'w4': 0.928, 'w5': 0.197, 'w6': 0.905, 'w7': 0.435, 'w8': 0.629, 'max_depth': 7, 'min_child_weight': 16, 'subsample': 1.0, 'colsample_bytree': 0.9000000000000001, 'gamma': 5.2}. Best is trial 435 with value: 0.6193888035562585.
[I 2023-10-10 21:01:35,886] Trial 456 finished with value: 0.5595091217427489 and parameters: {'w0': 0.253, 'w1': 0.714, 'w2': 0.271, 'w3': 0.79, 'w4': 0.93, 'w5': 0.323, 'w6': 0.903, 'w7': 0.326, 'w8': 0.638, 'max_depth': 7, 'min_child_weight': 16, 'subsample': 1.0, 'colsample_bytree': 0.9000000000000001, 'gamma': 8.4}. Best is trial 435 with value: 0.6193888035562585.
[I 2023-10-10 21:02:13,292] Trial 445 finished with value: 0.5962604533075531 and parameters: {'w0': 0.266, 'w1': 0.6940000000000001, 'w2': 0.327, 'w3': 0.743, 'w4': 0.983, 'w5': 0.010000000000000002, 'w6': 0.547, 'w7': 0.34900000000000003, 'w8': 0.636, 'max_depth': 7, 'min_child_weight': 16, 'subsample': 1.0, 'colsample_bytree': 0.9000000000000001, 'gamma': 0.4}. Best is trial 435 with value: 0.6193888035562585.
[I 2023-10-10 21:04:41,927] Trial 446 finished with value: 0.6107509303355253 and parameters: {'w0': 0.257, 'w1': 0.6950000000000001, 'w2': 0.266, 'w3': 0.785, 'w4': 0.982, 'w5': 0.2, 'w6': 0.665, 'w7': 0.34800000000000003, 'w8': 0.634, 'max_depth': 7, 'min_child_weight': 16, 'subsample': 1.0, 'colsample_bytree': 0.9000000000000001, 'gamma': 0.4}. Best is trial 435 with value: 0.6193888035562585.
[I 2023-10-10 21:04:42,244] Trial 460 finished with value: 0.5484293694881172 and parameters: {'w0': 0.112, 'w1': 0.726, 'w2': 0.365, 'w3': 0.793, 'w4': 0.928, 'w5': 0.34700000000000003, 'w6': 0.5, 'w7': 0.359, 'w8': 0.671, 'max_depth': 7, 'min_child_weight': 16, 'subsample': 1.0, 'colsample_bytree': 0.9000000000000001, 'gamma': 8.0}. Best is trial 435 with value: 0.6193888035562585.
[I 2023-10-10 21:04:47,604] Trial 447 finished with value: 0.5943909487446383 and parameters: {'w0': 0.255, 'w1': 0.625, 'w2': 0.27, 'w3': 0.785, 'w4': 0.93, 'w5': 0.031, 'w6': 0.673, 'w7': 0.429, 'w8': 0.638, 'max_depth': 7, 'min_child_weight': 16, 'subsample': 1.0, 'colsample_bytree': 0.9000000000000001, 'gamma': 0.4}. Best is trial 435 with value: 0.6193888035562585.
[I 2023-10-10 21:05:33,876] Trial 448 finished with value: 0.5871594914954498 and parameters: {'w0': 0.252, 'w1': 0.28, 'w2': 0.268, 'w3': 0.745, 'w4': 0.921, 'w5': 0.193, 'w6': 0.904, 'w7': 0.429, 'w8': 0.638, 'max_depth': 7, 'min_child_weight': 16, 'subsample': 1.0, 'colsample_bytree': 0.9000000000000001, 'gamma': 0.4}. Best is trial 435 with value: 0.6193888035562585.
[I 2023-10-10 21:06:11,571] Trial 450 finished with value: 0.6012065475481413 and parameters: {'w0': 0.256, 'w1': 0.633, 'w2': 0.267, 'w3': 0.789, 'w4': 0.924, 'w5': 0.023, 'w6': 0.905, 'w7': 0.34900000000000003, 'w8': 0.639, 'max_depth': 7, 'min_child_weight': 16, 'subsample': 1.0, 'colsample_bytree': 0.9000000000000001, 'gamma': 0.4}. Best is trial 435 with value: 0.6193888035562585.
[I 2023-10-10 21:07:23,731] Trial 452 finished with value: 0.6002364948092089 and parameters: {'w0': 0.113, 'w1': 0.622, 'w2': 0.369, 'w3': 0.79, 'w4': 0.927, 'w5': 0.202, 'w6': 0.901, 'w7': 0.359, 'w8': 0.67, 'max_depth': 7, 'min_child_weight': 16, 'subsample': 1.0, 'colsample_bytree': 0.9000000000000001, 'gamma': 0.4}. Best is trial 435 with value: 0.6193888035562585.
[I 2023-10-10 21:07:33,835] Trial 451 finished with value: 0.6074505329320736 and parameters: {'w0': 0.251, 'w1': 0.633, 'w2': 0.261, 'w3': 0.777, 'w4': 0.92, 'w5': 0.33, 'w6': 0.9, 'w7': 0.34500000000000003, 'w8': 0.64, 'max_depth': 7, 'min_child_weight': 16, 'subsample': 1.0, 'colsample_bytree': 0.9000000000000001, 'gamma': 0.4}. Best is trial 435 with value: 0.6193888035562585.
[I 2023-10-10 21:07:52,101] Trial 454 finished with value: 0.6136227924004446 and parameters: {'w0': 0.263, 'w1': 0.62, 'w2': 0.375, 'w3': 0.781, 'w4': 0.921, 'w5': 0.196, 'w6': 0.509, 'w7': 0.35100000000000003, 'w8': 0.676, 'max_depth': 7, 'min_child_weight': 16, 'subsample': 1.0, 'colsample_bytree': 0.9000000000000001, 'gamma': 0.4}. Best is trial 435 with value: 0.6193888035562585.
[I 2023-10-10 21:08:10,918] Trial 457 finished with value: 0.6100045201453169 and parameters: {'w0': 0.252, 'w1': 0.713, 'w2': 0.264, 'w3': 0.781, 'w4': 0.9390000000000001, 'w5': 0.34600000000000003, 'w6': 0.523, 'w7': 0.359, 'w8': 0.637, 'max_depth': 7, 'min_child_weight': 16, 'subsample': 1.0, 'colsample_bytree': 0.9000000000000001, 'gamma': 0.4}. Best is trial 435 with value: 0.6193888035562585.
[I 2023-10-10 21:08:37,518] Trial 455 finished with value: 0.6186442507659421 and parameters: {'w0': 0.263, 'w1': 0.711, 'w2': 0.371, 'w3': 0.789, 'w4': 0.925, 'w5': 0.321, 'w6': 0.899, 'w7': 0.34700000000000003, 'w8': 0.634, 'max_depth': 7, 'min_child_weight': 16, 'subsample': 1.0, 'colsample_bytree': 0.9000000000000001, 'gamma': 0.4}. Best is trial 435 with value: 0.6193888035562585.
[I 2023-10-10 21:09:20,689] Trial 453 finished with value: 0.6013374002300956 and parameters: {'w0': 0.925, 'w1': 0.613, 'w2': 0.272, 'w3': 0.795, 'w4': 0.925, 'w5': 0.197, 'w6': 0.902, 'w7': 0.335, 'w8': 0.669, 'max_depth': 7, 'min_child_weight': 16, 'subsample': 1.0, 'colsample_bytree': 0.9000000000000001, 'gamma': 0.4}. Best is trial 435 with value: 0.6193888035562585.
[I 2023-10-10 21:10:10,230] Trial 459 finished with value: 0.6054797336741965 and parameters: {'w0': 0.211, 'w1': 0.28800000000000003, 'w2': 0.368, 'w3': 0.789, 'w4': 0.931, 'w5': 0.198, 'w6': 0.525, 'w7': 0.319, 'w8': 0.624, 'max_depth': 7, 'min_child_weight': 16, 'subsample': 1.0, 'colsample_bytree': 0.9000000000000001, 'gamma': 0.4}. Best is trial 435 with value: 0.6193888035562585.
[I 2023-10-10 21:10:55,501] Trial 458 finished with value: 0.6182087312682852 and parameters: {'w0': 0.212, 'w1': 0.713, 'w2': 0.372, 'w3': 0.783, 'w4': 0.926, 'w5': 0.34400000000000003, 'w6': 0.901, 'w7': 0.315, 'w8': 0.74, 'max_depth': 7, 'min_child_weight': 16, 'subsample': 1.0, 'colsample_bytree': 0.9000000000000001, 'gamma': 0.4}. Best is trial 435 with value: 0.6193888035562585.
[I 2023-10-10 21:16:04,234] Trial 461 finished with value: 0.6186718716019087 and parameters: {'w0': 0.215, 'w1': 0.715, 'w2': 0.372, 'w3': 0.788, 'w4': 0.922, 'w5': 0.322, 'w6': 0.897, 'w7': 0.309, 'w8': 0.635, 'max_depth': 7, 'min_child_weight': 16, 'subsample': 1.0, 'colsample_bytree': 0.9000000000000001, 'gamma': 0.4}. Best is trial 435 with value: 0.6193888035562585.
[I 2023-10-10 21:16:56,242] Trial 462 finished with value: 0.615091124997238 and parameters: {'w0': 0.216, 'w1': 0.725, 'w2': 0.371, 'w3': 0.768, 'w4': 0.929, 'w5': 0.036000000000000004, 'w6': 0.535, 'w7': 0.307, 'w8': 0.67, 'max_depth': 7, 'min_child_weight': 16, 'subsample': 1.0, 'colsample_bytree': 0.9000000000000001, 'gamma': 0.4}. Best is trial 435 with value: 0.6193888035562585.
[I 2023-10-10 21:17:58,685] Trial 465 finished with value: 0.6124680260382873 and parameters: {'w0': 0.20800000000000002, 'w1': 0.716, 'w2': 0.372, 'w3': 0.764, 'w4': 0.926, 'w5': 0.031, 'w6': 0.532, 'w7': 0.306, 'w8': 0.745, 'max_depth': 7, 'min_child_weight': 16, 'subsample': 1.0, 'colsample_bytree': 0.9000000000000001, 'gamma': 0.6000000000000001}. Best is trial 435 with value: 0.6193888035562585.
[I 2023-10-10 21:18:43,029] Trial 464 finished with value: 0.5868722912707545 and parameters: {'w0': 0.115, 'w1': 0.718, 'w2': 0.37, 'w3': 0.769, 'w4': 0.925, 'w5': 0.34700000000000003, 'w6': 0.14100000000000001, 'w7': 0.321, 'w8': 0.74, 'max_depth': 7, 'min_child_weight': 16, 'subsample': 1.0, 'colsample_bytree': 0.9000000000000001, 'gamma': 0.6000000000000001}. Best is trial 435 with value: 0.6193888035562585.
[I 2023-10-10 21:18:54,788] Trial 463 finished with value: 0.6163483852878033 and parameters: {'w0': 0.211, 'w1': 0.72, 'w2': 0.374, 'w3': 0.765, 'w4': 0.925, 'w5': 0.34700000000000003, 'w6': 0.9, 'w7': 0.34600000000000003, 'w8': 0.665, 'max_depth': 7, 'min_child_weight': 16, 'subsample': 1.0, 'colsample_bytree': 0.9000000000000001, 'gamma': 0.4}. Best is trial 435 with value: 0.6193888035562585.
[I 2023-10-10 21:19:08,675] Trial 466 finished with value: 0.6149896539039031 and parameters: {'w0': 0.20500000000000002, 'w1': 0.724, 'w2': 0.372, 'w3': 0.774, 'w4': 0.9460000000000001, 'w5': 0.129, 'w6': 0.896, 'w7': 0.387, 'w8': 0.739, 'max_depth': 7, 'min_child_weight': 16, 'subsample': 1.0, 'colsample_bytree': 0.9000000000000001, 'gamma': 0.6000000000000001}. Best is trial 435 with value: 0.6193888035562585.
[I 2023-10-10 21:19:58,616] Trial 467 finished with value: 0.6125269412354397 and parameters: {'w0': 0.20600000000000002, 'w1': 0.517, 'w2': 0.378, 'w3': 0.765, 'w4': 1.0, 'w5': 0.125, 'w6': 0.895, 'w7': 0.385, 'w8': 0.744, 'max_depth': 7, 'min_child_weight': 16, 'subsample': 1.0, 'colsample_bytree': 0.9000000000000001, 'gamma': 0.6000000000000001}. Best is trial 435 with value: 0.6193888035562585.
[I 2023-10-10 21:20:02,379] Trial 468 finished with value: 0.6089635011227298 and parameters: {'w0': 0.213, 'w1': 0.718, 'w2': 0.37, 'w3': 0.864, 'w4': 0.9480000000000001, 'w5': 0.049, 'w6': 0.523, 'w7': 0.384, 'w8': 0.743, 'max_depth': 7, 'min_child_weight': 16, 'subsample': 1.0, 'colsample_bytree': 0.9000000000000001, 'gamma': 0.6000000000000001}. Best is trial 435 with value: 0.6193888035562585.
[I 2023-10-10 21:21:26,815] Trial 469 finished with value: 0.6150127484770593 and parameters: {'w0': 0.20900000000000002, 'w1': 0.717, 'w2': 0.373, 'w3': 0.763, 'w4': 0.9460000000000001, 'w5': 0.132, 'w6': 0.502, 'w7': 0.312, 'w8': 0.668, 'max_depth': 7, 'min_child_weight': 16, 'subsample': 1.0, 'colsample_bytree': 0.9000000000000001, 'gamma': 0.6000000000000001}. Best is trial 435 with value: 0.6193888035562585.
[I 2023-10-10 21:22:03,103] Trial 470 finished with value: 0.6150375936815108 and parameters: {'w0': 0.22, 'w1': 0.719, 'w2': 0.37, 'w3': 0.864, 'w4': 0.999, 'w5': 0.131, 'w6': 0.851, 'w7': 0.385, 'w8': 0.742, 'max_depth': 7, 'min_child_weight': 16, 'subsample': 1.0, 'colsample_bytree': 0.9000000000000001, 'gamma': 0.6000000000000001}. Best is trial 435 with value: 0.6193888035562585.
[I 2023-10-10 21:22:03,546] Trial 471 finished with value: 0.6105677720018716 and parameters: {'w0': 0.211, 'w1': 0.717, 'w2': 0.381, 'w3': 0.862, 'w4': 1.0, 'w5': 0.047, 'w6': 0.843, 'w7': 0.383, 'w8': 0.75, 'max_depth': 7, 'min_child_weight': 16, 'subsample': 1.0, 'colsample_bytree': 0.9000000000000001, 'gamma': 0.6000000000000001}. Best is trial 435 with value: 0.6193888035562585.
[I 2023-10-10 21:22:58,064] Trial 472 finished with value: 0.6143829240711839 and parameters: {'w0': 0.222, 'w1': 0.723, 'w2': 0.372, 'w3': 0.8230000000000001, 'w4': 0.9470000000000001, 'w5': 0.132, 'w6': 0.847, 'w7': 0.384, 'w8': 0.743, 'max_depth': 7, 'min_child_weight': 16, 'subsample': 1.0, 'colsample_bytree': 0.9000000000000001, 'gamma': 0.6000000000000001}. Best is trial 435 with value: 0.6193888035562585.
[I 2023-10-10 21:23:18,551] Trial 473 finished with value: 0.615682606632604 and parameters: {'w0': 0.217, 'w1': 0.731, 'w2': 0.387, 'w3': 0.76, 'w4': 0.999, 'w5': 0.313, 'w6': 0.892, 'w7': 0.313, 'w8': 0.747, 'max_depth': 7, 'min_child_weight': 16, 'subsample': 1.0, 'colsample_bytree': 0.9000000000000001, 'gamma': 0.6000000000000001}. Best is trial 435 with value: 0.6193888035562585.
[I 2023-10-10 21:23:33,492] Trial 474 finished with value: 0.6183038447627064 and parameters: {'w0': 0.22, 'w1': 0.58, 'w2': 0.385, 'w3': 0.861, 'w4': 0.999, 'w5': 0.131, 'w6': 0.841, 'w7': 0.322, 'w8': 0.757, 'max_depth': 7, 'min_child_weight': 16, 'subsample': 1.0, 'colsample_bytree': 0.9000000000000001, 'gamma': 0.6000000000000001}. Best is trial 435 with value: 0.6193888035562585.
[I 2023-10-10 21:24:43,311] Trial 475 finished with value: 0.6070650084996774 and parameters: {'w0': 0.224, 'w1': 0.5750000000000001, 'w2': 0.384, 'w3': 0.866, 'w4': 0.997, 'w5': 0.304, 'w6': 0.586, 'w7': 0.307, 'w8': 0.744, 'max_depth': 7, 'min_child_weight': 16, 'subsample': 1.0, 'colsample_bytree': 0.9000000000000001, 'gamma': 0.6000000000000001}. Best is trial 435 with value: 0.6193888035562585.
[I 2023-10-10 21:25:29,495] Trial 476 finished with value: 0.6150413740878025 and parameters: {'w0': 0.218, 'w1': 0.723, 'w2': 0.387, 'w3': 0.759, 'w4': 0.9490000000000001, 'w5': 0.306, 'w6': 0.852, 'w7': 0.315, 'w8': 0.74, 'max_depth': 7, 'min_child_weight': 16, 'subsample': 1.0, 'colsample_bytree': 0.9000000000000001, 'gamma': 0.6000000000000001}. Best is trial 435 with value: 0.6193888035562585.
[I 2023-10-10 21:30:17,017] Trial 477 finished with value: 0.5815255312250508 and parameters: {'w0': 0.22, 'w1': 0.723, 'w2': 0.385, 'w3': 0.762, 'w4': 0.101, 'w5': 0.357, 'w6': 0.847, 'w7': 0.329, 'w8': 0.742, 'max_depth': 7, 'min_child_weight': 16, 'subsample': 1.0, 'colsample_bytree': 0.9000000000000001, 'gamma': 0.6000000000000001}. Best is trial 435 with value: 0.6193888035562585.
[I 2023-10-10 21:31:18,060] Trial 478 finished with value: 0.5996975167830172 and parameters: {'w0': 0.222, 'w1': 0.743, 'w2': 0.388, 'w3': 0.765, 'w4': 0.394, 'w5': 0.302, 'w6': 0.886, 'w7': 0.309, 'w8': 0.739, 'max_depth': 7, 'min_child_weight': 16, 'subsample': 1.0, 'colsample_bytree': 0.9000000000000001, 'gamma': 0.6000000000000001}. Best is trial 435 with value: 0.6193888035562585.
[I 2023-10-10 21:32:08,566] Trial 482 finished with value: 0.6131143189612623 and parameters: {'w0': 0.222, 'w1': 0.737, 'w2': 0.389, 'w3': 0.859, 'w4': 0.9420000000000001, 'w5': 0.312, 'w6': 0.839, 'w7': 0.338, 'w8': 0.666, 'max_depth': 7, 'min_child_weight': 16, 'subsample': 1.0, 'colsample_bytree': 0.9000000000000001, 'gamma': 0.8}. Best is trial 435 with value: 0.6193888035562585.
[I 2023-10-10 21:32:15,822] Trial 479 finished with value: 0.610241914445552 and parameters: {'w0': 0.222, 'w1': 0.734, 'w2': 0.391, 'w3': 0.764, 'w4': 1.0, 'w5': 0.311, 'w6': 0.886, 'w7': 0.303, 'w8': 0.677, 'max_depth': 7, 'min_child_weight': 16, 'subsample': 1.0, 'colsample_bytree': 0.9000000000000001, 'gamma': 0.6000000000000001}. Best is trial 435 with value: 0.6193888035562585.
[I 2023-10-10 21:32:52,034] Trial 484 finished with value: 0.5788117755264686 and parameters: {'w0': 0.23600000000000002, 'w1': 0.737, 'w2': 0.396, 'w3': 0.8240000000000001, 'w4': 0.034, 'w5': 0.313, 'w6': 0.86, 'w7': 0.307, 'w8': 0.668, 'max_depth': 7, 'min_child_weight': 16, 'subsample': 1.0, 'colsample_bytree': 0.9000000000000001, 'gamma': 0.8}. Best is trial 435 with value: 0.6193888035562585.
[I 2023-10-10 21:33:00,435] Trial 489 finished with value: 0.5809917674420695 and parameters: {'w0': 0.224, 'w1': 0.73, 'w2': 0.396, 'w3': 0.858, 'w4': 0.9400000000000001, 'w5': 0.314, 'w6': 0.8320000000000001, 'w7': 0.295, 'w8': 0.669, 'max_depth': 7, 'min_child_weight': 16, 'subsample': 1.0, 'colsample_bytree': 0.9000000000000001, 'gamma': 5.6000000000000005}. Best is trial 435 with value: 0.6193888035562585.
[I 2023-10-10 21:33:14,198] Trial 483 finished with value: 0.6113116748788311 and parameters: {'w0': 0.224, 'w1': 0.744, 'w2': 0.388, 'w3': 0.759, 'w4': 0.9450000000000001, 'w5': 0.318, 'w6': 0.838, 'w7': 0.317, 'w8': 0.668, 'max_depth': 7, 'min_child_weight': 16, 'subsample': 1.0, 'colsample_bytree': 0.9000000000000001, 'gamma': 0.8}. Best is trial 435 with value: 0.6193888035562585.
[I 2023-10-10 21:33:20,996] Trial 480 finished with value: 0.6129597623257993 and parameters: {'w0': 0.221, 'w1': 0.739, 'w2': 0.389, 'w3': 0.76, 'w4': 0.9410000000000001, 'w5': 0.313, 'w6': 0.902, 'w7': 0.304, 'w8': 0.668, 'max_depth': 7, 'min_child_weight': 16, 'subsample': 1.0, 'colsample_bytree': 0.9000000000000001, 'gamma': 0.6000000000000001}. Best is trial 435 with value: 0.6193888035562585.
[I 2023-10-10 21:33:28,560] Trial 481 finished with value: 0.6142902346611234 and parameters: {'w0': 0.223, 'w1': 0.732, 'w2': 0.39, 'w3': 0.857, 'w4': 0.9460000000000001, 'w5': 0.312, 'w6': 0.837, 'w7': 0.321, 'w8': 0.66, 'max_depth': 7, 'min_child_weight': 16, 'subsample': 1.0, 'colsample_bytree': 0.9000000000000001, 'gamma': 0.6000000000000001}. Best is trial 435 with value: 0.6193888035562585.
[I 2023-10-10 21:34:30,132] Trial 485 finished with value: 0.6072739124357135 and parameters: {'w0': 0.226, 'w1': 0.741, 'w2': 0.392, 'w3': 0.726, 'w4': 0.9470000000000001, 'w5': 0.317, 'w6': 0.85, 'w7': 0.307, 'w8': 0.672, 'max_depth': 7, 'min_child_weight': 16, 'subsample': 1.0, 'colsample_bytree': 0.9000000000000001, 'gamma': 0.8}. Best is trial 435 with value: 0.6193888035562585.
[I 2023-10-10 21:34:56,699] Trial 486 finished with value: 0.61179041916452 and parameters: {'w0': 0.224, 'w1': 0.745, 'w2': 0.391, 'w3': 0.861, 'w4': 0.9460000000000001, 'w5': 0.294, 'w6': 0.859, 'w7': 0.319, 'w8': 0.594, 'max_depth': 7, 'min_child_weight': 16, 'subsample': 1.0, 'colsample_bytree': 0.9000000000000001, 'gamma': 0.8}. Best is trial 435 with value: 0.6193888035562585.
[I 2023-10-10 21:35:02,544] Trial 487 finished with value: 0.6132249936875304 and parameters: {'w0': 0.23, 'w1': 0.736, 'w2': 0.342, 'w3': 0.875, 'w4': 0.9410000000000001, 'w5': 0.314, 'w6': 0.8300000000000001, 'w7': 0.293, 'w8': 0.586, 'max_depth': 7, 'min_child_weight': 16, 'subsample': 1.0, 'colsample_bytree': 0.9000000000000001, 'gamma': 0.8}. Best is trial 435 with value: 0.6193888035562585.
[I 2023-10-10 21:35:27,804] Trial 488 finished with value: 0.5784689408946821 and parameters: {'w0': 0.229, 'w1': 0.739, 'w2': 0.34700000000000003, 'w3': 0.873, 'w4': 0.091, 'w5': 0.312, 'w6': 0.504, 'w7': 0.298, 'w8': 0.593, 'max_depth': 7, 'min_child_weight': 16, 'subsample': 1.0, 'colsample_bytree': 0.9000000000000001, 'gamma': 0.8}. Best is trial 435 with value: 0.6193888035562585.
[I 2023-10-10 21:36:30,565] Trial 490 finished with value: 0.6106880782123337 and parameters: {'w0': 0.192, 'w1': 0.737, 'w2': 0.34700000000000003, 'w3': 0.874, 'w4': 0.9470000000000001, 'w5': 0.306, 'w6': 0.88, 'w7': 0.299, 'w8': 0.59, 'max_depth': 7, 'min_child_weight': 16, 'subsample': 1.0, 'colsample_bytree': 0.9000000000000001, 'gamma': 0.8}. Best is trial 435 with value: 0.6193888035562585.
[I 2023-10-10 21:38:07,988] Trial 491 finished with value: 0.6065045116997517 and parameters: {'w0': 0.188, 'w1': 0.739, 'w2': 0.392, 'w3': 0.8240000000000001, 'w4': 0.9420000000000001, 'w5': 0.317, 'w6': 0.845, 'w7': 0.295, 'w8': 0.585, 'max_depth': 7, 'min_child_weight': 16, 'subsample': 1.0, 'colsample_bytree': 0.9000000000000001, 'gamma': 0.8}. Best is trial 435 with value: 0.6193888035562585.
[I 2023-10-10 21:39:41,854] Trial 492 finished with value: 0.6087687845373098 and parameters: {'w0': 0.186, 'w1': 0.741, 'w2': 0.393, 'w3': 0.862, 'w4': 0.9440000000000001, 'w5': 0.32, 'w6': 0.8320000000000001, 'w7': 0.3, 'w8': 0.667, 'max_depth': 7, 'min_child_weight': 16, 'subsample': 1.0, 'colsample_bytree': 0.9000000000000001, 'gamma': 0.6000000000000001}. Best is trial 435 with value: 0.6193888035562585.
[I 2023-10-10 21:43:30,459] Trial 493 finished with value: 0.6077604395604999 and parameters: {'w0': 0.191, 'w1': 0.739, 'w2': 0.398, 'w3': 0.884, 'w4': 0.9500000000000001, 'w5': 0.313, 'w6': 0.8240000000000001, 'w7': 0.292, 'w8': 0.666, 'max_depth': 7, 'min_child_weight': 16, 'subsample': 1.0, 'colsample_bytree': 0.9000000000000001, 'gamma': 0.8}. Best is trial 435 with value: 0.6193888035562585.
[I 2023-10-10 21:44:25,085] Trial 494 finished with value: 0.6103870822341121 and parameters: {'w0': 0.186, 'w1': 0.744, 'w2': 0.34700000000000003, 'w3': 0.892, 'w4': 1.0, 'w5': 0.323, 'w6': 0.851, 'w7': 0.291, 'w8': 0.66, 'max_depth': 7, 'min_child_weight': 16, 'subsample': 1.0, 'colsample_bytree': 0.9000000000000001, 'gamma': 0.8}. Best is trial 435 with value: 0.6193888035562585.
[I 2023-10-10 21:44:45,872] Trial 495 finished with value: 0.606678910484834 and parameters: {'w0': 0.187, 'w1': 0.739, 'w2': 0.34700000000000003, 'w3': 0.091, 'w4': 0.971, 'w5': 0.317, 'w6': 0.85, 'w7': 0.294, 'w8': 0.669, 'max_depth': 8, 'min_child_weight': 16, 'subsample': 1.0, 'colsample_bytree': 0.9000000000000001, 'gamma': 0.8}. Best is trial 435 with value: 0.6193888035562585.
