[I 2023-10-12 07:55:04,859] Trial 324 finished with value: 0.5880818561005369 and parameters: {'w0': 0.454, 'w1': 0.995, 'w2': 0.5630000000000001, 'w3': 0.881, 'w4': 0.967, 'w5': 0.07200000000000001, 'w6': 0.807, 'w7': 0.51, 'w8': 0.918, 'max_depth': 6, 'min_child_weight': 2, 'subsample': 0.9000000000000001, 'colsample_bytree': 1.0, 'gamma': 2.4000000000000004}. Best is trial 239 with value: 0.5932478838521709.
[I 2023-10-12 07:55:41,541] Trial 326 finished with value: 0.5558447937530075 and parameters: {'w0': 0.356, 'w1': 0.988, 'w2': 0.168, 'w3': 0.928, 'w4': 0.9570000000000001, 'w5': 0.08, 'w6': 0.808, 'w7': 0.508, 'w8': 0.908, 'max_depth': 6, 'min_child_weight': 2, 'subsample': 0.9000000000000001, 'colsample_bytree': 1.0, 'gamma': 2.4000000000000004}. Best is trial 239 with value: 0.5932478838521709.
[I 2023-10-12 07:56:07,839] Trial 327 finished with value: 0.5591210578281802 and parameters: {'w0': 0.367, 'w1': 0.986, 'w2': 0.184, 'w3': 0.876, 'w4': 0.9590000000000001, 'w5': 0.193, 'w6': 0.808, 'w7': 0.507, 'w8': 0.903, 'max_depth': 6, 'min_child_weight': 2, 'subsample': 0.9000000000000001, 'colsample_bytree': 1.0, 'gamma': 2.4000000000000004}. Best is trial 239 with value: 0.5932478838521709.
[I 2023-10-12 07:56:31,471] Trial 328 finished with value: 0.5745822843973247 and parameters: {'w0': 0.354, 'w1': 0.987, 'w2': 0.335, 'w3': 0.883, 'w4': 0.9600000000000001, 'w5': 0.19, 'w6': 0.812, 'w7': 0.511, 'w8': 0.915, 'max_depth': 6, 'min_child_weight': 2, 'subsample': 0.9000000000000001, 'colsample_bytree': 1.0, 'gamma': 2.4000000000000004}. Best is trial 239 with value: 0.5932478838521709.
[I 2023-10-12 07:58:08,511] Trial 329 finished with value: 0.5896568016585249 and parameters: {'w0': 0.453, 'w1': 0.92, 'w2': 0.561, 'w3': 0.881, 'w4': 0.967, 'w5': 0.182, 'w6': 0.809, 'w7': 0.511, 'w8': 0.918, 'max_depth': 6, 'min_child_weight': 2, 'subsample': 0.9000000000000001, 'colsample_bytree': 1.0, 'gamma': 2.4000000000000004}. Best is trial 239 with value: 0.5932478838521709.
[I 2023-10-12 07:58:46,085] Trial 325 finished with value: 0.5846210275056943 and parameters: {'w0': 0.356, 'w1': 0.9500000000000001, 'w2': 0.561, 'w3': 0.919, 'w4': 0.9560000000000001, 'w5': 0.19, 'w6': 0.8150000000000001, 'w7': 0.513, 'w8': 0.904, 'max_depth': 6, 'min_child_weight': 2, 'subsample': 0.9000000000000001, 'colsample_bytree': 1.0, 'gamma': 1.4000000000000001}. Best is trial 239 with value: 0.5932478838521709.
[I 2023-10-12 07:59:27,530] Trial 336 finished with value: 0.5599773876598586 and parameters: {'w0': 0.452, 'w1': 0.985, 'w2': 0.561, 'w3': 0.883, 'w4': 0.974, 'w5': 0.161, 'w6': 0.809, 'w7': 0.503, 'w8': 0.964, 'max_depth': 6, 'min_child_weight': 20, 'subsample': 0.9000000000000001, 'colsample_bytree': 1.0, 'gamma': 9.600000000000001}. Best is trial 239 with value: 0.5932478838521709.
[I 2023-10-12 08:00:01,070] Trial 334 finished with value: 0.5431134851408365 and parameters: {'w0': 0.457, 'w1': 0.98, 'w2': 0.5690000000000001, 'w3': 0.884, 'w4': 0.971, 'w5': 0.191, 'w6': 0.806, 'w7': 0.514, 'w8': 0.154, 'max_depth': 6, 'min_child_weight': 2, 'subsample': 0.9000000000000001, 'colsample_bytree': 1.0, 'gamma': 5.2}. Best is trial 239 with value: 0.5932478838521709.
[I 2023-10-12 08:00:07,014] Trial 330 finished with value: 0.5880688926627757 and parameters: {'w0': 0.40800000000000003, 'w1': 0.92, 'w2': 0.561, 'w3': 0.98, 'w4': 0.976, 'w5': 0.193, 'w6': 0.805, 'w7': 0.512, 'w8': 0.967, 'max_depth': 6, 'min_child_weight': 2, 'subsample': 0.9000000000000001, 'colsample_bytree': 1.0, 'gamma': 2.4000000000000004}. Best is trial 239 with value: 0.5932478838521709.
[I 2023-10-12 08:00:42,933] Trial 331 finished with value: 0.5699926580663917 and parameters: {'w0': 0.452, 'w1': 0.9560000000000001, 'w2': 0.28300000000000003, 'w3': 0.877, 'w4': 0.979, 'w5': 0.182, 'w6': 0.807, 'w7': 0.506, 'w8': 0.911, 'max_depth': 6, 'min_child_weight': 2, 'subsample': 0.9000000000000001, 'colsample_bytree': 1.0, 'gamma': 2.2}. Best is trial 239 with value: 0.5932478838521709.
[I 2023-10-12 08:00:53,541] Trial 332 finished with value: 0.5899945915992445 and parameters: {'w0': 0.452, 'w1': 0.9600000000000001, 'w2': 0.5670000000000001, 'w3': 0.886, 'w4': 0.979, 'w5': 0.19, 'w6': 0.805, 'w7': 0.511, 'w8': 0.973, 'max_depth': 6, 'min_child_weight': 2, 'subsample': 0.9000000000000001, 'colsample_bytree': 1.0, 'gamma': 2.4000000000000004}. Best is trial 239 with value: 0.5932478838521709.
[I 2023-10-12 08:01:11,370] Trial 333 finished with value: 0.5737375567280254 and parameters: {'w0': 0.455, 'w1': 0.227, 'w2': 0.482, 'w3': 0.88, 'w4': 0.976, 'w5': 0.19, 'w6': 0.8, 'w7': 0.508, 'w8': 0.97, 'max_depth': 6, 'min_child_weight': 2, 'subsample': 0.9000000000000001, 'colsample_bytree': 1.0, 'gamma': 2.2}. Best is trial 239 with value: 0.5932478838521709.
[I 2023-10-12 08:02:07,707] Trial 335 finished with value: 0.5438451289863486 and parameters: {'w0': 0.457, 'w1': 0.964, 'w2': 0.077, 'w3': 0.921, 'w4': 0.97, 'w5': 0.153, 'w6': 0.803, 'w7': 0.505, 'w8': 0.965, 'max_depth': 6, 'min_child_weight': 2, 'subsample': 0.9000000000000001, 'colsample_bytree': 1.0, 'gamma': 2.2}. Best is trial 239 with value: 0.5932478838521709.
[I 2023-10-12 08:03:52,062] Trial 337 finished with value: 0.5254669753693681 and parameters: {'w0': 0.46, 'w1': 0.984, 'w2': 0.5670000000000001, 'w3': 0.88, 'w4': 0.974, 'w5': 0.156, 'w6': 0.804, 'w7': 0.986, 'w8': 0.11800000000000001, 'max_depth': 6, 'min_child_weight': 2, 'subsample': 0.9000000000000001, 'colsample_bytree': 1.0, 'gamma': 2.4000000000000004}. Best is trial 239 with value: 0.5932478838521709.
[I 2023-10-12 08:04:19,311] Trial 338 finished with value: 0.5916829341024704 and parameters: {'w0': 0.41300000000000003, 'w1': 0.994, 'w2': 0.5690000000000001, 'w3': 0.882, 'w4': 0.969, 'w5': 0.151, 'w6': 0.8130000000000001, 'w7': 0.509, 'w8': 0.9, 'max_depth': 6, 'min_child_weight': 2, 'subsample': 0.9000000000000001, 'colsample_bytree': 1.0, 'gamma': 2.4000000000000004}. Best is trial 239 with value: 0.5932478838521709.
[I 2023-10-12 08:05:53,117] Trial 339 finished with value: 0.5858116753717374 and parameters: {'w0': 0.456, 'w1': 0.967, 'w2': 0.5710000000000001, 'w3': 0.917, 'w4': 0.978, 'w5': 0.157, 'w6': 0.805, 'w7': 0.511, 'w8': 0.963, 'max_depth': 6, 'min_child_weight': 2, 'subsample': 0.9000000000000001, 'colsample_bytree': 1.0, 'gamma': 2.4000000000000004}. Best is trial 239 with value: 0.5932478838521709.
[I 2023-10-12 08:05:56,703] Trial 341 finished with value: 0.5564924970737651 and parameters: {'w0': 0.454, 'w1': 0.032, 'w2': 0.5660000000000001, 'w3': 0.916, 'w4': 0.979, 'w5': 0.147, 'w6': 0.869, 'w7': 0.488, 'w8': 0.966, 'max_depth': 6, 'min_child_weight': 2, 'subsample': 0.9000000000000001, 'colsample_bytree': 1.0, 'gamma': 5.0}. Best is trial 239 with value: 0.5932478838521709.
[I 2023-10-12 08:06:44,518] Trial 340 finished with value: 0.5123698507617384 and parameters: {'w0': 0.451, 'w1': 0.242, 'w2': 0.014000000000000002, 'w3': 0.915, 'w4': 0.976, 'w5': 0.16, 'w6': 0.87, 'w7': 0.49, 'w8': 0.969, 'max_depth': 6, 'min_child_weight': 2, 'subsample': 0.9000000000000001, 'colsample_bytree': 1.0, 'gamma': 2.4000000000000004}. Best is trial 239 with value: 0.5932478838521709.
[I 2023-10-12 08:08:19,013] Trial 345 finished with value: 0.5739161742062144 and parameters: {'w0': 0.461, 'w1': 0.962, 'w2': 0.5750000000000001, 'w3': 0.913, 'w4': 0.98, 'w5': 0.151, 'w6': 0.867, 'w7': 0.49, 'w8': 0.961, 'max_depth': 7, 'min_child_weight': 2, 'subsample': 0.9000000000000001, 'colsample_bytree': 1.0, 'gamma': 8.6}. Best is trial 239 with value: 0.5932478838521709.
[I 2023-10-12 08:09:00,792] Trial 342 finished with value: 0.588512532652516 and parameters: {'w0': 0.452, 'w1': 0.966, 'w2': 0.5700000000000001, 'w3': 0.916, 'w4': 0.983, 'w5': 0.15, 'w6': 0.865, 'w7': 0.485, 'w8': 0.962, 'max_depth': 6, 'min_child_weight': 2, 'subsample': 0.9000000000000001, 'colsample_bytree': 1.0, 'gamma': 2.2}. Best is trial 239 with value: 0.5932478838521709.
[I 2023-10-12 08:09:31,483] Trial 343 finished with value: 0.5900182045645546 and parameters: {'w0': 0.453, 'w1': 0.962, 'w2': 0.5660000000000001, 'w3': 0.916, 'w4': 0.981, 'w5': 0.158, 'w6': 0.865, 'w7': 0.491, 'w8': 0.962, 'max_depth': 6, 'min_child_weight': 2, 'subsample': 0.9000000000000001, 'colsample_bytree': 1.0, 'gamma': 2.2}. Best is trial 239 with value: 0.5932478838521709.
[I 2023-10-12 08:11:06,947] Trial 344 finished with value: 0.5917679061920114 and parameters: {'w0': 0.455, 'w1': 0.9550000000000001, 'w2': 0.516, 'w3': 0.915, 'w4': 0.976, 'w5': 0.15, 'w6': 0.863, 'w7': 0.489, 'w8': 0.9600000000000001, 'max_depth': 7, 'min_child_weight': 2, 'subsample': 0.9000000000000001, 'colsample_bytree': 1.0, 'gamma': 2.2}. Best is trial 239 with value: 0.5932478838521709.
[I 2023-10-12 08:12:12,795] Trial 351 finished with value: 0.5865129412381085 and parameters: {'w0': 0.41000000000000003, 'w1': 0.961, 'w2': 0.518, 'w3': 0.913, 'w4': 0.982, 'w5': 0.149, 'w6': 0.864, 'w7': 0.488, 'w8': 0.9560000000000001, 'max_depth': 7, 'min_child_weight': 2, 'subsample': 0.9000000000000001, 'colsample_bytree': 1.0, 'gamma': 4.6000000000000005}. Best is trial 239 with value: 0.5932478838521709.
[I 2023-10-12 08:12:29,749] Trial 346 finished with value: 0.5918188330929189 and parameters: {'w0': 0.452, 'w1': 0.961, 'w2': 0.515, 'w3': 0.979, 'w4': 0.971, 'w5': 0.14400000000000002, 'w6': 0.866, 'w7': 0.487, 'w8': 0.9590000000000001, 'max_depth': 6, 'min_child_weight': 2, 'subsample': 0.9000000000000001, 'colsample_bytree': 1.0, 'gamma': 2.2}. Best is trial 239 with value: 0.5932478838521709.
[I 2023-10-12 08:13:16,049] Trial 347 finished with value: 0.5931810551645917 and parameters: {'w0': 0.456, 'w1': 0.9600000000000001, 'w2': 0.483, 'w3': 0.913, 'w4': 0.984, 'w5': 0.146, 'w6': 0.864, 'w7': 0.492, 'w8': 0.966, 'max_depth': 6, 'min_child_weight': 2, 'subsample': 0.9000000000000001, 'colsample_bytree': 1.0, 'gamma': 2.2}. Best is trial 239 with value: 0.5932478838521709.
[I 2023-10-12 08:13:21,943] Trial 348 finished with value: 0.5937858432585511 and parameters: {'w0': 0.456, 'w1': 0.9550000000000001, 'w2': 0.485, 'w3': 0.913, 'w4': 0.982, 'w5': 0.14500000000000002, 'w6': 0.866, 'w7': 0.489, 'w8': 0.9600000000000001, 'max_depth': 6, 'min_child_weight': 2, 'subsample': 0.9000000000000001, 'colsample_bytree': 1.0, 'gamma': 2.2}. Best is trial 348 with value: 0.5937858432585511.
[I 2023-10-12 08:13:29,499] Trial 349 finished with value: 0.5448089586275298 and parameters: {'w0': 0.457, 'w1': 0.245, 'w2': 0.518, 'w3': 0.9500000000000001, 'w4': 0.001, 'w5': 0.151, 'w6': 0.865, 'w7': 0.5740000000000001, 'w8': 0.965, 'max_depth': 7, 'min_child_weight': 2, 'subsample': 0.9000000000000001, 'colsample_bytree': 1.0, 'gamma': 2.2}. Best is trial 348 with value: 0.5937858432585511.
[I 2023-10-12 08:13:34,655] Trial 350 finished with value: 0.5371734491316323 and parameters: {'w0': 0.41100000000000003, 'w1': 0.961, 'w2': 0.034, 'w3': 0.912, 'w4': 0.984, 'w5': 0.147, 'w6': 0.862, 'w7': 0.487, 'w8': 0.968, 'max_depth': 6, 'min_child_weight': 2, 'subsample': 0.9000000000000001, 'colsample_bytree': 1.0, 'gamma': 2.2}. Best is trial 348 with value: 0.5937858432585511.
[I 2023-10-12 08:15:44,350] Trial 352 finished with value: 0.5903392105052385 and parameters: {'w0': 0.40800000000000003, 'w1': 0.9600000000000001, 'w2': 0.515, 'w3': 0.916, 'w4': 0.99, 'w5': 0.14400000000000002, 'w6': 0.861, 'w7': 0.49, 'w8': 0.9560000000000001, 'max_depth': 6, 'min_child_weight': 2, 'subsample': 0.9000000000000001, 'colsample_bytree': 1.0, 'gamma': 2.0}. Best is trial 348 with value: 0.5937858432585511.
[I 2023-10-12 08:17:39,745] Trial 353 finished with value: 0.5910487815073366 and parameters: {'w0': 0.41600000000000004, 'w1': 0.9600000000000001, 'w2': 0.515, 'w3': 0.914, 'w4': 0.9400000000000001, 'w5': 0.14500000000000002, 'w6': 0.867, 'w7': 0.486, 'w8': 0.967, 'max_depth': 7, 'min_child_weight': 2, 'subsample': 0.9000000000000001, 'colsample_bytree': 1.0, 'gamma': 2.0}. Best is trial 348 with value: 0.5937858432585511.
[I 2023-10-12 08:17:52,626] Trial 354 finished with value: 0.5924151855094298 and parameters: {'w0': 0.41100000000000003, 'w1': 0.9540000000000001, 'w2': 0.518, 'w3': 0.861, 'w4': 0.988, 'w5': 0.152, 'w6': 0.866, 'w7': 0.482, 'w8': 0.9570000000000001, 'max_depth': 7, 'min_child_weight': 2, 'subsample': 0.9000000000000001, 'colsample_bytree': 1.0, 'gamma': 2.2}. Best is trial 348 with value: 0.5937858432585511.
[I 2023-10-12 08:19:00,647] Trial 355 finished with value: 0.5581541512408204 and parameters: {'w0': 0.41200000000000003, 'w1': 0.032, 'w2': 0.518, 'w3': 0.855, 'w4': 0.424, 'w5': 0.14300000000000002, 'w6': 0.864, 'w7': 0.481, 'w8': 0.9530000000000001, 'max_depth': 7, 'min_child_weight': 4, 'subsample': 0.9000000000000001, 'colsample_bytree': 1.0, 'gamma': 2.0}. Best is trial 348 with value: 0.5937858432585511.
[I 2023-10-12 08:20:20,058] Trial 356 finished with value: 0.5892612819717584 and parameters: {'w0': 0.41500000000000004, 'w1': 0.9550000000000001, 'w2': 0.516, 'w3': 0.9500000000000001, 'w4': 0.919, 'w5': 0.168, 'w6': 0.868, 'w7': 0.579, 'w8': 0.9510000000000001, 'max_depth': 7, 'min_child_weight': 4, 'subsample': 0.9000000000000001, 'colsample_bytree': 1.0, 'gamma': 2.0}. Best is trial 348 with value: 0.5937858432585511.
[I 2023-10-12 08:20:41,696] Trial 357 finished with value: 0.5862439137180234 and parameters: {'w0': 0.41200000000000003, 'w1': 0.9560000000000001, 'w2': 0.518, 'w3': 0.855, 'w4': 0.922, 'w5': 0.171, 'w6': 0.866, 'w7': 0.5660000000000001, 'w8': 0.9500000000000001, 'max_depth': 7, 'min_child_weight': 4, 'subsample': 0.9000000000000001, 'colsample_bytree': 1.0, 'gamma': 2.0}. Best is trial 348 with value: 0.5937858432585511.
[I 2023-10-12 08:22:14,811] Trial 360 finished with value: 0.5845899714089936 and parameters: {'w0': 0.41100000000000003, 'w1': 0.9480000000000001, 'w2': 0.596, 'w3': 0.9, 'w4': 0.923, 'w5': 0.169, 'w6': 0.862, 'w7': 0.583, 'w8': 0.9490000000000001, 'max_depth': 7, 'min_child_weight': 2, 'subsample': 0.9000000000000001, 'colsample_bytree': 1.0, 'gamma': 2.8000000000000003}. Best is trial 348 with value: 0.5937858432585511.
[I 2023-10-12 08:23:17,868] Trial 358 finished with value: 0.587628989563141 and parameters: {'w0': 0.41500000000000004, 'w1': 0.9530000000000001, 'w2': 0.519, 'w3': 0.855, 'w4': 0.44, 'w5': 0.17500000000000002, 'w6': 0.865, 'w7': 0.486, 'w8': 0.9520000000000001, 'max_depth': 7, 'min_child_weight': 0, 'subsample': 0.9000000000000001, 'colsample_bytree': 1.0, 'gamma': 2.0}. Best is trial 348 with value: 0.5937858432585511.
[I 2023-10-12 08:24:08,619] Trial 359 finished with value: 0.584305598239857 and parameters: {'w0': 0.41300000000000003, 'w1': 0.9500000000000001, 'w2': 0.515, 'w3': 0.9490000000000001, 'w4': 0.923, 'w5': 0.17300000000000001, 'w6': 0.856, 'w7': 0.5770000000000001, 'w8': 0.9520000000000001, 'max_depth': 7, 'min_child_weight': 0, 'subsample': 0.9000000000000001, 'colsample_bytree': 1.0, 'gamma': 2.0}. Best is trial 348 with value: 0.5937858432585511.
[I 2023-10-12 08:24:16,998] Trial 361 finished with value: 0.5877388500832774 and parameters: {'w0': 0.41400000000000003, 'w1': 0.9520000000000001, 'w2': 0.516, 'w3': 0.859, 'w4': 0.92, 'w5': 0.138, 'w6': 0.865, 'w7': 0.485, 'w8': 0.9510000000000001, 'max_depth': 7, 'min_child_weight': 2, 'subsample': 0.9000000000000001, 'colsample_bytree': 1.0, 'gamma': 2.0}. Best is trial 348 with value: 0.5937858432585511.
[I 2023-10-12 08:24:18,168] Trial 366 finished with value: 0.5625338311766226 and parameters: {'w0': 0.41500000000000004, 'w1': 0.9480000000000001, 'w2': 0.482, 'w3': 0.305, 'w4': 0.997, 'w5': 0.135, 'w6': 0.86, 'w7': 0.096, 'w8': 0.9530000000000001, 'max_depth': 7, 'min_child_weight': 4, 'subsample': 0.9000000000000001, 'colsample_bytree': 0.9000000000000001, 'gamma': 2.8000000000000003}. Best is trial 348 with value: 0.5937858432585511.
[I 2023-10-12 08:24:45,621] Trial 363 finished with value: 0.5363672136866483 and parameters: {'w0': 0.41600000000000004, 'w1': 0.9480000000000001, 'w2': 0.514, 'w3': 0.9490000000000001, 'w4': 0.41500000000000004, 'w5': 0.14300000000000002, 'w6': 0.865, 'w7': 0.487, 'w8': 0.08600000000000001, 'max_depth': 7, 'min_child_weight': 4, 'subsample': 0.9000000000000001, 'colsample_bytree': 0.9000000000000001, 'gamma': 2.0}. Best is trial 348 with value: 0.5937858432585511.
[I 2023-10-12 08:25:59,373] Trial 362 finished with value: 0.5904432541263636 and parameters: {'w0': 0.512, 'w1': 0.9510000000000001, 'w2': 0.598, 'w3': 0.9500000000000001, 'w4': 0.921, 'w5': 0.171, 'w6': 0.864, 'w7': 0.5770000000000001, 'w8': 0.9490000000000001, 'max_depth': 7, 'min_child_weight': 4, 'subsample': 0.9000000000000001, 'colsample_bytree': 0.9000000000000001, 'gamma': 2.0}. Best is trial 348 with value: 0.5937858432585511.
[I 2023-10-12 08:26:17,983] Trial 365 finished with value: 0.5912681082182643 and parameters: {'w0': 0.517, 'w1': 0.9430000000000001, 'w2': 0.47700000000000004, 'w3': 0.6, 'w4': 0.922, 'w5': 0.136, 'w6': 0.866, 'w7': 0.451, 'w8': 0.9450000000000001, 'max_depth': 7, 'min_child_weight': 4, 'subsample': 0.9000000000000001, 'colsample_bytree': 0.9000000000000001, 'gamma': 2.0}. Best is trial 348 with value: 0.5937858432585511.
[I 2023-10-12 08:26:53,075] Trial 367 finished with value: 0.59132618562577 and parameters: {'w0': 0.504, 'w1': 0.9480000000000001, 'w2': 0.483, 'w3': 0.981, 'w4': 0.998, 'w5': 0.133, 'w6': 0.863, 'w7': 0.447, 'w8': 0.9500000000000001, 'max_depth': 7, 'min_child_weight': 4, 'subsample': 0.9000000000000001, 'colsample_bytree': 0.9000000000000001, 'gamma': 2.0}. Best is trial 348 with value: 0.5937858432585511.
[I 2023-10-12 08:26:55,966] Trial 364 finished with value: 0.5858546729058377 and parameters: {'w0': 0.41000000000000003, 'w1': 0.9420000000000001, 'w2': 0.486, 'w3': 0.9490000000000001, 'w4': 0.921, 'w5': 0.17400000000000002, 'w6': 0.862, 'w7': 0.5660000000000001, 'w8': 0.9470000000000001, 'max_depth': 7, 'min_child_weight': 4, 'subsample': 0.9000000000000001, 'colsample_bytree': 1.0, 'gamma': 2.0}. Best is trial 348 with value: 0.5937858432585511.
[I 2023-10-12 08:27:19,605] Trial 368 finished with value: 0.561589813081482 and parameters: {'w0': 0.41000000000000003, 'w1': 0.9530000000000001, 'w2': 0.483, 'w3': 0.9480000000000001, 'w4': 0.921, 'w5': 0.14100000000000001, 'w6': 0.863, 'w7': 0.082, 'w8': 0.9520000000000001, 'max_depth': 7, 'min_child_weight': 4, 'subsample': 0.9000000000000001, 'colsample_bytree': 0.9000000000000001, 'gamma': 2.0}. Best is trial 348 with value: 0.5937858432585511.
[I 2023-10-12 08:30:25,055] Trial 369 finished with value: 0.5925806148879349 and parameters: {'w0': 0.513, 'w1': 0.9450000000000001, 'w2': 0.481, 'w3': 0.9500000000000001, 'w4': 1.0, 'w5': 0.167, 'w6': 0.868, 'w7': 0.456, 'w8': 0.9480000000000001, 'max_depth': 7, 'min_child_weight': 4, 'subsample': 0.9000000000000001, 'colsample_bytree': 0.9000000000000001, 'gamma': 2.0}. Best is trial 348 with value: 0.5937858432585511.
[I 2023-10-12 08:30:42,227] Trial 370 finished with value: 0.5907963007181709 and parameters: {'w0': 0.41100000000000003, 'w1': 0.998, 'w2': 0.482, 'w3': 0.904, 'w4': 0.991, 'w5': 0.137, 'w6': 0.91, 'w7': 0.482, 'w8': 0.9510000000000001, 'max_depth': 7, 'min_child_weight': 4, 'subsample': 0.9000000000000001, 'colsample_bytree': 1.0, 'gamma': 2.0}. Best is trial 348 with value: 0.5937858432585511.
[I 2023-10-12 08:31:48,545] Trial 371 finished with value: 0.5936560883807686 and parameters: {'w0': 0.51, 'w1': 1.0, 'w2': 0.494, 'w3': 0.892, 'w4': 1.0, 'w5': 0.135, 'w6': 0.917, 'w7': 0.45, 'w8': 0.9480000000000001, 'max_depth': 7, 'min_child_weight': 2, 'subsample': 0.9000000000000001, 'colsample_bytree': 0.9000000000000001, 'gamma': 2.0}. Best is trial 348 with value: 0.5937858432585511.
[I 2023-10-12 08:32:53,947] Trial 372 finished with value: 0.5922062319695014 and parameters: {'w0': 0.428, 'w1': 0.999, 'w2': 0.498, 'w3': 0.606, 'w4': 0.993, 'w5': 0.17, 'w6': 0.885, 'w7': 0.455, 'w8': 0.9490000000000001, 'max_depth': 7, 'min_child_weight': 2, 'subsample': 0.9000000000000001, 'colsample_bytree': 0.9000000000000001, 'gamma': 2.0}. Best is trial 348 with value: 0.5937858432585511.
[I 2023-10-12 08:33:29,288] Trial 373 finished with value: 0.5946832911291157 and parameters: {'w0': 0.431, 'w1': 0.975, 'w2': 0.485, 'w3': 0.9490000000000001, 'w4': 0.995, 'w5': 0.099, 'w6': 0.909, 'w7': 0.443, 'w8': 0.9470000000000001, 'max_depth': 7, 'min_child_weight': 2, 'subsample': 0.9000000000000001, 'colsample_bytree': 1.0, 'gamma': 2.0}. Best is trial 373 with value: 0.5946832911291157.
[I 2023-10-12 08:35:01,044] Trial 374 finished with value: 0.5972984243800201 and parameters: {'w0': 0.514, 'w1': 0.977, 'w2': 0.484, 'w3': 0.617, 'w4': 0.989, 'w5': 0.099, 'w6': 0.91, 'w7': 0.444, 'w8': 0.978, 'max_depth': 7, 'min_child_weight': 2, 'subsample': 0.9000000000000001, 'colsample_bytree': 0.9000000000000001, 'gamma': 2.0}. Best is trial 374 with value: 0.5972984243800201.
[I 2023-10-12 08:35:36,507] Trial 377 finished with value: 0.5617098494438395 and parameters: {'w0': 0.43, 'w1': 0.996, 'w2': 0.482, 'w3': 0.301, 'w4': 0.99, 'w5': 0.099, 'w6': 0.905, 'w7': 0.077, 'w8': 0.979, 'max_depth': 7, 'min_child_weight': 2, 'subsample': 0.9000000000000001, 'colsample_bytree': 0.9000000000000001, 'gamma': 2.2}. Best is trial 374 with value: 0.5972984243800201.
[I 2023-10-12 08:36:15,934] Trial 376 finished with value: 0.5465582506101277 and parameters: {'w0': 0.51, 'w1': 0.999, 'w2': 0.482, 'w3': 0.98, 'w4': 0.987, 'w5': 0.136, 'w6': 0.901, 'w7': 0.452, 'w8': 0.07200000000000001, 'max_depth': 8, 'min_child_weight': 2, 'subsample': 0.9000000000000001, 'colsample_bytree': 0.9000000000000001, 'gamma': 2.2}. Best is trial 374 with value: 0.5972984243800201.
