[I 2023-10-11 02:29:49,305] Trial 718 finished with value: 0.5874266392576286 and parameters: {'w0': 0.333, 'w1': 0.664, 'w2': 0.078, 'w3': 0.887, 'w4': 0.9560000000000001, 'w5': 0.40800000000000003, 'w6': 0.974, 'w7': 0.40900000000000003, 'w8': 0.655, 'max_depth': 6, 'min_child_weight': 10, 'subsample': 0.9000000000000001, 'colsample_bytree': 0.9000000000000001, 'gamma': 0.0}. Best is trial 523 with value: 0.6234345839763995.
[I 2023-10-11 02:31:28,796] Trial 719 finished with value: 0.6120634733384419 and parameters: {'w0': 0.309, 'w1': 0.665, 'w2': 0.425, 'w3': 0.888, 'w4': 0.9510000000000001, 'w5': 0.403, 'w6': 0.9460000000000001, 'w7': 0.311, 'w8': 0.651, 'max_depth': 6, 'min_child_weight': 10, 'subsample': 0.9000000000000001, 'colsample_bytree': 0.9000000000000001, 'gamma': 0.0}. Best is trial 523 with value: 0.6234345839763995.
[I 2023-10-11 02:32:05,189] Trial 720 finished with value: 0.6040901425587191 and parameters: {'w0': 0.33, 'w1': 0.663, 'w2': 0.423, 'w3': 0.9470000000000001, 'w4': 0.28700000000000003, 'w5': 0.403, 'w6': 0.973, 'w7': 0.403, 'w8': 0.655, 'max_depth': 6, 'min_child_weight': 10, 'subsample': 0.9000000000000001, 'colsample_bytree': 0.9000000000000001, 'gamma': 0.0}. Best is trial 523 with value: 0.6234345839763995.
[I 2023-10-11 02:33:21,967] Trial 722 finished with value: 0.6165096021101575 and parameters: {'w0': 0.25, 'w1': 0.591, 'w2': 0.42, 'w3': 0.9490000000000001, 'w4': 0.9540000000000001, 'w5': 0.35000000000000003, 'w6': 0.979, 'w7': 0.41300000000000003, 'w8': 0.7020000000000001, 'max_depth': 6, 'min_child_weight': 10, 'subsample': 0.9000000000000001, 'colsample_bytree': 0.9000000000000001, 'gamma': 0.0}. Best is trial 523 with value: 0.6234345839763995.
[I 2023-10-11 02:33:33,872] Trial 721 finished with value: 0.6156729869928426 and parameters: {'w0': 0.329, 'w1': 0.668, 'w2': 0.421, 'w3': 0.9510000000000001, 'w4': 0.9520000000000001, 'w5': 0.398, 'w6': 0.977, 'w7': 0.31, 'w8': 0.6960000000000001, 'max_depth': 6, 'min_child_weight': 10, 'subsample': 0.9000000000000001, 'colsample_bytree': 0.9000000000000001, 'gamma': 0.0}. Best is trial 523 with value: 0.6234345839763995.
[I 2023-10-11 02:33:48,038] Trial 723 finished with value: 0.6168713514630457 and parameters: {'w0': 0.254, 'w1': 0.668, 'w2': 0.418, 'w3': 0.979, 'w4': 0.9530000000000001, 'w5': 0.35200000000000004, 'w6': 0.975, 'w7': 0.40800000000000003, 'w8': 0.757, 'max_depth': 6, 'min_child_weight': 10, 'subsample': 0.9000000000000001, 'colsample_bytree': 0.9000000000000001, 'gamma': 0.0}. Best is trial 523 with value: 0.6234345839763995.
[I 2023-10-11 02:33:55,892] Trial 724 finished with value: 0.5771233948085212 and parameters: {'w0': 0.048, 'w1': 0.664, 'w2': 0.386, 'w3': 0.981, 'w4': 0.9540000000000001, 'w5': 0.35200000000000004, 'w6': 0.976, 'w7': 0.401, 'w8': 0.756, 'max_depth': 6, 'min_child_weight': 10, 'subsample': 0.9000000000000001, 'colsample_bytree': 0.9000000000000001, 'gamma': 0.0}. Best is trial 523 with value: 0.6234345839763995.
[I 2023-10-11 02:34:00,314] Trial 725 finished with value: 0.6189128825641206 and parameters: {'w0': 0.334, 'w1': 0.664, 'w2': 0.391, 'w3': 0.985, 'w4': 0.931, 'w5': 0.38, 'w6': 0.98, 'w7': 0.31, 'w8': 0.652, 'max_depth': 6, 'min_child_weight': 10, 'subsample': 0.9000000000000001, 'colsample_bytree': 0.9000000000000001, 'gamma': 0.0}. Best is trial 523 with value: 0.6234345839763995.
[I 2023-10-11 02:34:59,642] Trial 726 finished with value: 0.6041457563293033 and parameters: {'w0': 0.253, 'w1': 0.593, 'w2': 0.784, 'w3': 0.98, 'w4': 0.9530000000000001, 'w5': 0.35000000000000003, 'w6': 0.977, 'w7': 0.41300000000000003, 'w8': 0.756, 'max_depth': 6, 'min_child_weight': 10, 'subsample': 0.9000000000000001, 'colsample_bytree': 0.9000000000000001, 'gamma': 0.0}. Best is trial 523 with value: 0.6234345839763995.
[I 2023-10-11 02:36:03,684] Trial 728 finished with value: 0.6176108808434058 and parameters: {'w0': 0.333, 'w1': 0.592, 'w2': 0.389, 'w3': 0.985, 'w4': 0.9540000000000001, 'w5': 0.353, 'w6': 0.979, 'w7': 0.40900000000000003, 'w8': 0.753, 'max_depth': 6, 'min_child_weight': 10, 'subsample': 0.9000000000000001, 'colsample_bytree': 0.9000000000000001, 'gamma': 0.0}. Best is trial 523 with value: 0.6234345839763995.
[I 2023-10-11 02:36:36,449] Trial 727 finished with value: 0.6142350685047775 and parameters: {'w0': 0.334, 'w1': 0.594, 'w2': 0.387, 'w3': 0.9510000000000001, 'w4': 0.9530000000000001, 'w5': 0.376, 'w6': 0.981, 'w7': 0.40700000000000003, 'w8': 0.757, 'max_depth': 6, 'min_child_weight': 10, 'subsample': 0.9000000000000001, 'colsample_bytree': 0.9000000000000001, 'gamma': 0.0}. Best is trial 523 with value: 0.6234345839763995.
[I 2023-10-11 02:38:31,396] Trial 730 finished with value: 0.6138854390333033 and parameters: {'w0': 0.249, 'w1': 0.6930000000000001, 'w2': 0.489, 'w3': 0.981, 'w4': 0.9600000000000001, 'w5': 0.354, 'w6': 0.9500000000000001, 'w7': 0.40800000000000003, 'w8': 0.71, 'max_depth': 6, 'min_child_weight': 10, 'subsample': 0.9000000000000001, 'colsample_bytree': 0.9000000000000001, 'gamma': 0.0}. Best is trial 523 with value: 0.6234345839763995.
[I 2023-10-11 02:42:26,160] Trial 738 finished with value: 0.5625482042067085 and parameters: {'w0': 0.254, 'w1': 0.601, 'w2': 0.49, 'w3': 0.983, 'w4': 0.9470000000000001, 'w5': 0.379, 'w6': 0.887, 'w7': 0.305, 'w8': 0.754, 'max_depth': 6, 'min_child_weight': 10, 'subsample': 1.0, 'colsample_bytree': 0.9000000000000001, 'gamma': 6.800000000000001}. Best is trial 523 with value: 0.6234345839763995.
[I 2023-10-11 02:42:53,912] Trial 742 finished with value: 0.5677310875284877 and parameters: {'w0': 0.385, 'w1': 0.589, 'w2': 0.392, 'w3': 0.981, 'w4': 0.9380000000000001, 'w5': 0.378, 'w6': 0.9480000000000001, 'w7': 0.301, 'w8': 0.713, 'max_depth': 6, 'min_child_weight': 10, 'subsample': 1.0, 'colsample_bytree': 0.9000000000000001, 'gamma': 9.4}. Best is trial 523 with value: 0.6234345839763995.
[I 2023-10-11 02:43:10,911] Trial 739 finished with value: 0.579944054183554 and parameters: {'w0': 0.249, 'w1': 0.6930000000000001, 'w2': 0.489, 'w3': 0.986, 'w4': 0.9400000000000001, 'w5': 0.376, 'w6': 0.9480000000000001, 'w7': 0.31, 'w8': 0.756, 'max_depth': 6, 'min_child_weight': 10, 'subsample': 1.0, 'colsample_bytree': 0.9000000000000001, 'gamma': 3.6}. Best is trial 523 with value: 0.6234345839763995.
[I 2023-10-11 02:44:39,641] Trial 743 finished with value: 0.5402365872654331 and parameters: {'w0': 0.362, 'w1': 0.6910000000000001, 'w2': 0.386, 'w3': 0.983, 'w4': 0.934, 'w5': 0.376, 'w6': 0.9450000000000001, 'w7': 0.97, 'w8': 0.714, 'max_depth': 6, 'min_child_weight': 10, 'subsample': 1.0, 'colsample_bytree': 0.9000000000000001, 'gamma': 5.2}. Best is trial 523 with value: 0.6234345839763995.
[I 2023-10-11 02:45:58,111] Trial 731 finished with value: 0.6158009323971471 and parameters: {'w0': 0.25, 'w1': 0.6920000000000001, 'w2': 0.488, 'w3': 0.979, 'w4': 0.9490000000000001, 'w5': 0.355, 'w6': 0.9490000000000001, 'w7': 0.307, 'w8': 0.754, 'max_depth': 6, 'min_child_weight': 10, 'subsample': 0.9000000000000001, 'colsample_bytree': 0.9000000000000001, 'gamma': 0.0}. Best is trial 523 with value: 0.6234345839763995.
[I 2023-10-11 02:46:42,673] Trial 732 finished with value: 0.5802784045486261 and parameters: {'w0': 0.054, 'w1': 0.6920000000000001, 'w2': 0.483, 'w3': 0.9450000000000001, 'w4': 0.961, 'w5': 0.377, 'w6': 0.9490000000000001, 'w7': 0.309, 'w8': 0.709, 'max_depth': 6, 'min_child_weight': 10, 'subsample': 0.9000000000000001, 'colsample_bytree': 0.9000000000000001, 'gamma': 0.0}. Best is trial 523 with value: 0.6234345839763995.
[I 2023-10-11 02:47:01,538] Trial 733 finished with value: 0.6090105868086826 and parameters: {'w0': 0.852, 'w1': 0.591, 'w2': 0.492, 'w3': 0.981, 'w4': 0.9530000000000001, 'w5': 0.378, 'w6': 0.9470000000000001, 'w7': 0.311, 'w8': 0.711, 'max_depth': 6, 'min_child_weight': 10, 'subsample': 0.9000000000000001, 'colsample_bytree': 0.9000000000000001, 'gamma': 0.0}. Best is trial 523 with value: 0.6234345839763995.
[I 2023-10-11 02:47:53,450] Trial 734 finished with value: 0.6103222266707721 and parameters: {'w0': 0.245, 'w1': 0.585, 'w2': 0.47400000000000003, 'w3': 0.982, 'w4': 0.9540000000000001, 'w5': 0.378, 'w6': 0.9440000000000001, 'w7': 0.299, 'w8': 0.711, 'max_depth': 6, 'min_child_weight': 10, 'subsample': 0.9000000000000001, 'colsample_bytree': 0.9000000000000001, 'gamma': 0.0}. Best is trial 523 with value: 0.6234345839763995.
[I 2023-10-11 02:48:15,528] Trial 746 finished with value: 0.5834669388120043 and parameters: {'w0': 0.381, 'w1': 0.6950000000000001, 'w2': 0.47800000000000004, 'w3': 0.978, 'w4': 0.9410000000000001, 'w5': 0.431, 'w6': 0.9510000000000001, 'w7': 0.307, 'w8': 0.72, 'max_depth': 6, 'min_child_weight': 10, 'subsample': 1.0, 'colsample_bytree': 0.9000000000000001, 'gamma': 3.6}. Best is trial 523 with value: 0.6234345839763995.
[I 2023-10-11 02:51:39,426] Trial 735 finished with value: 0.6108065957516661 and parameters: {'w0': 0.25, 'w1': 0.593, 'w2': 0.488, 'w3': 0.979, 'w4': 0.9580000000000001, 'w5': 0.383, 'w6': 0.9430000000000001, 'w7': 0.305, 'w8': 0.655, 'max_depth': 6, 'min_child_weight': 10, 'subsample': 1.0, 'colsample_bytree': 0.9000000000000001, 'gamma': 0.0}. Best is trial 523 with value: 0.6234345839763995.
[I 2023-10-11 02:53:18,530] Trial 736 finished with value: 0.6124122041118407 and parameters: {'w0': 0.248, 'w1': 0.589, 'w2': 0.486, 'w3': 0.985, 'w4': 0.932, 'w5': 0.382, 'w6': 0.9510000000000001, 'w7': 0.302, 'w8': 0.752, 'max_depth': 6, 'min_child_weight': 10, 'subsample': 1.0, 'colsample_bytree': 0.9000000000000001, 'gamma': 0.0}. Best is trial 523 with value: 0.6234345839763995.
[I 2023-10-11 02:53:55,865] Trial 737 finished with value: 0.6217151262887036 and parameters: {'w0': 0.251, 'w1': 0.596, 'w2': 0.384, 'w3': 0.9500000000000001, 'w4': 0.9560000000000001, 'w5': 0.382, 'w6': 0.9480000000000001, 'w7': 0.307, 'w8': 0.712, 'max_depth': 6, 'min_child_weight': 10, 'subsample': 1.0, 'colsample_bytree': 0.9000000000000001, 'gamma': 0.0}. Best is trial 523 with value: 0.6234345839763995.
[I 2023-10-11 02:56:02,514] Trial 740 finished with value: 0.6091433040356659 and parameters: {'w0': 0.764, 'w1': 0.607, 'w2': 0.47700000000000004, 'w3': 0.98, 'w4': 0.937, 'w5': 0.378, 'w6': 0.9440000000000001, 'w7': 0.312, 'w8': 0.718, 'max_depth': 6, 'min_child_weight': 10, 'subsample': 1.0, 'colsample_bytree': 0.9000000000000001, 'gamma': 0.0}. Best is trial 523 with value: 0.6234345839763995.
[I 2023-10-11 02:56:18,211] Trial 741 finished with value: 0.5834146872857611 and parameters: {'w0': 0.252, 'w1': 0.6930000000000001, 'w2': 0.489, 'w3': 0.978, 'w4': 0.9380000000000001, 'w5': 0.38, 'w6': 0.9440000000000001, 'w7': 0.989, 'w8': 0.719, 'max_depth': 6, 'min_child_weight': 10, 'subsample': 1.0, 'colsample_bytree': 0.9000000000000001, 'gamma': 0.0}. Best is trial 523 with value: 0.6234345839763995.
[I 2023-10-11 02:57:32,591] Trial 744 finished with value: 0.6205672705254224 and parameters: {'w0': 0.328, 'w1': 0.6930000000000001, 'w2': 0.392, 'w3': 0.98, 'w4': 0.934, 'w5': 0.378, 'w6': 0.9520000000000001, 'w7': 0.319, 'w8': 0.715, 'max_depth': 6, 'min_child_weight': 10, 'subsample': 1.0, 'colsample_bytree': 0.9000000000000001, 'gamma': 0.0}. Best is trial 523 with value: 0.6234345839763995.
[I 2023-10-11 02:58:40,853] Trial 747 finished with value: 0.608818205157108 and parameters: {'w0': 0.357, 'w1': 0.613, 'w2': 0.467, 'w3': 0.9510000000000001, 'w4': 0.922, 'w5': 0.377, 'w6': 0.9470000000000001, 'w7': 0.316, 'w8': 0.715, 'max_depth': 6, 'min_child_weight': 10, 'subsample': 1.0, 'colsample_bytree': 0.9000000000000001, 'gamma': 0.4}. Best is trial 523 with value: 0.6234345839763995.
[I 2023-10-11 02:58:46,257] Trial 745 finished with value: 0.6054758756093842 and parameters: {'w0': 0.906, 'w1': 0.6960000000000001, 'w2': 0.489, 'w3': 0.979, 'w4': 0.934, 'w5': 0.431, 'w6': 0.9490000000000001, 'w7': 0.304, 'w8': 0.716, 'max_depth': 6, 'min_child_weight': 10, 'subsample': 1.0, 'colsample_bytree': 0.9000000000000001, 'gamma': 0.0}. Best is trial 523 with value: 0.6234345839763995.
[I 2023-10-11 02:59:13,560] Trial 748 finished with value: 0.6137537587410387 and parameters: {'w0': 0.315, 'w1': 0.6950000000000001, 'w2': 0.467, 'w3': 0.9550000000000001, 'w4': 0.932, 'w5': 0.425, 'w6': 0.9470000000000001, 'w7': 0.318, 'w8': 0.715, 'max_depth': 6, 'min_child_weight': 10, 'subsample': 1.0, 'colsample_bytree': 0.9000000000000001, 'gamma': 0.4}. Best is trial 523 with value: 0.6234345839763995.
[I 2023-10-11 02:59:46,434] Trial 749 finished with value: 0.6160539259118593 and parameters: {'w0': 0.365, 'w1': 0.6920000000000001, 'w2': 0.467, 'w3': 0.9520000000000001, 'w4': 0.849, 'w5': 0.375, 'w6': 0.9480000000000001, 'w7': 0.36, 'w8': 0.717, 'max_depth': 6, 'min_child_weight': 10, 'subsample': 1.0, 'colsample_bytree': 0.9000000000000001, 'gamma': 0.4}. Best is trial 523 with value: 0.6234345839763995.
[I 2023-10-11 03:01:20,865] Trial 750 finished with value: 0.6154551877278613 and parameters: {'w0': 0.319, 'w1': 0.613, 'w2': 0.468, 'w3': 0.9510000000000001, 'w4': 0.848, 'w5': 0.423, 'w6': 0.9490000000000001, 'w7': 0.357, 'w8': 0.714, 'max_depth': 6, 'min_child_weight': 10, 'subsample': 1.0, 'colsample_bytree': 0.9000000000000001, 'gamma': 0.4}. Best is trial 523 with value: 0.6234345839763995.
[I 2023-10-11 03:02:56,854] Trial 751 finished with value: 0.6196573020790261 and parameters: {'w0': 0.371, 'w1': 0.629, 'w2': 0.389, 'w3': 0.9510000000000001, 'w4': 0.849, 'w5': 0.426, 'w6': 0.9450000000000001, 'w7': 0.358, 'w8': 0.715, 'max_depth': 6, 'min_child_weight': 12, 'subsample': 1.0, 'colsample_bytree': 0.9000000000000001, 'gamma': 0.4}. Best is trial 523 with value: 0.6234345839763995.
[I 2023-10-11 03:03:30,736] Trial 752 finished with value: 0.6132834430555338 and parameters: {'w0': 0.375, 'w1': 0.619, 'w2': 0.47100000000000003, 'w3': 0.9600000000000001, 'w4': 0.856, 'w5': 0.425, 'w6': 0.933, 'w7': 0.357, 'w8': 0.653, 'max_depth': 6, 'min_child_weight': 12, 'subsample': 1.0, 'colsample_bytree': 0.8, 'gamma': 0.4}. Best is trial 523 with value: 0.6234345839763995.
[I 2023-10-11 03:03:45,818] Trial 753 finished with value: 0.6118755465467896 and parameters: {'w0': 0.315, 'w1': 0.607, 'w2': 0.47100000000000003, 'w3': 0.9490000000000001, 'w4': 0.8300000000000001, 'w5': 0.429, 'w6': 0.936, 'w7': 0.36, 'w8': 0.718, 'max_depth': 6, 'min_child_weight': 12, 'subsample': 1.0, 'colsample_bytree': 0.9000000000000001, 'gamma': 0.4}. Best is trial 523 with value: 0.6234345839763995.
[I 2023-10-11 03:04:08,931] Trial 755 finished with value: 0.60107675984104 and parameters: {'w0': 0.369, 'w1': 0.624, 'w2': 0.446, 'w3': 0.9550000000000001, 'w4': 0.92, 'w5': 0.433, 'w6': 0.246, 'w7': 0.365, 'w8': 0.662, 'max_depth': 6, 'min_child_weight': 12, 'subsample': 1.0, 'colsample_bytree': 0.8, 'gamma': 0.4}. Best is trial 523 with value: 0.6234345839763995.
[I 2023-10-11 03:04:44,575] Trial 754 finished with value: 0.6148509349258334 and parameters: {'w0': 0.319, 'w1': 0.625, 'w2': 0.47000000000000003, 'w3': 0.9520000000000001, 'w4': 0.922, 'w5': 0.433, 'w6': 0.931, 'w7': 0.365, 'w8': 0.648, 'max_depth': 6, 'min_child_weight': 12, 'subsample': 1.0, 'colsample_bytree': 0.9000000000000001, 'gamma': 0.4}. Best is trial 523 with value: 0.6234345839763995.
[I 2023-10-11 03:08:30,243] Trial 763 finished with value: 0.5732986489363928 and parameters: {'w0': 0.339, 'w1': 0.5, 'w2': 0.393, 'w3': 0.9530000000000001, 'w4': 0.914, 'w5': 0.429, 'w6': 0.969, 'w7': 0.28500000000000003, 'w8': 0.652, 'max_depth': 6, 'min_child_weight': 8, 'subsample': 1.0, 'colsample_bytree': 0.9000000000000001, 'gamma': 6.0}. Best is trial 523 with value: 0.6234345839763995.
[I 2023-10-11 03:08:32,543] Trial 756 finished with value: 0.6137670949115588 and parameters: {'w0': 0.316, 'w1': 0.619, 'w2': 0.39, 'w3': 0.962, 'w4': 0.918, 'w5': 0.432, 'w6': 0.889, 'w7': 0.36, 'w8': 0.718, 'max_depth': 6, 'min_child_weight': 12, 'subsample': 1.0, 'colsample_bytree': 0.9000000000000001, 'gamma': 0.4}. Best is trial 523 with value: 0.6234345839763995.
[I 2023-10-11 03:10:14,724] Trial 758 finished with value: 0.6170176443017956 and parameters: {'w0': 0.268, 'w1': 0.613, 'w2': 0.39, 'w3': 0.9520000000000001, 'w4': 0.8270000000000001, 'w5': 0.423, 'w6': 0.93, 'w7': 0.358, 'w8': 0.714, 'max_depth': 6, 'min_child_weight': 10, 'subsample': 1.0, 'colsample_bytree': 0.9000000000000001, 'gamma': 0.4}. Best is trial 523 with value: 0.6234345839763995.
[I 2023-10-11 03:10:33,452] Trial 757 finished with value: 0.6120281157928518 and parameters: {'w0': 0.372, 'w1': 0.619, 'w2': 0.449, 'w3': 0.9520000000000001, 'w4': 0.916, 'w5': 0.431, 'w6': 0.928, 'w7': 0.359, 'w8': 0.713, 'max_depth': 6, 'min_child_weight': 12, 'subsample': 1.0, 'colsample_bytree': 0.9000000000000001, 'gamma': 0.4}. Best is trial 523 with value: 0.6234345839763995.
[I 2023-10-11 03:12:07,471] Trial 760 finished with value: 0.609995498724412 and parameters: {'w0': 0.262, 'w1': 0.62, 'w2': 0.458, 'w3': 0.9510000000000001, 'w4': 0.8300000000000001, 'w5': 0.299, 'w6': 0.931, 'w7': 0.279, 'w8': 0.646, 'max_depth': 6, 'min_child_weight': 10, 'subsample': 1.0, 'colsample_bytree': 0.9000000000000001, 'gamma': 0.4}. Best is trial 523 with value: 0.6234345839763995.
[I 2023-10-11 03:12:12,420] Trial 767 finished with value: 0.5504600500188696 and parameters: {'w0': 0.372, 'w1': 0.53, 'w2': 0.384, 'w3': 0.999, 'w4': 0.834, 'w5': 0.438, 'w6': 0.985, 'w7': 0.29, 'w8': 0.178, 'max_depth': 6, 'min_child_weight': 12, 'subsample': 1.0, 'colsample_bytree': 0.8, 'gamma': 5.6000000000000005}. Best is trial 523 with value: 0.6234345839763995.
[I 2023-10-11 03:12:24,517] Trial 759 finished with value: 0.6130354000348828 and parameters: {'w0': 0.265, 'w1': 0.619, 'w2': 0.394, 'w3': 0.9480000000000001, 'w4': 0.8210000000000001, 'w5': 0.438, 'w6': 0.929, 'w7': 0.361, 'w8': 0.66, 'max_depth': 6, 'min_child_weight': 10, 'subsample': 1.0, 'colsample_bytree': 0.9000000000000001, 'gamma': 0.4}. Best is trial 523 with value: 0.6234345839763995.
[I 2023-10-11 03:13:40,905] Trial 761 finished with value: 0.6129321035382195 and parameters: {'w0': 0.358, 'w1': 0.6880000000000001, 'w2': 0.394, 'w3': 1.0, 'w4': 0.924, 'w5': 0.431, 'w6': 0.966, 'w7': 0.28700000000000003, 'w8': 0.653, 'max_depth': 6, 'min_child_weight': 10, 'subsample': 1.0, 'colsample_bytree': 0.9000000000000001, 'gamma': 0.4}. Best is trial 523 with value: 0.6234345839763995.
[I 2023-10-11 03:19:11,192] Trial 762 finished with value: 0.619661796395689 and parameters: {'w0': 0.337, 'w1': 0.6940000000000001, 'w2': 0.394, 'w3': 0.191, 'w4': 0.916, 'w5': 0.427, 'w6': 0.967, 'w7': 0.324, 'w8': 0.654, 'max_depth': 6, 'min_child_weight': 10, 'subsample': 1.0, 'colsample_bytree': 0.8, 'gamma': 0.2}. Best is trial 523 with value: 0.6234345839763995.
[I 2023-10-11 03:19:54,521] Trial 764 finished with value: 0.6116450987828878 and parameters: {'w0': 0.371, 'w1': 0.625, 'w2': 0.392, 'w3': 0.9530000000000001, 'w4': 0.925, 'w5': 0.431, 'w6': 0.972, 'w7': 0.271, 'w8': 0.664, 'max_depth': 6, 'min_child_weight': 10, 'subsample': 1.0, 'colsample_bytree': 0.8, 'gamma': 0.2}. Best is trial 523 with value: 0.6234345839763995.
[I 2023-10-11 03:20:42,755] Trial 765 finished with value: 0.6189608448313013 and parameters: {'w0': 0.33, 'w1': 0.625, 'w2': 0.385, 'w3': 1.0, 'w4': 0.912, 'w5': 0.431, 'w6': 0.967, 'w7': 0.324, 'w8': 0.655, 'max_depth': 6, 'min_child_weight': 10, 'subsample': 1.0, 'colsample_bytree': 0.8, 'gamma': 0.2}. Best is trial 523 with value: 0.6234345839763995.
[I 2023-10-11 03:21:35,437] Trial 778 finished with value: 0.5781639153722458 and parameters: {'w0': 0.337, 'w1': 0.658, 'w2': 0.386, 'w3': 0.913, 'w4': 0.969, 'w5': 0.466, 'w6': 0.97, 'w7': 0.323, 'w8': 0.746, 'max_depth': 6, 'min_child_weight': 12, 'subsample': 1.0, 'colsample_bytree': 0.9000000000000001, 'gamma': 7.4}. Best is trial 523 with value: 0.6234345839763995.
[I 2023-10-11 03:21:46,352] Trial 766 finished with value: 0.6145772169131667 and parameters: {'w0': 0.373, 'w1': 0.525, 'w2': 0.38, 'w3': 0.912, 'w4': 0.914, 'w5': 0.432, 'w6': 0.971, 'w7': 0.279, 'w8': 0.657, 'max_depth': 6, 'min_child_weight': 8, 'subsample': 1.0, 'colsample_bytree': 0.8, 'gamma': 0.2}. Best is trial 523 with value: 0.6234345839763995.
[I 2023-10-11 03:24:21,931] Trial 770 finished with value: 0.6158110392415266 and parameters: {'w0': 0.341, 'w1': 0.626, 'w2': 0.385, 'w3': 0.219, 'w4': 0.8320000000000001, 'w5': 0.426, 'w6': 0.975, 'w7': 0.28600000000000003, 'w8': 0.47000000000000003, 'max_depth': 6, 'min_child_weight': 12, 'subsample': 1.0, 'colsample_bytree': 0.9000000000000001, 'gamma': 0.2}. Best is trial 523 with value: 0.6234345839763995.
[I 2023-10-11 03:24:33,799] Trial 769 finished with value: 0.6184923685061594 and parameters: {'w0': 0.367, 'w1': 0.628, 'w2': 0.379, 'w3': 0.998, 'w4': 0.969, 'w5': 0.429, 'w6': 1.0, 'w7': 0.325, 'w8': 0.663, 'max_depth': 6, 'min_child_weight': 12, 'subsample': 1.0, 'colsample_bytree': 0.8, 'gamma': 0.2}. Best is trial 523 with value: 0.6234345839763995.
[I 2023-10-11 03:24:54,788] Trial 768 finished with value: 0.6182535435235292 and parameters: {'w0': 0.341, 'w1': 0.621, 'w2': 0.382, 'w3': 0.916, 'w4': 0.841, 'w5': 0.437, 'w6': 0.975, 'w7': 0.324, 'w8': 0.667, 'max_depth': 6, 'min_child_weight': 12, 'subsample': 1.0, 'colsample_bytree': 0.9000000000000001, 'gamma': 0.2}. Best is trial 523 with value: 0.6234345839763995.
[I 2023-10-11 03:25:20,984] Trial 771 finished with value: 0.6131130637934659 and parameters: {'w0': 0.34400000000000003, 'w1': 0.657, 'w2': 0.384, 'w3': 0.217, 'w4': 0.8330000000000001, 'w5': 0.425, 'w6': 0.975, 'w7': 0.326, 'w8': 0.6960000000000001, 'max_depth': 6, 'min_child_weight': 8, 'subsample': 1.0, 'colsample_bytree': 0.9000000000000001, 'gamma': 0.2}. Best is trial 523 with value: 0.6234345839763995.
