[I 2023-10-13 12:27:20,797] Trial 291 finished with value: 0.46652298405745585 and parameters: {'w0': 0.363, 'w1': 0.919, 'w2': 0.47500000000000003, 'w3': 0.40900000000000003, 'w4': 0.062, 'w5': 0.131, 'w6': 0.891, 'w7': 0.312, 'w8': 0.9400000000000001, 'max_depth': 6, 'min_child_weight': 4, 'subsample': 0.7, 'colsample_bytree': 0.5, 'gamma': 7.4}. Best is trial 237 with value: 0.5045344311819274.
[I 2023-10-13 12:27:36,707] Trial 284 finished with value: 0.4939085603883074 and parameters: {'w0': 0.367, 'w1': 0.926, 'w2': 0.47600000000000003, 'w3': 0.447, 'w4': 0.359, 'w5': 0.061, 'w6': 0.857, 'w7': 0.3, 'w8': 0.9390000000000001, 'max_depth': 6, 'min_child_weight': 4, 'subsample': 0.7, 'colsample_bytree': 0.4, 'gamma': 2.0}. Best is trial 237 with value: 0.5045344311819274.
[I 2023-10-13 12:28:11,543] Trial 285 finished with value: 0.49480516280026593 and parameters: {'w0': 0.34700000000000003, 'w1': 0.924, 'w2': 0.47300000000000003, 'w3': 0.448, 'w4': 0.159, 'w5': 0.054, 'w6': 0.869, 'w7': 0.332, 'w8': 0.887, 'max_depth': 6, 'min_child_weight': 4, 'subsample': 0.7, 'colsample_bytree': 0.4, 'gamma': 2.0}. Best is trial 237 with value: 0.5045344311819274.
[I 2023-10-13 12:29:32,326] Trial 286 finished with value: 0.49681394099309195 and parameters: {'w0': 0.34700000000000003, 'w1': 0.923, 'w2': 0.47300000000000003, 'w3': 0.399, 'w4': 0.089, 'w5': 0.081, 'w6': 0.852, 'w7': 0.301, 'w8': 0.934, 'max_depth': 6, 'min_child_weight': 4, 'subsample': 0.7, 'colsample_bytree': 0.4, 'gamma': 2.0}. Best is trial 237 with value: 0.5045344311819274.
[I 2023-10-13 12:29:48,353] Trial 287 finished with value: 0.47135639952347447 and parameters: {'w0': 0.369, 'w1': 0.921, 'w2': 0.159, 'w3': 0.447, 'w4': 0.079, 'w5': 0.128, 'w6': 0.889, 'w7': 0.315, 'w8': 0.9450000000000001, 'max_depth': 6, 'min_child_weight': 4, 'subsample': 0.7, 'colsample_bytree': 0.4, 'gamma': 2.0}. Best is trial 237 with value: 0.5045344311819274.
[I 2023-10-13 12:30:38,204] Trial 288 finished with value: 0.4656180949283053 and parameters: {'w0': 0.363, 'w1': 0.909, 'w2': 0.481, 'w3': 0.448, 'w4': 0.083, 'w5': 0.013000000000000001, 'w6': 0.846, 'w7': 0.304, 'w8': 0.9480000000000001, 'max_depth': 6, 'min_child_weight': 2, 'subsample': 0.7, 'colsample_bytree': 0.5, 'gamma': 2.0}. Best is trial 237 with value: 0.5045344311819274.
[I 2023-10-13 12:30:51,861] Trial 289 finished with value: 0.4709994674762905 and parameters: {'w0': 0.342, 'w1': 0.921, 'w2': 0.47300000000000003, 'w3': 0.404, 'w4': 0.068, 'w5': 0.016, 'w6': 0.86, 'w7': 0.31, 'w8': 0.935, 'max_depth': 5, 'min_child_weight': 4, 'subsample': 0.7, 'colsample_bytree': 0.5, 'gamma': 2.0}. Best is trial 237 with value: 0.5045344311819274.
[I 2023-10-13 12:31:43,647] Trial 290 finished with value: 0.4993085745918129 and parameters: {'w0': 0.35200000000000004, 'w1': 0.914, 'w2': 0.467, 'w3': 0.399, 'w4': 0.061, 'w5': 0.126, 'w6': 0.892, 'w7': 0.316, 'w8': 0.936, 'max_depth': 6, 'min_child_weight': 4, 'subsample': 0.7, 'colsample_bytree': 0.5, 'gamma': 2.0}. Best is trial 237 with value: 0.5045344311819274.
[I 2023-10-13 12:32:01,412] Trial 292 finished with value: 0.46780797800537244 and parameters: {'w0': 0.452, 'w1': 0.991, 'w2': 0.15, 'w3': 0.403, 'w4': 0.085, 'w5': 0.128, 'w6': 0.895, 'w7': 0.323, 'w8': 0.9410000000000001, 'max_depth': 6, 'min_child_weight': 2, 'subsample': 0.7, 'colsample_bytree': 0.5, 'gamma': 2.0}. Best is trial 237 with value: 0.5045344311819274.
[I 2023-10-13 12:32:25,078] Trial 293 finished with value: 0.4959807389648117 and parameters: {'w0': 0.377, 'w1': 0.919, 'w2': 0.481, 'w3': 0.372, 'w4': 0.065, 'w5': 0.08600000000000001, 'w6': 0.891, 'w7': 0.319, 'w8': 0.9420000000000001, 'max_depth': 6, 'min_child_weight': 2, 'subsample': 0.7, 'colsample_bytree': 0.5, 'gamma': 2.0}. Best is trial 237 with value: 0.5045344311819274.
[I 2023-10-13 12:34:23,664] Trial 294 finished with value: 0.4971369538672848 and parameters: {'w0': 0.34700000000000003, 'w1': 0.919, 'w2': 0.483, 'w3': 0.398, 'w4': 0.075, 'w5': 0.131, 'w6': 0.891, 'w7': 0.316, 'w8': 0.935, 'max_depth': 6, 'min_child_weight': 2, 'subsample': 0.7, 'colsample_bytree': 0.5, 'gamma': 2.2}. Best is trial 237 with value: 0.5045344311819274.
[I 2023-10-13 12:36:05,944] Trial 295 finished with value: 0.4963369745897454 and parameters: {'w0': 0.34800000000000003, 'w1': 0.924, 'w2': 0.47700000000000004, 'w3': 0.611, 'w4': 0.14100000000000001, 'w5': 0.13, 'w6': 0.888, 'w7': 0.314, 'w8': 0.9390000000000001, 'max_depth': 6, 'min_child_weight': 2, 'subsample': 0.7, 'colsample_bytree': 0.5, 'gamma': 2.0}. Best is trial 237 with value: 0.5045344311819274.
[I 2023-10-13 12:36:14,949] Trial 298 finished with value: 0.39959573379076874 and parameters: {'w0': 0.281, 'w1': 0.999, 'w2': 0.484, 'w3': 0.398, 'w4': 0.136, 'w5': 0.005, 'w6': 0.896, 'w7': 0.373, 'w8': 0.9430000000000001, 'max_depth': 5, 'min_child_weight': 2, 'subsample': 0.7, 'colsample_bytree': 0.5, 'gamma': 2.8000000000000003}. Best is trial 237 with value: 0.5045344311819274.
[I 2023-10-13 12:36:38,095] Trial 296 finished with value: 0.44896533576418285 and parameters: {'w0': 0.369, 'w1': 0.999, 'w2': 0.48000000000000004, 'w3': 0.368, 'w4': 0.07, 'w5': 0.009000000000000001, 'w6': 0.891, 'w7': 0.325, 'w8': 0.936, 'max_depth': 5, 'min_child_weight': 2, 'subsample': 0.7, 'colsample_bytree': 0.5, 'gamma': 2.0}. Best is trial 237 with value: 0.5045344311819274.
[I 2023-10-13 12:36:57,816] Trial 297 finished with value: 0.37130893914334984 and parameters: {'w0': 0.364, 'w1': 0.928, 'w2': 0.11800000000000001, 'w3': 0.368, 'w4': 0.07100000000000001, 'w5': 0.004, 'w6': 0.893, 'w7': 0.325, 'w8': 0.932, 'max_depth': 6, 'min_child_weight': 2, 'subsample': 0.7, 'colsample_bytree': 0.5, 'gamma': 2.0}. Best is trial 237 with value: 0.5045344311819274.
[I 2023-10-13 12:37:14,813] Trial 299 finished with value: 0.38084348396934353 and parameters: {'w0': 0.463, 'w1': 1.0, 'w2': 0.47300000000000003, 'w3': 0.521, 'w4': 0.057, 'w5': 0.004, 'w6': 0.891, 'w7': 0.438, 'w8': 0.9410000000000001, 'max_depth': 6, 'min_child_weight': 2, 'subsample': 0.7, 'colsample_bytree': 0.5, 'gamma': 2.8000000000000003}. Best is trial 237 with value: 0.5045344311819274.
[I 2023-10-13 12:37:57,310] Trial 300 finished with value: 0.4546511199317692 and parameters: {'w0': 0.451, 'w1': 1.0, 'w2': 0.483, 'w3': 0.164, 'w4': 0.113, 'w5': 0.016, 'w6': 0.891, 'w7': 0.378, 'w8': 0.969, 'max_depth': 5, 'min_child_weight': 2, 'subsample': 0.7, 'colsample_bytree': 0.5, 'gamma': 2.8000000000000003}. Best is trial 237 with value: 0.5045344311819274.
[I 2023-10-13 12:38:50,017] Trial 302 finished with value: 0.451487427182202 and parameters: {'w0': 0.448, 'w1': 0.995, 'w2': 0.422, 'w3': 0.156, 'w4': 0.116, 'w5': 0.014000000000000002, 'w6': 0.895, 'w7': 0.438, 'w8': 0.967, 'max_depth': 6, 'min_child_weight': 2, 'subsample': 0.7, 'colsample_bytree': 0.5, 'gamma': 2.8000000000000003}. Best is trial 237 with value: 0.5045344311819274.
[I 2023-10-13 12:39:41,424] Trial 304 finished with value: 0.3375176127880186 and parameters: {'w0': 0.462, 'w1': 0.993, 'w2': 0.428, 'w3': 0.513, 'w4': 0.11900000000000001, 'w5': 0.003, 'w6': 0.122, 'w7': 0.373, 'w8': 0.968, 'max_depth': 5, 'min_child_weight': 2, 'subsample': 0.7, 'colsample_bytree': 0.5, 'gamma': 2.8000000000000003}. Best is trial 237 with value: 0.5045344311819274.
[I 2023-10-13 12:40:05,477] Trial 301 finished with value: 0.47490240855257426 and parameters: {'w0': 0.452, 'w1': 0.999, 'w2': 0.49, 'w3': 0.366, 'w4': 0.165, 'w5': 0.017, 'w6': 0.902, 'w7': 0.438, 'w8': 0.963, 'max_depth': 6, 'min_child_weight': 2, 'subsample': 0.7, 'colsample_bytree': 0.5, 'gamma': 2.2}. Best is trial 237 with value: 0.5045344311819274.
[I 2023-10-13 12:41:46,044] Trial 305 finished with value: 0.4954950187306503 and parameters: {'w0': 0.452, 'w1': 0.998, 'w2': 0.426, 'w3': 0.483, 'w4': 0.125, 'w5': 0.131, 'w6': 0.902, 'w7': 0.373, 'w8': 0.974, 'max_depth': 5, 'min_child_weight': 2, 'subsample': 0.7, 'colsample_bytree': 0.5, 'gamma': 2.8000000000000003}. Best is trial 237 with value: 0.5045344311819274.
[I 2023-10-13 12:41:46,484] Trial 303 finished with value: 0.4095691790009683 and parameters: {'w0': 0.46, 'w1': 0.997, 'w2': 0.49, 'w3': 0.361, 'w4': 0.177, 'w5': 0.005, 'w6': 0.894, 'w7': 0.439, 'w8': 0.9590000000000001, 'max_depth': 6, 'min_child_weight': 2, 'subsample': 0.7, 'colsample_bytree': 0.5, 'gamma': 2.2}. Best is trial 237 with value: 0.5045344311819274.
[I 2023-10-13 12:41:48,282] Trial 306 finished with value: 0.4846873182822437 and parameters: {'w0': 0.458, 'w1': 0.985, 'w2': 0.422, 'w3': 0.158, 'w4': 0.17400000000000002, 'w5': 0.11900000000000001, 'w6': 0.899, 'w7': 0.44, 'w8': 0.963, 'max_depth': 6, 'min_child_weight': 2, 'subsample': 0.7, 'colsample_bytree': 0.5, 'gamma': 2.8000000000000003}. Best is trial 237 with value: 0.5045344311819274.
[I 2023-10-13 12:42:57,041] Trial 308 finished with value: 0.4974126861190885 and parameters: {'w0': 0.458, 'w1': 0.99, 'w2': 0.42, 'w3': 0.366, 'w4': 0.17500000000000002, 'w5': 0.092, 'w6': 0.896, 'w7': 0.372, 'w8': 0.976, 'max_depth': 6, 'min_child_weight': 6, 'subsample': 0.7, 'colsample_bytree': 0.5, 'gamma': 2.8000000000000003}. Best is trial 237 with value: 0.5045344311819274.
[I 2023-10-13 12:43:16,089] Trial 309 finished with value: 0.3417805630476528 and parameters: {'w0': 0.453, 'w1': 0.999, 'w2': 0.423, 'w3': 0.366, 'w4': 0.17400000000000002, 'w5': 0.001, 'w6': 0.929, 'w7': 0.442, 'w8': 0.967, 'max_depth': 6, 'min_child_weight': 2, 'subsample': 0.7, 'colsample_bytree': 0.5, 'gamma': 2.8000000000000003}. Best is trial 237 with value: 0.5045344311819274.
[I 2023-10-13 12:45:28,504] Trial 310 finished with value: 0.4996009255099373 and parameters: {'w0': 0.456, 'w1': 0.936, 'w2': 0.419, 'w3': 0.514, 'w4': 0.14500000000000002, 'w5': 0.115, 'w6': 0.925, 'w7': 0.372, 'w8': 0.978, 'max_depth': 6, 'min_child_weight': 6, 'subsample': 0.7, 'colsample_bytree': 0.5, 'gamma': 2.8000000000000003}. Best is trial 237 with value: 0.5045344311819274.
[I 2023-10-13 12:45:42,702] Trial 307 finished with value: 0.5038532023059673 and parameters: {'w0': 0.453, 'w1': 0.991, 'w2': 0.421, 'w3': 0.47900000000000004, 'w4': 0.17, 'w5': 0.11800000000000001, 'w6': 0.897, 'w7': 0.372, 'w8': 0.963, 'max_depth': 6, 'min_child_weight': 6, 'subsample': 0.7, 'colsample_bytree': 0.5, 'gamma': 1.8}. Best is trial 237 with value: 0.5045344311819274.
[I 2023-10-13 12:46:41,719] Trial 317 finished with value: 0.46176553631456885 and parameters: {'w0': 0.28900000000000003, 'w1': 0.899, 'w2': 0.424, 'w3': 0.516, 'w4': 0.028, 'w5': 0.08700000000000001, 'w6': 0.935, 'w7': 0.368, 'w8': 0.977, 'max_depth': 6, 'min_child_weight': 6, 'subsample': 0.7, 'colsample_bytree': 0.5, 'gamma': 9.4}. Best is trial 237 with value: 0.5045344311819274.
[I 2023-10-13 12:46:55,206] Trial 312 finished with value: 0.4947775101565499 and parameters: {'w0': 0.306, 'w1': 0.999, 'w2': 0.42, 'w3': 0.516, 'w4': 0.015, 'w5': 0.092, 'w6': 0.933, 'w7': 0.443, 'w8': 0.977, 'max_depth': 6, 'min_child_weight': 6, 'subsample': 0.7, 'colsample_bytree': 0.5, 'gamma': 2.8000000000000003}. Best is trial 237 with value: 0.5045344311819274.
[I 2023-10-13 12:47:39,674] Trial 313 finished with value: 0.49688658708059136 and parameters: {'w0': 0.452, 'w1': 0.9430000000000001, 'w2': 0.421, 'w3': 0.517, 'w4': 0.114, 'w5': 0.089, 'w6': 0.9380000000000001, 'w7': 0.443, 'w8': 0.968, 'max_depth': 6, 'min_child_weight': 6, 'subsample': 0.7, 'colsample_bytree': 0.5, 'gamma': 2.8000000000000003}. Best is trial 237 with value: 0.5045344311819274.
[I 2023-10-13 12:47:42,173] Trial 314 finished with value: 0.49488816683738274 and parameters: {'w0': 0.308, 'w1': 0.904, 'w2': 0.381, 'w3': 0.51, 'w4': 0.459, 'w5': 0.093, 'w6': 0.927, 'w7': 0.401, 'w8': 0.916, 'max_depth': 6, 'min_child_weight': 6, 'subsample': 0.7, 'colsample_bytree': 0.5, 'gamma': 2.8000000000000003}. Best is trial 237 with value: 0.5045344311819274.
[I 2023-10-13 12:48:57,841] Trial 319 finished with value: 0.48428906341227546 and parameters: {'w0': 0.48000000000000004, 'w1': 0.9410000000000001, 'w2': 0.42, 'w3': 0.47400000000000003, 'w4': 0.04, 'w5': 0.092, 'w6': 0.932, 'w7': 0.405, 'w8': 0.98, 'max_depth': 6, 'min_child_weight': 6, 'subsample': 0.7, 'colsample_bytree': 0.5, 'gamma': 5.2}. Best is trial 237 with value: 0.5045344311819274.
[I 2023-10-13 12:49:09,807] Trial 311 finished with value: 0.49709108798017265 and parameters: {'w0': 0.321, 'w1': 0.993, 'w2': 0.425, 'w3': 0.516, 'w4': 0.128, 'w5': 0.091, 'w6': 0.903, 'w7': 0.44, 'w8': 0.97, 'max_depth': 5, 'min_child_weight': 6, 'subsample': 0.7, 'colsample_bytree': 0.5, 'gamma': 1.8}. Best is trial 237 with value: 0.5045344311819274.
[I 2023-10-13 12:51:13,949] Trial 324 finished with value: 0.45602859052947914 and parameters: {'w0': 0.638, 'w1': 0.9, 'w2': 0.384, 'w3': 0.518, 'w4': 0.043000000000000003, 'w5': 0.091, 'w6': 0.932, 'w7': 0.40900000000000003, 'w8': 0.862, 'max_depth': 6, 'min_child_weight': 2, 'subsample': 0.7, 'colsample_bytree': 0.5, 'gamma': 9.8}. Best is trial 237 with value: 0.5045344311819274.
[I 2023-10-13 12:51:27,973] Trial 315 finished with value: 0.498390811256078 and parameters: {'w0': 0.641, 'w1': 0.9410000000000001, 'w2': 0.424, 'w3': 0.47600000000000003, 'w4': 0.019000000000000003, 'w5': 0.08800000000000001, 'w6': 0.931, 'w7': 0.401, 'w8': 0.968, 'max_depth': 6, 'min_child_weight': 6, 'subsample': 0.7, 'colsample_bytree': 0.5, 'gamma': 1.8}. Best is trial 237 with value: 0.5045344311819274.
[I 2023-10-13 12:51:57,197] Trial 316 finished with value: 0.48811989025676106 and parameters: {'w0': 0.637, 'w1': 0.9420000000000001, 'w2': 0.42, 'w3': 0.483, 'w4': 0.11900000000000001, 'w5': 0.09, 'w6': 0.928, 'w7': 0.373, 'w8': 0.33, 'max_depth': 6, 'min_child_weight': 2, 'subsample': 0.7, 'colsample_bytree': 0.5, 'gamma': 1.6}. Best is trial 237 with value: 0.5045344311819274.
[I 2023-10-13 12:53:33,622] Trial 318 finished with value: 0.4964030066552826 and parameters: {'w0': 0.296, 'w1': 0.9460000000000001, 'w2': 0.422, 'w3': 0.47900000000000004, 'w4': 0.18, 'w5': 0.093, 'w6': 0.93, 'w7': 0.255, 'w8': 0.98, 'max_depth': 6, 'min_child_weight': 6, 'subsample': 0.7, 'colsample_bytree': 0.5, 'gamma': 1.6}. Best is trial 237 with value: 0.5045344311819274.
[I 2023-10-13 12:54:47,974] Trial 321 finished with value: 0.46548089824636296 and parameters: {'w0': 0.519, 'w1': 0.9430000000000001, 'w2': 0.23700000000000002, 'w3': 0.486, 'w4': 0.015, 'w5': 0.09, 'w6': 0.932, 'w7': 0.07200000000000001, 'w8': 0.989, 'max_depth': 6, 'min_child_weight': 6, 'subsample': 0.7, 'colsample_bytree': 0.5, 'gamma': 1.6}. Best is trial 237 with value: 0.5045344311819274.
[I 2023-10-13 12:55:57,127] Trial 320 finished with value: 0.503407409540689 and parameters: {'w0': 0.41600000000000004, 'w1': 0.9, 'w2': 0.419, 'w3': 0.48000000000000004, 'w4': 0.042, 'w5': 0.08600000000000001, 'w6': 0.933, 'w7': 0.40700000000000003, 'w8': 0.92, 'max_depth': 6, 'min_child_weight': 2, 'subsample': 0.7, 'colsample_bytree': 0.5, 'gamma': 1.6}. Best is trial 237 with value: 0.5045344311819274.
[I 2023-10-13 12:56:24,395] Trial 322 finished with value: 0.5032636159082798 and parameters: {'w0': 0.52, 'w1': 0.9420000000000001, 'w2': 0.423, 'w3': 0.483, 'w4': 0.019000000000000003, 'w5': 0.089, 'w6': 0.931, 'w7': 0.401, 'w8': 0.915, 'max_depth': 6, 'min_child_weight': 2, 'subsample': 0.7, 'colsample_bytree': 0.5, 'gamma': 1.6}. Best is trial 237 with value: 0.5045344311819274.
[I 2023-10-13 12:57:40,669] Trial 323 finished with value: 0.5007861832438142 and parameters: {'w0': 0.484, 'w1': 0.9430000000000001, 'w2': 0.385, 'w3': 0.47900000000000004, 'w4': 0.451, 'w5': 0.092, 'w6': 0.934, 'w7': 0.402, 'w8': 0.858, 'max_depth': 6, 'min_child_weight': 6, 'subsample': 0.7, 'colsample_bytree': 0.5, 'gamma': 1.6}. Best is trial 237 with value: 0.5045344311819274.
[I 2023-10-13 13:00:15,307] Trial 326 finished with value: 0.48650676022456113 and parameters: {'w0': 0.41400000000000003, 'w1': 0.9470000000000001, 'w2': 0.381, 'w3': 0.517, 'w4': 0.449, 'w5': 0.149, 'w6': 0.269, 'w7': 0.405, 'w8': 0.865, 'max_depth': 6, 'min_child_weight': 6, 'subsample': 0.7, 'colsample_bytree': 0.5, 'gamma': 1.6}. Best is trial 237 with value: 0.5045344311819274.
[I 2023-10-13 13:01:04,936] Trial 325 finished with value: 0.5035415593114922 and parameters: {'w0': 0.483, 'w1': 0.9460000000000001, 'w2': 0.384, 'w3': 0.517, 'w4': 0.458, 'w5': 0.111, 'w6': 0.934, 'w7': 0.401, 'w8': 0.917, 'max_depth': 6, 'min_child_weight': 6, 'subsample': 0.7, 'colsample_bytree': 0.5, 'gamma': 1.6}. Best is trial 237 with value: 0.5045344311819274.
[I 2023-10-13 13:01:10,945] Trial 333 finished with value: 0.48515279150156876 and parameters: {'w0': 0.41600000000000004, 'w1': 0.9490000000000001, 'w2': 0.386, 'w3': 0.47700000000000004, 'w4': 0.439, 'w5': 0.147, 'w6': 0.8240000000000001, 'w7': 0.392, 'w8': 0.994, 'max_depth': 6, 'min_child_weight': 0, 'subsample': 1.0, 'colsample_bytree': 0.3, 'gamma': 1.6}. Best is trial 237 with value: 0.5045344311819274.
[I 2023-10-13 13:01:36,780] Trial 332 finished with value: 0.4844642441237681 and parameters: {'w0': 0.66, 'w1': 0.9440000000000001, 'w2': 0.384, 'w3': 0.484, 'w4': 0.448, 'w5': 0.14100000000000001, 'w6': 0.962, 'w7': 0.402, 'w8': 0.913, 'max_depth': 3, 'min_child_weight': 0, 'subsample': 0.7, 'colsample_bytree': 0.5, 'gamma': 1.6}. Best is trial 237 with value: 0.5045344311819274.
[I 2023-10-13 13:02:08,311] Trial 328 finished with value: 0.4997292357541806 and parameters: {'w0': 0.648, 'w1': 0.9420000000000001, 'w2': 0.381, 'w3': 0.483, 'w4': 0.45, 'w5': 0.149, 'w6': 0.933, 'w7': 0.404, 'w8': 0.999, 'max_depth': 6, 'min_child_weight': 6, 'subsample': 0.7, 'colsample_bytree': 0.5, 'gamma': 1.8}. Best is trial 237 with value: 0.5045344311819274.
[I 2023-10-13 13:02:37,336] Trial 327 finished with value: 0.4970041234608263 and parameters: {'w0': 0.633, 'w1': 0.9420000000000001, 'w2': 0.381, 'w3': 0.47500000000000003, 'w4': 0.447, 'w5': 0.114, 'w6': 0.934, 'w7': 0.399, 'w8': 0.867, 'max_depth': 6, 'min_child_weight': 0, 'subsample': 0.7, 'colsample_bytree': 0.5, 'gamma': 1.6}. Best is trial 237 with value: 0.5045344311819274.
[I 2023-10-13 13:03:41,011] Trial 330 finished with value: 0.5020859958739768 and parameters: {'w0': 0.484, 'w1': 0.9530000000000001, 'w2': 0.38, 'w3': 0.47700000000000004, 'w4': 0.455, 'w5': 0.152, 'w6': 0.9600000000000001, 'w7': 0.406, 'w8': 1.0, 'max_depth': 6, 'min_child_weight': 6, 'subsample': 0.7, 'colsample_bytree': 0.5, 'gamma': 1.6}. Best is trial 237 with value: 0.5045344311819274.
[I 2023-10-13 13:04:41,985] Trial 331 finished with value: 0.45087310381125917 and parameters: {'w0': 0.63, 'w1': 0.9490000000000001, 'w2': 0.019000000000000003, 'w3': 0.489, 'w4': 0.447, 'w5': 0.149, 'w6': 0.8230000000000001, 'w7': 0.406, 'w8': 0.863, 'max_depth': 6, 'min_child_weight': 0, 'subsample': 0.7, 'colsample_bytree': 0.5, 'gamma': 1.6}. Best is trial 237 with value: 0.5045344311819274.
[I 2023-10-13 13:04:54,609] Trial 337 finished with value: 0.4683348101268193 and parameters: {'w0': 0.523, 'w1': 0.9540000000000001, 'w2': 0.386, 'w3': 0.468, 'w4': 0.23600000000000002, 'w5': 0.148, 'w6': 0.269, 'w7': 0.402, 'w8': 0.741, 'max_depth': 6, 'min_child_weight': 0, 'subsample': 1.0, 'colsample_bytree': 0.5, 'gamma': 1.8}. Best is trial 237 with value: 0.5045344311819274.
[I 2023-10-13 13:04:55,618] Trial 329 finished with value: 0.4807794654292846 and parameters: {'w0': 0.639, 'w1': 0.9480000000000001, 'w2': 0.9380000000000001, 'w3': 0.483, 'w4': 0.448, 'w5': 0.154, 'w6': 0.923, 'w7': 0.26, 'w8': 0.994, 'max_depth': 6, 'min_child_weight': 0, 'subsample': 0.7, 'colsample_bytree': 0.5, 'gamma': 1.6}. Best is trial 237 with value: 0.5045344311819274.
[I 2023-10-13 13:07:33,840] Trial 336 finished with value: 0.45483491160477757 and parameters: {'w0': 0.522, 'w1': 0.9410000000000001, 'w2': 0.033, 'w3': 0.491, 'w4': 0.22, 'w5': 0.138, 'w6': 0.963, 'w7': 0.391, 'w8': 0.994, 'max_depth': 6, 'min_child_weight': 0, 'subsample': 0.7, 'colsample_bytree': 0.3, 'gamma': 1.8}. Best is trial 237 with value: 0.5045344311819274.
[I 2023-10-13 13:08:04,080] Trial 334 finished with value: 0.500674938974676 and parameters: {'w0': 0.664, 'w1': 0.9450000000000001, 'w2': 0.392, 'w3': 0.489, 'w4': 0.449, 'w5': 0.149, 'w6': 0.9490000000000001, 'w7': 0.399, 'w8': 0.997, 'max_depth': 6, 'min_child_weight': 6, 'subsample': 0.7, 'colsample_bytree': 0.5, 'gamma': 1.6}. Best is trial 237 with value: 0.5045344311819274.
[I 2023-10-13 13:08:05,382] Trial 335 finished with value: 0.5023534414449303 and parameters: {'w0': 0.525, 'w1': 0.9470000000000001, 'w2': 0.387, 'w3': 0.493, 'w4': 0.215, 'w5': 0.14400000000000002, 'w6': 0.963, 'w7': 0.402, 'w8': 0.998, 'max_depth': 6, 'min_child_weight': 6, 'subsample': 0.7, 'colsample_bytree': 0.5, 'gamma': 1.6}. Best is trial 237 with value: 0.5045344311819274.
[I 2023-10-13 13:08:05,789] Trial 340 finished with value: 0.4882655465259174 and parameters: {'w0': 0.519, 'w1': 0.934, 'w2': 0.385, 'w3': 0.491, 'w4': 0.214, 'w5': 0.113, 'w6': 0.9600000000000001, 'w7': 0.394, 'w8': 0.912, 'max_depth': 6, 'min_child_weight': 0, 'subsample': 1.0, 'colsample_bytree': 0.5, 'gamma': 1.6}. Best is trial 237 with value: 0.5045344311819274.
[I 2023-10-13 13:10:34,029] Trial 343 finished with value: 0.47282914009183513 and parameters: {'w0': 0.665, 'w1': 0.931, 'w2': 0.367, 'w3': 0.493, 'w4': 0.23900000000000002, 'w5': 0.112, 'w6': 0.9580000000000001, 'w7': 0.398, 'w8': 0.908, 'max_depth': 6, 'min_child_weight': 6, 'subsample': 0.7, 'colsample_bytree': 0.5, 'gamma': 6.2}. Best is trial 237 with value: 0.5045344311819274.
