[I 2023-10-12 12:38:14,581] Trial 707 finished with value: 0.5678155606540498 and parameters: {'w0': 0.513, 'w1': 0.904, 'w2': 0.34700000000000003, 'w3': 0.624, 'w4': 0.936, 'w5': 0.082, 'w6': 0.129, 'w7': 0.334, 'w8': 0.778, 'max_depth': 7, 'min_child_weight': 4, 'subsample': 0.7, 'colsample_bytree': 0.8, 'gamma': 3.2}. Best is trial 608 with value: 0.5990685448618029.
[I 2023-10-12 12:38:21,759] Trial 703 finished with value: 0.5948056175509199 and parameters: {'w0': 0.512, 'w1': 0.901, 'w2': 0.342, 'w3': 0.626, 'w4': 0.93, 'w5': 0.14100000000000001, 'w6': 0.9570000000000001, 'w7': 0.34400000000000003, 'w8': 0.875, 'max_depth': 7, 'min_child_weight': 4, 'subsample': 0.8, 'colsample_bytree': 0.8, 'gamma': 2.4000000000000004}. Best is trial 608 with value: 0.5990685448618029.
[I 2023-10-12 12:38:27,590] Trial 708 finished with value: 0.5921724885667001 and parameters: {'w0': 0.513, 'w1': 0.9, 'w2': 0.34, 'w3': 0.684, 'w4': 0.9380000000000001, 'w5': 0.08600000000000001, 'w6': 0.9540000000000001, 'w7': 0.341, 'w8': 0.873, 'max_depth': 7, 'min_child_weight': 4, 'subsample': 0.7, 'colsample_bytree': 0.8, 'gamma': 4.0}. Best is trial 608 with value: 0.5990685448618029.
[I 2023-10-12 12:38:36,979] Trial 702 finished with value: 0.5948480180956576 and parameters: {'w0': 0.507, 'w1': 0.9380000000000001, 'w2': 0.339, 'w3': 0.62, 'w4': 0.936, 'w5': 0.14, 'w6': 0.9540000000000001, 'w7': 0.341, 'w8': 0.872, 'max_depth': 7, 'min_child_weight': 4, 'subsample': 0.7, 'colsample_bytree': 0.8, 'gamma': 2.4000000000000004}. Best is trial 608 with value: 0.5990685448618029.
[I 2023-10-12 12:39:31,298] Trial 704 finished with value: 0.5913000571869617 and parameters: {'w0': 0.512, 'w1': 0.757, 'w2': 0.343, 'w3': 0.629, 'w4': 0.932, 'w5': 0.08700000000000001, 'w6': 0.9550000000000001, 'w7': 0.34800000000000003, 'w8': 0.871, 'max_depth': 7, 'min_child_weight': 4, 'subsample': 0.7, 'colsample_bytree': 0.8, 'gamma': 2.4000000000000004}. Best is trial 608 with value: 0.5990685448618029.
[I 2023-10-12 12:42:09,667] Trial 711 finished with value: 0.5928306923546123 and parameters: {'w0': 0.514, 'w1': 0.903, 'w2': 0.358, 'w3': 0.42, 'w4': 0.929, 'w5': 0.146, 'w6': 0.9480000000000001, 'w7': 0.334, 'w8': 0.798, 'max_depth': 7, 'min_child_weight': 4, 'subsample': 0.7, 'colsample_bytree': 0.8, 'gamma': 4.0}. Best is trial 608 with value: 0.5990685448618029.
[I 2023-10-12 12:42:22,491] Trial 710 finished with value: 0.5892427917569073 and parameters: {'w0': 0.725, 'w1': 0.898, 'w2': 0.34500000000000003, 'w3': 0.6880000000000001, 'w4': 0.918, 'w5': 0.081, 'w6': 0.9470000000000001, 'w7': 0.329, 'w8': 0.872, 'max_depth': 7, 'min_child_weight': 4, 'subsample': 0.7, 'colsample_bytree': 0.8, 'gamma': 2.4000000000000004}. Best is trial 608 with value: 0.5990685448618029.
[I 2023-10-12 12:44:52,417] Trial 712 finished with value: 0.5854199183187024 and parameters: {'w0': 0.518, 'w1': 0.91, 'w2': 0.339, 'w3': 0.684, 'w4': 0.9380000000000001, 'w5': 0.155, 'w6': 0.32, 'w7': 0.332, 'w8': 0.79, 'max_depth': 7, 'min_child_weight': 4, 'subsample': 0.7, 'colsample_bytree': 0.8, 'gamma': 2.4000000000000004}. Best is trial 608 with value: 0.5990685448618029.
[I 2023-10-12 12:45:24,225] Trial 716 finished with value: 0.5779201389225339 and parameters: {'w0': 0.517, 'w1': 0.903, 'w2': 0.339, 'w3': 0.619, 'w4': 0.902, 'w5': 0.159, 'w6': 0.98, 'w7': 0.326, 'w8': 0.873, 'max_depth': 7, 'min_child_weight': 4, 'subsample': 0.7, 'colsample_bytree': 0.8, 'gamma': 7.800000000000001}. Best is trial 608 with value: 0.5990685448618029.
[I 2023-10-12 12:47:47,089] Trial 719 finished with value: 0.5824412356927134 and parameters: {'w0': 0.518, 'w1': 0.907, 'w2': 0.34700000000000003, 'w3': 0.681, 'w4': 0.864, 'w5': 0.159, 'w6': 0.984, 'w7': 0.323, 'w8': 0.431, 'max_depth': 7, 'min_child_weight': 4, 'subsample': 0.8, 'colsample_bytree': 0.8, 'gamma': 4.0}. Best is trial 608 with value: 0.5990685448618029.
[I 2023-10-12 12:48:37,912] Trial 714 finished with value: 0.587725238227299 and parameters: {'w0': 0.517, 'w1': 0.928, 'w2': 0.341, 'w3': 0.628, 'w4': 0.864, 'w5': 0.155, 'w6': 0.451, 'w7': 0.331, 'w8': 0.87, 'max_depth': 7, 'min_child_weight': 4, 'subsample': 0.7, 'colsample_bytree': 0.8, 'gamma': 2.2}. Best is trial 608 with value: 0.5990685448618029.
[I 2023-10-12 12:49:18,873] Trial 718 finished with value: 0.5721719791413766 and parameters: {'w0': 0.463, 'w1': 0.9, 'w2': 0.34700000000000003, 'w3': 0.687, 'w4': 0.892, 'w5': 0.161, 'w6': 0.14100000000000001, 'w7': 0.326, 'w8': 0.8310000000000001, 'max_depth': 7, 'min_child_weight': 4, 'subsample': 0.8, 'colsample_bytree': 0.8, 'gamma': 2.2}. Best is trial 608 with value: 0.5990685448618029.
[I 2023-10-12 12:49:48,566] Trial 713 finished with value: 0.5921605556954798 and parameters: {'w0': 0.718, 'w1': 0.899, 'w2': 0.339, 'w3': 0.682, 'w4': 0.926, 'w5': 0.162, 'w6': 0.9470000000000001, 'w7': 0.334, 'w8': 0.877, 'max_depth': 7, 'min_child_weight': 4, 'subsample': 0.7, 'colsample_bytree': 0.8, 'gamma': 2.2}. Best is trial 608 with value: 0.5990685448618029.
[I 2023-10-12 12:50:12,154] Trial 715 finished with value: 0.5966017240468753 and parameters: {'w0': 0.514, 'w1': 0.905, 'w2': 0.34800000000000003, 'w3': 0.687, 'w4': 0.906, 'w5': 0.156, 'w6': 1.0, 'w7': 0.323, 'w8': 0.873, 'max_depth': 7, 'min_child_weight': 4, 'subsample': 0.7, 'colsample_bytree': 0.8, 'gamma': 2.2}. Best is trial 608 with value: 0.5990685448618029.
[I 2023-10-12 12:50:57,054] Trial 717 finished with value: 0.595519308656273 and parameters: {'w0': 0.517, 'w1': 0.904, 'w2': 0.338, 'w3': 0.793, 'w4': 0.897, 'w5': 0.163, 'w6': 0.983, 'w7': 0.327, 'w8': 0.771, 'max_depth': 7, 'min_child_weight': 4, 'subsample': 0.7, 'colsample_bytree': 0.8, 'gamma': 2.2}. Best is trial 608 with value: 0.5990685448618029.
[I 2023-10-12 12:50:57,498] Trial 720 finished with value: 0.5933272984370552 and parameters: {'w0': 0.519, 'w1': 0.903, 'w2': 0.354, 'w3': 0.607, 'w4': 0.731, 'w5': 0.158, 'w6': 0.982, 'w7': 0.328, 'w8': 0.795, 'max_depth': 7, 'min_child_weight': 4, 'subsample': 0.8, 'colsample_bytree': 0.8, 'gamma': 2.2}. Best is trial 608 with value: 0.5990685448618029.
[I 2023-10-12 12:50:58,218] Trial 721 finished with value: 0.598160883868205 and parameters: {'w0': 0.466, 'w1': 0.914, 'w2': 0.35100000000000003, 'w3': 0.679, 'w4': 0.865, 'w5': 0.147, 'w6': 0.984, 'w7': 0.322, 'w8': 0.837, 'max_depth': 7, 'min_child_weight': 4, 'subsample': 0.8, 'colsample_bytree': 0.8, 'gamma': 2.2}. Best is trial 608 with value: 0.5990685448618029.
[I 2023-10-12 12:51:13,226] Trial 724 finished with value: 0.5962477088437022 and parameters: {'w0': 0.47200000000000003, 'w1': 0.917, 'w2': 0.359, 'w3': 0.68, 'w4': 0.902, 'w5': 0.167, 'w6': 0.592, 'w7': 0.328, 'w8': 0.842, 'max_depth': 7, 'min_child_weight': 4, 'subsample': 0.8, 'colsample_bytree': 0.8, 'gamma': 2.2}. Best is trial 608 with value: 0.5990685448618029.
[I 2023-10-12 12:51:17,005] Trial 722 finished with value: 0.5953465294443928 and parameters: {'w0': 0.467, 'w1': 0.923, 'w2': 0.35000000000000003, 'w3': 0.682, 'w4': 0.897, 'w5': 0.16, 'w6': 0.977, 'w7': 0.318, 'w8': 0.795, 'max_depth': 7, 'min_child_weight': 4, 'subsample': 0.8, 'colsample_bytree': 0.8, 'gamma': 2.2}. Best is trial 608 with value: 0.5990685448618029.
[I 2023-10-12 12:51:18,813] Trial 723 finished with value: 0.5944260413811702 and parameters: {'w0': 0.46, 'w1': 0.915, 'w2': 0.356, 'w3': 0.796, 'w4': 0.895, 'w5': 0.158, 'w6': 0.98, 'w7': 0.32, 'w8': 0.8, 'max_depth': 7, 'min_child_weight': 4, 'subsample': 0.8, 'colsample_bytree': 0.8, 'gamma': 2.2}. Best is trial 608 with value: 0.5990685448618029.
[I 2023-10-12 12:52:34,249] Trial 725 finished with value: 0.5982592510388794 and parameters: {'w0': 0.468, 'w1': 0.917, 'w2': 0.34700000000000003, 'w3': 0.676, 'w4': 0.91, 'w5': 0.154, 'w6': 1.0, 'w7': 0.318, 'w8': 0.792, 'max_depth': 7, 'min_child_weight': 4, 'subsample': 0.8, 'colsample_bytree': 0.8, 'gamma': 2.2}. Best is trial 608 with value: 0.5990685448618029.
[I 2023-10-12 12:55:02,642] Trial 727 finished with value: 0.5887051925065553 and parameters: {'w0': 0.467, 'w1': 0.914, 'w2': 0.353, 'w3': 0.68, 'w4': 0.8230000000000001, 'w5': 0.125, 'w6': 0.446, 'w7': 0.319, 'w8': 0.839, 'max_depth': 7, 'min_child_weight': 4, 'subsample': 0.8, 'colsample_bytree': 0.8, 'gamma': 2.2}. Best is trial 608 with value: 0.5990685448618029.
[I 2023-10-12 12:55:39,375] Trial 726 finished with value: 0.5973935302708774 and parameters: {'w0': 0.467, 'w1': 0.92, 'w2': 0.357, 'w3': 0.678, 'w4': 0.898, 'w5': 0.159, 'w6': 0.978, 'w7': 0.325, 'w8': 0.8330000000000001, 'max_depth': 7, 'min_child_weight': 4, 'subsample': 0.8, 'colsample_bytree': 0.8, 'gamma': 2.2}. Best is trial 608 with value: 0.5990685448618029.
[I 2023-10-12 12:58:43,337] Trial 729 finished with value: 0.5965584690614899 and parameters: {'w0': 0.464, 'w1': 0.923, 'w2': 0.36, 'w3': 0.647, 'w4': 0.895, 'w5': 0.129, 'w6': 0.981, 'w7': 0.376, 'w8': 0.8300000000000001, 'max_depth': 7, 'min_child_weight': 4, 'subsample': 0.8, 'colsample_bytree': 0.8, 'gamma': 2.2}. Best is trial 608 with value: 0.5990685448618029.
[I 2023-10-12 12:59:28,430] Trial 733 finished with value: 0.5713696378348527 and parameters: {'w0': 0.467, 'w1': 0.917, 'w2': 0.362, 'w3': 0.601, 'w4': 0.781, 'w5': 0.121, 'w6': 0.981, 'w7': 0.371, 'w8': 0.834, 'max_depth': 7, 'min_child_weight': 6, 'subsample': 0.8, 'colsample_bytree': 0.8, 'gamma': 8.6}. Best is trial 608 with value: 0.5990685448618029.
[I 2023-10-12 13:00:35,889] Trial 728 finished with value: 0.5555639992773275 and parameters: {'w0': 0.466, 'w1': 0.922, 'w2': 0.357, 'w3': 0.607, 'w4': 0.778, 'w5': 0.8170000000000001, 'w6': 0.982, 'w7': 0.76, 'w8': 0.8310000000000001, 'max_depth': 7, 'min_child_weight': 6, 'subsample': 0.8, 'colsample_bytree': 0.8, 'gamma': 2.2}. Best is trial 608 with value: 0.5990685448618029.
[I 2023-10-12 13:01:11,032] Trial 730 finished with value: 0.5919279148018287 and parameters: {'w0': 0.463, 'w1': 0.92, 'w2': 0.355, 'w3': 0.6, 'w4': 0.8150000000000001, 'w5': 0.158, 'w6': 0.983, 'w7': 0.366, 'w8': 0.836, 'max_depth': 7, 'min_child_weight': 6, 'subsample': 0.8, 'colsample_bytree': 0.8, 'gamma': 2.2}. Best is trial 608 with value: 0.5990685448618029.
[I 2023-10-12 13:02:12,927] Trial 731 finished with value: 0.5922411259872686 and parameters: {'w0': 0.464, 'w1': 0.921, 'w2': 0.358, 'w3': 0.601, 'w4': 0.8240000000000001, 'w5': 0.123, 'w6': 0.98, 'w7': 0.372, 'w8': 0.837, 'max_depth': 7, 'min_child_weight': 6, 'subsample': 0.8, 'colsample_bytree': 0.8, 'gamma': 2.2}. Best is trial 608 with value: 0.5990685448618029.
[I 2023-10-12 13:02:58,911] Trial 735 finished with value: 0.5934940573968375 and parameters: {'w0': 0.468, 'w1': 0.924, 'w2': 0.363, 'w3': 0.645, 'w4': 0.904, 'w5': 0.131, 'w6': 0.984, 'w7': 0.361, 'w8': 0.8330000000000001, 'max_depth': 7, 'min_child_weight': 6, 'subsample': 0.8, 'colsample_bytree': 0.8, 'gamma': 3.2}. Best is trial 608 with value: 0.5990685448618029.
[I 2023-10-12 13:04:18,303] Trial 732 finished with value: 0.5603321270895194 and parameters: {'w0': 0.46900000000000003, 'w1': 0.917, 'w2': 0.361, 'w3': 0.604, 'w4': 0.785, 'w5': 0.128, 'w6': 0.982, 'w7': 0.754, 'w8': 0.849, 'max_depth': 7, 'min_child_weight': 6, 'subsample': 0.8, 'colsample_bytree': 0.8, 'gamma': 2.2}. Best is trial 608 with value: 0.5990685448618029.
[I 2023-10-12 13:04:20,583] Trial 734 finished with value: 0.59167624964221 and parameters: {'w0': 0.466, 'w1': 0.929, 'w2': 0.359, 'w3': 0.759, 'w4': 0.733, 'w5': 0.379, 'w6': 0.998, 'w7': 0.371, 'w8': 0.8280000000000001, 'max_depth': 7, 'min_child_weight': 6, 'subsample': 0.8, 'colsample_bytree': 0.8, 'gamma': 2.2}. Best is trial 608 with value: 0.5990685448618029.
[I 2023-10-12 13:04:52,934] Trial 737 finished with value: 0.5960252194762825 and parameters: {'w0': 0.466, 'w1': 0.925, 'w2': 0.362, 'w3': 0.754, 'w4': 0.872, 'w5': 0.13, 'w6': 0.999, 'w7': 0.371, 'w8': 0.8330000000000001, 'max_depth': 7, 'min_child_weight': 6, 'subsample': 0.8, 'colsample_bytree': 0.8, 'gamma': 2.2}. Best is trial 608 with value: 0.5990685448618029.
[I 2023-10-12 13:04:58,311] Trial 738 finished with value: 0.556329789059703 and parameters: {'w0': 0.462, 'w1': 0.925, 'w2': 0.112, 'w3': 0.762, 'w4': 0.871, 'w5': 0.139, 'w6': 0.732, 'w7': 0.367, 'w8': 0.8250000000000001, 'max_depth': 7, 'min_child_weight': 6, 'subsample': 0.8, 'colsample_bytree': 0.8, 'gamma': 2.0}. Best is trial 608 with value: 0.5990685448618029.
[I 2023-10-12 13:05:10,527] Trial 736 finished with value: 0.5920403250124442 and parameters: {'w0': 0.466, 'w1': 0.924, 'w2': 0.366, 'w3': 0.676, 'w4': 0.793, 'w5': 0.132, 'w6': 0.983, 'w7': 0.375, 'w8': 0.8320000000000001, 'max_depth': 7, 'min_child_weight': 6, 'subsample': 0.8, 'colsample_bytree': 0.8, 'gamma': 2.2}. Best is trial 608 with value: 0.5990685448618029.
[I 2023-10-12 13:05:30,276] Trial 740 finished with value: 0.5778880214988268 and parameters: {'w0': 0.436, 'w1': 0.93, 'w2': 0.261, 'w3': 0.674, 'w4': 0.865, 'w5': 0.136, 'w6': 1.0, 'w7': 0.37, 'w8': 0.8330000000000001, 'max_depth': 7, 'min_child_weight': 6, 'subsample': 0.8, 'colsample_bytree': 0.8, 'gamma': 2.0}. Best is trial 608 with value: 0.5990685448618029.
[I 2023-10-12 13:05:43,400] Trial 739 finished with value: 0.5823683816453004 and parameters: {'w0': 0.459, 'w1': 0.926, 'w2': 0.363, 'w3': 0.6980000000000001, 'w4': 0.864, 'w5': 0.8190000000000001, 'w6': 0.983, 'w7': 0.373, 'w8': 0.527, 'max_depth': 7, 'min_child_weight': 6, 'subsample': 0.8, 'colsample_bytree': 0.8, 'gamma': 2.2}. Best is trial 608 with value: 0.5990685448618029.
[I 2023-10-12 13:06:39,396] Trial 741 finished with value: 0.5959040123778465 and parameters: {'w0': 0.436, 'w1': 0.923, 'w2': 0.362, 'w3': 0.6970000000000001, 'w4': 0.875, 'w5': 0.171, 'w6': 0.596, 'w7': 0.367, 'w8': 0.8320000000000001, 'max_depth': 7, 'min_child_weight': 6, 'subsample': 0.8, 'colsample_bytree': 0.8, 'gamma': 2.0}. Best is trial 608 with value: 0.5990685448618029.
[I 2023-10-12 13:08:29,246] Trial 742 finished with value: 0.5598712406955039 and parameters: {'w0': 0.436, 'w1': 0.919, 'w2': 0.14200000000000002, 'w3': 0.6930000000000001, 'w4': 0.858, 'w5': 0.16, 'w6': 1.0, 'w7': 0.371, 'w8': 0.8310000000000001, 'max_depth': 7, 'min_child_weight': 6, 'subsample': 0.8, 'colsample_bytree': 0.8, 'gamma': 2.0}. Best is trial 608 with value: 0.5990685448618029.
[I 2023-10-12 13:09:48,249] Trial 743 finished with value: 0.5892193797287782 and parameters: {'w0': 0.438, 'w1': 0.891, 'w2': 0.32, 'w3': 0.725, 'w4': 0.867, 'w5': 0.178, 'w6': 0.996, 'w7': 0.366, 'w8': 0.8310000000000001, 'max_depth': 7, 'min_child_weight': 14, 'subsample': 0.8, 'colsample_bytree': 0.8, 'gamma': 2.0}. Best is trial 608 with value: 0.5990685448618029.
[I 2023-10-12 13:12:30,209] Trial 745 finished with value: 0.59585792097707 and parameters: {'w0': 0.452, 'w1': 0.923, 'w2': 0.323, 'w3': 0.723, 'w4': 0.884, 'w5': 0.164, 'w6': 0.998, 'w7': 0.273, 'w8': 0.8240000000000001, 'max_depth': 7, 'min_child_weight': 2, 'subsample': 0.8, 'colsample_bytree': 0.8, 'gamma': 2.0}. Best is trial 608 with value: 0.5990685448618029.
[I 2023-10-12 13:13:10,210] Trial 744 finished with value: 0.5925396998807252 and parameters: {'w0': 0.438, 'w1': 0.888, 'w2': 0.313, 'w3': 0.726, 'w4': 0.854, 'w5': 0.17300000000000001, 'w6': 0.998, 'w7': 0.37, 'w8': 0.8230000000000001, 'max_depth': 7, 'min_child_weight': 6, 'subsample': 0.8, 'colsample_bytree': 0.8, 'gamma': 1.8}. Best is trial 608 with value: 0.5990685448618029.
[I 2023-10-12 13:13:28,200] Trial 746 finished with value: 0.5963747815418997 and parameters: {'w0': 0.441, 'w1': 0.893, 'w2': 0.276, 'w3': 0.729, 'w4': 0.865, 'w5': 0.169, 'w6': 1.0, 'w7': 0.27, 'w8': 0.802, 'max_depth': 7, 'min_child_weight': 2, 'subsample': 0.8, 'colsample_bytree': 0.8, 'gamma': 2.0}. Best is trial 608 with value: 0.5990685448618029.
[I 2023-10-12 13:14:35,528] Trial 747 finished with value: 0.5866541532940796 and parameters: {'w0': 0.437, 'w1': 0.895, 'w2': 0.322, 'w3': 0.706, 'w4': 0.864, 'w5': 0.168, 'w6': 0.681, 'w7': 0.362, 'w8': 0.764, 'max_depth': 7, 'min_child_weight': 14, 'subsample': 0.8, 'colsample_bytree': 0.8, 'gamma': 2.0}. Best is trial 608 with value: 0.5990685448618029.
[I 2023-10-12 13:14:47,568] Trial 755 finished with value: 0.5764226005926446 and parameters: {'w0': 0.433, 'w1': 0.856, 'w2': 0.318, 'w3': 0.7010000000000001, 'w4': 0.888, 'w5': 0.163, 'w6': 0.997, 'w7': 0.26, 'w8': 0.8130000000000001, 'max_depth': 7, 'min_child_weight': 14, 'subsample': 0.8, 'colsample_bytree': 0.8, 'gamma': 6.0}. Best is trial 608 with value: 0.5990685448618029.
[I 2023-10-12 13:15:06,689] Trial 748 finished with value: 0.5983308149915677 and parameters: {'w0': 0.435, 'w1': 0.892, 'w2': 0.311, 'w3': 0.6980000000000001, 'w4': 0.86, 'w5': 0.17500000000000002, 'w6': 0.999, 'w7': 0.272, 'w8': 0.806, 'max_depth': 7, 'min_child_weight': 2, 'subsample': 0.8, 'colsample_bytree': 0.8, 'gamma': 2.0}. Best is trial 608 with value: 0.5990685448618029.
[I 2023-10-12 13:15:38,017] Trial 749 finished with value: 0.5952300868909406 and parameters: {'w0': 0.436, 'w1': 0.858, 'w2': 0.322, 'w3': 0.707, 'w4': 0.846, 'w5': 0.168, 'w6': 1.0, 'w7': 0.26, 'w8': 0.55, 'max_depth': 7, 'min_child_weight': 2, 'subsample': 0.8, 'colsample_bytree': 0.8, 'gamma': 2.0}. Best is trial 608 with value: 0.5990685448618029.
[I 2023-10-12 13:17:16,642] Trial 752 finished with value: 0.5411175678638211 and parameters: {'w0': 0.48000000000000004, 'w1': 0.862, 'w2': 0.319, 'w3': 0.707, 'w4': 0.857, 'w5': 0.179, 'w6': 0.48000000000000004, 'w7': 0.042, 'w8': 0.809, 'max_depth': 7, 'min_child_weight': 14, 'subsample': 0.8, 'colsample_bytree': 0.8, 'gamma': 2.0}. Best is trial 608 with value: 0.5990685448618029.
[I 2023-10-12 13:17:17,360] Trial 750 finished with value: 0.5977292160509341 and parameters: {'w0': 0.433, 'w1': 0.884, 'w2': 0.318, 'w3': 0.764, 'w4': 0.865, 'w5': 0.17300000000000001, 'w6': 0.989, 'w7': 0.277, 'w8': 0.76, 'max_depth': 7, 'min_child_weight': 4, 'subsample': 0.8, 'colsample_bytree': 0.8, 'gamma': 2.0}. Best is trial 608 with value: 0.5990685448618029.
[I 2023-10-12 13:17:30,252] Trial 751 finished with value: 0.5880931535910503 and parameters: {'w0': 0.434, 'w1': 0.886, 'w2': 0.323, 'w3': 0.727, 'w4': 0.861, 'w5': 0.181, 'w6': 0.6880000000000001, 'w7': 0.281, 'w8': 0.804, 'max_depth': 7, 'min_child_weight': 12, 'subsample': 0.8, 'colsample_bytree': 0.8, 'gamma': 2.0}. Best is trial 608 with value: 0.5990685448618029.
[I 2023-10-12 13:18:29,703] Trial 753 finished with value: 0.5886011835825369 and parameters: {'w0': 0.436, 'w1': 0.862, 'w2': 0.326, 'w3': 0.6960000000000001, 'w4': 0.859, 'w5': 0.17400000000000002, 'w6': 0.376, 'w7': 0.273, 'w8': 0.803, 'max_depth': 7, 'min_child_weight': 12, 'subsample': 0.8, 'colsample_bytree': 0.8, 'gamma': 1.8}. Best is trial 608 with value: 0.5990685448618029.
[I 2023-10-12 13:18:44,252] Trial 756 finished with value: 0.5900140984178218 and parameters: {'w0': 0.432, 'w1': 0.891, 'w2': 0.322, 'w3': 0.726, 'w4': 0.877, 'w5': 0.17500000000000002, 'w6': 0.37, 'w7': 0.299, 'w8': 0.749, 'max_depth': 7, 'min_child_weight': 2, 'subsample': 0.8, 'colsample_bytree': 0.8, 'gamma': 1.8}. Best is trial 608 with value: 0.5990685448618029.
[I 2023-10-12 13:19:10,504] Trial 754 finished with value: 0.5899755352181539 and parameters: {'w0': 0.435, 'w1': 0.888, 'w2': 0.331, 'w3': 0.7000000000000001, 'w4': 0.849, 'w5': 0.937, 'w6': 0.547, 'w7': 0.268, 'w8': 0.754, 'max_depth': 7, 'min_child_weight': 2, 'subsample': 0.8, 'colsample_bytree': 0.8, 'gamma': 1.8}. Best is trial 608 with value: 0.5990685448618029.
[I 2023-10-12 13:20:01,775] Trial 757 finished with value: 0.5946088596205696 and parameters: {'w0': 0.446, 'w1': 0.858, 'w2': 0.317, 'w3': 0.7010000000000001, 'w4': 0.85, 'w5': 0.17200000000000001, 'w6': 0.999, 'w7': 0.275, 'w8': 0.766, 'max_depth': 7, 'min_child_weight': 2, 'subsample': 0.8, 'colsample_bytree': 0.8, 'gamma': 1.8}. Best is trial 608 with value: 0.5990685448618029.
[I 2023-10-12 13:21:47,604] Trial 758 finished with value: 0.5989305463174251 and parameters: {'w0': 0.433, 'w1': 0.888, 'w2': 0.32, 'w3': 0.708, 'w4': 0.888, 'w5': 0.17200000000000001, 'w6': 1.0, 'w7': 0.27, 'w8': 0.8, 'max_depth': 7, 'min_child_weight': 2, 'subsample': 0.8, 'colsample_bytree': 0.8, 'gamma': 1.8}. Best is trial 608 with value: 0.5990685448618029.
[I 2023-10-12 13:22:58,676] Trial 759 finished with value: 0.5961518678297323 and parameters: {'w0': 0.433, 'w1': 0.86, 'w2': 0.321, 'w3': 0.722, 'w4': 0.892, 'w5': 0.168, 'w6': 0.706, 'w7': 0.306, 'w8': 0.638, 'max_depth': 7, 'min_child_weight': 2, 'subsample': 0.8, 'colsample_bytree': 0.8, 'gamma': 1.8}. Best is trial 608 with value: 0.5990685448618029.
[I 2023-10-12 13:25:54,150] Trial 760 finished with value: 0.596245377539554 and parameters: {'w0': 0.432, 'w1': 0.891, 'w2': 0.317, 'w3': 0.7000000000000001, 'w4': 0.892, 'w5': 0.152, 'w6': 0.981, 'w7': 0.301, 'w8': 0.633, 'max_depth': 7, 'min_child_weight': 2, 'subsample': 0.8, 'colsample_bytree': 0.8, 'gamma': 1.8}. Best is trial 608 with value: 0.5990685448618029.
[I 2023-10-12 13:26:02,918] Trial 761 finished with value: 0.6001023286734153 and parameters: {'w0': 0.434, 'w1': 0.893, 'w2': 0.324, 'w3': 0.681, 'w4': 0.847, 'w5': 0.151, 'w6': 0.98, 'w7': 0.306, 'w8': 0.787, 'max_depth': 7, 'min_child_weight': 2, 'subsample': 0.8, 'colsample_bytree': 0.8, 'gamma': 2.0}. Best is trial 761 with value: 0.6001023286734153.
[I 2023-10-12 13:26:39,143] Trial 762 finished with value: 0.5948023187783958 and parameters: {'w0': 0.43, 'w1': 0.86, 'w2': 0.253, 'w3': 0.7010000000000001, 'w4': 0.847, 'w5': 0.152, 'w6': 1.0, 'w7': 0.277, 'w8': 0.761, 'max_depth': 7, 'min_child_weight': 2, 'subsample': 0.8, 'colsample_bytree': 0.8, 'gamma': 1.8}. Best is trial 761 with value: 0.6001023286734153.
