[I 2023-10-11 16:35:28,655] Trial 1533 finished with value: 0.5949271586827163 and parameters: {'w0': 0.223, 'w1': 0.893, 'w2': 0.228, 'w3': 0.5740000000000001, 'w4': 0.788, 'w5': 0.164, 'w6': 0.72, 'w7': 0.199, 'w8': 0.638, 'max_depth': 6, 'min_child_weight': 4, 'subsample': 0.5, 'colsample_bytree': 0.8, 'gamma': 6.2}. Best is trial 1485 with value: 0.6271580594187368.
[I 2023-10-11 16:42:34,181] Trial 1531 finished with value: 0.5972873788287424 and parameters: {'w0': 0.225, 'w1': 0.9520000000000001, 'w2': 0.251, 'w3': 0.619, 'w4': 0.791, 'w5': 0.127, 'w6': 0.722, 'w7': 0.605, 'w8': 0.583, 'max_depth': 6, 'min_child_weight': 4, 'subsample': 0.8, 'colsample_bytree': 1.0, 'gamma': 0.6000000000000001}. Best is trial 1485 with value: 0.6271580594187368.
[I 2023-10-11 16:46:18,372] Trial 1532 finished with value: 0.6184700390068577 and parameters: {'w0': 0.225, 'w1': 0.971, 'w2': 0.231, 'w3': 0.613, 'w4': 0.797, 'w5': 0.178, 'w6': 0.728, 'w7': 0.199, 'w8': 0.637, 'max_depth': 6, 'min_child_weight': 4, 'subsample': 0.5, 'colsample_bytree': 0.8, 'gamma': 0.6000000000000001}. Best is trial 1485 with value: 0.6271580594187368.
[I 2023-10-11 16:47:12,091] Trial 1534 finished with value: 0.623142336448797 and parameters: {'w0': 0.222, 'w1': 0.912, 'w2': 0.225, 'w3': 0.5760000000000001, 'w4': 0.796, 'w5': 0.17300000000000001, 'w6': 0.733, 'w7': 0.20400000000000001, 'w8': 0.642, 'max_depth': 6, 'min_child_weight': 4, 'subsample': 0.8, 'colsample_bytree': 0.8, 'gamma': 0.6000000000000001}. Best is trial 1485 with value: 0.6271580594187368.
[I 2023-10-11 16:50:42,054] Trial 1536 finished with value: 0.6219270270645302 and parameters: {'w0': 0.203, 'w1': 0.915, 'w2': 0.224, 'w3': 0.623, 'w4': 0.79, 'w5': 0.158, 'w6': 0.6950000000000001, 'w7': 0.195, 'w8': 0.64, 'max_depth': 6, 'min_child_weight': 4, 'subsample': 0.8, 'colsample_bytree': 0.8, 'gamma': 0.6000000000000001}. Best is trial 1485 with value: 0.6271580594187368.
[I 2023-10-11 16:51:16,672] Trial 1535 finished with value: 0.618562257338281 and parameters: {'w0': 0.22, 'w1': 0.911, 'w2': 0.158, 'w3': 0.621, 'w4': 0.802, 'w5': 0.17500000000000002, 'w6': 0.72, 'w7': 0.196, 'w8': 0.638, 'max_depth': 6, 'min_child_weight': 4, 'subsample': 0.5, 'colsample_bytree': 0.8, 'gamma': 0.6000000000000001}. Best is trial 1485 with value: 0.6271580594187368.
[I 2023-10-11 16:51:38,841] Trial 1537 finished with value: 0.6197064377984512 and parameters: {'w0': 0.223, 'w1': 0.988, 'w2': 0.157, 'w3': 0.625, 'w4': 0.804, 'w5': 0.18, 'w6': 0.736, 'w7': 0.196, 'w8': 0.641, 'max_depth': 6, 'min_child_weight': 4, 'subsample': 0.8, 'colsample_bytree': 0.8, 'gamma': 0.6000000000000001}. Best is trial 1485 with value: 0.6271580594187368.
[I 2023-10-11 16:54:10,815] Trial 1538 finished with value: 0.6191817830813522 and parameters: {'w0': 0.221, 'w1': 0.899, 'w2': 0.159, 'w3': 0.625, 'w4': 0.793, 'w5': 0.166, 'w6': 0.737, 'w7': 0.197, 'w8': 0.645, 'max_depth': 6, 'min_child_weight': 4, 'subsample': 0.7, 'colsample_bytree': 0.8, 'gamma': 0.6000000000000001}. Best is trial 1485 with value: 0.6271580594187368.
[I 2023-10-11 16:54:33,850] Trial 1539 finished with value: 0.6266580270495155 and parameters: {'w0': 0.234, 'w1': 0.93, 'w2': 0.256, 'w3': 0.611, 'w4': 0.777, 'w5': 0.107, 'w6': 0.74, 'w7': 0.188, 'w8': 0.639, 'max_depth': 6, 'min_child_weight': 4, 'subsample': 0.8, 'colsample_bytree': 1.0, 'gamma': 0.6000000000000001}. Best is trial 1485 with value: 0.6271580594187368.
[I 2023-10-11 16:55:43,725] Trial 1540 finished with value: 0.6235379581207365 and parameters: {'w0': 0.233, 'w1': 0.874, 'w2': 0.243, 'w3': 0.615, 'w4': 0.8130000000000001, 'w5': 0.116, 'w6': 0.714, 'w7': 0.2, 'w8': 0.5720000000000001, 'max_depth': 6, 'min_child_weight': 4, 'subsample': 0.8, 'colsample_bytree': 1.0, 'gamma': 0.6000000000000001}. Best is trial 1485 with value: 0.6271580594187368.
[I 2023-10-11 16:56:51,635] Trial 1544 finished with value: 0.6242244490623517 and parameters: {'w0': 0.229, 'w1': 0.9400000000000001, 'w2': 0.224, 'w3': 0.627, 'w4': 0.798, 'w5': 0.168, 'w6': 0.64, 'w7': 0.20400000000000001, 'w8': 0.627, 'max_depth': 6, 'min_child_weight': 2, 'subsample': 0.8, 'colsample_bytree': 1.0, 'gamma': 0.6000000000000001}. Best is trial 1485 with value: 0.6271580594187368.
[I 2023-10-11 16:57:04,163] Trial 1545 finished with value: 0.6235519289615743 and parameters: {'w0': 0.23900000000000002, 'w1': 1.0, 'w2': 0.232, 'w3': 0.621, 'w4': 0.793, 'w5': 0.182, 'w6': 0.733, 'w7': 0.198, 'w8': 0.633, 'max_depth': 6, 'min_child_weight': 2, 'subsample': 0.8, 'colsample_bytree': 1.0, 'gamma': 0.6000000000000001}. Best is trial 1485 with value: 0.6271580594187368.
[I 2023-10-11 16:57:24,776] Trial 1541 finished with value: 0.6193854883313351 and parameters: {'w0': 0.229, 'w1': 0.893, 'w2': 0.26, 'w3': 0.627, 'w4': 0.791, 'w5': 0.094, 'w6': 0.729, 'w7': 0.198, 'w8': 0.634, 'max_depth': 6, 'min_child_weight': 2, 'subsample': 0.7, 'colsample_bytree': 1.0, 'gamma': 0.6000000000000001}. Best is trial 1485 with value: 0.6271580594187368.
[I 2023-10-11 16:57:51,180] Trial 1542 finished with value: 0.6154691636411278 and parameters: {'w0': 0.232, 'w1': 0.997, 'w2': 0.267, 'w3': 0.624, 'w4': 0.785, 'w5': 0.181, 'w6': 0.64, 'w7': 0.201, 'w8': 0.631, 'max_depth': 6, 'min_child_weight': 2, 'subsample': 0.7, 'colsample_bytree': 1.0, 'gamma': 0.6000000000000001}. Best is trial 1485 with value: 0.6271580594187368.
[I 2023-10-11 16:57:55,621] Trial 1543 finished with value: 0.6216129515843042 and parameters: {'w0': 0.23600000000000002, 'w1': 0.876, 'w2': 0.258, 'w3': 0.63, 'w4': 0.802, 'w5': 0.10500000000000001, 'w6': 0.733, 'w7': 0.201, 'w8': 0.631, 'max_depth': 6, 'min_child_weight': 2, 'subsample': 0.7, 'colsample_bytree': 1.0, 'gamma': 0.6000000000000001}. Best is trial 1485 with value: 0.6271580594187368.
[I 2023-10-11 16:58:31,993] Trial 1546 finished with value: 0.6221989541099127 and parameters: {'w0': 0.23800000000000002, 'w1': 0.97, 'w2': 0.219, 'w3': 0.616, 'w4': 0.81, 'w5': 0.10200000000000001, 'w6': 0.629, 'w7': 0.2, 'w8': 0.63, 'max_depth': 6, 'min_child_weight': 2, 'subsample': 0.7, 'colsample_bytree': 1.0, 'gamma': 0.6000000000000001}. Best is trial 1485 with value: 0.6271580594187368.
[I 2023-10-11 16:58:49,517] Trial 1547 finished with value: 0.6232546026168625 and parameters: {'w0': 0.23900000000000002, 'w1': 0.961, 'w2': 0.256, 'w3': 0.623, 'w4': 0.808, 'w5': 0.148, 'w6': 0.631, 'w7': 0.199, 'w8': 0.631, 'max_depth': 6, 'min_child_weight': 2, 'subsample': 0.7, 'colsample_bytree': 1.0, 'gamma': 0.6000000000000001}. Best is trial 1485 with value: 0.6271580594187368.
[I 2023-10-11 17:05:23,355] Trial 1548 finished with value: 0.620009126744933 and parameters: {'w0': 0.23700000000000002, 'w1': 0.9480000000000001, 'w2': 0.227, 'w3': 0.621, 'w4': 0.8230000000000001, 'w5': 0.113, 'w6': 0.638, 'w7': 0.2, 'w8': 0.631, 'max_depth': 6, 'min_child_weight': 2, 'subsample': 0.7, 'colsample_bytree': 1.0, 'gamma': 0.6000000000000001}. Best is trial 1485 with value: 0.6271580594187368.
[I 2023-10-11 17:06:31,057] Trial 1550 finished with value: 0.6234401537554066 and parameters: {'w0': 0.241, 'w1': 0.986, 'w2': 0.22, 'w3': 0.627, 'w4': 0.797, 'w5': 0.165, 'w6': 0.7040000000000001, 'w7': 0.246, 'w8': 0.628, 'max_depth': 6, 'min_child_weight': 2, 'subsample': 0.8, 'colsample_bytree': 1.0, 'gamma': 0.8}. Best is trial 1485 with value: 0.6271580594187368.
[I 2023-10-11 17:09:08,887] Trial 1549 finished with value: 0.6226791276721212 and parameters: {'w0': 0.23800000000000002, 'w1': 0.9570000000000001, 'w2': 0.221, 'w3': 0.62, 'w4': 0.799, 'w5': 0.10200000000000001, 'w6': 0.66, 'w7': 0.20500000000000002, 'w8': 0.626, 'max_depth': 6, 'min_child_weight': 2, 'subsample': 0.7, 'colsample_bytree': 1.0, 'gamma': 0.6000000000000001}. Best is trial 1485 with value: 0.6271580594187368.
[I 2023-10-11 17:11:34,603] Trial 1551 finished with value: 0.620119831546797 and parameters: {'w0': 0.23700000000000002, 'w1': 0.967, 'w2': 0.217, 'w3': 0.62, 'w4': 0.807, 'w5': 0.097, 'w6': 0.638, 'w7': 0.243, 'w8': 0.657, 'max_depth': 6, 'min_child_weight': 2, 'subsample': 0.7, 'colsample_bytree': 1.0, 'gamma': 0.8}. Best is trial 1485 with value: 0.6271580594187368.
[I 2023-10-11 17:12:33,296] Trial 1552 finished with value: 0.6204401167465414 and parameters: {'w0': 0.23800000000000002, 'w1': 0.967, 'w2': 0.219, 'w3': 0.627, 'w4': 0.809, 'w5': 0.10500000000000001, 'w6': 0.666, 'w7': 0.247, 'w8': 0.626, 'max_depth': 6, 'min_child_weight': 2, 'subsample': 0.7, 'colsample_bytree': 1.0, 'gamma': 0.8}. Best is trial 1485 with value: 0.6271580594187368.
[I 2023-10-11 17:12:47,365] Trial 1553 finished with value: 0.6192781606762146 and parameters: {'w0': 0.23600000000000002, 'w1': 0.901, 'w2': 0.217, 'w3': 0.608, 'w4': 0.8220000000000001, 'w5': 0.101, 'w6': 0.712, 'w7': 0.241, 'w8': 0.623, 'max_depth': 6, 'min_child_weight': 2, 'subsample': 0.7, 'colsample_bytree': 1.0, 'gamma': 0.8}. Best is trial 1485 with value: 0.6271580594187368.
[I 2023-10-11 17:15:15,495] Trial 1554 finished with value: 0.6216260372287942 and parameters: {'w0': 0.242, 'w1': 0.9510000000000001, 'w2': 0.215, 'w3': 0.608, 'w4': 0.8200000000000001, 'w5': 0.155, 'w6': 0.668, 'w7': 0.177, 'w8': 0.624, 'max_depth': 6, 'min_child_weight': 2, 'subsample': 0.7, 'colsample_bytree': 1.0, 'gamma': 0.8}. Best is trial 1485 with value: 0.6271580594187368.
[I 2023-10-11 17:16:37,608] Trial 1555 finished with value: 0.6232239717934984 and parameters: {'w0': 0.241, 'w1': 0.975, 'w2': 0.253, 'w3': 0.632, 'w4': 0.786, 'w5': 0.08600000000000001, 'w6': 0.638, 'w7': 0.23700000000000002, 'w8': 0.664, 'max_depth': 6, 'min_child_weight': 4, 'subsample': 0.8, 'colsample_bytree': 1.0, 'gamma': 0.6000000000000001}. Best is trial 1485 with value: 0.6271580594187368.
[I 2023-10-11 17:16:53,932] Trial 1557 finished with value: 0.6272489998299529 and parameters: {'w0': 0.247, 'w1': 0.928, 'w2': 0.248, 'w3': 0.608, 'w4': 0.746, 'w5': 0.097, 'w6': 0.742, 'w7': 0.241, 'w8': 0.667, 'max_depth': 6, 'min_child_weight': 4, 'subsample': 0.8, 'colsample_bytree': 1.0, 'gamma': 0.8}. Best is trial 1557 with value: 0.6272489998299529.
[I 2023-10-11 17:17:22,633] Trial 1558 finished with value: 0.622115974069147 and parameters: {'w0': 0.242, 'w1': 0.979, 'w2': 0.262, 'w3': 0.635, 'w4': 0.784, 'w5': 0.114, 'w6': 0.769, 'w7': 0.241, 'w8': 0.662, 'max_depth': 6, 'min_child_weight': 4, 'subsample': 0.8, 'colsample_bytree': 1.0, 'gamma': 0.8}. Best is trial 1557 with value: 0.6272489998299529.
[I 2023-10-11 17:17:52,762] Trial 1560 finished with value: 0.624912793713322 and parameters: {'w0': 0.244, 'w1': 0.9490000000000001, 'w2': 0.265, 'w3': 0.606, 'w4': 0.75, 'w5': 0.153, 'w6': 0.741, 'w7': 0.23600000000000002, 'w8': 0.663, 'max_depth': 6, 'min_child_weight': 4, 'subsample': 0.8, 'colsample_bytree': 0.8, 'gamma': 0.8}. Best is trial 1557 with value: 0.6272489998299529.
[I 2023-10-11 17:18:00,835] Trial 1559 finished with value: 0.619062423611506 and parameters: {'w0': 0.242, 'w1': 0.9580000000000001, 'w2': 0.264, 'w3': 0.606, 'w4': 0.782, 'w5': 0.10400000000000001, 'w6': 0.749, 'w7': 0.23800000000000002, 'w8': 0.663, 'max_depth': 6, 'min_child_weight': 4, 'subsample': 0.8, 'colsample_bytree': 1.0, 'gamma': 0.8}. Best is trial 1557 with value: 0.6272489998299529.
[I 2023-10-11 17:18:20,654] Trial 1556 finished with value: 0.6226944406272688 and parameters: {'w0': 0.243, 'w1': 0.973, 'w2': 0.272, 'w3': 0.634, 'w4': 0.743, 'w5': 0.108, 'w6': 0.754, 'w7': 0.23700000000000002, 'w8': 0.67, 'max_depth': 6, 'min_child_weight': 4, 'subsample': 0.8, 'colsample_bytree': 1.0, 'gamma': 0.6000000000000001}. Best is trial 1557 with value: 0.6272489998299529.
[I 2023-10-11 17:18:40,346] Trial 1562 finished with value: 0.6250866547998102 and parameters: {'w0': 0.184, 'w1': 0.935, 'w2': 0.25, 'w3': 0.6, 'w4': 0.745, 'w5': 0.098, 'w6': 0.757, 'w7': 0.243, 'w8': 0.661, 'max_depth': 6, 'min_child_weight': 4, 'subsample': 0.8, 'colsample_bytree': 1.0, 'gamma': 0.8}. Best is trial 1557 with value: 0.6272489998299529.
[I 2023-10-11 17:18:49,490] Trial 1563 finished with value: 0.6235751949703138 and parameters: {'w0': 0.196, 'w1': 0.9520000000000001, 'w2': 0.215, 'w3': 0.601, 'w4': 0.744, 'w5': 0.085, 'w6': 0.752, 'w7': 0.24000000000000002, 'w8': 0.663, 'max_depth': 6, 'min_child_weight': 4, 'subsample': 0.8, 'colsample_bytree': 1.0, 'gamma': 0.8}. Best is trial 1557 with value: 0.6272489998299529.
[I 2023-10-11 17:20:31,790] Trial 1561 finished with value: 0.5905926559890531 and parameters: {'w0': 0.194, 'w1': 0.9560000000000001, 'w2': 0.867, 'w3': 0.605, 'w4': 0.778, 'w5': 0.084, 'w6': 0.748, 'w7': 0.926, 'w8': 0.663, 'max_depth': 6, 'min_child_weight': 4, 'subsample': 0.8, 'colsample_bytree': 1.0, 'gamma': 0.8}. Best is trial 1557 with value: 0.6272489998299529.
[I 2023-10-11 17:25:00,610] Trial 1564 finished with value: 0.621395368003507 and parameters: {'w0': 0.196, 'w1': 0.969, 'w2': 0.252, 'w3': 0.155, 'w4': 0.783, 'w5': 0.10500000000000001, 'w6': 0.754, 'w7': 0.244, 'w8': 0.671, 'max_depth': 6, 'min_child_weight': 4, 'subsample': 0.8, 'colsample_bytree': 1.0, 'gamma': 0.8}. Best is trial 1557 with value: 0.6272489998299529.
[I 2023-10-11 17:26:23,830] Trial 1565 finished with value: 0.6245952157445387 and parameters: {'w0': 0.192, 'w1': 0.966, 'w2': 0.267, 'w3': 0.601, 'w4': 0.745, 'w5': 0.089, 'w6': 0.764, 'w7': 0.243, 'w8': 0.66, 'max_depth': 6, 'min_child_weight': 4, 'subsample': 0.8, 'colsample_bytree': 1.0, 'gamma': 0.8}. Best is trial 1557 with value: 0.6272489998299529.
[I 2023-10-11 17:27:21,132] Trial 1572 finished with value: 0.6055234218215308 and parameters: {'w0': 0.197, 'w1': 0.931, 'w2': 0.26, 'w3': 0.598, 'w4': 0.763, 'w5': 0.07, 'w6': 0.763, 'w7': 0.248, 'w8': 0.672, 'max_depth': 6, 'min_child_weight': 4, 'subsample': 0.8, 'colsample_bytree': 1.0, 'gamma': 4.800000000000001}. Best is trial 1557 with value: 0.6272489998299529.
[I 2023-10-11 17:28:55,693] Trial 1566 finished with value: 0.6206357040049493 and parameters: {'w0': 0.198, 'w1': 0.973, 'w2': 0.267, 'w3': 0.6, 'w4': 0.761, 'w5': 0.11, 'w6': 0.751, 'w7': 0.178, 'w8': 0.665, 'max_depth': 6, 'min_child_weight': 4, 'subsample': 0.8, 'colsample_bytree': 1.0, 'gamma': 0.8}. Best is trial 1557 with value: 0.6272489998299529.
[I 2023-10-11 17:31:21,374] Trial 1567 finished with value: 0.6283160415739565 and parameters: {'w0': 0.193, 'w1': 0.925, 'w2': 0.214, 'w3': 0.601, 'w4': 0.762, 'w5': 0.07300000000000001, 'w6': 0.762, 'w7': 0.178, 'w8': 0.666, 'max_depth': 6, 'min_child_weight': 4, 'subsample': 0.8, 'colsample_bytree': 1.0, 'gamma': 0.8}. Best is trial 1567 with value: 0.6283160415739565.
[I 2023-10-11 17:33:11,070] Trial 1568 finished with value: 0.6205498471564138 and parameters: {'w0': 0.201, 'w1': 0.9, 'w2': 0.262, 'w3': 0.6, 'w4': 0.756, 'w5': 0.091, 'w6': 0.742, 'w7': 0.179, 'w8': 0.66, 'max_depth': 6, 'min_child_weight': 4, 'subsample': 0.8, 'colsample_bytree': 1.0, 'gamma': 0.8}. Best is trial 1567 with value: 0.6283160415739565.
[I 2023-10-11 17:33:16,865] Trial 1569 finished with value: 0.6208233086657577 and parameters: {'w0': 0.198, 'w1': 0.934, 'w2': 0.27, 'w3': 0.598, 'w4': 0.752, 'w5': 0.08800000000000001, 'w6': 0.743, 'w7': 0.17200000000000001, 'w8': 0.663, 'max_depth': 6, 'min_child_weight': 4, 'subsample': 0.8, 'colsample_bytree': 1.0, 'gamma': 0.8}. Best is trial 1567 with value: 0.6283160415739565.
[I 2023-10-11 17:36:06,180] Trial 1570 finished with value: 0.6232004825702107 and parameters: {'w0': 0.2, 'w1': 0.908, 'w2': 0.243, 'w3': 0.591, 'w4': 0.759, 'w5': 0.122, 'w6': 0.732, 'w7': 0.177, 'w8': 0.662, 'max_depth': 6, 'min_child_weight': 4, 'subsample': 0.8, 'colsample_bytree': 1.0, 'gamma': 0.8}. Best is trial 1567 with value: 0.6283160415739565.
[I 2023-10-11 17:36:21,870] Trial 1571 finished with value: 0.6264797628812205 and parameters: {'w0': 0.195, 'w1': 0.937, 'w2': 0.184, 'w3': 0.603, 'w4': 0.779, 'w5': 0.066, 'w6': 0.749, 'w7': 0.17500000000000002, 'w8': 0.661, 'max_depth': 6, 'min_child_weight': 4, 'subsample': 0.8, 'colsample_bytree': 1.0, 'gamma': 0.8}. Best is trial 1567 with value: 0.6283160415739565.
[I 2023-10-11 17:37:42,459] Trial 1581 finished with value: 0.6060753218533761 and parameters: {'w0': 0.273, 'w1': 0.93, 'w2': 0.263, 'w3': 0.592, 'w4': 0.705, 'w5': 0.057, 'w6': 0.743, 'w7': 0.249, 'w8': 0.68, 'max_depth': 6, 'min_child_weight': 4, 'subsample': 0.8, 'colsample_bytree': 1.0, 'gamma': 4.800000000000001}. Best is trial 1567 with value: 0.6283160415739565.
[I 2023-10-11 17:41:56,012] Trial 1573 finished with value: 0.6200402696737304 and parameters: {'w0': 0.272, 'w1': 0.928, 'w2': 0.266, 'w3': 0.599, 'w4': 0.758, 'w5': 0.114, 'w6': 0.741, 'w7': 0.23900000000000002, 'w8': 0.677, 'max_depth': 6, 'min_child_weight': 4, 'subsample': 0.8, 'colsample_bytree': 1.0, 'gamma': 0.4}. Best is trial 1567 with value: 0.6283160415739565.
[I 2023-10-11 17:42:28,349] Trial 1574 finished with value: 0.6232082398309851 and parameters: {'w0': 0.27, 'w1': 0.9510000000000001, 'w2': 0.253, 'w3': 0.594, 'w4': 0.759, 'w5': 0.094, 'w6': 0.752, 'w7': 0.253, 'w8': 0.672, 'max_depth': 6, 'min_child_weight': 4, 'subsample': 0.8, 'colsample_bytree': 1.0, 'gamma': 0.4}. Best is trial 1567 with value: 0.6283160415739565.
[I 2023-10-11 17:42:59,231] Trial 1575 finished with value: 0.6230823560297631 and parameters: {'w0': 0.266, 'w1': 0.935, 'w2': 0.264, 'w3': 0.601, 'w4': 0.737, 'w5': 0.091, 'w6': 0.744, 'w7': 0.234, 'w8': 0.669, 'max_depth': 6, 'min_child_weight': 4, 'subsample': 0.8, 'colsample_bytree': 1.0, 'gamma': 0.4}. Best is trial 1567 with value: 0.6283160415739565.
[I 2023-10-11 17:43:02,374] Trial 1576 finished with value: 0.6206565655739118 and parameters: {'w0': 0.262, 'w1': 0.961, 'w2': 0.253, 'w3': 0.593, 'w4': 0.719, 'w5': 0.082, 'w6': 0.746, 'w7': 0.231, 'w8': 0.675, 'max_depth': 6, 'min_child_weight': 4, 'subsample': 0.8, 'colsample_bytree': 1.0, 'gamma': 0.4}. Best is trial 1567 with value: 0.6283160415739565.
[I 2023-10-11 17:43:19,931] Trial 1578 finished with value: 0.6214871898917564 and parameters: {'w0': 0.266, 'w1': 0.933, 'w2': 0.272, 'w3': 0.597, 'w4': 0.751, 'w5': 0.07100000000000001, 'w6': 0.746, 'w7': 0.257, 'w8': 0.679, 'max_depth': 6, 'min_child_weight': 4, 'subsample': 0.8, 'colsample_bytree': 1.0, 'gamma': 0.4}. Best is trial 1567 with value: 0.6283160415739565.
[I 2023-10-11 17:43:38,301] Trial 1577 finished with value: 0.6229275419126111 and parameters: {'w0': 0.277, 'w1': 0.933, 'w2': 0.268, 'w3': 0.59, 'w4': 0.76, 'w5': 0.11, 'w6': 0.743, 'w7': 0.252, 'w8': 0.663, 'max_depth': 6, 'min_child_weight': 4, 'subsample': 0.8, 'colsample_bytree': 1.0, 'gamma': 0.4}. Best is trial 1567 with value: 0.6283160415739565.
[I 2023-10-11 17:45:07,300] Trial 1579 finished with value: 0.6244145144725046 and parameters: {'w0': 0.27, 'w1': 0.928, 'w2': 0.265, 'w3': 0.596, 'w4': 0.753, 'w5': 0.127, 'w6': 0.745, 'w7': 0.245, 'w8': 0.678, 'max_depth': 6, 'min_child_weight': 4, 'subsample': 0.8, 'colsample_bytree': 1.0, 'gamma': 0.4}. Best is trial 1567 with value: 0.6283160415739565.
[I 2023-10-11 17:49:02,452] Trial 1580 finished with value: 0.6244450031946591 and parameters: {'w0': 0.27, 'w1': 0.932, 'w2': 0.25, 'w3': 0.595, 'w4': 0.74, 'w5': 0.08600000000000001, 'w6': 0.74, 'w7': 0.25, 'w8': 0.6880000000000001, 'max_depth': 6, 'min_child_weight': 4, 'subsample': 0.8, 'colsample_bytree': 1.0, 'gamma': 0.4}. Best is trial 1567 with value: 0.6283160415739565.
[I 2023-10-11 17:51:24,947] Trial 1582 finished with value: 0.6244832484418525 and parameters: {'w0': 0.27, 'w1': 0.912, 'w2': 0.263, 'w3': 0.588, 'w4': 0.761, 'w5': 0.057, 'w6': 0.74, 'w7': 0.229, 'w8': 0.683, 'max_depth': 6, 'min_child_weight': 4, 'subsample': 0.8, 'colsample_bytree': 1.0, 'gamma': 0.4}. Best is trial 1567 with value: 0.6283160415739565.
[I 2023-10-11 17:52:38,781] Trial 1583 finished with value: 0.6245222299610513 and parameters: {'w0': 0.278, 'w1': 0.919, 'w2': 0.257, 'w3': 0.589, 'w4': 0.739, 'w5': 0.055, 'w6': 0.745, 'w7': 0.225, 'w8': 0.687, 'max_depth': 6, 'min_child_weight': 4, 'subsample': 0.8, 'colsample_bytree': 1.0, 'gamma': 0.4}. Best is trial 1567 with value: 0.6283160415739565.
[I 2023-10-11 17:52:56,957] Trial 1595 finished with value: 0.5784355629953463 and parameters: {'w0': 0.607, 'w1': 0.92, 'w2': 0.229, 'w3': 0.639, 'w4': 0.739, 'w5': 0.056, 'w6': 0.719, 'w7': 0.211, 'w8': 0.684, 'max_depth': 6, 'min_child_weight': 6, 'subsample': 0.8, 'colsample_bytree': 1.0, 'gamma': 9.4}. Best is trial 1567 with value: 0.6283160415739565.
[I 2023-10-11 17:53:14,411] Trial 1584 finished with value: 0.623149057984254 and parameters: {'w0': 0.26, 'w1': 0.913, 'w2': 0.265, 'w3': 0.593, 'w4': 0.746, 'w5': 0.08700000000000001, 'w6': 0.74, 'w7': 0.258, 'w8': 0.678, 'max_depth': 6, 'min_child_weight': 4, 'subsample': 0.8, 'colsample_bytree': 1.0, 'gamma': 0.6000000000000001}. Best is trial 1567 with value: 0.6283160415739565.
[I 2023-10-11 17:54:51,775] Trial 1585 finished with value: 0.6250970943929579 and parameters: {'w0': 0.262, 'w1': 0.927, 'w2': 0.267, 'w3': 0.588, 'w4': 0.756, 'w5': 0.059000000000000004, 'w6': 0.742, 'w7': 0.256, 'w8': 0.659, 'max_depth': 6, 'min_child_weight': 4, 'subsample': 0.8, 'colsample_bytree': 1.0, 'gamma': 0.6000000000000001}. Best is trial 1567 with value: 0.6283160415739565.
[I 2023-10-11 17:55:07,473] Trial 1586 finished with value: 0.6205411407525505 and parameters: {'w0': 0.27, 'w1': 0.926, 'w2': 0.276, 'w3': 0.589, 'w4': 0.736, 'w5': 0.062, 'w6': 0.74, 'w7': 0.23, 'w8': 0.685, 'max_depth': 6, 'min_child_weight': 4, 'subsample': 0.8, 'colsample_bytree': 1.0, 'gamma': 0.6000000000000001}. Best is trial 1567 with value: 0.6283160415739565.
[I 2023-10-11 17:59:12,825] Trial 1588 finished with value: 0.620848455525648 and parameters: {'w0': 0.177, 'w1': 0.935, 'w2': 0.23800000000000002, 'w3': 0.586, 'w4': 0.75, 'w5': 0.058, 'w6': 0.739, 'w7': 0.217, 'w8': 0.679, 'max_depth': 6, 'min_child_weight': 4, 'subsample': 0.8, 'colsample_bytree': 1.0, 'gamma': 0.4}. Best is trial 1567 with value: 0.6283160415739565.
