[I 2023-10-12 15:50:25,085] Trial 935 finished with value: 0.5876383786841854 and parameters: {'w0': 0.28400000000000003, 'w1': 0.902, 'w2': 0.171, 'w3': 0.769, 'w4': 0.8140000000000001, 'w5': 0.20500000000000002, 'w6': 0.9570000000000001, 'w7': 0.115, 'w8': 0.789, 'max_depth': 10, 'min_child_weight': 2, 'subsample': 0.8, 'colsample_bytree': 0.8, 'gamma': 1.2000000000000002}. Best is trial 848 with value: 0.6005661897687894.
[I 2023-10-12 15:51:01,297] Trial 944 finished with value: 0.5441873039413305 and parameters: {'w0': 0.279, 'w1': 0.665, 'w2': 0.171, 'w3': 0.736, 'w4': 0.8150000000000001, 'w5': 0.191, 'w6': 0.626, 'w7': 0.261, 'w8': 0.74, 'max_depth': 10, 'min_child_weight': 2, 'subsample': 0.7, 'colsample_bytree': 0.6000000000000001, 'gamma': 7.0}. Best is trial 848 with value: 0.6005661897687894.
[I 2023-10-12 15:51:17,750] Trial 937 finished with value: 0.5888501023127946 and parameters: {'w0': 0.321, 'w1': 0.864, 'w2': 0.181, 'w3': 0.769, 'w4': 0.758, 'w5': 0.201, 'w6': 0.9590000000000001, 'w7': 0.126, 'w8': 0.79, 'max_depth': 10, 'min_child_weight': 2, 'subsample': 0.7, 'colsample_bytree': 0.8, 'gamma': 2.0}. Best is trial 848 with value: 0.6005661897687894.
[I 2023-10-12 15:51:39,956] Trial 947 finished with value: 0.5386322577325278 and parameters: {'w0': 0.272, 'w1': 0.867, 'w2': 0.184, 'w3': 0.736, 'w4': 0.8320000000000001, 'w5': 0.19, 'w6': 0.928, 'w7': 0.264, 'w8': 0.741, 'max_depth': 10, 'min_child_weight': 2, 'subsample': 0.2, 'colsample_bytree': 0.8, 'gamma': 7.0}. Best is trial 848 with value: 0.6005661897687894.
[I 2023-10-12 15:52:13,624] Trial 940 finished with value: 0.5863097008936242 and parameters: {'w0': 0.279, 'w1': 0.868, 'w2': 0.33, 'w3': 0.737, 'w4': 0.736, 'w5': 0.20900000000000002, 'w6': 0.963, 'w7': 0.218, 'w8': 0.789, 'max_depth': 10, 'min_child_weight': 2, 'subsample': 0.7, 'colsample_bytree': 0.8, 'gamma': 2.0}. Best is trial 848 with value: 0.6005661897687894.
[I 2023-10-12 15:52:37,703] Trial 936 finished with value: 0.5942981726566965 and parameters: {'w0': 0.28200000000000003, 'w1': 0.87, 'w2': 0.17600000000000002, 'w3': 0.744, 'w4': 0.745, 'w5': 0.20700000000000002, 'w6': 0.9570000000000001, 'w7': 0.171, 'w8': 0.791, 'max_depth': 10, 'min_child_weight': 2, 'subsample': 0.7, 'colsample_bytree': 0.8, 'gamma': 1.4000000000000001}. Best is trial 848 with value: 0.6005661897687894.
[I 2023-10-12 15:53:01,837] Trial 941 finished with value: 0.5939562332284964 and parameters: {'w0': 0.277, 'w1': 0.864, 'w2': 0.184, 'w3': 0.739, 'w4': 0.739, 'w5': 0.214, 'w6': 0.97, 'w7': 0.197, 'w8': 0.736, 'max_depth': 10, 'min_child_weight': 2, 'subsample': 0.7, 'colsample_bytree': 0.8, 'gamma': 2.0}. Best is trial 848 with value: 0.6005661897687894.
[I 2023-10-12 15:53:44,733] Trial 942 finished with value: 0.5590064095149998 and parameters: {'w0': 0.278, 'w1': 0.864, 'w2': 0.124, 'w3': 0.769, 'w4': 0.758, 'w5': 0.2, 'w6': 0.967, 'w7': 0.266, 'w8': 0.733, 'max_depth': 10, 'min_child_weight': 2, 'subsample': 0.7, 'colsample_bytree': 0.6000000000000001, 'gamma': 2.0}. Best is trial 848 with value: 0.6005661897687894.
[I 2023-10-12 15:53:58,033] Trial 943 finished with value: 0.565165800890735 and parameters: {'w0': 0.276, 'w1': 0.867, 'w2': 0.11900000000000001, 'w3': 0.732, 'w4': 0.8140000000000001, 'w5': 0.20700000000000002, 'w6': 0.925, 'w7': 0.213, 'w8': 0.754, 'max_depth': 10, 'min_child_weight': 2, 'subsample': 0.7, 'colsample_bytree': 0.6000000000000001, 'gamma': 2.0}. Best is trial 848 with value: 0.6005661897687894.
[I 2023-10-12 15:54:02,252] Trial 939 finished with value: 0.5970925421160616 and parameters: {'w0': 0.281, 'w1': 0.864, 'w2': 0.198, 'w3': 0.774, 'w4': 0.758, 'w5': 0.198, 'w6': 0.965, 'w7': 0.201, 'w8': 0.794, 'max_depth': 10, 'min_child_weight': 2, 'subsample': 0.7, 'colsample_bytree': 0.8, 'gamma': 1.4000000000000001}. Best is trial 848 with value: 0.6005661897687894.
[I 2023-10-12 15:55:02,605] Trial 946 finished with value: 0.5679812352178493 and parameters: {'w0': 0.376, 'w1': 0.861, 'w2': 0.179, 'w3': 0.738, 'w4': 0.8180000000000001, 'w5': 0.201, 'w6': 0.968, 'w7': 0.265, 'w8': 0.317, 'max_depth': 10, 'min_child_weight': 2, 'subsample': 0.7, 'colsample_bytree': 0.6000000000000001, 'gamma': 2.0}. Best is trial 848 with value: 0.6005661897687894.
[I 2023-10-12 15:55:37,601] Trial 945 finished with value: 0.5873629605590145 and parameters: {'w0': 0.274, 'w1': 0.861, 'w2': 0.21, 'w3': 0.736, 'w4': 0.8200000000000001, 'w5': 0.20500000000000002, 'w6': 0.927, 'w7': 0.258, 'w8': 0.758, 'max_depth': 10, 'min_child_weight': 2, 'subsample': 0.7, 'colsample_bytree': 0.8, 'gamma': 2.0}. Best is trial 848 with value: 0.6005661897687894.
[I 2023-10-12 15:56:28,064] Trial 949 finished with value: 0.5274776124063894 and parameters: {'w0': 0.28500000000000003, 'w1': 0.87, 'w2': 0.17400000000000002, 'w3': 0.737, 'w4': 0.8180000000000001, 'w5': 0.199, 'w6': 0.921, 'w7': 0.266, 'w8': 0.043000000000000003, 'max_depth': 10, 'min_child_weight': 2, 'subsample': 0.7, 'colsample_bytree': 0.8, 'gamma': 2.0}. Best is trial 848 with value: 0.6005661897687894.
[I 2023-10-12 15:56:28,993] Trial 948 finished with value: 0.5946328845597312 and parameters: {'w0': 0.38, 'w1': 0.865, 'w2': 0.201, 'w3': 0.771, 'w4': 0.8230000000000001, 'w5': 0.20900000000000002, 'w6': 0.973, 'w7': 0.21, 'w8': 0.753, 'max_depth': 10, 'min_child_weight': 2, 'subsample': 0.7, 'colsample_bytree': 0.6000000000000001, 'gamma': 2.0}. Best is trial 848 with value: 0.6005661897687894.
[I 2023-10-12 15:59:58,965] Trial 938 finished with value: 0.5798669028496097 and parameters: {'w0': 0.278, 'w1': 0.862, 'w2': 0.194, 'w3': 0.848, 'w4': 0.754, 'w5': 0.202, 'w6': 0.634, 'w7': 0.122, 'w8': 0.793, 'max_depth': 10, 'min_child_weight': 2, 'subsample': 0.2, 'colsample_bytree': 0.6000000000000001, 'gamma': 1.4000000000000001}. Best is trial 848 with value: 0.6005661897687894.
[I 2023-10-12 16:02:19,412] Trial 950 finished with value: 0.5901036857459305 and parameters: {'w0': 0.28600000000000003, 'w1': 0.877, 'w2': 0.184, 'w3': 0.765, 'w4': 0.8300000000000001, 'w5': 0.199, 'w6': 0.977, 'w7': 0.211, 'w8': 0.739, 'max_depth': 10, 'min_child_weight': 8, 'subsample': 0.7, 'colsample_bytree': 0.8, 'gamma': 2.0}. Best is trial 848 with value: 0.6005661897687894.
[I 2023-10-12 16:03:20,042] Trial 951 finished with value: 0.5811319955716248 and parameters: {'w0': 0.267, 'w1': 0.869, 'w2': 0.191, 'w3': 0.74, 'w4': 0.8300000000000001, 'w5': 0.187, 'w6': 0.976, 'w7': 0.26, 'w8': 0.745, 'max_depth': 10, 'min_child_weight': 2, 'subsample': 0.7, 'colsample_bytree': 0.6000000000000001, 'gamma': 2.0}. Best is trial 848 with value: 0.6005661897687894.
[I 2023-10-12 16:03:42,960] Trial 953 finished with value: 0.5942173385685162 and parameters: {'w0': 0.306, 'w1': 0.868, 'w2': 0.327, 'w3': 0.738, 'w4': 0.839, 'w5': 0.187, 'w6': 0.924, 'w7': 0.274, 'w8': 0.741, 'max_depth': 10, 'min_child_weight': 2, 'subsample': 0.8, 'colsample_bytree': 0.7, 'gamma': 2.0}. Best is trial 848 with value: 0.6005661897687894.
[I 2023-10-12 16:03:46,749] Trial 955 finished with value: 0.5955776364420378 and parameters: {'w0': 0.378, 'w1': 0.881, 'w2': 0.323, 'w3': 0.7040000000000001, 'w4': 0.843, 'w5': 0.185, 'w6': 0.925, 'w7': 0.28300000000000003, 'w8': 0.752, 'max_depth': 10, 'min_child_weight': 8, 'subsample': 0.8, 'colsample_bytree': 0.7, 'gamma': 2.6}. Best is trial 848 with value: 0.6005661897687894.
[I 2023-10-12 16:04:03,296] Trial 956 finished with value: 0.5920879336254288 and parameters: {'w0': 0.299, 'w1': 0.929, 'w2': 0.185, 'w3': 0.7030000000000001, 'w4': 0.84, 'w5': 0.18, 'w6': 0.98, 'w7': 0.20800000000000002, 'w8': 0.757, 'max_depth': 10, 'min_child_weight': 8, 'subsample': 0.8, 'colsample_bytree': 0.7, 'gamma': 2.6}. Best is trial 848 with value: 0.6005661897687894.
[I 2023-10-12 16:04:06,101] Trial 954 finished with value: 0.5971152333333765 and parameters: {'w0': 0.382, 'w1': 0.88, 'w2': 0.198, 'w3': 0.6990000000000001, 'w4': 0.843, 'w5': 0.211, 'w6': 0.976, 'w7': 0.20600000000000002, 'w8': 0.756, 'max_depth': 10, 'min_child_weight': 2, 'subsample': 0.8, 'colsample_bytree': 0.7, 'gamma': 2.0}. Best is trial 848 with value: 0.6005661897687894.
[I 2023-10-12 16:04:35,818] Trial 957 finished with value: 0.5685612284121242 and parameters: {'w0': 0.34800000000000003, 'w1': 0.93, 'w2': 0.192, 'w3': 0.708, 'w4': 0.844, 'w5': 0.34800000000000003, 'w6': 0.926, 'w7': 0.308, 'w8': 0.757, 'max_depth': 10, 'min_child_weight': 2, 'subsample': 0.8, 'colsample_bytree': 0.7, 'gamma': 2.6}. Best is trial 848 with value: 0.6005661897687894.
[I 2023-10-12 16:05:17,859] Trial 952 finished with value: 0.48896742637309015 and parameters: {'w0': 0.374, 'w1': 0.869, 'w2': 0.191, 'w3': 0.011, 'w4': 0.842, 'w5': 0.20900000000000002, 'w6': 0.974, 'w7': 0.312, 'w8': 0.752, 'max_depth': 10, 'min_child_weight': 8, 'subsample': 0.7, 'colsample_bytree': 0.8, 'gamma': 2.0}. Best is trial 848 with value: 0.6005661897687894.
[I 2023-10-12 16:05:48,350] Trial 959 finished with value: 0.5774838726577952 and parameters: {'w0': 0.383, 'w1': 0.929, 'w2': 0.203, 'w3': 0.7030000000000001, 'w4': 0.842, 'w5': 0.177, 'w6': 0.979, 'w7': 0.281, 'w8': 0.759, 'max_depth': 10, 'min_child_weight': 2, 'subsample': 0.8, 'colsample_bytree': 0.8, 'gamma': 2.6}. Best is trial 848 with value: 0.6005661897687894.
[I 2023-10-12 16:06:07,369] Trial 958 finished with value: 0.5706721023642755 and parameters: {'w0': 0.381, 'w1': 0.929, 'w2': 0.201, 'w3': 0.7010000000000001, 'w4': 0.841, 'w5': 0.178, 'w6': 0.926, 'w7': 0.312, 'w8': 0.757, 'max_depth': 10, 'min_child_weight': 16, 'subsample': 0.8, 'colsample_bytree': 0.7, 'gamma': 2.4000000000000004}. Best is trial 848 with value: 0.6005661897687894.
[I 2023-10-12 16:06:36,314] Trial 960 finished with value: 0.5696176616084478 and parameters: {'w0': 0.377, 'w1': 0.935, 'w2': 0.878, 'w3': 0.7030000000000001, 'w4': 0.84, 'w5': 0.29, 'w6': 0.5770000000000001, 'w7': 0.307, 'w8': 0.8240000000000001, 'max_depth': 10, 'min_child_weight': 2, 'subsample': 0.8, 'colsample_bytree': 0.7, 'gamma': 2.6}. Best is trial 848 with value: 0.6005661897687894.
[I 2023-10-12 16:06:38,779] Trial 961 finished with value: 0.5534748952934627 and parameters: {'w0': 0.379, 'w1': 0.888, 'w2': 0.085, 'w3': 0.7000000000000001, 'w4': 0.8330000000000001, 'w5': 0.17, 'w6': 1.0, 'w7': 0.312, 'w8': 0.8240000000000001, 'max_depth': 10, 'min_child_weight': 2, 'subsample': 0.8, 'colsample_bytree': 0.7, 'gamma': 2.6}. Best is trial 848 with value: 0.6005661897687894.
[I 2023-10-12 16:07:36,851] Trial 962 finished with value: 0.588189828209576 and parameters: {'w0': 0.381, 'w1': 0.561, 'w2': 0.33, 'w3': 0.6980000000000001, 'w4': 0.852, 'w5': 0.291, 'w6': 0.983, 'w7': 0.305, 'w8': 0.8260000000000001, 'max_depth': 10, 'min_child_weight': 8, 'subsample': 0.8, 'colsample_bytree': 0.7, 'gamma': 2.6}. Best is trial 848 with value: 0.6005661897687894.
[I 2023-10-12 16:08:43,395] Trial 964 finished with value: 0.5959594623644435 and parameters: {'w0': 0.384, 'w1': 0.929, 'w2': 0.33, 'w3': 0.7020000000000001, 'w4': 0.846, 'w5': 0.292, 'w6': 0.982, 'w7': 0.303, 'w8': 0.8220000000000001, 'max_depth': 10, 'min_child_weight': 2, 'subsample': 0.8, 'colsample_bytree': 0.7, 'gamma': 2.6}. Best is trial 848 with value: 0.6005661897687894.
[I 2023-10-12 16:08:52,989] Trial 963 finished with value: 0.5955315499695042 and parameters: {'w0': 0.31, 'w1': 0.932, 'w2': 0.334, 'w3': 0.6910000000000001, 'w4': 0.844, 'w5': 0.181, 'w6': 1.0, 'w7': 0.313, 'w8': 0.8280000000000001, 'max_depth': 10, 'min_child_weight': 8, 'subsample': 0.8, 'colsample_bytree': 0.8, 'gamma': 2.6}. Best is trial 848 with value: 0.6005661897687894.
[I 2023-10-12 16:11:55,669] Trial 965 finished with value: 0.595471363311767 and parameters: {'w0': 0.309, 'w1': 0.559, 'w2': 0.324, 'w3': 0.7010000000000001, 'w4': 0.835, 'w5': 0.17400000000000002, 'w6': 1.0, 'w7': 0.309, 'w8': 0.8220000000000001, 'max_depth': 9, 'min_child_weight': 8, 'subsample': 0.8, 'colsample_bytree': 0.7, 'gamma': 2.6}. Best is trial 848 with value: 0.6005661897687894.
[I 2023-10-12 16:13:37,580] Trial 968 finished with value: 0.5810274784356071 and parameters: {'w0': 0.378, 'w1': 0.932, 'w2': 0.334, 'w3': 0.7000000000000001, 'w4': 0.847, 'w5': 0.169, 'w6': 0.985, 'w7': 0.312, 'w8': 0.8270000000000001, 'max_depth': 9, 'min_child_weight': 2, 'subsample': 0.8, 'colsample_bytree': 0.7, 'gamma': 8.200000000000001}. Best is trial 848 with value: 0.6005661897687894.
[I 2023-10-12 16:14:33,319] Trial 966 finished with value: 0.59214192078569 and parameters: {'w0': 0.311, 'w1': 0.9380000000000001, 'w2': 0.33, 'w3': 0.7030000000000001, 'w4': 0.768, 'w5': 0.293, 'w6': 0.979, 'w7': 0.304, 'w8': 0.8220000000000001, 'max_depth': 9, 'min_child_weight': 2, 'subsample': 0.8, 'colsample_bytree': 0.7, 'gamma': 2.6}. Best is trial 848 with value: 0.6005661897687894.
[I 2023-10-12 16:15:38,199] Trial 967 finished with value: 0.5970292375835309 and parameters: {'w0': 0.385, 'w1': 0.932, 'w2': 0.332, 'w3': 0.707, 'w4': 0.841, 'w5': 0.169, 'w6': 0.999, 'w7': 0.313, 'w8': 0.8240000000000001, 'max_depth': 10, 'min_child_weight': 2, 'subsample': 0.8, 'colsample_bytree': 0.7, 'gamma': 2.6}. Best is trial 848 with value: 0.6005661897687894.
[I 2023-10-12 16:16:52,244] Trial 969 finished with value: 0.59105803084255 and parameters: {'w0': 0.395, 'w1': 0.936, 'w2': 0.331, 'w3': 0.6990000000000001, 'w4': 0.856, 'w5': 0.333, 'w6': 0.999, 'w7': 0.31, 'w8': 0.8240000000000001, 'max_depth': 9, 'min_child_weight': 20, 'subsample': 0.8, 'colsample_bytree': 0.8, 'gamma': 2.6}. Best is trial 848 with value: 0.6005661897687894.
[I 2023-10-12 16:16:52,775] Trial 970 finished with value: 0.5814987024087113 and parameters: {'w0': 0.34700000000000003, 'w1': 0.934, 'w2': 0.325, 'w3': 0.6900000000000001, 'w4': 0.774, 'w5': 0.168, 'w6': 0.983, 'w7': 0.308, 'w8': 0.40700000000000003, 'max_depth': 9, 'min_child_weight': 20, 'subsample': 0.8, 'colsample_bytree': 0.8, 'gamma': 2.4000000000000004}. Best is trial 848 with value: 0.6005661897687894.
[I 2023-10-12 16:17:06,560] Trial 971 finished with value: 0.5930470550336534 and parameters: {'w0': 0.34400000000000003, 'w1': 0.931, 'w2': 0.334, 'w3': 0.794, 'w4': 0.764, 'w5': 0.28900000000000003, 'w6': 1.0, 'w7': 0.307, 'w8': 0.8220000000000001, 'max_depth': 9, 'min_child_weight': 2, 'subsample': 0.8, 'colsample_bytree': 0.8, 'gamma': 2.4000000000000004}. Best is trial 848 with value: 0.6005661897687894.
[I 2023-10-12 16:17:14,008] Trial 972 finished with value: 0.4967179153704081 and parameters: {'w0': 0.396, 'w1': 0.931, 'w2': 0.334, 'w3': 0.002, 'w4': 0.777, 'w5': 0.177, 'w6': 0.984, 'w7': 0.305, 'w8': 0.8250000000000001, 'max_depth': 9, 'min_child_weight': 20, 'subsample': 0.8, 'colsample_bytree': 0.8, 'gamma': 2.4000000000000004}. Best is trial 848 with value: 0.6005661897687894.
[I 2023-10-12 16:17:59,630] Trial 978 finished with value: 0.5928559205003064 and parameters: {'w0': 0.40700000000000003, 'w1': 0.896, 'w2': 0.306, 'w3': 0.773, 'w4': 0.776, 'w5': 0.15, 'w6': 0.983, 'w7': 0.28600000000000003, 'w8': 0.8170000000000001, 'max_depth': 7, 'min_child_weight': 2, 'subsample': 0.8, 'colsample_bytree': 0.8, 'gamma': 4.6000000000000005}. Best is trial 848 with value: 0.6005661897687894.
[I 2023-10-12 16:18:06,537] Trial 975 finished with value: 0.592063471306917 and parameters: {'w0': 0.308, 'w1': 0.89, 'w2': 0.33, 'w3': 0.792, 'w4': 0.778, 'w5': 0.165, 'w6': 0.984, 'w7': 0.31, 'w8': 0.398, 'max_depth': 9, 'min_child_weight': 2, 'subsample': 0.8, 'colsample_bytree': 0.8, 'gamma': 2.4000000000000004}. Best is trial 848 with value: 0.6005661897687894.
[I 2023-10-12 16:19:01,447] Trial 974 finished with value: 0.5940387855382194 and parameters: {'w0': 0.404, 'w1': 0.932, 'w2': 0.307, 'w3': 0.794, 'w4': 0.77, 'w5': 0.163, 'w6': 0.984, 'w7': 0.305, 'w8': 0.8300000000000001, 'max_depth': 9, 'min_child_weight': 16, 'subsample': 0.8, 'colsample_bytree': 0.8, 'gamma': 2.4000000000000004}. Best is trial 848 with value: 0.6005661897687894.
[I 2023-10-12 16:19:10,244] Trial 973 finished with value: 0.5567701136195568 and parameters: {'w0': 0.397, 'w1': 0.932, 'w2': 0.332, 'w3': 0.6960000000000001, 'w4': 0.766, 'w5': 0.165, 'w6': 0.986, 'w7': 0.862, 'w8': 0.8160000000000001, 'max_depth': 9, 'min_child_weight': 2, 'subsample': 0.8, 'colsample_bytree': 0.8, 'gamma': 2.4000000000000004}. Best is trial 848 with value: 0.6005661897687894.
[I 2023-10-12 16:19:12,544] Trial 977 finished with value: 0.5865311043709334 and parameters: {'w0': 0.399, 'w1': 0.33, 'w2': 0.333, 'w3': 0.799, 'w4': 0.775, 'w5': 0.164, 'w6': 0.983, 'w7': 0.28600000000000003, 'w8': 0.8240000000000001, 'max_depth': 9, 'min_child_weight': 2, 'subsample': 0.8, 'colsample_bytree': 0.8, 'gamma': 2.2}. Best is trial 848 with value: 0.6005661897687894.
[I 2023-10-12 16:19:13,231] Trial 976 finished with value: 0.5920149652537114 and parameters: {'w0': 0.4, 'w1': 0.895, 'w2': 0.331, 'w3': 0.797, 'w4': 0.467, 'w5': 0.157, 'w6': 0.985, 'w7': 0.3, 'w8': 0.8230000000000001, 'max_depth': 9, 'min_child_weight': 2, 'subsample': 0.8, 'colsample_bytree': 0.8, 'gamma': 2.4000000000000004}. Best is trial 848 with value: 0.6005661897687894.
[I 2023-10-12 16:20:52,686] Trial 980 finished with value: 0.5925444716904701 and parameters: {'w0': 0.356, 'w1': 0.888, 'w2': 0.303, 'w3': 0.784, 'w4': 0.767, 'w5': 0.163, 'w6': 0.999, 'w7': 0.234, 'w8': 0.484, 'max_depth': 9, 'min_child_weight': 2, 'subsample': 0.8, 'colsample_bytree': 0.8, 'gamma': 2.2}. Best is trial 848 with value: 0.6005661897687894.
[I 2023-10-12 16:22:01,598] Trial 979 finished with value: 0.5868340154751579 and parameters: {'w0': 0.406, 'w1': 0.893, 'w2': 0.318, 'w3': 0.798, 'w4': 0.762, 'w5': 0.163, 'w6': 0.986, 'w7': 0.243, 'w8': 0.709, 'max_depth': 9, 'min_child_weight': 20, 'subsample': 0.8, 'colsample_bytree': 0.8, 'gamma': 2.2}. Best is trial 848 with value: 0.6005661897687894.
[I 2023-10-12 16:24:05,883] Trial 981 finished with value: 0.5941842817680152 and parameters: {'w0': 0.406, 'w1': 0.89, 'w2': 0.301, 'w3': 0.793, 'w4': 0.769, 'w5': 0.163, 'w6': 0.982, 'w7': 0.28900000000000003, 'w8': 0.8170000000000001, 'max_depth': 9, 'min_child_weight': 2, 'subsample': 0.8, 'colsample_bytree': 0.8, 'gamma': 2.4000000000000004}. Best is trial 848 with value: 0.6005661897687894.
[I 2023-10-12 16:25:02,332] Trial 984 finished with value: 0.5710757772537816 and parameters: {'w0': 0.405, 'w1': 0.894, 'w2': 0.3, 'w3': 0.79, 'w4': 0.644, 'w5': 0.162, 'w6': 1.0, 'w7': 0.23500000000000001, 'w8': 0.6970000000000001, 'max_depth': 3, 'min_child_weight': 2, 'subsample': 0.8, 'colsample_bytree': 0.8, 'gamma': 4.6000000000000005}. Best is trial 848 with value: 0.6005661897687894.
[I 2023-10-12 16:25:21,866] Trial 982 finished with value: 0.5899364559836939 and parameters: {'w0': 0.34500000000000003, 'w1': 0.895, 'w2': 0.302, 'w3': 0.794, 'w4': 0.47900000000000004, 'w5': 0.151, 'w6': 0.999, 'w7': 0.23600000000000002, 'w8': 0.493, 'max_depth': 9, 'min_child_weight': 2, 'subsample': 0.8, 'colsample_bytree': 0.8, 'gamma': 2.2}. Best is trial 848 with value: 0.6005661897687894.
[I 2023-10-12 16:25:28,606] Trial 983 finished with value: 0.574218931844188 and parameters: {'w0': 0.19, 'w1': 0.89, 'w2': 0.309, 'w3': 0.796, 'w4': 0.779, 'w5': 0.16, 'w6': 0.40800000000000003, 'w7': 0.23600000000000002, 'w8': 0.707, 'max_depth': 3, 'min_child_weight': 2, 'subsample': 0.8, 'colsample_bytree': 0.8, 'gamma': 2.2}. Best is trial 848 with value: 0.6005661897687894.
[I 2023-10-12 16:28:18,159] Trial 985 finished with value: 0.5656316098169513 and parameters: {'w0': 0.34600000000000003, 'w1': 0.894, 'w2': 0.304, 'w3': 0.778, 'w4': 0.771, 'w5': 0.227, 'w6': 0.10300000000000001, 'w7': 0.23900000000000002, 'w8': 0.6950000000000001, 'max_depth': 7, 'min_child_weight': 2, 'subsample': 0.8, 'colsample_bytree': 0.8, 'gamma': 2.2}. Best is trial 848 with value: 0.6005661897687894.
[I 2023-10-12 16:28:36,844] Trial 986 finished with value: 0.5850920736386852 and parameters: {'w0': 0.402, 'w1': 0.895, 'w2': 0.28500000000000003, 'w3': 0.794, 'w4': 0.771, 'w5': 0.226, 'w6': 0.937, 'w7': 0.233, 'w8': 0.776, 'max_depth': 3, 'min_child_weight': 2, 'subsample': 0.8, 'colsample_bytree': 0.8, 'gamma': 2.2}. Best is trial 848 with value: 0.6005661897687894.
[I 2023-10-12 16:29:27,339] Trial 988 finished with value: 0.5915573969867796 and parameters: {'w0': 0.422, 'w1': 0.89, 'w2': 0.295, 'w3': 0.792, 'w4': 0.714, 'w5': 0.234, 'w6': 0.9410000000000001, 'w7': 0.242, 'w8': 0.714, 'max_depth': 7, 'min_child_weight': 2, 'subsample': 0.8, 'colsample_bytree': 0.8, 'gamma': 2.2}. Best is trial 848 with value: 0.6005661897687894.
[I 2023-10-12 16:29:56,826] Trial 987 finished with value: 0.5937918474884557 and parameters: {'w0': 0.404, 'w1': 0.894, 'w2': 0.3, 'w3': 0.755, 'w4': 0.639, 'w5': 0.226, 'w6': 0.934, 'w7': 0.281, 'w8': 0.709, 'max_depth': 7, 'min_child_weight': 12, 'subsample': 0.8, 'colsample_bytree': 0.8, 'gamma': 2.2}. Best is trial 848 with value: 0.6005661897687894.
[I 2023-10-12 16:30:07,220] Trial 989 finished with value: 0.591426420200691 and parameters: {'w0': 0.41200000000000003, 'w1': 0.894, 'w2': 0.3, 'w3': 0.793, 'w4': 0.707, 'w5': 0.224, 'w6': 0.9420000000000001, 'w7': 0.229, 'w8': 0.776, 'max_depth': 7, 'min_child_weight': 2, 'subsample': 0.8, 'colsample_bytree': 0.8, 'gamma': 2.2}. Best is trial 848 with value: 0.6005661897687894.
[I 2023-10-12 16:30:17,930] Trial 992 finished with value: 0.580560279184547 and parameters: {'w0': 0.353, 'w1': 0.894, 'w2': 0.267, 'w3': 0.673, 'w4': 0.706, 'w5': 0.227, 'w6': 0.404, 'w7': 0.229, 'w8': 0.6970000000000001, 'max_depth': 3, 'min_child_weight': 2, 'subsample': 0.8, 'colsample_bytree': 0.8, 'gamma': 2.2}. Best is trial 848 with value: 0.6005661897687894.
